nohup: 忽略输入
Env:sumo, Algorithm:TD3, Device:cuda
-----------------------------------------
models/reward_s5e-3_a4e-2_t(-1_0.1).pth
-----------------------------------------
 Retrying in 1 seconds
Warning: Unused states in tlLogic 'J10', program '0' in phase 0 after tl-index 10
Simulation......
总奖励:-5926.770282669275, 速度奖励:-517.0319399900189, 加速度奖励:-711.2383426792711, 交通灯奖励:-4698.500000000047, 与前车进行交互的惩罚:0.0
Episode:1/100, Reward:-5926.770282669275
Episode:1/100, avg speed:14.437917980568516
Episode:1/100, avg halt num:0.3433744722312439
Episode:1/100, avg elec cons:1.762902998089894
 Retrying in 1 seconds
Warning: Unused states in tlLogic 'J10', program '0' in phase 0 after tl-index 10
Simulation......
总奖励:-6967.829383610205, 速度奖励:-658.0961513599757, 加速度奖励:-681.333232250229, 交通灯奖励:-5628.39999999931, 与前车进行交互的惩罚:0.0
Episode:2/100, Reward:-6967.829383610205
Episode:2/100, avg speed:14.017458994774065
Episode:2/100, avg halt num:0.4596020761245675
Episode:2/100, avg elec cons:1.8991220424325361
 Retrying in 1 seconds
Warning: Unused states in tlLogic 'J10', program '0' in phase 0 after tl-index 10
Simulation......
总奖励:-5099.211649432483, 速度奖励:-349.3073546400014, 加速度奖励:-890.0042947923849, 交通灯奖励:-3859.9000000004557, 与前车进行交互的惩罚:0.0
Episode:3/100, Reward:-5099.211649432483
Episode:3/100, avg speed:15.173574871553395
Episode:3/100, avg halt num:0.26774035317200784
Episode:3/100, avg elec cons:2.0020290747299567
 Retrying in 1 seconds
Warning: Unused states in tlLogic 'J10', program '0' in phase 0 after tl-index 10
Simulation......
总奖励:-1656.402686235245, 速度奖励:-261.4710583699952, 加速度奖励:-599.4316278652096, 交通灯奖励:-795.499999999875, 与前车进行交互的惩罚:0.0
Episode:4/100, Reward:-1656.402686235245
Episode:4/100, avg speed:14.312376299561658
Episode:4/100, avg halt num:0.10902327355971003
Episode:4/100, avg elec cons:2.4160474463937804
 Retrying in 1 seconds
Warning: Unused states in tlLogic 'J10', program '0' in phase 0 after tl-index 10
Simulation......
总奖励:-1477.3648455617683, 速度奖励:-332.08886430500024, 加速度奖励:-693.8759812567431, 交通灯奖励:-451.39999999987145, 与前车进行交互的惩罚:0.0
Episode:5/100, Reward:-1477.3648455617683
Episode:5/100, avg speed:13.68014681572329
Episode:5/100, avg halt num:0.09360189573459715
Episode:5/100, avg elec cons:1.903003797919853
 Retrying in 1 seconds
Warning: Unused states in tlLogic 'J10', program '0' in phase 0 after tl-index 10
Simulation......
总奖励:-4450.277084869352, 速度奖励:-810.0943118399725, 加速度奖励:-1347.382773029301, 交通灯奖励:-2292.8000000005773, 与前车进行交互的惩罚:0.0
Episode:6/100, Reward:-4450.277084869352
Episode:6/100, avg speed:10.54151259224088
Episode:6/100, avg halt num:0.23476125973586184
Episode:6/100, avg elec cons:0.8000358211522818
 Retrying in 1 seconds
Warning: Unused states in tlLogic 'J10', program '0' in phase 0 after tl-index 10
Simulation......
总奖励:-3182.953864243179, 速度奖励:-633.8619022850057, 加速度奖励:-1723.8919619581475, 交通灯奖励:-825.1999999997636, 与前车进行交互的惩罚:0.0
Episode:7/100, Reward:-3182.953864243179
Episode:7/100, avg speed:11.846011469443464
Episode:7/100, avg halt num:0.11210686506594522
Episode:7/100, avg elec cons:1.6166436895389424
 Retrying in 1 seconds
Warning: Unused states in tlLogic 'J10', program '0' in phase 0 after tl-index 10
Simulation......
总奖励:-2078.07996870097, 速度奖励:-463.43796635500564, 加速度奖励:-880.0420023459081, 交通灯奖励:-734.5999999998129, 与前车进行交互的惩罚:0.0
Episode:8/100, Reward:-2078.07996870097
Episode:8/100, avg speed:13.244371581388837
Episode:8/100, avg halt num:0.09843313682904127
Episode:8/100, avg elec cons:1.328498156580399
 Retrying in 1 seconds
Warning: Unused states in tlLogic 'J10', program '0' in phase 0 after tl-index 10
Simulation......
总奖励:-1299.3866033840716, 速度奖励:-423.96110712500433, 加速度奖励:-693.3254962590522, 交通灯奖励:-182.10000000003038, 与前车进行交互的惩罚:0.0
Episode:9/100, Reward:-1299.3866033840716
Episode:9/100, avg speed:13.472642296240391
Episode:9/100, avg halt num:0.048178331735378714
Episode:9/100, avg elec cons:1.6558568003431935
 Retrying in 1 seconds
Warning: Unused states in tlLogic 'J10', program '0' in phase 0 after tl-index 10
Simulation......
总奖励:-1201.0047008802617, 速度奖励:-428.2157516650034, 加速度奖励:-656.3889492152473, 交通灯奖励:-116.40000000005588, 与前车进行交互的惩罚:0.0
Episode:10/100, Reward:-1201.0047008802617
Episode:10/100, avg speed:13.079131671469456
Episode:10/100, avg halt num:0.04534356470177886
Episode:10/100, avg elec cons:1.6206560025498407
 Retrying in 1 seconds
Warning: Unused states in tlLogic 'J10', program '0' in phase 0 after tl-index 10
Simulation......
总奖励:-940.6026489614954, 速度奖励:-400.7475158150034, 加速度奖励:-673.0551331465032, 交通灯奖励:133.19999999999342, 与前车进行交互的惩罚:0.0
Episode:11/100, Reward:-940.6026489614954
Episode:11/100, avg speed:14.017864809056048
Episode:11/100, avg halt num:0.026437541308658295
Episode:11/100, avg elec cons:1.875965008763163
 Retrying in 1 seconds
Warning: Unused states in tlLogic 'J10', program '0' in phase 0 after tl-index 10
Simulation......
总奖励:-1214.197136665999, 速度奖励:-422.68693922000205, 加速度奖励:-750.8101974459842, 交通灯奖励:-40.700000000025234, 与前车进行交互的惩罚:0.0
Episode:12/100, Reward:-1214.197136665999
Episode:12/100, avg speed:13.550841031341063
Episode:12/100, avg halt num:0.03405625211792613
Episode:12/100, avg elec cons:1.733376169777437
 Retrying in 1 seconds
Warning: Unused states in tlLogic 'J10', program '0' in phase 0 after tl-index 10
Simulation......
总奖励:-949.738743139154, 速度奖励:-360.83332782000167, 加速度奖励:-660.105415319165, 交通灯奖励:71.19999999997138, 与前车进行交互的惩罚:0.0
Episode:13/100, Reward:-949.738743139154
Episode:13/100, avg speed:13.73406396767687
Episode:13/100, avg halt num:0.0010869565217391304
Episode:13/100, avg elec cons:1.4587018141295782
 Retrying in 1 seconds
Warning: Unused states in tlLogic 'J10', program '0' in phase 0 after tl-index 10
Simulation......
总奖励:-754.4161910971933, 速度奖励:-353.6665384500034, 加速度奖励:-656.2496526472075, 交通灯奖励:255.49999999997019, 与前车进行交互的惩罚:0.0
Episode:14/100, Reward:-754.4161910971933
Episode:14/100, avg speed:13.63957584538528
Episode:14/100, avg halt num:0.0065049226441631506
Episode:14/100, avg elec cons:2.2312628923480187
 Retrying in 1 seconds
Warning: Unused states in tlLogic 'J10', program '0' in phase 0 after tl-index 10
Simulation......
总奖励:-1248.8648620084166, 速度奖励:-410.0939642950008, 加速度奖励:-721.9708977133853, 交通灯奖励:-116.8000000000317, 与前车进行交互的惩罚:0.0
Episode:15/100, Reward:-1248.8648620084166
Episode:15/100, avg speed:13.690917176440253
Episode:15/100, avg halt num:0.04760147601476015
Episode:15/100, avg elec cons:2.296448367545438
 Retrying in 1 seconds
Warning: Unused states in tlLogic 'J10', program '0' in phase 0 after tl-index 10
Simulation......
总奖励:-1201.980202975063, 速度奖励:-413.4674062050015, 加速度奖励:-782.3127967700382, 交通灯奖励:-6.199999999993411, 与前车进行交互的惩罚:0.0
Episode:16/100, Reward:-1201.980202975063
Episode:16/100, avg speed:13.00333120616939
Episode:16/100, avg halt num:0.017182779456193353
Episode:16/100, avg elec cons:2.4406266997404016
 Retrying in 1 seconds
Warning: Unused states in tlLogic 'J10', program '0' in phase 0 after tl-index 10
Simulation......
总奖励:-1090.8815095761965, 速度奖励:-366.5130478300007, 加速度奖励:-749.0684617461895, 交通灯奖励:24.699999999988634, 与前车进行交互的惩罚:0.0
Episode:17/100, Reward:-1090.8815095761965
Episode:17/100, avg speed:13.933685075094969
Episode:17/100, avg halt num:0.027653342522398348
Episode:17/100, avg elec cons:2.393279296530541
 Retrying in 1 seconds
Warning: Unused states in tlLogic 'J10', program '0' in phase 0 after tl-index 10
Simulation......
总奖励:-1152.6266381192725, 速度奖励:-337.92944702500074, 加速度奖励:-756.1971910942495, 交通灯奖励:-58.500000000026695, 与前车进行交互的惩罚:0.0
Episode:18/100, Reward:-1152.6266381192725
Episode:18/100, avg speed:13.087293098630813
Episode:18/100, avg halt num:0.041112454655380895
Episode:18/100, avg elec cons:2.7557712748502783
 Retrying in 1 seconds
Warning: Unused states in tlLogic 'J10', program '0' in phase 0 after tl-index 10
Simulation......
总奖励:-1491.168643594282, 速度奖励:-427.84710654500543, 加速度奖励:-895.721537049258, 交通灯奖励:-167.6000000000424, 与前车进行交互的惩罚:0.0
Episode:19/100, Reward:-1491.168643594282
Episode:19/100, avg speed:13.112420962457337
Episode:19/100, avg halt num:0.05618539513171057
Episode:19/100, avg elec cons:1.7610806884373884
 Retrying in 1 seconds
Warning: Unused states in tlLogic 'J10', program '0' in phase 0 after tl-index 10
Simulation......
总奖励:-3331.9606406209623, 速度奖励:-890.354956084971, 加速度奖励:-1238.0056845358395, 交通灯奖励:-1203.6000000000654, 与前车进行交互的惩罚:0.0
Episode:20/100, Reward:-3331.9606406209623
Episode:20/100, avg speed:10.152084485588139
Episode:20/100, avg halt num:0.23213156230234028
Episode:20/100, avg elec cons:0.6018308652861589
 Retrying in 1 seconds
Warning: Unused states in tlLogic 'J10', program '0' in phase 0 after tl-index 10
Simulation......
总奖励:-4181.389659689758, 速度奖励:-951.781403734953, 加速度奖励:-1331.4082559546487, 交通灯奖励:-1898.2000000000057, 与前车进行交互的惩罚:0.0
Episode:21/100, Reward:-4181.389659689758
Episode:21/100, avg speed:8.966981741606386
Episode:21/100, avg halt num:0.28738236319275007
Episode:21/100, avg elec cons:0.626091928695433
 Retrying in 1 seconds
Warning: Unused states in tlLogic 'J10', program '0' in phase 0 after tl-index 10
Simulation......
总奖励:-7212.442121616647, 速度奖励:-1285.9850822999151, 加速度奖励:-1735.9570393163704, 交通灯奖励:-4190.500000001246, 与前车进行交互的惩罚:0.0
Episode:22/100, Reward:-7212.442121616647
Episode:22/100, avg speed:8.756002423475561
Episode:22/100, avg halt num:0.48044692737430167
Episode:22/100, avg elec cons:0.6450616641207844
 Retrying in 1 seconds
Warning: Unused states in tlLogic 'J10', program '0' in phase 0 after tl-index 10
Simulation......
总奖励:-3130.6931755648866, 速度奖励:-754.6553657999877, 加速度奖励:-1699.2378097648582, 交通灯奖励:-676.7999999999167, 与前车进行交互的惩罚:0.0
Episode:23/100, Reward:-3130.6931755648866
Episode:23/100, avg speed:10.737669453022574
Episode:23/100, avg halt num:0.10307428214731586
Episode:23/100, avg elec cons:0.7607165581788733
 Retrying in 1 seconds
Warning: Unused states in tlLogic 'J10', program '0' in phase 0 after tl-index 10
Simulation......
总奖励:-3709.4767276803977, 速度奖励:-709.8126139249962, 加速度奖励:-1525.7641137553562, 交通灯奖励:-1473.9000000006458, 与前车进行交互的惩罚:0.0
Episode:24/100, Reward:-3709.4767276803977
Episode:24/100, avg speed:11.46293924905134
Episode:24/100, avg halt num:0.10142405063291139
Episode:24/100, avg elec cons:1.1772924240476377
 Retrying in 1 seconds
Warning: Unused states in tlLogic 'J10', program '0' in phase 0 after tl-index 10
Simulation......
总奖励:-1729.8520877083713, 速度奖励:-360.55960254000325, 加速度奖励:-1077.192485168351, 交通灯奖励:-292.1000000000226, 与前车进行交互的惩罚:0.0
Episode:25/100, Reward:-1729.8520877083713
Episode:25/100, avg speed:13.862183596583064
Episode:25/100, avg halt num:0.033882203926535785
Episode:25/100, avg elec cons:1.6225907617178361
 Retrying in 1 seconds
Warning: Unused states in tlLogic 'J10', program '0' in phase 0 after tl-index 10
Simulation......
总奖励:-6206.359389792674, 速度奖励:-907.8199653499613, 加速度奖励:-1400.039424442565, 交通灯奖励:-3898.5000000009045, 与前车进行交互的惩罚:0.0
Episode:26/100, Reward:-6206.359389792674
Episode:26/100, avg speed:11.016968285948789
Episode:26/100, avg halt num:0.29645056139080045
Episode:26/100, avg elec cons:1.0444233936794625
 Retrying in 1 seconds
Warning: Unused states in tlLogic 'J10', program '0' in phase 0 after tl-index 10
Simulation......
总奖励:-5577.518756138766, 速度奖励:-892.1092570799614, 加速度奖励:-1627.4094990586334, 交通灯奖励:-3058.0000000005066, 与前车进行交互的惩罚:0.0
Episode:27/100, Reward:-5577.518756138766
Episode:27/100, avg speed:9.918543608908829
Episode:27/100, avg halt num:0.3054757343550447
Episode:27/100, avg elec cons:0.816419054951214
 Retrying in 1 seconds
Warning: Unused states in tlLogic 'J10', program '0' in phase 0 after tl-index 10
Simulation......
总奖励:-8594.276053353207, 速度奖励:-1376.9684338699105, 加速度奖励:-2225.507619483081, 交通灯奖励:-4991.799999999941, 与前车进行交互的惩罚:0.0
Episode:28/100, Reward:-8594.276053353207
Episode:28/100, avg speed:8.01019339925462
Episode:28/100, avg halt num:0.5274366085578447
Episode:28/100, avg elec cons:0.8454417448036384
 Retrying in 1 seconds
Warning: Unused states in tlLogic 'J10', program '0' in phase 0 after tl-index 10
Simulation......
总奖励:-4588.578364239761, 速度奖励:-573.632699659995, 加速度奖励:-1626.345664579717, 交通灯奖励:-2388.6000000006093, 与前车进行交互的惩罚:0.0
Episode:29/100, Reward:-4588.578364239761
Episode:29/100, avg speed:11.592173272016725
Episode:29/100, avg halt num:0.1638755980861244
Episode:29/100, avg elec cons:1.5217376948375234
 Retrying in 1 seconds
Warning: Unused states in tlLogic 'J10', program '0' in phase 0 after tl-index 10
Simulation......
总奖励:-9917.599606262374, 速度奖励:-1345.8036501849053, 加速度奖励:-2387.3959560778767, 交通灯奖励:-6184.399999998701, 与前车进行交互的惩罚:0.0
Episode:30/100, Reward:-9917.599606262374
Episode:30/100, avg speed:9.523295598023743
Episode:30/100, avg halt num:0.4482205835203591
Episode:30/100, avg elec cons:0.6966198723712398
 Retrying in 1 seconds
Warning: Unused states in tlLogic 'J10', program '0' in phase 0 after tl-index 10
Simulation......
总奖励:-7948.529425422821, 速度奖励:-1227.0710511899451, 加速度奖励:-2066.1583742326784, 交通灯奖励:-4655.299999999563, 与前车进行交互的惩罚:0.0
Episode:31/100, Reward:-7948.529425422821
Episode:31/100, avg speed:9.66260333902156
Episode:31/100, avg halt num:0.34189001044204664
Episode:31/100, avg elec cons:0.6070141809834274
 Retrying in 1 seconds
Warning: Unused states in tlLogic 'J10', program '0' in phase 0 after tl-index 10
Simulation......
总奖励:-4924.322443865288, 速度奖励:-1109.6684923899306, 加速度奖励:-1747.7539514751152, 交通灯奖励:-2066.9000000008014, 与前车进行交互的惩罚:0.0
Episode:32/100, Reward:-4924.322443865288
Episode:32/100, avg speed:9.513211364722665
Episode:32/100, avg halt num:0.4344015580736544
Episode:32/100, avg elec cons:0.7537233052156271
 Retrying in 1 seconds
Warning: Unused states in tlLogic 'J10', program '0' in phase 0 after tl-index 10
Simulation......
总奖励:-3870.0849284460924, 速度奖励:-968.3702663649352, 加速度奖励:-1516.7146620809292, 交通灯奖励:-1385.000000000156, 与前车进行交互的惩罚:0.0
Episode:33/100, Reward:-3870.0849284460924
Episode:33/100, avg speed:9.677798134543819
Episode:33/100, avg halt num:0.38644688644688646
Episode:33/100, avg elec cons:0.757343613615993
 Retrying in 1 seconds
Warning: Unused states in tlLogic 'J10', program '0' in phase 0 after tl-index 10
Simulation......
总奖励:-2870.796514250359, 速度奖励:-619.2586332799948, 加速度奖励:-1153.1378809703, 交通灯奖励:-1098.4000000000678, 与前车进行交互的惩罚:0.0
Episode:34/100, Reward:-2870.796514250359
Episode:34/100, avg speed:11.797289885411148
Episode:34/100, avg halt num:0.14810996563573883
Episode:34/100, avg elec cons:0.9117139373684037
 Retrying in 1 seconds
Warning: Unused states in tlLogic 'J10', program '0' in phase 0 after tl-index 10
Simulation......
总奖励:-1381.2547454000828, 速度奖励:-339.67347410000167, 加速度奖励:-918.0812713000577, 交通灯奖励:-123.50000000004576, 与前车进行交互的惩罚:0.0
Episode:35/100, Reward:-1381.2547454000828
Episode:35/100, avg speed:13.725002788164877
Episode:35/100, avg halt num:0.06824844265298644
Episode:35/100, avg elec cons:1.3760004269299055
 Retrying in 1 seconds
Warning: Unused states in tlLogic 'J10', program '0' in phase 0 after tl-index 10
Simulation......
总奖励:-1266.2724248071972, 速度奖励:-362.28863709500337, 加速度奖励:-1027.1837877121877, 交通灯奖励:123.19999999999041, 与前车进行交互的惩罚:0.0
Episode:36/100, Reward:-1266.2724248071972
Episode:36/100, avg speed:13.221404996125953
Episode:36/100, avg halt num:0.0362698986975398
Episode:36/100, avg elec cons:1.3172511734574497
 Retrying in 1 seconds
Warning: Unused states in tlLogic 'J10', program '0' in phase 0 after tl-index 10
Simulation......
总奖励:-1443.8498996307248, 速度奖励:-365.81380336500195, 加速度奖励:-1087.0360962657173, 交通灯奖励:8.999999999991626, 与前车进行交互的惩罚:0.0
Episode:37/100, Reward:-1443.8498996307248
Episode:37/100, avg speed:12.505118534358907
Episode:37/100, avg halt num:0.01862785016286645
Episode:37/100, avg elec cons:1.4026744919408787
 Retrying in 1 seconds
Warning: Unused states in tlLogic 'J10', program '0' in phase 0 after tl-index 10
Simulation......
总奖励:-1426.804871802481, 速度奖励:-337.5105285150014, 加速度奖励:-1124.4943432874823, 交通灯奖励:35.20000000000729, 与前车进行交互的惩罚:0.0
Episode:38/100, Reward:-1426.804871802481
Episode:38/100, avg speed:13.347080192766875
Episode:38/100, avg halt num:0.006594036697247707
Episode:38/100, avg elec cons:1.4235085590129801
 Retrying in 1 seconds
Warning: Unused states in tlLogic 'J10', program '0' in phase 0 after tl-index 10
Simulation......
总奖励:-1776.6295773295471, 速度奖励:-366.4563406050021, 加速度奖励:-1142.3732367245154, 交通灯奖励:-267.7999999999238, 与前车进行交互的惩罚:0.0
Episode:39/100, Reward:-1776.6295773295471
Episode:39/100, avg speed:13.409393251537207
Episode:39/100, avg halt num:0.06649026971662683
Episode:39/100, avg elec cons:1.3935341181060072
 Retrying in 1 seconds
Warning: Unused states in tlLogic 'J10', program '0' in phase 0 after tl-index 10
Simulation......
总奖励:-1609.9271856645628, 速度奖励:-460.9678639100057, 加速度奖励:-1049.9593217545225, 交通灯奖励:-98.9999999999994, 与前车进行交互的惩罚:0.0
Episode:40/100, Reward:-1609.9271856645628
Episode:40/100, avg speed:12.389399122912016
Episode:40/100, avg halt num:0.09867515485203028
Episode:40/100, avg elec cons:0.9980197148407758
 Retrying in 1 seconds
Warning: Unused states in tlLogic 'J10', program '0' in phase 0 after tl-index 10
Simulation......
总奖励:-1338.4289103650267, 速度奖励:-460.68896309500286, 加速度奖励:-990.23994727001, 交通灯奖励:112.49999999999581, 与前车进行交互的惩罚:0.0
Episode:41/100, Reward:-1338.4289103650267
Episode:41/100, avg speed:12.55301908510826
Episode:41/100, avg halt num:0.04789800137835975
Episode:41/100, avg elec cons:0.9601998107561648
 Retrying in 1 seconds
Warning: Unused states in tlLogic 'J10', program '0' in phase 0 after tl-index 10
Simulation......
总奖励:-1541.3543798171343, 速度奖励:-455.7759556700047, 加速度奖励:-1177.6784241471187, 交通灯奖励:92.09999999999131, 与前车进行交互的惩罚:0.0
Episode:42/100, Reward:-1541.3543798171343
Episode:42/100, avg speed:12.46492442197376
Episode:42/100, avg halt num:0.045328142380422695
Episode:42/100, avg elec cons:1.0762676956061346
 Retrying in 1 seconds
Warning: Unused states in tlLogic 'J10', program '0' in phase 0 after tl-index 10
Simulation......
总奖励:-1247.8807002262818, 速度奖励:-345.8376673950014, 加速度奖励:-1093.543032831282, 交通灯奖励:191.49999999997237, 与前车进行交互的惩罚:0.0
Episode:43/100, Reward:-1247.8807002262818
Episode:43/100, avg speed:12.902061247942616
Episode:43/100, avg halt num:0.018190661478599223
Episode:43/100, avg elec cons:1.3155136212853502
 Retrying in 1 seconds
Warning: Unused states in tlLogic 'J10', program '0' in phase 0 after tl-index 10
Simulation......
总奖励:-1329.6714942231913, 速度奖励:-383.86926666500096, 加速度奖励:-1143.8022275581927, 交通灯奖励:197.99999999995424, 与前车进行交互的惩罚:0.0
Episode:44/100, Reward:-1329.6714942231913
Episode:44/100, avg speed:12.856741653051804
Episode:44/100, avg halt num:0.017074506939371806
Episode:44/100, avg elec cons:1.2746696337729164
 Retrying in 1 seconds
Warning: Unused states in tlLogic 'J10', program '0' in phase 0 after tl-index 10
Simulation......
总奖励:-1464.134123611301, 速度奖励:-506.0392896950054, 加速度奖励:-988.2948339162887, 交通灯奖励:30.19999999999665, 与前车进行交互的惩罚:0.0
Episode:45/100, Reward:-1464.134123611301
Episode:45/100, avg speed:11.63778423882426
Episode:45/100, avg halt num:0.04160261337432744
Episode:45/100, avg elec cons:1.1559053546848181
 Retrying in 1 seconds
Warning: Unused states in tlLogic 'J10', program '0' in phase 0 after tl-index 10
Simulation......
总奖励:-1424.8878654654063, 速度奖励:-458.36364835500495, 加速度奖励:-701.9242171103729, 交通灯奖励:-264.599999999985, 与前车进行交互的惩罚:0.0
Episode:46/100, Reward:-1424.8878654654063
Episode:46/100, avg speed:13.229546799399579
Episode:46/100, avg halt num:0.06193329015544041
Episode:46/100, avg elec cons:1.0689901373411312
 Retrying in 1 seconds
Warning: Unused states in tlLogic 'J10', program '0' in phase 0 after tl-index 10
Simulation......
总奖励:-1584.4576892357823, 速度奖励:-568.9143107649999, 加速度奖励:-781.8433784707593, 交通灯奖励:-233.70000000003438, 与前车进行交互的惩罚:0.0
Episode:47/100, Reward:-1584.4576892357823
Episode:47/100, avg speed:11.582505869511145
Episode:47/100, avg halt num:0.10089352196574833
Episode:47/100, avg elec cons:0.8775485383383866
 Retrying in 1 seconds
Warning: Unused states in tlLogic 'J10', program '0' in phase 0 after tl-index 10
Simulation......
总奖励:-1481.201150141742, 速度奖励:-601.2430128250046, 加速度奖励:-845.7581373167031, 交通灯奖励:-34.199999999996145, 与前车进行交互的惩罚:0.0
Episode:48/100, Reward:-1481.201150141742
Episode:48/100, avg speed:11.200064022829043
Episode:48/100, avg halt num:0.09821428571428571
Episode:48/100, avg elec cons:0.92215925906507
 Retrying in 1 seconds
Warning: Unused states in tlLogic 'J10', program '0' in phase 0 after tl-index 10
Simulation......
总奖励:-1367.0534419135483, 速度奖励:-549.2356219399982, 加速度奖励:-810.4178199735397, 交通灯奖励:-7.3999999999922235, 与前车进行交互的惩罚:0.0
Episode:49/100, Reward:-1367.0534419135483
Episode:49/100, avg speed:12.271299006240262
Episode:49/100, avg halt num:0.04951617780465679
Episode:49/100, avg elec cons:0.7333629828869352
 Retrying in 1 seconds
Warning: Unused states in tlLogic 'J10', program '0' in phase 0 after tl-index 10
Simulation......
总奖励:-1538.9583840963198, 速度奖励:-530.8970007250075, 加速度奖励:-815.3613833712928, 交通灯奖励:-192.70000000000633, 与前车进行交互的惩罚:0.0
Episode:50/100, Reward:-1538.9583840963198
Episode:50/100, avg speed:12.057556554940033
Episode:50/100, avg halt num:0.06201550387596899
Episode:50/100, avg elec cons:0.9232497554561659
 Retrying in 1 seconds
Warning: Unused states in tlLogic 'J10', program '0' in phase 0 after tl-index 10
Simulation......
总奖励:-2603.3963121085812, 速度奖励:-633.5210468499951, 加速度奖励:-1037.4752652585032, 交通灯奖励:-932.3999999998683, 与前车进行交互的惩罚:0.0
Episode:51/100, Reward:-2603.3963121085812
Episode:51/100, avg speed:12.054151784704455
Episode:51/100, avg halt num:0.15256410256410258
Episode:51/100, avg elec cons:0.7895538285435304
 Retrying in 1 seconds
Warning: Unused states in tlLogic 'J10', program '0' in phase 0 after tl-index 10
Simulation......
总奖励:-2140.6969424265444, 速度奖励:-666.5473016700032, 加速度奖励:-1156.949640756475, 交通灯奖励:-317.19999999983753, 与前车进行交互的惩罚:0.0
Episode:52/100, Reward:-2140.6969424265444
Episode:52/100, avg speed:11.409812590251224
Episode:52/100, avg halt num:0.17798719772403984
Episode:52/100, avg elec cons:0.7731923047096853
 Retrying in 1 seconds
Warning: Unused states in tlLogic 'J10', program '0' in phase 0 after tl-index 10
Simulation......
总奖励:-1503.8967304028008, 速度奖励:-497.1152868850053, 加速度奖励:-825.081443517779, 交通灯奖励:-181.70000000001633, 与前车进行交互的惩罚:0.0
Episode:53/100, Reward:-1503.8967304028008
Episode:53/100, avg speed:12.182057736241882
Episode:53/100, avg halt num:0.06218697829716194
Episode:53/100, avg elec cons:1.0198194569968915
 Retrying in 1 seconds
Warning: Unused states in tlLogic 'J10', program '0' in phase 0 after tl-index 10
Simulation......
总奖励:-1381.631073486367, 速度奖励:-420.1429158000022, 加速度奖励:-681.2881576863516, 交通灯奖励:-280.1999999999436, 与前车进行交互的惩罚:0.0
Episode:54/100, Reward:-1381.631073486367
Episode:54/100, avg speed:12.962685689870435
Episode:54/100, avg halt num:0.03971717877094972
Episode:54/100, avg elec cons:1.2482942169975522
 Retrying in 1 seconds
Warning: Unused states in tlLogic 'J10', program '0' in phase 0 after tl-index 10
Simulation......
总奖励:-787.3634844818203, 速度奖励:-390.2009997650035, 加速度奖励:-598.362484716825, 交通灯奖励:201.19999999997202, 与前车进行交互的惩罚:0.0
Episode:55/100, Reward:-787.3634844818203
Episode:55/100, avg speed:12.683679708021984
Episode:55/100, avg halt num:0.03636363636363636
Episode:55/100, avg elec cons:1.2251003270397198
 Retrying in 1 seconds
Warning: Unused states in tlLogic 'J10', program '0' in phase 0 after tl-index 10
Simulation......
总奖励:-1482.7849239779805, 速度奖励:-562.6793672550059, 加速度奖励:-841.5055567229386, 交通灯奖励:-78.60000000004231, 与前车进行交互的惩罚:0.0
Episode:56/100, Reward:-1482.7849239779805
Episode:56/100, avg speed:11.768580875396244
Episode:56/100, avg halt num:0.09860275910859569
Episode:56/100, avg elec cons:0.8790865302829528
 Retrying in 1 seconds
Warning: Unused states in tlLogic 'J10', program '0' in phase 0 after tl-index 10
Simulation......
总奖励:-1268.6795627929434, 速度奖励:-585.5976421150059, 加速度奖励:-826.9819206779168, 交通灯奖励:143.89999999996883, 与前车进行交互的惩罚:0.0
Episode:57/100, Reward:-1268.6795627929434
Episode:57/100, avg speed:11.004884144325787
Episode:57/100, avg halt num:0.11020531400966184
Episode:57/100, avg elec cons:0.9259590583323581
 Retrying in 1 seconds
Warning: Unused states in tlLogic 'J10', program '0' in phase 0 after tl-index 10
Simulation......
总奖励:-1298.4948929660832, 速度奖励:-705.3453576349914, 加速度奖励:-662.2495353310233, 交通灯奖励:69.10000000000632, 与前车进行交互的惩罚:0.0
Episode:58/100, Reward:-1298.4948929660832
Episode:58/100, avg speed:10.590276003604778
Episode:58/100, avg halt num:0.19830246913580246
Episode:58/100, avg elec cons:0.761984980957401
 Retrying in 1 seconds
Warning: Unused states in tlLogic 'J10', program '0' in phase 0 after tl-index 10
Simulation......
总奖励:-1809.4689097689507, 速度奖励:-741.9458107700013, 加速度奖励:-718.6230989989053, 交通灯奖励:-348.89999999986236, 与前车进行交互的惩罚:0.0
Episode:59/100, Reward:-1809.4689097689507
Episode:59/100, avg speed:11.010333253423983
Episode:59/100, avg halt num:0.1770449521002211
Episode:59/100, avg elec cons:0.6873082182434552
 Retrying in 1 seconds
Warning: Unused states in tlLogic 'J10', program '0' in phase 0 after tl-index 10
Simulation......
总奖励:-772.6551982609974, 速度奖励:-485.04987563500606, 加速度奖励:-575.1053226259997, 交通灯奖励:287.4999999999551, 与前车进行交互的惩罚:0.0
Episode:60/100, Reward:-772.6551982609974
Episode:60/100, avg speed:12.49562494233839
Episode:60/100, avg halt num:0.04088558500323206
Episode:60/100, avg elec cons:0.8257142444136897
 Retrying in 1 seconds
Warning: Unused states in tlLogic 'J10', program '0' in phase 0 after tl-index 10
Simulation......
总奖励:-1041.2355688766768, 速度奖励:-524.1414112400053, 加速度奖励:-551.3941576366676, 交通灯奖励:34.299999999999365, 与前车进行交互的惩罚:0.0
Episode:61/100, Reward:-1041.2355688766768
Episode:61/100, avg speed:11.505032407973397
Episode:61/100, avg halt num:0.05993415956622773
Episode:61/100, avg elec cons:0.8291810130999576
 Retrying in 1 seconds
Warning: Unused states in tlLogic 'J10', program '0' in phase 0 after tl-index 10
Simulation......
总奖励:-756.1755734006653, 速度奖励:-443.46135259500375, 加速度奖励:-496.1142208056685, 交通灯奖励:183.39999999995004, 与前车进行交互的惩罚:0.0
Episode:62/100, Reward:-756.1755734006653
Episode:62/100, avg speed:12.794290926680949
Episode:62/100, avg halt num:0.006987577639751553
Episode:62/100, avg elec cons:0.9802649597129725
 Retrying in 1 seconds
Warning: Unused states in tlLogic 'J10', program '0' in phase 0 after tl-index 10
Simulation......
总奖励:-718.3089467925953, 速度奖励:-440.61890395000376, 加速度奖励:-441.79004284259423, 交通灯奖励:164.0999999999463, 与前车进行交互的惩罚:0.0
Episode:63/100, Reward:-718.3089467925953
Episode:63/100, avg speed:13.161793854491664
Episode:63/100, avg halt num:0.04546952224052718
Episode:63/100, avg elec cons:0.9944128646657462
 Retrying in 1 seconds
Warning: Unused states in tlLogic 'J10', program '0' in phase 0 after tl-index 10
Simulation......
总奖励:-896.0753018321323, 速度奖励:-396.4678241000039, 加速度奖励:-583.2074777321302, 交通灯奖励:83.59999999999606, 与前车进行交互的惩罚:0.0
Episode:64/100, Reward:-896.0753018321323
Episode:64/100, avg speed:13.089687496457657
Episode:64/100, avg halt num:0.0502219755826859
Episode:64/100, avg elec cons:1.2341983116719455
 Retrying in 1 seconds
Warning: Unused states in tlLogic 'J10', program '0' in phase 0 after tl-index 10
Simulation......
总奖励:-743.155625617425, 速度奖励:-372.58856004499955, 加速度奖励:-527.3670655724263, 交通灯奖励:156.7999999999645, 与前车进行交互的惩罚:0.0
Episode:65/100, Reward:-743.155625617425
Episode:65/100, avg speed:13.33404399296231
Episode:65/100, avg halt num:0.043501611170784105
Episode:65/100, avg elec cons:1.1992302079907213
 Retrying in 1 seconds
Warning: Unused states in tlLogic 'J10', program '0' in phase 0 after tl-index 10
Simulation......
总奖励:-759.7249752493977, 速度奖励:-424.3683005850015, 加速度奖励:-590.3566746643971, 交通灯奖励:254.9999999999613, 与前车进行交互的惩罚:0.0
Episode:66/100, Reward:-759.7249752493977
Episode:66/100, avg speed:13.579469329655286
Episode:66/100, avg halt num:0.014894951395421763
Episode:66/100, avg elec cons:0.7835262038379478
 Retrying in 1 seconds
Warning: Unused states in tlLogic 'J10', program '0' in phase 0 after tl-index 10
Simulation......
总奖励:-887.9785127459642, 速度奖励:-490.31630224500617, 加速度奖励:-635.1622105009383, 交通灯奖励:237.49999999994824, 与前车进行交互的惩罚:0.0
Episode:67/100, Reward:-887.9785127459642
Episode:67/100, avg speed:12.936895452328619
Episode:67/100, avg halt num:0.094166395840104
Episode:67/100, avg elec cons:0.7294940289142887
 Retrying in 1 seconds
Warning: Unused states in tlLogic 'J10', program '0' in phase 0 after tl-index 10
Simulation......
总奖励:-973.1676009761399, 速度奖励:-487.2048458500069, 加速度奖励:-589.8627551261293, 交通灯奖励:103.8999999999698, 与前车进行交互的惩罚:0.0
Episode:68/100, Reward:-973.1676009761399
Episode:68/100, avg speed:12.870257783279609
Episode:68/100, avg halt num:0.058421226104152936
Episode:68/100, avg elec cons:0.8951659716112144
 Retrying in 1 seconds
Warning: Unused states in tlLogic 'J10', program '0' in phase 0 after tl-index 10
Simulation......
总奖励:-875.6454424087443, 速度奖励:-432.8138165450066, 加速度奖励:-522.6316258637439, 交通灯奖励:79.79999999998574, 与前车进行交互的惩罚:0.0
Episode:69/100, Reward:-875.6454424087443
Episode:69/100, avg speed:13.060456359379385
Episode:69/100, avg halt num:0.06125268652133865
Episode:69/100, avg elec cons:0.9226236983312776
 Retrying in 1 seconds
Warning: Unused states in tlLogic 'J10', program '0' in phase 0 after tl-index 10
Simulation......
总奖励:-900.2420070165447, 速度奖励:-434.52932665000475, 加速度奖励:-684.8126803665414, 交通灯奖励:219.09999999996302, 与前车进行交互的惩罚:0.0
Episode:70/100, Reward:-900.2420070165447
Episode:70/100, avg speed:12.79247400664981
Episode:70/100, avg halt num:0.06341385886840432
Episode:70/100, avg elec cons:1.023403540890888
 Retrying in 1 seconds
Warning: Unused states in tlLogic 'J10', program '0' in phase 0 after tl-index 10
Simulation......
总奖励:-999.2149216030277, 速度奖励:-425.83558624000506, 加速度奖励:-686.3793353630174, 交通灯奖励:112.99999999996729, 与前车进行交互的惩罚:0.0
Episode:71/100, Reward:-999.2149216030277
Episode:71/100, avg speed:13.072208063090839
Episode:71/100, avg halt num:0.059608540925266906
Episode:71/100, avg elec cons:0.9577052351898473
 Retrying in 1 seconds
Warning: Unused states in tlLogic 'J10', program '0' in phase 0 after tl-index 10
Simulation......
总奖励:-875.1390901746488, 速度奖励:-517.9636820300042, 加速度奖励:-576.1754081446427, 交通灯奖励:218.99999999996416, 与前车进行交互的惩罚:0.0
Episode:72/100, Reward:-875.1390901746488
Episode:72/100, avg speed:11.526703845285498
Episode:72/100, avg halt num:0.07419535928143713
Episode:72/100, avg elec cons:0.881355907322779
 Retrying in 1 seconds
Warning: Unused states in tlLogic 'J10', program '0' in phase 0 after tl-index 10
Simulation......
总奖励:-1082.2885167440902, 速度奖励:-507.3550107900092, 加速度奖励:-614.1335059540731, 交通灯奖励:39.19999999999028, 与前车进行交互的惩罚:0.0
Episode:73/100, Reward:-1082.2885167440902
Episode:73/100, avg speed:12.629294957702983
Episode:73/100, avg halt num:0.08245844269466317
Episode:73/100, avg elec cons:0.7648919421141471
 Retrying in 1 seconds
Warning: Unused states in tlLogic 'J10', program '0' in phase 0 after tl-index 10
Simulation......
总奖励:-1247.9948860804568, 速度奖励:-480.4149573450092, 加速度奖励:-651.9799287354364, 交通灯奖励:-115.60000000002026, 与前车进行交互的惩罚:0.0
Episode:74/100, Reward:-1247.9948860804568
Episode:74/100, avg speed:12.886143521900896
Episode:74/100, avg halt num:0.07920536635706914
Episode:74/100, avg elec cons:0.9472544895545175
 Retrying in 1 seconds
Warning: Unused states in tlLogic 'J10', program '0' in phase 0 after tl-index 10
Simulation......
总奖励:-957.4105448734381, 速度奖励:-460.28317728500656, 加速度奖励:-627.8273675884332, 交通灯奖励:130.69999999995943, 与前车进行交互的惩罚:0.0
Episode:75/100, Reward:-957.4105448734381
Episode:75/100, avg speed:13.071935079548274
Episode:75/100, avg halt num:0.05593607305936073
Episode:75/100, avg elec cons:0.8717676720943424
 Retrying in 1 seconds
Warning: Unused states in tlLogic 'J10', program '0' in phase 0 after tl-index 10
Simulation......
总奖励:-1413.1310199128352, 速度奖励:-500.6039465900082, 加速度奖励:-691.1270733228156, 交通灯奖励:-221.40000000005128, 与前车进行交互的惩罚:0.0
Episode:76/100, Reward:-1413.1310199128352
Episode:76/100, avg speed:11.768062023979732
Episode:76/100, avg halt num:0.0995754534928599
Episode:76/100, avg elec cons:0.9995665984973241
 Retrying in 1 seconds
Warning: Unused states in tlLogic 'J10', program '0' in phase 0 after tl-index 10
Simulation......
总奖励:-2329.6227972940424, 速度奖励:-804.8420185099794, 加速度奖励:-820.3807787839534, 交通灯奖励:-704.3999999997634, 与前车进行交互的惩罚:0.0
Episode:77/100, Reward:-2329.6227972940424
Episode:77/100, avg speed:10.850448440362115
Episode:77/100, avg halt num:0.2622226400902595
Episode:77/100, avg elec cons:0.7495054998941207
 Retrying in 1 seconds
Warning: Unused states in tlLogic 'J10', program '0' in phase 0 after tl-index 10
Simulation......
总奖励:-2317.9864167170354, 速度奖励:-783.1444834149843, 加速度奖励:-850.7419333019508, 交通灯奖励:-684.0999999997811, 与前车进行交互的惩罚:0.0
Episode:78/100, Reward:-2317.9864167170354
Episode:78/100, avg speed:10.102896503826976
Episode:78/100, avg halt num:0.275561797752809
Episode:78/100, avg elec cons:0.7012583283349222
 Retrying in 1 seconds
Warning: Unused states in tlLogic 'J10', program '0' in phase 0 after tl-index 10
Simulation......
总奖励:-1571.436398170543, 速度奖励:-630.081600774999, 加速度奖励:-572.9547973954973, 交通灯奖励:-368.3999999998463, 与前车进行交互的惩罚:0.0
Episode:79/100, Reward:-1571.436398170543
Episode:79/100, avg speed:11.147147206364107
Episode:79/100, avg halt num:0.15461538461538463
Episode:79/100, avg elec cons:0.8292712415766167
 Retrying in 1 seconds
Warning: Unused states in tlLogic 'J10', program '0' in phase 0 after tl-index 10
Simulation......
总奖励:-1178.416281671019, 速度奖励:-419.3917314650029, 加速度奖励:-472.5245502059987, 交通灯奖励:-286.49999999993065, 与前车进行交互的惩罚:0.0
Episode:80/100, Reward:-1178.416281671019
Episode:80/100, avg speed:12.857867173278429
Episode:80/100, avg halt num:0.06260899895361005
Episode:80/100, avg elec cons:1.10128263070184
 Retrying in 1 seconds
Warning: Unused states in tlLogic 'J10', program '0' in phase 0 after tl-index 10
Simulation......
总奖励:-1066.8331775535291, 速度奖励:-433.5614904250039, 加速度奖励:-445.7716871285167, 交通灯奖励:-187.50000000005411, 与前车进行交互的惩罚:0.0
Episode:81/100, Reward:-1066.8331775535291
Episode:81/100, avg speed:12.562573479935816
Episode:81/100, avg halt num:0.08129055515501081
Episode:81/100, avg elec cons:1.0381764086688887
 Retrying in 1 seconds
Warning: Unused states in tlLogic 'J10', program '0' in phase 0 after tl-index 10
Simulation......
总奖励:-566.8933502436475, 速度奖励:-458.80068419000344, 加速度奖励:-380.89266605364816, 交通灯奖励:272.79999999995954, 与前车进行交互的惩罚:0.0
Episode:82/100, Reward:-566.8933502436475
Episode:82/100, avg speed:12.131509795447665
Episode:82/100, avg halt num:0.02876020209871745
Episode:82/100, avg elec cons:0.8709279806103106
 Retrying in 1 seconds
Warning: Unused states in tlLogic 'J10', program '0' in phase 0 after tl-index 10
Simulation......
总奖励:-772.5621642776763, 速度奖励:-496.7437488100005, 加速度奖励:-645.6184154676846, 交通灯奖励:369.80000000004475, 与前车进行交互的惩罚:0.0
Episode:83/100, Reward:-772.5621642776763
Episode:83/100, avg speed:12.367150799827122
Episode:83/100, avg halt num:0.03986739204352261
Episode:83/100, avg elec cons:0.7587339961176185
 Retrying in 1 seconds
Warning: Unused states in tlLogic 'J10', program '0' in phase 0 after tl-index 10
Simulation......
总奖励:-547.5724687460568, 速度奖励:-430.6077527200026, 加速度奖励:-468.1647160260659, 交通灯奖励:351.20000000002074, 与前车进行交互的惩罚:0.0
Episode:84/100, Reward:-547.5724687460568
Episode:84/100, avg speed:12.352377974909658
Episode:84/100, avg halt num:0.051650485436893205
Episode:84/100, avg elec cons:0.9720709804557193
 Retrying in 1 seconds
Warning: Unused states in tlLogic 'J10', program '0' in phase 0 after tl-index 10
Simulation......
总奖励:-671.8813770616957, 速度奖励:-487.90552666500395, 加速度奖励:-357.57585039669584, 交通灯奖励:173.59999999995924, 与前车进行交互的惩罚:0.0
Episode:85/100, Reward:-671.8813770616957
Episode:85/100, avg speed:12.95106569259525
Episode:85/100, avg halt num:0.04831516352824579
Episode:85/100, avg elec cons:0.818259840535793
 Retrying in 1 seconds
Warning: Unused states in tlLogic 'J10', program '0' in phase 0 after tl-index 10
Simulation......
总奖励:-1053.559769828703, 速度奖励:-445.3993361450017, 加速度奖励:-452.0604336836992, 交通灯奖励:-156.10000000005525, 与前车进行交互的惩罚:0.0
Episode:86/100, Reward:-1053.559769828703
Episode:86/100, avg speed:13.14295094539795
Episode:86/100, avg halt num:0.048389547250075965
Episode:86/100, avg elec cons:0.8823786343034302
 Retrying in 1 seconds
Warning: Unused states in tlLogic 'J10', program '0' in phase 0 after tl-index 10
Simulation......
总奖励:-1074.3347604166722, 速度奖励:-469.1854361600068, 加速度奖励:-400.24932425665486, 交通灯奖励:-204.90000000006765, 与前车进行交互的惩罚:0.0
Episode:87/100, Reward:-1074.3347604166722
Episode:87/100, avg speed:12.203127702969141
Episode:87/100, avg halt num:0.06561733442354865
Episode:87/100, avg elec cons:1.033223978758088
 Retrying in 1 seconds
Warning: Unused states in tlLogic 'J10', program '0' in phase 0 after tl-index 10
Simulation......
总奖励:-795.3015674162152, 速度奖励:-449.9086338650051, 加速度奖励:-332.4929335512098, 交通灯奖励:-12.899999999992541, 与前车进行交互的惩罚:0.0
Episode:88/100, Reward:-795.3015674162152
Episode:88/100, avg speed:13.135423340249366
Episode:88/100, avg halt num:0.05176510522742702
Episode:88/100, avg elec cons:0.9018189197164413
 Retrying in 1 seconds
Warning: Unused states in tlLogic 'J10', program '0' in phase 0 after tl-index 10
Simulation......
总奖励:-812.2430562436963, 速度奖励:-414.21639873000095, 加速度奖励:-337.92665751369844, 交通灯奖励:-60.09999999999545, 与前车进行交互的惩罚:0.0
Episode:89/100, Reward:-812.2430562436963
Episode:89/100, avg speed:12.830419701148125
Episode:89/100, avg halt num:0.03798652694610778
Episode:89/100, avg elec cons:1.1597062074704136
 Retrying in 1 seconds
Warning: Unused states in tlLogic 'J10', program '0' in phase 0 after tl-index 10
Simulation......
总奖励:-701.1339284592681, 速度奖励:-393.0673969300024, 加速度奖励:-350.8665315292692, 交通灯奖励:42.80000000000632, 与前车进行交互的惩罚:0.0
Episode:90/100, Reward:-701.1339284592681
Episode:90/100, avg speed:12.802442348509832
Episode:90/100, avg halt num:0.05065993788819876
Episode:90/100, avg elec cons:1.17406610117065
 Retrying in 1 seconds
Warning: Unused states in tlLogic 'J10', program '0' in phase 0 after tl-index 10
Simulation......
总奖励:-876.6993314832251, 速度奖励:-461.00913890500584, 加速度奖励:-420.79019257821864, 交通灯奖励:5.100000000005475, 与前车进行交互的惩罚:0.0
Episode:91/100, Reward:-876.6993314832251
Episode:91/100, avg speed:12.029270369783157
Episode:91/100, avg halt num:0.05056390977443609
Episode:91/100, avg elec cons:0.9308319158850534
 Retrying in 1 seconds
Warning: Unused states in tlLogic 'J10', program '0' in phase 0 after tl-index 10
Simulation......
总奖励:-656.2655604506235, 速度奖励:-619.6219191549997, 加速度奖励:-397.74364129561656, 交通灯奖励:361.100000000055, 与前车进行交互的惩罚:0.0
Episode:92/100, Reward:-656.2655604506235
Episode:92/100, avg speed:10.820413835447116
Episode:92/100, avg halt num:0.05469320672023375
Episode:92/100, avg elec cons:0.5981470309137972
 Retrying in 1 seconds
Warning: Unused states in tlLogic 'J10', program '0' in phase 0 after tl-index 10
Simulation......
总奖励:-1372.4879204496096, 速度奖励:-641.5366672700032, 加速度奖励:-563.3512531795781, 交通灯奖励:-167.60000000006104, 与前车进行交互的惩罚:0.0
Episode:93/100, Reward:-1372.4879204496096
Episode:93/100, avg speed:11.108702806826473
Episode:93/100, avg halt num:0.0800561797752809
Episode:93/100, avg elec cons:0.6878505085462597
 Retrying in 1 seconds
Warning: Unused states in tlLogic 'J10', program '0' in phase 0 after tl-index 10
Simulation......
总奖励:-932.4346264379826, 速度奖励:-604.9014359600027, 加速度奖励:-510.333190477975, 交通灯奖励:182.7999999999713, 与前车进行交互的惩罚:0.0
Episode:94/100, Reward:-932.4346264379826
Episode:94/100, avg speed:11.794159296642533
Episode:94/100, avg halt num:0.04464871963230466
Episode:94/100, avg elec cons:0.5895704232632816
 Retrying in 1 seconds
Warning: Unused states in tlLogic 'J10', program '0' in phase 0 after tl-index 10
Simulation......
总奖励:-1261.8078827807424, 速度奖励:-594.3598238199978, 加速度奖励:-552.748058960729, 交通灯奖励:-114.70000000003685, 与前车进行交互的惩罚:0.0
Episode:95/100, Reward:-1261.8078827807424
Episode:95/100, avg speed:11.203893321125
Episode:95/100, avg halt num:0.02257399775196703
Episode:95/100, avg elec cons:0.7356552289777349
 Retrying in 1 seconds
Warning: Unused states in tlLogic 'J10', program '0' in phase 0 after tl-index 10
Simulation......
总奖励:-836.4326921556527, 速度奖励:-555.8460798300013, 加速度奖励:-488.08661232564214, 交通灯奖励:207.49999999998033, 与前车进行交互的惩罚:0.0
Episode:96/100, Reward:-836.4326921556527
Episode:96/100, avg speed:11.386308583218245
Episode:96/100, avg halt num:0.04758738601823708
Episode:96/100, avg elec cons:0.7229555760066358
 Retrying in 1 seconds
Warning: Unused states in tlLogic 'J10', program '0' in phase 0 after tl-index 10
Simulation......
总奖励:-865.4283724397051, 速度奖励:-588.6651791900005, 加速度奖励:-437.5631932497005, 交通灯奖励:160.79999999999234, 与前车进行交互的惩罚:0.0
Episode:97/100, Reward:-865.4283724397051
Episode:97/100, avg speed:11.669057716121674
Episode:97/100, avg halt num:0.08916083916083917
Episode:97/100, avg elec cons:0.698176352349717
 Retrying in 1 seconds
Warning: Unused states in tlLogic 'J10', program '0' in phase 0 after tl-index 10
Simulation......
总奖励:-429.45380282743497, 速度奖励:-449.7917684200037, 加速度奖励:-321.3620344074383, 交通灯奖励:341.7000000000503, 与前车进行交互的惩罚:0.0
Episode:98/100, Reward:-429.45380282743497
Episode:98/100, avg speed:11.82565601872555
Episode:98/100, avg halt num:0.022317932654659357
Episode:98/100, avg elec cons:0.9373791850060439
 Retrying in 1 seconds
Warning: Unused states in tlLogic 'J10', program '0' in phase 0 after tl-index 10
Simulation......
总奖励:-291.9584542819039, 速度奖励:-462.8210943700016, 加速度奖励:-302.53735991190695, 交通灯奖励:473.4000000001385, 与前车进行交互的惩罚:0.0
Episode:99/100, Reward:-291.9584542819039
Episode:99/100, avg speed:12.965901491226802
Episode:99/100, avg halt num:0.02507624534056252
Episode:99/100, avg elec cons:0.7444750301232926
 Retrying in 1 seconds
Warning: Unused states in tlLogic 'J10', program '0' in phase 0 after tl-index 10
Simulation......
总奖励:-492.2938854756922, 速度奖励:-448.5291436150031, 加速度奖励:-315.5647418606951, 交通灯奖励:271.7999999999761, 与前车进行交互的惩罚:0.0
Episode:100/100, Reward:-492.2938854756922
Episode:100/100, avg speed:13.183958975822463
Episode:100/100, avg halt num:0.028420523138832997
Episode:100/100, avg elec cons:0.9374008707127053
model saved successfully!
Complete training!
final reward list:[-5926.770282669275, -6967.829383610205, -5099.211649432483, -1656.402686235245, -1477.3648455617683, -4450.277084869352, -3182.953864243179, -2078.07996870097, -1299.3866033840716, -1201.0047008802617, -940.6026489614954, -1214.197136665999, -949.738743139154, -754.4161910971933, -1248.8648620084166, -1201.980202975063, -1090.8815095761965, -1152.6266381192725, -1491.168643594282, -3331.9606406209623, -4181.389659689758, -7212.442121616647, -3130.6931755648866, -3709.4767276803977, -1729.8520877083713, -6206.359389792674, -5577.518756138766, -8594.276053353207, -4588.578364239761, -9917.599606262374, -7948.529425422821, -4924.322443865288, -3870.0849284460924, -2870.796514250359, -1381.2547454000828, -1266.2724248071972, -1443.8498996307248, -1426.804871802481, -1776.6295773295471, -1609.9271856645628, -1338.4289103650267, -1541.3543798171343, -1247.8807002262818, -1329.6714942231913, -1464.134123611301, -1424.8878654654063, -1584.4576892357823, -1481.201150141742, -1367.0534419135483, -1538.9583840963198, -2603.3963121085812, -2140.6969424265444, -1503.8967304028008, -1381.631073486367, -787.3634844818203, -1482.7849239779805, -1268.6795627929434, -1298.4948929660832, -1809.4689097689507, -772.6551982609974, -1041.2355688766768, -756.1755734006653, -718.3089467925953, -896.0753018321323, -743.155625617425, -759.7249752493977, -887.9785127459642, -973.1676009761399, -875.6454424087443, -900.2420070165447, -999.2149216030277, -875.1390901746488, -1082.2885167440902, -1247.9948860804568, -957.4105448734381, -1413.1310199128352, -2329.6227972940424, -2317.9864167170354, -1571.436398170543, -1178.416281671019, -1066.8331775535291, -566.8933502436475, -772.5621642776763, -547.5724687460568, -671.8813770616957, -1053.559769828703, -1074.3347604166722, -795.3015674162152, -812.2430562436963, -701.1339284592681, -876.6993314832251, -656.2655604506235, -1372.4879204496096, -932.4346264379826, -1261.8078827807424, -836.4326921556527, -865.4283724397051, -429.45380282743497, -291.9584542819039, -492.2938854756922]
final speed list:[14.437917980568516, 14.017458994774065, 15.173574871553395, 14.312376299561658, 13.68014681572329, 10.54151259224088, 11.846011469443464, 13.244371581388837, 13.472642296240391, 13.079131671469456, 14.017864809056048, 13.550841031341063, 13.73406396767687, 13.63957584538528, 13.690917176440253, 13.00333120616939, 13.933685075094969, 13.087293098630813, 13.112420962457337, 10.152084485588139, 8.966981741606386, 8.756002423475561, 10.737669453022574, 11.46293924905134, 13.862183596583064, 11.016968285948789, 9.918543608908829, 8.01019339925462, 11.592173272016725, 9.523295598023743, 9.66260333902156, 9.513211364722665, 9.677798134543819, 11.797289885411148, 13.725002788164877, 13.221404996125953, 12.505118534358907, 13.347080192766875, 13.409393251537207, 12.389399122912016, 12.55301908510826, 12.46492442197376, 12.902061247942616, 12.856741653051804, 11.63778423882426, 13.229546799399579, 11.582505869511145, 11.200064022829043, 12.271299006240262, 12.057556554940033, 12.054151784704455, 11.409812590251224, 12.182057736241882, 12.962685689870435, 12.683679708021984, 11.768580875396244, 11.004884144325787, 10.590276003604778, 11.010333253423983, 12.49562494233839, 11.505032407973397, 12.794290926680949, 13.161793854491664, 13.089687496457657, 13.33404399296231, 13.579469329655286, 12.936895452328619, 12.870257783279609, 13.060456359379385, 12.79247400664981, 13.072208063090839, 11.526703845285498, 12.629294957702983, 12.886143521900896, 13.071935079548274, 11.768062023979732, 10.850448440362115, 10.102896503826976, 11.147147206364107, 12.857867173278429, 12.562573479935816, 12.131509795447665, 12.367150799827122, 12.352377974909658, 12.95106569259525, 13.14295094539795, 12.203127702969141, 13.135423340249366, 12.830419701148125, 12.802442348509832, 12.029270369783157, 10.820413835447116, 11.108702806826473, 11.794159296642533, 11.203893321125, 11.386308583218245, 11.669057716121674, 11.82565601872555, 12.965901491226802, 13.183958975822463]
final elec cons list:[1.762902998089894, 1.8991220424325361, 2.0020290747299567, 2.4160474463937804, 1.903003797919853, 0.8000358211522818, 1.6166436895389424, 1.328498156580399, 1.6558568003431935, 1.6206560025498407, 1.875965008763163, 1.733376169777437, 1.4587018141295782, 2.2312628923480187, 2.296448367545438, 2.4406266997404016, 2.393279296530541, 2.7557712748502783, 1.7610806884373884, 0.6018308652861589, 0.626091928695433, 0.6450616641207844, 0.7607165581788733, 1.1772924240476377, 1.6225907617178361, 1.0444233936794625, 0.816419054951214, 0.8454417448036384, 1.5217376948375234, 0.6966198723712398, 0.6070141809834274, 0.7537233052156271, 0.757343613615993, 0.9117139373684037, 1.3760004269299055, 1.3172511734574497, 1.4026744919408787, 1.4235085590129801, 1.3935341181060072, 0.9980197148407758, 0.9601998107561648, 1.0762676956061346, 1.3155136212853502, 1.2746696337729164, 1.1559053546848181, 1.0689901373411312, 0.8775485383383866, 0.92215925906507, 0.7333629828869352, 0.9232497554561659, 0.7895538285435304, 0.7731923047096853, 1.0198194569968915, 1.2482942169975522, 1.2251003270397198, 0.8790865302829528, 0.9259590583323581, 0.761984980957401, 0.6873082182434552, 0.8257142444136897, 0.8291810130999576, 0.9802649597129725, 0.9944128646657462, 1.2341983116719455, 1.1992302079907213, 0.7835262038379478, 0.7294940289142887, 0.8951659716112144, 0.9226236983312776, 1.023403540890888, 0.9577052351898473, 0.881355907322779, 0.7648919421141471, 0.9472544895545175, 0.8717676720943424, 0.9995665984973241, 0.7495054998941207, 0.7012583283349222, 0.8292712415766167, 1.10128263070184, 1.0381764086688887, 0.8709279806103106, 0.7587339961176185, 0.9720709804557193, 0.818259840535793, 0.8823786343034302, 1.033223978758088, 0.9018189197164413, 1.1597062074704136, 1.17406610117065, 0.9308319158850534, 0.5981470309137972, 0.6878505085462597, 0.5895704232632816, 0.7356552289777349, 0.7229555760066358, 0.698176352349717, 0.9373791850060439, 0.7444750301232926, 0.9374008707127053]
final halt list:[0.3433744722312439, 0.4596020761245675, 0.26774035317200784, 0.10902327355971003, 0.09360189573459715, 0.23476125973586184, 0.11210686506594522, 0.09843313682904127, 0.048178331735378714, 0.04534356470177886, 0.026437541308658295, 0.03405625211792613, 0.0010869565217391304, 0.0065049226441631506, 0.04760147601476015, 0.017182779456193353, 0.027653342522398348, 0.041112454655380895, 0.05618539513171057, 0.23213156230234028, 0.28738236319275007, 0.48044692737430167, 0.10307428214731586, 0.10142405063291139, 0.033882203926535785, 0.29645056139080045, 0.3054757343550447, 0.5274366085578447, 0.1638755980861244, 0.4482205835203591, 0.34189001044204664, 0.4344015580736544, 0.38644688644688646, 0.14810996563573883, 0.06824844265298644, 0.0362698986975398, 0.01862785016286645, 0.006594036697247707, 0.06649026971662683, 0.09867515485203028, 0.04789800137835975, 0.045328142380422695, 0.018190661478599223, 0.017074506939371806, 0.04160261337432744, 0.06193329015544041, 0.10089352196574833, 0.09821428571428571, 0.04951617780465679, 0.06201550387596899, 0.15256410256410258, 0.17798719772403984, 0.06218697829716194, 0.03971717877094972, 0.03636363636363636, 0.09860275910859569, 0.11020531400966184, 0.19830246913580246, 0.1770449521002211, 0.04088558500323206, 0.05993415956622773, 0.006987577639751553, 0.04546952224052718, 0.0502219755826859, 0.043501611170784105, 0.014894951395421763, 0.094166395840104, 0.058421226104152936, 0.06125268652133865, 0.06341385886840432, 0.059608540925266906, 0.07419535928143713, 0.08245844269466317, 0.07920536635706914, 0.05593607305936073, 0.0995754534928599, 0.2622226400902595, 0.275561797752809, 0.15461538461538463, 0.06260899895361005, 0.08129055515501081, 0.02876020209871745, 0.03986739204352261, 0.051650485436893205, 0.04831516352824579, 0.048389547250075965, 0.06561733442354865, 0.05176510522742702, 0.03798652694610778, 0.05065993788819876, 0.05056390977443609, 0.05469320672023375, 0.0800561797752809, 0.04464871963230466, 0.02257399775196703, 0.04758738601823708, 0.08916083916083917, 0.022317932654659357, 0.02507624534056252, 0.028420523138832997]
speed reward list:[-517.0319399900189, -658.0961513599757, -349.3073546400014, -261.4710583699952, -332.08886430500024, -810.0943118399725, -633.8619022850057, -463.43796635500564, -423.96110712500433, -428.2157516650034, -400.7475158150034, -422.68693922000205, -360.83332782000167, -353.6665384500034, -410.0939642950008, -413.4674062050015, -366.5130478300007, -337.92944702500074, -427.84710654500543, -890.354956084971, -951.781403734953, -1285.9850822999151, -754.6553657999877, -709.8126139249962, -360.55960254000325, -907.8199653499613, -892.1092570799614, -1376.9684338699105, -573.632699659995, -1345.8036501849053, -1227.0710511899451, -1109.6684923899306, -968.3702663649352, -619.2586332799948, -339.67347410000167, -362.28863709500337, -365.81380336500195, -337.5105285150014, -366.4563406050021, -460.9678639100057, -460.68896309500286, -455.7759556700047, -345.8376673950014, -383.86926666500096, -506.0392896950054, -458.36364835500495, -568.9143107649999, -601.2430128250046, -549.2356219399982, -530.8970007250075, -633.5210468499951, -666.5473016700032, -497.1152868850053, -420.1429158000022, -390.2009997650035, -562.6793672550059, -585.5976421150059, -705.3453576349914, -741.9458107700013, -485.04987563500606, -524.1414112400053, -443.46135259500375, -440.61890395000376, -396.4678241000039, -372.58856004499955, -424.3683005850015, -490.31630224500617, -487.2048458500069, -432.8138165450066, -434.52932665000475, -425.83558624000506, -517.9636820300042, -507.3550107900092, -480.4149573450092, -460.28317728500656, -500.6039465900082, -804.8420185099794, -783.1444834149843, -630.081600774999, -419.3917314650029, -433.5614904250039, -458.80068419000344, -496.7437488100005, -430.6077527200026, -487.90552666500395, -445.3993361450017, -469.1854361600068, -449.9086338650051, -414.21639873000095, -393.0673969300024, -461.00913890500584, -619.6219191549997, -641.5366672700032, -604.9014359600027, -594.3598238199978, -555.8460798300013, -588.6651791900005, -449.7917684200037, -462.8210943700016, -448.5291436150031]
accel reward list:[-711.2383426792711, -681.333232250229, -890.0042947923849, -599.4316278652096, -693.8759812567431, -1347.382773029301, -1723.8919619581475, -880.0420023459081, -693.3254962590522, -656.3889492152473, -673.0551331465032, -750.8101974459842, -660.105415319165, -656.2496526472075, -721.9708977133853, -782.3127967700382, -749.0684617461895, -756.1971910942495, -895.721537049258, -1238.0056845358395, -1331.4082559546487, -1735.9570393163704, -1699.2378097648582, -1525.7641137553562, -1077.192485168351, -1400.039424442565, -1627.4094990586334, -2225.507619483081, -1626.345664579717, -2387.3959560778767, -2066.1583742326784, -1747.7539514751152, -1516.7146620809292, -1153.1378809703, -918.0812713000577, -1027.1837877121877, -1087.0360962657173, -1124.4943432874823, -1142.3732367245154, -1049.9593217545225, -990.23994727001, -1177.6784241471187, -1093.543032831282, -1143.8022275581927, -988.2948339162887, -701.9242171103729, -781.8433784707593, -845.7581373167031, -810.4178199735397, -815.3613833712928, -1037.4752652585032, -1156.949640756475, -825.081443517779, -681.2881576863516, -598.362484716825, -841.5055567229386, -826.9819206779168, -662.2495353310233, -718.6230989989053, -575.1053226259997, -551.3941576366676, -496.1142208056685, -441.79004284259423, -583.2074777321302, -527.3670655724263, -590.3566746643971, -635.1622105009383, -589.8627551261293, -522.6316258637439, -684.8126803665414, -686.3793353630174, -576.1754081446427, -614.1335059540731, -651.9799287354364, -627.8273675884332, -691.1270733228156, -820.3807787839534, -850.7419333019508, -572.9547973954973, -472.5245502059987, -445.7716871285167, -380.89266605364816, -645.6184154676846, -468.1647160260659, -357.57585039669584, -452.0604336836992, -400.24932425665486, -332.4929335512098, -337.92665751369844, -350.8665315292692, -420.79019257821864, -397.74364129561656, -563.3512531795781, -510.333190477975, -552.748058960729, -488.08661232564214, -437.5631932497005, -321.3620344074383, -302.53735991190695, -315.5647418606951]
tls reward list:[-4698.500000000047, -5628.39999999931, -3859.9000000004557, -795.499999999875, -451.39999999987145, -2292.8000000005773, -825.1999999997636, -734.5999999998129, -182.10000000003038, -116.40000000005588, 133.19999999999342, -40.700000000025234, 71.19999999997138, 255.49999999997019, -116.8000000000317, -6.199999999993411, 24.699999999988634, -58.500000000026695, -167.6000000000424, -1203.6000000000654, -1898.2000000000057, -4190.500000001246, -676.7999999999167, -1473.9000000006458, -292.1000000000226, -3898.5000000009045, -3058.0000000005066, -4991.799999999941, -2388.6000000006093, -6184.399999998701, -4655.299999999563, -2066.9000000008014, -1385.000000000156, -1098.4000000000678, -123.50000000004576, 123.19999999999041, 8.999999999991626, 35.20000000000729, -267.7999999999238, -98.9999999999994, 112.49999999999581, 92.09999999999131, 191.49999999997237, 197.99999999995424, 30.19999999999665, -264.599999999985, -233.70000000003438, -34.199999999996145, -7.3999999999922235, -192.70000000000633, -932.3999999998683, -317.19999999983753, -181.70000000001633, -280.1999999999436, 201.19999999997202, -78.60000000004231, 143.89999999996883, 69.10000000000632, -348.89999999986236, 287.4999999999551, 34.299999999999365, 183.39999999995004, 164.0999999999463, 83.59999999999606, 156.7999999999645, 254.9999999999613, 237.49999999994824, 103.8999999999698, 79.79999999998574, 219.09999999996302, 112.99999999996729, 218.99999999996416, 39.19999999999028, -115.60000000002026, 130.69999999995943, -221.40000000005128, -704.3999999997634, -684.0999999997811, -368.3999999998463, -286.49999999993065, -187.50000000005411, 272.79999999995954, 369.80000000004475, 351.20000000002074, 173.59999999995924, -156.10000000005525, -204.90000000006765, -12.899999999992541, -60.09999999999545, 42.80000000000632, 5.100000000005475, 361.100000000055, -167.60000000006104, 182.7999999999713, -114.70000000003685, 207.49999999998033, 160.79999999999234, 341.7000000000503, 473.4000000001385, 271.7999999999761]
extra reward list:[0.0, 0.0, 0.0, 0.0, 0.0, 0.0, 0.0, 0.0, 0.0, 0.0, 0.0, 0.0, 0.0, 0.0, 0.0, 0.0, 0.0, 0.0, 0.0, 0.0, 0.0, 0.0, 0.0, 0.0, 0.0, 0.0, 0.0, 0.0, 0.0, 0.0, 0.0, 0.0, 0.0, 0.0, 0.0, 0.0, 0.0, 0.0, 0.0, 0.0, 0.0, 0.0, 0.0, 0.0, 0.0, 0.0, 0.0, 0.0, 0.0, 0.0, 0.0, 0.0, 0.0, 0.0, 0.0, 0.0, 0.0, 0.0, 0.0, 0.0, 0.0, 0.0, 0.0, 0.0, 0.0, 0.0, 0.0, 0.0, 0.0, 0.0, 0.0, 0.0, 0.0, 0.0, 0.0, 0.0, 0.0, 0.0, 0.0, 0.0, 0.0, 0.0, 0.0, 0.0, 0.0, 0.0, 0.0, 0.0, 0.0, 0.0, 0.0, 0.0, 0.0, 0.0, 0.0, 0.0, 0.0, 0.0, 0.0, 0.0]
