nohup: 忽略输入
Env:sumo, Algorithm:TD3, Device:cuda
-----------------------------------------
models/reward_s5e-2(-5, 1)_a4e-2_t(-2_0.1)_safe(3, -0.7)_2065.pth
-----------------------------------------
 Retrying in 1 seconds
Warning: Unused states in tlLogic 'J10', program '0' in phase 0 after tl-index 10
Simulation......
总奖励:-78866.44903337331, 速度奖励:-15996.5, 加速度奖励:-1669.5490333749115, 交通灯奖励:-52479.10000003383, 与前车进行交互的惩罚:-8721.299999999048
Episode:1/100, Reward:-78866.44903337331
Episode:1/100, avg speed:6.304414865620437
Episode:1/100, avg halt num:0.7997750281214848
Episode:1/100, avg elec cons:0.17834487757089584
 Retrying in 1 seconds
Warning: Unused states in tlLogic 'J10', program '0' in phase 0 after tl-index 10
Simulation......
总奖励:-81532.65545213912, 速度奖励:-16326.25, 加速度奖励:-1625.605452142155, 交通灯奖励:-54321.20000003422, 与前车进行交互的惩罚:-9259.599999999607
Episode:2/100, Reward:-81532.65545213912
Episode:2/100, avg speed:5.9303282228797
Episode:2/100, avg halt num:0.8837890625
Episode:2/100, avg elec cons:0.19190424499078956
 Retrying in 1 seconds
Warning: Unused states in tlLogic 'J10', program '0' in phase 0 after tl-index 10
Simulation......
总奖励:-57956.54480113256, 速度奖励:-11483.049999999988, 加速度奖励:-5287.494801128888, 交通灯奖励:-37088.900000018184, 与前车进行交互的惩罚:-4097.099999999562
Episode:3/100, Reward:-57956.54480113256
Episode:3/100, avg speed:6.224688398186307
Episode:3/100, avg halt num:0.39945652173913043
Episode:3/100, avg elec cons:0.5684382913810639
 Retrying in 1 seconds
Warning: Unused states in tlLogic 'J10', program '0' in phase 0 after tl-index 10
Simulation......
总奖励:-22022.834466597124, 速度奖励:-6376.149999999971, 加速度奖励:-891.0844665965508, 交通灯奖励:-14164.099999995193, 与前车进行交互的惩罚:-591.4999999999993
Episode:4/100, Reward:-22022.834466597124
Episode:4/100, avg speed:8.398273997195604
Episode:4/100, avg halt num:0.13495979532163743
Episode:4/100, avg elec cons:0.7598360617217025
 Retrying in 1 seconds
Warning: Unused states in tlLogic 'J10', program '0' in phase 0 after tl-index 10
Simulation......
总奖励:-10654.15563223434, 速度奖励:-4133.899999999937, 加速度奖励:-906.6556322344622, 交通灯奖励:-5288.799999999621, 与前车进行交互的惩罚:-324.79999999999717
Episode:5/100, Reward:-10654.15563223434
Episode:5/100, avg speed:10.593350477690773
Episode:5/100, avg halt num:0.08465250965250966
Episode:5/100, avg elec cons:1.0288497643289924
 Retrying in 1 seconds
Warning: Unused states in tlLogic 'J10', program '0' in phase 0 after tl-index 10
Simulation......
总奖励:-8223.981814901214, 速度奖励:-3174.199999999904, 加速度奖励:-721.7818149014067, 交通灯奖励:-3989.200000000737, 与前车进行交互的惩罚:-338.79999999999694
Episode:6/100, Reward:-8223.981814901214
Episode:6/100, avg speed:12.823865992247361
Episode:6/100, avg halt num:0.06284013605442176
Episode:6/100, avg elec cons:1.4848958791793618
 Retrying in 1 seconds
Warning: Unused states in tlLogic 'J10', program '0' in phase 0 after tl-index 10
Simulation......
总奖励:-7871.231949309589, 速度奖励:-3283.6999999999393, 加速度奖励:-845.0319493097008, 交通灯奖励:-3295.9000000007927, 与前车进行交互的惩罚:-446.5999999999952
Episode:7/100, Reward:-7871.231949309589
Episode:7/100, avg speed:12.7084203922732
Episode:7/100, avg halt num:0.08517323369565218
Episode:7/100, avg elec cons:1.3584744399569164
 Retrying in 1 seconds
Warning: Unused states in tlLogic 'J10', program '0' in phase 0 after tl-index 10
Simulation......
总奖励:-7255.357479096844, 速度奖励:-3224.5499999999565, 加速度奖励:-912.4074790968838, 交通灯奖励:-2673.9000000006836, 与前车进行交互的惩罚:-444.4999999999952
Episode:8/100, Reward:-7255.357479096844
Episode:8/100, avg speed:12.938212630795855
Episode:8/100, avg halt num:0.08628451380552221
Episode:8/100, avg elec cons:1.2398912608938732
 Retrying in 1 seconds
Warning: Unused states in tlLogic 'J10', program '0' in phase 0 after tl-index 10
Simulation......
总奖励:-15390.999670206696, 速度奖励:-6037.549999999942, 加速度奖励:-1233.7496702077697, 交通灯奖励:-6174.399999997362, 与前车进行交互的惩罚:-1945.3000000000873
Episode:9/100, Reward:-15390.999670206696
Episode:9/100, avg speed:9.256294793287262
Episode:9/100, avg halt num:0.44439148395297107
Episode:9/100, avg elec cons:0.5356952533214835
 Retrying in 1 seconds
Warning: Unused states in tlLogic 'J10', program '0' in phase 0 after tl-index 10
Simulation......
总奖励:-5557.681759002844, 速度奖励:-2883.3999999999733, 加速度奖励:-795.9817590028921, 交通灯奖励:-1394.6000000002205, 与前车进行交互的惩罚:-483.6999999999946
Episode:10/100, Reward:-5557.681759002844
Episode:10/100, avg speed:13.1851473110861
Episode:10/100, avg halt num:0.012700069589422408
Episode:10/100, avg elec cons:2.2939494728706307
 Retrying in 1 seconds
Warning: Unused states in tlLogic 'J10', program '0' in phase 0 after tl-index 10
Simulation......
总奖励:-7384.087317581649, 速度奖励:-3361.89999999994, 加速度奖励:-963.3873175818056, 交通灯奖励:-2570.900000000706, 与前车进行交互的惩罚:-487.8999999999945
Episode:11/100, Reward:-7384.087317581649
Episode:11/100, avg speed:13.005518475727307
Episode:11/100, avg halt num:0.12414355628058728
Episode:11/100, avg elec cons:1.3078086654624343
 Retrying in 1 seconds
Warning: Unused states in tlLogic 'J10', program '0' in phase 0 after tl-index 10
Simulation......
总奖励:-6147.735597239141, 速度奖励:-2862.899999999955, 加速度奖励:-835.1355972392022, 交通灯奖励:-1984.2000000005037, 与前车进行交互的惩罚:-465.4999999999949
Episode:12/100, Reward:-6147.735597239141
Episode:12/100, avg speed:13.599309834709262
Episode:12/100, avg halt num:0.0593654042988741
Episode:12/100, avg elec cons:1.8517972110565482
 Retrying in 1 seconds
Warning: Unused states in tlLogic 'J10', program '0' in phase 0 after tl-index 10
Simulation......
总奖励:-4954.601299232996, 速度奖励:-2598.90000000001, 加速度奖励:-857.4012992330192, 交通灯奖励:-1197.3000000000127, 与前车进行交互的惩罚:-300.99999999999756
Episode:13/100, Reward:-4954.601299232996
Episode:13/100, avg speed:13.810327948250627
Episode:13/100, avg halt num:0.03273067331670823
Episode:13/100, avg elec cons:1.9892155695839244
 Retrying in 1 seconds
Warning: Unused states in tlLogic 'J10', program '0' in phase 0 after tl-index 10
Simulation......
总奖励:-4678.8351135650155, 速度奖励:-2610.9, 加速度奖励:-748.8351135650479, 交通灯奖励:-959.9999999998313, 与前车进行交互的惩罚:-359.0999999999966
Episode:14/100, Reward:-4678.8351135650155
Episode:14/100, avg speed:13.799153458987453
Episode:14/100, avg halt num:0.018866268866268868
Episode:14/100, avg elec cons:2.457083590211428
 Retrying in 1 seconds
Warning: Unused states in tlLogic 'J10', program '0' in phase 0 after tl-index 10
Simulation......
总奖励:-17124.996452739848, 速度奖励:-5401.699999999943, 加速度奖励:-2009.6964527401367, 交通灯奖励:-8165.199999997149, 与前车进行交互的惩罚:-1548.4000000000615
Episode:15/100, Reward:-17124.996452739848
Episode:15/100, avg speed:9.784098515962862
Episode:15/100, avg halt num:0.218562874251497
Episode:15/100, avg elec cons:0.6959314867016367
 Retrying in 1 seconds
Warning: Unused states in tlLogic 'J10', program '0' in phase 0 after tl-index 10
Simulation......
总奖励:-14259.407079315703, 速度奖励:-4778.3499999999085, 加速度奖励:-2029.5570793161708, 交通灯奖励:-5982.199999998115, 与前车进行交互的惩罚:-1469.3000000000563
Episode:16/100, Reward:-14259.407079315703
Episode:16/100, avg speed:9.94617964443801
Episode:16/100, avg halt num:0.20179496669133976
Episode:16/100, avg elec cons:1.1901016247934542
 Retrying in 1 seconds
Warning: Unused states in tlLogic 'J10', program '0' in phase 0 after tl-index 10
Simulation......
总奖励:-7385.928946434732, 速度奖励:-3132.0999999999453, 加速度奖励:-1322.4289464348526, 交通灯奖励:-2163.5000000006457, 与前车进行交互的惩罚:-767.9000000000108
Episode:17/100, Reward:-7385.928946434732
Episode:17/100, avg speed:12.849015400891275
Episode:17/100, avg halt num:0.049449604403164774
Episode:17/100, avg elec cons:1.9767963052189557
 Retrying in 1 seconds
Warning: Unused states in tlLogic 'J10', program '0' in phase 0 after tl-index 10
Simulation......
总奖励:-6119.016463763062, 速度奖励:-2805.899999999974, 加速度奖励:-1094.4164637630993, 交通灯奖励:-1471.8000000003922, 与前车进行交互的惩罚:-746.9000000000094
Episode:18/100, Reward:-6119.016463763062
Episode:18/100, avg speed:12.276982683224272
Episode:18/100, avg halt num:0.011162510056315366
Episode:18/100, avg elec cons:2.890086340240905
 Retrying in 1 seconds
Warning: Unused states in tlLogic 'J10', program '0' in phase 0 after tl-index 10
Simulation......
总奖励:-5873.083527997153, 速度奖励:-2735.1499999999814, 加速度奖励:-981.4335279972157, 交通灯奖励:-1484.500000000176, 与前车进行交互的惩罚:-672.0000000000045
Episode:19/100, Reward:-5873.083527997153
Episode:19/100, avg speed:13.635096559503165
Episode:19/100, avg halt num:0.03225806451612903
Episode:19/100, avg elec cons:2.5430142651514758
 Retrying in 1 seconds
Warning: Unused states in tlLogic 'J10', program '0' in phase 0 after tl-index 10
Simulation......
总奖励:-8278.887792370082, 速度奖励:-3751.899999999946, 加速度奖励:-974.6877923702929, 交通灯奖励:-2482.700000000599, 与前车进行交互的惩罚:-1069.6000000000304
Episode:20/100, Reward:-8278.887792370082
Episode:20/100, avg speed:11.595494377301886
Episode:20/100, avg halt num:0.1017897091722595
Episode:20/100, avg elec cons:1.0885323866394758
 Retrying in 1 seconds
Warning: Unused states in tlLogic 'J10', program '0' in phase 0 after tl-index 10
Simulation......
总奖励:-10718.336218639615, 速度奖励:-4218.4999999999245, 加速度奖励:-1310.1362186397569, 交通灯奖励:-4087.9000000011133, 与前车进行交互的惩罚:-1101.8000000000325
Episode:21/100, Reward:-10718.336218639615
Episode:21/100, avg speed:10.139769172988021
Episode:21/100, avg halt num:0.08465657311669128
Episode:21/100, avg elec cons:1.039572009996193
 Retrying in 1 seconds
Warning: Unused states in tlLogic 'J10', program '0' in phase 0 after tl-index 10
Simulation......
总奖励:-8773.156643541364, 速度奖励:-3936.5499999999493, 加速度奖励:-988.0066435414614, 交通灯奖励:-2727.2000000007833, 与前车进行交互的惩罚:-1121.4000000000337
Episode:22/100, Reward:-8773.156643541364
Episode:22/100, avg speed:11.235299214285105
Episode:22/100, avg halt num:0.08768790264853257
Episode:22/100, avg elec cons:0.9874606324316086
 Retrying in 1 seconds
Warning: Unused states in tlLogic 'J10', program '0' in phase 0 after tl-index 10
Simulation......
总奖励:-8646.347060323656, 速度奖励:-4153.749999999949, 加速度奖励:-1052.397060323836, 交通灯奖励:-2682.800000000721, 与前车进行交互的惩罚:-757.4000000000101
Episode:23/100, Reward:-8646.347060323656
Episode:23/100, avg speed:11.3515699372414
Episode:23/100, avg halt num:0.1338174273858921
Episode:23/100, avg elec cons:0.6632250394507822
 Retrying in 1 seconds
Warning: Unused states in tlLogic 'J10', program '0' in phase 0 after tl-index 10
Simulation......
总奖励:-10612.335374633774, 速度奖励:-4615.999999999934, 加速度奖励:-1336.2353746341605, 交通灯奖励:-3834.100000001082, 与前车进行交互的惩罚:-826.0000000000146
Episode:24/100, Reward:-10612.335374633774
Episode:24/100, avg speed:10.620915537305297
Episode:24/100, avg halt num:0.16725083815909783
Episode:24/100, avg elec cons:0.5723466300702369
 Retrying in 1 seconds
Warning: Unused states in tlLogic 'J10', program '0' in phase 0 after tl-index 10
Simulation......
总奖励:-12143.49185744942, 速度奖励:-5224.249999999947, 加速度奖励:-1261.6418574499687, 交通灯奖励:-4420.000000000587, 与前车进行交互的惩罚:-1237.6000000000413
Episode:25/100, Reward:-12143.49185744942
Episode:25/100, avg speed:10.122876445635557
Episode:25/100, avg halt num:0.29656160458452724
Episode:25/100, avg elec cons:0.5201941411308421
 Retrying in 1 seconds
Warning: Unused states in tlLogic 'J10', program '0' in phase 0 after tl-index 10
Simulation......
总奖励:-13351.182266451182, 速度奖励:-5285.149999999956, 加速度奖励:-1504.332266451854, 交通灯奖励:-5116.899999999282, 与前车进行交互的惩罚:-1444.8000000000548
Episode:26/100, Reward:-13351.182266451182
Episode:26/100, avg speed:9.6461726759199
Episode:26/100, avg halt num:0.2966330572560317
Episode:26/100, avg elec cons:0.6392446187188684
 Retrying in 1 seconds
Warning: Unused states in tlLogic 'J10', program '0' in phase 0 after tl-index 10
Simulation......
总奖励:-12593.204170744997, 速度奖励:-4915.349999999948, 加速度奖励:-1437.7541707454127, 交通灯奖励:-5218.799999999344, 与前车进行交互的惩罚:-1021.3000000000272
Episode:27/100, Reward:-12593.204170744997
Episode:27/100, avg speed:10.078836155966737
Episode:27/100, avg halt num:0.1870328241793955
Episode:27/100, avg elec cons:0.5783028096770246
 Retrying in 1 seconds
Warning: Unused states in tlLogic 'J10', program '0' in phase 0 after tl-index 10
Simulation......
总奖励:-11746.68684616176, 速度奖励:-4935.399999999955, 加速度奖励:-1332.1868461621807, 交通灯奖励:-4515.199999999908, 与前车进行交互的惩罚:-963.9000000000235
Episode:28/100, Reward:-11746.68684616176
Episode:28/100, avg speed:8.994749845147318
Episode:28/100, avg halt num:0.1998642358417378
Episode:28/100, avg elec cons:0.6364334211135197
 Retrying in 1 seconds
Warning: Unused states in tlLogic 'J10', program '0' in phase 0 after tl-index 10
Simulation......
总奖励:-11608.3278639671, 速度奖励:-5039.699999999959, 加速度奖励:-1388.0278639676226, 交通灯奖励:-4114.5000000011005, 与前车进行交互的惩罚:-1066.1000000000301
Episode:29/100, Reward:-11608.3278639671
Episode:29/100, avg speed:9.671267602021988
Episode:29/100, avg halt num:0.2557874762808349
Episode:29/100, avg elec cons:0.6477261328230015
 Retrying in 1 seconds
Warning: Unused states in tlLogic 'J10', program '0' in phase 0 after tl-index 10
Simulation......
总奖励:-10696.883694516253, 速度奖励:-4621.099999999941, 加速度奖励:-1279.2836945165777, 交通灯奖励:-3843.1000000011213, 与前车进行交互的惩罚:-953.4000000000228
Episode:30/100, Reward:-10696.883694516253
Episode:30/100, avg speed:10.747732713080016
Episode:30/100, avg halt num:0.15782493368700265
Episode:30/100, avg elec cons:0.6317744404212985
 Retrying in 1 seconds
Warning: Unused states in tlLogic 'J10', program '0' in phase 0 after tl-index 10
Simulation......
总奖励:-9675.027203594336, 速度奖励:-4602.249999999956, 加速度奖励:-1133.9772035945778, 交通灯奖励:-3007.100000000801, 与前车进行交互的惩罚:-931.7000000000214
Episode:31/100, Reward:-9675.027203594336
Episode:31/100, avg speed:10.817885388996714
Episode:31/100, avg halt num:0.18796198521647306
Episode:31/100, avg elec cons:0.5990829669926654
 Retrying in 1 seconds
Warning: Unused states in tlLogic 'J10', program '0' in phase 0 after tl-index 10
Simulation......
总奖励:-10368.463549481849, 速度奖励:-4917.599999999944, 加速度奖励:-1097.2635494823053, 交通灯奖励:-3133.500000001167, 与前车进行交互的惩罚:-1220.1000000000402
Episode:32/100, Reward:-10368.463549481849
Episode:32/100, avg speed:10.281660729709088
Episode:32/100, avg halt num:0.23369759942672877
Episode:32/100, avg elec cons:0.5828302701510625
 Retrying in 1 seconds
Warning: Unused states in tlLogic 'J10', program '0' in phase 0 after tl-index 10
Simulation......
总奖励:-9143.384725456743, 速度奖励:-4547.099999999953, 加速度奖励:-921.384725457092, 交通灯奖励:-2701.2000000007424, 与前车进行交互的惩罚:-973.7000000000241
Episode:33/100, Reward:-9143.384725456743
Episode:33/100, avg speed:10.400172767466671
Episode:33/100, avg halt num:0.1894779771615008
Episode:33/100, avg elec cons:0.5242660454401706
 Retrying in 1 seconds
Warning: Unused states in tlLogic 'J10', program '0' in phase 0 after tl-index 10
Simulation......
总奖励:-11687.84257495736, 速度奖励:-5157.649999999958, 加速度奖励:-1179.1925749577424, 交通灯奖励:-4115.500000001022, 与前车进行交互的惩罚:-1235.5000000000412
Episode:34/100, Reward:-11687.84257495736
Episode:34/100, avg speed:10.319649438803726
Episode:34/100, avg halt num:0.2241351174934726
Episode:34/100, avg elec cons:0.4719754402035919
 Retrying in 1 seconds
Warning: Unused states in tlLogic 'J10', program '0' in phase 0 after tl-index 10
Simulation......
总奖励:-11033.005077721436, 速度奖励:-4822.299999999949, 加速度奖励:-1385.9050777218606, 交通灯奖励:-3779.000000001055, 与前车进行交互的惩罚:-1045.8000000000288
Episode:35/100, Reward:-11033.005077721436
Episode:35/100, avg speed:10.700865063216963
Episode:35/100, avg halt num:0.20361990950226244
Episode:35/100, avg elec cons:0.6049409749121334
 Retrying in 1 seconds
Warning: Unused states in tlLogic 'J10', program '0' in phase 0 after tl-index 10
Simulation......
总奖励:-7056.638449300252, 速度奖励:-3714.399999999917, 加速度奖励:-926.6384493002954, 交通灯奖励:-1761.800000000545, 与前车进行交互的惩罚:-653.8000000000034
Episode:36/100, Reward:-7056.638449300252
Episode:36/100, avg speed:11.606911996399663
Episode:36/100, avg halt num:0.09294759057333803
Episode:36/100, avg elec cons:0.7226141682696369
 Retrying in 1 seconds
Warning: Unused states in tlLogic 'J10', program '0' in phase 0 after tl-index 10
Simulation......
总奖励:-8807.9522429326, 速度奖励:-4203.09999999995, 加速度奖励:-944.3522429327363, 交通灯奖励:-2734.4000000008805, 与前车进行交互的惩罚:-926.100000000021
Episode:37/100, Reward:-8807.9522429326
Episode:37/100, avg speed:10.439557918460018
Episode:37/100, avg halt num:0.12302711452853096
Episode:37/100, avg elec cons:0.7425145080175227
 Retrying in 1 seconds
Warning: Unused states in tlLogic 'J10', program '0' in phase 0 after tl-index 10
Simulation......
总奖励:-8185.665976189352, 速度奖励:-3857.1999999999507, 加速度奖励:-900.265976189365, 交通灯奖励:-2882.9000000007695, 与前车进行交互的惩罚:-545.2999999999963
Episode:38/100, Reward:-8185.665976189352
Episode:38/100, avg speed:11.562149882537184
Episode:38/100, avg halt num:0.04659763313609468
Episode:38/100, avg elec cons:0.789284897263201
 Retrying in 1 seconds
Warning: Unused states in tlLogic 'J10', program '0' in phase 0 after tl-index 10
Simulation......
总奖励:-7270.991779570764, 速度奖励:-3875.5999999999567, 加速度奖励:-757.2917795707765, 交通灯奖励:-2129.200000000661, 与前车进行交互的惩罚:-508.8999999999942
Episode:39/100, Reward:-7270.991779570764
Episode:39/100, avg speed:11.47476748246571
Episode:39/100, avg halt num:0.037077702702702706
Episode:39/100, avg elec cons:0.7054705828175891
 Retrying in 1 seconds
Warning: Unused states in tlLogic 'J10', program '0' in phase 0 after tl-index 10
Simulation......
总奖励:-8858.769215972981, 速度奖励:-4387.549999999965, 加速度奖励:-920.1192159732738, 交通灯奖励:-2720.2000000006715, 与前车进行交互的惩罚:-830.9000000000149
Episode:40/100, Reward:-8858.769215972981
Episode:40/100, avg speed:10.55552958554283
Episode:40/100, avg halt num:0.14886786076377154
Episode:40/100, avg elec cons:0.5545017085104801
 Retrying in 1 seconds
Warning: Unused states in tlLogic 'J10', program '0' in phase 0 after tl-index 10
Simulation......
总奖励:-12762.332124928622, 速度奖励:-5427.799999999952, 加速度奖励:-1324.5321249292815, 交通灯奖励:-4548.399999999129, 与前车进行交互的惩罚:-1461.6000000000558
Episode:41/100, Reward:-12762.332124928622
Episode:41/100, avg speed:9.544329929558048
Episode:41/100, avg halt num:0.28248974008207933
Episode:41/100, avg elec cons:0.5076312309363934
 Retrying in 1 seconds
Warning: Unused states in tlLogic 'J10', program '0' in phase 0 after tl-index 10
Simulation......
总奖励:-11604.998988115212, 速度奖励:-5283.299999999962, 加速度奖励:-1223.5989881155976, 交通灯奖励:-4069.8000000013135, 与前车进行交互的惩罚:-1028.3000000000277
Episode:42/100, Reward:-11604.998988115212
Episode:42/100, avg speed:9.628884658149882
Episode:42/100, avg halt num:0.23899314326957777
Episode:42/100, avg elec cons:0.5452420092912454
 Retrying in 1 seconds
Warning: Unused states in tlLogic 'J10', program '0' in phase 0 after tl-index 10
Simulation......
总奖励:-12917.028777535772, 速度奖励:-5359.599999999942, 加速度奖励:-1218.6287775363262, 交通灯奖励:-4942.999999998761, 与前车进行交互的惩罚:-1395.8000000000516
Episode:43/100, Reward:-12917.028777535772
Episode:43/100, avg speed:9.016074045009498
Episode:43/100, avg halt num:0.34576497520030525
Episode:43/100, avg elec cons:0.5997377770510318
 Retrying in 1 seconds
Warning: Unused states in tlLogic 'J10', program '0' in phase 0 after tl-index 10
Simulation......
总奖励:-11818.724007859335, 速度奖励:-5074.499999999929, 加速度奖励:-1299.324007859881, 交通灯奖励:-4345.2000000005955, 与前车进行交互的惩罚:-1099.7000000000323
Episode:44/100, Reward:-11818.724007859335
Episode:44/100, avg speed:9.74655785978915
Episode:44/100, avg halt num:0.2723599137931034
Episode:44/100, avg elec cons:0.595103124119949
 Retrying in 1 seconds
Warning: Unused states in tlLogic 'J10', program '0' in phase 0 after tl-index 10
Simulation......
总奖励:-10852.746902445764, 速度奖励:-4972.399999999967, 加速度奖励:-1247.0469024461972, 交通灯奖励:-3738.7000000010817, 与前车进行交互的惩罚:-894.600000000019
Episode:45/100, Reward:-10852.746902445764
Episode:45/100, avg speed:9.543361125508362
Episode:45/100, avg halt num:0.24711681547619047
Episode:45/100, avg elec cons:0.6750148354942187
 Retrying in 1 seconds
Warning: Unused states in tlLogic 'J10', program '0' in phase 0 after tl-index 10
Simulation......
总奖励:-11986.927029478822, 速度奖励:-5218.499999999926, 加速度奖励:-1373.8270294794597, 交通灯奖励:-4111.500000000431, 与前车进行交互的惩罚:-1283.1000000000442
Episode:46/100, Reward:-11986.927029478822
Episode:46/100, avg speed:10.066378847294052
Episode:46/100, avg halt num:0.2805680359435173
Episode:46/100, avg elec cons:0.5350436820992511
 Retrying in 1 seconds
Warning: Unused states in tlLogic 'J10', program '0' in phase 0 after tl-index 10
Simulation......
总奖励:-15453.743018763904, 速度奖励:-5848.999999999948, 加速度奖励:-1772.6430187646338, 交通灯奖励:-6217.899999996633, 与前车进行交互的惩罚:-1614.2000000000658
Episode:47/100, Reward:-15453.743018763904
Episode:47/100, avg speed:9.338679750913096
Episode:47/100, avg halt num:0.322463768115942
Episode:47/100, avg elec cons:0.5515348047529361
 Retrying in 1 seconds
Warning: Unused states in tlLogic 'J10', program '0' in phase 0 after tl-index 10
Simulation......
总奖励:-16846.695939142883, 速度奖励:-6370.199999999945, 加速度奖励:-1924.1959391437301, 交通灯奖励:-6425.699999997219, 与前车进行交互的惩罚:-2126.6000000000736
Episode:48/100, Reward:-16846.695939142883
Episode:48/100, avg speed:8.2726256702808
Episode:48/100, avg halt num:0.5233160621761658
Episode:48/100, avg elec cons:0.5954374210419903
 Retrying in 1 seconds
Warning: Unused states in tlLogic 'J10', program '0' in phase 0 after tl-index 10
Simulation......
总奖励:-9857.625159305435, 速度奖励:-4864.649999999931, 加速度奖励:-990.3751593058536, 交通灯奖励:-2942.100000001195, 与前车进行交互的惩罚:-1060.5000000000298
Episode:49/100, Reward:-9857.625159305435
Episode:49/100, avg speed:10.710039974491353
Episode:49/100, avg halt num:0.22102324177482643
Episode:49/100, avg elec cons:0.4920376825290554
 Retrying in 1 seconds
Warning: Unused states in tlLogic 'J10', program '0' in phase 0 after tl-index 10
Simulation......
总奖励:-9123.084323927926, 速度奖励:-4742.799999999944, 加速度奖励:-939.0843239283936, 交通灯奖励:-2481.500000000887, 与前车进行交互的惩罚:-959.7000000000232
Episode:50/100, Reward:-9123.084323927926
Episode:50/100, avg speed:10.673172189470208
Episode:50/100, avg halt num:0.24374588545095457
Episode:50/100, avg elec cons:0.5464849585838749
 Retrying in 1 seconds
Warning: Unused states in tlLogic 'J10', program '0' in phase 0 after tl-index 10
Simulation......
总奖励:-10573.48578441426, 速度奖励:-4625.399999999918, 加速度奖励:-1190.485784414604, 交通灯奖励:-3786.0000000009786, 与前车进行交互的惩罚:-971.600000000024
Episode:51/100, Reward:-10573.48578441426
Episode:51/100, avg speed:11.313848122957564
Episode:51/100, avg halt num:0.15935023771790807
Episode:51/100, avg elec cons:0.6006152850048655
 Retrying in 1 seconds
Warning: Unused states in tlLogic 'J10', program '0' in phase 0 after tl-index 10
Simulation......
总奖励:-7333.365401301055, 速度奖励:-3652.5999999999494, 加速度奖励:-1136.2654013011138, 交通灯奖励:-1960.7000000006315, 与前车进行交互的惩罚:-583.7999999999988
Episode:52/100, Reward:-7333.365401301055
Episode:52/100, avg speed:11.638065436021227
Episode:52/100, avg halt num:0.07484567901234568
Episode:52/100, avg elec cons:0.9897886767576385
 Retrying in 1 seconds
Warning: Unused states in tlLogic 'J10', program '0' in phase 0 after tl-index 10
Simulation......
总奖励:-8692.205404040431, 速度奖励:-4207.299999999953, 加速度奖励:-1333.8054040406178, 交通灯奖励:-2199.8000000007164, 与前车进行交互的惩罚:-951.3000000000227
Episode:53/100, Reward:-8692.205404040431
Episode:53/100, avg speed:10.63366450020482
Episode:53/100, avg halt num:0.11450444517616068
Episode:53/100, avg elec cons:0.8729831319859753
 Retrying in 1 seconds
Warning: Unused states in tlLogic 'J10', program '0' in phase 0 after tl-index 10
Simulation......
总奖励:-8729.696012225186, 速度奖励:-3933.7499999999363, 加速度奖励:-1350.5460122252452, 交通灯奖励:-2748.9000000006054, 与前车进行交互的惩罚:-696.5000000000061
Episode:54/100, Reward:-8729.696012225186
Episode:54/100, avg speed:11.189981522006502
Episode:54/100, avg halt num:0.0569504489524443
Episode:54/100, avg elec cons:0.9385768597409767
 Retrying in 1 seconds
Warning: Unused states in tlLogic 'J10', program '0' in phase 0 after tl-index 10
Simulation......
总奖励:-7387.649364860705, 速度奖励:-3574.8999999999264, 加速度奖励:-1010.3493648608309, 交通灯奖励:-2278.100000000664, 与前车进行交互的惩罚:-524.299999999995
Episode:55/100, Reward:-7387.649364860705
Episode:55/100, avg speed:10.95856405787836
Episode:55/100, avg halt num:0.10411985018726591
Episode:55/100, avg elec cons:1.136610527232386
 Retrying in 1 seconds
Warning: Unused states in tlLogic 'J10', program '0' in phase 0 after tl-index 10
Simulation......
总奖励:-10431.146238699901, 速度奖励:-4665.849999999933, 加速度奖励:-926.4962387002689, 交通灯奖励:-4031.0000000011305, 与前车进行交互的惩罚:-807.8000000000134
Episode:56/100, Reward:-10431.146238699901
Episode:56/100, avg speed:10.447379743254363
Episode:56/100, avg halt num:0.18661116892126256
Episode:56/100, avg elec cons:0.6554136440192648
 Retrying in 1 seconds
Warning: Unused states in tlLogic 'J10', program '0' in phase 0 after tl-index 10
Simulation......
总奖励:-7583.750140676157, 速度奖励:-4115.449999999932, 加速度奖励:-905.1001406762678, 交通灯奖励:-1967.5000000006742, 与前车进行交互的惩罚:-595.6999999999996
Episode:57/100, Reward:-7583.750140676157
Episode:57/100, avg speed:10.113065562738862
Episode:57/100, avg halt num:0.12490110759493671
Episode:57/100, avg elec cons:0.92327723197428
 Retrying in 1 seconds
Warning: Unused states in tlLogic 'J10', program '0' in phase 0 after tl-index 10
Simulation......
总奖励:-13781.188376349211, 速度奖励:-5556.9499999999225, 加速度奖励:-1083.638376349854, 交通灯奖励:-5709.099999997829, 与前车进行交互的惩罚:-1431.500000000054
Episode:58/100, Reward:-13781.188376349211
Episode:58/100, avg speed:9.190890409087682
Episode:58/100, avg halt num:0.386003861003861
Episode:58/100, avg elec cons:0.6008623285566307
 Retrying in 1 seconds
Warning: Unused states in tlLogic 'J10', program '0' in phase 0 after tl-index 10
Simulation......
总奖励:-10755.24247521582, 速度奖励:-4708.599999999953, 加速度奖励:-1112.6424752160617, 交通灯奖励:-3900.8000000009597, 与前车进行交互的惩罚:-1033.200000000028
Episode:59/100, Reward:-10755.24247521582
Episode:59/100, avg speed:10.680887130974739
Episode:59/100, avg halt num:0.18652520856002902
Episode:59/100, avg elec cons:0.6567871328925823
 Retrying in 1 seconds
Warning: Unused states in tlLogic 'J10', program '0' in phase 0 after tl-index 10
Simulation......
总奖励:-8702.890172764937, 速度奖励:-4399.399999999941, 加速度奖励:-983.990172765172, 交通灯奖励:-2591.500000000925, 与前车进行交互的惩罚:-728.0000000000082
Episode:60/100, Reward:-8702.890172764937
Episode:60/100, avg speed:11.125530917599427
Episode:60/100, avg halt num:0.1258853831294269
Episode:60/100, avg elec cons:0.6259039468386217
 Retrying in 1 seconds
Warning: Unused states in tlLogic 'J10', program '0' in phase 0 after tl-index 10
Simulation......
总奖励:-10471.174638466775, 速度奖励:-4644.249999999942, 加速度奖励:-897.8246384670216, 交通灯奖励:-4178.000000000744, 与前车进行交互的惩罚:-751.1000000000097
Episode:61/100, Reward:-10471.174638466775
Episode:61/100, avg speed:10.095986496329497
Episode:61/100, avg halt num:0.17844925883694412
Episode:61/100, avg elec cons:0.6721006631331422
 Retrying in 1 seconds
Warning: Unused states in tlLogic 'J10', program '0' in phase 0 after tl-index 10
Simulation......
总奖励:-7757.002616188289, 速度奖励:-4227.649999999931, 加速度奖励:-724.2526161884915, 交通灯奖励:-2286.4000000006163, 与前车进行交互的惩罚:-518.6999999999946
Episode:62/100, Reward:-7757.002616188289
Episode:62/100, avg speed:10.729813509594857
Episode:62/100, avg halt num:0.13014487981560752
Episode:62/100, avg elec cons:0.7558359138711452
 Retrying in 1 seconds
Warning: Unused states in tlLogic 'J10', program '0' in phase 0 after tl-index 10
Simulation......
总奖励:-12222.63030273117, 速度奖励:-5442.199999999938, 加速度奖励:-914.7303027317897, 交通灯奖励:-4687.600000000263, 与前车进行交互的惩罚:-1178.1000000000374
Episode:63/100, Reward:-12222.63030273117
Episode:63/100, avg speed:10.432712154586618
Episode:63/100, avg halt num:0.29809172052939364
Episode:63/100, avg elec cons:0.4243622900868013
 Retrying in 1 seconds
Warning: Unused states in tlLogic 'J10', program '0' in phase 0 after tl-index 10
Simulation......
总奖励:-11615.67143244623, 速度奖励:-5081.7499999999545, 加速度奖励:-1115.4214324466766, 交通灯奖励:-4353.100000000226, 与前车进行交互的惩罚:-1065.40000000003
Episode:64/100, Reward:-11615.67143244623
Episode:64/100, avg speed:9.278913003760966
Episode:64/100, avg halt num:0.2672749822820695
Episode:64/100, avg elec cons:0.6569451759159184
 Retrying in 1 seconds
Warning: Unused states in tlLogic 'J10', program '0' in phase 0 after tl-index 10
Simulation......
总奖励:-8260.656269401135, 速度奖励:-4144.949999999951, 加速度奖励:-882.5062694012812, 交通灯奖励:-2564.7000000008575, 与前车进行交互的惩罚:-668.5000000000043
Episode:65/100, Reward:-8260.656269401135
Episode:65/100, avg speed:10.917575960450527
Episode:65/100, avg halt num:0.10042283298097252
Episode:65/100, avg elec cons:0.8580515978395322
 Retrying in 1 seconds
Warning: Unused states in tlLogic 'J10', program '0' in phase 0 after tl-index 10
Simulation......
总奖励:-8611.324278528997, 速度奖励:-4370.19999999994, 加速度奖励:-931.5242785291532, 交通灯奖励:-2630.60000000091, 与前车进行交互的惩罚:-679.000000000005
Episode:66/100, Reward:-8611.324278528997
Episode:66/100, avg speed:11.71516774151432
Episode:66/100, avg halt num:0.10308166409861325
Episode:66/100, avg elec cons:0.7670121470394868
 Retrying in 1 seconds
Warning: Unused states in tlLogic 'J10', program '0' in phase 0 after tl-index 10
Simulation......
总奖励:-6555.218617337614, 速度奖励:-3498.4999999999272, 加速度奖励:-864.3186173376747, 交通灯奖励:-1783.6000000005206, 与前车进行交互的惩罚:-408.7999999999958
Episode:67/100, Reward:-6555.218617337614
Episode:67/100, avg speed:12.609977202961808
Episode:67/100, avg halt num:0.06573415265200518
Episode:67/100, avg elec cons:1.186721848886718
 Retrying in 1 seconds
Warning: Unused states in tlLogic 'J10', program '0' in phase 0 after tl-index 10
Simulation......
总奖励:-6155.643032738343, 速度奖励:-3391.5499999999174, 加速度奖励:-857.7930327383681, 交通灯奖励:-1488.400000000399, 与前车进行交互的惩罚:-417.89999999999566
Episode:68/100, Reward:-6155.643032738343
Episode:68/100, avg speed:12.722224889379914
Episode:68/100, avg halt num:0.05795904887714663
Episode:68/100, avg elec cons:0.9049611129847563
 Retrying in 1 seconds
Warning: Unused states in tlLogic 'J10', program '0' in phase 0 after tl-index 10
Simulation......
总奖励:-4899.268912161976, 速度奖励:-3201.0499999999493, 加速度奖励:-539.7189121619588, 交通灯奖励:-939.3999999997435, 与前车进行交互的惩罚:-219.0999999999989
Episode:69/100, Reward:-4899.268912161976
Episode:69/100, avg speed:13.002499250463226
Episode:69/100, avg halt num:0.018064911206368647
Episode:69/100, avg elec cons:0.7561994023054407
 Retrying in 1 seconds
Warning: Unused states in tlLogic 'J10', program '0' in phase 0 after tl-index 10
Simulation......
总奖励:-5390.758531130473, 速度奖励:-3381.6499999999387, 加速度奖励:-555.5085311304971, 交通灯奖励:-1178.50000000025, 与前车进行交互的惩罚:-275.099999999998
Episode:70/100, Reward:-5390.758531130473
Episode:70/100, avg speed:12.205826395206808
Episode:70/100, avg halt num:0.036380892122745964
Episode:70/100, avg elec cons:0.7979770280522882
 Retrying in 1 seconds
Warning: Unused states in tlLogic 'J10', program '0' in phase 0 after tl-index 10
Simulation......
总奖励:-7268.357876032745, 速度奖励:-3609.9499999999152, 加速度奖励:-735.507876032887, 交通灯奖励:-2463.7000000005864, 与前车进行交互的惩罚:-459.199999999995
Episode:71/100, Reward:-7268.357876032745
Episode:71/100, avg speed:12.309420149859358
Episode:71/100, avg halt num:0.06247979308115099
Episode:71/100, avg elec cons:0.9389527566224208
 Retrying in 1 seconds
Warning: Unused states in tlLogic 'J10', program '0' in phase 0 after tl-index 10
Simulation......
总奖励:-6467.108404211094, 速度奖励:-3729.8499999999385, 加速度奖励:-624.9584042111321, 交通灯奖励:-1756.7000000004655, 与前车进行交互的惩罚:-355.59999999999667
Episode:72/100, Reward:-6467.108404211094
Episode:72/100, avg speed:11.160669478891325
Episode:72/100, avg halt num:0.05974025974025974
Episode:72/100, avg elec cons:0.8575898625481402
 Retrying in 1 seconds
Warning: Unused states in tlLogic 'J10', program '0' in phase 0 after tl-index 10
Simulation......
总奖励:-10281.93317714675, 速度奖励:-5119.099999999947, 加速度奖励:-881.0331771472125, 交通灯奖励:-3476.800000001082, 与前车进行交互的惩罚:-805.0000000000132
Episode:73/100, Reward:-10281.93317714675
Episode:73/100, avg speed:10.052281017474957
Episode:73/100, avg halt num:0.23149481566820276
Episode:73/100, avg elec cons:0.39767969774489864
 Retrying in 1 seconds
Warning: Unused states in tlLogic 'J10', program '0' in phase 0 after tl-index 10
Simulation......
总奖励:-19095.337841722976, 速度奖励:-6448.399999999951, 加速度奖励:-1257.3378417228248, 交通灯奖励:-9375.699999995553, 与前车进行交互的惩罚:-2013.9000000000917
Episode:74/100, Reward:-19095.337841722976
Episode:74/100, avg speed:10.119116681249091
Episode:74/100, avg halt num:0.4032364597093791
Episode:74/100, avg elec cons:0.436207506017831
 Retrying in 1 seconds
Warning: Unused states in tlLogic 'J10', program '0' in phase 0 after tl-index 10
Simulation......
总奖励:-9628.773618934309, 速度奖励:-4652.04999999996, 加速度奖励:-898.9236189345676, 交通灯奖励:-3361.7000000009957, 与前车进行交互的惩罚:-716.1000000000074
Episode:75/100, Reward:-9628.773618934309
Episode:75/100, avg speed:10.914196130415313
Episode:75/100, avg halt num:0.14215050275705482
Episode:75/100, avg elec cons:0.5319116099349245
 Retrying in 1 seconds
Warning: Unused states in tlLogic 'J10', program '0' in phase 0 after tl-index 10
Simulation......
总奖励:-12100.979443982827, 速度奖励:-4818.399999999931, 加速度奖励:-1108.279443983374, 交通灯奖励:-5297.899999998318, 与前车进行交互的惩罚:-876.4000000000178
Episode:76/100, Reward:-12100.979443982827
Episode:76/100, avg speed:10.007623806893198
Episode:76/100, avg halt num:0.27055449330783937
Episode:76/100, avg elec cons:0.7742858486150292
 Retrying in 1 seconds
Warning: Unused states in tlLogic 'J10', program '0' in phase 0 after tl-index 10
Simulation......
总奖励:-14447.817152136815, 速度奖励:-5678.149999999957, 加速度奖励:-1193.867152137721, 交通灯奖励:-6201.699999998431, 与前车进行交互的惩罚:-1374.1000000000502
Episode:77/100, Reward:-14447.817152136815
Episode:77/100, avg speed:9.41995347516924
Episode:77/100, avg halt num:0.4176874536005939
Episode:77/100, avg elec cons:0.5541392070697482
 Retrying in 1 seconds
Warning: Unused states in tlLogic 'J10', program '0' in phase 0 after tl-index 10
Simulation......
总奖励:-9016.021527193907, 速度奖励:-4356.4499999999425, 加速度奖励:-850.3715271941196, 交通灯奖励:-3191.1000000008626, 与前车进行交互的惩罚:-618.100000000001
Episode:78/100, Reward:-9016.021527193907
Episode:78/100, avg speed:10.396009124107483
Episode:78/100, avg halt num:0.18693946188340807
Episode:78/100, avg elec cons:0.6563085886793618
 Retrying in 1 seconds
Warning: Unused states in tlLogic 'J10', program '0' in phase 0 after tl-index 10
Simulation......
总奖励:-18469.9392128013, 速度奖励:-6271.999999999953, 加速度奖励:-1912.4392128011098, 交通灯奖励:-8910.699999996672, 与前车进行交互的惩罚:-1374.8000000000502
Episode:79/100, Reward:-18469.9392128013
Episode:79/100, avg speed:9.066710943736922
Episode:79/100, avg halt num:0.35065835065835066
Episode:79/100, avg elec cons:0.5249325274413822
 Retrying in 1 seconds
Warning: Unused states in tlLogic 'J10', program '0' in phase 0 after tl-index 10
Simulation......
总奖励:-17232.63749780462, 速度奖励:-6014.3999999999505, 加速度奖励:-1827.1374978051786, 交通灯奖励:-7978.4999999967, 与前车进行交互的惩罚:-1412.6000000000527
Episode:80/100, Reward:-17232.63749780462
Episode:80/100, avg speed:8.993394146721442
Episode:80/100, avg halt num:0.31002869897959184
Episode:80/100, avg elec cons:0.4618248571248405
 Retrying in 1 seconds
Warning: Unused states in tlLogic 'J10', program '0' in phase 0 after tl-index 10
Simulation......
总奖励:-21956.11878753235, 速度奖励:-6457.349999999916, 加速度奖励:-2029.6687875318617, 交通灯奖励:-11079.299999995541, 与前车进行交互的惩罚:-2389.800000000005
Episode:81/100, Reward:-21956.11878753235
Episode:81/100, avg speed:9.292470466402522
Episode:81/100, avg halt num:0.4412396990326048
Episode:81/100, avg elec cons:0.6570490072288904
 Retrying in 1 seconds
Warning: Unused states in tlLogic 'J10', program '0' in phase 0 after tl-index 10
Simulation......
总奖励:-10298.801077581093, 速度奖励:-4465.649999999942, 加速度奖励:-1075.3510775815073, 交通灯奖励:-3684.0000000008645, 与前车进行交互的惩罚:-1073.8000000000306
Episode:82/100, Reward:-10298.801077581093
Episode:82/100, avg speed:10.489745196430103
Episode:82/100, avg halt num:0.24357034795763993
Episode:82/100, avg elec cons:0.7616065033963653
 Retrying in 1 seconds
Warning: Unused states in tlLogic 'J10', program '0' in phase 0 after tl-index 10
Simulation......
总奖励:-13229.845305525214, 速度奖励:-5713.349999999939, 加速度奖励:-1089.595305526106, 交通灯奖励:-4746.899999998938, 与前车进行交互的惩罚:-1680.00000000007
Episode:83/100, Reward:-13229.845305525214
Episode:83/100, avg speed:9.75923792066909
Episode:83/100, avg halt num:0.40458579881656803
Episode:83/100, avg elec cons:0.44044559537722566
 Retrying in 1 seconds
Warning: Unused states in tlLogic 'J10', program '0' in phase 0 after tl-index 10
Simulation......
总奖励:-4952.468995078723, 速度奖励:-3153.999999999961, 加速度奖励:-621.8689950787372, 交通灯奖励:-747.4999999998649, 与前车进行交互的惩罚:-429.0999999999955
Episode:84/100, Reward:-4952.468995078723
Episode:84/100, avg speed:12.157688929497485
Episode:84/100, avg halt num:0.07063339731285989
Episode:84/100, avg elec cons:1.1140349224827881
 Retrying in 1 seconds
Warning: Unused states in tlLogic 'J10', program '0' in phase 0 after tl-index 10
Simulation......
总奖励:-5833.588141962016, 速度奖励:-3331.94999999995, 加速度奖励:-698.6381419621454, 交通灯奖励:-1225.4999999999977, 与前车进行交互的惩罚:-577.4999999999984
Episode:85/100, Reward:-5833.588141962016
Episode:85/100, avg speed:12.51744646281049
Episode:85/100, avg halt num:0.09425024501796798
Episode:85/100, avg elec cons:0.7889643843001668
 Retrying in 1 seconds
Warning: Unused states in tlLogic 'J10', program '0' in phase 0 after tl-index 10
Simulation......
总奖励:-5565.335301473383, 速度奖励:-3280.54999999995, 加速度奖励:-603.9853014734474, 交通灯奖励:-1077.399999999875, 与前车进行交互的惩罚:-603.4000000000001
Episode:86/100, Reward:-5565.335301473383
Episode:86/100, avg speed:12.675020461875901
Episode:86/100, avg halt num:0.05704140223632517
Episode:86/100, avg elec cons:0.6851672783207945
 Retrying in 1 seconds
Warning: Unused states in tlLogic 'J10', program '0' in phase 0 after tl-index 10
Simulation......
总奖励:-7121.661049573843, 速度奖励:-3972.4999999999563, 加速度奖励:-588.7610495739989, 交通灯奖励:-2034.7000000006215, 与前车进行交互的惩罚:-525.699999999995
Episode:87/100, Reward:-7121.661049573843
Episode:87/100, avg speed:10.706197167403522
Episode:87/100, avg halt num:0.10530028214429665
Episode:87/100, avg elec cons:0.7511464684214465
 Retrying in 1 seconds
Warning: Unused states in tlLogic 'J10', program '0' in phase 0 after tl-index 10
Simulation......
总奖励:-11916.827293999773, 速度奖励:-5368.499999999941, 加速度奖励:-1047.727294000336, 交通灯奖励:-4473.000000000056, 与前车进行交互的惩罚:-1027.6000000000276
Episode:88/100, Reward:-11916.827293999773
Episode:88/100, avg speed:9.832743778431315
Episode:88/100, avg halt num:0.24073170731707316
Episode:88/100, avg elec cons:0.49133907728953835
 Retrying in 1 seconds
Warning: Unused states in tlLogic 'J10', program '0' in phase 0 after tl-index 10
Simulation......
总奖励:-8948.920587319797, 速度奖励:-4537.949999999921, 加速度奖励:-714.870587320059, 交通灯奖励:-2979.300000000978, 与前车进行交互的惩罚:-716.8000000000075
Episode:89/100, Reward:-8948.920587319797
Episode:89/100, avg speed:10.159330650373782
Episode:89/100, avg halt num:0.13125459896983077
Episode:89/100, avg elec cons:0.5365769192319064
 Retrying in 1 seconds
Warning: Unused states in tlLogic 'J10', program '0' in phase 0 after tl-index 10
Simulation......
总奖励:-9374.962385815012, 速度奖励:-4300.649999999935, 加速度奖励:-1033.2123858152581, 交通灯奖励:-3416.7000000007833, 与前车进行交互的惩罚:-624.4000000000015
Episode:90/100, Reward:-9374.962385815012
Episode:90/100, avg speed:10.000239670138997
Episode:90/100, avg halt num:0.1553578049684835
Episode:90/100, avg elec cons:0.705853858459598
 Retrying in 1 seconds
Warning: Unused states in tlLogic 'J10', program '0' in phase 0 after tl-index 10
Simulation......
总奖励:-59321.33586694174, 速度奖励:-11299.449999999999, 加速度奖励:-8164.885866937986, 交通灯奖励:-36142.100000017504, 与前车进行交互的惩罚:-3714.899999999661
Episode:91/100, Reward:-59321.33586694174
Episode:91/100, avg speed:5.8161797686139
Episode:91/100, avg halt num:0.4423594749242679
Episode:91/100, avg elec cons:0.7773256460830563
 Retrying in 1 seconds
Warning: Unused states in tlLogic 'J10', program '0' in phase 0 after tl-index 10
Simulation......
总奖励:-60912.16920825783, 速度奖励:-11577.75, 加速度奖励:-8296.819208253131, 交通灯奖励:-37106.40000001878, 与前车进行交互的惩罚:-3931.1999999996046
Episode:92/100, Reward:-60912.16920825783
Episode:92/100, avg speed:5.513636792991947
Episode:92/100, avg halt num:0.4882561676241974
Episode:92/100, avg elec cons:0.7743719024248308
 Retrying in 1 seconds
Warning: Unused states in tlLogic 'J10', program '0' in phase 0 after tl-index 10
Simulation......
总奖励:-61798.78224982878, 速度奖励:-11691.0, 加速度奖励:-8297.882249824539, 交通灯奖励:-37302.60000001922, 与前车进行交互的惩罚:-4507.299999999455
Episode:93/100, Reward:-61798.78224982878
Episode:93/100, avg speed:6.484896751285412
Episode:93/100, avg halt num:0.5077328348062542
Episode:93/100, avg elec cons:0.7774297073190097
 Retrying in 1 seconds
Warning: Unused states in tlLogic 'J10', program '0' in phase 0 after tl-index 10
Simulation......
总奖励:-60429.857786000975, 速度奖励:-11521.75, 加速度奖励:-8309.407785996906, 交通灯奖励:-37076.30000001857, 与前车进行交互的惩罚:-3522.399999999711
Episode:94/100, Reward:-60429.857786000975
Episode:94/100, avg speed:6.043213402458846
Episode:94/100, avg halt num:0.41463957282705427
Episode:94/100, avg elec cons:0.6801913637122133
 Retrying in 1 seconds
Warning: Unused states in tlLogic 'J10', program '0' in phase 0 after tl-index 10
Simulation......
总奖励:-61838.35603996116, 速度奖励:-11694.0, 加速度奖励:-8317.456039956096, 交通灯奖励:-37830.600000019316, 与前车进行交互的惩罚:-3996.2999999995877
Episode:95/100, Reward:-61838.35603996116
Episode:95/100, avg speed:5.516382514075938
Episode:95/100, avg halt num:0.5076209410205434
Episode:95/100, avg elec cons:0.7600094623530831
 Retrying in 1 seconds
Warning: Unused states in tlLogic 'J10', program '0' in phase 0 after tl-index 10
Simulation......
总奖励:-60955.71902676999, 速度奖励:-11610.5, 加速度奖励:-8295.519026765194, 交通灯奖励:-37181.50000001922, 与前车进行交互的惩罚:-3868.199999999621
Episode:96/100, Reward:-60955.71902676999
Episode:96/100, avg speed:4.654641288599903
Episode:96/100, avg halt num:0.5302237459400938
Episode:96/100, avg elec cons:0.8292018238275467
 Retrying in 1 seconds
Warning: Unused states in tlLogic 'J10', program '0' in phase 0 after tl-index 10
Simulation......
总奖励:-61026.9340754585, 速度奖励:-11558.0, 加速度奖励:-8307.234075454515, 交通灯奖励:-37173.10000001907, 与前车进行交互的惩罚:-3988.5999999995897
Episode:97/100, Reward:-61026.9340754585
Episode:97/100, avg speed:6.6217923779842645
Episode:97/100, avg halt num:0.45311486048020766
Episode:97/100, avg elec cons:0.7448897110298616
 Retrying in 1 seconds
Warning: Unused states in tlLogic 'J10', program '0' in phase 0 after tl-index 10
Simulation......
总奖励:-60210.187340574324, 速度奖励:-11498.75, 加速度奖励:-8302.33734056951, 交通灯奖励:-36867.10000001866, 与前车进行交互的惩罚:-3541.999999999706
Episode:98/100, Reward:-60210.187340574324
Episode:98/100, avg speed:4.607377957719648
Episode:98/100, avg halt num:0.5001803101334295
Episode:98/100, avg elec cons:0.8270351159280451
 Retrying in 1 seconds
Warning: Unused states in tlLogic 'J10', program '0' in phase 0 after tl-index 10
Simulation......
总奖励:-59379.307008966854, 速度奖励:-11430.5, 加速度奖励:-8291.50700896293, 交通灯奖励:-36153.10000001836, 与前车进行交互的惩罚:-3504.1999999997156
Episode:99/100, Reward:-59379.307008966854
Episode:99/100, avg speed:6.298547821394925
Episode:99/100, avg halt num:0.4121081745543946
Episode:99/100, avg elec cons:0.7017242356948632
 Retrying in 1 seconds
Warning: Unused states in tlLogic 'J10', program '0' in phase 0 after tl-index 10
Simulation......
总奖励:-60020.05012928318, 速度奖励:-11415.75, 加速度奖励:-8274.700129279294, 交通灯奖励:-36629.4000000184, 与前车进行交互的惩罚:-3700.1999999996647
Episode:100/100, Reward:-60020.05012928318
Episode:100/100, avg speed:6.723911766488472
Episode:100/100, avg halt num:0.4027035056446821
Episode:100/100, avg elec cons:0.6783150114847968
model saved successfully!
Complete training!
final reward list:[-78866.44903337331, -81532.65545213912, -57956.54480113256, -22022.834466597124, -10654.15563223434, -8223.981814901214, -7871.231949309589, -7255.357479096844, -15390.999670206696, -5557.681759002844, -7384.087317581649, -6147.735597239141, -4954.601299232996, -4678.8351135650155, -17124.996452739848, -14259.407079315703, -7385.928946434732, -6119.016463763062, -5873.083527997153, -8278.887792370082, -10718.336218639615, -8773.156643541364, -8646.347060323656, -10612.335374633774, -12143.49185744942, -13351.182266451182, -12593.204170744997, -11746.68684616176, -11608.3278639671, -10696.883694516253, -9675.027203594336, -10368.463549481849, -9143.384725456743, -11687.84257495736, -11033.005077721436, -7056.638449300252, -8807.9522429326, -8185.665976189352, -7270.991779570764, -8858.769215972981, -12762.332124928622, -11604.998988115212, -12917.028777535772, -11818.724007859335, -10852.746902445764, -11986.927029478822, -15453.743018763904, -16846.695939142883, -9857.625159305435, -9123.084323927926, -10573.48578441426, -7333.365401301055, -8692.205404040431, -8729.696012225186, -7387.649364860705, -10431.146238699901, -7583.750140676157, -13781.188376349211, -10755.24247521582, -8702.890172764937, -10471.174638466775, -7757.002616188289, -12222.63030273117, -11615.67143244623, -8260.656269401135, -8611.324278528997, -6555.218617337614, -6155.643032738343, -4899.268912161976, -5390.758531130473, -7268.357876032745, -6467.108404211094, -10281.93317714675, -19095.337841722976, -9628.773618934309, -12100.979443982827, -14447.817152136815, -9016.021527193907, -18469.9392128013, -17232.63749780462, -21956.11878753235, -10298.801077581093, -13229.845305525214, -4952.468995078723, -5833.588141962016, -5565.335301473383, -7121.661049573843, -11916.827293999773, -8948.920587319797, -9374.962385815012, -59321.33586694174, -60912.16920825783, -61798.78224982878, -60429.857786000975, -61838.35603996116, -60955.71902676999, -61026.9340754585, -60210.187340574324, -59379.307008966854, -60020.05012928318]
final speed list:[6.304414865620437, 5.9303282228797, 6.224688398186307, 8.398273997195604, 10.593350477690773, 12.823865992247361, 12.7084203922732, 12.938212630795855, 9.256294793287262, 13.1851473110861, 13.005518475727307, 13.599309834709262, 13.810327948250627, 13.799153458987453, 9.784098515962862, 9.94617964443801, 12.849015400891275, 12.276982683224272, 13.635096559503165, 11.595494377301886, 10.139769172988021, 11.235299214285105, 11.3515699372414, 10.620915537305297, 10.122876445635557, 9.6461726759199, 10.078836155966737, 8.994749845147318, 9.671267602021988, 10.747732713080016, 10.817885388996714, 10.281660729709088, 10.400172767466671, 10.319649438803726, 10.700865063216963, 11.606911996399663, 10.439557918460018, 11.562149882537184, 11.47476748246571, 10.55552958554283, 9.544329929558048, 9.628884658149882, 9.016074045009498, 9.74655785978915, 9.543361125508362, 10.066378847294052, 9.338679750913096, 8.2726256702808, 10.710039974491353, 10.673172189470208, 11.313848122957564, 11.638065436021227, 10.63366450020482, 11.189981522006502, 10.95856405787836, 10.447379743254363, 10.113065562738862, 9.190890409087682, 10.680887130974739, 11.125530917599427, 10.095986496329497, 10.729813509594857, 10.432712154586618, 9.278913003760966, 10.917575960450527, 11.71516774151432, 12.609977202961808, 12.722224889379914, 13.002499250463226, 12.205826395206808, 12.309420149859358, 11.160669478891325, 10.052281017474957, 10.119116681249091, 10.914196130415313, 10.007623806893198, 9.41995347516924, 10.396009124107483, 9.066710943736922, 8.993394146721442, 9.292470466402522, 10.489745196430103, 9.75923792066909, 12.157688929497485, 12.51744646281049, 12.675020461875901, 10.706197167403522, 9.832743778431315, 10.159330650373782, 10.000239670138997, 5.8161797686139, 5.513636792991947, 6.484896751285412, 6.043213402458846, 5.516382514075938, 4.654641288599903, 6.6217923779842645, 4.607377957719648, 6.298547821394925, 6.723911766488472]
final elec cons list:[0.17834487757089584, 0.19190424499078956, 0.5684382913810639, 0.7598360617217025, 1.0288497643289924, 1.4848958791793618, 1.3584744399569164, 1.2398912608938732, 0.5356952533214835, 2.2939494728706307, 1.3078086654624343, 1.8517972110565482, 1.9892155695839244, 2.457083590211428, 0.6959314867016367, 1.1901016247934542, 1.9767963052189557, 2.890086340240905, 2.5430142651514758, 1.0885323866394758, 1.039572009996193, 0.9874606324316086, 0.6632250394507822, 0.5723466300702369, 0.5201941411308421, 0.6392446187188684, 0.5783028096770246, 0.6364334211135197, 0.6477261328230015, 0.6317744404212985, 0.5990829669926654, 0.5828302701510625, 0.5242660454401706, 0.4719754402035919, 0.6049409749121334, 0.7226141682696369, 0.7425145080175227, 0.789284897263201, 0.7054705828175891, 0.5545017085104801, 0.5076312309363934, 0.5452420092912454, 0.5997377770510318, 0.595103124119949, 0.6750148354942187, 0.5350436820992511, 0.5515348047529361, 0.5954374210419903, 0.4920376825290554, 0.5464849585838749, 0.6006152850048655, 0.9897886767576385, 0.8729831319859753, 0.9385768597409767, 1.136610527232386, 0.6554136440192648, 0.92327723197428, 0.6008623285566307, 0.6567871328925823, 0.6259039468386217, 0.6721006631331422, 0.7558359138711452, 0.4243622900868013, 0.6569451759159184, 0.8580515978395322, 0.7670121470394868, 1.186721848886718, 0.9049611129847563, 0.7561994023054407, 0.7979770280522882, 0.9389527566224208, 0.8575898625481402, 0.39767969774489864, 0.436207506017831, 0.5319116099349245, 0.7742858486150292, 0.5541392070697482, 0.6563085886793618, 0.5249325274413822, 0.4618248571248405, 0.6570490072288904, 0.7616065033963653, 0.44044559537722566, 1.1140349224827881, 0.7889643843001668, 0.6851672783207945, 0.7511464684214465, 0.49133907728953835, 0.5365769192319064, 0.705853858459598, 0.7773256460830563, 0.7743719024248308, 0.7774297073190097, 0.6801913637122133, 0.7600094623530831, 0.8292018238275467, 0.7448897110298616, 0.8270351159280451, 0.7017242356948632, 0.6783150114847968]
final halt list:[0.7997750281214848, 0.8837890625, 0.39945652173913043, 0.13495979532163743, 0.08465250965250966, 0.06284013605442176, 0.08517323369565218, 0.08628451380552221, 0.44439148395297107, 0.012700069589422408, 0.12414355628058728, 0.0593654042988741, 0.03273067331670823, 0.018866268866268868, 0.218562874251497, 0.20179496669133976, 0.049449604403164774, 0.011162510056315366, 0.03225806451612903, 0.1017897091722595, 0.08465657311669128, 0.08768790264853257, 0.1338174273858921, 0.16725083815909783, 0.29656160458452724, 0.2966330572560317, 0.1870328241793955, 0.1998642358417378, 0.2557874762808349, 0.15782493368700265, 0.18796198521647306, 0.23369759942672877, 0.1894779771615008, 0.2241351174934726, 0.20361990950226244, 0.09294759057333803, 0.12302711452853096, 0.04659763313609468, 0.037077702702702706, 0.14886786076377154, 0.28248974008207933, 0.23899314326957777, 0.34576497520030525, 0.2723599137931034, 0.24711681547619047, 0.2805680359435173, 0.322463768115942, 0.5233160621761658, 0.22102324177482643, 0.24374588545095457, 0.15935023771790807, 0.07484567901234568, 0.11450444517616068, 0.0569504489524443, 0.10411985018726591, 0.18661116892126256, 0.12490110759493671, 0.386003861003861, 0.18652520856002902, 0.1258853831294269, 0.17844925883694412, 0.13014487981560752, 0.29809172052939364, 0.2672749822820695, 0.10042283298097252, 0.10308166409861325, 0.06573415265200518, 0.05795904887714663, 0.018064911206368647, 0.036380892122745964, 0.06247979308115099, 0.05974025974025974, 0.23149481566820276, 0.4032364597093791, 0.14215050275705482, 0.27055449330783937, 0.4176874536005939, 0.18693946188340807, 0.35065835065835066, 0.31002869897959184, 0.4412396990326048, 0.24357034795763993, 0.40458579881656803, 0.07063339731285989, 0.09425024501796798, 0.05704140223632517, 0.10530028214429665, 0.24073170731707316, 0.13125459896983077, 0.1553578049684835, 0.4423594749242679, 0.4882561676241974, 0.5077328348062542, 0.41463957282705427, 0.5076209410205434, 0.5302237459400938, 0.45311486048020766, 0.5001803101334295, 0.4121081745543946, 0.4027035056446821]
speed reward list:[-15996.5, -16326.25, -11483.049999999988, -6376.149999999971, -4133.899999999937, -3174.199999999904, -3283.6999999999393, -3224.5499999999565, -6037.549999999942, -2883.3999999999733, -3361.89999999994, -2862.899999999955, -2598.90000000001, -2610.9, -5401.699999999943, -4778.3499999999085, -3132.0999999999453, -2805.899999999974, -2735.1499999999814, -3751.899999999946, -4218.4999999999245, -3936.5499999999493, -4153.749999999949, -4615.999999999934, -5224.249999999947, -5285.149999999956, -4915.349999999948, -4935.399999999955, -5039.699999999959, -4621.099999999941, -4602.249999999956, -4917.599999999944, -4547.099999999953, -5157.649999999958, -4822.299999999949, -3714.399999999917, -4203.09999999995, -3857.1999999999507, -3875.5999999999567, -4387.549999999965, -5427.799999999952, -5283.299999999962, -5359.599999999942, -5074.499999999929, -4972.399999999967, -5218.499999999926, -5848.999999999948, -6370.199999999945, -4864.649999999931, -4742.799999999944, -4625.399999999918, -3652.5999999999494, -4207.299999999953, -3933.7499999999363, -3574.8999999999264, -4665.849999999933, -4115.449999999932, -5556.9499999999225, -4708.599999999953, -4399.399999999941, -4644.249999999942, -4227.649999999931, -5442.199999999938, -5081.7499999999545, -4144.949999999951, -4370.19999999994, -3498.4999999999272, -3391.5499999999174, -3201.0499999999493, -3381.6499999999387, -3609.9499999999152, -3729.8499999999385, -5119.099999999947, -6448.399999999951, -4652.04999999996, -4818.399999999931, -5678.149999999957, -4356.4499999999425, -6271.999999999953, -6014.3999999999505, -6457.349999999916, -4465.649999999942, -5713.349999999939, -3153.999999999961, -3331.94999999995, -3280.54999999995, -3972.4999999999563, -5368.499999999941, -4537.949999999921, -4300.649999999935, -11299.449999999999, -11577.75, -11691.0, -11521.75, -11694.0, -11610.5, -11558.0, -11498.75, -11430.5, -11415.75]
accel reward list:[-1669.5490333749115, -1625.605452142155, -5287.494801128888, -891.0844665965508, -906.6556322344622, -721.7818149014067, -845.0319493097008, -912.4074790968838, -1233.7496702077697, -795.9817590028921, -963.3873175818056, -835.1355972392022, -857.4012992330192, -748.8351135650479, -2009.6964527401367, -2029.5570793161708, -1322.4289464348526, -1094.4164637630993, -981.4335279972157, -974.6877923702929, -1310.1362186397569, -988.0066435414614, -1052.397060323836, -1336.2353746341605, -1261.6418574499687, -1504.332266451854, -1437.7541707454127, -1332.1868461621807, -1388.0278639676226, -1279.2836945165777, -1133.9772035945778, -1097.2635494823053, -921.384725457092, -1179.1925749577424, -1385.9050777218606, -926.6384493002954, -944.3522429327363, -900.265976189365, -757.2917795707765, -920.1192159732738, -1324.5321249292815, -1223.5989881155976, -1218.6287775363262, -1299.324007859881, -1247.0469024461972, -1373.8270294794597, -1772.6430187646338, -1924.1959391437301, -990.3751593058536, -939.0843239283936, -1190.485784414604, -1136.2654013011138, -1333.8054040406178, -1350.5460122252452, -1010.3493648608309, -926.4962387002689, -905.1001406762678, -1083.638376349854, -1112.6424752160617, -983.990172765172, -897.8246384670216, -724.2526161884915, -914.7303027317897, -1115.4214324466766, -882.5062694012812, -931.5242785291532, -864.3186173376747, -857.7930327383681, -539.7189121619588, -555.5085311304971, -735.507876032887, -624.9584042111321, -881.0331771472125, -1257.3378417228248, -898.9236189345676, -1108.279443983374, -1193.867152137721, -850.3715271941196, -1912.4392128011098, -1827.1374978051786, -2029.6687875318617, -1075.3510775815073, -1089.595305526106, -621.8689950787372, -698.6381419621454, -603.9853014734474, -588.7610495739989, -1047.727294000336, -714.870587320059, -1033.2123858152581, -8164.885866937986, -8296.819208253131, -8297.882249824539, -8309.407785996906, -8317.456039956096, -8295.519026765194, -8307.234075454515, -8302.33734056951, -8291.50700896293, -8274.700129279294]
tls reward list:[-52479.10000003383, -54321.20000003422, -37088.900000018184, -14164.099999995193, -5288.799999999621, -3989.200000000737, -3295.9000000007927, -2673.9000000006836, -6174.399999997362, -1394.6000000002205, -2570.900000000706, -1984.2000000005037, -1197.3000000000127, -959.9999999998313, -8165.199999997149, -5982.199999998115, -2163.5000000006457, -1471.8000000003922, -1484.500000000176, -2482.700000000599, -4087.9000000011133, -2727.2000000007833, -2682.800000000721, -3834.100000001082, -4420.000000000587, -5116.899999999282, -5218.799999999344, -4515.199999999908, -4114.5000000011005, -3843.1000000011213, -3007.100000000801, -3133.500000001167, -2701.2000000007424, -4115.500000001022, -3779.000000001055, -1761.800000000545, -2734.4000000008805, -2882.9000000007695, -2129.200000000661, -2720.2000000006715, -4548.399999999129, -4069.8000000013135, -4942.999999998761, -4345.2000000005955, -3738.7000000010817, -4111.500000000431, -6217.899999996633, -6425.699999997219, -2942.100000001195, -2481.500000000887, -3786.0000000009786, -1960.7000000006315, -2199.8000000007164, -2748.9000000006054, -2278.100000000664, -4031.0000000011305, -1967.5000000006742, -5709.099999997829, -3900.8000000009597, -2591.500000000925, -4178.000000000744, -2286.4000000006163, -4687.600000000263, -4353.100000000226, -2564.7000000008575, -2630.60000000091, -1783.6000000005206, -1488.400000000399, -939.3999999997435, -1178.50000000025, -2463.7000000005864, -1756.7000000004655, -3476.800000001082, -9375.699999995553, -3361.7000000009957, -5297.899999998318, -6201.699999998431, -3191.1000000008626, -8910.699999996672, -7978.4999999967, -11079.299999995541, -3684.0000000008645, -4746.899999998938, -747.4999999998649, -1225.4999999999977, -1077.399999999875, -2034.7000000006215, -4473.000000000056, -2979.300000000978, -3416.7000000007833, -36142.100000017504, -37106.40000001878, -37302.60000001922, -37076.30000001857, -37830.600000019316, -37181.50000001922, -37173.10000001907, -36867.10000001866, -36153.10000001836, -36629.4000000184]
extra reward list:[-8721.299999999048, -9259.599999999607, -4097.099999999562, -591.4999999999993, -324.79999999999717, -338.79999999999694, -446.5999999999952, -444.4999999999952, -1945.3000000000873, -483.6999999999946, -487.8999999999945, -465.4999999999949, -300.99999999999756, -359.0999999999966, -1548.4000000000615, -1469.3000000000563, -767.9000000000108, -746.9000000000094, -672.0000000000045, -1069.6000000000304, -1101.8000000000325, -1121.4000000000337, -757.4000000000101, -826.0000000000146, -1237.6000000000413, -1444.8000000000548, -1021.3000000000272, -963.9000000000235, -1066.1000000000301, -953.4000000000228, -931.7000000000214, -1220.1000000000402, -973.7000000000241, -1235.5000000000412, -1045.8000000000288, -653.8000000000034, -926.100000000021, -545.2999999999963, -508.8999999999942, -830.9000000000149, -1461.6000000000558, -1028.3000000000277, -1395.8000000000516, -1099.7000000000323, -894.600000000019, -1283.1000000000442, -1614.2000000000658, -2126.6000000000736, -1060.5000000000298, -959.7000000000232, -971.600000000024, -583.7999999999988, -951.3000000000227, -696.5000000000061, -524.299999999995, -807.8000000000134, -595.6999999999996, -1431.500000000054, -1033.200000000028, -728.0000000000082, -751.1000000000097, -518.6999999999946, -1178.1000000000374, -1065.40000000003, -668.5000000000043, -679.000000000005, -408.7999999999958, -417.89999999999566, -219.0999999999989, -275.099999999998, -459.199999999995, -355.59999999999667, -805.0000000000132, -2013.9000000000917, -716.1000000000074, -876.4000000000178, -1374.1000000000502, -618.100000000001, -1374.8000000000502, -1412.6000000000527, -2389.800000000005, -1073.8000000000306, -1680.00000000007, -429.0999999999955, -577.4999999999984, -603.4000000000001, -525.699999999995, -1027.6000000000276, -716.8000000000075, -624.4000000000015, -3714.899999999661, -3931.1999999996046, -4507.299999999455, -3522.399999999711, -3996.2999999995877, -3868.199999999621, -3988.5999999995897, -3541.999999999706, -3504.1999999997156, -3700.1999999996647]
