nohup: 忽略输入
Env:sumo, Algorithm:TD3, Device:cuda
-----------------------------------------
models/reward_s8e-3_a4e-2_t(-0.3_0.02).pth
-----------------------------------------
 Retrying in 1 seconds
Warning: Unused states in tlLogic 'J10', program '0' in phase 0 after tl-index 10
Simulation......
总奖励:-3029.98944666339, 速度奖励:-827.2511039840475, 加速度奖励:-711.2383426792711, 交通灯奖励:-1491.4999999999736, 与前车进行交互的惩罚:0.0
Episode:1/100, Reward:-3029.98944666339
Episode:1/100, avg speed:14.437917980568516
Episode:1/100, avg halt num:0.3433744722312439
Episode:1/100, avg elec cons:1.762902998089894
 Retrying in 1 seconds
Warning: Unused states in tlLogic 'J10', program '0' in phase 0 after tl-index 10
Simulation......
总奖励:-3515.0670744263866, 速度奖励:-1052.9538421760685, 加速度奖励:-681.333232250229, 交通灯奖励:-1780.779999999936, 与前车进行交互的惩罚:0.0
Episode:2/100, Reward:-3515.0670744263866
Episode:2/100, avg speed:14.017458994774065
Episode:2/100, avg halt num:0.4596020761245675
Episode:2/100, avg elec cons:1.8991220424325361
 Retrying in 1 seconds
Warning: Unused states in tlLogic 'J10', program '0' in phase 0 after tl-index 10
Simulation......
总奖励:-2579.6130576504393, 速度奖励:-558.8758703040339, 加速度奖励:-801.7371873463326, 交通灯奖励:-1218.99999999999, 与前车进行交互的惩罚:0.0
Episode:3/100, Reward:-2579.6130576504393
Episode:3/100, avg speed:15.40482012644554
Episode:3/100, avg halt num:0.2684519921619856
Episode:3/100, avg elec cons:1.9748251920965108
 Retrying in 1 seconds
Warning: Unused states in tlLogic 'J10', program '0' in phase 0 after tl-index 10
Simulation......
总奖励:-2287.057512975261, 速度奖励:-464.63377892802504, 加速度奖励:-755.2237340471988, 交通灯奖励:-1067.1999999999985, 与前车进行交互的惩罚:0.0
Episode:4/100, Reward:-2287.057512975261
Episode:4/100, avg speed:14.944722046985177
Episode:4/100, avg halt num:0.2661600615621393
Episode:4/100, avg elec cons:2.4578883699747704
 Retrying in 1 seconds
Warning: Unused states in tlLogic 'J10', program '0' in phase 0 after tl-index 10
Simulation......
总奖励:-2347.4597318689985, 速度奖励:-490.13713662402364, 加速度奖励:-764.6225952449334, 交通灯奖励:-1092.6999999999985, 与前车进行交互的惩罚:0.0
Episode:5/100, Reward:-2347.4597318689985
Episode:5/100, avg speed:15.148859354959543
Episode:5/100, avg halt num:0.27196694881096334
Episode:5/100, avg elec cons:2.4821182894391147
 Retrying in 1 seconds
Warning: Unused states in tlLogic 'J10', program '0' in phase 0 after tl-index 10
Simulation......
总奖励:-2350.6862913109403, 速度奖励:-496.70293994402897, 加速度奖励:-759.4633513668515, 交通灯奖励:-1094.52, 与前车进行交互的惩罚:0.0
Episode:6/100, Reward:-2350.6862913109403
Episode:6/100, avg speed:15.172391529520475
Episode:6/100, avg halt num:0.2695815450643777
Episode:6/100, avg elec cons:2.2492244036731996
 Retrying in 1 seconds
Warning: Unused states in tlLogic 'J10', program '0' in phase 0 after tl-index 10
Simulation......
总奖励:-2402.5194427825622, 速度奖励:-500.4036945600277, 加速度奖励:-769.155748222487, 交通灯奖励:-1132.9599999999896, 与前车进行交互的惩罚:0.0
Episode:7/100, Reward:-2402.5194427825622
Episode:7/100, avg speed:15.442134380890673
Episode:7/100, avg halt num:0.2539464653397392
Episode:7/100, avg elec cons:2.1699791180830266
 Retrying in 1 seconds
Warning: Unused states in tlLogic 'J10', program '0' in phase 0 after tl-index 10
Simulation......
总奖励:-2261.6640399617368, 速度奖励:-460.3460874080275, 加速度奖励:-757.1579525536698, 交通灯奖励:-1044.1600000000064, 与前车进行交互的惩罚:0.0
Episode:8/100, Reward:-2261.6640399617368
Episode:8/100, avg speed:15.560525112725903
Episode:8/100, avg halt num:0.22229219143576825
Episode:8/100, avg elec cons:2.018213793181273
 Retrying in 1 seconds
Warning: Unused states in tlLogic 'J10', program '0' in phase 0 after tl-index 10
Simulation......
总奖励:-2334.0040379355714, 速度奖励:-475.5262426880278, 加速度奖励:-766.8777952474949, 交通灯奖励:-1091.5999999999985, 与前车进行交互的惩罚:0.0
Episode:9/100, Reward:-2334.0040379355714
Episode:9/100, avg speed:15.396163919773416
Episode:9/100, avg halt num:0.23307842499186462
Episode:9/100, avg elec cons:2.0833031509567723
 Retrying in 1 seconds
Warning: Unused states in tlLogic 'J10', program '0' in phase 0 after tl-index 10
Simulation......
总奖励:-2360.5129441470863, 速度奖励:-512.0669852320306, 加速度奖励:-772.4059589149961, 交通灯奖励:-1076.040000000002, 与前车进行交互的惩罚:0.0
Episode:10/100, Reward:-2360.5129441470863
Episode:10/100, avg speed:15.05771962297303
Episode:10/100, avg halt num:0.27318406205923834
Episode:10/100, avg elec cons:2.195321016954358
 Retrying in 1 seconds
Warning: Unused states in tlLogic 'J10', program '0' in phase 0 after tl-index 10
Simulation......
总奖励:-2368.1973775207553, 速度奖励:-499.91328455202614, 加速度奖励:-762.5240929686821, 交通灯奖励:-1105.7599999999957, 与前车进行交互的惩罚:0.0
Episode:11/100, Reward:-2368.1973775207553
Episode:11/100, avg speed:15.66548920272151
Episode:11/100, avg halt num:0.24040387182910547
Episode:11/100, avg elec cons:2.115880397255623
 Retrying in 1 seconds
Warning: Unused states in tlLogic 'J10', program '0' in phase 0 after tl-index 10
Simulation......
总奖励:-2283.6148418238836, 速度奖励:-478.9751057920275, 加速度奖励:-762.5197360318174, 交通灯奖励:-1042.1200000000053, 与前车进行交互的惩罚:0.0
Episode:12/100, Reward:-2283.6148418238836
Episode:12/100, avg speed:15.467457441297013
Episode:12/100, avg halt num:0.24422811853893867
Episode:12/100, avg elec cons:2.1527410547364587
 Retrying in 1 seconds
Warning: Unused states in tlLogic 'J10', program '0' in phase 0 after tl-index 10
Simulation......
总奖励:-2304.3842893409674, 速度奖励:-459.56020399202583, 加速度奖励:-751.1040853489012, 交通灯奖励:-1093.7199999999978, 与前车进行交互的惩罚:0.0
Episode:13/100, Reward:-2304.3842893409674
Episode:13/100, avg speed:15.691270980432774
Episode:13/100, avg halt num:0.21816745655608216
Episode:13/100, avg elec cons:2.0526313000347014
 Retrying in 1 seconds
Warning: Unused states in tlLogic 'J10', program '0' in phase 0 after tl-index 10
Simulation......
总奖励:-2353.9632638584635, 速度奖励:-495.03700676802634, 加速度奖励:-756.8662570903891, 交通灯奖励:-1102.0600000000015, 与前车进行交互的惩罚:0.0
Episode:14/100, Reward:-2353.9632638584635
Episode:14/100, avg speed:15.295022164604347
Episode:14/100, avg halt num:0.2647372159090909
Episode:14/100, avg elec cons:2.276286001245576
 Retrying in 1 seconds
Warning: Unused states in tlLogic 'J10', program '0' in phase 0 after tl-index 10
Simulation......
总奖励:-2449.9881246325863, 速度奖励:-538.3275021840251, 加速度奖励:-787.6006224484971, 交通灯奖励:-1124.0600000000002, 与前车进行交互的惩罚:0.0
Episode:15/100, Reward:-2449.9881246325863
Episode:15/100, avg speed:15.270113851933973
Episode:15/100, avg halt num:0.2853291186314615
Episode:15/100, avg elec cons:2.2516684439689616
 Retrying in 1 seconds
Warning: Unused states in tlLogic 'J10', program '0' in phase 0 after tl-index 10
Simulation......
总奖励:-2452.4177443423055, 速度奖励:-517.9189983200283, 加速度奖励:-769.6187460222206, 交通灯奖励:-1164.8799999999867, 与前车进行交互的惩罚:0.0
Episode:16/100, Reward:-2452.4177443423055
Episode:16/100, avg speed:15.115249643773371
Episode:16/100, avg halt num:0.2871004566210046
Episode:16/100, avg elec cons:2.375472402798016
 Retrying in 1 seconds
Warning: Unused states in tlLogic 'J10', program '0' in phase 0 after tl-index 10
Simulation......
总奖励:-2384.8846744009447, 速度奖励:-506.96492994402826, 加速度奖励:-759.799744456862, 交通灯奖励:-1118.120000000001, 与前车进行交互的惩罚:0.0
Episode:17/100, Reward:-2384.8846744009447
Episode:17/100, avg speed:15.365532200653696
Episode:17/100, avg halt num:0.2702327196943383
Episode:17/100, avg elec cons:2.192601246746704
 Retrying in 1 seconds
Warning: Unused states in tlLogic 'J10', program '0' in phase 0 after tl-index 10
Simulation......
总奖励:-2323.1084846010144, 速度奖励:-488.3787226800265, 加速度奖励:-746.7697619209482, 交通灯奖励:-1087.9600000000003, 与前车进行交互的惩罚:0.0
Episode:18/100, Reward:-2323.1084846010144
Episode:18/100, avg speed:14.553825645801306
Episode:18/100, avg halt num:0.2976286988244832
Episode:18/100, avg elec cons:2.5623774842796
 Retrying in 1 seconds
Warning: Unused states in tlLogic 'J10', program '0' in phase 0 after tl-index 10
Simulation......
总奖励:-2533.5861987948133, 速度奖励:-558.9991375760309, 加速度奖励:-782.5070612187245, 交通灯奖励:-1192.0799999999856, 与前车进行交互的惩罚:0.0
Episode:19/100, Reward:-2533.5861987948133
Episode:19/100, avg speed:15.009416339645409
Episode:19/100, avg halt num:0.2901914739884393
Episode:19/100, avg elec cons:2.2409408628723835
 Retrying in 1 seconds
Warning: Unused states in tlLogic 'J10', program '0' in phase 0 after tl-index 10
Simulation......
总奖励:-2364.446471456913, 速度奖励:-496.7097450640295, 加速度奖励:-774.0967263928396, 交通灯奖励:-1093.6399999999996, 与前车进行交互的惩罚:0.0
Episode:20/100, Reward:-2364.446471456913
Episode:20/100, avg speed:15.424221362214665
Episode:20/100, avg halt num:0.24830278343516632
Episode:20/100, avg elec cons:2.1219273663278018
 Retrying in 1 seconds
Warning: Unused states in tlLogic 'J10', program '0' in phase 0 after tl-index 10
Simulation......
总奖励:-2460.3984785178845, 速度奖励:-546.5136119120309, 加速度奖励:-773.5848666057994, 交通灯奖励:-1140.2999999999968, 与前车进行交互的惩罚:0.0
Episode:21/100, Reward:-2460.3984785178845
Episode:21/100, avg speed:14.993455379126024
Episode:21/100, avg halt num:0.310916179337232
Episode:21/100, avg elec cons:2.409509274171309
 Retrying in 1 seconds
Warning: Unused states in tlLogic 'J10', program '0' in phase 0 after tl-index 10
Simulation......
总奖励:-2256.600792436887, 速度奖励:-468.3797683360246, 加速度奖励:-737.6610241008252, 交通灯奖励:-1050.56, 与前车进行交互的惩罚:0.0
Episode:22/100, Reward:-2256.600792436887
Episode:22/100, avg speed:15.213014815376294
Episode:22/100, avg halt num:0.26403641881638845
Episode:22/100, avg elec cons:2.435127458892389
 Retrying in 1 seconds
Warning: Unused states in tlLogic 'J10', program '0' in phase 0 after tl-index 10
Simulation......
总奖励:-2284.933629946241, 速度奖励:-485.66648189602665, 加速度奖励:-765.5271480501716, 交通灯奖励:-1033.7400000000034, 与前车进行交互的惩罚:0.0
Episode:23/100, Reward:-2284.933629946241
Episode:23/100, avg speed:15.58831673089235
Episode:23/100, avg halt num:0.24450456543794385
Episode:23/100, avg elec cons:2.0967264739899694
 Retrying in 1 seconds
Warning: Unused states in tlLogic 'J10', program '0' in phase 0 after tl-index 10
Simulation......
总奖励:-2284.7617533281064, 速度奖励:-493.8644918720265, 加速度奖励:-749.4172614560254, 交通灯奖励:-1041.4800000000112, 与前车进行交互的惩罚:0.0
Episode:24/100, Reward:-2284.7617533281064
Episode:24/100, avg speed:15.41085671086538
Episode:24/100, avg halt num:0.2505779392338177
Episode:24/100, avg elec cons:2.117758576168838
 Retrying in 1 seconds
Warning: Unused states in tlLogic 'J10', program '0' in phase 0 after tl-index 10
Simulation......
总奖励:-2247.297473777956, 速度奖励:-477.69767216802694, 加速度奖励:-746.439801609878, 交通灯奖励:-1023.1600000000095, 与前车进行交互的惩罚:0.0
Episode:25/100, Reward:-2247.297473777956
Episode:25/100, avg speed:15.505067222676816
Episode:25/100, avg halt num:0.2478820738732633
Episode:25/100, avg elec cons:2.1658026198047393
 Retrying in 1 seconds
Warning: Unused states in tlLogic 'J10', program '0' in phase 0 after tl-index 10
Simulation......
总奖励:-2541.2397110108977, 速度奖励:-564.5684147760365, 加速度奖励:-781.491296234797, 交通灯奖励:-1195.17999999999, 与前车进行交互的惩罚:0.0
Episode:26/100, Reward:-2541.2397110108977
Episode:26/100, avg speed:14.754145214955235
Episode:26/100, avg halt num:0.32016191210485734
Episode:26/100, avg elec cons:2.3567588037331864
 Retrying in 1 seconds
Warning: Unused states in tlLogic 'J10', program '0' in phase 0 after tl-index 10
Simulation......
总奖励:-2395.985442334704, 速度奖励:-512.5104179760295, 加速度奖励:-775.5750243586331, 交通灯奖励:-1107.900000000003, 与前车进行交互的惩罚:0.0
Episode:27/100, Reward:-2395.985442334704
Episode:27/100, avg speed:15.163900551906414
Episode:27/100, avg halt num:0.26615168539325845
Episode:27/100, avg elec cons:2.187300100704807
 Retrying in 1 seconds
Warning: Unused states in tlLogic 'J10', program '0' in phase 0 after tl-index 10
Simulation......
总奖励:-2436.591466439809, 速度奖励:-524.1632846640306, 加速度奖励:-777.1681817757163, 交通灯奖励:-1135.2599999999986, 与前车进行交互的惩罚:0.0
Episode:28/100, Reward:-2436.591466439809
Episode:28/100, avg speed:14.462293489401558
Episode:28/100, avg halt num:0.3145327295183203
Episode:28/100, avg elec cons:2.535279879284541
 Retrying in 1 seconds
Warning: Unused states in tlLogic 'J10', program '0' in phase 0 after tl-index 10
Simulation......
总奖励:-2574.453724217134, 速度奖励:-558.9519413440297, 加速度奖励:-819.8617828730341, 交通灯奖励:-1195.6399999999876, 与前车进行交互的惩罚:0.0
Episode:29/100, Reward:-2574.453724217134
Episode:29/100, avg speed:14.717044092195193
Episode:29/100, avg halt num:0.3176328502415459
Episode:29/100, avg elec cons:2.3719452140703394
 Retrying in 1 seconds
Warning: Unused states in tlLogic 'J10', program '0' in phase 0 after tl-index 10
Simulation......
总奖励:-2287.394272474554, 速度奖励:-486.14502138402435, 加速度奖励:-733.6092510904964, 交通灯奖励:-1067.6400000000024, 与前车进行交互的惩罚:0.0
Episode:30/100, Reward:-2287.394272474554
Episode:30/100, avg speed:15.394520668120173
Episode:30/100, avg halt num:0.25612530626531327
Episode:30/100, avg elec cons:2.2854398012543853
 Retrying in 1 seconds
Warning: Unused states in tlLogic 'J10', program '0' in phase 0 after tl-index 10
Simulation......
总奖励:-2366.7767691659974, 速度奖励:-482.0460278320257, 加速度奖励:-765.930741333918, 交通灯奖励:-1118.7999999999995, 与前车进行交互的惩罚:0.0
Episode:31/100, Reward:-2366.7767691659974
Episode:31/100, avg speed:15.27094570028324
Episode:31/100, avg halt num:0.2678437265214125
Episode:31/100, avg elec cons:2.3478926355705036
 Retrying in 1 seconds
Warning: Unused states in tlLogic 'J10', program '0' in phase 0 after tl-index 10
Simulation......
总奖励:-2443.634961616731, 速度奖励:-542.0356772800333, 加速度奖励:-774.279284336635, 交通灯奖励:-1127.3200000000052, 与前车进行交互的惩罚:0.0
Episode:32/100, Reward:-2443.634961616731
Episode:32/100, avg speed:14.824959400176489
Episode:32/100, avg halt num:0.30845392231530844
Episode:32/100, avg elec cons:2.3496484018391715
 Retrying in 1 seconds
Warning: Unused states in tlLogic 'J10', program '0' in phase 0 after tl-index 10
Simulation......
总奖励:-2335.395962455116, 速度奖励:-481.4693632320262, 加速度奖励:-750.4865992230476, 交通灯奖励:-1103.4399999999969, 与前车进行交互的惩罚:0.0
Episode:33/100, Reward:-2335.395962455116
Episode:33/100, avg speed:15.184551567207535
Episode:33/100, avg halt num:0.2577111812127585
Episode:33/100, avg elec cons:2.274314864042273
 Retrying in 1 seconds
Warning: Unused states in tlLogic 'J10', program '0' in phase 0 after tl-index 10
Simulation......
总奖励:-2303.272880209746, 速度奖励:-495.1625540960255, 加速度奖励:-763.8503261136952, 交通灯奖励:-1044.2600000000014, 与前车进行交互的惩罚:0.0
Episode:34/100, Reward:-2303.272880209746
Episode:34/100, avg speed:15.386718658819577
Episode:34/100, avg halt num:0.25587307152875177
Episode:34/100, avg elec cons:2.20392866206635
 Retrying in 1 seconds
Warning: Unused states in tlLogic 'J10', program '0' in phase 0 after tl-index 10
Simulation......
总奖励:-2263.0721080346098, 速度奖励:-468.6222091840233, 加速度奖励:-757.7898988505433, 交通灯奖励:-1036.6600000000049, 与前车进行交互的惩罚:0.0
Episode:35/100, Reward:-2263.0721080346098
Episode:35/100, avg speed:15.495051791377582
Episode:35/100, avg halt num:0.2526061057334326
Episode:35/100, avg elec cons:2.3361707219310137
 Retrying in 1 seconds
Warning: Unused states in tlLogic 'J10', program '0' in phase 0 after tl-index 10
Simulation......
总奖励:-2403.4957032047314, 速度奖励:-522.3845252080316, 加速度奖励:-771.3111779966473, 交通灯奖励:-1109.8000000000004, 与前车进行交互的惩罚:0.0
Episode:36/100, Reward:-2403.4957032047314
Episode:36/100, avg speed:15.010020897448378
Episode:36/100, avg halt num:0.28574094811496825
Episode:36/100, avg elec cons:2.292811083649863
 Retrying in 1 seconds
Warning: Unused states in tlLogic 'J10', program '0' in phase 0 after tl-index 10
Simulation......
总奖励:-2519.148140596169, 速度奖励:-545.2394210640318, 加速度奖励:-785.5487195320902, 交通灯奖励:-1188.3599999999904, 与前车进行交互的惩罚:0.0
Episode:37/100, Reward:-2519.148140596169
Episode:37/100, avg speed:14.607111654574505
Episode:37/100, avg halt num:0.3246410472972973
Episode:37/100, avg elec cons:2.55565748359684
 Retrying in 1 seconds
Warning: Unused states in tlLogic 'J10', program '0' in phase 0 after tl-index 10
Simulation......
总奖励:-2248.4914482477707, 速度奖励:-460.5276668480213, 加速度奖励:-749.8837813997192, 交通灯奖励:-1038.080000000012, 与前车进行交互的惩罚:0.0
Episode:38/100, Reward:-2248.4914482477707
Episode:38/100, avg speed:15.476934015420749
Episode:38/100, avg halt num:0.2494199535962877
Episode:38/100, avg elec cons:2.421373235786309
 Retrying in 1 seconds
Warning: Unused states in tlLogic 'J10', program '0' in phase 0 after tl-index 10
Simulation......
总奖励:-2480.010243084582, 速度奖励:-540.0063534960321, 加速度奖励:-773.1638895884903, 交通灯奖励:-1166.8399999999926, 与前车进行交互的惩罚:0.0
Episode:39/100, Reward:-2480.010243084582
Episode:39/100, avg speed:15.116366018054578
Episode:39/100, avg halt num:0.28496019383869853
Episode:39/100, avg elec cons:2.170575409038431
 Retrying in 1 seconds
Warning: Unused states in tlLogic 'J10', program '0' in phase 0 after tl-index 10
Simulation......
总奖励:-2413.837748906555, 速度奖励:-504.0371820640268, 加速度奖励:-784.7005668424799, 交通灯奖励:-1125.0999999999976, 与前车进行交互的惩罚:0.0
Episode:40/100, Reward:-2413.837748906555
Episode:40/100, avg speed:15.15923043615026
Episode:40/100, avg halt num:0.2628997093023256
Episode:40/100, avg elec cons:2.2223345918941226
 Retrying in 1 seconds
Warning: Unused states in tlLogic 'J10', program '0' in phase 0 after tl-index 10
Simulation......
总奖励:-2291.942718051958, 速度奖励:-486.0500936560262, 加速度奖励:-753.7526243958886, 交通灯奖励:-1052.1400000000065, 与前车进行交互的惩罚:0.0
Episode:41/100, Reward:-2291.942718051958
Episode:41/100, avg speed:15.151999986497998
Episode:41/100, avg halt num:0.26733576642335766
Episode:41/100, avg elec cons:2.324374875025109
 Retrying in 1 seconds
Warning: Unused states in tlLogic 'J10', program '0' in phase 0 after tl-index 10
Simulation......
总奖励:-2448.4161441230817, 速度奖励:-517.5181812480299, 加速度奖励:-782.0779628749978, 交通灯奖励:-1148.819999999994, 与前车进行交互的惩罚:0.0
Episode:42/100, Reward:-2448.4161441230817
Episode:42/100, avg speed:14.95109853144032
Episode:42/100, avg halt num:0.2894385026737968
Episode:42/100, avg elec cons:2.353696847214632
 Retrying in 1 seconds
Warning: Unused states in tlLogic 'J10', program '0' in phase 0 after tl-index 10
Simulation......
总奖励:-2326.587117218209, 速度奖励:-503.82376302402906, 加速度奖励:-750.2833541941347, 交通灯奖励:-1072.4800000000016, 与前车进行交互的惩罚:0.0
Episode:43/100, Reward:-2326.587117218209
Episode:43/100, avg speed:14.833792601928618
Episode:43/100, avg halt num:0.2926972909305065
Episode:43/100, avg elec cons:2.5257721498340486
 Retrying in 1 seconds
Warning: Unused states in tlLogic 'J10', program '0' in phase 0 after tl-index 10
Simulation......
总奖励:-2352.105150429173, 速度奖励:-503.9755847360299, 加速度奖励:-752.6295656930938, 交通灯奖励:-1095.500000000005, 与前车进行交互的惩罚:0.0
Episode:44/100, Reward:-2352.105150429173
Episode:44/100, avg speed:15.129161427230787
Episode:44/100, avg halt num:0.27790262172284647
Episode:44/100, avg elec cons:2.39070169171687
 Retrying in 1 seconds
Warning: Unused states in tlLogic 'J10', program '0' in phase 0 after tl-index 10
Simulation......
总奖励:-2434.2516406204577, 速度奖励:-537.3913815040322, 加速度奖励:-777.6802591163724, 交通灯奖励:-1119.1799999999992, 与前车进行交互的惩罚:0.0
Episode:45/100, Reward:-2434.2516406204577
Episode:45/100, avg speed:14.579654729953193
Episode:45/100, avg halt num:0.31289123630672927
Episode:45/100, avg elec cons:2.4086357424088236
 Retrying in 1 seconds
Warning: Unused states in tlLogic 'J10', program '0' in phase 0 after tl-index 10
Simulation......
总奖励:-2271.6774113692927, 速度奖励:-467.2470060880242, 加速度奖励:-754.9704052812303, 交通灯奖励:-1049.4600000000064, 与前车进行交互的惩罚:0.0
Episode:46/100, Reward:-2271.6774113692927
Episode:46/100, avg speed:15.691854397396625
Episode:46/100, avg halt num:0.22859504132231406
Episode:46/100, avg elec cons:2.1148842170743163
 Retrying in 1 seconds
Warning: Unused states in tlLogic 'J10', program '0' in phase 0 after tl-index 10
Simulation......
总奖励:-2474.3653153401165, 速度奖励:-532.748462664036, 加速度奖励:-777.6768526760213, 交通灯奖励:-1163.9399999999953, 与前车进行交互的惩罚:0.0
Episode:47/100, Reward:-2474.3653153401165
Episode:47/100, avg speed:14.822258922093283
Episode:47/100, avg halt num:0.2993721461187215
Episode:47/100, avg elec cons:2.380533974537424
 Retrying in 1 seconds
Warning: Unused states in tlLogic 'J10', program '0' in phase 0 after tl-index 10
Simulation......
总奖励:-2424.4397792472905, 速度奖励:-521.212759976031, 加速度奖励:-776.4470192712092, 交通灯奖励:-1126.7799999999972, 与前车进行交互的惩罚:0.0
Episode:48/100, Reward:-2424.4397792472905
Episode:48/100, avg speed:14.814270685280906
Episode:48/100, avg halt num:0.2952662721893491
Episode:48/100, avg elec cons:2.449272066468188
 Retrying in 1 seconds
Warning: Unused states in tlLogic 'J10', program '0' in phase 0 after tl-index 10
Simulation......
总奖励:-2312.7008519916467, 速度奖励:-459.9192208000247, 加速度奖励:-755.0416311915669, 交通灯奖励:-1097.7399999999982, 与前车进行交互的惩罚:0.0
Episode:49/100, Reward:-2312.7008519916467
Episode:49/100, avg speed:15.624007264523497
Episode:49/100, avg halt num:0.2198870765370138
Episode:49/100, avg elec cons:2.0483620212242624
 Retrying in 1 seconds
Warning: Unused states in tlLogic 'J10', program '0' in phase 0 after tl-index 10
Simulation......
总奖励:-2255.515581393126, 速度奖励:-485.05877512002917, 加速度奖励:-763.1768062730495, 交通灯奖励:-1007.2800000000132, 与前车进行交互的惩罚:0.0
Episode:50/100, Reward:-2255.515581393126
Episode:50/100, avg speed:15.066628513009853
Episode:50/100, avg halt num:0.2606291047355686
Episode:50/100, avg elec cons:2.183568859745916
 Retrying in 1 seconds
Warning: Unused states in tlLogic 'J10', program '0' in phase 0 after tl-index 10
Simulation......
总奖励:-2294.5132669466398, 速度奖励:-485.83061427202415, 加速度奖励:-739.9426526745688, 交通灯奖励:-1068.7400000000052, 与前车进行交互的惩罚:0.0
Episode:51/100, Reward:-2294.5132669466398
Episode:51/100, avg speed:15.655031595596157
Episode:51/100, avg halt num:0.2371987951807229
Episode:51/100, avg elec cons:2.140033083511042
 Retrying in 1 seconds
Warning: Unused states in tlLogic 'J10', program '0' in phase 0 after tl-index 10
Simulation......
总奖励:-2400.688070313049, 速度奖励:-508.54149923202567, 加速度奖励:-767.4065710809864, 交通灯奖励:-1124.7399999999902, 与前车进行交互的惩罚:0.0
Episode:52/100, Reward:-2400.688070313049
Episode:52/100, avg speed:15.133262162370555
Episode:52/100, avg halt num:0.2701478743068392
Episode:52/100, avg elec cons:2.2980306011982647
 Retrying in 1 seconds
Warning: Unused states in tlLogic 'J10', program '0' in phase 0 after tl-index 10
Simulation......
总奖励:-2331.6176929102407, 速度奖励:-480.82895980002974, 加速度奖励:-755.408733110177, 交通灯奖励:-1095.379999999995, 与前车进行交互的惩罚:0.0
Episode:53/100, Reward:-2331.6176929102407
Episode:53/100, avg speed:15.31243786433282
Episode:53/100, avg halt num:0.24501520784048664
Episode:53/100, avg elec cons:2.1580857205019166
 Retrying in 1 seconds
Warning: Unused states in tlLogic 'J10', program '0' in phase 0 after tl-index 10
Simulation......
总奖励:-2401.3113631866513, 速度奖励:-517.1238786880295, 加速度奖励:-783.2874844985723, 交通灯奖励:-1100.9000000000017, 与前车进行交互的惩罚:0.0
Episode:54/100, Reward:-2401.3113631866513
Episode:54/100, avg speed:15.105291256082094
Episode:54/100, avg halt num:0.26940719830628085
Episode:54/100, avg elec cons:2.1751465284484093
 Retrying in 1 seconds
Warning: Unused states in tlLogic 'J10', program '0' in phase 0 after tl-index 10
Simulation......
总奖励:-2191.398420109746, 速度奖励:-464.7131935520244, 加速度奖励:-731.625226557683, 交通灯奖励:-995.060000000014, 与前车进行交互的惩罚:0.0
Episode:55/100, Reward:-2191.398420109746
Episode:55/100, avg speed:14.904376159415916
Episode:55/100, avg halt num:0.27235772357723576
Episode:55/100, avg elec cons:2.5186403443126024
 Retrying in 1 seconds
Warning: Unused states in tlLogic 'J10', program '0' in phase 0 after tl-index 10
Simulation......
总奖励:-2460.4217123445974, 速度奖励:-539.578129480031, 加速度奖励:-787.8635828645115, 交通灯奖励:-1132.979999999997, 与前车进行交互的惩罚:0.0
Episode:56/100, Reward:-2460.4217123445974
Episode:56/100, avg speed:14.885112339443246
Episode:56/100, avg halt num:0.28742732558139533
Episode:56/100, avg elec cons:2.2127445890517055
 Retrying in 1 seconds
Warning: Unused states in tlLogic 'J10', program '0' in phase 0 after tl-index 10
Simulation......
总奖励:-2398.502125404899, 速度奖励:-524.6886404800317, 加速度奖励:-761.9134849248293, 交通灯奖励:-1111.8999999999926, 与前车进行交互的惩罚:0.0
Episode:57/100, Reward:-2398.502125404899
Episode:57/100, avg speed:14.830070254943212
Episode:57/100, avg halt num:0.31318905675786035
Episode:57/100, avg elec cons:2.559932824292359
 Retrying in 1 seconds
Warning: Unused states in tlLogic 'J10', program '0' in phase 0 after tl-index 10
Simulation......
总奖励:-2383.6303193500735, 速度奖励:-496.05409043202764, 加速度奖励:-762.2362289180021, 交通灯奖励:-1125.3399999999942, 与前车进行交互的惩罚:0.0
Episode:58/100, Reward:-2383.6303193500735
Episode:58/100, avg speed:15.126082253894522
Episode:58/100, avg halt num:0.2826388888888889
Episode:58/100, avg elec cons:2.4805019235703183
 Retrying in 1 seconds
Warning: Unused states in tlLogic 'J10', program '0' in phase 0 after tl-index 10
Simulation......
总奖励:-2567.2228118409157, 速度奖励:-563.8747338800316, 加速度奖励:-789.8680779608219, 交通灯奖励:-1213.4799999999855, 与前车进行交互的惩罚:0.0
Episode:59/100, Reward:-2567.2228118409157
Episode:59/100, avg speed:15.055599042593563
Episode:59/100, avg halt num:0.30803914044512665
Episode:59/100, avg elec cons:2.2921771727254656
 Retrying in 1 seconds
Warning: Unused states in tlLogic 'J10', program '0' in phase 0 after tl-index 10
Simulation......
总奖励:-2320.5957997129426, 速度奖励:-477.0417520000261, 加速度奖励:-761.99404771286, 交通灯奖励:-1081.5600000000018, 与前车进行交互的惩罚:0.0
Episode:60/100, Reward:-2320.5957997129426
Episode:60/100, avg speed:15.411183489584978
Episode:60/100, avg halt num:0.24108630456514496
Episode:60/100, avg elec cons:2.1181389757736313
 Retrying in 1 seconds
Warning: Unused states in tlLogic 'J10', program '0' in phase 0 after tl-index 10
Simulation......
总奖励:-2419.786697061599, 速度奖励:-533.6263890480334, 加速度奖励:-766.8803080135118, 交通灯奖励:-1119.2800000000007, 与前车进行交互的惩罚:0.0
Episode:61/100, Reward:-2419.786697061599
Episode:61/100, avg speed:14.67303743601296
Episode:61/100, avg halt num:0.30779092702169625
Episode:61/100, avg elec cons:2.4779188061233484
 Retrying in 1 seconds
Warning: Unused states in tlLogic 'J10', program '0' in phase 0 after tl-index 10
Simulation......
总奖励:-2436.778908814194, 速度奖励:-500.30224948803, 加速度奖励:-781.6766593261033, 交通灯奖励:-1154.7999999999906, 与前车进行交互的惩罚:0.0
Episode:62/100, Reward:-2436.778908814194
Episode:62/100, avg speed:15.097036255179905
Episode:62/100, avg halt num:0.258008356545961
Episode:62/100, avg elec cons:2.167304849310037
 Retrying in 1 seconds
Warning: Unused states in tlLogic 'J10', program '0' in phase 0 after tl-index 10
Simulation......
总奖励:-2338.762296377059, 速度奖励:-498.36014929603226, 加速度奖励:-765.0821470809695, 交通灯奖励:-1075.3200000000027, 与前车进行交互的惩罚:0.0
Episode:63/100, Reward:-2338.762296377059
Episode:63/100, avg speed:15.314098155439194
Episode:63/100, avg halt num:0.254585597826087
Episode:63/100, avg elec cons:2.108831214390771
 Retrying in 1 seconds
Warning: Unused states in tlLogic 'J10', program '0' in phase 0 after tl-index 10
Simulation......
总奖励:-2356.994958416621, 速度奖励:-505.33328744002665, 加速度奖励:-754.7416709765399, 交通灯奖励:-1096.9199999999998, 与前车进行交互的惩罚:0.0
Episode:64/100, Reward:-2356.994958416621
Episode:64/100, avg speed:15.064702783662918
Episode:64/100, avg halt num:0.28263732129420616
Episode:64/100, avg elec cons:2.3919985599784224
 Retrying in 1 seconds
Warning: Unused states in tlLogic 'J10', program '0' in phase 0 after tl-index 10
Simulation......
总奖励:-2275.7541663761353, 速度奖励:-463.82858276802494, 加速度奖励:-760.0855836080735, 交通灯奖励:-1051.840000000003, 与前车进行交互的惩罚:0.0
Episode:65/100, Reward:-2275.7541663761353
Episode:65/100, avg speed:15.464240307508115
Episode:65/100, avg halt num:0.24500544860152562
Episode:65/100, avg elec cons:2.2916836899764372
 Retrying in 1 seconds
Warning: Unused states in tlLogic 'J10', program '0' in phase 0 after tl-index 10
Simulation......
总奖励:-2384.2995882379037, 速度奖励:-500.7798403280298, 加速度奖励:-762.8597479098204, 交通灯奖励:-1120.6599999999908, 与前车进行交互的惩罚:0.0
Episode:66/100, Reward:-2384.2995882379037
Episode:66/100, avg speed:15.613647478873455
Episode:66/100, avg halt num:0.24740848720440556
Episode:66/100, avg elec cons:2.0413800748670843
 Retrying in 1 seconds
Warning: Unused states in tlLogic 'J10', program '0' in phase 0 after tl-index 10
Simulation......
总奖励:-2354.2758888198846, 速度奖励:-485.6620900640226, 加速度奖励:-774.27379875582, 交通灯奖励:-1094.340000000004, 与前车进行交互的惩罚:0.0
Episode:67/100, Reward:-2354.2758888198846
Episode:67/100, avg speed:15.706075263538121
Episode:67/100, avg halt num:0.23557692307692307
Episode:67/100, avg elec cons:2.0572029026193674
 Retrying in 1 seconds
Warning: Unused states in tlLogic 'J10', program '0' in phase 0 after tl-index 10
Simulation......
总奖励:-2289.0350600163183, 速度奖励:-460.8486367200235, 加速度奖励:-764.7664232962546, 交通灯奖励:-1063.419999999999, 与前车进行交互的惩罚:0.0
Episode:68/100, Reward:-2289.0350600163183
Episode:68/100, avg speed:15.650152876349132
Episode:68/100, avg halt num:0.22918799044694643
Episode:68/100, avg elec cons:2.166265046178291
 Retrying in 1 seconds
Warning: Unused states in tlLogic 'J10', program '0' in phase 0 after tl-index 10
Simulation......
总奖励:-2347.874288214649, 速度奖励:-494.4076020160308, 加速度奖励:-754.4266861985742, 交通灯奖励:-1099.0399999999984, 与前车进行交互的惩罚:0.0
Episode:69/100, Reward:-2347.874288214649
Episode:69/100, avg speed:15.457613461521648
Episode:69/100, avg halt num:0.24312361681947517
Episode:69/100, avg elec cons:2.0458166544605043
 Retrying in 1 seconds
Warning: Unused states in tlLogic 'J10', program '0' in phase 0 after tl-index 10
Simulation......
总奖励:-2252.806422662129, 速度奖励:-473.25334803202765, 加速度奖励:-750.713074630061, 交通灯奖励:-1028.84000000001, 与前车进行交互的惩罚:0.0
Episode:70/100, Reward:-2252.806422662129
Episode:70/100, avg speed:15.408560417152572
Episode:70/100, avg halt num:0.24303981871155714
Episode:70/100, avg elec cons:2.0816992785311488
 Retrying in 1 seconds
Warning: Unused states in tlLogic 'J10', program '0' in phase 0 after tl-index 10
Simulation......
总奖励:-2300.8989354301425, 速度奖励:-467.3609738000255, 加速度奖励:-759.1379616300704, 交通灯奖励:-1074.4000000000035, 与前车进行交互的惩罚:0.0
Episode:71/100, Reward:-2300.8989354301425
Episode:71/100, avg speed:15.76483008090304
Episode:71/100, avg halt num:0.2232856191744341
Episode:71/100, avg elec cons:2.1024446081100034
 Retrying in 1 seconds
Warning: Unused states in tlLogic 'J10', program '0' in phase 0 after tl-index 10
Simulation......
总奖励:-2410.794459871665, 速度奖励:-503.1651450400272, 加速度奖励:-784.5893148315937, 交通灯奖励:-1123.039999999998, 与前车进行交互的惩罚:0.0
Episode:72/100, Reward:-2410.794459871665
Episode:72/100, avg speed:14.548165751575441
Episode:72/100, avg halt num:0.2880105900151286
Episode:72/100, avg elec cons:2.334772933791437
 Retrying in 1 seconds
Warning: Unused states in tlLogic 'J10', program '0' in phase 0 after tl-index 10
Simulation......
总奖励:-2276.0919129430163, 速度奖励:-454.34561421602734, 加速度奖励:-756.1662987269435, 交通灯奖励:-1065.5799999999986, 与前车进行交互的惩罚:0.0
Episode:73/100, Reward:-2276.0919129430163
Episode:73/100, avg speed:15.531063968517929
Episode:73/100, avg halt num:0.20922359313873007
Episode:73/100, avg elec cons:1.9576610679640798
 Retrying in 1 seconds
Warning: Unused states in tlLogic 'J10', program '0' in phase 0 after tl-index 10
Simulation......
总奖励:-2478.626445689375, 速度奖励:-543.7638922160331, 加速度奖励:-784.8825534732923, 交通灯奖励:-1149.9799999999973, 与前车进行交互的惩罚:0.0
Episode:74/100, Reward:-2478.626445689375
Episode:74/100, avg speed:15.106515926313651
Episode:74/100, avg halt num:0.28338646829613884
Episode:74/100, avg elec cons:2.1685788323096014
 Retrying in 1 seconds
Warning: Unused states in tlLogic 'J10', program '0' in phase 0 after tl-index 10
Simulation......
总奖励:-2572.0021491911134, 速度奖励:-568.9434503760385, 加速度奖励:-816.8186988150088, 交通灯奖励:-1186.2399999999902, 与前车进行交互的惩罚:0.0
Episode:75/100, Reward:-2572.0021491911134
Episode:75/100, avg speed:15.131071946335329
Episode:75/100, avg halt num:0.2814796259185037
Episode:75/100, avg elec cons:1.9974386698851319
 Retrying in 1 seconds
Warning: Unused states in tlLogic 'J10', program '0' in phase 0 after tl-index 10
Simulation......
总奖励:-2246.1333407125135, 速度奖励:-459.40402464802185, 加速度奖励:-736.0693160644556, 交通灯奖励:-1050.6600000000076, 与前车进行交互的惩罚:0.0
Episode:76/100, Reward:-2246.1333407125135
Episode:76/100, avg speed:15.321366771826776
Episode:76/100, avg halt num:0.25997150997151
Episode:76/100, avg elec cons:2.599958805199512
 Retrying in 1 seconds
Warning: Unused states in tlLogic 'J10', program '0' in phase 0 after tl-index 10
Simulation......
总奖励:-2507.5772363196133, 速度奖励:-551.50986714403, 加速度奖励:-782.0073691755264, 交通灯奖励:-1174.0599999999943, 与前车进行交互的惩罚:0.0
Episode:77/100, Reward:-2507.5772363196133
Episode:77/100, avg speed:14.905972704289837
Episode:77/100, avg halt num:0.3165864420377056
Episode:77/100, avg elec cons:2.4266665547742012
 Retrying in 1 seconds
Warning: Unused states in tlLogic 'J10', program '0' in phase 0 after tl-index 10
Simulation......
总奖励:-2105.177096120199, 速度奖励:-453.5702066720225, 加速度奖励:-723.4268894481468, 交通灯奖励:-928.180000000018, 与前车进行交互的惩罚:0.0
Episode:78/100, Reward:-2105.177096120199
Episode:78/100, avg speed:15.049947713967148
Episode:78/100, avg halt num:0.26421800947867297
Episode:78/100, avg elec cons:2.5663083057431253
 Retrying in 1 seconds
Warning: Unused states in tlLogic 'J10', program '0' in phase 0 after tl-index 10
Simulation......
总奖励:-2450.7756879386448, 速度奖励:-537.1822224880314, 加速度奖励:-758.5934654505511, 交通灯奖励:-1154.9999999999927, 与前车进行交互的惩罚:0.0
Episode:79/100, Reward:-2450.7756879386448
Episode:79/100, avg speed:14.797713375022727
Episode:79/100, avg halt num:0.3128637951105937
Episode:79/100, avg elec cons:2.425372482865084
 Retrying in 1 seconds
Warning: Unused states in tlLogic 'J10', program '0' in phase 0 after tl-index 10
Simulation......
总奖励:-2294.672040498103, 速度奖励:-491.02917294403187, 加速度奖励:-745.5028675540237, 交通灯奖励:-1058.1400000000096, 与前车进行交互的惩罚:0.0
Episode:80/100, Reward:-2294.672040498103
Episode:80/100, avg speed:15.087569283398123
Episode:80/100, avg halt num:0.266362660944206
Episode:80/100, avg elec cons:2.314399032888875
 Retrying in 1 seconds
Warning: Unused states in tlLogic 'J10', program '0' in phase 0 after tl-index 10
Simulation......
总奖励:-2273.6811536053065, 速度奖励:-497.3643223440267, 加速度奖励:-737.8368312612295, 交通灯奖励:-1038.4800000000084, 与前车进行交互的惩罚:0.0
Episode:81/100, Reward:-2273.6811536053065
Episode:81/100, avg speed:15.258667469022472
Episode:81/100, avg halt num:0.27667654686921084
Episode:81/100, avg elec cons:2.360274576940134
 Retrying in 1 seconds
Warning: Unused states in tlLogic 'J10', program '0' in phase 0 after tl-index 10
Simulation......
总奖励:-2397.3271619901157, 速度奖励:-500.4369022320231, 加速度奖励:-752.4302597580455, 交通灯奖励:-1144.459999999991, 与前车进行交互的惩罚:0.0
Episode:82/100, Reward:-2397.3271619901157
Episode:82/100, avg speed:14.977605859694584
Episode:82/100, avg halt num:0.2933467741935484
Episode:82/100, avg elec cons:2.5404612859285276
 Retrying in 1 seconds
Warning: Unused states in tlLogic 'J10', program '0' in phase 0 after tl-index 10
Simulation......
总奖励:-2374.4579546898217, 速度奖励:-505.8294776720283, 加速度奖励:-771.6884770177373, 交通灯奖励:-1096.9400000000041, 与前车进行交互的惩罚:0.0
Episode:83/100, Reward:-2374.4579546898217
Episode:83/100, avg speed:15.224214564347104
Episode:83/100, avg halt num:0.2676265270506108
Episode:83/100, avg elec cons:2.1884421041070543
 Retrying in 1 seconds
Warning: Unused states in tlLogic 'J10', program '0' in phase 0 after tl-index 10
Simulation......
总奖励:-2363.4949571522466, 速度奖励:-485.4134560560248, 加速度奖励:-776.0815010961687, 交通灯奖励:-1101.9999999999986, 与前车进行交互的惩罚:0.0
Episode:84/100, Reward:-2363.4949571522466
Episode:84/100, avg speed:14.964371014111428
Episode:84/100, avg halt num:0.2765681182580903
Episode:84/100, avg elec cons:2.450433364353174
 Retrying in 1 seconds
Warning: Unused states in tlLogic 'J10', program '0' in phase 0 after tl-index 10
Simulation......
总奖励:-2436.5749166604096, 速度奖励:-515.3505447440293, 加速度奖励:-776.244371916324, 交通灯奖励:-1144.9799999999925, 与前车进行交互的惩罚:0.0
Episode:85/100, Reward:-2436.5749166604096
Episode:85/100, avg speed:15.430676660361174
Episode:85/100, avg halt num:0.2599152542372881
Episode:85/100, avg elec cons:2.092632195634506
 Retrying in 1 seconds
Warning: Unused states in tlLogic 'J10', program '0' in phase 0 after tl-index 10
Simulation......
总奖励:-2286.7320463969913, 速度奖励:-466.56167779202735, 加速度奖励:-736.6303686049165, 交通灯奖励:-1083.5399999999963, 与前车进行交互的惩罚:0.0
Episode:86/100, Reward:-2286.7320463969913
Episode:86/100, avg speed:15.751094335048917
Episode:86/100, avg halt num:0.21992888064316635
Episode:86/100, avg elec cons:2.0178118200169197
 Retrying in 1 seconds
Warning: Unused states in tlLogic 'J10', program '0' in phase 0 after tl-index 10
Simulation......
总奖励:-2628.680710567113, 速度奖励:-585.3992278720352, 加速度奖励:-803.1814826950155, 交通灯奖励:-1240.0999999999842, 与前车进行交互的惩罚:0.0
Episode:87/100, Reward:-2628.680710567113
Episode:87/100, avg speed:14.618734334530517
Episode:87/100, avg halt num:0.3492723492723493
Episode:87/100, avg elec cons:2.4792242529243627
 Retrying in 1 seconds
Warning: Unused states in tlLogic 'J10', program '0' in phase 0 after tl-index 10
Simulation......
总奖励:-2461.965221577957, 速度奖励:-546.8503748480373, 加速度奖励:-788.0948467298621, 交通灯奖励:-1127.0200000000023, 与前车进行交互的惩罚:0.0
Episode:88/100, Reward:-2461.965221577957
Episode:88/100, avg speed:15.119540560038708
Episode:88/100, avg halt num:0.2810676278750429
Episode:88/100, avg elec cons:2.1094400826394164
 Retrying in 1 seconds
Warning: Unused states in tlLogic 'J10', program '0' in phase 0 after tl-index 10
Simulation......
总奖励:-2457.5387720955796, 速度奖励:-544.8995358880344, 加速度奖励:-770.759236207499, 交通灯奖励:-1141.8799999999972, 与前车进行交互的惩罚:0.0
Episode:89/100, Reward:-2457.5387720955796
Episode:89/100, avg speed:14.761998523320456
Episode:89/100, avg halt num:0.30703745743473326
Episode:89/100, avg elec cons:2.3718693438430454
 Retrying in 1 seconds
Warning: Unused states in tlLogic 'J10', program '0' in phase 0 after tl-index 10
Simulation......
总奖励:-2248.4932323755415, 速度奖励:-467.5171836880226, 加速度奖励:-742.7560486874802, 交通灯奖励:-1038.220000000003, 与前车进行交互的惩罚:0.0
Episode:90/100, Reward:-2248.4932323755415
Episode:90/100, avg speed:15.10081497155515
Episode:90/100, avg halt num:0.26956947162426614
Episode:90/100, avg elec cons:2.5024715917756284
 Retrying in 1 seconds
Warning: Unused states in tlLogic 'J10', program '0' in phase 0 after tl-index 10
Simulation......
总奖励:-2404.5637013683076, 速度奖励:-512.8789837680313, 加速度奖励:-767.8247176002302, 交通灯奖励:-1123.8599999999985, 与前车进行交互的惩罚:0.0
Episode:91/100, Reward:-2404.5637013683076
Episode:91/100, avg speed:14.693118642432484
Episode:91/100, avg halt num:0.29856750392464676
Episode:91/100, avg elec cons:2.444064130429381
 Retrying in 1 seconds
Warning: Unused states in tlLogic 'J10', program '0' in phase 0 after tl-index 10
Simulation......
总奖励:-2389.6635833592613, 速度奖励:-521.9862144400289, 加速度奖励:-772.9373689191838, 交通灯奖励:-1094.7399999999996, 与前车进行交互的惩罚:0.0
Episode:92/100, Reward:-2389.6635833592613
Episode:92/100, avg speed:14.803190924116294
Episode:92/100, avg halt num:0.2941009104704097
Episode:92/100, avg elec cons:2.3583896579616397
 Retrying in 1 seconds
Warning: Unused states in tlLogic 'J10', program '0' in phase 0 after tl-index 10
Simulation......
总奖励:-2455.0519962414637, 速度奖励:-550.1691061120355, 加速度奖励:-773.4828901293665, 交通灯奖励:-1131.4000000000021, 与前车进行交互的惩罚:0.0
Episode:93/100, Reward:-2455.0519962414637
Episode:93/100, avg speed:14.666551137689678
Episode:93/100, avg halt num:0.3367454622203461
Episode:93/100, avg elec cons:2.5823960415813327
 Retrying in 1 seconds
Warning: Unused states in tlLogic 'J10', program '0' in phase 0 after tl-index 10
Simulation......
总奖励:-2304.5481563357853, 速度奖励:-485.13634092802704, 加速度奖励:-752.3918154077093, 交通灯奖励:-1067.0200000000002, 与前车进行交互的惩罚:0.0
Episode:94/100, Reward:-2304.5481563357853
Episode:94/100, avg speed:15.371018554561125
Episode:94/100, avg halt num:0.251187648456057
Episode:94/100, avg elec cons:2.177676455485027
 Retrying in 1 seconds
Warning: Unused states in tlLogic 'J10', program '0' in phase 0 after tl-index 10
Simulation......
Error: tcpip::Socket::recvAndCheck @ recv: peer shutdown
Quitting (on error).
