nohup: 忽略输入
Env:sumo, Algorithm:TD3, Device:cuda
-----------------------------------------
models/reward_s9e-3_a4e-2_t(-0.9_0.06).pth
-----------------------------------------
 Retrying in 1 seconds
Warning: Unused states in tlLogic 'J10', program '0' in phase 0 after tl-index 10
Simulation......
总奖励:-6116.39583466079, 速度奖励:-930.6574919819515, 加速度奖励:-711.2383426792711, 交通灯奖励:-4474.500000000223, 与前车进行交互的惩罚:0.0
Episode:1/100, Reward:-6116.39583466079
Episode:1/100, avg speed:14.437917980568516
Episode:1/100, avg halt num:0.3433744722312439
Episode:1/100, avg elec cons:1.762902998089894
 Retrying in 1 seconds
Warning: Unused states in tlLogic 'J10', program '0' in phase 0 after tl-index 10
Simulation......
总奖励:-7208.246304697577, 速度奖励:-1184.5730724479397, 加速度奖励:-681.333232250229, 交通灯奖励:-5342.33999999908, 与前车进行交互的惩罚:0.0
Episode:2/100, Reward:-7208.246304697577
Episode:2/100, avg speed:14.017458994774065
Episode:2/100, avg halt num:0.4596020761245675
Episode:2/100, avg elec cons:1.8991220424325361
 Retrying in 1 seconds
Warning: Unused states in tlLogic 'J10', program '0' in phase 0 after tl-index 10
Simulation......
总奖励:-5030.971457532391, 速度奖励:-579.0741388109687, 加速度奖励:-829.0973187217378, 交通灯奖励:-3622.8000000005654, 与前车进行交互的惩罚:0.0
Episode:3/100, Reward:-5030.971457532391
Episode:3/100, avg speed:15.656486281701877
Episode:3/100, avg halt num:0.2687152664269369
Episode:3/100, avg elec cons:2.0394890277621487
 Retrying in 1 seconds
Warning: Unused states in tlLogic 'J10', program '0' in phase 0 after tl-index 10
Simulation......
总奖励:-7800.413584841023, 速度奖励:-2080.262517533916, 加速度奖励:-901.2510673078152, 交通灯奖励:-4818.899999998238, 与前车进行交互的惩罚:0.0
Episode:4/100, Reward:-7800.413584841023
Episode:4/100, avg speed:9.867198057556232
Episode:4/100, avg halt num:0.5859318996415771
Episode:4/100, avg elec cons:0.8390127300877013
 Retrying in 1 seconds
Warning: Unused states in tlLogic 'J10', program '0' in phase 0 after tl-index 10
Simulation......
总奖励:-8403.313357893954, 速度奖励:-2694.0957385681872, 加速度奖励:-791.3776193264052, 交通灯奖励:-4917.839999997528, 与前车进行交互的惩罚:0.0
Episode:5/100, Reward:-8403.313357893954
Episode:5/100, avg speed:8.734244514367337
Episode:5/100, avg halt num:0.8489624119028975
Episode:5/100, avg elec cons:0.6757928651121493
 Retrying in 1 seconds
Warning: Unused states in tlLogic 'J10', program '0' in phase 0 after tl-index 10
Simulation......
总奖励:-4936.517861757576, 速度奖励:-1671.0592824899438, 加速度奖励:-813.0185792679946, 交通灯奖励:-2452.4400000009027, 与前车进行交互的惩罚:0.0
Episode:6/100, Reward:-4936.517861757576
Episode:6/100, avg speed:10.64315399079331
Episode:6/100, avg halt num:0.37216666666666665
Episode:6/100, avg elec cons:0.6654799103398714
 Retrying in 1 seconds
Warning: Unused states in tlLogic 'J10', program '0' in phase 0 after tl-index 10
Simulation......
总奖励:-3614.7310184360513, 速度奖励:-1399.9882458959776, 加速度奖励:-730.9427725401797, 交通灯奖励:-1483.8000000006405, 与前车进行交互的惩罚:0.0
Episode:7/100, Reward:-3614.7310184360513
Episode:7/100, avg speed:10.617585918576655
Episode:7/100, avg halt num:0.19986697705354173
Episode:7/100, avg elec cons:0.5604404654370115
 Retrying in 1 seconds
Warning: Unused states in tlLogic 'J10', program '0' in phase 0 after tl-index 10
Simulation......
总奖励:-3097.7805856487275, 速度奖励:-1219.3681822469905, 加速度奖励:-770.272403401815, 交通灯奖励:-1108.140000000469, 与前车进行交互的惩罚:0.0
Episode:8/100, Reward:-3097.7805856487275
Episode:8/100, avg speed:11.646258785624006
Episode:8/100, avg halt num:0.11448804957214517
Episode:8/100, avg elec cons:0.5548268150978016
 Retrying in 1 seconds
Warning: Unused states in tlLogic 'J10', program '0' in phase 0 after tl-index 10
Simulation......
总奖励:-3858.257041546532, 速度奖励:-1436.7569930729742, 加速度奖励:-951.0800484736682, 交通灯奖励:-1470.4200000005749, 与前车进行交互的惩罚:0.0
Episode:9/100, Reward:-3858.257041546532
Episode:9/100, avg speed:10.500866240322008
Episode:9/100, avg halt num:0.1778024065864471
Episode:9/100, avg elec cons:0.6629808273470426
 Retrying in 1 seconds
Warning: Unused states in tlLogic 'J10', program '0' in phase 0 after tl-index 10
Simulation......
总奖励:-1764.5375846894879, 速度奖励:-713.7464530410031, 加速度奖励:-762.01113164846, 交通灯奖励:-288.779999999979, 与前车进行交互的惩罚:0.0
Episode:10/100, Reward:-1764.5375846894879
Episode:10/100, avg speed:13.20414973400302
Episode:10/100, avg halt num:0.023925951798812434
Episode:10/100, avg elec cons:1.751938707225453
 Retrying in 1 seconds
Warning: Unused states in tlLogic 'J10', program '0' in phase 0 after tl-index 10
Simulation......
总奖励:-1955.1624307280192, 速度奖励:-696.5156037599958, 加速度奖励:-761.3068269679773, 交通灯奖励:-497.3399999999691, 与前车进行交互的惩罚:0.0
Episode:11/100, Reward:-1955.1624307280192
Episode:11/100, avg speed:14.081104967097879
Episode:11/100, avg halt num:0.05298387096774194
Episode:11/100, avg elec cons:1.9890056218496108
 Retrying in 1 seconds
Warning: Unused states in tlLogic 'J10', program '0' in phase 0 after tl-index 10
Simulation......
总奖励:-2065.7875582538873, 速度奖励:-614.0237071050005, 加速度奖励:-811.7438511488459, 交通灯奖励:-640.020000000149, 与前车进行交互的惩罚:0.0
Episode:12/100, Reward:-2065.7875582538873
Episode:12/100, avg speed:14.052036502902666
Episode:12/100, avg halt num:0.029894089511445166
Episode:12/100, avg elec cons:2.421152827353671
 Retrying in 1 seconds
Warning: Unused states in tlLogic 'J10', program '0' in phase 0 after tl-index 10
Simulation......
总奖励:-1608.7340208021326, 速度奖励:-554.9705546939964, 加速度奖励:-673.6634661080816, 交通灯奖励:-380.0999999999778, 与前车进行交互的惩罚:0.0
Episode:13/100, Reward:-1608.7340208021326
Episode:13/100, avg speed:14.575379525080637
Episode:13/100, avg halt num:0.04192987997473152
Episode:13/100, avg elec cons:2.3811977477045883
 Retrying in 1 seconds
Warning: Unused states in tlLogic 'J10', program '0' in phase 0 after tl-index 10
Simulation......
总奖励:-1735.2557254073256, 速度奖励:-605.4235255889978, 加速度奖励:-829.6521998182772, 交通灯奖励:-300.1799999999781, 与前车进行交互的惩罚:0.0
Episode:14/100, Reward:-1735.2557254073256
Episode:14/100, avg speed:13.840125888770913
Episode:14/100, avg halt num:0.045374293785310736
Episode:14/100, avg elec cons:2.049092679526025
 Retrying in 1 seconds
Warning: Unused states in tlLogic 'J10', program '0' in phase 0 after tl-index 10
Simulation......
总奖励:-1736.4954352276566, 速度奖励:-621.2140873379988, 加速度奖励:-813.3013478896191, 交通灯奖励:-301.979999999974, 与前车进行交互的惩罚:0.0
Episode:15/100, Reward:-1736.4954352276566
Episode:15/100, avg speed:14.17723656500762
Episode:15/100, avg halt num:0.027094972067039105
Episode:15/100, avg elec cons:2.664955321084843
 Retrying in 1 seconds
Warning: Unused states in tlLogic 'J10', program '0' in phase 0 after tl-index 10
Simulation......
总奖励:-1522.686211792397, 速度奖励:-621.8173425960031, 加速度奖励:-684.388869196364, 交通灯奖励:-216.47999999998166, 与前车进行交互的惩罚:0.0
Episode:16/100, Reward:-1522.686211792397
Episode:16/100, avg speed:13.647272963957793
Episode:16/100, avg halt num:0.022390891840607212
Episode:16/100, avg elec cons:2.2977545920238804
 Retrying in 1 seconds
Warning: Unused states in tlLogic 'J10', program '0' in phase 0 after tl-index 10
Simulation......
总奖励:-1639.143168029534, 速度奖励:-602.0038653480021, 加速度奖励:-742.7793026815026, 交通灯奖励:-294.3599999999738, 与前车进行交互的惩罚:0.0
Episode:17/100, Reward:-1639.143168029534
Episode:17/100, avg speed:14.211294785655916
Episode:17/100, avg halt num:0.013337893296853625
Episode:17/100, avg elec cons:2.2420572909984067
 Retrying in 1 seconds
Warning: Unused states in tlLogic 'J10', program '0' in phase 0 after tl-index 10
Simulation......
总奖励:-1679.0381520511426, 速度奖励:-644.7116299230029, 加速度奖励:-747.7665221281316, 交通灯奖励:-286.5599999999694, 与前车进行交互的惩罚:0.0
Episode:18/100, Reward:-1679.0381520511426
Episode:18/100, avg speed:12.589495737895508
Episode:18/100, avg halt num:0.0026052104208416833
Episode:18/100, avg elec cons:2.1801012357759153
 Retrying in 1 seconds
Warning: Unused states in tlLogic 'J10', program '0' in phase 0 after tl-index 10
Simulation......
总奖励:-2623.3502428321312, 速度奖励:-1009.1231698139952, 加速度奖励:-970.5470730181929, 交通灯奖励:-643.6800000000894, 与前车进行交互的惩罚:0.0
Episode:19/100, Reward:-2623.3502428321312
Episode:19/100, avg speed:12.195032007812115
Episode:19/100, avg halt num:0.06656008078088185
Episode:19/100, avg elec cons:0.8893503428246666
 Retrying in 1 seconds
Warning: Unused states in tlLogic 'J10', program '0' in phase 0 after tl-index 10
Simulation......
总奖励:-6064.161998495625, 速度奖励:-2034.3592190699535, 加速度奖励:-1353.262779425983, 交通灯奖励:-2676.540000001047, 与前车进行交互的惩罚:0.0
Episode:20/100, Reward:-6064.161998495625
Episode:20/100, avg speed:10.134173110544381
Episode:20/100, avg halt num:0.3548181238034461
Episode:20/100, avg elec cons:0.49334567572688104
 Retrying in 1 seconds
Warning: Unused states in tlLogic 'J10', program '0' in phase 0 after tl-index 10
Simulation......
总奖励:-6285.145473839314, 速度奖励:-2093.7277222469515, 加速度奖励:-1369.8577515927077, 交通灯奖励:-2821.5600000010236, 与前车进行交互的惩罚:0.0
Episode:21/100, Reward:-6285.145473839314
Episode:21/100, avg speed:8.817942089371435
Episode:21/100, avg halt num:0.4329690346083789
Episode:21/100, avg elec cons:0.608769040193266
 Retrying in 1 seconds
Warning: Unused states in tlLogic 'J10', program '0' in phase 0 after tl-index 10
Simulation......
总奖励:-2851.783592596688, 速度奖励:-1042.865623611002, 加速度奖励:-845.7379689856855, 交通灯奖励:-963.1800000002031, 与前车进行交互的惩罚:0.0
Episode:22/100, Reward:-2851.783592596688
Episode:22/100, avg speed:11.620748508418364
Episode:22/100, avg halt num:0.05596062705067444
Episode:22/100, avg elec cons:1.1944776197385207
 Retrying in 1 seconds
Warning: Unused states in tlLogic 'J10', program '0' in phase 0 after tl-index 10
Simulation......
总奖励:-3054.4165510825887, 速度奖励:-1302.880613876977, 加速度奖励:-891.795937205637, 交通灯奖励:-859.740000000341, 与前车进行交互的惩罚:0.0
Episode:23/100, Reward:-3054.4165510825887
Episode:23/100, avg speed:11.377739264146307
Episode:23/100, avg halt num:0.15352730819245775
Episode:23/100, avg elec cons:0.63373895663543
 Retrying in 1 seconds
Warning: Unused states in tlLogic 'J10', program '0' in phase 0 after tl-index 10
Simulation......
总奖励:-4630.1941774167535, 速度奖励:-1626.6036513329796, 加速度奖励:-1090.550526083872, 交通灯奖励:-1913.0400000005448, 与前车进行交互的惩罚:0.0
Episode:24/100, Reward:-4630.1941774167535
Episode:24/100, avg speed:9.87743224029508
Episode:24/100, avg halt num:0.14682420228777845
Episode:24/100, avg elec cons:0.5056183074673826
 Retrying in 1 seconds
Warning: Unused states in tlLogic 'J10', program '0' in phase 0 after tl-index 10
Simulation......
总奖励:-7591.784055217927, 速度奖励:-2409.829022727052, 加速度奖励:-1375.9150324915915, 交通灯奖励:-3806.0400000014474, 与前车进行交互的惩罚:0.0
Episode:25/100, Reward:-7591.784055217927
Episode:25/100, avg speed:9.304464837281257
Episode:25/100, avg halt num:0.5114144316730523
Episode:25/100, avg elec cons:0.5257556646147049
 Retrying in 1 seconds
Warning: Unused states in tlLogic 'J10', program '0' in phase 0 after tl-index 10
Simulation......
总奖励:-4483.196352196865, 速度奖励:-1571.5922661899854, 加速度奖励:-1190.2640860069787, 交通灯奖励:-1721.3400000007712, 与前车进行交互的惩罚:0.0
Episode:26/100, Reward:-4483.196352196865
Episode:26/100, avg speed:10.214830860811551
Episode:26/100, avg halt num:0.185102187163858
Episode:26/100, avg elec cons:0.7621905720124167
 Retrying in 1 seconds
Warning: Unused states in tlLogic 'J10', program '0' in phase 0 after tl-index 10
Simulation......
总奖励:-2711.203124302773, 速度奖励:-1139.5704519809979, 加速度奖励:-1045.0726723217665, 交通灯奖励:-526.5599999999525, 与前车进行交互的惩罚:0.0
Episode:27/100, Reward:-2711.203124302773
Episode:27/100, avg speed:11.264940383892824
Episode:27/100, avg halt num:0.08126467628312646
Episode:27/100, avg elec cons:0.7900040880673358
 Retrying in 1 seconds
Warning: Unused states in tlLogic 'J10', program '0' in phase 0 after tl-index 10
Simulation......
总奖励:-2172.4147427842254, 速度奖励:-782.4359742029908, 加速度奖励:-880.3987685812153, 交通灯奖励:-509.5799999999541, 与前车进行交互的惩罚:0.0
Episode:28/100, Reward:-2172.4147427842254
Episode:28/100, avg speed:11.79985146178916
Episode:28/100, avg halt num:0.0676309616888194
Episode:28/100, avg elec cons:1.4702433670541535
 Retrying in 1 seconds
Warning: Unused states in tlLogic 'J10', program '0' in phase 0 after tl-index 10
Simulation......
总奖励:-7897.068812798099, 速度奖励:-2430.4990327920927, 加速度奖励:-1539.8697800066311, 交通灯奖励:-3926.700000001286, 与前车进行交互的惩罚:0.0
Episode:29/100, Reward:-7897.068812798099
Episode:29/100, avg speed:7.9354604690132575
Episode:29/100, avg halt num:0.5547558309037901
Episode:29/100, avg elec cons:0.639958089201952
 Retrying in 1 seconds
Warning: Unused states in tlLogic 'J10', program '0' in phase 0 after tl-index 10
Simulation......
总奖励:-19438.779968931485, 速度奖励:-4096.580597910586, 加速度奖励:-2828.5993710196776, 交通灯奖励:-12513.599999997208, 与前车进行交互的惩罚:0.0
Episode:30/100, Reward:-19438.779968931485
Episode:30/100, avg speed:7.034198088919388
Episode:30/100, avg halt num:0.8140092879256966
Episode:30/100, avg elec cons:0.5187912092667952
 Retrying in 1 seconds
Warning: Unused states in tlLogic 'J10', program '0' in phase 0 after tl-index 10
Simulation......
总奖励:-20706.478037176897, 速度奖励:-4027.897876401329, 加速度奖励:-3827.960160774309, 交通灯奖励:-12850.619999998218, 与前车进行交互的惩罚:0.0
Episode:31/100, Reward:-20706.478037176897
Episode:31/100, avg speed:7.015636451938551
Episode:31/100, avg halt num:0.40988924050632913
Episode:31/100, avg elec cons:0.532490380572917
 Retrying in 1 seconds
Warning: Unused states in tlLogic 'J10', program '0' in phase 0 after tl-index 10
Simulation......
总奖励:-4101.862537794665, 速度奖励:-1269.7817300189865, 加速度奖励:-1401.3808077757928, 交通灯奖励:-1430.7000000003936, 与前车进行交互的惩罚:0.0
Episode:32/100, Reward:-4101.862537794665
Episode:32/100, avg speed:10.980781948567897
Episode:32/100, avg halt num:0.15638766519823788
Episode:32/100, avg elec cons:0.8428174582825376
 Retrying in 1 seconds
Warning: Unused states in tlLogic 'J10', program '0' in phase 0 after tl-index 10
Simulation......
总奖励:-4927.355541185181, 速度奖励:-1437.9764979419735, 加速度奖励:-1527.4990432434602, 交通灯奖励:-1961.8800000007602, 与前车进行交互的惩罚:0.0
Episode:33/100, Reward:-4927.355541185181
Episode:33/100, avg speed:10.72582975417284
Episode:33/100, avg halt num:0.2465243296921549
Episode:33/100, avg elec cons:0.7683335268444694
 Retrying in 1 seconds
Warning: Unused states in tlLogic 'J10', program '0' in phase 0 after tl-index 10
Simulation......
总奖励:-3495.4311225174597, 速度奖励:-1096.978485014992, 加速度奖励:-1350.9726375025086, 交通灯奖励:-1047.480000000407, 与前车进行交互的惩罚:0.0
Episode:34/100, Reward:-3495.4311225174597
Episode:34/100, avg speed:11.802530101387193
Episode:34/100, avg halt num:0.10353621217273036
Episode:34/100, avg elec cons:0.8933469950121606
 Retrying in 1 seconds
Warning: Unused states in tlLogic 'J10', program '0' in phase 0 after tl-index 10
Simulation......
总奖励:-1974.4492015739704, 速度奖励:-787.2268996079916, 加速度奖励:-716.4023019659497, 交通灯奖励:-470.8199999999601, 与前车进行交互的惩罚:0.0
Episode:35/100, Reward:-1974.4492015739704
Episode:35/100, avg speed:12.855777880186594
Episode:35/100, avg halt num:0.07916666666666666
Episode:35/100, avg elec cons:1.0201726560061517
 Retrying in 1 seconds
Warning: Unused states in tlLogic 'J10', program '0' in phase 0 after tl-index 10
Simulation......
总奖励:-2139.698667474804, 速度奖励:-1122.6334335029903, 加速度奖励:-672.1252339717936, 交通灯奖励:-344.93999999996146, 与前车进行交互的惩罚:0.0
Episode:36/100, Reward:-2139.698667474804
Episode:36/100, avg speed:11.154744618523814
Episode:36/100, avg halt num:0.1014799154334038
Episode:36/100, avg elec cons:0.6907212079524498
 Retrying in 1 seconds
Warning: Unused states in tlLogic 'J10', program '0' in phase 0 after tl-index 10
Simulation......
总奖励:-3302.283796590842, 速度奖励:-1570.652923454955, 加速度奖励:-715.7108731359289, 交通灯奖励:-1015.9200000005769, 与前车进行交互的惩罚:0.0
Episode:37/100, Reward:-3302.283796590842
Episode:37/100, avg speed:9.750412771922434
Episode:37/100, avg halt num:0.2672036595067621
Episode:37/100, avg elec cons:0.6021151126768579
 Retrying in 1 seconds
Warning: Unused states in tlLogic 'J10', program '0' in phase 0 after tl-index 10
Simulation......
总奖励:-3337.0746013211788, 速度奖励:-1393.0200194849772, 加速度奖励:-802.55458183627, 交通灯奖励:-1141.5000000004486, 与前车进行交互的惩罚:0.0
Episode:38/100, Reward:-3337.0746013211788
Episode:38/100, avg speed:10.59191969577305
Episode:38/100, avg halt num:0.20317694865164387
Episode:38/100, avg elec cons:0.6254713130654815
 Retrying in 1 seconds
Warning: Unused states in tlLogic 'J10', program '0' in phase 0 after tl-index 10
Simulation......
总奖励:-3141.5929878914358, 速度奖励:-1308.4357253849937, 加速度奖励:-852.2772625064893, 交通灯奖励:-980.8800000004113, 与前车进行交互的惩罚:0.0
Episode:39/100, Reward:-3141.5929878914358
Episode:39/100, avg speed:10.731713940715894
Episode:39/100, avg halt num:0.1517253044654939
Episode:39/100, avg elec cons:0.7077807482119474
 Retrying in 1 seconds
Warning: Unused states in tlLogic 'J10', program '0' in phase 0 after tl-index 10
Simulation......
总奖励:-2745.9694685007426, 速度奖励:-1170.4119358409976, 加速度奖励:-836.5975326597733, 交通灯奖励:-738.9600000002366, 与前车进行交互的惩罚:0.0
Episode:40/100, Reward:-2745.9694685007426
Episode:40/100, avg speed:11.099611753443305
Episode:40/100, avg halt num:0.09735366281107606
Episode:40/100, avg elec cons:0.683521240560281
 Retrying in 1 seconds
Warning: Unused states in tlLogic 'J10', program '0' in phase 0 after tl-index 10
Simulation......
总奖励:-1656.9241604654005, 速度奖励:-840.8960668080053, 加速度奖励:-615.2680936573965, 交通灯奖励:-200.75999999998407, 与前车进行交互的惩罚:0.0
Episode:41/100, Reward:-1656.9241604654005
Episode:41/100, avg speed:12.45903385785691
Episode:41/100, avg halt num:0.041799222340049486
Episode:41/100, avg elec cons:0.908954675429965
 Retrying in 1 seconds
Warning: Unused states in tlLogic 'J10', program '0' in phase 0 after tl-index 10
Simulation......
总奖励:-1823.4789819059902, 速度奖励:-958.4769714570031, 加速度奖励:-480.9420104489771, 交通灯奖励:-384.0599999999584, 与前车进行交互的惩罚:0.0
Episode:42/100, Reward:-1823.4789819059902
Episode:42/100, avg speed:11.864878097046196
Episode:42/100, avg halt num:0.06107011070110701
Episode:42/100, avg elec cons:0.8317160125802917
 Retrying in 1 seconds
Warning: Unused states in tlLogic 'J10', program '0' in phase 0 after tl-index 10
Simulation......
总奖励:-2071.884390357352, 速度奖励:-1019.6210348280008, 加速度奖励:-576.8233555293488, 交通灯奖励:-475.43999999995947, 与前车进行交互的惩罚:0.0
Episode:43/100, Reward:-2071.884390357352
Episode:43/100, avg speed:11.195138923912124
Episode:43/100, avg halt num:0.08355614973262032
Episode:43/100, avg elec cons:0.8363794220889508
 Retrying in 1 seconds
Warning: Unused states in tlLogic 'J10', program '0' in phase 0 after tl-index 10
Simulation......
总奖励:-1840.779572099219, 速度奖励:-874.5254423819987, 加速度奖励:-688.2741297172021, 交通灯奖励:-277.97999999997836, 与前车进行交互的惩罚:0.0
Episode:44/100, Reward:-1840.779572099219
Episode:44/100, avg speed:12.221065381656238
Episode:44/100, avg halt num:0.05776928675400291
Episode:44/100, avg elec cons:0.9732848568007928
 Retrying in 1 seconds
Warning: Unused states in tlLogic 'J10', program '0' in phase 0 after tl-index 10
Simulation......
总奖励:-1691.3141631534559, 速度奖励:-786.2256571410043, 加速度奖励:-802.2485060124493, 交通灯奖励:-102.83999999998062, 与前车进行交互的惩罚:0.0
Episode:45/100, Reward:-1691.3141631534559
Episode:45/100, avg speed:12.056056578335333
Episode:45/100, avg halt num:0.013994668697638995
Episode:45/100, avg elec cons:1.283211311128261
 Retrying in 1 seconds
Warning: Unused states in tlLogic 'J10', program '0' in phase 0 after tl-index 10
Simulation......
总奖励:-1817.23932014081, 速度奖励:-832.820627349009, 加速度奖励:-850.6186927918064, 交通灯奖励:-133.7999999999919, 与前车进行交互的惩罚:0.0
Episode:46/100, Reward:-1817.23932014081
Episode:46/100, avg speed:12.895270183003076
Episode:46/100, avg halt num:0.018284893005429577
Episode:46/100, avg elec cons:1.0376195993349573
 Retrying in 1 seconds
Warning: Unused states in tlLogic 'J10', program '0' in phase 0 after tl-index 10
Simulation......
总奖励:-2039.5298206014888, 速度奖励:-864.3687267690067, 加速度奖励:-885.781093832483, 交通灯奖励:-289.3799999999795, 与前车进行交互的惩罚:0.0
Episode:47/100, Reward:-2039.5298206014888
Episode:47/100, avg speed:12.335020819461805
Episode:47/100, avg halt num:0.018442622950819672
Episode:47/100, avg elec cons:1.3190367521049364
 Retrying in 1 seconds
Warning: Unused states in tlLogic 'J10', program '0' in phase 0 after tl-index 10
Simulation......
总奖励:-1816.0953663423184, 速度奖励:-741.4057543050044, 加速度奖励:-960.3896120373081, 交通灯奖励:-114.29999999998564, 与前车进行交互的惩罚:0.0
Episode:48/100, Reward:-1816.0953663423184
Episode:48/100, avg speed:12.472929232409045
Episode:48/100, avg halt num:0.008890191481047284
Episode:48/100, avg elec cons:1.6138790414434514
 Retrying in 1 seconds
Warning: Unused states in tlLogic 'J10', program '0' in phase 0 after tl-index 10
Simulation......
总奖励:-1807.6364486239245, 速度奖励:-719.8050177450091, 加速度奖励:-995.4914308788991, 交通灯奖励:-92.33999999998798, 与前车进行交互的惩罚:0.0
Episode:49/100, Reward:-1807.6364486239245
Episode:49/100, avg speed:13.25115187086843
Episode:49/100, avg halt num:0.0047316165063605335
Episode:49/100, avg elec cons:1.3005843703511661
 Retrying in 1 seconds
Warning: Unused states in tlLogic 'J10', program '0' in phase 0 after tl-index 10
Simulation......
总奖励:-1858.2804252727788, 速度奖励:-738.3118985550084, 加速度奖励:-973.448526717766, 交通灯奖励:-146.51999999997992, 与前车进行交互的惩罚:0.0
Episode:50/100, Reward:-1858.2804252727788
Episode:50/100, avg speed:12.765653639484473
Episode:50/100, avg halt num:0.004672103295956507
Episode:50/100, avg elec cons:1.2029056934998699
 Retrying in 1 seconds
Warning: Unused states in tlLogic 'J10', program '0' in phase 0 after tl-index 10
Simulation......
总奖励:-1976.2223438475787, 速度奖励:-735.9192258030022, 加速度奖励:-912.3431180445469, 交通灯奖励:-327.9599999999727, 与前车进行交互的惩罚:0.0
Episode:51/100, Reward:-1976.2223438475787
Episode:51/100, avg speed:13.67576758532674
Episode:51/100, avg halt num:0.01740764955867931
Episode:51/100, avg elec cons:1.3037878682492616
 Retrying in 1 seconds
Warning: Unused states in tlLogic 'J10', program '0' in phase 0 after tl-index 10
Simulation......
总奖励:-2015.7764614809137, 速度奖励:-757.3458859200051, 加速度奖励:-968.3905755608924, 交通灯奖励:-290.03999999997495, 与前车进行交互的惩罚:0.0
Episode:52/100, Reward:-2015.7764614809137
Episode:52/100, avg speed:12.891172107663376
Episode:52/100, avg halt num:0.014183123877917415
Episode:52/100, avg elec cons:1.4982525108127884
 Retrying in 1 seconds
Warning: Unused states in tlLogic 'J10', program '0' in phase 0 after tl-index 10
Simulation......
总奖励:-1989.915043753564, 速度奖励:-762.7199766570072, 加速度奖励:-1005.9750670965406, 交通灯奖励:-221.21999999998923, 与前车进行交互的惩罚:0.0
Episode:53/100, Reward:-1989.915043753564
Episode:53/100, avg speed:12.789098841696145
Episode:53/100, avg halt num:0.009104577347143334
Episode:53/100, avg elec cons:1.4374882144466887
 Retrying in 1 seconds
Warning: Unused states in tlLogic 'J10', program '0' in phase 0 after tl-index 10
Simulation......
总奖励:-1935.9394279472249, 速度奖励:-771.5640373380047, 加速度奖励:-974.2953906092087, 交通灯奖励:-190.07999999997875, 与前车进行交互的惩罚:0.0
Episode:54/100, Reward:-1935.9394279472249
Episode:54/100, avg speed:12.800032125491208
Episode:54/100, avg halt num:0.01720223541739434
Episode:54/100, avg elec cons:1.3991566993137678
 Retrying in 1 seconds
Warning: Unused states in tlLogic 'J10', program '0' in phase 0 after tl-index 10
Simulation......
总奖励:-1697.7409504784853, 速度奖励:-672.5770051320033, 加速度奖励:-920.163945346468, 交通灯奖励:-104.99999999998664, 与前车进行交互的惩罚:0.0
Episode:55/100, Reward:-1697.7409504784853
Episode:55/100, avg speed:12.642063073250895
Episode:55/100, avg halt num:0.015005662514156285
Episode:55/100, avg elec cons:1.6256619047079708
 Retrying in 1 seconds
Warning: Unused states in tlLogic 'J10', program '0' in phase 0 after tl-index 10
Simulation......
总奖励:-1766.3464819877768, 速度奖励:-709.3794612690061, 加速度奖励:-945.967020718743, 交通灯奖励:-110.99999999997678, 与前车进行交互的惩罚:0.0
Episode:56/100, Reward:-1766.3464819877768
Episode:56/100, avg speed:12.906278397636697
Episode:56/100, avg halt num:0.03182640144665461
Episode:56/100, avg elec cons:1.634685340940727
 Retrying in 1 seconds
Warning: Unused states in tlLogic 'J10', program '0' in phase 0 after tl-index 10
Simulation......
总奖励:-1579.2009133294705, 速度奖励:-620.8990085070045, 加速度奖励:-918.6419048224595, 交通灯奖励:-39.65999999999123, 与前车进行交互的惩罚:0.0
Episode:57/100, Reward:-1579.2009133294705
Episode:57/100, avg speed:12.910021494302194
Episode:57/100, avg halt num:0.006196668021129622
Episode:57/100, avg elec cons:1.9915302634903107
 Retrying in 1 seconds
Warning: Unused states in tlLogic 'J10', program '0' in phase 0 after tl-index 10
Simulation......
总奖励:-1548.5531709086563, 速度奖励:-611.2769969970021, 加速度奖励:-842.8361739116533, 交通灯奖励:-94.43999999997939, 与前车进行交互的惩罚:0.0
Episode:58/100, Reward:-1548.5531709086563
Episode:58/100, avg speed:13.305735120909148
Episode:58/100, avg halt num:0.007650058846606513
Episode:58/100, avg elec cons:1.7763327013807209
 Retrying in 1 seconds
Warning: Unused states in tlLogic 'J10', program '0' in phase 0 after tl-index 10
Simulation......
总奖励:-1526.6193643547838, 速度奖励:-633.8358712620064, 加速度奖励:-833.5634930927642, 交通灯奖励:-59.219999999993405, 与前车进行交互的惩罚:0.0
Episode:59/100, Reward:-1526.6193643547838
Episode:59/100, avg speed:13.372917999986509
Episode:59/100, avg halt num:0.006651463321930825
Episode:59/100, avg elec cons:1.6539606443107642
 Retrying in 1 seconds
Warning: Unused states in tlLogic 'J10', program '0' in phase 0 after tl-index 10
Simulation......
总奖励:-1768.412608108622, 速度奖励:-640.1373835590048, 加速度奖励:-965.735224549609, 交通灯奖励:-162.53999999998624, 与前车进行交互的惩罚:0.0
Episode:60/100, Reward:-1768.412608108622
Episode:60/100, avg speed:13.655547189122723
Episode:60/100, avg halt num:0.009775171065493646
Episode:60/100, avg elec cons:1.5508131818491975
 Retrying in 1 seconds
Warning: Unused states in tlLogic 'J10', program '0' in phase 0 after tl-index 10
Simulation......
总奖励:-2015.7947445953791, 速度奖励:-792.3271728960008, 加速度奖励:-913.6275716993587, 交通灯奖励:-309.8399999999768, 与前车进行交互的惩罚:0.0
Episode:61/100, Reward:-2015.7947445953791
Episode:61/100, avg speed:12.17183757414576
Episode:61/100, avg halt num:0.051101236476043276
Episode:61/100, avg elec cons:1.3653119707136443
 Retrying in 1 seconds
Warning: Unused states in tlLogic 'J10', program '0' in phase 0 after tl-index 10
Simulation......
总奖励:-1822.0375019535145, 速度奖励:-739.9531281780048, 加速度奖励:-916.8443737754906, 交通灯奖励:-165.23999999997847, 与前车进行交互的惩罚:0.0
Episode:62/100, Reward:-1822.0375019535145
Episode:62/100, avg speed:12.883942670055214
Episode:62/100, avg halt num:0.032147742818057455
Episode:62/100, avg elec cons:1.3481752434799519
 Retrying in 1 seconds
Warning: Unused states in tlLogic 'J10', program '0' in phase 0 after tl-index 10
Simulation......
总奖励:-1763.1968933408343, 速度奖励:-719.9360485920049, 加速度奖励:-909.7008447488193, 交通灯奖励:-133.55999999999568, 与前车进行交互的惩罚:0.0
Episode:63/100, Reward:-1763.1968933408343
Episode:63/100, avg speed:13.334985296850459
Episode:63/100, avg halt num:0.01674179008370895
Episode:63/100, avg elec cons:1.0826899856950685
 Retrying in 1 seconds
Warning: Unused states in tlLogic 'J10', program '0' in phase 0 after tl-index 10
Simulation......
总奖励:-2405.2124059386947, 速度奖励:-910.6266574979968, 加速度奖励:-1012.4857484407028, 交通灯奖励:-482.0999999999642, 与前车进行交互的惩罚:0.0
Episode:64/100, Reward:-2405.2124059386947
Episode:64/100, avg speed:11.93916449608064
Episode:64/100, avg halt num:0.0658085569253082
Episode:64/100, avg elec cons:1.2205837615250714
 Retrying in 1 seconds
Warning: Unused states in tlLogic 'J10', program '0' in phase 0 after tl-index 10
Simulation......
总奖励:-2578.8218408769667, 速度奖励:-1121.85428744698, 加速度奖励:-904.0075534299956, 交通灯奖励:-552.9600000000681, 与前车进行交互的惩罚:0.0
Episode:65/100, Reward:-2578.8218408769667
Episode:65/100, avg speed:11.464490668497362
Episode:65/100, avg halt num:0.12460869565217392
Episode:65/100, avg elec cons:0.7718641005435511
 Retrying in 1 seconds
Warning: Unused states in tlLogic 'J10', program '0' in phase 0 after tl-index 10
Simulation......
总奖励:-2569.1477749703754, 速度奖励:-1183.5104505299937, 加速度奖励:-650.6373244403984, 交通灯奖励:-735.0000000002228, 与前车进行交互的惩罚:0.0
Episode:66/100, Reward:-2569.1477749703754
Episode:66/100, avg speed:12.292341081874193
Episode:66/100, avg halt num:0.11934218467109234
Episode:66/100, avg elec cons:0.606992265922168
 Retrying in 1 seconds
Warning: Unused states in tlLogic 'J10', program '0' in phase 0 after tl-index 10
Simulation......
总奖励:-2782.5797213797728, 速度奖励:-1413.248473907967, 加速度奖励:-605.8912474718562, 交通灯奖励:-763.4400000003579, 与前车进行交互的惩罚:0.0
Episode:67/100, Reward:-2782.5797213797728
Episode:67/100, avg speed:11.537122515917492
Episode:67/100, avg halt num:0.19507458048477316
Episode:67/100, avg elec cons:0.4756034014225785
 Retrying in 1 seconds
Warning: Unused states in tlLogic 'J10', program '0' in phase 0 after tl-index 10
Simulation......
总奖励:-2749.6711272748457, 速度奖励:-1501.192299320963, 加速度奖励:-565.078827953926, 交通灯奖励:-683.4000000002424, 与前车进行交互的惩罚:0.0
Episode:68/100, Reward:-2749.6711272748457
Episode:68/100, avg speed:11.019897209696504
Episode:68/100, avg halt num:0.1959177113468338
Episode:68/100, avg elec cons:0.44058241005732657
 Retrying in 1 seconds
Warning: Unused states in tlLogic 'J10', program '0' in phase 0 after tl-index 10
Simulation......
总奖励:-1790.4274890211132, 速度奖励:-1157.2075688220086, 加速度奖励:-527.1399201991043, 交通灯奖励:-106.07999999997142, 与前车进行交互的惩罚:0.0
Episode:69/100, Reward:-1790.4274890211132
Episode:69/100, avg speed:11.509193033248732
Episode:69/100, avg halt num:0.06087809293904647
Episode:69/100, avg elec cons:0.511945504619355
 Retrying in 1 seconds
Warning: Unused states in tlLogic 'J10', program '0' in phase 0 after tl-index 10
Simulation......
总奖励:-1551.5509404180207, 速度奖励:-897.982645257007, 加速度奖励:-477.10829516100557, 交通灯奖励:-176.45999999997974, 与前车进行交互的惩罚:0.0
Episode:70/100, Reward:-1551.5509404180207
Episode:70/100, avg speed:12.235618486529235
Episode:70/100, avg halt num:0.017640485312899107
Episode:70/100, avg elec cons:0.7481005011752586
 Retrying in 1 seconds
Warning: Unused states in tlLogic 'J10', program '0' in phase 0 after tl-index 10
Simulation......
总奖励:-2421.3036410782233, 速度奖励:-945.3296856689878, 加速度奖励:-578.853955409267, 交通灯奖励:-897.1200000001196, 与前车进行交互的惩罚:0.0
Episode:71/100, Reward:-2421.3036410782233
Episode:71/100, avg speed:12.429316577693925
Episode:71/100, avg halt num:0.10326609029779059
Episode:71/100, avg elec cons:0.6831876286652279
 Retrying in 1 seconds
Warning: Unused states in tlLogic 'J10', program '0' in phase 0 after tl-index 10
Simulation......
总奖励:-2433.2735852597284, 速度奖励:-1172.2282099649922, 加速度奖励:-624.3853752947259, 交通灯奖励:-636.660000000152, 与前车进行交互的惩罚:0.0
Episode:72/100, Reward:-2433.2735852597284
Episode:72/100, avg speed:10.393550098653954
Episode:72/100, avg halt num:0.11654968599926117
Episode:72/100, avg elec cons:0.628975612228723
 Retrying in 1 seconds
Warning: Unused states in tlLogic 'J10', program '0' in phase 0 after tl-index 10
Simulation......
总奖励:-2308.1543752243833, 速度奖励:-1111.1510134979903, 加速度奖励:-621.6033617263832, 交通灯奖励:-575.4000000001691, 与前车进行交互的惩罚:0.0
Episode:73/100, Reward:-2308.1543752243833
Episode:73/100, avg speed:11.654677250828103
Episode:73/100, avg halt num:0.08654688869412795
Episode:73/100, avg elec cons:0.5730384693705177
 Retrying in 1 seconds
Warning: Unused states in tlLogic 'J10', program '0' in phase 0 after tl-index 10
Simulation......
总奖励:-1499.7608024263182, 速度奖励:-910.6407262619985, 加速度奖励:-426.1000761642976, 交通灯奖励:-163.01999999998134, 与前车进行交互的惩罚:0.0
Episode:74/100, Reward:-1499.7608024263182
Episode:74/100, avg speed:12.549507182646739
Episode:74/100, avg halt num:0.060680433310765065
Episode:74/100, avg elec cons:0.6729167635357396
 Retrying in 1 seconds
Warning: Unused states in tlLogic 'J10', program '0' in phase 0 after tl-index 10
Simulation......
总奖励:-1970.853203322237, 速度奖励:-1225.198443194979, 加速度奖励:-395.55476012720885, 交通灯奖励:-350.0999999999625, 与前车进行交互的惩罚:0.0
Episode:75/100, Reward:-1970.853203322237
Episode:75/100, avg speed:11.672661919847396
Episode:75/100, avg halt num:0.10168121564823795
Episode:75/100, avg elec cons:0.5020249288442686
 Retrying in 1 seconds
Warning: Unused states in tlLogic 'J10', program '0' in phase 0 after tl-index 10
Simulation......
总奖励:-2032.6257422464687, 速度奖励:-1046.1732484499896, 加速度奖励:-504.4124937964394, 交通灯奖励:-482.0399999999575, 与前车进行交互的惩罚:0.0
Episode:76/100, Reward:-2032.6257422464687
Episode:76/100, avg speed:11.404690082433373
Episode:76/100, avg halt num:0.1102883865939205
Episode:76/100, avg elec cons:0.8728712986484849
 Retrying in 1 seconds
Warning: Unused states in tlLogic 'J10', program '0' in phase 0 after tl-index 10
Simulation......
总奖励:-1410.6989103330702, 速度奖励:-877.8321910530062, 加速度奖励:-489.36671928006905, 交通灯奖励:-43.499999999987, 与前车进行交互的惩罚:0.0
Episode:77/100, Reward:-1410.6989103330702
Episode:77/100, avg speed:12.298143553005655
Episode:77/100, avg halt num:0.021789433089086
Episode:77/100, avg elec cons:1.1659247254296283
 Retrying in 1 seconds
Warning: Unused states in tlLogic 'J10', program '0' in phase 0 after tl-index 10
Simulation......
总奖励:-1478.7716119424308, 速度奖励:-699.0192107639928, 加速度奖励:-567.1724011784172, 交通灯奖励:-212.57999999998702, 与前车进行交互的惩罚:0.0
Episode:78/100, Reward:-1478.7716119424308
Episode:78/100, avg speed:12.663985582331609
Episode:78/100, avg halt num:0.046103896103896105
Episode:78/100, avg elec cons:1.483004329007147
 Retrying in 1 seconds
Warning: Unused states in tlLogic 'J10', program '0' in phase 0 after tl-index 10
Simulation......
总奖励:-2057.3496035026, 速度奖励:-864.0595414080035, 加速度奖励:-754.6900620945879, 交通灯奖励:-438.5999999999611, 与前车进行交互的惩罚:0.0
Episode:79/100, Reward:-2057.3496035026
Episode:79/100, avg speed:12.158498402902042
Episode:79/100, avg halt num:0.04096153846153846
Episode:79/100, avg elec cons:1.4379365332176586
 Retrying in 1 seconds
Warning: Unused states in tlLogic 'J10', program '0' in phase 0 after tl-index 10
Simulation......
总奖励:-1526.917949206367, 速度奖励:-720.7708178880049, 加速度奖励:-608.6271313183623, 交通灯奖励:-197.5199999999829, 与前车进行交互的惩罚:0.0
Episode:80/100, Reward:-1526.917949206367
Episode:80/100, avg speed:12.918877441146508
Episode:80/100, avg halt num:0.025069637883008356
Episode:80/100, avg elec cons:1.3882884995511051
 Retrying in 1 seconds
Warning: Unused states in tlLogic 'J10', program '0' in phase 0 after tl-index 10
Simulation......
总奖励:-1736.116958514175, 速度奖励:-946.7060242319948, 加速度奖励:-483.4709342821551, 交通灯奖励:-305.9399999999694, 与前车进行交互的惩罚:0.0
Episode:81/100, Reward:-1736.116958514175
Episode:81/100, avg speed:11.643627865199726
Episode:81/100, avg halt num:0.06323268206039076
Episode:81/100, avg elec cons:0.8070672651787589
 Retrying in 1 seconds
Warning: Unused states in tlLogic 'J10', program '0' in phase 0 after tl-index 10
Simulation......
总奖励:-2091.4788437326492, 速度奖励:-1112.6904516540014, 加速度奖励:-485.88839207862424, 交通灯奖励:-492.89999999996326, 与前车进行交互的惩罚:0.0
Episode:82/100, Reward:-2091.4788437326492
Episode:82/100, avg speed:11.30561928970309
Episode:82/100, avg halt num:0.09413699690402477
Episode:82/100, avg elec cons:0.7803269202834893
 Retrying in 1 seconds
Warning: Unused states in tlLogic 'J10', program '0' in phase 0 after tl-index 10
Simulation......
总奖励:-1904.553708055423, 速度奖励:-1009.3651623990087, 加速度奖励:-442.90854565640944, 交通灯奖励:-452.27999999995245, 与前车进行交互的惩罚:0.0
Episode:83/100, Reward:-1904.553708055423
Episode:83/100, avg speed:12.141844496624648
Episode:83/100, avg halt num:0.028573836817262305
Episode:83/100, avg elec cons:0.8728080130817597
 Retrying in 1 seconds
Warning: Unused states in tlLogic 'J10', program '0' in phase 0 after tl-index 10
Simulation......
总奖励:-2252.0967642997243, 速度奖励:-1019.6046993420052, 加速度奖励:-586.5920649577121, 交通灯奖励:-645.9000000002294, 与前车进行交互的惩罚:0.0
Episode:84/100, Reward:-2252.0967642997243
Episode:84/100, avg speed:11.451895040306972
Episode:84/100, avg halt num:0.028323699421965318
Episode:84/100, avg elec cons:1.2083745566979542
 Retrying in 1 seconds
Warning: Unused states in tlLogic 'J10', program '0' in phase 0 after tl-index 10
Simulation......
总奖励:-1877.9036978056927, 速度奖励:-930.5545204980056, 加速度奖励:-629.8291773076883, 交通灯奖励:-317.51999999997406, 与前车进行交互的惩罚:0.0
Episode:85/100, Reward:-1877.9036978056927
Episode:85/100, avg speed:12.718856306052553
Episode:85/100, avg halt num:0.02526246719160105
Episode:85/100, avg elec cons:1.1735624666363185
 Retrying in 1 seconds
Warning: Unused states in tlLogic 'J10', program '0' in phase 0 after tl-index 10
Simulation......
总奖励:-2202.212386370111, 速度奖励:-945.2381023800036, 加速度奖励:-776.9742839900941, 交通灯奖励:-479.9999999999614, 与前车进行交互的惩罚:0.0
Episode:86/100, Reward:-2202.212386370111
Episode:86/100, avg speed:12.444709114278046
Episode:86/100, avg halt num:0.03897482559902942
Episode:86/100, avg elec cons:1.083756559355109
 Retrying in 1 seconds
Warning: Unused states in tlLogic 'J10', program '0' in phase 0 after tl-index 10
Simulation......
总奖励:-2626.844676594414, 速度奖励:-1048.0821013170062, 加速度奖励:-754.0625752773989, 交通灯奖励:-824.7000000003671, 与前车进行交互的惩罚:0.0
Episode:87/100, Reward:-2626.844676594414
Episode:87/100, avg speed:11.101460102038569
Episode:87/100, avg halt num:0.04284274193548387
Episode:87/100, avg elec cons:1.2056553221776019
 Retrying in 1 seconds
Warning: Unused states in tlLogic 'J10', program '0' in phase 0 after tl-index 10
Simulation......
总奖励:-1934.4444557469892, 速度奖励:-1054.371135203999, 加速度奖励:-646.9733205429666, 交通灯奖励:-233.09999999998104, 与前车进行交互的惩罚:0.0
Episode:88/100, Reward:-1934.4444557469892
Episode:88/100, avg speed:11.962002371102775
Episode:88/100, avg halt num:0.05078385590393596
Episode:88/100, avg elec cons:0.8318313591037872
 Retrying in 1 seconds
Warning: Unused states in tlLogic 'J10', program '0' in phase 0 after tl-index 10
Simulation......
总奖励:-2145.307515786168, 速度奖励:-1088.0951670449965, 加速度奖励:-597.3123487411527, 交通灯奖励:-459.8999999999537, 与前车进行交互的惩罚:0.0
Episode:89/100, Reward:-2145.307515786168
Episode:89/100, avg speed:11.35075520816823
Episode:89/100, avg halt num:0.08182656826568266
Episode:89/100, avg elec cons:0.9361682851290495
 Retrying in 1 seconds
Warning: Unused states in tlLogic 'J10', program '0' in phase 0 after tl-index 10
Simulation......
总奖励:-1989.6826956458333, 速度奖励:-843.7564692270087, 加速度奖励:-697.7862264188175, 交通灯奖励:-448.1399999999629, 与前车进行交互的惩罚:0.0
Episode:90/100, Reward:-1989.6826956458333
Episode:90/100, avg speed:12.135259858072653
Episode:90/100, avg halt num:0.023458704924389298
Episode:90/100, avg elec cons:1.9317423692227964
 Retrying in 1 seconds
Warning: Unused states in tlLogic 'J10', program '0' in phase 0 after tl-index 10
Simulation......
总奖励:-1608.9582689500512, 速度奖励:-824.3608218930019, 加速度奖励:-614.6174470570488, 交通灯奖励:-169.9799999999897, 与前车进行交互的惩罚:0.0
Episode:91/100, Reward:-1608.9582689500512
Episode:91/100, avg speed:11.787974006687953
Episode:91/100, avg halt num:0.0324750192159877
Episode:91/100, avg elec cons:1.4882798586224406
 Retrying in 1 seconds
Warning: Unused states in tlLogic 'J10', program '0' in phase 0 after tl-index 10
Simulation......
总奖励:-1575.7144442015876, 速度奖励:-933.0557693580048, 加速度奖励:-580.7986748435728, 交通灯奖励:-61.859999999976345, 与前车进行交互的惩罚:0.0
Episode:92/100, Reward:-1575.7144442015876
Episode:92/100, avg speed:11.578907372451786
Episode:92/100, avg halt num:0.04762780433983082
Episode:92/100, avg elec cons:1.0221183653957855
 Retrying in 1 seconds
Warning: Unused states in tlLogic 'J10', program '0' in phase 0 after tl-index 10
Simulation......
总奖励:-1766.9621489402405, 速度奖励:-920.7149657670012, 加速度奖励:-529.507183173234, 交通灯奖励:-316.7399999999646, 与前车进行交互的惩罚:0.0
Episode:93/100, Reward:-1766.9621489402405
Episode:93/100, avg speed:12.035244970258033
Episode:93/100, avg halt num:0.07578220235676554
Episode:93/100, avg elec cons:1.0365744037876112
 Retrying in 1 seconds
Warning: Unused states in tlLogic 'J10', program '0' in phase 0 after tl-index 10
Simulation......
总奖励:-1657.6058560939773, 速度奖励:-1026.631485396004, 加速度奖励:-445.6343706979627, 交通灯奖励:-185.3399999999754, 与前车进行交互的惩罚:0.0
Episode:94/100, Reward:-1657.6058560939773
Episode:94/100, avg speed:12.0395905323921
Episode:94/100, avg halt num:0.050705612077453235
Episode:94/100, avg elec cons:0.6651144277540978
 Retrying in 1 seconds
Warning: Unused states in tlLogic 'J10', program '0' in phase 0 after tl-index 10
Simulation......
总奖励:-2128.980979750616, 速度奖励:-1150.7539751189831, 加速度奖励:-360.28700463158225, 交通灯奖励:-617.9400000002614, 与前车进行交互的惩罚:0.0
Episode:95/100, Reward:-2128.980979750616
Episode:95/100, avg speed:10.658782640659723
Episode:95/100, avg halt num:0.13570075757575759
Episode:95/100, avg elec cons:0.7355329088035417
 Retrying in 1 seconds
Warning: Unused states in tlLogic 'J10', program '0' in phase 0 after tl-index 10
Simulation......
总奖励:-1974.5428862812876, 速度奖励:-1090.1490588359802, 加速度奖励:-351.4738274452637, 交通灯奖励:-532.9200000000108, 与前车进行交互的惩罚:0.0
Episode:96/100, Reward:-1974.5428862812876
Episode:96/100, avg speed:11.237664449336068
Episode:96/100, avg halt num:0.17477960904561135
Episode:96/100, avg elec cons:0.8601468775045062
 Retrying in 1 seconds
Warning: Unused states in tlLogic 'J10', program '0' in phase 0 after tl-index 10
Simulation......
总奖励:-1477.6676946724908, 速度奖励:-936.9867762809896, 加速度奖励:-285.6209183914676, 交通灯奖励:-255.05999999997246, 与前车进行交互的惩罚:0.0
Episode:97/100, Reward:-1477.6676946724908
Episode:97/100, avg speed:12.144860688053008
Episode:97/100, avg halt num:0.11579874706342991
Episode:97/100, avg elec cons:0.9669849940799765
 Retrying in 1 seconds
Warning: Unused states in tlLogic 'J10', program '0' in phase 0 after tl-index 10
Simulation......
总奖励:-1048.9557172897644, 速度奖励:-737.748406386005, 加速度奖励:-273.5873109037608, 交通灯奖励:-37.61999999998797, 与前车进行交互的惩罚:0.0
Episode:98/100, Reward:-1048.9557172897644
Episode:98/100, avg speed:12.04045319512241
Episode:98/100, avg halt num:0.023415977961432508
Episode:98/100, avg elec cons:1.1667681179317213
 Retrying in 1 seconds
Warning: Unused states in tlLogic 'J10', program '0' in phase 0 after tl-index 10
Simulation......
总奖励:-1621.679672886058, 速度奖励:-1110.4528478219804, 加速度奖励:-329.7868250640267, 交通灯奖励:-181.43999999998823, 与前车进行交互的惩罚:0.0
Episode:99/100, Reward:-1621.679672886058
Episode:99/100, avg speed:11.893954351933163
Episode:99/100, avg halt num:0.1322742474916388
Episode:99/100, avg elec cons:0.6003840308113133
 Retrying in 1 seconds
Warning: Unused states in tlLogic 'J10', program '0' in phase 0 after tl-index 10
Simulation......
总奖励:-1627.2793791450265, 速度奖励:-1046.4098108399933, 加速度奖励:-313.68956830499724, 交通灯奖励:-267.17999999996795, 与前车进行交互的惩罚:0.0
Episode:100/100, Reward:-1627.2793791450265
Episode:100/100, avg speed:12.105277101811515
Episode:100/100, avg halt num:0.0797872340425532
Episode:100/100, avg elec cons:0.5363222356987436
model saved successfully!
Complete training!
final reward list:[-6116.39583466079, -7208.246304697577, -5030.971457532391, -7800.413584841023, -8403.313357893954, -4936.517861757576, -3614.7310184360513, -3097.7805856487275, -3858.257041546532, -1764.5375846894879, -1955.1624307280192, -2065.7875582538873, -1608.7340208021326, -1735.2557254073256, -1736.4954352276566, -1522.686211792397, -1639.143168029534, -1679.0381520511426, -2623.3502428321312, -6064.161998495625, -6285.145473839314, -2851.783592596688, -3054.4165510825887, -4630.1941774167535, -7591.784055217927, -4483.196352196865, -2711.203124302773, -2172.4147427842254, -7897.068812798099, -19438.779968931485, -20706.478037176897, -4101.862537794665, -4927.355541185181, -3495.4311225174597, -1974.4492015739704, -2139.698667474804, -3302.283796590842, -3337.0746013211788, -3141.5929878914358, -2745.9694685007426, -1656.9241604654005, -1823.4789819059902, -2071.884390357352, -1840.779572099219, -1691.3141631534559, -1817.23932014081, -2039.5298206014888, -1816.0953663423184, -1807.6364486239245, -1858.2804252727788, -1976.2223438475787, -2015.7764614809137, -1989.915043753564, -1935.9394279472249, -1697.7409504784853, -1766.3464819877768, -1579.2009133294705, -1548.5531709086563, -1526.6193643547838, -1768.412608108622, -2015.7947445953791, -1822.0375019535145, -1763.1968933408343, -2405.2124059386947, -2578.8218408769667, -2569.1477749703754, -2782.5797213797728, -2749.6711272748457, -1790.4274890211132, -1551.5509404180207, -2421.3036410782233, -2433.2735852597284, -2308.1543752243833, -1499.7608024263182, -1970.853203322237, -2032.6257422464687, -1410.6989103330702, -1478.7716119424308, -2057.3496035026, -1526.917949206367, -1736.116958514175, -2091.4788437326492, -1904.553708055423, -2252.0967642997243, -1877.9036978056927, -2202.212386370111, -2626.844676594414, -1934.4444557469892, -2145.307515786168, -1989.6826956458333, -1608.9582689500512, -1575.7144442015876, -1766.9621489402405, -1657.6058560939773, -2128.980979750616, -1974.5428862812876, -1477.6676946724908, -1048.9557172897644, -1621.679672886058, -1627.2793791450265]
final speed list:[14.437917980568516, 14.017458994774065, 15.656486281701877, 9.867198057556232, 8.734244514367337, 10.64315399079331, 10.617585918576655, 11.646258785624006, 10.500866240322008, 13.20414973400302, 14.081104967097879, 14.052036502902666, 14.575379525080637, 13.840125888770913, 14.17723656500762, 13.647272963957793, 14.211294785655916, 12.589495737895508, 12.195032007812115, 10.134173110544381, 8.817942089371435, 11.620748508418364, 11.377739264146307, 9.87743224029508, 9.304464837281257, 10.214830860811551, 11.264940383892824, 11.79985146178916, 7.9354604690132575, 7.034198088919388, 7.015636451938551, 10.980781948567897, 10.72582975417284, 11.802530101387193, 12.855777880186594, 11.154744618523814, 9.750412771922434, 10.59191969577305, 10.731713940715894, 11.099611753443305, 12.45903385785691, 11.864878097046196, 11.195138923912124, 12.221065381656238, 12.056056578335333, 12.895270183003076, 12.335020819461805, 12.472929232409045, 13.25115187086843, 12.765653639484473, 13.67576758532674, 12.891172107663376, 12.789098841696145, 12.800032125491208, 12.642063073250895, 12.906278397636697, 12.910021494302194, 13.305735120909148, 13.372917999986509, 13.655547189122723, 12.17183757414576, 12.883942670055214, 13.334985296850459, 11.93916449608064, 11.464490668497362, 12.292341081874193, 11.537122515917492, 11.019897209696504, 11.509193033248732, 12.235618486529235, 12.429316577693925, 10.393550098653954, 11.654677250828103, 12.549507182646739, 11.672661919847396, 11.404690082433373, 12.298143553005655, 12.663985582331609, 12.158498402902042, 12.918877441146508, 11.643627865199726, 11.30561928970309, 12.141844496624648, 11.451895040306972, 12.718856306052553, 12.444709114278046, 11.101460102038569, 11.962002371102775, 11.35075520816823, 12.135259858072653, 11.787974006687953, 11.578907372451786, 12.035244970258033, 12.0395905323921, 10.658782640659723, 11.237664449336068, 12.144860688053008, 12.04045319512241, 11.893954351933163, 12.105277101811515]
final elec cons list:[1.762902998089894, 1.8991220424325361, 2.0394890277621487, 0.8390127300877013, 0.6757928651121493, 0.6654799103398714, 0.5604404654370115, 0.5548268150978016, 0.6629808273470426, 1.751938707225453, 1.9890056218496108, 2.421152827353671, 2.3811977477045883, 2.049092679526025, 2.664955321084843, 2.2977545920238804, 2.2420572909984067, 2.1801012357759153, 0.8893503428246666, 0.49334567572688104, 0.608769040193266, 1.1944776197385207, 0.63373895663543, 0.5056183074673826, 0.5257556646147049, 0.7621905720124167, 0.7900040880673358, 1.4702433670541535, 0.639958089201952, 0.5187912092667952, 0.532490380572917, 0.8428174582825376, 0.7683335268444694, 0.8933469950121606, 1.0201726560061517, 0.6907212079524498, 0.6021151126768579, 0.6254713130654815, 0.7077807482119474, 0.683521240560281, 0.908954675429965, 0.8317160125802917, 0.8363794220889508, 0.9732848568007928, 1.283211311128261, 1.0376195993349573, 1.3190367521049364, 1.6138790414434514, 1.3005843703511661, 1.2029056934998699, 1.3037878682492616, 1.4982525108127884, 1.4374882144466887, 1.3991566993137678, 1.6256619047079708, 1.634685340940727, 1.9915302634903107, 1.7763327013807209, 1.6539606443107642, 1.5508131818491975, 1.3653119707136443, 1.3481752434799519, 1.0826899856950685, 1.2205837615250714, 0.7718641005435511, 0.606992265922168, 0.4756034014225785, 0.44058241005732657, 0.511945504619355, 0.7481005011752586, 0.6831876286652279, 0.628975612228723, 0.5730384693705177, 0.6729167635357396, 0.5020249288442686, 0.8728712986484849, 1.1659247254296283, 1.483004329007147, 1.4379365332176586, 1.3882884995511051, 0.8070672651787589, 0.7803269202834893, 0.8728080130817597, 1.2083745566979542, 1.1735624666363185, 1.083756559355109, 1.2056553221776019, 0.8318313591037872, 0.9361682851290495, 1.9317423692227964, 1.4882798586224406, 1.0221183653957855, 1.0365744037876112, 0.6651144277540978, 0.7355329088035417, 0.8601468775045062, 0.9669849940799765, 1.1667681179317213, 0.6003840308113133, 0.5363222356987436]
final halt list:[0.3433744722312439, 0.4596020761245675, 0.2687152664269369, 0.5859318996415771, 0.8489624119028975, 0.37216666666666665, 0.19986697705354173, 0.11448804957214517, 0.1778024065864471, 0.023925951798812434, 0.05298387096774194, 0.029894089511445166, 0.04192987997473152, 0.045374293785310736, 0.027094972067039105, 0.022390891840607212, 0.013337893296853625, 0.0026052104208416833, 0.06656008078088185, 0.3548181238034461, 0.4329690346083789, 0.05596062705067444, 0.15352730819245775, 0.14682420228777845, 0.5114144316730523, 0.185102187163858, 0.08126467628312646, 0.0676309616888194, 0.5547558309037901, 0.8140092879256966, 0.40988924050632913, 0.15638766519823788, 0.2465243296921549, 0.10353621217273036, 0.07916666666666666, 0.1014799154334038, 0.2672036595067621, 0.20317694865164387, 0.1517253044654939, 0.09735366281107606, 0.041799222340049486, 0.06107011070110701, 0.08355614973262032, 0.05776928675400291, 0.013994668697638995, 0.018284893005429577, 0.018442622950819672, 0.008890191481047284, 0.0047316165063605335, 0.004672103295956507, 0.01740764955867931, 0.014183123877917415, 0.009104577347143334, 0.01720223541739434, 0.015005662514156285, 0.03182640144665461, 0.006196668021129622, 0.007650058846606513, 0.006651463321930825, 0.009775171065493646, 0.051101236476043276, 0.032147742818057455, 0.01674179008370895, 0.0658085569253082, 0.12460869565217392, 0.11934218467109234, 0.19507458048477316, 0.1959177113468338, 0.06087809293904647, 0.017640485312899107, 0.10326609029779059, 0.11654968599926117, 0.08654688869412795, 0.060680433310765065, 0.10168121564823795, 0.1102883865939205, 0.021789433089086, 0.046103896103896105, 0.04096153846153846, 0.025069637883008356, 0.06323268206039076, 0.09413699690402477, 0.028573836817262305, 0.028323699421965318, 0.02526246719160105, 0.03897482559902942, 0.04284274193548387, 0.05078385590393596, 0.08182656826568266, 0.023458704924389298, 0.0324750192159877, 0.04762780433983082, 0.07578220235676554, 0.050705612077453235, 0.13570075757575759, 0.17477960904561135, 0.11579874706342991, 0.023415977961432508, 0.1322742474916388, 0.0797872340425532]
speed reward list:[-930.6574919819515, -1184.5730724479397, -579.0741388109687, -2080.262517533916, -2694.0957385681872, -1671.0592824899438, -1399.9882458959776, -1219.3681822469905, -1436.7569930729742, -713.7464530410031, -696.5156037599958, -614.0237071050005, -554.9705546939964, -605.4235255889978, -621.2140873379988, -621.8173425960031, -602.0038653480021, -644.7116299230029, -1009.1231698139952, -2034.3592190699535, -2093.7277222469515, -1042.865623611002, -1302.880613876977, -1626.6036513329796, -2409.829022727052, -1571.5922661899854, -1139.5704519809979, -782.4359742029908, -2430.4990327920927, -4096.580597910586, -4027.897876401329, -1269.7817300189865, -1437.9764979419735, -1096.978485014992, -787.2268996079916, -1122.6334335029903, -1570.652923454955, -1393.0200194849772, -1308.4357253849937, -1170.4119358409976, -840.8960668080053, -958.4769714570031, -1019.6210348280008, -874.5254423819987, -786.2256571410043, -832.820627349009, -864.3687267690067, -741.4057543050044, -719.8050177450091, -738.3118985550084, -735.9192258030022, -757.3458859200051, -762.7199766570072, -771.5640373380047, -672.5770051320033, -709.3794612690061, -620.8990085070045, -611.2769969970021, -633.8358712620064, -640.1373835590048, -792.3271728960008, -739.9531281780048, -719.9360485920049, -910.6266574979968, -1121.85428744698, -1183.5104505299937, -1413.248473907967, -1501.192299320963, -1157.2075688220086, -897.982645257007, -945.3296856689878, -1172.2282099649922, -1111.1510134979903, -910.6407262619985, -1225.198443194979, -1046.1732484499896, -877.8321910530062, -699.0192107639928, -864.0595414080035, -720.7708178880049, -946.7060242319948, -1112.6904516540014, -1009.3651623990087, -1019.6046993420052, -930.5545204980056, -945.2381023800036, -1048.0821013170062, -1054.371135203999, -1088.0951670449965, -843.7564692270087, -824.3608218930019, -933.0557693580048, -920.7149657670012, -1026.631485396004, -1150.7539751189831, -1090.1490588359802, -936.9867762809896, -737.748406386005, -1110.4528478219804, -1046.4098108399933]
accel reward list:[-711.2383426792711, -681.333232250229, -829.0973187217378, -901.2510673078152, -791.3776193264052, -813.0185792679946, -730.9427725401797, -770.272403401815, -951.0800484736682, -762.01113164846, -761.3068269679773, -811.7438511488459, -673.6634661080816, -829.6521998182772, -813.3013478896191, -684.388869196364, -742.7793026815026, -747.7665221281316, -970.5470730181929, -1353.262779425983, -1369.8577515927077, -845.7379689856855, -891.795937205637, -1090.550526083872, -1375.9150324915915, -1190.2640860069787, -1045.0726723217665, -880.3987685812153, -1539.8697800066311, -2828.5993710196776, -3827.960160774309, -1401.3808077757928, -1527.4990432434602, -1350.9726375025086, -716.4023019659497, -672.1252339717936, -715.7108731359289, -802.55458183627, -852.2772625064893, -836.5975326597733, -615.2680936573965, -480.9420104489771, -576.8233555293488, -688.2741297172021, -802.2485060124493, -850.6186927918064, -885.781093832483, -960.3896120373081, -995.4914308788991, -973.448526717766, -912.3431180445469, -968.3905755608924, -1005.9750670965406, -974.2953906092087, -920.163945346468, -945.967020718743, -918.6419048224595, -842.8361739116533, -833.5634930927642, -965.735224549609, -913.6275716993587, -916.8443737754906, -909.7008447488193, -1012.4857484407028, -904.0075534299956, -650.6373244403984, -605.8912474718562, -565.078827953926, -527.1399201991043, -477.10829516100557, -578.853955409267, -624.3853752947259, -621.6033617263832, -426.1000761642976, -395.55476012720885, -504.4124937964394, -489.36671928006905, -567.1724011784172, -754.6900620945879, -608.6271313183623, -483.4709342821551, -485.88839207862424, -442.90854565640944, -586.5920649577121, -629.8291773076883, -776.9742839900941, -754.0625752773989, -646.9733205429666, -597.3123487411527, -697.7862264188175, -614.6174470570488, -580.7986748435728, -529.507183173234, -445.6343706979627, -360.28700463158225, -351.4738274452637, -285.6209183914676, -273.5873109037608, -329.7868250640267, -313.68956830499724]
tls reward list:[-4474.500000000223, -5342.33999999908, -3622.8000000005654, -4818.899999998238, -4917.839999997528, -2452.4400000009027, -1483.8000000006405, -1108.140000000469, -1470.4200000005749, -288.779999999979, -497.3399999999691, -640.020000000149, -380.0999999999778, -300.1799999999781, -301.979999999974, -216.47999999998166, -294.3599999999738, -286.5599999999694, -643.6800000000894, -2676.540000001047, -2821.5600000010236, -963.1800000002031, -859.740000000341, -1913.0400000005448, -3806.0400000014474, -1721.3400000007712, -526.5599999999525, -509.5799999999541, -3926.700000001286, -12513.599999997208, -12850.619999998218, -1430.7000000003936, -1961.8800000007602, -1047.480000000407, -470.8199999999601, -344.93999999996146, -1015.9200000005769, -1141.5000000004486, -980.8800000004113, -738.9600000002366, -200.75999999998407, -384.0599999999584, -475.43999999995947, -277.97999999997836, -102.83999999998062, -133.7999999999919, -289.3799999999795, -114.29999999998564, -92.33999999998798, -146.51999999997992, -327.9599999999727, -290.03999999997495, -221.21999999998923, -190.07999999997875, -104.99999999998664, -110.99999999997678, -39.65999999999123, -94.43999999997939, -59.219999999993405, -162.53999999998624, -309.8399999999768, -165.23999999997847, -133.55999999999568, -482.0999999999642, -552.9600000000681, -735.0000000002228, -763.4400000003579, -683.4000000002424, -106.07999999997142, -176.45999999997974, -897.1200000001196, -636.660000000152, -575.4000000001691, -163.01999999998134, -350.0999999999625, -482.0399999999575, -43.499999999987, -212.57999999998702, -438.5999999999611, -197.5199999999829, -305.9399999999694, -492.89999999996326, -452.27999999995245, -645.9000000002294, -317.51999999997406, -479.9999999999614, -824.7000000003671, -233.09999999998104, -459.8999999999537, -448.1399999999629, -169.9799999999897, -61.859999999976345, -316.7399999999646, -185.3399999999754, -617.9400000002614, -532.9200000000108, -255.05999999997246, -37.61999999998797, -181.43999999998823, -267.17999999996795]
extra reward list:[0.0, 0.0, 0.0, 0.0, 0.0, 0.0, 0.0, 0.0, 0.0, 0.0, 0.0, 0.0, 0.0, 0.0, 0.0, 0.0, 0.0, 0.0, 0.0, 0.0, 0.0, 0.0, 0.0, 0.0, 0.0, 0.0, 0.0, 0.0, 0.0, 0.0, 0.0, 0.0, 0.0, 0.0, 0.0, 0.0, 0.0, 0.0, 0.0, 0.0, 0.0, 0.0, 0.0, 0.0, 0.0, 0.0, 0.0, 0.0, 0.0, 0.0, 0.0, 0.0, 0.0, 0.0, 0.0, 0.0, 0.0, 0.0, 0.0, 0.0, 0.0, 0.0, 0.0, 0.0, 0.0, 0.0, 0.0, 0.0, 0.0, 0.0, 0.0, 0.0, 0.0, 0.0, 0.0, 0.0, 0.0, 0.0, 0.0, 0.0, 0.0, 0.0, 0.0, 0.0, 0.0, 0.0, 0.0, 0.0, 0.0, 0.0, 0.0, 0.0, 0.0, 0.0, 0.0, 0.0, 0.0, 0.0, 0.0, 0.0]
