nohup: 忽略输入
Env:sumo, Algorithm:TD3, Device:cuda
-----------------------------------------
models/reward_s9e-3_a4e-2_t(-0.5_0.12)_c.pth
-----------------------------------------
 Retrying in 1 seconds
Warning: Unused states in tlLogic 'J10', program '0' in phase 0 after tl-index 10
Simulation......
总奖励:-3764.0558346615394, 速度奖励:-930.6574919819515, 加速度奖励:-711.2383426792711, 交通灯奖励:-2122.160000000278, 与前车进行交互的惩罚:0.0
Episode:1/100, Reward:-3764.0558346615394
Episode:1/100, avg speed:14.437917980568516
Episode:1/100, avg halt num:0.3433744722312439
Episode:1/100, avg elec cons:1.762902998089894
 Retrying in 1 seconds
Warning: Unused states in tlLogic 'J10', program '0' in phase 0 after tl-index 10
Simulation......
总奖励:-4431.006304698573, 速度奖励:-1184.5730724479397, 加速度奖励:-681.333232250229, 交通灯奖励:-2565.100000000357, 与前车进行交互的惩罚:0.0
Episode:2/100, Reward:-4431.006304698573
Episode:2/100, avg speed:14.017458994774065
Episode:2/100, avg halt num:0.4596020761245675
Episode:2/100, avg elec cons:1.8991220424325361
 Retrying in 1 seconds
Warning: Unused states in tlLogic 'J10', program '0' in phase 0 after tl-index 10
Simulation......
总奖励:-3164.431133911553, 速度奖励:-580.1517134999685, 加速度奖励:-828.6594204113459, 交通灯奖励:-1755.6200000001743, 与前车进行交互的惩罚:0.0
Episode:3/100, Reward:-3164.431133911553
Episode:3/100, avg speed:15.6508487328429
Episode:3/100, avg halt num:0.2686335403726708
Episode:3/100, avg elec cons:2.0404271977167525
 Retrying in 1 seconds
Warning: Unused states in tlLogic 'J10', program '0' in phase 0 after tl-index 10
Simulation......
总奖励:-2768.7763658232934, 速度奖励:-484.1333383679742, 加速度奖励:-767.8430274551256, 交通灯奖励:-1516.800000000108, 与前车进行交互的惩罚:0.0
Episode:4/100, Reward:-2768.7763658232934
Episode:4/100, avg speed:15.18216711812449
Episode:4/100, avg halt num:0.2664486340900346
Episode:4/100, avg elec cons:2.5161805899595495
 Retrying in 1 seconds
Warning: Unused states in tlLogic 'J10', program '0' in phase 0 after tl-index 10
Simulation......
总奖励:-3647.3917689363284, 速度奖励:-1209.413768552972, 加速度奖励:-925.1780003830991, 交通灯奖励:-1512.8000000005886, 与前车进行交互的惩罚:0.0
Episode:5/100, Reward:-3647.3917689363284
Episode:5/100, avg speed:11.478989312276086
Episode:5/100, avg halt num:0.25934485530546625
Episode:5/100, avg elec cons:1.4888280841284194
 Retrying in 1 seconds
Warning: Unused states in tlLogic 'J10', program '0' in phase 0 after tl-index 10
Simulation......
总奖励:-1325.7443586919494, 速度奖励:-536.4161865719778, 加速度奖励:-655.028172119965, 交通灯奖励:-134.2999999999901, 与前车进行交互的惩罚:0.0
Episode:6/100, Reward:-1325.7443586919494
Episode:6/100, avg speed:14.741551625795978
Episode:6/100, avg halt num:0.1707338795867474
Episode:6/100, avg elec cons:2.4960245885640444
 Retrying in 1 seconds
Warning: Unused states in tlLogic 'J10', program '0' in phase 0 after tl-index 10
Simulation......
总奖励:-1114.515240618774, 速度奖励:-516.0468912479877, 加速度奖励:-548.0683493707961, 交通灯奖励:-50.39999999998545, 与前车进行交互的惩罚:0.0
Episode:7/100, Reward:-1114.515240618774
Episode:7/100, avg speed:14.998634765458776
Episode:7/100, avg halt num:0.10920917494008901
Episode:7/100, avg elec cons:2.0958833960215566
 Retrying in 1 seconds
Warning: Unused states in tlLogic 'J10', program '0' in phase 0 after tl-index 10
Simulation......
总奖励:-2415.167184005881, 速度奖励:-1170.0629497709642, 加速度奖励:-840.024234234891, 交通灯奖励:-405.07999999997105, 与前车进行交互的惩罚:0.0
Episode:8/100, Reward:-2415.167184005881
Episode:8/100, avg speed:12.258553444433545
Episode:8/100, avg halt num:0.1942815249266862
Episode:8/100, avg elec cons:1.2222362248033607
 Retrying in 1 seconds
Warning: Unused states in tlLogic 'J10', program '0' in phase 0 after tl-index 10
Simulation......
总奖励:-3231.030159046681, 速度奖励:-2085.218977949947, 加速度奖励:-878.3311810964467, 交通灯奖励:-267.47999999996085, 与前车进行交互的惩罚:0.0
Episode:9/100, Reward:-3231.030159046681
Episode:9/100, avg speed:9.199603826153076
Episode:9/100, avg halt num:0.4006014805675509
Episode:9/100, avg elec cons:0.45779301391216215
 Retrying in 1 seconds
Warning: Unused states in tlLogic 'J10', program '0' in phase 0 after tl-index 10
Simulation......
总奖励:-3971.9457544266656, 速度奖励:-2069.9466215759608, 加速度奖励:-1181.719132850498, 交通灯奖励:-720.2799999999372, 与前车进行交互的惩罚:0.0
Episode:10/100, Reward:-3971.9457544266656
Episode:10/100, avg speed:9.343878424087011
Episode:10/100, avg halt num:0.3090288551039404
Episode:10/100, avg elec cons:0.4347053855960731
 Retrying in 1 seconds
Warning: Unused states in tlLogic 'J10', program '0' in phase 0 after tl-index 10
Simulation......
总奖励:-5327.932702279832, 速度奖励:-2178.686924577004, 加速度奖励:-1431.1057777024294, 交通灯奖励:-1718.140000000976, 与前车进行交互的惩罚:0.0
Episode:11/100, Reward:-5327.932702279832
Episode:11/100, avg speed:9.842685242491456
Episode:11/100, avg halt num:0.3190065437239738
Episode:11/100, avg elec cons:0.5201448643004695
 Retrying in 1 seconds
Warning: Unused states in tlLogic 'J10', program '0' in phase 0 after tl-index 10
Simulation......
总奖励:-5954.75517718757, 速度奖励:-2665.0056392461547, 加速度奖励:-1750.969537941147, 交通灯奖励:-1538.780000000342, 与前车进行交互的惩罚:0.0
Episode:12/100, Reward:-5954.75517718757
Episode:12/100, avg speed:8.756987355780973
Episode:12/100, avg halt num:0.43480934809348093
Episode:12/100, avg elec cons:0.4880808599995034
 Retrying in 1 seconds
Warning: Unused states in tlLogic 'J10', program '0' in phase 0 after tl-index 10
Simulation......
总奖励:-5290.09959813552, 速度奖励:-1909.4007457439911, 加速度奖励:-2008.4188523913149, 交通灯奖励:-1372.2800000006125, 与前车进行交互的惩罚:0.0
Episode:13/100, Reward:-5290.09959813552
Episode:13/100, avg speed:10.018018800100618
Episode:13/100, avg halt num:0.16895113230035758
Episode:13/100, avg elec cons:0.7817261131078747
 Retrying in 1 seconds
Warning: Unused states in tlLogic 'J10', program '0' in phase 0 after tl-index 10
Simulation......
总奖励:-2085.7440416996274, 速度奖励:-850.4941998509905, 加速度奖励:-1143.5898418486206, 交通灯奖励:-91.65999999999929, 与前车进行交互的惩罚:0.0
Episode:14/100, Reward:-2085.7440416996274
Episode:14/100, avg speed:12.887009471895922
Episode:14/100, avg halt num:0.09466327827191867
Episode:14/100, avg elec cons:1.0213321943255655
 Retrying in 1 seconds
Warning: Unused states in tlLogic 'J10', program '0' in phase 0 after tl-index 10
Simulation......
总奖励:-5014.638963697431, 速度奖励:-1980.9807367499611, 加速度奖励:-1623.858226947129, 交通灯奖励:-1409.8000000004515, 与前车进行交互的惩罚:0.0
Episode:15/100, Reward:-5014.638963697431
Episode:15/100, avg speed:9.905444536518901
Episode:15/100, avg halt num:0.32766298539365873
Episode:15/100, avg elec cons:0.7901056437026092
 Retrying in 1 seconds
Warning: Unused states in tlLogic 'J10', program '0' in phase 0 after tl-index 10
Simulation......
总奖励:-2483.8995097910365, 速度奖励:-865.6885741769704, 加速度奖励:-944.1509356139803, 交通灯奖励:-674.0599999999619, 与前车进行交互的惩罚:0.0
Episode:16/100, Reward:-2483.8995097910365
Episode:16/100, avg speed:12.558676976103238
Episode:16/100, avg halt num:0.20078008915304607
Episode:16/100, avg elec cons:1.1620305902025807
 Retrying in 1 seconds
Warning: Unused states in tlLogic 'J10', program '0' in phase 0 after tl-index 10
Simulation......
总奖励:-3105.8610703567715, 速度奖励:-1084.879766915963, 加速度奖励:-1144.3613034406462, 交通灯奖励:-876.6199999999599, 与前车进行交互的惩罚:0.0
Episode:17/100, Reward:-3105.8610703567715
Episode:17/100, avg speed:12.667902007694032
Episode:17/100, avg halt num:0.26940298507462684
Episode:17/100, avg elec cons:0.979517004999532
 Retrying in 1 seconds
Warning: Unused states in tlLogic 'J10', program '0' in phase 0 after tl-index 10
Simulation......
总奖励:-2265.85804727793, 速度奖励:-944.1264814199758, 加速度奖励:-960.6115658579308, 交通灯奖励:-361.11999999995874, 与前车进行交互的惩罚:0.0
Episode:18/100, Reward:-2265.85804727793
Episode:18/100, avg speed:11.755145816934188
Episode:18/100, avg halt num:0.19614779874213836
Episode:18/100, avg elec cons:1.0270254236553635
 Retrying in 1 seconds
Warning: Unused states in tlLogic 'J10', program '0' in phase 0 after tl-index 10
Simulation......
总奖励:-2299.3915182414266, 速度奖励:-1074.2964753599774, 加速度奖励:-1123.1950428813975, 交通灯奖励:-101.89999999999398, 与前车进行交互的惩罚:0.0
Episode:19/100, Reward:-2299.3915182414266
Episode:19/100, avg speed:11.865785137727448
Episode:19/100, avg halt num:0.15974903474903476
Episode:19/100, avg elec cons:0.844412171899279
 Retrying in 1 seconds
Warning: Unused states in tlLogic 'J10', program '0' in phase 0 after tl-index 10
Simulation......
总奖励:-3716.4377244699513, 速度奖励:-1890.9448740809432, 加速度奖励:-1242.9728503886781, 交通灯奖励:-582.5199999999412, 与前车进行交互的惩罚:0.0
Episode:20/100, Reward:-3716.4377244699513
Episode:20/100, avg speed:9.911390802720321
Episode:20/100, avg halt num:0.3470828105395232
Episode:20/100, avg elec cons:0.6173491257845677
 Retrying in 1 seconds
Warning: Unused states in tlLogic 'J10', program '0' in phase 0 after tl-index 10
Simulation......
总奖励:-3324.347125912168, 速度奖励:-1762.2997125299637, 加速度奖励:-1375.207413382032, 交通灯奖励:-186.83999999994455, 与前车进行交互的惩罚:0.0
Episode:21/100, Reward:-3324.347125912168
Episode:21/100, avg speed:10.015005193701015
Episode:21/100, avg halt num:0.3492729306487696
Episode:21/100, avg elec cons:0.7475737271863012
 Retrying in 1 seconds
Warning: Unused states in tlLogic 'J10', program '0' in phase 0 after tl-index 10
Simulation......
总奖励:-1840.434666477892, 速度奖励:-1026.550196585997, 加速度奖励:-1270.2244698918987, 交通灯奖励:456.34000000004465, 与前车进行交互的惩罚:0.0
Episode:22/100, Reward:-1840.434666477892
Episode:22/100, avg speed:11.75326354993693
Episode:22/100, avg halt num:0.07447783070721876
Episode:22/100, avg elec cons:0.9562651407629396
 Retrying in 1 seconds
Warning: Unused states in tlLogic 'J10', program '0' in phase 0 after tl-index 10
Simulation......
总奖励:-957.2525833699127, 速度奖励:-880.4709272789974, 加速度奖励:-891.6416560909246, 交通灯奖励:814.86000000005, 与前车进行交互的惩罚:0.0
Episode:23/100, Reward:-957.2525833699127
Episode:23/100, avg speed:12.655410014937507
Episode:23/100, avg halt num:0.06351263771872975
Episode:23/100, avg elec cons:0.8528928984896332
 Retrying in 1 seconds
Warning: Unused states in tlLogic 'J10', program '0' in phase 0 after tl-index 10
Simulation......
总奖励:-2755.317530302727, 速度奖励:-1779.949621817952, 加速度奖励:-1059.8679084845535, 交通灯奖励:84.50000000000198, 与前车进行交互的惩罚:0.0
Episode:24/100, Reward:-2755.317530302727
Episode:24/100, avg speed:10.218821604211392
Episode:24/100, avg halt num:0.32306007509386736
Episode:24/100, avg elec cons:0.5814835267536778
 Retrying in 1 seconds
Warning: Unused states in tlLogic 'J10', program '0' in phase 0 after tl-index 10
Simulation......
总奖励:-1790.7505529231944, 速度奖励:-1317.445586531978, 加速度奖励:-1167.3249663912343, 交通灯奖励:694.020000000054, 与前车进行交互的惩罚:0.0
Episode:25/100, Reward:-1790.7505529231944
Episode:25/100, avg speed:11.304375965331005
Episode:25/100, avg halt num:0.171875
Episode:25/100, avg elec cons:0.7168281282223304
 Retrying in 1 seconds
Warning: Unused states in tlLogic 'J10', program '0' in phase 0 after tl-index 10
Simulation......
总奖励:-1748.5629376840923, 速度奖励:-1340.1488199689925, 加速度奖励:-1129.334117715105, 交通灯奖励:720.9200000000629, 与前车进行交互的惩罚:0.0
Episode:26/100, Reward:-1748.5629376840923
Episode:26/100, avg speed:10.920792752664834
Episode:26/100, avg halt num:0.10536433540827536
Episode:26/100, avg elec cons:0.7647328402454769
 Retrying in 1 seconds
Warning: Unused states in tlLogic 'J10', program '0' in phase 0 after tl-index 10
Simulation......
总奖励:-1504.992459586536, 速度奖励:-1428.524361044982, 加速度奖励:-867.2280985415632, 交通灯奖励:790.7600000000649, 与前车进行交互的惩罚:0.0
Episode:27/100, Reward:-1504.992459586536
Episode:27/100, avg speed:10.444349032972243
Episode:27/100, avg halt num:0.15502001334222815
Episode:27/100, avg elec cons:0.5845755698396549
 Retrying in 1 seconds
Warning: Unused states in tlLogic 'J10', program '0' in phase 0 after tl-index 10
Simulation......
总奖励:-1248.924669137792, 速度奖励:-1264.0274334089922, 加速度奖励:-785.9972357288051, 交通灯奖励:801.1000000000618, 与前车进行交互的惩罚:0.0
Episode:28/100, Reward:-1248.924669137792
Episode:28/100, avg speed:10.016525672599423
Episode:28/100, avg halt num:0.13667582417582416
Episode:28/100, avg elec cons:0.7208191958107087
 Retrying in 1 seconds
Warning: Unused states in tlLogic 'J10', program '0' in phase 0 after tl-index 10
Simulation......
总奖励:-506.4100809535225, 速度奖励:-860.1349569750029, 加速度奖励:-724.8351239785204, 交通灯奖励:1078.5599999999679, 与前车进行交互的惩罚:0.0
Episode:29/100, Reward:-506.4100809535225
Episode:29/100, avg speed:11.81859779377297
Episode:29/100, avg halt num:0.027082518576456785
Episode:29/100, avg elec cons:1.166601518032535
 Retrying in 1 seconds
Warning: Unused states in tlLogic 'J10', program '0' in phase 0 after tl-index 10
Simulation......
总奖励:-702.2618797728525, 速度奖励:-694.8364918860063, 加速度奖励:-801.9053878868506, 交通灯奖励:794.480000000045, 与前车进行交互的惩罚:0.0
Episode:30/100, Reward:-702.2618797728525
Episode:30/100, avg speed:13.132398564361482
Episode:30/100, avg halt num:0.014524948735475052
Episode:30/100, avg elec cons:1.1902069620673903
 Retrying in 1 seconds
Warning: Unused states in tlLogic 'J10', program '0' in phase 0 after tl-index 10
Simulation......
总奖励:-667.8008350317201, 速度奖励:-759.816385191005, 加速度奖励:-771.7044498407269, 交通灯奖励:863.7200000000498, 与前车进行交互的惩罚:0.0
Episode:31/100, Reward:-667.8008350317201
Episode:31/100, avg speed:12.721257743893977
Episode:31/100, avg halt num:0.02608695652173913
Episode:31/100, avg elec cons:1.046671197807095
 Retrying in 1 seconds
Warning: Unused states in tlLogic 'J10', program '0' in phase 0 after tl-index 10
Simulation......
总奖励:-698.9044644485166, 速度奖励:-773.8253230230016, 加速度奖励:-791.0791414255206, 交通灯奖励:866.0000000000496, 与前车进行交互的惩罚:0.0
Episode:32/100, Reward:-698.9044644485166
Episode:32/100, avg speed:12.487088584486795
Episode:32/100, avg halt num:0.030662983425414365
Episode:32/100, avg elec cons:1.0741721260334642
 Retrying in 1 seconds
Warning: Unused states in tlLogic 'J10', program '0' in phase 0 after tl-index 10
Simulation......
总奖励:-652.5294004137319, 速度奖励:-735.9339249359996, 加速度奖励:-733.3154754777403, 交通灯奖励:816.720000000047, 与前车进行交互的惩罚:0.0
Episode:33/100, Reward:-652.5294004137319
Episode:33/100, avg speed:12.631305118230422
Episode:33/100, avg halt num:0.03990450204638472
Episode:33/100, avg elec cons:1.0626212342350179
 Retrying in 1 seconds
Warning: Unused states in tlLogic 'J10', program '0' in phase 0 after tl-index 10
Simulation......
总奖励:-340.63829576842414, 速度奖励:-758.1465498510084, 加速度奖励:-536.6517459174275, 交通灯奖励:954.1600000000498, 与前车进行交互的惩罚:0.0
Episode:34/100, Reward:-340.63829576842414
Episode:34/100, avg speed:12.82105429204575
Episode:34/100, avg halt num:0.015651582170806397
Episode:34/100, avg elec cons:0.9482330851576783
 Retrying in 1 seconds
Warning: Unused states in tlLogic 'J10', program '0' in phase 0 after tl-index 10
Simulation......
总奖励:-412.0488131451788, 速度奖励:-850.3261281450025, 加速度奖励:-514.1826850001808, 交通灯奖励:952.4600000000522, 与前车进行交互的惩罚:0.0
Episode:35/100, Reward:-412.0488131451788
Episode:35/100, avg speed:12.508570788955446
Episode:35/100, avg halt num:0.034094966083541595
Episode:35/100, avg elec cons:0.9359157948215386
 Retrying in 1 seconds
Warning: Unused states in tlLogic 'J10', program '0' in phase 0 after tl-index 10
Simulation......
总奖励:-510.70386006600324, 速度奖励:-794.2818874589987, 加速度奖励:-548.4619726070079, 交通灯奖励:832.0400000000492, 与前车进行交互的惩罚:0.0
Episode:36/100, Reward:-510.70386006600324
Episode:36/100, avg speed:12.423661954010996
Episode:36/100, avg halt num:0.031272273699215966
Episode:36/100, avg elec cons:1.3441217858237111
 Retrying in 1 seconds
Warning: Unused states in tlLogic 'J10', program '0' in phase 0 after tl-index 10
Simulation......
总奖励:-640.3468493203624, 速度奖励:-973.0169932230003, 加速度奖励:-516.9898560973746, 交通灯奖励:849.6600000000533, 与前车进行交互的惩罚:0.0
Episode:37/100, Reward:-640.3468493203624
Episode:37/100, avg speed:11.206752945147466
Episode:37/100, avg halt num:0.0719150641025641
Episode:37/100, avg elec cons:1.0057220081874703
 Retrying in 1 seconds
Warning: Unused states in tlLogic 'J10', program '0' in phase 0 after tl-index 10
Simulation......
总奖励:-1130.003974143694, 速度奖励:-1228.1600097899855, 加速度奖励:-590.4239643537175, 交通灯奖励:688.5800000000563, 与前车进行交互的惩罚:0.0
Episode:38/100, Reward:-1130.003974143694
Episode:38/100, avg speed:11.202444090880148
Episode:38/100, avg halt num:0.1672661870503597
Episode:38/100, avg elec cons:0.7224615099139419
 Retrying in 1 seconds
Warning: Unused states in tlLogic 'J10', program '0' in phase 0 after tl-index 10
Simulation......
总奖励:-397.49363618009045, 速度奖励:-947.0769195780099, 加速度奖励:-466.99671660209606, 交通灯奖励:1016.5800000000563, 与前车进行交互的惩罚:0.0
Episode:39/100, Reward:-397.49363618009045
Episode:39/100, avg speed:11.826578175245432
Episode:39/100, avg halt num:0.011596180081855388
Episode:39/100, avg elec cons:0.806881863305323
 Retrying in 1 seconds
Warning: Unused states in tlLogic 'J10', program '0' in phase 0 after tl-index 10
Simulation......
总奖励:-365.8947752223745, 速度奖励:-861.4149163830042, 加速度奖励:-447.07985883938, 交通灯奖励:942.6000000000518, 与前车进行交互的惩罚:0.0
Episode:40/100, Reward:-365.8947752223745
Episode:40/100, avg speed:12.19780303732476
Episode:40/100, avg halt num:0.024749048113534095
Episode:40/100, avg elec cons:0.8999840191249286
 Retrying in 1 seconds
Warning: Unused states in tlLogic 'J10', program '0' in phase 0 after tl-index 10
Simulation......
总奖励:-852.3512006444896, 速度奖励:-1197.7618811039783, 加速度奖励:-573.5893195405083, 交通灯奖励:919.0000000000591, 与前车进行交互的惩罚:0.0
Episode:41/100, Reward:-852.3512006444896
Episode:41/100, avg speed:11.153103246981363
Episode:41/100, avg halt num:0.1314549895324494
Episode:41/100, avg elec cons:0.6532796417911924
 Retrying in 1 seconds
Warning: Unused states in tlLogic 'J10', program '0' in phase 0 after tl-index 10
Simulation......
总奖励:-1721.7797042181967, 速度奖励:-1677.472371206976, 加速度奖励:-695.5873330112395, 交通灯奖励:651.2800000000356, 与前车进行交互的惩罚:0.0
Episode:42/100, Reward:-1721.7797042181967
Episode:42/100, avg speed:9.898581214048473
Episode:42/100, avg halt num:0.24074074074074073
Episode:42/100, avg elec cons:0.5344396976237904
 Retrying in 1 seconds
Warning: Unused states in tlLogic 'J10', program '0' in phase 0 after tl-index 10
Simulation......
总奖励:-604.1127959444367, 速度奖励:-1044.174257577002, 加速度奖励:-545.0585383674428, 交通灯奖励:985.1200000000586, 与前车进行交互的惩罚:0.0
Episode:43/100, Reward:-604.1127959444367
Episode:43/100, avg speed:11.02491435737829
Episode:43/100, avg halt num:0.043754745634016705
Episode:43/100, avg elec cons:0.9003932143344907
 Retrying in 1 seconds
Warning: Unused states in tlLogic 'J10', program '0' in phase 0 after tl-index 10
Simulation......
总奖励:-791.3625738582407, 速度奖励:-1033.9646716529971, 加速度奖励:-599.8379022052573, 交通灯奖励:842.4400000000562, 与前车进行交互的惩罚:0.0
Episode:44/100, Reward:-791.3625738582407
Episode:44/100, avg speed:11.564953812498825
Episode:44/100, avg halt num:0.08206659428157799
Episode:44/100, avg elec cons:0.7813279962332267
 Retrying in 1 seconds
Warning: Unused states in tlLogic 'J10', program '0' in phase 0 after tl-index 10
Simulation......
总奖励:-1143.0972742728793, 速度奖励:-1234.2055545449862, 加速度奖励:-663.771719727907, 交通灯奖励:754.8800000000552, 与前车进行交互的惩罚:0.0
Episode:45/100, Reward:-1143.0972742728793
Episode:45/100, avg speed:10.377586636439812
Episode:45/100, avg halt num:0.1499063670411985
Episode:45/100, avg elec cons:0.7156115715916431
 Retrying in 1 seconds
Warning: Unused states in tlLogic 'J10', program '0' in phase 0 after tl-index 10
Simulation......
总奖励:-1459.018251755982, 速度奖励:-1344.7575395549914, 加速度奖励:-736.9807122010155, 交通灯奖励:622.720000000058, 与前车进行交互的惩罚:0.0
Episode:46/100, Reward:-1459.018251755982
Episode:46/100, avg speed:11.287832181597922
Episode:46/100, avg halt num:0.13995215311004786
Episode:46/100, avg elec cons:0.5157230841873751
 Retrying in 1 seconds
Warning: Unused states in tlLogic 'J10', program '0' in phase 0 after tl-index 10
Simulation......
总奖励:-944.5318457583115, 速度奖励:-1161.2040834959907, 加速度奖励:-581.1677622623334, 交通灯奖励:797.840000000059, 与前车进行交互的惩罚:0.0
Episode:47/100, Reward:-944.5318457583115
Episode:47/100, avg speed:10.895112233250835
Episode:47/100, avg halt num:0.11743408837727441
Episode:47/100, avg elec cons:0.6664298025107241
 Retrying in 1 seconds
Warning: Unused states in tlLogic 'J10', program '0' in phase 0 after tl-index 10
Simulation......
总奖励:-772.6778813052508, 速度奖励:-1113.2581060709988, 加速度奖励:-561.7597752342625, 交通灯奖励:902.3400000000576, 与前车进行交互的惩罚:0.0
Episode:48/100, Reward:-772.6778813052508
Episode:48/100, avg speed:10.952298211216657
Episode:48/100, avg halt num:0.09753320683111955
Episode:48/100, avg elec cons:0.6676548338626457
 Retrying in 1 seconds
Warning: Unused states in tlLogic 'J10', program '0' in phase 0 after tl-index 10
Simulation......
总奖励:-1112.1766646570122, 速度奖励:-1257.0661592189817, 加速度奖励:-685.1905054380462, 交通灯奖励:830.0800000000563, 与前车进行交互的惩罚:0.0
Episode:49/100, Reward:-1112.1766646570122
Episode:49/100, avg speed:11.075967623593211
Episode:49/100, avg halt num:0.142463509085493
Episode:49/100, avg elec cons:0.5226195617064765
 Retrying in 1 seconds
Warning: Unused states in tlLogic 'J10', program '0' in phase 0 after tl-index 10
Simulation......
总奖励:-1608.7336645916525, 速度奖励:-1540.7125449479765, 加速度奖励:-844.8411196436992, 交通灯奖励:776.8200000000593, 与前车进行交互的惩罚:0.0
Episode:50/100, Reward:-1608.7336645916525
Episode:50/100, avg speed:10.39927510911691
Episode:50/100, avg halt num:0.22862903225806452
Episode:50/100, avg elec cons:0.515083949463001
 Retrying in 1 seconds
Warning: Unused states in tlLogic 'J10', program '0' in phase 0 after tl-index 10
Simulation......
总奖励:-2915.168703970682, 速度奖励:-1941.478622918958, 加速度奖励:-799.5900810515158, 交通灯奖励:-174.09999999995955, 与前车进行交互的惩罚:0.0
Episode:51/100, Reward:-2915.168703970682
Episode:51/100, avg speed:10.415011382995448
Episode:51/100, avg halt num:0.3305337519623234
Episode:51/100, avg elec cons:0.48801771471641964
 Retrying in 1 seconds
Warning: Unused states in tlLogic 'J10', program '0' in phase 0 after tl-index 10
Simulation......
总奖励:-2812.744105436185, 速度奖励:-2045.1622410629238, 加速度奖励:-746.0418643730276, 交通灯奖励:-21.5399999999475, 与前车进行交互的惩罚:0.0
Episode:52/100, Reward:-2812.744105436185
Episode:52/100, avg speed:9.770006085395824
Episode:52/100, avg halt num:0.40775034293552814
Episode:52/100, avg elec cons:0.46831081877705755
 Retrying in 1 seconds
Warning: Unused states in tlLogic 'J10', program '0' in phase 0 after tl-index 10
Simulation......
总奖励:-1367.676922633029, 速度奖励:-1456.4368191599674, 加速度奖励:-637.5001034730614, 交通灯奖励:726.2600000000631, 与前车进行交互的惩罚:0.0
Episode:53/100, Reward:-1367.676922633029
Episode:53/100, avg speed:10.254810581045273
Episode:53/100, avg halt num:0.19210612512283
Episode:53/100, avg elec cons:0.49546386266718156
 Retrying in 1 seconds
Warning: Unused states in tlLogic 'J10', program '0' in phase 0 after tl-index 10
Simulation......
总奖励:-1246.8909984718043, 速度奖励:-1355.0933867309852, 加速度奖励:-599.5576117408331, 交通灯奖励:707.760000000061, 与前车进行交互的惩罚:0.0
Episode:54/100, Reward:-1246.8909984718043
Episode:54/100, avg speed:10.762954770393305
Episode:54/100, avg halt num:0.14477563052735015
Episode:54/100, avg elec cons:0.505911721804114
 Retrying in 1 seconds
Warning: Unused states in tlLogic 'J10', program '0' in phase 0 after tl-index 10
Simulation......
总奖励:-1353.4565670804388, 速度奖励:-1330.7278214339756, 加速度奖励:-728.6087456464656, 交通灯奖励:705.8800000000608, 与前车进行交互的惩罚:0.0
Episode:55/100, Reward:-1353.4565670804388
Episode:55/100, avg speed:9.79110110187655
Episode:55/100, avg halt num:0.1946944131983502
Episode:55/100, avg elec cons:0.5747797373377139
 Retrying in 1 seconds
Warning: Unused states in tlLogic 'J10', program '0' in phase 0 after tl-index 10
Simulation......
总奖励:-1775.7142328219397, 速度奖励:-1715.3240978879528, 加速度奖励:-583.7501349339904, 交通灯奖励:523.3600000000657, 与前车进行交互的惩罚:0.0
Episode:56/100, Reward:-1775.7142328219397
Episode:56/100, avg speed:9.700648371557463
Episode:56/100, avg halt num:0.24922520661157024
Episode:56/100, avg elec cons:0.41780043677426515
 Retrying in 1 seconds
Warning: Unused states in tlLogic 'J10', program '0' in phase 0 after tl-index 10
Simulation......
总奖励:-1369.6610912409021, 速度奖励:-1654.2065514599758, 加速度奖励:-542.3145397809509, 交通灯奖励:826.8600000000623, 与前车进行交互的惩罚:0.0
Episode:57/100, Reward:-1369.6610912409021
Episode:57/100, avg speed:8.901475703136175
Episode:57/100, avg halt num:0.25403861308116626
Episode:57/100, avg elec cons:0.45345290082746315
 Retrying in 1 seconds
Warning: Unused states in tlLogic 'J10', program '0' in phase 0 after tl-index 10
Simulation......
总奖励:-3010.181939288727, 速度奖励:-2281.922948942995, 加速度奖励:-767.0789903455425, 交通灯奖励:38.82000000004619, 与前车进行交互的惩罚:0.0
Episode:58/100, Reward:-3010.181939288727
Episode:58/100, avg speed:8.27339970739837
Episode:58/100, avg halt num:0.48472328977709456
Episode:58/100, avg elec cons:0.42583611724223386
 Retrying in 1 seconds
Warning: Unused states in tlLogic 'J10', program '0' in phase 0 after tl-index 10
Simulation......
总奖励:-6550.548267600216, 速度奖励:-2986.6654180531905, 加速度奖励:-1313.1228495468201, 交通灯奖励:-2250.7600000010434, 与前车进行交互的惩罚:0.0
Episode:59/100, Reward:-6550.548267600216
Episode:59/100, avg speed:8.789164787437157
Episode:59/100, avg halt num:0.5272758267984998
Episode:59/100, avg elec cons:0.36609921767545045
 Retrying in 1 seconds
Warning: Unused states in tlLogic 'J10', program '0' in phase 0 after tl-index 10
Simulation......
总奖励:-3452.4974448170337, 速度奖励:-2412.4293172710018, 加速度奖励:-930.9681275457418, 交通灯奖励:-109.09999999993329, 与前车进行交互的惩罚:0.0
Episode:60/100, Reward:-3452.4974448170337
Episode:60/100, avg speed:9.046758943305376
Episode:60/100, avg halt num:0.4283105747856462
Episode:60/100, avg elec cons:0.3633811456500617
 Retrying in 1 seconds
Warning: Unused states in tlLogic 'J10', program '0' in phase 0 after tl-index 10
Simulation......
总奖励:-2642.94635542882, 速度奖励:-2139.913126016973, 加速度奖励:-654.8332294117249, 交通灯奖励:151.80000000001567, 与前车进行交互的惩罚:0.0
Episode:61/100, Reward:-2642.94635542882
Episode:61/100, avg speed:8.488635539121422
Episode:61/100, avg halt num:0.3808139534883721
Episode:61/100, avg elec cons:0.3822327507641109
 Retrying in 1 seconds
Warning: Unused states in tlLogic 'J10', program '0' in phase 0 after tl-index 10
Simulation......
总奖励:-4286.128561579036, 速度奖励:-2793.8215567712296, 加速度奖励:-713.9470048075594, 交通灯奖励:-778.3599999999334, 与前车进行交互的惩罚:0.0
Episode:62/100, Reward:-4286.128561579036
Episode:62/100, avg speed:8.614062107120693
Episode:62/100, avg halt num:0.5656456953642384
Episode:62/100, avg elec cons:0.314302150510378
 Retrying in 1 seconds
Warning: Unused states in tlLogic 'J10', program '0' in phase 0 after tl-index 10
Simulation......
总奖励:-4440.822356017695, 速度奖励:-2707.069784445157, 加速度奖励:-815.0925715722823, 交通灯奖励:-918.6599999999328, 与前车进行交互的惩罚:0.0
Episode:63/100, Reward:-4440.822356017695
Episode:63/100, avg speed:9.613898389841701
Episode:63/100, avg halt num:0.5129491017964072
Episode:63/100, avg elec cons:0.3239798934141368
 Retrying in 1 seconds
Warning: Unused states in tlLogic 'J10', program '0' in phase 0 after tl-index 10
Simulation......
总奖励:-3648.4650844139287, 速度奖励:-2388.070416447062, 加速度奖励:-972.1546679666283, 交通灯奖励:-288.2399999999419, 与前车进行交互的惩罚:0.0
Episode:64/100, Reward:-3648.4650844139287
Episode:64/100, avg speed:8.049470845734724
Episode:64/100, avg halt num:0.4698246217331499
Episode:64/100, avg elec cons:0.3710902743795703
 Retrying in 1 seconds
Warning: Unused states in tlLogic 'J10', program '0' in phase 0 after tl-index 10
Simulation......
总奖励:-3211.9921092827913, 速度奖励:-2205.1134995759908, 加速度奖励:-963.7586097065464, 交通灯奖励:-43.119999999944156, 与前车进行交互的惩罚:0.0
Episode:65/100, Reward:-3211.9921092827913
Episode:65/100, avg speed:8.849485368773244
Episode:65/100, avg halt num:0.4218696102104174
Episode:65/100, avg elec cons:0.3954091361459859
 Retrying in 1 seconds
Warning: Unused states in tlLogic 'J10', program '0' in phase 0 after tl-index 10
Simulation......
总奖励:-1883.5675254712748, 速度奖励:-1754.0871390809655, 加速度奖励:-728.960386390332, 交通灯奖励:599.480000000065, 与前车进行交互的惩罚:0.0
Episode:66/100, Reward:-1883.5675254712748
Episode:66/100, avg speed:10.881895521975549
Episode:66/100, avg halt num:0.2198813056379822
Episode:66/100, avg elec cons:0.35293464140538866
 Retrying in 1 seconds
Warning: Unused states in tlLogic 'J10', program '0' in phase 0 after tl-index 10
Simulation......
总奖励:-2756.702553332952, 速度奖励:-2070.715931009962, 加速度奖励:-703.5066223228315, 交通灯奖励:17.520000000049663, 与前车进行交互的惩罚:0.0
Episode:67/100, Reward:-2756.702553332952
Episode:67/100, avg speed:10.421181088013237
Episode:67/100, avg halt num:0.31137492240844195
Episode:67/100, avg elec cons:0.3485672983642356
 Retrying in 1 seconds
Warning: Unused states in tlLogic 'J10', program '0' in phase 0 after tl-index 10
Simulation......
总奖励:-1826.1973797022736, 速度奖励:-1727.0745024059715, 加速度奖励:-622.5628772963187, 交通灯奖励:523.4400000000699, 与前车进行交互的惩罚:0.0
Episode:68/100, Reward:-1826.1973797022736
Episode:68/100, avg speed:10.604748527313594
Episode:68/100, avg halt num:0.22633183568677792
Episode:68/100, avg elec cons:0.3522859418936362
 Retrying in 1 seconds
Warning: Unused states in tlLogic 'J10', program '0' in phase 0 after tl-index 10
Simulation......
总奖励:-2016.8297026756247, 速度奖励:-1843.8493437449747, 加速度奖励:-706.2603589306765, 交通灯奖励:533.280000000065, 与前车进行交互的惩罚:0.0
Episode:69/100, Reward:-2016.8297026756247
Episode:69/100, avg speed:9.60537203487422
Episode:69/100, avg halt num:0.22571301247771836
Episode:69/100, avg elec cons:0.33101105586720064
 Retrying in 1 seconds
Warning: Unused states in tlLogic 'J10', program '0' in phase 0 after tl-index 10
Simulation......
总奖励:-2791.9458786356104, 速度奖励:-2117.509519949992, 加速度奖励:-759.1363586854509, 交通灯奖励:84.70000000002632, 与前车进行交互的惩罚:0.0
Episode:70/100, Reward:-2791.9458786356104
Episode:70/100, avg speed:8.575005432153914
Episode:70/100, avg halt num:0.34352347935707533
Episode:70/100, avg elec cons:0.3531965170939258
 Retrying in 1 seconds
Warning: Unused states in tlLogic 'J10', program '0' in phase 0 after tl-index 10
Simulation......
总奖励:-4478.5396287399735, 速度奖励:-2630.19663353714, 加速度奖励:-994.9829952026223, 交通灯奖励:-853.3599999999393, 与前车进行交互的惩罚:0.0
Episode:71/100, Reward:-4478.5396287399735
Episode:71/100, avg speed:9.192488461140098
Episode:71/100, avg halt num:0.49525015832805575
Episode:71/100, avg elec cons:0.365378196283373
 Retrying in 1 seconds
Warning: Unused states in tlLogic 'J10', program '0' in phase 0 after tl-index 10
Simulation......
总奖励:-2662.9831955785203, 速度奖励:-2101.3362147959483, 加速度奖励:-843.146980782406, 交通灯奖励:281.5000000000675, 与前车进行交互的惩罚:0.0
Episode:72/100, Reward:-2662.9831955785203
Episode:72/100, avg speed:8.515004653727148
Episode:72/100, avg halt num:0.42089771891096395
Episode:72/100, avg elec cons:0.4064743413435609
 Retrying in 1 seconds
Warning: Unused states in tlLogic 'J10', program '0' in phase 0 after tl-index 10
Simulation......
总奖励:-2215.84146059839, 速度奖励:-1767.9917431529552, 加速度奖励:-772.4297174454188, 交通灯奖励:324.58000000005717, 与前车进行交互的惩罚:0.0
Episode:73/100, Reward:-2215.84146059839
Episode:73/100, avg speed:9.902902390607792
Episode:73/100, avg halt num:0.23816055443257292
Episode:73/100, avg elec cons:0.32973580317714013
 Retrying in 1 seconds
Warning: Unused states in tlLogic 'J10', program '0' in phase 0 after tl-index 10
Simulation......
总奖励:-2067.0333582403277, 速度奖励:-1682.085332006967, 加速度奖励:-704.1480262333639, 交通灯奖励:319.2000000000415, 与前车进行交互的惩罚:0.0
Episode:74/100, Reward:-2067.0333582403277
Episode:74/100, avg speed:10.994119026346107
Episode:74/100, avg halt num:0.272920759659463
Episode:74/100, avg elec cons:0.44073281100890993
 Retrying in 1 seconds
Warning: Unused states in tlLogic 'J10', program '0' in phase 0 after tl-index 10
Simulation......
总奖励:-1138.6118320841254, 速度奖励:-1355.0341201919873, 加速度奖励:-524.277711892155, 交通灯奖励:740.7000000000594, 与前车进行交互的惩罚:0.0
Episode:75/100, Reward:-1138.6118320841254
Episode:75/100, avg speed:11.225945133888029
Episode:75/100, avg halt num:0.1422469374597034
Episode:75/100, avg elec cons:0.4378097215825062
 Retrying in 1 seconds
Warning: Unused states in tlLogic 'J10', program '0' in phase 0 after tl-index 10
Simulation......
总奖励:-1256.268661009057, 速度奖励:-1300.1637220289815, 加速度奖励:-541.8049389800823, 交通灯奖励:585.7000000000573, 与前车进行交互的惩罚:0.0
Episode:76/100, Reward:-1256.268661009057
Episode:76/100, avg speed:10.39039209387357
Episode:76/100, avg halt num:0.17575873991548213
Episode:76/100, avg elec cons:0.5814310169228141
 Retrying in 1 seconds
Warning: Unused states in tlLogic 'J10', program '0' in phase 0 after tl-index 10
Simulation......
总奖励:-1266.0773735746784, 速度奖励:-1439.6391075959818, 加速度奖励:-485.69826597870355, 交通灯奖励:659.2600000000635, 与前车进行交互的惩罚:0.0
Episode:77/100, Reward:-1266.0773735746784
Episode:77/100, avg speed:10.54061745817751
Episode:77/100, avg halt num:0.20176405733186328
Episode:77/100, avg elec cons:0.4671311139830964
 Retrying in 1 seconds
Warning: Unused states in tlLogic 'J10', program '0' in phase 0 after tl-index 10
Simulation......
总奖励:-1205.5703047767809, 速度奖励:-1436.5150479899785, 加速度奖励:-475.9752567868176, 交通灯奖励:706.9200000000606, 与前车进行交互的惩罚:0.0
Episode:78/100, Reward:-1205.5703047767809
Episode:78/100, avg speed:9.856270602576796
Episode:78/100, avg halt num:0.21420704845814978
Episode:78/100, avg elec cons:0.49201973882751654
 Retrying in 1 seconds
Warning: Unused states in tlLogic 'J10', program '0' in phase 0 after tl-index 10
Simulation......
总奖励:-1786.0550524982693, 速度奖励:-1739.690538929972, 加速度奖励:-539.8445135683098, 交通灯奖励:493.48000000007016, 与前车进行交互的惩罚:0.0
Episode:79/100, Reward:-1786.0550524982693
Episode:79/100, avg speed:9.822003715120932
Episode:79/100, avg halt num:0.2580376940133038
Episode:79/100, avg elec cons:0.4329429945661044
 Retrying in 1 seconds
Warning: Unused states in tlLogic 'J10', program '0' in phase 0 after tl-index 10
Simulation......
总奖励:-1800.936335988953, 速度奖励:-1699.7393779379668, 加速度奖励:-560.6969580510022, 交通灯奖励:459.5000000000654, 与前车进行交互的惩罚:0.0
Episode:80/100, Reward:-1800.936335988953
Episode:80/100, avg speed:9.850285862001511
Episode:80/100, avg halt num:0.2503382949932341
Episode:80/100, avg elec cons:0.4203737840789681
 Retrying in 1 seconds
Warning: Unused states in tlLogic 'J10', program '0' in phase 0 after tl-index 10
Simulation......
总奖励:-2929.19744782122, 速度奖励:-2091.993059654973, 加速度奖励:-668.7043881660419, 交通灯奖励:-168.4999999999372, 与前车进行交互的惩罚:0.0
Episode:81/100, Reward:-2929.19744782122
Episode:81/100, avg speed:9.312255019132147
Episode:81/100, avg halt num:0.3609764542936288
Episode:81/100, avg elec cons:0.4117424580866012
 Retrying in 1 seconds
Warning: Unused states in tlLogic 'J10', program '0' in phase 0 after tl-index 10
Simulation......
总奖励:-3026.568760694017, 速度奖励:-2240.2718733150245, 加速度奖励:-649.2968873788658, 交通灯奖励:-136.9999999999642, 与前车进行交互的惩罚:0.0
Episode:82/100, Reward:-3026.568760694017
Episode:82/100, avg speed:8.90484521885152
Episode:82/100, avg halt num:0.4411819537658464
Episode:82/100, avg elec cons:0.39100278670499283
 Retrying in 1 seconds
Warning: Unused states in tlLogic 'J10', program '0' in phase 0 after tl-index 10
Simulation......
总奖励:-3201.7227051711225, 速度奖励:-2261.2000896540253, 加速度奖励:-858.662615516873, 交通灯奖励:-81.85999999997533, 与前车进行交互的惩罚:0.0
Episode:83/100, Reward:-3201.7227051711225
Episode:83/100, avg speed:9.171903066991685
Episode:83/100, avg halt num:0.4093052499214084
Episode:83/100, avg elec cons:0.37860573788064306
 Retrying in 1 seconds
Warning: Unused states in tlLogic 'J10', program '0' in phase 0 after tl-index 10
Simulation......
总奖励:-3116.0332057590654, 速度奖励:-2208.1534958609486, 加速度奖励:-713.1197098978276, 交通灯奖励:-194.75999999994974, 与前车进行交互的惩罚:0.0
Episode:84/100, Reward:-3116.0332057590654
Episode:84/100, avg speed:8.345583644151377
Episode:84/100, avg halt num:0.4892208774583964
Episode:84/100, avg elec cons:0.4578662658568956
 Retrying in 1 seconds
Warning: Unused states in tlLogic 'J10', program '0' in phase 0 after tl-index 10
Simulation......
总奖励:-1724.3157659602473, 速度奖励:-1784.561733647957, 加速度奖励:-531.4540323123036, 交通灯奖励:591.7000000000702, 与前车进行交互的惩罚:0.0
Episode:85/100, Reward:-1724.3157659602473
Episode:85/100, avg speed:10.22876812363107
Episode:85/100, avg halt num:0.26483463035019456
Episode:85/100, avg elec cons:0.3560473481517606
 Retrying in 1 seconds
Warning: Unused states in tlLogic 'J10', program '0' in phase 0 after tl-index 10
Simulation......
总奖励:-1410.739344671583, 速度奖励:-1648.9888035029678, 加速度奖励:-499.330541168639, 交通灯奖励:737.580000000068, 与前车进行交互的惩罚:0.0
Episode:86/100, Reward:-1410.739344671583
Episode:86/100, avg speed:10.30770748846701
Episode:86/100, avg halt num:0.21902786010669828
Episode:86/100, avg elec cons:0.34334182155901677
 Retrying in 1 seconds
Warning: Unused states in tlLogic 'J10', program '0' in phase 0 after tl-index 10
Simulation......
总奖励:-2864.7153808588005, 速度奖励:-2333.600459613, 加速度奖励:-580.69492124561, 交通灯奖励:49.580000000006386, 与前车进行交互的惩罚:0.0
Episode:87/100, Reward:-2864.7153808588005
Episode:87/100, avg speed:7.940633588670669
Episode:87/100, avg halt num:0.515
Episode:87/100, avg elec cons:0.3861434267107006
 Retrying in 1 seconds
Warning: Unused states in tlLogic 'J10', program '0' in phase 0 after tl-index 10
Simulation......
总奖励:-2417.481727002286, 速度奖励:-2108.1887013779383, 加速度奖励:-571.3930256242143, 交通灯奖励:262.10000000004743, 与前车进行交互的惩罚:0.0
Episode:88/100, Reward:-2417.481727002286
Episode:88/100, avg speed:9.624095317457842
Episode:88/100, avg halt num:0.3795602605863192
Episode:88/100, avg elec cons:0.3458409578662047
 Retrying in 1 seconds
Warning: Unused states in tlLogic 'J10', program '0' in phase 0 after tl-index 10
Simulation......
总奖励:-1684.165009183919, 速度奖励:-1764.4048649909498, 加速度奖励:-461.8801441929787, 交通灯奖励:542.1200000000664, 与前车进行交互的惩罚:0.0
Episode:89/100, Reward:-1684.165009183919
Episode:89/100, avg speed:9.594587703460357
Episode:89/100, avg halt num:0.3062318313953488
Episode:89/100, avg elec cons:0.45881738889115603
 Retrying in 1 seconds
Warning: Unused states in tlLogic 'J10', program '0' in phase 0 after tl-index 10
Simulation......
总奖励:-4056.485149944761, 速度奖励:-2548.794514392068, 加速度奖励:-788.6306355523951, 交通灯奖励:-719.0599999999463, 与前车进行交互的惩罚:0.0
Episode:90/100, Reward:-4056.485149944761
Episode:90/100, avg speed:8.764118702840888
Episode:90/100, avg halt num:0.6341440422322775
Episode:90/100, avg elec cons:0.44664794166161625
 Retrying in 1 seconds
Warning: Unused states in tlLogic 'J10', program '0' in phase 0 after tl-index 10
Simulation......
总奖励:-3647.7652161553383, 速度奖励:-2337.48682297198, 加速度奖励:-746.7783931831011, 交通灯奖励:-563.4999999999453, 与前车进行交互的惩罚:0.0
Episode:91/100, Reward:-3647.7652161553383
Episode:91/100, avg speed:8.66245328270779
Episode:91/100, avg halt num:0.49360400444938823
Episode:91/100, avg elec cons:0.429641813497711
 Retrying in 1 seconds
Warning: Unused states in tlLogic 'J10', program '0' in phase 0 after tl-index 10
Simulation......
总奖励:-2167.32722006901, 速度奖励:-1878.8118689159453, 加速度奖励:-600.9353511530336, 交通灯奖励:312.4200000000672, 与前车进行交互的惩罚:0.0
Episode:92/100, Reward:-2167.32722006901
Episode:92/100, avg speed:9.035199090181585
Episode:92/100, avg halt num:0.3620751341681574
Episode:92/100, avg elec cons:0.44253733323172795
 Retrying in 1 seconds
Warning: Unused states in tlLogic 'J10', program '0' in phase 0 after tl-index 10
Simulation......
总奖励:-3428.4326415406754, 速度奖励:-2209.2696106920025, 加速度奖励:-876.0230308483455, 交通灯奖励:-343.1399999999409, 与前车进行交互的惩罚:0.0
Episode:93/100, Reward:-3428.4326415406754
Episode:93/100, avg speed:9.077150828822322
Episode:93/100, avg halt num:0.5233985423858841
Episode:93/100, avg elec cons:0.5068001967960052
 Retrying in 1 seconds
Warning: Unused states in tlLogic 'J10', program '0' in phase 0 after tl-index 10
Simulation......
总奖励:-1361.965019937508, 速度奖励:-1500.4394470709758, 加速度奖励:-465.44557286655146, 交通灯奖励:603.9200000000543, 与前车进行交互的惩罚:0.0
Episode:94/100, Reward:-1361.965019937508
Episode:94/100, avg speed:10.490287307683818
Episode:94/100, avg halt num:0.16939403758911212
Episode:94/100, avg elec cons:0.43037227871523986
 Retrying in 1 seconds
Warning: Unused states in tlLogic 'J10', program '0' in phase 0 after tl-index 10
Simulation......
总奖励:-2429.216408457658, 速度奖励:-1772.3501825759608, 加速度奖励:-559.0862258815848, 交通灯奖励:-97.77999999995853, 与前车进行交互的惩罚:0.0
Episode:95/100, Reward:-2429.216408457658
Episode:95/100, avg speed:9.547924140522047
Episode:95/100, avg halt num:0.3214681952662722
Episode:95/100, avg elec cons:0.5538417493294032
 Retrying in 1 seconds
Warning: Unused states in tlLogic 'J10', program '0' in phase 0 after tl-index 10
Simulation......
总奖励:-1952.8544927457942, 速度奖励:-1694.0069394749712, 加速度奖励:-559.0075532708555, 交通灯奖励:300.16000000004834, 与前车进行交互的惩罚:0.0
Episode:96/100, Reward:-1952.8544927457942
Episode:96/100, avg speed:9.300167408143542
Episode:96/100, avg halt num:0.2833710407239819
Episode:96/100, avg elec cons:0.4966468960118101
 Retrying in 1 seconds
Warning: Unused states in tlLogic 'J10', program '0' in phase 0 after tl-index 10
Simulation......
总奖励:-1689.563651460862, 速度奖励:-1599.7824627299683, 加速度奖励:-513.8611887309107, 交通灯奖励:424.08000000002636, 与前车进行交互的惩罚:0.0
Episode:97/100, Reward:-1689.563651460862
Episode:97/100, avg speed:10.244775980178751
Episode:97/100, avg halt num:0.27911416571210385
Episode:97/100, avg elec cons:0.5530931957289348
 Retrying in 1 seconds
Warning: Unused states in tlLogic 'J10', program '0' in phase 0 after tl-index 10
Simulation......
总奖励:-905.3644975883847, 速度奖励:-1322.8090072379678, 加速度奖励:-410.4154903504227, 交通灯奖励:827.8600000000534, 与前车进行交互的惩罚:0.0
Episode:98/100, Reward:-905.3644975883847
Episode:98/100, avg speed:9.874582104884821
Episode:98/100, avg halt num:0.22524752475247525
Episode:98/100, avg elec cons:0.5947978124983371
 Retrying in 1 seconds
Warning: Unused states in tlLogic 'J10', program '0' in phase 0 after tl-index 10
Simulation......
总奖励:-1087.417023297376, 速度奖励:-1495.0794905009554, 加速度奖励:-437.29753279642114, 交通灯奖励:844.9600000000644, 与前车进行交互的惩罚:0.0
Episode:99/100, Reward:-1087.417023297376
Episode:99/100, avg speed:10.7124333459781
Episode:99/100, avg halt num:0.21133934535738144
Episode:99/100, avg elec cons:0.4512174590063791
 Retrying in 1 seconds
Warning: Unused states in tlLogic 'J10', program '0' in phase 0 after tl-index 10
Simulation......
总奖励:-2181.676557669203, 速度奖励:-1910.1328450109495, 加速度奖励:-537.2237126582055, 交通灯奖励:265.6800000000289, 与前车进行交互的惩罚:0.0
Episode:100/100, Reward:-2181.676557669203
Episode:100/100, avg speed:10.43141194224328
Episode:100/100, avg halt num:0.3371774193548387
Episode:100/100, avg elec cons:0.39749419286523546
model saved successfully!
Complete training!
final reward list:[-3764.0558346615394, -4431.006304698573, -3164.431133911553, -2768.7763658232934, -3647.3917689363284, -1325.7443586919494, -1114.515240618774, -2415.167184005881, -3231.030159046681, -3971.9457544266656, -5327.932702279832, -5954.75517718757, -5290.09959813552, -2085.7440416996274, -5014.638963697431, -2483.8995097910365, -3105.8610703567715, -2265.85804727793, -2299.3915182414266, -3716.4377244699513, -3324.347125912168, -1840.434666477892, -957.2525833699127, -2755.317530302727, -1790.7505529231944, -1748.5629376840923, -1504.992459586536, -1248.924669137792, -506.4100809535225, -702.2618797728525, -667.8008350317201, -698.9044644485166, -652.5294004137319, -340.63829576842414, -412.0488131451788, -510.70386006600324, -640.3468493203624, -1130.003974143694, -397.49363618009045, -365.8947752223745, -852.3512006444896, -1721.7797042181967, -604.1127959444367, -791.3625738582407, -1143.0972742728793, -1459.018251755982, -944.5318457583115, -772.6778813052508, -1112.1766646570122, -1608.7336645916525, -2915.168703970682, -2812.744105436185, -1367.676922633029, -1246.8909984718043, -1353.4565670804388, -1775.7142328219397, -1369.6610912409021, -3010.181939288727, -6550.548267600216, -3452.4974448170337, -2642.94635542882, -4286.128561579036, -4440.822356017695, -3648.4650844139287, -3211.9921092827913, -1883.5675254712748, -2756.702553332952, -1826.1973797022736, -2016.8297026756247, -2791.9458786356104, -4478.5396287399735, -2662.9831955785203, -2215.84146059839, -2067.0333582403277, -1138.6118320841254, -1256.268661009057, -1266.0773735746784, -1205.5703047767809, -1786.0550524982693, -1800.936335988953, -2929.19744782122, -3026.568760694017, -3201.7227051711225, -3116.0332057590654, -1724.3157659602473, -1410.739344671583, -2864.7153808588005, -2417.481727002286, -1684.165009183919, -4056.485149944761, -3647.7652161553383, -2167.32722006901, -3428.4326415406754, -1361.965019937508, -2429.216408457658, -1952.8544927457942, -1689.563651460862, -905.3644975883847, -1087.417023297376, -2181.676557669203]
final speed list:[14.437917980568516, 14.017458994774065, 15.6508487328429, 15.18216711812449, 11.478989312276086, 14.741551625795978, 14.998634765458776, 12.258553444433545, 9.199603826153076, 9.343878424087011, 9.842685242491456, 8.756987355780973, 10.018018800100618, 12.887009471895922, 9.905444536518901, 12.558676976103238, 12.667902007694032, 11.755145816934188, 11.865785137727448, 9.911390802720321, 10.015005193701015, 11.75326354993693, 12.655410014937507, 10.218821604211392, 11.304375965331005, 10.920792752664834, 10.444349032972243, 10.016525672599423, 11.81859779377297, 13.132398564361482, 12.721257743893977, 12.487088584486795, 12.631305118230422, 12.82105429204575, 12.508570788955446, 12.423661954010996, 11.206752945147466, 11.202444090880148, 11.826578175245432, 12.19780303732476, 11.153103246981363, 9.898581214048473, 11.02491435737829, 11.564953812498825, 10.377586636439812, 11.287832181597922, 10.895112233250835, 10.952298211216657, 11.075967623593211, 10.39927510911691, 10.415011382995448, 9.770006085395824, 10.254810581045273, 10.762954770393305, 9.79110110187655, 9.700648371557463, 8.901475703136175, 8.27339970739837, 8.789164787437157, 9.046758943305376, 8.488635539121422, 8.614062107120693, 9.613898389841701, 8.049470845734724, 8.849485368773244, 10.881895521975549, 10.421181088013237, 10.604748527313594, 9.60537203487422, 8.575005432153914, 9.192488461140098, 8.515004653727148, 9.902902390607792, 10.994119026346107, 11.225945133888029, 10.39039209387357, 10.54061745817751, 9.856270602576796, 9.822003715120932, 9.850285862001511, 9.312255019132147, 8.90484521885152, 9.171903066991685, 8.345583644151377, 10.22876812363107, 10.30770748846701, 7.940633588670669, 9.624095317457842, 9.594587703460357, 8.764118702840888, 8.66245328270779, 9.035199090181585, 9.077150828822322, 10.490287307683818, 9.547924140522047, 9.300167408143542, 10.244775980178751, 9.874582104884821, 10.7124333459781, 10.43141194224328]
final elec cons list:[1.762902998089894, 1.8991220424325361, 2.0404271977167525, 2.5161805899595495, 1.4888280841284194, 2.4960245885640444, 2.0958833960215566, 1.2222362248033607, 0.45779301391216215, 0.4347053855960731, 0.5201448643004695, 0.4880808599995034, 0.7817261131078747, 1.0213321943255655, 0.7901056437026092, 1.1620305902025807, 0.979517004999532, 1.0270254236553635, 0.844412171899279, 0.6173491257845677, 0.7475737271863012, 0.9562651407629396, 0.8528928984896332, 0.5814835267536778, 0.7168281282223304, 0.7647328402454769, 0.5845755698396549, 0.7208191958107087, 1.166601518032535, 1.1902069620673903, 1.046671197807095, 1.0741721260334642, 1.0626212342350179, 0.9482330851576783, 0.9359157948215386, 1.3441217858237111, 1.0057220081874703, 0.7224615099139419, 0.806881863305323, 0.8999840191249286, 0.6532796417911924, 0.5344396976237904, 0.9003932143344907, 0.7813279962332267, 0.7156115715916431, 0.5157230841873751, 0.6664298025107241, 0.6676548338626457, 0.5226195617064765, 0.515083949463001, 0.48801771471641964, 0.46831081877705755, 0.49546386266718156, 0.505911721804114, 0.5747797373377139, 0.41780043677426515, 0.45345290082746315, 0.42583611724223386, 0.36609921767545045, 0.3633811456500617, 0.3822327507641109, 0.314302150510378, 0.3239798934141368, 0.3710902743795703, 0.3954091361459859, 0.35293464140538866, 0.3485672983642356, 0.3522859418936362, 0.33101105586720064, 0.3531965170939258, 0.365378196283373, 0.4064743413435609, 0.32973580317714013, 0.44073281100890993, 0.4378097215825062, 0.5814310169228141, 0.4671311139830964, 0.49201973882751654, 0.4329429945661044, 0.4203737840789681, 0.4117424580866012, 0.39100278670499283, 0.37860573788064306, 0.4578662658568956, 0.3560473481517606, 0.34334182155901677, 0.3861434267107006, 0.3458409578662047, 0.45881738889115603, 0.44664794166161625, 0.429641813497711, 0.44253733323172795, 0.5068001967960052, 0.43037227871523986, 0.5538417493294032, 0.4966468960118101, 0.5530931957289348, 0.5947978124983371, 0.4512174590063791, 0.39749419286523546]
final halt list:[0.3433744722312439, 0.4596020761245675, 0.2686335403726708, 0.2664486340900346, 0.25934485530546625, 0.1707338795867474, 0.10920917494008901, 0.1942815249266862, 0.4006014805675509, 0.3090288551039404, 0.3190065437239738, 0.43480934809348093, 0.16895113230035758, 0.09466327827191867, 0.32766298539365873, 0.20078008915304607, 0.26940298507462684, 0.19614779874213836, 0.15974903474903476, 0.3470828105395232, 0.3492729306487696, 0.07447783070721876, 0.06351263771872975, 0.32306007509386736, 0.171875, 0.10536433540827536, 0.15502001334222815, 0.13667582417582416, 0.027082518576456785, 0.014524948735475052, 0.02608695652173913, 0.030662983425414365, 0.03990450204638472, 0.015651582170806397, 0.034094966083541595, 0.031272273699215966, 0.0719150641025641, 0.1672661870503597, 0.011596180081855388, 0.024749048113534095, 0.1314549895324494, 0.24074074074074073, 0.043754745634016705, 0.08206659428157799, 0.1499063670411985, 0.13995215311004786, 0.11743408837727441, 0.09753320683111955, 0.142463509085493, 0.22862903225806452, 0.3305337519623234, 0.40775034293552814, 0.19210612512283, 0.14477563052735015, 0.1946944131983502, 0.24922520661157024, 0.25403861308116626, 0.48472328977709456, 0.5272758267984998, 0.4283105747856462, 0.3808139534883721, 0.5656456953642384, 0.5129491017964072, 0.4698246217331499, 0.4218696102104174, 0.2198813056379822, 0.31137492240844195, 0.22633183568677792, 0.22571301247771836, 0.34352347935707533, 0.49525015832805575, 0.42089771891096395, 0.23816055443257292, 0.272920759659463, 0.1422469374597034, 0.17575873991548213, 0.20176405733186328, 0.21420704845814978, 0.2580376940133038, 0.2503382949932341, 0.3609764542936288, 0.4411819537658464, 0.4093052499214084, 0.4892208774583964, 0.26483463035019456, 0.21902786010669828, 0.515, 0.3795602605863192, 0.3062318313953488, 0.6341440422322775, 0.49360400444938823, 0.3620751341681574, 0.5233985423858841, 0.16939403758911212, 0.3214681952662722, 0.2833710407239819, 0.27911416571210385, 0.22524752475247525, 0.21133934535738144, 0.3371774193548387]
speed reward list:[-930.6574919819515, -1184.5730724479397, -580.1517134999685, -484.1333383679742, -1209.413768552972, -536.4161865719778, -516.0468912479877, -1170.0629497709642, -2085.218977949947, -2069.9466215759608, -2178.686924577004, -2665.0056392461547, -1909.4007457439911, -850.4941998509905, -1980.9807367499611, -865.6885741769704, -1084.879766915963, -944.1264814199758, -1074.2964753599774, -1890.9448740809432, -1762.2997125299637, -1026.550196585997, -880.4709272789974, -1779.949621817952, -1317.445586531978, -1340.1488199689925, -1428.524361044982, -1264.0274334089922, -860.1349569750029, -694.8364918860063, -759.816385191005, -773.8253230230016, -735.9339249359996, -758.1465498510084, -850.3261281450025, -794.2818874589987, -973.0169932230003, -1228.1600097899855, -947.0769195780099, -861.4149163830042, -1197.7618811039783, -1677.472371206976, -1044.174257577002, -1033.9646716529971, -1234.2055545449862, -1344.7575395549914, -1161.2040834959907, -1113.2581060709988, -1257.0661592189817, -1540.7125449479765, -1941.478622918958, -2045.1622410629238, -1456.4368191599674, -1355.0933867309852, -1330.7278214339756, -1715.3240978879528, -1654.2065514599758, -2281.922948942995, -2986.6654180531905, -2412.4293172710018, -2139.913126016973, -2793.8215567712296, -2707.069784445157, -2388.070416447062, -2205.1134995759908, -1754.0871390809655, -2070.715931009962, -1727.0745024059715, -1843.8493437449747, -2117.509519949992, -2630.19663353714, -2101.3362147959483, -1767.9917431529552, -1682.085332006967, -1355.0341201919873, -1300.1637220289815, -1439.6391075959818, -1436.5150479899785, -1739.690538929972, -1699.7393779379668, -2091.993059654973, -2240.2718733150245, -2261.2000896540253, -2208.1534958609486, -1784.561733647957, -1648.9888035029678, -2333.600459613, -2108.1887013779383, -1764.4048649909498, -2548.794514392068, -2337.48682297198, -1878.8118689159453, -2209.2696106920025, -1500.4394470709758, -1772.3501825759608, -1694.0069394749712, -1599.7824627299683, -1322.8090072379678, -1495.0794905009554, -1910.1328450109495]
accel reward list:[-711.2383426792711, -681.333232250229, -828.6594204113459, -767.8430274551256, -925.1780003830991, -655.028172119965, -548.0683493707961, -840.024234234891, -878.3311810964467, -1181.719132850498, -1431.1057777024294, -1750.969537941147, -2008.4188523913149, -1143.5898418486206, -1623.858226947129, -944.1509356139803, -1144.3613034406462, -960.6115658579308, -1123.1950428813975, -1242.9728503886781, -1375.207413382032, -1270.2244698918987, -891.6416560909246, -1059.8679084845535, -1167.3249663912343, -1129.334117715105, -867.2280985415632, -785.9972357288051, -724.8351239785204, -801.9053878868506, -771.7044498407269, -791.0791414255206, -733.3154754777403, -536.6517459174275, -514.1826850001808, -548.4619726070079, -516.9898560973746, -590.4239643537175, -466.99671660209606, -447.07985883938, -573.5893195405083, -695.5873330112395, -545.0585383674428, -599.8379022052573, -663.771719727907, -736.9807122010155, -581.1677622623334, -561.7597752342625, -685.1905054380462, -844.8411196436992, -799.5900810515158, -746.0418643730276, -637.5001034730614, -599.5576117408331, -728.6087456464656, -583.7501349339904, -542.3145397809509, -767.0789903455425, -1313.1228495468201, -930.9681275457418, -654.8332294117249, -713.9470048075594, -815.0925715722823, -972.1546679666283, -963.7586097065464, -728.960386390332, -703.5066223228315, -622.5628772963187, -706.2603589306765, -759.1363586854509, -994.9829952026223, -843.146980782406, -772.4297174454188, -704.1480262333639, -524.277711892155, -541.8049389800823, -485.69826597870355, -475.9752567868176, -539.8445135683098, -560.6969580510022, -668.7043881660419, -649.2968873788658, -858.662615516873, -713.1197098978276, -531.4540323123036, -499.330541168639, -580.69492124561, -571.3930256242143, -461.8801441929787, -788.6306355523951, -746.7783931831011, -600.9353511530336, -876.0230308483455, -465.44557286655146, -559.0862258815848, -559.0075532708555, -513.8611887309107, -410.4154903504227, -437.29753279642114, -537.2237126582055]
tls reward list:[-2122.160000000278, -2565.100000000357, -1755.6200000001743, -1516.800000000108, -1512.8000000005886, -134.2999999999901, -50.39999999998545, -405.07999999997105, -267.47999999996085, -720.2799999999372, -1718.140000000976, -1538.780000000342, -1372.2800000006125, -91.65999999999929, -1409.8000000004515, -674.0599999999619, -876.6199999999599, -361.11999999995874, -101.89999999999398, -582.5199999999412, -186.83999999994455, 456.34000000004465, 814.86000000005, 84.50000000000198, 694.020000000054, 720.9200000000629, 790.7600000000649, 801.1000000000618, 1078.5599999999679, 794.480000000045, 863.7200000000498, 866.0000000000496, 816.720000000047, 954.1600000000498, 952.4600000000522, 832.0400000000492, 849.6600000000533, 688.5800000000563, 1016.5800000000563, 942.6000000000518, 919.0000000000591, 651.2800000000356, 985.1200000000586, 842.4400000000562, 754.8800000000552, 622.720000000058, 797.840000000059, 902.3400000000576, 830.0800000000563, 776.8200000000593, -174.09999999995955, -21.5399999999475, 726.2600000000631, 707.760000000061, 705.8800000000608, 523.3600000000657, 826.8600000000623, 38.82000000004619, -2250.7600000010434, -109.09999999993329, 151.80000000001567, -778.3599999999334, -918.6599999999328, -288.2399999999419, -43.119999999944156, 599.480000000065, 17.520000000049663, 523.4400000000699, 533.280000000065, 84.70000000002632, -853.3599999999393, 281.5000000000675, 324.58000000005717, 319.2000000000415, 740.7000000000594, 585.7000000000573, 659.2600000000635, 706.9200000000606, 493.48000000007016, 459.5000000000654, -168.4999999999372, -136.9999999999642, -81.85999999997533, -194.75999999994974, 591.7000000000702, 737.580000000068, 49.580000000006386, 262.10000000004743, 542.1200000000664, -719.0599999999463, -563.4999999999453, 312.4200000000672, -343.1399999999409, 603.9200000000543, -97.77999999995853, 300.16000000004834, 424.08000000002636, 827.8600000000534, 844.9600000000644, 265.6800000000289]
extra reward list:[0.0, 0.0, 0.0, 0.0, 0.0, 0.0, 0.0, 0.0, 0.0, 0.0, 0.0, 0.0, 0.0, 0.0, 0.0, 0.0, 0.0, 0.0, 0.0, 0.0, 0.0, 0.0, 0.0, 0.0, 0.0, 0.0, 0.0, 0.0, 0.0, 0.0, 0.0, 0.0, 0.0, 0.0, 0.0, 0.0, 0.0, 0.0, 0.0, 0.0, 0.0, 0.0, 0.0, 0.0, 0.0, 0.0, 0.0, 0.0, 0.0, 0.0, 0.0, 0.0, 0.0, 0.0, 0.0, 0.0, 0.0, 0.0, 0.0, 0.0, 0.0, 0.0, 0.0, 0.0, 0.0, 0.0, 0.0, 0.0, 0.0, 0.0, 0.0, 0.0, 0.0, 0.0, 0.0, 0.0, 0.0, 0.0, 0.0, 0.0, 0.0, 0.0, 0.0, 0.0, 0.0, 0.0, 0.0, 0.0, 0.0, 0.0, 0.0, 0.0, 0.0, 0.0, 0.0, 0.0, 0.0, 0.0, 0.0, 0.0]
