nohup: 忽略输入
Env:sumo, Algorithm:TD3, Device:cuda
-----------------------------------------
models/reward_s9e-3_a4e-2_t(-0.4_0.03)_c.pth
-----------------------------------------
 Retrying in 1 seconds
Warning: Unused states in tlLogic 'J10', program '0' in phase 0 after tl-index 10
Simulation......
总奖励:-3689.8858346614556, 速度奖励:-930.6574919819515, 加速度奖励:-711.2383426792711, 交通灯奖励:-2047.9900000003324, 与前车进行交互的惩罚:0.0
Episode:1/100, Reward:-3689.8858346614556
Episode:1/100, avg speed:14.437917980568516
Episode:1/100, avg halt num:0.3433744722312439
Episode:1/100, avg elec cons:1.762902998089894
 Retrying in 1 seconds
Warning: Unused states in tlLogic 'J10', program '0' in phase 0 after tl-index 10
Simulation......
总奖励:-4308.706304698519, 速度奖励:-1184.5730724479397, 加速度奖励:-681.333232250229, 交通灯奖励:-2442.8000000002075, 与前车进行交互的惩罚:0.0
Episode:2/100, Reward:-4308.706304698519
Episode:2/100, avg speed:14.017458994774065
Episode:2/100, avg halt num:0.4596020761245675
Episode:2/100, avg elec cons:1.8991220424325361
 Retrying in 1 seconds
Warning: Unused states in tlLogic 'J10', program '0' in phase 0 after tl-index 10
Simulation......
总奖励:-3052.4261900491124, 速度奖励:-579.5886763709689, 加速度奖励:-832.8275136779927, 交通灯奖励:-1640.0100000001996, 与前车进行交互的惩罚:0.0
Episode:3/100, Reward:-3052.4261900491124
Episode:3/100, avg speed:15.652213566355872
Episode:3/100, avg halt num:0.2673259235044132
Episode:3/100, avg elec cons:2.042265124144188
 Retrying in 1 seconds
Warning: Unused states in tlLogic 'J10', program '0' in phase 0 after tl-index 10
Simulation......
总奖励:-2717.923445970079, 速度奖励:-484.2924089219743, 加速度奖励:-769.1210370479846, 交通灯奖励:-1464.5100000001487, 与前车进行交互的惩罚:0.0
Episode:4/100, Reward:-2717.923445970079
Episode:4/100, avg speed:15.183591902548478
Episode:4/100, avg halt num:0.2662562524047711
Episode:4/100, avg elec cons:2.5173503407337408
 Retrying in 1 seconds
Warning: Unused states in tlLogic 'J10', program '0' in phase 0 after tl-index 10
Simulation......
总奖励:-2762.081867433053, 速度奖励:-498.2713540109759, 加速度奖励:-787.2905134219604, 交通灯奖励:-1476.5200000001505, 与前车进行交互的惩罚:0.0
Episode:5/100, Reward:-2762.081867433053
Episode:5/100, avg speed:15.443993430476544
Episode:5/100, avg halt num:0.2714717741935484
Episode:5/100, avg elec cons:2.59258580643765
 Retrying in 1 seconds
Warning: Unused states in tlLogic 'J10', program '0' in phase 0 after tl-index 10
Simulation......
总奖励:-3276.229977372273, 速度奖励:-631.1120232239713, 加速度奖励:-993.0079541481613, 交通灯奖励:-1652.110000000212, 与前车进行交互的惩罚:0.0
Episode:6/100, Reward:-3276.229977372273
Episode:6/100, avg speed:14.711534620168838
Episode:6/100, avg halt num:0.24801192842942346
Episode:6/100, avg elec cons:2.1091402197758122
 Retrying in 1 seconds
Warning: Unused states in tlLogic 'J10', program '0' in phase 0 after tl-index 10
Simulation......
总奖励:-20222.770918431223, 速度奖励:-4768.648302357456, 加速度奖励:-8312.47261607506, 交通灯奖励:-7141.649999998969, 与前车进行交互的惩罚:0.0
Episode:7/100, Reward:-20222.770918431223
Episode:7/100, avg speed:5.955638840529869
Episode:7/100, avg halt num:0.3995569813626642
Episode:7/100, avg elec cons:0.7000441135195032
 Retrying in 1 seconds
Warning: Unused states in tlLogic 'J10', program '0' in phase 0 after tl-index 10
Simulation......
总奖励:-20348.80158080307, 速度奖励:-4814.4401155804335, 加速度奖励:-8315.571465223802, 交通灯奖励:-7218.789999998986, 与前车进行交互的惩罚:0.0
Episode:8/100, Reward:-20348.80158080307
Episode:8/100, avg speed:6.078527563770395
Episode:8/100, avg halt num:0.3985949474879364
Episode:8/100, avg elec cons:0.6496476681107439
 Retrying in 1 seconds
Warning: Unused states in tlLogic 'J10', program '0' in phase 0 after tl-index 10
Simulation......
总奖励:-20277.06979404222, 速度奖励:-4786.173703782407, 加速度奖励:-8309.846090260511, 交通灯奖励:-7181.049999999007, 与前车进行交互的惩罚:0.0
Episode:9/100, Reward:-20277.06979404222
Episode:9/100, avg speed:5.357605398231488
Episode:9/100, avg halt num:0.40778567199526344
Episode:9/100, avg elec cons:0.6781764945390695
 Retrying in 1 seconds
Warning: Unused states in tlLogic 'J10', program '0' in phase 0 after tl-index 10
Simulation......
总奖励:-20331.418277724824, 速度奖励:-4789.262566143395, 加速度奖励:-8320.485711582509, 交通灯奖励:-7221.669999999039, 与前车进行交互的惩罚:0.0
Episode:10/100, Reward:-20331.418277724824
Episode:10/100, avg speed:6.872181580896394
Episode:10/100, avg halt num:0.3935716387172698
Episode:10/100, avg elec cons:0.6767539905513806
 Retrying in 1 seconds
Warning: Unused states in tlLogic 'J10', program '0' in phase 0 after tl-index 10
Simulation......
总奖励:-20291.260465754243, 速度奖励:-4804.145347671481, 加速度奖励:-8305.895118083665, 交通灯奖励:-7181.219999999006, 与前车进行交互的惩罚:0.0
Episode:11/100, Reward:-20291.260465754243
Episode:11/100, avg speed:7.036282368391395
Episode:11/100, avg halt num:0.38909400738426586
Episode:11/100, avg elec cons:0.6494187721869161
 Retrying in 1 seconds
Warning: Unused states in tlLogic 'J10', program '0' in phase 0 after tl-index 10
Simulation......
总奖励:-19931.210359464578, 速度奖励:-4711.677649011428, 加速度奖励:-8100.902710454238, 交通灯奖励:-7118.629999998932, 与前车进行交互的惩罚:0.0
Episode:12/100, Reward:-19931.210359464578
Episode:12/100, avg speed:5.835687665807694
Episode:12/100, avg halt num:0.4659090909090909
Episode:12/100, avg elec cons:0.8147441984042635
 Retrying in 1 seconds
Warning: Unused states in tlLogic 'J10', program '0' in phase 0 after tl-index 10
Simulation......
总奖励:-2743.1197974661563, 速度奖励:-481.67571509097485, 加速度奖励:-767.1640823750583, 交通灯奖励:-1494.2800000001514, 与前车进行交互的惩罚:0.0
Episode:13/100, Reward:-2743.1197974661563
Episode:13/100, avg speed:15.85348289152879
Episode:13/100, avg halt num:0.21860170832015186
Episode:13/100, avg elec cons:2.098168932204787
 Retrying in 1 seconds
Warning: Unused states in tlLogic 'J10', program '0' in phase 0 after tl-index 10
Simulation......
总奖励:-2798.7735124903534, 速度奖励:-519.7567652279741, 加速度奖励:-778.8767472622737, 交通灯奖励:-1500.1400000001645, 与前车进行交互的惩罚:0.0
Episode:14/100, Reward:-2798.7735124903534
Episode:14/100, avg speed:15.50672313536112
Episode:14/100, avg halt num:0.2650088809946714
Episode:14/100, avg elec cons:2.3346971443229876
 Retrying in 1 seconds
Warning: Unused states in tlLogic 'J10', program '0' in phase 0 after tl-index 10
Simulation......
总奖励:-2884.1175834740525, 速度奖励:-547.816824035976, 加速度奖励:-808.7307594379456, 交通灯奖励:-1527.5700000001727, 与前车进行交互的惩罚:0.0
Episode:15/100, Reward:-2884.1175834740525
Episode:15/100, avg speed:15.553974380752612
Episode:15/100, avg halt num:0.28564780342516755
Episode:15/100, avg elec cons:2.3396631139489257
 Retrying in 1 seconds
Warning: Unused states in tlLogic 'J10', program '0' in phase 0 after tl-index 10
Simulation......
总奖励:-2906.508110541343, 速度奖励:-536.0430104909724, 加速度奖励:-789.7951000502281, 交通灯奖励:-1580.6700000001802, 与前车进行交互的惩罚:0.0
Episode:16/100, Reward:-2906.508110541343
Episode:16/100, avg speed:15.373195081230307
Episode:16/100, avg halt num:0.28680106504374286
Episode:16/100, avg elec cons:2.46107175659514
 Retrying in 1 seconds
Warning: Unused states in tlLogic 'J10', program '0' in phase 0 after tl-index 10
Simulation......
总奖励:-2843.559794735779, 速度奖励:-532.5165339029726, 加速度奖励:-777.1432608326745, 交通灯奖励:-1533.9000000001724, 与前车进行交互的惩罚:0.0
Episode:17/100, Reward:-2843.559794735779
Episode:17/100, avg speed:15.58872841856829
Episode:17/100, avg halt num:0.27031955540118097
Episode:17/100, avg elec cons:2.2569336756198632
 Retrying in 1 seconds
Warning: Unused states in tlLogic 'J10', program '0' in phase 0 after tl-index 10
Simulation......
总奖励:-2753.438704861242, 速度奖励:-508.7999494889724, 加速度奖励:-762.7187553721243, 交通灯奖励:-1481.9200000001563, 与前车进行交互的惩罚:0.0
Episode:18/100, Reward:-2753.438704861242
Episode:18/100, avg speed:14.811448929441154
Episode:18/100, avg halt num:0.2971411192214112
Episode:18/100, avg elec cons:2.643844265321068
 Retrying in 1 seconds
Warning: Unused states in tlLogic 'J10', program '0' in phase 0 after tl-index 10
Simulation......
总奖励:-2964.0405479283772, 速度奖励:-562.1866588349726, 加速度奖励:-809.523889093247, 交通灯奖励:-1592.3300000001823, 与前车进行交互的惩罚:0.0
Episode:19/100, Reward:-2964.0405479283772
Episode:19/100, avg speed:15.311309960723333
Episode:19/100, avg halt num:0.283610408384532
Episode:19/100, avg elec cons:2.307564603871912
 Retrying in 1 seconds
Warning: Unused states in tlLogic 'J10', program '0' in phase 0 after tl-index 10
Simulation......
总奖励:-2795.253890604829, 速度奖励:-515.1419140319715, 加速度奖励:-793.1419765727208, 交通灯奖励:-1486.9700000001574, 与前车进行交互的惩罚:0.0
Episode:20/100, Reward:-2795.253890604829
Episode:20/100, avg speed:15.635486641717867
Episode:20/100, avg halt num:0.24770953512046148
Episode:20/100, avg elec cons:2.187439286687029
 Retrying in 1 seconds
Warning: Unused states in tlLogic 'J10', program '0' in phase 0 after tl-index 10
Simulation......
总奖励:-3376.861521631331, 速度奖励:-668.1190084109676, 加速度奖励:-1014.7025132202172, 交通灯奖励:-1694.040000000226, 与前车进行交互的惩罚:0.0
Episode:21/100, Reward:-3376.861521631331
Episode:21/100, avg speed:14.418350736499495
Episode:21/100, avg halt num:0.2745012250612531
Episode:21/100, avg elec cons:2.2094233711524165
 Retrying in 1 seconds
Warning: Unused states in tlLogic 'J10', program '0' in phase 0 after tl-index 10
Simulation......
总奖励:-18313.853463950796, 速度奖励:-5725.6139224715125, 加速度奖励:-4510.259541480726, 交通灯奖励:-8077.9799999988945, 与前车进行交互的惩罚:0.0
Episode:22/100, Reward:-18313.853463950796
Episode:22/100, avg speed:6.442168106057696
Episode:22/100, avg halt num:0.51853478566409
Episode:22/100, avg elec cons:0.5346969107789715
 Retrying in 1 seconds
Warning: Unused states in tlLogic 'J10', program '0' in phase 0 after tl-index 10
Simulation......
总奖励:-15767.755616593191, 速度奖励:-4864.1279878984515, 加速度奖励:-4188.507628694604, 交通灯奖励:-6715.119999999057, 与前车进行交互的惩罚:0.0
Episode:23/100, Reward:-15767.755616593191
Episode:23/100, avg speed:7.809033580359275
Episode:23/100, avg halt num:0.37476880394574597
Episode:23/100, avg elec cons:0.44715067408702325
 Retrying in 1 seconds
Warning: Unused states in tlLogic 'J10', program '0' in phase 0 after tl-index 10
Simulation......
总奖励:-5970.865751210091, 速度奖励:-1485.0763904789553, 加速度奖励:-1478.4393607307122, 交通灯奖励:-3007.3500000000913, 与前车进行交互的惩罚:0.0
Episode:24/100, Reward:-5970.865751210091
Episode:24/100, avg speed:10.832817077607169
Episode:24/100, avg halt num:0.28290492412511614
Episode:24/100, avg elec cons:0.9254414669256223
 Retrying in 1 seconds
Warning: Unused states in tlLogic 'J10', program '0' in phase 0 after tl-index 10
Simulation......
总奖励:-3450.1524595831083, 速度奖励:-730.2388084199634, 加速度奖励:-994.5336511629337, 交通灯奖励:-1725.3800000002427, 与前车进行交互的惩罚:0.0
Episode:25/100, Reward:-3450.1524595831083
Episode:25/100, avg speed:14.304594129977506
Episode:25/100, avg halt num:0.2894959404600812
Episode:25/100, avg elec cons:1.910363238632384
 Retrying in 1 seconds
Warning: Unused states in tlLogic 'J10', program '0' in phase 0 after tl-index 10
Simulation......
总奖励:-3114.391255974013, 速度奖励:-582.600164876972, 加速度奖励:-840.9310910969095, 交通灯奖励:-1690.860000000214, 与前车进行交互的惩罚:0.0
Episode:26/100, Reward:-3114.391255974013
Episode:26/100, avg speed:15.020204385499628
Episode:26/100, avg halt num:0.30028846153846156
Episode:26/100, avg elec cons:2.3881000755385426
 Retrying in 1 seconds
Warning: Unused states in tlLogic 'J10', program '0' in phase 0 after tl-index 10
Simulation......
总奖励:-2722.125364956928, 速度奖励:-604.5697107629827, 加速度奖励:-1001.3156541938456, 交通灯奖励:-1116.2400000001155, 与前车进行交互的惩罚:0.0
Episode:27/100, Reward:-2722.125364956928
Episode:27/100, avg speed:14.666356019365596
Episode:27/100, avg halt num:0.14467047747141895
Episode:27/100, avg elec cons:2.1041771606261372
 Retrying in 1 seconds
Warning: Unused states in tlLogic 'J10', program '0' in phase 0 after tl-index 10
Simulation......
总奖励:-5341.895351535582, 速度奖励:-1520.270179928968, 加速度奖励:-1744.725171606246, 交通灯奖励:-2076.9000000004567, 与前车进行交互的惩罚:0.0
Episode:28/100, Reward:-5341.895351535582
Episode:28/100, avg speed:9.898022055206786
Episode:28/100, avg halt num:0.2832358674463938
Episode:28/100, avg elec cons:1.2625275032707444
 Retrying in 1 seconds
Warning: Unused states in tlLogic 'J10', program '0' in phase 0 after tl-index 10
Simulation......
总奖励:-14526.677226204387, 速度奖励:-4186.088411706578, 加速度奖励:-3823.138814497707, 交通灯奖励:-6517.4499999990385, 与前车进行交互的惩罚:0.0
Episode:29/100, Reward:-14526.677226204387
Episode:29/100, avg speed:7.041516212906435
Episode:29/100, avg halt num:0.6613115370161593
Episode:29/100, avg elec cons:0.6926418995828014
 Retrying in 1 seconds
Warning: Unused states in tlLogic 'J10', program '0' in phase 0 after tl-index 10
Simulation......
总奖励:-10799.18082202706, 速度奖励:-3179.922392547409, 加速度奖励:-2531.9384294795414, 交通灯奖励:-5087.319999999485, 与前车进行交互的惩罚:0.0
Episode:30/100, Reward:-10799.18082202706
Episode:30/100, avg speed:9.358010969962539
Episode:30/100, avg halt num:0.4787128712871287
Episode:30/100, avg elec cons:0.6453069873374844
 Retrying in 1 seconds
Warning: Unused states in tlLogic 'J10', program '0' in phase 0 after tl-index 10
Simulation......
总奖励:-10162.006716350857, 速度奖励:-2837.481807888172, 加速度奖励:-2467.5149084625373, 交通灯奖励:-4857.009999999508, 与前车进行交互的惩罚:0.0
Episode:31/100, Reward:-10162.006716350857
Episode:31/100, avg speed:9.38893412670189
Episode:31/100, avg halt num:0.3365542089747789
Episode:31/100, avg elec cons:0.7100439544911124
 Retrying in 1 seconds
Warning: Unused states in tlLogic 'J10', program '0' in phase 0 after tl-index 10
Simulation......
总奖励:-8416.476348807195, 速度奖励:-2409.0242200920725, 加速度奖励:-1789.0521287148126, 交通灯奖励:-4218.399999999558, 与前车进行交互的惩罚:0.0
Episode:32/100, Reward:-8416.476348807195
Episode:32/100, avg speed:8.714500776767617
Episode:32/100, avg halt num:0.31
Episode:32/100, avg elec cons:0.917832536572152
 Retrying in 1 seconds
Warning: Unused states in tlLogic 'J10', program '0' in phase 0 after tl-index 10
Simulation......
总奖励:-7683.325605844204, 速度奖励:-2108.3989529879677, 加速度奖励:-1759.7366528558016, 交通灯奖励:-3815.1899999998027, 与前车进行交互的惩罚:0.0
Episode:33/100, Reward:-7683.325605844204
Episode:33/100, avg speed:9.566405746271075
Episode:33/100, avg halt num:0.44516786946972076
Episode:33/100, avg elec cons:0.9548049890844048
 Retrying in 1 seconds
Warning: Unused states in tlLogic 'J10', program '0' in phase 0 after tl-index 10
Simulation......
总奖励:-8064.960842126657, 速度奖励:-2307.0183629310436, 加速度奖励:-1815.3224791951764, 交通灯奖励:-3942.6199999996165, 与前车进行交互的惩罚:0.0
Episode:34/100, Reward:-8064.960842126657
Episode:34/100, avg speed:9.660855525530318
Episode:34/100, avg halt num:0.4104466197613949
Episode:34/100, avg elec cons:0.648376524468166
 Retrying in 1 seconds
Warning: Unused states in tlLogic 'J10', program '0' in phase 0 after tl-index 10
Simulation......
总奖励:-7616.491507526526, 速度奖励:-2113.001016902982, 加速度奖励:-1752.9104906231148, 交通灯奖励:-3750.5799999996098, 与前车进行交互的惩罚:0.0
Episode:35/100, Reward:-7616.491507526526
Episode:35/100, avg speed:9.67005440675341
Episode:35/100, avg halt num:0.39505743125652626
Episode:35/100, avg elec cons:0.6563643686284545
 Retrying in 1 seconds
Warning: Unused states in tlLogic 'J10', program '0' in phase 0 after tl-index 10
Simulation......
总奖励:-6174.027058644695, 速度奖励:-1744.1280363419467, 加速度奖励:-1578.6990223023472, 交通灯奖励:-2851.200000000087, 与前车进行交互的惩罚:0.0
Episode:36/100, Reward:-6174.027058644695
Episode:36/100, avg speed:9.562798219813684
Episode:36/100, avg halt num:0.35144312393887944
Episode:36/100, avg elec cons:0.772864157800838
 Retrying in 1 seconds
Warning: Unused states in tlLogic 'J10', program '0' in phase 0 after tl-index 10
Simulation......
总奖励:-8508.42346771087, 速度奖励:-2426.342370813054, 加速度奖励:-1899.5710968975152, 交通灯奖励:-4182.509999999724, 与前车进行交互的惩罚:0.0
Episode:37/100, Reward:-8508.42346771087
Episode:37/100, avg speed:7.7774446512822815
Episode:37/100, avg halt num:0.5485103132161956
Episode:37/100, avg elec cons:0.7833413367195894
 Retrying in 1 seconds
Warning: Unused states in tlLogic 'J10', program '0' in phase 0 after tl-index 10
Simulation......
总奖励:-7304.283309744051, 速度奖励:-1991.6905225319226, 加速度奖励:-1663.7927872115622, 交通灯奖励:-3648.799999999875, 与前车进行交互的惩罚:0.0
Episode:38/100, Reward:-7304.283309744051
Episode:38/100, avg speed:9.264379190130517
Episode:38/100, avg halt num:0.5077821011673151
Episode:38/100, avg elec cons:0.880822174871299
 Retrying in 1 seconds
Warning: Unused states in tlLogic 'J10', program '0' in phase 0 after tl-index 10
Simulation......
总奖励:-6074.059975144566, 速度奖励:-1547.5139728559432, 加速度奖励:-1405.6660022881895, 交通灯奖励:-3120.8800000000333, 与前车进行交互的惩罚:0.0
Episode:39/100, Reward:-6074.059975144566
Episode:39/100, avg speed:10.356994633477557
Episode:39/100, avg halt num:0.43377537655533727
Episode:39/100, avg elec cons:1.0129542434660064
 Retrying in 1 seconds
Warning: Unused states in tlLogic 'J10', program '0' in phase 0 after tl-index 10
Simulation......
总奖励:-8116.77832811655, 速度奖励:-2059.6564718099694, 加速度奖励:-2184.9818563062763, 交通灯奖励:-3872.1399999998303, 与前车进行交互的惩罚:0.0
Episode:40/100, Reward:-8116.77832811655
Episode:40/100, avg speed:8.98504951739755
Episode:40/100, avg halt num:0.3330539725108951
Episode:40/100, avg elec cons:0.8930386668270633
 Retrying in 1 seconds
Warning: Unused states in tlLogic 'J10', program '0' in phase 0 after tl-index 10
Simulation......
总奖励:-9527.57504098365, 速度奖励:-2563.150562685132, 加速度奖励:-2321.904478298224, 交通灯奖励:-4642.519999999598, 与前车进行交互的惩罚:0.0
Episode:41/100, Reward:-9527.57504098365
Episode:41/100, avg speed:8.261842792825266
Episode:41/100, avg halt num:0.44306367771280053
Episode:41/100, avg elec cons:0.774224862196019
 Retrying in 1 seconds
Warning: Unused states in tlLogic 'J10', program '0' in phase 0 after tl-index 10
Simulation......
总奖励:-6579.121973509685, 速度奖励:-1828.0243726019646, 加速度奖励:-1657.6576009073854, 交通灯奖励:-3093.4399999997872, 与前车进行交互的惩罚:0.0
Episode:42/100, Reward:-6579.121973509685
Episode:42/100, avg speed:9.24879692477194
Episode:42/100, avg halt num:0.2973337833277084
Episode:42/100, avg elec cons:0.875308511017511
 Retrying in 1 seconds
Warning: Unused states in tlLogic 'J10', program '0' in phase 0 after tl-index 10
Simulation......
总奖励:-6670.51843032853, 速度奖励:-1940.9514274529486, 加速度奖励:-1665.5470028751174, 交通灯奖励:-3064.0199999999677, 与前车进行交互的惩罚:0.0
Episode:43/100, Reward:-6670.51843032853
Episode:43/100, avg speed:8.761419338490137
Episode:43/100, avg halt num:0.4464020771513353
Episode:43/100, avg elec cons:0.9448928255240501
 Retrying in 1 seconds
Warning: Unused states in tlLogic 'J10', program '0' in phase 0 after tl-index 10
Simulation......
总奖励:-6209.831709864916, 速度奖励:-1688.6331386909512, 加速度奖励:-1548.4485711735315, 交通灯奖励:-2972.7500000000077, 与前车进行交互的惩罚:0.0
Episode:44/100, Reward:-6209.831709864916
Episode:44/100, avg speed:9.763857209247806
Episode:44/100, avg halt num:0.3929610767551837
Episode:44/100, avg elec cons:0.9930992359192776
 Retrying in 1 seconds
Warning: Unused states in tlLogic 'J10', program '0' in phase 0 after tl-index 10
Simulation......
总奖励:-5731.557815278493, 速度奖励:-1515.8338102169462, 加速度奖励:-1490.144005061179, 交通灯奖励:-2725.580000000102, 与前车进行交互的惩罚:0.0
Episode:45/100, Reward:-5731.557815278493
Episode:45/100, avg speed:10.430565215260087
Episode:45/100, avg halt num:0.38420384475879577
Episode:45/100, avg elec cons:1.0958094965534062
 Retrying in 1 seconds
Warning: Unused states in tlLogic 'J10', program '0' in phase 0 after tl-index 10
Simulation......
总奖励:-5131.478448758182, 速度奖励:-1323.0880749899488, 加速度奖励:-1303.3603737678236, 交通灯奖励:-2505.0300000001953, 与前车进行交互的惩罚:0.0
Episode:46/100, Reward:-5131.478448758182
Episode:46/100, avg speed:11.59411073811317
Episode:46/100, avg halt num:0.32507861635220126
Episode:46/100, avg elec cons:0.8987111070076073
 Retrying in 1 seconds
Warning: Unused states in tlLogic 'J10', program '0' in phase 0 after tl-index 10
Simulation......
总奖励:-5595.7557441698245, 速度奖励:-1460.3138290709612, 加速度奖励:-1304.4419150985207, 交通灯奖励:-2831.0000000000455, 与前车进行交互的惩罚:0.0
Episode:47/100, Reward:-5595.7557441698245
Episode:47/100, avg speed:10.366950789186504
Episode:47/100, avg halt num:0.3166845685642678
Episode:47/100, avg elec cons:0.8768793061966917
 Retrying in 1 seconds
Warning: Unused states in tlLogic 'J10', program '0' in phase 0 after tl-index 10
Simulation......
总奖励:-6178.985245411897, 速度奖励:-1680.138001808957, 加速度奖励:-1448.6772436025387, 交通灯奖励:-3050.1699999999732, 与前车进行交互的惩罚:0.0
Episode:48/100, Reward:-6178.985245411897
Episode:48/100, avg speed:9.773381540381369
Episode:48/100, avg halt num:0.3709917971662938
Episode:48/100, avg elec cons:0.8222135604002596
 Retrying in 1 seconds
Warning: Unused states in tlLogic 'J10', program '0' in phase 0 after tl-index 10
Simulation......
总奖励:-5534.6006663372455, 速度奖励:-1520.5471622999587, 加速度奖励:-1270.5735040369111, 交通灯奖励:-2743.4800000000123, 与前车进行交互的惩罚:0.0
Episode:49/100, Reward:-5534.6006663372455
Episode:49/100, avg speed:10.836811175953269
Episode:49/100, avg halt num:0.25914454277286136
Episode:49/100, avg elec cons:0.6471308229439295
 Retrying in 1 seconds
Warning: Unused states in tlLogic 'J10', program '0' in phase 0 after tl-index 10
Simulation......
总奖励:-5198.024678346672, 速度奖励:-1442.0419067069695, 加速度奖励:-1216.4427716393845, 交通灯奖励:-2539.540000000161, 与前车进行交互的惩罚:0.0
Episode:50/100, Reward:-5198.024678346672
Episode:50/100, avg speed:10.740324048729917
Episode:50/100, avg halt num:0.29182000669120106
Episode:50/100, avg elec cons:0.800200157968167
 Retrying in 1 seconds
Warning: Unused states in tlLogic 'J10', program '0' in phase 0 after tl-index 10
Simulation......
总奖励:-4447.513612884773, 速度奖励:-1218.095628389969, 加速度奖励:-1069.437984494525, 交通灯奖励:-2159.980000000344, 与前车进行交互的惩罚:0.0
Episode:51/100, Reward:-4447.513612884773
Episode:51/100, avg speed:12.03559341007289
Episode:51/100, avg halt num:0.24136
Episode:51/100, avg elec cons:0.8709111893875182
 Retrying in 1 seconds
Warning: Unused states in tlLogic 'J10', program '0' in phase 0 after tl-index 10
Simulation......
总奖励:-4088.619627299923, 速度奖励:-1022.8166874809748, 加速度奖励:-947.0429398187424, 交通灯奖励:-2118.7600000003986, 与前车进行交互的惩罚:0.0
Episode:52/100, Reward:-4088.619627299923
Episode:52/100, avg speed:12.227978374527645
Episode:52/100, avg halt num:0.21921975662133142
Episode:52/100, avg elec cons:1.0110117096281885
 Retrying in 1 seconds
Warning: Unused states in tlLogic 'J10', program '0' in phase 0 after tl-index 10
Simulation......
总奖励:-3640.609996364637, 速度奖励:-835.596529082976, 加速度奖励:-890.4334672814961, 交通灯奖励:-1914.5800000003278, 与前车进行交互的惩罚:0.0
Episode:53/100, Reward:-3640.609996364637
Episode:53/100, avg speed:12.98386654781281
Episode:53/100, avg halt num:0.17473386560212908
Episode:53/100, avg elec cons:1.0136937071211407
 Retrying in 1 seconds
Warning: Unused states in tlLogic 'J10', program '0' in phase 0 after tl-index 10
Simulation......
总奖励:-3237.225820288256, 速度奖励:-741.0401488979799, 加速度奖励:-843.5056713901112, 交通灯奖励:-1652.6800000002777, 与前车进行交互的惩罚:0.0
Episode:54/100, Reward:-3237.225820288256
Episode:54/100, avg speed:13.396613554590491
Episode:54/100, avg halt num:0.16574394463667821
Episode:54/100, avg elec cons:1.1076743399194682
 Retrying in 1 seconds
Warning: Unused states in tlLogic 'J10', program '0' in phase 0 after tl-index 10
Simulation......
总奖励:-2976.368302676158, 速度奖励:-670.2935523389865, 加速度奖励:-827.9847503370872, 交通灯奖励:-1478.090000000222, 与前车进行交互的惩罚:0.0
Episode:55/100, Reward:-2976.368302676158
Episode:55/100, avg speed:13.407615161626373
Episode:55/100, avg halt num:0.17842284417549167
Episode:55/100, avg elec cons:1.3332463668841283
 Retrying in 1 seconds
Warning: Unused states in tlLogic 'J10', program '0' in phase 0 after tl-index 10
Simulation......
总奖励:-2709.969059597146, 速度奖励:-610.0673733989763, 加速度奖励:-786.3416861980784, 交通灯奖励:-1313.5600000001652, 与前车进行交互的惩罚:0.0
Episode:56/100, Reward:-2709.969059597146
Episode:56/100, avg speed:13.905748350659602
Episode:56/100, avg halt num:0.19371160101192628
Episode:56/100, avg elec cons:1.3615185290654028
 Retrying in 1 seconds
Warning: Unused states in tlLogic 'J10', program '0' in phase 0 after tl-index 10
Simulation......
总奖励:-2620.425220809056, 速度奖励:-628.8971900759767, 加速度奖励:-814.6080307330027, 交通灯奖励:-1176.9200000001267, 与前车进行交互的惩罚:0.0
Episode:57/100, Reward:-2620.425220809056
Episode:57/100, avg speed:13.49531574191663
Episode:57/100, avg halt num:0.2009430176565008
Episode:57/100, avg elec cons:1.4659763240465893
 Retrying in 1 seconds
Warning: Unused states in tlLogic 'J10', program '0' in phase 0 after tl-index 10
Simulation......
总奖励:-2620.8919417713246, 速度奖励:-725.7181944239762, 加速度奖励:-853.5437473472692, 交通灯奖励:-1041.6300000001092, 与前车进行交互的惩罚:0.0
Episode:58/100, Reward:-2620.8919417713246
Episode:58/100, avg speed:13.13985710907036
Episode:58/100, avg halt num:0.18944160440424695
Episode:58/100, avg elec cons:1.3292723608533337
 Retrying in 1 seconds
Warning: Unused states in tlLogic 'J10', program '0' in phase 0 after tl-index 10
Simulation......
总奖励:-2766.154055849448, 速度奖励:-800.7182967509722, 加速度奖励:-929.1557590983535, 交通灯奖励:-1036.2800000001234, 与前车进行交互的惩罚:0.0
Episode:59/100, Reward:-2766.154055849448
Episode:59/100, avg speed:13.208342081600916
Episode:59/100, avg halt num:0.2047348484848485
Episode:59/100, avg elec cons:1.2822754593703252
 Retrying in 1 seconds
Warning: Unused states in tlLogic 'J10', program '0' in phase 0 after tl-index 10
Simulation......
总奖励:-2706.1798977659814, 速度奖励:-700.5056259869745, 加速度奖励:-921.1742717789033, 交通灯奖励:-1084.5000000001091, 与前车进行交互的惩罚:0.0
Episode:60/100, Reward:-2706.1798977659814
Episode:60/100, avg speed:13.893826321056885
Episode:60/100, avg halt num:0.1656794998354722
Episode:60/100, avg elec cons:1.1347103128027294
 Retrying in 1 seconds
Warning: Unused states in tlLogic 'J10', program '0' in phase 0 after tl-index 10
Simulation......
总奖励:-2712.970369416838, 速度奖励:-731.7589392899752, 加速度奖励:-901.9314301267283, 交通灯奖励:-1079.2800000001228, 与前车进行交互的惩罚:0.0
Episode:61/100, Reward:-2712.970369416838
Episode:61/100, avg speed:13.018288092878675
Episode:61/100, avg halt num:0.18835349200156068
Episode:61/100, avg elec cons:1.3020342445327684
 Retrying in 1 seconds
Warning: Unused states in tlLogic 'J10', program '0' in phase 0 after tl-index 10
Simulation......
总奖励:-2853.9115976972607, 速度奖励:-687.8702940929852, 加速度奖励:-901.6713036042246, 交通灯奖励:-1264.3700000001552, 与前车进行交互的惩罚:0.0
Episode:62/100, Reward:-2853.9115976972607
Episode:62/100, avg speed:13.67855086812803
Episode:62/100, avg halt num:0.1309975837072834
Episode:62/100, avg elec cons:1.1118433941261021
 Retrying in 1 seconds
Warning: Unused states in tlLogic 'J10', program '0' in phase 0 after tl-index 10
Simulation......
总奖励:-2730.704932772071, 速度奖励:-693.8345260079828, 加速度奖励:-865.000406763998, 交通灯奖励:-1171.8700000001497, 与前车进行交互的惩罚:0.0
Episode:63/100, Reward:-2730.704932772071
Episode:63/100, avg speed:13.847582774662323
Episode:63/100, avg halt num:0.12166991552956465
Episode:63/100, avg elec cons:1.0446113207555572
 Retrying in 1 seconds
Warning: Unused states in tlLogic 'J10', program '0' in phase 0 after tl-index 10
Simulation......
总奖励:-2373.3259601589116, 速度奖励:-672.5462137559883, 加速度奖励:-790.0397464028983, 交通灯奖励:-910.7400000001184, 与前车进行交互的惩罚:0.0
Episode:64/100, Reward:-2373.3259601589116
Episode:64/100, avg speed:13.549448514132898
Episode:64/100, avg halt num:0.1122655388010298
Episode:64/100, avg elec cons:1.2082248755816278
 Retrying in 1 seconds
Warning: Unused states in tlLogic 'J10', program '0' in phase 0 after tl-index 10
Simulation......
总奖励:-2072.674359842522, 速度奖励:-612.3703358069891, 加速度奖励:-761.4840240355217, 交通灯奖励:-698.8200000001151, 与前车进行交互的惩罚:0.0
Episode:65/100, Reward:-2072.674359842522
Episode:65/100, avg speed:13.87570903515218
Episode:65/100, avg halt num:0.07808048433048433
Episode:65/100, avg elec cons:1.2623254707028724
 Retrying in 1 seconds
Warning: Unused states in tlLogic 'J10', program '0' in phase 0 after tl-index 10
Simulation......
总奖励:-1938.2127931219104, 速度奖励:-632.3942883869855, 加速度奖励:-753.2685047349304, 交通灯奖励:-552.5500000001099, 与前车进行交互的惩罚:0.0
Episode:66/100, Reward:-1938.2127931219104
Episode:66/100, avg speed:14.531079896725936
Episode:66/100, avg halt num:0.09787098824277089
Episode:66/100, avg elec cons:1.2259233401092395
 Retrying in 1 seconds
Warning: Unused states in tlLogic 'J10', program '0' in phase 0 after tl-index 10
Simulation......
总奖励:-1760.9052480392106, 速度奖励:-594.0521828729946, 加速度奖励:-790.9530651662169, 交通灯奖励:-375.9000000000949, 与前车进行交互的惩罚:0.0
Episode:67/100, Reward:-1760.9052480392106
Episode:67/100, avg speed:14.489255746474111
Episode:67/100, avg halt num:0.0724291364535267
Episode:67/100, avg elec cons:1.2670066763148649
 Retrying in 1 seconds
Warning: Unused states in tlLogic 'J10', program '0' in phase 0 after tl-index 10
Simulation......
总奖励:-1657.0792501530582, 速度奖励:-522.5937636059922, 加速度奖励:-746.5254865470705, 交通灯奖励:-387.9600000000554, 与前车进行交互的惩罚:0.0
Episode:68/100, Reward:-1657.0792501530582
Episode:68/100, avg speed:14.702221639336614
Episode:68/100, avg halt num:0.07701421800947868
Episode:68/100, avg elec cons:1.422120953533167
 Retrying in 1 seconds
Warning: Unused states in tlLogic 'J10', program '0' in phase 0 after tl-index 10
Simulation......
总奖励:-1720.7911640390253, 速度奖励:-544.7718510929899, 加速度奖励:-819.429312946023, 交通灯奖励:-356.59000000004835, 与前车进行交互的惩罚:0.0
Episode:69/100, Reward:-1720.7911640390253
Episode:69/100, avg speed:14.646445522563797
Episode:69/100, avg halt num:0.08171114599686029
Episode:69/100, avg elec cons:1.5730073577243735
 Retrying in 1 seconds
Warning: Unused states in tlLogic 'J10', program '0' in phase 0 after tl-index 10
Simulation......
总奖励:-1640.1032662611658, 速度奖励:-605.1813877799959, 加速度奖励:-741.5118784811801, 交通灯奖励:-293.4100000000739, 与前车进行交互的惩罚:0.0
Episode:70/100, Reward:-1640.1032662611658
Episode:70/100, avg speed:13.81896304520702
Episode:70/100, avg halt num:0.08483290488431877
Episode:70/100, avg elec cons:1.4598271263836713
 Retrying in 1 seconds
Warning: Unused states in tlLogic 'J10', program '0' in phase 0 after tl-index 10
Simulation......
总奖励:-1308.3501770650055, 速度奖励:-568.9487057399997, 加速度奖励:-569.6014713250119, 交通灯奖励:-169.79999999999396, 与前车进行交互的惩罚:0.0
Episode:71/100, Reward:-1308.3501770650055
Episode:71/100, avg speed:14.544348166148565
Episode:71/100, avg halt num:0.05907278165503489
Episode:71/100, avg elec cons:1.6280587469738024
 Retrying in 1 seconds
Warning: Unused states in tlLogic 'J10', program '0' in phase 0 after tl-index 10
Simulation......
总奖励:-1531.1670639941, 速度奖励:-623.9719863899941, 加速度奖励:-628.8850776041219, 交通灯奖励:-278.31000000003394, 与前车进行交互的惩罚:0.0
Episode:72/100, Reward:-1531.1670639941
Episode:72/100, avg speed:13.244309830604738
Episode:72/100, avg halt num:0.08755194559879108
Episode:72/100, avg elec cons:1.7150697995591568
 Retrying in 1 seconds
Warning: Unused states in tlLogic 'J10', program '0' in phase 0 after tl-index 10
Simulation......
总奖励:-1140.2632165323719, 速度奖励:-557.3979125820009, 加速度奖励:-491.64530395037764, 交通灯奖励:-91.21999999999143, 与前车进行交互的惩罚:0.0
Episode:73/100, Reward:-1140.2632165323719
Episode:73/100, avg speed:14.073532875337996
Episode:73/100, avg halt num:0.023264512268102933
Episode:73/100, avg elec cons:1.3268115186457252
 Retrying in 1 seconds
Warning: Unused states in tlLogic 'J10', program '0' in phase 0 after tl-index 10
Simulation......
总奖励:-1087.451002799224, 速度奖励:-597.8801225520049, 加速度奖励:-441.1108802472179, 交通灯奖励:-48.45999999998941, 与前车进行交互的惩罚:0.0
Episode:74/100, Reward:-1087.451002799224
Episode:74/100, avg speed:13.891931277369485
Episode:74/100, avg halt num:0.005771248688352571
Episode:74/100, avg elec cons:1.445540548543513
 Retrying in 1 seconds
Warning: Unused states in tlLogic 'J10', program '0' in phase 0 after tl-index 10
Simulation......
总奖励:-1215.635593275494, 速度奖励:-763.5175982190055, 加速度奖励:-454.1779950565008, 交通灯奖励:2.05999999999953, 与前车进行交互的惩罚:0.0
Episode:75/100, Reward:-1215.635593275494
Episode:75/100, avg speed:13.175609371112362
Episode:75/100, avg halt num:0.0035818951481602084
Episode:75/100, avg elec cons:0.825494535787816
 Retrying in 1 seconds
Warning: Unused states in tlLogic 'J10', program '0' in phase 0 after tl-index 10
Simulation......
总奖励:-1245.5695367913909, 速度奖励:-775.4177451870104, 加速度奖励:-422.8517916043867, 交通灯奖励:-47.29999999999013, 与前车进行交互的惩罚:0.0
Episode:76/100, Reward:-1245.5695367913909
Episode:76/100, avg speed:12.516845909439299
Episode:76/100, avg halt num:0.008215962441314555
Episode:76/100, avg elec cons:0.9957360941759681
 Retrying in 1 seconds
Warning: Unused states in tlLogic 'J10', program '0' in phase 0 after tl-index 10
Simulation......
总奖励:-1131.5125550715566, 速度奖励:-790.0583613750106, 加速度奖励:-377.7241936965518, 交通灯奖励:36.270000000006455, 与前车进行交互的惩罚:0.0
Episode:77/100, Reward:-1131.5125550715566
Episode:77/100, avg speed:12.566902290399266
Episode:77/100, avg halt num:0.007879377431906615
Episode:77/100, avg elec cons:0.9014337372051424
 Retrying in 1 seconds
Warning: Unused states in tlLogic 'J10', program '0' in phase 0 after tl-index 10
Simulation......
总奖励:-1216.7036673340049, 速度奖励:-741.8661709140034, 加速度奖励:-439.73749642000297, 交通灯奖励:-35.09999999999299, 与前车进行交互的惩罚:0.0
Episode:78/100, Reward:-1216.7036673340049
Episode:78/100, avg speed:12.283452316229354
Episode:78/100, avg halt num:0.004429892141756549
Episode:78/100, avg elec cons:1.2021285248030482
 Retrying in 1 seconds
Warning: Unused states in tlLogic 'J10', program '0' in phase 0 after tl-index 10
Simulation......
总奖励:-1407.371606297074, 速度奖励:-888.8063875920037, 加速度奖励:-436.2552187050835, 交通灯奖励:-82.30999999999166, 与前车进行交互的惩罚:0.0
Episode:79/100, Reward:-1407.371606297074
Episode:79/100, avg speed:12.150726931767187
Episode:79/100, avg halt num:0.01741724403387221
Episode:79/100, avg elec cons:0.9003305490569261
 Retrying in 1 seconds
Warning: Unused states in tlLogic 'J10', program '0' in phase 0 after tl-index 10
Simulation......
总奖励:-1637.0313756187404, 速度奖励:-972.6808356089984, 加速度奖励:-454.9205400097558, 交通灯奖励:-209.42999999999347, 与前车进行交互的惩罚:0.0
Episode:80/100, Reward:-1637.0313756187404
Episode:80/100, avg speed:11.790157757809697
Episode:80/100, avg halt num:0.055893602225312936
Episode:80/100, avg elec cons:0.7208637259274667
 Retrying in 1 seconds
Warning: Unused states in tlLogic 'J10', program '0' in phase 0 after tl-index 10
Simulation......
总奖励:-1889.1784676194113, 速度奖励:-1021.2225990749965, 加速度奖励:-501.5558685444366, 交通灯奖励:-366.40000000012844, 与前车进行交互的惩罚:0.0
Episode:81/100, Reward:-1889.1784676194113
Episode:81/100, avg speed:11.905791818482944
Episode:81/100, avg halt num:0.08994947672320462
Episode:81/100, avg elec cons:0.82772202839375
 Retrying in 1 seconds
Warning: Unused states in tlLogic 'J10', program '0' in phase 0 after tl-index 10
Simulation......
总奖励:-1292.4910667308532, 速度奖励:-823.3451731350021, 加速度奖励:-373.8758935958607, 交通灯奖励:-95.26999999998931, 与前车进行交互的惩罚:0.0
Episode:82/100, Reward:-1292.4910667308532
Episode:82/100, avg speed:12.116267341712135
Episode:82/100, avg halt num:0.030656645569620253
Episode:82/100, avg elec cons:0.9234602331449212
 Retrying in 1 seconds
Warning: Unused states in tlLogic 'J10', program '0' in phase 0 after tl-index 10
Simulation......
总奖励:-1192.267025641148, 速度奖励:-799.5671263800059, 加速度奖励:-314.7298992611486, 交通灯奖励:-77.9699999999908, 与前车进行交互的惩罚:0.0
Episode:83/100, Reward:-1192.267025641148
Episode:83/100, avg speed:12.820790242546284
Episode:83/100, avg halt num:0.025
Episode:83/100, avg elec cons:0.8329615278609982
 Retrying in 1 seconds
Warning: Unused states in tlLogic 'J10', program '0' in phase 0 after tl-index 10
Simulation......
总奖励:-1014.5292204161406, 速度奖励:-758.2076534970024, 加速度奖励:-243.36156691914408, 交通灯奖励:-12.959999999998402, 与前车进行交互的惩罚:0.0
Episode:84/100, Reward:-1014.5292204161406
Episode:84/100, avg speed:12.462244899563292
Episode:84/100, avg halt num:0.03188575899843506
Episode:84/100, avg elec cons:0.8930339310156427
 Retrying in 1 seconds
Warning: Unused states in tlLogic 'J10', program '0' in phase 0 after tl-index 10
Simulation......
总奖励:-1082.5225285952497, 速度奖励:-770.5053175050066, 加速度奖励:-243.6972110902563, 交通灯奖励:-68.3199999999872, 与前车进行交互的惩罚:0.0
Episode:85/100, Reward:-1082.5225285952497
Episode:85/100, avg speed:13.14590730499557
Episode:85/100, avg halt num:0.010126162018592297
Episode:85/100, avg elec cons:0.7813390770510125
 Retrying in 1 seconds
Warning: Unused states in tlLogic 'J10', program '0' in phase 0 after tl-index 10
Simulation......
总奖励:-1343.0084996145747, 速度奖励:-854.8213500360013, 加速度奖励:-343.6871495785803, 交通灯奖励:-144.49999999999199, 与前车进行交互的惩罚:0.0
Episode:86/100, Reward:-1343.0084996145747
Episode:86/100, avg speed:12.651958784040135
Episode:86/100, avg halt num:0.03548632218844985
Episode:86/100, avg elec cons:0.6663352828058989
 Retrying in 1 seconds
Warning: Unused states in tlLogic 'J10', program '0' in phase 0 after tl-index 10
Simulation......
总奖励:-1653.9302018835651, 速度奖励:-1118.594784842999, 加速度奖励:-362.2354170405767, 交通灯奖励:-173.09999999999135, 与前车进行交互的惩罚:0.0
Episode:87/100, Reward:-1653.9302018835651
Episode:87/100, avg speed:10.869683961455648
Episode:87/100, avg halt num:0.08126272912423625
Episode:87/100, avg elec cons:0.6232175374910348
 Retrying in 1 seconds
Warning: Unused states in tlLogic 'J10', program '0' in phase 0 after tl-index 10
Simulation......
总奖励:-1416.4087735275548, 速度奖励:-981.5886893250042, 加速度奖励:-287.7700842025731, 交通灯奖励:-147.04999999999345, 与前车进行交互的惩罚:0.0
Episode:88/100, Reward:-1416.4087735275548
Episode:88/100, avg speed:12.396628250359797
Episode:88/100, avg halt num:0.03443063486731609
Episode:88/100, avg elec cons:0.5785260531602912
 Retrying in 1 seconds
Warning: Unused states in tlLogic 'J10', program '0' in phase 0 after tl-index 10
Simulation......
总奖励:-1358.9134520909904, 速度奖励:-907.3211196600014, 加速度奖励:-307.81233243099825, 交通灯奖励:-143.77999999999216, 与前车进行交互的惩罚:0.0
Episode:89/100, Reward:-1358.9134520909904
Episode:89/100, avg speed:11.907341898712064
Episode:89/100, avg halt num:0.04827008928571429
Episode:89/100, avg elec cons:0.7387534733079035
 Retrying in 1 seconds
Warning: Unused states in tlLogic 'J10', program '0' in phase 0 after tl-index 10
Simulation......
总奖励:-1564.5168813718594, 速度奖励:-890.0727162299997, 加速度奖励:-409.8841651418731, 交通灯奖励:-264.5600000000027, 与前车进行交互的惩罚:0.0
Episode:90/100, Reward:-1564.5168813718594
Episode:90/100, avg speed:11.938843799492187
Episode:90/100, avg halt num:0.06385448916408669
Episode:90/100, avg elec cons:0.8903634535496797
 Retrying in 1 seconds
Warning: Unused states in tlLogic 'J10', program '0' in phase 0 after tl-index 10
Simulation......
总奖励:-1267.4377775977287, 速度奖励:-826.8435883350064, 加速度奖励:-382.5141892627378, 交通灯奖励:-58.07999999999407, 与前车进行交互的惩罚:0.0
Episode:91/100, Reward:-1267.4377775977287
Episode:91/100, avg speed:11.815068372818466
Episode:91/100, avg halt num:0.020402406919894697
Episode:91/100, avg elec cons:0.9748008533932303
 Retrying in 1 seconds
Warning: Unused states in tlLogic 'J10', program '0' in phase 0 after tl-index 10
Simulation......
总奖励:-1249.3954963043773, 速度奖励:-827.7467469930042, 加速度奖励:-358.4587493113734, 交通灯奖励:-63.189999999995855, 与前车进行交互的惩罚:0.0
Episode:92/100, Reward:-1249.3954963043773
Episode:92/100, avg speed:11.93207656483254
Episode:92/100, avg halt num:0.023637374860956618
Episode:92/100, avg elec cons:0.9237142620849809
 Retrying in 1 seconds
Warning: Unused states in tlLogic 'J10', program '0' in phase 0 after tl-index 10
Simulation......
总奖励:-1649.595673360003, 速度奖励:-1031.7394003589998, 加速度奖励:-387.22627300101817, 交通灯奖励:-230.62999999999332, 与前车进行交互的惩罚:0.0
Episode:93/100, Reward:-1649.595673360003
Episode:93/100, avg speed:11.613851989003164
Episode:93/100, avg halt num:0.075
Episode:93/100, avg elec cons:0.846469757528891
 Retrying in 1 seconds
Warning: Unused states in tlLogic 'J10', program '0' in phase 0 after tl-index 10
Simulation......
总奖励:-1554.5142465765744, 速度奖励:-1010.2339228050078, 加速度奖励:-376.7703237715917, 交通灯奖励:-167.50999999999078, 与前车进行交互的惩罚:0.0
Episode:94/100, Reward:-1554.5142465765744
Episode:94/100, avg speed:11.87942472496114
Episode:94/100, avg halt num:0.03535021374547846
Episode:94/100, avg elec cons:0.6590190182925428
 Retrying in 1 seconds
Warning: Unused states in tlLogic 'J10', program '0' in phase 0 after tl-index 10
Simulation......
总奖励:-1877.9046685958012, 速度奖励:-1076.9270800409934, 加速度奖励:-482.66758855480555, 交通灯奖励:-318.3100000000699, 与前车进行交互的惩罚:0.0
Episode:95/100, Reward:-1877.9046685958012
Episode:95/100, avg speed:11.087943102854824
Episode:95/100, avg halt num:0.08153186731270966
Episode:95/100, avg elec cons:0.7312939362296696
 Retrying in 1 seconds
Warning: Unused states in tlLogic 'J10', program '0' in phase 0 after tl-index 10
Simulation......
总奖励:-1503.93380396418, 速度奖励:-952.9106069880029, 加速度奖励:-355.45319697617975, 交通灯奖励:-195.56999999999323, 与前车进行交互的惩罚:0.0
Episode:96/100, Reward:-1503.93380396418
Episode:96/100, avg speed:11.73226358843045
Episode:96/100, avg halt num:0.05600988969189806
Episode:96/100, avg elec cons:0.7158354529908346
 Retrying in 1 seconds
Warning: Unused states in tlLogic 'J10', program '0' in phase 0 after tl-index 10
Simulation......
总奖励:-1622.5999037753277, 速度奖励:-1059.0034443479935, 加速度奖励:-365.8064594273426, 交通灯奖励:-197.78999999999303, 与前车进行交互的惩罚:0.0
Episode:97/100, Reward:-1622.5999037753277
Episode:97/100, avg speed:11.690507515580881
Episode:97/100, avg halt num:0.10245743034055728
Episode:97/100, avg elec cons:0.69995207113525
 Retrying in 1 seconds
Warning: Unused states in tlLogic 'J10', program '0' in phase 0 after tl-index 10
Simulation......
总奖励:-1272.5309352276317, 速度奖励:-836.3321032140045, 加速度奖励:-388.3088320136413, 交通灯奖励:-47.88999999998598, 与前车进行交互的惩罚:0.0
Episode:98/100, Reward:-1272.5309352276317
Episode:98/100, avg speed:11.563457552782404
Episode:98/100, avg halt num:0.040923196276183085
Episode:98/100, avg elec cons:0.8687567238123592
 Retrying in 1 seconds
Warning: Unused states in tlLogic 'J10', program '0' in phase 0 after tl-index 10
Simulation......
总奖励:-1272.3875126052721, 速度奖励:-872.546280974998, 加速度奖励:-410.87123163028406, 交通灯奖励:11.030000000003621, 与前车进行交互的惩罚:0.0
Episode:99/100, Reward:-1272.3875126052721
Episode:99/100, avg speed:12.749838854274687
Episode:99/100, avg halt num:0.04394763685821149
Episode:99/100, avg elec cons:0.7059385429387487
 Retrying in 1 seconds
Warning: Unused states in tlLogic 'J10', program '0' in phase 0 after tl-index 10
Simulation......
总奖励:-6768.521324125133, 速度奖励:-2288.7803890800624, 加速度奖励:-1826.2909350448035, 交通灯奖励:-2653.4500000001326, 与前车进行交互的惩罚:0.0
Episode:100/100, Reward:-6768.521324125133
Episode:100/100, avg speed:9.366173376702717
Episode:100/100, avg halt num:0.3080178516466605
Episode:100/100, avg elec cons:0.48545705433593916
model saved successfully!
Complete training!
final reward list:[-3689.8858346614556, -4308.706304698519, -3052.4261900491124, -2717.923445970079, -2762.081867433053, -3276.229977372273, -20222.770918431223, -20348.80158080307, -20277.06979404222, -20331.418277724824, -20291.260465754243, -19931.210359464578, -2743.1197974661563, -2798.7735124903534, -2884.1175834740525, -2906.508110541343, -2843.559794735779, -2753.438704861242, -2964.0405479283772, -2795.253890604829, -3376.861521631331, -18313.853463950796, -15767.755616593191, -5970.865751210091, -3450.1524595831083, -3114.391255974013, -2722.125364956928, -5341.895351535582, -14526.677226204387, -10799.18082202706, -10162.006716350857, -8416.476348807195, -7683.325605844204, -8064.960842126657, -7616.491507526526, -6174.027058644695, -8508.42346771087, -7304.283309744051, -6074.059975144566, -8116.77832811655, -9527.57504098365, -6579.121973509685, -6670.51843032853, -6209.831709864916, -5731.557815278493, -5131.478448758182, -5595.7557441698245, -6178.985245411897, -5534.6006663372455, -5198.024678346672, -4447.513612884773, -4088.619627299923, -3640.609996364637, -3237.225820288256, -2976.368302676158, -2709.969059597146, -2620.425220809056, -2620.8919417713246, -2766.154055849448, -2706.1798977659814, -2712.970369416838, -2853.9115976972607, -2730.704932772071, -2373.3259601589116, -2072.674359842522, -1938.2127931219104, -1760.9052480392106, -1657.0792501530582, -1720.7911640390253, -1640.1032662611658, -1308.3501770650055, -1531.1670639941, -1140.2632165323719, -1087.451002799224, -1215.635593275494, -1245.5695367913909, -1131.5125550715566, -1216.7036673340049, -1407.371606297074, -1637.0313756187404, -1889.1784676194113, -1292.4910667308532, -1192.267025641148, -1014.5292204161406, -1082.5225285952497, -1343.0084996145747, -1653.9302018835651, -1416.4087735275548, -1358.9134520909904, -1564.5168813718594, -1267.4377775977287, -1249.3954963043773, -1649.595673360003, -1554.5142465765744, -1877.9046685958012, -1503.93380396418, -1622.5999037753277, -1272.5309352276317, -1272.3875126052721, -6768.521324125133]
final speed list:[14.437917980568516, 14.017458994774065, 15.652213566355872, 15.183591902548478, 15.443993430476544, 14.711534620168838, 5.955638840529869, 6.078527563770395, 5.357605398231488, 6.872181580896394, 7.036282368391395, 5.835687665807694, 15.85348289152879, 15.50672313536112, 15.553974380752612, 15.373195081230307, 15.58872841856829, 14.811448929441154, 15.311309960723333, 15.635486641717867, 14.418350736499495, 6.442168106057696, 7.809033580359275, 10.832817077607169, 14.304594129977506, 15.020204385499628, 14.666356019365596, 9.898022055206786, 7.041516212906435, 9.358010969962539, 9.38893412670189, 8.714500776767617, 9.566405746271075, 9.660855525530318, 9.67005440675341, 9.562798219813684, 7.7774446512822815, 9.264379190130517, 10.356994633477557, 8.98504951739755, 8.261842792825266, 9.24879692477194, 8.761419338490137, 9.763857209247806, 10.430565215260087, 11.59411073811317, 10.366950789186504, 9.773381540381369, 10.836811175953269, 10.740324048729917, 12.03559341007289, 12.227978374527645, 12.98386654781281, 13.396613554590491, 13.407615161626373, 13.905748350659602, 13.49531574191663, 13.13985710907036, 13.208342081600916, 13.893826321056885, 13.018288092878675, 13.67855086812803, 13.847582774662323, 13.549448514132898, 13.87570903515218, 14.531079896725936, 14.489255746474111, 14.702221639336614, 14.646445522563797, 13.81896304520702, 14.544348166148565, 13.244309830604738, 14.073532875337996, 13.891931277369485, 13.175609371112362, 12.516845909439299, 12.566902290399266, 12.283452316229354, 12.150726931767187, 11.790157757809697, 11.905791818482944, 12.116267341712135, 12.820790242546284, 12.462244899563292, 13.14590730499557, 12.651958784040135, 10.869683961455648, 12.396628250359797, 11.907341898712064, 11.938843799492187, 11.815068372818466, 11.93207656483254, 11.613851989003164, 11.87942472496114, 11.087943102854824, 11.73226358843045, 11.690507515580881, 11.563457552782404, 12.749838854274687, 9.366173376702717]
final elec cons list:[1.762902998089894, 1.8991220424325361, 2.042265124144188, 2.5173503407337408, 2.59258580643765, 2.1091402197758122, 0.7000441135195032, 0.6496476681107439, 0.6781764945390695, 0.6767539905513806, 0.6494187721869161, 0.8147441984042635, 2.098168932204787, 2.3346971443229876, 2.3396631139489257, 2.46107175659514, 2.2569336756198632, 2.643844265321068, 2.307564603871912, 2.187439286687029, 2.2094233711524165, 0.5346969107789715, 0.44715067408702325, 0.9254414669256223, 1.910363238632384, 2.3881000755385426, 2.1041771606261372, 1.2625275032707444, 0.6926418995828014, 0.6453069873374844, 0.7100439544911124, 0.917832536572152, 0.9548049890844048, 0.648376524468166, 0.6563643686284545, 0.772864157800838, 0.7833413367195894, 0.880822174871299, 1.0129542434660064, 0.8930386668270633, 0.774224862196019, 0.875308511017511, 0.9448928255240501, 0.9930992359192776, 1.0958094965534062, 0.8987111070076073, 0.8768793061966917, 0.8222135604002596, 0.6471308229439295, 0.800200157968167, 0.8709111893875182, 1.0110117096281885, 1.0136937071211407, 1.1076743399194682, 1.3332463668841283, 1.3615185290654028, 1.4659763240465893, 1.3292723608533337, 1.2822754593703252, 1.1347103128027294, 1.3020342445327684, 1.1118433941261021, 1.0446113207555572, 1.2082248755816278, 1.2623254707028724, 1.2259233401092395, 1.2670066763148649, 1.422120953533167, 1.5730073577243735, 1.4598271263836713, 1.6280587469738024, 1.7150697995591568, 1.3268115186457252, 1.445540548543513, 0.825494535787816, 0.9957360941759681, 0.9014337372051424, 1.2021285248030482, 0.9003305490569261, 0.7208637259274667, 0.82772202839375, 0.9234602331449212, 0.8329615278609982, 0.8930339310156427, 0.7813390770510125, 0.6663352828058989, 0.6232175374910348, 0.5785260531602912, 0.7387534733079035, 0.8903634535496797, 0.9748008533932303, 0.9237142620849809, 0.846469757528891, 0.6590190182925428, 0.7312939362296696, 0.7158354529908346, 0.69995207113525, 0.8687567238123592, 0.7059385429387487, 0.48545705433593916]
final halt list:[0.3433744722312439, 0.4596020761245675, 0.2673259235044132, 0.2662562524047711, 0.2714717741935484, 0.24801192842942346, 0.3995569813626642, 0.3985949474879364, 0.40778567199526344, 0.3935716387172698, 0.38909400738426586, 0.4659090909090909, 0.21860170832015186, 0.2650088809946714, 0.28564780342516755, 0.28680106504374286, 0.27031955540118097, 0.2971411192214112, 0.283610408384532, 0.24770953512046148, 0.2745012250612531, 0.51853478566409, 0.37476880394574597, 0.28290492412511614, 0.2894959404600812, 0.30028846153846156, 0.14467047747141895, 0.2832358674463938, 0.6613115370161593, 0.4787128712871287, 0.3365542089747789, 0.31, 0.44516786946972076, 0.4104466197613949, 0.39505743125652626, 0.35144312393887944, 0.5485103132161956, 0.5077821011673151, 0.43377537655533727, 0.3330539725108951, 0.44306367771280053, 0.2973337833277084, 0.4464020771513353, 0.3929610767551837, 0.38420384475879577, 0.32507861635220126, 0.3166845685642678, 0.3709917971662938, 0.25914454277286136, 0.29182000669120106, 0.24136, 0.21921975662133142, 0.17473386560212908, 0.16574394463667821, 0.17842284417549167, 0.19371160101192628, 0.2009430176565008, 0.18944160440424695, 0.2047348484848485, 0.1656794998354722, 0.18835349200156068, 0.1309975837072834, 0.12166991552956465, 0.1122655388010298, 0.07808048433048433, 0.09787098824277089, 0.0724291364535267, 0.07701421800947868, 0.08171114599686029, 0.08483290488431877, 0.05907278165503489, 0.08755194559879108, 0.023264512268102933, 0.005771248688352571, 0.0035818951481602084, 0.008215962441314555, 0.007879377431906615, 0.004429892141756549, 0.01741724403387221, 0.055893602225312936, 0.08994947672320462, 0.030656645569620253, 0.025, 0.03188575899843506, 0.010126162018592297, 0.03548632218844985, 0.08126272912423625, 0.03443063486731609, 0.04827008928571429, 0.06385448916408669, 0.020402406919894697, 0.023637374860956618, 0.075, 0.03535021374547846, 0.08153186731270966, 0.05600988969189806, 0.10245743034055728, 0.040923196276183085, 0.04394763685821149, 0.3080178516466605]
speed reward list:[-930.6574919819515, -1184.5730724479397, -579.5886763709689, -484.2924089219743, -498.2713540109759, -631.1120232239713, -4768.648302357456, -4814.4401155804335, -4786.173703782407, -4789.262566143395, -4804.145347671481, -4711.677649011428, -481.67571509097485, -519.7567652279741, -547.816824035976, -536.0430104909724, -532.5165339029726, -508.7999494889724, -562.1866588349726, -515.1419140319715, -668.1190084109676, -5725.6139224715125, -4864.1279878984515, -1485.0763904789553, -730.2388084199634, -582.600164876972, -604.5697107629827, -1520.270179928968, -4186.088411706578, -3179.922392547409, -2837.481807888172, -2409.0242200920725, -2108.3989529879677, -2307.0183629310436, -2113.001016902982, -1744.1280363419467, -2426.342370813054, -1991.6905225319226, -1547.5139728559432, -2059.6564718099694, -2563.150562685132, -1828.0243726019646, -1940.9514274529486, -1688.6331386909512, -1515.8338102169462, -1323.0880749899488, -1460.3138290709612, -1680.138001808957, -1520.5471622999587, -1442.0419067069695, -1218.095628389969, -1022.8166874809748, -835.596529082976, -741.0401488979799, -670.2935523389865, -610.0673733989763, -628.8971900759767, -725.7181944239762, -800.7182967509722, -700.5056259869745, -731.7589392899752, -687.8702940929852, -693.8345260079828, -672.5462137559883, -612.3703358069891, -632.3942883869855, -594.0521828729946, -522.5937636059922, -544.7718510929899, -605.1813877799959, -568.9487057399997, -623.9719863899941, -557.3979125820009, -597.8801225520049, -763.5175982190055, -775.4177451870104, -790.0583613750106, -741.8661709140034, -888.8063875920037, -972.6808356089984, -1021.2225990749965, -823.3451731350021, -799.5671263800059, -758.2076534970024, -770.5053175050066, -854.8213500360013, -1118.594784842999, -981.5886893250042, -907.3211196600014, -890.0727162299997, -826.8435883350064, -827.7467469930042, -1031.7394003589998, -1010.2339228050078, -1076.9270800409934, -952.9106069880029, -1059.0034443479935, -836.3321032140045, -872.546280974998, -2288.7803890800624]
accel reward list:[-711.2383426792711, -681.333232250229, -832.8275136779927, -769.1210370479846, -787.2905134219604, -993.0079541481613, -8312.47261607506, -8315.571465223802, -8309.846090260511, -8320.485711582509, -8305.895118083665, -8100.902710454238, -767.1640823750583, -778.8767472622737, -808.7307594379456, -789.7951000502281, -777.1432608326745, -762.7187553721243, -809.523889093247, -793.1419765727208, -1014.7025132202172, -4510.259541480726, -4188.507628694604, -1478.4393607307122, -994.5336511629337, -840.9310910969095, -1001.3156541938456, -1744.725171606246, -3823.138814497707, -2531.9384294795414, -2467.5149084625373, -1789.0521287148126, -1759.7366528558016, -1815.3224791951764, -1752.9104906231148, -1578.6990223023472, -1899.5710968975152, -1663.7927872115622, -1405.6660022881895, -2184.9818563062763, -2321.904478298224, -1657.6576009073854, -1665.5470028751174, -1548.4485711735315, -1490.144005061179, -1303.3603737678236, -1304.4419150985207, -1448.6772436025387, -1270.5735040369111, -1216.4427716393845, -1069.437984494525, -947.0429398187424, -890.4334672814961, -843.5056713901112, -827.9847503370872, -786.3416861980784, -814.6080307330027, -853.5437473472692, -929.1557590983535, -921.1742717789033, -901.9314301267283, -901.6713036042246, -865.000406763998, -790.0397464028983, -761.4840240355217, -753.2685047349304, -790.9530651662169, -746.5254865470705, -819.429312946023, -741.5118784811801, -569.6014713250119, -628.8850776041219, -491.64530395037764, -441.1108802472179, -454.1779950565008, -422.8517916043867, -377.7241936965518, -439.73749642000297, -436.2552187050835, -454.9205400097558, -501.5558685444366, -373.8758935958607, -314.7298992611486, -243.36156691914408, -243.6972110902563, -343.6871495785803, -362.2354170405767, -287.7700842025731, -307.81233243099825, -409.8841651418731, -382.5141892627378, -358.4587493113734, -387.22627300101817, -376.7703237715917, -482.66758855480555, -355.45319697617975, -365.8064594273426, -388.3088320136413, -410.87123163028406, -1826.2909350448035]
tls reward list:[-2047.9900000003324, -2442.8000000002075, -1640.0100000001996, -1464.5100000001487, -1476.5200000001505, -1652.110000000212, -7141.649999998969, -7218.789999998986, -7181.049999999007, -7221.669999999039, -7181.219999999006, -7118.629999998932, -1494.2800000001514, -1500.1400000001645, -1527.5700000001727, -1580.6700000001802, -1533.9000000001724, -1481.9200000001563, -1592.3300000001823, -1486.9700000001574, -1694.040000000226, -8077.9799999988945, -6715.119999999057, -3007.3500000000913, -1725.3800000002427, -1690.860000000214, -1116.2400000001155, -2076.9000000004567, -6517.4499999990385, -5087.319999999485, -4857.009999999508, -4218.399999999558, -3815.1899999998027, -3942.6199999996165, -3750.5799999996098, -2851.200000000087, -4182.509999999724, -3648.799999999875, -3120.8800000000333, -3872.1399999998303, -4642.519999999598, -3093.4399999997872, -3064.0199999999677, -2972.7500000000077, -2725.580000000102, -2505.0300000001953, -2831.0000000000455, -3050.1699999999732, -2743.4800000000123, -2539.540000000161, -2159.980000000344, -2118.7600000003986, -1914.5800000003278, -1652.6800000002777, -1478.090000000222, -1313.5600000001652, -1176.9200000001267, -1041.6300000001092, -1036.2800000001234, -1084.5000000001091, -1079.2800000001228, -1264.3700000001552, -1171.8700000001497, -910.7400000001184, -698.8200000001151, -552.5500000001099, -375.9000000000949, -387.9600000000554, -356.59000000004835, -293.4100000000739, -169.79999999999396, -278.31000000003394, -91.21999999999143, -48.45999999998941, 2.05999999999953, -47.29999999999013, 36.270000000006455, -35.09999999999299, -82.30999999999166, -209.42999999999347, -366.40000000012844, -95.26999999998931, -77.9699999999908, -12.959999999998402, -68.3199999999872, -144.49999999999199, -173.09999999999135, -147.04999999999345, -143.77999999999216, -264.5600000000027, -58.07999999999407, -63.189999999995855, -230.62999999999332, -167.50999999999078, -318.3100000000699, -195.56999999999323, -197.78999999999303, -47.88999999998598, 11.030000000003621, -2653.4500000001326]
extra reward list:[0.0, 0.0, 0.0, 0.0, 0.0, 0.0, 0.0, 0.0, 0.0, 0.0, 0.0, 0.0, 0.0, 0.0, 0.0, 0.0, 0.0, 0.0, 0.0, 0.0, 0.0, 0.0, 0.0, 0.0, 0.0, 0.0, 0.0, 0.0, 0.0, 0.0, 0.0, 0.0, 0.0, 0.0, 0.0, 0.0, 0.0, 0.0, 0.0, 0.0, 0.0, 0.0, 0.0, 0.0, 0.0, 0.0, 0.0, 0.0, 0.0, 0.0, 0.0, 0.0, 0.0, 0.0, 0.0, 0.0, 0.0, 0.0, 0.0, 0.0, 0.0, 0.0, 0.0, 0.0, 0.0, 0.0, 0.0, 0.0, 0.0, 0.0, 0.0, 0.0, 0.0, 0.0, 0.0, 0.0, 0.0, 0.0, 0.0, 0.0, 0.0, 0.0, 0.0, 0.0, 0.0, 0.0, 0.0, 0.0, 0.0, 0.0, 0.0, 0.0, 0.0, 0.0, 0.0, 0.0, 0.0, 0.0, 0.0, 0.0]
