nohup: 忽略输入
Env:sumo, Algorithm:TD3, Device:cuda
-----------------------------------------
models/reward_s13e-2(-5, 0.05)_a4e-2_t(-2_0.1).pth
-----------------------------------------
 Retrying in 1 seconds
Warning: Unused states in tlLogic 'J10', program '0' in phase 0 after tl-index 10
Simulation......
总奖励:-18943.752842677946, 速度奖励:-8016.014499997952, 加速度奖励:-711.2383426792711, 交通灯奖励:-10216.49999999845, 与前车进行交互的惩罚:0.0
Episode:1/100, Reward:-18943.752842677946
Episode:1/100, avg speed:14.437917980568516
Episode:1/100, avg halt num:0.3433744722312439
Episode:1/100, avg elec cons:1.762902998089894
 Retrying in 1 seconds
Warning: Unused states in tlLogic 'J10', program '0' in phase 0 after tl-index 10
Simulation......
总奖励:-22236.72973224857, 速度奖励:-9375.996499997365, 加速度奖励:-681.333232250229, 交通灯奖励:-12179.39999999801, 与前车进行交互的惩罚:0.0
Episode:2/100, Reward:-22236.72973224857
Episode:2/100, avg speed:14.017458994774065
Episode:2/100, avg halt num:0.4596020761245675
Episode:2/100, avg elec cons:1.8991220424325361
 Retrying in 1 seconds
Warning: Unused states in tlLogic 'J10', program '0' in phase 0 after tl-index 10
Simulation......
总奖励:-15464.952634166557, 速度奖励:-6377.299499999015, 加速度奖励:-829.5531341680594, 交通灯奖励:-8258.099999998987, 与前车进行交互的惩罚:0.0
Episode:3/100, Reward:-15464.952634166557
Episode:3/100, avg speed:15.657456463494752
Episode:3/100, avg halt num:0.2687152664269369
Episode:3/100, avg elec cons:2.0400157918580435
 Retrying in 1 seconds
Warning: Unused states in tlLogic 'J10', program '0' in phase 0 after tl-index 10
Simulation......
总奖励:-13948.335888541187, 速度奖励:-5880.302999999343, 加速度奖励:-769.0328885424155, 交通灯奖励:-7298.999999999235, 与前车进行交互的惩罚:0.0
Episode:4/100, Reward:-13948.335888541187
Episode:4/100, avg speed:15.180946944438496
Episode:4/100, avg halt num:0.2661600615621393
Episode:4/100, avg elec cons:2.517761405001358
 Retrying in 1 seconds
Warning: Unused states in tlLogic 'J10', program '0' in phase 0 after tl-index 10
Simulation......
总奖励:-19535.120930141267, 速度奖励:-8228.375999998014, 加速度奖励:-1310.9449301422205, 交通灯奖励:-9995.799999998484, 与前车进行交互的惩罚:0.0
Episode:5/100, Reward:-19535.120930141267
Episode:5/100, avg speed:13.5888794616313
Episode:5/100, avg halt num:0.2839566929133858
Episode:5/100, avg elec cons:2.244109596446783
 Retrying in 1 seconds
Warning: Unused states in tlLogic 'J10', program '0' in phase 0 after tl-index 10
Simulation......
总奖励:-10715.942683532543, 速度奖励:-6298.694999999028, 加速度奖励:-541.7476835330394, 交通灯奖励:-3875.500000000615, 与前车进行交互的惩罚:0.0
Episode:6/100, Reward:-10715.942683532543
Episode:6/100, avg speed:14.538193921811144
Episode:6/100, avg halt num:0.136096256684492
Episode:6/100, avg elec cons:2.080769387993042
 Retrying in 1 seconds
Warning: Unused states in tlLogic 'J10', program '0' in phase 0 after tl-index 10
Simulation......
总奖励:-13324.94033205374, 速度奖励:-7759.6479999981975, 加速度奖励:-722.1923320542091, 交通灯奖励:-4843.099999999687, 与前车进行交互的惩罚:0.0
Episode:7/100, Reward:-13324.94033205374
Episode:7/100, avg speed:13.338330245088653
Episode:7/100, avg halt num:0.1766000677277345
Episode:7/100, avg elec cons:1.8307861478550753
 Retrying in 1 seconds
Warning: Unused states in tlLogic 'J10', program '0' in phase 0 after tl-index 10
Simulation......
总奖励:-9764.011305808726, 速度奖励:-6641.511499998734, 加速度奖励:-646.7998058087509, 交通灯奖励:-2475.7000000004914, 与前车进行交互的惩罚:0.0
Episode:8/100, Reward:-9764.011305808726
Episode:8/100, avg speed:13.971384556925925
Episode:8/100, avg halt num:0.08159937888198758
Episode:8/100, avg elec cons:1.1829074935596493
 Retrying in 1 seconds
Warning: Unused states in tlLogic 'J10', program '0' in phase 0 after tl-index 10
Simulation......
总奖励:-14620.369076403103, 速度奖励:-9783.546499997128, 加速度奖励:-870.6225764037162, 交通灯奖励:-3966.200000000706, 与前车进行交互的惩罚:0.0
Episode:9/100, Reward:-14620.369076403103
Episode:9/100, avg speed:11.428410428859
Episode:9/100, avg halt num:0.15791499846011703
Episode:9/100, avg elec cons:0.7235456144668935
 Retrying in 1 seconds
Warning: Unused states in tlLogic 'J10', program '0' in phase 0 after tl-index 10
Simulation......
总奖励:-29741.27557556037, 速度奖励:-17484.063999996077, 加速度奖励:-1360.4115755629496, 交通灯奖励:-10896.79999999552, 与前车进行交互的惩罚:0.0
Episode:10/100, Reward:-29741.27557556037
Episode:10/100, avg speed:8.557176872585572
Episode:10/100, avg halt num:0.4653846153846154
Episode:10/100, avg elec cons:0.45089113125516456
 Retrying in 1 seconds
Warning: Unused states in tlLogic 'J10', program '0' in phase 0 after tl-index 10
Simulation......
总奖励:-19061.063290128583, 速度奖励:-11772.578999996298, 加速度奖励:-1416.4842901292895, 交通灯奖励:-5871.999999997795, 与前车进行交互的惩罚:0.0
Episode:11/100, Reward:-19061.063290128583
Episode:11/100, avg speed:11.030174077776659
Episode:11/100, avg halt num:0.21478983688833125
Episode:11/100, avg elec cons:0.9506455026863889
 Retrying in 1 seconds
Warning: Unused states in tlLogic 'J10', program '0' in phase 0 after tl-index 10
Simulation......
总奖励:-11853.778582957977, 速度奖励:-7739.315999998107, 加速度奖励:-775.9625829581692, 交通灯奖励:-3338.5000000005293, 与前车进行交互的惩罚:0.0
Episode:12/100, Reward:-11853.778582957977
Episode:12/100, avg speed:13.211507663843918
Episode:12/100, avg halt num:0.09555329260013577
Episode:12/100, avg elec cons:0.9466747049964856
 Retrying in 1 seconds
Warning: Unused states in tlLogic 'J10', program '0' in phase 0 after tl-index 10
Simulation......
总奖励:-11515.024101152012, 速度奖励:-8240.660999997892, 加速度奖励:-870.9631011522347, 交通灯奖励:-2403.4000000006563, 与前车进行交互的惩罚:0.0
Episode:13/100, Reward:-11515.024101152012
Episode:13/100, avg speed:12.836936416818126
Episode:13/100, avg halt num:0.08005149954559225
Episode:13/100, avg elec cons:0.9773013150193399
 Retrying in 1 seconds
Warning: Unused states in tlLogic 'J10', program '0' in phase 0 after tl-index 10
Simulation......
总奖励:-10901.266168638074, 速度奖励:-8086.50699999791, 加速度奖励:-1044.8591686382072, 交通灯奖励:-1769.9000000002347, 与前车进行交互的惩罚:0.0
Episode:14/100, Reward:-10901.266168638074
Episode:14/100, avg speed:12.593624886869115
Episode:14/100, avg halt num:0.07265544486430779
Episode:14/100, avg elec cons:0.9433563433394657
 Retrying in 1 seconds
Warning: Unused states in tlLogic 'J10', program '0' in phase 0 after tl-index 10
Simulation......
总奖励:-14446.652568307682, 速度奖励:-9798.892999997062, 加速度奖励:-1175.8595683079207, 交通灯奖励:-3471.9000000008623, 与前车进行交互的惩罚:0.0
Episode:15/100, Reward:-14446.652568307682
Episode:15/100, avg speed:11.811620126575603
Episode:15/100, avg halt num:0.10115606936416185
Episode:15/100, avg elec cons:1.0745186316055542
 Retrying in 1 seconds
Warning: Unused states in tlLogic 'J10', program '0' in phase 0 after tl-index 10
Simulation......
总奖励:-12601.218742192466, 速度奖励:-9107.208499997474, 加速度奖励:-940.1102421929581, 交通灯奖励:-2553.900000000716, 与前车进行交互的惩罚:0.0
Episode:16/100, Reward:-12601.218742192466
Episode:16/100, avg speed:11.4512528146789
Episode:16/100, avg halt num:0.12182203389830508
Episode:16/100, avg elec cons:0.893670019500346
 Retrying in 1 seconds
Warning: Unused states in tlLogic 'J10', program '0' in phase 0 after tl-index 10
Simulation......
总奖励:-22676.930659670623, 速度奖励:-14322.795499994814, 加速度奖励:-1439.3351596717905, 交通灯奖励:-6914.799999997447, 与前车进行交互的惩罚:0.0
Episode:17/100, Reward:-22676.930659670623
Episode:17/100, avg speed:10.030007710943138
Episode:17/100, avg halt num:0.29712661825071046
Episode:17/100, avg elec cons:0.5327677046729877
 Retrying in 1 seconds
Warning: Unused states in tlLogic 'J10', program '0' in phase 0 after tl-index 10
Simulation......
总奖励:-21830.7750827526, 速度奖励:-14226.088499994838, 加速度奖励:-1626.9865827537342, 交通灯奖励:-5977.699999997508, 与前车进行交互的惩罚:0.0
Episode:18/100, Reward:-21830.7750827526
Episode:18/100, avg speed:8.649440817632778
Episode:18/100, avg halt num:0.2913752913752914
Episode:18/100, avg elec cons:0.6350520433811084
 Retrying in 1 seconds
Warning: Unused states in tlLogic 'J10', program '0' in phase 0 after tl-index 10
Simulation......
总奖励:-11757.616338596341, 速度奖励:-8479.516499997706, 加速度奖励:-1130.1998385965449, 交通灯奖励:-2147.9000000006763, 与前车进行交互的惩罚:0.0
Episode:19/100, Reward:-11757.616338596341
Episode:19/100, avg speed:11.98407398242066
Episode:19/100, avg halt num:0.05240286298568507
Episode:19/100, avg elec cons:0.9455156915206887
 Retrying in 1 seconds
Warning: Unused states in tlLogic 'J10', program '0' in phase 0 after tl-index 10
Simulation......
总奖励:-11469.44702373648, 速度奖励:-8342.171499997834, 加速度奖励:-1051.8755237367245, 交通灯奖励:-2075.400000000114, 与前车进行交互的惩罚:0.0
Episode:20/100, Reward:-11469.44702373648
Episode:20/100, avg speed:12.789565272167426
Episode:20/100, avg halt num:0.06915739268680444
Episode:20/100, avg elec cons:1.0532630322543037
 Retrying in 1 seconds
Warning: Unused states in tlLogic 'J10', program '0' in phase 0 after tl-index 10
Simulation......
总奖励:-18558.053852936035, 速度奖励:-10526.886499996748, 加速度奖励:-1145.867352936716, 交通灯奖励:-6885.299999998047, 与前车进行交互的惩罚:0.0
Episode:21/100, Reward:-18558.053852936035
Episode:21/100, avg speed:10.996001799315685
Episode:21/100, avg halt num:0.237620103473762
Episode:21/100, avg elec cons:0.9716158386297183
 Retrying in 1 seconds
Warning: Unused states in tlLogic 'J10', program '0' in phase 0 after tl-index 10
Simulation......
总奖励:-17413.63102196449, 速度奖励:-10223.316999996934, 加速度奖励:-1342.2140219648136, 交通灯奖励:-5848.099999997623, 与前车进行交互的惩罚:0.0
Episode:22/100, Reward:-17413.63102196449
Episode:22/100, avg speed:11.12220264106741
Episode:22/100, avg halt num:0.13442300821722045
Episode:22/100, avg elec cons:0.9750121965651403
 Retrying in 1 seconds
Warning: Unused states in tlLogic 'J10', program '0' in phase 0 after tl-index 10
Simulation......
总奖励:-13699.10834670423, 速度奖励:-9302.032999997433, 加速度奖励:-1053.0753467046993, 交通灯奖励:-3344.0000000006958, 与前车进行交互的惩罚:0.0
Episode:23/100, Reward:-13699.10834670423
Episode:23/100, avg speed:12.155864880513112
Episode:23/100, avg halt num:0.11314102564102564
Episode:23/100, avg elec cons:0.8814746602628402
 Retrying in 1 seconds
Warning: Unused states in tlLogic 'J10', program '0' in phase 0 after tl-index 10
Simulation......
总奖励:-16287.467836431544, 速度奖励:-10628.728499996809, 加速度奖励:-1187.2393364325328, 交通灯奖励:-4471.500000000611, 与前车进行交互的惩罚:0.0
Episode:24/100, Reward:-16287.467836431544
Episode:24/100, avg speed:10.998798249266132
Episode:24/100, avg halt num:0.22068753836709637
Episode:24/100, avg elec cons:0.7052205858785733
 Retrying in 1 seconds
Warning: Unused states in tlLogic 'J10', program '0' in phase 0 after tl-index 10
Simulation......
总奖励:-11032.912225464386, 速度奖励:-8535.663499997676, 加速度奖励:-1038.7487254645491, 交通灯奖励:-1458.5000000003956, 与前车进行交互的惩罚:0.0
Episode:25/100, Reward:-11032.912225464386
Episode:25/100, avg speed:12.106698325882705
Episode:25/100, avg halt num:0.12576835975412487
Episode:25/100, avg elec cons:0.8459581598167669
 Retrying in 1 seconds
Warning: Unused states in tlLogic 'J10', program '0' in phase 0 after tl-index 10
Simulation......
总奖励:-11176.930230952285, 速度奖励:-8799.42049999759, 加速度奖励:-692.5097309525211, 交通灯奖励:-1685.000000000319, 与前车进行交互的惩罚:0.0
Episode:26/100, Reward:-11176.930230952285
Episode:26/100, avg speed:11.881385491660511
Episode:26/100, avg halt num:0.14175257731958762
Episode:26/100, avg elec cons:0.8597274100741044
 Retrying in 1 seconds
Warning: Unused states in tlLogic 'J10', program '0' in phase 0 after tl-index 10
Simulation......
总奖励:-10522.4863232474, 速度奖励:-8783.22249999765, 加速度奖励:-806.9638232474911, 交通灯奖励:-932.2999999997471, 与前车进行交互的惩罚:0.0
Episode:27/100, Reward:-10522.4863232474
Episode:27/100, avg speed:11.905294393721672
Episode:27/100, avg halt num:0.05205154289589691
Episode:27/100, avg elec cons:0.759330596430856
 Retrying in 1 seconds
Warning: Unused states in tlLogic 'J10', program '0' in phase 0 after tl-index 10
Simulation......
总奖励:-10557.494822014618, 速度奖励:-8902.198499997585, 加速度奖励:-938.6963220146106, 交通灯奖励:-716.5999999998204, 与前车进行交互的惩罚:0.0
Episode:28/100, Reward:-10557.494822014618
Episode:28/100, avg speed:10.958624325627083
Episode:28/100, avg halt num:0.03905336969224776
Episode:28/100, avg elec cons:0.880707876135589
 Retrying in 1 seconds
Warning: Unused states in tlLogic 'J10', program '0' in phase 0 after tl-index 10
Simulation......
总奖励:-13397.73121543613, 速度奖励:-10788.751999996646, 加速度奖励:-1135.779215436413, 交通灯奖励:-1473.2000000000303, 与前车进行交互的惩罚:0.0
Episode:29/100, Reward:-13397.73121543613
Episode:29/100, avg speed:10.16597334269976
Episode:29/100, avg halt num:0.135258358662614
Episode:29/100, avg elec cons:0.727586269184572
 Retrying in 1 seconds
Warning: Unused states in tlLogic 'J10', program '0' in phase 0 after tl-index 10
Simulation......
总奖励:-14457.555658332352, 速度奖励:-10049.480999997197, 加速度奖励:-1225.6746583327065, 交通灯奖励:-3182.400000001027, 与前车进行交互的惩罚:0.0
Episode:30/100, Reward:-14457.555658332352
Episode:30/100, avg speed:11.690217512538553
Episode:30/100, avg halt num:0.11056385869565218
Episode:30/100, avg elec cons:0.9029259121243595
 Retrying in 1 seconds
Warning: Unused states in tlLogic 'J10', program '0' in phase 0 after tl-index 10
Simulation......
总奖励:-12026.364581080426, 速度奖励:-8705.885499997587, 加速度奖励:-1269.0790810806975, 交通灯奖励:-2051.400000000311, 与前车进行交互的惩罚:0.0
Episode:31/100, Reward:-12026.364581080426
Episode:31/100, avg speed:11.94904698782689
Episode:31/100, avg halt num:0.09803748231966054
Episode:31/100, avg elec cons:1.050903733491658
 Retrying in 1 seconds
Warning: Unused states in tlLogic 'J10', program '0' in phase 0 after tl-index 10
Simulation......
总奖励:-11731.97590969457, 速度奖励:-8126.273999997707, 加速度奖励:-1222.001909694801, 交通灯奖励:-2383.7000000006224, 与前车进行交互的惩罚:0.0
Episode:32/100, Reward:-11731.97590969457
Episode:32/100, avg speed:12.031883801230967
Episode:32/100, avg halt num:0.0763254113345521
Episode:32/100, avg elec cons:1.2927084022129443
 Retrying in 1 seconds
Warning: Unused states in tlLogic 'J10', program '0' in phase 0 after tl-index 10
Simulation......
总奖励:-10319.352484910101, 速度奖励:-7469.507499998305, 加速度奖励:-1131.0449849101658, 交通灯奖励:-1718.800000000177, 与前车进行交互的惩罚:0.0
Episode:33/100, Reward:-10319.352484910101
Episode:33/100, avg speed:12.73961203227209
Episode:33/100, avg halt num:0.0661472148541114
Episode:33/100, avg elec cons:1.2558785155116257
 Retrying in 1 seconds
Warning: Unused states in tlLogic 'J10', program '0' in phase 0 after tl-index 10
Simulation......
总奖励:-14564.720951885653, 速度奖励:-10402.645499996896, 加速度奖励:-1200.7754518861698, 交通灯奖励:-2961.300000000919, 与前车进行交互的惩罚:0.0
Episode:34/100, Reward:-14564.720951885653
Episode:34/100, avg speed:11.503572898198687
Episode:34/100, avg halt num:0.1447704081632653
Episode:34/100, avg elec cons:0.8007267898665272
 Retrying in 1 seconds
Warning: Unused states in tlLogic 'J10', program '0' in phase 0 after tl-index 10
Simulation......
总奖励:-36510.05233493868, 速度奖励:-19658.223000000955, 加速度奖励:-2250.5293349395183, 交通灯奖励:-14601.299999995299, 与前车进行交互的惩罚:0.0
Episode:35/100, Reward:-36510.05233493868
Episode:35/100, avg speed:8.777034747528177
Episode:35/100, avg halt num:0.7589627567003132
Episode:35/100, avg elec cons:0.6733259372062933
 Retrying in 1 seconds
Warning: Unused states in tlLogic 'J10', program '0' in phase 0 after tl-index 10
Simulation......
总奖励:-28751.367052986316, 速度奖励:-15810.606499994048, 加速度奖励:-1980.66055298785, 交通灯奖励:-10960.099999995125, 与前车进行交互的惩罚:0.0
Episode:36/100, Reward:-28751.367052986316
Episode:36/100, avg speed:9.257331545003241
Episode:36/100, avg halt num:0.39031986531986534
Episode:36/100, avg elec cons:0.7046705783707957
 Retrying in 1 seconds
Warning: Unused states in tlLogic 'J10', program '0' in phase 0 after tl-index 10
Simulation......
总奖励:-15542.287533802872, 速度奖励:-10860.498999996631, 加速度奖励:-1329.588533803269, 交通灯奖励:-3352.2000000010007, 与前车进行交互的惩罚:0.0
Episode:37/100, Reward:-15542.287533802872
Episode:37/100, avg speed:10.01005317484639
Episode:37/100, avg halt num:0.16013779527559055
Episode:37/100, avg elec cons:0.971962073928237
 Retrying in 1 seconds
Warning: Unused states in tlLogic 'J10', program '0' in phase 0 after tl-index 10
Simulation......
总奖励:-18937.111512226173, 速度奖励:-12090.402999995944, 加速度奖励:-1430.1085122270883, 交通灯奖励:-5416.5999999990345, 与前车进行交互的惩罚:0.0
Episode:38/100, Reward:-18937.111512226173
Episode:38/100, avg speed:10.26654611382227
Episode:38/100, avg halt num:0.25384615384615383
Episode:38/100, avg elec cons:0.7922615883487947
 Retrying in 1 seconds
Warning: Unused states in tlLogic 'J10', program '0' in phase 0 after tl-index 10
Simulation......
总奖励:-15826.013782591408, 速度奖励:-10743.199999996674, 加速度奖励:-1498.8137825919137, 交通灯奖励:-3584.000000000773, 与前车进行交互的惩罚:0.0
Episode:39/100, Reward:-15826.013782591408
Episode:39/100, avg speed:10.918067844837793
Episode:39/100, avg halt num:0.14292946338170773
Episode:39/100, avg elec cons:0.8505731761717422
 Retrying in 1 seconds
Warning: Unused states in tlLogic 'J10', program '0' in phase 0 after tl-index 10
Simulation......
总奖励:-13723.512769268667, 速度奖励:-10064.742999996988, 加速度奖励:-1383.9697692691116, 交通灯奖励:-2274.800000000575, 与前车进行交互的惩罚:0.0
Episode:40/100, Reward:-13723.512769268667
Episode:40/100, avg speed:11.21212107098078
Episode:40/100, avg halt num:0.0656112428039282
Episode:40/100, avg elec cons:0.834545573786499
 Retrying in 1 seconds
Warning: Unused states in tlLogic 'J10', program '0' in phase 0 after tl-index 10
Simulation......
总奖励:-26462.496525218627, 速度奖励:-15298.685999994183, 加速度奖励:-1916.110525220447, 交通灯奖励:-9247.699999997943, 与前车进行交互的惩罚:0.0
Episode:41/100, Reward:-26462.496525218627
Episode:41/100, avg speed:8.92019403075744
Episode:41/100, avg halt num:0.38227911646586343
Episode:41/100, avg elec cons:0.7702236302003803
 Retrying in 1 seconds
Warning: Unused states in tlLogic 'J10', program '0' in phase 0 after tl-index 10
Simulation......
总奖励:-26574.208622764654, 速度奖励:-14711.573499994598, 加速度奖励:-1563.2351227655818, 交通灯奖励:-10299.399999995614, 与前车进行交互的惩罚:0.0
Episode:42/100, Reward:-26574.208622764654
Episode:42/100, avg speed:9.365870707865106
Episode:42/100, avg halt num:0.282435306628855
Episode:42/100, avg elec cons:0.7634147350655175
 Retrying in 1 seconds
Warning: Unused states in tlLogic 'J10', program '0' in phase 0 after tl-index 10
Simulation......
总奖励:-19778.22547394577, 速度奖励:-12588.315999995715, 加速度奖励:-1577.509473946398, 交通灯奖励:-5612.399999998663, 与前车进行交互的惩罚:0.0
Episode:43/100, Reward:-19778.22547394577
Episode:43/100, avg speed:9.759622421858323
Episode:43/100, avg halt num:0.19470899470899472
Episode:43/100, avg elec cons:0.8289758570926223
 Retrying in 1 seconds
Warning: Unused states in tlLogic 'J10', program '0' in phase 0 after tl-index 10
Simulation......
总奖励:-22840.68450659513, 速度奖励:-13824.44049999501, 加速度奖励:-1817.1440065959812, 交通灯奖励:-7199.099999998858, 与前车进行交互的惩罚:0.0
Episode:44/100, Reward:-22840.68450659513
Episode:44/100, avg speed:9.193948325981784
Episode:44/100, avg halt num:0.1665778251599147
Episode:44/100, avg elec cons:0.7159687841552947
 Retrying in 1 seconds
Warning: Unused states in tlLogic 'J10', program '0' in phase 0 after tl-index 10
Simulation......
总奖励:-21801.438529121384, 速度奖励:-12710.808499995775, 加速度奖励:-2025.930029122175, 交通灯奖励:-7064.699999997406, 与前车进行交互的惩罚:0.0
Episode:45/100, Reward:-21801.438529121384
Episode:45/100, avg speed:9.528938681747501
Episode:45/100, avg halt num:0.2103422892896577
Episode:45/100, avg elec cons:1.0252502402667236
 Retrying in 1 seconds
Warning: Unused states in tlLogic 'J10', program '0' in phase 0 after tl-index 10
Simulation......
总奖励:-27474.77526852761, 速度奖励:-14920.860499994465, 加速度奖励:-2263.4147685288676, 交通灯奖励:-10290.499999996038, 与前车进行交互的惩罚:0.0
Episode:46/100, Reward:-27474.77526852761
Episode:46/100, avg speed:9.700017119988152
Episode:46/100, avg halt num:0.26576923076923076
Episode:46/100, avg elec cons:0.6362414326297533
 Retrying in 1 seconds
Warning: Unused states in tlLogic 'J10', program '0' in phase 0 after tl-index 10
Simulation......
总奖励:-16601.552268564647, 速度奖励:-11226.988499996398, 加速度奖励:-1565.5637685654553, 交通灯奖励:-3809.0000000010386, 与前车进行交互的惩罚:0.0
Episode:47/100, Reward:-16601.552268564647
Episode:47/100, avg speed:10.26421616251558
Episode:47/100, avg halt num:0.17986261749819232
Episode:47/100, avg elec cons:0.8087825412426838
 Retrying in 1 seconds
Warning: Unused states in tlLogic 'J10', program '0' in phase 0 after tl-index 10
Simulation......
总奖励:-30544.904467735785, 速度奖励:-16935.411999994794, 加速度奖励:-1960.0924677375099, 交通灯奖励:-11649.399999996453, 与前车进行交互的惩罚:0.0
Episode:48/100, Reward:-30544.904467735785
Episode:48/100, avg speed:8.324043370368114
Episode:48/100, avg halt num:0.5086417597765364
Episode:48/100, avg elec cons:0.7257062374187226
 Retrying in 1 seconds
Warning: Unused states in tlLogic 'J10', program '0' in phase 0 after tl-index 10
Simulation......
总奖励:-42294.493158461424, 速度奖励:-19775.684500001174, 加速度奖励:-3098.408658461607, 交通灯奖励:-19420.40000000019, 与前车进行交互的惩罚:0.0
Episode:49/100, Reward:-42294.493158461424
Episode:49/100, avg speed:7.251877497199839
Episode:49/100, avg halt num:0.2244392659481503
Episode:49/100, avg elec cons:0.5582310503180659
 Retrying in 1 seconds
Warning: Unused states in tlLogic 'J10', program '0' in phase 0 after tl-index 10
Simulation......
总奖励:-33508.466734286434, 速度奖励:-16256.603999993742, 加速度奖励:-2992.5627342875873, 交通灯奖励:-14259.29999999534, 与前车进行交互的惩罚:0.0
Episode:50/100, Reward:-33508.466734286434
Episode:50/100, avg speed:8.492458389787615
Episode:50/100, avg halt num:0.18377806703547023
Episode:50/100, avg elec cons:0.7702435552588043
 Retrying in 1 seconds
Warning: Unused states in tlLogic 'J10', program '0' in phase 0 after tl-index 10
Simulation......
总奖励:-19317.391948680124, 速度奖励:-10619.218999996852, 加速度奖励:-2237.7729486806147, 交通灯奖励:-6460.399999998732, 与前车进行交互的惩罚:0.0
Episode:51/100, Reward:-19317.391948680124
Episode:51/100, avg speed:11.562570970808942
Episode:51/100, avg halt num:0.054490252476829655
Episode:51/100, avg elec cons:0.9378449633302919
 Retrying in 1 seconds
Warning: Unused states in tlLogic 'J10', program '0' in phase 0 after tl-index 10
Simulation......
总奖励:-20503.169916264076, 速度奖励:-13056.913999995477, 加速度奖励:-1881.9559162651633, 交通灯奖励:-5564.299999998355, 与前车进行交互的惩罚:0.0
Episode:52/100, Reward:-20503.169916264076
Episode:52/100, avg speed:9.599045185710214
Episode:52/100, avg halt num:0.24051183844011143
Episode:52/100, avg elec cons:0.7112970751831009
 Retrying in 1 seconds
Warning: Unused states in tlLogic 'J10', program '0' in phase 0 after tl-index 10
Simulation......
总奖励:-21665.153074362643, 速度奖励:-14378.461499994686, 加速度奖励:-2038.791574363421, 交通灯奖励:-5247.899999999232, 与前车进行交互的惩罚:0.0
Episode:53/100, Reward:-21665.153074362643
Episode:53/100, avg speed:9.299484886029418
Episode:53/100, avg halt num:0.18418106206014076
Episode:53/100, avg elec cons:0.5206976065488441
 Retrying in 1 seconds
Warning: Unused states in tlLogic 'J10', program '0' in phase 0 after tl-index 10
Simulation......
总奖励:-30550.03438499214, 速度奖励:-18895.818499999205, 加速度奖励:-2335.215884994604, 交通灯奖励:-9318.999999995905, 与前车进行交互的惩罚:0.0
Episode:54/100, Reward:-30550.03438499214
Episode:54/100, avg speed:8.341103120541968
Episode:54/100, avg halt num:0.45035233824471493
Episode:54/100, avg elec cons:0.515253001752819
 Retrying in 1 seconds
Warning: Unused states in tlLogic 'J10', program '0' in phase 0 after tl-index 10
Simulation......
总奖励:-26006.62424949855, 速度奖励:-16313.088999993703, 加速度奖励:-2074.435249500249, 交通灯奖励:-7619.09999999699, 与前车进行交互的惩罚:0.0
Episode:55/100, Reward:-26006.62424949855
Episode:55/100, avg speed:8.31080676017528
Episode:55/100, avg halt num:0.35963114754098363
Episode:55/100, avg elec cons:0.6775953601267316
 Retrying in 1 seconds
Warning: Unused states in tlLogic 'J10', program '0' in phase 0 after tl-index 10
Simulation......
总奖励:-22923.94322687751, 速度奖励:-14572.817999994693, 加速度奖励:-1748.3252268790063, 交通灯奖励:-6602.799999997122, 与前车进行交互的惩罚:0.0
Episode:56/100, Reward:-22923.94322687751
Episode:56/100, avg speed:9.52574294602404
Episode:56/100, avg halt num:0.35072815533980584
Episode:56/100, avg elec cons:0.6617460161333363
 Retrying in 1 seconds
Warning: Unused states in tlLogic 'J10', program '0' in phase 0 after tl-index 10
Simulation......
总奖励:-16134.430360644268, 速度奖励:-11425.894999996364, 加速度奖励:-1675.9353606448847, 交通灯奖励:-3032.600000001003, 与前车进行交互的惩罚:0.0
Episode:57/100, Reward:-16134.430360644268
Episode:57/100, avg speed:9.842462635221192
Episode:57/100, avg halt num:0.1749514563106796
Episode:57/100, avg elec cons:0.8532162965812903
 Retrying in 1 seconds
Warning: Unused states in tlLogic 'J10', program '0' in phase 0 after tl-index 10
Simulation......
总奖励:-13877.684126251106, 速度奖励:-10031.917999997026, 加速度奖励:-1470.1661262514504, 交通灯奖励:-2375.6000000006834, 与前车进行交互的惩罚:0.0
Episode:58/100, Reward:-13877.684126251106
Episode:58/100, avg speed:10.500534369675334
Episode:58/100, avg halt num:0.11026541764246682
Episode:58/100, avg elec cons:0.950022707097591
 Retrying in 1 seconds
Warning: Unused states in tlLogic 'J10', program '0' in phase 0 after tl-index 10
Simulation......
总奖励:-12522.13076468485, 速度奖励:-9315.832499997405, 加速度奖励:-1371.9982646850876, 交通灯奖励:-1834.3000000002417, 与前车进行交互的惩罚:0.0
Episode:59/100, Reward:-12522.13076468485
Episode:59/100, avg speed:11.714061499294486
Episode:59/100, avg halt num:0.09084222140492829
Episode:59/100, avg elec cons:0.9453258364937852
 Retrying in 1 seconds
Warning: Unused states in tlLogic 'J10', program '0' in phase 0 after tl-index 10
Simulation......
总奖励:-12173.846735393972, 速度奖励:-8555.299999997707, 加速度奖励:-1299.0467353942756, 交通灯奖励:-2319.500000000327, 与前车进行交互的惩罚:0.0
Episode:60/100, Reward:-12173.846735393972
Episode:60/100, avg speed:12.639991313832358
Episode:60/100, avg halt num:0.09053966189856957
Episode:60/100, avg elec cons:0.9044965050318541
 Retrying in 1 seconds
Warning: Unused states in tlLogic 'J10', program '0' in phase 0 after tl-index 10
Simulation......
总奖励:-14942.033829219556, 速度奖励:-10662.502499996715, 加速度奖励:-1241.1313292201676, 交通灯奖励:-3038.400000000958, 与前车进行交互的惩罚:0.0
Episode:61/100, Reward:-14942.033829219556
Episode:61/100, avg speed:10.600328770334778
Episode:61/100, avg halt num:0.22731586940015186
Episode:61/100, avg elec cons:0.8836396329520751
 Retrying in 1 seconds
Warning: Unused states in tlLogic 'J10', program '0' in phase 0 after tl-index 10
Simulation......
总奖励:-13137.433089232156, 速度奖励:-10012.190499997025, 加速度奖励:-1228.5425892325316, 交通灯奖励:-1896.7000000004286, 与前车进行交互的惩罚:0.0
Episode:62/100, Reward:-13137.433089232156
Episode:62/100, avg speed:11.061207741917775
Episode:62/100, avg halt num:0.11505922165820642
Episode:62/100, avg elec cons:0.7457130828006959
 Retrying in 1 seconds
Warning: Unused states in tlLogic 'J10', program '0' in phase 0 after tl-index 10
Simulation......
总奖励:-11885.736889082114, 速度奖励:-8622.555499997656, 加速度奖励:-1234.4813890822281, 交通灯奖励:-2028.7000000003277, 与前车进行交互的惩罚:0.0
Episode:63/100, Reward:-11885.736889082114
Episode:63/100, avg speed:12.586836085952676
Episode:63/100, avg halt num:0.07221177944862156
Episode:63/100, avg elec cons:0.866556283414985
 Retrying in 1 seconds
Warning: Unused states in tlLogic 'J10', program '0' in phase 0 after tl-index 10
Simulation......
总奖励:-10363.92384767896, 速度奖励:-7865.753999998021, 加速度奖励:-1039.9698476791177, 交通灯奖励:-1458.200000000198, 与前车进行交互的惩罚:0.0
Episode:64/100, Reward:-10363.92384767896
Episode:64/100, avg speed:12.447042780729694
Episode:64/100, avg halt num:0.08746382054992764
Episode:64/100, avg elec cons:1.2615244443910143
 Retrying in 1 seconds
Warning: Unused states in tlLogic 'J10', program '0' in phase 0 after tl-index 10
Simulation......
总奖励:-9656.689047183261, 速度奖励:-7523.112999998253, 加速度奖励:-879.3760471832912, 交通灯奖励:-1254.2000000000667, 与前车进行交互的惩罚:0.0
Episode:65/100, Reward:-9656.689047183261
Episode:65/100, avg speed:12.820601106935037
Episode:65/100, avg halt num:0.06341550553769203
Episode:65/100, avg elec cons:1.2516318055841749
 Retrying in 1 seconds
Warning: Unused states in tlLogic 'J10', program '0' in phase 0 after tl-index 10
Simulation......
总奖励:-9346.153038548, 速度奖励:-7088.639999998493, 加速度奖励:-1073.9130385480255, 交通灯奖励:-1183.6000000001027, 与前车进行交互的惩罚:0.0
Episode:66/100, Reward:-9346.153038548
Episode:66/100, avg speed:14.167411739057641
Episode:66/100, avg halt num:0.025237341772151898
Episode:66/100, avg elec cons:1.389210147895269
 Retrying in 1 seconds
Warning: Unused states in tlLogic 'J10', program '0' in phase 0 after tl-index 10
Simulation......
总奖励:-14547.089918415995, 速度奖励:-10601.142499996751, 加速度奖励:-1420.847418416487, 交通灯奖励:-2525.1000000008103, 与前车进行交互的惩罚:0.0
Episode:67/100, Reward:-14547.089918415995
Episode:67/100, avg speed:12.077758533036622
Episode:67/100, avg halt num:0.15971327319587628
Episode:67/100, avg elec cons:0.7401697885821941
 Retrying in 1 seconds
Warning: Unused states in tlLogic 'J10', program '0' in phase 0 after tl-index 10
Simulation......
总奖励:-9798.111131753658, 速度奖励:-7795.007999998077, 加速度奖励:-901.1031317536996, 交通灯奖励:-1101.99999999986, 与前车进行交互的惩罚:0.0
Episode:68/100, Reward:-9798.111131753658
Episode:68/100, avg speed:13.230594447782128
Episode:68/100, avg halt num:0.0449867197875166
Episode:68/100, avg elec cons:0.9857856628787963
 Retrying in 1 seconds
Warning: Unused states in tlLogic 'J10', program '0' in phase 0 after tl-index 10
Simulation......
总奖励:-11549.540938654578, 速度奖励:-9092.43399999749, 加速度奖励:-1037.3069386548768, 交通灯奖励:-1419.8000000003171, 与前车进行交互的惩罚:0.0
Episode:69/100, Reward:-11549.540938654578
Episode:69/100, avg speed:12.017989527217075
Episode:69/100, avg halt num:0.08664041199636474
Episode:69/100, avg elec cons:0.7250511683083637
 Retrying in 1 seconds
Warning: Unused states in tlLogic 'J10', program '0' in phase 0 after tl-index 10
Simulation......
总奖励:-12265.601952238021, 速度奖励:-9653.897499997276, 加速度奖励:-1159.004452238159, 交通灯奖励:-1452.7000000002622, 与前车进行交互的惩罚:0.0
Episode:70/100, Reward:-12265.601952238021
Episode:70/100, avg speed:11.514881806144777
Episode:70/100, avg halt num:0.09044908285895004
Episode:70/100, avg elec cons:0.7432192616245569
 Retrying in 1 seconds
Warning: Unused states in tlLogic 'J10', program '0' in phase 0 after tl-index 10
Simulation......
总奖励:-14151.226601641756, 速度奖励:-10033.893999997044, 加速度奖励:-1222.1326016422192, 交通灯奖励:-2895.200000000686, 与前车进行交互的惩罚:0.0
Episode:71/100, Reward:-14151.226601641756
Episode:71/100, avg speed:11.78459700506536
Episode:71/100, avg halt num:0.1318051575931232
Episode:71/100, avg elec cons:0.7813650277633537
 Retrying in 1 seconds
Warning: Unused states in tlLogic 'J10', program '0' in phase 0 after tl-index 10
Simulation......
总奖励:-11773.225349608583, 速度奖励:-9419.318999997286, 加速度奖励:-950.9063496086676, 交通灯奖励:-1403.0000000001405, 与前车进行交互的惩罚:0.0
Episode:72/100, Reward:-11773.225349608583
Episode:72/100, avg speed:10.837696817367336
Episode:72/100, avg halt num:0.1103186365320489
Episode:72/100, avg elec cons:0.8895382569115841
 Retrying in 1 seconds
Warning: Unused states in tlLogic 'J10', program '0' in phase 0 after tl-index 10
Simulation......
总奖励:-11414.989729602306, 速度奖励:-8932.501499997523, 加速度奖励:-1020.888229602539, 交通灯奖励:-1461.6000000001911, 与前车进行交互的惩罚:0.0
Episode:73/100, Reward:-11414.989729602306
Episode:73/100, avg speed:12.281334282867709
Episode:73/100, avg halt num:0.06878077034462786
Episode:73/100, avg elec cons:0.8255730019953899
 Retrying in 1 seconds
Warning: Unused states in tlLogic 'J10', program '0' in phase 0 after tl-index 10
Simulation......
总奖励:-12240.48519164036, 速度奖励:-9567.317499997309, 加速度奖励:-999.9676916406446, 交通灯奖励:-1673.200000000425, 与前车进行交互的惩罚:0.0
Episode:74/100, Reward:-12240.48519164036
Episode:74/100, avg speed:12.112769186435463
Episode:74/100, avg halt num:0.10272277227722772
Episode:74/100, avg elec cons:0.7508928604525363
 Retrying in 1 seconds
Warning: Unused states in tlLogic 'J10', program '0' in phase 0 after tl-index 10
Simulation......
总奖励:-13957.098269422475, 速度奖励:-10952.65599999655, 加速度奖励:-1151.6422694228363, 交通灯奖励:-1852.8000000006791, 与前车进行交互的惩罚:0.0
Episode:75/100, Reward:-13957.098269422475
Episode:75/100, avg speed:11.471904488819712
Episode:75/100, avg halt num:0.13272494396413706
Episode:75/100, avg elec cons:0.6472801041136584
 Retrying in 1 seconds
Warning: Unused states in tlLogic 'J10', program '0' in phase 0 after tl-index 10
Simulation......
总奖励:-11501.929673820381, 速度奖励:-8972.983499997548, 加速度奖励:-956.9461738206485, 交通灯奖励:-1572.0000000003893, 与前车进行交互的惩罚:0.0
Episode:76/100, Reward:-11501.929673820381
Episode:76/100, avg speed:11.761096806607855
Episode:76/100, avg halt num:0.14527027027027026
Episode:76/100, avg elec cons:0.9789674292075663
 Retrying in 1 seconds
Warning: Unused states in tlLogic 'J10', program '0' in phase 0 after tl-index 10
Simulation......
总奖励:-13866.914132788921, 速度奖励:-10269.622999996858, 加速度奖励:-956.3911327894043, 交通灯奖励:-2640.900000000718, 与前车进行交互的惩罚:0.0
Episode:77/100, Reward:-13866.914132788921
Episode:77/100, avg speed:11.007757737310305
Episode:77/100, avg halt num:0.17894736842105263
Episode:77/100, avg elec cons:0.8262566812126767
 Retrying in 1 seconds
Warning: Unused states in tlLogic 'J10', program '0' in phase 0 after tl-index 10
Simulation......
总奖励:-16024.01278113124, 速度奖励:-11720.780499996143, 加速度奖励:-982.9322811319752, 交通灯奖励:-3320.3000000009056, 与前车进行交互的惩罚:0.0
Episode:78/100, Reward:-16024.01278113124
Episode:78/100, avg speed:9.916357823475542
Episode:78/100, avg halt num:0.3146678966789668
Episode:78/100, avg elec cons:0.7499025204894257
 Retrying in 1 seconds
Warning: Unused states in tlLogic 'J10', program '0' in phase 0 after tl-index 10
Simulation......
总奖励:-16881.161310529165, 速度奖励:-12000.865499996054, 加速度奖励:-1285.2958105300163, 交通灯奖励:-3595.0000000009704, 与前车进行交互的惩罚:0.0
Episode:79/100, Reward:-16881.161310529165
Episode:79/100, avg speed:9.984255610361009
Episode:79/100, avg halt num:0.2605449794699515
Episode:79/100, avg elec cons:0.750883741876886
 Retrying in 1 seconds
Warning: Unused states in tlLogic 'J10', program '0' in phase 0 after tl-index 10
Simulation......
总奖励:-12632.334286663301, 速度奖励:-10132.453499996995, 加速度奖励:-1140.180786663708, 交通灯奖励:-1359.7000000003104, 与前车进行交互的惩罚:0.0
Episode:80/100, Reward:-12632.334286663301
Episode:80/100, avg speed:10.9248603072141
Episode:80/100, avg halt num:0.1672919508867667
Episode:80/100, avg elec cons:0.7412991818506698
 Retrying in 1 seconds
Warning: Unused states in tlLogic 'J10', program '0' in phase 0 after tl-index 10
Simulation......
总奖励:-11842.114025325154, 速度奖励:-9506.542499997306, 加速度奖励:-950.371525325228, 交通灯奖励:-1385.200000000355, 与前车进行交互的惩罚:0.0
Episode:81/100, Reward:-11842.114025325154
Episode:81/100, avg speed:11.320322873150866
Episode:81/100, avg halt num:0.07339117859725235
Episode:81/100, avg elec cons:0.8209795243384087
 Retrying in 1 seconds
Warning: Unused states in tlLogic 'J10', program '0' in phase 0 after tl-index 10
Simulation......
总奖励:-12829.338015898355, 速度奖励:-10287.361499996936, 加速度奖励:-862.2765158987753, 交通灯奖励:-1679.7000000004439, 与前车进行交互的惩罚:0.0
Episode:82/100, Reward:-12829.338015898355
Episode:82/100, avg speed:10.932603206266498
Episode:82/100, avg halt num:0.22059394409937888
Episode:82/100, avg elec cons:0.8786237519150818
 Retrying in 1 seconds
Warning: Unused states in tlLogic 'J10', program '0' in phase 0 after tl-index 10
Simulation......
总奖励:-10229.15714535336, 速度奖励:-8746.0554999976, 加速度奖励:-849.3016453533302, 交通灯奖励:-633.7999999998027, 与前车进行交互的惩罚:0.0
Episode:83/100, Reward:-10229.15714535336
Episode:83/100, avg speed:12.218797882328904
Episode:83/100, avg halt num:0.044329207092673135
Episode:83/100, avg elec cons:0.8849747978102835
 Retrying in 1 seconds
Warning: Unused states in tlLogic 'J10', program '0' in phase 0 after tl-index 10
Simulation......
总奖励:-7564.425634837049, 速度奖励:-6437.736499998855, 加速度奖励:-700.3891348369481, 交通灯奖励:-426.2999999999457, 与前车进行交互的惩罚:0.0
Episode:84/100, Reward:-7564.425634837049
Episode:84/100, avg speed:13.003200000229203
Episode:84/100, avg halt num:0.024562450278440732
Episode:84/100, avg elec cons:1.9889254723780427
 Retrying in 1 seconds
Warning: Unused states in tlLogic 'J10', program '0' in phase 0 after tl-index 10
Simulation......
总奖励:-9049.758871829446, 速度奖励:-6901.621999998592, 加速度奖励:-894.7368718294568, 交通灯奖励:-1253.3999999999965, 与前车进行交互的惩罚:0.0
Episode:85/100, Reward:-9049.758871829446
Episode:85/100, avg speed:13.757845683189958
Episode:85/100, avg halt num:0.05179580977718656
Episode:85/100, avg elec cons:1.4657412009792776
 Retrying in 1 seconds
Warning: Unused states in tlLogic 'J10', program '0' in phase 0 after tl-index 10
Simulation......
总奖励:-9176.742971234517, 速度奖励:-7191.222999998336, 加速度奖励:-760.71997123449, 交通灯奖励:-1224.799999999932, 与前车进行交互的惩罚:0.0
Episode:86/100, Reward:-9176.742971234517
Episode:86/100, avg speed:13.416554346965194
Episode:86/100, avg halt num:0.09901065449010654
Episode:86/100, avg elec cons:1.0369200690618714
 Retrying in 1 seconds
Warning: Unused states in tlLogic 'J10', program '0' in phase 0 after tl-index 10
Simulation......
总奖励:-10565.142363294193, 速度奖励:-7663.870499998143, 加速度奖励:-851.7718632943132, 交通灯奖励:-2049.500000000415, 与前车进行交互的惩罚:0.0
Episode:87/100, Reward:-10565.142363294193
Episode:87/100, avg speed:12.654603540930369
Episode:87/100, avg halt num:0.21012269938650308
Episode:87/100, avg elec cons:1.4248813033061514
 Retrying in 1 seconds
Warning: Unused states in tlLogic 'J10', program '0' in phase 0 after tl-index 10
Simulation......
总奖励:-10687.501381477057, 速度奖励:-8036.547999997923, 加速度奖励:-884.553381477196, 交通灯奖励:-1766.400000000389, 与前车进行交互的惩罚:0.0
Episode:88/100, Reward:-10687.501381477057
Episode:88/100, avg speed:12.974419741502004
Episode:88/100, avg halt num:0.14944369521240727
Episode:88/100, avg elec cons:1.1152970518636356
 Retrying in 1 seconds
Warning: Unused states in tlLogic 'J10', program '0' in phase 0 after tl-index 10
Simulation......
总奖励:-9897.610300969274, 速度奖励:-7956.474499998014, 加速度奖励:-805.2358009692958, 交通灯奖励:-1135.9000000000099, 与前车进行交互的惩罚:0.0
Episode:89/100, Reward:-9897.610300969274
Episode:89/100, avg speed:12.441763354446609
Episode:89/100, avg halt num:0.09509145203434118
Episode:89/100, avg elec cons:1.1328369371500095
 Retrying in 1 seconds
Warning: Unused states in tlLogic 'J10', program '0' in phase 0 after tl-index 10
Simulation......
总奖励:-9027.918556058576, 速度奖励:-7430.520499998276, 加速度奖励:-708.9980560584735, 交通灯奖励:-888.3999999998072, 与前车进行交互的惩罚:0.0
Episode:90/100, Reward:-9027.918556058576
Episode:90/100, avg speed:12.51996456870092
Episode:90/100, avg halt num:0.060555987558320375
Episode:90/100, avg elec cons:1.1701409816700794
 Retrying in 1 seconds
Warning: Unused states in tlLogic 'J10', program '0' in phase 0 after tl-index 10
Simulation......
总奖励:-8296.171015111224, 速度奖励:-6693.21249999874, 加速度奖励:-757.7585151111143, 交通灯奖励:-845.1999999998751, 与前车进行交互的惩罚:0.0
Episode:91/100, Reward:-8296.171015111224
Episode:91/100, avg speed:12.569222124103812
Episode:91/100, avg halt num:0.03354119425547997
Episode:91/100, avg elec cons:1.2325567347363193
 Retrying in 1 seconds
Warning: Unused states in tlLogic 'J10', program '0' in phase 0 after tl-index 10
Simulation......
总奖励:-9718.645097428946, 速度奖励:-8496.143499997765, 加速度奖励:-767.201597429016, 交通灯奖励:-455.299999999871, 与前车进行交互的惩罚:0.0
Episode:92/100, Reward:-9718.645097428946
Episode:92/100, avg speed:11.650150813108583
Episode:92/100, avg halt num:0.016819012797074956
Episode:92/100, avg elec cons:0.876497489479496
 Retrying in 1 seconds
Warning: Unused states in tlLogic 'J10', program '0' in phase 0 after tl-index 10
Simulation......
总奖励:-10982.583569175378, 速度奖励:-9345.147499997396, 加速度奖励:-690.7360691754463, 交通灯奖励:-946.6999999997793, 与前车进行交互的惩罚:0.0
Episode:93/100, Reward:-10982.583569175378
Episode:93/100, avg speed:11.3360688493033
Episode:93/100, avg halt num:0.05037984806077569
Episode:93/100, avg elec cons:0.8748315843300936
 Retrying in 1 seconds
Warning: Unused states in tlLogic 'J10', program '0' in phase 0 after tl-index 10
Simulation......
总奖励:-13892.33525107438, 速度奖励:-11694.461999996221, 加速度奖励:-723.4732510747693, 交通灯奖励:-1474.4000000004326, 与前车进行交互的惩罚:0.0
Episode:94/100, Reward:-13892.33525107438
Episode:94/100, avg speed:10.8912794948839
Episode:94/100, avg halt num:0.1762747645339396
Episode:94/100, avg elec cons:0.5219850231087455
 Retrying in 1 seconds
Warning: Unused states in tlLogic 'J10', program '0' in phase 0 after tl-index 10
Simulation......
总奖励:-17018.075267330423, 速度奖励:-12648.687999995736, 加速度奖励:-882.5872673308328, 交通灯奖励:-3486.8000000008765, 与前车进行交互的惩罚:0.0
Episode:95/100, Reward:-17018.075267330423
Episode:95/100, avg speed:10.198333649700386
Episode:95/100, avg halt num:0.264903129657228
Episode:95/100, avg elec cons:0.61093405682328
 Retrying in 1 seconds
Warning: Unused states in tlLogic 'J10', program '0' in phase 0 after tl-index 10
Simulation......
总奖励:-13033.931798596795, 速度奖励:-10681.96999999678, 加速度奖励:-824.8617985969714, 交通灯奖励:-1527.1000000004192, 与前车进行交互的惩罚:0.0
Episode:96/100, Reward:-13033.931798596795
Episode:96/100, avg speed:10.551913390130688
Episode:96/100, avg halt num:0.11571969696969697
Episode:96/100, avg elec cons:0.6913680122791311
 Retrying in 1 seconds
Warning: Unused states in tlLogic 'J10', program '0' in phase 0 after tl-index 10
Simulation......
总奖励:-23693.340200012433, 速度奖励:-16010.591999993876, 加速度奖励:-1102.0482000143495, 交通灯奖励:-6580.699999996363, 与前车进行交互的惩罚:0.0
Episode:97/100, Reward:-23693.340200012433
Episode:97/100, avg speed:9.313695479877142
Episode:97/100, avg halt num:0.4909827015090173
Episode:97/100, avg elec cons:0.5197469929408225
 Retrying in 1 seconds
Warning: Unused states in tlLogic 'J10', program '0' in phase 0 after tl-index 10
Simulation......
总奖励:-17067.03017144186, 速度奖励:-12888.609499995564, 加速度奖励:-890.4206714426348, 交通灯奖励:-3288.000000001115, 与前车进行交互的惩罚:0.0
Episode:98/100, Reward:-17067.03017144186
Episode:98/100, avg speed:9.235786677597432
Episode:98/100, avg halt num:0.3146369573568959
Episode:98/100, avg elec cons:0.613971914427715
 Retrying in 1 seconds
Warning: Unused states in tlLogic 'J10', program '0' in phase 0 after tl-index 10
Simulation......
总奖励:-9348.117963148676, 速度奖励:-7861.106499997828, 加速度奖励:-737.8114631487423, 交通灯奖励:-749.1999999998109, 与前车进行交互的惩罚:0.0
Episode:99/100, Reward:-9348.117963148676
Episode:99/100, avg speed:12.552220613520154
Episode:99/100, avg halt num:0.05474956822107081
Episode:99/100, avg elec cons:1.1311255569597956
 Retrying in 1 seconds
Warning: Unused states in tlLogic 'J10', program '0' in phase 0 after tl-index 10
Simulation......
总奖励:-6921.6966692247715, 速度奖励:-5553.333499999466, 加速度奖励:-711.1631692247096, 交通灯奖励:-657.1999999998536, 与前车进行交互的惩罚:0.0
Episode:100/100, Reward:-6921.6966692247715
Episode:100/100, avg speed:14.145417954185072
Episode:100/100, avg halt num:0.008138351983723296
Episode:100/100, avg elec cons:1.617429209670083
model saved successfully!
Complete training!
final reward list:[-18943.752842677946, -22236.72973224857, -15464.952634166557, -13948.335888541187, -19535.120930141267, -10715.942683532543, -13324.94033205374, -9764.011305808726, -14620.369076403103, -29741.27557556037, -19061.063290128583, -11853.778582957977, -11515.024101152012, -10901.266168638074, -14446.652568307682, -12601.218742192466, -22676.930659670623, -21830.7750827526, -11757.616338596341, -11469.44702373648, -18558.053852936035, -17413.63102196449, -13699.10834670423, -16287.467836431544, -11032.912225464386, -11176.930230952285, -10522.4863232474, -10557.494822014618, -13397.73121543613, -14457.555658332352, -12026.364581080426, -11731.97590969457, -10319.352484910101, -14564.720951885653, -36510.05233493868, -28751.367052986316, -15542.287533802872, -18937.111512226173, -15826.013782591408, -13723.512769268667, -26462.496525218627, -26574.208622764654, -19778.22547394577, -22840.68450659513, -21801.438529121384, -27474.77526852761, -16601.552268564647, -30544.904467735785, -42294.493158461424, -33508.466734286434, -19317.391948680124, -20503.169916264076, -21665.153074362643, -30550.03438499214, -26006.62424949855, -22923.94322687751, -16134.430360644268, -13877.684126251106, -12522.13076468485, -12173.846735393972, -14942.033829219556, -13137.433089232156, -11885.736889082114, -10363.92384767896, -9656.689047183261, -9346.153038548, -14547.089918415995, -9798.111131753658, -11549.540938654578, -12265.601952238021, -14151.226601641756, -11773.225349608583, -11414.989729602306, -12240.48519164036, -13957.098269422475, -11501.929673820381, -13866.914132788921, -16024.01278113124, -16881.161310529165, -12632.334286663301, -11842.114025325154, -12829.338015898355, -10229.15714535336, -7564.425634837049, -9049.758871829446, -9176.742971234517, -10565.142363294193, -10687.501381477057, -9897.610300969274, -9027.918556058576, -8296.171015111224, -9718.645097428946, -10982.583569175378, -13892.33525107438, -17018.075267330423, -13033.931798596795, -23693.340200012433, -17067.03017144186, -9348.117963148676, -6921.6966692247715]
final speed list:[14.437917980568516, 14.017458994774065, 15.657456463494752, 15.180946944438496, 13.5888794616313, 14.538193921811144, 13.338330245088653, 13.971384556925925, 11.428410428859, 8.557176872585572, 11.030174077776659, 13.211507663843918, 12.836936416818126, 12.593624886869115, 11.811620126575603, 11.4512528146789, 10.030007710943138, 8.649440817632778, 11.98407398242066, 12.789565272167426, 10.996001799315685, 11.12220264106741, 12.155864880513112, 10.998798249266132, 12.106698325882705, 11.881385491660511, 11.905294393721672, 10.958624325627083, 10.16597334269976, 11.690217512538553, 11.94904698782689, 12.031883801230967, 12.73961203227209, 11.503572898198687, 8.777034747528177, 9.257331545003241, 10.01005317484639, 10.26654611382227, 10.918067844837793, 11.21212107098078, 8.92019403075744, 9.365870707865106, 9.759622421858323, 9.193948325981784, 9.528938681747501, 9.700017119988152, 10.26421616251558, 8.324043370368114, 7.251877497199839, 8.492458389787615, 11.562570970808942, 9.599045185710214, 9.299484886029418, 8.341103120541968, 8.31080676017528, 9.52574294602404, 9.842462635221192, 10.500534369675334, 11.714061499294486, 12.639991313832358, 10.600328770334778, 11.061207741917775, 12.586836085952676, 12.447042780729694, 12.820601106935037, 14.167411739057641, 12.077758533036622, 13.230594447782128, 12.017989527217075, 11.514881806144777, 11.78459700506536, 10.837696817367336, 12.281334282867709, 12.112769186435463, 11.471904488819712, 11.761096806607855, 11.007757737310305, 9.916357823475542, 9.984255610361009, 10.9248603072141, 11.320322873150866, 10.932603206266498, 12.218797882328904, 13.003200000229203, 13.757845683189958, 13.416554346965194, 12.654603540930369, 12.974419741502004, 12.441763354446609, 12.51996456870092, 12.569222124103812, 11.650150813108583, 11.3360688493033, 10.8912794948839, 10.198333649700386, 10.551913390130688, 9.313695479877142, 9.235786677597432, 12.552220613520154, 14.145417954185072]
final elec cons list:[1.762902998089894, 1.8991220424325361, 2.0400157918580435, 2.517761405001358, 2.244109596446783, 2.080769387993042, 1.8307861478550753, 1.1829074935596493, 0.7235456144668935, 0.45089113125516456, 0.9506455026863889, 0.9466747049964856, 0.9773013150193399, 0.9433563433394657, 1.0745186316055542, 0.893670019500346, 0.5327677046729877, 0.6350520433811084, 0.9455156915206887, 1.0532630322543037, 0.9716158386297183, 0.9750121965651403, 0.8814746602628402, 0.7052205858785733, 0.8459581598167669, 0.8597274100741044, 0.759330596430856, 0.880707876135589, 0.727586269184572, 0.9029259121243595, 1.050903733491658, 1.2927084022129443, 1.2558785155116257, 0.8007267898665272, 0.6733259372062933, 0.7046705783707957, 0.971962073928237, 0.7922615883487947, 0.8505731761717422, 0.834545573786499, 0.7702236302003803, 0.7634147350655175, 0.8289758570926223, 0.7159687841552947, 1.0252502402667236, 0.6362414326297533, 0.8087825412426838, 0.7257062374187226, 0.5582310503180659, 0.7702435552588043, 0.9378449633302919, 0.7112970751831009, 0.5206976065488441, 0.515253001752819, 0.6775953601267316, 0.6617460161333363, 0.8532162965812903, 0.950022707097591, 0.9453258364937852, 0.9044965050318541, 0.8836396329520751, 0.7457130828006959, 0.866556283414985, 1.2615244443910143, 1.2516318055841749, 1.389210147895269, 0.7401697885821941, 0.9857856628787963, 0.7250511683083637, 0.7432192616245569, 0.7813650277633537, 0.8895382569115841, 0.8255730019953899, 0.7508928604525363, 0.6472801041136584, 0.9789674292075663, 0.8262566812126767, 0.7499025204894257, 0.750883741876886, 0.7412991818506698, 0.8209795243384087, 0.8786237519150818, 0.8849747978102835, 1.9889254723780427, 1.4657412009792776, 1.0369200690618714, 1.4248813033061514, 1.1152970518636356, 1.1328369371500095, 1.1701409816700794, 1.2325567347363193, 0.876497489479496, 0.8748315843300936, 0.5219850231087455, 0.61093405682328, 0.6913680122791311, 0.5197469929408225, 0.613971914427715, 1.1311255569597956, 1.617429209670083]
final halt list:[0.3433744722312439, 0.4596020761245675, 0.2687152664269369, 0.2661600615621393, 0.2839566929133858, 0.136096256684492, 0.1766000677277345, 0.08159937888198758, 0.15791499846011703, 0.4653846153846154, 0.21478983688833125, 0.09555329260013577, 0.08005149954559225, 0.07265544486430779, 0.10115606936416185, 0.12182203389830508, 0.29712661825071046, 0.2913752913752914, 0.05240286298568507, 0.06915739268680444, 0.237620103473762, 0.13442300821722045, 0.11314102564102564, 0.22068753836709637, 0.12576835975412487, 0.14175257731958762, 0.05205154289589691, 0.03905336969224776, 0.135258358662614, 0.11056385869565218, 0.09803748231966054, 0.0763254113345521, 0.0661472148541114, 0.1447704081632653, 0.7589627567003132, 0.39031986531986534, 0.16013779527559055, 0.25384615384615383, 0.14292946338170773, 0.0656112428039282, 0.38227911646586343, 0.282435306628855, 0.19470899470899472, 0.1665778251599147, 0.2103422892896577, 0.26576923076923076, 0.17986261749819232, 0.5086417597765364, 0.2244392659481503, 0.18377806703547023, 0.054490252476829655, 0.24051183844011143, 0.18418106206014076, 0.45035233824471493, 0.35963114754098363, 0.35072815533980584, 0.1749514563106796, 0.11026541764246682, 0.09084222140492829, 0.09053966189856957, 0.22731586940015186, 0.11505922165820642, 0.07221177944862156, 0.08746382054992764, 0.06341550553769203, 0.025237341772151898, 0.15971327319587628, 0.0449867197875166, 0.08664041199636474, 0.09044908285895004, 0.1318051575931232, 0.1103186365320489, 0.06878077034462786, 0.10272277227722772, 0.13272494396413706, 0.14527027027027026, 0.17894736842105263, 0.3146678966789668, 0.2605449794699515, 0.1672919508867667, 0.07339117859725235, 0.22059394409937888, 0.044329207092673135, 0.024562450278440732, 0.05179580977718656, 0.09901065449010654, 0.21012269938650308, 0.14944369521240727, 0.09509145203434118, 0.060555987558320375, 0.03354119425547997, 0.016819012797074956, 0.05037984806077569, 0.1762747645339396, 0.264903129657228, 0.11571969696969697, 0.4909827015090173, 0.3146369573568959, 0.05474956822107081, 0.008138351983723296]
speed reward list:[-8016.014499997952, -9375.996499997365, -6377.299499999015, -5880.302999999343, -8228.375999998014, -6298.694999999028, -7759.6479999981975, -6641.511499998734, -9783.546499997128, -17484.063999996077, -11772.578999996298, -7739.315999998107, -8240.660999997892, -8086.50699999791, -9798.892999997062, -9107.208499997474, -14322.795499994814, -14226.088499994838, -8479.516499997706, -8342.171499997834, -10526.886499996748, -10223.316999996934, -9302.032999997433, -10628.728499996809, -8535.663499997676, -8799.42049999759, -8783.22249999765, -8902.198499997585, -10788.751999996646, -10049.480999997197, -8705.885499997587, -8126.273999997707, -7469.507499998305, -10402.645499996896, -19658.223000000955, -15810.606499994048, -10860.498999996631, -12090.402999995944, -10743.199999996674, -10064.742999996988, -15298.685999994183, -14711.573499994598, -12588.315999995715, -13824.44049999501, -12710.808499995775, -14920.860499994465, -11226.988499996398, -16935.411999994794, -19775.684500001174, -16256.603999993742, -10619.218999996852, -13056.913999995477, -14378.461499994686, -18895.818499999205, -16313.088999993703, -14572.817999994693, -11425.894999996364, -10031.917999997026, -9315.832499997405, -8555.299999997707, -10662.502499996715, -10012.190499997025, -8622.555499997656, -7865.753999998021, -7523.112999998253, -7088.639999998493, -10601.142499996751, -7795.007999998077, -9092.43399999749, -9653.897499997276, -10033.893999997044, -9419.318999997286, -8932.501499997523, -9567.317499997309, -10952.65599999655, -8972.983499997548, -10269.622999996858, -11720.780499996143, -12000.865499996054, -10132.453499996995, -9506.542499997306, -10287.361499996936, -8746.0554999976, -6437.736499998855, -6901.621999998592, -7191.222999998336, -7663.870499998143, -8036.547999997923, -7956.474499998014, -7430.520499998276, -6693.21249999874, -8496.143499997765, -9345.147499997396, -11694.461999996221, -12648.687999995736, -10681.96999999678, -16010.591999993876, -12888.609499995564, -7861.106499997828, -5553.333499999466]
accel reward list:[-711.2383426792711, -681.333232250229, -829.5531341680594, -769.0328885424155, -1310.9449301422205, -541.7476835330394, -722.1923320542091, -646.7998058087509, -870.6225764037162, -1360.4115755629496, -1416.4842901292895, -775.9625829581692, -870.9631011522347, -1044.8591686382072, -1175.8595683079207, -940.1102421929581, -1439.3351596717905, -1626.9865827537342, -1130.1998385965449, -1051.8755237367245, -1145.867352936716, -1342.2140219648136, -1053.0753467046993, -1187.2393364325328, -1038.7487254645491, -692.5097309525211, -806.9638232474911, -938.6963220146106, -1135.779215436413, -1225.6746583327065, -1269.0790810806975, -1222.001909694801, -1131.0449849101658, -1200.7754518861698, -2250.5293349395183, -1980.66055298785, -1329.588533803269, -1430.1085122270883, -1498.8137825919137, -1383.9697692691116, -1916.110525220447, -1563.2351227655818, -1577.509473946398, -1817.1440065959812, -2025.930029122175, -2263.4147685288676, -1565.5637685654553, -1960.0924677375099, -3098.408658461607, -2992.5627342875873, -2237.7729486806147, -1881.9559162651633, -2038.791574363421, -2335.215884994604, -2074.435249500249, -1748.3252268790063, -1675.9353606448847, -1470.1661262514504, -1371.9982646850876, -1299.0467353942756, -1241.1313292201676, -1228.5425892325316, -1234.4813890822281, -1039.9698476791177, -879.3760471832912, -1073.9130385480255, -1420.847418416487, -901.1031317536996, -1037.3069386548768, -1159.004452238159, -1222.1326016422192, -950.9063496086676, -1020.888229602539, -999.9676916406446, -1151.6422694228363, -956.9461738206485, -956.3911327894043, -982.9322811319752, -1285.2958105300163, -1140.180786663708, -950.371525325228, -862.2765158987753, -849.3016453533302, -700.3891348369481, -894.7368718294568, -760.71997123449, -851.7718632943132, -884.553381477196, -805.2358009692958, -708.9980560584735, -757.7585151111143, -767.201597429016, -690.7360691754463, -723.4732510747693, -882.5872673308328, -824.8617985969714, -1102.0482000143495, -890.4206714426348, -737.8114631487423, -711.1631692247096]
tls reward list:[-10216.49999999845, -12179.39999999801, -8258.099999998987, -7298.999999999235, -9995.799999998484, -3875.500000000615, -4843.099999999687, -2475.7000000004914, -3966.200000000706, -10896.79999999552, -5871.999999997795, -3338.5000000005293, -2403.4000000006563, -1769.9000000002347, -3471.9000000008623, -2553.900000000716, -6914.799999997447, -5977.699999997508, -2147.9000000006763, -2075.400000000114, -6885.299999998047, -5848.099999997623, -3344.0000000006958, -4471.500000000611, -1458.5000000003956, -1685.000000000319, -932.2999999997471, -716.5999999998204, -1473.2000000000303, -3182.400000001027, -2051.400000000311, -2383.7000000006224, -1718.800000000177, -2961.300000000919, -14601.299999995299, -10960.099999995125, -3352.2000000010007, -5416.5999999990345, -3584.000000000773, -2274.800000000575, -9247.699999997943, -10299.399999995614, -5612.399999998663, -7199.099999998858, -7064.699999997406, -10290.499999996038, -3809.0000000010386, -11649.399999996453, -19420.40000000019, -14259.29999999534, -6460.399999998732, -5564.299999998355, -5247.899999999232, -9318.999999995905, -7619.09999999699, -6602.799999997122, -3032.600000001003, -2375.6000000006834, -1834.3000000002417, -2319.500000000327, -3038.400000000958, -1896.7000000004286, -2028.7000000003277, -1458.200000000198, -1254.2000000000667, -1183.6000000001027, -2525.1000000008103, -1101.99999999986, -1419.8000000003171, -1452.7000000002622, -2895.200000000686, -1403.0000000001405, -1461.6000000001911, -1673.200000000425, -1852.8000000006791, -1572.0000000003893, -2640.900000000718, -3320.3000000009056, -3595.0000000009704, -1359.7000000003104, -1385.200000000355, -1679.7000000004439, -633.7999999998027, -426.2999999999457, -1253.3999999999965, -1224.799999999932, -2049.500000000415, -1766.400000000389, -1135.9000000000099, -888.3999999998072, -845.1999999998751, -455.299999999871, -946.6999999997793, -1474.4000000004326, -3486.8000000008765, -1527.1000000004192, -6580.699999996363, -3288.000000001115, -749.1999999998109, -657.1999999998536]
extra reward list:[0.0, 0.0, 0.0, 0.0, 0.0, 0.0, 0.0, 0.0, 0.0, 0.0, 0.0, 0.0, 0.0, 0.0, 0.0, 0.0, 0.0, 0.0, 0.0, 0.0, 0.0, 0.0, 0.0, 0.0, 0.0, 0.0, 0.0, 0.0, 0.0, 0.0, 0.0, 0.0, 0.0, 0.0, 0.0, 0.0, 0.0, 0.0, 0.0, 0.0, 0.0, 0.0, 0.0, 0.0, 0.0, 0.0, 0.0, 0.0, 0.0, 0.0, 0.0, 0.0, 0.0, 0.0, 0.0, 0.0, 0.0, 0.0, 0.0, 0.0, 0.0, 0.0, 0.0, 0.0, 0.0, 0.0, 0.0, 0.0, 0.0, 0.0, 0.0, 0.0, 0.0, 0.0, 0.0, 0.0, 0.0, 0.0, 0.0, 0.0, 0.0, 0.0, 0.0, 0.0, 0.0, 0.0, 0.0, 0.0, 0.0, 0.0, 0.0, 0.0, 0.0, 0.0, 0.0, 0.0, 0.0, 0.0, 0.0, 0.0]
