nohup: 忽略输入
Env:sumo, Algorithm:TD3, Device:cuda
-----------------------------------------
models/reward_s5e-2(-5, 1)_a4e-2_t(-2_0.1)_safe(3, -0.7)_veh150.pth
-----------------------------------------
 Retrying in 1 seconds
Warning: Unused states in tlLogic 'J10', program '0' in phase 0 after tl-index 10
Simulation......
总奖励:-142095.78591882254, 速度奖励:-28926.9500000005, 加速度奖励:-1021.0359188594288, 交通灯奖励:-101075.19999990822, 与前车进行交互的惩罚:-11072.600000001492
Episode:1/100, Reward:-142095.78591882254
Episode:1/100, avg speed:6.466477530776858
Episode:1/100, avg halt num:4.823251417769376
Episode:1/100, avg elec cons:1.7009612327198553
 Retrying in 1 seconds
Warning: Unused states in tlLogic 'J10', program '0' in phase 0 after tl-index 10
Simulation......
总奖励:-150880.84831003676, 速度奖励:-30907.95000000039, 加速度奖励:-1010.2983100764366, 交通灯奖励:-107633.099999884, 与前车进行交互的惩罚:-11329.500000001759
Episode:2/100, Reward:-150880.84831003676
Episode:2/100, avg speed:7.476549213533921
Episode:2/100, avg halt num:4.662280701754386
Episode:2/100, avg elec cons:1.5353211735461931
 Retrying in 1 seconds
Warning: Unused states in tlLogic 'J10', program '0' in phase 0 after tl-index 10
Simulation......
总奖励:-20547.83975228408, 速度奖励:-3669.2999999999356, 加速度奖励:-1230.439752282758, 交通灯奖励:-12077.399999997882, 与前车进行交互的惩罚:-3570.6999999996983
Episode:3/100, Reward:-20547.83975228408
Episode:3/100, avg speed:13.962662549025698
Episode:3/100, avg halt num:0.44696415508412585
Episode:3/100, avg elec cons:3.3589843981201497
 Retrying in 1 seconds
Warning: Unused states in tlLogic 'J10', program '0' in phase 0 after tl-index 10
Simulation......
总奖励:-19818.071241599566, 速度奖励:-3548.449999999936, 加速度奖励:-1201.4212415984261, 交通灯奖励:-11622.099999997903, 与前车进行交互的惩罚:-3446.0999999997307
Episode:4/100, Reward:-19818.071241599566
Episode:4/100, avg speed:14.457953365227986
Episode:4/100, avg halt num:0.39838651196519215
Episode:4/100, avg elec cons:3.3748431819579086
 Retrying in 1 seconds
Warning: Unused states in tlLogic 'J10', program '0' in phase 0 after tl-index 10
Simulation......
总奖励:-19795.191552275, 速度奖励:-3514.0499999999447, 加速度奖励:-1197.041552274092, 交通灯奖励:-11731.799999998062, 与前车进行交互的惩罚:-3352.299999999755
Episode:5/100, Reward:-19795.191552275
Episode:5/100, avg speed:14.230679091531469
Episode:5/100, avg halt num:0.4033123612139156
Episode:5/100, avg elec cons:3.5082741449852994
 Retrying in 1 seconds
Warning: Unused states in tlLogic 'J10', program '0' in phase 0 after tl-index 10
Simulation......
总奖励:-13722.971166123816, 速度奖励:-3898.3999999998605, 加速度奖励:-1537.5711661243677, 交通灯奖励:-6233.199999998207, 与前车进行交互的惩罚:-2053.8000000000925
Episode:6/100, Reward:-13722.971166123816
Episode:6/100, avg speed:12.962205017049762
Episode:6/100, avg halt num:0.20791814946619216
Episode:6/100, avg elec cons:3.2921288860191216
 Retrying in 1 seconds
Warning: Unused states in tlLogic 'J10', program '0' in phase 0 after tl-index 10
Simulation......
总奖励:-24102.039956044184, 速度奖励:-6046.399999999888, 加速度奖励:-1827.4399560429813, 交通灯奖励:-11978.499999996237, 与前车进行交互的惩罚:-4249.699999999522
Episode:7/100, Reward:-24102.039956044184
Episode:7/100, avg speed:9.48518917002042
Episode:7/100, avg halt num:0.3756223669092302
Episode:7/100, avg elec cons:1.8671245858726673
 Retrying in 1 seconds
Warning: Unused states in tlLogic 'J10', program '0' in phase 0 after tl-index 10
Simulation......
总奖励:-14823.648886956767, 速度奖励:-4883.599999999867, 加速度奖励:-1403.0488869572087, 交通灯奖励:-5913.399999998389, 与前车进行交互的惩罚:-2623.5999999999444
Episode:8/100, Reward:-14823.648886956767
Episode:8/100, avg speed:11.216271205641258
Episode:8/100, avg halt num:0.17379977670264235
Episode:8/100, avg elec cons:1.8423483018549502
 Retrying in 1 seconds
Warning: Unused states in tlLogic 'J10', program '0' in phase 0 after tl-index 10
Simulation......
总奖励:-14147.50612997383, 速度奖励:-5102.499999999839, 加速度奖励:-1379.3061299745518, 交通灯奖励:-5610.499999998583, 与前车进行交互的惩罚:-2055.200000000092
Episode:9/100, Reward:-14147.50612997383
Episode:9/100, avg speed:12.16506922806674
Episode:9/100, avg halt num:0.2493150684931507
Episode:9/100, avg elec cons:1.296120948725329
 Retrying in 1 seconds
Warning: Unused states in tlLogic 'J10', program '0' in phase 0 after tl-index 10
Simulation......
总奖励:-15542.82331938891, 速度奖励:-5538.49999999986, 加速度奖励:-1418.8233193896535, 交通灯奖励:-5811.399999998554, 与前车进行交互的惩罚:-2774.0999999999053
Episode:10/100, Reward:-15542.82331938891
Episode:10/100, avg speed:10.032985443486293
Episode:10/100, avg halt num:0.37228457639391743
Episode:10/100, avg elec cons:1.3914784707556491
 Retrying in 1 seconds
Warning: Unused states in tlLogic 'J10', program '0' in phase 0 after tl-index 10
Simulation......
总奖励:-15398.289021452467, 速度奖励:-5068.549999999795, 加速度奖励:-1505.5390214532447, 交通灯奖励:-5905.8999999977, 与前车进行交互的惩罚:-2918.299999999868
Episode:11/100, Reward:-15398.289021452467
Episode:11/100, avg speed:11.284898280741885
Episode:11/100, avg halt num:0.3283001808318264
Episode:11/100, avg elec cons:1.5816135672499736
 Retrying in 1 seconds
Warning: Unused states in tlLogic 'J10', program '0' in phase 0 after tl-index 10
Simulation......
总奖励:-12935.354292352793, 速度奖励:-4423.699999999839, 加速度奖励:-1524.6542923534014, 交通灯奖励:-5127.099999999806, 与前车进行交互的惩罚:-1859.9000000000817
Episode:12/100, Reward:-12935.354292352793
Episode:12/100, avg speed:11.46323009718421
Episode:12/100, avg halt num:0.22795863004408273
Episode:12/100, avg elec cons:1.9439663357207944
 Retrying in 1 seconds
Warning: Unused states in tlLogic 'J10', program '0' in phase 0 after tl-index 10
Simulation......
总奖励:-12936.72709122198, 速度奖励:-4555.8999999998105, 加速度奖励:-1560.9270912225813, 交通灯奖励:-5323.999999999227, 与前车进行交互的惩罚:-1495.900000000058
Episode:13/100, Reward:-12936.72709122198
Episode:13/100, avg speed:11.807285107857481
Episode:13/100, avg halt num:0.1865414710485133
Episode:13/100, avg elec cons:1.7134719048323173
 Retrying in 1 seconds
Warning: Unused states in tlLogic 'J10', program '0' in phase 0 after tl-index 10
Simulation......
总奖励:-14902.735804372553, 速度奖励:-5465.999999999819, 加速度奖励:-1765.8358043730732, 交通灯奖励:-5907.59999999805, 与前车进行交互的惩罚:-1763.3000000000754
Episode:14/100, Reward:-14902.735804372553
Episode:14/100, avg speed:10.25909531785631
Episode:14/100, avg halt num:0.2483197736116024
Episode:14/100, avg elec cons:1.4182726468359308
 Retrying in 1 seconds
Warning: Unused states in tlLogic 'J10', program '0' in phase 0 after tl-index 10
Simulation......
总奖励:-36964.890818363034, 速度奖励:-9489.300000000161, 加速度奖励:-2335.2908183587188, 交通灯奖励:-20150.70000000725, 与前车进行交互的惩罚:-4989.59999999933
Episode:15/100, Reward:-36964.890818363034
Episode:15/100, avg speed:9.615334801396926
Episode:15/100, avg halt num:0.7444649446494465
Episode:15/100, avg elec cons:0.9380898949988855
 Retrying in 1 seconds
Warning: Unused states in tlLogic 'J10', program '0' in phase 0 after tl-index 10
Simulation......
总奖励:-18471.687055206137, 速度奖励:-6368.299999999781, 加速度奖励:-1991.187055206187, 交通灯奖励:-7029.399999996844, 与前车进行交互的惩罚:-3082.799999999825
Episode:16/100, Reward:-18471.687055206137
Episode:16/100, avg speed:9.3593787741921
Episode:16/100, avg halt num:0.48799359658484526
Episode:16/100, avg elec cons:1.4450948763156786
 Retrying in 1 seconds
Warning: Unused states in tlLogic 'J10', program '0' in phase 0 after tl-index 10
Simulation......
总奖励:-36677.28384580422, 速度奖励:-8997.249999999978, 加速度奖励:-2485.8338458004077, 交通灯奖励:-18537.20000000092, 与前车进行交互的惩罚:-6656.999999998897
Episode:17/100, Reward:-36677.28384580422
Episode:17/100, avg speed:8.572583815596207
Episode:17/100, avg halt num:0.7025
Episode:17/100, avg elec cons:1.2993342283737732
 Retrying in 1 seconds
Warning: Unused states in tlLogic 'J10', program '0' in phase 0 after tl-index 10
Simulation......
总奖励:-14357.54879551373, 速度奖励:-4872.199999999807, 加速度奖励:-1728.0487955144688, 交通灯奖励:-6087.099999998689, 与前车进行交互的惩罚:-1670.2000000000694
Episode:18/100, Reward:-14357.54879551373
Episode:18/100, avg speed:11.12230115917727
Episode:18/100, avg halt num:0.2811614730878187
Episode:18/100, avg elec cons:1.6692249410457858
 Retrying in 1 seconds
Warning: Unused states in tlLogic 'J10', program '0' in phase 0 after tl-index 10
Simulation......
总奖励:-25519.33935156871, 速度奖励:-6829.849999999847, 加速度奖励:-2509.1893515671945, 交通灯奖励:-12855.99999999689, 与前车进行交互的惩罚:-3324.2999999997623
Episode:19/100, Reward:-25519.33935156871
Episode:19/100, avg speed:9.057716610451378
Episode:19/100, avg halt num:0.3642115509409474
Episode:19/100, avg elec cons:1.2897193902154014
 Retrying in 1 seconds
Warning: Unused states in tlLogic 'J10', program '0' in phase 0 after tl-index 10
Simulation......
总奖励:-44451.2018229948, 速度奖励:-10001.450000000052, 加速度奖励:-3725.2518229918405, 交通灯奖励:-25779.70000000979, 与前车进行交互的惩罚:-4944.799999999342
Episode:20/100, Reward:-44451.2018229948
Episode:20/100, avg speed:6.311197182617553
Episode:20/100, avg halt num:0.5289404223227753
Episode:20/100, avg elec cons:1.3214253195617016
 Retrying in 1 seconds
Warning: Unused states in tlLogic 'J10', program '0' in phase 0 after tl-index 10
Simulation......
总奖励:-19172.537472258227, 速度奖励:-5550.449999999758, 加速度奖励:-1941.987472257801, 交通灯奖励:-9553.499999995864, 与前车进行交互的惩罚:-2126.6000000000736
Episode:21/100, Reward:-19172.537472258227
Episode:21/100, avg speed:9.88404829938758
Episode:21/100, avg halt num:0.16412213740458015
Episode:21/100, avg elec cons:2.4510715460650507
 Retrying in 1 seconds
Warning: Unused states in tlLogic 'J10', program '0' in phase 0 after tl-index 10
Simulation......
总奖励:-17553.410021899017, 速度奖励:-5749.64999999978, 加速度奖励:-1884.1600218988779, 交通灯奖励:-7812.599999997183, 与前车进行交互的惩罚:-2107.0000000000787
Episode:22/100, Reward:-17553.410021899017
Episode:22/100, avg speed:9.227989402994329
Episode:22/100, avg halt num:0.23869704521181914
Episode:22/100, avg elec cons:1.8262521537488046
 Retrying in 1 seconds
Warning: Unused states in tlLogic 'J10', program '0' in phase 0 after tl-index 10
Simulation......
总奖励:-32737.440630394518, 速度奖励:-9036.200000000052, 加速度奖励:-2465.040630393826, 交通灯奖励:-16800.99999999889, 与前车进行交互的惩罚:-4435.199999999474
Episode:23/100, Reward:-32737.440630394518
Episode:23/100, avg speed:8.98793614689075
Episode:23/100, avg halt num:0.44857043235704325
Episode:23/100, avg elec cons:1.0550332564039768
 Retrying in 1 seconds
Warning: Unused states in tlLogic 'J10', program '0' in phase 0 after tl-index 10
Simulation......
总奖励:-57354.21333070016, 速度奖励:-14427.900000000183, 加速度奖励:-2393.213330694577, 交通灯奖励:-31279.80000002341, 与前车进行交互的惩罚:-9253.299999999601
Episode:24/100, Reward:-57354.21333070016
Episode:24/100, avg speed:7.625760829540436
Episode:24/100, avg halt num:1.2408958485069193
Episode:24/100, avg elec cons:0.7692447949801099
 Retrying in 1 seconds
Warning: Unused states in tlLogic 'J10', program '0' in phase 0 after tl-index 10
Simulation......
总奖励:-14900.261132946405, 速度奖励:-6119.249999999875, 加速度奖励:-1564.9111329467573, 交通灯奖励:-4787.099999998717, 与前车进行交互的惩罚:-2428.999999999995
Episode:25/100, Reward:-14900.261132946405
Episode:25/100, avg speed:9.405902633804054
Episode:25/100, avg halt num:0.1942675159235669
Episode:25/100, avg elec cons:1.2366536477739907
 Retrying in 1 seconds
Warning: Unused states in tlLogic 'J10', program '0' in phase 0 after tl-index 10
Simulation......
总奖励:-16613.32264625128, 速度奖励:-6170.799999999891, 加速度奖励:-1560.522646251662, 交通灯奖励:-5893.699999997301, 与前车进行交互的惩罚:-2988.2999999998497
Episode:26/100, Reward:-16613.32264625128
Episode:26/100, avg speed:10.132955753114274
Episode:26/100, avg halt num:0.19428312159709618
Episode:26/100, avg elec cons:1.2690551944711623
 Retrying in 1 seconds
Warning: Unused states in tlLogic 'J10', program '0' in phase 0 after tl-index 10
Simulation......
总奖励:-16789.57041574192, 速度奖励:-6557.799999999909, 加速度奖励:-1506.970415742414, 交通灯奖励:-6196.399999996787, 与前车进行交互的惩罚:-2528.399999999969
Episode:27/100, Reward:-16789.57041574192
Episode:27/100, avg speed:10.342813509180045
Episode:27/100, avg halt num:0.20693651925820256
Episode:27/100, avg elec cons:1.0276717490624967
 Retrying in 1 seconds
Warning: Unused states in tlLogic 'J10', program '0' in phase 0 after tl-index 10
Simulation......
总奖励:-14229.083578553607, 速度奖励:-6620.249999999944, 加速度奖励:-1510.9335785542537, 交通灯奖励:-4125.300000001414, 与前车进行交互的惩罚:-1972.600000000089
Episode:28/100, Reward:-14229.083578553607
Episode:28/100, avg speed:10.838707649348306
Episode:28/100, avg halt num:0.271251193887297
Episode:28/100, avg elec cons:1.0134804112948828
 Retrying in 1 seconds
Warning: Unused states in tlLogic 'J10', program '0' in phase 0 after tl-index 10
Simulation......
总奖励:-18698.419297040768, 速度奖励:-7542.74999999991, 加速度奖励:-1889.269297041064, 交通灯奖励:-7208.399999995887, 与前车进行交互的惩罚:-2058.0000000000914
Episode:29/100, Reward:-18698.419297040768
Episode:29/100, avg speed:8.650418544303859
Episode:29/100, avg halt num:0.34057283763277696
Episode:29/100, avg elec cons:1.074275641957686
 Retrying in 1 seconds
Warning: Unused states in tlLogic 'J10', program '0' in phase 0 after tl-index 10
Simulation......
总奖励:-16020.106459389694, 速度奖励:-6625.349999999878, 加速度奖励:-1572.1564593901644, 交通灯奖励:-6181.799999996916, 与前车进行交互的惩罚:-1640.8000000000675
Episode:30/100, Reward:-16020.106459389694
Episode:30/100, avg speed:10.821042637771477
Episode:30/100, avg halt num:0.17372749844816884
Episode:30/100, avg elec cons:1.126519855893445
 Retrying in 1 seconds
Warning: Unused states in tlLogic 'J10', program '0' in phase 0 after tl-index 10
Simulation......
总奖励:-17091.417092530606, 速度奖励:-6528.949999999907, 加速度奖励:-1638.8670925306742, 交通灯奖励:-6831.9999999961565, 与前车进行交互的惩罚:-2091.6000000000827
Episode:31/100, Reward:-17091.417092530606
Episode:31/100, avg speed:10.713776149815953
Episode:31/100, avg halt num:0.09335820895522388
Episode:31/100, avg elec cons:1.1435453771489066
 Retrying in 1 seconds
Warning: Unused states in tlLogic 'J10', program '0' in phase 0 after tl-index 10
Simulation......
总奖励:-14795.654677867027, 速度奖励:-6103.499999999923, 加速度奖励:-1421.0546778672867, 交通灯奖励:-5483.9999999980855, 与前车进行交互的惩罚:-1787.100000000077
Episode:32/100, Reward:-14795.654677867027
Episode:32/100, avg speed:10.640057677887278
Episode:32/100, avg halt num:0.08035075161059413
Episode:32/100, avg elec cons:1.4349842466834162
 Retrying in 1 seconds
Warning: Unused states in tlLogic 'J10', program '0' in phase 0 after tl-index 10
Simulation......
总奖励:-9605.518968986918, 速度奖励:-4801.2999999998365, 加速度奖励:-1307.0189689869908, 交通灯奖励:-2221.1000000010495, 与前车进行交互的惩罚:-1276.1000000000438
Episode:33/100, Reward:-9605.518968986918
Episode:33/100, avg speed:12.489713835878913
Episode:33/100, avg halt num:0.03511497824735861
Episode:33/100, avg elec cons:1.6785741230308382
 Retrying in 1 seconds
Warning: Unused states in tlLogic 'J10', program '0' in phase 0 after tl-index 10
Simulation......
总奖励:-13766.905328346567, 速度奖励:-5426.749999999869, 加速度奖励:-1738.855328346766, 交通灯奖励:-4977.999999998166, 与前车进行交互的惩罚:-1623.3000000000663
Episode:34/100, Reward:-13766.905328346567
Episode:34/100, avg speed:12.155252415164828
Episode:34/100, avg halt num:0.03559216661485856
Episode:34/100, avg elec cons:1.7890935164323536
 Retrying in 1 seconds
Warning: Unused states in tlLogic 'J10', program '0' in phase 0 after tl-index 10
Simulation......
总奖励:-13100.627218082926, 速度奖励:-5563.799999999868, 加速度奖励:-1527.5272180830598, 交通灯奖励:-4503.599999998126, 与前车进行交互的惩罚:-1505.7000000000587
Episode:35/100, Reward:-13100.627218082926
Episode:35/100, avg speed:11.058007667975517
Episode:35/100, avg halt num:0.0555366269165247
Episode:35/100, avg elec cons:1.4598385959824123
 Retrying in 1 seconds
Warning: Unused states in tlLogic 'J10', program '0' in phase 0 after tl-index 10
Simulation......
总奖励:-29158.584284007233, 速度奖励:-9139.600000000079, 加速度奖励:-2275.4842840047613, 交通灯奖励:-13746.499999993304, 与前车进行交互的惩罚:-3996.9999999995875
Episode:36/100, Reward:-29158.584284007233
Episode:36/100, avg speed:9.437524830546879
Episode:36/100, avg halt num:0.6945061043285239
Episode:36/100, avg elec cons:1.1508054228659672
 Retrying in 1 seconds
Warning: Unused states in tlLogic 'J10', program '0' in phase 0 after tl-index 10
Simulation......
总奖励:-16219.628433889147, 速度奖励:-6834.299999999872, 加速度奖励:-1888.2284338898362, 交通灯奖励:-5448.899999997317, 与前车进行交互的惩罚:-2048.200000000094
Episode:37/100, Reward:-16219.628433889147
Episode:37/100, avg speed:10.469194597485508
Episode:37/100, avg halt num:0.24117995849392232
Episode:37/100, avg elec cons:1.0267958848133927
 Retrying in 1 seconds
Warning: Unused states in tlLogic 'J10', program '0' in phase 0 after tl-index 10
Simulation......
总奖励:-16643.2544746935, 速度奖励:-6464.449999999868, 加速度奖励:-2056.204474693715, 交通灯奖励:-6205.299999996967, 与前车进行交互的惩罚:-1917.3000000000854
Episode:38/100, Reward:-16643.2544746935
Episode:38/100, avg speed:10.191513075986999
Episode:38/100, avg halt num:0.1797178130511464
Episode:38/100, avg elec cons:1.431447323208671
 Retrying in 1 seconds
Warning: Unused states in tlLogic 'J10', program '0' in phase 0 after tl-index 10
Simulation......
总奖励:-18848.536784121217, 速度奖励:-7205.44999999991, 加速度奖励:-1939.2867841215248, 交通灯奖励:-7545.699999995503, 与前车进行交互的惩罚:-2158.1000000000654
Episode:39/100, Reward:-18848.536784121217
Episode:39/100, avg speed:9.770743492408721
Episode:39/100, avg halt num:0.2925886898489638
Episode:39/100, avg elec cons:1.1907372148182906
 Retrying in 1 seconds
Warning: Unused states in tlLogic 'J10', program '0' in phase 0 after tl-index 10
Simulation......
总奖励:-19651.812198224383, 速度奖励:-7524.449999999912, 加速度奖励:-1941.7621982239764, 交通灯奖励:-8375.399999995992, 与前车进行交互的惩罚:-1810.2000000000785
Episode:40/100, Reward:-19651.812198224383
Episode:40/100, avg speed:9.462427466663556
Episode:40/100, avg halt num:0.2711021974189048
Episode:40/100, avg elec cons:1.0530943521727898
 Retrying in 1 seconds
Warning: Unused states in tlLogic 'J10', program '0' in phase 0 after tl-index 10
Simulation......
总奖励:-18953.930295146336, 速度奖励:-7617.949999999925, 加速度奖励:-1968.6802951463353, 交通灯奖励:-7655.799999995628, 与前车进行交互的惩罚:-1711.500000000072
Episode:41/100, Reward:-18953.930295146336
Episode:41/100, avg speed:8.264641464770511
Episode:41/100, avg halt num:0.35373665480427047
Episode:41/100, avg elec cons:1.0047403186836252
 Retrying in 1 seconds
Warning: Unused states in tlLogic 'J10', program '0' in phase 0 after tl-index 10
Simulation......
总奖励:-18891.400739725763, 速度奖励:-7609.649999999935, 加速度奖励:-1827.5507397256556, 交通灯奖励:-7935.899999995429, 与前车进行交互的惩罚:-1518.3000000000595
Episode:42/100, Reward:-18891.400739725763
Episode:42/100, avg speed:8.446978945084625
Episode:42/100, avg halt num:0.41861313868613137
Episode:42/100, avg elec cons:0.9233793669045092
 Retrying in 1 seconds
Warning: Unused states in tlLogic 'J10', program '0' in phase 0 after tl-index 10
Simulation......
总奖励:-25703.5294290553, 速度奖励:-8988.249999999996, 加速度奖励:-1971.7794290529673, 交通灯奖励:-11977.099999993605, 与前车进行交互的惩罚:-2766.3999999999073
Episode:43/100, Reward:-25703.5294290553
Episode:43/100, avg speed:9.081500589223172
Episode:43/100, avg halt num:0.564625850340136
Episode:43/100, avg elec cons:0.7149746318891542
 Retrying in 1 seconds
Warning: Unused states in tlLogic 'J10', program '0' in phase 0 after tl-index 10
Simulation......
总奖励:-17665.289190801403, 速度奖励:-7112.59999999989, 加速度奖励:-1831.6891908016246, 交通灯奖励:-7173.999999996455, 与前车进行交互的惩罚:-1547.0000000000614
Episode:44/100, Reward:-17665.289190801403
Episode:44/100, avg speed:10.0427115954144
Episode:44/100, avg halt num:0.2587837837837838
Episode:44/100, avg elec cons:0.8231376354275269
 Retrying in 1 seconds
Warning: Unused states in tlLogic 'J10', program '0' in phase 0 after tl-index 10
Simulation......
总奖励:-21866.36669684975, 速度奖励:-7818.849999999928, 加速度奖励:-1895.8166968488765, 交通灯奖励:-9860.599999995606, 与前车进行交互的惩罚:-2291.100000000031
Episode:45/100, Reward:-21866.36669684975
Episode:45/100, avg speed:9.215951109919791
Episode:45/100, avg halt num:0.43172043010752686
Episode:45/100, avg elec cons:1.0073417547426615
 Retrying in 1 seconds
Warning: Unused states in tlLogic 'J10', program '0' in phase 0 after tl-index 10
Simulation......
总奖励:-15791.664075205994, 速度奖励:-6476.39999999987, 加速度奖励:-1852.9640752066314, 交通灯奖励:-6438.8999999963635, 与前车进行交互的惩罚:-1023.4000000000274
Episode:46/100, Reward:-15791.664075205994
Episode:46/100, avg speed:10.276775785206802
Episode:46/100, avg halt num:0.2020042194092827
Episode:46/100, avg elec cons:1.1896087571051053
 Retrying in 1 seconds
Warning: Unused states in tlLogic 'J10', program '0' in phase 0 after tl-index 10
Simulation......
总奖励:-49826.99484931037, 速度奖励:-13588.000000000191, 加速度奖励:-2764.694849301587, 交通灯奖励:-26898.500000024695, 与前车进行交互的惩罚:-6575.799999998918
Episode:47/100, Reward:-49826.99484931037
Episode:47/100, avg speed:7.114594599859347
Episode:47/100, avg halt num:1.312587168758717
Episode:47/100, avg elec cons:0.703795917654276
 Retrying in 1 seconds
Warning: Unused states in tlLogic 'J10', program '0' in phase 0 after tl-index 10
Simulation......
总奖励:-18246.391087756183, 速度奖励:-6614.2999999998565, 加速度奖励:-2030.6910877562316, 交通灯奖励:-8160.099999996055, 与前车进行交互的惩罚:-1441.3000000000545
Episode:48/100, Reward:-18246.391087756183
Episode:48/100, avg speed:9.695796448850837
Episode:48/100, avg halt num:0.2214018691588785
Episode:48/100, avg elec cons:1.3931756192867935
 Retrying in 1 seconds
Warning: Unused states in tlLogic 'J10', program '0' in phase 0 after tl-index 10
Simulation......
总奖励:-11313.148059796547, 速度奖励:-4363.249999999854, 加速度奖励:-2114.5980597965395, 交通灯奖励:-2360.800000001021, 与前车进行交互的惩罚:-2474.499999999983
Episode:49/100, Reward:-11313.148059796547
Episode:49/100, avg speed:10.890114385339704
Episode:49/100, avg halt num:0.022002772002772
Episode:49/100, avg elec cons:1.9012340800053151
 Retrying in 1 seconds
Warning: Unused states in tlLogic 'J10', program '0' in phase 0 after tl-index 10
Simulation......
总奖励:-11228.29465149133, 速度奖励:-5157.999999999874, 加速度奖励:-1642.0946514914174, 交通灯奖励:-3508.400000001082, 与前车进行交互的惩罚:-919.8000000000206
Episode:50/100, Reward:-11228.29465149133
Episode:50/100, avg speed:10.439625338181749
Episode:50/100, avg halt num:0.04752886002886003
Episode:50/100, avg elec cons:1.8418441941311787
 Retrying in 1 seconds
Warning: Unused states in tlLogic 'J10', program '0' in phase 0 after tl-index 10
Simulation......
总奖励:-18684.665900776472, 速度奖励:-6480.249999999887, 加速度奖励:-2514.415900776058, 交通灯奖励:-7820.299999997078, 与前车进行交互的惩罚:-1869.7000000000824
Episode:51/100, Reward:-18684.665900776472
Episode:51/100, avg speed:9.455328351748589
Episode:51/100, avg halt num:0.19655891553701774
Episode:51/100, avg elec cons:1.7025395293794547
 Retrying in 1 seconds
Warning: Unused states in tlLogic 'J10', program '0' in phase 0 after tl-index 10
Simulation......
总奖励:-21718.916057368093, 速度奖励:-7431.399999999842, 加速度奖励:-2611.7160573679394, 交通灯奖励:-8967.499999994323, 与前车进行交互的惩罚:-2708.2999999999224
Episode:52/100, Reward:-21718.916057368093
Episode:52/100, avg speed:9.06822164500195
Episode:52/100, avg halt num:0.3407366424280746
Episode:52/100, avg elec cons:1.4051626055936564
 Retrying in 1 seconds
Warning: Unused states in tlLogic 'J10', program '0' in phase 0 after tl-index 10
Simulation......
总奖励:-9264.595316803943, 速度奖励:-4620.74999999986, 加速度奖励:-1389.7453168040295, 交通灯奖励:-2559.0000000011396, 与前车进行交互的惩罚:-695.100000000006
Episode:53/100, Reward:-9264.595316803943
Episode:53/100, avg speed:11.294696887185273
Episode:53/100, avg halt num:0.061194796302636086
Episode:53/100, avg elec cons:2.111604212557211
 Retrying in 1 seconds
Warning: Unused states in tlLogic 'J10', program '0' in phase 0 after tl-index 10
Simulation......
总奖励:-17964.19783349805, 速度奖励:-6451.449999999931, 加速度奖励:-1686.5478334981096, 交通灯奖励:-7727.599999996777, 与前车进行交互的惩罚:-2098.600000000081
Episode:54/100, Reward:-17964.19783349805
Episode:54/100, avg speed:10.565639407976722
Episode:54/100, avg halt num:0.2076082932247316
Episode:54/100, avg elec cons:1.6688704902104916
 Retrying in 1 seconds
Warning: Unused states in tlLogic 'J10', program '0' in phase 0 after tl-index 10
Simulation......
总奖励:-20051.469720444595, 速度奖励:-6738.349999999891, 加速度奖励:-1812.7197204446268, 交通灯奖励:-9072.099999995891, 与前车进行交互的惩罚:-2428.299999999995
Episode:55/100, Reward:-20051.469720444595
Episode:55/100, avg speed:9.98981252791474
Episode:55/100, avg halt num:0.1777608401084011
Episode:55/100, avg elec cons:1.2988399556958943
 Retrying in 1 seconds
Warning: Unused states in tlLogic 'J10', program '0' in phase 0 after tl-index 10
Simulation......
总奖励:-10799.976249868161, 速度奖励:-5048.54999999988, 加速度奖励:-1465.2262498682696, 交通灯奖励:-3288.000000001064, 与前车进行交互的惩罚:-998.2000000000257
Episode:56/100, Reward:-10799.976249868161
Episode:56/100, avg speed:10.738325212334257
Episode:56/100, avg halt num:0.01677407126611069
Episode:56/100, avg elec cons:2.272629092967597
 Retrying in 1 seconds
Warning: Unused states in tlLogic 'J10', program '0' in phase 0 after tl-index 10
Simulation......
总奖励:-11830.591254527746, 速度奖励:-5369.849999999899, 加速度奖励:-1368.7412545278573, 交通灯奖励:-3961.5000000012537, 与前车进行交互的惩罚:-1130.5000000000343
Episode:57/100, Reward:-11830.591254527746
Episode:57/100, avg speed:10.533414237505765
Episode:57/100, avg halt num:0.06000745434215431
Episode:57/100, avg elec cons:1.915021987555793
 Retrying in 1 seconds
Warning: Unused states in tlLogic 'J10', program '0' in phase 0 after tl-index 10
Simulation......
总奖励:-14351.802593443257, 速度奖励:-5588.64999999989, 加速度奖励:-1556.0525934435368, 交通灯奖励:-5674.099999997634, 与前车进行交互的惩罚:-1533.0000000000605
Episode:58/100, Reward:-14351.802593443257
Episode:58/100, avg speed:10.693565049734131
Episode:58/100, avg halt num:0.09502220577350111
Episode:58/100, avg elec cons:1.9009883822087734
 Retrying in 1 seconds
Warning: Unused states in tlLogic 'J10', program '0' in phase 0 after tl-index 10
Simulation......
总奖励:-19061.731280146803, 速度奖励:-7081.399999999893, 加速度奖励:-1970.031280146859, 交通灯奖励:-7985.199999996048, 与前车进行交互的惩罚:-2025.1000000000925
Episode:59/100, Reward:-19061.731280146803
Episode:59/100, avg speed:9.917493225664556
Episode:59/100, avg halt num:0.26897929531420267
Episode:59/100, avg elec cons:1.2856355459077287
 Retrying in 1 seconds
Warning: Unused states in tlLogic 'J10', program '0' in phase 0 after tl-index 10
Simulation......
总奖励:-14638.600143941334, 速度奖励:-6482.049999999904, 加速度奖励:-1651.6501439418041, 交通灯奖励:-5174.899999997575, 与前车进行交互的惩罚:-1330.0000000000473
Episode:60/100, Reward:-14638.600143941334
Episode:60/100, avg speed:11.167712104252459
Episode:60/100, avg halt num:0.19793361535958348
Episode:60/100, avg elec cons:1.1926240480603618
 Retrying in 1 seconds
Warning: Unused states in tlLogic 'J10', program '0' in phase 0 after tl-index 10
Simulation......
总奖励:-53686.282617593984, 速度奖励:-14120.450000000115, 加速度奖励:-2921.0326175863397, 交通灯奖励:-29481.700000021665, 与前车进行交互的惩罚:-7163.099999998765
Episode:61/100, Reward:-53686.282617593984
Episode:61/100, avg speed:7.305551003748305
Episode:61/100, avg halt num:1.3799715909090908
Episode:61/100, avg elec cons:0.7172982824627154
 Retrying in 1 seconds
Warning: Unused states in tlLogic 'J10', program '0' in phase 0 after tl-index 10
Simulation......
总奖励:-68309.88455027947, 速度奖励:-16239.800000000134, 加速度奖励:-3276.884550275481, 交通灯奖励:-40391.80000003115, 与前车进行交互的惩罚:-8401.399999998715
Episode:62/100, Reward:-68309.88455027947
Episode:62/100, avg speed:6.838892079225424
Episode:62/100, avg halt num:1.5524163568773235
Episode:62/100, avg elec cons:0.7494523025803433
 Retrying in 1 seconds
Warning: Unused states in tlLogic 'J10', program '0' in phase 0 after tl-index 10
Simulation......
总奖励:-76151.92602499468, 速度奖励:-17350.850000000126, 加速度奖励:-4026.176025000228, 交通灯奖励:-44557.00000003671, 与前车进行交互的惩罚:-10217.900000000604
Episode:63/100, Reward:-76151.92602499468
Episode:63/100, avg speed:6.093131730795348
Episode:63/100, avg halt num:1.812589541547278
Episode:63/100, avg elec cons:0.8277388352538597
 Retrying in 1 seconds
Warning: Unused states in tlLogic 'J10', program '0' in phase 0 after tl-index 10
Simulation......
总奖励:-48161.00236325378, 速度奖励:-11136.450000000124, 加速度奖励:-5275.152363250128, 交通灯奖励:-25641.900000012654, 与前车进行交互的惩罚:-6107.49999999904
Episode:64/100, Reward:-48161.00236325378
Episode:64/100, avg speed:8.579357904505814
Episode:64/100, avg halt num:0.5214899713467048
Episode:64/100, avg elec cons:1.1440515336009596
 Retrying in 1 seconds
Warning: Unused states in tlLogic 'J10', program '0' in phase 0 after tl-index 10
Simulation......
总奖励:-26886.0110285855, 速度奖励:-9132.05000000009, 加速度奖励:-2419.5610285831135, 交通灯奖励:-11977.899999993379, 与前车进行交互的惩罚:-3356.499999999754
Episode:65/100, Reward:-26886.0110285855
Episode:65/100, avg speed:8.365976001533955
Episode:65/100, avg halt num:0.5472696245733788
Episode:65/100, avg elec cons:0.7793818975565555
 Retrying in 1 seconds
Warning: Unused states in tlLogic 'J10', program '0' in phase 0 after tl-index 10
Simulation......
总奖励:-28955.188260478615, 速度奖励:-9345.450000000066, 加速度奖励:-2542.338260475444, 交通灯奖励:-13580.699999992952, 与前车进行交互的惩罚:-3486.69999999972
Episode:66/100, Reward:-28955.188260478615
Episode:66/100, avg speed:7.791613584531458
Episode:66/100, avg halt num:0.6184403669724771
Episode:66/100, avg elec cons:0.8670468305686675
 Retrying in 1 seconds
Warning: Unused states in tlLogic 'J10', program '0' in phase 0 after tl-index 10
Simulation......
总奖励:-23957.185205807735, 速度奖励:-8090.64999999988, 加速度奖励:-2025.7352058068054, 交通灯奖励:-11252.89999999395, 与前车进行交互的惩罚:-2587.8999999999537
Episode:67/100, Reward:-23957.185205807735
Episode:67/100, avg speed:8.694852238172585
Episode:67/100, avg halt num:0.5181999275624773
Episode:67/100, avg elec cons:1.0393524738031767
 Retrying in 1 seconds
Warning: Unused states in tlLogic 'J10', program '0' in phase 0 after tl-index 10
Simulation......
总奖励:-17031.03161533135, 速度奖励:-6820.049999999937, 加速度奖励:-1637.481615331944, 交通灯奖励:-6825.599999996578, 与前车进行交互的惩罚:-1747.9000000000744
Episode:68/100, Reward:-17031.03161533135
Episode:68/100, avg speed:9.561000375328131
Episode:68/100, avg halt num:0.24225583090379008
Episode:68/100, avg elec cons:1.0791532313124086
 Retrying in 1 seconds
Warning: Unused states in tlLogic 'J10', program '0' in phase 0 after tl-index 10
Simulation......
总奖励:-10278.159508228424, 速度奖励:-5039.449999999817, 加速度奖励:-1330.2095082288117, 交通灯奖励:-2806.000000000938, 与前车进行交互的惩罚:-1102.5000000000325
Episode:69/100, Reward:-10278.159508228424
Episode:69/100, avg speed:11.986593504405398
Episode:69/100, avg halt num:0.1377349159248269
Episode:69/100, avg elec cons:1.550238645907111
 Retrying in 1 seconds
Warning: Unused states in tlLogic 'J10', program '0' in phase 0 after tl-index 10
Simulation......
总奖励:-11287.70684235428, 速度奖励:-4549.199999999846, 加速度奖励:-1135.6068423546487, 交通灯奖励:-4571.100000000065, 与前车进行交互的惩罚:-1031.800000000028
Episode:70/100, Reward:-11287.70684235428
Episode:70/100, avg speed:12.20822375901621
Episode:70/100, avg halt num:0.15308039068369647
Episode:70/100, avg elec cons:2.750081442130997
 Retrying in 1 seconds
Warning: Unused states in tlLogic 'J10', program '0' in phase 0 after tl-index 10
Simulation......
总奖励:-10703.328933826477, 速度奖励:-4369.599999999862, 加速度奖励:-1307.9289338267909, 交通灯奖励:-3946.400000001019, 与前车进行交互的惩罚:-1079.400000000031
Episode:71/100, Reward:-10703.328933826477
Episode:71/100, avg speed:12.170449863358737
Episode:71/100, avg halt num:0.10702054794520548
Episode:71/100, avg elec cons:3.2283765398102213
 Retrying in 1 seconds
Warning: Unused states in tlLogic 'J10', program '0' in phase 0 after tl-index 10
Simulation......
总奖励:-17039.44176662156, 速度奖励:-5437.549999999879, 加速度奖励:-1911.6917666216661, 交通灯奖励:-8198.49999999718, 与前车进行交互的惩罚:-1491.7000000000578
Episode:72/100, Reward:-17039.44176662156
Episode:72/100, avg speed:11.60232906217114
Episode:72/100, avg halt num:0.1837622326930047
Episode:72/100, avg elec cons:2.748231179581936
 Retrying in 1 seconds
Warning: Unused states in tlLogic 'J10', program '0' in phase 0 after tl-index 10
Simulation......
总奖励:-13449.662299283818, 速度奖励:-4537.34999999985, 加速度奖励:-1609.8122992843173, 交通灯奖励:-6005.399999998059, 与前车进行交互的惩罚:-1297.1000000000452
Episode:73/100, Reward:-13449.662299283818
Episode:73/100, avg speed:12.912655758770075
Episode:73/100, avg halt num:0.1084289356277884
Episode:73/100, avg elec cons:2.9120501510995886
 Retrying in 1 seconds
Warning: Unused states in tlLogic 'J10', program '0' in phase 0 after tl-index 10
Simulation......
总奖励:-12368.008870975258, 速度奖励:-4623.849999999865, 加速度奖励:-1600.7588709756012, 交通灯奖励:-4666.399999998998, 与前车进行交互的惩罚:-1477.0000000000568
Episode:74/100, Reward:-12368.008870975258
Episode:74/100, avg speed:11.533467383687364
Episode:74/100, avg halt num:0.07019159911569639
Episode:74/100, avg elec cons:3.2419577375198
 Retrying in 1 seconds
Warning: Unused states in tlLogic 'J10', program '0' in phase 0 after tl-index 10
Simulation......
总奖励:-13404.981550211365, 速度奖励:-4820.8999999998705, 加速度奖励:-1646.381550211624, 交通灯奖励:-5437.59999999791, 与前车进行交互的惩罚:-1500.1000000000583
Episode:75/100, Reward:-13404.981550211365
Episode:75/100, avg speed:11.549096107132488
Episode:75/100, avg halt num:0.05493145468392993
Episode:75/100, avg elec cons:3.268889283084192
 Retrying in 1 seconds
Warning: Unused states in tlLogic 'J10', program '0' in phase 0 after tl-index 10
Simulation......
总奖励:-13403.467821004682, 速度奖励:-4818.349999999882, 加速度奖励:-1671.4178210050072, 交通灯奖励:-5478.69999999874, 与前车进行交互的惩罚:-1435.0000000000541
Episode:76/100, Reward:-13403.467821004682
Episode:76/100, avg speed:11.330435529003163
Episode:76/100, avg halt num:0.07073082489146165
Episode:76/100, avg elec cons:3.279345112510856
 Retrying in 1 seconds
Warning: Unused states in tlLogic 'J10', program '0' in phase 0 after tl-index 10
Simulation......
总奖励:-15111.942674492908, 速度奖励:-5297.799999999842, 加速度奖励:-1892.9426744932755, 交通灯奖励:-6418.99999999731, 与前车进行交互的惩罚:-1502.2000000000585
Episode:77/100, Reward:-15111.942674492908
Episode:77/100, avg speed:10.849465488321123
Episode:77/100, avg halt num:0.08053221288515407
Episode:77/100, avg elec cons:2.7320782519670535
 Retrying in 1 seconds
Warning: Unused states in tlLogic 'J10', program '0' in phase 0 after tl-index 10
Simulation......
总奖励:-15142.736781902824, 速度奖励:-5401.2999999998365, 加速度奖励:-2013.9367819030988, 交通灯奖励:-6193.099999997687, 与前车进行交互的惩罚:-1534.4000000000606
Episode:78/100, Reward:-15142.736781902824
Episode:78/100, avg speed:10.549463778075992
Episode:78/100, avg halt num:0.1029516358463727
Episode:78/100, avg elec cons:2.2543622806857346
 Retrying in 1 seconds
Warning: Unused states in tlLogic 'J10', program '0' in phase 0 after tl-index 10
Simulation......
总奖励:-15034.328465538434, 速度奖励:-5340.999999999789, 加速度奖励:-1967.2284655386286, 交通灯奖励:-6323.299999997629, 与前车进行交互的惩罚:-1402.800000000052
Episode:79/100, Reward:-15034.328465538434
Episode:79/100, avg speed:10.852520549562039
Episode:79/100, avg halt num:0.07166482910694598
Episode:79/100, avg elec cons:2.3762974570551196
 Retrying in 1 seconds
Warning: Unused states in tlLogic 'J10', program '0' in phase 0 after tl-index 10
Simulation......
总奖励:-17152.181107796652, 速度奖励:-5821.999999999799, 加速度奖励:-2040.4811077968347, 交通灯奖励:-7875.699999996223, 与前车进行交互的惩罚:-1414.0000000000528
Episode:80/100, Reward:-17152.181107796652
Episode:80/100, avg speed:11.142876401935139
Episode:80/100, avg halt num:0.11035220539828834
Episode:80/100, avg elec cons:1.9400895709460801
 Retrying in 1 seconds
Warning: Unused states in tlLogic 'J10', program '0' in phase 0 after tl-index 10
Simulation......
总奖励:-17272.4114562718, 速度奖励:-5866.89999999985, 加速度奖励:-2051.7114562717366, 交通灯奖励:-7882.399999996902, 与前车进行交互的惩罚:-1471.4000000000565
Episode:81/100, Reward:-17272.4114562718
Episode:81/100, avg speed:9.949287154999032
Episode:81/100, avg halt num:0.08419402434526005
Episode:81/100, avg elec cons:2.4458891512206002
 Retrying in 1 seconds
Warning: Unused states in tlLogic 'J10', program '0' in phase 0 after tl-index 10
Simulation......
总奖励:-16037.844115969658, 速度奖励:-5463.399999999835, 加速度奖励:-1955.5441159699437, 交通灯奖励:-7291.699999997172, 与前车进行交互的惩罚:-1327.200000000047
Episode:82/100, Reward:-16037.844115969658
Episode:82/100, avg speed:10.748310483388899
Episode:82/100, avg halt num:0.05146036161335188
Episode:82/100, avg elec cons:2.3506406498766563
 Retrying in 1 seconds
Warning: Unused states in tlLogic 'J10', program '0' in phase 0 after tl-index 10
Simulation......
总奖励:-15312.565793966127, 速度奖励:-5214.14999999984, 加速度奖励:-1883.2157939664633, 交通灯奖励:-7076.99999999755, 与前车进行交互的惩罚:-1138.2000000000348
Episode:83/100, Reward:-15312.565793966127
Episode:83/100, avg speed:10.365284372493393
Episode:83/100, avg halt num:0.06089258698940998
Episode:83/100, avg elec cons:2.7005086269432828
 Retrying in 1 seconds
Warning: Unused states in tlLogic 'J10', program '0' in phase 0 after tl-index 10
Simulation......
总奖励:-17343.39663777959, 速度奖励:-6097.099999999897, 加速度奖励:-1914.79663778001, 交通灯奖励:-8151.999999996282, 与前车进行交互的惩罚:-1179.5000000000375
Episode:84/100, Reward:-17343.39663777959
Episode:84/100, avg speed:10.78617361728244
Episode:84/100, avg halt num:0.15936700767263426
Episode:84/100, avg elec cons:1.7066142906659205
 Retrying in 1 seconds
Warning: Unused states in tlLogic 'J10', program '0' in phase 0 after tl-index 10
Simulation......
总奖励:-21468.95711209577, 速度奖励:-6890.099999999855, 加速度奖励:-2200.1571120954354, 交通灯奖励:-11063.399999995128, 与前车进行交互的惩罚:-1315.3000000000463
Episode:85/100, Reward:-21468.95711209577
Episode:85/100, avg speed:10.179830301063394
Episode:85/100, avg halt num:0.10400478182904961
Episode:85/100, avg elec cons:1.4134307786327938
 Retrying in 1 seconds
Warning: Unused states in tlLogic 'J10', program '0' in phase 0 after tl-index 10
Simulation......
总奖励:-35170.94090005854, 速度奖励:-9438.350000000075, 加速度奖励:-2623.7909000560185, 交通灯奖励:-20485.900000007998, 与前车进行交互的惩罚:-2622.8999999999446
Episode:86/100, Reward:-35170.94090005854
Episode:86/100, avg speed:8.174949950894929
Episode:86/100, avg halt num:0.4295542635658915
Episode:86/100, avg elec cons:1.272800937663685
 Retrying in 1 seconds
Warning: Unused states in tlLogic 'J10', program '0' in phase 0 after tl-index 10
Simulation......
总奖励:-57306.101539738636, 速度奖励:-13307.750000000106, 加速度奖励:-3443.3515397332567, 交通灯奖励:-34395.700000023404, 与前车进行交互的惩罚:-6159.299999999026
Episode:87/100, Reward:-57306.101539738636
Episode:87/100, avg speed:7.188428969839915
Episode:87/100, avg halt num:0.9094858156028369
Episode:87/100, avg elec cons:0.7477446397289218
 Retrying in 1 seconds
Warning: Unused states in tlLogic 'J10', program '0' in phase 0 after tl-index 10
Simulation......
总奖励:-50599.69693834256, 速度奖励:-12858.4000000001, 加速度奖励:-3217.096938334731, 交通灯奖励:-28669.400000021116, 与前车进行交互的惩罚:-5854.799999999105
Episode:88/100, Reward:-50599.69693834256
Episode:88/100, avg speed:7.191464667021888
Episode:88/100, avg halt num:0.9907407407407407
Episode:88/100, avg elec cons:0.7077993097087727
 Retrying in 1 seconds
Warning: Unused states in tlLogic 'J10', program '0' in phase 0 after tl-index 10
Simulation......
总奖励:-47988.18359215131, 速度奖励:-12131.950000000106, 加速度奖励:-3033.6335921457435, 交通灯奖励:-27990.500000015705, 与前车进行交互的惩罚:-4832.099999999371
Episode:89/100, Reward:-47988.18359215131
Episode:89/100, avg speed:7.195190762286758
Episode:89/100, avg halt num:0.8856792717086834
Episode:89/100, avg elec cons:0.7290673903218817
 Retrying in 1 seconds
Warning: Unused states in tlLogic 'J10', program '0' in phase 0 after tl-index 10
Simulation......
总奖励:-30718.027895900606, 速度奖励:-8424.349999999853, 加速度奖励:-2591.477895898586, 交通灯奖励:-17180.7999999984, 与前车进行交互的惩罚:-2521.399999999971
Episode:90/100, Reward:-30718.027895900606
Episode:90/100, avg speed:9.326530015492551
Episode:90/100, avg halt num:0.39759647935003384
Episode:90/100, avg elec cons:1.3946239177981838
 Retrying in 1 seconds
Warning: Unused states in tlLogic 'J10', program '0' in phase 0 after tl-index 10
Simulation......
总奖励:-10601.879832583327, 速度奖励:-4445.049999999821, 加速度奖励:-1726.929832583528, 交通灯奖励:-3496.100000001204, 与前车进行交互的惩罚:-933.8000000000216
Episode:91/100, Reward:-10601.879832583327
Episode:91/100, avg speed:11.365445012520611
Episode:91/100, avg halt num:0.08045977011494253
Episode:91/100, avg elec cons:2.0596690531342703
 Retrying in 1 seconds
Warning: Unused states in tlLogic 'J10', program '0' in phase 0 after tl-index 10
Simulation......
总奖励:-17169.600715448174, 速度奖励:-6368.199999999865, 加速度奖励:-2169.4007154482847, 交通灯奖励:-7082.899999997239, 与前车进行交互的惩罚:-1549.1000000000615
Episode:92/100, Reward:-17169.600715448174
Episode:92/100, avg speed:9.790797063198413
Episode:92/100, avg halt num:0.12705727452271232
Episode:92/100, avg elec cons:1.4025582106072974
 Retrying in 1 seconds
Warning: Unused states in tlLogic 'J10', program '0' in phase 0 after tl-index 10
Simulation......
总奖励:-13654.636471519492, 速度奖励:-5020.949999999743, 加速度奖励:-2091.0864715196567, 交通灯奖励:-5360.999999998356, 与前车进行交互的惩罚:-1181.6000000000377
Episode:93/100, Reward:-13654.636471519492
Episode:93/100, avg speed:9.704606721862307
Episode:93/100, avg halt num:0.10659655831739961
Episode:93/100, avg elec cons:2.1825662604456646
 Retrying in 1 seconds
Warning: Unused states in tlLogic 'J10', program '0' in phase 0 after tl-index 10
Simulation......
总奖励:-17858.187817561327, 速度奖励:-5968.099999999818, 加速度奖励:-2454.7878175612987, 交通灯奖励:-8157.099999996659, 与前车进行交互的惩罚:-1278.200000000044
Episode:94/100, Reward:-17858.187817561327
Episode:94/100, avg speed:10.622062414640624
Episode:94/100, avg halt num:0.11116024053767244
Episode:94/100, avg elec cons:1.7117950060956075
 Retrying in 1 seconds
Warning: Unused states in tlLogic 'J10', program '0' in phase 0 after tl-index 10
Simulation......
总奖励:-16443.63493186928, 速度奖励:-6110.749999999828, 加速度奖励:-2231.7849318695003, 交通灯奖励:-6905.4999999965885, 与前车进行交互的惩罚:-1195.6000000000386
Episode:95/100, Reward:-16443.63493186928
Episode:95/100, avg speed:10.647704570613925
Episode:95/100, avg halt num:0.09209697732997481
Episode:95/100, avg elec cons:1.3639905278906375
 Retrying in 1 seconds
Warning: Unused states in tlLogic 'J10', program '0' in phase 0 after tl-index 10
Simulation......
总奖励:-15269.92313547036, 速度奖励:-5621.949999999853, 加速度奖励:-2195.373135470469, 交通灯奖励:-6166.699999997591, 与前车进行交互的惩罚:-1285.9000000000444
Episode:96/100, Reward:-15269.92313547036
Episode:96/100, avg speed:10.417021044482293
Episode:96/100, avg halt num:0.06674369001066477
Episode:96/100, avg elec cons:1.7751112243947673
 Retrying in 1 seconds
Warning: Unused states in tlLogic 'J10', program '0' in phase 0 after tl-index 10
Simulation......
总奖励:-16771.7421816694, 速度奖励:-5870.649999999831, 加速度奖励:-2522.292181669515, 交通灯奖励:-6943.099999996462, 与前车进行交互的惩罚:-1435.7000000000542
Episode:97/100, Reward:-16771.7421816694
Episode:97/100, avg speed:9.676352751299088
Episode:97/100, avg halt num:0.054745889387144996
Episode:97/100, avg elec cons:1.8830278022944766
 Retrying in 1 seconds
Warning: Unused states in tlLogic 'J10', program '0' in phase 0 after tl-index 10
Simulation......
总奖励:-15380.001212522377, 速度奖励:-5581.399999999838, 加速度奖励:-2419.4012125225754, 交通灯奖励:-5995.299999997413, 与前车进行交互的惩罚:-1383.9000000000508
Episode:98/100, Reward:-15380.001212522377
Episode:98/100, avg speed:10.52551627277963
Episode:98/100, avg halt num:0.03736244231451899
Episode:98/100, avg elec cons:1.784271359123842
 Retrying in 1 seconds
Warning: Unused states in tlLogic 'J10', program '0' in phase 0 after tl-index 10
Simulation......
总奖励:-14155.63454989572, 速度奖励:-5282.549999999802, 加速度奖励:-2252.1845498960142, 交通灯奖励:-5130.599999998309, 与前车进行交互的惩罚:-1490.3000000000577
Episode:99/100, Reward:-14155.63454989572
Episode:99/100, avg speed:10.14559151005596
Episode:99/100, avg halt num:0.06571164510166358
Episode:99/100, avg elec cons:1.9939346109836336
 Retrying in 1 seconds
Warning: Unused states in tlLogic 'J10', program '0' in phase 0 after tl-index 10
Simulation......
总奖励:-12597.550361583533, 速度奖励:-4921.299999999791, 加速度奖励:-2009.3503615837692, 交通灯奖励:-4253.600000000922, 与前车进行交互的惩罚:-1413.3000000000527
Episode:100/100, Reward:-12597.550361583533
Episode:100/100, avg speed:10.954425270271358
Episode:100/100, avg halt num:0.05856011023079573
Episode:100/100, avg elec cons:1.8955530415393589
model saved successfully!
Complete training!
final reward list:[-142095.78591882254, -150880.84831003676, -20547.83975228408, -19818.071241599566, -19795.191552275, -13722.971166123816, -24102.039956044184, -14823.648886956767, -14147.50612997383, -15542.82331938891, -15398.289021452467, -12935.354292352793, -12936.72709122198, -14902.735804372553, -36964.890818363034, -18471.687055206137, -36677.28384580422, -14357.54879551373, -25519.33935156871, -44451.2018229948, -19172.537472258227, -17553.410021899017, -32737.440630394518, -57354.21333070016, -14900.261132946405, -16613.32264625128, -16789.57041574192, -14229.083578553607, -18698.419297040768, -16020.106459389694, -17091.417092530606, -14795.654677867027, -9605.518968986918, -13766.905328346567, -13100.627218082926, -29158.584284007233, -16219.628433889147, -16643.2544746935, -18848.536784121217, -19651.812198224383, -18953.930295146336, -18891.400739725763, -25703.5294290553, -17665.289190801403, -21866.36669684975, -15791.664075205994, -49826.99484931037, -18246.391087756183, -11313.148059796547, -11228.29465149133, -18684.665900776472, -21718.916057368093, -9264.595316803943, -17964.19783349805, -20051.469720444595, -10799.976249868161, -11830.591254527746, -14351.802593443257, -19061.731280146803, -14638.600143941334, -53686.282617593984, -68309.88455027947, -76151.92602499468, -48161.00236325378, -26886.0110285855, -28955.188260478615, -23957.185205807735, -17031.03161533135, -10278.159508228424, -11287.70684235428, -10703.328933826477, -17039.44176662156, -13449.662299283818, -12368.008870975258, -13404.981550211365, -13403.467821004682, -15111.942674492908, -15142.736781902824, -15034.328465538434, -17152.181107796652, -17272.4114562718, -16037.844115969658, -15312.565793966127, -17343.39663777959, -21468.95711209577, -35170.94090005854, -57306.101539738636, -50599.69693834256, -47988.18359215131, -30718.027895900606, -10601.879832583327, -17169.600715448174, -13654.636471519492, -17858.187817561327, -16443.63493186928, -15269.92313547036, -16771.7421816694, -15380.001212522377, -14155.63454989572, -12597.550361583533]
final speed list:[6.466477530776858, 7.476549213533921, 13.962662549025698, 14.457953365227986, 14.230679091531469, 12.962205017049762, 9.48518917002042, 11.216271205641258, 12.16506922806674, 10.032985443486293, 11.284898280741885, 11.46323009718421, 11.807285107857481, 10.25909531785631, 9.615334801396926, 9.3593787741921, 8.572583815596207, 11.12230115917727, 9.057716610451378, 6.311197182617553, 9.88404829938758, 9.227989402994329, 8.98793614689075, 7.625760829540436, 9.405902633804054, 10.132955753114274, 10.342813509180045, 10.838707649348306, 8.650418544303859, 10.821042637771477, 10.713776149815953, 10.640057677887278, 12.489713835878913, 12.155252415164828, 11.058007667975517, 9.437524830546879, 10.469194597485508, 10.191513075986999, 9.770743492408721, 9.462427466663556, 8.264641464770511, 8.446978945084625, 9.081500589223172, 10.0427115954144, 9.215951109919791, 10.276775785206802, 7.114594599859347, 9.695796448850837, 10.890114385339704, 10.439625338181749, 9.455328351748589, 9.06822164500195, 11.294696887185273, 10.565639407976722, 9.98981252791474, 10.738325212334257, 10.533414237505765, 10.693565049734131, 9.917493225664556, 11.167712104252459, 7.305551003748305, 6.838892079225424, 6.093131730795348, 8.579357904505814, 8.365976001533955, 7.791613584531458, 8.694852238172585, 9.561000375328131, 11.986593504405398, 12.20822375901621, 12.170449863358737, 11.60232906217114, 12.912655758770075, 11.533467383687364, 11.549096107132488, 11.330435529003163, 10.849465488321123, 10.549463778075992, 10.852520549562039, 11.142876401935139, 9.949287154999032, 10.748310483388899, 10.365284372493393, 10.78617361728244, 10.179830301063394, 8.174949950894929, 7.188428969839915, 7.191464667021888, 7.195190762286758, 9.326530015492551, 11.365445012520611, 9.790797063198413, 9.704606721862307, 10.622062414640624, 10.647704570613925, 10.417021044482293, 9.676352751299088, 10.52551627277963, 10.14559151005596, 10.954425270271358]
final elec cons list:[1.7009612327198553, 1.5353211735461931, 3.3589843981201497, 3.3748431819579086, 3.5082741449852994, 3.2921288860191216, 1.8671245858726673, 1.8423483018549502, 1.296120948725329, 1.3914784707556491, 1.5816135672499736, 1.9439663357207944, 1.7134719048323173, 1.4182726468359308, 0.9380898949988855, 1.4450948763156786, 1.2993342283737732, 1.6692249410457858, 1.2897193902154014, 1.3214253195617016, 2.4510715460650507, 1.8262521537488046, 1.0550332564039768, 0.7692447949801099, 1.2366536477739907, 1.2690551944711623, 1.0276717490624967, 1.0134804112948828, 1.074275641957686, 1.126519855893445, 1.1435453771489066, 1.4349842466834162, 1.6785741230308382, 1.7890935164323536, 1.4598385959824123, 1.1508054228659672, 1.0267958848133927, 1.431447323208671, 1.1907372148182906, 1.0530943521727898, 1.0047403186836252, 0.9233793669045092, 0.7149746318891542, 0.8231376354275269, 1.0073417547426615, 1.1896087571051053, 0.703795917654276, 1.3931756192867935, 1.9012340800053151, 1.8418441941311787, 1.7025395293794547, 1.4051626055936564, 2.111604212557211, 1.6688704902104916, 1.2988399556958943, 2.272629092967597, 1.915021987555793, 1.9009883822087734, 1.2856355459077287, 1.1926240480603618, 0.7172982824627154, 0.7494523025803433, 0.8277388352538597, 1.1440515336009596, 0.7793818975565555, 0.8670468305686675, 1.0393524738031767, 1.0791532313124086, 1.550238645907111, 2.750081442130997, 3.2283765398102213, 2.748231179581936, 2.9120501510995886, 3.2419577375198, 3.268889283084192, 3.279345112510856, 2.7320782519670535, 2.2543622806857346, 2.3762974570551196, 1.9400895709460801, 2.4458891512206002, 2.3506406498766563, 2.7005086269432828, 1.7066142906659205, 1.4134307786327938, 1.272800937663685, 0.7477446397289218, 0.7077993097087727, 0.7290673903218817, 1.3946239177981838, 2.0596690531342703, 1.4025582106072974, 2.1825662604456646, 1.7117950060956075, 1.3639905278906375, 1.7751112243947673, 1.8830278022944766, 1.784271359123842, 1.9939346109836336, 1.8955530415393589]
final halt list:[4.823251417769376, 4.662280701754386, 0.44696415508412585, 0.39838651196519215, 0.4033123612139156, 0.20791814946619216, 0.3756223669092302, 0.17379977670264235, 0.2493150684931507, 0.37228457639391743, 0.3283001808318264, 0.22795863004408273, 0.1865414710485133, 0.2483197736116024, 0.7444649446494465, 0.48799359658484526, 0.7025, 0.2811614730878187, 0.3642115509409474, 0.5289404223227753, 0.16412213740458015, 0.23869704521181914, 0.44857043235704325, 1.2408958485069193, 0.1942675159235669, 0.19428312159709618, 0.20693651925820256, 0.271251193887297, 0.34057283763277696, 0.17372749844816884, 0.09335820895522388, 0.08035075161059413, 0.03511497824735861, 0.03559216661485856, 0.0555366269165247, 0.6945061043285239, 0.24117995849392232, 0.1797178130511464, 0.2925886898489638, 0.2711021974189048, 0.35373665480427047, 0.41861313868613137, 0.564625850340136, 0.2587837837837838, 0.43172043010752686, 0.2020042194092827, 1.312587168758717, 0.2214018691588785, 0.022002772002772, 0.04752886002886003, 0.19655891553701774, 0.3407366424280746, 0.061194796302636086, 0.2076082932247316, 0.1777608401084011, 0.01677407126611069, 0.06000745434215431, 0.09502220577350111, 0.26897929531420267, 0.19793361535958348, 1.3799715909090908, 1.5524163568773235, 1.812589541547278, 0.5214899713467048, 0.5472696245733788, 0.6184403669724771, 0.5181999275624773, 0.24225583090379008, 0.1377349159248269, 0.15308039068369647, 0.10702054794520548, 0.1837622326930047, 0.1084289356277884, 0.07019159911569639, 0.05493145468392993, 0.07073082489146165, 0.08053221288515407, 0.1029516358463727, 0.07166482910694598, 0.11035220539828834, 0.08419402434526005, 0.05146036161335188, 0.06089258698940998, 0.15936700767263426, 0.10400478182904961, 0.4295542635658915, 0.9094858156028369, 0.9907407407407407, 0.8856792717086834, 0.39759647935003384, 0.08045977011494253, 0.12705727452271232, 0.10659655831739961, 0.11116024053767244, 0.09209697732997481, 0.06674369001066477, 0.054745889387144996, 0.03736244231451899, 0.06571164510166358, 0.05856011023079573]
speed reward list:[-28926.9500000005, -30907.95000000039, -3669.2999999999356, -3548.449999999936, -3514.0499999999447, -3898.3999999998605, -6046.399999999888, -4883.599999999867, -5102.499999999839, -5538.49999999986, -5068.549999999795, -4423.699999999839, -4555.8999999998105, -5465.999999999819, -9489.300000000161, -6368.299999999781, -8997.249999999978, -4872.199999999807, -6829.849999999847, -10001.450000000052, -5550.449999999758, -5749.64999999978, -9036.200000000052, -14427.900000000183, -6119.249999999875, -6170.799999999891, -6557.799999999909, -6620.249999999944, -7542.74999999991, -6625.349999999878, -6528.949999999907, -6103.499999999923, -4801.2999999998365, -5426.749999999869, -5563.799999999868, -9139.600000000079, -6834.299999999872, -6464.449999999868, -7205.44999999991, -7524.449999999912, -7617.949999999925, -7609.649999999935, -8988.249999999996, -7112.59999999989, -7818.849999999928, -6476.39999999987, -13588.000000000191, -6614.2999999998565, -4363.249999999854, -5157.999999999874, -6480.249999999887, -7431.399999999842, -4620.74999999986, -6451.449999999931, -6738.349999999891, -5048.54999999988, -5369.849999999899, -5588.64999999989, -7081.399999999893, -6482.049999999904, -14120.450000000115, -16239.800000000134, -17350.850000000126, -11136.450000000124, -9132.05000000009, -9345.450000000066, -8090.64999999988, -6820.049999999937, -5039.449999999817, -4549.199999999846, -4369.599999999862, -5437.549999999879, -4537.34999999985, -4623.849999999865, -4820.8999999998705, -4818.349999999882, -5297.799999999842, -5401.2999999998365, -5340.999999999789, -5821.999999999799, -5866.89999999985, -5463.399999999835, -5214.14999999984, -6097.099999999897, -6890.099999999855, -9438.350000000075, -13307.750000000106, -12858.4000000001, -12131.950000000106, -8424.349999999853, -4445.049999999821, -6368.199999999865, -5020.949999999743, -5968.099999999818, -6110.749999999828, -5621.949999999853, -5870.649999999831, -5581.399999999838, -5282.549999999802, -4921.299999999791]
accel reward list:[-1021.0359188594288, -1010.2983100764366, -1230.439752282758, -1201.4212415984261, -1197.041552274092, -1537.5711661243677, -1827.4399560429813, -1403.0488869572087, -1379.3061299745518, -1418.8233193896535, -1505.5390214532447, -1524.6542923534014, -1560.9270912225813, -1765.8358043730732, -2335.2908183587188, -1991.187055206187, -2485.8338458004077, -1728.0487955144688, -2509.1893515671945, -3725.2518229918405, -1941.987472257801, -1884.1600218988779, -2465.040630393826, -2393.213330694577, -1564.9111329467573, -1560.522646251662, -1506.970415742414, -1510.9335785542537, -1889.269297041064, -1572.1564593901644, -1638.8670925306742, -1421.0546778672867, -1307.0189689869908, -1738.855328346766, -1527.5272180830598, -2275.4842840047613, -1888.2284338898362, -2056.204474693715, -1939.2867841215248, -1941.7621982239764, -1968.6802951463353, -1827.5507397256556, -1971.7794290529673, -1831.6891908016246, -1895.8166968488765, -1852.9640752066314, -2764.694849301587, -2030.6910877562316, -2114.5980597965395, -1642.0946514914174, -2514.415900776058, -2611.7160573679394, -1389.7453168040295, -1686.5478334981096, -1812.7197204446268, -1465.2262498682696, -1368.7412545278573, -1556.0525934435368, -1970.031280146859, -1651.6501439418041, -2921.0326175863397, -3276.884550275481, -4026.176025000228, -5275.152363250128, -2419.5610285831135, -2542.338260475444, -2025.7352058068054, -1637.481615331944, -1330.2095082288117, -1135.6068423546487, -1307.9289338267909, -1911.6917666216661, -1609.8122992843173, -1600.7588709756012, -1646.381550211624, -1671.4178210050072, -1892.9426744932755, -2013.9367819030988, -1967.2284655386286, -2040.4811077968347, -2051.7114562717366, -1955.5441159699437, -1883.2157939664633, -1914.79663778001, -2200.1571120954354, -2623.7909000560185, -3443.3515397332567, -3217.096938334731, -3033.6335921457435, -2591.477895898586, -1726.929832583528, -2169.4007154482847, -2091.0864715196567, -2454.7878175612987, -2231.7849318695003, -2195.373135470469, -2522.292181669515, -2419.4012125225754, -2252.1845498960142, -2009.3503615837692]
tls reward list:[-101075.19999990822, -107633.099999884, -12077.399999997882, -11622.099999997903, -11731.799999998062, -6233.199999998207, -11978.499999996237, -5913.399999998389, -5610.499999998583, -5811.399999998554, -5905.8999999977, -5127.099999999806, -5323.999999999227, -5907.59999999805, -20150.70000000725, -7029.399999996844, -18537.20000000092, -6087.099999998689, -12855.99999999689, -25779.70000000979, -9553.499999995864, -7812.599999997183, -16800.99999999889, -31279.80000002341, -4787.099999998717, -5893.699999997301, -6196.399999996787, -4125.300000001414, -7208.399999995887, -6181.799999996916, -6831.9999999961565, -5483.9999999980855, -2221.1000000010495, -4977.999999998166, -4503.599999998126, -13746.499999993304, -5448.899999997317, -6205.299999996967, -7545.699999995503, -8375.399999995992, -7655.799999995628, -7935.899999995429, -11977.099999993605, -7173.999999996455, -9860.599999995606, -6438.8999999963635, -26898.500000024695, -8160.099999996055, -2360.800000001021, -3508.400000001082, -7820.299999997078, -8967.499999994323, -2559.0000000011396, -7727.599999996777, -9072.099999995891, -3288.000000001064, -3961.5000000012537, -5674.099999997634, -7985.199999996048, -5174.899999997575, -29481.700000021665, -40391.80000003115, -44557.00000003671, -25641.900000012654, -11977.899999993379, -13580.699999992952, -11252.89999999395, -6825.599999996578, -2806.000000000938, -4571.100000000065, -3946.400000001019, -8198.49999999718, -6005.399999998059, -4666.399999998998, -5437.59999999791, -5478.69999999874, -6418.99999999731, -6193.099999997687, -6323.299999997629, -7875.699999996223, -7882.399999996902, -7291.699999997172, -7076.99999999755, -8151.999999996282, -11063.399999995128, -20485.900000007998, -34395.700000023404, -28669.400000021116, -27990.500000015705, -17180.7999999984, -3496.100000001204, -7082.899999997239, -5360.999999998356, -8157.099999996659, -6905.4999999965885, -6166.699999997591, -6943.099999996462, -5995.299999997413, -5130.599999998309, -4253.600000000922]
extra reward list:[-11072.600000001492, -11329.500000001759, -3570.6999999996983, -3446.0999999997307, -3352.299999999755, -2053.8000000000925, -4249.699999999522, -2623.5999999999444, -2055.200000000092, -2774.0999999999053, -2918.299999999868, -1859.9000000000817, -1495.900000000058, -1763.3000000000754, -4989.59999999933, -3082.799999999825, -6656.999999998897, -1670.2000000000694, -3324.2999999997623, -4944.799999999342, -2126.6000000000736, -2107.0000000000787, -4435.199999999474, -9253.299999999601, -2428.999999999995, -2988.2999999998497, -2528.399999999969, -1972.600000000089, -2058.0000000000914, -1640.8000000000675, -2091.6000000000827, -1787.100000000077, -1276.1000000000438, -1623.3000000000663, -1505.7000000000587, -3996.9999999995875, -2048.200000000094, -1917.3000000000854, -2158.1000000000654, -1810.2000000000785, -1711.500000000072, -1518.3000000000595, -2766.3999999999073, -1547.0000000000614, -2291.100000000031, -1023.4000000000274, -6575.799999998918, -1441.3000000000545, -2474.499999999983, -919.8000000000206, -1869.7000000000824, -2708.2999999999224, -695.100000000006, -2098.600000000081, -2428.299999999995, -998.2000000000257, -1130.5000000000343, -1533.0000000000605, -2025.1000000000925, -1330.0000000000473, -7163.099999998765, -8401.399999998715, -10217.900000000604, -6107.49999999904, -3356.499999999754, -3486.69999999972, -2587.8999999999537, -1747.9000000000744, -1102.5000000000325, -1031.800000000028, -1079.400000000031, -1491.7000000000578, -1297.1000000000452, -1477.0000000000568, -1500.1000000000583, -1435.0000000000541, -1502.2000000000585, -1534.4000000000606, -1402.800000000052, -1414.0000000000528, -1471.4000000000565, -1327.200000000047, -1138.2000000000348, -1179.5000000000375, -1315.3000000000463, -2622.8999999999446, -6159.299999999026, -5854.799999999105, -4832.099999999371, -2521.399999999971, -933.8000000000216, -1549.1000000000615, -1181.6000000000377, -1278.200000000044, -1195.6000000000386, -1285.9000000000444, -1435.7000000000542, -1383.9000000000508, -1490.3000000000577, -1413.3000000000527]
