nohup: 忽略输入
Env:sumo, Algorithm:TD3, Device:cuda
-----------------------------------------
models/reward_s9e-3_a4e-2_t(-1_1.4).pth
-----------------------------------------
 Retrying in 1 seconds
Warning: Unused states in tlLogic 'J10', program '0' in phase 0 after tl-index 10
Simulation......
总奖励:5309.857044763276, 速度奖励:66.09538744258322, 加速度奖励:-711.2383426792711, 交通灯奖励:5954.999999999507, 与前车进行交互的惩罚:0.0
Episode:1/100, Reward:5309.857044763276
Episode:1/100, avg speed:14.437917980568516
Episode:1/100, avg halt num:0.3433744722312439
Episode:1/100, avg elec cons:1.762902998089894
 Retrying in 1 seconds
Warning: Unused states in tlLogic 'J10', program '0' in phase 0 after tl-index 10
Simulation......
总奖励:5769.544111461795, 速度奖励:85.4773437121005, 加速度奖励:-681.333232250229, 交通灯奖励:6365.399999999296, 与前车进行交互的惩罚:0.0
Episode:2/100, Reward:5769.544111461795
Episode:2/100, avg speed:14.017458994774065
Episode:2/100, avg halt num:0.4596020761245675
Episode:2/100, avg elec cons:1.8991220424325361
 Retrying in 1 seconds
Warning: Unused states in tlLogic 'J10', program '0' in phase 0 after tl-index 10
Simulation......
总奖励:3383.524537770696, 速度奖励:29.77775298580801, 加速度奖励:-829.453215215255, 交通灯奖励:4183.200000000314, 与前车进行交互的惩罚:0.0
Episode:3/100, Reward:3383.524537770696
Episode:3/100, avg speed:15.656008223888662
Episode:3/100, avg halt num:0.2687152664269369
Episode:3/100, avg elec cons:2.0400010889173363
 Retrying in 1 seconds
Warning: Unused states in tlLogic 'J10', program '0' in phase 0 after tl-index 10
Simulation......
总奖励:3500.232636102245, 速度奖励:21.265524644517395, 加速度奖励:-769.0328885424155, 交通灯奖励:4248.0000000002765, 与前车进行交互的惩罚:0.0
Episode:4/100, Reward:3500.232636102245
Episode:4/100, avg speed:15.180946944438496
Episode:4/100, avg halt num:0.2661600615621393
Episode:4/100, avg elec cons:2.517761405001358
 Retrying in 1 seconds
Warning: Unused states in tlLogic 'J10', program '0' in phase 0 after tl-index 10
Simulation......
总奖励:3535.2019061211613, 速度奖励:23.42399855516249, 加速度奖励:-787.8220924341422, 交通灯奖励:4299.60000000023, 与前车进行交互的惩罚:0.0
Episode:5/100, Reward:3535.2019061211613
Episode:5/100, avg speed:15.442064003035668
Episode:5/100, avg halt num:0.27157258064516127
Episode:5/100, avg elec cons:2.595417889836701
 Retrying in 1 seconds
Warning: Unused states in tlLogic 'J10', program '0' in phase 0 after tl-index 10
Simulation......
总奖励:3665.871460186953, 速度奖励:24.207472030646446, 加速度奖励:-773.7360118438621, 交通灯奖励:4415.4000000002, 与前车进行交互的惩罚:0.0
Episode:6/100, Reward:3665.871460186953
Episode:6/100, avg speed:15.392720579554522
Episode:6/100, avg halt num:0.2700286123032904
Episode:6/100, avg elec cons:2.326385951692707
 Retrying in 1 seconds
Warning: Unused states in tlLogic 'J10', program '0' in phase 0 after tl-index 10
Simulation......
总奖励:3427.050486063413, 速度奖励:24.317511770323925, 加速度奖励:-794.0670257070905, 交通灯奖励:4196.800000000334, 与前车进行交互的惩罚:0.0
Episode:7/100, Reward:3427.050486063413
Episode:7/100, avg speed:15.671960660433209
Episode:7/100, avg halt num:0.25412371134020617
Episode:7/100, avg elec cons:2.2252208697171167
 Retrying in 1 seconds
Warning: Unused states in tlLogic 'J10', program '0' in phase 0 after tl-index 10
Simulation......
总奖励:3671.5539910884886, 速度奖励:20.830193311936622, 加速度奖励:-771.4762022236176, 交通灯奖励:4422.200000000126, 与前车进行交互的惩罚:0.0
Episode:8/100, Reward:3671.5539910884886
Episode:8/100, avg speed:15.716754610718901
Episode:8/100, avg halt num:0.22265994327135202
Episode:8/100, avg elec cons:2.0809409799729486
 Retrying in 1 seconds
Warning: Unused states in tlLogic 'J10', program '0' in phase 0 after tl-index 10
Simulation......
总奖励:3448.848611005502, 速度奖励:22.004943239033583, 加速度奖励:-783.5563322337075, 交通灯奖励:4210.400000000308, 与前车进行交互的惩罚:0.0
Episode:9/100, Reward:3448.848611005502
Episode:9/100, avg speed:15.61238309868525
Episode:9/100, avg halt num:0.23314881146206448
Episode:9/100, avg elec cons:2.1335054483633873
 Retrying in 1 seconds
Warning: Unused states in tlLogic 'J10', program '0' in phase 0 after tl-index 10
Simulation......
总奖励:3995.668810735469, 速度奖励:25.81545380225954, 加速度奖励:-795.946643066971, 交通灯奖励:4765.7999999999965, 与前车进行交互的惩罚:0.0
Episode:10/100, Reward:3995.668810735469
Episode:10/100, avg speed:15.28533396776175
Episode:10/100, avg halt num:0.2730959097320169
Episode:10/100, avg elec cons:2.2581718163871645
 Retrying in 1 seconds
Warning: Unused states in tlLogic 'J10', program '0' in phase 0 after tl-index 10
Simulation......
总奖励:3598.4624287020165, 速度奖励:24.102216056614157, 加速度奖励:-788.4397873547474, 交通灯奖励:4362.800000000195, 与前车进行交互的惩罚:0.0
Episode:11/100, Reward:3598.4624287020165
Episode:11/100, avg speed:15.889266951644418
Episode:11/100, avg halt num:0.24048731642189586
Episode:11/100, avg elec cons:2.177565640018956
 Retrying in 1 seconds
Warning: Unused states in tlLogic 'J10', program '0' in phase 0 after tl-index 10
Simulation......
总奖励:3812.454286089071, 速度奖励:22.039298603710968, 加速度奖励:-778.3850125148099, 交通灯奖励:4568.800000000126, 与前车进行交互的惩罚:0.0
Episode:12/100, Reward:3812.454286089071
Episode:12/100, avg speed:15.716433826903495
Episode:12/100, avg halt num:0.24145372928176795
Episode:12/100, avg elec cons:2.2313964467563956
 Retrying in 1 seconds
Warning: Unused states in tlLogic 'J10', program '0' in phase 0 after tl-index 10
Simulation......
总奖励:3287.2802026927716, 速度奖励:20.640969747581877, 加速度奖励:-765.5607670549524, 交通灯奖励:4032.20000000037, 与前车进行交互的惩罚:0.0
Episode:13/100, Reward:3287.2802026927716
Episode:13/100, avg speed:15.855021704843617
Episode:13/100, avg halt num:0.21860170832015186
Episode:13/100, avg elec cons:2.0970288194655566
 Retrying in 1 seconds
Warning: Unused states in tlLogic 'J10', program '0' in phase 0 after tl-index 10
Simulation......
总奖励:3612.158278923705, 速度奖励:23.78751157306588, 加速度奖励:-779.0292326495135, 交通灯奖励:4367.400000000221, 与前车进行交互的惩罚:0.0
Episode:14/100, Reward:3612.158278923705
Episode:14/100, avg speed:15.509070916412451
Episode:14/100, avg halt num:0.26500355113636365
Episode:14/100, avg elec cons:2.333199837469124
 Retrying in 1 seconds
Warning: Unused states in tlLogic 'J10', program '0' in phase 0 after tl-index 10
Simulation......
Error: tcpip::Socket::recvAndCheck @ recv: Connection reset by peer
Quitting (on error).
