nohup: 忽略输入
Env:sumo, Algorithm:TD3, Device:cuda
-----------------------------------------
models/reward_s9e-3_a4e-2_t(-0.7_0.06)_safe(5, 0.2).pth
-----------------------------------------
 Retrying in 1 seconds
Warning: Unused states in tlLogic 'J10', program '0' in phase 0 after tl-index 10
Simulation......
总奖励:-5816.795834660827, 速度奖励:-930.6574919819515, 加速度奖励:-711.2383426792711, 交通灯奖励:-3370.900000000099, 与前车进行交互的惩罚:-804.0000000000458
Episode:1/100, Reward:-5816.795834660827
Episode:1/100, avg speed:14.437917980568516
Episode:1/100, avg halt num:0.3433744722312439
Episode:1/100, avg elec cons:1.762902998089894
 Retrying in 1 seconds
Warning: Unused states in tlLogic 'J10', program '0' in phase 0 after tl-index 10
Simulation......
总奖励:-6784.246304697657, 速度奖励:-1184.5730724479397, 加速度奖励:-681.333232250229, 交通灯奖励:-4032.1399999999426, 与前车进行交互的惩罚:-886.2000000000645
Episode:2/100, Reward:-6784.246304697657
Episode:2/100, avg speed:14.017458994774065
Episode:2/100, avg halt num:0.4596020761245675
Episode:2/100, avg elec cons:1.8991220424325361
 Retrying in 1 seconds
Warning: Unused states in tlLogic 'J10', program '0' in phase 0 after tl-index 10
Simulation......
总奖励:-4737.8467288636475, 速度奖励:-579.0131625689686, 加速度奖励:-829.6735662950307, 交通灯奖励:-2736.3600000001857, 与前车进行交互的惩罚:-592.7999999999978
Episode:3/100, Reward:-4737.8467288636475
Episode:3/100, avg speed:15.65621036584347
Episode:3/100, avg halt num:0.2687152664269369
Episode:3/100, avg elec cons:2.040242960002186
 Retrying in 1 seconds
Warning: Unused states in tlLogic 'J10', program '0' in phase 0 after tl-index 10
Simulation......
总奖励:-4177.33776955418, 速度奖励:-484.50488101197516, 加速度奖励:-769.0328885424155, 交通灯奖励:-2408.4000000002484, 与前车进行交互的惩罚:-515.3999999999802
Episode:4/100, Reward:-4177.33776955418
Episode:4/100, avg speed:15.180946944438496
Episode:4/100, avg halt num:0.2661600615621393
Episode:4/100, avg elec cons:2.517761405001358
 Retrying in 1 seconds
Warning: Unused states in tlLogic 'J10', program '0' in phase 0 after tl-index 10
Simulation......
总奖励:-4334.239566042888, 速度奖励:-499.0574736089769, 加速度奖励:-787.8220924341422, 交通灯奖励:-2444.9600000002365, 与前车进行交互的惩罚:-602.4
Episode:5/100, Reward:-4334.239566042888
Episode:5/100, avg speed:15.442064003035668
Episode:5/100, avg halt num:0.27157258064516127
Episode:5/100, avg elec cons:2.595417889836701
 Retrying in 1 seconds
Warning: Unused states in tlLogic 'J10', program '0' in phase 0 after tl-index 10
Simulation......
总奖励:-4303.370872677604, 速度奖励:-519.6948608339696, 加速度奖励:-773.7360118438621, 交通灯奖励:-2466.9400000002456, 与前车进行交互的惩罚:-542.9999999999865
Episode:6/100, Reward:-4303.370872677604
Episode:6/100, avg speed:15.392720579554522
Episode:6/100, avg halt num:0.2700286123032904
Episode:6/100, avg elec cons:2.326385951692707
 Retrying in 1 seconds
Warning: Unused states in tlLogic 'J10', program '0' in phase 0 after tl-index 10
Simulation......
总奖励:-4413.84035195783, 速度奖励:-521.6933262509713, 加速度奖励:-794.0670257070905, 交通灯奖励:-2542.6800000002186, 与前车进行交互的惩罚:-555.3999999999893
Episode:7/100, Reward:-4413.84035195783
Episode:7/100, avg speed:15.671960660433209
Episode:7/100, avg halt num:0.25412371134020617
Episode:7/100, avg elec cons:2.2252208697171167
 Retrying in 1 seconds
Warning: Unused states in tlLogic 'J10', program '0' in phase 0 after tl-index 10
Simulation......
总奖励:-4058.560909416374, 速度奖励:-483.26470719297095, 加速度奖励:-771.4762022236176, 交通灯奖励:-2344.420000000278, 与前车进行交互的惩罚:-459.39999999998247
Episode:8/100, Reward:-4058.560909416374
Episode:8/100, avg speed:15.716754610718901
Episode:8/100, avg halt num:0.22265994327135202
Episode:8/100, avg elec cons:2.0809409799729486
 Retrying in 1 seconds
Warning: Unused states in tlLogic 'J10', program '0' in phase 0 after tl-index 10
Simulation......
总奖励:-4240.973962187412, 速度奖励:-499.177629953971, 加速度奖励:-783.5563322337075, 交通灯奖励:-2463.2400000002463, 与前车进行交互的惩罚:-494.99999999998045
Episode:9/100, Reward:-4240.973962187412
Episode:9/100, avg speed:15.61238309868525
Episode:9/100, avg halt num:0.23314881146206448
Episode:9/100, avg elec cons:2.1335054483633873
 Retrying in 1 seconds
Warning: Unused states in tlLogic 'J10', program '0' in phase 0 after tl-index 10
Simulation......
总奖励:-4299.4389357726905, 速度奖励:-537.1122927059699, 加速度奖励:-795.946643066971, 交通灯奖励:-2415.7800000002694, 与前车进行交互的惩罚:-550.5999999999882
Episode:10/100, Reward:-4299.4389357726905
Episode:10/100, avg speed:15.28533396776175
Episode:10/100, avg halt num:0.2730959097320169
Episode:10/100, avg elec cons:2.2581718163871645
 Retrying in 1 seconds
Warning: Unused states in tlLogic 'J10', program '0' in phase 0 after tl-index 10
Simulation......
总奖励:-4337.5850340214965, 速度奖励:-516.0652466669732, 加速度奖励:-788.4397873547474, 交通灯奖励:-2472.4800000002497, 与前车进行交互的惩罚:-560.5999999999905
Episode:11/100, Reward:-4337.5850340214965
Episode:11/100, avg speed:15.889266951644418
Episode:11/100, avg halt num:0.24048731642189586
Episode:11/100, avg elec cons:2.177565640018956
 Retrying in 1 seconds
Warning: Unused states in tlLogic 'J10', program '0' in phase 0 after tl-index 10
Simulation......
总奖励:-4134.143867398292, 速度奖励:-492.357018518974, 加速度奖励:-779.1068488795046, 交通灯奖励:-2332.880000000272, 与前车进行交互的惩罚:-529.7999999999835
Episode:12/100, Reward:-4134.143867398292
Episode:12/100, avg speed:15.71675434707357
Episode:12/100, avg halt num:0.24145372928176795
Episode:12/100, avg elec cons:2.2317681572795935
 Retrying in 1 seconds
Warning: Unused states in tlLogic 'J10', program '0' in phase 0 after tl-index 10
Simulation......
总奖励:-4327.73040297073, 速度奖励:-560.2800986099705, 加速度奖励:-919.6303043609873, 交通灯奖励:-2484.820000000252, 与前车进行交互的惩罚:-362.99999999998795
Episode:13/100, Reward:-4327.73040297073
Episode:13/100, avg speed:15.34600183931064
Episode:13/100, avg halt num:0.21017699115044247
Episode:13/100, avg elec cons:2.1891122723251355
 Retrying in 1 seconds
Warning: Unused states in tlLogic 'J10', program '0' in phase 0 after tl-index 10
Simulation......
总奖励:-7306.055783289644, 速度奖励:-1141.9442587079675, 加速度奖励:-1963.211524582184, 交通灯奖励:-3613.9000000000706, 与前车进行交互的惩罚:-586.9999999999965
Episode:14/100, Reward:-7306.055783289644
Episode:14/100, avg speed:13.088632310317621
Episode:14/100, avg halt num:0.19181505779443925
Episode:14/100, avg elec cons:2.187871500511705
 Retrying in 1 seconds
Warning: Unused states in tlLogic 'J10', program '0' in phase 0 after tl-index 10
Simulation......
总奖励:-22431.45830607027, 速度奖励:-4017.6565914873454, 加速度奖励:-6531.641714582065, 交通灯奖励:-10258.760000000304, 与前车进行交互的惩罚:-1623.400000000232
Episode:15/100, Reward:-22431.45830607027
Episode:15/100, avg speed:8.431739218827934
Episode:15/100, avg halt num:0.43542502736227656
Episode:15/100, avg elec cons:1.103486525531595
 Retrying in 1 seconds
Warning: Unused states in tlLogic 'J10', program '0' in phase 0 after tl-index 10
Simulation......
总奖励:-12491.6451486187, 速度奖励:-2331.506755422137, 加速度奖励:-3508.398393195495, 交通灯奖励:-5414.139999997454, 与前车进行交互的惩罚:-1237.6000000001443
Episode:16/100, Reward:-12491.6451486187
Episode:16/100, avg speed:11.118856762448646
Episode:16/100, avg halt num:0.33216723549488053
Episode:16/100, avg elec cons:1.2309300373196883
 Retrying in 1 seconds
Warning: Unused states in tlLogic 'J10', program '0' in phase 0 after tl-index 10
Simulation......
总奖励:-4248.470520336365, 速度奖励:-862.6091825069833, 加速度奖励:-1143.641337829478, 交通灯奖励:-1641.420000000527, 与前车进行交互的惩罚:-600.7999999999996
Episode:17/100, Reward:-4248.470520336365
Episode:17/100, avg speed:12.765123414548007
Episode:17/100, avg halt num:0.14657814096016344
Episode:17/100, avg elec cons:1.803462668968077
 Retrying in 1 seconds
Warning: Unused states in tlLogic 'J10', program '0' in phase 0 after tl-index 10
Simulation......
总奖励:-3217.73084098722, 速度奖励:-594.7734042539853, 加速度奖励:-919.5174367332434, 交通灯奖励:-1234.4400000003877, 与前车进行交互的惩罚:-468.9999999999819
Episode:18/100, Reward:-3217.73084098722
Episode:18/100, avg speed:13.466110509837751
Episode:18/100, avg halt num:0.14059345983044005
Episode:18/100, avg elec cons:2.250234510566275
 Retrying in 1 seconds
Warning: Unused states in tlLogic 'J10', program '0' in phase 0 after tl-index 10
Simulation......
总奖励:-4627.142945975676, 速度奖励:-1048.1255680319823, 加速度奖励:-1118.0973779437381, 交通灯奖励:-1832.7200000004384, 与前车进行交互的惩罚:-628.2000000000058
Episode:19/100, Reward:-4627.142945975676
Episode:19/100, avg speed:12.108973017702375
Episode:19/100, avg halt num:0.1530362389813908
Episode:19/100, avg elec cons:1.2131732739877046
 Retrying in 1 seconds
Warning: Unused states in tlLogic 'J10', program '0' in phase 0 after tl-index 10
Simulation......
总奖励:-9552.848843962807, 速度奖励:-1815.5727421739984, 加速度奖励:-2411.5161017887976, 交通灯奖励:-3825.160000000283, 与前车进行交互的惩罚:-1500.600000000204
Episode:20/100, Reward:-9552.848843962807
Episode:20/100, avg speed:9.865781440373313
Episode:20/100, avg halt num:0.13850610710930158
Episode:20/100, avg elec cons:1.1503926264132673
 Retrying in 1 seconds
Warning: Unused states in tlLogic 'J10', program '0' in phase 0 after tl-index 10
Simulation......
总奖励:-3720.417086710126, 速度奖励:-848.966867297994, 加速度奖励:-1261.8102194121716, 交通灯奖励:-954.6400000004029, 与前车进行交互的惩罚:-655.0000000000119
Episode:21/100, Reward:-3720.417086710126
Episode:21/100, avg speed:12.55727889346956
Episode:21/100, avg halt num:0.1025420489296636
Episode:21/100, avg elec cons:1.9921048013633258
 Retrying in 1 seconds
Warning: Unused states in tlLogic 'J10', program '0' in phase 0 after tl-index 10
Simulation......
总奖励:-3574.767051709619, 速度奖励:-756.4683683250041, 加速度奖励:-1336.438683384621, 交通灯奖励:-715.4600000001938, 与前车进行交互的惩罚:-766.4000000000373
Episode:22/100, Reward:-3574.767051709619
Episode:22/100, avg speed:13.196747209092294
Episode:22/100, avg halt num:0.025959780621572212
Episode:22/100, avg elec cons:2.6249923164431737
 Retrying in 1 seconds
Warning: Unused states in tlLogic 'J10', program '0' in phase 0 after tl-index 10
Simulation......
总奖励:-3719.3352877700286, 速度奖励:-801.0651309210091, 加速度奖励:-1473.2101568490425, 交通灯奖励:-630.0600000001153, 与前车进行交互的惩罚:-815.0000000000483
Episode:23/100, Reward:-3719.3352877700286
Episode:23/100, avg speed:13.270668626600262
Episode:23/100, avg halt num:0.02140495867768595
Episode:23/100, avg elec cons:2.466381691027884
 Retrying in 1 seconds
Warning: Unused states in tlLogic 'J10', program '0' in phase 0 after tl-index 10
Simulation......
总奖励:-3537.794835773355, 速度奖励:-784.1519628840066, 加速度奖励:-1401.782872889354, 交通灯奖励:-633.0600000001004, 与前车进行交互的惩罚:-718.8000000000264
Episode:24/100, Reward:-3537.794835773355
Episode:24/100, avg speed:13.324192384017655
Episode:24/100, avg halt num:0.027244632400780743
Episode:24/100, avg elec cons:2.465950343075467
 Retrying in 1 seconds
Warning: Unused states in tlLogic 'J10', program '0' in phase 0 after tl-index 10
Simulation......
总奖励:-3157.327127216331, 速度奖励:-743.9260924169938, 加速度奖励:-1297.621034799368, 交通灯奖励:-628.3800000001015, 与前车进行交互的惩罚:-487.3999999999809
Episode:25/100, Reward:-3157.327127216331
Episode:25/100, avg speed:13.395910773837072
Episode:25/100, avg halt num:0.04184620483924428
Episode:25/100, avg elec cons:2.462442774060753
 Retrying in 1 seconds
Warning: Unused states in tlLogic 'J10', program '0' in phase 0 after tl-index 10
Simulation......
总奖励:-3377.2289665816934, 速度奖励:-735.081692219985, 加速度奖励:-1283.4872743618007, 交通灯奖励:-852.6600000001646, 与前车进行交互的惩罚:-505.9999999999798
Episode:26/100, Reward:-3377.2289665816934
Episode:26/100, avg speed:13.21110356249394
Episode:26/100, avg halt num:0.12346625766871165
Episode:26/100, avg elec cons:2.784325852260977
 Retrying in 1 seconds
Warning: Unused states in tlLogic 'J10', program '0' in phase 0 after tl-index 10
Simulation......
总奖励:-3171.4327630044577, 速度奖励:-776.2793757659942, 加速度奖励:-1166.8533872385065, 交通灯奖励:-663.9000000001339, 与前车进行交互的惩罚:-564.3999999999913
Episode:27/100, Reward:-3171.4327630044577
Episode:27/100, avg speed:12.99634366093929
Episode:27/100, avg halt num:0.07230902777777778
Episode:27/100, avg elec cons:2.4736487386369315
 Retrying in 1 seconds
Warning: Unused states in tlLogic 'J10', program '0' in phase 0 after tl-index 10
Simulation......
总奖励:-2358.2543906624173, 速度奖励:-652.827674501993, 加速度奖励:-829.6067161604016, 交通灯奖励:-452.8199999999675, 与前车进行交互的惩罚:-422.99999999998454
Episode:28/100, Reward:-2358.2543906624173
Episode:28/100, avg speed:12.929143735856282
Episode:28/100, avg halt num:0.07416906032006565
Episode:28/100, avg elec cons:2.694934208724114
 Retrying in 1 seconds
Warning: Unused states in tlLogic 'J10', program '0' in phase 0 after tl-index 10
Simulation......
总奖励:-1826.1099892874117, 速度奖励:-637.1173904399942, 加速度奖励:-764.4325988473756, 交通灯奖励:-51.55999999997893, 与前车进行交互的惩罚:-372.9999999999874
Episode:29/100, Reward:-1826.1099892874117
Episode:29/100, avg speed:13.46038813507889
Episode:29/100, avg halt num:0.06701444622792938
Episode:29/100, avg elec cons:2.5947022288916655
 Retrying in 1 seconds
Warning: Unused states in tlLogic 'J10', program '0' in phase 0 after tl-index 10
Simulation......
总奖励:-1708.9901137052493, 速度奖励:-564.2574638489934, 加速度奖励:-669.7526498562036, 交通灯奖励:-199.77999999997277, 与前车进行交互的惩罚:-275.19999999999294
Episode:30/100, Reward:-1708.9901137052493
Episode:30/100, avg speed:14.364916149463797
Episode:30/100, avg halt num:0.04872733612273361
Episode:30/100, avg elec cons:2.5269175504060053
 Retrying in 1 seconds
Warning: Unused states in tlLogic 'J10', program '0' in phase 0 after tl-index 10
Simulation......
总奖励:-1810.086234043082, 速度奖励:-568.7741345039926, 加速度奖励:-673.3120995390348, 交通灯奖励:-239.19999999998035, 与前车进行交互的惩罚:-328.7999999999899
Episode:31/100, Reward:-1810.086234043082
Episode:31/100, avg speed:14.045002969036034
Episode:31/100, avg halt num:0.05730337078651685
Episode:31/100, avg elec cons:2.7702796888586736
 Retrying in 1 seconds
Warning: Unused states in tlLogic 'J10', program '0' in phase 0 after tl-index 10
Simulation......
总奖励:-1785.1982827227164, 速度奖励:-601.1439437969902, 加速度奖励:-677.0543389256575, 交通灯奖励:-235.39999999997517, 与前车进行交互的惩罚:-271.59999999999314
Episode:32/100, Reward:-1785.1982827227164
Episode:32/100, avg speed:13.743923755707987
Episode:32/100, avg halt num:0.08427601809954752
Episode:32/100, avg elec cons:2.77300959041904
 Retrying in 1 seconds
Warning: Unused states in tlLogic 'J10', program '0' in phase 0 after tl-index 10
Simulation......
总奖励:-1703.791529244795, 速度奖励:-594.6078570659946, 加速度奖励:-673.8236721787465, 交通灯奖励:-183.15999999998257, 与前车进行交互的惩罚:-252.19999999999422
Episode:33/100, Reward:-1703.791529244795
Episode:33/100, avg speed:13.798714382867566
Episode:33/100, avg halt num:0.06549271339347676
Episode:33/100, avg elec cons:2.6285650077684473
 Retrying in 1 seconds
Warning: Unused states in tlLogic 'J10', program '0' in phase 0 after tl-index 10
Simulation......
总奖励:-1691.99210576799, 速度奖励:-620.8142059619913, 加速度奖励:-687.0978998059412, 交通灯奖励:-114.07999999998201, 与前车进行交互的惩罚:-269.99999999999324
Episode:34/100, Reward:-1691.99210576799
Episode:34/100, avg speed:14.004093102169975
Episode:34/100, avg halt num:0.06521361583883292
Episode:34/100, avg elec cons:2.554778966253009
 Retrying in 1 seconds
Warning: Unused states in tlLogic 'J10', program '0' in phase 0 after tl-index 10
Simulation......
总奖励:-1712.8917239444836, 速度奖励:-577.9494981359938, 加速度奖励:-688.9622258084383, 交通灯奖励:-145.5799999999795, 与前车进行交互的惩罚:-300.3999999999915
Episode:35/100, Reward:-1712.8917239444836
Episode:35/100, avg speed:14.11980413199421
Episode:35/100, avg halt num:0.06448339483394834
Episode:35/100, avg elec cons:2.7065908119430957
 Retrying in 1 seconds
Warning: Unused states in tlLogic 'J10', program '0' in phase 0 after tl-index 10
Simulation......
总奖励:-1786.613455918152, 速度奖励:-638.054534672992, 加速度奖励:-728.1389212451053, 交通灯奖励:-132.01999999998225, 与前车进行交互的惩罚:-288.3999999999922
Episode:36/100, Reward:-1786.613455918152
Episode:36/100, avg speed:13.632382926009432
Episode:36/100, avg halt num:0.07050333086602517
Episode:36/100, avg elec cons:2.667191421982878
 Retrying in 1 seconds
Warning: Unused states in tlLogic 'J10', program '0' in phase 0 after tl-index 10
Simulation......
总奖励:-1758.8720899165996, 速度奖励:-617.3344449809956, 加速度奖励:-738.1376449355687, 交通灯奖励:-105.59999999999593, 与前车进行交互的惩罚:-297.79999999999166
Episode:37/100, Reward:-1758.8720899165996
Episode:37/100, avg speed:13.141682209265399
Episode:37/100, avg halt num:0.0631037379252415
Episode:37/100, avg elec cons:3.0249285302872733
 Retrying in 1 seconds
Warning: Unused states in tlLogic 'J10', program '0' in phase 0 after tl-index 10
Simulation......
总奖励:-1568.397842092452, 速度奖励:-565.888528520995, 加速度奖励:-716.4093135714156, 交通灯奖励:-32.49999999999331, 与前车进行交互的惩罚:-253.59999999999414
Episode:38/100, Reward:-1568.397842092452
Episode:38/100, avg speed:13.91278863300237
Episode:38/100, avg halt num:0.03646630934150077
Episode:38/100, avg elec cons:2.6247767017862356
 Retrying in 1 seconds
Warning: Unused states in tlLogic 'J10', program '0' in phase 0 after tl-index 10
Simulation......
总奖励:-2158.944470479975, 速度奖励:-807.282292266002, 加速度奖励:-848.5421782139507, 交通灯奖励:-172.1199999999717, 与前车进行交互的惩罚:-330.99999999998977
Episode:39/100, Reward:-2158.944470479975
Episode:39/100, avg speed:12.856415522701067
Episode:39/100, avg halt num:0.04064207650273224
Episode:39/100, avg elec cons:1.7017354609783646
 Retrying in 1 seconds
Warning: Unused states in tlLogic 'J10', program '0' in phase 0 after tl-index 10
Simulation......
总奖励:-1885.4587589424343, 速度奖励:-746.0777489760007, 加速度奖励:-893.021009966421, 交通灯奖励:61.84000000000597, 与前车进行交互的惩罚:-308.19999999999106
Episode:40/100, Reward:-1885.4587589424343
Episode:40/100, avg speed:12.896682636732518
Episode:40/100, avg halt num:0.023513986013986014
Episode:40/100, avg elec cons:1.5243687215013937
 Retrying in 1 seconds
Warning: Unused states in tlLogic 'J10', program '0' in phase 0 after tl-index 10
Simulation......
总奖励:-1855.9226981479233, 速度奖励:-777.9679812360056, 加速度奖励:-872.0147169119126, 交通灯奖励:9.860000000007341, 与前车进行交互的惩罚:-215.7999999999963
Episode:41/100, Reward:-1855.9226981479233
Episode:41/100, avg speed:12.77416495277683
Episode:41/100, avg halt num:0.005816034359341446
Episode:41/100, avg elec cons:1.670789638447421
 Retrying in 1 seconds
Warning: Unused states in tlLogic 'J10', program '0' in phase 0 after tl-index 10
Simulation......
总奖励:-2331.679454001113, 速度奖励:-829.626024348004, 加速度奖励:-1113.333429653099, 交通灯奖励:-146.51999999997608, 与前车进行交互的惩罚:-242.1999999999948
Episode:42/100, Reward:-2331.679454001113
Episode:42/100, avg speed:12.497938004650829
Episode:42/100, avg halt num:0.014526276831976314
Episode:42/100, avg elec cons:1.8810458523907272
 Retrying in 1 seconds
Warning: Unused states in tlLogic 'J10', program '0' in phase 0 after tl-index 10
Simulation......
总奖励:-3267.9886669338453, 速度奖励:-906.3047011499973, 加速度奖励:-1248.563965783865, 交通灯奖励:-811.9200000003068, 与前车进行交互的惩罚:-301.19999999999146
Episode:43/100, Reward:-3267.9886669338453
Episode:43/100, avg speed:11.878828983115152
Episode:43/100, avg halt num:0.05046674445740957
Episode:43/100, avg elec cons:2.1828611595321865
 Retrying in 1 seconds
Warning: Unused states in tlLogic 'J10', program '0' in phase 0 after tl-index 10
Simulation......
总奖励:-2511.8687683086164, 速度奖励:-592.4533970790013, 加速度奖励:-1198.1553712295824, 交通灯奖励:-441.2599999999738, 与前车进行交互的惩罚:-279.99999999999267
Episode:44/100, Reward:-2511.8687683086164
Episode:44/100, avg speed:13.993342714846811
Episode:44/100, avg halt num:0.0207946528035648
Episode:44/100, avg elec cons:2.6841722991344943
 Retrying in 1 seconds
Warning: Unused states in tlLogic 'J10', program '0' in phase 0 after tl-index 10
Simulation......
总奖励:-2617.925317674905, 速度奖励:-642.8518806960031, 加速度奖励:-1316.693436978865, 交通灯奖励:-315.97999999996875, 与前车进行交互的惩罚:-342.3999999999891
Episode:45/100, Reward:-2617.925317674905
Episode:45/100, avg speed:13.202165652346979
Episode:45/100, avg halt num:0.01678376268540203
Episode:45/100, avg elec cons:2.9241017845840505
 Retrying in 1 seconds
Warning: Unused states in tlLogic 'J10', program '0' in phase 0 after tl-index 10
Simulation......
总奖励:-2435.194816631529, 速度奖励:-691.8196140900017, 加速度奖励:-1198.1152025415076, 交通灯奖励:-191.85999999998015, 与前车进行交互的惩罚:-353.3999999999885
Episode:46/100, Reward:-2435.194816631529
Episode:46/100, avg speed:13.793280429215496
Episode:46/100, avg halt num:0.026422764227642278
Episode:46/100, avg elec cons:2.4612735622325546
 Retrying in 1 seconds
Warning: Unused states in tlLogic 'J10', program '0' in phase 0 after tl-index 10
Simulation......
总奖励:-2769.2341007619507, 速度奖励:-790.3370387700083, 加速度奖励:-1348.3570619919458, 交通灯奖励:-245.33999999998022, 与前车进行交互的惩罚:-385.1999999999867
Episode:47/100, Reward:-2769.2341007619507
Episode:47/100, avg speed:12.507844371009677
Episode:47/100, avg halt num:0.014589608433734939
Episode:47/100, avg elec cons:2.7073761145458635
 Retrying in 1 seconds
Warning: Unused states in tlLogic 'J10', program '0' in phase 0 after tl-index 10
Simulation......
总奖励:-2418.9661996702075, 速度奖励:-723.6205749000089, 加速度奖励:-1243.2856247702007, 交通灯奖励:-67.65999999997963, 与前车进行交互的惩罚:-384.39999999998673
Episode:48/100, Reward:-2418.9661996702075
Episode:48/100, avg speed:12.659136089819944
Episode:48/100, avg halt num:0.009901960784313725
Episode:48/100, avg elec cons:2.9021919748577045
 Retrying in 1 seconds
Warning: Unused states in tlLogic 'J10', program '0' in phase 0 after tl-index 10
Simulation......
总奖励:-2210.042853420464, 速度奖励:-717.8857512660061, 加速度奖励:-1230.9971021544434, 交通灯奖励:47.840000000007805, 与前车进行交互的惩罚:-308.999999999991
Episode:49/100, Reward:-2210.042853420464
Episode:49/100, avg speed:13.458257748327
Episode:49/100, avg halt num:0.007724719101123595
Episode:49/100, avg elec cons:2.323009385054159
 Retrying in 1 seconds
Warning: Unused states in tlLogic 'J10', program '0' in phase 0 after tl-index 10
Simulation......
总奖励:-2232.9337189990274, 速度奖励:-759.4544335230081, 加速度奖励:-1190.779285476017, 交通灯奖励:-17.899999999999416, 与前车进行交互的惩罚:-264.79999999999353
Episode:50/100, Reward:-2232.9337189990274
Episode:50/100, avg speed:12.970845566593768
Episode:50/100, avg halt num:0.01439032697547684
Episode:50/100, avg elec cons:1.9447675925128753
 Retrying in 1 seconds
Warning: Unused states in tlLogic 'J10', program '0' in phase 0 after tl-index 10
Simulation......
总奖励:-2316.150060941322, 速度奖励:-801.7140188700048, 加速度奖励:-1186.4160420712944, 交通灯奖励:-46.41999999999268, 与前车进行交互的惩罚:-281.5999999999926
Episode:51/100, Reward:-2316.150060941322
Episode:51/100, avg speed:13.076013991222384
Episode:51/100, avg halt num:0.028467741935483872
Episode:51/100, avg elec cons:1.460357404357029
 Retrying in 1 seconds
Warning: Unused states in tlLogic 'J10', program '0' in phase 0 after tl-index 10
Simulation......
总奖励:-3397.950498089535, 速度奖励:-1129.4014968989945, 加速度奖励:-1307.8090011905842, 交通灯奖励:-463.33999999995774, 与前车进行交互的惩罚:-497.3999999999803
Episode:52/100, Reward:-3397.950498089535
Episode:52/100, avg speed:11.486471751080852
Episode:52/100, avg halt num:0.10526315789473684
Episode:52/100, avg elec cons:0.8973259710643023
 Retrying in 1 seconds
Warning: Unused states in tlLogic 'J10', program '0' in phase 0 after tl-index 10
Simulation......
总奖励:-3268.545807293753, 速度奖励:-1023.339964814997, 加速度奖励:-1395.9258424787768, 交通灯奖励:-527.6799999999898, 与前车进行交互的惩罚:-321.5999999999903
Episode:53/100, Reward:-3268.545807293753
Episode:53/100, avg speed:11.649540910455858
Episode:53/100, avg halt num:0.06652892561983471
Episode:53/100, avg elec cons:0.9107085417999342
 Retrying in 1 seconds
Warning: Unused states in tlLogic 'J10', program '0' in phase 0 after tl-index 10
Simulation......
总奖励:-5327.50864373495, 速度奖励:-1442.7336257819784, 加速度奖励:-1763.03501795318, 交通灯奖励:-1478.3400000005554, 与前车进行交互的惩罚:-643.4000000000093
Episode:54/100, Reward:-5327.50864373495
Episode:54/100, avg speed:10.237963655543204
Episode:54/100, avg halt num:0.17567788304475662
Episode:54/100, avg elec cons:0.806806582705319
 Retrying in 1 seconds
Warning: Unused states in tlLogic 'J10', program '0' in phase 0 after tl-index 10
Simulation......
总奖励:-5180.9107939795485, 速度奖励:-1198.2573067409721, 加速度奖励:-1406.1734872387733, 交通灯奖励:-1991.280000000625, 与前车进行交互的惩罚:-585.1999999999961
Episode:55/100, Reward:-5180.9107939795485
Episode:55/100, avg speed:10.540225183367538
Episode:55/100, avg halt num:0.22883747178329572
Episode:55/100, avg elec cons:0.9930169185378477
 Retrying in 1 seconds
Warning: Unused states in tlLogic 'J10', program '0' in phase 0 after tl-index 10
Simulation......
总奖励:-3249.6878082584726, 速度奖励:-773.2688957010029, 加速度奖励:-1135.71891255751, 交通灯奖励:-944.3000000003277, 与前车进行交互的惩罚:-396.39999999998605
Episode:56/100, Reward:-3249.6878082584726
Episode:56/100, avg speed:12.635486266900127
Episode:56/100, avg halt num:0.06820632638389648
Episode:56/100, avg elec cons:1.1572072341992972
 Retrying in 1 seconds
Warning: Unused states in tlLogic 'J10', program '0' in phase 0 after tl-index 10
Simulation......
总奖励:-2765.8065398262092, 速度奖励:-720.0211328459928, 加速度奖励:-989.325406980212, 交通灯奖励:-731.4600000001473, 与前车进行交互的惩罚:-324.9999999999901
Episode:57/100, Reward:-2765.8065398262092
Episode:57/100, avg speed:12.36413625200439
Episode:57/100, avg halt num:0.07387941293137644
Episode:57/100, avg elec cons:1.4198335983016543
 Retrying in 1 seconds
Warning: Unused states in tlLogic 'J10', program '0' in phase 0 after tl-index 10
Simulation......
总奖励:-3138.397263641745, 速度奖励:-989.8890406469939, 加速度奖励:-1114.5282229947863, 交通灯奖励:-721.3800000002344, 与前车进行交互的惩罚:-312.5999999999908
Episode:58/100, Reward:-3138.397263641745
Episode:58/100, avg speed:10.965796114128356
Episode:58/100, avg halt num:0.09540363074546157
Episode:58/100, avg elec cons:1.3953931407565885
 Retrying in 1 seconds
Warning: Unused states in tlLogic 'J10', program '0' in phase 0 after tl-index 10
Simulation......
总奖励:-3986.2963068040463, 速度奖励:-1083.297404421001, 加速度奖励:-1843.038902383116, 交通灯奖励:-702.560000000288, 与前车进行交互的惩罚:-357.39999999998827
Episode:59/100, Reward:-3986.2963068040463
Episode:59/100, avg speed:11.133130594775166
Episode:59/100, avg halt num:0.07606729377713459
Episode:59/100, avg elec cons:1.3779741893373183
 Retrying in 1 seconds
Warning: Unused states in tlLogic 'J10', program '0' in phase 0 after tl-index 10
Simulation......
总奖励:-7178.648065485219, 速度奖励:-2156.2569656189908, 加速度奖励:-2436.7310998666767, 交通灯奖励:-1745.260000000766, 与前车进行交互的惩罚:-840.4000000000541
Episode:60/100, Reward:-7178.648065485219
Episode:60/100, avg speed:9.05511513720758
Episode:60/100, avg halt num:0.3341295909226635
Episode:60/100, avg elec cons:0.5836879849565036
 Retrying in 1 seconds
Warning: Unused states in tlLogic 'J10', program '0' in phase 0 after tl-index 10
Simulation......
总奖励:-12247.254912727863, 速度奖励:-3008.0664088922913, 加速度奖励:-2728.068503835038, 交通灯奖励:-4946.519999998227, 与前车进行交互的惩罚:-1564.6000000002186
Episode:61/100, Reward:-12247.254912727863
Episode:61/100, avg speed:7.651238653180565
Episode:61/100, avg halt num:0.6758836944127709
Episode:61/100, avg elec cons:0.6502486221785363
 Retrying in 1 seconds
Warning: Unused states in tlLogic 'J10', program '0' in phase 0 after tl-index 10
Simulation......
总奖励:-6383.31181480321, 速度奖励:-1441.9685838149921, 加速度奖励:-1569.2832309883352, 交通灯奖励:-2703.6600000005437, 与前车进行交互的惩罚:-668.400000000015
Episode:62/100, Reward:-6383.31181480321
Episode:62/100, avg speed:10.34401371101393
Episode:62/100, avg halt num:0.08200325732899023
Episode:62/100, avg elec cons:0.6802496926921483
 Retrying in 1 seconds
Warning: Unused states in tlLogic 'J10', program '0' in phase 0 after tl-index 10
Simulation......
总奖励:-9508.100143994725, 速度奖励:-2263.1395610699965, 加速度奖励:-2421.5205829249344, 交通灯奖励:-3623.0400000004597, 与前车进行交互的惩罚:-1200.4000000001358
Episode:63/100, Reward:-9508.100143994725
Episode:63/100, avg speed:9.50142020952846
Episode:63/100, avg halt num:0.2625642490005711
Episode:63/100, avg elec cons:0.6066738009278577
 Retrying in 1 seconds
Warning: Unused states in tlLogic 'J10', program '0' in phase 0 after tl-index 10
Simulation......
总奖励:-20719.7386724255, 速度奖励:-4055.167294317263, 加速度奖励:-6363.991378107493, 交通灯奖励:-8862.97999999622, 与前车进行交互的惩罚:-1437.6000000001898
Episode:64/100, Reward:-20719.7386724255
Episode:64/100, avg speed:5.688811731678898
Episode:64/100, avg halt num:0.35340531561461797
Episode:64/100, avg elec cons:0.6879006645581264
 Retrying in 1 seconds
Warning: Unused states in tlLogic 'J10', program '0' in phase 0 after tl-index 10
Simulation......
总奖励:-26888.48444352534, 速度奖励:-4839.036143472466, 加速度奖励:-8084.208300051524, 交通灯奖励:-12295.24000000439, 与前车进行交互的惩罚:-1670.0000000002426
Episode:65/100, Reward:-26888.48444352534
Episode:65/100, avg speed:6.303540593712638
Episode:65/100, avg halt num:0.45301642451042323
Episode:65/100, avg elec cons:0.7139206533260817
 Retrying in 1 seconds
Warning: Unused states in tlLogic 'J10', program '0' in phase 0 after tl-index 10
Simulation......
总奖励:-26136.957425905315, 速度奖励:-4673.083964859406, 加速度奖励:-8070.413461044908, 交通灯奖励:-11839.66000000364, 与前车进行交互的惩罚:-1553.8000000002162
Episode:66/100, Reward:-26136.957425905315
Episode:66/100, avg speed:6.564014074198073
Episode:66/100, avg halt num:0.36350656767561396
Episode:66/100, avg elec cons:0.6551882715423831
 Retrying in 1 seconds
Warning: Unused states in tlLogic 'J10', program '0' in phase 0 after tl-index 10
Simulation......
总奖励:-26626.948036597012, 速度奖励:-4749.091969059441, 加速度奖励:-8292.296067536447, 交通灯奖励:-12005.760000003977, 与前车进行交互的惩罚:-1579.800000000222
Episode:67/100, Reward:-26626.948036597012
Episode:67/100, avg speed:6.696422897738864
Episode:67/100, avg halt num:0.3777330264672037
Episode:67/100, avg elec cons:0.6590307748356543
 Retrying in 1 seconds
Warning: Unused states in tlLogic 'J10', program '0' in phase 0 after tl-index 10
Simulation......
总奖励:-26878.16149995026, 速度奖励:-4799.820950100381, 加速度奖励:-8309.520549848632, 交通灯奖励:-12167.220000004356, 与前车进行交互的惩罚:-1601.600000000227
Episode:68/100, Reward:-26878.16149995026
Episode:68/100, avg speed:7.078610405499111
Episode:68/100, avg halt num:0.39431590974007424
Episode:68/100, avg elec cons:0.6559355929439085
 Retrying in 1 seconds
Warning: Unused states in tlLogic 'J10', program '0' in phase 0 after tl-index 10
Simulation......
总奖励:-26616.419910222627, 速度奖励:-4754.683603188476, 加速度奖励:-8303.196307032731, 交通灯奖励:-12195.74000000428, 与前车进行交互的惩罚:-1362.8000000001728
Episode:69/100, Reward:-26616.419910222627
Episode:69/100, avg speed:5.857383509181151
Episode:69/100, avg halt num:0.38156384505021523
Episode:69/100, avg elec cons:0.6573107310504576
 Retrying in 1 seconds
Warning: Unused states in tlLogic 'J10', program '0' in phase 0 after tl-index 10
Simulation......
总奖励:-26580.223353550547, 速度奖励:-4783.413808386558, 加速度奖励:-8280.68954516295, 交通灯奖励:-12169.920000004367, 与前车进行交互的惩罚:-1346.200000000169
Episode:70/100, Reward:-26580.223353550547
Episode:70/100, avg speed:5.018974120581705
Episode:70/100, avg halt num:0.4204236006051437
Episode:70/100, avg elec cons:0.6914065748066648
 Retrying in 1 seconds
Warning: Unused states in tlLogic 'J10', program '0' in phase 0 after tl-index 10
Simulation......
总奖励:-27053.882635950198, 速度奖励:-4806.33657362145, 加速度奖励:-8291.426062327228, 交通灯奖励:-12316.120000004681, 与前车进行交互的惩罚:-1640.0000000002358
Episode:71/100, Reward:-27053.882635950198
Episode:71/100, avg speed:6.1769150225788385
Episode:71/100, avg halt num:0.4167168674698795
Episode:71/100, avg elec cons:0.6866348889373596
 Retrying in 1 seconds
Warning: Unused states in tlLogic 'J10', program '0' in phase 0 after tl-index 10
Simulation......
总奖励:-26929.545218339146, 速度奖励:-4784.465906973422, 加速度奖励:-8305.739311364334, 交通灯奖励:-12179.3400000043, 与前车进行交互的惩罚:-1660.0000000002403
Episode:72/100, Reward:-26929.545218339146
Episode:72/100, avg speed:5.078606668574619
Episode:72/100, avg halt num:0.45316178943827784
Episode:72/100, avg elec cons:0.771309420516065
 Retrying in 1 seconds
Warning: Unused states in tlLogic 'J10', program '0' in phase 0 after tl-index 10
Simulation......
总奖励:-26534.489701920986, 速度奖励:-4725.405946881426, 加速度奖励:-8292.223755038394, 交通灯奖励:-12215.060000004423, 与前车进行交互的惩罚:-1301.800000000159
Episode:73/100, Reward:-26534.489701920986
Episode:73/100, avg speed:5.207123452641678
Episode:73/100, avg halt num:0.37460992907801416
Episode:73/100, avg elec cons:0.6486457562476419
 Retrying in 1 seconds
Warning: Unused states in tlLogic 'J10', program '0' in phase 0 after tl-index 10
Simulation......
总奖励:-27193.613462668978, 速度奖励:-4814.318784762435, 加速度奖励:-8307.194677905361, 交通灯奖励:-12283.500000004407, 与前车进行交互的惩罚:-1788.6000000002696
Episode:74/100, Reward:-27193.613462668978
Episode:74/100, avg speed:7.114731643634286
Episode:74/100, avg halt num:0.40408943807002057
Episode:74/100, avg elec cons:0.6752886647430788
 Retrying in 1 seconds
Warning: Unused states in tlLogic 'J10', program '0' in phase 0 after tl-index 10
Simulation......
总奖励:-26700.936175375016, 速度奖励:-4749.914220921413, 加速度奖励:-8305.221954452374, 交通灯奖励:-12144.40000000417, 与前车进行交互的惩罚:-1501.4000000002043
Episode:75/100, Reward:-26700.936175375016
Episode:75/100, avg speed:6.419598543270693
Episode:75/100, avg halt num:0.3778135048231511
Episode:75/100, avg elec cons:0.6688995582141163
 Retrying in 1 seconds
Warning: Unused states in tlLogic 'J10', program '0' in phase 0 after tl-index 10
Simulation......
总奖励:-27279.46999815852, 速度奖励:-4833.801685107444, 加速度奖励:-8322.548313049752, 交通灯奖励:-12389.720000004503, 与前车进行交互的惩罚:-1733.400000000257
Episode:76/100, Reward:-27279.46999815852
Episode:76/100, avg speed:5.0004510661163835
Episode:76/100, avg halt num:0.507605583392985
Episode:76/100, avg elec cons:0.821000204263276
 Retrying in 1 seconds
Warning: Unused states in tlLogic 'J10', program '0' in phase 0 after tl-index 10
Simulation......
总奖励:-26974.76185325362, 速度奖励:-4804.416112473422, 加速度奖励:-8292.125740778665, 交通灯奖励:-12182.020000004284, 与前车进行交互的惩罚:-1696.2000000002486
Episode:77/100, Reward:-26974.76185325362
Episode:77/100, avg speed:6.755331092257278
Episode:77/100, avg halt num:0.43996789727126806
Episode:77/100, avg elec cons:0.7335365275167977
 Retrying in 1 seconds
Warning: Unused states in tlLogic 'J10', program '0' in phase 0 after tl-index 10
Simulation......
总奖励:-27309.866176200554, 速度奖励:-4870.684785483545, 加速度奖励:-8314.08139071593, 交通灯奖励:-12396.100000004802, 与前车进行交互的惩罚:-1729.000000000256
Episode:78/100, Reward:-27309.866176200554
Episode:78/100, avg speed:5.797419110745047
Episode:78/100, avg halt num:0.4922962226640159
Episode:78/100, avg elec cons:0.7615063057966607
 Retrying in 1 seconds
Warning: Unused states in tlLogic 'J10', program '0' in phase 0 after tl-index 10
Simulation......
总奖励:-27205.467356826688, 速度奖励:-4832.263159002463, 加速度奖励:-8292.884197822877, 交通灯奖励:-12316.72000000473, 与前车进行交互的惩罚:-1763.600000000264
Episode:79/100, Reward:-27205.467356826688
Episode:79/100, avg speed:6.239164482753595
Episode:79/100, avg halt num:0.455810546875
Episode:79/100, avg elec cons:0.7454229695211024
 Retrying in 1 seconds
Warning: Unused states in tlLogic 'J10', program '0' in phase 0 after tl-index 10
Simulation......
总奖励:-27255.72869880896, 速度奖励:-4867.5506055574515, 加速度奖励:-8309.31809324992, 交通灯奖励:-12469.860000004723, 与前车进行交互的惩罚:-1609.0000000002287
Episode:80/100, Reward:-27255.72869880896
Episode:80/100, avg speed:6.1585974346777235
Episode:80/100, avg halt num:0.43817284688995217
Episode:80/100, avg elec cons:0.6829769187859024
 Retrying in 1 seconds
Warning: Unused states in tlLogic 'J10', program '0' in phase 0 after tl-index 10
Simulation......
总奖励:-27284.768252171943, 速度奖励:-4818.924033795467, 加速度奖励:-8305.844218375556, 交通灯奖励:-12447.60000000478, 与前车进行交互的惩罚:-1712.4000000002522
Episode:81/100, Reward:-27284.768252171943
Episode:81/100, avg speed:5.261313000509839
Episode:81/100, avg halt num:0.44965731070496084
Episode:81/100, avg elec cons:0.7468890702318076
 Retrying in 1 seconds
Warning: Unused states in tlLogic 'J10', program '0' in phase 0 after tl-index 10
Simulation......
总奖励:-27247.167248343372, 速度奖励:-4833.492690762433, 加速度奖励:-8292.834557579696, 交通灯奖励:-12366.040000004507, 与前车进行交互的惩罚:-1754.800000000262
Episode:82/100, Reward:-27247.167248343372
Episode:82/100, avg speed:5.821297185445951
Episode:82/100, avg halt num:0.4752441899629505
Episode:82/100, avg elec cons:0.7728733975379576
 Retrying in 1 seconds
Warning: Unused states in tlLogic 'J10', program '0' in phase 0 after tl-index 10
Simulation......
总奖励:-26815.203756688417, 速度奖励:-4770.384207246428, 加速度奖励:-8317.37954944077, 交通灯奖励:-12221.040000004465, 与前车进行交互的惩罚:-1506.4000000002054
Episode:83/100, Reward:-26815.203756688417
Episode:83/100, avg speed:6.189647342560563
Episode:83/100, avg halt num:0.3949006818855618
Episode:83/100, avg elec cons:0.6779711049826994
 Retrying in 1 seconds
Warning: Unused states in tlLogic 'J10', program '0' in phase 0 after tl-index 10
Simulation......
总奖励:-26833.14495998319, 速度奖励:-4786.023824802326, 加速度奖励:-8299.921135179766, 交通灯奖励:-12079.000000004082, 与前车进行交互的惩罚:-1668.2000000002422
Episode:84/100, Reward:-26833.14495998319
Episode:84/100, avg speed:5.62432965302312
Episode:84/100, avg halt num:0.46061175666438825
Episode:84/100, avg elec cons:0.7823328987931338
 Retrying in 1 seconds
Warning: Unused states in tlLogic 'J10', program '0' in phase 0 after tl-index 10
Simulation......
总奖励:-26790.133469791523, 速度奖励:-4761.922541202557, 加速度奖励:-8298.53092858764, 交通灯奖励:-12127.880000004057, 与前车进行交互的惩罚:-1601.800000000227
Episode:85/100, Reward:-26790.133469791523
Episode:85/100, avg speed:5.455375951478488
Episode:85/100, avg halt num:0.4065765212046712
Episode:85/100, avg elec cons:0.705422781836108
 Retrying in 1 seconds
Warning: Unused states in tlLogic 'J10', program '0' in phase 0 after tl-index 10
Simulation......
总奖励:-26919.023666759993, 速度奖励:-4803.577447131477, 加速度奖励:-8323.806219627037, 交通灯奖励:-12318.240000004587, 与前车进行交互的惩罚:-1473.400000000198
Episode:86/100, Reward:-26919.023666759993
Episode:86/100, avg speed:5.687569035267052
Episode:86/100, avg halt num:0.39634839443023584
Episode:86/100, avg elec cons:0.6532977068618656
 Retrying in 1 seconds
Warning: Unused states in tlLogic 'J10', program '0' in phase 0 after tl-index 10
Simulation......
总奖励:-27139.476849158364, 速度奖励:-4816.072760517444, 加速度奖励:-8306.80408863988, 交通灯奖励:-12240.80000000458, 与前车进行交互的惩罚:-1775.8000000002667
Episode:87/100, Reward:-27139.476849158364
Episode:87/100, avg speed:4.812431424884953
Episode:87/100, avg halt num:0.5022213994816734
Episode:87/100, avg elec cons:0.8469800075266714
 Retrying in 1 seconds
Warning: Unused states in tlLogic 'J10', program '0' in phase 0 after tl-index 10
Simulation......
总奖励:-26905.173824217454, 速度奖励:-4767.503183811424, 加速度奖励:-8289.890640404936, 交通灯奖励:-12201.180000004293, 与前车进行交互的惩罚:-1646.6000000002373
Episode:88/100, Reward:-26905.173824217454
Episode:88/100, avg speed:6.757603458573995
Episode:88/100, avg halt num:0.37917867435158503
Episode:88/100, avg elec cons:0.6613935533760837
 Retrying in 1 seconds
Warning: Unused states in tlLogic 'J10', program '0' in phase 0 after tl-index 10
Simulation......
总奖励:-27206.525550385657, 速度奖励:-4846.248249228502, 加速度奖励:-8305.177301155656, 交通灯奖励:-12388.100000004777, 与前车进行交互的惩罚:-1667.000000000242
Episode:89/100, Reward:-27206.525550385657
Episode:89/100, avg speed:5.557486307688912
Episode:89/100, avg halt num:0.4562066792690611
Episode:89/100, avg elec cons:0.7227901606983131
 Retrying in 1 seconds
Warning: Unused states in tlLogic 'J10', program '0' in phase 0 after tl-index 10
Simulation......
总奖励:-27214.966788528633, 速度奖励:-4829.928456636484, 加速度奖励:-8316.558331890947, 交通灯奖励:-12302.480000004705, 与前车进行交互的惩罚:-1766.0000000002644
Episode:90/100, Reward:-27214.966788528633
Episode:90/100, avg speed:4.779736481629541
Episode:90/100, avg halt num:0.5174863387978142
Episode:90/100, avg elec cons:0.8360824971278443
 Retrying in 1 seconds
Warning: Unused states in tlLogic 'J10', program '0' in phase 0 after tl-index 10
Simulation......
总奖励:-26949.20351214758, 速度奖励:-4819.912943733445, 加速度奖励:-8297.630568412882, 交通灯奖励:-12210.060000004267, 与前车进行交互的惩罚:-1621.6000000002316
Episode:91/100, Reward:-26949.20351214758
Episode:91/100, avg speed:5.710971991408234
Episode:91/100, avg halt num:0.4719413549039434
Episode:91/100, avg elec cons:0.7735016182625872
 Retrying in 1 seconds
Warning: Unused states in tlLogic 'J10', program '0' in phase 0 after tl-index 10
Simulation......
总奖励:-26921.12523088174, 速度奖励:-4758.208875963443, 加速度奖励:-8288.276354917305, 交通灯奖励:-12271.040000004527, 与前车进行交互的惩罚:-1603.6000000002275
Episode:92/100, Reward:-26921.12523088174
Episode:92/100, avg speed:5.53295554053004
Episode:92/100, avg halt num:0.4406049340993579
Episode:92/100, avg elec cons:0.7736907547177692
 Retrying in 1 seconds
Warning: Unused states in tlLogic 'J10', program '0' in phase 0 after tl-index 10
Simulation......
总奖励:-27305.57480889618, 速度奖励:-4891.127294268487, 加速度奖励:-8316.687514626268, 交通灯奖励:-12231.16000000442, 与前车进行交互的惩罚:-1866.6000000002873
Episode:93/100, Reward:-27305.57480889618
Episode:93/100, avg speed:6.561014810900381
Episode:93/100, avg halt num:0.5084860828241684
Episode:93/100, avg elec cons:0.781077130538897
 Retrying in 1 seconds
Warning: Unused states in tlLogic 'J10', program '0' in phase 0 after tl-index 10
Simulation......
总奖励:-27041.331429827198, 速度奖励:-4821.376083687481, 加速度奖励:-8333.575346138477, 交通灯奖励:-12269.380000004561, 与前车进行交互的惩罚:-1617.0000000002306
Episode:94/100, Reward:-27041.331429827198
Episode:94/100, avg speed:6.003899935427569
Episode:94/100, avg halt num:0.41278206650831356
Episode:94/100, avg elec cons:0.6811143792812104
 Retrying in 1 seconds
Warning: Unused states in tlLogic 'J10', program '0' in phase 0 after tl-index 10
Simulation......
Error: tcpip::Socket::recvAndCheck @ recv: peer shutdown
Quitting (on error).
