nohup: 忽略输入
Env:sumo, Algorithm:TD3, Device:cuda
-----------------------------------------
models/reward_s5e-2(-5, 0.4)_a4e-2_t(-2_0.1).pth
-----------------------------------------
 Retrying in 1 seconds
Warning: Unused states in tlLogic 'J10', program '0' in phase 0 after tl-index 10
Simulation......
总奖励:-13986.89834267856, 速度奖励:-3059.1600000000217, 加速度奖励:-711.2383426792711, 交通灯奖励:-10216.49999999845, 与前车进行交互的惩罚:0.0
Episode:1/100, Reward:-13986.89834267856
Episode:1/100, avg speed:14.437917980568516
Episode:1/100, avg halt num:0.3433744722312439
Episode:1/100, avg elec cons:1.762902998089894
 Retrying in 1 seconds
Warning: Unused states in tlLogic 'J10', program '0' in phase 0 after tl-index 10
Simulation......
总奖励:-16443.453232249438, 速度奖励:-3582.720000000022, 加速度奖励:-681.333232250229, 交通灯奖励:-12179.39999999801, 与前车进行交互的惩罚:0.0
Episode:2/100, Reward:-16443.453232249438
Episode:2/100, avg speed:14.017458994774065
Episode:2/100, avg halt num:0.4596020761245675
Episode:2/100, avg elec cons:1.8991220424325361
 Retrying in 1 seconds
Warning: Unused states in tlLogic 'J10', program '0' in phase 0 after tl-index 10
Simulation......
总奖励:-11526.8725034757, 速度奖励:-2439.2100000000123, 加速度奖励:-829.5625034764684, 交通灯奖励:-8258.099999998987, 与前车进行交互的惩罚:0.0
Episode:3/100, Reward:-11526.8725034757
Episode:3/100, avg speed:15.657465998068345
Episode:3/100, avg halt num:0.2687152664269369
Episode:3/100, avg elec cons:2.040026374868558
 Retrying in 1 seconds
Warning: Unused states in tlLogic 'J10', program '0' in phase 0 after tl-index 10
Simulation......
总奖励:-10316.772888541776, 速度奖励:-2248.7400000000116, 加速度奖励:-769.0328885424155, 交通灯奖励:-7298.999999999235, 与前车进行交互的惩罚:0.0
Episode:4/100, Reward:-10316.772888541776
Episode:4/100, avg speed:15.180946944438496
Episode:4/100, avg halt num:0.2661600615621393
Episode:4/100, avg elec cons:2.517761405001358
 Retrying in 1 seconds
Warning: Unused states in tlLogic 'J10', program '0' in phase 0 after tl-index 10
Simulation......
总奖励:-10475.30209243359, 速度奖励:-2278.380000000012, 加速度奖励:-787.8220924341422, 交通灯奖励:-7409.09999999926, 与前车进行交互的惩罚:0.0
Episode:5/100, Reward:-10475.30209243359
Episode:5/100, avg speed:15.442064003035668
Episode:5/100, avg halt num:0.27157258064516127
Episode:5/100, avg elec cons:2.595417889836701
 Retrying in 1 seconds
Warning: Unused states in tlLogic 'J10', program '0' in phase 0 after tl-index 10
Simulation......
总奖励:-10580.796011843198, 速度奖励:-2327.160000000011, 加速度奖励:-773.7360118438621, 交通灯奖励:-7479.89999999909, 与前车进行交互的惩罚:0.0
Episode:6/100, Reward:-10580.796011843198
Episode:6/100, avg speed:15.392720579554522
Episode:6/100, avg halt num:0.2700286123032904
Episode:6/100, avg elec cons:2.326385951692707
 Retrying in 1 seconds
Warning: Unused states in tlLogic 'J10', program '0' in phase 0 after tl-index 10
Simulation......
总奖励:-10815.777025706444, 速度奖励:-2331.410000000011, 加速度奖励:-794.0670257070905, 交通灯奖励:-7690.29999999918, 与前车进行交互的惩罚:0.0
Episode:7/100, Reward:-10815.777025706444
Episode:7/100, avg speed:15.671960660433209
Episode:7/100, avg halt num:0.25412371134020617
Episode:7/100, avg elec cons:2.2252208697171167
 Retrying in 1 seconds
Warning: Unused states in tlLogic 'J10', program '0' in phase 0 after tl-index 10
Simulation......
总奖励:-10142.726202223015, 速度奖励:-2250.550000000011, 加速度奖励:-771.4762022236176, 交通灯奖励:-7120.699999999386, 与前车进行交互的惩罚:0.0
Episode:8/100, Reward:-10142.726202223015
Episode:8/100, avg speed:15.716754610718901
Episode:8/100, avg halt num:0.22265994327135202
Episode:8/100, avg elec cons:2.0809409799729486
 Retrying in 1 seconds
Warning: Unused states in tlLogic 'J10', program '0' in phase 0 after tl-index 10
Simulation......
总奖励:-17601.566366285744, 速度奖励:-4398.009999999962, 加速度奖励:-1416.6563662854032, 交通灯奖励:-11786.89999999677, 与前车进行交互的惩罚:0.0
Episode:9/100, Reward:-17601.566366285744
Episode:9/100, avg speed:11.915026083911606
Episode:9/100, avg halt num:0.17894308943089432
Episode:9/100, avg elec cons:1.627831284037184
 Retrying in 1 seconds
Warning: Unused states in tlLogic 'J10', program '0' in phase 0 after tl-index 10
Simulation......
总奖励:-5440.769814468377, 速度奖励:-2382.640000000017, 加速度奖励:-631.5298144685299, 交通灯奖励:-2426.6000000003996, 与前车进行交互的惩罚:0.0
Episode:10/100, Reward:-5440.769814468377
Episode:10/100, avg speed:14.681635983016205
Episode:10/100, avg halt num:0.1431842197957027
Episode:10/100, avg elec cons:2.396018741553763
 Retrying in 1 seconds
Warning: Unused states in tlLogic 'J10', program '0' in phase 0 after tl-index 10
Simulation......
总奖励:-5462.438615095981, 速度奖励:-2485.560000000014, 加速度奖励:-665.978615096085, 交通灯奖励:-2310.9000000004726, 与前车进行交互的惩罚:0.0
Episode:11/100, Reward:-5462.438615095981
Episode:11/100, avg speed:14.946613860975425
Episode:11/100, avg halt num:0.13328363154406891
Episode:11/100, avg elec cons:2.2824727183783877
 Retrying in 1 seconds
Warning: Unused states in tlLogic 'J10', program '0' in phase 0 after tl-index 10
Simulation......
总奖励:-5519.809699075141, 速度奖励:-2519.1000000000176, 加速度奖励:-795.4096990753178, 交通灯奖励:-2205.300000000396, 与前车进行交互的惩罚:0.0
Episode:12/100, Reward:-5519.809699075141
Episode:12/100, avg speed:14.521544348353494
Episode:12/100, avg halt num:0.11455479452054794
Episode:12/100, avg elec cons:2.330544859501517
 Retrying in 1 seconds
Warning: Unused states in tlLogic 'J10', program '0' in phase 0 after tl-index 10
Simulation......
总奖励:-5227.818839355756, 速度奖励:-2318.630000000016, 加速度奖励:-723.8888393557937, 交通灯奖励:-2185.3000000003512, 与前车进行交互的惩罚:0.0
Episode:13/100, Reward:-5227.818839355756
Episode:13/100, avg speed:14.96693852091385
Episode:13/100, avg halt num:0.10516372795969774
Episode:13/100, avg elec cons:2.2230700435589985
 Retrying in 1 seconds
Warning: Unused states in tlLogic 'J10', program '0' in phase 0 after tl-index 10
Simulation......
总奖励:-5359.711587129299, 速度奖励:-2491.5300000000134, 加速度奖励:-788.881587129425, 交通灯奖励:-2079.3000000003667, 与前车进行交互的惩罚:0.0
Episode:14/100, Reward:-5359.711587129299
Episode:14/100, avg speed:14.359240991718465
Episode:14/100, avg halt num:0.12623326286116984
Episode:14/100, avg elec cons:2.517467074906303
 Retrying in 1 seconds
Warning: Unused states in tlLogic 'J10', program '0' in phase 0 after tl-index 10
Simulation......
总奖励:-5418.341400325366, 速度奖励:-2485.540000000017, 加速度奖励:-862.3014003254752, 交通灯奖励:-2070.5000000004948, 与前车进行交互的惩罚:0.0
Episode:15/100, Reward:-5418.341400325366
Episode:15/100, avg speed:14.434154163896297
Episode:15/100, avg halt num:0.12030559646539028
Episode:15/100, avg elec cons:2.5171083768898748
 Retrying in 1 seconds
Warning: Unused states in tlLogic 'J10', program '0' in phase 0 after tl-index 10
Simulation......
总奖励:-5416.075996992169, 速度奖励:-2410.670000000016, 加速度奖励:-799.4059969922528, 交通灯奖励:-2206.000000000322, 与前车进行交互的惩罚:0.0
Episode:16/100, Reward:-5416.075996992169
Episode:16/100, avg speed:14.40613331004453
Episode:16/100, avg halt num:0.10967741935483871
Episode:16/100, avg elec cons:2.7735774444201873
 Retrying in 1 seconds
Warning: Unused states in tlLogic 'J10', program '0' in phase 0 after tl-index 10
Simulation......
总奖励:-5576.391094180868, 速度奖励:-2352.260000000018, 加速度奖励:-799.1310941810175, 交通灯奖励:-2425.0000000004393, 与前车进行交互的惩罚:0.0
Episode:17/100, Reward:-5576.391094180868
Episode:17/100, avg speed:14.883255319035639
Episode:17/100, avg halt num:0.12167070217917676
Episode:17/100, avg elec cons:2.521827833240497
 Retrying in 1 seconds
Warning: Unused states in tlLogic 'J10', program '0' in phase 0 after tl-index 10
Simulation......
总奖励:-5507.867251274197, 速度奖励:-2398.9200000000155, 加速度奖励:-891.9472512743255, 交通灯奖励:-2217.000000000416, 与前车进行交互的惩罚:0.0
Episode:18/100, Reward:-5507.867251274197
Episode:18/100, avg speed:13.746353214331634
Episode:18/100, avg halt num:0.10987454471873735
Episode:18/100, avg elec cons:2.9658110420155746
 Retrying in 1 seconds
Warning: Unused states in tlLogic 'J10', program '0' in phase 0 after tl-index 10
Simulation......
总奖励:-5923.6358905368725, 速度奖励:-2625.0200000000154, 加速度奖励:-913.2158905370541, 交通灯奖励:-2385.400000000507, 与前车进行交互的惩罚:0.0
Episode:19/100, Reward:-5923.6358905368725
Episode:19/100, avg speed:14.119777551227614
Episode:19/100, avg halt num:0.13521505376344087
Episode:19/100, avg elec cons:2.470252235000544
 Retrying in 1 seconds
Warning: Unused states in tlLogic 'J10', program '0' in phase 0 after tl-index 10
Simulation......
总奖励:-5815.9335580040815, 速度奖励:-2569.6700000000233, 加速度奖励:-939.1635580041676, 交通灯奖励:-2307.1000000005056, 与前车进行交互的惩罚:0.0
Episode:20/100, Reward:-5815.9335580040815
Episode:20/100, avg speed:14.111912985926356
Episode:20/100, avg halt num:0.12891666666666668
Episode:20/100, avg elec cons:1.9348599475478092
 Retrying in 1 seconds
Warning: Unused states in tlLogic 'J10', program '0' in phase 0 after tl-index 10
Simulation......
总奖励:-6167.039200023582, 速度奖励:-2557.450000000026, 加速度奖励:-919.5892000237029, 交通灯奖励:-2690.0000000005284, 与前车进行交互的惩罚:0.0
Episode:21/100, Reward:-6167.039200023582
Episode:21/100, avg speed:13.531367939453434
Episode:21/100, avg halt num:0.16829877112135178
Episode:21/100, avg elec cons:1.8566586187688687
 Retrying in 1 seconds
Warning: Unused states in tlLogic 'J10', program '0' in phase 0 after tl-index 10
Simulation......
总奖励:-6841.56660598934, 速度奖励:-3023.740000000023, 加速度奖励:-1064.5266059895325, 交通灯奖励:-2753.300000000496, 与前车进行交互的惩罚:0.0
Episode:22/100, Reward:-6841.56660598934
Episode:22/100, avg speed:12.691948671232987
Episode:22/100, avg halt num:0.19309770540340487
Episode:22/100, avg elec cons:1.2808219468278772
 Retrying in 1 seconds
Warning: Unused states in tlLogic 'J10', program '0' in phase 0 after tl-index 10
Simulation......
总奖励:-5763.286426987775, 速度奖励:-2666.7600000000266, 加速度奖励:-1008.226426987865, 交通灯奖励:-2088.300000000362, 与前车进行交互的惩罚:0.0
Episode:23/100, Reward:-5763.286426987775
Episode:23/100, avg speed:13.741051644266497
Episode:23/100, avg halt num:0.11122311827956989
Episode:23/100, avg elec cons:1.2400501432937479
 Retrying in 1 seconds
Warning: Unused states in tlLogic 'J10', program '0' in phase 0 after tl-index 10
Simulation......
总奖励:-5446.520130557625, 速度奖励:-2254.4400000000173, 加速度奖励:-717.0801305577941, 交通灯奖励:-2475.000000000402, 与前车进行交互的惩罚:0.0
Episode:24/100, Reward:-5446.520130557625
Episode:24/100, avg speed:15.187968993358565
Episode:24/100, avg halt num:0.12785312603374133
Episode:24/100, avg elec cons:2.188488030453484
 Retrying in 1 seconds
Warning: Unused states in tlLogic 'J10', program '0' in phase 0 after tl-index 10
Simulation......
总奖励:-6921.00587417934, 速度奖励:-2466.3800000000147, 加速度奖励:-837.4258741796473, 交通灯奖励:-3617.200000000596, 与前车进行交互的惩罚:0.0
Episode:25/100, Reward:-6921.00587417934
Episode:25/100, avg speed:14.690967343887102
Episode:25/100, avg halt num:0.15684793554884188
Episode:25/100, avg elec cons:2.1768732232017265
 Retrying in 1 seconds
Warning: Unused states in tlLogic 'J10', program '0' in phase 0 after tl-index 10
Simulation......
总奖励:-6254.397868953483, 速度奖励:-2666.3100000000136, 加速度奖励:-927.6878689536418, 交通灯奖励:-2660.4000000004835, 与前车进行交互的惩罚:0.0
Episode:26/100, Reward:-6254.397868953483
Episode:26/100, avg speed:13.956644656818144
Episode:26/100, avg halt num:0.15946620583717358
Episode:26/100, avg elec cons:2.6748149709383062
 Retrying in 1 seconds
Warning: Unused states in tlLogic 'J10', program '0' in phase 0 after tl-index 10
Simulation......
总奖励:-5733.477469909012, 速度奖励:-2586.8300000000168, 加速度奖励:-940.047469909187, 交通灯奖励:-2206.600000000403, 与前车进行交互的惩罚:0.0
Episode:27/100, Reward:-5733.477469909012
Episode:27/100, avg speed:14.084081594280974
Episode:27/100, avg halt num:0.11109167249825053
Episode:27/100, avg elec cons:2.1823777927259798
 Retrying in 1 seconds
Warning: Unused states in tlLogic 'J10', program '0' in phase 0 after tl-index 10
Simulation......
总奖励:-5903.465494311229, 速度奖励:-2524.5300000000175, 加速度奖励:-956.4354943113686, 交通灯奖励:-2422.50000000034, 与前车进行交互的惩罚:0.0
Episode:28/100, Reward:-5903.465494311229
Episode:28/100, avg speed:13.5061967243217
Episode:28/100, avg halt num:0.1278735632183908
Episode:28/100, avg elec cons:2.6011969312834546
 Retrying in 1 seconds
Warning: Unused states in tlLogic 'J10', program '0' in phase 0 after tl-index 10
Simulation......
总奖励:-5556.159002904424, 速度奖励:-2580.140000000016, 加速度奖励:-973.1190029045292, 交通灯奖励:-2002.9000000004123, 与前车进行交互的惩罚:0.0
Episode:29/100, Reward:-5556.159002904424
Episode:29/100, avg speed:13.877386748866314
Episode:29/100, avg halt num:0.10360721442885772
Episode:29/100, avg elec cons:2.678808470441705
 Retrying in 1 seconds
Warning: Unused states in tlLogic 'J10', program '0' in phase 0 after tl-index 10
Simulation......
总奖励:-5863.857869025899, 速度奖励:-2470.520000000015, 加速度奖励:-906.5378690260558, 交通灯奖励:-2486.8000000004936, 与前车进行交互的惩罚:0.0
Episode:30/100, Reward:-5863.857869025899
Episode:30/100, avg speed:14.570726030603712
Episode:30/100, avg halt num:0.12460567823343849
Episode:30/100, avg elec cons:2.527825436482537
 Retrying in 1 seconds
Warning: Unused states in tlLogic 'J10', program '0' in phase 0 after tl-index 10
Simulation......
总奖励:-6190.364773045458, 速度奖励:-2494.660000000016, 加速度奖励:-1114.304773045664, 交通灯奖励:-2581.400000000416, 与前车进行交互的惩罚:0.0
Episode:31/100, Reward:-6190.364773045458
Episode:31/100, avg speed:14.173546664256465
Episode:31/100, avg halt num:0.08299218459248232
Episode:31/100, avg elec cons:2.6086766131093975
 Retrying in 1 seconds
Warning: Unused states in tlLogic 'J10', program '0' in phase 0 after tl-index 10
Simulation......
总奖励:-6189.067203270473, 速度奖励:-2641.470000000015, 加速度奖励:-1090.2972032706043, 交通灯奖励:-2457.3000000005736, 与前车进行交互的惩罚:0.0
Episode:32/100, Reward:-6189.067203270473
Episode:32/100, avg speed:13.912885877044841
Episode:32/100, avg halt num:0.11353425683264695
Episode:32/100, avg elec cons:2.6207972938535984
 Retrying in 1 seconds
Warning: Unused states in tlLogic 'J10', program '0' in phase 0 after tl-index 10
Simulation......
总奖励:-5731.709415570343, 速度奖励:-2548.3400000000133, 加速度奖励:-1031.969415570502, 交通灯奖励:-2151.4000000004185, 与前车进行交互的惩罚:0.0
Episode:33/100, Reward:-5731.709415570343
Episode:33/100, avg speed:14.006835357624391
Episode:33/100, avg halt num:0.09585357390700902
Episode:33/100, avg elec cons:2.5789528403985864
 Retrying in 1 seconds
Warning: Unused states in tlLogic 'J10', program '0' in phase 0 after tl-index 10
Simulation......
总奖励:-5743.495165651506, 速度奖励:-2542.6700000000164, 加速度奖励:-1099.2251656516448, 交通灯奖励:-2101.6000000003855, 与前车进行交互的惩罚:0.0
Episode:34/100, Reward:-5743.495165651506
Episode:34/100, avg speed:14.275368441065055
Episode:34/100, avg halt num:0.08695652173913043
Episode:34/100, avg elec cons:2.5151697634290024
 Retrying in 1 seconds
Warning: Unused states in tlLogic 'J10', program '0' in phase 0 after tl-index 10
Simulation......
总奖励:-5725.758296238213, 速度奖励:-2413.910000000018, 加速度奖励:-1068.6482962383204, 交通灯奖励:-2243.200000000429, 与前车进行交互的惩罚:0.0
Episode:35/100, Reward:-5725.758296238213
Episode:35/100, avg speed:14.44516443509468
Episode:35/100, avg halt num:0.07504604051565378
Episode:35/100, avg elec cons:2.4898133562004974
 Retrying in 1 seconds
Warning: Unused states in tlLogic 'J10', program '0' in phase 0 after tl-index 10
Simulation......
总奖励:-5617.882665375469, 速度奖励:-2434.2600000000193, 加速度奖励:-1004.1226653755556, 交通灯奖励:-2179.5000000003615, 与前车进行交互的惩罚:0.0
Episode:36/100, Reward:-5617.882665375469
Episode:36/100, avg speed:14.28369009474965
Episode:36/100, avg halt num:0.12453497023809523
Episode:36/100, avg elec cons:2.540752362175761
 Retrying in 1 seconds
Warning: Unused states in tlLogic 'J10', program '0' in phase 0 after tl-index 10
Simulation......
总奖励:-5524.439613642028, 速度奖励:-2456.090000000016, 加速度奖励:-985.0496136421625, 交通灯奖励:-2083.3000000003226, 与前车进行交互的惩罚:0.0
Episode:37/100, Reward:-5524.439613642028
Episode:37/100, avg speed:13.952984199375411
Episode:37/100, avg halt num:0.127838519764508
Episode:37/100, avg elec cons:2.7656902026026935
 Retrying in 1 seconds
Warning: Unused states in tlLogic 'J10', program '0' in phase 0 after tl-index 10
Simulation......
总奖励:-4876.76736977853, 速度奖励:-2351.820000000016, 加速度奖励:-997.947369778568, 交通灯奖励:-1527.0000000001824, 与前车进行交互的惩罚:0.0
Episode:38/100, Reward:-4876.76736977853
Episode:38/100, avg speed:14.625220546801083
Episode:38/100, avg halt num:0.08278783211397767
Episode:38/100, avg elec cons:2.702037301441869
 Retrying in 1 seconds
Warning: Unused states in tlLogic 'J10', program '0' in phase 0 after tl-index 10
Simulation......
总奖励:-6200.072601504222, 速度奖励:-2490.1700000000164, 加速度奖励:-1060.8026015044015, 交通灯奖励:-2649.100000000495, 与前车进行交互的惩罚:0.0
Episode:39/100, Reward:-6200.072601504222
Episode:39/100, avg speed:14.461344392243351
Episode:39/100, avg halt num:0.13702171664943122
Episode:39/100, avg elec cons:2.3309206879966826
 Retrying in 1 seconds
Warning: Unused states in tlLogic 'J10', program '0' in phase 0 after tl-index 10
Simulation......
总奖励:-5336.475997549514, 速度奖励:-2401.080000000016, 加速度奖励:-1023.4959975496107, 交通灯奖励:-1911.9000000003095, 与前车进行交互的惩罚:0.0
Episode:40/100, Reward:-5336.475997549514
Episode:40/100, avg speed:14.533853699810267
Episode:40/100, avg halt num:0.11624954660863257
Episode:40/100, avg elec cons:2.506199131211256
 Retrying in 1 seconds
Warning: Unused states in tlLogic 'J10', program '0' in phase 0 after tl-index 10
Simulation......
总奖励:-5830.485059587005, 速度奖励:-2728.0000000000155, 加速度奖励:-1229.3850595870213, 交通灯奖励:-1873.1000000003587, 与前车进行交互的惩罚:0.0
Episode:41/100, Reward:-5830.485059587005
Episode:41/100, avg speed:13.520866191488846
Episode:41/100, avg halt num:0.09739208633093525
Episode:41/100, avg elec cons:1.794548724082893
 Retrying in 1 seconds
Warning: Unused states in tlLogic 'J10', program '0' in phase 0 after tl-index 10
Simulation......
总奖励:-8402.12117424193, 速度奖励:-3609.9600000000178, 加速度奖励:-1523.6611742421217, 交通灯奖励:-3268.500000000819, 与前车进行交互的惩罚:0.0
Episode:42/100, Reward:-8402.12117424193
Episode:42/100, avg speed:11.496826925094735
Episode:42/100, avg halt num:0.21392711044998142
Episode:42/100, avg elec cons:1.1724341470133977
 Retrying in 1 seconds
Warning: Unused states in tlLogic 'J10', program '0' in phase 0 after tl-index 10
Simulation......
总奖励:-7777.2875454252835, 速度奖励:-3335.030000000019, 加速度奖励:-1381.857545425455, 交通灯奖励:-3060.4000000006886, 与前车进行交互的惩罚:0.0
Episode:43/100, Reward:-7777.2875454252835
Episode:43/100, avg speed:11.973299194662639
Episode:43/100, avg halt num:0.19690011481056258
Episode:43/100, avg elec cons:1.209007506898173
 Retrying in 1 seconds
Warning: Unused states in tlLogic 'J10', program '0' in phase 0 after tl-index 10
Simulation......
总奖励:-6568.43113521078, 速度奖励:-2866.500000000023, 加速度奖励:-1325.3311352109101, 交通灯奖励:-2376.6000000002723, 与前车进行交互的惩罚:0.0
Episode:44/100, Reward:-6568.43113521078
Episode:44/100, avg speed:12.975879809410415
Episode:44/100, avg halt num:0.1358339402767662
Episode:44/100, avg elec cons:1.373406072804706
 Retrying in 1 seconds
Warning: Unused states in tlLogic 'J10', program '0' in phase 0 after tl-index 10
Simulation......
总奖励:-6577.38556890872, 速度奖励:-2625.8800000000238, 加速度奖励:-1185.60556890886, 交通灯奖励:-2765.9000000006517, 与前车进行交互的惩罚:0.0
Episode:45/100, Reward:-6577.38556890872
Episode:45/100, avg speed:13.260433503397499
Episode:45/100, avg halt num:0.16595744680851063
Episode:45/100, avg elec cons:1.9387144677662438
 Retrying in 1 seconds
Warning: Unused states in tlLogic 'J10', program '0' in phase 0 after tl-index 10
Simulation......
总奖励:-5690.768540650106, 速度奖励:-2463.2700000000204, 加速度奖励:-1124.798540650169, 交通灯奖励:-2102.7000000003686, 与前车进行交互的惩罚:0.0
Episode:46/100, Reward:-5690.768540650106
Episode:46/100, avg speed:14.553532455366925
Episode:46/100, avg halt num:0.09632352941176471
Episode:46/100, avg elec cons:1.952929449521371
 Retrying in 1 seconds
Warning: Unused states in tlLogic 'J10', program '0' in phase 0 after tl-index 10
Simulation......
总奖励:-6278.315913384175, 速度奖励:-2569.4200000000155, 加速度奖励:-1126.2959133843674, 交通灯奖励:-2582.6000000003623, 与前车进行交互的惩罚:0.0
Episode:47/100, Reward:-6278.315913384175
Episode:47/100, avg speed:13.90102233778313
Episode:47/100, avg halt num:0.09769026883756153
Episode:47/100, avg elec cons:2.5404173699762342
 Retrying in 1 seconds
Warning: Unused states in tlLogic 'J10', program '0' in phase 0 after tl-index 10
Simulation......
总奖励:-5730.054986895194, 速度奖励:-2542.820000000018, 加速度奖励:-1100.0349868953115, 交通灯奖励:-2087.2000000003663, 与前车进行交互的惩罚:0.0
Episode:48/100, Reward:-5730.054986895194
Episode:48/100, avg speed:13.834635403987095
Episode:48/100, avg halt num:0.10776529821843532
Episode:48/100, avg elec cons:2.55634220140364
 Retrying in 1 seconds
Warning: Unused states in tlLogic 'J10', program '0' in phase 0 after tl-index 10
Simulation......
总奖励:-6384.205604882399, 速度奖励:-2776.850000000023, 加速度奖励:-1360.8556048825233, 交通灯奖励:-2246.5000000003342, 与前车进行交互的惩罚:0.0
Episode:49/100, Reward:-6384.205604882399
Episode:49/100, avg speed:13.397961103722084
Episode:49/100, avg halt num:0.10988154613466335
Episode:49/100, avg elec cons:1.3321725705821832
 Retrying in 1 seconds
Warning: Unused states in tlLogic 'J10', program '0' in phase 0 after tl-index 10
Simulation......
总奖励:-6027.591414532246, 速度奖励:-2538.5700000000247, 加速度奖励:-1204.2214145323217, 交通灯奖励:-2284.8000000004354, 与前车进行交互的惩罚:0.0
Episode:50/100, Reward:-6027.591414532246
Episode:50/100, avg speed:13.804870917088236
Episode:50/100, avg halt num:0.13840188806473364
Episode:50/100, avg elec cons:1.624364018599462
 Retrying in 1 seconds
Warning: Unused states in tlLogic 'J10', program '0' in phase 0 after tl-index 10
Simulation......
总奖励:-7082.474853998505, 速度奖励:-2820.5000000000286, 加速度奖励:-1666.2748539986205, 交通灯奖励:-2595.7000000006024, 与前车进行交互的惩罚:0.0
Episode:51/100, Reward:-7082.474853998505
Episode:51/100, avg speed:13.077190422979932
Episode:51/100, avg halt num:0.08839869281045752
Episode:51/100, avg elec cons:1.7126468305980902
 Retrying in 1 seconds
Warning: Unused states in tlLogic 'J10', program '0' in phase 0 after tl-index 10
Simulation......
总奖励:-6515.901621270387, 速度奖励:-2844.560000000019, 加速度奖励:-1345.3416212704938, 交通灯奖励:-2326.0000000005384, 与前车进行交互的惩罚:0.0
Episode:52/100, Reward:-6515.901621270387
Episode:52/100, avg speed:13.196816138581179
Episode:52/100, avg halt num:0.09247706422018348
Episode:52/100, avg elec cons:2.157700370958751
 Retrying in 1 seconds
Warning: Unused states in tlLogic 'J10', program '0' in phase 0 after tl-index 10
Simulation......
总奖励:-5828.018804377566, 速度奖励:-2800.5600000000136, 加速度奖励:-1387.958804377577, 交通灯奖励:-1639.5000000002185, 与前车进行交互的惩罚:0.0
Episode:53/100, Reward:-5828.018804377566
Episode:53/100, avg speed:13.35636989207171
Episode:53/100, avg halt num:0.049631737529293604
Episode:53/100, avg elec cons:2.264152144798478
 Retrying in 1 seconds
Warning: Unused states in tlLogic 'J10', program '0' in phase 0 after tl-index 10
Simulation......
总奖励:-5844.808507998502, 速度奖励:-2938.8700000000194, 加速度奖励:-1490.3385079984648, 交通灯奖励:-1415.6000000001823, 与前车进行交互的惩罚:0.0
Episode:54/100, Reward:-5844.808507998502
Episode:54/100, avg speed:12.988232500313451
Episode:54/100, avg halt num:0.021482369051694625
Episode:54/100, avg elec cons:1.9315282907307914
 Retrying in 1 seconds
Warning: Unused states in tlLogic 'J10', program '0' in phase 0 after tl-index 10
Simulation......
总奖励:-6175.53598158698, 速度奖励:-3264.910000000018, 加速度奖励:-1471.6259815870314, 交通灯奖励:-1439.000000000262, 与前车进行交互的惩罚:0.0
Episode:55/100, Reward:-6175.53598158698
Episode:55/100, avg speed:11.193426197337082
Episode:55/100, avg halt num:0.05255735238811583
Episode:55/100, avg elec cons:1.5416729361947907
 Retrying in 1 seconds
Warning: Unused states in tlLogic 'J10', program '0' in phase 0 after tl-index 10
Simulation......
总奖励:-9641.329386750243, 速度奖励:-4542.559999999969, 加速度奖励:-1710.169386750701, 交通灯奖励:-3388.6000000008908, 与前车进行交互的惩罚:0.0
Episode:56/100, Reward:-9641.329386750243
Episode:56/100, avg speed:10.21671454035171
Episode:56/100, avg halt num:0.22616136919315402
Episode:56/100, avg elec cons:0.766967986041884
 Retrying in 1 seconds
Warning: Unused states in tlLogic 'J10', program '0' in phase 0 after tl-index 10
Simulation......
总奖励:-8188.638354972404, 速度奖励:-4275.789999999968, 加速度奖励:-1578.348354972436, 交通灯奖励:-2334.500000000911, 与前车进行交互的惩罚:0.0
Episode:57/100, Reward:-8188.638354972404
Episode:57/100, avg speed:10.065598691819998
Episode:57/100, avg halt num:0.13380704563650922
Episode:57/100, avg elec cons:0.9171414581096013
 Retrying in 1 seconds
Warning: Unused states in tlLogic 'J10', program '0' in phase 0 after tl-index 10
Simulation......
总奖励:-6123.668202216506, 速度奖励:-3189.440000000021, 加速度奖励:-1403.2282022164927, 交通灯奖励:-1531.0000000004006, 与前车进行交互的惩罚:0.0
Episode:58/100, Reward:-6123.668202216506
Episode:58/100, avg speed:11.718817119064514
Episode:58/100, avg halt num:0.05948208722741433
Episode:58/100, avg elec cons:1.2799130228814857
 Retrying in 1 seconds
Warning: Unused states in tlLogic 'J10', program '0' in phase 0 after tl-index 10
Simulation......
总奖励:-5215.082457304229, 速度奖励:-2805.950000000024, 加速度奖励:-1355.132457304228, 交通灯奖励:-1053.9999999999438, 与前车进行交互的惩罚:0.0
Episode:59/100, Reward:-5215.082457304229
Episode:59/100, avg speed:12.803762939492781
Episode:59/100, avg halt num:0.03240212846826302
Episode:59/100, avg elec cons:1.7141904925487932
 Retrying in 1 seconds
Warning: Unused states in tlLogic 'J10', program '0' in phase 0 after tl-index 10
Simulation......
总奖励:-5428.149109892265, 速度奖励:-3236.5900000000165, 加速度奖励:-1178.8591098922457, 交通灯奖励:-1012.699999999825, 与前车进行交互的惩罚:0.0
Episode:60/100, Reward:-5428.149109892265
Episode:60/100, avg speed:12.501531332133306
Episode:60/100, avg halt num:0.021746134020618556
Episode:60/100, avg elec cons:0.8494834766213201
 Retrying in 1 seconds
Warning: Unused states in tlLogic 'J10', program '0' in phase 0 after tl-index 10
Simulation......
总奖励:-6267.090546511766, 速度奖励:-3649.270000000013, 加速度奖励:-1307.8205465117703, 交通灯奖励:-1310.0000000000562, 与前车进行交互的惩罚:0.0
Episode:61/100, Reward:-6267.090546511766
Episode:61/100, avg speed:10.873587627673434
Episode:61/100, avg halt num:0.027075471698113206
Episode:61/100, avg elec cons:0.9789364800201286
 Retrying in 1 seconds
Warning: Unused states in tlLogic 'J10', program '0' in phase 0 after tl-index 10
Simulation......
总奖励:-6875.840416632554, 速度奖励:-3631.8700000000154, 加速度奖励:-1525.0704166325409, 交通灯奖励:-1718.900000000369, 与前车进行交互的惩罚:0.0
Episode:62/100, Reward:-6875.840416632554
Episode:62/100, avg speed:11.582578540612221
Episode:62/100, avg halt num:0.041101694915254235
Episode:62/100, avg elec cons:1.007901405584816
 Retrying in 1 seconds
Warning: Unused states in tlLogic 'J10', program '0' in phase 0 after tl-index 10
Simulation......
总奖励:-7630.6064498350715, 速度奖励:-3537.0500000000193, 加速度奖励:-1616.9564498351458, 交通灯奖励:-2476.6000000004615, 与前车进行交互的惩罚:0.0
Episode:63/100, Reward:-7630.6064498350715
Episode:63/100, avg speed:12.272299539959418
Episode:63/100, avg halt num:0.05734232820834641
Episode:63/100, avg elec cons:0.9232112963216097
 Retrying in 1 seconds
Warning: Unused states in tlLogic 'J10', program '0' in phase 0 after tl-index 10
Simulation......
总奖励:-4939.4046449780335, 速度奖励:-2446.10000000003, 加速度奖励:-1140.5046449780475, 交通灯奖励:-1352.8000000002012, 与前车进行交互的惩罚:0.0
Episode:64/100, Reward:-4939.4046449780335
Episode:64/100, avg speed:13.394742761928361
Episode:64/100, avg halt num:0.028233320909429743
Episode:64/100, avg elec cons:1.6948404159418191
 Retrying in 1 seconds
Warning: Unused states in tlLogic 'J10', program '0' in phase 0 after tl-index 10
Simulation......
总奖励:-4033.2824046161436, 速度奖励:-2560.6000000000145, 加速度奖励:-849.0824046161453, 交通灯奖励:-623.5999999998768, 与前车进行交互的惩罚:0.0
Episode:65/100, Reward:-4033.2824046161436
Episode:65/100, avg speed:14.010472411079306
Episode:65/100, avg halt num:0.0053705692803437165
Episode:65/100, avg elec cons:1.380528166278123
 Retrying in 1 seconds
Warning: Unused states in tlLogic 'J10', program '0' in phase 0 after tl-index 10
Simulation......
总奖励:-5345.723905592902, 速度奖励:-3217.1700000000146, 加速度奖励:-1176.3539055929548, 交通灯奖励:-952.199999999793, 与前车进行交互的惩罚:0.0
Episode:66/100, Reward:-5345.723905592902
Episode:66/100, avg speed:13.140384416031198
Episode:66/100, avg halt num:0.022841051314142678
Episode:66/100, avg elec cons:0.8922009978374602
 Retrying in 1 seconds
Warning: Unused states in tlLogic 'J10', program '0' in phase 0 after tl-index 10
Simulation......
总奖励:-5905.481858359481, 速度奖励:-3422.7300000000128, 加速度奖励:-1234.4518583594809, 交通灯奖励:-1248.2999999999124, 与前车进行交互的惩罚:0.0
Episode:67/100, Reward:-5905.481858359481
Episode:67/100, avg speed:12.620861818832008
Episode:67/100, avg halt num:0.0267970737913486
Episode:67/100, avg elec cons:0.8794488335522419
 Retrying in 1 seconds
Warning: Unused states in tlLogic 'J10', program '0' in phase 0 after tl-index 10
Simulation......
总奖励:-8914.742873712945, 速度奖励:-3663.780000000024, 加速度奖励:-1561.8628737131987, 交通灯奖励:-3689.1000000007243, 与前车进行交互的惩罚:0.0
Episode:68/100, Reward:-8914.742873712945
Episode:68/100, avg speed:11.945808982031059
Episode:68/100, avg halt num:0.0930559899906162
Episode:68/100, avg elec cons:1.156421012837653
 Retrying in 1 seconds
Warning: Unused states in tlLogic 'J10', program '0' in phase 0 after tl-index 10
Simulation......
总奖励:-9073.605208461398, 速度奖励:-4242.420000000002, 加速度奖励:-1638.5852084616631, 交通灯奖励:-3192.60000000106, 与前车进行交互的惩罚:0.0
Episode:69/100, Reward:-9073.605208461398
Episode:69/100, avg speed:10.721905236493646
Episode:69/100, avg halt num:0.13148479427549195
Episode:69/100, avg elec cons:0.6810111585502222
 Retrying in 1 seconds
Warning: Unused states in tlLogic 'J10', program '0' in phase 0 after tl-index 10
Simulation......
总奖励:-6493.324068071736, 速度奖励:-3747.750000000015, 加速度奖励:-1154.07406807173, 交通灯奖励:-1591.5000000007494, 与前车进行交互的惩罚:0.0
Episode:70/100, Reward:-6493.324068071736
Episode:70/100, avg speed:11.319472506383597
Episode:70/100, avg halt num:0.10922562141491396
Episode:70/100, avg elec cons:0.7498459800195038
 Retrying in 1 seconds
Warning: Unused states in tlLogic 'J10', program '0' in phase 0 after tl-index 10
Simulation......
总奖励:-4755.127752504485, 速度奖励:-3016.0400000000172, 加速度奖励:-1054.3877525044934, 交通灯奖励:-684.6999999998604, 与前车进行交互的惩罚:0.0
Episode:71/100, Reward:-4755.127752504485
Episode:71/100, avg speed:13.089548892462187
Episode:71/100, avg halt num:0.015193823915900132
Episode:71/100, avg elec cons:1.2805981406142697
 Retrying in 1 seconds
Warning: Unused states in tlLogic 'J10', program '0' in phase 0 after tl-index 10
Simulation......
总奖励:-4532.796239248389, 速度奖励:-2657.1800000000244, 加速度奖励:-1029.5162392483594, 交通灯奖励:-846.0999999998173, 与前车进行交互的惩罚:0.0
Episode:72/100, Reward:-4532.796239248389
Episode:72/100, avg speed:12.656380204989597
Episode:72/100, avg halt num:0.01609238924649754
Episode:72/100, avg elec cons:1.6255522476774948
 Retrying in 1 seconds
Warning: Unused states in tlLogic 'J10', program '0' in phase 0 after tl-index 10
Simulation......
总奖励:-4846.309356561976, 速度奖励:-2526.180000000023, 加速度奖励:-1103.0293565619772, 交通灯奖励:-1217.1000000000804, 与前车进行交互的惩罚:0.0
Episode:73/100, Reward:-4846.309356561976
Episode:73/100, avg speed:13.89862550818518
Episode:73/100, avg halt num:0.06526484284051222
Episode:73/100, avg elec cons:1.2629870375568908
 Retrying in 1 seconds
Warning: Unused states in tlLogic 'J10', program '0' in phase 0 after tl-index 10
Simulation......
总奖励:-4685.828849361231, 速度奖励:-2557.8700000000244, 加速度奖励:-1161.4588493612623, 交通灯奖励:-966.4999999998294, 与前车进行交互的惩罚:0.0
Episode:74/100, Reward:-4685.828849361231
Episode:74/100, avg speed:13.766613838919532
Episode:74/100, avg halt num:0.02559334041799504
Episode:74/100, avg elec cons:1.9823940974035332
 Retrying in 1 seconds
Warning: Unused states in tlLogic 'J10', program '0' in phase 0 after tl-index 10
Simulation......
总奖励:-4344.604162413453, 速度奖励:-2535.0900000000165, 加速度奖励:-1190.3141624134528, 交通灯奖励:-619.1999999999146, 与前车进行交互的惩罚:0.0
Episode:75/100, Reward:-4344.604162413453
Episode:75/100, avg speed:14.072780962418305
Episode:75/100, avg halt num:0.005305039787798408
Episode:75/100, avg elec cons:2.2651956878861736
 Retrying in 1 seconds
Warning: Unused states in tlLogic 'J10', program '0' in phase 0 after tl-index 10
Simulation......
总奖励:-4840.440795554121, 速度奖励:-2530.0900000000183, 加速度奖励:-1171.9507955541567, 交通灯奖励:-1138.3999999998764, 与前车进行交互的惩罚:0.0
Episode:76/100, Reward:-4840.440795554121
Episode:76/100, avg speed:13.50826541532044
Episode:76/100, avg halt num:0.015469061876247504
Episode:76/100, avg elec cons:2.7934756957349913
 Retrying in 1 seconds
Warning: Unused states in tlLogic 'J10', program '0' in phase 0 after tl-index 10
Simulation......
总奖励:-5823.407866324976, 速度奖励:-2872.8700000000217, 加速度奖励:-1377.1378663250223, 交通灯奖励:-1573.4000000002463, 与前车进行交互的惩罚:0.0
Episode:77/100, Reward:-5823.407866324976
Episode:77/100, avg speed:12.735510889971705
Episode:77/100, avg halt num:0.010603112840466927
Episode:77/100, avg elec cons:2.4422407301527036
 Retrying in 1 seconds
Warning: Unused states in tlLogic 'J10', program '0' in phase 0 after tl-index 10
Simulation......
总奖励:-8647.191575734058, 速度奖励:-3111.750000000019, 加速度奖励:-1590.4415757341728, 交通灯奖励:-3945.0000000006976, 与前车进行交互的惩罚:0.0
Episode:78/100, Reward:-8647.191575734058
Episode:78/100, avg speed:11.818210674504309
Episode:78/100, avg halt num:0.01065668202764977
Episode:78/100, avg elec cons:2.6633332728362644
 Retrying in 1 seconds
Warning: Unused states in tlLogic 'J10', program '0' in phase 0 after tl-index 10
Simulation......
总奖励:-8126.203095063153, 速度奖励:-3255.6700000000183, 加速度奖励:-1623.7330950632027, 交通灯奖励:-3246.8000000006755, 与前车进行交互的惩罚:0.0
Episode:79/100, Reward:-8126.203095063153
Episode:79/100, avg speed:11.898993642141317
Episode:79/100, avg halt num:0.012232415902140673
Episode:79/100, avg elec cons:2.5627163819067906
 Retrying in 1 seconds
Warning: Unused states in tlLogic 'J10', program '0' in phase 0 after tl-index 10
Simulation......
总奖励:-5149.599404695894, 速度奖励:-2755.5200000000173, 加速度奖励:-1316.379404695913, 交通灯奖励:-1077.6999999998343, 与前车进行交互的惩罚:0.0
Episode:80/100, Reward:-5149.599404695894
Episode:80/100, avg speed:13.100924376644128
Episode:80/100, avg halt num:0.012926486106225817
Episode:80/100, avg elec cons:2.272227363326152
 Retrying in 1 seconds
Warning: Unused states in tlLogic 'J10', program '0' in phase 0 after tl-index 10
Simulation......
总奖励:-5600.24445797455, 速度奖励:-2854.4000000000174, 加速度奖励:-1357.6444579745419, 交通灯奖励:-1388.200000000245, 与前车进行交互的惩罚:0.0
Episode:81/100, Reward:-5600.24445797455
Episode:81/100, avg speed:13.025319537951587
Episode:81/100, avg halt num:0.014112903225806451
Episode:81/100, avg elec cons:2.2452186975926662
 Retrying in 1 seconds
Warning: Unused states in tlLogic 'J10', program '0' in phase 0 after tl-index 10
Simulation......
总奖励:-5366.749843985923, 速度奖励:-2690.410000000018, 加速度奖励:-1196.53984398593, 交通灯奖励:-1479.8000000001944, 与前车进行交互的惩罚:0.0
Episode:82/100, Reward:-5366.749843985923
Episode:82/100, avg speed:13.19905239210296
Episode:82/100, avg halt num:0.008545310015898252
Episode:82/100, avg elec cons:2.596775841414235
 Retrying in 1 seconds
Warning: Unused states in tlLogic 'J10', program '0' in phase 0 after tl-index 10
Simulation......
总奖励:-4536.86759899572, 速度奖励:-2640.930000000016, 加速度奖励:-1256.0375989957408, 交通灯奖励:-639.8999999998614, 与前车进行交互的惩罚:0.0
Episode:83/100, Reward:-4536.86759899572
Episode:83/100, avg speed:13.669207091381486
Episode:83/100, avg halt num:0.01087707182320442
Episode:83/100, avg elec cons:2.32768402654656
 Retrying in 1 seconds
Warning: Unused states in tlLogic 'J10', program '0' in phase 0 after tl-index 10
Simulation......
总奖励:-4126.51277149493, 速度奖励:-2566.3100000000195, 加速度奖励:-1188.1027714949273, 交通灯奖励:-372.09999999995154, 与前车进行交互的惩罚:0.0
Episode:84/100, Reward:-4126.51277149493
Episode:84/100, avg speed:13.36334912266088
Episode:84/100, avg halt num:0.005057516858389528
Episode:84/100, avg elec cons:2.5239280290695234
 Retrying in 1 seconds
Warning: Unused states in tlLogic 'J10', program '0' in phase 0 after tl-index 10
Simulation......
总奖励:-4699.75077894555, 速度奖励:-2669.3000000000193, 加速度奖励:-1296.8507789455953, 交通灯奖励:-733.5999999998382, 与前车进行交互的惩罚:0.0
Episode:85/100, Reward:-4699.75077894555
Episode:85/100, avg speed:13.859849061116506
Episode:85/100, avg halt num:0.009966216216216217
Episode:85/100, avg elec cons:2.042355209229997
 Retrying in 1 seconds
Warning: Unused states in tlLogic 'J10', program '0' in phase 0 after tl-index 10
Simulation......
总奖励:-4721.714066660323, 速度奖励:-2601.2400000000157, 加速度奖励:-1239.0740666603406, 交通灯奖励:-881.3999999998437, 与前车进行交互的惩罚:0.0
Episode:86/100, Reward:-4721.714066660323
Episode:86/100, avg speed:14.15835383816639
Episode:86/100, avg halt num:0.008522727272727272
Episode:86/100, avg elec cons:1.8052954358874331
 Retrying in 1 seconds
Warning: Unused states in tlLogic 'J10', program '0' in phase 0 after tl-index 10
Simulation......
总奖励:-5160.92809653339, 速度奖励:-2921.860000000014, 加速度奖励:-1364.6680965334187, 交通灯奖励:-874.3999999997826, 与前车进行交互的惩罚:0.0
Episode:87/100, Reward:-5160.92809653339
Episode:87/100, avg speed:12.77811046511685
Episode:87/100, avg halt num:0.01916735366859027
Episode:87/100, avg elec cons:2.2265607941028716
 Retrying in 1 seconds
Warning: Unused states in tlLogic 'J10', program '0' in phase 0 after tl-index 10
Simulation......
总奖励:-4863.758376133089, 速度奖励:-2777.670000000018, 加速度奖励:-1366.9883761331112, 交通灯奖励:-719.0999999998347, 与前车进行交互的惩罚:0.0
Episode:88/100, Reward:-4863.758376133089
Episode:88/100, avg speed:13.5981564827809
Episode:88/100, avg halt num:0.008861622358554875
Episode:88/100, avg elec cons:2.148035167167677
 Retrying in 1 seconds
Warning: Unused states in tlLogic 'J10', program '0' in phase 0 after tl-index 10
Simulation......
总奖励:-4744.411359002335, 速度奖励:-2683.430000000013, 加速度奖励:-1232.2813590023989, 交通灯奖励:-828.6999999998845, 与前车进行交互的惩罚:0.0
Episode:89/100, Reward:-4744.411359002335
Episode:89/100, avg speed:13.269411612910522
Episode:89/100, avg halt num:0.022496234939759035
Episode:89/100, avg elec cons:2.1765811536758997
 Retrying in 1 seconds
Warning: Unused states in tlLogic 'J10', program '0' in phase 0 after tl-index 10
Simulation......
总奖励:-4424.121644525004, 速度奖励:-2624.3500000000136, 加速度奖励:-1193.5716445250075, 交通灯奖励:-606.1999999998278, 与前车进行交互的惩罚:0.0
Episode:90/100, Reward:-4424.121644525004
Episode:90/100, avg speed:13.432754422506024
Episode:90/100, avg halt num:0.01529618082618862
Episode:90/100, avg elec cons:2.200001821271536
 Retrying in 1 seconds
Warning: Unused states in tlLogic 'J10', program '0' in phase 0 after tl-index 10
Simulation......
总奖励:-4707.739272397553, 速度奖励:-2652.0200000000145, 加速度奖励:-1282.2192723975877, 交通灯奖励:-773.4999999999058, 与前车进行交互的惩罚:0.0
Episode:91/100, Reward:-4707.739272397553
Episode:91/100, avg speed:13.048163530892243
Episode:91/100, avg halt num:0.01080607476635514
Episode:91/100, avg elec cons:2.486401497461881
 Retrying in 1 seconds
Warning: Unused states in tlLogic 'J10', program '0' in phase 0 after tl-index 10
Simulation......
总奖励:-4804.570134465072, 速度奖励:-2823.550000000014, 加速度奖励:-1329.5201344650827, 交通灯奖励:-651.4999999998544, 与前车进行交互的惩罚:0.0
Episode:92/100, Reward:-4804.570134465072
Episode:92/100, avg speed:12.85636512473256
Episode:92/100, avg halt num:0.008040105940219448
Episode:92/100, avg elec cons:2.1161601716378104
 Retrying in 1 seconds
Warning: Unused states in tlLogic 'J10', program '0' in phase 0 after tl-index 10
Simulation......
总奖励:-5300.491671031087, 速度奖励:-2955.570000000014, 加速度奖励:-1337.2216710310884, 交通灯奖励:-1007.6999999998214, 与前车进行交互的惩罚:0.0
Episode:93/100, Reward:-5300.491671031087
Episode:93/100, avg speed:12.74957295852297
Episode:93/100, avg halt num:0.024760715771951727
Episode:93/100, avg elec cons:1.9506884335105796
 Retrying in 1 seconds
Warning: Unused states in tlLogic 'J10', program '0' in phase 0 after tl-index 10
Simulation......
总奖励:-6073.292184719207, 速度奖励:-3237.0900000000124, 加速度奖励:-1547.102184719229, 交通灯奖励:-1289.1000000001648, 与前车进行交互的惩罚:0.0
Episode:94/100, Reward:-6073.292184719207
Episode:94/100, avg speed:12.824215641824427
Episode:94/100, avg halt num:0.03162650602409638
Episode:94/100, avg elec cons:1.3193417621331822
 Retrying in 1 seconds
Warning: Unused states in tlLogic 'J10', program '0' in phase 0 after tl-index 10
Simulation......
总奖励:-7712.02730871056, 速度奖励:-3616.610000000011, 加速度奖励:-1738.517308710607, 交通灯奖励:-2356.9000000004894, 与前车进行交互的惩罚:0.0
Episode:95/100, Reward:-7712.02730871056
Episode:95/100, avg speed:11.386851767534678
Episode:95/100, avg halt num:0.08286569397680509
Episode:95/100, avg elec cons:1.203960901331844
 Retrying in 1 seconds
Warning: Unused states in tlLogic 'J10', program '0' in phase 0 after tl-index 10
Simulation......
总奖励:-6904.1057447764915, 速度奖励:-3500.080000000015, 加速度奖励:-1709.4257447765701, 交通灯奖励:-1694.600000000509, 与前车进行交互的惩罚:0.0
Episode:96/100, Reward:-6904.1057447764915
Episode:96/100, avg speed:11.493706119999075
Episode:96/100, avg halt num:0.08447228549734244
Episode:96/100, avg elec cons:1.174807413814532
 Retrying in 1 seconds
Warning: Unused states in tlLogic 'J10', program '0' in phase 0 after tl-index 10
Simulation......
总奖励:-7429.496634527049, 速度奖励:-3686.040000000012, 加速度奖励:-1716.0566345270558, 交通灯奖励:-2027.400000000576, 与前车进行交互的惩罚:0.0
Episode:97/100, Reward:-7429.496634527049
Episode:97/100, avg speed:11.679938058943275
Episode:97/100, avg halt num:0.10355839416058395
Episode:97/100, avg elec cons:1.0501004103411335
 Retrying in 1 seconds
Warning: Unused states in tlLogic 'J10', program '0' in phase 0 after tl-index 10
Simulation......
总奖励:-6018.554862588255, 速度奖励:-3229.520000000015, 加速度奖励:-1542.4348625882906, 交通灯奖励:-1246.5999999999635, 与前车进行交互的惩罚:0.0
Episode:98/100, Reward:-6018.554862588255
Episode:98/100, avg speed:11.618466974637238
Episode:98/100, avg halt num:0.07596632223497896
Episode:98/100, avg elec cons:1.2699354465957826
 Retrying in 1 seconds
Warning: Unused states in tlLogic 'J10', program '0' in phase 0 after tl-index 10
Simulation......
总奖励:-6877.256751341323, 速度奖励:-3763.310000000014, 加速度奖励:-1520.8467513414505, 交通灯奖励:-1593.1000000001814, 与前车进行交互的惩罚:0.0
Episode:99/100, Reward:-6877.256751341323
Episode:99/100, avg speed:11.775175800987602
Episode:99/100, avg halt num:0.09072781655034895
Episode:99/100, avg elec cons:0.8908814623586507
 Retrying in 1 seconds
Warning: Unused states in tlLogic 'J10', program '0' in phase 0 after tl-index 10
Simulation......
总奖励:-11385.078659328108, 速度奖励:-4755.269999999973, 加速度奖励:-1636.3086593285348, 交通灯奖励:-4993.499999999225, 与前车进行交互的惩罚:0.0
Episode:100/100, Reward:-11385.078659328108
Episode:100/100, avg speed:10.617700962447117
Episode:100/100, avg halt num:0.19952229299363058
Episode:100/100, avg elec cons:0.6902442696794596
model saved successfully!
Complete training!
final reward list:[-13986.89834267856, -16443.453232249438, -11526.8725034757, -10316.772888541776, -10475.30209243359, -10580.796011843198, -10815.777025706444, -10142.726202223015, -17601.566366285744, -5440.769814468377, -5462.438615095981, -5519.809699075141, -5227.818839355756, -5359.711587129299, -5418.341400325366, -5416.075996992169, -5576.391094180868, -5507.867251274197, -5923.6358905368725, -5815.9335580040815, -6167.039200023582, -6841.56660598934, -5763.286426987775, -5446.520130557625, -6921.00587417934, -6254.397868953483, -5733.477469909012, -5903.465494311229, -5556.159002904424, -5863.857869025899, -6190.364773045458, -6189.067203270473, -5731.709415570343, -5743.495165651506, -5725.758296238213, -5617.882665375469, -5524.439613642028, -4876.76736977853, -6200.072601504222, -5336.475997549514, -5830.485059587005, -8402.12117424193, -7777.2875454252835, -6568.43113521078, -6577.38556890872, -5690.768540650106, -6278.315913384175, -5730.054986895194, -6384.205604882399, -6027.591414532246, -7082.474853998505, -6515.901621270387, -5828.018804377566, -5844.808507998502, -6175.53598158698, -9641.329386750243, -8188.638354972404, -6123.668202216506, -5215.082457304229, -5428.149109892265, -6267.090546511766, -6875.840416632554, -7630.6064498350715, -4939.4046449780335, -4033.2824046161436, -5345.723905592902, -5905.481858359481, -8914.742873712945, -9073.605208461398, -6493.324068071736, -4755.127752504485, -4532.796239248389, -4846.309356561976, -4685.828849361231, -4344.604162413453, -4840.440795554121, -5823.407866324976, -8647.191575734058, -8126.203095063153, -5149.599404695894, -5600.24445797455, -5366.749843985923, -4536.86759899572, -4126.51277149493, -4699.75077894555, -4721.714066660323, -5160.92809653339, -4863.758376133089, -4744.411359002335, -4424.121644525004, -4707.739272397553, -4804.570134465072, -5300.491671031087, -6073.292184719207, -7712.02730871056, -6904.1057447764915, -7429.496634527049, -6018.554862588255, -6877.256751341323, -11385.078659328108]
final speed list:[14.437917980568516, 14.017458994774065, 15.657465998068345, 15.180946944438496, 15.442064003035668, 15.392720579554522, 15.671960660433209, 15.716754610718901, 11.915026083911606, 14.681635983016205, 14.946613860975425, 14.521544348353494, 14.96693852091385, 14.359240991718465, 14.434154163896297, 14.40613331004453, 14.883255319035639, 13.746353214331634, 14.119777551227614, 14.111912985926356, 13.531367939453434, 12.691948671232987, 13.741051644266497, 15.187968993358565, 14.690967343887102, 13.956644656818144, 14.084081594280974, 13.5061967243217, 13.877386748866314, 14.570726030603712, 14.173546664256465, 13.912885877044841, 14.006835357624391, 14.275368441065055, 14.44516443509468, 14.28369009474965, 13.952984199375411, 14.625220546801083, 14.461344392243351, 14.533853699810267, 13.520866191488846, 11.496826925094735, 11.973299194662639, 12.975879809410415, 13.260433503397499, 14.553532455366925, 13.90102233778313, 13.834635403987095, 13.397961103722084, 13.804870917088236, 13.077190422979932, 13.196816138581179, 13.35636989207171, 12.988232500313451, 11.193426197337082, 10.21671454035171, 10.065598691819998, 11.718817119064514, 12.803762939492781, 12.501531332133306, 10.873587627673434, 11.582578540612221, 12.272299539959418, 13.394742761928361, 14.010472411079306, 13.140384416031198, 12.620861818832008, 11.945808982031059, 10.721905236493646, 11.319472506383597, 13.089548892462187, 12.656380204989597, 13.89862550818518, 13.766613838919532, 14.072780962418305, 13.50826541532044, 12.735510889971705, 11.818210674504309, 11.898993642141317, 13.100924376644128, 13.025319537951587, 13.19905239210296, 13.669207091381486, 13.36334912266088, 13.859849061116506, 14.15835383816639, 12.77811046511685, 13.5981564827809, 13.269411612910522, 13.432754422506024, 13.048163530892243, 12.85636512473256, 12.74957295852297, 12.824215641824427, 11.386851767534678, 11.493706119999075, 11.679938058943275, 11.618466974637238, 11.775175800987602, 10.617700962447117]
final elec cons list:[1.762902998089894, 1.8991220424325361, 2.040026374868558, 2.517761405001358, 2.595417889836701, 2.326385951692707, 2.2252208697171167, 2.0809409799729486, 1.627831284037184, 2.396018741553763, 2.2824727183783877, 2.330544859501517, 2.2230700435589985, 2.517467074906303, 2.5171083768898748, 2.7735774444201873, 2.521827833240497, 2.9658110420155746, 2.470252235000544, 1.9348599475478092, 1.8566586187688687, 1.2808219468278772, 1.2400501432937479, 2.188488030453484, 2.1768732232017265, 2.6748149709383062, 2.1823777927259798, 2.6011969312834546, 2.678808470441705, 2.527825436482537, 2.6086766131093975, 2.6207972938535984, 2.5789528403985864, 2.5151697634290024, 2.4898133562004974, 2.540752362175761, 2.7656902026026935, 2.702037301441869, 2.3309206879966826, 2.506199131211256, 1.794548724082893, 1.1724341470133977, 1.209007506898173, 1.373406072804706, 1.9387144677662438, 1.952929449521371, 2.5404173699762342, 2.55634220140364, 1.3321725705821832, 1.624364018599462, 1.7126468305980902, 2.157700370958751, 2.264152144798478, 1.9315282907307914, 1.5416729361947907, 0.766967986041884, 0.9171414581096013, 1.2799130228814857, 1.7141904925487932, 0.8494834766213201, 0.9789364800201286, 1.007901405584816, 0.9232112963216097, 1.6948404159418191, 1.380528166278123, 0.8922009978374602, 0.8794488335522419, 1.156421012837653, 0.6810111585502222, 0.7498459800195038, 1.2805981406142697, 1.6255522476774948, 1.2629870375568908, 1.9823940974035332, 2.2651956878861736, 2.7934756957349913, 2.4422407301527036, 2.6633332728362644, 2.5627163819067906, 2.272227363326152, 2.2452186975926662, 2.596775841414235, 2.32768402654656, 2.5239280290695234, 2.042355209229997, 1.8052954358874331, 2.2265607941028716, 2.148035167167677, 2.1765811536758997, 2.200001821271536, 2.486401497461881, 2.1161601716378104, 1.9506884335105796, 1.3193417621331822, 1.203960901331844, 1.174807413814532, 1.0501004103411335, 1.2699354465957826, 0.8908814623586507, 0.6902442696794596]
final halt list:[0.3433744722312439, 0.4596020761245675, 0.2687152664269369, 0.2661600615621393, 0.27157258064516127, 0.2700286123032904, 0.25412371134020617, 0.22265994327135202, 0.17894308943089432, 0.1431842197957027, 0.13328363154406891, 0.11455479452054794, 0.10516372795969774, 0.12623326286116984, 0.12030559646539028, 0.10967741935483871, 0.12167070217917676, 0.10987454471873735, 0.13521505376344087, 0.12891666666666668, 0.16829877112135178, 0.19309770540340487, 0.11122311827956989, 0.12785312603374133, 0.15684793554884188, 0.15946620583717358, 0.11109167249825053, 0.1278735632183908, 0.10360721442885772, 0.12460567823343849, 0.08299218459248232, 0.11353425683264695, 0.09585357390700902, 0.08695652173913043, 0.07504604051565378, 0.12453497023809523, 0.127838519764508, 0.08278783211397767, 0.13702171664943122, 0.11624954660863257, 0.09739208633093525, 0.21392711044998142, 0.19690011481056258, 0.1358339402767662, 0.16595744680851063, 0.09632352941176471, 0.09769026883756153, 0.10776529821843532, 0.10988154613466335, 0.13840188806473364, 0.08839869281045752, 0.09247706422018348, 0.049631737529293604, 0.021482369051694625, 0.05255735238811583, 0.22616136919315402, 0.13380704563650922, 0.05948208722741433, 0.03240212846826302, 0.021746134020618556, 0.027075471698113206, 0.041101694915254235, 0.05734232820834641, 0.028233320909429743, 0.0053705692803437165, 0.022841051314142678, 0.0267970737913486, 0.0930559899906162, 0.13148479427549195, 0.10922562141491396, 0.015193823915900132, 0.01609238924649754, 0.06526484284051222, 0.02559334041799504, 0.005305039787798408, 0.015469061876247504, 0.010603112840466927, 0.01065668202764977, 0.012232415902140673, 0.012926486106225817, 0.014112903225806451, 0.008545310015898252, 0.01087707182320442, 0.005057516858389528, 0.009966216216216217, 0.008522727272727272, 0.01916735366859027, 0.008861622358554875, 0.022496234939759035, 0.01529618082618862, 0.01080607476635514, 0.008040105940219448, 0.024760715771951727, 0.03162650602409638, 0.08286569397680509, 0.08447228549734244, 0.10355839416058395, 0.07596632223497896, 0.09072781655034895, 0.19952229299363058]
speed reward list:[-3059.1600000000217, -3582.720000000022, -2439.2100000000123, -2248.7400000000116, -2278.380000000012, -2327.160000000011, -2331.410000000011, -2250.550000000011, -4398.009999999962, -2382.640000000017, -2485.560000000014, -2519.1000000000176, -2318.630000000016, -2491.5300000000134, -2485.540000000017, -2410.670000000016, -2352.260000000018, -2398.9200000000155, -2625.0200000000154, -2569.6700000000233, -2557.450000000026, -3023.740000000023, -2666.7600000000266, -2254.4400000000173, -2466.3800000000147, -2666.3100000000136, -2586.8300000000168, -2524.5300000000175, -2580.140000000016, -2470.520000000015, -2494.660000000016, -2641.470000000015, -2548.3400000000133, -2542.6700000000164, -2413.910000000018, -2434.2600000000193, -2456.090000000016, -2351.820000000016, -2490.1700000000164, -2401.080000000016, -2728.0000000000155, -3609.9600000000178, -3335.030000000019, -2866.500000000023, -2625.8800000000238, -2463.2700000000204, -2569.4200000000155, -2542.820000000018, -2776.850000000023, -2538.5700000000247, -2820.5000000000286, -2844.560000000019, -2800.5600000000136, -2938.8700000000194, -3264.910000000018, -4542.559999999969, -4275.789999999968, -3189.440000000021, -2805.950000000024, -3236.5900000000165, -3649.270000000013, -3631.8700000000154, -3537.0500000000193, -2446.10000000003, -2560.6000000000145, -3217.1700000000146, -3422.7300000000128, -3663.780000000024, -4242.420000000002, -3747.750000000015, -3016.0400000000172, -2657.1800000000244, -2526.180000000023, -2557.8700000000244, -2535.0900000000165, -2530.0900000000183, -2872.8700000000217, -3111.750000000019, -3255.6700000000183, -2755.5200000000173, -2854.4000000000174, -2690.410000000018, -2640.930000000016, -2566.3100000000195, -2669.3000000000193, -2601.2400000000157, -2921.860000000014, -2777.670000000018, -2683.430000000013, -2624.3500000000136, -2652.0200000000145, -2823.550000000014, -2955.570000000014, -3237.0900000000124, -3616.610000000011, -3500.080000000015, -3686.040000000012, -3229.520000000015, -3763.310000000014, -4755.269999999973]
accel reward list:[-711.2383426792711, -681.333232250229, -829.5625034764684, -769.0328885424155, -787.8220924341422, -773.7360118438621, -794.0670257070905, -771.4762022236176, -1416.6563662854032, -631.5298144685299, -665.978615096085, -795.4096990753178, -723.8888393557937, -788.881587129425, -862.3014003254752, -799.4059969922528, -799.1310941810175, -891.9472512743255, -913.2158905370541, -939.1635580041676, -919.5892000237029, -1064.5266059895325, -1008.226426987865, -717.0801305577941, -837.4258741796473, -927.6878689536418, -940.047469909187, -956.4354943113686, -973.1190029045292, -906.5378690260558, -1114.304773045664, -1090.2972032706043, -1031.969415570502, -1099.2251656516448, -1068.6482962383204, -1004.1226653755556, -985.0496136421625, -997.947369778568, -1060.8026015044015, -1023.4959975496107, -1229.3850595870213, -1523.6611742421217, -1381.857545425455, -1325.3311352109101, -1185.60556890886, -1124.798540650169, -1126.2959133843674, -1100.0349868953115, -1360.8556048825233, -1204.2214145323217, -1666.2748539986205, -1345.3416212704938, -1387.958804377577, -1490.3385079984648, -1471.6259815870314, -1710.169386750701, -1578.348354972436, -1403.2282022164927, -1355.132457304228, -1178.8591098922457, -1307.8205465117703, -1525.0704166325409, -1616.9564498351458, -1140.5046449780475, -849.0824046161453, -1176.3539055929548, -1234.4518583594809, -1561.8628737131987, -1638.5852084616631, -1154.07406807173, -1054.3877525044934, -1029.5162392483594, -1103.0293565619772, -1161.4588493612623, -1190.3141624134528, -1171.9507955541567, -1377.1378663250223, -1590.4415757341728, -1623.7330950632027, -1316.379404695913, -1357.6444579745419, -1196.53984398593, -1256.0375989957408, -1188.1027714949273, -1296.8507789455953, -1239.0740666603406, -1364.6680965334187, -1366.9883761331112, -1232.2813590023989, -1193.5716445250075, -1282.2192723975877, -1329.5201344650827, -1337.2216710310884, -1547.102184719229, -1738.517308710607, -1709.4257447765701, -1716.0566345270558, -1542.4348625882906, -1520.8467513414505, -1636.3086593285348]
tls reward list:[-10216.49999999845, -12179.39999999801, -8258.099999998987, -7298.999999999235, -7409.09999999926, -7479.89999999909, -7690.29999999918, -7120.699999999386, -11786.89999999677, -2426.6000000003996, -2310.9000000004726, -2205.300000000396, -2185.3000000003512, -2079.3000000003667, -2070.5000000004948, -2206.000000000322, -2425.0000000004393, -2217.000000000416, -2385.400000000507, -2307.1000000005056, -2690.0000000005284, -2753.300000000496, -2088.300000000362, -2475.000000000402, -3617.200000000596, -2660.4000000004835, -2206.600000000403, -2422.50000000034, -2002.9000000004123, -2486.8000000004936, -2581.400000000416, -2457.3000000005736, -2151.4000000004185, -2101.6000000003855, -2243.200000000429, -2179.5000000003615, -2083.3000000003226, -1527.0000000001824, -2649.100000000495, -1911.9000000003095, -1873.1000000003587, -3268.500000000819, -3060.4000000006886, -2376.6000000002723, -2765.9000000006517, -2102.7000000003686, -2582.6000000003623, -2087.2000000003663, -2246.5000000003342, -2284.8000000004354, -2595.7000000006024, -2326.0000000005384, -1639.5000000002185, -1415.6000000001823, -1439.000000000262, -3388.6000000008908, -2334.500000000911, -1531.0000000004006, -1053.9999999999438, -1012.699999999825, -1310.0000000000562, -1718.900000000369, -2476.6000000004615, -1352.8000000002012, -623.5999999998768, -952.199999999793, -1248.2999999999124, -3689.1000000007243, -3192.60000000106, -1591.5000000007494, -684.6999999998604, -846.0999999998173, -1217.1000000000804, -966.4999999998294, -619.1999999999146, -1138.3999999998764, -1573.4000000002463, -3945.0000000006976, -3246.8000000006755, -1077.6999999998343, -1388.200000000245, -1479.8000000001944, -639.8999999998614, -372.09999999995154, -733.5999999998382, -881.3999999998437, -874.3999999997826, -719.0999999998347, -828.6999999998845, -606.1999999998278, -773.4999999999058, -651.4999999998544, -1007.6999999998214, -1289.1000000001648, -2356.9000000004894, -1694.600000000509, -2027.400000000576, -1246.5999999999635, -1593.1000000001814, -4993.499999999225]
extra reward list:[0.0, 0.0, 0.0, 0.0, 0.0, 0.0, 0.0, 0.0, 0.0, 0.0, 0.0, 0.0, 0.0, 0.0, 0.0, 0.0, 0.0, 0.0, 0.0, 0.0, 0.0, 0.0, 0.0, 0.0, 0.0, 0.0, 0.0, 0.0, 0.0, 0.0, 0.0, 0.0, 0.0, 0.0, 0.0, 0.0, 0.0, 0.0, 0.0, 0.0, 0.0, 0.0, 0.0, 0.0, 0.0, 0.0, 0.0, 0.0, 0.0, 0.0, 0.0, 0.0, 0.0, 0.0, 0.0, 0.0, 0.0, 0.0, 0.0, 0.0, 0.0, 0.0, 0.0, 0.0, 0.0, 0.0, 0.0, 0.0, 0.0, 0.0, 0.0, 0.0, 0.0, 0.0, 0.0, 0.0, 0.0, 0.0, 0.0, 0.0, 0.0, 0.0, 0.0, 0.0, 0.0, 0.0, 0.0, 0.0, 0.0, 0.0, 0.0, 0.0, 0.0, 0.0, 0.0, 0.0, 0.0, 0.0, 0.0, 0.0]
