nohup: 忽略输入
Env:sumo, Algorithm:TD3, Device:cuda
-----------------------------------------
models/reward_s4e-2(-5, 1)_a4e-2_t(-2.5_0.2).pth
-----------------------------------------
 Retrying in 1 seconds
Warning: Unused states in tlLogic 'J10', program '0' in phase 0 after tl-index 10
Simulation......
总奖励:-15885.388342678296, 速度奖励:-3018.1499999999496, 加速度奖励:-711.2383426792711, 交通灯奖励:-12155.999999998738, 与前车进行交互的惩罚:0.0
Episode:1/100, Reward:-15885.388342678296
Episode:1/100, avg speed:14.437917980568516
Episode:1/100, avg halt num:0.3433744722312439
Episode:1/100, avg elec cons:1.762902998089894
 Retrying in 1 seconds
Warning: Unused states in tlLogic 'J10', program '0' in phase 0 after tl-index 10
Simulation......
总奖励:-18756.183232249015, 速度奖励:-3542.549999999914, 加速度奖励:-681.333232250229, 交通灯奖励:-14532.299999997567, 与前车进行交互的惩罚:0.0
Episode:2/100, Reward:-18756.183232249015
Episode:2/100, avg speed:14.017458994774065
Episode:2/100, avg halt num:0.4596020761245675
Episode:2/100, avg elec cons:1.8991220424325361
 Retrying in 1 seconds
Warning: Unused states in tlLogic 'J10', program '0' in phase 0 after tl-index 10
Simulation......
总奖励:-13106.171098029712, 速度奖励:-2415.9000000000024, 加速度奖励:-829.5710980306087, 交通灯奖励:-9860.699999999906, 与前车进行交互的惩罚:0.0
Episode:3/100, Reward:-13106.171098029712
Episode:3/100, avg speed:15.657486861367333
Episode:3/100, avg halt num:0.2687152664269369
Episode:3/100, avg elec cons:2.0400535323735136
 Retrying in 1 seconds
Warning: Unused states in tlLogic 'J10', program '0' in phase 0 after tl-index 10
Simulation......
总奖励:-11680.632888541779, 速度奖励:-2226.6000000000117, 加速度奖励:-769.0328885424155, 交通灯奖励:-8685.00000000044, 与前车进行交互的惩罚:0.0
Episode:4/100, Reward:-11680.632888541779
Episode:4/100, avg speed:15.180946944438496
Episode:4/100, avg halt num:0.2661600615621393
Episode:4/100, avg elec cons:2.517761405001358
 Retrying in 1 seconds
Warning: Unused states in tlLogic 'J10', program '0' in phase 0 after tl-index 10
Simulation......
总奖励:-11860.222092433636, 速度奖励:-2255.7000000000116, 加速度奖励:-787.8220924341422, 交通灯奖励:-8816.70000000048, 与前车进行交互的惩罚:0.0
Episode:5/100, Reward:-11860.222092433636
Episode:5/100, avg speed:15.442064003035668
Episode:5/100, avg halt num:0.27157258064516127
Episode:5/100, avg elec cons:2.595417889836701
 Retrying in 1 seconds
Warning: Unused states in tlLogic 'J10', program '0' in phase 0 after tl-index 10
Simulation......
总奖励:-11976.186011176427, 速度奖励:-2305.650000000007, 加速度奖励:-773.7360111771287, 交通灯奖励:-8896.800000000392, 与前车进行交互的惩罚:0.0
Episode:6/100, Reward:-11976.186011176427
Episode:6/100, avg speed:15.392720579509634
Episode:6/100, avg halt num:0.2700286123032904
Episode:6/100, avg elec cons:2.326385951362204
 Retrying in 1 seconds
Warning: Unused states in tlLogic 'J10', program '0' in phase 0 after tl-index 10
Simulation......
总奖励:-12270.067025867895, 速度奖励:-2309.9000000000074, 加速度奖励:-794.0670258685575, 交通灯奖励:-9166.100000000137, 与前车进行交互的惩罚:0.0
Episode:7/100, Reward:-12270.067025867895
Episode:7/100, avg speed:15.671960660156614
Episode:7/100, avg halt num:0.25412371134020617
Episode:7/100, avg elec cons:2.2252208694993314
 Retrying in 1 seconds
Warning: Unused states in tlLogic 'J10', program '0' in phase 0 after tl-index 10
Simulation......
总奖励:-11458.126202223213, 速度奖励:-2229.250000000012, 加速度奖励:-771.4762022236176, 交通灯奖励:-8457.40000000064, 与前车进行交互的惩罚:0.0
Episode:8/100, Reward:-11458.126202223213
Episode:8/100, avg speed:15.716754610718901
Episode:8/100, avg halt num:0.22265994327135202
Episode:8/100, avg elec cons:2.0809409799729486
 Retrying in 1 seconds
Warning: Unused states in tlLogic 'J10', program '0' in phase 0 after tl-index 10
Simulation......
总奖励:-13807.98047901964, 速度奖励:-2587.0500000000147, 加速度奖励:-1029.030479020201, 交通灯奖励:-10191.899999999965, 与前车进行交互的惩罚:0.0
Episode:9/100, Reward:-13807.98047901964
Episode:9/100, avg speed:14.820502979226557
Episode:9/100, avg halt num:0.23146964856230032
Episode:9/100, avg elec cons:2.0362169354348043
 Retrying in 1 seconds
Warning: Unused states in tlLogic 'J10', program '0' in phase 0 after tl-index 10
Simulation......
总奖励:-10684.56695840991, 速度奖励:-2444.500000000002, 加速度奖励:-758.5669584102536, 交通灯奖励:-7481.5000000008795, 与前车进行交互的惩罚:0.0
Episode:10/100, Reward:-10684.56695840991
Episode:10/100, avg speed:14.905975762890538
Episode:10/100, avg halt num:0.23575949367088608
Episode:10/100, avg elec cons:2.3251746480631734
 Retrying in 1 seconds
Warning: Unused states in tlLogic 'J10', program '0' in phase 0 after tl-index 10
Simulation......
总奖励:-8100.850877759309, 速度奖励:-2368.45000000001, 加速度奖励:-686.9008777589626, 交通灯奖励:-5045.5000000009095, 与前车进行交互的惩罚:0.0
Episode:11/100, Reward:-8100.850877759309
Episode:11/100, avg speed:15.416395339182914
Episode:11/100, avg halt num:0.18220059386341142
Episode:11/100, avg elec cons:2.2586601480176074
 Retrying in 1 seconds
Warning: Unused states in tlLogic 'J10', program '0' in phase 0 after tl-index 10
Simulation......
总奖励:-7716.158457129336, 速度奖励:-2545.9500000000007, 加速度奖励:-996.6084571291351, 交通灯奖励:-4173.600000001074, 与前车进行交互的惩罚:0.0
Episode:12/100, Reward:-7716.158457129336
Episode:12/100, avg speed:14.381560403977028
Episode:12/100, avg halt num:0.12088564642008823
Episode:12/100, avg elec cons:2.0587446643027327
 Retrying in 1 seconds
Warning: Unused states in tlLogic 'J10', program '0' in phase 0 after tl-index 10
Simulation......
总奖励:-6784.700652599669, 速度奖励:-2561.3499999999995, 加速度奖励:-1127.8506525994571, 交通灯奖励:-3095.500000000336, 与前车进行交互的惩罚:0.0
Episode:13/100, Reward:-6784.700652599669
Episode:13/100, avg speed:14.269013723314979
Episode:13/100, avg halt num:0.10570052811432122
Episode:13/100, avg elec cons:2.350220522350569
 Retrying in 1 seconds
Warning: Unused states in tlLogic 'J10', program '0' in phase 0 after tl-index 10
Simulation......
总奖励:-7546.102890705035, 速度奖励:-2761.999999999997, 加速度奖励:-1247.2028907048093, 交通灯奖励:-3536.9000000007454, 与前车进行交互的惩罚:0.0
Episode:14/100, Reward:-7546.102890705035
Episode:14/100, avg speed:13.546701780285975
Episode:14/100, avg halt num:0.10286956521739131
Episode:14/100, avg elec cons:2.617128215816974
 Retrying in 1 seconds
Warning: Unused states in tlLogic 'J10', program '0' in phase 0 after tl-index 10
Simulation......
总奖励:-6610.755854197154, 速度奖励:-2785.1499999999883, 加速度奖励:-1590.5058541969772, 交通灯奖励:-2235.1000000000113, 与前车进行交互的惩罚:0.0
Episode:15/100, Reward:-6610.755854197154
Episode:15/100, avg speed:13.258182903892079
Episode:15/100, avg halt num:0.058287795992714025
Episode:15/100, avg elec cons:2.79636182092655
 Retrying in 1 seconds
Warning: Unused states in tlLogic 'J10', program '0' in phase 0 after tl-index 10
Simulation......
总奖励:-6496.08719345012, 速度奖励:-2738.8499999999967, 加速度奖励:-1550.7371934499954, 交通灯奖励:-2206.4999999997945, 与前车进行交互的惩罚:0.0
Episode:16/100, Reward:-6496.08719345012
Episode:16/100, avg speed:12.991300919850573
Episode:16/100, avg halt num:0.052181271154569386
Episode:16/100, avg elec cons:2.953957058003816
 Retrying in 1 seconds
Warning: Unused states in tlLogic 'J10', program '0' in phase 0 after tl-index 10
Simulation......
总奖励:-6859.124734746035, 速度奖励:-2854.149999999987, 加速度奖励:-1672.3747347459291, 交通灯奖励:-2332.600000000146, 与前车进行交互的惩罚:0.0
Episode:17/100, Reward:-6859.124734746035
Episode:17/100, avg speed:13.316151648915158
Episode:17/100, avg halt num:0.06015037593984962
Episode:17/100, avg elec cons:2.7298367575545517
 Retrying in 1 seconds
Warning: Unused states in tlLogic 'J10', program '0' in phase 0 after tl-index 10
Simulation......
总奖励:-6508.364413149507, 速度奖励:-2746.1499999999965, 加速度奖励:-1635.7144131494294, 交通灯奖励:-2126.499999999814, 与前车进行交互的惩罚:0.0
Episode:18/100, Reward:-6508.364413149507
Episode:18/100, avg speed:12.142541601201891
Episode:18/100, avg halt num:0.03398640543782487
Episode:18/100, avg elec cons:3.199376313386205
 Retrying in 1 seconds
Warning: Unused states in tlLogic 'J10', program '0' in phase 0 after tl-index 10
Simulation......
总奖励:-6627.931092954934, 速度奖励:-2682.3999999999824, 加速度奖励:-1048.631092954714, 交通灯奖励:-2896.900000000331, 与前车进行交互的惩罚:0.0
Episode:19/100, Reward:-6627.931092954934
Episode:19/100, avg speed:13.95057332879733
Episode:19/100, avg halt num:0.09141522988505747
Episode:19/100, avg elec cons:2.410157940364062
 Retrying in 1 seconds
Warning: Unused states in tlLogic 'J10', program '0' in phase 0 after tl-index 10
Simulation......
总奖励:-5053.987548403286, 速度奖励:-2356.6500000000037, 加速度奖励:-683.7375484030634, 交通灯奖励:-2013.5999999996802, 与前车进行交互的惩罚:0.0
Episode:20/100, Reward:-5053.987548403286
Episode:20/100, avg speed:14.904684714552785
Episode:20/100, avg halt num:0.12470389170896785
Episode:20/100, avg elec cons:2.137702573990536
 Retrying in 1 seconds
Warning: Unused states in tlLogic 'J10', program '0' in phase 0 after tl-index 10
Simulation......
总奖励:-5455.761864260721, 速度奖励:-2418.450000000006, 加速度奖励:-747.711864260499, 交通灯奖励:-2289.5999999998885, 与前车进行交互的惩罚:0.0
Episode:21/100, Reward:-5455.761864260721
Episode:21/100, avg speed:14.511407868327474
Episode:21/100, avg halt num:0.15199689802248934
Episode:21/100, avg elec cons:2.4747482939524024
 Retrying in 1 seconds
Warning: Unused states in tlLogic 'J10', program '0' in phase 0 after tl-index 10
Simulation......
总奖励:-5237.310585089004, 速度奖励:-2320.0000000000146, 加速度奖励:-814.8105850888275, 交通灯奖励:-2102.4999999997635, 与前车进行交互的惩罚:0.0
Episode:22/100, Reward:-5237.310585089004
Episode:22/100, avg speed:14.591658919917643
Episode:22/100, avg halt num:0.11377358490566038
Episode:22/100, avg elec cons:2.565684216980078
 Retrying in 1 seconds
Warning: Unused states in tlLogic 'J10', program '0' in phase 0 after tl-index 10
Simulation......
总奖励:-5047.9370009549575, 速度奖励:-2334.1000000000054, 加速度奖励:-920.3370009547634, 交通灯奖励:-1793.4999999997183, 与前车进行交互的惩罚:0.0
Episode:23/100, Reward:-5047.9370009549575
Episode:23/100, avg speed:14.98956025283247
Episode:23/100, avg halt num:0.10837810611148421
Episode:23/100, avg elec cons:2.2718812533764354
 Retrying in 1 seconds
Warning: Unused states in tlLogic 'J10', program '0' in phase 0 after tl-index 10
Simulation......
总奖励:-5652.644760536148, 速度奖励:-2498.799999999993, 加速度奖励:-982.9447605359012, 交通灯奖励:-2170.8999999998337, 与前车进行交互的惩罚:0.0
Episode:24/100, Reward:-5652.644760536148
Episode:24/100, avg speed:14.737622342850464
Episode:24/100, avg halt num:0.12997042392375946
Episode:24/100, avg elec cons:2.37643845901242
 Retrying in 1 seconds
Warning: Unused states in tlLogic 'J10', program '0' in phase 0 after tl-index 10
Simulation......
总奖励:-5562.266157390769, 速度奖励:-2391.350000000004, 加速度奖励:-992.4161573905625, 交通灯奖励:-2178.4999999999836, 与前车进行交互的惩罚:0.0
Episode:25/100, Reward:-5562.266157390769
Episode:25/100, avg speed:14.766784856656137
Episode:25/100, avg halt num:0.11588235294117646
Episode:25/100, avg elec cons:2.3623561217434945
 Retrying in 1 seconds
Warning: Unused states in tlLogic 'J10', program '0' in phase 0 after tl-index 10
Simulation......
总奖励:-6336.79159286916, 速度奖励:-2569.8499999999954, 加速度奖励:-1009.7415928688926, 交通灯奖励:-2757.2000000002663, 与前车进行交互的惩罚:0.0
Episode:26/100, Reward:-6336.79159286916
Episode:26/100, avg speed:14.056286942459732
Episode:26/100, avg halt num:0.1605566218809981
Episode:26/100, avg elec cons:2.6556053781084987
 Retrying in 1 seconds
Warning: Unused states in tlLogic 'J10', program '0' in phase 0 after tl-index 10
Simulation......
总奖励:-5338.217717548806, 速度奖励:-2489.800000000002, 加速度奖励:-1014.1177175485725, 交通灯奖励:-1834.2999999996744, 与前车进行交互的惩罚:0.0
Episode:27/100, Reward:-5338.217717548806
Episode:27/100, avg speed:14.291621615422947
Episode:27/100, avg halt num:0.1251311647429171
Episode:27/100, avg elec cons:2.4904056063205973
 Retrying in 1 seconds
Warning: Unused states in tlLogic 'J10', program '0' in phase 0 after tl-index 10
Simulation......
总奖励:-5721.968537457999, 速度奖励:-2482.8, 加速度奖励:-1022.7685374578004, 交通灯奖励:-2216.3999999998605, 与前车进行交互的惩罚:0.0
Episode:28/100, Reward:-5721.968537457999
Episode:28/100, avg speed:13.69706195902859
Episode:28/100, avg halt num:0.15067512274959083
Episode:28/100, avg elec cons:2.9282032509554723
 Retrying in 1 seconds
Warning: Unused states in tlLogic 'J10', program '0' in phase 0 after tl-index 10
Simulation......
总奖励:-5861.129901352285, 速度奖励:-2665.7499999999873, 加速度奖励:-1185.279901352101, 交通灯奖励:-2010.0999999996327, 与前车进行交互的惩罚:0.0
Episode:29/100, Reward:-5861.129901352285
Episode:29/100, avg speed:13.737160895582996
Episode:29/100, avg halt num:0.12563204978607545
Episode:29/100, avg elec cons:2.658779832507756
 Retrying in 1 seconds
Warning: Unused states in tlLogic 'J10', program '0' in phase 0 after tl-index 10
Simulation......
总奖励:-10499.018768944208, 速度奖励:-3753.649999999938, 加速度奖励:-1631.0687689448114, 交通灯奖励:-5114.300000001528, 与前车进行交互的惩罚:0.0
Episode:30/100, Reward:-10499.018768944208
Episode:30/100, avg speed:11.526747365534849
Episode:30/100, avg halt num:0.22970049916805324
Episode:30/100, avg elec cons:1.059814854465763
 Retrying in 1 seconds
Warning: Unused states in tlLogic 'J10', program '0' in phase 0 after tl-index 10
Simulation......
总奖励:-9138.128218217778, 速度奖励:-3626.6499999999223, 加速度奖励:-1677.6782182177924, 交通灯奖励:-3833.8000000008806, 与前车进行交互的惩罚:0.0
Episode:31/100, Reward:-9138.128218217778
Episode:31/100, avg speed:11.819253852587549
Episode:31/100, avg halt num:0.16155913978494624
Episode:31/100, avg elec cons:1.0952934495134612
 Retrying in 1 seconds
Warning: Unused states in tlLogic 'J10', program '0' in phase 0 after tl-index 10
Simulation......
总奖励:-7650.559193311471, 速度奖励:-3557.049999999941, 加速度奖励:-1658.6091933112734, 交通灯奖励:-2434.8999999999505, 与前车进行交互的惩罚:0.0
Episode:32/100, Reward:-7650.559193311471
Episode:32/100, avg speed:11.497423943526549
Episode:32/100, avg halt num:0.15431435732187612
Episode:32/100, avg elec cons:1.0384948980193127
 Retrying in 1 seconds
Warning: Unused states in tlLogic 'J10', program '0' in phase 0 after tl-index 10
Simulation......
总奖励:-14045.606287612954, 速度奖励:-5176.24999999991, 加速度奖励:-2102.6562876138983, 交通灯奖励:-6766.700000001837, 与前车进行交互的惩罚:0.0
Episode:33/100, Reward:-14045.606287612954
Episode:33/100, avg speed:9.53505022525071
Episode:33/100, avg halt num:0.34747967479674796
Episode:33/100, avg elec cons:0.7512006557878319
 Retrying in 1 seconds
Warning: Unused states in tlLogic 'J10', program '0' in phase 0 after tl-index 10
Simulation......
总奖励:-16214.125370331756, 速度奖励:-5577.699999999934, 加速度奖励:-2092.3253703331925, 交通灯奖励:-8544.1000000016, 与前车进行交互的惩罚:0.0
Episode:34/100, Reward:-16214.125370331756
Episode:34/100, avg speed:9.882878397108792
Episode:34/100, avg halt num:0.3374435847840103
Episode:34/100, avg elec cons:0.7072076881754079
 Retrying in 1 seconds
Warning: Unused states in tlLogic 'J10', program '0' in phase 0 after tl-index 10
Simulation......
总奖励:-10799.78605190269, 速度奖励:-4743.749999999902, 加速度奖励:-1826.03605190294, 交通灯奖励:-4230.000000001674, 与前车进行交互的惩罚:0.0
Episode:35/100, Reward:-10799.78605190269
Episode:35/100, avg speed:10.62373739054871
Episode:35/100, avg halt num:0.24484536082474226
Episode:35/100, avg elec cons:0.9865752236650098
 Retrying in 1 seconds
Warning: Unused states in tlLogic 'J10', program '0' in phase 0 after tl-index 10
Simulation......
总奖励:-5517.847699856859, 速度奖励:-2972.899999999983, 加速度奖励:-1224.1476998568153, 交通灯奖励:-1320.799999999655, 与前车进行交互的惩罚:0.0
Episode:36/100, Reward:-5517.847699856859
Episode:36/100, avg speed:12.583127648279694
Episode:36/100, avg halt num:0.008896151053013798
Episode:36/100, avg elec cons:2.0926434343210403
 Retrying in 1 seconds
Warning: Unused states in tlLogic 'J10', program '0' in phase 0 after tl-index 10
Simulation......
总奖励:-5972.749640926801, 速度奖励:-2734.3999999999596, 加速度奖励:-1142.6496409267718, 交通灯奖励:-2095.6999999997342, 与前车进行交互的惩罚:0.0
Episode:37/100, Reward:-5972.749640926801
Episode:37/100, avg speed:12.748960757005522
Episode:37/100, avg halt num:0.02957543281121187
Episode:37/100, avg elec cons:1.9153217962765121
 Retrying in 1 seconds
Warning: Unused states in tlLogic 'J10', program '0' in phase 0 after tl-index 10
Simulation......
总奖励:-5046.432962144523, 速度奖励:-3046.1999999999753, 加速度奖励:-1246.9329621444688, 交通灯奖励:-753.2999999997608, 与前车进行交互的惩罚:0.0
Episode:38/100, Reward:-5046.432962144523
Episode:38/100, avg speed:12.689244656901694
Episode:38/100, avg halt num:0.026613816534541337
Episode:38/100, avg elec cons:1.9361325815163064
 Retrying in 1 seconds
Warning: Unused states in tlLogic 'J10', program '0' in phase 0 after tl-index 10
Simulation......
总奖励:-7168.945836876237, 速度奖励:-3554.4999999999327, 加速度奖励:-1536.845836876193, 交通灯奖励:-2077.5999999998567, 与前车进行交互的惩罚:0.0
Episode:39/100, Reward:-7168.945836876237
Episode:39/100, avg speed:12.04184851823213
Episode:39/100, avg halt num:0.030662794670310897
Episode:39/100, avg elec cons:1.477948567218444
 Retrying in 1 seconds
Warning: Unused states in tlLogic 'J10', program '0' in phase 0 after tl-index 10
Simulation......
总奖励:-3599.492095726081, 速度奖励:-2440.6500000000115, 加速度奖励:-936.8420957260283, 交通灯奖励:-221.99999999999721, 与前车进行交互的惩罚:0.0
Episode:40/100, Reward:-3599.492095726081
Episode:40/100, avg speed:14.025929302462304
Episode:40/100, avg halt num:0.012788184438040346
Episode:40/100, avg elec cons:2.6854901583490496
 Retrying in 1 seconds
Warning: Unused states in tlLogic 'J10', program '0' in phase 0 after tl-index 10
Simulation......
总奖励:-4116.0638514721595, 速度奖励:-2716.79999999999, 加速度奖励:-1065.9638514720518, 交通灯奖励:-333.30000000010386, 与前车进行交互的惩罚:0.0
Episode:41/100, Reward:-4116.0638514721595
Episode:41/100, avg speed:13.355195830060186
Episode:41/100, avg halt num:0.04636659436008677
Episode:41/100, avg elec cons:2.4963992105464743
 Retrying in 1 seconds
Warning: Unused states in tlLogic 'J10', program '0' in phase 0 after tl-index 10
Simulation......
总奖励:-4011.0486872560905, 速度奖励:-2604.0999999999854, 加速度奖励:-1079.2486872560337, 交通灯奖励:-327.70000000012016, 与前车进行交互的惩罚:0.0
Episode:42/100, Reward:-4011.0486872560905
Episode:42/100, avg speed:13.227578760127932
Episode:42/100, avg halt num:0.07281828485077446
Episode:42/100, avg elec cons:2.163822317368671
 Retrying in 1 seconds
Warning: Unused states in tlLogic 'J10', program '0' in phase 0 after tl-index 10
Simulation......
总奖励:-3872.263109023142, 速度奖励:-2750.849999999992, 加速度奖励:-1276.5131090231373, 交通灯奖励:155.10000000000545, 与前车进行交互的惩罚:0.0
Episode:43/100, Reward:-3872.263109023142
Episode:43/100, avg speed:12.496380614216553
Episode:43/100, avg halt num:0.012321909896033885
Episode:43/100, avg elec cons:1.5070963671489535
 Retrying in 1 seconds
Warning: Unused states in tlLogic 'J10', program '0' in phase 0 after tl-index 10
Simulation......
总奖励:-4200.757875214659, 速度奖励:-3253.949999999929, 加速度奖励:-1218.0078752146424, 交通灯奖励:271.1999999998804, 与前车进行交互的惩罚:0.0
Episode:44/100, Reward:-4200.757875214659
Episode:44/100, avg speed:12.228015288805807
Episode:44/100, avg halt num:0.01845216768183447
Episode:44/100, avg elec cons:1.038909615563346
 Retrying in 1 seconds
Warning: Unused states in tlLogic 'J10', program '0' in phase 0 after tl-index 10
Simulation......
总奖励:-4545.443481201311, 速度奖励:-3283.099999999936, 加速度奖励:-1147.5434812012581, 交通灯奖励:-114.80000000007517, 与前车进行交互的惩罚:0.0
Episode:45/100, Reward:-4545.443481201311
Episode:45/100, avg speed:11.713841882361882
Episode:45/100, avg halt num:0.050019275250578255
Episode:45/100, avg elec cons:1.1204873701920013
 Retrying in 1 seconds
Warning: Unused states in tlLogic 'J10', program '0' in phase 0 after tl-index 10
Simulation......
总奖励:-3370.645826165684, 速度奖励:-2173.80000000003, 加速度奖励:-917.2458261656644, 交通灯奖励:-279.60000000003436, 与前车进行交互的惩罚:0.0
Episode:46/100, Reward:-3370.645826165684
Episode:46/100, avg speed:14.852383753717994
Episode:46/100, avg halt num:0.015029566360052562
Episode:46/100, avg elec cons:2.266591323846177
 Retrying in 1 seconds
Warning: Unused states in tlLogic 'J10', program '0' in phase 0 after tl-index 10
Simulation......
总奖励:-3827.657627007492, 速度奖励:-2741.1999999999643, 加速度奖励:-1158.6576270074847, 交通灯奖励:72.19999999993752, 与前车进行交互的惩罚:0.0
Episode:47/100, Reward:-3827.657627007492
Episode:47/100, avg speed:13.086722774729399
Episode:47/100, avg halt num:0.0037778617302606727
Episode:47/100, avg elec cons:1.8109294272080887
 Retrying in 1 seconds
Warning: Unused states in tlLogic 'J10', program '0' in phase 0 after tl-index 10
Simulation......
总奖励:-3893.998881114488, 速度奖励:-2809.6999999999694, 加速度奖励:-1165.698881114448, 交通灯奖励:81.39999999998695, 与前车进行交互的惩罚:0.0
Episode:48/100, Reward:-3893.998881114488
Episode:48/100, avg speed:12.782167112696351
Episode:48/100, avg halt num:0.018171384850803367
Episode:48/100, avg elec cons:1.6001671812213523
 Retrying in 1 seconds
Warning: Unused states in tlLogic 'J10', program '0' in phase 0 after tl-index 10
Simulation......
总奖励:-7352.23324952318, 速度奖励:-4274.599999999937, 加速度奖励:-1446.333249522938, 交通灯奖励:-1631.299999999447, 与前车进行交互的惩罚:0.0
Episode:49/100, Reward:-7352.23324952318
Episode:49/100, avg speed:11.086012460194514
Episode:49/100, avg halt num:0.18469079939668176
Episode:49/100, avg elec cons:0.6647970066666892
 Retrying in 1 seconds
Warning: Unused states in tlLogic 'J10', program '0' in phase 0 after tl-index 10
Simulation......
总奖励:-5603.511496588021, 速度奖励:-3424.3999999999137, 加速度奖励:-1253.7114965879423, 交通灯奖励:-925.3999999996627, 与前车进行交互的惩罚:0.0
Episode:50/100, Reward:-5603.511496588021
Episode:50/100, avg speed:12.034421286008604
Episode:50/100, avg halt num:0.1015177065767285
Episode:50/100, avg elec cons:0.9038521822239086
 Retrying in 1 seconds
Warning: Unused states in tlLogic 'J10', program '0' in phase 0 after tl-index 10
Simulation......
总奖励:-4920.7030101111295, 速度奖励:-2995.49999999994, 加速度奖励:-1195.303010111064, 交通灯奖励:-729.8999999999389, 与前车进行交互的惩罚:0.0
Episode:51/100, Reward:-4920.7030101111295
Episode:51/100, avg speed:12.799169550059041
Episode:51/100, avg halt num:0.06775700934579439
Episode:51/100, avg elec cons:1.063664011747326
 Retrying in 1 seconds
Warning: Unused states in tlLogic 'J10', program '0' in phase 0 after tl-index 10
Simulation......
总奖励:-5460.163893336793, 速度奖励:-3383.6499999999432, 加速度奖励:-1145.8138933367388, 交通灯奖励:-930.6999999996908, 与前车进行交互的惩罚:0.0
Episode:52/100, Reward:-5460.163893336793
Episode:52/100, avg speed:12.10824781054157
Episode:52/100, avg halt num:0.09712357954545454
Episode:52/100, avg elec cons:0.9716773137592508
 Retrying in 1 seconds
Warning: Unused states in tlLogic 'J10', program '0' in phase 0 after tl-index 10
Simulation......
总奖励:-4579.452813393442, 速度奖励:-2942.49999999993, 加速度奖励:-1163.4528133933688, 交通灯奖励:-473.5000000000386, 与前车进行交互的惩罚:0.0
Episode:53/100, Reward:-4579.452813393442
Episode:53/100, avg speed:12.439352928868828
Episode:53/100, avg halt num:0.08153437396213882
Episode:53/100, avg elec cons:1.1845417001825322
 Retrying in 1 seconds
Warning: Unused states in tlLogic 'J10', program '0' in phase 0 after tl-index 10
Simulation......
总奖励:-4285.595252626074, 速度奖励:-2773.2499999999454, 加速度奖励:-1057.045252626032, 交通灯奖励:-455.3000000000764, 与前车进行交互的惩罚:0.0
Episode:54/100, Reward:-4285.595252626074
Episode:54/100, avg speed:12.813189654097682
Episode:54/100, avg halt num:0.07399595005062437
Episode:54/100, avg elec cons:1.3639679313549558
 Retrying in 1 seconds
Warning: Unused states in tlLogic 'J10', program '0' in phase 0 after tl-index 10
Simulation......
总奖励:-4920.341724263555, 速度奖励:-3043.7999999999465, 加速度奖励:-1152.9417242634347, 交通灯奖励:-723.5999999996768, 与前车进行交互的惩罚:0.0
Episode:55/100, Reward:-4920.341724263555
Episode:55/100, avg speed:11.680483235700542
Episode:55/100, avg halt num:0.10099399849962491
Episode:55/100, avg elec cons:1.2250756326521217
 Retrying in 1 seconds
Warning: Unused states in tlLogic 'J10', program '0' in phase 0 after tl-index 10
Simulation......
总奖励:-4719.340356732214, 速度奖励:-3394.6999999998966, 加速度奖励:-1158.5403567321566, 交通灯奖励:-166.10000000008444, 与前车进行交互的惩罚:0.0
Episode:56/100, Reward:-4719.340356732214
Episode:56/100, avg speed:11.499822026660043
Episode:56/100, avg halt num:0.072202486678508
Episode:56/100, avg elec cons:0.9322142243165742
 Retrying in 1 seconds
Warning: Unused states in tlLogic 'J10', program '0' in phase 0 after tl-index 10
Simulation......
总奖励:-4126.697438069667, 速度奖励:-3082.7999999999656, 加速度奖励:-1009.697438069624, 交通灯奖励:-34.200000000007435, 与前车进行交互的惩罚:0.0
Episode:57/100, Reward:-4126.697438069667
Episode:57/100, avg speed:11.437795211151224
Episode:57/100, avg halt num:0.050039952057530965
Episode:57/100, avg elec cons:1.082826614617096
 Retrying in 1 seconds
Warning: Unused states in tlLogic 'J10', program '0' in phase 0 after tl-index 10
Simulation......
总奖励:-4002.941884820343, 速度奖励:-3183.7999999999392, 加速度奖励:-1007.3418848203199, 交通灯奖励:188.19999999997216, 与前车进行交互的惩罚:0.0
Episode:58/100, Reward:-4002.941884820343
Episode:58/100, avg speed:11.848181642182212
Episode:58/100, avg halt num:0.049554781262098335
Episode:58/100, avg elec cons:1.1316657448686887
 Retrying in 1 seconds
Warning: Unused states in tlLogic 'J10', program '0' in phase 0 after tl-index 10
Simulation......
总奖励:-4355.111268377761, 速度奖励:-3202.6999999999507, 加速度奖励:-1038.511268377714, 交通灯奖励:-113.90000000005382, 与前车进行交互的惩罚:0.0
Episode:59/100, Reward:-4355.111268377761
Episode:59/100, avg speed:12.269312089277921
Episode:59/100, avg halt num:0.04966826391448581
Episode:59/100, avg elec cons:1.1354667854518448
 Retrying in 1 seconds
Warning: Unused states in tlLogic 'J10', program '0' in phase 0 after tl-index 10
Simulation......
总奖励:-4615.169899204415, 速度奖励:-3215.049999999922, 加速度奖励:-1190.3198992043892, 交通灯奖励:-209.8000000000285, 与前车进行交互的惩罚:0.0
Episode:60/100, Reward:-4615.169899204415
Episode:60/100, avg speed:12.53414393824702
Episode:60/100, avg halt num:0.033876221498371335
Episode:60/100, avg elec cons:0.9955598328488786
 Retrying in 1 seconds
Warning: Unused states in tlLogic 'J10', program '0' in phase 0 after tl-index 10
Simulation......
总奖励:-4108.7822228066, 速度奖励:-2797.9499999999825, 加速度奖励:-1189.332222806577, 交通灯奖励:-121.49999999998788, 与前车进行交互的惩罚:0.0
Episode:61/100, Reward:-4108.7822228066
Episode:61/100, avg speed:12.480639601383603
Episode:61/100, avg halt num:0.01816776188635485
Episode:61/100, avg elec cons:1.4664404231539176
 Retrying in 1 seconds
Warning: Unused states in tlLogic 'J10', program '0' in phase 0 after tl-index 10
Simulation......
总奖励:-4096.203444145176, 速度奖励:-3001.3499999999563, 加速度奖励:-1088.5534441451164, 交通灯奖励:-6.300000000001947, 与前车进行交互的惩罚:0.0
Episode:62/100, Reward:-4096.203444145176
Episode:62/100, avg speed:12.90309690786374
Episode:62/100, avg halt num:0.01494331844726898
Episode:62/100, avg elec cons:1.2242409535364986
 Retrying in 1 seconds
Warning: Unused states in tlLogic 'J10', program '0' in phase 0 after tl-index 10
Simulation......
总奖励:-3350.384873499941, 速度奖励:-2548.499999999982, 加速度奖励:-910.1848734999281, 交通灯奖励:108.29999999995573, 与前车进行交互的惩罚:0.0
Episode:63/100, Reward:-3350.384873499941
Episode:63/100, avg speed:13.90618214619285
Episode:63/100, avg halt num:0.0026729034413631807
Episode:63/100, avg elec cons:1.509942036557497
 Retrying in 1 seconds
Warning: Unused states in tlLogic 'J10', program '0' in phase 0 after tl-index 10
Simulation......
总奖励:-3830.5992126513484, 速度奖励:-2798.249999999972, 加速度奖励:-952.2492126513138, 交通灯奖励:-80.10000000002898, 与前车进行交互的惩罚:0.0
Episode:64/100, Reward:-3830.5992126513484
Episode:64/100, avg speed:12.88760276201483
Episode:64/100, avg halt num:0.008259911894273128
Episode:64/100, avg elec cons:1.3761580521771508
 Retrying in 1 seconds
Warning: Unused states in tlLogic 'J10', program '0' in phase 0 after tl-index 10
Simulation......
总奖励:-3927.28628210657, 速度奖励:-2979.0999999999667, 加速度奖励:-947.7862821065316, 交通灯奖励:-0.3999999999882277, 与前车进行交互的惩罚:0.0
Episode:65/100, Reward:-3927.28628210657
Episode:65/100, avg speed:13.029362216465318
Episode:65/100, avg halt num:0.017543859649122806
Episode:65/100, avg elec cons:1.3557079243307604
 Retrying in 1 seconds
Warning: Unused states in tlLogic 'J10', program '0' in phase 0 after tl-index 10
Simulation......
总奖励:-4332.883632138627, 速度奖励:-2823.4499999999725, 加速度奖励:-1175.2336321385794, 交通灯奖励:-334.2000000000799, 与前车进行交互的惩罚:0.0
Episode:66/100, Reward:-4332.883632138627
Episode:66/100, avg speed:14.092156062964577
Episode:66/100, avg halt num:0.01572926596758818
Episode:66/100, avg elec cons:1.741561736689212
 Retrying in 1 seconds
Warning: Unused states in tlLogic 'J10', program '0' in phase 0 after tl-index 10
Simulation......
总奖励:-4527.65655188918, 速度奖励:-2806.8499999999694, 加速度奖励:-1135.3065518891276, 交通灯奖励:-585.4999999999422, 与前车进行交互的惩罚:0.0
Episode:67/100, Reward:-4527.65655188918
Episode:67/100, avg speed:13.705729953201391
Episode:67/100, avg halt num:0.044239022779795314
Episode:67/100, avg elec cons:1.7427005046688069
 Retrying in 1 seconds
Warning: Unused states in tlLogic 'J10', program '0' in phase 0 after tl-index 10
Simulation......
总奖励:-4360.7268929799475, 速度奖励:-2797.3999999999764, 加速度奖励:-1181.2268929799015, 交通灯奖励:-382.1000000000391, 与前车进行交互的惩罚:0.0
Episode:68/100, Reward:-4360.7268929799475
Episode:68/100, avg speed:13.525921879526141
Episode:68/100, avg halt num:0.03966942148760331
Episode:68/100, avg elec cons:1.7053932053763525
 Retrying in 1 seconds
Warning: Unused states in tlLogic 'J10', program '0' in phase 0 after tl-index 10
Simulation......
总奖励:-5297.63244025056, 速度奖励:-3106.2999999999456, 加速度奖励:-1281.3324402504793, 交通灯奖励:-909.99999999994, 与前车进行交互的惩罚:0.0
Episode:69/100, Reward:-5297.63244025056
Episode:69/100, avg speed:13.001140891404585
Episode:69/100, avg halt num:0.044637369391518134
Episode:69/100, avg elec cons:1.2505052556333762
 Retrying in 1 seconds
Warning: Unused states in tlLogic 'J10', program '0' in phase 0 after tl-index 10
Simulation......
总奖励:-5206.182128524174, 速度奖励:-3251.7499999999486, 加速度奖励:-1351.232128524077, 交通灯奖励:-603.199999999882, 与前车进行交互的惩罚:0.0
Episode:70/100, Reward:-5206.182128524174
Episode:70/100, avg speed:12.159988501296429
Episode:70/100, avg halt num:0.07695362134688691
Episode:70/100, avg elec cons:0.8987124023662886
 Retrying in 1 seconds
Warning: Unused states in tlLogic 'J10', program '0' in phase 0 after tl-index 10
Simulation......
总奖励:-6180.5469011182895, 速度奖励:-3833.4999999999072, 加速度奖励:-1145.746901118107, 交通灯奖励:-1201.299999999652, 与前车进行交互的惩罚:0.0
Episode:71/100, Reward:-6180.5469011182895
Episode:71/100, avg speed:11.59384811136429
Episode:71/100, avg halt num:0.11784915308405242
Episode:71/100, avg elec cons:0.702888976526857
 Retrying in 1 seconds
Warning: Unused states in tlLogic 'J10', program '0' in phase 0 after tl-index 10
Simulation......
总奖励:-4766.873342337937, 速度奖励:-3454.3499999999417, 加速度奖励:-1023.9233423379104, 交通灯奖励:-288.6000000001251, 与前车进行交互的惩罚:0.0
Episode:72/100, Reward:-4766.873342337937
Episode:72/100, avg speed:11.120137962080026
Episode:72/100, avg halt num:0.058358153387937456
Episode:72/100, avg elec cons:0.8250481180015957
 Retrying in 1 seconds
Warning: Unused states in tlLogic 'J10', program '0' in phase 0 after tl-index 10
Simulation......
总奖励:-4759.082719849965, 速度奖励:-3632.799999999945, 加速度奖励:-896.0827198498905, 交通灯奖励:-230.20000000009463, 与前车进行交互的惩罚:0.0
Episode:73/100, Reward:-4759.082719849965
Episode:73/100, avg speed:11.95741833210492
Episode:73/100, avg halt num:0.06879872942535374
Episode:73/100, avg elec cons:0.6049586717868499
 Retrying in 1 seconds
Warning: Unused states in tlLogic 'J10', program '0' in phase 0 after tl-index 10
Simulation......
总奖励:-5014.307762090042, 速度奖励:-3466.7499999999304, 加速度奖励:-822.9577620899722, 交通灯奖励:-724.59999999979, 与前车进行交互的惩罚:0.0
Episode:74/100, Reward:-5014.307762090042
Episode:74/100, avg speed:12.418769539554885
Episode:74/100, avg halt num:0.08047945205479452
Episode:74/100, avg elec cons:0.7620216136190814
 Retrying in 1 seconds
Warning: Unused states in tlLogic 'J10', program '0' in phase 0 after tl-index 10
Simulation......
总奖励:-4689.331096862018, 速度奖励:-3630.1499999999455, 加速度奖励:-760.0810968619903, 交通灯奖励:-299.10000000010615, 与前车进行交互的惩罚:0.0
Episode:75/100, Reward:-4689.331096862018
Episode:75/100, avg speed:12.207156266206187
Episode:75/100, avg halt num:0.0681670458238544
Episode:75/100, avg elec cons:0.6817063054832648
 Retrying in 1 seconds
Warning: Unused states in tlLogic 'J10', program '0' in phase 0 after tl-index 10
Simulation......
总奖励:-4687.461864610152, 速度奖励:-3389.999999999937, 加速度奖励:-717.5618646101054, 交通灯奖励:-579.8999999998524, 与前车进行交互的惩罚:0.0
Episode:76/100, Reward:-4687.461864610152
Episode:76/100, avg speed:11.660530555345405
Episode:76/100, avg halt num:0.08618012422360248
Episode:76/100, avg elec cons:0.8787486851060985
 Retrying in 1 seconds
Warning: Unused states in tlLogic 'J10', program '0' in phase 0 after tl-index 10
Simulation......
总奖励:-4081.217929520269, 速度奖励:-3244.6499999999032, 加速度奖励:-682.0679295202328, 交通灯奖励:-154.50000000006236, 与前车进行交互的惩罚:0.0
Episode:77/100, Reward:-4081.217929520269
Episode:77/100, avg speed:11.963713561782729
Episode:77/100, avg halt num:0.07711442786069651
Episode:77/100, avg elec cons:1.0560187781805772
 Retrying in 1 seconds
Warning: Unused states in tlLogic 'J10', program '0' in phase 0 after tl-index 10
Simulation......
总奖励:-3582.3299144019193, 速度奖励:-2352.250000000008, 加速度奖励:-748.779914401873, 交通灯奖励:-481.3000000000712, 与前车进行交互的惩罚:0.0
Episode:78/100, Reward:-3582.3299144019193
Episode:78/100, avg speed:13.060779907775256
Episode:78/100, avg halt num:0.04901201084850833
Episode:78/100, avg elec cons:1.6600969991269752
 Retrying in 1 seconds
Warning: Unused states in tlLogic 'J10', program '0' in phase 0 after tl-index 10
Simulation......
总奖励:-4161.341212544945, 速度奖励:-2732.4499999999416, 加速度奖励:-752.491212544897, 交通灯奖励:-676.3999999997527, 与前车进行交互的惩罚:0.0
Episode:79/100, Reward:-4161.341212544945
Episode:79/100, avg speed:13.089358853433868
Episode:79/100, avg halt num:0.0432469040247678
Episode:79/100, avg elec cons:1.5433948137593962
 Retrying in 1 seconds
Warning: Unused states in tlLogic 'J10', program '0' in phase 0 after tl-index 10
Simulation......
总奖励:-4195.049966130623, 速度奖励:-2684.2499999999523, 加速度奖励:-812.0999661305906, 交通灯奖励:-698.6999999998786, 与前车进行交互的惩罚:0.0
Episode:80/100, Reward:-4195.049966130623
Episode:80/100, avg speed:13.458156435416274
Episode:80/100, avg halt num:0.030695652173913044
Episode:80/100, avg elec cons:1.2832660263417726
 Retrying in 1 seconds
Warning: Unused states in tlLogic 'J10', program '0' in phase 0 after tl-index 10
Simulation......
总奖励:-3858.5451337196037, 速度奖励:-2654.0999999999685, 加速度奖励:-908.3451337196027, 交通灯奖励:-296.1000000000804, 与前车进行交互的惩罚:0.0
Episode:81/100, Reward:-3858.5451337196037
Episode:81/100, avg speed:12.80442224434338
Episode:81/100, avg halt num:0.016379941434846265
Episode:81/100, avg elec cons:1.2326927998127593
 Retrying in 1 seconds
Warning: Unused states in tlLogic 'J10', program '0' in phase 0 after tl-index 10
Simulation......
总奖励:-3938.000957856077, 速度奖励:-2875.349999999953, 加速度奖励:-875.4509578560827, 交通灯奖励:-187.20000000001488, 与前车进行交互的惩罚:0.0
Episode:82/100, Reward:-3938.000957856077
Episode:82/100, avg speed:12.629429686701197
Episode:82/100, avg halt num:0.005511811023622047
Episode:82/100, avg elec cons:1.5365748866259592
 Retrying in 1 seconds
Warning: Unused states in tlLogic 'J10', program '0' in phase 0 after tl-index 10
Simulation......
总奖励:-5457.372458324343, 速度奖励:-3467.099999999923, 加速度奖励:-936.3724583242649, 交通灯奖励:-1053.8999999995522, 与前车进行交互的惩罚:0.0
Episode:83/100, Reward:-5457.372458324343
Episode:83/100, avg speed:12.2472707295947
Episode:83/100, avg halt num:0.06833732466643859
Episode:83/100, avg elec cons:0.9851736936075183
 Retrying in 1 seconds
Warning: Unused states in tlLogic 'J10', program '0' in phase 0 after tl-index 10
Simulation......
总奖励:-3084.8755991004637, 速度奖励:-3031.799999999964, 加速度奖励:-429.2755991004504, 交通灯奖励:376.19999999990523, 与前车进行交互的惩罚:0.0
Episode:84/100, Reward:-3084.8755991004637
Episode:84/100, avg speed:12.202269882792837
Episode:84/100, avg halt num:0.028433268858800775
Episode:84/100, avg elec cons:0.9812236959469888
 Retrying in 1 seconds
Warning: Unused states in tlLogic 'J10', program '0' in phase 0 after tl-index 10
Simulation......
总奖励:-5570.407090487909, 速度奖励:-4019.799999999953, 加速度奖励:-645.1070904877458, 交通灯奖励:-905.4999999998723, 与前车进行交互的惩罚:0.0
Episode:85/100, Reward:-5570.407090487909
Episode:85/100, avg speed:11.702734112510196
Episode:85/100, avg halt num:0.11625447445493003
Episode:85/100, avg elec cons:0.5389534927429359
 Retrying in 1 seconds
Warning: Unused states in tlLogic 'J10', program '0' in phase 0 after tl-index 10
Simulation......
总奖励:-5202.197226998106, 速度奖励:-3851.7499999999363, 加速度奖励:-596.9472269980191, 交通灯奖励:-753.4999999996965, 与前车进行交互的惩罚:0.0
Episode:86/100, Reward:-5202.197226998106
Episode:86/100, avg speed:11.52234067799867
Episode:86/100, avg halt num:0.0713319302465424
Episode:86/100, avg elec cons:0.5507215872148368
 Retrying in 1 seconds
Warning: Unused states in tlLogic 'J10', program '0' in phase 0 after tl-index 10
Simulation......
总奖励:-6799.700860674101, 速度奖励:-4422.59999999994, 加速度奖励:-623.3008606739304, 交通灯奖励:-1753.7999999994065, 与前车进行交互的惩罚:0.0
Episode:87/100, Reward:-6799.700860674101
Episode:87/100, avg speed:10.142112621537926
Episode:87/100, avg halt num:0.17232035327177841
Episode:87/100, avg elec cons:0.6106892223134067
 Retrying in 1 seconds
Warning: Unused states in tlLogic 'J10', program '0' in phase 0 after tl-index 10
Simulation......
总奖励:-5306.732715698332, 速度奖励:-3992.5999999999194, 加速度奖励:-499.73271569822003, 交通灯奖励:-814.3999999996705, 与前车进行交互的惩罚:0.0
Episode:88/100, Reward:-5306.732715698332
Episode:88/100, avg speed:11.385626336087958
Episode:88/100, avg halt num:0.10277324632952692
Episode:88/100, avg elec cons:0.5625995548750781
 Retrying in 1 seconds
Warning: Unused states in tlLogic 'J10', program '0' in phase 0 after tl-index 10
Simulation......
总奖励:-5240.802242925438, 速度奖励:-3924.999999999927, 加速度奖励:-464.90224292539347, 交通灯奖励:-850.89999999963, 与前车进行交互的惩罚:0.0
Episode:89/100, Reward:-5240.802242925438
Episode:89/100, avg speed:10.81263132631546
Episode:89/100, avg halt num:0.09853479853479853
Episode:89/100, avg elec cons:0.7237253690056926
 Retrying in 1 seconds
Warning: Unused states in tlLogic 'J10', program '0' in phase 0 after tl-index 10
Simulation......
总奖励:-3796.211666345132, 速度奖励:-3150.399999999931, 加速度奖励:-385.31166634507235, 交通灯奖励:-260.5000000000609, 与前车进行交互的惩罚:0.0
Episode:90/100, Reward:-3796.211666345132
Episode:90/100, avg speed:11.99663054445436
Episode:90/100, avg halt num:0.06295938104448742
Episode:90/100, avg elec cons:0.9449039239014189
 Retrying in 1 seconds
Warning: Unused states in tlLogic 'J10', program '0' in phase 0 after tl-index 10
Simulation......
总奖励:-4134.143066088438, 速度奖励:-3189.199999999964, 加速度奖励:-380.14306608839325, 交通灯奖励:-564.7999999998344, 与前车进行交互的惩罚:0.0
Episode:91/100, Reward:-4134.143066088438
Episode:91/100, avg speed:11.787215517610722
Episode:91/100, avg halt num:0.08150113722517058
Episode:91/100, avg elec cons:1.0525587794400613
 Retrying in 1 seconds
Warning: Unused states in tlLogic 'J10', program '0' in phase 0 after tl-index 10
Simulation......
总奖励:-3704.3371791633904, 速度奖励:-3359.7999999999447, 加速度奖励:-375.93717916336306, 交通灯奖励:31.400000000017826, 与前车进行交互的惩罚:0.0
Episode:92/100, Reward:-3704.3371791633904
Episode:92/100, avg speed:11.40218625185822
Episode:92/100, avg halt num:0.06773897058823529
Episode:92/100, avg elec cons:0.974966875895761
 Retrying in 1 seconds
Warning: Unused states in tlLogic 'J10', program '0' in phase 0 after tl-index 10
Simulation......
总奖励:-4881.786397631784, 速度奖励:-3469.499999999922, 加速度奖励:-458.88639763170653, 交通灯奖励:-953.3999999995729, 与前车进行交互的惩罚:0.0
Episode:93/100, Reward:-4881.786397631784
Episode:93/100, avg speed:11.628272289477358
Episode:93/100, avg halt num:0.10866477272727272
Episode:93/100, avg elec cons:0.9697390632782661
 Retrying in 1 seconds
Warning: Unused states in tlLogic 'J10', program '0' in phase 0 after tl-index 10
Simulation......
总奖励:-4148.663031170794, 速度奖励:-3543.749999999935, 加速度奖励:-434.51303117074576, 交通灯奖励:-170.40000000013748, 与前车进行交互的惩罚:0.0
Episode:94/100, Reward:-4148.663031170794
Episode:94/100, avg speed:11.77501714906828
Episode:94/100, avg halt num:0.08144499178981937
Episode:94/100, avg elec cons:0.7318206448105301
 Retrying in 1 seconds
Warning: Unused states in tlLogic 'J10', program '0' in phase 0 after tl-index 10
Simulation......
总奖励:-4486.5692297703445, 速度奖励:-3290.4499999999266, 加速度奖励:-510.1192297703022, 交通灯奖励:-685.9999999997575, 与前车进行交互的惩罚:0.0
Episode:95/100, Reward:-4486.5692297703445
Episode:95/100, avg speed:11.378823544806727
Episode:95/100, avg halt num:0.08982889733840305
Episode:95/100, avg elec cons:1.1744308304781341
 Retrying in 1 seconds
Warning: Unused states in tlLogic 'J10', program '0' in phase 0 after tl-index 10
Simulation......
总奖励:-3415.5127635447243, 速度奖励:-2782.449999999946, 加速度奖励:-433.1627635447318, 交通灯奖励:-199.9000000000899, 与前车进行交互的惩罚:0.0
Episode:96/100, Reward:-3415.5127635447243
Episode:96/100, avg speed:12.601714479316175
Episode:96/100, avg halt num:0.07328740910830463
Episode:96/100, avg elec cons:1.3461448652096095
 Retrying in 1 seconds
Warning: Unused states in tlLogic 'J10', program '0' in phase 0 after tl-index 10
Simulation......
总奖励:-3572.1405759111444, 速度奖励:-2957.7999999999606, 加速度奖励:-425.8405759111052, 交通灯奖励:-188.500000000115, 与前车进行交互的惩罚:0.0
Episode:97/100, Reward:-3572.1405759111444
Episode:97/100, avg speed:12.505078481568484
Episode:97/100, avg halt num:0.08460336068776866
Episode:97/100, avg elec cons:1.3002981398144065
 Retrying in 1 seconds
Warning: Unused states in tlLogic 'J10', program '0' in phase 0 after tl-index 10
Simulation......
总奖励:-3537.196271580626, 速度奖励:-3110.19999999994, 加速度奖励:-416.6962715805735, 交通灯奖励:-10.29999999999367, 与前车进行交互的惩罚:0.0
Episode:98/100, Reward:-3537.196271580626
Episode:98/100, avg speed:11.423200295962431
Episode:98/100, avg halt num:0.10751850409037787
Episode:98/100, avg elec cons:1.1198043124034358
 Retrying in 1 seconds
Warning: Unused states in tlLogic 'J10', program '0' in phase 0 after tl-index 10
Simulation......
总奖励:-3297.421265127236, 速度奖励:-2869.5999999999394, 加速度奖励:-419.92126512723684, 交通灯奖励:-7.899999999993791, 与前车进行交互的惩罚:0.0
Episode:99/100, Reward:-3297.421265127236
Episode:99/100, avg speed:12.898769426505716
Episode:99/100, avg halt num:0.05453917846047635
Episode:99/100, avg elec cons:1.190280665804532
 Retrying in 1 seconds
Warning: Unused states in tlLogic 'J10', program '0' in phase 0 after tl-index 10
Simulation......
总奖励:-3102.0847046076274, 速度奖励:-2527.6000000000076, 加速度奖励:-393.1847046075994, 交通灯奖励:-181.30000000011682, 与前车进行交互的惩罚:0.0
Episode:100/100, Reward:-3102.0847046076274
Episode:100/100, avg speed:13.471269031808474
Episode:100/100, avg halt num:0.06386922817660937
Episode:100/100, avg elec cons:1.289787898607634
model saved successfully!
Complete training!
final reward list:[-15885.388342678296, -18756.183232249015, -13106.171098029712, -11680.632888541779, -11860.222092433636, -11976.186011176427, -12270.067025867895, -11458.126202223213, -13807.98047901964, -10684.56695840991, -8100.850877759309, -7716.158457129336, -6784.700652599669, -7546.102890705035, -6610.755854197154, -6496.08719345012, -6859.124734746035, -6508.364413149507, -6627.931092954934, -5053.987548403286, -5455.761864260721, -5237.310585089004, -5047.9370009549575, -5652.644760536148, -5562.266157390769, -6336.79159286916, -5338.217717548806, -5721.968537457999, -5861.129901352285, -10499.018768944208, -9138.128218217778, -7650.559193311471, -14045.606287612954, -16214.125370331756, -10799.78605190269, -5517.847699856859, -5972.749640926801, -5046.432962144523, -7168.945836876237, -3599.492095726081, -4116.0638514721595, -4011.0486872560905, -3872.263109023142, -4200.757875214659, -4545.443481201311, -3370.645826165684, -3827.657627007492, -3893.998881114488, -7352.23324952318, -5603.511496588021, -4920.7030101111295, -5460.163893336793, -4579.452813393442, -4285.595252626074, -4920.341724263555, -4719.340356732214, -4126.697438069667, -4002.941884820343, -4355.111268377761, -4615.169899204415, -4108.7822228066, -4096.203444145176, -3350.384873499941, -3830.5992126513484, -3927.28628210657, -4332.883632138627, -4527.65655188918, -4360.7268929799475, -5297.63244025056, -5206.182128524174, -6180.5469011182895, -4766.873342337937, -4759.082719849965, -5014.307762090042, -4689.331096862018, -4687.461864610152, -4081.217929520269, -3582.3299144019193, -4161.341212544945, -4195.049966130623, -3858.5451337196037, -3938.000957856077, -5457.372458324343, -3084.8755991004637, -5570.407090487909, -5202.197226998106, -6799.700860674101, -5306.732715698332, -5240.802242925438, -3796.211666345132, -4134.143066088438, -3704.3371791633904, -4881.786397631784, -4148.663031170794, -4486.5692297703445, -3415.5127635447243, -3572.1405759111444, -3537.196271580626, -3297.421265127236, -3102.0847046076274]
final speed list:[14.437917980568516, 14.017458994774065, 15.657486861367333, 15.180946944438496, 15.442064003035668, 15.392720579509634, 15.671960660156614, 15.716754610718901, 14.820502979226557, 14.905975762890538, 15.416395339182914, 14.381560403977028, 14.269013723314979, 13.546701780285975, 13.258182903892079, 12.991300919850573, 13.316151648915158, 12.142541601201891, 13.95057332879733, 14.904684714552785, 14.511407868327474, 14.591658919917643, 14.98956025283247, 14.737622342850464, 14.766784856656137, 14.056286942459732, 14.291621615422947, 13.69706195902859, 13.737160895582996, 11.526747365534849, 11.819253852587549, 11.497423943526549, 9.53505022525071, 9.882878397108792, 10.62373739054871, 12.583127648279694, 12.748960757005522, 12.689244656901694, 12.04184851823213, 14.025929302462304, 13.355195830060186, 13.227578760127932, 12.496380614216553, 12.228015288805807, 11.713841882361882, 14.852383753717994, 13.086722774729399, 12.782167112696351, 11.086012460194514, 12.034421286008604, 12.799169550059041, 12.10824781054157, 12.439352928868828, 12.813189654097682, 11.680483235700542, 11.499822026660043, 11.437795211151224, 11.848181642182212, 12.269312089277921, 12.53414393824702, 12.480639601383603, 12.90309690786374, 13.90618214619285, 12.88760276201483, 13.029362216465318, 14.092156062964577, 13.705729953201391, 13.525921879526141, 13.001140891404585, 12.159988501296429, 11.59384811136429, 11.120137962080026, 11.95741833210492, 12.418769539554885, 12.207156266206187, 11.660530555345405, 11.963713561782729, 13.060779907775256, 13.089358853433868, 13.458156435416274, 12.80442224434338, 12.629429686701197, 12.2472707295947, 12.202269882792837, 11.702734112510196, 11.52234067799867, 10.142112621537926, 11.385626336087958, 10.81263132631546, 11.99663054445436, 11.787215517610722, 11.40218625185822, 11.628272289477358, 11.77501714906828, 11.378823544806727, 12.601714479316175, 12.505078481568484, 11.423200295962431, 12.898769426505716, 13.471269031808474]
final elec cons list:[1.762902998089894, 1.8991220424325361, 2.0400535323735136, 2.517761405001358, 2.595417889836701, 2.326385951362204, 2.2252208694993314, 2.0809409799729486, 2.0362169354348043, 2.3251746480631734, 2.2586601480176074, 2.0587446643027327, 2.350220522350569, 2.617128215816974, 2.79636182092655, 2.953957058003816, 2.7298367575545517, 3.199376313386205, 2.410157940364062, 2.137702573990536, 2.4747482939524024, 2.565684216980078, 2.2718812533764354, 2.37643845901242, 2.3623561217434945, 2.6556053781084987, 2.4904056063205973, 2.9282032509554723, 2.658779832507756, 1.059814854465763, 1.0952934495134612, 1.0384948980193127, 0.7512006557878319, 0.7072076881754079, 0.9865752236650098, 2.0926434343210403, 1.9153217962765121, 1.9361325815163064, 1.477948567218444, 2.6854901583490496, 2.4963992105464743, 2.163822317368671, 1.5070963671489535, 1.038909615563346, 1.1204873701920013, 2.266591323846177, 1.8109294272080887, 1.6001671812213523, 0.6647970066666892, 0.9038521822239086, 1.063664011747326, 0.9716773137592508, 1.1845417001825322, 1.3639679313549558, 1.2250756326521217, 0.9322142243165742, 1.082826614617096, 1.1316657448686887, 1.1354667854518448, 0.9955598328488786, 1.4664404231539176, 1.2242409535364986, 1.509942036557497, 1.3761580521771508, 1.3557079243307604, 1.741561736689212, 1.7427005046688069, 1.7053932053763525, 1.2505052556333762, 0.8987124023662886, 0.702888976526857, 0.8250481180015957, 0.6049586717868499, 0.7620216136190814, 0.6817063054832648, 0.8787486851060985, 1.0560187781805772, 1.6600969991269752, 1.5433948137593962, 1.2832660263417726, 1.2326927998127593, 1.5365748866259592, 0.9851736936075183, 0.9812236959469888, 0.5389534927429359, 0.5507215872148368, 0.6106892223134067, 0.5625995548750781, 0.7237253690056926, 0.9449039239014189, 1.0525587794400613, 0.974966875895761, 0.9697390632782661, 0.7318206448105301, 1.1744308304781341, 1.3461448652096095, 1.3002981398144065, 1.1198043124034358, 1.190280665804532, 1.289787898607634]
final halt list:[0.3433744722312439, 0.4596020761245675, 0.2687152664269369, 0.2661600615621393, 0.27157258064516127, 0.2700286123032904, 0.25412371134020617, 0.22265994327135202, 0.23146964856230032, 0.23575949367088608, 0.18220059386341142, 0.12088564642008823, 0.10570052811432122, 0.10286956521739131, 0.058287795992714025, 0.052181271154569386, 0.06015037593984962, 0.03398640543782487, 0.09141522988505747, 0.12470389170896785, 0.15199689802248934, 0.11377358490566038, 0.10837810611148421, 0.12997042392375946, 0.11588235294117646, 0.1605566218809981, 0.1251311647429171, 0.15067512274959083, 0.12563204978607545, 0.22970049916805324, 0.16155913978494624, 0.15431435732187612, 0.34747967479674796, 0.3374435847840103, 0.24484536082474226, 0.008896151053013798, 0.02957543281121187, 0.026613816534541337, 0.030662794670310897, 0.012788184438040346, 0.04636659436008677, 0.07281828485077446, 0.012321909896033885, 0.01845216768183447, 0.050019275250578255, 0.015029566360052562, 0.0037778617302606727, 0.018171384850803367, 0.18469079939668176, 0.1015177065767285, 0.06775700934579439, 0.09712357954545454, 0.08153437396213882, 0.07399595005062437, 0.10099399849962491, 0.072202486678508, 0.050039952057530965, 0.049554781262098335, 0.04966826391448581, 0.033876221498371335, 0.01816776188635485, 0.01494331844726898, 0.0026729034413631807, 0.008259911894273128, 0.017543859649122806, 0.01572926596758818, 0.044239022779795314, 0.03966942148760331, 0.044637369391518134, 0.07695362134688691, 0.11784915308405242, 0.058358153387937456, 0.06879872942535374, 0.08047945205479452, 0.0681670458238544, 0.08618012422360248, 0.07711442786069651, 0.04901201084850833, 0.0432469040247678, 0.030695652173913044, 0.016379941434846265, 0.005511811023622047, 0.06833732466643859, 0.028433268858800775, 0.11625447445493003, 0.0713319302465424, 0.17232035327177841, 0.10277324632952692, 0.09853479853479853, 0.06295938104448742, 0.08150113722517058, 0.06773897058823529, 0.10866477272727272, 0.08144499178981937, 0.08982889733840305, 0.07328740910830463, 0.08460336068776866, 0.10751850409037787, 0.05453917846047635, 0.06386922817660937]
speed reward list:[-3018.1499999999496, -3542.549999999914, -2415.9000000000024, -2226.6000000000117, -2255.7000000000116, -2305.650000000007, -2309.9000000000074, -2229.250000000012, -2587.0500000000147, -2444.500000000002, -2368.45000000001, -2545.9500000000007, -2561.3499999999995, -2761.999999999997, -2785.1499999999883, -2738.8499999999967, -2854.149999999987, -2746.1499999999965, -2682.3999999999824, -2356.6500000000037, -2418.450000000006, -2320.0000000000146, -2334.1000000000054, -2498.799999999993, -2391.350000000004, -2569.8499999999954, -2489.800000000002, -2482.8, -2665.7499999999873, -3753.649999999938, -3626.6499999999223, -3557.049999999941, -5176.24999999991, -5577.699999999934, -4743.749999999902, -2972.899999999983, -2734.3999999999596, -3046.1999999999753, -3554.4999999999327, -2440.6500000000115, -2716.79999999999, -2604.0999999999854, -2750.849999999992, -3253.949999999929, -3283.099999999936, -2173.80000000003, -2741.1999999999643, -2809.6999999999694, -4274.599999999937, -3424.3999999999137, -2995.49999999994, -3383.6499999999432, -2942.49999999993, -2773.2499999999454, -3043.7999999999465, -3394.6999999998966, -3082.7999999999656, -3183.7999999999392, -3202.6999999999507, -3215.049999999922, -2797.9499999999825, -3001.3499999999563, -2548.499999999982, -2798.249999999972, -2979.0999999999667, -2823.4499999999725, -2806.8499999999694, -2797.3999999999764, -3106.2999999999456, -3251.7499999999486, -3833.4999999999072, -3454.3499999999417, -3632.799999999945, -3466.7499999999304, -3630.1499999999455, -3389.999999999937, -3244.6499999999032, -2352.250000000008, -2732.4499999999416, -2684.2499999999523, -2654.0999999999685, -2875.349999999953, -3467.099999999923, -3031.799999999964, -4019.799999999953, -3851.7499999999363, -4422.59999999994, -3992.5999999999194, -3924.999999999927, -3150.399999999931, -3189.199999999964, -3359.7999999999447, -3469.499999999922, -3543.749999999935, -3290.4499999999266, -2782.449999999946, -2957.7999999999606, -3110.19999999994, -2869.5999999999394, -2527.6000000000076]
accel reward list:[-711.2383426792711, -681.333232250229, -829.5710980306087, -769.0328885424155, -787.8220924341422, -773.7360111771287, -794.0670258685575, -771.4762022236176, -1029.030479020201, -758.5669584102536, -686.9008777589626, -996.6084571291351, -1127.8506525994571, -1247.2028907048093, -1590.5058541969772, -1550.7371934499954, -1672.3747347459291, -1635.7144131494294, -1048.631092954714, -683.7375484030634, -747.711864260499, -814.8105850888275, -920.3370009547634, -982.9447605359012, -992.4161573905625, -1009.7415928688926, -1014.1177175485725, -1022.7685374578004, -1185.279901352101, -1631.0687689448114, -1677.6782182177924, -1658.6091933112734, -2102.6562876138983, -2092.3253703331925, -1826.03605190294, -1224.1476998568153, -1142.6496409267718, -1246.9329621444688, -1536.845836876193, -936.8420957260283, -1065.9638514720518, -1079.2486872560337, -1276.5131090231373, -1218.0078752146424, -1147.5434812012581, -917.2458261656644, -1158.6576270074847, -1165.698881114448, -1446.333249522938, -1253.7114965879423, -1195.303010111064, -1145.8138933367388, -1163.4528133933688, -1057.045252626032, -1152.9417242634347, -1158.5403567321566, -1009.697438069624, -1007.3418848203199, -1038.511268377714, -1190.3198992043892, -1189.332222806577, -1088.5534441451164, -910.1848734999281, -952.2492126513138, -947.7862821065316, -1175.2336321385794, -1135.3065518891276, -1181.2268929799015, -1281.3324402504793, -1351.232128524077, -1145.746901118107, -1023.9233423379104, -896.0827198498905, -822.9577620899722, -760.0810968619903, -717.5618646101054, -682.0679295202328, -748.779914401873, -752.491212544897, -812.0999661305906, -908.3451337196027, -875.4509578560827, -936.3724583242649, -429.2755991004504, -645.1070904877458, -596.9472269980191, -623.3008606739304, -499.73271569822003, -464.90224292539347, -385.31166634507235, -380.14306608839325, -375.93717916336306, -458.88639763170653, -434.51303117074576, -510.1192297703022, -433.1627635447318, -425.8405759111052, -416.6962715805735, -419.92126512723684, -393.1847046075994]
tls reward list:[-12155.999999998738, -14532.299999997567, -9860.699999999906, -8685.00000000044, -8816.70000000048, -8896.800000000392, -9166.100000000137, -8457.40000000064, -10191.899999999965, -7481.5000000008795, -5045.5000000009095, -4173.600000001074, -3095.500000000336, -3536.9000000007454, -2235.1000000000113, -2206.4999999997945, -2332.600000000146, -2126.499999999814, -2896.900000000331, -2013.5999999996802, -2289.5999999998885, -2102.4999999997635, -1793.4999999997183, -2170.8999999998337, -2178.4999999999836, -2757.2000000002663, -1834.2999999996744, -2216.3999999998605, -2010.0999999996327, -5114.300000001528, -3833.8000000008806, -2434.8999999999505, -6766.700000001837, -8544.1000000016, -4230.000000001674, -1320.799999999655, -2095.6999999997342, -753.2999999997608, -2077.5999999998567, -221.99999999999721, -333.30000000010386, -327.70000000012016, 155.10000000000545, 271.1999999998804, -114.80000000007517, -279.60000000003436, 72.19999999993752, 81.39999999998695, -1631.299999999447, -925.3999999996627, -729.8999999999389, -930.6999999996908, -473.5000000000386, -455.3000000000764, -723.5999999996768, -166.10000000008444, -34.200000000007435, 188.19999999997216, -113.90000000005382, -209.8000000000285, -121.49999999998788, -6.300000000001947, 108.29999999995573, -80.10000000002898, -0.3999999999882277, -334.2000000000799, -585.4999999999422, -382.1000000000391, -909.99999999994, -603.199999999882, -1201.299999999652, -288.6000000001251, -230.20000000009463, -724.59999999979, -299.10000000010615, -579.8999999998524, -154.50000000006236, -481.3000000000712, -676.3999999997527, -698.6999999998786, -296.1000000000804, -187.20000000001488, -1053.8999999995522, 376.19999999990523, -905.4999999998723, -753.4999999996965, -1753.7999999994065, -814.3999999996705, -850.89999999963, -260.5000000000609, -564.7999999998344, 31.400000000017826, -953.3999999995729, -170.40000000013748, -685.9999999997575, -199.9000000000899, -188.500000000115, -10.29999999999367, -7.899999999993791, -181.30000000011682]
extra reward list:[0.0, 0.0, 0.0, 0.0, 0.0, 0.0, 0.0, 0.0, 0.0, 0.0, 0.0, 0.0, 0.0, 0.0, 0.0, 0.0, 0.0, 0.0, 0.0, 0.0, 0.0, 0.0, 0.0, 0.0, 0.0, 0.0, 0.0, 0.0, 0.0, 0.0, 0.0, 0.0, 0.0, 0.0, 0.0, 0.0, 0.0, 0.0, 0.0, 0.0, 0.0, 0.0, 0.0, 0.0, 0.0, 0.0, 0.0, 0.0, 0.0, 0.0, 0.0, 0.0, 0.0, 0.0, 0.0, 0.0, 0.0, 0.0, 0.0, 0.0, 0.0, 0.0, 0.0, 0.0, 0.0, 0.0, 0.0, 0.0, 0.0, 0.0, 0.0, 0.0, 0.0, 0.0, 0.0, 0.0, 0.0, 0.0, 0.0, 0.0, 0.0, 0.0, 0.0, 0.0, 0.0, 0.0, 0.0, 0.0, 0.0, 0.0, 0.0, 0.0, 0.0, 0.0, 0.0, 0.0, 0.0, 0.0, 0.0, 0.0]
