nohup: 忽略输入
Env:sumo, Algorithm:TD3, Device:cuda
-----------------------------------------
models/reward_s9e-3_a4e-2_t(-0.5_0.05)_c.pth
-----------------------------------------
 Retrying in 1 seconds
Warning: Unused states in tlLogic 'J10', program '0' in phase 0 after tl-index 10
Simulation......
总奖励:-4135.5458346614705, 速度奖励:-930.6574919819515, 加速度奖励:-711.2383426792711, 交通灯奖励:-2493.649999999978, 与前车进行交互的惩罚:0.0
Episode:1/100, Reward:-4135.5458346614705
Episode:1/100, avg speed:14.437917980568516
Episode:1/100, avg halt num:0.3433744722312439
Episode:1/100, avg elec cons:1.762902998089894
 Retrying in 1 seconds
Warning: Unused states in tlLogic 'J10', program '0' in phase 0 after tl-index 10
Simulation......
总奖励:-4845.406304698506, 速度奖励:-1184.5730724479397, 加速度奖励:-681.333232250229, 交通灯奖励:-2979.499999999757, 与前车进行交互的惩罚:0.0
Episode:2/100, Reward:-4845.406304698506
Episode:2/100, avg speed:14.017458994774065
Episode:2/100, avg halt num:0.4596020761245675
Episode:2/100, avg elec cons:1.8991220424325361
 Retrying in 1 seconds
Warning: Unused states in tlLogic 'J10', program '0' in phase 0 after tl-index 10
Simulation......
总奖励:-3433.8529859077235, 速度奖励:-580.2064231409688, 加速度奖励:-828.5465627666401, 交通灯奖励:-2025.100000000132, 与前车进行交互的惩罚:0.0
Episode:3/100, Reward:-3433.8529859077235
Episode:3/100, avg speed:15.65057337364322
Episode:3/100, avg halt num:0.2686335403726708
Episode:3/100, avg elec cons:2.0402824569463283
 Retrying in 1 seconds
Warning: Unused states in tlLogic 'J10', program '0' in phase 0 after tl-index 10
Simulation......
总奖励:-3033.7263658232064, 速度奖励:-484.1333383679742, 加速度奖励:-767.8430274551256, 交通灯奖励:-1781.7500000001123, 与前车进行交互的惩罚:0.0
Episode:4/100, Reward:-3033.7263658232064
Episode:4/100, avg speed:15.18216711812449
Episode:4/100, avg halt num:0.2664486340900346
Episode:4/100, avg elec cons:2.5161805899595495
 Retrying in 1 seconds
Warning: Unused states in tlLogic 'J10', program '0' in phase 0 after tl-index 10
Simulation......
总奖励:-3081.2618674330124, 速度奖励:-498.2713540109759, 加速度奖励:-787.2905134219604, 交通灯奖励:-1795.70000000011, 与前车进行交互的惩罚:0.0
Episode:5/100, Reward:-3081.2618674330124
Episode:5/100, avg speed:15.443993430476544
Episode:5/100, avg halt num:0.2714717741935484
Episode:5/100, avg elec cons:2.59258580643765
 Retrying in 1 seconds
Warning: Unused states in tlLogic 'J10', program '0' in phase 0 after tl-index 10
Simulation......
总奖励:-3126.230872677928, 速度奖励:-519.6948608339696, 加速度奖励:-773.7360118438621, 交通灯奖励:-1832.8000000001211, 与前车进行交互的惩罚:0.0
Episode:6/100, Reward:-3126.230872677928
Episode:6/100, avg speed:15.392720579554522
Episode:6/100, avg halt num:0.2700286123032904
Episode:6/100, avg elec cons:2.326385951692707
 Retrying in 1 seconds
Warning: Unused states in tlLogic 'J10', program '0' in phase 0 after tl-index 10
Simulation......
总奖励:-3198.11035195818, 速度奖励:-521.6933262509713, 加速度奖励:-794.0670257070905, 交通灯奖励:-1882.3500000001136, 与前车进行交互的惩罚:0.0
Episode:7/100, Reward:-3198.11035195818
Episode:7/100, avg speed:15.671960660433209
Episode:7/100, avg halt num:0.25412371134020617
Episode:7/100, avg elec cons:2.2252208697171167
 Retrying in 1 seconds
Warning: Unused states in tlLogic 'J10', program '0' in phase 0 after tl-index 10
Simulation......
总奖励:-3000.290909416704, 速度奖励:-483.26470719297095, 加速度奖励:-771.4762022236176, 交通灯奖励:-1745.5500000001027, 与前车进行交互的惩罚:0.0
Episode:8/100, Reward:-3000.290909416704
Episode:8/100, avg speed:15.716754610718901
Episode:8/100, avg halt num:0.22265994327135202
Episode:8/100, avg elec cons:2.0809409799729486
 Retrying in 1 seconds
Warning: Unused states in tlLogic 'J10', program '0' in phase 0 after tl-index 10
Simulation......
总奖励:-19547.18037705514, 速度奖励:-4265.194158684316, 加速度奖励:-7376.386218371264, 交通灯奖励:-7905.599999997399, 与前车进行交互的惩罚:0.0
Episode:9/100, Reward:-19547.18037705514
Episode:9/100, avg speed:7.053747540123911
Episode:9/100, avg halt num:0.38607407407407407
Episode:9/100, avg elec cons:0.8240392018282233
 Retrying in 1 seconds
Warning: Unused states in tlLogic 'J10', program '0' in phase 0 after tl-index 10
Simulation......
总奖励:-12613.088785547832, 速度奖励:-2703.4234180563153, 加速度奖励:-4554.665367490541, 交通灯奖励:-5354.999999998665, 与前车进行交互的惩罚:0.0
Episode:10/100, Reward:-12613.088785547832
Episode:10/100, avg speed:11.478289871955182
Episode:10/100, avg halt num:0.38189806678383126
Episode:10/100, avg elec cons:1.5303370204166433
 Retrying in 1 seconds
Warning: Unused states in tlLogic 'J10', program '0' in phase 0 after tl-index 10
Simulation......
总奖励:-3126.2657860799873, 速度奖励:-515.9450321549735, 加速度奖励:-788.1707539249085, 交通灯奖励:-1822.1500000001156, 与前车进行交互的惩罚:0.0
Episode:11/100, Reward:-3126.2657860799873
Episode:11/100, avg speed:15.896393743920239
Episode:11/100, avg halt num:0.24024024024024024
Episode:11/100, avg elec cons:2.1756994811028134
 Retrying in 1 seconds
Warning: Unused states in tlLogic 'J10', program '0' in phase 0 after tl-index 10
Simulation......
总奖励:-3001.0341912532567, 速度奖励:-492.84395859597413, 加速度奖励:-778.2402326571817, 交通灯奖励:-1729.9500000001083, 与前车进行交互的惩罚:0.0
Episode:12/100, Reward:-3001.0341912532567
Episode:12/100, avg speed:15.717718788793455
Episode:12/100, avg halt num:0.2413703831549879
Episode:12/100, avg elec cons:2.232866552815428
 Retrying in 1 seconds
Warning: Unused states in tlLogic 'J10', program '0' in phase 0 after tl-index 10
Simulation......
总奖励:-3066.6935224030044, 速度奖励:-481.88531564097275, 加速度奖励:-765.4582067619341, 交通灯奖励:-1819.3500000001093, 与前车进行交互的惩罚:0.0
Episode:13/100, Reward:-3066.6935224030044
Episode:13/100, avg speed:15.851033568813909
Episode:13/100, avg halt num:0.21859177215189873
Episode:13/100, avg elec cons:2.098762852683669
 Retrying in 1 seconds
Warning: Unused states in tlLogic 'J10', program '0' in phase 0 after tl-index 10
Simulation......
总奖励:-3057.0299599487744, 速度奖励:-581.6313284669811, 加速度奖励:-813.7486314817588, 交通灯奖励:-1661.6500000001831, 与前车进行交互的惩罚:0.0
Episode:14/100, Reward:-3057.0299599487744
Episode:14/100, avg speed:14.960673115600022
Episode:14/100, avg halt num:0.22125220458553793
Episode:14/100, avg elec cons:2.3920774586940414
 Retrying in 1 seconds
Warning: Unused states in tlLogic 'J10', program '0' in phase 0 after tl-index 10
Simulation......
总奖励:-1842.9199678641191, 速度奖励:-628.2552274919855, 加速度奖励:-744.3647403721286, 交通灯奖励:-470.2999999999282, 与前车进行交互的惩罚:0.0
Episode:15/100, Reward:-1842.9199678641191
Episode:15/100, avg speed:14.232145185087223
Episode:15/100, avg halt num:0.1265093304061471
Episode:15/100, avg elec cons:2.444594811470653
 Retrying in 1 seconds
Warning: Unused states in tlLogic 'J10', program '0' in phase 0 after tl-index 10
Simulation......
总奖励:-2140.938635351541, 速度奖励:-640.1099285459865, 加速度奖励:-896.1287068055433, 交通灯奖励:-604.7000000000462, 与前车进行交互的惩罚:0.0
Episode:16/100, Reward:-2140.938635351541
Episode:16/100, avg speed:13.872859425245949
Episode:16/100, avg halt num:0.13501122754491018
Episode:16/100, avg elec cons:2.7369048096055892
 Retrying in 1 seconds
Warning: Unused states in tlLogic 'J10', program '0' in phase 0 after tl-index 10
Simulation......
总奖励:-2836.7242675470616, 速度奖励:-956.085466553987, 加速度奖励:-988.8888009931256, 交通灯奖励:-891.7500000002166, 与前车进行交互的惩罚:0.0
Episode:17/100, Reward:-2836.7242675470616
Episode:17/100, avg speed:12.75784151445652
Episode:17/100, avg halt num:0.1263642564802183
Episode:17/100, avg elec cons:1.7027979725229259
 Retrying in 1 seconds
Warning: Unused states in tlLogic 'J10', program '0' in phase 0 after tl-index 10
Simulation......
总奖励:-1755.9488485908505, 速度奖励:-589.62998544299, 加速度奖励:-743.3188631478668, 交通灯奖励:-422.9999999999236, 与前车进行交互的惩罚:0.0
Episode:18/100, Reward:-1755.9488485908505
Episode:18/100, avg speed:13.342168077965194
Episode:18/100, avg halt num:0.09375
Episode:18/100, avg elec cons:2.7126983832395273
 Retrying in 1 seconds
Warning: Unused states in tlLogic 'J10', program '0' in phase 0 after tl-index 10
Simulation......
总奖励:-1613.014746516348, 速度奖励:-674.5701091409964, 加速度奖励:-586.1946373753478, 交通灯奖励:-352.24999999992787, 与前车进行交互的惩罚:0.0
Episode:19/100, Reward:-1613.014746516348
Episode:19/100, avg speed:13.596026024584186
Episode:19/100, avg halt num:0.07018168863555398
Episode:19/100, avg elec cons:1.8576005005494696
 Retrying in 1 seconds
Warning: Unused states in tlLogic 'J10', program '0' in phase 0 after tl-index 10
Simulation......
总奖励:-1305.5978186464854, 速度奖励:-586.3578355709927, 加速度奖励:-480.88998307549895, 交通灯奖励:-238.34999999994545, 与前车进行交互的惩罚:0.0
Episode:20/100, Reward:-1305.5978186464854
Episode:20/100, avg speed:14.225320801600672
Episode:20/100, avg halt num:0.07091305807317892
Episode:20/100, avg elec cons:1.6046224586134545
 Retrying in 1 seconds
Warning: Unused states in tlLogic 'J10', program '0' in phase 0 after tl-index 10
Simulation......
总奖励:-1356.9257382465014, 速度奖励:-675.0390665969885, 加速度奖励:-466.88667164950823, 交通灯奖励:-214.99999999994532, 与前车进行交互的惩罚:0.0
Episode:21/100, Reward:-1356.9257382465014
Episode:21/100, avg speed:13.602093615614656
Episode:21/100, avg halt num:0.08645310690852953
Episode:21/100, avg elec cons:1.6789734649324124
 Retrying in 1 seconds
Warning: Unused states in tlLogic 'J10', program '0' in phase 0 after tl-index 10
Simulation......
总奖励:-1143.7357206095273, 速度奖励:-614.9798371259947, 加速度奖励:-407.95588348353505, 交通灯奖励:-120.80000000000919, 与前车进行交互的惩罚:0.0
Episode:22/100, Reward:-1143.7357206095273
Episode:22/100, avg speed:13.587047520107095
Episode:22/100, avg halt num:0.061094452773613195
Episode:22/100, avg elec cons:1.6589452170960082
 Retrying in 1 seconds
Warning: Unused states in tlLogic 'J10', program '0' in phase 0 after tl-index 10
Simulation......
总奖励:-1036.2132478858077, 速度奖励:-626.480742887997, 加速度奖励:-376.28250499781535, 交通灯奖励:-33.449999999995796, 与前车进行交互的惩罚:0.0
Episode:23/100, Reward:-1036.2132478858077
Episode:23/100, avg speed:14.023521283037079
Episode:23/100, avg halt num:0.04283100465735196
Episode:23/100, avg elec cons:1.332347789525247
 Retrying in 1 seconds
Warning: Unused states in tlLogic 'J10', program '0' in phase 0 after tl-index 10
Simulation......
总奖励:-1056.4346085415789, 速度奖励:-615.5227437479938, 加速度奖励:-376.511864793581, 交通灯奖励:-64.4000000000255, 与前车进行交互的惩罚:0.0
Episode:24/100, Reward:-1056.4346085415789
Episode:24/100, avg speed:13.967629119523158
Episode:24/100, avg halt num:0.045655737704918035
Episode:24/100, avg elec cons:1.3817014021170557
 Retrying in 1 seconds
Warning: Unused states in tlLogic 'J10', program '0' in phase 0 after tl-index 10
Simulation......
总奖励:-999.639472394714, 速度奖励:-599.5492976159958, 加速度奖励:-349.1401747787183, 交通灯奖励:-50.950000000011784, 与前车进行交互的惩罚:0.0
Episode:25/100, Reward:-999.639472394714
Episode:25/100, avg speed:14.089425624012492
Episode:25/100, avg halt num:0.03628628628628629
Episode:25/100, avg elec cons:1.333735891226335
 Retrying in 1 seconds
Warning: Unused states in tlLogic 'J10', program '0' in phase 0 after tl-index 10
Simulation......
总奖励:-1100.8987507932154, 速度奖励:-710.923630950001, 加速度奖励:-332.6751198432197, 交通灯奖励:-57.30000000001554, 与前车进行交互的惩罚:0.0
Episode:26/100, Reward:-1100.8987507932154
Episode:26/100, avg speed:13.142817944871332
Episode:26/100, avg halt num:0.03393536121673004
Episode:26/100, avg elec cons:1.3061372570348546
 Retrying in 1 seconds
Warning: Unused states in tlLogic 'J10', program '0' in phase 0 after tl-index 10
Simulation......
总奖励:-961.2066853133192, 速度奖励:-700.6883787360099, 加速度奖励:-354.91830657732277, 交通灯奖励:94.39999999998665, 与前车进行交互的惩罚:0.0
Episode:27/100, Reward:-961.2066853133192
Episode:27/100, avg speed:13.240314316641742
Episode:27/100, avg halt num:0.017262317834836918
Episode:27/100, avg elec cons:1.0410115961980568
 Retrying in 1 seconds
Warning: Unused states in tlLogic 'J10', program '0' in phase 0 after tl-index 10
Simulation......
总奖励:-1035.2575436186912, 速度奖励:-733.679199297005, 加速度奖励:-345.1283443216892, 交通灯奖励:43.549999999989055, 与前车进行交互的惩罚:0.0
Episode:28/100, Reward:-1035.2575436186912
Episode:28/100, avg speed:12.352946144836647
Episode:28/100, avg halt num:0.01823126510878324
Episode:28/100, avg elec cons:1.2007218196415048
 Retrying in 1 seconds
Warning: Unused states in tlLogic 'J10', program '0' in phase 0 after tl-index 10
Simulation......
总奖励:-752.9404050611012, 速度奖励:-684.7120332990066, 加速度奖励:-266.5783717620999, 交通灯奖励:198.3500000000261, 与前车进行交互的惩罚:0.0
Episode:29/100, Reward:-752.9404050611012
Episode:29/100, avg speed:13.05378645105394
Episode:29/100, avg halt num:0.0002986857825567503
Episode:29/100, avg elec cons:1.3597475245201238
 Retrying in 1 seconds
Warning: Unused states in tlLogic 'J10', program '0' in phase 0 after tl-index 10
Simulation......
总奖励:-862.977412094496, 速度奖励:-631.1780334720054, 加速度奖励:-291.7493786224887, 交通灯奖励:59.949999999994546, 与前车进行交互的惩罚:0.0
Episode:30/100, Reward:-862.977412094496
Episode:30/100, avg speed:13.701165615129254
Episode:30/100, avg halt num:0.0006939625260235947
Episode:30/100, avg elec cons:1.4027040932129624
 Retrying in 1 seconds
Warning: Unused states in tlLogic 'J10', program '0' in phase 0 after tl-index 10
Simulation......
总奖励:-848.6937365683472, 速度奖励:-634.7859628410024, 加速度奖励:-267.30777372734514, 交通灯奖励:53.39999999997832, 与前车进行交互的惩罚:0.0
Episode:31/100, Reward:-848.6937365683472
Episode:31/100, avg speed:13.61415787961518
Episode:31/100, avg halt num:0.003996282527881041
Episode:31/100, avg elec cons:1.3662284324353293
 Retrying in 1 seconds
Warning: Unused states in tlLogic 'J10', program '0' in phase 0 after tl-index 10
Simulation......
总奖励:-866.5479942210955, 速度奖励:-669.3510881880023, 加速度奖励:-268.99690603308704, 交通灯奖励:71.79999999998232, 与前车进行交互的惩罚:0.0
Episode:32/100, Reward:-866.5479942210955
Episode:32/100, avg speed:13.049564269295495
Episode:32/100, avg halt num:0.0065469509913954355
Episode:32/100, avg elec cons:1.315302015085023
 Retrying in 1 seconds
Warning: Unused states in tlLogic 'J10', program '0' in phase 0 after tl-index 10
Simulation......
总奖励:-766.2882440708128, 速度奖励:-614.339315046003, 加速度奖励:-262.2989290248096, 交通灯奖励:110.34999999997572, 与前车进行交互的惩罚:0.0
Episode:33/100, Reward:-766.2882440708128
Episode:33/100, avg speed:13.424572293106275
Episode:33/100, avg halt num:0.003165639972621492
Episode:33/100, avg elec cons:1.2390752097059152
 Retrying in 1 seconds
Warning: Unused states in tlLogic 'J10', program '0' in phase 0 after tl-index 10
Simulation......
总奖励:-842.0211065655476, 速度奖励:-716.7046282740066, 加速度奖励:-285.8164782915437, 交通灯奖励:160.5000000000233, 与前车进行交互的惩罚:0.0
Episode:34/100, Reward:-842.0211065655476
Episode:34/100, avg speed:13.245441961426378
Episode:34/100, avg halt num:0.0012660364618501012
Episode:34/100, avg elec cons:0.9074350762004095
 Retrying in 1 seconds
Warning: Unused states in tlLogic 'J10', program '0' in phase 0 after tl-index 10
Simulation......
总奖励:-1003.7282895257777, 速度奖励:-829.5113278800078, 加速度奖励:-298.0669616457747, 交通灯奖励:123.84999999998227, 与前车进行交互的惩罚:0.0
Episode:35/100, Reward:-1003.7282895257777
Episode:35/100, avg speed:12.741590535010719
Episode:35/100, avg halt num:0.0020397304008513656
Episode:35/100, avg elec cons:0.8060779942821749
 Retrying in 1 seconds
Warning: Unused states in tlLogic 'J10', program '0' in phase 0 after tl-index 10
Simulation......
总奖励:-1213.6178390872903, 速度奖励:-1014.2283259260006, 加速度奖励:-334.33951316130094, 交通灯奖励:134.94999999998555, 与前车进行交互的惩罚:0.0
Episode:36/100, Reward:-1213.6178390872903
Episode:36/100, avg speed:11.333237190979816
Episode:36/100, avg halt num:0.03138335704125178
Episode:36/100, avg elec cons:0.5846791808058698
 Retrying in 1 seconds
Warning: Unused states in tlLogic 'J10', program '0' in phase 0 after tl-index 10
Simulation......
总奖励:-1764.4828543089811, 速度奖励:-1265.7088677149968, 加速度奖励:-417.9739865940067, 交通灯奖励:-80.80000000002718, 与前车进行交互的惩罚:0.0
Episode:37/100, Reward:-1764.4828543089811
Episode:37/100, avg speed:10.436354158376439
Episode:37/100, avg halt num:0.1123116574147502
Episode:37/100, avg elec cons:0.5802954329118322
 Retrying in 1 seconds
Warning: Unused states in tlLogic 'J10', program '0' in phase 0 after tl-index 10
Simulation......
总奖励:-2538.6082780106417, 速度奖励:-1552.3830262259744, 加速度奖励:-526.0252517845971, 交通灯奖励:-460.19999999989545, 与前车进行交互的惩罚:0.0
Episode:38/100, Reward:-2538.6082780106417
Episode:38/100, avg speed:9.97640565137853
Episode:38/100, avg halt num:0.22672320461927103
Episode:38/100, avg elec cons:0.48392547337986436
 Retrying in 1 seconds
Warning: Unused states in tlLogic 'J10', program '0' in phase 0 after tl-index 10
Simulation......
总奖励:-2419.2258979668713, 速度奖励:-1564.0417576619782, 加速度奖励:-520.3841403048755, 交通灯奖励:-334.7999999998989, 与前车进行交互的惩罚:0.0
Episode:39/100, Reward:-2419.2258979668713
Episode:39/100, avg speed:10.199572548410751
Episode:39/100, avg halt num:0.15057104467584817
Episode:39/100, avg elec cons:0.4288169429711946
 Retrying in 1 seconds
Warning: Unused states in tlLogic 'J10', program '0' in phase 0 after tl-index 10
Simulation......
总奖励:-2064.506902282963, 速度奖励:-1367.458199855985, 加速度奖励:-515.8487024270005, 交通灯奖励:-181.1999999999867, 与前车进行交互的惩罚:0.0
Episode:40/100, Reward:-2064.506902282963
Episode:40/100, avg speed:10.481683529697717
Episode:40/100, avg halt num:0.13488293179504582
Episode:40/100, avg elec cons:0.48211661959040336
 Retrying in 1 seconds
Warning: Unused states in tlLogic 'J10', program '0' in phase 0 after tl-index 10
Simulation......
总奖励:-1638.0435131766596, 速度奖励:-1214.9690910659876, 加速度奖励:-453.4744221106803, 交通灯奖励:30.400000000001437, 与前车进行交互的惩罚:0.0
Episode:41/100, Reward:-1638.0435131766596
Episode:41/100, avg speed:11.057767935186638
Episode:41/100, avg halt num:0.11477549599721545
Episode:41/100, avg elec cons:0.5207724795239606
 Retrying in 1 seconds
Warning: Unused states in tlLogic 'J10', program '0' in phase 0 after tl-index 10
Simulation......
总奖励:-1975.2470793357052, 速度奖励:-1296.1792936259858, 加速度奖励:-525.3677857097252, 交通灯奖励:-153.6999999998734, 与前车进行交互的惩罚:0.0
Episode:42/100, Reward:-1975.2470793357052
Episode:42/100, avg speed:10.686078990507598
Episode:42/100, avg halt num:0.09926205903527718
Episode:42/100, avg elec cons:0.4988596728784851
 Retrying in 1 seconds
Warning: Unused states in tlLogic 'J10', program '0' in phase 0 after tl-index 10
Simulation......
总奖励:-2122.183389241251, 速度奖励:-1272.4809439139751, 加速度奖励:-552.5524453272571, 交通灯奖励:-297.14999999990096, 与前车进行交互的惩罚:0.0
Episode:43/100, Reward:-2122.183389241251
Episode:43/100, avg speed:10.042853006341863
Episode:43/100, avg halt num:0.16780561883067577
Episode:43/100, avg elec cons:0.6014500236715519
 Retrying in 1 seconds
Warning: Unused states in tlLogic 'J10', program '0' in phase 0 after tl-index 10
Simulation......
总奖励:-2306.002887199804, 速度奖励:-1502.1554120549658, 加速度奖励:-551.3974751448126, 交通灯奖励:-252.44999999994405, 与前车进行交互的惩罚:0.0
Episode:44/100, Reward:-2306.002887199804
Episode:44/100, avg speed:10.334495603538162
Episode:44/100, avg halt num:0.22973457675753228
Episode:44/100, avg elec cons:0.49550716688671453
 Retrying in 1 seconds
Warning: Unused states in tlLogic 'J10', program '0' in phase 0 after tl-index 10
Simulation......
总奖励:-1763.6577967373046, 速度奖励:-1167.9117959339976, 加速度奖励:-538.4960008033173, 交通灯奖励:-57.2500000000329, 与前车进行交互的惩罚:0.0
Episode:45/100, Reward:-1763.6577967373046
Episode:45/100, avg speed:10.811498250093424
Episode:45/100, avg halt num:0.063651748777736
Episode:45/100, avg elec cons:0.6599795758052533
 Retrying in 1 seconds
Warning: Unused states in tlLogic 'J10', program '0' in phase 0 after tl-index 10
Simulation......
总奖励:-1631.6700644900604, 速度奖励:-1085.4376231320075, 加速度奖励:-562.532441358077, 交通灯奖励:16.29999999999855, 与前车进行交互的惩罚:0.0
Episode:46/100, Reward:-1631.6700644900604
Episode:46/100, avg speed:11.924906690834977
Episode:46/100, avg halt num:0.033206228153797264
Episode:46/100, avg elec cons:0.6153588628645378
 Retrying in 1 seconds
Warning: Unused states in tlLogic 'J10', program '0' in phase 0 after tl-index 10
Simulation......
总奖励:-3252.297909070641, 速度奖励:-1786.327547687951, 加速度奖励:-697.170361382548, 交通灯奖励:-768.8000000003069, 与前车进行交互的惩罚:0.0
Episode:47/100, Reward:-3252.297909070641
Episode:47/100, avg speed:9.537326300903624
Episode:47/100, avg halt num:0.2588575560375994
Episode:47/100, avg elec cons:0.512578480232732
 Retrying in 1 seconds
Warning: Unused states in tlLogic 'J10', program '0' in phase 0 after tl-index 10
Simulation......
总奖励:-4000.462118278555, 速度奖励:-2095.903319741936, 加速度奖励:-854.3587985363064, 交通灯奖励:-1050.2000000003331, 与前车进行交互的惩罚:0.0
Episode:48/100, Reward:-4000.462118278555
Episode:48/100, avg speed:8.953171315679546
Episode:48/100, avg halt num:0.4137126865671642
Episode:48/100, avg elec cons:0.43879340227252056
 Retrying in 1 seconds
Warning: Unused states in tlLogic 'J10', program '0' in phase 0 after tl-index 10
Simulation......
总奖励:-1728.8250473208202, 速度奖励:-1033.1978482440022, 加速度奖励:-624.6771990768211, 交通灯奖励:-70.9500000000057, 与前车进行交互的惩罚:0.0
Episode:49/100, Reward:-1728.8250473208202
Episode:49/100, avg speed:12.144750067765967
Episode:49/100, avg halt num:0.0498191136569189
Episode:49/100, avg elec cons:0.6829992889911333
 Retrying in 1 seconds
Warning: Unused states in tlLogic 'J10', program '0' in phase 0 after tl-index 10
Simulation......
总奖励:-1913.2336726637047, 速度奖励:-1211.7055110389897, 加速度奖励:-565.6781616247221, 交通灯奖励:-135.84999999994943, 与前车进行交互的惩罚:0.0
Episode:50/100, Reward:-1913.2336726637047
Episode:50/100, avg speed:11.324284367368069
Episode:50/100, avg halt num:0.09654202514890801
Episode:50/100, avg elec cons:0.6088415577946774
 Retrying in 1 seconds
Warning: Unused states in tlLogic 'J10', program '0' in phase 0 after tl-index 10
Simulation......
总奖励:-3494.573698770353, 速度奖励:-1579.75333407899, 加速度奖励:-813.520364691284, 交通灯奖励:-1101.3000000003422, 与前车进行交互的惩罚:0.0
Episode:51/100, Reward:-3494.573698770353
Episode:51/100, avg speed:11.036184006346788
Episode:51/100, avg halt num:0.17348972707758356
Episode:51/100, avg elec cons:0.5470940368783979
 Retrying in 1 seconds
Warning: Unused states in tlLogic 'J10', program '0' in phase 0 after tl-index 10
Simulation......
总奖励:-5701.191241910784, 速度奖励:-2588.2494182011337, 加速度奖励:-1141.9418237093068, 交通灯奖励:-1971.0000000005823, 与前车进行交互的惩罚:0.0
Episode:52/100, Reward:-5701.191241910784
Episode:52/100, avg speed:8.431039004976315
Episode:52/100, avg halt num:0.5203596878181201
Episode:52/100, avg elec cons:0.38424559863331437
 Retrying in 1 seconds
Warning: Unused states in tlLogic 'J10', program '0' in phase 0 after tl-index 10
Simulation......
总奖励:-3190.361061113694, 速度奖励:-1678.815600587989, 加速度奖励:-963.1454605256844, 交通灯奖励:-548.4000000001769, 与前车进行交互的惩罚:0.0
Episode:53/100, Reward:-3190.361061113694
Episode:53/100, avg speed:9.813386308289864
Episode:53/100, avg halt num:0.18056010481493612
Episode:53/100, avg elec cons:0.43290505396903817
 Retrying in 1 seconds
Warning: Unused states in tlLogic 'J10', program '0' in phase 0 after tl-index 10
Simulation......
总奖励:-2093.3721766245576, 速度奖励:-1178.050550220007, 加速度奖励:-835.721626404556, 交通灯奖励:-79.60000000000306, 与前车进行交互的惩罚:0.0
Episode:54/100, Reward:-2093.3721766245576
Episode:54/100, avg speed:10.847808827107354
Episode:54/100, avg halt num:0.03245469522240527
Episode:54/100, avg elec cons:0.6302011565925796
 Retrying in 1 seconds
Warning: Unused states in tlLogic 'J10', program '0' in phase 0 after tl-index 10
Simulation......
总奖励:-1908.2868679602573, 速度奖励:-1031.9096229570068, 加速度奖励:-736.1272450032632, 交通灯奖励:-140.24999999994412, 与前车进行交互的惩罚:0.0
Episode:55/100, Reward:-1908.2868679602573
Episode:55/100, avg speed:10.875448172065898
Episode:55/100, avg halt num:0.03082579185520362
Episode:55/100, avg elec cons:1.0349439510456853
 Retrying in 1 seconds
Warning: Unused states in tlLogic 'J10', program '0' in phase 0 after tl-index 10
Simulation......
总奖励:-2444.2513408092386, 速度奖励:-1166.4559104029977, 加速度奖励:-778.0954304062595, 交通灯奖励:-499.69999999991103, 与前车进行交互的惩罚:0.0
Episode:56/100, Reward:-2444.2513408092386
Episode:56/100, avg speed:11.639955406873243
Episode:56/100, avg halt num:0.08282312925170068
Episode:56/100, avg elec cons:0.8353752922376007
 Retrying in 1 seconds
Warning: Unused states in tlLogic 'J10', program '0' in phase 0 after tl-index 10
Simulation......
总奖励:-5175.325862047374, 速度奖励:-2231.536718078997, 加速度奖励:-1241.3391439681513, 交通灯奖励:-1702.45000000041, 与前车进行交互的惩罚:0.0
Episode:57/100, Reward:-5175.325862047374
Episode:57/100, avg speed:8.11409270907539
Episode:57/100, avg halt num:0.4139507154213037
Episode:57/100, avg elec cons:0.589843483212368
 Retrying in 1 seconds
Warning: Unused states in tlLogic 'J10', program '0' in phase 0 after tl-index 10
Simulation......
总奖励:-5155.76963977821, 速度奖励:-2099.919630464988, 加速度奖励:-1355.0000093130461, 交通灯奖励:-1700.8500000004346, 与前车进行交互的惩罚:0.0
Episode:58/100, Reward:-5155.76963977821
Episode:58/100, avg speed:8.941465480685798
Episode:58/100, avg halt num:0.3036679536679537
Episode:58/100, avg elec cons:0.7768588070561724
 Retrying in 1 seconds
Warning: Unused states in tlLogic 'J10', program '0' in phase 0 after tl-index 10
Simulation......
总奖励:-6260.074877234761, 速度奖励:-2704.3004218591477, 加速度奖励:-1226.1244553752758, 交通灯奖励:-2329.6499999993243, 与前车进行交互的惩罚:0.0
Episode:59/100, Reward:-6260.074877234761
Episode:59/100, avg speed:9.554466686433013
Episode:59/100, avg halt num:0.5484012649332396
Episode:59/100, avg elec cons:0.46550141682647883
 Retrying in 1 seconds
Warning: Unused states in tlLogic 'J10', program '0' in phase 0 after tl-index 10
Simulation......
总奖励:-3483.3449361312396, 速度奖励:-1785.0143882519533, 加速度奖励:-1041.6805478791025, 交通灯奖励:-656.6500000000708, 与前车进行交互的惩罚:0.0
Episode:60/100, Reward:-3483.3449361312396
Episode:60/100, avg speed:10.02741618668454
Episode:60/100, avg halt num:0.23109375
Episode:60/100, avg elec cons:0.40419086881696514
 Retrying in 1 seconds
Warning: Unused states in tlLogic 'J10', program '0' in phase 0 after tl-index 10
Simulation......
总奖励:-3966.3067305598333, 速度奖励:-1930.6766911499583, 加速度奖励:-817.0300394096173, 交通灯奖励:-1218.6000000004062, 与前车进行交互的惩罚:0.0
Episode:61/100, Reward:-3966.3067305598333
Episode:61/100, avg speed:8.67106357787875
Episode:61/100, avg halt num:0.3055343511450382
Episode:61/100, avg elec cons:0.4776752766270915
 Retrying in 1 seconds
Warning: Unused states in tlLogic 'J10', program '0' in phase 0 after tl-index 10
Simulation......
总奖励:-3100.991240140616, 速度奖励:-1406.327816097003, 加速度奖励:-1109.1634240435965, 交通灯奖励:-585.4999999999425, 与前车进行交互的惩罚:0.0
Episode:62/100, Reward:-3100.991240140616
Episode:62/100, avg speed:10.241072783360394
Episode:62/100, avg halt num:0.09501025290498975
Episode:62/100, avg elec cons:0.7580709800043682
 Retrying in 1 seconds
Warning: Unused states in tlLogic 'J10', program '0' in phase 0 after tl-index 10
Simulation......
总奖励:-3897.0155600081007, 速度奖励:-1423.1014615439856, 加速度奖励:-1499.2640984639947, 交通灯奖励:-974.6500000002898, 与前车进行交互的惩罚:0.0
Episode:63/100, Reward:-3897.0155600081007
Episode:63/100, avg speed:11.658743869752199
Episode:63/100, avg halt num:0.15814598090545118
Episode:63/100, avg elec cons:0.7850622436906908
 Retrying in 1 seconds
Warning: Unused states in tlLogic 'J10', program '0' in phase 0 after tl-index 10
Simulation......
总奖励:-2741.0672756044464, 速度奖励:-1417.9704622379859, 加速度奖励:-977.0468133664208, 交通灯奖励:-346.04999999991406, 与前车进行交互的惩罚:0.0
Episode:64/100, Reward:-2741.0672756044464
Episode:64/100, avg speed:10.004320849920507
Episode:64/100, avg halt num:0.11603412256267409
Episode:64/100, avg elec cons:0.6029511717549645
 Retrying in 1 seconds
Warning: Unused states in tlLogic 'J10', program '0' in phase 0 after tl-index 10
Simulation......
总奖励:-7383.625107081549, 速度奖励:-2760.0826295791194, 加速度奖励:-1794.242477502082, 交通灯奖励:-2829.299999999571, 与前车进行交互的惩罚:0.0
Episode:65/100, Reward:-7383.625107081549
Episode:65/100, avg speed:8.455165998321071
Episode:65/100, avg halt num:0.4577569169960474
Episode:65/100, avg elec cons:0.4899183241822965
 Retrying in 1 seconds
Warning: Unused states in tlLogic 'J10', program '0' in phase 0 after tl-index 10
Simulation......
总奖励:-12425.220395253393, 速度奖励:-3633.190755138478, 加速度奖励:-3779.9296401146767, 交通灯奖励:-5012.099999997692, 与前车进行交互的惩罚:0.0
Episode:66/100, Reward:-12425.220395253393
Episode:66/100, avg speed:7.730232895278568
Episode:66/100, avg halt num:0.4254489255225199
Episode:66/100, avg elec cons:0.4735882371621053
 Retrying in 1 seconds
Warning: Unused states in tlLogic 'J10', program '0' in phase 0 after tl-index 10
Simulation......
总奖励:-9465.742633970396, 速度奖励:-3471.9797307782737, 加速度奖励:-2023.8129031919032, 交通灯奖励:-3969.949999998801, 与前车进行交互的惩罚:0.0
Episode:67/100, Reward:-9465.742633970396
Episode:67/100, avg speed:7.645305858955679
Episode:67/100, avg halt num:0.4213556851311953
Episode:67/100, avg elec cons:0.34602060741884816
 Retrying in 1 seconds
Warning: Unused states in tlLogic 'J10', program '0' in phase 0 after tl-index 10
Simulation......
总奖励:-11120.912552521007, 速度奖励:-3719.742986367338, 加速度奖励:-2729.319566153538, 交通灯奖励:-4671.84999999803, 与前车进行交互的惩罚:0.0
Episode:68/100, Reward:-11120.912552521007
Episode:68/100, avg speed:7.6290572850154
Episode:68/100, avg halt num:0.40673499267935576
Episode:68/100, avg elec cons:0.38420311235092797
 Retrying in 1 seconds
Warning: Unused states in tlLogic 'J10', program '0' in phase 0 after tl-index 10
Simulation......
总奖励:-9539.974721049866, 速度奖励:-2657.5412462010377, 加速度奖励:-2714.783474848633, 交通灯奖励:-4167.649999998368, 与前车进行交互的惩罚:0.0
Episode:69/100, Reward:-9539.974721049866
Episode:69/100, avg speed:8.45786038682054
Episode:69/100, avg halt num:0.19132426840082767
Episode:69/100, avg elec cons:0.5544095794959056
 Retrying in 1 seconds
Warning: Unused states in tlLogic 'J10', program '0' in phase 0 after tl-index 10
Simulation......
总奖励:-2494.8802965617733, 速度奖励:-1146.2102216369985, 加速度奖励:-972.0200749247784, 交通灯奖励:-376.6499999998769, 与前车进行交互的惩罚:0.0
Episode:70/100, Reward:-2494.8802965617733
Episode:70/100, avg speed:10.943056417803653
Episode:70/100, avg halt num:0.08422967415374881
Episode:70/100, avg elec cons:0.6413865045336642
 Retrying in 1 seconds
Warning: Unused states in tlLogic 'J10', program '0' in phase 0 after tl-index 10
Simulation......
总奖励:-2787.180929502245, 速度奖励:-1459.2707812889796, 加速度奖励:-674.8601482132275, 交通灯奖励:-653.0500000002284, 与前车进行交互的惩罚:0.0
Episode:71/100, Reward:-2787.180929502245
Episode:71/100, avg speed:10.853192445786409
Episode:71/100, avg halt num:0.16001602564102563
Episode:71/100, avg elec cons:0.5582289696056854
 Retrying in 1 seconds
Warning: Unused states in tlLogic 'J10', program '0' in phase 0 after tl-index 10
Simulation......
总奖励:-2394.9488849773297, 速度奖励:-1162.7071078230024, 加速度奖励:-832.9917771543463, 交通灯奖励:-399.24999999988336, 与前车进行交互的惩罚:0.0
Episode:72/100, Reward:-2394.9488849773297
Episode:72/100, avg speed:10.59378099458751
Episode:72/100, avg halt num:0.07222222222222222
Episode:72/100, avg elec cons:0.7661853069080886
 Retrying in 1 seconds
Warning: Unused states in tlLogic 'J10', program '0' in phase 0 after tl-index 10
Simulation......
总奖励:-3011.3849319904893, 速度奖励:-1554.2810348939843, 加速度奖励:-852.5038970964615, 交通灯奖励:-604.6000000000467, 与前车进行交互的惩罚:0.0
Episode:73/100, Reward:-3011.3849319904893
Episode:73/100, avg speed:10.580953614504871
Episode:73/100, avg halt num:0.10837651122625216
Episode:73/100, avg elec cons:0.4709749492267073
 Retrying in 1 seconds
Warning: Unused states in tlLogic 'J10', program '0' in phase 0 after tl-index 10
Simulation......
总奖励:-3297.786579668162, 速度奖励:-1706.51933823599, 加速度奖励:-697.2672414320311, 交通灯奖励:-894.0000000004491, 与前车进行交互的惩罚:0.0
Episode:74/100, Reward:-3297.786579668162
Episode:74/100, avg speed:10.915488723973988
Episode:74/100, avg halt num:0.21111835670035867
Episode:74/100, avg elec cons:0.48819171646144494
 Retrying in 1 seconds
Warning: Unused states in tlLogic 'J10', program '0' in phase 0 after tl-index 10
Simulation......
总奖励:-2112.958467200375, 速度奖励:-1331.178255566992, 加速度奖励:-577.1802116333736, 交通灯奖励:-204.59999999991032, 与前车进行交互的惩罚:0.0
Episode:75/100, Reward:-2112.958467200375
Episode:75/100, avg speed:11.180847596554566
Episode:75/100, avg halt num:0.07211538461538461
Episode:75/100, avg elec cons:0.5193849531609249
 Retrying in 1 seconds
Warning: Unused states in tlLogic 'J10', program '0' in phase 0 after tl-index 10
Simulation......
总奖励:-2284.538083171912, 速度奖励:-1341.4062546809837, 加速度奖励:-562.7818284909292, 交通灯奖励:-380.34999999990754, 与前车进行交互的惩罚:0.0
Episode:76/100, Reward:-2284.538083171912
Episode:76/100, avg speed:10.228826427406288
Episode:76/100, avg halt num:0.17754594180704442
Episode:76/100, avg elec cons:0.6473085791338986
 Retrying in 1 seconds
Warning: Unused states in tlLogic 'J10', program '0' in phase 0 after tl-index 10
Simulation......
总奖励:-2142.9850148938012, 速度奖励:-1368.4224579029885, 加速度奖励:-484.41255699082467, 交通灯奖励:-290.14999999989675, 与前车进行交互的惩罚:0.0
Episode:77/100, Reward:-2142.9850148938012
Episode:77/100, avg speed:10.643619053595424
Episode:77/100, avg halt num:0.1567482387838339
Episode:77/100, avg elec cons:0.6224514386104953
 Retrying in 1 seconds
Warning: Unused states in tlLogic 'J10', program '0' in phase 0 after tl-index 10
Simulation......
总奖励:-1609.3721444409473, 速度奖励:-1101.252200750996, 加速度奖励:-404.3199436899691, 交通灯奖励:-103.80000000002282, 与前车进行交互的惩罚:0.0
Episode:78/100, Reward:-1609.3721444409473
Episode:78/100, avg speed:10.957152667993734
Episode:78/100, avg halt num:0.11149792999623635
Episode:78/100, avg elec cons:0.7775576072997048
 Retrying in 1 seconds
Warning: Unused states in tlLogic 'J10', program '0' in phase 0 after tl-index 10
Simulation......
总奖励:-1758.01972825817, 速度奖励:-1261.8709967699833, 加速度奖励:-400.1987314882009, 交通灯奖励:-95.95000000002305, 与前车进行交互的惩罚:0.0
Episode:79/100, Reward:-1758.01972825817
Episode:79/100, avg speed:10.678390006529483
Episode:79/100, avg halt num:0.13304761904761905
Episode:79/100, avg elec cons:0.661453489729113
 Retrying in 1 seconds
Warning: Unused states in tlLogic 'J10', program '0' in phase 0 after tl-index 10
Simulation......
总奖励:-1633.8585910983315, 速度奖励:-1146.5711621279884, 加速度奖励:-382.1874289703645, 交通灯奖励:-105.0999999999989, 与前车进行交互的惩罚:0.0
Episode:80/100, Reward:-1633.8585910983315
Episode:80/100, avg speed:11.222365982094717
Episode:80/100, avg halt num:0.12038634011728182
Episode:80/100, avg elec cons:0.7096069445013836
 Retrying in 1 seconds
Warning: Unused states in tlLogic 'J10', program '0' in phase 0 after tl-index 10
Simulation......
总奖励:-1710.1662135879064, 速度奖励:-1190.2353812459926, 加速度奖励:-391.23083234194326, 交通灯奖励:-128.70000000000312, 与前车进行交互的惩罚:0.0
Episode:81/100, Reward:-1710.1662135879064
Episode:81/100, avg speed:10.902119662143376
Episode:81/100, avg halt num:0.12120671188861121
Episode:81/100, avg elec cons:0.5973335843621432
 Retrying in 1 seconds
Warning: Unused states in tlLogic 'J10', program '0' in phase 0 after tl-index 10
Simulation......
总奖励:-1659.6402404901219, 速度奖励:-1214.123676884988, 加速度奖励:-384.7665636051453, 交通灯奖励:-60.75000000001337, 与前车进行交互的惩罚:0.0
Episode:82/100, Reward:-1659.6402404901219
Episode:82/100, avg speed:10.810319991307331
Episode:82/100, avg halt num:0.12371721778791334
Episode:82/100, avg elec cons:0.5617091254774365
 Retrying in 1 seconds
Warning: Unused states in tlLogic 'J10', program '0' in phase 0 after tl-index 10
Simulation......
总奖励:-1808.0984362513257, 速度奖励:-1290.0170226239886, 加速度奖励:-442.83141362736114, 交通灯奖励:-75.25000000003244, 与前车进行交互的惩罚:0.0
Episode:83/100, Reward:-1808.0984362513257
Episode:83/100, avg speed:11.184702466742902
Episode:83/100, avg halt num:0.1276024723487313
Episode:83/100, avg elec cons:0.47089364969596137
 Retrying in 1 seconds
Warning: Unused states in tlLogic 'J10', program '0' in phase 0 after tl-index 10
Simulation......
总奖励:-1598.6891605287435, 速度奖励:-1217.9900121569908, 加速度奖励:-401.5491483717781, 交通灯奖励:20.849999999999408, 与前车进行交互的惩罚:0.0
Episode:84/100, Reward:-1598.6891605287435
Episode:84/100, avg speed:10.477325399224199
Episode:84/100, avg halt num:0.15430210325047802
Episode:84/100, avg elec cons:0.6332215635047588
 Retrying in 1 seconds
Warning: Unused states in tlLogic 'J10', program '0' in phase 0 after tl-index 10
Simulation......
总奖励:-1648.2556126628342, 速度奖励:-1226.766839075991, 加速度奖励:-386.4387735868563, 交通灯奖励:-35.05000000000356, 与前车进行交互的惩罚:0.0
Episode:85/100, Reward:-1648.2556126628342
Episode:85/100, avg speed:11.663440343921879
Episode:85/100, avg halt num:0.09236133636068765
Episode:85/100, avg elec cons:0.5152555960146112
 Retrying in 1 seconds
Warning: Unused states in tlLogic 'J10', program '0' in phase 0 after tl-index 10
Simulation......
总奖励:-1304.1644826391887, 速度奖励:-1037.1689390970007, 加速度奖励:-367.4955435421943, 交通灯奖励:100.49999999997742, 与前车进行交互的惩罚:0.0
Episode:86/100, Reward:-1304.1644826391887
Episode:86/100, avg speed:11.846759366369831
Episode:86/100, avg halt num:0.04361069836552749
Episode:86/100, avg elec cons:0.5253409912861751
 Retrying in 1 seconds
Warning: Unused states in tlLogic 'J10', program '0' in phase 0 after tl-index 10
Simulation......
总奖励:-2381.775196724973, 速度奖励:-1569.664208825982, 加速度奖励:-473.3109878989718, 交通灯奖励:-338.79999999989604, 与前车进行交互的惩罚:0.0
Episode:87/100, Reward:-2381.775196724973
Episode:87/100, avg speed:9.61696058741075
Episode:87/100, avg halt num:0.2256735022114998
Episode:87/100, avg elec cons:0.47198958018156617
 Retrying in 1 seconds
Warning: Unused states in tlLogic 'J10', program '0' in phase 0 after tl-index 10
Simulation......
总奖励:-1780.896493841119, 速度奖励:-1249.3223940239952, 加速度奖励:-384.52409981714004, 交通灯奖励:-147.04999999995374, 与前车进行交互的惩罚:0.0
Episode:88/100, Reward:-1780.896493841119
Episode:88/100, avg speed:11.41295814620581
Episode:88/100, avg halt num:0.07798013245033113
Episode:88/100, avg elec cons:0.4731529313110219
 Retrying in 1 seconds
Warning: Unused states in tlLogic 'J10', program '0' in phase 0 after tl-index 10
Simulation......
总奖励:-2228.7074305711267, 速度奖励:-1282.2577235999895, 加速度奖励:-769.1997069711364, 交通灯奖励:-177.24999999991508, 与前车进行交互的惩罚:0.0
Episode:89/100, Reward:-2228.7074305711267
Episode:89/100, avg speed:10.668816899857358
Episode:89/100, avg halt num:0.14333094299031912
Episode:89/100, avg elec cons:0.586957541358232
 Retrying in 1 seconds
Warning: Unused states in tlLogic 'J10', program '0' in phase 0 after tl-index 10
Simulation......
总奖励:-1966.6406712528562, 速度奖励:-1206.1882544579873, 加速度奖励:-490.6524167948837, 交通灯奖励:-269.799999999931, 与前车进行交互的惩罚:0.0
Episode:90/100, Reward:-1966.6406712528562
Episode:90/100, avg speed:10.748411387020552
Episode:90/100, avg halt num:0.11623056503602579
Episode:90/100, avg elec cons:0.590075915858897
 Retrying in 1 seconds
Warning: Unused states in tlLogic 'J10', program '0' in phase 0 after tl-index 10
Simulation......
总奖励:-1736.3294149754852, 速度奖励:-1255.475316483007, 加速度奖励:-380.3540984925045, 交通灯奖励:-100.49999999998012, 与前车进行交互的惩罚:0.0
Episode:91/100, Reward:-1736.3294149754852
Episode:91/100, avg speed:10.352813466864292
Episode:91/100, avg halt num:0.08588213353226408
Episode:91/100, avg elec cons:0.5572090904739534
 Retrying in 1 seconds
Warning: Unused states in tlLogic 'J10', program '0' in phase 0 after tl-index 10
Simulation......
总奖励:-1176.1095942558995, 速度奖励:-1076.031453231001, 加速度奖励:-284.4281410249132, 交通灯奖励:184.35000000003498, 与前车进行交互的惩罚:0.0
Episode:92/100, Reward:-1176.1095942558995
Episode:92/100, avg speed:10.915695346015344
Episode:92/100, avg halt num:0.03134137426900585
Episode:92/100, avg elec cons:0.5676248538332459
 Retrying in 1 seconds
Warning: Unused states in tlLogic 'J10', program '0' in phase 0 after tl-index 10
Simulation......
总奖励:-1779.67109402836, 速度奖励:-1235.1379790789981, 加速度奖励:-373.18311494938166, 交通灯奖励:-171.34999999988912, 与前车进行交互的惩罚:0.0
Episode:93/100, Reward:-1779.67109402836
Episode:93/100, avg speed:10.82667369974797
Episode:93/100, avg halt num:0.09000398247710076
Episode:93/100, avg elec cons:0.605655628776133
 Retrying in 1 seconds
Warning: Unused states in tlLogic 'J10', program '0' in phase 0 after tl-index 10
Simulation......
总奖励:-1672.664737779504, 速度奖励:-1314.918891854994, 加速度奖励:-362.69584592452014, 交通灯奖励:4.950000000003805, 与前车进行交互的惩罚:0.0
Episode:94/100, Reward:-1672.664737779504
Episode:94/100, avg speed:10.793017385002196
Episode:94/100, avg halt num:0.09440672486259295
Episode:94/100, avg elec cons:0.45086197518732113
 Retrying in 1 seconds
Warning: Unused states in tlLogic 'J10', program '0' in phase 0 after tl-index 10
Simulation......
总奖励:-2455.7128061141957, 速度奖励:-1567.6908928829748, 加速度奖励:-459.9219132311978, 交通灯奖励:-428.0999999999044, 与前车进行交互的惩罚:0.0
Episode:95/100, Reward:-2455.7128061141957
Episode:95/100, avg speed:9.830160601226199
Episode:95/100, avg halt num:0.19369452662721892
Episode:95/100, avg elec cons:0.47726818849238084
 Retrying in 1 seconds
Warning: Unused states in tlLogic 'J10', program '0' in phase 0 after tl-index 10
Simulation......
总奖励:-2085.855023512911, 速度奖励:-1428.5255337089877, 加速度奖励:-416.87948980394157, 交通灯奖励:-240.449999999922, 与前车进行交互的惩罚:0.0
Episode:96/100, Reward:-2085.855023512911
Episode:96/100, avg speed:9.993885573719684
Episode:96/100, avg halt num:0.15581351453378633
Episode:96/100, avg elec cons:0.4976116302113173
 Retrying in 1 seconds
Warning: Unused states in tlLogic 'J10', program '0' in phase 0 after tl-index 10
Simulation......
总奖励:-2295.530573999019, 速度奖励:-1471.3166742749913, 加速度奖励:-468.3138997240212, 交通灯奖励:-355.8999999998734, 与前车进行交互的惩罚:0.0
Episode:97/100, Reward:-2295.530573999019
Episode:97/100, avg speed:10.588692218816105
Episode:97/100, avg halt num:0.19065086531226486
Episode:97/100, avg elec cons:0.5363206432390525
 Retrying in 1 seconds
Warning: Unused states in tlLogic 'J10', program '0' in phase 0 after tl-index 10
Simulation......
总奖励:-1645.920028740147, 速度奖励:-1224.0394409249823, 加速度奖励:-378.88058781518066, 交通灯奖励:-43.00000000002201, 与前车进行交互的惩罚:0.0
Episode:98/100, Reward:-1645.920028740147
Episode:98/100, avg speed:10.174027943363223
Episode:98/100, avg halt num:0.15162213740458017
Episode:98/100, avg elec cons:0.6116509866383202
 Retrying in 1 seconds
Warning: Unused states in tlLogic 'J10', program '0' in phase 0 after tl-index 10
Simulation......
总奖励:-1538.3804285887138, 速度奖励:-1219.1937777989936, 加速度奖励:-349.03665078973927, 交通灯奖励:29.84999999999571, 与前车进行交互的惩罚:0.0
Episode:99/100, Reward:-1538.3804285887138
Episode:99/100, avg speed:11.416122534376285
Episode:99/100, avg halt num:0.11067359249329758
Episode:99/100, avg elec cons:0.5248160966353176
 Retrying in 1 seconds
Warning: Unused states in tlLogic 'J10', program '0' in phase 0 after tl-index 10
Simulation......
总奖励:-1843.7635597766198, 速度奖励:-1299.4083650879895, 加速度奖励:-401.6051946886435, 交通灯奖励:-142.74999999993682, 与前车进行交互的惩罚:0.0
Episode:100/100, Reward:-1843.7635597766198
Episode:100/100, avg speed:11.385481925398334
Episode:100/100, avg halt num:0.12749838813668601
Episode:100/100, avg elec cons:0.5027134768924287
model saved successfully!
Complete training!
final reward list:[-4135.5458346614705, -4845.406304698506, -3433.8529859077235, -3033.7263658232064, -3081.2618674330124, -3126.230872677928, -3198.11035195818, -3000.290909416704, -19547.18037705514, -12613.088785547832, -3126.2657860799873, -3001.0341912532567, -3066.6935224030044, -3057.0299599487744, -1842.9199678641191, -2140.938635351541, -2836.7242675470616, -1755.9488485908505, -1613.014746516348, -1305.5978186464854, -1356.9257382465014, -1143.7357206095273, -1036.2132478858077, -1056.4346085415789, -999.639472394714, -1100.8987507932154, -961.2066853133192, -1035.2575436186912, -752.9404050611012, -862.977412094496, -848.6937365683472, -866.5479942210955, -766.2882440708128, -842.0211065655476, -1003.7282895257777, -1213.6178390872903, -1764.4828543089811, -2538.6082780106417, -2419.2258979668713, -2064.506902282963, -1638.0435131766596, -1975.2470793357052, -2122.183389241251, -2306.002887199804, -1763.6577967373046, -1631.6700644900604, -3252.297909070641, -4000.462118278555, -1728.8250473208202, -1913.2336726637047, -3494.573698770353, -5701.191241910784, -3190.361061113694, -2093.3721766245576, -1908.2868679602573, -2444.2513408092386, -5175.325862047374, -5155.76963977821, -6260.074877234761, -3483.3449361312396, -3966.3067305598333, -3100.991240140616, -3897.0155600081007, -2741.0672756044464, -7383.625107081549, -12425.220395253393, -9465.742633970396, -11120.912552521007, -9539.974721049866, -2494.8802965617733, -2787.180929502245, -2394.9488849773297, -3011.3849319904893, -3297.786579668162, -2112.958467200375, -2284.538083171912, -2142.9850148938012, -1609.3721444409473, -1758.01972825817, -1633.8585910983315, -1710.1662135879064, -1659.6402404901219, -1808.0984362513257, -1598.6891605287435, -1648.2556126628342, -1304.1644826391887, -2381.775196724973, -1780.896493841119, -2228.7074305711267, -1966.6406712528562, -1736.3294149754852, -1176.1095942558995, -1779.67109402836, -1672.664737779504, -2455.7128061141957, -2085.855023512911, -2295.530573999019, -1645.920028740147, -1538.3804285887138, -1843.7635597766198]
final speed list:[14.437917980568516, 14.017458994774065, 15.65057337364322, 15.18216711812449, 15.443993430476544, 15.392720579554522, 15.671960660433209, 15.716754610718901, 7.053747540123911, 11.478289871955182, 15.896393743920239, 15.717718788793455, 15.851033568813909, 14.960673115600022, 14.232145185087223, 13.872859425245949, 12.75784151445652, 13.342168077965194, 13.596026024584186, 14.225320801600672, 13.602093615614656, 13.587047520107095, 14.023521283037079, 13.967629119523158, 14.089425624012492, 13.142817944871332, 13.240314316641742, 12.352946144836647, 13.05378645105394, 13.701165615129254, 13.61415787961518, 13.049564269295495, 13.424572293106275, 13.245441961426378, 12.741590535010719, 11.333237190979816, 10.436354158376439, 9.97640565137853, 10.199572548410751, 10.481683529697717, 11.057767935186638, 10.686078990507598, 10.042853006341863, 10.334495603538162, 10.811498250093424, 11.924906690834977, 9.537326300903624, 8.953171315679546, 12.144750067765967, 11.324284367368069, 11.036184006346788, 8.431039004976315, 9.813386308289864, 10.847808827107354, 10.875448172065898, 11.639955406873243, 8.11409270907539, 8.941465480685798, 9.554466686433013, 10.02741618668454, 8.67106357787875, 10.241072783360394, 11.658743869752199, 10.004320849920507, 8.455165998321071, 7.730232895278568, 7.645305858955679, 7.6290572850154, 8.45786038682054, 10.943056417803653, 10.853192445786409, 10.59378099458751, 10.580953614504871, 10.915488723973988, 11.180847596554566, 10.228826427406288, 10.643619053595424, 10.957152667993734, 10.678390006529483, 11.222365982094717, 10.902119662143376, 10.810319991307331, 11.184702466742902, 10.477325399224199, 11.663440343921879, 11.846759366369831, 9.61696058741075, 11.41295814620581, 10.668816899857358, 10.748411387020552, 10.352813466864292, 10.915695346015344, 10.82667369974797, 10.793017385002196, 9.830160601226199, 9.993885573719684, 10.588692218816105, 10.174027943363223, 11.416122534376285, 11.385481925398334]
final elec cons list:[1.762902998089894, 1.8991220424325361, 2.0402824569463283, 2.5161805899595495, 2.59258580643765, 2.326385951692707, 2.2252208697171167, 2.0809409799729486, 0.8240392018282233, 1.5303370204166433, 2.1756994811028134, 2.232866552815428, 2.098762852683669, 2.3920774586940414, 2.444594811470653, 2.7369048096055892, 1.7027979725229259, 2.7126983832395273, 1.8576005005494696, 1.6046224586134545, 1.6789734649324124, 1.6589452170960082, 1.332347789525247, 1.3817014021170557, 1.333735891226335, 1.3061372570348546, 1.0410115961980568, 1.2007218196415048, 1.3597475245201238, 1.4027040932129624, 1.3662284324353293, 1.315302015085023, 1.2390752097059152, 0.9074350762004095, 0.8060779942821749, 0.5846791808058698, 0.5802954329118322, 0.48392547337986436, 0.4288169429711946, 0.48211661959040336, 0.5207724795239606, 0.4988596728784851, 0.6014500236715519, 0.49550716688671453, 0.6599795758052533, 0.6153588628645378, 0.512578480232732, 0.43879340227252056, 0.6829992889911333, 0.6088415577946774, 0.5470940368783979, 0.38424559863331437, 0.43290505396903817, 0.6302011565925796, 1.0349439510456853, 0.8353752922376007, 0.589843483212368, 0.7768588070561724, 0.46550141682647883, 0.40419086881696514, 0.4776752766270915, 0.7580709800043682, 0.7850622436906908, 0.6029511717549645, 0.4899183241822965, 0.4735882371621053, 0.34602060741884816, 0.38420311235092797, 0.5544095794959056, 0.6413865045336642, 0.5582289696056854, 0.7661853069080886, 0.4709749492267073, 0.48819171646144494, 0.5193849531609249, 0.6473085791338986, 0.6224514386104953, 0.7775576072997048, 0.661453489729113, 0.7096069445013836, 0.5973335843621432, 0.5617091254774365, 0.47089364969596137, 0.6332215635047588, 0.5152555960146112, 0.5253409912861751, 0.47198958018156617, 0.4731529313110219, 0.586957541358232, 0.590075915858897, 0.5572090904739534, 0.5676248538332459, 0.605655628776133, 0.45086197518732113, 0.47726818849238084, 0.4976116302113173, 0.5363206432390525, 0.6116509866383202, 0.5248160966353176, 0.5027134768924287]
final halt list:[0.3433744722312439, 0.4596020761245675, 0.2686335403726708, 0.2664486340900346, 0.2714717741935484, 0.2700286123032904, 0.25412371134020617, 0.22265994327135202, 0.38607407407407407, 0.38189806678383126, 0.24024024024024024, 0.2413703831549879, 0.21859177215189873, 0.22125220458553793, 0.1265093304061471, 0.13501122754491018, 0.1263642564802183, 0.09375, 0.07018168863555398, 0.07091305807317892, 0.08645310690852953, 0.061094452773613195, 0.04283100465735196, 0.045655737704918035, 0.03628628628628629, 0.03393536121673004, 0.017262317834836918, 0.01823126510878324, 0.0002986857825567503, 0.0006939625260235947, 0.003996282527881041, 0.0065469509913954355, 0.003165639972621492, 0.0012660364618501012, 0.0020397304008513656, 0.03138335704125178, 0.1123116574147502, 0.22672320461927103, 0.15057104467584817, 0.13488293179504582, 0.11477549599721545, 0.09926205903527718, 0.16780561883067577, 0.22973457675753228, 0.063651748777736, 0.033206228153797264, 0.2588575560375994, 0.4137126865671642, 0.0498191136569189, 0.09654202514890801, 0.17348972707758356, 0.5203596878181201, 0.18056010481493612, 0.03245469522240527, 0.03082579185520362, 0.08282312925170068, 0.4139507154213037, 0.3036679536679537, 0.5484012649332396, 0.23109375, 0.3055343511450382, 0.09501025290498975, 0.15814598090545118, 0.11603412256267409, 0.4577569169960474, 0.4254489255225199, 0.4213556851311953, 0.40673499267935576, 0.19132426840082767, 0.08422967415374881, 0.16001602564102563, 0.07222222222222222, 0.10837651122625216, 0.21111835670035867, 0.07211538461538461, 0.17754594180704442, 0.1567482387838339, 0.11149792999623635, 0.13304761904761905, 0.12038634011728182, 0.12120671188861121, 0.12371721778791334, 0.1276024723487313, 0.15430210325047802, 0.09236133636068765, 0.04361069836552749, 0.2256735022114998, 0.07798013245033113, 0.14333094299031912, 0.11623056503602579, 0.08588213353226408, 0.03134137426900585, 0.09000398247710076, 0.09440672486259295, 0.19369452662721892, 0.15581351453378633, 0.19065086531226486, 0.15162213740458017, 0.11067359249329758, 0.12749838813668601]
speed reward list:[-930.6574919819515, -1184.5730724479397, -580.2064231409688, -484.1333383679742, -498.2713540109759, -519.6948608339696, -521.6933262509713, -483.26470719297095, -4265.194158684316, -2703.4234180563153, -515.9450321549735, -492.84395859597413, -481.88531564097275, -581.6313284669811, -628.2552274919855, -640.1099285459865, -956.085466553987, -589.62998544299, -674.5701091409964, -586.3578355709927, -675.0390665969885, -614.9798371259947, -626.480742887997, -615.5227437479938, -599.5492976159958, -710.923630950001, -700.6883787360099, -733.679199297005, -684.7120332990066, -631.1780334720054, -634.7859628410024, -669.3510881880023, -614.339315046003, -716.7046282740066, -829.5113278800078, -1014.2283259260006, -1265.7088677149968, -1552.3830262259744, -1564.0417576619782, -1367.458199855985, -1214.9690910659876, -1296.1792936259858, -1272.4809439139751, -1502.1554120549658, -1167.9117959339976, -1085.4376231320075, -1786.327547687951, -2095.903319741936, -1033.1978482440022, -1211.7055110389897, -1579.75333407899, -2588.2494182011337, -1678.815600587989, -1178.050550220007, -1031.9096229570068, -1166.4559104029977, -2231.536718078997, -2099.919630464988, -2704.3004218591477, -1785.0143882519533, -1930.6766911499583, -1406.327816097003, -1423.1014615439856, -1417.9704622379859, -2760.0826295791194, -3633.190755138478, -3471.9797307782737, -3719.742986367338, -2657.5412462010377, -1146.2102216369985, -1459.2707812889796, -1162.7071078230024, -1554.2810348939843, -1706.51933823599, -1331.178255566992, -1341.4062546809837, -1368.4224579029885, -1101.252200750996, -1261.8709967699833, -1146.5711621279884, -1190.2353812459926, -1214.123676884988, -1290.0170226239886, -1217.9900121569908, -1226.766839075991, -1037.1689390970007, -1569.664208825982, -1249.3223940239952, -1282.2577235999895, -1206.1882544579873, -1255.475316483007, -1076.031453231001, -1235.1379790789981, -1314.918891854994, -1567.6908928829748, -1428.5255337089877, -1471.3166742749913, -1224.0394409249823, -1219.1937777989936, -1299.4083650879895]
accel reward list:[-711.2383426792711, -681.333232250229, -828.5465627666401, -767.8430274551256, -787.2905134219604, -773.7360118438621, -794.0670257070905, -771.4762022236176, -7376.386218371264, -4554.665367490541, -788.1707539249085, -778.2402326571817, -765.4582067619341, -813.7486314817588, -744.3647403721286, -896.1287068055433, -988.8888009931256, -743.3188631478668, -586.1946373753478, -480.88998307549895, -466.88667164950823, -407.95588348353505, -376.28250499781535, -376.511864793581, -349.1401747787183, -332.6751198432197, -354.91830657732277, -345.1283443216892, -266.5783717620999, -291.7493786224887, -267.30777372734514, -268.99690603308704, -262.2989290248096, -285.8164782915437, -298.0669616457747, -334.33951316130094, -417.9739865940067, -526.0252517845971, -520.3841403048755, -515.8487024270005, -453.4744221106803, -525.3677857097252, -552.5524453272571, -551.3974751448126, -538.4960008033173, -562.532441358077, -697.170361382548, -854.3587985363064, -624.6771990768211, -565.6781616247221, -813.520364691284, -1141.9418237093068, -963.1454605256844, -835.721626404556, -736.1272450032632, -778.0954304062595, -1241.3391439681513, -1355.0000093130461, -1226.1244553752758, -1041.6805478791025, -817.0300394096173, -1109.1634240435965, -1499.2640984639947, -977.0468133664208, -1794.242477502082, -3779.9296401146767, -2023.8129031919032, -2729.319566153538, -2714.783474848633, -972.0200749247784, -674.8601482132275, -832.9917771543463, -852.5038970964615, -697.2672414320311, -577.1802116333736, -562.7818284909292, -484.41255699082467, -404.3199436899691, -400.1987314882009, -382.1874289703645, -391.23083234194326, -384.7665636051453, -442.83141362736114, -401.5491483717781, -386.4387735868563, -367.4955435421943, -473.3109878989718, -384.52409981714004, -769.1997069711364, -490.6524167948837, -380.3540984925045, -284.4281410249132, -373.18311494938166, -362.69584592452014, -459.9219132311978, -416.87948980394157, -468.3138997240212, -378.88058781518066, -349.03665078973927, -401.6051946886435]
tls reward list:[-2493.649999999978, -2979.499999999757, -2025.100000000132, -1781.7500000001123, -1795.70000000011, -1832.8000000001211, -1882.3500000001136, -1745.5500000001027, -7905.599999997399, -5354.999999998665, -1822.1500000001156, -1729.9500000001083, -1819.3500000001093, -1661.6500000001831, -470.2999999999282, -604.7000000000462, -891.7500000002166, -422.9999999999236, -352.24999999992787, -238.34999999994545, -214.99999999994532, -120.80000000000919, -33.449999999995796, -64.4000000000255, -50.950000000011784, -57.30000000001554, 94.39999999998665, 43.549999999989055, 198.3500000000261, 59.949999999994546, 53.39999999997832, 71.79999999998232, 110.34999999997572, 160.5000000000233, 123.84999999998227, 134.94999999998555, -80.80000000002718, -460.19999999989545, -334.7999999998989, -181.1999999999867, 30.400000000001437, -153.6999999998734, -297.14999999990096, -252.44999999994405, -57.2500000000329, 16.29999999999855, -768.8000000003069, -1050.2000000003331, -70.9500000000057, -135.84999999994943, -1101.3000000003422, -1971.0000000005823, -548.4000000001769, -79.60000000000306, -140.24999999994412, -499.69999999991103, -1702.45000000041, -1700.8500000004346, -2329.6499999993243, -656.6500000000708, -1218.6000000004062, -585.4999999999425, -974.6500000002898, -346.04999999991406, -2829.299999999571, -5012.099999997692, -3969.949999998801, -4671.84999999803, -4167.649999998368, -376.6499999998769, -653.0500000002284, -399.24999999988336, -604.6000000000467, -894.0000000004491, -204.59999999991032, -380.34999999990754, -290.14999999989675, -103.80000000002282, -95.95000000002305, -105.0999999999989, -128.70000000000312, -60.75000000001337, -75.25000000003244, 20.849999999999408, -35.05000000000356, 100.49999999997742, -338.79999999989604, -147.04999999995374, -177.24999999991508, -269.799999999931, -100.49999999998012, 184.35000000003498, -171.34999999988912, 4.950000000003805, -428.0999999999044, -240.449999999922, -355.8999999998734, -43.00000000002201, 29.84999999999571, -142.74999999993682]
extra reward list:[0.0, 0.0, 0.0, 0.0, 0.0, 0.0, 0.0, 0.0, 0.0, 0.0, 0.0, 0.0, 0.0, 0.0, 0.0, 0.0, 0.0, 0.0, 0.0, 0.0, 0.0, 0.0, 0.0, 0.0, 0.0, 0.0, 0.0, 0.0, 0.0, 0.0, 0.0, 0.0, 0.0, 0.0, 0.0, 0.0, 0.0, 0.0, 0.0, 0.0, 0.0, 0.0, 0.0, 0.0, 0.0, 0.0, 0.0, 0.0, 0.0, 0.0, 0.0, 0.0, 0.0, 0.0, 0.0, 0.0, 0.0, 0.0, 0.0, 0.0, 0.0, 0.0, 0.0, 0.0, 0.0, 0.0, 0.0, 0.0, 0.0, 0.0, 0.0, 0.0, 0.0, 0.0, 0.0, 0.0, 0.0, 0.0, 0.0, 0.0, 0.0, 0.0, 0.0, 0.0, 0.0, 0.0, 0.0, 0.0, 0.0, 0.0, 0.0, 0.0, 0.0, 0.0, 0.0, 0.0, 0.0, 0.0, 0.0, 0.0]
