nohup: 忽略输入
Env:sumo, Algorithm:TD3, Device:cuda
-----------------------------------------
models/reward_s9e-3_a4e-2_t(-1_0.09)_c.pth
-----------------------------------------
 Retrying in 1 seconds
Warning: Unused states in tlLogic 'J10', program '0' in phase 0 after tl-index 10
Simulation......
总奖励:-6653.385834661157, 速度奖励:-930.6574919819515, 加速度奖励:-711.2383426792711, 交通灯奖励:-5011.489999999269, 与前车进行交互的惩罚:0.0
Episode:1/100, Reward:-6653.385834661157
Episode:1/100, avg speed:14.437917980568516
Episode:1/100, avg halt num:0.3433744722312439
Episode:1/100, avg elec cons:1.762902998089894
 Retrying in 1 seconds
Warning: Unused states in tlLogic 'J10', program '0' in phase 0 after tl-index 10
Simulation......
总奖励:-7851.04630469806, 速度奖励:-1184.5730724479397, 加速度奖励:-681.333232250229, 交通灯奖励:-5985.139999999025, 与前车进行交互的惩罚:0.0
Episode:2/100, Reward:-7851.04630469806
Episode:2/100, avg speed:14.017458994774065
Episode:2/100, avg halt num:0.4596020761245675
Episode:2/100, avg elec cons:1.8991220424325361
 Retrying in 1 seconds
Warning: Unused states in tlLogic 'J10', program '0' in phase 0 after tl-index 10
Simulation......
总奖励:-5477.49606712466, 速度奖励:-579.0179027429687, 加速度奖励:-829.6281643818273, 交通灯奖励:-4068.849999999514, 与前车进行交互的惩罚:0.0
Episode:3/100, Reward:-5477.49606712466
Episode:3/100, avg speed:15.656180445421183
Episode:3/100, avg halt num:0.2687152664269369
Episode:3/100, avg elec cons:2.0402072515069634
 Retrying in 1 seconds
Warning: Unused states in tlLogic 'J10', program '0' in phase 0 after tl-index 10
Simulation......
总奖励:-4838.285012204248, 速度奖励:-484.26830090097496, 加速度奖励:-768.846711303405, 交通灯奖励:-3585.16999999964, 与前车进行交互的惩罚:0.0
Episode:4/100, Reward:-4838.285012204248
Episode:4/100, avg speed:15.181629618545486
Episode:4/100, avg halt num:0.26547481737793155
Episode:4/100, avg elec cons:2.5098104405827764
 Retrying in 1 seconds
Warning: Unused states in tlLogic 'J10', program '0' in phase 0 after tl-index 10
Simulation......
总奖励:-3558.1938251440106, 速度奖励:-521.0745061859802, 加速度奖励:-710.0093189580743, 交通灯奖励:-2327.1100000001293, 与前车进行交互的惩罚:0.0
Episode:5/100, Reward:-3558.1938251440106
Episode:5/100, avg speed:14.947010366375567
Episode:5/100, avg halt num:0.1833266291230893
Episode:5/100, avg elec cons:2.487676257432705
 Retrying in 1 seconds
Warning: Unused states in tlLogic 'J10', program '0' in phase 0 after tl-index 10
Simulation......
总奖励:-3600.039059141989, 速度奖励:-786.9031537949644, 加速度奖励:-822.925905347052, 交通灯奖励:-1990.2100000002902, 与前车进行交互的惩罚:0.0
Episode:6/100, Reward:-3600.039059141989
Episode:6/100, avg speed:13.71707983124599
Episode:6/100, avg halt num:0.23181334279630944
Episode:6/100, avg elec cons:1.882167434091273
 Retrying in 1 seconds
Warning: Unused states in tlLogic 'J10', program '0' in phase 0 after tl-index 10
Simulation......
总奖励:-2497.513798521339, 速度奖励:-579.4551556109803, 加速度奖励:-841.7986429103559, 交通灯奖励:-1076.2599999999195, 与前车进行交互的惩罚:0.0
Episode:7/100, Reward:-2497.513798521339
Episode:7/100, avg speed:14.809690098102378
Episode:7/100, avg halt num:0.12770897832817338
Episode:7/100, avg elec cons:2.5245718812414086
 Retrying in 1 seconds
Warning: Unused states in tlLogic 'J10', program '0' in phase 0 after tl-index 10
Simulation......
总奖励:-3037.0605118427884, 速度奖励:-725.3413610579928, 加速度奖励:-1316.1991507848365, 交通灯奖励:-995.5199999998694, 与前车进行交互的惩罚:0.0
Episode:8/100, Reward:-3037.0605118427884
Episode:8/100, avg speed:13.691154834197446
Episode:8/100, avg halt num:0.066414686825054
Episode:8/100, avg elec cons:2.3822384360987607
 Retrying in 1 seconds
Warning: Unused states in tlLogic 'J10', program '0' in phase 0 after tl-index 10
Simulation......
总奖励:-3128.410299362035, 速度奖励:-734.0504350499953, 加速度奖励:-1454.599864312107, 交通灯奖励:-939.7599999999245, 与前车进行交互的惩罚:0.0
Episode:9/100, Reward:-3128.410299362035
Episode:9/100, avg speed:13.37720189382156
Episode:9/100, avg halt num:0.06543569808875932
Episode:9/100, avg elec cons:2.5816969713150066
 Retrying in 1 seconds
Warning: Unused states in tlLogic 'J10', program '0' in phase 0 after tl-index 10
Simulation......
总奖励:-2199.817837986893, 速度奖励:-616.0361852339857, 加速度奖励:-847.7416527528785, 交通灯奖励:-736.039999999975, 与前车进行交互的惩罚:0.0
Episode:10/100, Reward:-2199.817837986893
Episode:10/100, avg speed:14.186169198861041
Episode:10/100, avg halt num:0.1032761037140855
Episode:10/100, avg elec cons:2.4198304098847756
 Retrying in 1 seconds
Warning: Unused states in tlLogic 'J10', program '0' in phase 0 after tl-index 10
Simulation......
总奖励:-2011.1915646659793, 速度奖励:-568.0892039579871, 加速度奖励:-808.4223607079795, 交通灯奖励:-634.6800000000411, 与前车进行交互的惩罚:0.0
Episode:11/100, Reward:-2011.1915646659793
Episode:11/100, avg speed:14.871897505026961
Episode:11/100, avg halt num:0.08585690515806989
Episode:11/100, avg elec cons:2.2797491699534294
 Retrying in 1 seconds
Warning: Unused states in tlLogic 'J10', program '0' in phase 0 after tl-index 10
Simulation......
总奖励:-2067.743114169097, 速度奖励:-568.7414091179859, 加速度奖励:-909.6017050510901, 交通灯奖励:-589.3999999999941, 与前车进行交互的惩罚:0.0
Episode:12/100, Reward:-2067.743114169097
Episode:12/100, avg speed:14.596774222473114
Episode:12/100, avg halt num:0.08743169398907104
Episode:12/100, avg elec cons:2.484073749766613
 Retrying in 1 seconds
Warning: Unused states in tlLogic 'J10', program '0' in phase 0 after tl-index 10
Simulation......
总奖励:-2381.186994440773, 速度奖励:-584.4684325589888, 加速度奖励:-957.7485618817775, 交通灯奖励:-838.969999999965, 与前车进行交互的惩罚:0.0
Episode:13/100, Reward:-2381.186994440773
Episode:13/100, avg speed:14.549430475486451
Episode:13/100, avg halt num:0.08291770573566085
Episode:13/100, avg elec cons:2.38164056610822
 Retrying in 1 seconds
Warning: Unused states in tlLogic 'J10', program '0' in phase 0 after tl-index 10
Simulation......
总奖励:-9581.111932424026, 速度奖励:-1634.844038309992, 加速度奖励:-2736.6778941140788, 交通灯奖励:-5209.589999998746, 与前车进行交互的惩罚:0.0
Episode:14/100, Reward:-9581.111932424026
Episode:14/100, avg speed:11.359153965969586
Episode:14/100, avg halt num:0.14544980896144494
Episode:14/100, avg elec cons:2.1485663025426516
 Retrying in 1 seconds
Warning: Unused states in tlLogic 'J10', program '0' in phase 0 after tl-index 10
Simulation......
总奖励:-3192.7785396349336, 速度奖励:-861.8756479020077, 加速度奖励:-1326.8028917329932, 交通灯奖励:-1004.0999999998406, 与前车进行交互的惩罚:0.0
Episode:15/100, Reward:-3192.7785396349336
Episode:15/100, avg speed:12.996261822099815
Episode:15/100, avg halt num:0.007561785319070454
Episode:15/100, avg elec cons:2.722985780577052
 Retrying in 1 seconds
Warning: Unused states in tlLogic 'J10', program '0' in phase 0 after tl-index 10
Simulation......
总奖励:-2540.544539225535, 速度奖励:-680.1460269209967, 加速度奖励:-1090.338512304569, 交通灯奖励:-770.0600000000003, 与前车进行交互的惩罚:0.0
Episode:16/100, Reward:-2540.544539225535
Episode:16/100, avg speed:13.467830569198215
Episode:16/100, avg halt num:0.06568516421291053
Episode:16/100, avg elec cons:2.826141401620942
 Retrying in 1 seconds
Warning: Unused states in tlLogic 'J10', program '0' in phase 0 after tl-index 10
Simulation......
总奖励:-1988.952855677115, 速度奖励:-631.5810089039954, 加速度奖励:-907.3818467730879, 交通灯奖励:-449.99000000014365, 与前车进行交互的惩罚:0.0
Episode:17/100, Reward:-1988.952855677115
Episode:17/100, avg speed:14.149108458271566
Episode:17/100, avg halt num:0.06716160220994476
Episode:17/100, avg elec cons:2.579853825850209
 Retrying in 1 seconds
Warning: Unused states in tlLogic 'J10', program '0' in phase 0 after tl-index 10
Simulation......
总奖励:-1738.333126055551, 速度奖励:-594.9980037269963, 加速度奖励:-860.1451223285394, 交通灯奖励:-283.19000000010953, 与前车进行交互的惩罚:0.0
Episode:18/100, Reward:-1738.333126055551
Episode:18/100, avg speed:13.202020995028938
Episode:18/100, avg halt num:0.04610573042776433
Episode:18/100, avg elec cons:2.9377250093743283
 Retrying in 1 seconds
Warning: Unused states in tlLogic 'J10', program '0' in phase 0 after tl-index 10
Simulation......
总奖励:-1846.6049144363126, 速度奖励:-663.9747180300008, 加速度奖励:-911.9201964062681, 交通灯奖励:-270.71000000002095, 与前车进行交互的惩罚:0.0
Episode:19/100, Reward:-1846.6049144363126
Episode:19/100, avg speed:13.843423353006953
Episode:19/100, avg halt num:0.04160688665710186
Episode:19/100, avg elec cons:2.563664458034022
 Retrying in 1 seconds
Warning: Unused states in tlLogic 'J10', program '0' in phase 0 after tl-index 10
Simulation......
总奖励:-1520.4224741664375, 速度奖励:-584.576105174999, 加速度奖励:-904.7863689914025, 交通灯奖励:-31.059999999981805, 与前车进行交互的惩罚:0.0
Episode:20/100, Reward:-1520.4224741664375
Episode:20/100, avg speed:14.334194728042585
Episode:20/100, avg halt num:0.03268581081081081
Episode:20/100, avg elec cons:2.4645138056898666
 Retrying in 1 seconds
Warning: Unused states in tlLogic 'J10', program '0' in phase 0 after tl-index 10
Simulation......
总奖励:-1714.7014151413402, 速度奖励:-598.0210691039962, 加速度奖励:-951.4203460373143, 交通灯奖励:-165.25999999997177, 与前车进行交互的惩罚:0.0
Episode:21/100, Reward:-1714.7014151413402
Episode:21/100, avg speed:13.929113799260396
Episode:21/100, avg halt num:0.0448742746615087
Episode:21/100, avg elec cons:2.7565585223557862
 Retrying in 1 seconds
Warning: Unused states in tlLogic 'J10', program '0' in phase 0 after tl-index 10
Simulation......
总奖励:-1639.3061023836296, 速度奖励:-577.4832652589981, 加速度奖励:-895.2828371246123, 交通灯奖励:-166.53999999997143, 与前车进行交互的惩罚:0.0
Episode:22/100, Reward:-1639.3061023836296
Episode:22/100, avg speed:13.925346391719316
Episode:22/100, avg halt num:0.034987041836356904
Episode:22/100, avg elec cons:2.6717471607227834
 Retrying in 1 seconds
Warning: Unused states in tlLogic 'J10', program '0' in phase 0 after tl-index 10
Simulation......
总奖励:-1555.382140676539, 速度奖励:-631.5424229520023, 加速度奖励:-1061.0997177245147, 交通灯奖励:137.26000000003052, 与前车进行交互的惩罚:0.0
Episode:23/100, Reward:-1555.382140676539
Episode:23/100, avg speed:13.903818355493877
Episode:23/100, avg halt num:0.015499329758713137
Episode:23/100, avg elec cons:2.2611933595281264
 Retrying in 1 seconds
Warning: Unused states in tlLogic 'J10', program '0' in phase 0 after tl-index 10
Simulation......
总奖励:-1694.9973208997903, 速度奖励:-576.863234450997, 加速度奖励:-953.8440864487548, 交通灯奖励:-164.28999999997106, 与前车进行交互的惩罚:0.0
Episode:24/100, Reward:-1694.9973208997903
Episode:24/100, avg speed:14.466396387314942
Episode:24/100, avg halt num:0.04782321899736148
Episode:24/100, avg elec cons:2.5656389334829055
 Retrying in 1 seconds
Warning: Unused states in tlLogic 'J10', program '0' in phase 0 after tl-index 10
Simulation......
总奖励:-1583.0814219329384, 速度奖励:-531.8470187819977, 加速度奖励:-915.54440315092, 交通灯奖励:-135.68999999997115, 与前车进行交互的惩罚:0.0
Episode:25/100, Reward:-1583.0814219329384
Episode:25/100, avg speed:14.471455627352446
Episode:25/100, avg halt num:0.02902086137281292
Episode:25/100, avg elec cons:2.419210980185391
 Retrying in 1 seconds
Warning: Unused states in tlLogic 'J10', program '0' in phase 0 after tl-index 10
Simulation......
总奖励:-1885.575170405188, 速度奖励:-632.8901304720007, 加速度奖励:-1027.295039933167, 交通灯奖励:-225.3899999999677, 与前车进行交互的惩罚:0.0
Episode:26/100, Reward:-1885.575170405188
Episode:26/100, avg speed:13.652925607188804
Episode:26/100, avg halt num:0.04133103183736095
Episode:26/100, avg elec cons:2.798179850686872
 Retrying in 1 seconds
Warning: Unused states in tlLogic 'J10', program '0' in phase 0 after tl-index 10
Simulation......
总奖励:-1565.1951249229326, 速度奖励:-579.1237807589996, 加速度奖励:-935.5713441639075, 交通灯奖励:-50.499999999982236, 与前车进行交互的惩罚:0.0
Episode:27/100, Reward:-1565.1951249229326
Episode:27/100, avg speed:14.083952508819463
Episode:27/100, avg halt num:0.02980769230769231
Episode:27/100, avg elec cons:2.5720460471015096
 Retrying in 1 seconds
Warning: Unused states in tlLogic 'J10', program '0' in phase 0 after tl-index 10
Simulation......
总奖励:-1489.0999498308715, 速度奖励:-561.6764816129977, 加速度奖励:-797.0434682178662, 交通灯奖励:-130.37999999998, 与前车进行交互的惩罚:0.0
Episode:28/100, Reward:-1489.0999498308715
Episode:28/100, avg speed:13.45229713532683
Episode:28/100, avg halt num:0.025522755227552277
Episode:28/100, avg elec cons:2.537358350103731
 Retrying in 1 seconds
Warning: Unused states in tlLogic 'J10', program '0' in phase 0 after tl-index 10
Simulation......
总奖励:-1128.6721059856836, 速度奖励:-586.7143137540011, 加速度奖励:-726.6877922316768, 交通灯奖励:184.73000000002583, 与前车进行交互的惩罚:0.0
Episode:29/100, Reward:-1128.6721059856836
Episode:29/100, avg speed:13.830646031196427
Episode:29/100, avg halt num:0.006315156375300722
Episode:29/100, avg elec cons:2.6397555337465075
 Retrying in 1 seconds
Warning: Unused states in tlLogic 'J10', program '0' in phase 0 after tl-index 10
Simulation......
总奖励:-1690.803479130813, 速度奖励:-613.265110794, 加速度奖励:-704.4583683367973, 交通灯奖励:-373.08000000011066, 与前车进行交互的惩罚:0.0
Episode:30/100, Reward:-1690.803479130813
Episode:30/100, avg speed:14.068161819738327
Episode:30/100, avg halt num:0.058653846153846154
Episode:30/100, avg elec cons:2.387522593560392
 Retrying in 1 seconds
Warning: Unused states in tlLogic 'J10', program '0' in phase 0 after tl-index 10
Simulation......
总奖励:-1388.3307050953033, 速度奖励:-563.1053386769998, 加速度奖励:-728.1753664182819, 交通灯奖励:-97.04999999999303, 与前车进行交互的惩罚:0.0
Episode:31/100, Reward:-1388.3307050953033
Episode:31/100, avg speed:14.146130655015744
Episode:31/100, avg halt num:0.015275707898658718
Episode:31/100, avg elec cons:2.6825668137642955
 Retrying in 1 seconds
Warning: Unused states in tlLogic 'J10', program '0' in phase 0 after tl-index 10
Simulation......
总奖励:-1474.1423186738898, 速度奖励:-630.9456534359998, 加速度奖励:-648.7466652378779, 交通灯奖励:-194.44999999996813, 与前车进行交互的惩罚:0.0
Episode:32/100, Reward:-1474.1423186738898
Episode:32/100, avg speed:13.656112260686262
Episode:32/100, avg halt num:0.051350323316850514
Episode:32/100, avg elec cons:2.4280298753678764
 Retrying in 1 seconds
Warning: Unused states in tlLogic 'J10', program '0' in phase 0 after tl-index 10
Simulation......
总奖励:-1076.8451355803286, 速度奖励:-525.9588710580015, 加速度奖励:-563.8962645223409, 交通灯奖励:13.01000000000937, 与前车进行交互的惩罚:0.0
Episode:33/100, Reward:-1076.8451355803286
Episode:33/100, avg speed:14.25430945144191
Episode:33/100, avg halt num:0.003680336487907466
Episode:33/100, avg elec cons:2.6426205267693414
 Retrying in 1 seconds
Warning: Unused states in tlLogic 'J10', program '0' in phase 0 after tl-index 10
Simulation......
总奖励:-1082.951181287264, 速度奖励:-520.6362957179982, 加速度奖励:-523.974885569262, 交通灯奖励:-38.3399999999952, 与前车进行交互的惩罚:0.0
Episode:34/100, Reward:-1082.951181287264
Episode:34/100, avg speed:14.621797942305973
Episode:34/100, avg halt num:0.019089958158995817
Episode:34/100, avg elec cons:2.5130597554338987
 Retrying in 1 seconds
Warning: Unused states in tlLogic 'J10', program '0' in phase 0 after tl-index 10
Simulation......
总奖励:-1137.1797843265358, 速度奖励:-541.6389706319975, 加速度奖励:-547.0208136945381, 交通灯奖励:-48.51999999997176, 与前车进行交互的惩罚:0.0
Episode:35/100, Reward:-1137.1797843265358
Episode:35/100, avg speed:14.472251137098302
Episode:35/100, avg halt num:0.020509977827051
Episode:35/100, avg elec cons:2.688637114897562
 Retrying in 1 seconds
Warning: Unused states in tlLogic 'J10', program '0' in phase 0 after tl-index 10
Simulation......
总奖励:-1124.8233053548236, 速度奖励:-611.0629381710048, 加速度奖励:-596.4703671838272, 交通灯奖励:82.71000000001055, 与前车进行交互的惩罚:0.0
Episode:36/100, Reward:-1124.8233053548236
Episode:36/100, avg speed:13.742343505087558
Episode:36/100, avg halt num:0.0038104089219330854
Episode:36/100, avg elec cons:2.4559812983521225
 Retrying in 1 seconds
Warning: Unused states in tlLogic 'J10', program '0' in phase 0 after tl-index 10
Simulation......
总奖励:-1421.0984780454135, 速度奖励:-654.5924468999978, 加速度奖励:-663.9860311454129, 交通灯奖励:-102.51999999999147, 与前车进行交互的惩罚:0.0
Episode:37/100, Reward:-1421.0984780454135
Episode:37/100, avg speed:13.124207442275985
Episode:37/100, avg halt num:0.04275905118601748
Episode:37/100, avg elec cons:2.5427890230962698
 Retrying in 1 seconds
Warning: Unused states in tlLogic 'J10', program '0' in phase 0 after tl-index 10
Simulation......
总奖励:-1828.719267802962, 速度奖励:-933.6404496060029, 加速度奖励:-765.1888181969672, 交通灯奖励:-129.8899999999636, 与前车进行交互的惩罚:0.0
Episode:38/100, Reward:-1828.719267802962
Episode:38/100, avg speed:12.186464714058275
Episode:38/100, avg halt num:0.021356313225927313
Episode:38/100, avg elec cons:1.1511744777569897
 Retrying in 1 seconds
Warning: Unused states in tlLogic 'J10', program '0' in phase 0 after tl-index 10
Simulation......
总奖励:-6809.230994940898, 速度奖励:-2060.102427173962, 加速度奖励:-1493.558567767002, 交通灯奖励:-3255.5699999994777, 与前车进行交互的惩罚:0.0
Episode:39/100, Reward:-6809.230994940898
Episode:39/100, avg speed:9.056969445732234
Episode:39/100, avg halt num:0.34405617243631614
Episode:39/100, avg elec cons:0.6077368154914333
 Retrying in 1 seconds
Warning: Unused states in tlLogic 'J10', program '0' in phase 0 after tl-index 10
Simulation......
总奖励:-10569.816892474397, 速度奖励:-2367.161949294045, 加速度奖励:-2102.6649431805495, 交通灯奖励:-6099.989999998539, 与前车进行交互的惩罚:0.0
Episode:40/100, Reward:-10569.816892474397
Episode:40/100, avg speed:8.422004495898383
Episode:40/100, avg halt num:0.34400958466453674
Episode:40/100, avg elec cons:0.5606921729600834
 Retrying in 1 seconds
Warning: Unused states in tlLogic 'J10', program '0' in phase 0 after tl-index 10
Simulation......
总奖励:-6215.797604918157, 速度奖励:-1430.301713328011, 加速度奖励:-1835.0758915902202, 交通灯奖励:-2950.419999998797, 与前车进行交互的惩罚:0.0
Episode:41/100, Reward:-6215.797604918157
Episode:41/100, avg speed:10.798025407259916
Episode:41/100, avg halt num:0.10631793478260869
Episode:41/100, avg elec cons:0.9345068594626479
 Retrying in 1 seconds
Warning: Unused states in tlLogic 'J10', program '0' in phase 0 after tl-index 10
Simulation......
总奖励:-8532.300694933341, 速度奖励:-2131.646127074965, 加速度奖励:-1747.6745678583927, 交通灯奖励:-4652.9799999989345, 与前车进行交互的惩罚:0.0
Episode:42/100, Reward:-8532.300694933341
Episode:42/100, avg speed:8.931097604022513
Episode:42/100, avg halt num:0.30266990291262136
Episode:42/100, avg elec cons:0.603124134473055
 Retrying in 1 seconds
Warning: Unused states in tlLogic 'J10', program '0' in phase 0 after tl-index 10
Simulation......
总奖励:-11721.285843031093, 速度奖励:-2803.595641263193, 加速度奖励:-1778.010201768227, 交通灯奖励:-7139.679999997772, 与前车进行交互的惩罚:0.0
Episode:43/100, Reward:-11721.285843031093
Episode:43/100, avg speed:6.647340424281256
Episode:43/100, avg halt num:0.5514223194748359
Episode:43/100, avg elec cons:0.5093449706038521
 Retrying in 1 seconds
Warning: Unused states in tlLogic 'J10', program '0' in phase 0 after tl-index 10
Simulation......
总奖励:-13690.65503523355, 速度奖励:-3450.5628982115104, 加速度奖励:-2100.1721370226846, 交通灯奖励:-8139.919999996993, 与前车进行交互的惩罚:0.0
Episode:44/100, Reward:-13690.65503523355
Episode:44/100, avg speed:7.296307354122567
Episode:44/100, avg halt num:0.7727272727272727
Episode:44/100, avg elec cons:0.4658766670931205
 Retrying in 1 seconds
Warning: Unused states in tlLogic 'J10', program '0' in phase 0 after tl-index 10
Simulation......
总奖励:-9060.34809969843, 速度奖励:-2553.2519970961034, 加速度奖励:-1771.0961026025107, 交通灯奖励:-4735.999999998261, 与前车进行交互的惩罚:0.0
Episode:45/100, Reward:-9060.34809969843
Episode:45/100, avg speed:8.212453685918193
Episode:45/100, avg halt num:0.4852791014295439
Episode:45/100, avg elec cons:0.5214244339687965
 Retrying in 1 seconds
Warning: Unused states in tlLogic 'J10', program '0' in phase 0 after tl-index 10
Simulation......
总奖励:-10068.652412379388, 速度奖励:-2237.4970727310397, 加速度奖励:-1967.8553396484124, 交通灯奖励:-5863.299999998542, 与前车进行交互的惩罚:0.0
Episode:46/100, Reward:-10068.652412379388
Episode:46/100, avg speed:9.127999297192197
Episode:46/100, avg halt num:0.3217296284733063
Episode:46/100, avg elec cons:0.6180131447983717
 Retrying in 1 seconds
Warning: Unused states in tlLogic 'J10', program '0' in phase 0 after tl-index 10
Simulation......
总奖励:-4728.305836719167, 速度奖励:-1194.0478585919893, 加速度奖励:-1244.6679781272142, 交通灯奖励:-2289.5899999999847, 与前车进行交互的惩罚:0.0
Episode:47/100, Reward:-4728.305836719167
Episode:47/100, avg speed:11.166597128453784
Episode:47/100, avg halt num:0.10838637214526395
Episode:47/100, avg elec cons:1.1945568785230003
 Retrying in 1 seconds
Warning: Unused states in tlLogic 'J10', program '0' in phase 0 after tl-index 10
Simulation......
总奖励:-5452.644075009876, 速度奖励:-1247.3303824889929, 加速度奖励:-1583.7236925209118, 交通灯奖励:-2621.5900000001407, 与前车进行交互的惩罚:0.0
Episode:48/100, Reward:-5452.644075009876
Episode:48/100, avg speed:10.531958255927497
Episode:48/100, avg halt num:0.0975823405746321
Episode:48/100, avg elec cons:1.361504796690536
 Retrying in 1 seconds
Warning: Unused states in tlLogic 'J10', program '0' in phase 0 after tl-index 10
Simulation......
总奖励:-12002.531822323692, 速度奖励:-2313.8283682800757, 加速度奖励:-1974.5934540437515, 交通灯奖励:-7714.109999998103, 与前车进行交互的惩罚:0.0
Episode:49/100, Reward:-12002.531822323692
Episode:49/100, avg speed:8.509518148558525
Episode:49/100, avg halt num:0.23725834797891038
Episode:49/100, avg elec cons:0.6743751933617026
 Retrying in 1 seconds
Warning: Unused states in tlLogic 'J10', program '0' in phase 0 after tl-index 10
Simulation......
总奖励:-9111.571128669771, 速度奖励:-2123.412483545983, 加速度奖励:-1609.2586451238712, 交通灯奖励:-5378.899999998688, 与前车进行交互的惩罚:0.0
Episode:50/100, Reward:-9111.571128669771
Episode:50/100, avg speed:9.42826427898678
Episode:50/100, avg halt num:0.3490886623416744
Episode:50/100, avg elec cons:0.7098745062091182
 Retrying in 1 seconds
Warning: Unused states in tlLogic 'J10', program '0' in phase 0 after tl-index 10
Simulation......
总奖励:-14099.800069636012, 速度奖励:-2415.8189691540597, 加速度奖励:-1929.2911004820976, 交通灯奖励:-9754.689999998167, 与前车进行交互的惩罚:0.0
Episode:51/100, Reward:-14099.800069636012
Episode:51/100, avg speed:9.041327356656147
Episode:51/100, avg halt num:0.3670180722891566
Episode:51/100, avg elec cons:0.6538490123184779
 Retrying in 1 seconds
Warning: Unused states in tlLogic 'J10', program '0' in phase 0 after tl-index 10
Simulation......
总奖励:-15672.051805321573, 速度奖励:-2781.4834237950854, 加速度奖励:-2188.998381526634, 交通灯奖励:-10701.569999997868, 与前车进行交互的惩罚:0.0
Episode:52/100, Reward:-15672.051805321573
Episode:52/100, avg speed:7.855154346741106
Episode:52/100, avg halt num:0.4332731451083388
Episode:52/100, avg elec cons:0.617256313742915
 Retrying in 1 seconds
Warning: Unused states in tlLogic 'J10', program '0' in phase 0 after tl-index 10
Simulation......
总奖励:-11154.093966636136, 速度奖励:-1972.109267783995, 加速度奖励:-1614.8046988521298, 交通灯奖励:-7567.179999998492, 与前车进行交互的惩罚:0.0
Episode:53/100, Reward:-11154.093966636136
Episode:53/100, avg speed:8.917560334938285
Episode:53/100, avg halt num:0.2271311475409836
Episode:53/100, avg elec cons:0.723579963577389
 Retrying in 1 seconds
Warning: Unused states in tlLogic 'J10', program '0' in phase 0 after tl-index 10
Simulation......
总奖励:-9366.098111020445, 速度奖励:-1132.7711369219614, 加速度奖励:-1153.7969740986102, 交通灯奖励:-7079.529999998991, 与前车进行交互的惩罚:0.0
Episode:54/100, Reward:-9366.098111020445
Episode:54/100, avg speed:11.680650205866803
Episode:54/100, avg halt num:0.3021323035594359
Episode:54/100, avg elec cons:1.1509844254005095
 Retrying in 1 seconds
Warning: Unused states in tlLogic 'J10', program '0' in phase 0 after tl-index 10
Simulation......
总奖励:-5433.475344507585, 速度奖励:-942.7079097179645, 加速度奖励:-1304.0974347896602, 交通灯奖励:-3186.6699999997745, 与前车进行交互的惩罚:0.0
Episode:55/100, Reward:-5433.475344507585
Episode:55/100, avg speed:11.699168696527288
Episode:55/100, avg halt num:0.2826046337817638
Episode:55/100, avg elec cons:1.5572949419965278
 Retrying in 1 seconds
Warning: Unused states in tlLogic 'J10', program '0' in phase 0 after tl-index 10
Simulation......
总奖励:-5865.084188511708, 速度奖励:-1033.4425890329653, 加速度奖励:-1386.901599478775, 交通灯奖励:-3444.7399999994923, 与前车进行交互的惩罚:0.0
Episode:56/100, Reward:-5865.084188511708
Episode:56/100, avg speed:11.693171724526856
Episode:56/100, avg halt num:0.2453071672354949
Episode:56/100, avg elec cons:1.3410267761242574
 Retrying in 1 seconds
Warning: Unused states in tlLogic 'J10', program '0' in phase 0 after tl-index 10
Simulation......
总奖励:-4800.793712960485, 速度奖励:-905.974912574971, 加速度奖励:-1223.9088003855381, 交通灯奖励:-2670.9099999998157, 与前车进行交互的惩罚:0.0
Episode:57/100, Reward:-4800.793712960485
Episode:57/100, avg speed:12.249729641848251
Episode:57/100, avg halt num:0.2512948207171315
Episode:57/100, avg elec cons:1.4914798208137927
 Retrying in 1 seconds
Warning: Unused states in tlLogic 'J10', program '0' in phase 0 after tl-index 10
Simulation......
总奖励:-4324.348243198782, 速度奖励:-806.8694487209771, 加速度奖励:-1103.578794477836, 交通灯奖励:-2413.900000000047, 与前车进行交互的惩罚:0.0
Episode:58/100, Reward:-4324.348243198782
Episode:58/100, avg speed:12.571454022178662
Episode:58/100, avg halt num:0.19202190066484162
Episode:58/100, avg elec cons:1.426411082964528
 Retrying in 1 seconds
Warning: Unused states in tlLogic 'J10', program '0' in phase 0 after tl-index 10
Simulation......
总奖励:-5196.889169709094, 速度奖励:-1171.5805554839699, 加速度奖励:-1273.1186142251536, 交通灯奖励:-2752.1899999998413, 与前车进行交互的惩罚:0.0
Episode:59/100, Reward:-5196.889169709094
Episode:59/100, avg speed:11.642424139238482
Episode:59/100, avg halt num:0.2011534428521496
Episode:59/100, avg elec cons:1.0140416439519868
 Retrying in 1 seconds
Warning: Unused states in tlLogic 'J10', program '0' in phase 0 after tl-index 10
Simulation......
总奖励:-12673.51974768285, 速度奖励:-2515.1963621670834, 加速度奖励:-2415.203385516003, 交通灯奖励:-7743.119999998114, 与前车进行交互的惩罚:0.0
Episode:60/100, Reward:-12673.51974768285
Episode:60/100, avg speed:8.367523510580382
Episode:60/100, avg halt num:0.30149253731343284
Episode:60/100, avg elec cons:0.4837027634800339
 Retrying in 1 seconds
Warning: Unused states in tlLogic 'J10', program '0' in phase 0 after tl-index 10
Simulation......
总奖励:-15448.521856138928, 速度奖励:-3240.4848737311713, 加速度奖励:-2552.106982407964, 交通灯奖励:-9655.929999997245, 与前车进行交互的惩罚:0.0
Episode:61/100, Reward:-15448.521856138928
Episode:61/100, avg speed:7.083872004339304
Episode:61/100, avg halt num:0.44542974079126874
Episode:61/100, avg elec cons:0.535548474214394
 Retrying in 1 seconds
Warning: Unused states in tlLogic 'J10', program '0' in phase 0 after tl-index 10
Simulation......
总奖励:-19801.169798486848, 速度奖励:-3815.944599906343, 加速度奖励:-2970.8151985810287, 交通灯奖励:-13014.40999999721, 与前车进行交互的惩罚:0.0
Episode:62/100, Reward:-19801.169798486848
Episode:62/100, avg speed:6.952457631878551
Episode:62/100, avg halt num:0.5253363228699551
Episode:62/100, avg elec cons:0.4809574315341444
 Retrying in 1 seconds
Warning: Unused states in tlLogic 'J10', program '0' in phase 0 after tl-index 10
Simulation......
总奖励:-23023.6505576125, 速度奖励:-4202.60333136329, 加速度奖励:-4056.247226249245, 交通灯奖励:-14764.799999996732, 与前车进行交互的惩罚:0.0
Episode:63/100, Reward:-23023.6505576125
Episode:63/100, avg speed:7.3084417376305995
Episode:63/100, avg halt num:0.4013677382966723
Episode:63/100, avg elec cons:0.45435753171896964
 Retrying in 1 seconds
Warning: Unused states in tlLogic 'J10', program '0' in phase 0 after tl-index 10
Simulation......
总奖励:-21131.60676090122, 速度奖励:-3843.457798464304, 加速度奖励:-4543.718962437056, 交通灯奖励:-12744.429999996992, 与前车进行交互的惩罚:0.0
Episode:64/100, Reward:-21131.60676090122
Episode:64/100, avg speed:5.7928331986974575
Episode:64/100, avg halt num:0.4851279494848787
Episode:64/100, avg elec cons:0.6344848301908701
 Retrying in 1 seconds
Warning: Unused states in tlLogic 'J10', program '0' in phase 0 after tl-index 10
Simulation......
总奖励:-27690.832578370246, 速度奖励:-4723.44783247843, 加速度奖励:-5723.20474589204, 交通灯奖励:-17244.179999997126, 与前车进行交互的惩罚:0.0
Episode:65/100, Reward:-27690.832578370246
Episode:65/100, avg speed:6.290708404268622
Episode:65/100, avg halt num:0.5032041262894654
Episode:65/100, avg elec cons:0.5716413510866855
 Retrying in 1 seconds
Warning: Unused states in tlLogic 'J10', program '0' in phase 0 after tl-index 10
Simulation......
总奖励:-29225.358095979445, 速度奖励:-4772.791504089497, 加速度奖励:-6831.606591890407, 交通灯奖励:-17620.959999996798, 与前车进行交互的惩罚:0.0
Episode:66/100, Reward:-29225.358095979445
Episode:66/100, avg speed:6.4606009773230975
Episode:66/100, avg halt num:0.46144927536231883
Episode:66/100, avg elec cons:0.5868513098740828
 Retrying in 1 seconds
Warning: Unused states in tlLogic 'J10', program '0' in phase 0 after tl-index 10
Simulation......
总奖励:-22590.023037995135, 速度奖励:-3997.9827637023723, 加速度奖励:-4086.800274293056, 交通灯奖励:-14505.23999999691, 与前车进行交互的惩罚:0.0
Episode:67/100, Reward:-22590.023037995135
Episode:67/100, avg speed:7.288653489399171
Episode:67/100, avg halt num:0.46093064091308167
Episode:67/100, avg elec cons:0.5478639851987264
 Retrying in 1 seconds
Warning: Unused states in tlLogic 'J10', program '0' in phase 0 after tl-index 10
Simulation......
总奖励:-14595.188589982874, 速度奖励:-2591.9237882971806, 加速度奖励:-2932.2048016858807, 交通灯奖励:-9071.059999997806, 与前车进行交互的惩罚:0.0
Episode:68/100, Reward:-14595.188589982874
Episode:68/100, avg speed:9.383532917058368
Episode:68/100, avg halt num:0.45243829018663456
Episode:68/100, avg elec cons:0.7049107198419878
 Retrying in 1 seconds
Warning: Unused states in tlLogic 'J10', program '0' in phase 0 after tl-index 10
Simulation......
Error: tcpip::Socket::recvAndCheck @ recv: peer shutdown
Quitting (on error).
