nohup: 忽略输入
Env:sumo, Algorithm:TD3, Device:cuda
-----------------------------------------
models/reward_s5e-2(-5, 1)_a14e-2_t(-2_0.1)_safe(3, -0.7)_2033.pth
-----------------------------------------
 Retrying in 1 seconds
Warning: Unused states in tlLogic 'J10', program '0' in phase 0 after tl-index 10
Simulation......
总奖励:-55231.800057970286, 速度奖励:-10585.300000000112, 加速度奖励:-1592.900057964817, 交通灯奖励:-36786.500000017215, 与前车进行交互的惩罚:-6267.099999998998
Episode:1/100, Reward:-55231.800057970286
Episode:1/100, avg speed:10.06294466437934
Episode:1/100, avg halt num:1.0890945243193637
Episode:1/100, avg elec cons:0.513552889594596
 Retrying in 1 seconds
Warning: Unused states in tlLogic 'J10', program '0' in phase 0 after tl-index 10
Simulation......
总奖励:-67328.39986488037, 速度奖励:-13275.750000000155, 加速度奖励:-1637.5498648785674, 交通灯奖励:-45296.100000025945, 与前车进行交互的惩罚:-7118.999999998777
Episode:2/100, Reward:-67328.39986488037
Episode:2/100, avg speed:9.379069696992445
Episode:2/100, avg halt num:1.3754074315514992
Episode:2/100, avg elec cons:0.5793193810345086
 Retrying in 1 seconds
Warning: Unused states in tlLogic 'J10', program '0' in phase 0 after tl-index 10
Simulation......
总奖励:-22661.911109227625, 速度奖励:-3389.4499999999653, 加速度奖励:-5294.361109227072, 交通灯奖励:-11220.099999998165, 与前车进行交互的惩罚:-2757.9999999999095
Episode:3/100, Reward:-22661.911109227625
Episode:3/100, avg speed:13.81260109525933
Episode:3/100, avg halt num:0.2668355671788166
Episode:3/100, avg elec cons:1.8852919494277707
 Retrying in 1 seconds
Warning: Unused states in tlLogic 'J10', program '0' in phase 0 after tl-index 10
Simulation......
总奖励:-22352.07287504211, 速度奖励:-3512.1999999999225, 加速度奖励:-5907.572875041404, 交通灯奖励:-10876.39999999816, 与前车进行交互的惩罚:-2055.900000000092
Episode:4/100, Reward:-22352.07287504211
Episode:4/100, avg speed:12.854613514410667
Episode:4/100, avg halt num:0.2573389248951582
Episode:4/100, avg elec cons:2.1747180323657855
 Retrying in 1 seconds
Warning: Unused states in tlLogic 'J10', program '0' in phase 0 after tl-index 10
Simulation......
总奖励:-12489.518424364274, 速度奖励:-2291.600000000015, 加速度奖励:-2636.9184243648956, 交通灯奖励:-6240.099999999404, 与前车进行交互的惩罚:-1320.9000000000467
Episode:5/100, Reward:-12489.518424364274
Episode:5/100, avg speed:15.056922190210068
Episode:5/100, avg halt num:0.20145044319097502
Episode:5/100, avg elec cons:2.6143060747585554
 Retrying in 1 seconds
Warning: Unused states in tlLogic 'J10', program '0' in phase 0 after tl-index 10
Simulation......
总奖励:-13349.311255694216, 速度奖励:-2751.649999999945, 加速度奖励:-2826.161255694823, 交通灯奖励:-6917.499999998848, 与前车进行交互的惩罚:-854.0000000000164
Episode:6/100, Reward:-13349.311255694216
Episode:6/100, avg speed:13.383943679948363
Episode:6/100, avg halt num:0.17779530318962494
Episode:6/100, avg elec cons:1.7373315177581077
 Retrying in 1 seconds
Warning: Unused states in tlLogic 'J10', program '0' in phase 0 after tl-index 10
Simulation......
总奖励:-9157.569530633544, 速度奖励:-2550.999999999997, 加速度奖励:-2647.4695306339777, 交通灯奖励:-3114.200000000529, 与前车进行交互的惩罚:-844.9000000000158
Episode:7/100, Reward:-9157.569530633544
Episode:7/100, avg speed:14.625279565593193
Episode:7/100, avg halt num:0.12256742915670878
Episode:7/100, avg elec cons:2.4836221229271342
 Retrying in 1 seconds
Warning: Unused states in tlLogic 'J10', program '0' in phase 0 after tl-index 10
Simulation......
总奖励:-9042.750034371176, 速度奖励:-2555.549999999999, 加速度奖励:-2860.900034371641, 交通灯奖励:-2978.1000000005324, 与前车进行交互的惩罚:-648.200000000003
Episode:8/100, Reward:-9042.750034371176
Episode:8/100, avg speed:14.306945093701326
Episode:8/100, avg halt num:0.10862068965517241
Episode:8/100, avg elec cons:2.2964575770238804
 Retrying in 1 seconds
Warning: Unused states in tlLogic 'J10', program '0' in phase 0 after tl-index 10
Simulation......
总奖励:-7979.92250100496, 速度奖励:-2572.5499999999975, 加速度奖励:-2554.1725010052414, 交通灯奖励:-2281.300000000364, 与前车进行交互的惩罚:-571.899999999998
Episode:9/100, Reward:-7979.92250100496
Episode:9/100, avg speed:14.357131853790168
Episode:9/100, avg halt num:0.10323261858349578
Episode:9/100, avg elec cons:2.4392303274526874
 Retrying in 1 seconds
Warning: Unused states in tlLogic 'J10', program '0' in phase 0 after tl-index 10
Simulation......
总奖励:-8039.130559374325, 速度奖励:-2676.5999999999885, 加速度奖励:-2558.5305593746302, 交通灯奖励:-2241.900000000459, 与前车进行交互的惩罚:-562.0999999999974
Episode:10/100, Reward:-8039.130559374325
Episode:10/100, avg speed:14.00296898928133
Episode:10/100, avg halt num:0.11719022687609075
Episode:10/100, avg elec cons:2.483719251996642
 Retrying in 1 seconds
Warning: Unused states in tlLogic 'J10', program '0' in phase 0 after tl-index 10
Simulation......
总奖励:-7506.232851173654, 速度奖励:-2631.4499999999925, 加速度奖励:-2314.5828511738655, 交通灯奖励:-1993.2000000004434, 与前车进行交互的惩罚:-566.9999999999977
Episode:11/100, Reward:-7506.232851173654
Episode:11/100, avg speed:14.644805808020685
Episode:11/100, avg halt num:0.09361525704809287
Episode:11/100, avg elec cons:2.33731428351836
 Retrying in 1 seconds
Warning: Unused states in tlLogic 'J10', program '0' in phase 0 after tl-index 10
Simulation......
总奖励:-8165.738555701829, 速度奖励:-2676.3499999999863, 加速度奖励:-2469.0885557021197, 交通灯奖励:-2301.4000000004407, 与前车进行交互的惩罚:-718.9000000000076
Episode:12/100, Reward:-8165.738555701829
Episode:12/100, avg speed:14.302216398291039
Episode:12/100, avg halt num:0.09003407155025554
Episode:12/100, avg elec cons:2.463249477357938
 Retrying in 1 seconds
Warning: Unused states in tlLogic 'J10', program '0' in phase 0 after tl-index 10
Simulation......
总奖励:-7817.195267731305, 速度奖励:-2615.999999999991, 加速度奖励:-2550.795267731499, 交通灯奖励:-2000.100000000381, 与前车进行交互的惩罚:-650.3000000000031
Episode:13/100, Reward:-7817.195267731305
Episode:13/100, avg speed:14.346491000338364
Episode:13/100, avg halt num:0.06874412777951769
Episode:13/100, avg elec cons:2.3317667698889886
 Retrying in 1 seconds
Warning: Unused states in tlLogic 'J10', program '0' in phase 0 after tl-index 10
Simulation......
总奖励:-7837.996695588231, 速度奖励:-2674.1499999999874, 加速度奖励:-2618.046695588429, 交通灯奖励:-1881.5000000003852, 与前车进行交互的惩罚:-664.300000000004
Episode:14/100, Reward:-7837.996695588231
Episode:14/100, avg speed:13.942270407697274
Episode:14/100, avg halt num:0.09618092221048927
Episode:14/100, avg elec cons:2.572039173888115
 Retrying in 1 seconds
Warning: Unused states in tlLogic 'J10', program '0' in phase 0 after tl-index 10
Simulation......
总奖励:-8275.774107482248, 速度奖励:-2810.799999999972, 加速度奖励:-2649.274107482451, 交通灯奖励:-2034.5000000004939, 与前车进行交互的惩罚:-781.2000000000116
Episode:15/100, Reward:-8275.774107482248
Episode:15/100, avg speed:13.917025697265272
Episode:15/100, avg halt num:0.09121870397643593
Episode:15/100, avg elec cons:2.4703213737707745
 Retrying in 1 seconds
Warning: Unused states in tlLogic 'J10', program '0' in phase 0 after tl-index 10
Simulation......
总奖励:-8252.401394831195, 速度奖励:-2721.8999999999833, 加速度奖励:-2608.301394831426, 交通灯奖励:-2055.6000000003546, 与前车进行交互的惩罚:-866.6000000000172
Episode:16/100, Reward:-8252.401394831195
Episode:16/100, avg speed:13.76649248515473
Episode:16/100, avg halt num:0.0858843537414966
Episode:16/100, avg elec cons:2.630938348455343
 Retrying in 1 seconds
Warning: Unused states in tlLogic 'J10', program '0' in phase 0 after tl-index 10
Simulation......
总奖励:-8163.183569427794, 速度奖励:-2783.69999999998, 加速度奖励:-2708.58356942799, 交通灯奖励:-2013.6000000005213, 与前车进行交互的惩罚:-657.3000000000036
Episode:17/100, Reward:-8163.183569427794
Episode:17/100, avg speed:13.96243930613424
Episode:17/100, avg halt num:0.08729338842975207
Episode:17/100, avg elec cons:2.346087282618886
 Retrying in 1 seconds
Warning: Unused states in tlLogic 'J10', program '0' in phase 0 after tl-index 10
Simulation......
总奖励:-8181.323352325173, 速度奖励:-2774.0499999999756, 加速度奖励:-2721.6733523253415, 交通灯奖励:-2046.5000000004652, 与前车进行交互的惩罚:-639.1000000000024
Episode:18/100, Reward:-8181.323352325173
Episode:18/100, avg speed:12.792776358368869
Episode:18/100, avg halt num:0.1285310734463277
Episode:18/100, avg elec cons:2.5586733440116607
 Retrying in 1 seconds
Warning: Unused states in tlLogic 'J10', program '0' in phase 0 after tl-index 10
Simulation......
总奖励:-9420.167173464597, 速度奖励:-3000.2499999999764, 加速度奖励:-3159.2171734648928, 交通灯奖励:-2262.5000000005016, 与前车进行交互的惩罚:-998.2000000000257
Episode:19/100, Reward:-9420.167173464597
Episode:19/100, avg speed:13.076721454732144
Episode:19/100, avg halt num:0.09574468085106383
Episode:19/100, avg elec cons:2.1752751879206036
 Retrying in 1 seconds
Warning: Unused states in tlLogic 'J10', program '0' in phase 0 after tl-index 10
Simulation......
总奖励:-9717.237564217836, 速度奖励:-2921.399999999968, 加速度奖励:-3547.0375642181025, 交通灯奖励:-1914.600000000455, 与前车进行交互的惩罚:-1334.2000000000476
Episode:20/100, Reward:-9717.237564217836
Episode:20/100, avg speed:13.317169182916116
Episode:20/100, avg halt num:0.055711920529801326
Episode:20/100, avg elec cons:2.2702689259054
 Retrying in 1 seconds
Warning: Unused states in tlLogic 'J10', program '0' in phase 0 after tl-index 10
Simulation......
总奖励:-9990.178996068524, 速度奖励:-3024.3999999999796, 加速度奖励:-3501.1789960688334, 交通灯奖励:-2213.0000000005844, 与前车进行交互的惩罚:-1251.6000000000422
Episode:21/100, Reward:-9990.178996068524
Episode:21/100, avg speed:12.681989373911719
Episode:21/100, avg halt num:0.045707167497125334
Episode:21/100, avg elec cons:2.492201841019931
 Retrying in 1 seconds
Warning: Unused states in tlLogic 'J10', program '0' in phase 0 after tl-index 10
Simulation......
总奖励:-8209.610738226842, 速度奖励:-2845.149999999981, 加速度奖励:-3212.5607382269313, 交通灯奖励:-1122.1999999998975, 与前车进行交互的惩罚:-1029.7000000000278
Episode:22/100, Reward:-8209.610738226842
Episode:22/100, avg speed:13.062223487798985
Episode:22/100, avg halt num:0.021979049756827535
Episode:22/100, avg elec cons:2.5301470598983267
 Retrying in 1 seconds
Warning: Unused states in tlLogic 'J10', program '0' in phase 0 after tl-index 10
Simulation......
总奖励:-7893.218501216056, 速度奖励:-2903.349999999973, 加速度奖励:-3239.8685012161664, 交通灯奖励:-895.9999999998408, 与前车进行交互的惩罚:-854.0000000000164
Episode:23/100, Reward:-7893.218501216056
Episode:23/100, avg speed:13.486224383276715
Episode:23/100, avg halt num:0.016666666666666666
Episode:23/100, avg elec cons:2.2259894807214997
 Retrying in 1 seconds
Warning: Unused states in tlLogic 'J10', program '0' in phase 0 after tl-index 10
Simulation......
总奖励:-7628.182530132432, 速度奖励:-2803.3499999999804, 加速度奖励:-3231.43253013259, 交通灯奖励:-794.6999999997978, 与前车进行交互的惩罚:-798.7000000000128
Episode:24/100, Reward:-7628.182530132432
Episode:24/100, avg speed:13.684860879495531
Episode:24/100, avg halt num:0.014166393711103833
Episode:24/100, avg elec cons:2.3740253868657937
 Retrying in 1 seconds
Warning: Unused states in tlLogic 'J10', program '0' in phase 0 after tl-index 10
Simulation......
总奖励:-7458.760607151835, 速度奖励:-2760.549999999963, 加速度奖励:-3133.5106071518076, 交通灯奖励:-901.0999999997903, 与前车进行交互的惩罚:-663.600000000004
Episode:25/100, Reward:-7458.760607151835
Episode:25/100, avg speed:13.349125053611514
Episode:25/100, avg halt num:0.021967925158703643
Episode:25/100, avg elec cons:1.8501987507742512
 Retrying in 1 seconds
Warning: Unused states in tlLogic 'J10', program '0' in phase 0 after tl-index 10
Simulation......
总奖励:-11973.62091978832, 速度奖励:-4156.949999999967, 加速度奖励:-3594.6709197885593, 交通灯奖励:-3202.8000000006873, 与前车进行交互的惩罚:-1019.2000000000271
Episode:26/100, Reward:-11973.62091978832
Episode:26/100, avg speed:11.182131839987504
Episode:26/100, avg halt num:0.08792792792792793
Episode:26/100, avg elec cons:0.9747540593481833
 Retrying in 1 seconds
Warning: Unused states in tlLogic 'J10', program '0' in phase 0 after tl-index 10
Simulation......
总奖励:-8688.625444273846, 速度奖励:-3702.349999999949, 加速度奖励:-3121.8754442738605, 交通灯奖励:-1391.200000000666, 与前车进行交互的惩罚:-473.19999999999476
Episode:27/100, Reward:-8688.625444273846
Episode:27/100, avg speed:11.55370781382018
Episode:27/100, avg halt num:0.04857094249744811
Episode:27/100, avg elec cons:0.8623826660629914
 Retrying in 1 seconds
Warning: Unused states in tlLogic 'J10', program '0' in phase 0 after tl-index 10
Simulation......
总奖励:-7257.4037569425245, 速度奖励:-2924.299999999974, 加速度奖励:-2723.203756942523, 交通灯奖励:-1051.2999999998192, 与前车进行交互的惩罚:-558.5999999999972
Episode:28/100, Reward:-7257.4037569425245
Episode:28/100, avg speed:11.78971867662903
Episode:28/100, avg halt num:0.012539494470774092
Episode:28/100, avg elec cons:1.9007224917231038
 Retrying in 1 seconds
Warning: Unused states in tlLogic 'J10', program '0' in phase 0 after tl-index 10
Simulation......
总奖励:-6864.4106239374605, 速度奖励:-2846.74999999995, 加速度奖励:-2579.2606239375154, 交通灯奖励:-708.9999999997907, 与前车进行交互的惩罚:-729.4000000000083
Episode:29/100, Reward:-6864.4106239374605
Episode:29/100, avg speed:12.191178675410548
Episode:29/100, avg halt num:0.03865979381443299
Episode:29/100, avg elec cons:1.7674206392551894
 Retrying in 1 seconds
Warning: Unused states in tlLogic 'J10', program '0' in phase 0 after tl-index 10
Simulation......
总奖励:-7307.154660828579, 速度奖励:-2778.6999999999744, 加速度奖励:-2807.2546608286234, 交通灯奖励:-1045.6999999998206, 与前车进行交互的惩罚:-675.5000000000048
Episode:30/100, Reward:-7307.154660828579
Episode:30/100, avg speed:13.164122533041871
Episode:30/100, avg halt num:0.014831961591220851
Episode:30/100, avg elec cons:1.8309470747994856
 Retrying in 1 seconds
Warning: Unused states in tlLogic 'J10', program '0' in phase 0 after tl-index 10
Simulation......
总奖励:-7773.442577477114, 速度奖励:-3089.3999999999683, 加速度奖励:-2809.2425774771755, 交通灯奖励:-1208.3999999999107, 与前车进行交互的惩罚:-666.4000000000042
Episode:31/100, Reward:-7773.442577477114
Episode:31/100, avg speed:12.424916327410509
Episode:31/100, avg halt num:0.06655381325730578
Episode:31/100, avg elec cons:1.32175484740431
 Retrying in 1 seconds
Warning: Unused states in tlLogic 'J10', program '0' in phase 0 after tl-index 10
Simulation......
总奖励:-7368.746234940433, 速度奖励:-3177.399999999946, 加速度奖励:-2524.5462349404447, 交通灯奖励:-1124.2999999999006, 与前车进行交互的惩罚:-542.4999999999961
Episode:32/100, Reward:-7368.746234940433
Episode:32/100, avg speed:12.120378823283062
Episode:32/100, avg halt num:0.021775389177168272
Episode:32/100, avg elec cons:1.436959236205616
 Retrying in 1 seconds
Warning: Unused states in tlLogic 'J10', program '0' in phase 0 after tl-index 10
Simulation......
总奖励:-6772.467937881389, 速度奖励:-2833.849999999966, 加速度奖励:-2481.2179378814685, 交通灯奖励:-788.1999999998704, 与前车进行交互的惩罚:-669.2000000000044
Episode:33/100, Reward:-6772.467937881389
Episode:33/100, avg speed:13.14271889996585
Episode:33/100, avg halt num:0.01601811472660181
Episode:33/100, avg elec cons:1.9420511571366734
 Retrying in 1 seconds
Warning: Unused states in tlLogic 'J10', program '0' in phase 0 after tl-index 10
Simulation......
总奖励:-8419.149390782512, 速度奖励:-3691.1999999999352, 加速度奖励:-2706.5493907826262, 交通灯奖励:-1448.1000000003264, 与前车进行交互的惩罚:-573.2999999999981
Episode:34/100, Reward:-8419.149390782512
Episode:34/100, avg speed:11.95088256299743
Episode:34/100, avg halt num:0.1076923076923077
Episode:34/100, avg elec cons:0.8040041657704551
 Retrying in 1 seconds
Warning: Unused states in tlLogic 'J10', program '0' in phase 0 after tl-index 10
Simulation......
总奖励:-7066.74055590266, 速度奖励:-3191.5499999999647, 加速度奖励:-2471.290555902723, 交通灯奖励:-869.0999999997908, 与前车进行交互的惩罚:-534.7999999999956
Episode:35/100, Reward:-7066.74055590266
Episode:35/100, avg speed:12.577173743206181
Episode:35/100, avg halt num:0.030433225921947728
Episode:35/100, avg elec cons:1.090264814491408
 Retrying in 1 seconds
Warning: Unused states in tlLogic 'J10', program '0' in phase 0 after tl-index 10
Simulation......
总奖励:-8267.077682039298, 速度奖励:-3434.149999999945, 加速度奖励:-3113.8276820393226, 交通灯奖励:-1093.299999999802, 与前车进行交互的惩罚:-625.8000000000015
Episode:36/100, Reward:-8267.077682039298
Episode:36/100, avg speed:11.855292585092922
Episode:36/100, avg halt num:0.043310463121783875
Episode:36/100, avg elec cons:0.8578589399121993
 Retrying in 1 seconds
Warning: Unused states in tlLogic 'J10', program '0' in phase 0 after tl-index 10
Simulation......
总奖励:-9192.536535028492, 速度奖励:-3420.5999999999212, 加速度奖励:-3269.6365350285732, 交通灯奖励:-1834.500000000714, 与前车进行交互的惩罚:-667.8000000000043
Episode:37/100, Reward:-9192.536535028492
Episode:37/100, avg speed:10.977437774390644
Episode:37/100, avg halt num:0.029610655737704918
Episode:37/100, avg elec cons:1.7311736135002709
 Retrying in 1 seconds
Warning: Unused states in tlLogic 'J10', program '0' in phase 0 after tl-index 10
Simulation......
总奖励:-6743.7463577834105, 速度奖励:-2959.2499999999673, 加速度奖励:-2198.3963577835225, 交通灯奖励:-1143.7000000000153, 与前车进行交互的惩罚:-442.39999999999526
Episode:38/100, Reward:-6743.7463577834105
Episode:38/100, avg speed:12.364707974855717
Episode:38/100, avg halt num:0.07977528089887641
Episode:38/100, avg elec cons:1.6329644644031125
 Retrying in 1 seconds
Warning: Unused states in tlLogic 'J10', program '0' in phase 0 after tl-index 10
Simulation......
总奖励:-21131.961495022802, 速度奖励:-6265.349999999957, 加速度奖励:-3672.2114950220384, 交通灯奖励:-9105.599999996231, 与前车进行交互的惩罚:-2088.8000000000834
Episode:39/100, Reward:-21131.961495022802
Episode:39/100, avg speed:9.247325178594922
Episode:39/100, avg halt num:0.3808843308675185
Episode:39/100, avg elec cons:0.41165046162843966
 Retrying in 1 seconds
Warning: Unused states in tlLogic 'J10', program '0' in phase 0 after tl-index 10
Simulation......
总奖励:-6442.902996585827, 速度奖励:-3032.4499999999607, 加速度奖励:-1880.3529965859123, 交通灯奖励:-1105.8999999998975, 与前车进行交互的惩罚:-424.19999999999555
Episode:40/100, Reward:-6442.902996585827
Episode:40/100, avg speed:12.573259577799996
Episode:40/100, avg halt num:0.010893050054015124
Episode:40/100, avg elec cons:1.6168984208471
 Retrying in 1 seconds
Warning: Unused states in tlLogic 'J10', program '0' in phase 0 after tl-index 10
Simulation......
总奖励:-7205.781661730822, 速度奖励:-3300.8999999999724, 加速度奖励:-2336.7816617308804, 交通灯奖励:-1141.8000000000798, 与前车进行交互的惩罚:-426.2999999999955
Episode:41/100, Reward:-7205.781661730822
Episode:41/100, avg speed:12.31011477620284
Episode:41/100, avg halt num:0.07804962095106822
Episode:41/100, avg elec cons:1.0168247933785062
 Retrying in 1 seconds
Warning: Unused states in tlLogic 'J10', program '0' in phase 0 after tl-index 10
Simulation......
总奖励:-9334.037182263686, 速度奖励:-3474.999999999926, 加速度奖励:-3285.437182263728, 交通灯奖励:-2019.2000000006794, 与前车进行交互的惩罚:-554.3999999999969
Episode:42/100, Reward:-9334.037182263686
Episode:42/100, avg speed:11.650222599991222
Episode:42/100, avg halt num:0.06799321010939269
Episode:42/100, avg elec cons:1.6931086738235166
 Retrying in 1 seconds
Warning: Unused states in tlLogic 'J10', program '0' in phase 0 after tl-index 10
Simulation......
总奖励:-9566.200722677506, 速度奖励:-3189.6499999999523, 加速度奖励:-3436.050722677694, 交通灯奖励:-2272.000000000633, 与前车进行交互的惩罚:-668.5000000000043
Episode:43/100, Reward:-9566.200722677506
Episode:43/100, avg speed:11.521022383756678
Episode:43/100, avg halt num:0.11881472957422325
Episode:43/100, avg elec cons:1.549869395898262
 Retrying in 1 seconds
Warning: Unused states in tlLogic 'J10', program '0' in phase 0 after tl-index 10
Simulation......
总奖励:-7592.644110777358, 速度奖励:-2795.5999999999567, 加速度奖励:-2838.044110777427, 交通灯奖励:-1459.9000000002243, 与前车进行交互的惩罚:-499.09999999999434
Episode:44/100, Reward:-7592.644110777358
Episode:44/100, avg speed:12.734505791319897
Episode:44/100, avg halt num:0.04261782032400589
Episode:44/100, avg elec cons:1.6505407790324285
 Retrying in 1 seconds
Warning: Unused states in tlLogic 'J10', program '0' in phase 0 after tl-index 10
Simulation......
总奖励:-6773.067528474527, 速度奖励:-3194.2499999999654, 加速度奖励:-1930.417528474538, 交通灯奖励:-1052.6999999999143, 与前车进行交互的惩罚:-595.6999999999996
Episode:45/100, Reward:-6773.067528474527
Episode:45/100, avg speed:11.97456661658899
Episode:45/100, avg halt num:0.03619431643625192
Episode:45/100, avg elec cons:1.0442567122684319
 Retrying in 1 seconds
Warning: Unused states in tlLogic 'J10', program '0' in phase 0 after tl-index 10
Simulation......
总奖励:-7189.033619574985, 速度奖励:-3454.999999999942, 加速度奖励:-2296.133619574963, 交通灯奖励:-947.1999999998241, 与前车进行交互的惩罚:-490.6999999999945
Episode:46/100, Reward:-7189.033619574985
Episode:46/100, avg speed:12.624539708545077
Episode:46/100, avg halt num:0.03997441637352095
Episode:46/100, avg elec cons:0.79216461333247
 Retrying in 1 seconds
Warning: Unused states in tlLogic 'J10', program '0' in phase 0 after tl-index 10
Simulation......
总奖励:-8353.198196693844, 速度奖励:-3476.7999999999283, 加速度奖励:-2881.398196693848, 交通灯奖励:-1372.7000000002097, 与前车进行交互的惩罚:-622.3000000000013
Episode:47/100, Reward:-8353.198196693844
Episode:47/100, avg speed:11.872664894991702
Episode:47/100, avg halt num:0.07536557930258718
Episode:47/100, avg elec cons:0.9205494937030573
 Retrying in 1 seconds
Warning: Unused states in tlLogic 'J10', program '0' in phase 0 after tl-index 10
Simulation......
总奖励:-6515.422230808091, 速度奖励:-3065.4999999999663, 加速度奖励:-2309.7222308081173, 交通灯奖励:-781.0999999998361, 与前车进行交互的惩罚:-359.0999999999966
Episode:48/100, Reward:-6515.422230808091
Episode:48/100, avg speed:12.14854345230385
Episode:48/100, avg halt num:0.03401295731707317
Episode:48/100, avg elec cons:1.3716850395798819
 Retrying in 1 seconds
Warning: Unused states in tlLogic 'J10', program '0' in phase 0 after tl-index 10
Simulation......
总奖励:-6923.456515096397, 速度奖励:-3376.5499999999583, 加速度奖励:-1998.3065150964, 交通灯奖励:-824.7999999997719, 与前车进行交互的惩罚:-723.8000000000079
Episode:49/100, Reward:-6923.456515096397
Episode:49/100, avg speed:12.433206094886733
Episode:49/100, avg halt num:0.03301742586365026
Episode:49/100, avg elec cons:0.8120734104407304
 Retrying in 1 seconds
Warning: Unused states in tlLogic 'J10', program '0' in phase 0 after tl-index 10
Simulation......
总奖励:-7494.674760401786, 速度奖励:-3722.2499999999527, 加速度奖励:-1658.9247604018933, 交通灯奖励:-1506.6000000004676, 与前车进行交互的惩罚:-606.9000000000003
Episode:50/100, Reward:-7494.674760401786
Episode:50/100, avg speed:11.642186896616437
Episode:50/100, avg halt num:0.10401213755900203
Episode:50/100, avg elec cons:0.8174418154837874
 Retrying in 1 seconds
Warning: Unused states in tlLogic 'J10', program '0' in phase 0 after tl-index 10
Simulation......
总奖励:-6919.8195835004935, 速度奖励:-3425.0999999998785, 加速度奖励:-1373.2195835005534, 交通灯奖励:-1590.9000000003912, 与前车进行交互的惩罚:-530.5999999999954
Episode:51/100, Reward:-6919.8195835004935
Episode:51/100, avg speed:12.553685466451803
Episode:51/100, avg halt num:0.08747980613893376
Episode:51/100, avg elec cons:0.9173804956564833
 Retrying in 1 seconds
Warning: Unused states in tlLogic 'J10', program '0' in phase 0 after tl-index 10
Simulation......
总奖励:-8156.365568783146, 速度奖励:-4011.6499999999487, 加速度奖励:-1506.315568783208, 交通灯奖励:-1915.3000000007926, 与前车进行交互的惩罚:-723.1000000000079
Episode:52/100, Reward:-8156.365568783146
Episode:52/100, avg speed:11.45159998737345
Episode:52/100, avg halt num:0.10572183098591549
Episode:52/100, avg elec cons:0.5786317814481258
 Retrying in 1 seconds
Warning: Unused states in tlLogic 'J10', program '0' in phase 0 after tl-index 10
Simulation......
总奖励:-5665.462561643154, 速度奖励:-3415.5999999999594, 加速度奖励:-1211.8625616431616, 交通灯奖励:-629.8999999999072, 与前车进行交互的惩罚:-408.0999999999958
Episode:53/100, Reward:-5665.462561643154
Episode:53/100, avg speed:11.92540495948527
Episode:53/100, avg halt num:0.015966247518199868
Episode:53/100, avg elec cons:0.8089267236627253
 Retrying in 1 seconds
Warning: Unused states in tlLogic 'J10', program '0' in phase 0 after tl-index 10
Simulation......
总奖励:-5519.124621573518, 速度奖励:-3106.8499999999376, 加速度奖励:-1479.4746215735202, 交通灯奖励:-571.5999999998952, 与前车进行交互的惩罚:-361.1999999999966
Episode:54/100, Reward:-5519.124621573518
Episode:54/100, avg speed:12.43529636344177
Episode:54/100, avg halt num:0.01730164278224397
Episode:54/100, avg elec cons:1.2209599794288253
 Retrying in 1 seconds
Warning: Unused states in tlLogic 'J10', program '0' in phase 0 after tl-index 10
Simulation......
总奖励:-5310.907365185412, 速度奖励:-2921.399999999934, 加速度奖励:-1355.5073651854361, 交通灯奖励:-614.6999999998419, 与前车进行交互的惩罚:-419.29999999999563
Episode:55/100, Reward:-5310.907365185412
Episode:55/100, avg speed:12.305039903624596
Episode:55/100, avg halt num:0.01838928706148623
Episode:55/100, avg elec cons:1.3152724115358783
 Retrying in 1 seconds
Warning: Unused states in tlLogic 'J10', program '0' in phase 0 after tl-index 10
Simulation......
总奖励:-6228.328841690938, 速度奖励:-3180.0499999999206, 加速度奖励:-1732.6788416909317, 交通灯奖励:-876.6999999997923, 与前车进行交互的惩罚:-438.8999999999953
Episode:56/100, Reward:-6228.328841690938
Episode:56/100, avg speed:12.317314015769153
Episode:56/100, avg halt num:0.022808908045977013
Episode:56/100, avg elec cons:1.0647814238542872
 Retrying in 1 seconds
Warning: Unused states in tlLogic 'J10', program '0' in phase 0 after tl-index 10
Simulation......
总奖励:-5847.682751185186, 速度奖励:-3018.749999999952, 加速度奖励:-2014.2327511851656, 交通灯奖励:-317.6999999999391, 与前车进行交互的惩罚:-496.9999999999944
Episode:57/100, Reward:-5847.682751185186
Episode:57/100, avg speed:11.715482728899977
Episode:57/100, avg halt num:0.0051937674790251695
Episode:57/100, avg elec cons:1.1381815066184426
 Retrying in 1 seconds
Warning: Unused states in tlLogic 'J10', program '0' in phase 0 after tl-index 10
Simulation......
总奖励:-7203.745867245706, 速度奖励:-3561.249999999956, 加速度奖励:-2147.2958672457517, 交通灯奖励:-832.9999999997926, 与前车进行交互的惩罚:-662.2000000000039
Episode:58/100, Reward:-7203.745867245706
Episode:58/100, avg speed:10.981701768911158
Episode:58/100, avg halt num:0.03542392566782811
Episode:58/100, avg elec cons:0.9780263685550791
 Retrying in 1 seconds
Warning: Unused states in tlLogic 'J10', program '0' in phase 0 after tl-index 10
Simulation......
总奖励:-6868.798221424878, 速度奖励:-3510.6999999999507, 加速度奖励:-1922.498221424882, 交通灯奖励:-949.0999999998545, 与前车进行交互的惩罚:-486.49999999999454
Episode:59/100, Reward:-6868.798221424878
Episode:59/100, avg speed:11.637580938175834
Episode:59/100, avg halt num:0.02744473585612589
Episode:59/100, avg elec cons:0.9791094222738232
 Retrying in 1 seconds
Warning: Unused states in tlLogic 'J10', program '0' in phase 0 after tl-index 10
Simulation......
总奖励:-6101.225010918712, 速度奖励:-3494.4999999999427, 加速度奖励:-1547.02501091874, 交通灯奖励:-736.9999999998141, 与前车进行交互的惩罚:-322.6999999999972
Episode:60/100, Reward:-6101.225010918712
Episode:60/100, avg speed:12.277311061529188
Episode:60/100, avg halt num:0.014630225080385853
Episode:60/100, avg elec cons:0.7484293376270253
 Retrying in 1 seconds
Warning: Unused states in tlLogic 'J10', program '0' in phase 0 after tl-index 10
Simulation......
总奖励:-8977.261676704902, 速度奖励:-4291.899999999935, 加速度奖励:-1670.5616767051279, 交通灯奖励:-2217.5000000008695, 与前车进行交互的惩罚:-797.3000000000127
Episode:61/100, Reward:-8977.261676704902
Episode:61/100, avg speed:10.244970833446029
Episode:61/100, avg halt num:0.16248574686431014
Episode:61/100, avg elec cons:0.6759704951038774
 Retrying in 1 seconds
Warning: Unused states in tlLogic 'J10', program '0' in phase 0 after tl-index 10
Simulation......
总奖励:-6712.315418491754, 速度奖励:-4021.0499999999374, 加速度奖励:-1141.8654184918278, 交通灯奖励:-957.8999999997689, 与前车进行交互的惩罚:-591.4999999999993
Episode:62/100, Reward:-6712.315418491754
Episode:62/100, avg speed:11.135516965986218
Episode:62/100, avg halt num:0.07500838082467315
Episode:62/100, avg elec cons:0.6552499238346012
 Retrying in 1 seconds
Warning: Unused states in tlLogic 'J10', program '0' in phase 0 after tl-index 10
Simulation......
总奖励:-6357.476327256776, 速度奖励:-3730.0999999999513, 加速度奖励:-1124.0763272568106, 交通灯奖励:-829.8999999998425, 与前车进行交互的惩罚:-673.4000000000046
Episode:63/100, Reward:-6357.476327256776
Episode:63/100, avg speed:11.933384001980132
Episode:63/100, avg halt num:0.036659046374918354
Episode:63/100, avg elec cons:0.7695682861525357
 Retrying in 1 seconds
Warning: Unused states in tlLogic 'J10', program '0' in phase 0 after tl-index 10
Simulation......
总奖励:-4991.833225165255, 速度奖励:-2742.4499999999134, 加速度奖励:-1245.5832251652614, 交通灯奖励:-611.0999999998639, 与前车进行交互的惩罚:-392.69999999999607
Episode:64/100, Reward:-4991.833225165255
Episode:64/100, avg speed:12.610294591339763
Episode:64/100, avg halt num:0.0037064492216456633
Episode:64/100, avg elec cons:1.717717902874588
 Retrying in 1 seconds
Warning: Unused states in tlLogic 'J10', program '0' in phase 0 after tl-index 10
Simulation......
总奖励:-4791.4353620026795, 速度奖励:-2837.8999999999724, 加速度奖励:-1096.7353620026674, 交通灯奖励:-548.7999999998816, 与前车进行交互的惩罚:-307.99999999999744
Episode:65/100, Reward:-4791.4353620026795
Episode:65/100, avg speed:12.970308457276065
Episode:65/100, avg halt num:0.004812834224598931
Episode:65/100, avg elec cons:1.420042154236424
 Retrying in 1 seconds
Warning: Unused states in tlLogic 'J10', program '0' in phase 0 after tl-index 10
Simulation......
总奖励:-5179.773902689236, 速度奖励:-3020.7999999999547, 加速度奖励:-1246.3739026892176, 交通灯奖励:-592.6999999998653, 与前车进行交互的惩罚:-319.89999999999725
Episode:66/100, Reward:-5179.773902689236
Episode:66/100, avg speed:13.363818398344991
Episode:66/100, avg halt num:0.0038790373654211526
Episode:66/100, avg elec cons:1.1211485804268846
 Retrying in 1 seconds
Warning: Unused states in tlLogic 'J10', program '0' in phase 0 after tl-index 10
Simulation......
总奖励:-4647.710766545782, 速度奖励:-2871.9499999999553, 加速度奖励:-1056.8607665457982, 交通灯奖励:-410.1999999999026, 与前车进行交互的惩罚:-308.69999999999743
Episode:67/100, Reward:-4647.710766545782
Episode:67/100, avg speed:13.510329218101164
Episode:67/100, avg halt num:0.006276491685686339
Episode:67/100, avg elec cons:1.193340120550293
 Retrying in 1 seconds
Warning: Unused states in tlLogic 'J10', program '0' in phase 0 after tl-index 10
Simulation......
总奖励:-4387.023480914608, 速度奖励:-2474.699999999969, 加速度奖励:-1136.2234809145887, 交通灯奖励:-479.999999999946, 与前车进行交互的惩罚:-296.09999999999764
Episode:68/100, Reward:-4387.023480914608
Episode:68/100, avg speed:13.530031805690722
Episode:68/100, avg halt num:0.010822510822510822
Episode:68/100, avg elec cons:1.2870333749433707
 Retrying in 1 seconds
Warning: Unused states in tlLogic 'J10', program '0' in phase 0 after tl-index 10
Simulation......
总奖励:-6813.498527700902, 速度奖励:-3300.9499999999575, 加速度奖励:-1718.7485277009969, 交通灯奖励:-1476.700000000138, 与前车进行交互的惩罚:-317.0999999999973
Episode:69/100, Reward:-6813.498527700902
Episode:69/100, avg speed:12.002852138252948
Episode:69/100, avg halt num:0.0817350913994606
Episode:69/100, avg elec cons:0.8830468020255748
 Retrying in 1 seconds
Warning: Unused states in tlLogic 'J10', program '0' in phase 0 after tl-index 10
Simulation......
总奖励:-8879.923596032146, 速度奖励:-4333.899999999947, 加速度奖励:-1867.5235960325192, 交通灯奖励:-2095.400000000927, 与前车进行交互的惩罚:-583.0999999999988
Episode:70/100, Reward:-8879.923596032146
Episode:70/100, avg speed:10.4434286806048
Episode:70/100, avg halt num:0.17732007575757575
Episode:70/100, avg elec cons:0.5040759749181046
 Retrying in 1 seconds
Warning: Unused states in tlLogic 'J10', program '0' in phase 0 after tl-index 10
Simulation......
总奖励:-7689.415959656949, 速度奖励:-3939.7999999999192, 加速度奖励:-1496.1159596570365, 交通灯奖励:-1673.200000000646, 与前车进行交互的惩罚:-580.2999999999986
Episode:71/100, Reward:-7689.415959656949
Episode:71/100, avg speed:11.32466743980161
Episode:71/100, avg halt num:0.10661881977671452
Episode:71/100, avg elec cons:0.5681912982022168
 Retrying in 1 seconds
Warning: Unused states in tlLogic 'J10', program '0' in phase 0 after tl-index 10
Simulation......
总奖励:-7310.87819469686, 速度奖励:-4000.8499999999403, 加速度奖励:-1459.3281946970108, 交通灯奖励:-1309.6000000002377, 与前车进行交互的惩罚:-541.099999999996
Episode:72/100, Reward:-7310.87819469686
Episode:72/100, avg speed:10.280762654483482
Episode:72/100, avg halt num:0.1408204562178072
Episode:72/100, avg elec cons:0.7700707246105776
 Retrying in 1 seconds
Warning: Unused states in tlLogic 'J10', program '0' in phase 0 after tl-index 10
Simulation......
总奖励:-9417.454066628261, 速度奖励:-4506.299999999955, 加速度奖励:-1821.554066628603, 交通灯奖励:-2361.600000000864, 与前车进行交互的惩罚:-728.0000000000082
Episode:73/100, Reward:-9417.454066628261
Episode:73/100, avg speed:10.629357591129269
Episode:73/100, avg halt num:0.17580831408775982
Episode:73/100, avg elec cons:0.47617482193204136
 Retrying in 1 seconds
Warning: Unused states in tlLogic 'J10', program '0' in phase 0 after tl-index 10
Simulation......
总奖励:-9327.156964480493, 速度奖励:-4116.849999999954, 加速度奖励:-1853.4069644807896, 交通灯奖励:-2283.8000000005413, 与前车进行交互的惩罚:-1073.1000000000306
Episode:74/100, Reward:-9327.156964480493
Episode:74/100, avg speed:11.721750922815684
Episode:74/100, avg halt num:0.17159468438538206
Episode:74/100, avg elec cons:0.6112324653556002
 Retrying in 1 seconds
Warning: Unused states in tlLogic 'J10', program '0' in phase 0 after tl-index 10
Simulation......
总奖励:-6569.644258337932, 速度奖励:-3816.499999999959, 加速度奖励:-1200.8442583378944, 交通灯奖励:-1062.999999999864, 与前车进行交互的惩罚:-489.2999999999945
Episode:75/100, Reward:-6569.644258337932
Episode:75/100, avg speed:11.936307744097297
Episode:75/100, avg halt num:0.06431568754034861
Episode:75/100, avg elec cons:0.6362902081301922
 Retrying in 1 seconds
Warning: Unused states in tlLogic 'J10', program '0' in phase 0 after tl-index 10
Simulation......
总奖励:-6599.5265635735195, 速度奖励:-3640.6999999999425, 加速度奖励:-1144.226563573546, 交通灯奖励:-1301.5000000003745, 与前车进行交互的惩罚:-513.0999999999942
Episode:76/100, Reward:-6599.5265635735195
Episode:76/100, avg speed:11.341903682495559
Episode:76/100, avg halt num:0.07000780031201248
Episode:76/100, avg elec cons:0.8172716817287143
 Retrying in 1 seconds
Warning: Unused states in tlLogic 'J10', program '0' in phase 0 after tl-index 10
Simulation......
总奖励:-6849.5448685421725, 速度奖励:-3885.099999999959, 加速度奖励:-1117.744868542274, 交通灯奖励:-1275.5000000001967, 与前车进行交互的惩罚:-571.199999999998
Episode:77/100, Reward:-6849.5448685421725
Episode:77/100, avg speed:11.347647721831914
Episode:77/100, avg halt num:0.11372324159021406
Episode:77/100, avg elec cons:0.6834709939610653
 Retrying in 1 seconds
Warning: Unused states in tlLogic 'J10', program '0' in phase 0 after tl-index 10
Simulation......
总奖励:-6948.19077251256, 速度奖励:-3891.099999999956, 加速度奖励:-1051.8907725125327, 交通灯奖励:-1504.7000000003923, 与前车进行交互的惩罚:-500.4999999999943
Episode:78/100, Reward:-6948.19077251256
Episode:78/100, avg speed:10.915212553549043
Episode:78/100, avg halt num:0.08852985638699924
Episode:78/100, avg elec cons:0.6127027433674378
 Retrying in 1 seconds
Warning: Unused states in tlLogic 'J10', program '0' in phase 0 after tl-index 10
Simulation......
总奖励:-6335.442619214736, 速度奖励:-3791.2999999999474, 加速度奖励:-944.342619214705, 交通灯奖励:-1059.39999999986, 与前车进行交互的惩罚:-540.399999999996
Episode:79/100, Reward:-6335.442619214736
Episode:79/100, avg speed:11.149952324398976
Episode:79/100, avg halt num:0.015377358490566038
Episode:79/100, avg elec cons:0.8029790539483718
 Retrying in 1 seconds
Warning: Unused states in tlLogic 'J10', program '0' in phase 0 after tl-index 10
Simulation......
总奖励:-4858.768498722249, 速度奖励:-2635.9499999999953, 加速度奖励:-1170.4184987223032, 交通灯奖励:-754.1999999998411, 与前车进行交互的惩罚:-298.1999999999976
Episode:80/100, Reward:-4858.768498722249
Episode:80/100, avg speed:13.067385371618602
Episode:80/100, avg halt num:0.008565310492505354
Episode:80/100, avg elec cons:1.9763888618630197
 Retrying in 1 seconds
Warning: Unused states in tlLogic 'J10', program '0' in phase 0 after tl-index 10
Simulation......
总奖励:-5014.567994281779, 速度奖励:-2624.799999999973, 加速度奖励:-1107.5679942817687, 交通灯奖励:-981.1999999997939, 与前车进行交互的惩罚:-300.99999999999756
Episode:81/100, Reward:-5014.567994281779
Episode:81/100, avg speed:13.369120340529156
Episode:81/100, avg halt num:0.013433934486566065
Episode:81/100, avg elec cons:1.664053040395278
 Retrying in 1 seconds
Warning: Unused states in tlLogic 'J10', program '0' in phase 0 after tl-index 10
Simulation......
总奖励:-5387.450032093452, 速度奖励:-2947.399999999935, 加速度奖励:-1000.1500320934322, 交通灯奖励:-1029.6999999998652, 与前车进行交互的惩罚:-410.1999999999958
Episode:82/100, Reward:-5387.450032093452
Episode:82/100, avg speed:12.767359387272501
Episode:82/100, avg halt num:0.018314296967309966
Episode:82/100, avg elec cons:1.5825188958893865
 Retrying in 1 seconds
Warning: Unused states in tlLogic 'J10', program '0' in phase 0 after tl-index 10
Simulation......
总奖励:-5332.293071755224, 速度奖励:-2975.3999999999482, 加速度奖励:-1272.193071755231, 交通灯奖励:-627.5999999998386, 与前车进行交互的惩罚:-457.099999999995
Episode:83/100, Reward:-5332.293071755224
Episode:83/100, avg speed:12.828255055969846
Episode:83/100, avg halt num:0.009032038173142468
Episode:83/100, avg elec cons:1.2184225718569375
 Retrying in 1 seconds
Warning: Unused states in tlLogic 'J10', program '0' in phase 0 after tl-index 10
Simulation......
总奖励:-5788.238714180664, 速度奖励:-3094.3499999999776, 加速度奖励:-1494.2887141806575, 交通灯奖励:-650.0999999998239, 与前车进行交互的惩罚:-549.4999999999966
Episode:84/100, Reward:-5788.238714180664
Episode:84/100, avg speed:12.10258706937499
Episode:84/100, avg halt num:0.011082777559827383
Episode:84/100, avg elec cons:1.3926007518207348
 Retrying in 1 seconds
Warning: Unused states in tlLogic 'J10', program '0' in phase 0 after tl-index 10
Simulation......
总奖励:-6420.457986372599, 速度奖励:-3404.449999999956, 加速度奖励:-1425.0079863726169, 交通灯奖励:-1038.6999999997847, 与前车进行交互的惩罚:-552.2999999999968
Episode:85/100, Reward:-6420.457986372599
Episode:85/100, avg speed:12.82116282018292
Episode:85/100, avg halt num:0.018762343647136272
Episode:85/100, avg elec cons:0.9839477565268494
 Retrying in 1 seconds
Warning: Unused states in tlLogic 'J10', program '0' in phase 0 after tl-index 10
Simulation......
总奖励:-5826.291887325959, 速度奖励:-3058.5499999999474, 加速度奖励:-1353.9418873259658, 交通灯奖励:-913.2999999998074, 与前车进行交互的惩罚:-500.4999999999943
Episode:86/100, Reward:-5826.291887325959
Episode:86/100, avg speed:13.312321669956958
Episode:86/100, avg halt num:0.017982322462663822
Episode:86/100, avg elec cons:1.1482263016816467
 Retrying in 1 seconds
Warning: Unused states in tlLogic 'J10', program '0' in phase 0 after tl-index 10
Simulation......
总奖励:-6807.229429086425, 速度奖励:-3534.0499999999583, 加速度奖励:-1389.279429086429, 交通灯奖励:-1320.4000000002798, 与前车进行交互的惩罚:-563.4999999999975
Episode:87/100, Reward:-6807.229429086425
Episode:87/100, avg speed:11.737681558367756
Episode:87/100, avg halt num:0.03730580539656582
Episode:87/100, avg elec cons:1.3003390126407735
 Retrying in 1 seconds
Warning: Unused states in tlLogic 'J10', program '0' in phase 0 after tl-index 10
Simulation......
总奖励:-7094.972835012738, 速度奖励:-3653.899999999935, 加速度奖励:-1488.3728350127728, 交通灯奖励:-1415.8000000003217, 与前车进行交互的惩罚:-536.8999999999958
Episode:88/100, Reward:-7094.972835012738
Episode:88/100, avg speed:12.378079905241458
Episode:88/100, avg halt num:0.03377695417789758
Episode:88/100, avg elec cons:1.0026922913238958
 Retrying in 1 seconds
Warning: Unused states in tlLogic 'J10', program '0' in phase 0 after tl-index 10
Simulation......
总奖励:-6109.623324910825, 速度奖励:-3120.5999999999403, 加速度奖励:-1393.2233249108517, 交通灯奖励:-1154.1000000000467, 与前车进行交互的惩罚:-441.69999999999527
Episode:89/100, Reward:-6109.623324910825
Episode:89/100, avg speed:12.698340573314498
Episode:89/100, avg halt num:0.03317669172932331
Episode:89/100, avg elec cons:1.5241915567739706
 Retrying in 1 seconds
Warning: Unused states in tlLogic 'J10', program '0' in phase 0 after tl-index 10
Simulation......
总奖励:-9478.220352974982, 速度奖励:-4051.599999999953, 加速度奖励:-2133.620352975343, 交通灯奖励:-2335.400000000528, 与前车进行交互的惩罚:-957.6000000000231
Episode:90/100, Reward:-9478.220352974982
Episode:90/100, avg speed:10.710918790857702
Episode:90/100, avg halt num:0.17786069651741293
Episode:90/100, avg elec cons:0.8506535798916798
 Retrying in 1 seconds
Warning: Unused states in tlLogic 'J10', program '0' in phase 0 after tl-index 10
Simulation......
总奖励:-7484.651901498006, 速度奖励:-3651.5999999999594, 加速度奖励:-1732.7519014979907, 交通灯奖励:-1587.9000000005976, 与前车进行交互的惩罚:-512.3999999999942
Episode:91/100, Reward:-7484.651901498006
Episode:91/100, avg speed:10.855400970839186
Episode:91/100, avg halt num:0.02658155487804878
Episode:91/100, avg elec cons:1.296599930478755
 Retrying in 1 seconds
Warning: Unused states in tlLogic 'J10', program '0' in phase 0 after tl-index 10
Simulation......
总奖励:-6926.088595709271, 速度奖励:-3540.9999999999745, 加速度奖励:-1443.6885957092345, 交通灯奖励:-1347.8000000003492, 与前车进行交互的惩罚:-593.5999999999995
Episode:92/100, Reward:-6926.088595709271
Episode:92/100, avg speed:11.497505703091282
Episode:92/100, avg halt num:0.06813944817300523
Episode:92/100, avg elec cons:1.0178379132789983
 Retrying in 1 seconds
Warning: Unused states in tlLogic 'J10', program '0' in phase 0 after tl-index 10
Simulation......
总奖励:-8252.039310166856, 速度奖励:-3615.049999999954, 加速度奖励:-1908.789310166889, 交通灯奖励:-1964.5000000005757, 与前车进行交互的惩罚:-763.7000000000105
Episode:93/100, Reward:-8252.039310166856
Episode:93/100, avg speed:11.44412049437354
Episode:93/100, avg halt num:0.02322567783094099
Episode:93/100, avg elec cons:1.2831189372149057
 Retrying in 1 seconds
Warning: Unused states in tlLogic 'J10', program '0' in phase 0 after tl-index 10
Simulation......
总奖励:-20667.758418176898, 速度奖励:-6520.099999999946, 加速度奖励:-3810.258418176877, 交通灯奖励:-8326.299999996387, 与前车进行交互的惩罚:-2011.1000000000915
Episode:94/100, Reward:-20667.758418176898
Episode:94/100, avg speed:9.06197807802957
Episode:94/100, avg halt num:0.4447910168434186
Episode:94/100, avg elec cons:0.3948379683301835
 Retrying in 1 seconds
Warning: Unused states in tlLogic 'J10', program '0' in phase 0 after tl-index 10
Simulation......
总奖励:-39521.41657489039, 速度奖励:-8877.300000000014, 加速度奖励:-6984.716574885837, 交通灯奖励:-19686.90000000342, 与前车进行交互的惩罚:-3972.499999999594
Episode:95/100, Reward:-39521.41657489039
Episode:95/100, avg speed:7.156657936644878
Episode:95/100, avg halt num:0.752086230876217
Episode:95/100, avg elec cons:0.4030356996950624
 Retrying in 1 seconds
Warning: Unused states in tlLogic 'J10', program '0' in phase 0 after tl-index 10
Simulation......
总奖励:-24593.770259181114, 速度奖励:-6551.449999999946, 加速度奖励:-4660.82025917959, 交通灯奖励:-11229.699999995688, 与前车进行交互的惩罚:-2151.800000000067
Episode:96/100, Reward:-24593.770259181114
Episode:96/100, avg speed:7.946636550844549
Episode:96/100, avg halt num:0.48007177937287493
Episode:96/100, avg elec cons:0.49421825076504106
 Retrying in 1 seconds
Warning: Unused states in tlLogic 'J10', program '0' in phase 0 after tl-index 10
Simulation......
总奖励:-19001.83027711068, 速度奖励:-5969.999999999937, 加速度奖励:-3660.5302771105644, 交通灯奖励:-7740.2999999959875, 与前车进行交互的惩罚:-1631.0000000000668
Episode:97/100, Reward:-19001.83027711068
Episode:97/100, avg speed:9.402776409773608
Episode:97/100, avg halt num:0.353204172876304
Episode:97/100, avg elec cons:0.4302705979437601
 Retrying in 1 seconds
Warning: Unused states in tlLogic 'J10', program '0' in phase 0 after tl-index 10
Simulation......
总奖励:-7025.437193850453, 速度奖励:-3909.0999999999403, 加速度奖励:-1269.7371938504662, 交通灯奖励:-1425.2000000003902, 与前车进行交互的惩罚:-421.3999999999956
Episode:98/100, Reward:-7025.437193850453
Episode:98/100, avg speed:10.286934140155834
Episode:98/100, avg halt num:0.08025291828793775
Episode:98/100, avg elec cons:0.7575938947776537
 Retrying in 1 seconds
Warning: Unused states in tlLogic 'J10', program '0' in phase 0 after tl-index 10
Simulation......
总奖励:-4728.827467180299, 速度奖励:-2828.899999999974, 加速度奖励:-1220.8274671803297, 交通灯奖励:-371.7999999999593, 与前车进行交互的惩罚:-307.29999999999745
Episode:99/100, Reward:-4728.827467180299
Episode:99/100, avg speed:13.230327089198436
Episode:99/100, avg halt num:0.002267178235088943
Episode:99/100, avg elec cons:1.5109763419778017
 Retrying in 1 seconds
Warning: Unused states in tlLogic 'J10', program '0' in phase 0 after tl-index 10
Simulation......
总奖励:-4938.408999510427, 速度奖励:-2453.2499999999927, 加速度奖励:-1437.758999510413, 交通灯奖励:-599.3999999998449, 与前车进行交互的惩罚:-447.99999999999517
Episode:100/100, Reward:-4938.408999510427
Episode:100/100, avg speed:14.296409358647706
Episode:100/100, avg halt num:0.0016926201760324984
Episode:100/100, avg elec cons:1.4279359249524852
model saved successfully!
Complete training!
final reward list:[-55231.800057970286, -67328.39986488037, -22661.911109227625, -22352.07287504211, -12489.518424364274, -13349.311255694216, -9157.569530633544, -9042.750034371176, -7979.92250100496, -8039.130559374325, -7506.232851173654, -8165.738555701829, -7817.195267731305, -7837.996695588231, -8275.774107482248, -8252.401394831195, -8163.183569427794, -8181.323352325173, -9420.167173464597, -9717.237564217836, -9990.178996068524, -8209.610738226842, -7893.218501216056, -7628.182530132432, -7458.760607151835, -11973.62091978832, -8688.625444273846, -7257.4037569425245, -6864.4106239374605, -7307.154660828579, -7773.442577477114, -7368.746234940433, -6772.467937881389, -8419.149390782512, -7066.74055590266, -8267.077682039298, -9192.536535028492, -6743.7463577834105, -21131.961495022802, -6442.902996585827, -7205.781661730822, -9334.037182263686, -9566.200722677506, -7592.644110777358, -6773.067528474527, -7189.033619574985, -8353.198196693844, -6515.422230808091, -6923.456515096397, -7494.674760401786, -6919.8195835004935, -8156.365568783146, -5665.462561643154, -5519.124621573518, -5310.907365185412, -6228.328841690938, -5847.682751185186, -7203.745867245706, -6868.798221424878, -6101.225010918712, -8977.261676704902, -6712.315418491754, -6357.476327256776, -4991.833225165255, -4791.4353620026795, -5179.773902689236, -4647.710766545782, -4387.023480914608, -6813.498527700902, -8879.923596032146, -7689.415959656949, -7310.87819469686, -9417.454066628261, -9327.156964480493, -6569.644258337932, -6599.5265635735195, -6849.5448685421725, -6948.19077251256, -6335.442619214736, -4858.768498722249, -5014.567994281779, -5387.450032093452, -5332.293071755224, -5788.238714180664, -6420.457986372599, -5826.291887325959, -6807.229429086425, -7094.972835012738, -6109.623324910825, -9478.220352974982, -7484.651901498006, -6926.088595709271, -8252.039310166856, -20667.758418176898, -39521.41657489039, -24593.770259181114, -19001.83027711068, -7025.437193850453, -4728.827467180299, -4938.408999510427]
final speed list:[10.06294466437934, 9.379069696992445, 13.81260109525933, 12.854613514410667, 15.056922190210068, 13.383943679948363, 14.625279565593193, 14.306945093701326, 14.357131853790168, 14.00296898928133, 14.644805808020685, 14.302216398291039, 14.346491000338364, 13.942270407697274, 13.917025697265272, 13.76649248515473, 13.96243930613424, 12.792776358368869, 13.076721454732144, 13.317169182916116, 12.681989373911719, 13.062223487798985, 13.486224383276715, 13.684860879495531, 13.349125053611514, 11.182131839987504, 11.55370781382018, 11.78971867662903, 12.191178675410548, 13.164122533041871, 12.424916327410509, 12.120378823283062, 13.14271889996585, 11.95088256299743, 12.577173743206181, 11.855292585092922, 10.977437774390644, 12.364707974855717, 9.247325178594922, 12.573259577799996, 12.31011477620284, 11.650222599991222, 11.521022383756678, 12.734505791319897, 11.97456661658899, 12.624539708545077, 11.872664894991702, 12.14854345230385, 12.433206094886733, 11.642186896616437, 12.553685466451803, 11.45159998737345, 11.92540495948527, 12.43529636344177, 12.305039903624596, 12.317314015769153, 11.715482728899977, 10.981701768911158, 11.637580938175834, 12.277311061529188, 10.244970833446029, 11.135516965986218, 11.933384001980132, 12.610294591339763, 12.970308457276065, 13.363818398344991, 13.510329218101164, 13.530031805690722, 12.002852138252948, 10.4434286806048, 11.32466743980161, 10.280762654483482, 10.629357591129269, 11.721750922815684, 11.936307744097297, 11.341903682495559, 11.347647721831914, 10.915212553549043, 11.149952324398976, 13.067385371618602, 13.369120340529156, 12.767359387272501, 12.828255055969846, 12.10258706937499, 12.82116282018292, 13.312321669956958, 11.737681558367756, 12.378079905241458, 12.698340573314498, 10.710918790857702, 10.855400970839186, 11.497505703091282, 11.44412049437354, 9.06197807802957, 7.156657936644878, 7.946636550844549, 9.402776409773608, 10.286934140155834, 13.230327089198436, 14.296409358647706]
final elec cons list:[0.513552889594596, 0.5793193810345086, 1.8852919494277707, 2.1747180323657855, 2.6143060747585554, 1.7373315177581077, 2.4836221229271342, 2.2964575770238804, 2.4392303274526874, 2.483719251996642, 2.33731428351836, 2.463249477357938, 2.3317667698889886, 2.572039173888115, 2.4703213737707745, 2.630938348455343, 2.346087282618886, 2.5586733440116607, 2.1752751879206036, 2.2702689259054, 2.492201841019931, 2.5301470598983267, 2.2259894807214997, 2.3740253868657937, 1.8501987507742512, 0.9747540593481833, 0.8623826660629914, 1.9007224917231038, 1.7674206392551894, 1.8309470747994856, 1.32175484740431, 1.436959236205616, 1.9420511571366734, 0.8040041657704551, 1.090264814491408, 0.8578589399121993, 1.7311736135002709, 1.6329644644031125, 0.41165046162843966, 1.6168984208471, 1.0168247933785062, 1.6931086738235166, 1.549869395898262, 1.6505407790324285, 1.0442567122684319, 0.79216461333247, 0.9205494937030573, 1.3716850395798819, 0.8120734104407304, 0.8174418154837874, 0.9173804956564833, 0.5786317814481258, 0.8089267236627253, 1.2209599794288253, 1.3152724115358783, 1.0647814238542872, 1.1381815066184426, 0.9780263685550791, 0.9791094222738232, 0.7484293376270253, 0.6759704951038774, 0.6552499238346012, 0.7695682861525357, 1.717717902874588, 1.420042154236424, 1.1211485804268846, 1.193340120550293, 1.2870333749433707, 0.8830468020255748, 0.5040759749181046, 0.5681912982022168, 0.7700707246105776, 0.47617482193204136, 0.6112324653556002, 0.6362902081301922, 0.8172716817287143, 0.6834709939610653, 0.6127027433674378, 0.8029790539483718, 1.9763888618630197, 1.664053040395278, 1.5825188958893865, 1.2184225718569375, 1.3926007518207348, 0.9839477565268494, 1.1482263016816467, 1.3003390126407735, 1.0026922913238958, 1.5241915567739706, 0.8506535798916798, 1.296599930478755, 1.0178379132789983, 1.2831189372149057, 0.3948379683301835, 0.4030356996950624, 0.49421825076504106, 0.4302705979437601, 0.7575938947776537, 1.5109763419778017, 1.4279359249524852]
final halt list:[1.0890945243193637, 1.3754074315514992, 0.2668355671788166, 0.2573389248951582, 0.20145044319097502, 0.17779530318962494, 0.12256742915670878, 0.10862068965517241, 0.10323261858349578, 0.11719022687609075, 0.09361525704809287, 0.09003407155025554, 0.06874412777951769, 0.09618092221048927, 0.09121870397643593, 0.0858843537414966, 0.08729338842975207, 0.1285310734463277, 0.09574468085106383, 0.055711920529801326, 0.045707167497125334, 0.021979049756827535, 0.016666666666666666, 0.014166393711103833, 0.021967925158703643, 0.08792792792792793, 0.04857094249744811, 0.012539494470774092, 0.03865979381443299, 0.014831961591220851, 0.06655381325730578, 0.021775389177168272, 0.01601811472660181, 0.1076923076923077, 0.030433225921947728, 0.043310463121783875, 0.029610655737704918, 0.07977528089887641, 0.3808843308675185, 0.010893050054015124, 0.07804962095106822, 0.06799321010939269, 0.11881472957422325, 0.04261782032400589, 0.03619431643625192, 0.03997441637352095, 0.07536557930258718, 0.03401295731707317, 0.03301742586365026, 0.10401213755900203, 0.08747980613893376, 0.10572183098591549, 0.015966247518199868, 0.01730164278224397, 0.01838928706148623, 0.022808908045977013, 0.0051937674790251695, 0.03542392566782811, 0.02744473585612589, 0.014630225080385853, 0.16248574686431014, 0.07500838082467315, 0.036659046374918354, 0.0037064492216456633, 0.004812834224598931, 0.0038790373654211526, 0.006276491685686339, 0.010822510822510822, 0.0817350913994606, 0.17732007575757575, 0.10661881977671452, 0.1408204562178072, 0.17580831408775982, 0.17159468438538206, 0.06431568754034861, 0.07000780031201248, 0.11372324159021406, 0.08852985638699924, 0.015377358490566038, 0.008565310492505354, 0.013433934486566065, 0.018314296967309966, 0.009032038173142468, 0.011082777559827383, 0.018762343647136272, 0.017982322462663822, 0.03730580539656582, 0.03377695417789758, 0.03317669172932331, 0.17786069651741293, 0.02658155487804878, 0.06813944817300523, 0.02322567783094099, 0.4447910168434186, 0.752086230876217, 0.48007177937287493, 0.353204172876304, 0.08025291828793775, 0.002267178235088943, 0.0016926201760324984]
speed reward list:[-10585.300000000112, -13275.750000000155, -3389.4499999999653, -3512.1999999999225, -2291.600000000015, -2751.649999999945, -2550.999999999997, -2555.549999999999, -2572.5499999999975, -2676.5999999999885, -2631.4499999999925, -2676.3499999999863, -2615.999999999991, -2674.1499999999874, -2810.799999999972, -2721.8999999999833, -2783.69999999998, -2774.0499999999756, -3000.2499999999764, -2921.399999999968, -3024.3999999999796, -2845.149999999981, -2903.349999999973, -2803.3499999999804, -2760.549999999963, -4156.949999999967, -3702.349999999949, -2924.299999999974, -2846.74999999995, -2778.6999999999744, -3089.3999999999683, -3177.399999999946, -2833.849999999966, -3691.1999999999352, -3191.5499999999647, -3434.149999999945, -3420.5999999999212, -2959.2499999999673, -6265.349999999957, -3032.4499999999607, -3300.8999999999724, -3474.999999999926, -3189.6499999999523, -2795.5999999999567, -3194.2499999999654, -3454.999999999942, -3476.7999999999283, -3065.4999999999663, -3376.5499999999583, -3722.2499999999527, -3425.0999999998785, -4011.6499999999487, -3415.5999999999594, -3106.8499999999376, -2921.399999999934, -3180.0499999999206, -3018.749999999952, -3561.249999999956, -3510.6999999999507, -3494.4999999999427, -4291.899999999935, -4021.0499999999374, -3730.0999999999513, -2742.4499999999134, -2837.8999999999724, -3020.7999999999547, -2871.9499999999553, -2474.699999999969, -3300.9499999999575, -4333.899999999947, -3939.7999999999192, -4000.8499999999403, -4506.299999999955, -4116.849999999954, -3816.499999999959, -3640.6999999999425, -3885.099999999959, -3891.099999999956, -3791.2999999999474, -2635.9499999999953, -2624.799999999973, -2947.399999999935, -2975.3999999999482, -3094.3499999999776, -3404.449999999956, -3058.5499999999474, -3534.0499999999583, -3653.899999999935, -3120.5999999999403, -4051.599999999953, -3651.5999999999594, -3540.9999999999745, -3615.049999999954, -6520.099999999946, -8877.300000000014, -6551.449999999946, -5969.999999999937, -3909.0999999999403, -2828.899999999974, -2453.2499999999927]
accel reward list:[-1592.900057964817, -1637.5498648785674, -5294.361109227072, -5907.572875041404, -2636.9184243648956, -2826.161255694823, -2647.4695306339777, -2860.900034371641, -2554.1725010052414, -2558.5305593746302, -2314.5828511738655, -2469.0885557021197, -2550.795267731499, -2618.046695588429, -2649.274107482451, -2608.301394831426, -2708.58356942799, -2721.6733523253415, -3159.2171734648928, -3547.0375642181025, -3501.1789960688334, -3212.5607382269313, -3239.8685012161664, -3231.43253013259, -3133.5106071518076, -3594.6709197885593, -3121.8754442738605, -2723.203756942523, -2579.2606239375154, -2807.2546608286234, -2809.2425774771755, -2524.5462349404447, -2481.2179378814685, -2706.5493907826262, -2471.290555902723, -3113.8276820393226, -3269.6365350285732, -2198.3963577835225, -3672.2114950220384, -1880.3529965859123, -2336.7816617308804, -3285.437182263728, -3436.050722677694, -2838.044110777427, -1930.417528474538, -2296.133619574963, -2881.398196693848, -2309.7222308081173, -1998.3065150964, -1658.9247604018933, -1373.2195835005534, -1506.315568783208, -1211.8625616431616, -1479.4746215735202, -1355.5073651854361, -1732.6788416909317, -2014.2327511851656, -2147.2958672457517, -1922.498221424882, -1547.02501091874, -1670.5616767051279, -1141.8654184918278, -1124.0763272568106, -1245.5832251652614, -1096.7353620026674, -1246.3739026892176, -1056.8607665457982, -1136.2234809145887, -1718.7485277009969, -1867.5235960325192, -1496.1159596570365, -1459.3281946970108, -1821.554066628603, -1853.4069644807896, -1200.8442583378944, -1144.226563573546, -1117.744868542274, -1051.8907725125327, -944.342619214705, -1170.4184987223032, -1107.5679942817687, -1000.1500320934322, -1272.193071755231, -1494.2887141806575, -1425.0079863726169, -1353.9418873259658, -1389.279429086429, -1488.3728350127728, -1393.2233249108517, -2133.620352975343, -1732.7519014979907, -1443.6885957092345, -1908.789310166889, -3810.258418176877, -6984.716574885837, -4660.82025917959, -3660.5302771105644, -1269.7371938504662, -1220.8274671803297, -1437.758999510413]
tls reward list:[-36786.500000017215, -45296.100000025945, -11220.099999998165, -10876.39999999816, -6240.099999999404, -6917.499999998848, -3114.200000000529, -2978.1000000005324, -2281.300000000364, -2241.900000000459, -1993.2000000004434, -2301.4000000004407, -2000.100000000381, -1881.5000000003852, -2034.5000000004939, -2055.6000000003546, -2013.6000000005213, -2046.5000000004652, -2262.5000000005016, -1914.600000000455, -2213.0000000005844, -1122.1999999998975, -895.9999999998408, -794.6999999997978, -901.0999999997903, -3202.8000000006873, -1391.200000000666, -1051.2999999998192, -708.9999999997907, -1045.6999999998206, -1208.3999999999107, -1124.2999999999006, -788.1999999998704, -1448.1000000003264, -869.0999999997908, -1093.299999999802, -1834.500000000714, -1143.7000000000153, -9105.599999996231, -1105.8999999998975, -1141.8000000000798, -2019.2000000006794, -2272.000000000633, -1459.9000000002243, -1052.6999999999143, -947.1999999998241, -1372.7000000002097, -781.0999999998361, -824.7999999997719, -1506.6000000004676, -1590.9000000003912, -1915.3000000007926, -629.8999999999072, -571.5999999998952, -614.6999999998419, -876.6999999997923, -317.6999999999391, -832.9999999997926, -949.0999999998545, -736.9999999998141, -2217.5000000008695, -957.8999999997689, -829.8999999998425, -611.0999999998639, -548.7999999998816, -592.6999999998653, -410.1999999999026, -479.999999999946, -1476.700000000138, -2095.400000000927, -1673.200000000646, -1309.6000000002377, -2361.600000000864, -2283.8000000005413, -1062.999999999864, -1301.5000000003745, -1275.5000000001967, -1504.7000000003923, -1059.39999999986, -754.1999999998411, -981.1999999997939, -1029.6999999998652, -627.5999999998386, -650.0999999998239, -1038.6999999997847, -913.2999999998074, -1320.4000000002798, -1415.8000000003217, -1154.1000000000467, -2335.400000000528, -1587.9000000005976, -1347.8000000003492, -1964.5000000005757, -8326.299999996387, -19686.90000000342, -11229.699999995688, -7740.2999999959875, -1425.2000000003902, -371.7999999999593, -599.3999999998449]
extra reward list:[-6267.099999998998, -7118.999999998777, -2757.9999999999095, -2055.900000000092, -1320.9000000000467, -854.0000000000164, -844.9000000000158, -648.200000000003, -571.899999999998, -562.0999999999974, -566.9999999999977, -718.9000000000076, -650.3000000000031, -664.300000000004, -781.2000000000116, -866.6000000000172, -657.3000000000036, -639.1000000000024, -998.2000000000257, -1334.2000000000476, -1251.6000000000422, -1029.7000000000278, -854.0000000000164, -798.7000000000128, -663.600000000004, -1019.2000000000271, -473.19999999999476, -558.5999999999972, -729.4000000000083, -675.5000000000048, -666.4000000000042, -542.4999999999961, -669.2000000000044, -573.2999999999981, -534.7999999999956, -625.8000000000015, -667.8000000000043, -442.39999999999526, -2088.8000000000834, -424.19999999999555, -426.2999999999955, -554.3999999999969, -668.5000000000043, -499.09999999999434, -595.6999999999996, -490.6999999999945, -622.3000000000013, -359.0999999999966, -723.8000000000079, -606.9000000000003, -530.5999999999954, -723.1000000000079, -408.0999999999958, -361.1999999999966, -419.29999999999563, -438.8999999999953, -496.9999999999944, -662.2000000000039, -486.49999999999454, -322.6999999999972, -797.3000000000127, -591.4999999999993, -673.4000000000046, -392.69999999999607, -307.99999999999744, -319.89999999999725, -308.69999999999743, -296.09999999999764, -317.0999999999973, -583.0999999999988, -580.2999999999986, -541.099999999996, -728.0000000000082, -1073.1000000000306, -489.2999999999945, -513.0999999999942, -571.199999999998, -500.4999999999943, -540.399999999996, -298.1999999999976, -300.99999999999756, -410.1999999999958, -457.099999999995, -549.4999999999966, -552.2999999999968, -500.4999999999943, -563.4999999999975, -536.8999999999958, -441.69999999999527, -957.6000000000231, -512.3999999999942, -593.5999999999995, -763.7000000000105, -2011.1000000000915, -3972.499999999594, -2151.800000000067, -1631.0000000000668, -421.3999999999956, -307.29999999999745, -447.99999999999517]
