nohup: 忽略输入
Env:sumo, Algorithm:TD3, Device:cuda
-----------------------------------------
models/reward_s5e-2(-5, 1)_a4e-2_t(-2_1.9).pth
-----------------------------------------
 Retrying in 1 seconds
Warning: Unused states in tlLogic 'J10', program '0' in phase 0 after tl-index 10
Simulation......
总奖励:805.1116573206881, 速度奖励:-3018.1499999999496, 加速度奖励:-711.2383426792711, 交通灯奖励:4534.500000000197, 与前车进行交互的惩罚:0.0
Episode:1/100, Reward:805.1116573206881
Episode:1/100, avg speed:14.437917980568516
Episode:1/100, avg halt num:0.3433744722312439
Episode:1/100, avg elec cons:1.762902998089894
 Retrying in 1 seconds
Warning: Unused states in tlLogic 'J10', program '0' in phase 0 after tl-index 10
Simulation......
总奖励:203.5167677497614, 速度奖励:-3542.549999999914, 加速度奖励:-681.333232250229, 交通灯奖励:4427.400000000408, 与前车进行交互的惩罚:0.0
Episode:2/100, Reward:203.5167677497614
Episode:2/100, avg speed:14.017458994774065
Episode:2/100, avg halt num:0.4596020761245675
Episode:2/100, avg elec cons:1.8991220424325361
 Retrying in 1 seconds
Warning: Unused states in tlLogic 'J10', program '0' in phase 0 after tl-index 10
Simulation......
总奖励:-420.5490197261305, 速度奖励:-2415.300000000003, 加速度奖励:-829.4490197260644, 交通灯奖励:2824.2000000002845, 与前车进行交互的惩罚:0.0
Episode:3/100, Reward:-420.5490197261305
Episode:3/100, avg speed:15.65734035586305
Episode:3/100, avg halt num:0.2687152664269369
Episode:3/100, avg elec cons:2.0398873198969207
 Retrying in 1 seconds
Warning: Unused states in tlLogic 'J10', program '0' in phase 0 after tl-index 10
Simulation......
总奖励:235.36305060282282, 速度奖励:-2226.6000000000117, 加速度奖励:-769.0369493971854, 交通灯奖励:3231.0000000003406, 与前车进行交互的惩罚:0.0
Episode:4/100, Reward:235.36305060282282
Episode:4/100, avg speed:15.180949369626779
Episode:4/100, avg halt num:0.2660638707195075
Episode:4/100, avg elec cons:2.517764592318147
 Retrying in 1 seconds
Warning: Unused states in tlLogic 'J10', program '0' in phase 0 after tl-index 10
Simulation......
总奖励:219.57790756582253, 速度奖励:-2255.7000000000116, 加速度奖励:-787.8220924341422, 交通灯奖励:3263.100000000376, 与前车进行交互的惩罚:0.0
Episode:5/100, Reward:219.57790756582253
Episode:5/100, avg speed:15.442064003035668
Episode:5/100, avg halt num:0.27157258064516127
Episode:5/100, avg elec cons:2.595417889836701
 Retrying in 1 seconds
Warning: Unused states in tlLogic 'J10', program '0' in phase 0 after tl-index 10
Simulation......
总奖励:314.5139881561328, 速度奖励:-2305.650000000007, 加速度奖励:-773.736011843862, 交通灯奖励:3393.900000000304, 与前车进行交互的惩罚:0.0
Episode:6/100, Reward:314.5139881561328
Episode:6/100, avg speed:15.392720579554522
Episode:6/100, avg halt num:0.2700286123032904
Episode:6/100, avg elec cons:2.326385951692707
 Retrying in 1 seconds
Warning: Unused states in tlLogic 'J10', program '0' in phase 0 after tl-index 10
Simulation......
总奖励:-71.66702570707605, 速度奖励:-2309.9000000000074, 加速度奖励:-794.0670257070905, 交通灯奖励:3032.3000000003235, 与前车进行交互的惩罚:0.0
Episode:7/100, Reward:-71.66702570707605
Episode:7/100, avg speed:15.671960660433209
Episode:7/100, avg halt num:0.25412371134020617
Episode:7/100, avg elec cons:2.2252208697171167
 Retrying in 1 seconds
Warning: Unused states in tlLogic 'J10', program '0' in phase 0 after tl-index 10
Simulation......
总奖励:-1352.1283124142353, 速度奖励:-7118.499999999943, 加速度奖励:-1941.3283124144432, 交通灯奖励:7707.699999998538, 与前车进行交互的惩罚:0.0
Episode:8/100, Reward:-1352.1283124142353
Episode:8/100, avg speed:9.815226901732839
Episode:8/100, avg halt num:0.30598877105427325
Episode:8/100, avg elec cons:0.9616709195317592
 Retrying in 1 seconds
Warning: Unused states in tlLogic 'J10', program '0' in phase 0 after tl-index 10
Simulation......
总奖励:472.77203054664, 速度奖励:-2266.50000000001, 加速度奖励:-785.1279694533118, 交通灯奖励:3524.400000000386, 与前车进行交互的惩罚:0.0
Episode:9/100, Reward:472.77203054664
Episode:9/100, avg speed:15.590512784410205
Episode:9/100, avg halt num:0.22907847606642787
Episode:9/100, avg elec cons:2.137286019389038
 Retrying in 1 seconds
Warning: Unused states in tlLogic 'J10', program '0' in phase 0 after tl-index 10
Simulation......
总奖励:759.4809443175203, 速度奖励:-2341.2500000000064, 加速度奖励:-796.4690556824391, 交通灯奖励:3897.2000000004064, 与前车进行交互的惩罚:0.0
Episode:10/100, Reward:759.4809443175203
Episode:10/100, avg speed:15.285136196857822
Episode:10/100, avg halt num:0.2731922398589065
Episode:10/100, avg elec cons:2.258019375171661
 Retrying in 1 seconds
Warning: Unused states in tlLogic 'J10', program '0' in phase 0 after tl-index 10
Simulation......
总奖励:231.9001442429733, 速度奖励:-2301.0500000000093, 加速度奖励:-788.5498557570222, 交通灯奖励:3321.5000000003415, 与前车进行交互的惩罚:0.0
Episode:11/100, Reward:231.9001442429733
Episode:11/100, avg speed:15.893137516285211
Episode:11/100, avg halt num:0.24048414023372286
Episode:11/100, avg elec cons:2.1771259897183186
 Retrying in 1 seconds
Warning: Unused states in tlLogic 'J10', program '0' in phase 0 after tl-index 10
Simulation......
总奖励:686.0138415365024, 速度奖励:-2246.250000000012, 加速度奖励:-776.9361584634481, 交通灯奖励:3709.200000000391, 与前车进行交互的惩罚:0.0
Episode:12/100, Reward:686.0138415365024
Episode:12/100, avg speed:15.7162793568243
Episode:12/100, avg halt num:0.2413703831549879
Episode:12/100, avg elec cons:2.2299513045658164
 Retrying in 1 seconds
Warning: Unused states in tlLogic 'J10', program '0' in phase 0 after tl-index 10
Simulation......
总奖励:-79.30735401918794, 速度奖励:-2226.2000000000116, 加速度奖励:-766.0073540191916, 交通灯奖励:2912.900000000287, 与前车进行交互的惩罚:0.0
Episode:13/100, Reward:-79.30735401918794
Episode:13/100, avg speed:15.851876330292773
Episode:13/100, avg halt num:0.21852261942423284
Episode:13/100, avg elec cons:2.0975982400465703
 Retrying in 1 seconds
Warning: Unused states in tlLogic 'J10', program '0' in phase 0 after tl-index 10
Simulation......
总奖励:246.42166917334197, 速度奖励:-2302.95000000001, 加速度奖励:-779.1283308266604, 交通灯奖励:3328.500000000323, 与前车进行交互的惩罚:0.0
Episode:14/100, Reward:246.42166917334197
Episode:14/100, avg speed:15.509630028630017
Episode:14/100, avg halt num:0.2650088809946714
Episode:14/100, avg elec cons:2.3333256750090086
 Retrying in 1 seconds
Warning: Unused states in tlLogic 'J10', program '0' in phase 0 after tl-index 10
Simulation......
总奖励:392.31847761738806, 速度奖励:-2349.9000000000046, 加速度奖励:-808.5815223825775, 交通灯奖励:3550.8000000003576, 与前车进行交互的惩罚:0.0
Episode:15/100, Reward:392.31847761738806
Episode:15/100, avg speed:15.558099260503091
Episode:15/100, avg halt num:0.28574087862993297
Episode:15/100, avg elec cons:2.3385724906743524
 Retrying in 1 seconds
Warning: Unused states in tlLogic 'J10', program '0' in phase 0 after tl-index 10
Simulation......
总奖励:-277.5147384257765, 速度奖励:-2335.0000000000045, 加速度奖励:-789.9147384257318, 交通灯奖励:2847.400000000261, 与前车进行交互的惩罚:0.0
Episode:16/100, Reward:-277.5147384257765
Episode:16/100, avg speed:15.375299652953322
Episode:16/100, avg halt num:0.286910197869102
Episode:16/100, avg elec cons:2.4579397198873645
 Retrying in 1 seconds
Warning: Unused states in tlLogic 'J10', program '0' in phase 0 after tl-index 10
Simulation......
总奖励:164.9253548641985, 速度奖励:-2320.400000000006, 加速度奖励:-776.474645135802, 交通灯奖励:3261.8000000003226, 与前车进行交互的惩罚:0.0
Episode:17/100, Reward:164.9253548641985
Episode:17/100, avg speed:15.589560350496647
Episode:17/100, avg halt num:0.2703922249219021
Episode:17/100, avg elec cons:2.253834120491904
 Retrying in 1 seconds
Warning: Unused states in tlLogic 'J10', program '0' in phase 0 after tl-index 10
Simulation......
总奖励:429.8997156862781, 速度奖励:-2292.1500000000096, 加速度奖励:-764.2502843137157, 交通灯奖励:3486.300000000366, 与前车进行交互的惩罚:0.0
Episode:18/100, Reward:429.8997156862781
Episode:18/100, avg speed:14.738362353553223
Episode:18/100, avg halt num:0.30058799675588
Episode:18/100, avg elec cons:2.6407478666537028
 Retrying in 1 seconds
Warning: Unused states in tlLogic 'J10', program '0' in phase 0 after tl-index 10
Simulation......
总奖励:-24.301092579675434, 速度奖励:-2393.750000000002, 加速度奖励:-811.3510925796853, 交通灯奖励:3180.800000000358, 与前车进行交互的惩罚:0.0
Episode:19/100, Reward:-24.301092579675434
Episode:19/100, avg speed:15.313915617960326
Episode:19/100, avg halt num:0.28379110950487896
Episode:19/100, avg elec cons:2.307708870214272
 Retrying in 1 seconds
Warning: Unused states in tlLogic 'J10', program '0' in phase 0 after tl-index 10
Simulation......
总奖励:387.7665541666345, 速度奖励:-2292.3500000000085, 加速度奖励:-793.1834458333583, 交通灯奖励:3473.300000000313, 与前车进行交互的惩罚:0.0
Episode:20/100, Reward:387.7665541666345
Episode:20/100, avg speed:15.634850233670248
Episode:20/100, avg halt num:0.24779511533242876
Episode:20/100, avg elec cons:2.1875303111938504
 Retrying in 1 seconds
Warning: Unused states in tlLogic 'J10', program '0' in phase 0 after tl-index 10
Simulation......
总奖励:375.40194380172005, 速度奖励:-2381.200000000004, 加速度奖励:-795.4980561982594, 交通灯奖励:3552.1000000003564, 与前车进行交互的惩罚:0.0
Episode:21/100, Reward:375.40194380172005
Episode:21/100, avg speed:15.276430389919627
Episode:21/100, avg halt num:0.3077448302770191
Episode:21/100, avg elec cons:2.511331005710448
 Retrying in 1 seconds
Warning: Unused states in tlLogic 'J10', program '0' in phase 0 after tl-index 10
Simulation......
总奖励:541.4324159023761, 速度奖励:-2240.0000000000105, 加速度奖励:-756.6675840975729, 交通灯奖励:3538.1000000004183, 与前车进行交互的惩罚:0.0
Episode:22/100, Reward:541.4324159023761
Episode:22/100, avg speed:15.458421425257574
Episode:22/100, avg halt num:0.2641419893697798
Episode:22/100, avg elec cons:2.513318237912085
 Retrying in 1 seconds
Warning: Unused states in tlLogic 'J10', program '0' in phase 0 after tl-index 10
Simulation......
总奖励:900.9751318536511, 速度奖励:-2253.4000000000115, 加速度奖励:-776.0248681463083, 交通灯奖励:3930.4000000004016, 与前车进行交互的惩罚:0.0
Episode:23/100, Reward:900.9751318536511
Episode:23/100, avg speed:15.862262221250083
Episode:23/100, avg halt num:0.24179079214624238
Episode:23/100, avg elec cons:2.177335182022098
 Retrying in 1 seconds
Warning: Unused states in tlLogic 'J10', program '0' in phase 0 after tl-index 10
Simulation......
总奖励:1007.4974353311014, 速度奖励:-2311.5000000000077, 加速度奖励:-769.7025646688784, 交通灯奖励:4088.7000000003536, 与前车进行交互的惩罚:0.0
Episode:24/100, Reward:1007.4974353311014
Episode:24/100, avg speed:15.609893920236296
Episode:24/100, avg halt num:0.2529742233972241
Episode:24/100, avg elec cons:2.171764919256307
 Retrying in 1 seconds
Warning: Unused states in tlLogic 'J10', program '0' in phase 0 after tl-index 10
Simulation......
总奖励:953.315879067418, 速度奖励:-2246.8000000000097, 加速度奖励:-756.0841209325387, 交通灯奖励:3956.2000000003786, 与前车进行交互的惩罚:0.0
Episode:25/100, Reward:953.315879067418
Episode:25/100, avg speed:15.746166026975311
Episode:25/100, avg halt num:0.24517276422764228
Episode:25/100, avg elec cons:2.23868600933223
 Retrying in 1 seconds
Warning: Unused states in tlLogic 'J10', program '0' in phase 0 after tl-index 10
Simulation......
总奖励:-140.87130136955506, 速度奖励:-2430.350000000001, 加速度奖励:-806.1213013695617, 交通灯奖励:3095.6000000003496, 与前车进行交互的惩罚:0.0
Episode:26/100, Reward:-140.87130136955506
Episode:26/100, avg speed:15.056049943536348
Episode:26/100, avg halt num:0.32009255688391824
Episode:26/100, avg elec cons:2.446402461113941
 Retrying in 1 seconds
Warning: Unused states in tlLogic 'J10', program '0' in phase 0 after tl-index 10
Simulation......
总奖励:363.97173203108457, 速度奖励:-2325.8000000000084, 加速度奖励:-794.9282679689237, 交通灯奖励:3484.7000000003322, 与前车进行交互的惩罚:0.0
Episode:27/100, Reward:363.97173203108457
Episode:27/100, avg speed:15.40478064054842
Episode:27/100, avg halt num:0.26616303583977513
Episode:27/100, avg elec cons:2.2585930275577324
 Retrying in 1 seconds
Warning: Unused states in tlLogic 'J10', program '0' in phase 0 after tl-index 10
Simulation......
总奖励:210.92839404031054, 速度奖励:-2347.4500000000075, 加速度奖励:-798.421605959681, 交通灯奖励:3356.800000000349, 与前车进行交互的惩罚:0.0
Episode:28/100, Reward:210.92839404031054
Episode:28/100, avg speed:14.763209291749352
Episode:28/100, avg halt num:0.3142239604775628
Episode:28/100, avg elec cons:2.625500433602998
 Retrying in 1 seconds
Warning: Unused states in tlLogic 'J10', program '0' in phase 0 after tl-index 10
Simulation......
总奖励:-260.3805947634008, 速度奖励:-2412.100000000001, 加速度奖励:-850.1805947633995, 交通灯奖励:3001.900000000314, 与前车进行交互的惩罚:0.0
Episode:29/100, Reward:-260.3805947634008
Episode:29/100, avg speed:15.046900590014978
Episode:29/100, avg halt num:0.31745871929118
Episode:29/100, avg elec cons:2.463256305990775
 Retrying in 1 seconds
Warning: Unused states in tlLogic 'J10', program '0' in phase 0 after tl-index 10
Simulation......
总奖励:536.474423009658, 速度奖励:-2273.1500000000096, 加速度奖励:-750.9755769903311, 交通灯奖励:3560.6000000003555, 与前车进行交互的惩罚:0.0
Episode:30/100, Reward:536.474423009658
Episode:30/100, avg speed:15.616441309091147
Episode:30/100, avg halt num:0.25586484593837533
Episode:30/100, avg elec cons:2.3489329672892474
 Retrying in 1 seconds
Warning: Unused states in tlLogic 'J10', program '0' in phase 0 after tl-index 10
Simulation......
总奖励:-215.67265972579986, 速度奖励:-2256.9000000000106, 加速度奖励:-774.5726597257891, 交通灯奖励:2815.800000000293, 与前车进行交互的惩罚:0.0
Episode:31/100, Reward:-215.67265972579986
Episode:31/100, avg speed:15.526821924697542
Episode:31/100, avg halt num:0.26737415477084897
Episode:31/100, avg elec cons:2.446826045686667
 Retrying in 1 seconds
Warning: Unused states in tlLogic 'J10', program '0' in phase 0 after tl-index 10
Simulation......
总奖励:570.6369176711071, 速度奖励:-2390.800000000004, 加速度奖励:-798.2630823288592, 交通灯奖励:3759.7000000003654, 与前车进行交互的惩罚:0.0
Episode:32/100, Reward:570.6369176711071
Episode:32/100, avg speed:15.088693155812745
Episode:32/100, avg halt num:0.30859375
Episode:32/100, avg elec cons:2.4329666861078083
 Retrying in 1 seconds
Warning: Unused states in tlLogic 'J10', program '0' in phase 0 after tl-index 10
Simulation......
总奖励:69.58632422735994, 速度奖励:-2275.45000000001, 加速度奖励:-770.2636757726561, 交通灯奖励:3115.300000000339, 与前车进行交互的惩罚:0.0
Episode:33/100, Reward:69.58632422735994
Episode:33/100, avg speed:15.376436738894977
Episode:33/100, avg halt num:0.2578042792002806
Episode:33/100, avg elec cons:2.3214923253560236
 Retrying in 1 seconds
Warning: Unused states in tlLogic 'J10', program '0' in phase 0 after tl-index 10
Simulation......
总奖励:984.5665815666446, 速度奖励:-2286.7000000000103, 加速度奖励:-778.5334184333094, 交通灯奖励:4049.8000000004226, 与前车进行交互的惩罚:0.0
Episode:34/100, Reward:984.5665815666446
Episode:34/100, avg speed:15.614491502706525
Episode:34/100, avg halt num:0.25605263157894737
Episode:34/100, avg elec cons:2.2758812407341664
 Retrying in 1 seconds
Warning: Unused states in tlLogic 'J10', program '0' in phase 0 after tl-index 10
Simulation......
总奖励:673.6350408588094, 速度奖励:-2228.2000000000126, 加速度奖励:-773.5649591411454, 交通灯奖励:3675.400000000373, 与前车进行交互的惩罚:0.0
Episode:35/100, Reward:673.6350408588094
Episode:35/100, avg speed:15.714385667434279
Episode:35/100, avg halt num:0.25242446848190975
Episode:35/100, avg elec cons:2.4238797989496503
 Retrying in 1 seconds
Warning: Unused states in tlLogic 'J10', program '0' in phase 0 after tl-index 10
Simulation......
总奖励:460.15964407939464, 速度奖励:-2341.350000000005, 加速度奖励:-793.6903559206027, 交通灯奖励:3595.200000000306, 与前车进行交互的惩罚:0.0
Episode:36/100, Reward:460.15964407939464
Episode:36/100, avg speed:15.277661511326022
Episode:36/100, avg halt num:0.2859544265969369
Episode:36/100, avg elec cons:2.373287265652342
 Retrying in 1 seconds
Warning: Unused states in tlLogic 'J10', program '0' in phase 0 after tl-index 10
Simulation......
总奖励:-208.36731259263524, 速度奖励:-2373.450000000004, 加速度奖励:-808.2173125925909, 交通灯奖励:2973.3000000002835, 与前车进行交互的惩罚:0.0
Episode:37/100, Reward:-208.36731259263524
Episode:37/100, avg speed:14.954866890596126
Episode:37/100, avg halt num:0.32337415540540543
Episode:37/100, avg elec cons:2.670832625401624
 Retrying in 1 seconds
Warning: Unused states in tlLogic 'J10', program '0' in phase 0 after tl-index 10
Simulation......
总奖励:494.4654694346557, 速度奖励:-2182.4500000000157, 加速度奖励:-761.4845305653117, 交通灯奖励:3438.4000000003043, 与前车进行交互的惩罚:0.0
Episode:38/100, Reward:494.4654694346557
Episode:38/100, avg speed:15.752819512661455
Episode:38/100, avg halt num:0.24912993039443154
Episode:38/100, avg elec cons:2.523948905824288
 Retrying in 1 seconds
Warning: Unused states in tlLogic 'J10', program '0' in phase 0 after tl-index 10
Simulation......
总奖励:-44.121562415218676, 速度奖励:-2390.1000000000026, 加速度奖励:-794.7215624152317, 交通灯奖励:3140.700000000371, 与前车进行交互的惩罚:0.0
Episode:39/100, Reward:-44.121562415218676
Episode:39/100, avg speed:15.340843216395331
Episode:39/100, avg halt num:0.2847750865051903
Episode:39/100, avg elec cons:2.2260654186056734
 Retrying in 1 seconds
Warning: Unused states in tlLogic 'J10', program '0' in phase 0 after tl-index 10
Simulation......
总奖励:81.5277636094656, 速度奖励:-2306.000000000011, 加速度奖励:-807.6722363905357, 交通灯奖励:3195.200000000296, 与前车进行交互的惩罚:0.0
Episode:40/100, Reward:81.5277636094656
Episode:40/100, avg speed:15.401740413222536
Episode:40/100, avg halt num:0.26339773970105723
Episode:40/100, avg elec cons:2.303261941485939
 Retrying in 1 seconds
Warning: Unused states in tlLogic 'J10', program '0' in phase 0 after tl-index 10
Simulation......
总奖励:703.2169750634961, 速度奖励:-2278.1000000000117, 加速度奖励:-770.6830249364765, 交通灯奖励:3752.0000000003533, 与前车进行交互的惩罚:0.0
Episode:41/100, Reward:703.2169750634961
Episode:41/100, avg speed:15.389037757999892
Episode:41/100, avg halt num:0.2670558190441445
Episode:41/100, avg elec cons:2.3914243976923957
 Retrying in 1 seconds
Warning: Unused states in tlLogic 'J10', program '0' in phase 0 after tl-index 10
Simulation......
总奖励:-123.222315775771, 速度奖励:-2329.600000000007, 加速度奖励:-804.2223157757377, 交通灯奖励:3010.6000000002614, 与前车进行交互的惩罚:0.0
Episode:42/100, Reward:-123.222315775771
Episode:42/100, avg speed:15.248073485697251
Episode:42/100, avg halt num:0.28969013006885996
Episode:42/100, avg elec cons:2.4328846403972477
 Retrying in 1 seconds
Warning: Unused states in tlLogic 'J10', program '0' in phase 0 after tl-index 10
Simulation......
总奖励:740.7185485485228, 速度奖励:-2308.5000000000064, 加速度奖励:-771.2814514514185, 交通灯奖励:3820.500000000415, 与前车进行交互的惩罚:0.0
Episode:43/100, Reward:740.7185485485228
Episode:43/100, avg speed:15.072280763824546
Episode:43/100, avg halt num:0.29209183673469385
Episode:43/100, avg elec cons:2.5982147789965993
 Retrying in 1 seconds
Warning: Unused states in tlLogic 'J10', program '0' in phase 0 after tl-index 10
Simulation......
总奖励:414.3415066340345, 速度奖励:-2308.450000000007, 加速度奖励:-775.9084933659342, 交通灯奖励:3498.700000000272, 与前车进行交互的惩罚:0.0
Episode:44/100, Reward:414.3415066340345
Episode:44/100, avg speed:15.403610310877042
Episode:44/100, avg halt num:0.27789217521527515
Episode:44/100, avg elec cons:2.4627776411342728
 Retrying in 1 seconds
Warning: Unused states in tlLogic 'J10', program '0' in phase 0 after tl-index 10
Simulation......
总奖励:480.5835852600822, 速度奖励:-2383.700000000005, 加速度奖励:-796.2164147398958, 交通灯奖励:3660.5000000003643, 与前车进行交互的惩罚:0.0
Episode:45/100, Reward:480.5835852600822
Episode:45/100, avg speed:14.853747056107657
Episode:45/100, avg halt num:0.312744714173845
Episode:45/100, avg elec cons:2.511623149948512
 Retrying in 1 seconds
Warning: Unused states in tlLogic 'J10', program '0' in phase 0 after tl-index 10
Simulation......
总奖励:501.13399384469625, 速度奖励:-2237.4500000000107, 加速度奖励:-770.7160061552975, 交通灯奖励:3509.300000000344, 与前车进行交互的惩罚:0.0
Episode:46/100, Reward:501.13399384469625
Episode:46/100, avg speed:15.900279436194193
Episode:46/100, avg halt num:0.22858796296296297
Episode:46/100, avg elec cons:2.173464640945311
 Retrying in 1 seconds
Warning: Unused states in tlLogic 'J10', program '0' in phase 0 after tl-index 10
Simulation......
总奖励:-52.73644788324456, 速度奖励:-2369.1500000000037, 加速度奖励:-802.2864478831968, 交通灯奖励:3118.700000000271, 与前车进行交互的惩罚:0.0
Episode:47/100, Reward:-52.73644788324456
Episode:47/100, avg speed:15.07317347148462
Episode:47/100, avg halt num:0.2996190476190476
Episode:47/100, avg elec cons:2.4522984055458013
 Retrying in 1 seconds
Warning: Unused states in tlLogic 'J10', program '0' in phase 0 after tl-index 10
Simulation......
总奖励:177.89311736942992, 速度奖励:-2334.4500000000053, 加速度奖励:-797.5568826305635, 交通灯奖励:3309.900000000328, 与前车进行交互的惩罚:0.0
Episode:48/100, Reward:177.89311736942992
Episode:48/100, avg speed:15.10712004924649
Episode:48/100, avg halt num:0.2945935280189424
Episode:48/100, avg elec cons:2.5401194960157776
 Retrying in 1 seconds
Warning: Unused states in tlLogic 'J10', program '0' in phase 0 after tl-index 10
Simulation......
总奖励:-180.42444055917892, 速度奖励:-2239.0000000000127, 加速度奖励:-775.3244405591788, 交通灯奖励:2833.9000000003202, 与前车进行交互的惩罚:0.0
Episode:49/100, Reward:-180.42444055917892
Episode:49/100, avg speed:15.809660943349536
Episode:49/100, avg halt num:0.22008479899497488
Episode:49/100, avg elec cons:2.1000619538546603
 Retrying in 1 seconds
Warning: Unused states in tlLogic 'J10', program '0' in phase 0 after tl-index 10
Simulation......
总奖励:1305.518715312486, 速度奖励:-2284.0500000000075, 加速度奖励:-774.8312846876105, 交通灯奖励:4364.400000000176, 与前车进行交互的惩罚:0.0
Episode:50/100, Reward:1305.518715312486
Episode:50/100, avg speed:15.27177514900699
Episode:50/100, avg halt num:0.26063278008298757
Episode:50/100, avg elec cons:2.2395586932642884
 Retrying in 1 seconds
Warning: Unused states in tlLogic 'J10', program '0' in phase 0 after tl-index 10
Simulation......
总奖励:590.9678829393988, 速度奖励:-2264.80000000001, 加速度奖励:-761.732117060597, 交通灯奖励:3617.5000000003474, 与前车进行交互的惩罚:0.0
Episode:51/100, Reward:590.9678829393988
Episode:51/100, avg speed:15.859342659038646
Episode:51/100, avg halt num:0.23719022103148024
Episode:51/100, avg elec cons:2.213064966079289
 Retrying in 1 seconds
Warning: Unused states in tlLogic 'J10', program '0' in phase 0 after tl-index 10
Simulation......
总奖励:100.7124041235055, 速度奖励:-2311.400000000009, 加速度奖励:-789.6875958765031, 交通灯奖励:3201.8000000003904, 与前车进行交互的惩罚:0.0
Episode:52/100, Reward:100.7124041235055
Episode:52/100, avg speed:15.37253999272871
Episode:52/100, avg halt num:0.2700777202072539
Episode:52/100, avg elec cons:2.3865186821500135
 Retrying in 1 seconds
Warning: Unused states in tlLogic 'J10', program '0' in phase 0 after tl-index 10
Simulation......
总奖励:100.72287681321428, 速度奖励:-2277.3500000000095, 加速度奖励:-776.6271231867709, 交通灯奖励:3154.7000000003777, 与前车进行交互的惩罚:0.0
Episode:53/100, Reward:100.72287681321428
Episode:53/100, avg speed:15.515460858166705
Episode:53/100, avg halt num:0.24484623183507942
Episode:53/100, avg elec cons:2.204718698989692
 Retrying in 1 seconds
Warning: Unused states in tlLogic 'J10', program '0' in phase 0 after tl-index 10
Simulation......
总奖励:447.052122451623, 速度奖励:-2334.3000000000065, 加速度奖励:-802.1478775483674, 交通灯奖励:3583.5000000003492, 与前车进行交互的惩罚:0.0
Episode:54/100, Reward:447.052122451623
Episode:54/100, avg speed:15.361737608947127
Episode:54/100, avg halt num:0.2694140487116131
Episode:54/100, avg elec cons:2.247638745199756
 Retrying in 1 seconds
Warning: Unused states in tlLogic 'J10', program '0' in phase 0 after tl-index 10
Simulation......
总奖励:1189.6838775421609, 速度奖励:-2231.250000000012, 加速度奖励:-751.16612245785, 交通灯奖励:4172.100000000332, 与前车进行交互的惩罚:0.0
Episode:55/100, Reward:1189.6838775421609
Episode:55/100, avg speed:15.117234975771906
Episode:55/100, avg halt num:0.27235772357723576
Episode:55/100, avg elec cons:2.587806363106271
 Retrying in 1 seconds
Warning: Unused states in tlLogic 'J10', program '0' in phase 0 after tl-index 10
Simulation......
总奖励:533.3342875593669, 速度奖励:-2347.3000000000047, 加速度奖励:-804.9657124406043, 交通灯奖励:3685.600000000386, 与前车进行交互的惩罚:0.0
Episode:56/100, Reward:533.3342875593669
Episode:56/100, avg speed:15.159695621806202
Episode:56/100, avg halt num:0.28
Episode:56/100, avg elec cons:2.2866890398136066
 Retrying in 1 seconds
Warning: Unused states in tlLogic 'J10', program '0' in phase 0 after tl-index 10
Simulation......
总奖励:442.08681161428694, 速度奖励:-2351.4000000000024, 加速度奖励:-788.5131883856859, 交通灯奖励:3582.0000000004147, 与前车进行交互的惩罚:0.0
Episode:57/100, Reward:442.08681161428694
Episode:57/100, avg speed:15.116200752005199
Episode:57/100, avg halt num:0.3127807268272764
Episode:57/100, avg elec cons:2.6531177412334186
 Retrying in 1 seconds
Warning: Unused states in tlLogic 'J10', program '0' in phase 0 after tl-index 10
Simulation......
总奖励:-90.2698120291701, 速度奖励:-2283.4000000000096, 加速度奖励:-780.869812029181, 交通灯奖励:2974.0000000002933, 与前车进行交互的惩罚:0.0
Episode:58/100, Reward:-90.2698120291701
Episode:58/100, avg speed:15.420409598193924
Episode:58/100, avg halt num:0.28195712584358873
Episode:58/100, avg elec cons:2.586777948433652
 Retrying in 1 seconds
Warning: Unused states in tlLogic 'J10', program '0' in phase 0 after tl-index 10
Simulation......
总奖励:-347.53366598944416, 速度奖励:-2376.2500000000055, 加速度奖励:-809.6836659894063, 交通灯奖励:2838.4000000003266, 与前车进行交互的惩罚:0.0
Episode:59/100, Reward:-347.53366598944416
Episode:59/100, avg speed:15.377565991828938
Episode:59/100, avg halt num:0.2980806142034549
Episode:59/100, avg elec cons:2.417943394860719
 Retrying in 1 seconds
Warning: Unused states in tlLogic 'J10', program '0' in phase 0 after tl-index 10
Simulation......
总奖励:206.73601761836366, 速度奖励:-2265.950000000009, 加速度奖励:-773.5139823816467, 交通灯奖励:3246.2000000003472, 与前车进行交互的惩罚:0.0
Episode:60/100, Reward:206.73601761836366
Episode:60/100, avg speed:15.612156459987132
Episode:60/100, avg halt num:0.24173346693386774
Episode:60/100, avg elec cons:2.1857199395738847
 Retrying in 1 seconds
Warning: Unused states in tlLogic 'J10', program '0' in phase 0 after tl-index 10
Simulation......
总奖励:452.0046443372096, 速度奖励:-2358.600000000005, 加速度奖励:-788.49535566276, 交通灯奖励:3599.100000000328, 与前车进行交互的惩罚:0.0
Episode:61/100, Reward:452.0046443372096
Episode:61/100, avg speed:14.941053330418002
Episode:61/100, avg halt num:0.3073738170347003
Episode:61/100, avg elec cons:2.5548897393603234
 Retrying in 1 seconds
Warning: Unused states in tlLogic 'J10', program '0' in phase 0 after tl-index 10
Simulation......
总奖励:-416.00688888594357, 速度奖励:-2304.4500000000094, 加速度奖励:-798.6568888858891, 交通灯奖励:2687.100000000233, 与前车进行交互的惩罚:0.0
Episode:62/100, Reward:-416.00688888594357
Episode:62/100, avg speed:15.326318850749118
Episode:62/100, avg halt num:0.25818530128874956
Episode:62/100, avg elec cons:2.2289990512348155
 Retrying in 1 seconds
Warning: Unused states in tlLogic 'J10', program '0' in phase 0 after tl-index 10
Simulation......
总奖励:647.1265889554174, 速度奖励:-2311.700000000007, 加速度奖励:-789.2734110445592, 交通灯奖励:3748.1000000003396, 与前车进行交互的惩罚:0.0
Episode:63/100, Reward:647.1265889554174
Episode:63/100, avg speed:15.483575094744186
Episode:63/100, avg halt num:0.25730298913043476
Episode:63/100, avg elec cons:2.170901697782428
 Retrying in 1 seconds
Warning: Unused states in tlLogic 'J10', program '0' in phase 0 after tl-index 10
Simulation......
总奖励:407.90810661563427, 速度奖励:-2303.700000000007, 加速度奖励:-774.3918933843607, 交通灯奖励:3486.000000000356, 与前车进行交互的惩罚:0.0
Episode:64/100, Reward:407.90810661563427
Episode:64/100, avg speed:15.328391720828387
Episode:64/100, avg halt num:0.27957799547852297
Episode:64/100, avg elec cons:2.4735505584418886
 Retrying in 1 seconds
Warning: Unused states in tlLogic 'J10', program '0' in phase 0 after tl-index 10
Simulation......
总奖励:409.2081380738443, 速度奖励:-2222.9000000000115, 加速度奖励:-776.69186192615, 交通灯奖励:3408.800000000326, 与前车进行交互的惩罚:0.0
Episode:65/100, Reward:409.2081380738443
Episode:65/100, avg speed:15.701950082183245
Episode:65/100, avg halt num:0.24581209031318282
Episode:65/100, avg elec cons:2.3733617756070555
 Retrying in 1 seconds
Warning: Unused states in tlLogic 'J10', program '0' in phase 0 after tl-index 10
Simulation......
总奖励:68.31451702664765, 速度奖励:-2313.2500000000064, 加速度奖励:-780.2354829733006, 交通灯奖励:3161.800000000391, 与前车进行交互的惩罚:0.0
Episode:66/100, Reward:68.31451702664765
Episode:66/100, avg speed:15.82421007503795
Episode:66/100, avg halt num:0.24732490272373542
Episode:66/100, avg elec cons:2.112580938364048
 Retrying in 1 seconds
Warning: Unused states in tlLogic 'J10', program '0' in phase 0 after tl-index 10
Simulation......
总奖励:211.13149064693306, 速度奖励:-2272.20000000001, 加速度奖励:-793.5685093530477, 交通灯奖励:3276.9000000003366, 与前车进行交互的惩罚:0.0
Episode:67/100, Reward:211.13149064693306
Episode:67/100, avg speed:15.931973820056365
Episode:67/100, avg halt num:0.23525024859131588
Episode:67/100, avg elec cons:2.118713519649805
 Retrying in 1 seconds
Warning: Unused states in tlLogic 'J10', program '0' in phase 0 after tl-index 10
Simulation......
Error: tcpip::Socket::recvAndCheck @ recv: peer shutdown
Quitting (on error).
