nohup: 忽略输入
Env:sumo, Algorithm:TD3, Device:cuda
-----------------------------------------
models/reward_s1e-2(-100, 1)_a4e-2_t(-2_0.5).pth
-----------------------------------------
 Retrying in 1 seconds
Warning: Unused states in tlLogic 'J10', program '0' in phase 0 after tl-index 10
Simulation......
总奖励:-29747.903342679245, 速度奖励:-12339.165000000286, 加速度奖励:-711.2383426792711, 交通灯奖励:-16697.5, 与前车进行交互的惩罚:0.0
Episode:1/100, Reward:-29747.903342679245
Episode:1/100, avg speed:14.437917980568516
Episode:1/100, avg halt num:0.3433744722312439
Episode:1/100, avg elec cons:1.762902998089894
 Retrying in 1 seconds
Warning: Unused states in tlLogic 'J10', program '0' in phase 0 after tl-index 10
Simulation......
总奖励:-33435.6382322503, 速度奖励:-14431.305000000404, 加速度奖励:-681.333232250229, 交通灯奖励:-18323.0, 与前车进行交互的惩罚:0.0
Episode:2/100, Reward:-33435.6382322503
Episode:2/100, avg speed:14.017458994774065
Episode:2/100, avg halt num:0.4596020761245675
Episode:2/100, avg elec cons:1.8991220424325361
 Retrying in 1 seconds
Warning: Unused states in tlLogic 'J10', program '0' in phase 0 after tl-index 10
Simulation......
总奖励:-32058.95491950279, 速度奖励:-14790.725000000291, 加速度奖励:-1779.229919502718, 交通灯奖励:-15489.0, 与前车进行交互的惩罚:0.0
Episode:3/100, Reward:-32058.95491950279
Episode:3/100, avg speed:13.503954081956632
Episode:3/100, avg halt num:0.23020765736534718
Episode:3/100, avg elec cons:1.7209359244975386
 Retrying in 1 seconds
Warning: Unused states in tlLogic 'J10', program '0' in phase 0 after tl-index 10
Simulation......
总奖励:-29358.546379521387, 速度奖励:-20053.420000000075, 加速度奖励:-1272.626379521471, 交通灯奖励:-8032.5, 与前车进行交互的惩罚:0.0
Episode:4/100, Reward:-29358.546379521387
Episode:4/100, avg speed:9.916340527391242
Episode:4/100, avg halt num:0.45373001776198935
Episode:4/100, avg elec cons:0.9387694038889314
 Retrying in 1 seconds
Warning: Unused states in tlLogic 'J10', program '0' in phase 0 after tl-index 10
Simulation......
总奖励:-42820.39801228663, 速度奖励:-29503.574999999837, 加速度奖励:-1010.8230122865906, 交通灯奖励:-12306.0, 与前车进行交互的惩罚:0.0
Episode:5/100, Reward:-42820.39801228663
Episode:5/100, avg speed:7.6905415876138035
Episode:5/100, avg halt num:0.831043445971036
Episode:5/100, avg elec cons:0.5091885810291397
 Retrying in 1 seconds
Warning: Unused states in tlLogic 'J10', program '0' in phase 0 after tl-index 10
Simulation......
总奖励:-27689.429955138636, 速度奖励:-22084.43999999993, 加速度奖励:-1104.9899551388196, 交通灯奖励:-4500.0, 与前车进行交互的惩罚:0.0
Episode:6/100, Reward:-27689.429955138636
Episode:6/100, avg speed:9.823020290782955
Episode:6/100, avg halt num:0.3164283338875956
Episode:6/100, avg elec cons:0.4773177912195757
 Retrying in 1 seconds
Warning: Unused states in tlLogic 'J10', program '0' in phase 0 after tl-index 10
Simulation......
总奖励:-23005.437032634087, 速度奖励:-18845.10000000009, 加速度奖励:-1003.3370326342393, 交通灯奖励:-3157.0, 与前车进行交互的惩罚:0.0
Episode:7/100, Reward:-23005.437032634087
Episode:7/100, avg speed:10.558387041841307
Episode:7/100, avg halt num:0.15861447756305275
Episode:7/100, avg elec cons:0.5078142165829705
 Retrying in 1 seconds
Warning: Unused states in tlLogic 'J10', program '0' in phase 0 after tl-index 10
Simulation......
总奖励:-39364.4533256643, 速度奖励:-26258.739999999634, 加速度奖励:-1582.2133256638388, 交通灯奖励:-11523.5, 与前车进行交互的惩罚:0.0
Episode:8/100, Reward:-39364.4533256643
Episode:8/100, avg speed:9.3329558875623
Episode:8/100, avg halt num:0.483148526407937
Episode:8/100, avg elec cons:0.5191557463281942
 Retrying in 1 seconds
Warning: Unused states in tlLogic 'J10', program '0' in phase 0 after tl-index 10
Simulation......
总奖励:-27778.030080331402, 速度奖励:-19678.365000000194, 加速度奖励:-1042.6650803314851, 交通灯奖励:-7057.0, 与前车进行交互的惩罚:0.0
Episode:9/100, Reward:-27778.030080331402
Episode:9/100, avg speed:9.746891553696278
Episode:9/100, avg halt num:0.260707635009311
Episode:9/100, avg elec cons:0.5056172182128175
 Retrying in 1 seconds
Warning: Unused states in tlLogic 'J10', program '0' in phase 0 after tl-index 10
Simulation......
总奖励:-18882.269443662084, 速度奖励:-13287.755000000387, 加速度奖励:-1034.0144436621047, 交通灯奖励:-4560.5, 与前车进行交互的惩罚:0.0
Episode:10/100, Reward:-18882.269443662084
Episode:10/100, avg speed:12.281854689570554
Episode:10/100, avg halt num:0.12389154160982264
Episode:10/100, avg elec cons:0.9423212446945434
 Retrying in 1 seconds
Warning: Unused states in tlLogic 'J10', program '0' in phase 0 after tl-index 10
Simulation......
总奖励:-20731.69063007, 速度奖励:-12876.99500000033, 加速度奖励:-988.6956300700874, 交通灯奖励:-6866.0, 与前车进行交互的惩罚:0.0
Episode:11/100, Reward:-20731.69063007
Episode:11/100, avg speed:13.374161223627567
Episode:11/100, avg halt num:0.1648521286967826
Episode:11/100, avg elec cons:0.9005537714131857
 Retrying in 1 seconds
Warning: Unused states in tlLogic 'J10', program '0' in phase 0 after tl-index 10
Simulation......
总奖励:-22681.320906973775, 速度奖励:-13755.715000000402, 加速度奖励:-949.1059069738586, 交通灯奖励:-7976.5, 与前车进行交互的惩罚:0.0
Episode:12/100, Reward:-22681.320906973775
Episode:12/100, avg speed:12.850669505668597
Episode:12/100, avg halt num:0.2168194161575017
Episode:12/100, avg elec cons:0.8388054309808792
 Retrying in 1 seconds
Warning: Unused states in tlLogic 'J10', program '0' in phase 0 after tl-index 10
Simulation......
总奖励:-24501.74030351178, 速度奖励:-16634.12500000031, 加速度奖励:-1094.6153035118507, 交通灯奖励:-6773.0, 与前车进行交互的惩罚:0.0
Episode:13/100, Reward:-24501.74030351178
Episode:13/100, avg speed:11.821803378750364
Episode:13/100, avg halt num:0.2731788079470199
Episode:13/100, avg elec cons:0.6799789292701773
 Retrying in 1 seconds
Warning: Unused states in tlLogic 'J10', program '0' in phase 0 after tl-index 10
Simulation......
总奖励:-22283.44465917327, 速度奖励:-14542.16500000044, 加速度奖励:-906.7796591733775, 交通灯奖励:-6834.5, 与前车进行交互的惩罚:0.0
Episode:14/100, Reward:-22283.44465917327
Episode:14/100, avg speed:11.869059985888605
Episode:14/100, avg halt num:0.22376596479116329
Episode:14/100, avg elec cons:0.8480484079398634
 Retrying in 1 seconds
Warning: Unused states in tlLogic 'J10', program '0' in phase 0 after tl-index 10
Simulation......
总奖励:-31243.987107447723, 速度奖励:-16869.315000000304, 加速度奖励:-931.6721074479115, 交通灯奖励:-13443.0, 与前车进行交互的惩罚:0.0
Episode:15/100, Reward:-31243.987107447723
Episode:15/100, avg speed:12.597041617435945
Episode:15/100, avg halt num:0.42274872912127814
Episode:15/100, avg elec cons:0.9806909169202577
 Retrying in 1 seconds
Warning: Unused states in tlLogic 'J10', program '0' in phase 0 after tl-index 10
Simulation......
总奖励:-51433.16369083345, 速度奖励:-22671.69500000009, 加速度奖励:-1347.9686908331432, 交通灯奖励:-27413.5, 与前车进行交互的惩罚:0.0
Episode:16/100, Reward:-51433.16369083345
Episode:16/100, avg speed:8.774536043553713
Episode:16/100, avg halt num:0.4535141589901058
Episode:16/100, avg elec cons:0.8244281702972583
 Retrying in 1 seconds
Warning: Unused states in tlLogic 'J10', program '0' in phase 0 after tl-index 10
Simulation......
总奖励:-27233.68105815215, 速度奖励:-15043.635000000784, 加速度奖励:-1299.0460581521668, 交通灯奖励:-10891.0, 与前车进行交互的惩罚:0.0
Episode:17/100, Reward:-27233.68105815215
Episode:17/100, avg speed:12.28307738325323
Episode:17/100, avg halt num:0.2507655665192242
Episode:17/100, avg elec cons:1.1961379085890205
 Retrying in 1 seconds
Warning: Unused states in tlLogic 'J10', program '0' in phase 0 after tl-index 10
Simulation......
总奖励:-44619.87587161882, 速度奖励:-18931.080000000027, 加速度奖励:-1210.2958716181824, 交通灯奖励:-24478.5, 与前车进行交互的惩罚:0.0
Episode:18/100, Reward:-44619.87587161882
Episode:18/100, avg speed:10.148376673542865
Episode:18/100, avg halt num:0.5096037201779215
Episode:18/100, avg elec cons:1.2400460133857338
 Retrying in 1 seconds
Warning: Unused states in tlLogic 'J10', program '0' in phase 0 after tl-index 10
Simulation......
总奖励:-25871.393985711795, 速度奖励:-12435.255000000447, 加速度奖励:-850.6389857118056, 交通灯奖励:-12585.5, 与前车进行交互的惩罚:0.0
Episode:19/100, Reward:-25871.393985711795
Episode:19/100, avg speed:13.830420827207563
Episode:19/100, avg halt num:0.23559561682573346
Episode:19/100, avg elec cons:1.2945588526509546
 Retrying in 1 seconds
Warning: Unused states in tlLogic 'J10', program '0' in phase 0 after tl-index 10
Simulation......
总奖励:-24090.425563333018, 速度奖励:-13512.36500000024, 加速度奖励:-1012.0605633330216, 交通灯奖励:-9566.0, 与前车进行交互的惩罚:0.0
Episode:20/100, Reward:-24090.425563333018
Episode:20/100, avg speed:12.687318543926033
Episode:20/100, avg halt num:0.20333437207852914
Episode:20/100, avg elec cons:0.9707240149467613
 Retrying in 1 seconds
Warning: Unused states in tlLogic 'J10', program '0' in phase 0 after tl-index 10
Simulation......
总奖励:-35496.967190518946, 速度奖励:-21821.21500000011, 加速度奖励:-1692.7521905186054, 交通灯奖励:-11983.0, 与前车进行交互的惩罚:0.0
Episode:21/100, Reward:-35496.967190518946
Episode:21/100, avg speed:8.66005353968855
Episode:21/100, avg halt num:0.18715753424657533
Episode:21/100, avg elec cons:0.6084956283703796
 Retrying in 1 seconds
Warning: Unused states in tlLogic 'J10', program '0' in phase 0 after tl-index 10
Simulation......
总奖励:-30577.1754110555, 速度奖励:-18924.799999999817, 加速度奖励:-1642.8754110555976, 交通灯奖励:-10009.5, 与前车进行交互的惩罚:0.0
Episode:22/100, Reward:-30577.1754110555
Episode:22/100, avg speed:10.92753038343631
Episode:22/100, avg halt num:0.18965833945628213
Episode:22/100, avg elec cons:1.1537463992862667
 Retrying in 1 seconds
Warning: Unused states in tlLogic 'J10', program '0' in phase 0 after tl-index 10
Simulation......
总奖励:-22305.698886249455, 速度奖励:-12932.655000000124, 加速度奖励:-1220.5438862496158, 交通灯奖励:-8152.5, 与前车进行交互的惩罚:0.0
Episode:23/100, Reward:-22305.698886249455
Episode:23/100, avg speed:12.963631277256052
Episode:23/100, avg halt num:0.16643432465923172
Episode:23/100, avg elec cons:1.1067168347628347
 Retrying in 1 seconds
Warning: Unused states in tlLogic 'J10', program '0' in phase 0 after tl-index 10
Simulation......
总奖励:-39099.20713847529, 速度奖励:-24386.7399999999, 加速度奖励:-2004.4671384748567, 交通灯奖励:-12708.0, 与前车进行交互的惩罚:0.0
Episode:24/100, Reward:-39099.20713847529
Episode:24/100, avg speed:8.666911594327686
Episode:24/100, avg halt num:0.36138310893512854
Episode:24/100, avg elec cons:0.5662823680041535
 Retrying in 1 seconds
Warning: Unused states in tlLogic 'J10', program '0' in phase 0 after tl-index 10
Simulation......
总奖励:-40106.44098409612, 速度奖励:-22216.264999999756, 加速度奖励:-1964.1759840956518, 交通灯奖励:-15926.0, 与前车进行交互的惩罚:0.0
Episode:25/100, Reward:-40106.44098409612
Episode:25/100, avg speed:10.816383766042081
Episode:25/100, avg halt num:0.3345755022683085
Episode:25/100, avg elec cons:0.8094465502355936
 Retrying in 1 seconds
Warning: Unused states in tlLogic 'J10', program '0' in phase 0 after tl-index 10
Simulation......
总奖励:-48908.794303021285, 速度奖励:-30449.914999999888, 加速度奖励:-2637.879303020895, 交通灯奖励:-15821.0, 与前车进行交互的惩罚:0.0
Episode:26/100, Reward:-48908.794303021285
Episode:26/100, avg speed:8.240932343637015
Episode:26/100, avg halt num:0.650761421319797
Episode:26/100, avg elec cons:0.7440962647321937
 Retrying in 1 seconds
Warning: Unused states in tlLogic 'J10', program '0' in phase 0 after tl-index 10
Simulation......
总奖励:-36672.54003216907, 速度奖励:-23105.939999999857, 加速度奖励:-2170.1000321686993, 交通灯奖励:-11396.5, 与前车进行交互的惩罚:0.0
Episode:27/100, Reward:-36672.54003216907
Episode:27/100, avg speed:9.079934414900293
Episode:27/100, avg halt num:0.3500830564784053
Episode:27/100, avg elec cons:0.7729696275427766
 Retrying in 1 seconds
Warning: Unused states in tlLogic 'J10', program '0' in phase 0 after tl-index 10
Simulation......
总奖励:-35456.52033030781, 速度奖励:-22583.894999999706, 加速度奖励:-2070.6253303076815, 交通灯奖励:-10802.0, 与前车进行交互的惩罚:0.0
Episode:28/100, Reward:-35456.52033030781
Episode:28/100, avg speed:9.03981168040288
Episode:28/100, avg halt num:0.4858712715855573
Episode:28/100, avg elec cons:0.9753520512981468
 Retrying in 1 seconds
Warning: Unused states in tlLogic 'J10', program '0' in phase 0 after tl-index 10
Simulation......
总奖励:-21167.334873504027, 速度奖励:-15520.95000000043, 加速度奖励:-1775.884873504192, 交通灯奖励:-3870.5, 与前车进行交互的惩罚:0.0
Episode:29/100, Reward:-21167.334873504027
Episode:29/100, avg speed:10.871872015628988
Episode:29/100, avg halt num:0.20387881126978
Episode:29/100, avg elec cons:1.1013000829307453
 Retrying in 1 seconds
Warning: Unused states in tlLogic 'J10', program '0' in phase 0 after tl-index 10
Simulation......
总奖励:-21592.676777837343, 速度奖励:-14839.955000000275, 加速度奖励:-1771.221777837502, 交通灯奖励:-4981.5, 与前车进行交互的惩罚:0.0
Episode:30/100, Reward:-21592.676777837343
Episode:30/100, avg speed:11.647840452500418
Episode:30/100, avg halt num:0.1507537688442211
Episode:30/100, avg elec cons:1.001880574167751
 Retrying in 1 seconds
Warning: Unused states in tlLogic 'J10', program '0' in phase 0 after tl-index 10
Simulation......
总奖励:-20465.119788436055, 速度奖励:-14819.725000000313, 加速度奖励:-1566.394788436299, 交通灯奖励:-4079.0, 与前车进行交互的惩罚:0.0
Episode:31/100, Reward:-20465.119788436055
Episode:31/100, avg speed:11.926113672445014
Episode:31/100, avg halt num:0.13117937853107345
Episode:31/100, avg elec cons:0.9526213820905911
 Retrying in 1 seconds
Warning: Unused states in tlLogic 'J10', program '0' in phase 0 after tl-index 10
Simulation......
总奖励:-20516.5822504595, 速度奖励:-14371.555000000391, 加速度奖励:-1553.0272504594732, 交通灯奖励:-4592.0, 与前车进行交互的惩罚:0.0
Episode:32/100, Reward:-20516.5822504595
Episode:32/100, avg speed:11.92178260184306
Episode:32/100, avg halt num:0.1293731778425656
Episode:32/100, avg elec cons:1.087003672295661
 Retrying in 1 seconds
Warning: Unused states in tlLogic 'J10', program '0' in phase 0 after tl-index 10
Simulation......
总奖励:-14706.70708373839, 速度奖励:-12788.770000000253, 加速度奖励:-1461.9370837384506, 交通灯奖励:-456.0, 与前车进行交互的惩罚:0.0
Episode:33/100, Reward:-14706.70708373839
Episode:33/100, avg speed:12.234369440010237
Episode:33/100, avg halt num:0.0772787318361955
Episode:33/100, avg elec cons:1.0774713070881083
 Retrying in 1 seconds
Warning: Unused states in tlLogic 'J10', program '0' in phase 0 after tl-index 10
Simulation......
总奖励:-23772.8892580499, 速度奖励:-16977.330000000304, 加速度奖励:-1809.0592580501893, 交通灯奖励:-4986.5, 与前车进行交互的惩罚:0.0
Episode:34/100, Reward:-23772.8892580499
Episode:34/100, avg speed:11.773434177818489
Episode:34/100, avg halt num:0.1713406292749658
Episode:34/100, avg elec cons:1.1783609718245511
 Retrying in 1 seconds
Warning: Unused states in tlLogic 'J10', program '0' in phase 0 after tl-index 10
Simulation......
总奖励:-15930.365730513067, 速度奖励:-13716.355000000232, 加速度奖励:-1364.0107305130566, 交通灯奖励:-850.0, 与前车进行交互的惩罚:0.0
Episode:35/100, Reward:-15930.365730513067
Episode:35/100, avg speed:12.269330455224619
Episode:35/100, avg halt num:0.10302341838518
Episode:35/100, avg elec cons:1.0083644983733808
 Retrying in 1 seconds
Warning: Unused states in tlLogic 'J10', program '0' in phase 0 after tl-index 10
Simulation......
总奖励:-29707.14246565167, 速度奖励:-22185.35499999991, 加速度奖励:-1771.2874656516176, 交通灯奖励:-5750.5, 与前车进行交互的惩罚:0.0
Episode:36/100, Reward:-29707.14246565167
Episode:36/100, avg speed:9.125654276072012
Episode:36/100, avg halt num:0.3233345272206304
Episode:36/100, avg elec cons:0.698816233915846
 Retrying in 1 seconds
Warning: Unused states in tlLogic 'J10', program '0' in phase 0 after tl-index 10
Simulation......
总奖励:-14471.137969428699, 速度奖励:-11702.980000000329, 加速度奖励:-1314.6579694288023, 交通灯奖励:-1453.5, 与前车进行交互的惩罚:0.0
Episode:37/100, Reward:-14471.137969428699
Episode:37/100, avg speed:12.368457159897238
Episode:37/100, avg halt num:0.12597057621577443
Episode:37/100, avg elec cons:1.769084097480525
 Retrying in 1 seconds
Warning: Unused states in tlLogic 'J10', program '0' in phase 0 after tl-index 10
Simulation......
总奖励:-17912.94529063517, 速度奖励:-11922.690000000355, 加速度奖励:-1154.7552906352262, 交通灯奖励:-4835.5, 与前车进行交互的惩罚:0.0
Episode:38/100, Reward:-17912.94529063517
Episode:38/100, avg speed:13.151010427494285
Episode:38/100, avg halt num:0.2343929528916124
Episode:38/100, avg elec cons:1.2579457556172537
 Retrying in 1 seconds
Warning: Unused states in tlLogic 'J10', program '0' in phase 0 after tl-index 10
Simulation......
总奖励:-31495.992946386832, 速度奖励:-11507.890000000136, 加速度奖励:-1095.6029463869274, 交通灯奖励:-18892.5, 与前车进行交互的惩罚:0.0
Episode:39/100, Reward:-31495.992946386832
Episode:39/100, avg speed:13.37559325919441
Episode:39/100, avg halt num:0.28955592105263156
Episode:39/100, avg elec cons:1.34872192174048
 Retrying in 1 seconds
Warning: Unused states in tlLogic 'J10', program '0' in phase 0 after tl-index 10
Simulation......
总奖励:-45454.496778777866, 速度奖励:-18669.16000000025, 加速度奖励:-1412.3367787771908, 交通灯奖励:-25373.0, 与前车进行交互的惩罚:0.0
Episode:40/100, Reward:-45454.496778777866
Episode:40/100, avg speed:10.326595723182765
Episode:40/100, avg halt num:0.4044853466761973
Episode:40/100, avg elec cons:0.893177453779399
 Retrying in 1 seconds
Warning: Unused states in tlLogic 'J10', program '0' in phase 0 after tl-index 10
Simulation......
总奖励:-29383.187454151335, 速度奖励:-13591.975000000362, 加速度奖励:-1391.71245415145, 交通灯奖励:-14399.5, 与前车进行交互的惩罚:0.0
Episode:41/100, Reward:-29383.187454151335
Episode:41/100, avg speed:11.632291252127445
Episode:41/100, avg halt num:0.16818340917045851
Episode:41/100, avg elec cons:1.2369357352015673
 Retrying in 1 seconds
Warning: Unused states in tlLogic 'J10', program '0' in phase 0 after tl-index 10
Simulation......
总奖励:-29841.059820331036, 速度奖励:-15586.685000000174, 加速度奖励:-1645.3748203312095, 交通灯奖励:-12609.0, 与前车进行交互的惩罚:0.0
Episode:42/100, Reward:-29841.059820331036
Episode:42/100, avg speed:10.897223827135301
Episode:42/100, avg halt num:0.1956045806668912
Episode:42/100, avg elec cons:1.2416966882071352
 Retrying in 1 seconds
Warning: Unused states in tlLogic 'J10', program '0' in phase 0 after tl-index 10
Simulation......
总奖励:-56859.93807500552, 速度奖励:-26124.719999999972, 加速度奖励:-2394.718075004817, 交通灯奖励:-28340.5, 与前车进行交互的惩罚:0.0
Episode:43/100, Reward:-56859.93807500552
Episode:43/100, avg speed:7.630378882761054
Episode:43/100, avg halt num:0.6692574981711777
Episode:43/100, avg elec cons:1.1356045679419071
 Retrying in 1 seconds
Warning: Unused states in tlLogic 'J10', program '0' in phase 0 after tl-index 10
Simulation......
总奖励:-41570.30668983936, 速度奖励:-18037.36500000017, 加速度奖励:-1732.9416898387544, 交通灯奖励:-21800.0, 与前车进行交互的惩罚:0.0
Episode:44/100, Reward:-41570.30668983936
Episode:44/100, avg speed:10.580521059236462
Episode:44/100, avg halt num:0.5150822669104205
Episode:44/100, avg elec cons:1.2981733834362874
 Retrying in 1 seconds
Warning: Unused states in tlLogic 'J10', program '0' in phase 0 after tl-index 10
Simulation......
总奖励:-30342.823325756573, 速度奖励:-13690.490000000385, 加速度奖励:-1429.8333257567854, 交通灯奖励:-15222.5, 与前车进行交互的惩罚:0.0
Episode:45/100, Reward:-30342.823325756573
Episode:45/100, avg speed:11.820257496541297
Episode:45/100, avg halt num:0.288280662151994
Episode:45/100, avg elec cons:1.3860342009681141
 Retrying in 1 seconds
Warning: Unused states in tlLogic 'J10', program '0' in phase 0 after tl-index 10
Simulation......
总奖励:-32088.830760117766, 速度奖励:-18234.65000000035, 加速度奖励:-2210.6807601181285, 交通灯奖励:-11643.5, 与前车进行交互的惩罚:0.0
Episode:46/100, Reward:-32088.830760117766
Episode:46/100, avg speed:10.506317476288471
Episode:46/100, avg halt num:0.2709721380981224
Episode:46/100, avg elec cons:0.9895272085796349
 Retrying in 1 seconds
Warning: Unused states in tlLogic 'J10', program '0' in phase 0 after tl-index 10
Simulation......
总奖励:-48849.034881916494, 速度奖励:-27643.059999999987, 加速度奖励:-2986.4748819156616, 交通灯奖励:-18219.5, 与前车进行交互的惩罚:0.0
Episode:47/100, Reward:-48849.034881916494
Episode:47/100, avg speed:8.221708780392843
Episode:47/100, avg halt num:0.4596774193548387
Episode:47/100, avg elec cons:0.911734135538591
 Retrying in 1 seconds
Warning: Unused states in tlLogic 'J10', program '0' in phase 0 after tl-index 10
Simulation......
总奖励:-50134.4079296049, 速度奖励:-26055.14499999995, 加速度奖励:-2791.7629296039095, 交通灯奖励:-21287.5, 与前车进行交互的惩罚:0.0
Episode:48/100, Reward:-50134.4079296049
Episode:48/100, avg speed:7.970944239586621
Episode:48/100, avg halt num:0.35384908536585363
Episode:48/100, avg elec cons:1.0225531380856825
 Retrying in 1 seconds
Warning: Unused states in tlLogic 'J10', program '0' in phase 0 after tl-index 10
Simulation......
总奖励:-16333.792402764799, 速度奖励:-12399.980000000236, 加速度奖励:-1535.812402764841, 交通灯奖励:-2398.0, 与前车进行交互的惩罚:0.0
Episode:49/100, Reward:-16333.792402764799
Episode:49/100, avg speed:12.777892455076165
Episode:49/100, avg halt num:0.08666969972702457
Episode:49/100, avg elec cons:1.05148262945452
 Retrying in 1 seconds
Warning: Unused states in tlLogic 'J10', program '0' in phase 0 after tl-index 10
Simulation......
总奖励:-15844.791394694155, 速度奖励:-12776.90500000028, 加速度奖励:-1452.3863946941833, 交通灯奖励:-1615.5, 与前车进行交互的惩罚:0.0
Episode:50/100, Reward:-15844.791394694155
Episode:50/100, avg speed:12.600660483999386
Episode:50/100, avg halt num:0.06722054380664652
Episode:50/100, avg elec cons:1.1541987638475357
 Retrying in 1 seconds
Warning: Unused states in tlLogic 'J10', program '0' in phase 0 after tl-index 10
Simulation......
总奖励:-18501.795968553943, 速度奖励:-15263.235000000248, 加速度奖励:-1630.5609685540417, 交通灯奖励:-1608.0, 与前车进行交互的惩罚:0.0
Episode:51/100, Reward:-18501.795968553943
Episode:51/100, avg speed:11.498059269449165
Episode:51/100, avg halt num:0.10770871419865935
Episode:51/100, avg elec cons:0.855593908734138
 Retrying in 1 seconds
Warning: Unused states in tlLogic 'J10', program '0' in phase 0 after tl-index 10
Simulation......
总奖励:-28987.027137366455, 速度奖励:-23169.739999999863, 加速度奖励:-1661.787137366423, 交通灯奖励:-4155.5, 与前车进行交互的惩罚:0.0
Episode:52/100, Reward:-28987.027137366455
Episode:52/100, avg speed:9.692756474918173
Episode:52/100, avg halt num:0.369072708113804
Episode:52/100, avg elec cons:0.6704421473396389
 Retrying in 1 seconds
Warning: Unused states in tlLogic 'J10', program '0' in phase 0 after tl-index 10
Simulation......
总奖励:-13095.50258719436, 速度奖励:-13396.660000000342, 加速度奖励:-1377.84258719447, 交通灯奖励:1679.0, 与前车进行交互的惩罚:0.0
Episode:53/100, Reward:-13095.50258719436
Episode:53/100, avg speed:11.79130762173412
Episode:53/100, avg halt num:0.04333443599073768
Episode:53/100, avg elec cons:1.007181828939938
 Retrying in 1 seconds
Warning: Unused states in tlLogic 'J10', program '0' in phase 0 after tl-index 10
Simulation......
总奖励:-14307.25908600774, 速度奖励:-14806.180000000304, 加速度奖励:-1413.5790860078464, 交通灯奖励:1912.5, 与前车进行交互的惩罚:0.0
Episode:54/100, Reward:-14307.25908600774
Episode:54/100, avg speed:11.727109288738422
Episode:54/100, avg halt num:0.04712487240558013
Episode:54/100, avg elec cons:1.0059907222794058
 Retrying in 1 seconds
Warning: Unused states in tlLogic 'J10', program '0' in phase 0 after tl-index 10
Simulation......
总奖励:-13870.760921711564, 速度奖励:-13877.280000000514, 加速度奖励:-1371.4809217116037, 交通灯奖励:1378.0, 与前车进行交互的惩罚:0.0
Episode:55/100, Reward:-13870.760921711564
Episode:55/100, avg speed:11.441601095130665
Episode:55/100, avg halt num:0.06435079726651481
Episode:55/100, avg elec cons:1.2042080235801464
 Retrying in 1 seconds
Warning: Unused states in tlLogic 'J10', program '0' in phase 0 after tl-index 10
Simulation......
总奖励:-10466.720781807944, 速度奖励:-11723.500000000373, 加速度奖励:-1119.7207818080058, 交通灯奖励:2376.5, 与前车进行交互的惩罚:0.0
Episode:56/100, Reward:-10466.720781807944
Episode:56/100, avg speed:12.865602558151659
Episode:56/100, avg halt num:0.02854827089337176
Episode:56/100, avg elec cons:1.4967671708350838
 Retrying in 1 seconds
Warning: Unused states in tlLogic 'J10', program '0' in phase 0 after tl-index 10
Simulation......
总奖励:-9544.066021381997, 速度奖励:-11257.290000000266, 加速度奖励:-1031.7760213819574, 交通灯奖励:2745.0, 与前车进行交互的惩罚:0.0
Episode:57/100, Reward:-9544.066021381997
Episode:57/100, avg speed:12.464167865444965
Episode:57/100, avg halt num:0.006189123376623377
Episode:57/100, avg elec cons:1.6656920022837411
 Retrying in 1 seconds
Warning: Unused states in tlLogic 'J10', program '0' in phase 0 after tl-index 10
Simulation......
总奖励:-15234.413952891473, 速度奖励:-14913.490000000213, 加速度奖励:-1311.9239528916007, 交通灯奖励:991.0, 与前车进行交互的惩罚:0.0
Episode:58/100, Reward:-15234.413952891473
Episode:58/100, avg speed:10.942000408559997
Episode:58/100, avg halt num:0.0699922660479505
Episode:58/100, avg elec cons:0.9909512572097154
 Retrying in 1 seconds
Warning: Unused states in tlLogic 'J10', program '0' in phase 0 after tl-index 10
Simulation......
总奖励:-15902.570092272954, 速度奖励:-15057.465000000424, 加速度奖励:-1325.105092272977, 交通灯奖励:480.0, 与前车进行交互的惩罚:0.0
Episode:59/100, Reward:-15902.570092272954
Episode:59/100, avg speed:11.660872198988772
Episode:59/100, avg halt num:0.10721080669710807
Episode:59/100, avg elec cons:1.0945713885530546
 Retrying in 1 seconds
Warning: Unused states in tlLogic 'J10', program '0' in phase 0 after tl-index 10
Simulation......
总奖励:-13304.25557405747, 速度奖励:-13746.5850000003, 加速度奖励:-1270.1705740575683, 交通灯奖励:1712.5, 与前车进行交互的惩罚:0.0
Episode:60/100, Reward:-13304.25557405747
Episode:60/100, avg speed:12.189923909546764
Episode:60/100, avg halt num:0.05904442313838287
Episode:60/100, avg elec cons:0.9197830512644914
 Retrying in 1 seconds
Warning: Unused states in tlLogic 'J10', program '0' in phase 0 after tl-index 10
Simulation......
总奖励:-22790.630752420075, 速度奖励:-19392.98000000009, 加速度奖励:-1671.1507524200647, 交通灯奖励:-1726.5, 与前车进行交互的惩罚:0.0
Episode:61/100, Reward:-22790.630752420075
Episode:61/100, avg speed:9.565115068155928
Episode:61/100, avg halt num:0.19040808543096874
Episode:61/100, avg elec cons:0.7357295778117099
 Retrying in 1 seconds
Warning: Unused states in tlLogic 'J10', program '0' in phase 0 after tl-index 10
Simulation......
总奖励:-20058.555190869214, 速度奖励:-17386.10000000025, 加速度奖励:-1661.955190869456, 交通灯奖励:-1010.5, 与前车进行交互的惩罚:0.0
Episode:62/100, Reward:-20058.555190869214
Episode:62/100, avg speed:10.193901810531813
Episode:62/100, avg halt num:0.11819840743198408
Episode:62/100, avg elec cons:0.741224896286735
 Retrying in 1 seconds
Warning: Unused states in tlLogic 'J10', program '0' in phase 0 after tl-index 10
Simulation......
总奖励:-18136.46055229424, 速度奖励:-16481.080000000406, 加速度奖励:-1512.8805522942557, 交通灯奖励:-142.5, 与前车进行交互的惩罚:0.0
Episode:63/100, Reward:-18136.46055229424
Episode:63/100, avg speed:11.303393308893842
Episode:63/100, avg halt num:0.0925897514575023
Episode:63/100, avg elec cons:0.6464068538538796
 Retrying in 1 seconds
Warning: Unused states in tlLogic 'J10', program '0' in phase 0 after tl-index 10
Simulation......
总奖励:-16692.9390705917, 速度奖励:-15234.85000000042, 加速度奖励:-1370.0890705918273, 交通灯奖励:-88.0, 与前车进行交互的惩罚:0.0
Episode:64/100, Reward:-16692.9390705917
Episode:64/100, avg speed:10.828541323385792
Episode:64/100, avg halt num:0.09975017844396859
Episode:64/100, avg elec cons:0.8072319053016496
 Retrying in 1 seconds
Warning: Unused states in tlLogic 'J10', program '0' in phase 0 after tl-index 10
Simulation......
总奖励:-17238.559825087366, 速度奖励:-15877.360000000412, 加速度奖励:-1411.1998250875235, 交通灯奖励:50.0, 与前车进行交互的惩罚:0.0
Episode:65/100, Reward:-17238.559825087366
Episode:65/100, avg speed:11.028577514322679
Episode:65/100, avg halt num:0.10874089490114464
Episode:65/100, avg elec cons:0.7508921071172447
 Retrying in 1 seconds
Warning: Unused states in tlLogic 'J10', program '0' in phase 0 after tl-index 10
Simulation......
总奖励:-14651.086727932678, 速度奖励:-14201.590000000475, 加速度奖励:-1338.9967279327664, 交通灯奖励:889.5, 与前车进行交互的惩罚:0.0
Episode:66/100, Reward:-14651.086727932678
Episode:66/100, avg speed:12.896877964218977
Episode:66/100, avg halt num:0.05229315153393244
Episode:66/100, avg elec cons:0.8954060755073647
 Retrying in 1 seconds
Warning: Unused states in tlLogic 'J10', program '0' in phase 0 after tl-index 10
Simulation......
总奖励:-14842.677893591117, 速度奖励:-13228.400000000334, 加速度奖励:-1213.277893591144, 交通灯奖励:-401.0, 与前车进行交互的惩罚:0.0
Episode:67/100, Reward:-14842.677893591117
Episode:67/100, avg speed:13.113666313911635
Episode:67/100, avg halt num:0.0748315688161694
Episode:67/100, avg elec cons:0.9926461754154005
 Retrying in 1 seconds
Warning: Unused states in tlLogic 'J10', program '0' in phase 0 after tl-index 10
Simulation......
总奖励:-17577.405486178537, 速度奖励:-15540.245000000365, 加速度奖励:-1383.660486178557, 交通灯奖励:-653.5, 与前车进行交互的惩罚:0.0
Episode:68/100, Reward:-17577.405486178537
Episode:68/100, avg speed:11.779376070137292
Episode:68/100, avg halt num:0.1074936628643853
Episode:68/100, avg elec cons:0.7174607087930359
 Retrying in 1 seconds
Warning: Unused states in tlLogic 'J10', program '0' in phase 0 after tl-index 10
Simulation......
总奖励:-17013.344409199275, 速度奖励:-15906.550000000412, 加速度奖励:-1422.2944091994548, 交通灯奖励:315.5, 与前车进行交互的惩罚:0.0
Episode:69/100, Reward:-17013.344409199275
Episode:69/100, avg speed:11.150331555736015
Episode:69/100, avg halt num:0.13480024031240612
Episode:69/100, avg elec cons:0.6426344992739975
 Retrying in 1 seconds
Warning: Unused states in tlLogic 'J10', program '0' in phase 0 after tl-index 10
Simulation......
总奖励:-12906.36252327458, 速度奖励:-13432.730000000245, 加速度奖励:-1250.632523274571, 交通灯奖励:1777.0, 与前车进行交互的惩罚:0.0
Episode:70/100, Reward:-12906.36252327458
Episode:70/100, avg speed:11.590512213474684
Episode:70/100, avg halt num:0.08874527112232031
Episode:70/100, avg elec cons:0.8714975175958691
 Retrying in 1 seconds
Warning: Unused states in tlLogic 'J10', program '0' in phase 0 after tl-index 10
Simulation......
总奖励:-14672.028375121663, 速度奖励:-14984.635000000279, 加速度奖励:-1373.3933751216575, 交通灯奖励:1686.0, 与前车进行交互的惩罚:0.0
Episode:71/100, Reward:-14672.028375121663
Episode:71/100, avg speed:11.497114394260983
Episode:71/100, avg halt num:0.07136045772409409
Episode:71/100, avg elec cons:0.7931879311514354
 Retrying in 1 seconds
Warning: Unused states in tlLogic 'J10', program '0' in phase 0 after tl-index 10
Simulation......
总奖励:-31860.16420159449, 速度奖励:-26480.394999999702, 加速度奖励:-1694.2692015944504, 交通灯奖励:-3685.5, 与前车进行交互的惩罚:0.0
Episode:72/100, Reward:-31860.16420159449
Episode:72/100, avg speed:8.183664243739704
Episode:72/100, avg halt num:0.6259640102827764
Episode:72/100, avg elec cons:0.7247436706796159
 Retrying in 1 seconds
Warning: Unused states in tlLogic 'J10', program '0' in phase 0 after tl-index 10
Simulation......
总奖励:-13635.940992770193, 速度奖励:-14808.600000000284, 加速度奖励:-1337.3409927702432, 交通灯奖励:2510.0, 与前车进行交互的惩罚:0.0
Episode:73/100, Reward:-13635.940992770193
Episode:73/100, avg speed:11.807605442953866
Episode:73/100, avg halt num:0.05126160092807425
Episode:73/100, avg elec cons:0.7147230915903494
 Retrying in 1 seconds
Warning: Unused states in tlLogic 'J10', program '0' in phase 0 after tl-index 10
Simulation......
总奖励:-14151.820728620927, 速度奖励:-15538.065000000253, 加速度奖励:-1200.2557286210247, 交通灯奖励:2586.5, 与前车进行交互的惩罚:0.0
Episode:74/100, Reward:-14151.820728620927
Episode:74/100, avg speed:12.017984173455556
Episode:74/100, avg halt num:0.11526743398781314
Episode:74/100, avg elec cons:0.8182970947111303
 Retrying in 1 seconds
Warning: Unused states in tlLogic 'J10', program '0' in phase 0 after tl-index 10
Simulation......
总奖励:-13558.351653967251, 速度奖励:-15102.640000000358, 加速度奖励:-1330.2116539673025, 交通灯奖励:2874.5, 与前车进行交互的惩罚:0.0
Episode:75/100, Reward:-13558.351653967251
Episode:75/100, avg speed:11.900638440804256
Episode:75/100, avg halt num:0.10450290510006456
Episode:75/100, avg elec cons:0.7876783905469943
 Retrying in 1 seconds
Warning: Unused states in tlLogic 'J10', program '0' in phase 0 after tl-index 10
Simulation......
总奖励:-12765.434592318328, 速度奖励:-13710.940000000348, 加速度奖励:-1319.9945923183714, 交通灯奖励:2265.5, 与前车进行交互的惩罚:0.0
Episode:76/100, Reward:-12765.434592318328
Episode:76/100, avg speed:11.472834588270187
Episode:76/100, avg halt num:0.09837649787398531
Episode:76/100, avg elec cons:1.0072613570549827
 Retrying in 1 seconds
Warning: Unused states in tlLogic 'J10', program '0' in phase 0 after tl-index 10
Simulation......
总奖励:-13054.740385492809, 速度奖励:-13750.575000000354, 加速度奖励:-1327.6653854928338, 交通灯奖励:2023.5, 与前车进行交互的惩罚:0.0
Episode:77/100, Reward:-13054.740385492809
Episode:77/100, avg speed:11.82252753956505
Episode:77/100, avg halt num:0.10026138909634055
Episode:77/100, avg elec cons:1.1618654658386571
 Retrying in 1 seconds
Warning: Unused states in tlLogic 'J10', program '0' in phase 0 after tl-index 10
Simulation......
总奖励:-15440.482980846555, 速度奖励:-14818.51500000035, 加速度奖励:-1558.4679808466933, 交通灯奖励:936.5, 与前车进行交互的惩罚:0.0
Episode:78/100, Reward:-15440.482980846555
Episode:78/100, avg speed:10.925374248254695
Episode:78/100, avg halt num:0.1256424375917768
Episode:78/100, avg elec cons:1.0396579024817023
 Retrying in 1 seconds
Warning: Unused states in tlLogic 'J10', program '0' in phase 0 after tl-index 10
Simulation......
总奖励:-15561.8466655868, 速度奖励:-13358.860000000388, 加速度奖励:-1454.9866655869323, 交通灯奖励:-748.0, 与前车进行交互的惩罚:0.0
Episode:79/100, Reward:-15561.8466655868
Episode:79/100, avg speed:12.114635731803178
Episode:79/100, avg halt num:0.0813031709203403
Episode:79/100, avg elec cons:1.1888766434687636
 Retrying in 1 seconds
Warning: Unused states in tlLogic 'J10', program '0' in phase 0 after tl-index 10
Simulation......
总奖励:-14108.32385736296, 速度奖励:-11202.095000000289, 加速度奖励:-1128.7288573630094, 交通灯奖励:-1777.5, 与前车进行交互的惩罚:0.0
Episode:80/100, Reward:-14108.32385736296
Episode:80/100, avg speed:13.121223699583222
Episode:80/100, avg halt num:0.1129874651810585
Episode:80/100, avg elec cons:1.1539151003226593
 Retrying in 1 seconds
Warning: Unused states in tlLogic 'J10', program '0' in phase 0 after tl-index 10
Simulation......
总奖励:-13102.268375312678, 速度奖励:-11114.675000000248, 加速度奖励:-1126.093375312729, 交通灯奖励:-861.5, 与前车进行交互的惩罚:0.0
Episode:81/100, Reward:-13102.268375312678
Episode:81/100, avg speed:13.092528820863574
Episode:81/100, avg halt num:0.07623797648735305
Episode:81/100, avg elec cons:1.1794205122364771
 Retrying in 1 seconds
Warning: Unused states in tlLogic 'J10', program '0' in phase 0 after tl-index 10
Simulation......
总奖励:-18428.390011057163, 速度奖励:-15449.785000000331, 加速度奖励:-1410.1050110571937, 交通灯奖励:-1568.5, 与前车进行交互的惩罚:0.0
Episode:82/100, Reward:-18428.390011057163
Episode:82/100, avg speed:10.77353300657284
Episode:82/100, avg halt num:0.18525248661055854
Episode:82/100, avg elec cons:1.0454361596688777
 Retrying in 1 seconds
Warning: Unused states in tlLogic 'J10', program '0' in phase 0 after tl-index 10
Simulation......
总奖励:-23267.159283556066, 速度奖励:-20487.259999999806, 加速度奖励:-1899.8992835561016, 交通灯奖励:-880.0, 与前车进行交互的惩罚:0.0
Episode:83/100, Reward:-23267.159283556066
Episode:83/100, avg speed:10.175730983249728
Episode:83/100, avg halt num:0.3257100396301189
Episode:83/100, avg elec cons:0.8072516165504596
 Retrying in 1 seconds
Warning: Unused states in tlLogic 'J10', program '0' in phase 0 after tl-index 10
Simulation......
总奖励:-11382.556856815827, 速度奖励:-11065.52500000031, 加速度奖励:-1552.03185681586, 交通灯奖励:1235.0, 与前车进行交互的惩罚:0.0
Episode:84/100, Reward:-11382.556856815827
Episode:84/100, avg speed:12.137406079162021
Episode:84/100, avg halt num:0.06864077669902913
Episode:84/100, avg elec cons:1.7620263255249358
 Retrying in 1 seconds
Warning: Unused states in tlLogic 'J10', program '0' in phase 0 after tl-index 10
Simulation......
总奖励:-11150.584275515754, 速度奖励:-10243.275000000169, 加速度奖励:-954.309275515714, 交通灯奖励:47.0, 与前车进行交互的惩罚:0.0
Episode:85/100, Reward:-11150.584275515754
Episode:85/100, avg speed:14.172610669799429
Episode:85/100, avg halt num:0.04407345575959933
Episode:85/100, avg elec cons:1.4300419527262087
 Retrying in 1 seconds
Warning: Unused states in tlLogic 'J10', program '0' in phase 0 after tl-index 10
Simulation......
总奖励:-10720.12944326086, 速度奖励:-11843.445000000114, 加速度奖励:-972.6844432609341, 交通灯奖励:2096.0, 与前车进行交互的惩罚:0.0
Episode:86/100, Reward:-10720.12944326086
Episode:86/100, avg speed:12.929526177913955
Episode:86/100, avg halt num:0.07240559024680344
Episode:86/100, avg elec cons:1.0010786093104465
 Retrying in 1 seconds
Warning: Unused states in tlLogic 'J10', program '0' in phase 0 after tl-index 10
Simulation......
总奖励:-20220.263149228886, 速度奖励:-18998.94999999992, 加速度奖励:-1261.8131492289217, 交通灯奖励:40.5, 与前车进行交互的惩罚:0.0
Episode:87/100, Reward:-20220.263149228886
Episode:87/100, avg speed:9.742037043657072
Episode:87/100, avg halt num:0.3110228198859006
Episode:87/100, avg elec cons:0.8321754787854992
 Retrying in 1 seconds
Warning: Unused states in tlLogic 'J10', program '0' in phase 0 after tl-index 10
Simulation......
总奖励:-12190.337670936971, 速度奖励:-11982.635000000404, 加速度奖励:-1393.7026709369964, 交通灯奖励:1186.0, 与前车进行交互的惩罚:0.0
Episode:88/100, Reward:-12190.337670936971
Episode:88/100, avg speed:12.696001923486861
Episode:88/100, avg halt num:0.044876088412592094
Episode:88/100, avg elec cons:1.6425678587903179
 Retrying in 1 seconds
Warning: Unused states in tlLogic 'J10', program '0' in phase 0 after tl-index 10
Simulation......
总奖励:-13440.757753672768, 速度奖励:-12484.950000000306, 加速度奖励:-1411.8077536727933, 交通灯奖励:456.0, 与前车进行交互的惩罚:0.0
Episode:89/100, Reward:-13440.757753672768
Episode:89/100, avg speed:12.172062970169806
Episode:89/100, avg halt num:0.07884399551066218
Episode:89/100, avg elec cons:1.7650143095330615
 Retrying in 1 seconds
Warning: Unused states in tlLogic 'J10', program '0' in phase 0 after tl-index 10
Simulation......
总奖励:-9293.464079654696, 速度奖励:-9729.745000000099, 加速度奖励:-961.7190796547791, 交通灯奖励:1398.0, 与前车进行交互的惩罚:0.0
Episode:90/100, Reward:-9293.464079654696
Episode:90/100, avg speed:13.536245929361684
Episode:90/100, avg halt num:0.059053578412201796
Episode:90/100, avg elec cons:1.8273752524252198
 Retrying in 1 seconds
Warning: Unused states in tlLogic 'J10', program '0' in phase 0 after tl-index 10
Simulation......
总奖励:-15969.226616330783, 速度奖励:-12921.270000000191, 加速度奖励:-1218.956616330772, 交通灯奖励:-1829.0, 与前车进行交互的惩罚:0.0
Episode:91/100, Reward:-15969.226616330783
Episode:91/100, avg speed:12.137634963983908
Episode:91/100, avg halt num:0.17877465857359637
Episode:91/100, avg elec cons:1.3645417526407495
 Retrying in 1 seconds
Warning: Unused states in tlLogic 'J10', program '0' in phase 0 after tl-index 10
Simulation......
总奖励:-13598.485939462087, 速度奖励:-12819.495000000315, 加速度奖励:-1287.9909394621416, 交通灯奖励:509.0, 与前车进行交互的惩罚:0.0
Episode:92/100, Reward:-13598.485939462087
Episode:92/100, avg speed:12.047800127211083
Episode:92/100, avg halt num:0.16354521377222853
Episode:92/100, avg elec cons:1.42130183708526
 Retrying in 1 seconds
Warning: Unused states in tlLogic 'J10', program '0' in phase 0 after tl-index 10
Simulation......
总奖励:-10596.219724211407, 速度奖励:-11618.835000000345, 加速度奖励:-1229.3847242114377, 交通灯奖励:2252.0, 与前车进行交互的惩罚:0.0
Episode:93/100, Reward:-10596.219724211407
Episode:93/100, avg speed:12.71368925439975
Episode:93/100, avg halt num:0.07443936877076412
Episode:93/100, avg elec cons:1.8072937555729363
 Retrying in 1 seconds
Warning: Unused states in tlLogic 'J10', program '0' in phase 0 after tl-index 10
Simulation......
总奖励:-11913.234574187885, 速度奖励:-11519.98000000027, 加速度奖励:-1341.2545741879198, 交通灯奖励:948.0, 与前车进行交互的惩罚:0.0
Episode:94/100, Reward:-11913.234574187885
Episode:94/100, avg speed:13.187360226146398
Episode:94/100, avg halt num:0.054516346477923826
Episode:94/100, avg elec cons:1.5806067602130596
 Retrying in 1 seconds
Warning: Unused states in tlLogic 'J10', program '0' in phase 0 after tl-index 10
Simulation......
总奖励:-13174.76130783491, 速度奖励:-11412.080000000306, 加速度奖励:-1327.1813078349965, 交通灯奖励:-435.5, 与前车进行交互的惩罚:0.0
Episode:95/100, Reward:-13174.76130783491
Episode:95/100, avg speed:12.418926872871006
Episode:95/100, avg halt num:0.07661290322580645
Episode:95/100, avg elec cons:1.6942267951082641
 Retrying in 1 seconds
Warning: Unused states in tlLogic 'J10', program '0' in phase 0 after tl-index 10
Simulation......
总奖励:-14016.770053663722, 速度奖励:-11922.700000000412, 加速度奖励:-1322.5700536637762, 交通灯奖励:-771.5, 与前车进行交互的惩罚:0.0
Episode:96/100, Reward:-14016.770053663722
Episode:96/100, avg speed:12.29676179349853
Episode:96/100, avg halt num:0.11616743471582182
Episode:96/100, avg elec cons:1.476191889924495
 Retrying in 1 seconds
Warning: Unused states in tlLogic 'J10', program '0' in phase 0 after tl-index 10
Simulation......
总奖励:-17992.64984993158, 速度奖励:-15532.65000000033, 加速度奖励:-1418.9998499318092, 交通灯奖励:-1041.0, 与前车进行交互的惩罚:0.0
Episode:97/100, Reward:-17992.64984993158
Episode:97/100, avg speed:11.560103598653646
Episode:97/100, avg halt num:0.22597042513863216
Episode:97/100, avg elec cons:1.1586292270693208
 Retrying in 1 seconds
Warning: Unused states in tlLogic 'J10', program '0' in phase 0 after tl-index 10
Simulation......
总奖励:-13392.3804927651, 速度奖励:-13809.910000000273, 加速度奖励:-1158.9704927651494, 交通灯奖励:1576.5, 与前车进行交互的惩罚:0.0
Episode:98/100, Reward:-13392.3804927651
Episode:98/100, avg speed:11.281818377520727
Episode:98/100, avg halt num:0.12137330754352031
Episode:98/100, avg elec cons:1.095394964414074
 Retrying in 1 seconds
Warning: Unused states in tlLogic 'J10', program '0' in phase 0 after tl-index 10
Simulation......
总奖励:-9599.632529615494, 速度奖励:-11077.160000000267, 加速度奖励:-971.972529615553, 交通灯奖励:2449.5, 与前车进行交互的惩罚:0.0
Episode:99/100, Reward:-9599.632529615494
Episode:99/100, avg speed:13.84877837346264
Episode:99/100, avg halt num:0.02857637686179425
Episode:99/100, avg elec cons:1.2494566116172536
 Retrying in 1 seconds
Warning: Unused states in tlLogic 'J10', program '0' in phase 0 after tl-index 10
Simulation......
总奖励:-10467.32757860334, 速度奖励:-8895.87999999998, 加速度奖励:-790.447578603393, 交通灯奖励:-781.0, 与前车进行交互的惩罚:0.0
Episode:100/100, Reward:-10467.32757860334
Episode:100/100, avg speed:14.963359638850362
Episode:100/100, avg halt num:0.03584809264305177
Episode:100/100, avg elec cons:1.6300011423623597
model saved successfully!
Complete training!
final reward list:[-29747.903342679245, -33435.6382322503, -32058.95491950279, -29358.546379521387, -42820.39801228663, -27689.429955138636, -23005.437032634087, -39364.4533256643, -27778.030080331402, -18882.269443662084, -20731.69063007, -22681.320906973775, -24501.74030351178, -22283.44465917327, -31243.987107447723, -51433.16369083345, -27233.68105815215, -44619.87587161882, -25871.393985711795, -24090.425563333018, -35496.967190518946, -30577.1754110555, -22305.698886249455, -39099.20713847529, -40106.44098409612, -48908.794303021285, -36672.54003216907, -35456.52033030781, -21167.334873504027, -21592.676777837343, -20465.119788436055, -20516.5822504595, -14706.70708373839, -23772.8892580499, -15930.365730513067, -29707.14246565167, -14471.137969428699, -17912.94529063517, -31495.992946386832, -45454.496778777866, -29383.187454151335, -29841.059820331036, -56859.93807500552, -41570.30668983936, -30342.823325756573, -32088.830760117766, -48849.034881916494, -50134.4079296049, -16333.792402764799, -15844.791394694155, -18501.795968553943, -28987.027137366455, -13095.50258719436, -14307.25908600774, -13870.760921711564, -10466.720781807944, -9544.066021381997, -15234.413952891473, -15902.570092272954, -13304.25557405747, -22790.630752420075, -20058.555190869214, -18136.46055229424, -16692.9390705917, -17238.559825087366, -14651.086727932678, -14842.677893591117, -17577.405486178537, -17013.344409199275, -12906.36252327458, -14672.028375121663, -31860.16420159449, -13635.940992770193, -14151.820728620927, -13558.351653967251, -12765.434592318328, -13054.740385492809, -15440.482980846555, -15561.8466655868, -14108.32385736296, -13102.268375312678, -18428.390011057163, -23267.159283556066, -11382.556856815827, -11150.584275515754, -10720.12944326086, -20220.263149228886, -12190.337670936971, -13440.757753672768, -9293.464079654696, -15969.226616330783, -13598.485939462087, -10596.219724211407, -11913.234574187885, -13174.76130783491, -14016.770053663722, -17992.64984993158, -13392.3804927651, -9599.632529615494, -10467.32757860334]
final speed list:[14.437917980568516, 14.017458994774065, 13.503954081956632, 9.916340527391242, 7.6905415876138035, 9.823020290782955, 10.558387041841307, 9.3329558875623, 9.746891553696278, 12.281854689570554, 13.374161223627567, 12.850669505668597, 11.821803378750364, 11.869059985888605, 12.597041617435945, 8.774536043553713, 12.28307738325323, 10.148376673542865, 13.830420827207563, 12.687318543926033, 8.66005353968855, 10.92753038343631, 12.963631277256052, 8.666911594327686, 10.816383766042081, 8.240932343637015, 9.079934414900293, 9.03981168040288, 10.871872015628988, 11.647840452500418, 11.926113672445014, 11.92178260184306, 12.234369440010237, 11.773434177818489, 12.269330455224619, 9.125654276072012, 12.368457159897238, 13.151010427494285, 13.37559325919441, 10.326595723182765, 11.632291252127445, 10.897223827135301, 7.630378882761054, 10.580521059236462, 11.820257496541297, 10.506317476288471, 8.221708780392843, 7.970944239586621, 12.777892455076165, 12.600660483999386, 11.498059269449165, 9.692756474918173, 11.79130762173412, 11.727109288738422, 11.441601095130665, 12.865602558151659, 12.464167865444965, 10.942000408559997, 11.660872198988772, 12.189923909546764, 9.565115068155928, 10.193901810531813, 11.303393308893842, 10.828541323385792, 11.028577514322679, 12.896877964218977, 13.113666313911635, 11.779376070137292, 11.150331555736015, 11.590512213474684, 11.497114394260983, 8.183664243739704, 11.807605442953866, 12.017984173455556, 11.900638440804256, 11.472834588270187, 11.82252753956505, 10.925374248254695, 12.114635731803178, 13.121223699583222, 13.092528820863574, 10.77353300657284, 10.175730983249728, 12.137406079162021, 14.172610669799429, 12.929526177913955, 9.742037043657072, 12.696001923486861, 12.172062970169806, 13.536245929361684, 12.137634963983908, 12.047800127211083, 12.71368925439975, 13.187360226146398, 12.418926872871006, 12.29676179349853, 11.560103598653646, 11.281818377520727, 13.84877837346264, 14.963359638850362]
final elec cons list:[1.762902998089894, 1.8991220424325361, 1.7209359244975386, 0.9387694038889314, 0.5091885810291397, 0.4773177912195757, 0.5078142165829705, 0.5191557463281942, 0.5056172182128175, 0.9423212446945434, 0.9005537714131857, 0.8388054309808792, 0.6799789292701773, 0.8480484079398634, 0.9806909169202577, 0.8244281702972583, 1.1961379085890205, 1.2400460133857338, 1.2945588526509546, 0.9707240149467613, 0.6084956283703796, 1.1537463992862667, 1.1067168347628347, 0.5662823680041535, 0.8094465502355936, 0.7440962647321937, 0.7729696275427766, 0.9753520512981468, 1.1013000829307453, 1.001880574167751, 0.9526213820905911, 1.087003672295661, 1.0774713070881083, 1.1783609718245511, 1.0083644983733808, 0.698816233915846, 1.769084097480525, 1.2579457556172537, 1.34872192174048, 0.893177453779399, 1.2369357352015673, 1.2416966882071352, 1.1356045679419071, 1.2981733834362874, 1.3860342009681141, 0.9895272085796349, 0.911734135538591, 1.0225531380856825, 1.05148262945452, 1.1541987638475357, 0.855593908734138, 0.6704421473396389, 1.007181828939938, 1.0059907222794058, 1.2042080235801464, 1.4967671708350838, 1.6656920022837411, 0.9909512572097154, 1.0945713885530546, 0.9197830512644914, 0.7357295778117099, 0.741224896286735, 0.6464068538538796, 0.8072319053016496, 0.7508921071172447, 0.8954060755073647, 0.9926461754154005, 0.7174607087930359, 0.6426344992739975, 0.8714975175958691, 0.7931879311514354, 0.7247436706796159, 0.7147230915903494, 0.8182970947111303, 0.7876783905469943, 1.0072613570549827, 1.1618654658386571, 1.0396579024817023, 1.1888766434687636, 1.1539151003226593, 1.1794205122364771, 1.0454361596688777, 0.8072516165504596, 1.7620263255249358, 1.4300419527262087, 1.0010786093104465, 0.8321754787854992, 1.6425678587903179, 1.7650143095330615, 1.8273752524252198, 1.3645417526407495, 1.42130183708526, 1.8072937555729363, 1.5806067602130596, 1.6942267951082641, 1.476191889924495, 1.1586292270693208, 1.095394964414074, 1.2494566116172536, 1.6300011423623597]
final halt list:[0.3433744722312439, 0.4596020761245675, 0.23020765736534718, 0.45373001776198935, 0.831043445971036, 0.3164283338875956, 0.15861447756305275, 0.483148526407937, 0.260707635009311, 0.12389154160982264, 0.1648521286967826, 0.2168194161575017, 0.2731788079470199, 0.22376596479116329, 0.42274872912127814, 0.4535141589901058, 0.2507655665192242, 0.5096037201779215, 0.23559561682573346, 0.20333437207852914, 0.18715753424657533, 0.18965833945628213, 0.16643432465923172, 0.36138310893512854, 0.3345755022683085, 0.650761421319797, 0.3500830564784053, 0.4858712715855573, 0.20387881126978, 0.1507537688442211, 0.13117937853107345, 0.1293731778425656, 0.0772787318361955, 0.1713406292749658, 0.10302341838518, 0.3233345272206304, 0.12597057621577443, 0.2343929528916124, 0.28955592105263156, 0.4044853466761973, 0.16818340917045851, 0.1956045806668912, 0.6692574981711777, 0.5150822669104205, 0.288280662151994, 0.2709721380981224, 0.4596774193548387, 0.35384908536585363, 0.08666969972702457, 0.06722054380664652, 0.10770871419865935, 0.369072708113804, 0.04333443599073768, 0.04712487240558013, 0.06435079726651481, 0.02854827089337176, 0.006189123376623377, 0.0699922660479505, 0.10721080669710807, 0.05904442313838287, 0.19040808543096874, 0.11819840743198408, 0.0925897514575023, 0.09975017844396859, 0.10874089490114464, 0.05229315153393244, 0.0748315688161694, 0.1074936628643853, 0.13480024031240612, 0.08874527112232031, 0.07136045772409409, 0.6259640102827764, 0.05126160092807425, 0.11526743398781314, 0.10450290510006456, 0.09837649787398531, 0.10026138909634055, 0.1256424375917768, 0.0813031709203403, 0.1129874651810585, 0.07623797648735305, 0.18525248661055854, 0.3257100396301189, 0.06864077669902913, 0.04407345575959933, 0.07240559024680344, 0.3110228198859006, 0.044876088412592094, 0.07884399551066218, 0.059053578412201796, 0.17877465857359637, 0.16354521377222853, 0.07443936877076412, 0.054516346477923826, 0.07661290322580645, 0.11616743471582182, 0.22597042513863216, 0.12137330754352031, 0.02857637686179425, 0.03584809264305177]
speed reward list:[-12339.165000000286, -14431.305000000404, -14790.725000000291, -20053.420000000075, -29503.574999999837, -22084.43999999993, -18845.10000000009, -26258.739999999634, -19678.365000000194, -13287.755000000387, -12876.99500000033, -13755.715000000402, -16634.12500000031, -14542.16500000044, -16869.315000000304, -22671.69500000009, -15043.635000000784, -18931.080000000027, -12435.255000000447, -13512.36500000024, -21821.21500000011, -18924.799999999817, -12932.655000000124, -24386.7399999999, -22216.264999999756, -30449.914999999888, -23105.939999999857, -22583.894999999706, -15520.95000000043, -14839.955000000275, -14819.725000000313, -14371.555000000391, -12788.770000000253, -16977.330000000304, -13716.355000000232, -22185.35499999991, -11702.980000000329, -11922.690000000355, -11507.890000000136, -18669.16000000025, -13591.975000000362, -15586.685000000174, -26124.719999999972, -18037.36500000017, -13690.490000000385, -18234.65000000035, -27643.059999999987, -26055.14499999995, -12399.980000000236, -12776.90500000028, -15263.235000000248, -23169.739999999863, -13396.660000000342, -14806.180000000304, -13877.280000000514, -11723.500000000373, -11257.290000000266, -14913.490000000213, -15057.465000000424, -13746.5850000003, -19392.98000000009, -17386.10000000025, -16481.080000000406, -15234.85000000042, -15877.360000000412, -14201.590000000475, -13228.400000000334, -15540.245000000365, -15906.550000000412, -13432.730000000245, -14984.635000000279, -26480.394999999702, -14808.600000000284, -15538.065000000253, -15102.640000000358, -13710.940000000348, -13750.575000000354, -14818.51500000035, -13358.860000000388, -11202.095000000289, -11114.675000000248, -15449.785000000331, -20487.259999999806, -11065.52500000031, -10243.275000000169, -11843.445000000114, -18998.94999999992, -11982.635000000404, -12484.950000000306, -9729.745000000099, -12921.270000000191, -12819.495000000315, -11618.835000000345, -11519.98000000027, -11412.080000000306, -11922.700000000412, -15532.65000000033, -13809.910000000273, -11077.160000000267, -8895.87999999998]
accel reward list:[-711.2383426792711, -681.333232250229, -1779.229919502718, -1272.626379521471, -1010.8230122865906, -1104.9899551388196, -1003.3370326342393, -1582.2133256638388, -1042.6650803314851, -1034.0144436621047, -988.6956300700874, -949.1059069738586, -1094.6153035118507, -906.7796591733775, -931.6721074479115, -1347.9686908331432, -1299.0460581521668, -1210.2958716181824, -850.6389857118056, -1012.0605633330216, -1692.7521905186054, -1642.8754110555976, -1220.5438862496158, -2004.4671384748567, -1964.1759840956518, -2637.879303020895, -2170.1000321686993, -2070.6253303076815, -1775.884873504192, -1771.221777837502, -1566.394788436299, -1553.0272504594732, -1461.9370837384506, -1809.0592580501893, -1364.0107305130566, -1771.2874656516176, -1314.6579694288023, -1154.7552906352262, -1095.6029463869274, -1412.3367787771908, -1391.71245415145, -1645.3748203312095, -2394.718075004817, -1732.9416898387544, -1429.8333257567854, -2210.6807601181285, -2986.4748819156616, -2791.7629296039095, -1535.812402764841, -1452.3863946941833, -1630.5609685540417, -1661.787137366423, -1377.84258719447, -1413.5790860078464, -1371.4809217116037, -1119.7207818080058, -1031.7760213819574, -1311.9239528916007, -1325.105092272977, -1270.1705740575683, -1671.1507524200647, -1661.955190869456, -1512.8805522942557, -1370.0890705918273, -1411.1998250875235, -1338.9967279327664, -1213.277893591144, -1383.660486178557, -1422.2944091994548, -1250.632523274571, -1373.3933751216575, -1694.2692015944504, -1337.3409927702432, -1200.2557286210247, -1330.2116539673025, -1319.9945923183714, -1327.6653854928338, -1558.4679808466933, -1454.9866655869323, -1128.7288573630094, -1126.093375312729, -1410.1050110571937, -1899.8992835561016, -1552.03185681586, -954.309275515714, -972.6844432609341, -1261.8131492289217, -1393.7026709369964, -1411.8077536727933, -961.7190796547791, -1218.956616330772, -1287.9909394621416, -1229.3847242114377, -1341.2545741879198, -1327.1813078349965, -1322.5700536637762, -1418.9998499318092, -1158.9704927651494, -971.972529615553, -790.447578603393]
tls reward list:[-16697.5, -18323.0, -15489.0, -8032.5, -12306.0, -4500.0, -3157.0, -11523.5, -7057.0, -4560.5, -6866.0, -7976.5, -6773.0, -6834.5, -13443.0, -27413.5, -10891.0, -24478.5, -12585.5, -9566.0, -11983.0, -10009.5, -8152.5, -12708.0, -15926.0, -15821.0, -11396.5, -10802.0, -3870.5, -4981.5, -4079.0, -4592.0, -456.0, -4986.5, -850.0, -5750.5, -1453.5, -4835.5, -18892.5, -25373.0, -14399.5, -12609.0, -28340.5, -21800.0, -15222.5, -11643.5, -18219.5, -21287.5, -2398.0, -1615.5, -1608.0, -4155.5, 1679.0, 1912.5, 1378.0, 2376.5, 2745.0, 991.0, 480.0, 1712.5, -1726.5, -1010.5, -142.5, -88.0, 50.0, 889.5, -401.0, -653.5, 315.5, 1777.0, 1686.0, -3685.5, 2510.0, 2586.5, 2874.5, 2265.5, 2023.5, 936.5, -748.0, -1777.5, -861.5, -1568.5, -880.0, 1235.0, 47.0, 2096.0, 40.5, 1186.0, 456.0, 1398.0, -1829.0, 509.0, 2252.0, 948.0, -435.5, -771.5, -1041.0, 1576.5, 2449.5, -781.0]
extra reward list:[0.0, 0.0, 0.0, 0.0, 0.0, 0.0, 0.0, 0.0, 0.0, 0.0, 0.0, 0.0, 0.0, 0.0, 0.0, 0.0, 0.0, 0.0, 0.0, 0.0, 0.0, 0.0, 0.0, 0.0, 0.0, 0.0, 0.0, 0.0, 0.0, 0.0, 0.0, 0.0, 0.0, 0.0, 0.0, 0.0, 0.0, 0.0, 0.0, 0.0, 0.0, 0.0, 0.0, 0.0, 0.0, 0.0, 0.0, 0.0, 0.0, 0.0, 0.0, 0.0, 0.0, 0.0, 0.0, 0.0, 0.0, 0.0, 0.0, 0.0, 0.0, 0.0, 0.0, 0.0, 0.0, 0.0, 0.0, 0.0, 0.0, 0.0, 0.0, 0.0, 0.0, 0.0, 0.0, 0.0, 0.0, 0.0, 0.0, 0.0, 0.0, 0.0, 0.0, 0.0, 0.0, 0.0, 0.0, 0.0, 0.0, 0.0, 0.0, 0.0, 0.0, 0.0, 0.0, 0.0, 0.0, 0.0, 0.0, 0.0]
