nohup: 忽略输入
Env:sumo, Algorithm:TD3, Device:cuda
-----------------------------------------
models/reward_s5e-2(-5, 1)_a24e-2_t(-2_0.1)_safe(3, -0.7)_62.pth
-----------------------------------------
 Retrying in 1 seconds
Warning: Unused states in tlLogic 'J10', program '0' in phase 0 after tl-index 10
Simulation......
总奖励:-47586.47106319629, 速度奖励:-8268.549999999794, 加速度奖励:-3654.921063191354, 交通灯奖励:-30442.400000011257, 与前车进行交互的惩罚:-5220.59999999927
Episode:1/100, Reward:-47586.47106319629
Episode:1/100, total elec cons:13753.712794813131
Episode:1/100, avg speed:11.292171989848129
Episode:1/100, avg halt num:1.0946139180171592
Episode:1/100, avg elec cons:1.092605083795065
 Retrying in 1 seconds
Warning: Unused states in tlLogic 'J10', program '0' in phase 0 after tl-index 10
Simulation......
总奖励:-38383.58569604745, 速度奖励:-6589.499999999768, 加速度奖励:-3401.2856960435524, 交通灯奖励:-24017.100000005765, 与前车进行交互的惩罚:-4375.69999999949
Episode:2/100, Reward:-38383.58569604745
Episode:2/100, total elec cons:14786.48186576751
Episode:2/100, avg speed:11.304350925689574
Episode:2/100, avg halt num:0.8834803256445047
Episode:2/100, avg elec cons:1.2539418135826383
 Retrying in 1 seconds
Warning: Unused states in tlLogic 'J10', program '0' in phase 0 after tl-index 10
Simulation......
总奖励:-18326.490013513132, 速度奖励:-2557.899999999994, 加速度奖励:-5042.1900135131345, 交通灯奖励:-8699.899999998854, 与前车进行交互的惩罚:-2026.5000000000925
Episode:3/100, Reward:-18326.490013513132
Episode:3/100, total elec cons:24532.103607834422
Episode:3/100, avg speed:15.50272857033643
Episode:3/100, avg halt num:0.28497875122589084
Episode:3/100, avg elec cons:2.00491203071538
 Retrying in 1 seconds
Warning: Unused states in tlLogic 'J10', program '0' in phase 0 after tl-index 10
Simulation......
总奖励:-15775.701859112552, 速度奖励:-2225.8000000000116, 加速度奖励:-4610.601859113224, 交通灯奖励:-7297.099999999236, 与前车进行交互的惩罚:-1642.2000000000676
Episode:4/100, Reward:-15775.701859112552
Episode:4/100, total elec cons:26153.742408206377
Episode:4/100, avg speed:15.18204992982323
Episode:4/100, avg halt num:0.2662562524047711
Episode:4/100, avg elec cons:2.5157505202198136
 Retrying in 1 seconds
Warning: Unused states in tlLogic 'J10', program '0' in phase 0 after tl-index 10
Simulation......
总奖励:-44947.44858861734, 速度奖励:-6711.8999999998205, 加速度奖励:-13783.048588613514, 交通灯奖励:-20734.80000000159, 与前车进行交互的惩罚:-3717.69999999966
Episode:5/100, Reward:-44947.44858861734
Episode:5/100, total elec cons:7637.835610140598
Episode:5/100, avg speed:9.238852603164457
Episode:5/100, avg halt num:0.45020904599011785
Episode:5/100, avg elec cons:0.7257540488541316
 Retrying in 1 seconds
Warning: Unused states in tlLogic 'J10', program '0' in phase 0 after tl-index 10
Simulation......
总奖励:-16788.95836553582, 速度奖励:-3741.6999999998425, 加速度奖励:-4209.058365536164, 交通灯奖励:-7905.799999998197, 与前车进行交互的惩罚:-932.4000000000215
Episode:6/100, Reward:-16788.95836553582
Episode:6/100, total elec cons:7112.552404629034
Episode:6/100, avg speed:11.772425078723193
Episode:6/100, avg halt num:0.21042503346720215
Episode:6/100, avg elec cons:0.595093072676476
 Retrying in 1 seconds
Warning: Unused states in tlLogic 'J10', program '0' in phase 0 after tl-index 10
Simulation......
总奖励:-10815.26784598621, 速度奖励:-2826.3499999999485, 加速度奖励:-4267.117845986552, 交通灯奖励:-2928.7000000006256, 与前车进行交互的惩罚:-793.1000000000124
Episode:7/100, Reward:-10815.26784598621
Episode:7/100, total elec cons:16433.06366994166
Episode:7/100, avg speed:13.235561684069577
Episode:7/100, avg halt num:0.15912954777286636
Episode:7/100, avg elec cons:1.3968942255985477
 Retrying in 1 seconds
Warning: Unused states in tlLogic 'J10', program '0' in phase 0 after tl-index 10
Simulation......
总奖励:-9779.25918273653, 速度奖励:-2571.7499999999923, 加速度奖励:-3656.0091827369874, 交通灯奖励:-2956.5000000004834, 与前车进行交互的惩罚:-594.9999999999995
Episode:8/100, Reward:-9779.25918273653
Episode:8/100, total elec cons:24464.515437798775
Episode:8/100, avg speed:14.23762805267778
Episode:8/100, avg halt num:0.10997482693517936
Episode:8/100, avg elec cons:1.924521352879008
 Retrying in 1 seconds
Warning: Unused states in tlLogic 'J10', program '0' in phase 0 after tl-index 10
Simulation......
总奖励:-10787.97765559101, 速度奖励:-2648.2999999999793, 加速度奖励:-3716.47765559141, 交通灯奖励:-4014.4000000006736, 与前车进行交互的惩罚:-408.7999999999958
Episode:9/100, Reward:-10787.97765559101
Episode:9/100, total elec cons:22325.62984384584
Episode:9/100, avg speed:14.166256355021105
Episode:9/100, avg halt num:0.15102171136653894
Episode:9/100, avg elec cons:1.7820585762966736
 Retrying in 1 seconds
Warning: Unused states in tlLogic 'J10', program '0' in phase 0 after tl-index 10
Simulation......
总奖励:-9437.344971436623, 速度奖励:-2944.049999999961, 加速度奖励:-3402.994971436944, 交通灯奖励:-2601.000000000691, 与前车进行交互的惩罚:-489.2999999999945
Episode:10/100, Reward:-9437.344971436623
Episode:10/100, total elec cons:16343.365953282342
Episode:10/100, avg speed:13.011271492449492
Episode:10/100, avg halt num:0.11420925414364641
Episode:10/100, avg elec cons:1.4108568675139883
 Retrying in 1 seconds
Warning: Unused states in tlLogic 'J10', program '0' in phase 0 after tl-index 10
Simulation......
总奖励:-8869.020828454764, 速度奖励:-2939.4999999999463, 加速度奖励:-3202.5208284550426, 交通灯奖励:-2184.5000000005293, 与前车进行交互的惩罚:-542.4999999999961
Episode:11/100, Reward:-8869.020828454764
Episode:11/100, total elec cons:15598.870554213283
Episode:11/100, avg speed:13.642824781624416
Episode:11/100, avg halt num:0.11057851239669421
Episode:11/100, avg elec cons:1.289162855720088
 Retrying in 1 seconds
Warning: Unused states in tlLogic 'J10', program '0' in phase 0 after tl-index 10
Simulation......
总奖励:-9240.331315933721, 速度奖励:-2855.899999999952, 加速度奖励:-3261.731315934052, 交通灯奖励:-2703.40000000054, 与前车进行交互的惩罚:-419.29999999999563
Episode:12/100, Reward:-9240.331315933721
Episode:12/100, total elec cons:16064.895180898524
Episode:12/100, avg speed:13.423331562629274
Episode:12/100, avg halt num:0.1254634310751601
Episode:12/100, avg elec cons:1.3536312083668802
 Retrying in 1 seconds
Warning: Unused states in tlLogic 'J10', program '0' in phase 0 after tl-index 10
Simulation......
总奖励:-8704.093394960411, 速度奖励:-2987.849999999954, 加速度奖励:-3059.943394960607, 交通灯奖励:-2386.8000000005195, 与前车进行交互的惩罚:-269.49999999999807
Episode:13/100, Reward:-8704.093394960411
Episode:13/100, total elec cons:14048.002866105868
Episode:13/100, avg speed:13.280110713449066
Episode:13/100, avg halt num:0.10161090458488228
Episode:13/100, avg elec cons:1.0879803954542862
 Retrying in 1 seconds
Warning: Unused states in tlLogic 'J10', program '0' in phase 0 after tl-index 10
Simulation......
总奖励:-8270.52920321799, 速度奖励:-3151.2999999999493, 加速度奖励:-2653.5292032182388, 交通灯奖励:-2080.7000000005, 与前车进行交互的惩罚:-384.9999999999962
Episode:14/100, Reward:-8270.52920321799
Episode:14/100, total elec cons:11772.484427224092
Episode:14/100, avg speed:12.712578545387174
Episode:14/100, avg halt num:0.1258164317634926
Episode:14/100, avg elec cons:1.0117294970113524
 Retrying in 1 seconds
Warning: Unused states in tlLogic 'J10', program '0' in phase 0 after tl-index 10
Simulation......
总奖励:-10491.061351114233, 速度奖励:-3784.249999999953, 加速度奖励:-2903.011351114548, 交通灯奖励:-3251.5000000008017, 与前车进行交互的惩罚:-552.2999999999968
Episode:15/100, Reward:-10491.061351114233
Episode:15/100, total elec cons:9470.74524129423
Episode:15/100, avg speed:12.321044307326328
Episode:15/100, avg halt num:0.15898451566438604
Episode:15/100, avg elec cons:0.8526058013408715
 Retrying in 1 seconds
Warning: Unused states in tlLogic 'J10', program '0' in phase 0 after tl-index 10
Simulation......
总奖励:-9733.701331131762, 速度奖励:-3525.799999999934, 加速度奖励:-2797.0013311320354, 交通灯奖励:-2925.100000000656, 与前车进行交互的惩罚:-485.79999999999455
Episode:16/100, Reward:-9733.701331131762
Episode:16/100, total elec cons:10023.493771327634
Episode:16/100, avg speed:11.77233891029645
Episode:16/100, avg halt num:0.15189520624303232
Episode:16/100, avg elec cons:0.9312052927654934
 Retrying in 1 seconds
Warning: Unused states in tlLogic 'J10', program '0' in phase 0 after tl-index 10
Simulation......
总奖励:-9708.545759648063, 速度奖励:-3637.4999999999436, 加速度奖励:-2830.745759648297, 交通灯奖励:-2858.100000000832, 与前车进行交互的惩罚:-382.19999999999624
Episode:17/100, Reward:-9708.545759648063
Episode:17/100, total elec cons:9932.963002856111
Episode:17/100, avg speed:12.082347369364928
Episode:17/100, avg halt num:0.12275449101796407
Episode:17/100, avg elec cons:0.8260947274497891
 Retrying in 1 seconds
Warning: Unused states in tlLogic 'J10', program '0' in phase 0 after tl-index 10
Simulation......
总奖励:-12096.149187345218, 速度奖励:-4012.599999999934, 加速度奖励:-3698.64918734549, 交通灯奖励:-3818.6000000009276, 与前车进行交互的惩罚:-566.2999999999977
Episode:18/100, Reward:-12096.149187345218
Episode:18/100, total elec cons:8250.582011588038
Episode:18/100, avg speed:10.177005639289485
Episode:18/100, avg halt num:0.11355493630573249
Episode:18/100, avg elec cons:0.821116840325256
 Retrying in 1 seconds
Warning: Unused states in tlLogic 'J10', program '0' in phase 0 after tl-index 10
Simulation......
总奖励:-10031.068276731137, 速度奖励:-3808.1499999999605, 加速度奖励:-3535.6182767312753, 交通灯奖励:-2235.8000000007746, 与前车进行交互的惩罚:-451.4999999999951
Episode:19/100, Reward:-10031.068276731137
Episode:19/100, total elec cons:9625.214945519825
Episode:19/100, avg speed:11.539277042588374
Episode:19/100, avg halt num:0.05352980352980353
Episode:19/100, avg elec cons:0.8012999455144745
 Retrying in 1 seconds
Warning: Unused states in tlLogic 'J10', program '0' in phase 0 after tl-index 10
Simulation......
总奖励:-13725.949680588456, 速度奖励:-4969.1999999999625, 加速度奖励:-4122.449680588888, 交通灯奖励:-3837.000000000929, 与前车进行交互的惩罚:-797.3000000000127
Episode:20/100, Reward:-13725.949680588456
Episode:20/100, total elec cons:4754.475584125114
Episode:20/100, avg speed:10.063955963164249
Episode:20/100, avg halt num:0.17004080351537978
Episode:20/100, avg elec cons:0.3730756108070635
 Retrying in 1 seconds
Warning: Unused states in tlLogic 'J10', program '0' in phase 0 after tl-index 10
Simulation......
总奖励:-14248.40060653019, 速度奖励:-4812.199999999954, 加速度奖励:-4076.7006065305527, 交通灯奖励:-4543.299999999631, 与前车进行交互的惩罚:-816.2000000000139
Episode:21/100, Reward:-14248.40060653019
Episode:21/100, total elec cons:6319.257880023976
Episode:21/100, avg speed:9.983582581494607
Episode:21/100, avg halt num:0.1506035458317616
Episode:21/100, avg elec cons:0.5959315239554941
 Retrying in 1 seconds
Warning: Unused states in tlLogic 'J10', program '0' in phase 0 after tl-index 10
Simulation......
总奖励:-13146.828071853246, 速度奖励:-4865.749999999954, 加速度奖励:-3632.7780718537756, 交通灯奖励:-3833.5000000010386, 与前车进行交互的惩罚:-814.8000000000138
Episode:22/100, Reward:-13146.828071853246
Episode:22/100, total elec cons:5899.633591483348
Episode:22/100, avg speed:10.188551032887055
Episode:22/100, avg halt num:0.2504451566951567
Episode:22/100, avg elec cons:0.5252522784440521
 Retrying in 1 seconds
Warning: Unused states in tlLogic 'J10', program '0' in phase 0 after tl-index 10
Simulation......
总奖励:-13872.034361562837, 速度奖励:-4682.949999999945, 加速度奖励:-4760.384361563127, 交通灯奖励:-3429.800000000981, 与前车进行交互的惩罚:-998.9000000000258
Episode:23/100, Reward:-13872.034361562837
Episode:23/100, total elec cons:6222.489700046302
Episode:23/100, avg speed:10.715522328889264
Episode:23/100, avg halt num:0.14971209213051823
Episode:23/100, avg elec cons:0.4976399312257247
 Retrying in 1 seconds
Warning: Unused states in tlLogic 'J10', program '0' in phase 0 after tl-index 10
Simulation......
总奖励:-8947.80357179188, 速度奖励:-3735.69999999993, 加速度奖励:-3197.603571792002, 交通灯奖励:-1402.7000000003277, 与前车进行交互的惩罚:-611.8000000000006
Episode:24/100, Reward:-8947.80357179188
Episode:24/100, total elec cons:7896.426831375703
Episode:24/100, avg speed:11.751983005021097
Episode:24/100, avg halt num:0.04225578406169666
Episode:24/100, avg elec cons:0.6343530552197786
 Retrying in 1 seconds
Warning: Unused states in tlLogic 'J10', program '0' in phase 0 after tl-index 10
Simulation......
总奖励:-9451.205882732997, 速度奖励:-3884.7499999999445, 加速度奖励:-3291.4558827332157, 交通灯奖励:-1661.8000000006036, 与前车进行交互的惩罚:-613.2000000000007
Episode:25/100, Reward:-9451.205882732997
Episode:25/100, total elec cons:7523.328753152565
Episode:25/100, avg speed:11.739169380576973
Episode:25/100, avg halt num:0.1130796864794252
Episode:25/100, avg elec cons:0.6142495716159975
 Retrying in 1 seconds
Warning: Unused states in tlLogic 'J10', program '0' in phase 0 after tl-index 10
Simulation......
总奖励:-11714.2269288668, 速度奖励:-4815.699999999965, 加速度奖励:-3600.7269288672987, 交通灯奖励:-2516.6000000008426, 与前车进行交互的惩罚:-781.2000000000116
Episode:26/100, Reward:-11714.2269288668
Episode:26/100, total elec cons:5451.248689460277
Episode:26/100, avg speed:10.387199991360765
Episode:26/100, avg halt num:0.22437275985663083
Episode:26/100, avg elec cons:0.4884631442168911
 Retrying in 1 seconds
Warning: Unused states in tlLogic 'J10', program '0' in phase 0 after tl-index 10
Simulation......
