nohup: 忽略输入
Env:sumo, Algorithm:TD3, Device:cuda
-----------------------------------------
models/reward_s9e-3_a4e-2_t(-0.9_0.07).pth
-----------------------------------------
 Retrying in 1 seconds
Warning: Unused states in tlLogic 'J10', program '0' in phase 0 after tl-index 10
Simulation......
总奖励:-6034.4458346609445, 速度奖励:-930.6574919819515, 加速度奖励:-711.2383426792711, 交通灯奖励:-4392.549999999857, 与前车进行交互的惩罚:0.0
Episode:1/100, Reward:-6034.4458346609445
Episode:1/100, avg speed:14.437917980568516
Episode:1/100, avg halt num:0.3433744722312439
Episode:1/100, avg elec cons:1.762902998089894
 Retrying in 1 seconds
Warning: Unused states in tlLogic 'J10', program '0' in phase 0 after tl-index 10
Simulation......
总奖励:-7115.986304697692, 速度奖励:-1184.5730724479397, 加速度奖励:-681.333232250229, 交通灯奖励:-5250.080000000013, 与前车进行交互的惩罚:0.0
Episode:2/100, Reward:-7115.986304697692
Episode:2/100, avg speed:14.017458994774065
Episode:2/100, avg halt num:0.4596020761245675
Episode:2/100, avg elec cons:1.8991220424325361
 Retrying in 1 seconds
Warning: Unused states in tlLogic 'J10', program '0' in phase 0 after tl-index 10
Simulation......
总奖励:-4970.800587940894, 速度奖励:-579.0186650339687, 加速度奖励:-829.6119229070162, 交通灯奖励:-3562.1699999999228, 与前车进行交互的惩罚:0.0
Episode:3/100, Reward:-4970.800587940894
Episode:3/100, avg speed:15.656163826629351
Episode:3/100, avg halt num:0.2687152664269369
Episode:3/100, avg elec cons:2.0401921005862973
 Retrying in 1 seconds
Warning: Unused states in tlLogic 'J10', program '0' in phase 0 after tl-index 10
Simulation......
总奖励:-7056.53530895714, 速度奖励:-1130.298480422962, 加速度奖励:-1094.7968285346096, 交通灯奖励:-4831.439999999723, 与前车进行交互的惩罚:0.0
Episode:4/100, Reward:-7056.53530895714
Episode:4/100, avg speed:12.73826224309669
Episode:4/100, avg halt num:0.32783742331288346
Episode:4/100, avg elec cons:1.5510145171859633
 Retrying in 1 seconds
Warning: Unused states in tlLogic 'J10', program '0' in phase 0 after tl-index 10
Simulation......
总奖励:-1904.5403705781575, 速度奖励:-526.5246935249883, 加速度奖励:-656.2356770531112, 交通灯奖励:-721.7799999998206, 与前车进行交互的惩罚:0.0
Episode:5/100, Reward:-1904.5403705781575
Episode:5/100, avg speed:14.31505792646207
Episode:5/100, avg halt num:0.13032984714400644
Episode:5/100, avg elec cons:2.5949085066620725
 Retrying in 1 seconds
Warning: Unused states in tlLogic 'J10', program '0' in phase 0 after tl-index 10
Simulation......
总奖励:-2524.9574396019952, 速度奖励:-643.9387737149766, 加速度奖励:-772.0486658869348, 交通灯奖励:-1108.9699999998622, 与前车进行交互的惩罚:0.0
Episode:6/100, Reward:-2524.9574396019952
Episode:6/100, avg speed:14.09963184483319
Episode:6/100, avg halt num:0.1877589779005525
Episode:6/100, avg elec cons:2.036607985058895
 Retrying in 1 seconds
Warning: Unused states in tlLogic 'J10', program '0' in phase 0 after tl-index 10
Simulation......
总奖励:-3597.490217703005, 速度奖励:-1257.2738590499582, 加速度奖励:-995.3263586529371, 交通灯奖励:-1344.8900000001572, 与前车进行交互的惩罚:0.0
Episode:7/100, Reward:-3597.490217703005
Episode:7/100, avg speed:11.531435891743254
Episode:7/100, avg halt num:0.2517764857881137
Episode:7/100, avg elec cons:0.7701044095102034
 Retrying in 1 seconds
Warning: Unused states in tlLogic 'J10', program '0' in phase 0 after tl-index 10
Simulation......
总奖励:-7335.89454610957, 速度奖励:-2396.680710012076, 加速度奖励:-935.2838360984512, 交通灯奖励:-4003.9299999986742, 与前车进行交互的惩罚:0.0
Episode:8/100, Reward:-7335.89454610957
Episode:8/100, avg speed:10.017157055513348
Episode:8/100, avg halt num:0.5669616519174041
Episode:8/100, avg elec cons:0.6186456370752329
 Retrying in 1 seconds
Warning: Unused states in tlLogic 'J10', program '0' in phase 0 after tl-index 10
Simulation......
总奖励:-5523.995049243398, 速度奖励:-1921.0576226219346, 加速度奖励:-1050.5274266215154, 交通灯奖励:-2552.409999999814, 与前车进行交互的惩罚:0.0
Episode:9/100, Reward:-5523.995049243398
Episode:9/100, avg speed:9.541356327960242
Episode:9/100, avg halt num:0.35647709320695103
Episode:9/100, avg elec cons:0.5376369711843527
 Retrying in 1 seconds
Warning: Unused states in tlLogic 'J10', program '0' in phase 0 after tl-index 10
Simulation......
总奖励:-2687.8612783023677, 速度奖励:-879.7587131159933, 加速度奖励:-894.5225651863425, 交通灯奖励:-913.5799999996331, 与前车进行交互的惩罚:0.0
Episode:10/100, Reward:-2687.8612783023677
Episode:10/100, avg speed:12.352249951620479
Episode:10/100, avg halt num:0.06915949702183984
Episode:10/100, avg elec cons:1.4079949365571616
 Retrying in 1 seconds
Warning: Unused states in tlLogic 'J10', program '0' in phase 0 after tl-index 10
Simulation......
总奖励:-2571.789242144423, 速度奖励:-1058.4763021619908, 加速度奖励:-780.1329399823841, 交通灯奖励:-733.1799999997041, 与前车进行交互的惩罚:0.0
Episode:11/100, Reward:-2571.789242144423
Episode:11/100, avg speed:12.596275569680905
Episode:11/100, avg halt num:0.11571382428940569
Episode:11/100, avg elec cons:0.8611162957709331
 Retrying in 1 seconds
Warning: Unused states in tlLogic 'J10', program '0' in phase 0 after tl-index 10
Simulation......
总奖励:-3228.170233283081, 速度奖励:-1295.1423550889758, 加速度奖励:-876.7378781940231, 交通灯奖励:-1056.2899999999445, 与前车进行交互的惩罚:0.0
Episode:12/100, Reward:-3228.170233283081
Episode:12/100, avg speed:11.791698487620161
Episode:12/100, avg halt num:0.20090180360721444
Episode:12/100, avg elec cons:0.6782541089270614
 Retrying in 1 seconds
Warning: Unused states in tlLogic 'J10', program '0' in phase 0 after tl-index 10
Simulation......
总奖励:-2296.410178398151, 速度奖励:-1202.3151358679866, 加速度奖励:-682.1750425301245, 交通灯奖励:-411.9200000000534, 与前车进行交互的惩罚:0.0
Episode:13/100, Reward:-2296.410178398151
Episode:13/100, avg speed:11.676648627211009
Episode:13/100, avg halt num:0.07711555959963604
Episode:13/100, avg elec cons:0.5527656844412854
 Retrying in 1 seconds
Warning: Unused states in tlLogic 'J10', program '0' in phase 0 after tl-index 10
Simulation......
总奖励:-1987.1169995373925, 速度奖励:-968.2949980260023, 加速度奖励:-656.1120015113825, 交通灯奖励:-362.71000000005023, 与前车进行交互的惩罚:0.0
Episode:14/100, Reward:-1987.1169995373925
Episode:14/100, avg speed:12.215819015148139
Episode:14/100, avg halt num:0.051381692573402415
Episode:14/100, avg elec cons:0.8639148594685998
 Retrying in 1 seconds
Warning: Unused states in tlLogic 'J10', program '0' in phase 0 after tl-index 10
Simulation......
总奖励:-1698.1779393768504, 速度奖励:-878.3051623290013, 加速度奖励:-657.8127770478538, 交通灯奖励:-162.06000000005704, 与前车进行交互的惩罚:0.0
Episode:15/100, Reward:-1698.1779393768504
Episode:15/100, avg speed:12.69714738922486
Episode:15/100, avg halt num:0.03099247581512003
Episode:15/100, avg elec cons:0.8370146277584034
 Retrying in 1 seconds
Warning: Unused states in tlLogic 'J10', program '0' in phase 0 after tl-index 10
Simulation......
总奖励:-5155.5458273357835, 速度奖励:-2053.592561852946, 加速度奖励:-720.7732654829858, 交通灯奖励:-2381.179999999376, 与前车进行交互的惩罚:0.0
Episode:16/100, Reward:-5155.5458273357835
Episode:16/100, avg speed:9.708070740859771
Episode:16/100, avg halt num:0.4149400218102508
Episode:16/100, avg elec cons:0.5825206041012813
 Retrying in 1 seconds
Warning: Unused states in tlLogic 'J10', program '0' in phase 0 after tl-index 10
Simulation......
总奖励:-3338.622196853022, 速度奖励:-1705.0898244869588, 加速度奖励:-613.102372365932, 交通灯奖励:-1020.4299999998534, 与前车进行交互的惩罚:0.0
Episode:17/100, Reward:-3338.622196853022
Episode:17/100, avg speed:10.863230856530482
Episode:17/100, avg halt num:0.2506493506493506
Episode:17/100, avg elec cons:0.4468227322473782
 Retrying in 1 seconds
Warning: Unused states in tlLogic 'J10', program '0' in phase 0 after tl-index 10
Simulation......
总奖励:-5000.181684684262, 速度奖励:-2093.992545041931, 加速度奖励:-682.6091396424451, 交通灯奖励:-2223.5799999996307, 与前车进行交互的惩罚:0.0
Episode:18/100, Reward:-5000.181684684262
Episode:18/100, avg speed:8.820034812562263
Episode:18/100, avg halt num:0.5069936958234831
Episode:18/100, avg elec cons:0.5835016219900858
 Retrying in 1 seconds
Warning: Unused states in tlLogic 'J10', program '0' in phase 0 after tl-index 10
Simulation......
总奖励:-4865.291039774798, 速度奖励:-2023.2050053859462, 加速度奖励:-708.7560343889146, 交通灯奖励:-2133.3299999996952, 与前车进行交互的惩罚:0.0
Episode:19/100, Reward:-4865.291039774798
Episode:19/100, avg speed:10.066044541019796
Episode:19/100, avg halt num:0.33001361933946205
Episode:19/100, avg elec cons:0.4425683954447622
 Retrying in 1 seconds
Warning: Unused states in tlLogic 'J10', program '0' in phase 0 after tl-index 10
Simulation......
总奖励:-3886.329919661787, 速度奖励:-1971.122175404934, 加速度奖励:-643.92774425667, 交通灯奖励:-1271.2800000003244, 与前车进行交互的惩罚:0.0
Episode:20/100, Reward:-3886.329919661787
Episode:20/100, avg speed:9.84836723270429
Episode:20/100, avg halt num:0.32984047544573036
Episode:20/100, avg elec cons:0.3977892335335995
 Retrying in 1 seconds
Warning: Unused states in tlLogic 'J10', program '0' in phase 0 after tl-index 10
Simulation......
总奖励:-7620.130944551261, 速度奖励:-2684.530314216169, 加速度奖励:-904.2506303362868, 交通灯奖励:-4031.349999998515, 与前车进行交互的惩罚:0.0
Episode:21/100, Reward:-7620.130944551261
Episode:21/100, avg speed:8.48072677367587
Episode:21/100, avg halt num:0.6824400299850075
Episode:21/100, avg elec cons:0.5706650130260067
 Retrying in 1 seconds
Warning: Unused states in tlLogic 'J10', program '0' in phase 0 after tl-index 10
Simulation......
总奖励:-4872.995047352585, 速度奖励:-1883.1531519359517, 加速度奖励:-930.1318954168548, 交通灯奖励:-2059.7100000006617, 与前车进行交互的惩罚:0.0
Episode:22/100, Reward:-4872.995047352585
Episode:22/100, avg speed:9.31068864595583
Episode:22/100, avg halt num:0.31874777659196013
Episode:22/100, avg elec cons:0.5298793924708541
 Retrying in 1 seconds
Warning: Unused states in tlLogic 'J10', program '0' in phase 0 after tl-index 10
Simulation......
总奖励:-4870.4408510619705, 速度奖励:-2176.282259657925, 加速度奖励:-685.4385914042114, 交通灯奖励:-2008.7200000008497, 与前车进行交互的惩罚:0.0
Episode:23/100, Reward:-4870.4408510619705
Episode:23/100, avg speed:10.547214759520248
Episode:23/100, avg halt num:0.48290113452188005
Episode:23/100, avg elec cons:0.4674021609289724
 Retrying in 1 seconds
Warning: Unused states in tlLogic 'J10', program '0' in phase 0 after tl-index 10
Simulation......
总奖励:-1242.7487093625336, 速度奖励:-796.8263477939967, 加速度奖励:-392.19236156852304, 交通灯奖励:-53.730000000013135, 与前车进行交互的惩罚:0.0
Episode:24/100, Reward:-1242.7487093625336
Episode:24/100, avg speed:12.914715201455119
Episode:24/100, avg halt num:0.05141786179921773
Episode:24/100, avg elec cons:0.79269142752206
 Retrying in 1 seconds
Warning: Unused states in tlLogic 'J10', program '0' in phase 0 after tl-index 10
Simulation......
总奖励:-3598.3375573292715, 速度奖励:-1481.8239429299497, 加速度奖励:-861.9936143992202, 交通灯奖励:-1254.5199999998686, 与前车进行交互的惩罚:0.0
Episode:25/100, Reward:-3598.3375573292715
Episode:25/100, avg speed:11.498534094575376
Episode:25/100, avg halt num:0.24048576732673269
Episode:25/100, avg elec cons:0.6525925615929331
 Retrying in 1 seconds
Warning: Unused states in tlLogic 'J10', program '0' in phase 0 after tl-index 10
Simulation......
总奖励:-2111.9932709350674, 速度奖励:-1228.3142558219927, 加速度奖励:-490.71901511303946, 交通灯奖励:-392.9600000000833, 与前车进行交互的惩罚:0.0
Episode:26/100, Reward:-2111.9932709350674
Episode:26/100, avg speed:11.034770099567966
Episode:26/100, avg halt num:0.12229073243647234
Episode:26/100, avg elec cons:0.6148922425796519
 Retrying in 1 seconds
Warning: Unused states in tlLogic 'J10', program '0' in phase 0 after tl-index 10
Simulation......
总奖励:-1349.2595402055654, 速度奖励:-941.1673086720049, 加速度奖励:-461.68223153355706, 交通灯奖励:53.589999999993054, 与前车进行交互的惩罚:0.0
Episode:27/100, Reward:-1349.2595402055654
Episode:27/100, avg speed:12.01671562559427
Episode:27/100, avg halt num:0.04228561782579338
Episode:27/100, avg elec cons:0.7400136274615153
 Retrying in 1 seconds
Warning: Unused states in tlLogic 'J10', program '0' in phase 0 after tl-index 10
Simulation......
总奖励:-2885.2687048439366, 速度奖励:-1224.9943893359875, 加速度奖励:-880.9443155079293, 交通灯奖励:-779.3299999998168, 与前车进行交互的惩罚:0.0
Episode:28/100, Reward:-2885.2687048439366
Episode:28/100, avg speed:9.824465162336983
Episode:28/100, avg halt num:0.11535493827160494
Episode:28/100, avg elec cons:0.8179346685776657
 Retrying in 1 seconds
Warning: Unused states in tlLogic 'J10', program '0' in phase 0 after tl-index 10
Simulation......
总奖励:-6279.301572644885, 速度奖励:-2006.881627373952, 加速度奖励:-1415.5999452712451, 交通灯奖励:-2856.8199999998506, 与前车进行交互的惩罚:0.0
Episode:29/100, Reward:-6279.301572644885
Episode:29/100, avg speed:8.726299289518098
Episode:29/100, avg halt num:0.35815602836879434
Episode:29/100, avg elec cons:0.6419663675469317
 Retrying in 1 seconds
Warning: Unused states in tlLogic 'J10', program '0' in phase 0 after tl-index 10
Simulation......
总奖励:-8678.280972556586, 速度奖励:-2471.623715214105, 加速度奖励:-1924.117257343319, 交通灯奖励:-4282.5399999988285, 与前车进行交互的惩罚:0.0
Episode:30/100, Reward:-8678.280972556586
Episode:30/100, avg speed:8.886005428920695
Episode:30/100, avg halt num:0.4239602731222843
Episode:30/100, avg elec cons:0.5240355995314973
 Retrying in 1 seconds
Warning: Unused states in tlLogic 'J10', program '0' in phase 0 after tl-index 10
Simulation......
总奖励:-10456.94124896266, 速度奖励:-2414.1430593990535, 加速度奖励:-2205.3581895637753, 交通灯奖励:-5837.439999999804, 与前车进行交互的惩罚:0.0
Episode:31/100, Reward:-10456.94124896266
Episode:31/100, avg speed:9.324079852627056
Episode:31/100, avg halt num:0.3353582554517134
Episode:31/100, avg elec cons:0.6636724951168559
 Retrying in 1 seconds
Warning: Unused states in tlLogic 'J10', program '0' in phase 0 after tl-index 10
Simulation......
总奖励:-13297.105295467469, 速度奖励:-2849.506582941158, 加速度奖励:-2978.108712526332, 交通灯奖励:-7469.490000000461, 与前车进行交互的惩罚:0.0
Episode:32/100, Reward:-13297.105295467469
Episode:32/100, avg speed:7.95240540439761
Episode:32/100, avg halt num:0.41618887015177064
Episode:32/100, avg elec cons:0.6258980964344489
 Retrying in 1 seconds
Warning: Unused states in tlLogic 'J10', program '0' in phase 0 after tl-index 10
Simulation......
总奖励:-14356.47000559106, 速度奖励:-3239.586210465289, 加速度奖励:-2484.753795125822, 交通灯奖励:-8632.130000000412, 与前车进行交互的惩罚:0.0
Episode:33/100, Reward:-14356.47000559106
Episode:33/100, avg speed:7.195172446250216
Episode:33/100, avg halt num:0.5233322893830253
Episode:33/100, avg elec cons:0.48211371600541275
 Retrying in 1 seconds
Warning: Unused states in tlLogic 'J10', program '0' in phase 0 after tl-index 10
Simulation......
总奖励:-15154.899928420537, 速度奖励:-3648.5260964014105, 加速度奖励:-1804.1238320190505, 交通灯奖励:-9702.25000000127, 与前车进行交互的惩罚:0.0
Episode:34/100, Reward:-15154.899928420537
Episode:34/100, avg speed:7.945780624879067
Episode:34/100, avg halt num:0.5945195195195195
Episode:34/100, avg elec cons:0.4103500950150132
 Retrying in 1 seconds
Warning: Unused states in tlLogic 'J10', program '0' in phase 0 after tl-index 10
Simulation......
总奖励:-25498.676876455647, 速度奖励:-5503.022913834713, 加速度奖励:-2360.6039626238344, 交通灯奖励:-17635.05000000327, 与前车进行交互的惩罚:0.0
Episode:35/100, Reward:-25498.676876455647
Episode:35/100, avg speed:6.831453839964507
Episode:35/100, avg halt num:1.0332596121129636
Episode:35/100, avg elec cons:0.4350498500074652
 Retrying in 1 seconds
Warning: Unused states in tlLogic 'J10', program '0' in phase 0 after tl-index 10
Simulation......
总奖励:-7143.867604179771, 速度奖励:-1670.083665192009, 加速度奖励:-1663.213938987831, 交通灯奖励:-3810.5699999987733, 与前车进行交互的惩罚:0.0
Episode:36/100, Reward:-7143.867604179771
Episode:36/100, avg speed:9.990769411230355
Episode:36/100, avg halt num:0.10851063829787234
Episode:36/100, avg elec cons:1.1252848084527196
 Retrying in 1 seconds
Warning: Unused states in tlLogic 'J10', program '0' in phase 0 after tl-index 10
Simulation......
总奖励:-3387.6057595177526, 速度奖励:-1166.1248332349787, 加速度奖励:-742.0509262826887, 交通灯奖励:-1479.4299999999237, 与前车进行交互的惩罚:0.0
Episode:37/100, Reward:-3387.6057595177526
Episode:37/100, avg speed:10.137375904838008
Episode:37/100, avg halt num:0.16724671307037897
Episode:37/100, avg elec cons:0.7193315753035104
 Retrying in 1 seconds
Warning: Unused states in tlLogic 'J10', program '0' in phase 0 after tl-index 10
Simulation......
总奖励:-8441.094399004958, 速度奖励:-2786.105929698192, 加速度奖励:-918.0884693078598, 交通灯奖励:-4736.900000000993, 与前车进行交互的惩罚:0.0
Episode:38/100, Reward:-8441.094399004958
Episode:38/100, avg speed:8.615547124358223
Episode:38/100, avg halt num:0.7054140127388535
Episode:38/100, avg elec cons:0.5284289964763675
 Retrying in 1 seconds
Warning: Unused states in tlLogic 'J10', program '0' in phase 0 after tl-index 10
Simulation......
总奖励:-4487.577862439375, 速度奖励:-1516.2224695649886, 加速度奖励:-1100.8153928743977, 交通灯奖励:-1870.5400000005943, 与前车进行交互的惩罚:0.0
Episode:39/100, Reward:-4487.577862439375
Episode:39/100, avg speed:11.031730365367286
Episode:39/100, avg halt num:0.18652277362338546
Episode:39/100, avg elec cons:0.7597662364414248
 Retrying in 1 seconds
Warning: Unused states in tlLogic 'J10', program '0' in phase 0 after tl-index 10
Simulation......
总奖励:-1640.3941781201406, 速度奖励:-865.7763616350014, 加速度奖励:-725.8478164851259, 交通灯奖励:-48.769999999996614, 与前车进行交互的惩罚:0.0
Episode:40/100, Reward:-1640.3941781201406
Episode:40/100, avg speed:11.883908313225762
Episode:40/100, avg halt num:0.024715504978662872
Episode:40/100, avg elec cons:0.8762813336805664
 Retrying in 1 seconds
Warning: Unused states in tlLogic 'J10', program '0' in phase 0 after tl-index 10
Simulation......
总奖励:-2950.2298855355502, 速度奖励:-1484.9887899599717, 加速度奖励:-758.6310955754931, 交通灯奖励:-706.6099999997191, 与前车进行交互的惩罚:0.0
Episode:41/100, Reward:-2950.2298855355502
Episode:41/100, avg speed:10.623240461539405
Episode:41/100, avg halt num:0.20909719820131442
Episode:41/100, avg elec cons:0.5804356238132331
 Retrying in 1 seconds
Warning: Unused states in tlLogic 'J10', program '0' in phase 0 after tl-index 10
Simulation......
总奖励:-2984.8480140228717, 速度奖励:-1155.3633836459974, 加速度奖励:-853.2746303768512, 交通灯奖励:-976.2099999995269, 与前车进行交互的惩罚:0.0
Episode:42/100, Reward:-2984.8480140228717
Episode:42/100, avg speed:11.244330665036152
Episode:42/100, avg halt num:0.10874021617592247
Episode:42/100, avg elec cons:1.0135784220260462
 Retrying in 1 seconds
Warning: Unused states in tlLogic 'J10', program '0' in phase 0 after tl-index 10
Simulation......
总奖励:-2668.1770619553267, 速度奖励:-986.6554585739945, 加速度奖励:-783.991603381303, 交通灯奖励:-897.5299999997053, 与前车进行交互的惩罚:0.0
Episode:43/100, Reward:-2668.1770619553267
Episode:43/100, avg speed:11.368012403147706
Episode:43/100, avg halt num:0.092357910906298
Episode:43/100, avg elec cons:1.15432503466501
 Retrying in 1 seconds
Warning: Unused states in tlLogic 'J10', program '0' in phase 0 after tl-index 10
Simulation......
总奖励:-3819.727197495526, 速度奖励:-1559.4818446079655, 加速度奖励:-848.195352887468, 交通灯奖励:-1412.0500000001782, 与前车进行交互的惩罚:0.0
Episode:44/100, Reward:-3819.727197495526
Episode:44/100, avg speed:10.293725063040783
Episode:44/100, avg halt num:0.253042233357194
Episode:44/100, avg elec cons:0.7131253885756881
 Retrying in 1 seconds
Warning: Unused states in tlLogic 'J10', program '0' in phase 0 after tl-index 10
Simulation......
总奖励:-3291.0278138256035, 速度奖励:-1514.8144075409796, 加速度奖励:-636.1834062845352, 交通灯奖励:-1140.0300000001791, 与前车进行交互的惩罚:0.0
Episode:45/100, Reward:-3291.0278138256035
Episode:45/100, avg speed:10.423674669029925
Episode:45/100, avg halt num:0.21992902502801642
Episode:45/100, avg elec cons:0.6276153270306243
 Retrying in 1 seconds
Warning: Unused states in tlLogic 'J10', program '0' in phase 0 after tl-index 10
Simulation......
总奖励:-2335.3716209774893, 速度奖励:-1245.041924084982, 加速度奖励:-535.8696968924518, 交通灯奖励:-554.4599999998946, 与前车进行交互的惩罚:0.0
Episode:46/100, Reward:-2335.3716209774893
Episode:46/100, avg speed:11.741062790797109
Episode:46/100, avg halt num:0.1514095917044718
Episode:46/100, avg elec cons:0.6119086585010358
 Retrying in 1 seconds
Warning: Unused states in tlLogic 'J10', program '0' in phase 0 after tl-index 10
Simulation......
总奖励:-2082.9235844721593, 速度奖励:-1232.974143260987, 加速度奖励:-430.6694412111235, 交通灯奖励:-419.28000000005943, 与前车进行交互的惩罚:0.0
Episode:47/100, Reward:-2082.9235844721593
Episode:47/100, avg speed:11.383482760432491
Episode:47/100, avg halt num:0.16769778777652794
Episode:47/100, avg elec cons:0.6973620268835908
 Retrying in 1 seconds
Warning: Unused states in tlLogic 'J10', program '0' in phase 0 after tl-index 10
Simulation......
总奖励:-1306.7224926550107, 速度奖励:-951.6804271919972, 加速度奖励:-364.0420654629928, 交通灯奖励:9.000000000003926, 与前车进行交互的惩罚:0.0
Episode:48/100, Reward:-1306.7224926550107
Episode:48/100, avg speed:11.671938497678447
Episode:48/100, avg halt num:0.05933665644171779
Episode:48/100, avg elec cons:0.7613759728857951
 Retrying in 1 seconds
Warning: Unused states in tlLogic 'J10', program '0' in phase 0 after tl-index 10
Simulation......
总奖励:-1190.2880830211284, 速度奖励:-856.2012536159974, 加速度奖励:-387.2268294051253, 交通灯奖励:53.13999999999941, 与前车进行交互的惩罚:0.0
Episode:49/100, Reward:-1190.2880830211284
Episode:49/100, avg speed:12.734382121811212
Episode:49/100, avg halt num:0.03773296669721968
Episode:49/100, avg elec cons:0.6904989271272809
 Retrying in 1 seconds
Warning: Unused states in tlLogic 'J10', program '0' in phase 0 after tl-index 10
Simulation......
总奖励:-1334.1858528857767, 速度奖励:-970.508020977, 加速度奖励:-312.51783190876614, 交通灯奖励:-51.1599999999995, 与前车进行交互的惩罚:0.0
Episode:50/100, Reward:-1334.1858528857767
Episode:50/100, avg speed:12.045411176095811
Episode:50/100, avg halt num:0.05492487479131886
Episode:50/100, avg elec cons:0.6347892600041364
 Retrying in 1 seconds
Warning: Unused states in tlLogic 'J10', program '0' in phase 0 after tl-index 10
Simulation......
总奖励:-2901.872501259876, 速度奖励:-1437.1258454909578, 加速度奖励:-436.5866557688183, 交通灯奖励:-1028.1599999996427, 与前车进行交互的惩罚:0.0
Episode:51/100, Reward:-2901.872501259876
Episode:51/100, avg speed:11.538542126286615
Episode:51/100, avg halt num:0.2279247688874721
Episode:51/100, avg elec cons:0.5256452778416025
 Retrying in 1 seconds
Warning: Unused states in tlLogic 'J10', program '0' in phase 0 after tl-index 10
Simulation......
总奖励:-1584.0268204457836, 速度奖励:-1025.6898800609931, 加速度奖励:-321.1769403847731, 交通灯奖励:-237.16000000007813, 与前车进行交互的惩罚:0.0
Episode:52/100, Reward:-1584.0268204457836
Episode:52/100, avg speed:12.101564488426908
Episode:52/100, avg halt num:0.10085836909871244
Episode:52/100, avg elec cons:0.6964009820347453
 Retrying in 1 seconds
Warning: Unused states in tlLogic 'J10', program '0' in phase 0 after tl-index 10
Simulation......
总奖励:-1193.4086495749643, 速度奖励:-799.815077244, 加速度奖励:-277.65357233095745, 交通灯奖励:-115.94000000001171, 与前车进行交互的惩罚:0.0
Episode:53/100, Reward:-1193.4086495749643
Episode:53/100, avg speed:12.631854086341505
Episode:53/100, avg halt num:0.02510808114399734
Episode:53/100, avg elec cons:0.8809645370321277
 Retrying in 1 seconds
Warning: Unused states in tlLogic 'J10', program '0' in phase 0 after tl-index 10
Simulation......
总奖励:-1135.4587206867675, 速度奖励:-800.7085685340061, 加速度奖励:-296.3501521527693, 交通灯奖励:-38.399999999996275, 与前车进行交互的惩罚:0.0
Episode:54/100, Reward:-1135.4587206867675
Episode:54/100, avg speed:12.743397633224184
Episode:54/100, avg halt num:0.014167242570836213
Episode:54/100, avg elec cons:0.8870266805936338
 Retrying in 1 seconds
Warning: Unused states in tlLogic 'J10', program '0' in phase 0 after tl-index 10
Simulation......
总奖励:-1033.5611359730335, 速度奖励:-740.9589838020066, 加速度奖励:-283.09215217103434, 交通灯奖励:-9.50999999999614, 与前车进行交互的惩罚:0.0
Episode:55/100, Reward:-1033.5611359730335
Episode:55/100, avg speed:12.502788327966037
Episode:55/100, avg halt num:0.012566137566137565
Episode:55/100, avg elec cons:1.1948101243600207
 Retrying in 1 seconds
Warning: Unused states in tlLogic 'J10', program '0' in phase 0 after tl-index 10
Simulation......
总奖励:-1677.3472147196562, 速度奖励:-963.3513470759964, 加速度奖励:-362.055867643631, 交通灯奖励:-351.94000000005343, 与前车进行交互的惩罚:0.0
Episode:56/100, Reward:-1677.3472147196562
Episode:56/100, avg speed:11.941982185965331
Episode:56/100, avg halt num:0.0704626334519573
Episode:56/100, avg elec cons:0.8404288541316552
 Retrying in 1 seconds
Warning: Unused states in tlLogic 'J10', program '0' in phase 0 after tl-index 10
Simulation......
总奖励:-3301.886908145365, 速度奖励:-1022.8439082599898, 加速度奖励:-859.2729998853249, 交通灯奖励:-1419.7700000000755, 与前车进行交互的惩罚:0.0
Episode:57/100, Reward:-3301.886908145365
Episode:57/100, avg speed:11.311427168354859
Episode:57/100, avg halt num:0.1282128514056225
Episode:57/100, avg elec cons:1.199388069213421
 Retrying in 1 seconds
Warning: Unused states in tlLogic 'J10', program '0' in phase 0 after tl-index 10
Simulation......
总奖励:-9854.618521366272, 速度奖励:-1966.253538104972, 加速度奖励:-2433.654983261593, 交通灯奖励:-5454.70999999966, 与前车进行交互的惩罚:0.0
Episode:58/100, Reward:-9854.618521366272
Episode:58/100, avg speed:7.831283845190005
Episode:58/100, avg halt num:0.3071769456681351
Episode:58/100, avg elec cons:1.2075445505702884
 Retrying in 1 seconds
Warning: Unused states in tlLogic 'J10', program '0' in phase 0 after tl-index 10
Simulation......
总奖励:-13535.371231343186, 速度奖励:-2732.0854231441776, 加速度奖励:-2918.815808198921, 交通灯奖励:-7884.47000000089, 与前车进行交互的惩罚:0.0
Episode:59/100, Reward:-13535.371231343186
Episode:59/100, avg speed:9.216443953578198
Episode:59/100, avg halt num:0.4442638934026649
Episode:59/100, avg elec cons:0.7468917943581558
 Retrying in 1 seconds
Warning: Unused states in tlLogic 'J10', program '0' in phase 0 after tl-index 10
Simulation......
总奖励:-23742.162256320255, 速度奖励:-4225.777072524308, 加速度奖励:-5627.745183797457, 交通灯奖励:-13888.640000000276, 与前车进行交互的惩罚:0.0
Episode:60/100, Reward:-23742.162256320255
Episode:60/100, avg speed:6.9057045729666955
Episode:60/100, avg halt num:0.3394812680115274
Episode:60/100, avg elec cons:0.5819777599503496
 Retrying in 1 seconds
Warning: Unused states in tlLogic 'J10', program '0' in phase 0 after tl-index 10
Simulation......
总奖励:-24451.954102943095, 速度奖励:-4423.456542375398, 加速度奖励:-5290.787560569219, 交通灯奖励:-14737.710000000136, 与前车进行交互的惩罚:0.0
Episode:61/100, Reward:-24451.954102943095
Episode:61/100, avg speed:5.985870237843254
Episode:61/100, avg halt num:0.520201159222639
Episode:61/100, avg elec cons:0.6698705091574062
 Retrying in 1 seconds
Warning: Unused states in tlLogic 'J10', program '0' in phase 0 after tl-index 10
Simulation......
总奖励:-23989.707659599462, 速度奖励:-4259.891565909307, 加速度奖励:-5553.906093691019, 交通灯奖励:-14175.9100000003, 与前车进行交互的惩罚:0.0
Episode:62/100, Reward:-23989.707659599462
Episode:62/100, avg speed:6.573964687250783
Episode:62/100, avg halt num:0.36883136542537087
Episode:62/100, avg elec cons:0.6018756104656389
 Retrying in 1 seconds
Warning: Unused states in tlLogic 'J10', program '0' in phase 0 after tl-index 10
Simulation......
总奖励:-24175.968529877096, 速度奖励:-4325.139150984347, 加速度奖励:-5531.309378893873, 交通灯奖励:-14319.520000000377, 与前车进行交互的惩罚:0.0
Episode:63/100, Reward:-24175.968529877096
Episode:63/100, avg speed:7.237721927263733
Episode:63/100, avg halt num:0.36462758425375247
Episode:63/100, avg elec cons:0.5662938228890754
 Retrying in 1 seconds
Warning: Unused states in tlLogic 'J10', program '0' in phase 0 after tl-index 10
Simulation......
总奖励:-24271.94445613952, 速度奖励:-4391.085144618364, 加速度奖励:-5533.879311522672, 交通灯奖励:-14346.980000000336, 与前车进行交互的惩罚:0.0
Episode:64/100, Reward:-24271.94445613952
Episode:64/100, avg speed:5.477788326815166
Episode:64/100, avg halt num:0.46612421122550646
Episode:64/100, avg elec cons:0.6640921138445063
 Retrying in 1 seconds
Warning: Unused states in tlLogic 'J10', program '0' in phase 0 after tl-index 10
Simulation......
总奖励:-24402.75065642051, 速度奖励:-4393.54227864637, 加速度奖励:-5410.038377775347, 交通灯奖励:-14599.17000000029, 与前车进行交互的惩罚:0.0
Episode:65/100, Reward:-24402.75065642051
Episode:65/100, avg speed:6.601220504793128
Episode:65/100, avg halt num:0.45802180685358257
Episode:65/100, avg elec cons:0.6174362340726337
 Retrying in 1 seconds
Warning: Unused states in tlLogic 'J10', program '0' in phase 0 after tl-index 10
Simulation......
总奖励:-23737.245075229355, 速度奖励:-4280.073378138312, 加速度奖励:-5434.081697091883, 交通灯奖励:-14023.090000000435, 与前车进行交互的惩罚:0.0
Episode:66/100, Reward:-23737.245075229355
Episode:66/100, avg speed:7.01937836351952
Episode:66/100, avg halt num:0.39898629354654486
Episode:66/100, avg elec cons:0.577138649880408
 Retrying in 1 seconds
Warning: Unused states in tlLogic 'J10', program '0' in phase 0 after tl-index 10
Simulation......
总奖励:-24192.89088477191, 速度奖励:-4328.888980185323, 加速度奖励:-5541.591904587913, 交通灯奖励:-14322.410000000396, 与前车进行交互的惩罚:0.0
Episode:67/100, Reward:-24192.89088477191
Episode:67/100, avg speed:7.00555564819116
Episode:67/100, avg halt num:0.39072372199885125
Episode:67/100, avg elec cons:0.5725553145461999
 Retrying in 1 seconds
Warning: Unused states in tlLogic 'J10', program '0' in phase 0 after tl-index 10
Simulation......
总奖励:-23724.098375978283, 速度奖励:-4320.21954142832, 加速度奖励:-5569.338834551268, 交通灯奖励:-13834.540000000405, 与前车进行交互的惩罚:0.0
Episode:68/100, Reward:-23724.098375978283
Episode:68/100, avg speed:7.246818631306542
Episode:68/100, avg halt num:0.37201195219123506
Episode:68/100, avg elec cons:0.5729224406421096
 Retrying in 1 seconds
Warning: Unused states in tlLogic 'J10', program '0' in phase 0 after tl-index 10
Simulation......
总奖励:-23830.22186684354, 速度奖励:-4117.881611160297, 加速度奖励:-5832.010255684287, 交通灯奖励:-13880.330000000115, 与前车进行交互的惩罚:0.0
Episode:69/100, Reward:-23830.22186684354
Episode:69/100, avg speed:6.212828231913162
Episode:69/100, avg halt num:0.28428694652098907
Episode:69/100, avg elec cons:0.5893947081021897
 Retrying in 1 seconds
Warning: Unused states in tlLogic 'J10', program '0' in phase 0 after tl-index 10
Simulation......
总奖励:-23655.19892630617, 速度奖励:-4117.879058112242, 加速度奖励:-5822.849868195011, 交通灯奖励:-13714.470000000243, 与前车进行交互的惩罚:0.0
Episode:70/100, Reward:-23655.19892630617
Episode:70/100, avg speed:5.367476388655451
Episode:70/100, avg halt num:0.2895134481716531
Episode:70/100, avg elec cons:0.6211959239967766
 Retrying in 1 seconds
Warning: Unused states in tlLogic 'J10', program '0' in phase 0 after tl-index 10
Simulation......
总奖励:-24741.68834826655, 速度奖励:-4472.661940542422, 加速度奖励:-5368.296407725517, 交通灯奖励:-14900.73000000025, 与前车进行交互的惩罚:0.0
Episode:71/100, Reward:-24741.68834826655
Episode:71/100, avg speed:6.367863149519503
Episode:71/100, avg halt num:0.47305028605841615
Episode:71/100, avg elec cons:0.5862705274863828
 Retrying in 1 seconds
Warning: Unused states in tlLogic 'J10', program '0' in phase 0 after tl-index 10
Simulation......
总奖励:-23654.629026748793, 速度奖励:-4224.147078105379, 加速度奖励:-5528.181948644961, 交通灯奖励:-13902.300000000334, 与前车进行交互的惩罚:0.0
Episode:72/100, Reward:-23654.629026748793
Episode:72/100, avg speed:5.538226093686747
Episode:72/100, avg halt num:0.39071956960322796
Episode:72/100, avg elec cons:0.6707542236219826
 Retrying in 1 seconds
Warning: Unused states in tlLogic 'J10', program '0' in phase 0 after tl-index 10
Simulation......
总奖励:-24130.14401806426, 速度奖励:-4217.750576136261, 加速度奖励:-5844.383441929113, 交通灯奖励:-14068.01000000027, 与前车进行交互的惩罚:0.0
Episode:73/100, Reward:-24130.14401806426
Episode:73/100, avg speed:5.568884648610054
Episode:73/100, avg halt num:0.31177056646740675
Episode:73/100, avg elec cons:0.5755998864909498
 Retrying in 1 seconds
Warning: Unused states in tlLogic 'J10', program '0' in phase 0 after tl-index 10
Simulation......
总奖励:-24719.655213285416, 速度奖励:-4583.606606613428, 加速度奖励:-5216.348606673921, 交通灯奖励:-14919.70000000032, 与前车进行交互的惩罚:0.0
Episode:74/100, Reward:-24719.655213285416
Episode:74/100, avg speed:7.266627037859645
Episode:74/100, avg halt num:0.5125851347349719
Episode:74/100, avg elec cons:0.5745710877883407
 Retrying in 1 seconds
Warning: Unused states in tlLogic 'J10', program '0' in phase 0 after tl-index 10
Simulation......
总奖励:-23951.707995712164, 速度奖励:-4271.38093090826, 加速度奖励:-5633.497064804674, 交通灯奖励:-14046.830000000477, 与前车进行交互的惩罚:0.0
Episode:75/100, Reward:-23951.707995712164
Episode:75/100, avg speed:6.555424049046094
Episode:75/100, avg halt num:0.3529761904761905
Episode:75/100, avg elec cons:0.5973262528319516
 Retrying in 1 seconds
Warning: Unused states in tlLogic 'J10', program '0' in phase 0 after tl-index 10
Simulation......
总奖励:-25244.81127088608, 速度奖励:-4643.753442498528, 加速度奖励:-5154.647828389679, 交通灯奖励:-15446.41000000031, 与前车进行交互的惩罚:0.0
Episode:76/100, Reward:-25244.81127088608
Episode:76/100, avg speed:5.286853172901882
Episode:76/100, avg halt num:0.6774713467048711
Episode:76/100, avg elec cons:0.6955926459644256
 Retrying in 1 seconds
Warning: Unused states in tlLogic 'J10', program '0' in phase 0 after tl-index 10
Simulation......
总奖励:-24795.695104364273, 速度奖励:-4505.982971238442, 加速度奖励:-5309.842133127244, 交通灯奖励:-14979.870000000288, 与前车进行交互的惩罚:0.0
Episode:77/100, Reward:-24795.695104364273
Episode:77/100, avg speed:7.11894686836016
Episode:77/100, avg halt num:0.5044900577293137
Episode:77/100, avg elec cons:0.6208800564862359
 Retrying in 1 seconds
Warning: Unused states in tlLogic 'J10', program '0' in phase 0 after tl-index 10
Simulation......
总奖励:-24319.39603153358, 速度奖励:-4476.4238394905005, 加速度奖励:-5314.742192044339, 交通灯奖励:-14528.230000000476, 与前车进行交互的惩罚:0.0
Episode:78/100, Reward:-24319.39603153358
Episode:78/100, avg speed:6.300835908405172
Episode:78/100, avg halt num:0.5281770663181967
Episode:78/100, avg elec cons:0.6467585580690979
 Retrying in 1 seconds
Warning: Unused states in tlLogic 'J10', program '0' in phase 0 after tl-index 10
Simulation......
总奖励:-24107.58372431661, 速度奖励:-4320.897016041369, 加速度奖励:-5335.366708276173, 交通灯奖励:-14451.320000000107, 与前车进行交互的惩罚:0.0
Episode:79/100, Reward:-24107.58372431661
Episode:79/100, avg speed:6.552611044828633
Episode:79/100, avg halt num:0.44458846403110824
Episode:79/100, avg elec cons:0.6510209134986191
 Retrying in 1 seconds
Warning: Unused states in tlLogic 'J10', program '0' in phase 0 after tl-index 10
Simulation......
总奖励:-24592.435590824218, 速度奖励:-4480.727875911438, 加速度奖励:-5412.367714914267, 交通灯奖励:-14699.340000000264, 与前车进行交互的惩罚:0.0
Episode:80/100, Reward:-24592.435590824218
Episode:80/100, avg speed:6.587433373354327
Episode:80/100, avg halt num:0.4712257100149477
Episode:80/100, avg elec cons:0.5949930264488081
 Retrying in 1 seconds
Warning: Unused states in tlLogic 'J10', program '0' in phase 0 after tl-index 10
Simulation......
总奖励:-25423.578451106943, 速度奖励:-4677.738945039506, 加速度奖励:-5242.599506069132, 交通灯奖励:-15503.240000000229, 与前车进行交互的惩罚:0.0
Episode:81/100, Reward:-25423.578451106943
Episode:81/100, avg speed:5.34411148285523
Episode:81/100, avg halt num:0.6176666666666667
Episode:81/100, avg elec cons:0.6545348580479893
 Retrying in 1 seconds
Warning: Unused states in tlLogic 'J10', program '0' in phase 0 after tl-index 10
Simulation......
总奖励:-23947.857354535103, 速度奖励:-4459.017519099469, 加速度奖励:-5346.499835437358, 交通灯奖励:-14142.34000000037, 与前车进行交互的惩罚:0.0
Episode:82/100, Reward:-23947.857354535103
Episode:82/100, avg speed:6.137184064687024
Episode:82/100, avg halt num:0.5134417808219178
Episode:82/100, avg elec cons:0.6710311295027988
 Retrying in 1 seconds
Warning: Unused states in tlLogic 'J10', program '0' in phase 0 after tl-index 10
Simulation......
总奖励:-23241.382813954737, 速度奖励:-4107.485766276276, 加速度奖励:-5649.33704767927, 交通灯奖励:-13484.560000000336, 与前车进行交互的惩罚:0.0
Episode:83/100, Reward:-23241.382813954737
Episode:83/100, avg speed:6.633737304723455
Episode:83/100, avg halt num:0.28745928338762217
Episode:83/100, avg elec cons:0.6004625246273063
 Retrying in 1 seconds
Warning: Unused states in tlLogic 'J10', program '0' in phase 0 after tl-index 10
Simulation......
总奖励:-24119.534492840532, 速度奖励:-4399.9590104553145, 加速度奖励:-5606.415482386219, 交通灯奖励:-14113.16000000046, 与前车进行交互的惩罚:0.0
Episode:84/100, Reward:-24119.534492840532
Episode:84/100, avg speed:5.846323846971908
Episode:84/100, avg halt num:0.42034565366187543
Episode:84/100, avg elec cons:0.6694807731854885
 Retrying in 1 seconds
Warning: Unused states in tlLogic 'J10', program '0' in phase 0 after tl-index 10
Simulation......
总奖励:-24656.13476318431, 速度奖励:-4391.136425934383, 加速度奖励:-5628.12833725153, 交通灯奖励:-14636.870000000337, 与前车进行交互的惩罚:0.0
Episode:85/100, Reward:-24656.13476318431
Episode:85/100, avg speed:5.748039085581587
Episode:85/100, avg halt num:0.4006449631449631
Episode:85/100, avg elec cons:0.6100429062179995
 Retrying in 1 seconds
Warning: Unused states in tlLogic 'J10', program '0' in phase 0 after tl-index 10
Simulation......
总奖励:-24124.520671985603, 速度奖励:-4292.223971589279, 加速度奖励:-5692.806700397167, 交通灯奖励:-14139.490000000153, 与前车进行交互的惩罚:0.0
Episode:86/100, Reward:-24124.520671985603
Episode:86/100, avg speed:6.043882127652181
Episode:86/100, avg halt num:0.37318840579710144
Episode:86/100, avg elec cons:0.5802581379704929
 Retrying in 1 seconds
Warning: Unused states in tlLogic 'J10', program '0' in phase 0 after tl-index 10
Simulation......
总奖励:-23677.581272919782, 速度奖励:-4257.573964227321, 加速度奖励:-5419.097308693744, 交通灯奖励:-14000.91000000034, 与前车进行交互的惩罚:0.0
Episode:87/100, Reward:-23677.581272919782
Episode:87/100, avg speed:5.211842095183681
Episode:87/100, avg halt num:0.4717399335057259
Episode:87/100, avg elec cons:0.7355358731183606
 Retrying in 1 seconds
Warning: Unused states in tlLogic 'J10', program '0' in phase 0 after tl-index 10
Simulation......
总奖励:-24489.94946237048, 速度奖励:-4396.920568614347, 加速度奖励:-5533.098893757379, 交通灯奖励:-14559.930000000277, 与前车进行交互的惩罚:0.0
Episode:88/100, Reward:-24489.94946237048
Episode:88/100, avg speed:7.004276202490074
Episode:88/100, avg halt num:0.4046129220023283
Episode:88/100, avg elec cons:0.5735116981922251
 Retrying in 1 seconds
Warning: Unused states in tlLogic 'J10', program '0' in phase 0 after tl-index 10
Simulation......
总奖励:-24387.991940803473, 速度奖励:-4335.1774101003775, 加速度奖励:-5560.564530704356, 交通灯奖励:-14492.250000000213, 与前车进行交互的惩罚:0.0
Episode:89/100, Reward:-24387.991940803473
Episode:89/100, avg speed:5.886295450974476
Episode:89/100, avg halt num:0.41575149042987136
Episode:89/100, avg elec cons:0.6287753177976657
 Retrying in 1 seconds
Warning: Unused states in tlLogic 'J10', program '0' in phase 0 after tl-index 10
Simulation......
总奖励:-23555.25171262812, 速度奖励:-4363.144147692467, 加速度奖励:-5326.707564937424, 交通灯奖励:-13865.400000000613, 与前车进行交互的惩罚:0.0
Episode:90/100, Reward:-23555.25171262812
Episode:90/100, avg speed:5.4037689601201215
Episode:90/100, avg halt num:0.5323315118397086
Episode:90/100, avg elec cons:0.7223780457682893
 Retrying in 1 seconds
Warning: Unused states in tlLogic 'J10', program '0' in phase 0 after tl-index 10
Simulation......
总奖励:-24151.131144550396, 速度奖励:-4330.831218480364, 加速度奖励:-5530.12992607115, 交通灯奖励:-14290.170000000384, 与前车进行交互的惩罚:0.0
Episode:91/100, Reward:-24151.131144550396
Episode:91/100, avg speed:6.114782891106779
Episode:91/100, avg halt num:0.4195827725437416
Episode:91/100, avg elec cons:0.6710037260330682
 Retrying in 1 seconds
Warning: Unused states in tlLogic 'J10', program '0' in phase 0 after tl-index 10
Simulation......
总奖励:-24161.99014633395, 速度奖励:-4379.935707801343, 加速度奖励:-5552.514438533649, 交通灯奖励:-14229.540000000345, 与前车进行交互的惩罚:0.0
Episode:92/100, Reward:-24161.99014633395
Episode:92/100, avg speed:5.714667121539237
Episode:92/100, avg halt num:0.447617438323758
Episode:92/100, avg elec cons:0.6675579804892283
 Retrying in 1 seconds
Warning: Unused states in tlLogic 'J10', program '0' in phase 0 after tl-index 10
Simulation......
总奖励:-24381.263229099695, 速度奖励:-4546.517465439474, 加速度奖励:-5116.105763661478, 交通灯奖励:-14718.640000000396, 与前车进行交互的惩罚:0.0
Episode:93/100, Reward:-24381.263229099695
Episode:93/100, avg speed:7.014063173553728
Episode:93/100, avg halt num:0.5949711179068977
Episode:93/100, avg elec cons:0.6694385813702515
 Retrying in 1 seconds
Warning: Unused states in tlLogic 'J10', program '0' in phase 0 after tl-index 10
Simulation......
总奖励:-24153.662602180142, 速度奖励:-4274.530123680281, 加速度奖励:-5616.282478500806, 交通灯奖励:-14262.850000000284, 与前车进行交互的惩罚:0.0
Episode:94/100, Reward:-24153.662602180142
Episode:94/100, avg speed:6.312754706521177
Episode:94/100, avg halt num:0.37633689839572193
Episode:94/100, avg elec cons:0.6026557486830234
 Retrying in 1 seconds
Warning: Unused states in tlLogic 'J10', program '0' in phase 0 after tl-index 10
Simulation......
总奖励:-25119.89391808656, 速度奖励:-4661.149489632605, 加速度奖励:-5118.02442845554, 交通灯奖励:-15340.72000000043, 与前车进行交互的惩罚:0.0
Episode:95/100, Reward:-25119.89391808656
Episode:95/100, avg speed:6.150224906598054
Episode:95/100, avg halt num:0.6227227558794303
Episode:95/100, avg elec cons:0.6517798089381218
 Retrying in 1 seconds
Warning: Unused states in tlLogic 'J10', program '0' in phase 0 after tl-index 10
Simulation......
总奖励:-24517.720224409626, 速度奖励:-4434.9023647263775, 加速度奖励:-5413.767859685123, 交通灯奖励:-14669.050000000294, 与前车进行交互的惩罚:0.0
Episode:96/100, Reward:-24517.720224409626
Episode:96/100, avg speed:4.9907131227218855
Episode:96/100, avg halt num:0.5485209235209235
Episode:96/100, avg elec cons:0.7125245683406034
 Retrying in 1 seconds
Warning: Unused states in tlLogic 'J10', program '0' in phase 0 after tl-index 10
Simulation......
总奖励:-23766.397673170588, 速度奖励:-4371.639542370334, 加速度奖励:-5334.2981308014105, 交通灯奖励:-14060.460000000481, 与前车进行交互的惩罚:0.0
Episode:97/100, Reward:-23766.397673170588
Episode:97/100, avg speed:6.699674906644482
Episode:97/100, avg halt num:0.47473188170295744
Episode:97/100, avg elec cons:0.6503620171037744
 Retrying in 1 seconds
Warning: Unused states in tlLogic 'J10', program '0' in phase 0 after tl-index 10
Simulation......
总奖励:-24177.660091159585, 速度奖励:-4369.365090513357, 加速度奖励:-5425.645000647084, 交通灯奖励:-14382.65000000028, 与前车进行交互的惩罚:0.0
Episode:98/100, Reward:-24177.660091159585
Episode:98/100, avg speed:4.818144203393565
Episode:98/100, avg halt num:0.5223423423423423
Episode:98/100, avg elec cons:0.717524106035707
 Retrying in 1 seconds
Warning: Unused states in tlLogic 'J10', program '0' in phase 0 after tl-index 10
Simulation......
总奖励:-24040.362039285952, 速度奖励:-4392.585791370318, 加速度奖励:-5493.536247916905, 交通灯奖励:-14154.240000000313, 与前车进行交互的惩罚:0.0
Episode:99/100, Reward:-24040.362039285952
Episode:99/100, avg speed:6.527321968422594
Episode:99/100, avg halt num:0.42613636363636365
Episode:99/100, avg elec cons:0.6026565043947448
 Retrying in 1 seconds
Warning: Unused states in tlLogic 'J10', program '0' in phase 0 after tl-index 10
Simulation......
总奖励:-24507.07312100446, 速度奖励:-4520.32340387442, 加速度奖励:-5363.279717131454, 交通灯奖励:-14623.47000000042, 与前车进行交互的惩罚:0.0
Episode:100/100, Reward:-24507.07312100446
Episode:100/100, avg speed:6.955475701115175
Episode:100/100, avg halt num:0.4673552472858866
Episode:100/100, avg elec cons:0.5828739339074288
model saved successfully!
Complete training!
final reward list:[-6034.4458346609445, -7115.986304697692, -4970.800587940894, -7056.53530895714, -1904.5403705781575, -2524.9574396019952, -3597.490217703005, -7335.89454610957, -5523.995049243398, -2687.8612783023677, -2571.789242144423, -3228.170233283081, -2296.410178398151, -1987.1169995373925, -1698.1779393768504, -5155.5458273357835, -3338.622196853022, -5000.181684684262, -4865.291039774798, -3886.329919661787, -7620.130944551261, -4872.995047352585, -4870.4408510619705, -1242.7487093625336, -3598.3375573292715, -2111.9932709350674, -1349.2595402055654, -2885.2687048439366, -6279.301572644885, -8678.280972556586, -10456.94124896266, -13297.105295467469, -14356.47000559106, -15154.899928420537, -25498.676876455647, -7143.867604179771, -3387.6057595177526, -8441.094399004958, -4487.577862439375, -1640.3941781201406, -2950.2298855355502, -2984.8480140228717, -2668.1770619553267, -3819.727197495526, -3291.0278138256035, -2335.3716209774893, -2082.9235844721593, -1306.7224926550107, -1190.2880830211284, -1334.1858528857767, -2901.872501259876, -1584.0268204457836, -1193.4086495749643, -1135.4587206867675, -1033.5611359730335, -1677.3472147196562, -3301.886908145365, -9854.618521366272, -13535.371231343186, -23742.162256320255, -24451.954102943095, -23989.707659599462, -24175.968529877096, -24271.94445613952, -24402.75065642051, -23737.245075229355, -24192.89088477191, -23724.098375978283, -23830.22186684354, -23655.19892630617, -24741.68834826655, -23654.629026748793, -24130.14401806426, -24719.655213285416, -23951.707995712164, -25244.81127088608, -24795.695104364273, -24319.39603153358, -24107.58372431661, -24592.435590824218, -25423.578451106943, -23947.857354535103, -23241.382813954737, -24119.534492840532, -24656.13476318431, -24124.520671985603, -23677.581272919782, -24489.94946237048, -24387.991940803473, -23555.25171262812, -24151.131144550396, -24161.99014633395, -24381.263229099695, -24153.662602180142, -25119.89391808656, -24517.720224409626, -23766.397673170588, -24177.660091159585, -24040.362039285952, -24507.07312100446]
final speed list:[14.437917980568516, 14.017458994774065, 15.656163826629351, 12.73826224309669, 14.31505792646207, 14.09963184483319, 11.531435891743254, 10.017157055513348, 9.541356327960242, 12.352249951620479, 12.596275569680905, 11.791698487620161, 11.676648627211009, 12.215819015148139, 12.69714738922486, 9.708070740859771, 10.863230856530482, 8.820034812562263, 10.066044541019796, 9.84836723270429, 8.48072677367587, 9.31068864595583, 10.547214759520248, 12.914715201455119, 11.498534094575376, 11.034770099567966, 12.01671562559427, 9.824465162336983, 8.726299289518098, 8.886005428920695, 9.324079852627056, 7.95240540439761, 7.195172446250216, 7.945780624879067, 6.831453839964507, 9.990769411230355, 10.137375904838008, 8.615547124358223, 11.031730365367286, 11.883908313225762, 10.623240461539405, 11.244330665036152, 11.368012403147706, 10.293725063040783, 10.423674669029925, 11.741062790797109, 11.383482760432491, 11.671938497678447, 12.734382121811212, 12.045411176095811, 11.538542126286615, 12.101564488426908, 12.631854086341505, 12.743397633224184, 12.502788327966037, 11.941982185965331, 11.311427168354859, 7.831283845190005, 9.216443953578198, 6.9057045729666955, 5.985870237843254, 6.573964687250783, 7.237721927263733, 5.477788326815166, 6.601220504793128, 7.01937836351952, 7.00555564819116, 7.246818631306542, 6.212828231913162, 5.367476388655451, 6.367863149519503, 5.538226093686747, 5.568884648610054, 7.266627037859645, 6.555424049046094, 5.286853172901882, 7.11894686836016, 6.300835908405172, 6.552611044828633, 6.587433373354327, 5.34411148285523, 6.137184064687024, 6.633737304723455, 5.846323846971908, 5.748039085581587, 6.043882127652181, 5.211842095183681, 7.004276202490074, 5.886295450974476, 5.4037689601201215, 6.114782891106779, 5.714667121539237, 7.014063173553728, 6.312754706521177, 6.150224906598054, 4.9907131227218855, 6.699674906644482, 4.818144203393565, 6.527321968422594, 6.955475701115175]
final elec cons list:[1.762902998089894, 1.8991220424325361, 2.0401921005862973, 1.5510145171859633, 2.5949085066620725, 2.036607985058895, 0.7701044095102034, 0.6186456370752329, 0.5376369711843527, 1.4079949365571616, 0.8611162957709331, 0.6782541089270614, 0.5527656844412854, 0.8639148594685998, 0.8370146277584034, 0.5825206041012813, 0.4468227322473782, 0.5835016219900858, 0.4425683954447622, 0.3977892335335995, 0.5706650130260067, 0.5298793924708541, 0.4674021609289724, 0.79269142752206, 0.6525925615929331, 0.6148922425796519, 0.7400136274615153, 0.8179346685776657, 0.6419663675469317, 0.5240355995314973, 0.6636724951168559, 0.6258980964344489, 0.48211371600541275, 0.4103500950150132, 0.4350498500074652, 1.1252848084527196, 0.7193315753035104, 0.5284289964763675, 0.7597662364414248, 0.8762813336805664, 0.5804356238132331, 1.0135784220260462, 1.15432503466501, 0.7131253885756881, 0.6276153270306243, 0.6119086585010358, 0.6973620268835908, 0.7613759728857951, 0.6904989271272809, 0.6347892600041364, 0.5256452778416025, 0.6964009820347453, 0.8809645370321277, 0.8870266805936338, 1.1948101243600207, 0.8404288541316552, 1.199388069213421, 1.2075445505702884, 0.7468917943581558, 0.5819777599503496, 0.6698705091574062, 0.6018756104656389, 0.5662938228890754, 0.6640921138445063, 0.6174362340726337, 0.577138649880408, 0.5725553145461999, 0.5729224406421096, 0.5893947081021897, 0.6211959239967766, 0.5862705274863828, 0.6707542236219826, 0.5755998864909498, 0.5745710877883407, 0.5973262528319516, 0.6955926459644256, 0.6208800564862359, 0.6467585580690979, 0.6510209134986191, 0.5949930264488081, 0.6545348580479893, 0.6710311295027988, 0.6004625246273063, 0.6694807731854885, 0.6100429062179995, 0.5802581379704929, 0.7355358731183606, 0.5735116981922251, 0.6287753177976657, 0.7223780457682893, 0.6710037260330682, 0.6675579804892283, 0.6694385813702515, 0.6026557486830234, 0.6517798089381218, 0.7125245683406034, 0.6503620171037744, 0.717524106035707, 0.6026565043947448, 0.5828739339074288]
final halt list:[0.3433744722312439, 0.4596020761245675, 0.2687152664269369, 0.32783742331288346, 0.13032984714400644, 0.1877589779005525, 0.2517764857881137, 0.5669616519174041, 0.35647709320695103, 0.06915949702183984, 0.11571382428940569, 0.20090180360721444, 0.07711555959963604, 0.051381692573402415, 0.03099247581512003, 0.4149400218102508, 0.2506493506493506, 0.5069936958234831, 0.33001361933946205, 0.32984047544573036, 0.6824400299850075, 0.31874777659196013, 0.48290113452188005, 0.05141786179921773, 0.24048576732673269, 0.12229073243647234, 0.04228561782579338, 0.11535493827160494, 0.35815602836879434, 0.4239602731222843, 0.3353582554517134, 0.41618887015177064, 0.5233322893830253, 0.5945195195195195, 1.0332596121129636, 0.10851063829787234, 0.16724671307037897, 0.7054140127388535, 0.18652277362338546, 0.024715504978662872, 0.20909719820131442, 0.10874021617592247, 0.092357910906298, 0.253042233357194, 0.21992902502801642, 0.1514095917044718, 0.16769778777652794, 0.05933665644171779, 0.03773296669721968, 0.05492487479131886, 0.2279247688874721, 0.10085836909871244, 0.02510808114399734, 0.014167242570836213, 0.012566137566137565, 0.0704626334519573, 0.1282128514056225, 0.3071769456681351, 0.4442638934026649, 0.3394812680115274, 0.520201159222639, 0.36883136542537087, 0.36462758425375247, 0.46612421122550646, 0.45802180685358257, 0.39898629354654486, 0.39072372199885125, 0.37201195219123506, 0.28428694652098907, 0.2895134481716531, 0.47305028605841615, 0.39071956960322796, 0.31177056646740675, 0.5125851347349719, 0.3529761904761905, 0.6774713467048711, 0.5044900577293137, 0.5281770663181967, 0.44458846403110824, 0.4712257100149477, 0.6176666666666667, 0.5134417808219178, 0.28745928338762217, 0.42034565366187543, 0.4006449631449631, 0.37318840579710144, 0.4717399335057259, 0.4046129220023283, 0.41575149042987136, 0.5323315118397086, 0.4195827725437416, 0.447617438323758, 0.5949711179068977, 0.37633689839572193, 0.6227227558794303, 0.5485209235209235, 0.47473188170295744, 0.5223423423423423, 0.42613636363636365, 0.4673552472858866]
speed reward list:[-930.6574919819515, -1184.5730724479397, -579.0186650339687, -1130.298480422962, -526.5246935249883, -643.9387737149766, -1257.2738590499582, -2396.680710012076, -1921.0576226219346, -879.7587131159933, -1058.4763021619908, -1295.1423550889758, -1202.3151358679866, -968.2949980260023, -878.3051623290013, -2053.592561852946, -1705.0898244869588, -2093.992545041931, -2023.2050053859462, -1971.122175404934, -2684.530314216169, -1883.1531519359517, -2176.282259657925, -796.8263477939967, -1481.8239429299497, -1228.3142558219927, -941.1673086720049, -1224.9943893359875, -2006.881627373952, -2471.623715214105, -2414.1430593990535, -2849.506582941158, -3239.586210465289, -3648.5260964014105, -5503.022913834713, -1670.083665192009, -1166.1248332349787, -2786.105929698192, -1516.2224695649886, -865.7763616350014, -1484.9887899599717, -1155.3633836459974, -986.6554585739945, -1559.4818446079655, -1514.8144075409796, -1245.041924084982, -1232.974143260987, -951.6804271919972, -856.2012536159974, -970.508020977, -1437.1258454909578, -1025.6898800609931, -799.815077244, -800.7085685340061, -740.9589838020066, -963.3513470759964, -1022.8439082599898, -1966.253538104972, -2732.0854231441776, -4225.777072524308, -4423.456542375398, -4259.891565909307, -4325.139150984347, -4391.085144618364, -4393.54227864637, -4280.073378138312, -4328.888980185323, -4320.21954142832, -4117.881611160297, -4117.879058112242, -4472.661940542422, -4224.147078105379, -4217.750576136261, -4583.606606613428, -4271.38093090826, -4643.753442498528, -4505.982971238442, -4476.4238394905005, -4320.897016041369, -4480.727875911438, -4677.738945039506, -4459.017519099469, -4107.485766276276, -4399.9590104553145, -4391.136425934383, -4292.223971589279, -4257.573964227321, -4396.920568614347, -4335.1774101003775, -4363.144147692467, -4330.831218480364, -4379.935707801343, -4546.517465439474, -4274.530123680281, -4661.149489632605, -4434.9023647263775, -4371.639542370334, -4369.365090513357, -4392.585791370318, -4520.32340387442]
accel reward list:[-711.2383426792711, -681.333232250229, -829.6119229070162, -1094.7968285346096, -656.2356770531112, -772.0486658869348, -995.3263586529371, -935.2838360984512, -1050.5274266215154, -894.5225651863425, -780.1329399823841, -876.7378781940231, -682.1750425301245, -656.1120015113825, -657.8127770478538, -720.7732654829858, -613.102372365932, -682.6091396424451, -708.7560343889146, -643.92774425667, -904.2506303362868, -930.1318954168548, -685.4385914042114, -392.19236156852304, -861.9936143992202, -490.71901511303946, -461.68223153355706, -880.9443155079293, -1415.5999452712451, -1924.117257343319, -2205.3581895637753, -2978.108712526332, -2484.753795125822, -1804.1238320190505, -2360.6039626238344, -1663.213938987831, -742.0509262826887, -918.0884693078598, -1100.8153928743977, -725.8478164851259, -758.6310955754931, -853.2746303768512, -783.991603381303, -848.195352887468, -636.1834062845352, -535.8696968924518, -430.6694412111235, -364.0420654629928, -387.2268294051253, -312.51783190876614, -436.5866557688183, -321.1769403847731, -277.65357233095745, -296.3501521527693, -283.09215217103434, -362.055867643631, -859.2729998853249, -2433.654983261593, -2918.815808198921, -5627.745183797457, -5290.787560569219, -5553.906093691019, -5531.309378893873, -5533.879311522672, -5410.038377775347, -5434.081697091883, -5541.591904587913, -5569.338834551268, -5832.010255684287, -5822.849868195011, -5368.296407725517, -5528.181948644961, -5844.383441929113, -5216.348606673921, -5633.497064804674, -5154.647828389679, -5309.842133127244, -5314.742192044339, -5335.366708276173, -5412.367714914267, -5242.599506069132, -5346.499835437358, -5649.33704767927, -5606.415482386219, -5628.12833725153, -5692.806700397167, -5419.097308693744, -5533.098893757379, -5560.564530704356, -5326.707564937424, -5530.12992607115, -5552.514438533649, -5116.105763661478, -5616.282478500806, -5118.02442845554, -5413.767859685123, -5334.2981308014105, -5425.645000647084, -5493.536247916905, -5363.279717131454]
tls reward list:[-4392.549999999857, -5250.080000000013, -3562.1699999999228, -4831.439999999723, -721.7799999998206, -1108.9699999998622, -1344.8900000001572, -4003.9299999986742, -2552.409999999814, -913.5799999996331, -733.1799999997041, -1056.2899999999445, -411.9200000000534, -362.71000000005023, -162.06000000005704, -2381.179999999376, -1020.4299999998534, -2223.5799999996307, -2133.3299999996952, -1271.2800000003244, -4031.349999998515, -2059.7100000006617, -2008.7200000008497, -53.730000000013135, -1254.5199999998686, -392.9600000000833, 53.589999999993054, -779.3299999998168, -2856.8199999998506, -4282.5399999988285, -5837.439999999804, -7469.490000000461, -8632.130000000412, -9702.25000000127, -17635.05000000327, -3810.5699999987733, -1479.4299999999237, -4736.900000000993, -1870.5400000005943, -48.769999999996614, -706.6099999997191, -976.2099999995269, -897.5299999997053, -1412.0500000001782, -1140.0300000001791, -554.4599999998946, -419.28000000005943, 9.000000000003926, 53.13999999999941, -51.1599999999995, -1028.1599999996427, -237.16000000007813, -115.94000000001171, -38.399999999996275, -9.50999999999614, -351.94000000005343, -1419.7700000000755, -5454.70999999966, -7884.47000000089, -13888.640000000276, -14737.710000000136, -14175.9100000003, -14319.520000000377, -14346.980000000336, -14599.17000000029, -14023.090000000435, -14322.410000000396, -13834.540000000405, -13880.330000000115, -13714.470000000243, -14900.73000000025, -13902.300000000334, -14068.01000000027, -14919.70000000032, -14046.830000000477, -15446.41000000031, -14979.870000000288, -14528.230000000476, -14451.320000000107, -14699.340000000264, -15503.240000000229, -14142.34000000037, -13484.560000000336, -14113.16000000046, -14636.870000000337, -14139.490000000153, -14000.91000000034, -14559.930000000277, -14492.250000000213, -13865.400000000613, -14290.170000000384, -14229.540000000345, -14718.640000000396, -14262.850000000284, -15340.72000000043, -14669.050000000294, -14060.460000000481, -14382.65000000028, -14154.240000000313, -14623.47000000042]
extra reward list:[0.0, 0.0, 0.0, 0.0, 0.0, 0.0, 0.0, 0.0, 0.0, 0.0, 0.0, 0.0, 0.0, 0.0, 0.0, 0.0, 0.0, 0.0, 0.0, 0.0, 0.0, 0.0, 0.0, 0.0, 0.0, 0.0, 0.0, 0.0, 0.0, 0.0, 0.0, 0.0, 0.0, 0.0, 0.0, 0.0, 0.0, 0.0, 0.0, 0.0, 0.0, 0.0, 0.0, 0.0, 0.0, 0.0, 0.0, 0.0, 0.0, 0.0, 0.0, 0.0, 0.0, 0.0, 0.0, 0.0, 0.0, 0.0, 0.0, 0.0, 0.0, 0.0, 0.0, 0.0, 0.0, 0.0, 0.0, 0.0, 0.0, 0.0, 0.0, 0.0, 0.0, 0.0, 0.0, 0.0, 0.0, 0.0, 0.0, 0.0, 0.0, 0.0, 0.0, 0.0, 0.0, 0.0, 0.0, 0.0, 0.0, 0.0, 0.0, 0.0, 0.0, 0.0, 0.0, 0.0, 0.0, 0.0, 0.0, 0.0]
