nohup: 忽略输入
Env:sumo, Algorithm:TD3, Device:cuda
-----------------------------------------
models/reward_s0.18_a8e-2_t(-2_0.1)_safe(4.5,-0.7).pth
-----------------------------------------
 Retrying in 1 seconds
Warning: Unused states in tlLogic 'J10', program '0' in phase 0 after tl-index 10
Simulation......
总奖励:-159023.2560960528, 速度奖励:-100153.04256971077, 加速度奖励:-15660.813526332404, 交通灯奖励:-38147.70000001995, 与前车进行交互的惩罚:-5061.699999999311
Episode:1/100, Reward:-159023.2560960528
Episode:1/100, avg speed:6.738954190052325
Episode:1/100, avg halt num:0.4202755905511811
Episode:1/100, avg elec cons:0.6126084614373584
 Retrying in 1 seconds
Warning: Unused states in tlLogic 'J10', program '0' in phase 0 after tl-index 10
Simulation......
总奖励:-166007.8905705053, 速度奖励:-104697.76894216814, 加速度奖励:-15562.521628325907, 交通灯奖励:-39783.60000002162, 与前车进行交互的惩罚:-5963.999999999077
Episode:2/100, Reward:-166007.8905705053
Episode:2/100, avg speed:6.445550898876776
Episode:2/100, avg halt num:0.5359825721153846
Episode:2/100, avg elec cons:0.6517442324500664
 Retrying in 1 seconds
Warning: Unused states in tlLogic 'J10', program '0' in phase 0 after tl-index 10
Simulation......
总奖励:-61530.57798651319, 速度奖励:-36891.31475303997, 加速度奖励:-5574.763233476139, 交通灯奖励:-15945.29999999657, 与前车进行交互的惩罚:-3119.1999999998156
Episode:3/100, Reward:-61530.57798651319
Episode:3/100, avg speed:12.273956595304329
Episode:3/100, avg halt num:0.2592884130982368
Episode:3/100, avg elec cons:1.275475292383299
 Retrying in 1 seconds
Warning: Unused states in tlLogic 'J10', program '0' in phase 0 after tl-index 10
Simulation......
总奖励:-28714.863400466777, 速度奖励:-19878.07536756045, 加速度奖励:-1653.288032907882, 交通灯奖励:-5392.8999999995185, 与前车进行交互的惩罚:-1790.6000000000772
Episode:4/100, Reward:-28714.863400466777
Episode:4/100, avg speed:11.863565228821463
Episode:4/100, avg halt num:0.16803906549214861
Episode:4/100, avg elec cons:1.1495168337636126
 Retrying in 1 seconds
Warning: Unused states in tlLogic 'J10', program '0' in phase 0 after tl-index 10
Simulation......
总奖励:-21077.04936654256, 速度奖励:-12630.327104340426, 加速度奖励:-1439.7222622033992, 交通灯奖励:-5706.399999999701, 与前车进行交互的惩罚:-1300.6000000000454
Episode:5/100, Reward:-21077.04936654256
Episode:5/100, avg speed:13.990141546214069
Episode:5/100, avg halt num:0.17467079783113865
Episode:5/100, avg elec cons:2.218262910478434
 Retrying in 1 seconds
Warning: Unused states in tlLogic 'J10', program '0' in phase 0 after tl-index 10
Simulation......
总奖励:-29101.504340960746, 速度奖励:-20071.26241578071, 加速度奖励:-1262.6419251826574, 交通灯奖励:-6680.499999999036, 与前车进行交互的惩罚:-1087.1000000000315
Episode:6/100, Reward:-29101.504340960746
Episode:6/100, avg speed:12.509626407457006
Episode:6/100, avg halt num:0.21447368421052632
Episode:6/100, avg elec cons:0.9002780532112203
 Retrying in 1 seconds
Warning: Unused states in tlLogic 'J10', program '0' in phase 0 after tl-index 10
Simulation......
总奖励:-18376.69793783441, 速度奖励:-12407.854242060268, 加速度奖励:-1238.7436957749187, 交通灯奖励:-3799.8000000005823, 与前车进行交互的惩罚:-930.3000000000213
Episode:7/100, Reward:-18376.69793783441
Episode:7/100, avg speed:14.567904108024269
Episode:7/100, avg halt num:0.11268451767936835
Episode:7/100, avg elec cons:2.1877613603300543
 Retrying in 1 seconds
Warning: Unused states in tlLogic 'J10', program '0' in phase 0 after tl-index 10
Simulation......
总奖励:-21372.219493194953, 速度奖励:-14830.282742940262, 加速度奖励:-1180.9367502553246, 交通灯奖励:-4509.099999999809, 与前车进行交互的惩罚:-851.9000000000162
Episode:8/100, Reward:-21372.219493194953
Episode:8/100, avg speed:13.81859519052718
Episode:8/100, avg halt num:0.12581954417733374
Episode:8/100, avg elec cons:1.2965556846715163
 Retrying in 1 seconds
Warning: Unused states in tlLogic 'J10', program '0' in phase 0 after tl-index 10
Simulation......
总奖励:-16673.50207498403, 速度奖励:-12622.562525340138, 加速度奖励:-943.2395496440746, 交通灯奖励:-2201.2000000003563, 与前车进行交互的惩罚:-906.5000000000198
Episode:9/100, Reward:-16673.50207498403
Episode:9/100, avg speed:14.000809927739999
Episode:9/100, avg halt num:0.06079344683584966
Episode:9/100, avg elec cons:1.4752961214668032
 Retrying in 1 seconds
Warning: Unused states in tlLogic 'J10', program '0' in phase 0 after tl-index 10
Simulation......
总奖励:-18940.596556310356, 速度奖励:-14593.224527460165, 加速度奖励:-1019.0720288506303, 交通灯奖励:-2357.4000000006727, 与前车进行交互的惩罚:-970.900000000024
Episode:10/100, Reward:-18940.596556310356
Episode:10/100, avg speed:13.36280901424221
Episode:10/100, avg halt num:0.07319134550371872
Episode:10/100, avg elec cons:1.063404486605823
 Retrying in 1 seconds
Warning: Unused states in tlLogic 'J10', program '0' in phase 0 after tl-index 10
Simulation......
总奖励:-34609.056381282266, 速度奖励:-27416.866406940746, 加速度奖励:-1208.0899743439454, 交通灯奖励:-4089.2000000009884, 与前车进行交互的惩罚:-1894.900000000084
Episode:11/100, Reward:-34609.056381282266
Episode:11/100, avg speed:11.88198688096179
Episode:11/100, avg halt num:0.19437299035369776
Episode:11/100, avg elec cons:0.49949409095790603
 Retrying in 1 seconds
Warning: Unused states in tlLogic 'J10', program '0' in phase 0 after tl-index 10
Simulation......
总奖励:-19527.410606390953, 速度奖励:-15266.97078426013, 加速度奖励:-1143.2398221310107, 交通灯奖励:-2090.300000000487, 与前车进行交互的惩罚:-1026.9000000000276
Episode:12/100, Reward:-19527.410606390953
Episode:12/100, avg speed:13.317354073875594
Episode:12/100, avg halt num:0.06678023850085178
Episode:12/100, avg elec cons:1.1559570851943974
 Retrying in 1 seconds
Warning: Unused states in tlLogic 'J10', program '0' in phase 0 after tl-index 10
Simulation......
总奖励:-27448.16284494966, 速度奖励:-22731.509028420696, 加速度奖励:-1088.5538165306111, 交通灯奖励:-2248.40000000061, 与前车进行交互的惩罚:-1379.7000000000505
Episode:13/100, Reward:-27448.16284494966
Episode:13/100, avg speed:12.268138306749387
Episode:13/100, avg halt num:0.15027743526510481
Episode:13/100, avg elec cons:0.7359028051433514
 Retrying in 1 seconds
Warning: Unused states in tlLogic 'J10', program '0' in phase 0 after tl-index 10
Simulation......
总奖励:-26900.24865451432, 速度奖励:-22510.813546980455, 加速度奖励:-967.2351075348485, 交通灯奖励:-2361.0000000007085, 与前车进行交互的惩罚:-1061.2000000000298
Episode:14/100, Reward:-26900.24865451432
Episode:14/100, avg speed:11.802177567138939
Episode:14/100, avg halt num:0.08378196500672948
Episode:14/100, avg elec cons:0.5212553854706369
 Retrying in 1 seconds
Warning: Unused states in tlLogic 'J10', program '0' in phase 0 after tl-index 10
Simulation......
总奖励:-21638.60629308026, 速度奖励:-18250.340450760064, 加速度奖励:-1049.9658423204137, 交通灯奖励:-1492.0000000003167, 与前车进行交互的惩罚:-846.3000000000159
Episode:15/100, Reward:-21638.60629308026
Episode:15/100, avg speed:12.524671406518703
Episode:15/100, avg halt num:0.043478260869565216
Episode:15/100, avg elec cons:0.8816334691591668
 Retrying in 1 seconds
Warning: Unused states in tlLogic 'J10', program '0' in phase 0 after tl-index 10
Simulation......
总奖励:-15702.94601256777, 速度奖励:-12106.298042100158, 加速度奖励:-1075.5479704678132, 交通灯奖励:-1530.6000000001818, 与前车进行交互的惩罚:-990.5000000000252
Episode:16/100, Reward:-15702.94601256777
Episode:16/100, avg speed:13.58748431680088
Episode:16/100, avg halt num:0.04060961756910261
Episode:16/100, avg elec cons:1.835293596542156
 Retrying in 1 seconds
Warning: Unused states in tlLogic 'J10', program '0' in phase 0 after tl-index 10
Simulation......
总奖励:-25240.86148905218, 速度奖励:-20685.365334000555, 加速度奖励:-994.2961550527289, 交通灯奖励:-2277.400000000768, 与前车进行交互的惩罚:-1283.8000000000443
Episode:17/100, Reward:-25240.86148905218
Episode:17/100, avg speed:12.842184753300451
Episode:17/100, avg halt num:0.13952299829642248
Episode:17/100, avg elec cons:0.9131610988078275
 Retrying in 1 seconds
Warning: Unused states in tlLogic 'J10', program '0' in phase 0 after tl-index 10
Simulation......
总奖励:-19940.596319111166, 速度奖励:-15935.20260209988, 加速度奖励:-1158.493717011055, 交通灯奖励:-2034.200000000591, 与前车进行交互的惩罚:-812.7000000000137
Episode:18/100, Reward:-19940.596319111166
Episode:18/100, avg speed:12.224670117915728
Episode:18/100, avg halt num:0.020092891760904685
Episode:18/100, avg elec cons:1.6921406075727128
 Retrying in 1 seconds
Warning: Unused states in tlLogic 'J10', program '0' in phase 0 after tl-index 10
Simulation......
总奖励:-16222.190102774644, 速度奖励:-12949.498000619982, 加速度奖励:-1136.9921021546618, 交通灯奖励:-1449.0000000003408, 与前车进行交互的惩罚:-686.7000000000055
Episode:19/100, Reward:-16222.190102774644
Episode:19/100, avg speed:13.725701655586313
Episode:19/100, avg halt num:0.020050125313283207
Episode:19/100, avg elec cons:1.616347860279645
 Retrying in 1 seconds
Warning: Unused states in tlLogic 'J10', program '0' in phase 0 after tl-index 10
Simulation......
总奖励:-16017.191699052866, 速度奖励:-13126.13142299995, 加速度奖励:-1040.3602760528438, 交通灯奖励:-942.0999999998337, 与前车进行交互的惩罚:-908.6000000000199
Episode:20/100, Reward:-16017.191699052866
Episode:20/100, avg speed:13.84861209354489
Episode:20/100, avg halt num:0.01915288558893014
Episode:20/100, avg elec cons:1.5335452862215153
 Retrying in 1 seconds
Warning: Unused states in tlLogic 'J10', program '0' in phase 0 after tl-index 10
Simulation......
总奖励:-16907.95966427951, 速度奖励:-13823.737299359875, 加速度奖励:-1046.922364919457, 交通灯奖励:-1136.4000000000185, 与前车进行交互的惩罚:-900.9000000000194
Episode:21/100, Reward:-16907.95966427951
Episode:21/100, avg speed:13.340227591611585
Episode:21/100, avg halt num:0.008171206225680934
Episode:21/100, avg elec cons:1.8337826494778766
 Retrying in 1 seconds
Warning: Unused states in tlLogic 'J10', program '0' in phase 0 after tl-index 10
Simulation......
总奖励:-14565.409864056473, 速度奖励:-11694.217909679955, 加速度奖励:-1070.6919543765134, 交通灯奖励:-1080.199999999891, 与前车进行交互的惩罚:-720.3000000000077
Episode:22/100, Reward:-14565.409864056473
Episode:22/100, avg speed:13.884334292820823
Episode:22/100, avg halt num:0.009051885031728256
Episode:22/100, avg elec cons:1.9823373913456974
 Retrying in 1 seconds
Warning: Unused states in tlLogic 'J10', program '0' in phase 0 after tl-index 10
Simulation......
总奖励:-12791.159042164249, 速度奖励:-10362.003836399981, 加速度奖励:-1117.0552057644181, 交通灯奖励:-761.8999999998923, 与前车进行交互的惩罚:-550.1999999999966
Episode:23/100, Reward:-12791.159042164249
Episode:23/100, avg speed:14.740143694707857
Episode:23/100, avg halt num:0.008976964769647697
Episode:23/100, avg elec cons:2.0671243123472833
 Retrying in 1 seconds
Warning: Unused states in tlLogic 'J10', program '0' in phase 0 after tl-index 10
Simulation......
总奖励:-17282.685168446602, 速度奖励:-12761.533591920315, 加速度奖励:-1300.6515765268684, 交通灯奖励:-2477.8000000005923, 与前车进行交互的惩罚:-742.7000000000091
Episode:24/100, Reward:-17282.685168446602
Episode:24/100, avg speed:14.145827486519549
Episode:24/100, avg halt num:0.11717521233092168
Episode:24/100, avg elec cons:1.4516127009533795
 Retrying in 1 seconds
Warning: Unused states in tlLogic 'J10', program '0' in phase 0 after tl-index 10
Simulation......
总奖励:-49240.35917747501, 速度奖励:-37918.64472606013, 加速度奖励:-2285.7144514179577, 交通灯奖励:-7437.199999997629, 与前车进行交互的惩罚:-1598.8000000000648
Episode:25/100, Reward:-49240.35917747501
Episode:25/100, avg speed:10.430984003608593
Episode:25/100, avg halt num:0.25980233311730394
Episode:25/100, avg elec cons:0.5814905925085571
 Retrying in 1 seconds
Warning: Unused states in tlLogic 'J10', program '0' in phase 0 after tl-index 10
Simulation......
总奖励:-19281.540609479463, 速度奖励:-13110.663568320057, 加速度奖励:-1759.2770411597028, 交通灯奖励:-3197.800000000449, 与前车进行交互的惩罚:-1213.8000000000397
Episode:26/100, Reward:-19281.540609479463
Episode:26/100, avg speed:13.530133516324486
Episode:26/100, avg halt num:0.04649827784156142
Episode:26/100, avg elec cons:2.416296975547656
 Retrying in 1 seconds
Warning: Unused states in tlLogic 'J10', program '0' in phase 0 after tl-index 10
Simulation......
总奖励:-22649.043465340157, 速度奖励:-15106.896920520332, 加速度奖励:-1590.2465448209587, 交通灯奖励:-4836.100000000091, 与前车进行交互的惩罚:-1115.8000000000334
Episode:27/100, Reward:-22649.043465340157
Episode:27/100, avg speed:13.411897241574202
Episode:27/100, avg halt num:0.13530844155844157
Episode:27/100, avg elec cons:1.476916804386969
 Retrying in 1 seconds
Warning: Unused states in tlLogic 'J10', program '0' in phase 0 after tl-index 10
Simulation......
总奖励:-60800.17575105384, 速度奖励:-44903.69967707757, 加速度奖励:-2127.676073978801, 交通灯奖励:-10821.799999995783, 与前车进行交互的惩罚:-2946.9999999998604
Episode:28/100, Reward:-60800.17575105384
Episode:28/100, avg speed:8.646353450729064
Episode:28/100, avg halt num:0.5192078025477707
Episode:28/100, avg elec cons:0.5497205929907606
 Retrying in 1 seconds
Warning: Unused states in tlLogic 'J10', program '0' in phase 0 after tl-index 10
Simulation......
总奖励:-25861.283405832583, 速度奖励:-20373.857358120214, 加速度奖励:-1629.4260477133369, 交通灯奖励:-2693.900000000714, 与前车进行交互的惩罚:-1164.1000000000365
Episode:29/100, Reward:-25861.283405832583
Episode:29/100, avg speed:11.572982954504727
Episode:29/100, avg halt num:0.09568250377073906
Episode:29/100, avg elec cons:0.8059873455535584
 Retrying in 1 seconds
Warning: Unused states in tlLogic 'J10', program '0' in phase 0 after tl-index 10
Simulation......
总奖励:-34874.684186640494, 速度奖励:-25853.49795744032, 加速度奖励:-2251.4862292013286, 交通灯奖励:-5013.400000000132, 与前车进行交互的惩罚:-1756.300000000075
Episode:30/100, Reward:-34874.684186640494
Episode:30/100, avg speed:10.815592231331191
Episode:30/100, avg halt num:0.12255067567567568
Episode:30/100, avg elec cons:1.175601385488744
 Retrying in 1 seconds
Warning: Unused states in tlLogic 'J10', program '0' in phase 0 after tl-index 10
Simulation......
总奖励:-20100.90080974541, 速度奖励:-15950.594060100078, 加速度奖励:-1287.4067496458351, 交通灯奖励:-1980.20000000032, 与前车进行交互的惩罚:-882.7000000000182
Episode:31/100, Reward:-20100.90080974541
Episode:31/100, avg speed:12.653034035437212
Episode:31/100, avg halt num:0.055821665438467206
Episode:31/100, avg elec cons:1.0912883681727108
 Retrying in 1 seconds
Warning: Unused states in tlLogic 'J10', program '0' in phase 0 after tl-index 10
Simulation......
总奖励:-19616.72610482884, 速度奖励:-15875.359782659998, 加速度奖励:-1321.1663221688405, 交通灯奖励:-1625.7000000002654, 与前车进行交互的惩罚:-794.5000000000125
Episode:32/100, Reward:-19616.72610482884
Episode:32/100, avg speed:12.55323333987149
Episode:32/100, avg halt num:0.0547364541098415
Episode:32/100, avg elec cons:1.37809936604577
 Retrying in 1 seconds
Warning: Unused states in tlLogic 'J10', program '0' in phase 0 after tl-index 10
Simulation......
总奖励:-36813.59364198435, 速度奖励:-29475.797340240937, 加速度奖励:-1745.0963017459117, 交通灯奖励:-3797.2000000008275, 与前车进行交互的惩罚:-1795.5000000000775
Episode:33/100, Reward:-36813.59364198435
Episode:33/100, avg speed:10.590424963725287
Episode:33/100, avg halt num:0.18505189152996318
Episode:33/100, avg elec cons:0.54448082517057
 Retrying in 1 seconds
Warning: Unused states in tlLogic 'J10', program '0' in phase 0 after tl-index 10
Simulation......
总奖励:-22381.5809444273, 速度奖励:-19218.04435944015, 加速度奖励:-909.2365849873784, 交通灯奖励:-1380.0000000002533, 与前车进行交互的惩罚:-874.3000000000177
Episode:34/100, Reward:-22381.5809444273
Episode:34/100, avg speed:12.337520969963272
Episode:34/100, avg halt num:0.06019805420430855
Episode:34/100, avg elec cons:1.0604562070193082
 Retrying in 1 seconds
Warning: Unused states in tlLogic 'J10', program '0' in phase 0 after tl-index 10
Simulation......
总奖励:-15603.971048107294, 速度奖励:-9562.74806754034, 加速度奖励:-1249.0229805674423, 交通灯奖励:-3595.9000000003434, 与前车进行交互的惩罚:-1196.3000000000386
Episode:35/100, Reward:-15603.971048107294
Episode:35/100, avg speed:15.167620112841451
Episode:35/100, avg halt num:0.12637766348273327
Episode:35/100, avg elec cons:2.211126495321904
 Retrying in 1 seconds
Warning: Unused states in tlLogic 'J10', program '0' in phase 0 after tl-index 10
Simulation......
总奖励:-19170.353416513062, 速度奖励:-12568.334494500394, 加速度奖励:-1207.8189220135046, 交通灯奖励:-4514.300000000265, 与前车进行交互的惩罚:-879.900000000018
Episode:36/100, Reward:-19170.353416513062
Episode:36/100, avg speed:14.06841839377472
Episode:36/100, avg halt num:0.17513020833333334
Episode:36/100, avg elec cons:1.7376027109614567
 Retrying in 1 seconds
Warning: Unused states in tlLogic 'J10', program '0' in phase 0 after tl-index 10
Simulation......
总奖励:-17890.939914877632, 速度奖励:-11549.964743100392, 加速度奖励:-1143.375171777932, 交通灯奖励:-3977.5000000006107, 与前车进行交互的惩罚:-1220.1000000000402
Episode:37/100, Reward:-17890.939914877632
Episode:37/100, avg speed:14.100452153559333
Episode:37/100, avg halt num:0.17433516251582945
Episode:37/100, avg elec cons:2.275750829730759
 Retrying in 1 seconds
Warning: Unused states in tlLogic 'J10', program '0' in phase 0 after tl-index 10
Simulation......
总奖励:-15804.615800917612, 速度奖励:-10100.672153820411, 加速度奖励:-1192.643647097827, 交通灯奖励:-3431.900000000463, 与前车进行交互的惩罚:-1079.400000000031
Episode:38/100, Reward:-15804.615800917612
Episode:38/100, avg speed:15.091021108071251
Episode:38/100, avg halt num:0.15096525096525096
Episode:38/100, avg elec cons:2.372576572525801
 Retrying in 1 seconds
Warning: Unused states in tlLogic 'J10', program '0' in phase 0 after tl-index 10
Simulation......
总奖励:-19825.686759079952, 速度奖励:-12513.264484680434, 加速度奖励:-1423.8222744007226, 交通灯奖励:-4788.200000000269, 与前车进行交互的惩罚:-1100.4000000000324
Episode:39/100, Reward:-19825.686759079952
Episode:39/100, avg speed:14.749758055041804
Episode:39/100, avg halt num:0.19085091663784157
Episode:39/100, avg elec cons:2.155302334823542
 Retrying in 1 seconds
Warning: Unused states in tlLogic 'J10', program '0' in phase 0 after tl-index 10
Simulation......
总奖励:-18105.26293845364, 速度奖励:-12939.306000840166, 加速度奖励:-1023.0569376137316, 交通灯奖励:-3023.600000000716, 与前车进行交互的惩罚:-1119.3000000000336
Episode:40/100, Reward:-18105.26293845364
Episode:40/100, avg speed:13.996452162496132
Episode:40/100, avg halt num:0.12990284274919037
Episode:40/100, avg elec cons:1.4097003071314915
 Retrying in 1 seconds
Warning: Unused states in tlLogic 'J10', program '0' in phase 0 after tl-index 10
Simulation......
总奖励:-18256.55900662687, 速度奖励:-15292.86838506009, 加速度奖励:-818.6906215669986, 交通灯奖励:-1242.7000000002154, 与前车进行交互的惩罚:-902.3000000000195
Episode:41/100, Reward:-18256.55900662687
Episode:41/100, avg speed:12.785467599524077
Episode:41/100, avg halt num:0.05689900426742532
Episode:41/100, avg elec cons:1.0284145691564162
 Retrying in 1 seconds
Warning: Unused states in tlLogic 'J10', program '0' in phase 0 after tl-index 10
Simulation......
总奖励:-26286.58103998102, 速度奖励:-21526.961527620257, 加速度奖励:-1188.2195123615013, 交通灯奖励:-2569.0000000009186, 与前车进行交互的惩罚:-1002.400000000026
Episode:42/100, Reward:-26286.58103998102
Episode:42/100, avg speed:11.653679737491753
Episode:42/100, avg halt num:0.1
Episode:42/100, avg elec cons:0.979893286504733
 Retrying in 1 seconds
Warning: Unused states in tlLogic 'J10', program '0' in phase 0 after tl-index 10
Simulation......
总奖励:-28503.080392684118, 速度奖励:-22832.15584500041, 加速度奖励:-1178.4245476850583, 交通灯奖励:-3404.7000000007542, 与前车进行交互的惩罚:-1087.8000000000316
Episode:43/100, Reward:-28503.080392684118
Episode:43/100, avg speed:11.151044779762179
Episode:43/100, avg halt num:0.13074102663064455
Episode:43/100, avg elec cons:0.9380411965617795
 Retrying in 1 seconds
Warning: Unused states in tlLogic 'J10', program '0' in phase 0 after tl-index 10
Simulation......
总奖励:-23564.922534115074, 速度奖励:-19809.802803240338, 加速度奖励:-865.4197308758307, 交通灯奖励:-1980.4000000004078, 与前车进行交互的惩罚:-909.30000000002
Episode:44/100, Reward:-23564.922534115074
Episode:44/100, avg speed:12.042498137880807
Episode:44/100, avg halt num:0.08805668016194332
Episode:44/100, avg elec cons:0.9476293821865197
 Retrying in 1 seconds
Warning: Unused states in tlLogic 'J10', program '0' in phase 0 after tl-index 10
Simulation......
总奖励:-22608.741163412094, 速度奖励:-19031.12931383998, 加速度奖励:-884.9118495721768, 交通灯奖励:-1771.5000000004288, 与前车进行交互的惩罚:-921.2000000000207
Episode:45/100, Reward:-22608.741163412094
Episode:45/100, avg speed:11.69207078735508
Episode:45/100, avg halt num:0.05960581706850364
Episode:45/100, avg elec cons:1.023171229151302
 Retrying in 1 seconds
Warning: Unused states in tlLogic 'J10', program '0' in phase 0 after tl-index 10
Simulation......
总奖励:-25320.775732663875, 速度奖励:-21274.838154360354, 加速度奖励:-1063.4375783045612, 交通灯奖励:-2178.2000000003804, 与前车进行交互的惩罚:-804.3000000000131
Episode:46/100, Reward:-25320.775732663875
Episode:46/100, avg speed:12.293534122900706
Episode:46/100, avg halt num:0.07982120051085569
Episode:46/100, avg elec cons:0.7061173880663327
 Retrying in 1 seconds
Warning: Unused states in tlLogic 'J10', program '0' in phase 0 after tl-index 10
Simulation......
总奖励:-23366.97896639172, 速度奖励:-19823.385016800064, 加速度奖励:-1058.993949591762, 交通灯奖励:-1767.8000000002346, 与前车进行交互的惩罚:-716.8000000000075
Episode:47/100, Reward:-23366.97896639172
Episode:47/100, avg speed:11.628126657790471
Episode:47/100, avg halt num:0.05878003696857671
Episode:47/100, avg elec cons:0.9936936780914231
 Retrying in 1 seconds
Warning: Unused states in tlLogic 'J10', program '0' in phase 0 after tl-index 10
Simulation......
总奖励:-19416.129294819297, 速度奖励:-16354.46815325995, 加速度奖励:-978.0611415593517, 交通灯奖励:-1356.3000000000784, 与前车进行交互的惩罚:-727.3000000000081
Episode:48/100, Reward:-19416.129294819297
Episode:48/100, avg speed:12.2630473566375
Episode:48/100, avg halt num:0.021576524741081703
Episode:48/100, avg elec cons:1.444010997017754
 Retrying in 1 seconds
Warning: Unused states in tlLogic 'J10', program '0' in phase 0 after tl-index 10
Simulation......
总奖励:-16308.597858027733, 速度奖励:-14178.295591559898, 加速度奖励:-804.5022664677977, 交通灯奖励:-829.4999999998106, 与前车进行交互的惩罚:-496.2999999999944
Episode:49/100, Reward:-16308.597858027733
Episode:49/100, avg speed:13.622720303606332
Episode:49/100, avg halt num:0.005528255528255528
Episode:49/100, avg elec cons:1.1286109532653612
 Retrying in 1 seconds
Warning: Unused states in tlLogic 'J10', program '0' in phase 0 after tl-index 10
Simulation......
总奖励:-20264.190172140734, 速度奖励:-17357.173634160066, 加速度奖励:-978.9165379809943, 交通灯奖励:-1449.3000000001223, 与前车进行交互的惩罚:-478.79999999999467
Episode:50/100, Reward:-20264.190172140734
Episode:50/100, avg speed:12.432610154068119
Episode:50/100, avg halt num:0.038266169996613614
Episode:50/100, avg elec cons:1.0183169949547863
 Retrying in 1 seconds
Warning: Unused states in tlLogic 'J10', program '0' in phase 0 after tl-index 10
Simulation......
总奖励:-21824.623441592892, 速度奖励:-18418.616407260284, 加速度奖励:-1079.1070343330525, 交通灯奖励:-1766.9000000003352, 与前车进行交互的惩罚:-559.9999999999973
Episode:51/100, Reward:-21824.623441592892
Episode:51/100, avg speed:12.628401448358726
Episode:51/100, avg halt num:0.07949756888168558
Episode:51/100, avg elec cons:1.0532023353165543
 Retrying in 1 seconds
Warning: Unused states in tlLogic 'J10', program '0' in phase 0 after tl-index 10
Simulation......
总奖励:-20817.98039414288, 速度奖励:-17358.466174560184, 加速度奖励:-998.7142195830295, 交通灯奖励:-1750.3000000005582, 与前车进行交互的惩罚:-710.500000000007
Episode:52/100, Reward:-20817.98039414288
Episode:52/100, avg speed:12.889221033728049
Episode:52/100, avg halt num:0.09166365932876218
Episode:52/100, avg elec cons:1.2120734390797463
 Retrying in 1 seconds
Warning: Unused states in tlLogic 'J10', program '0' in phase 0 after tl-index 10
Simulation......
总奖励:-24128.97348802509, 速度奖励:-20914.665477660477, 加速度奖励:-926.8080103654671, 交通灯奖励:-1608.500000000282, 与前车进行交互的惩罚:-679.000000000005
Episode:53/100, Reward:-24128.97348802509
Episode:53/100, avg speed:11.889879473380294
Episode:53/100, avg halt num:0.11909906914893617
Episode:53/100, avg elec cons:0.708038265623932
 Retrying in 1 seconds
Warning: Unused states in tlLogic 'J10', program '0' in phase 0 after tl-index 10
Simulation......
总奖励:-21794.99359973414, 速度奖励:-19024.097427540208, 加速度奖励:-972.2961721944441, 交通灯奖励:-1275.0000000000396, 与前车进行交互的惩罚:-523.5999999999949
Episode:54/100, Reward:-21794.99359973414
Episode:54/100, avg speed:12.218188999033574
Episode:54/100, avg halt num:0.07516172965611168
Episode:54/100, avg elec cons:0.7087132729808105
 Retrying in 1 seconds
Warning: Unused states in tlLogic 'J10', program '0' in phase 0 after tl-index 10
Simulation......
总奖励:-24356.640789105735, 速度奖励:-20689.32118248039, 加速度奖励:-1085.8196066264102, 交通灯奖励:-1850.0000000004588, 与前车进行交互的惩罚:-731.5000000000084
Episode:55/100, Reward:-24356.640789105735
Episode:55/100, avg speed:11.044001647085091
Episode:55/100, avg halt num:0.13402255639097743
Episode:55/100, avg elec cons:0.7775150446139754
 Retrying in 1 seconds
Warning: Unused states in tlLogic 'J10', program '0' in phase 0 after tl-index 10
Simulation......
总奖励:-27497.72344076967, 速度奖励:-23626.678814460614, 加速度奖励:-1083.244626310889, 交通灯奖励:-2041.6000000007184, 与前车进行交互的惩罚:-746.2000000000094
Episode:56/100, Reward:-27497.72344076967
Episode:56/100, avg speed:11.285509841144536
Episode:56/100, avg halt num:0.15385964912280703
Episode:56/100, avg elec cons:0.6321936671694404
 Retrying in 1 seconds
Warning: Unused states in tlLogic 'J10', program '0' in phase 0 after tl-index 10
Simulation......
总奖励:-24171.912019615724, 速度奖励:-21038.016882060383, 加速度奖励:-991.395137556157, 交通灯奖励:-1432.0000000002437, 与前车进行交互的惩罚:-710.500000000007
Episode:57/100, Reward:-24171.912019615724
Episode:57/100, avg speed:10.752617364460923
Episode:57/100, avg halt num:0.1081242532855436
Episode:57/100, avg elec cons:0.735816791007131
 Retrying in 1 seconds
Warning: Unused states in tlLogic 'J10', program '0' in phase 0 after tl-index 10
Simulation......
总奖励:-23128.519197010643, 速度奖励:-19911.2854588203, 加速度奖励:-999.2337381910155, 交通灯奖励:-1413.0000000001312, 与前车进行交互的惩罚:-805.0000000000132
Episode:58/100, Reward:-23128.519197010643
Episode:58/100, avg speed:11.2374435587551
Episode:58/100, avg halt num:0.10812645461598139
Episode:58/100, avg elec cons:0.8414861046411882
 Retrying in 1 seconds
Warning: Unused states in tlLogic 'J10', program '0' in phase 0 after tl-index 10
Simulation......
总奖励:-22125.490129364567, 速度奖励:-19115.438574240237, 加速度奖励:-1047.1515551246541, 交通灯奖励:-1162.8000000000516, 与前车进行交互的惩罚:-800.1000000000129
Episode:59/100, Reward:-22125.490129364567
Episode:59/100, avg speed:12.036786531503079
Episode:59/100, avg halt num:0.07907407407407407
Episode:59/100, avg elec cons:0.8319678993553589
 Retrying in 1 seconds
Warning: Unused states in tlLogic 'J10', program '0' in phase 0 after tl-index 10
Simulation......
总奖励:-21512.771360514325, 速度奖励:-18214.461174780095, 加速度奖励:-1188.9101857345008, 交通灯奖励:-1390.5000000001928, 与前车进行交互的惩罚:-718.9000000000076
Episode:60/100, Reward:-21512.771360514325
Episode:60/100, avg speed:12.461818402114249
Episode:60/100, avg halt num:0.07067338972023422
Episode:60/100, avg elec cons:0.7825486073815673
 Retrying in 1 seconds
Warning: Unused states in tlLogic 'J10', program '0' in phase 0 after tl-index 10
Simulation......
总奖励:-22132.101367162315, 速度奖励:-18240.381627480332, 加速度奖励:-1231.1197396828204, 交通灯奖励:-1754.8000000003753, 与前车进行交互的惩罚:-905.8000000000197
Episode:61/100, Reward:-22132.101367162315
Episode:61/100, avg speed:11.448429924531197
Episode:61/100, avg halt num:0.10842328450269853
Episode:61/100, avg elec cons:0.9637620220714128
 Retrying in 1 seconds
Warning: Unused states in tlLogic 'J10', program '0' in phase 0 after tl-index 10
Simulation......
总奖励:-25808.601817764153, 速度奖励:-21949.090048440485, 加速度奖励:-1208.911769324801, 交通灯奖励:-1807.1000000004171, 与前车进行交互的惩罚:-843.5000000000157
Episode:62/100, Reward:-25808.601817764153
Episode:62/100, avg speed:11.749755335320373
Episode:62/100, avg halt num:0.13080601092896174
Episode:62/100, avg elec cons:0.6360862283546501
 Retrying in 1 seconds
Warning: Unused states in tlLogic 'J10', program '0' in phase 0 after tl-index 10
Simulation......
总奖励:-22535.51528725189, 速度奖励:-19388.825186400307, 加速度奖励:-1041.5901008526002, 交通灯奖励:-1524.1000000000959, 与前车进行交互的惩罚:-580.9999999999986
Episode:63/100, Reward:-22535.51528725189
Episode:63/100, avg speed:12.47086865492303
Episode:63/100, avg halt num:0.08310142238713668
Episode:63/100, avg elec cons:0.657744966129724
 Retrying in 1 seconds
Warning: Unused states in tlLogic 'J10', program '0' in phase 0 after tl-index 10
Simulation......
总奖励:-50839.21552700656, 速度奖励:-40674.18944915941, 加速度奖励:-1901.6260778502212, 交通灯奖励:-6065.399999998402, 与前车进行交互的惩罚:-2198.000000000055
Episode:64/100, Reward:-50839.21552700656
Episode:64/100, avg speed:9.04189459129818
Episode:64/100, avg halt num:0.33816807313642755
Episode:64/100, avg elec cons:0.4431754413363005
 Retrying in 1 seconds
Warning: Unused states in tlLogic 'J10', program '0' in phase 0 after tl-index 10
Simulation......
总奖励:-42500.27467640051, 速度奖励:-34170.652854900836, 加速度奖励:-2105.4218215027613, 交通灯奖励:-4887.900000000043, 与前车进行交互的惩罚:-1336.3000000000477
Episode:65/100, Reward:-42500.27467640051
Episode:65/100, avg speed:10.03629115396423
Episode:65/100, avg halt num:0.2253582663404404
Episode:65/100, avg elec cons:0.5760902142224752
 Retrying in 1 seconds
Warning: Unused states in tlLogic 'J10', program '0' in phase 0 after tl-index 10
Simulation......
总奖励:-25769.208446028653, 速度奖励:-21531.09495420035, 加速度奖励:-1230.6134918291827, 交通灯奖励:-2279.5000000007353, 与前车进行交互的惩罚:-728.0000000000082
Episode:66/100, Reward:-25769.208446028653
Episode:66/100, avg speed:12.646197100666782
Episode:66/100, avg halt num:0.09555658056580565
Episode:66/100, avg elec cons:0.672598586783116
 Retrying in 1 seconds
Warning: Unused states in tlLogic 'J10', program '0' in phase 0 after tl-index 10
Simulation......
总奖励:-36247.944133282304, 速度奖励:-29857.798345140975, 加速度奖励:-1512.2457881439016, 交通灯奖励:-3680.2000000010266, 与前车进行交互的惩罚:-1197.7000000000387
Episode:67/100, Reward:-36247.944133282304
Episode:67/100, avg speed:11.467975897318663
Episode:67/100, avg halt num:0.18015067147068456
Episode:67/100, avg elec cons:0.5081402871363062
 Retrying in 1 seconds
Warning: Unused states in tlLogic 'J10', program '0' in phase 0 after tl-index 10
Simulation......
总奖励:-30982.51590938424, 速度奖励:-25570.19866050052, 加速度奖励:-1523.8172488852563, 交通灯奖励:-3110.8000000008738, 与前车进行交互的惩罚:-777.7000000000114
Episode:68/100, Reward:-30982.51590938424
Episode:68/100, avg speed:11.712154937670388
Episode:68/100, avg halt num:0.1410655737704918
Episode:68/100, avg elec cons:0.7172174033142601
 Retrying in 1 seconds
Warning: Unused states in tlLogic 'J10', program '0' in phase 0 after tl-index 10
Simulation......
总奖励:-39968.7437275959, 速度奖励:-32737.53395214078, 加速度奖励:-1727.0097754580506, 交通灯奖励:-4024.400000001188, 与前车进行交互的惩罚:-1479.800000000057
Episode:69/100, Reward:-39968.7437275959
Episode:69/100, avg speed:10.350219169965273
Episode:69/100, avg halt num:0.18188622754491018
Episode:69/100, avg elec cons:0.45049101969966504
 Retrying in 1 seconds
Warning: Unused states in tlLogic 'J10', program '0' in phase 0 after tl-index 10
Simulation......
总奖励:-32923.283639334455, 速度奖励:-26477.74223982045, 加速度奖励:-1537.8413995153178, 交通灯奖励:-3455.900000000975, 与前车进行交互的惩罚:-1451.8000000000552
Episode:70/100, Reward:-32923.283639334455
Episode:70/100, avg speed:10.931981112281502
Episode:70/100, avg halt num:0.13477985429204942
Episode:70/100, avg elec cons:0.7292870797862884
 Retrying in 1 seconds
Warning: Unused states in tlLogic 'J10', program '0' in phase 0 after tl-index 10
Simulation......
总奖励:-26230.049687342605, 速度奖励:-21229.19683110034, 加速度奖励:-1396.8528562432462, 交通灯奖励:-2563.800000000558, 与前车进行交互的惩罚:-1040.2000000000285
Episode:71/100, Reward:-26230.049687342605
Episode:71/100, avg speed:11.951654479441144
Episode:71/100, avg halt num:0.10553047404063205
Episode:71/100, avg elec cons:0.6822000089159436
 Retrying in 1 seconds
Warning: Unused states in tlLogic 'J10', program '0' in phase 0 after tl-index 10
Simulation......
总奖励:-39473.3792530627, 速度奖励:-31857.96381984078, 加速度奖励:-1861.6154332250783, 交通灯奖励:-4316.6999999999225, 与前车进行交互的惩罚:-1437.1000000000543
Episode:72/100, Reward:-39473.3792530627
Episode:72/100, avg speed:9.545382280775732
Episode:72/100, avg halt num:0.2328032544378698
Episode:72/100, avg elec cons:0.5446208666912966
 Retrying in 1 seconds
Warning: Unused states in tlLogic 'J10', program '0' in phase 0 after tl-index 10
Simulation......
总奖励:-41315.90300231009, 速度奖励:-33357.878501220664, 加速度奖励:-1918.8245010922778, 交通灯奖励:-4471.200000000423, 与前车进行交互的惩罚:-1568.0000000000628
Episode:73/100, Reward:-41315.90300231009
Episode:73/100, avg speed:10.075003866600165
Episode:73/100, avg halt num:0.15713875323182994
Episode:73/100, avg elec cons:0.407728081999945
 Retrying in 1 seconds
Warning: Unused states in tlLogic 'J10', program '0' in phase 0 after tl-index 10
Simulation......
总奖励:-45643.25040475328, 速度奖励:-35658.592217100355, 加速度奖励:-2055.758187654665, 交通灯奖励:-6029.799999999228, 与前车进行交互的惩罚:-1899.1000000000843
Episode:74/100, Reward:-45643.25040475328
Episode:74/100, avg speed:10.390811184987388
Episode:74/100, avg halt num:0.15407068475859892
Episode:74/100, avg elec cons:0.44043682412878205
 Retrying in 1 seconds
Warning: Unused states in tlLogic 'J10', program '0' in phase 0 after tl-index 10
Simulation......
总奖励:-86851.6319332461, 速度奖励:-60353.927507874236, 加速度奖励:-3918.2044253650306, 交通灯奖励:-17611.59999999698, 与前车进行交互的惩罚:-4967.899999999336
Episode:75/100, Reward:-86851.6319332461
Episode:75/100, avg speed:7.76355148477557
Episode:75/100, avg halt num:0.46717625899280574
Episode:75/100, avg elec cons:0.45591765720180627
 Retrying in 1 seconds
Warning: Unused states in tlLogic 'J10', program '0' in phase 0 after tl-index 10
Simulation......
总奖励:-85226.93848338746, 速度奖励:-61081.03220291439, 加速度奖励:-3605.9062804664923, 交通灯奖励:-15110.799999993686, 与前车进行交互的惩罚:-5429.199999999216
Episode:76/100, Reward:-85226.93848338746
Episode:76/100, avg speed:7.318538520028296
Episode:76/100, avg halt num:0.620219086520609
Episode:76/100, avg elec cons:0.5120321179200168
 Retrying in 1 seconds
Warning: Unused states in tlLogic 'J10', program '0' in phase 0 after tl-index 10
Simulation......
总奖励:-36141.86980414655, 速度奖励:-28312.943708520557, 加速度奖励:-2192.526095627924, 交通灯奖励:-2879.100000000976, 与前车进行交互的惩罚:-2757.2999999999097
Episode:77/100, Reward:-36141.86980414655
Episode:77/100, avg speed:10.373688413515167
Episode:77/100, avg halt num:0.14871469949312094
Episode:77/100, avg elec cons:0.715058373529224
 Retrying in 1 seconds
Warning: Unused states in tlLogic 'J10', program '0' in phase 0 after tl-index 10
Simulation......
总奖励:-40258.932227915735, 速度奖励:-31622.144920740844, 加速度奖励:-2039.3873071780429, 交通灯奖励:-4038.9000000010233, 与前车进行交互的惩罚:-2558.4999999999613
Episode:78/100, Reward:-40258.932227915735
Episode:78/100, avg speed:9.623474502103889
Episode:78/100, avg halt num:0.22155140870837908
Episode:78/100, avg elec cons:0.6589266786750433
 Retrying in 1 seconds
Warning: Unused states in tlLogic 'J10', program '0' in phase 0 after tl-index 10
Simulation......
总奖励:-41616.34704042644, 速度奖励:-33648.43946166084, 加速度奖励:-1842.8075787684356, 交通灯奖励:-4185.400000001003, 与前车进行交互的惩罚:-1939.700000000087
Episode:79/100, Reward:-41616.34704042644
Episode:79/100, avg speed:9.842185986740173
Episode:79/100, avg halt num:0.1875
Episode:79/100, avg elec cons:0.5268901445272772
 Retrying in 1 seconds
Warning: Unused states in tlLogic 'J10', program '0' in phase 0 after tl-index 10
Simulation......
总奖励:-29636.89024434193, 速度奖励:-23125.870182060353, 加速度奖励:-1829.1200622822312, 交通灯奖励:-3372.9000000007945, 与前车进行交互的惩罚:-1309.000000000046
Episode:80/100, Reward:-29636.89024434193
Episode:80/100, avg speed:11.038614041974292
Episode:80/100, avg halt num:0.06877615062761507
Episode:80/100, avg elec cons:1.025124356137441
 Retrying in 1 seconds
Warning: Unused states in tlLogic 'J10', program '0' in phase 0 after tl-index 10
Simulation......
总奖励:-21393.52352444678, 速度奖励:-16983.87015005984, 加速度奖励:-1591.453374386749, 交通灯奖励:-2140.6000000005806, 与前车进行交互的惩罚:-677.6000000000049
Episode:81/100, Reward:-21393.52352444678
Episode:81/100, avg speed:12.009300293212414
Episode:81/100, avg halt num:0.009418729817007535
Episode:81/100, avg elec cons:1.120005318984566
 Retrying in 1 seconds
Warning: Unused states in tlLogic 'J10', program '0' in phase 0 after tl-index 10
Simulation......
总奖励:-28825.804415088318, 速度奖励:-23497.225259580333, 加速度奖励:-1684.1791555085492, 交通灯奖励:-3010.2000000006815, 与前车进行交互的惩罚:-634.2000000000021
Episode:82/100, Reward:-28825.804415088318
Episode:82/100, avg speed:11.004770884660367
Episode:82/100, avg halt num:0.04745860608394301
Episode:82/100, avg elec cons:0.8132600851888013
 Retrying in 1 seconds
Warning: Unused states in tlLogic 'J10', program '0' in phase 0 after tl-index 10
Simulation......
总奖励:-35527.03685369314, 速度奖励:-28507.67963640071, 加速度奖励:-2091.457217294649, 交通灯奖励:-3939.5000000008904, 与前车进行交互的惩罚:-988.4000000000251
Episode:83/100, Reward:-35527.03685369314
Episode:83/100, avg speed:11.033519578159328
Episode:83/100, avg halt num:0.12097299056296779
Episode:83/100, avg elec cons:0.6703106018840739
 Retrying in 1 seconds
Warning: Unused states in tlLogic 'J10', program '0' in phase 0 after tl-index 10
Simulation......
总奖励:-54497.77996878768, 速度奖励:-42363.70904303919, 加速度奖励:-2543.170925751648, 交通灯奖励:-7430.6999999963755, 与前车进行交互的惩罚:-2160.200000000065
Episode:84/100, Reward:-54497.77996878768
Episode:84/100, avg speed:8.937547268160868
Episode:84/100, avg halt num:0.45197188598203825
Episode:84/100, avg elec cons:0.6714628612445686
 Retrying in 1 seconds
Warning: Unused states in tlLogic 'J10', program '0' in phase 0 after tl-index 10
Simulation......
总奖励:-33800.058070725114, 速度奖励:-27314.458968420513, 加速度奖励:-1599.2991023065745, 交通灯奖励:-3989.6000000007475, 与前车进行交互的惩罚:-896.7000000000191
Episode:85/100, Reward:-33800.058070725114
Episode:85/100, avg speed:11.520158166733065
Episode:85/100, avg halt num:0.13821273757919306
Episode:85/100, avg elec cons:0.7924826103517953
 Retrying in 1 seconds
Warning: Unused states in tlLogic 'J10', program '0' in phase 0 after tl-index 10
Simulation......
总奖励:-33998.94275546465, 速度奖励:-28026.52918596064, 加速度奖励:-1477.613569505966, 交通灯奖励:-3638.0000000009018, 与前车进行交互的惩罚:-856.8000000000166
Episode:86/100, Reward:-33998.94275546465
Episode:86/100, avg speed:10.893994352614962
Episode:86/100, avg halt num:0.15687295447783398
Episode:86/100, avg elec cons:0.502168789313461
 Retrying in 1 seconds
Warning: Unused states in tlLogic 'J10', program '0' in phase 0 after tl-index 10
Simulation......
总奖励:-43079.92183640109, 速度奖励:-35092.255476960534, 加速度奖励:-1811.9663594434403, 交通灯奖励:-5063.399999999679, 与前车进行交互的惩罚:-1112.3000000000332
Episode:87/100, Reward:-43079.92183640109
Episode:87/100, avg speed:8.939995547111359
Episode:87/100, avg halt num:0.27724489795918367
Episode:87/100, avg elec cons:0.5705094548410851
 Retrying in 1 seconds
Warning: Unused states in tlLogic 'J10', program '0' in phase 0 after tl-index 10
Simulation......
总奖励:-30346.941565467143, 速度奖励:-24883.081208820462, 加速度奖励:-1442.560356647963, 交通灯奖励:-3428.400000000819, 与前车进行交互的惩罚:-592.8999999999994
Episode:88/100, Reward:-30346.941565467143
Episode:88/100, avg speed:11.813590274118326
Episode:88/100, avg halt num:0.11726031957390147
Episode:88/100, avg elec cons:0.7636285558485666
 Retrying in 1 seconds
Warning: Unused states in tlLogic 'J10', program '0' in phase 0 after tl-index 10
Simulation......
总奖励:-37594.80946089396, 速度奖励:-31195.81273338103, 加速度奖励:-1501.7967275154856, 交通灯奖励:-3912.3000000010793, 与前车进行交互的惩罚:-984.9000000000249
Episode:89/100, Reward:-37594.80946089396
Episode:89/100, avg speed:10.181151639592553
Episode:89/100, avg halt num:0.19892280071813284
Episode:89/100, avg elec cons:0.5018929383606806
 Retrying in 1 seconds
Warning: Unused states in tlLogic 'J10', program '0' in phase 0 after tl-index 10
Simulation......
总奖励:-23941.726516608684, 速度奖励:-20300.365764900307, 加速度奖励:-1109.6607517091409, 交通灯奖励:-1775.0000000003886, 与前车进行交互的惩罚:-756.70000000001
Episode:90/100, Reward:-23941.726516608684
Episode:90/100, avg speed:11.20312244534592
Episode:90/100, avg halt num:0.09049730146491905
Episode:90/100, avg elec cons:0.8498848680516923
 Retrying in 1 seconds
Warning: Unused states in tlLogic 'J10', program '0' in phase 0 after tl-index 10
Simulation......
总奖励:-28321.300533418493, 速度奖励:-23209.616526300466, 加速度奖励:-1218.7840071190878, 交通灯奖励:-3043.80000000069, 与前车进行交互的惩罚:-849.100000000016
Episode:91/100, Reward:-28321.300533418493
Episode:91/100, avg speed:10.698013257668366
Episode:91/100, avg halt num:0.12608286252354048
Episode:91/100, avg elec cons:0.6432700375278874
 Retrying in 1 seconds
Warning: Unused states in tlLogic 'J10', program '0' in phase 0 after tl-index 10
Simulation......
总奖励:-39352.44801821479, 速度奖励:-32949.14022486081, 加速度奖励:-1347.7077933568114, 交通灯奖励:-3919.500000001084, 与前车进行交互的惩罚:-1136.1000000000347
Episode:92/100, Reward:-39352.44801821479
Episode:92/100, avg speed:9.397978143965162
Episode:92/100, avg halt num:0.2406810035842294
Episode:92/100, avg elec cons:0.3761749592068767
 Retrying in 1 seconds
Warning: Unused states in tlLogic 'J10', program '0' in phase 0 after tl-index 10
Simulation......
总奖励:-47908.41782991519, 速度奖励:-39360.489578460496, 加速度奖励:-1383.8282514582522, 交通灯奖励:-5374.199999997902, 与前车进行交互的惩罚:-1789.9000000000772
Episode:93/100, Reward:-47908.41782991519
Episode:93/100, avg speed:9.57059740377756
Episode:93/100, avg halt num:0.36544523246650906
Episode:93/100, avg elec cons:0.40601753941166757
 Retrying in 1 seconds
Warning: Unused states in tlLogic 'J10', program '0' in phase 0 after tl-index 10
Simulation......
总奖励:-28978.162844573653, 速度奖励:-24637.30945146058, 加速度奖励:-1107.2533931145056, 交通灯奖励:-2432.800000000818, 与前车进行交互的惩罚:-800.8000000000129
Episode:94/100, Reward:-28978.162844573653
Episode:94/100, avg speed:11.266597148807353
Episode:94/100, avg halt num:0.09190210249671485
Episode:94/100, avg elec cons:0.5255647190106789
 Retrying in 1 seconds
Warning: Unused states in tlLogic 'J10', program '0' in phase 0 after tl-index 10
Simulation......
总奖励:-21640.981238535845, 速度奖励:-18495.985000140157, 加速度奖励:-835.6962383958522, 交通灯奖励:-1799.700000000445, 与前车进行交互的惩罚:-509.59999999999417
Episode:95/100, Reward:-21640.981238535845
Episode:95/100, avg speed:11.735691161608317
Episode:95/100, avg halt num:0.054434716406547394
Episode:95/100, avg elec cons:1.136849072008671
 Retrying in 1 seconds
Warning: Unused states in tlLogic 'J10', program '0' in phase 0 after tl-index 10
Simulation......
总奖励:-21900.14127139204, 速度奖励:-18369.61926750025, 加速度奖励:-829.0220038925775, 交通灯奖励:-1752.3000000005372, 与前车进行交互的惩罚:-949.2000000000226
Episode:96/100, Reward:-21900.14127139204
Episode:96/100, avg speed:11.74131565169156
Episode:96/100, avg halt num:0.08582230623818525
Episode:96/100, avg elec cons:0.8018948136893629
 Retrying in 1 seconds
Warning: Unused states in tlLogic 'J10', program '0' in phase 0 after tl-index 10
Simulation......
总奖励:-48471.291273298186, 速度奖励:-38720.76963299985, 加速度奖励:-1311.621640301852, 交通灯奖励:-6149.899999997019, 与前车进行交互的惩罚:-2289.0000000000314
Episode:97/100, Reward:-48471.291273298186
Episode:97/100, avg speed:9.79212152574364
Episode:97/100, avg halt num:0.4195710455764075
Episode:97/100, avg elec cons:0.4569722793524309
 Retrying in 1 seconds
Warning: Unused states in tlLogic 'J10', program '0' in phase 0 after tl-index 10
Simulation......
总奖励:-22097.181381443315, 速度奖励:-19540.90854468018, 加速度奖励:-796.9728367637221, 交通灯奖励:-1158.6999999999366, 与前车进行交互的惩罚:-600.5999999999999
Episode:98/100, Reward:-22097.181381443315
Episode:98/100, avg speed:11.047177416017567
Episode:98/100, avg halt num:0.06506187161639598
Episode:98/100, avg elec cons:0.6939473928383055
 Retrying in 1 seconds
Warning: Unused states in tlLogic 'J10', program '0' in phase 0 after tl-index 10
Simulation......
总奖励:-16247.53288126378, 速度奖励:-14155.990880939982, 加速度奖励:-869.5420003237273, 交通灯奖励:-769.7999999999014, 与前车进行交互的惩罚:-452.1999999999951
Episode:99/100, Reward:-16247.53288126378
Episode:99/100, avg speed:13.686697833563754
Episode:99/100, avg halt num:0.020211658570437198
Episode:99/100, avg elec cons:1.4381424968958263
 Retrying in 1 seconds
Warning: Unused states in tlLogic 'J10', program '0' in phase 0 after tl-index 10
Simulation......
总奖励:-16906.29203863967, 速度奖励:-13462.378153560157, 加速度奖励:-1116.9138850796687, 交通灯奖励:-1582.2000000002486, 与前车进行交互的惩罚:-744.8000000000093
Episode:100/100, Reward:-16906.29203863967
Episode:100/100, avg speed:13.739315803371197
Episode:100/100, avg halt num:0.05755108556832695
Episode:100/100, avg elec cons:1.1212857402055472
model saved successfully!
Complete training!
final reward list:[-159023.2560960528, -166007.8905705053, -61530.57798651319, -28714.863400466777, -21077.04936654256, -29101.504340960746, -18376.69793783441, -21372.219493194953, -16673.50207498403, -18940.596556310356, -34609.056381282266, -19527.410606390953, -27448.16284494966, -26900.24865451432, -21638.60629308026, -15702.94601256777, -25240.86148905218, -19940.596319111166, -16222.190102774644, -16017.191699052866, -16907.95966427951, -14565.409864056473, -12791.159042164249, -17282.685168446602, -49240.35917747501, -19281.540609479463, -22649.043465340157, -60800.17575105384, -25861.283405832583, -34874.684186640494, -20100.90080974541, -19616.72610482884, -36813.59364198435, -22381.5809444273, -15603.971048107294, -19170.353416513062, -17890.939914877632, -15804.615800917612, -19825.686759079952, -18105.26293845364, -18256.55900662687, -26286.58103998102, -28503.080392684118, -23564.922534115074, -22608.741163412094, -25320.775732663875, -23366.97896639172, -19416.129294819297, -16308.597858027733, -20264.190172140734, -21824.623441592892, -20817.98039414288, -24128.97348802509, -21794.99359973414, -24356.640789105735, -27497.72344076967, -24171.912019615724, -23128.519197010643, -22125.490129364567, -21512.771360514325, -22132.101367162315, -25808.601817764153, -22535.51528725189, -50839.21552700656, -42500.27467640051, -25769.208446028653, -36247.944133282304, -30982.51590938424, -39968.7437275959, -32923.283639334455, -26230.049687342605, -39473.3792530627, -41315.90300231009, -45643.25040475328, -86851.6319332461, -85226.93848338746, -36141.86980414655, -40258.932227915735, -41616.34704042644, -29636.89024434193, -21393.52352444678, -28825.804415088318, -35527.03685369314, -54497.77996878768, -33800.058070725114, -33998.94275546465, -43079.92183640109, -30346.941565467143, -37594.80946089396, -23941.726516608684, -28321.300533418493, -39352.44801821479, -47908.41782991519, -28978.162844573653, -21640.981238535845, -21900.14127139204, -48471.291273298186, -22097.181381443315, -16247.53288126378, -16906.29203863967]
final speed list:[6.738954190052325, 6.445550898876776, 12.273956595304329, 11.863565228821463, 13.990141546214069, 12.509626407457006, 14.567904108024269, 13.81859519052718, 14.000809927739999, 13.36280901424221, 11.88198688096179, 13.317354073875594, 12.268138306749387, 11.802177567138939, 12.524671406518703, 13.58748431680088, 12.842184753300451, 12.224670117915728, 13.725701655586313, 13.84861209354489, 13.340227591611585, 13.884334292820823, 14.740143694707857, 14.145827486519549, 10.430984003608593, 13.530133516324486, 13.411897241574202, 8.646353450729064, 11.572982954504727, 10.815592231331191, 12.653034035437212, 12.55323333987149, 10.590424963725287, 12.337520969963272, 15.167620112841451, 14.06841839377472, 14.100452153559333, 15.091021108071251, 14.749758055041804, 13.996452162496132, 12.785467599524077, 11.653679737491753, 11.151044779762179, 12.042498137880807, 11.69207078735508, 12.293534122900706, 11.628126657790471, 12.2630473566375, 13.622720303606332, 12.432610154068119, 12.628401448358726, 12.889221033728049, 11.889879473380294, 12.218188999033574, 11.044001647085091, 11.285509841144536, 10.752617364460923, 11.2374435587551, 12.036786531503079, 12.461818402114249, 11.448429924531197, 11.749755335320373, 12.47086865492303, 9.04189459129818, 10.03629115396423, 12.646197100666782, 11.467975897318663, 11.712154937670388, 10.350219169965273, 10.931981112281502, 11.951654479441144, 9.545382280775732, 10.075003866600165, 10.390811184987388, 7.76355148477557, 7.318538520028296, 10.373688413515167, 9.623474502103889, 9.842185986740173, 11.038614041974292, 12.009300293212414, 11.004770884660367, 11.033519578159328, 8.937547268160868, 11.520158166733065, 10.893994352614962, 8.939995547111359, 11.813590274118326, 10.181151639592553, 11.20312244534592, 10.698013257668366, 9.397978143965162, 9.57059740377756, 11.266597148807353, 11.735691161608317, 11.74131565169156, 9.79212152574364, 11.047177416017567, 13.686697833563754, 13.739315803371197]
final elec cons list:[0.6126084614373584, 0.6517442324500664, 1.275475292383299, 1.1495168337636126, 2.218262910478434, 0.9002780532112203, 2.1877613603300543, 1.2965556846715163, 1.4752961214668032, 1.063404486605823, 0.49949409095790603, 1.1559570851943974, 0.7359028051433514, 0.5212553854706369, 0.8816334691591668, 1.835293596542156, 0.9131610988078275, 1.6921406075727128, 1.616347860279645, 1.5335452862215153, 1.8337826494778766, 1.9823373913456974, 2.0671243123472833, 1.4516127009533795, 0.5814905925085571, 2.416296975547656, 1.476916804386969, 0.5497205929907606, 0.8059873455535584, 1.175601385488744, 1.0912883681727108, 1.37809936604577, 0.54448082517057, 1.0604562070193082, 2.211126495321904, 1.7376027109614567, 2.275750829730759, 2.372576572525801, 2.155302334823542, 1.4097003071314915, 1.0284145691564162, 0.979893286504733, 0.9380411965617795, 0.9476293821865197, 1.023171229151302, 0.7061173880663327, 0.9936936780914231, 1.444010997017754, 1.1286109532653612, 1.0183169949547863, 1.0532023353165543, 1.2120734390797463, 0.708038265623932, 0.7087132729808105, 0.7775150446139754, 0.6321936671694404, 0.735816791007131, 0.8414861046411882, 0.8319678993553589, 0.7825486073815673, 0.9637620220714128, 0.6360862283546501, 0.657744966129724, 0.4431754413363005, 0.5760902142224752, 0.672598586783116, 0.5081402871363062, 0.7172174033142601, 0.45049101969966504, 0.7292870797862884, 0.6822000089159436, 0.5446208666912966, 0.407728081999945, 0.44043682412878205, 0.45591765720180627, 0.5120321179200168, 0.715058373529224, 0.6589266786750433, 0.5268901445272772, 1.025124356137441, 1.120005318984566, 0.8132600851888013, 0.6703106018840739, 0.6714628612445686, 0.7924826103517953, 0.502168789313461, 0.5705094548410851, 0.7636285558485666, 0.5018929383606806, 0.8498848680516923, 0.6432700375278874, 0.3761749592068767, 0.40601753941166757, 0.5255647190106789, 1.136849072008671, 0.8018948136893629, 0.4569722793524309, 0.6939473928383055, 1.4381424968958263, 1.1212857402055472]
final halt list:[0.4202755905511811, 0.5359825721153846, 0.2592884130982368, 0.16803906549214861, 0.17467079783113865, 0.21447368421052632, 0.11268451767936835, 0.12581954417733374, 0.06079344683584966, 0.07319134550371872, 0.19437299035369776, 0.06678023850085178, 0.15027743526510481, 0.08378196500672948, 0.043478260869565216, 0.04060961756910261, 0.13952299829642248, 0.020092891760904685, 0.020050125313283207, 0.01915288558893014, 0.008171206225680934, 0.009051885031728256, 0.008976964769647697, 0.11717521233092168, 0.25980233311730394, 0.04649827784156142, 0.13530844155844157, 0.5192078025477707, 0.09568250377073906, 0.12255067567567568, 0.055821665438467206, 0.0547364541098415, 0.18505189152996318, 0.06019805420430855, 0.12637766348273327, 0.17513020833333334, 0.17433516251582945, 0.15096525096525096, 0.19085091663784157, 0.12990284274919037, 0.05689900426742532, 0.1, 0.13074102663064455, 0.08805668016194332, 0.05960581706850364, 0.07982120051085569, 0.05878003696857671, 0.021576524741081703, 0.005528255528255528, 0.038266169996613614, 0.07949756888168558, 0.09166365932876218, 0.11909906914893617, 0.07516172965611168, 0.13402255639097743, 0.15385964912280703, 0.1081242532855436, 0.10812645461598139, 0.07907407407407407, 0.07067338972023422, 0.10842328450269853, 0.13080601092896174, 0.08310142238713668, 0.33816807313642755, 0.2253582663404404, 0.09555658056580565, 0.18015067147068456, 0.1410655737704918, 0.18188622754491018, 0.13477985429204942, 0.10553047404063205, 0.2328032544378698, 0.15713875323182994, 0.15407068475859892, 0.46717625899280574, 0.620219086520609, 0.14871469949312094, 0.22155140870837908, 0.1875, 0.06877615062761507, 0.009418729817007535, 0.04745860608394301, 0.12097299056296779, 0.45197188598203825, 0.13821273757919306, 0.15687295447783398, 0.27724489795918367, 0.11726031957390147, 0.19892280071813284, 0.09049730146491905, 0.12608286252354048, 0.2406810035842294, 0.36544523246650906, 0.09190210249671485, 0.054434716406547394, 0.08582230623818525, 0.4195710455764075, 0.06506187161639598, 0.020211658570437198, 0.05755108556832695]
speed reward list:[-100153.04256971077, -104697.76894216814, -36891.31475303997, -19878.07536756045, -12630.327104340426, -20071.26241578071, -12407.854242060268, -14830.282742940262, -12622.562525340138, -14593.224527460165, -27416.866406940746, -15266.97078426013, -22731.509028420696, -22510.813546980455, -18250.340450760064, -12106.298042100158, -20685.365334000555, -15935.20260209988, -12949.498000619982, -13126.13142299995, -13823.737299359875, -11694.217909679955, -10362.003836399981, -12761.533591920315, -37918.64472606013, -13110.663568320057, -15106.896920520332, -44903.69967707757, -20373.857358120214, -25853.49795744032, -15950.594060100078, -15875.359782659998, -29475.797340240937, -19218.04435944015, -9562.74806754034, -12568.334494500394, -11549.964743100392, -10100.672153820411, -12513.264484680434, -12939.306000840166, -15292.86838506009, -21526.961527620257, -22832.15584500041, -19809.802803240338, -19031.12931383998, -21274.838154360354, -19823.385016800064, -16354.46815325995, -14178.295591559898, -17357.173634160066, -18418.616407260284, -17358.466174560184, -20914.665477660477, -19024.097427540208, -20689.32118248039, -23626.678814460614, -21038.016882060383, -19911.2854588203, -19115.438574240237, -18214.461174780095, -18240.381627480332, -21949.090048440485, -19388.825186400307, -40674.18944915941, -34170.652854900836, -21531.09495420035, -29857.798345140975, -25570.19866050052, -32737.53395214078, -26477.74223982045, -21229.19683110034, -31857.96381984078, -33357.878501220664, -35658.592217100355, -60353.927507874236, -61081.03220291439, -28312.943708520557, -31622.144920740844, -33648.43946166084, -23125.870182060353, -16983.87015005984, -23497.225259580333, -28507.67963640071, -42363.70904303919, -27314.458968420513, -28026.52918596064, -35092.255476960534, -24883.081208820462, -31195.81273338103, -20300.365764900307, -23209.616526300466, -32949.14022486081, -39360.489578460496, -24637.30945146058, -18495.985000140157, -18369.61926750025, -38720.76963299985, -19540.90854468018, -14155.990880939982, -13462.378153560157]
accel reward list:[-15660.813526332404, -15562.521628325907, -5574.763233476139, -1653.288032907882, -1439.7222622033992, -1262.6419251826574, -1238.7436957749187, -1180.9367502553246, -943.2395496440746, -1019.0720288506303, -1208.0899743439454, -1143.2398221310107, -1088.5538165306111, -967.2351075348485, -1049.9658423204137, -1075.5479704678132, -994.2961550527289, -1158.493717011055, -1136.9921021546618, -1040.3602760528438, -1046.922364919457, -1070.6919543765134, -1117.0552057644181, -1300.6515765268684, -2285.7144514179577, -1759.2770411597028, -1590.2465448209587, -2127.676073978801, -1629.4260477133369, -2251.4862292013286, -1287.4067496458351, -1321.1663221688405, -1745.0963017459117, -909.2365849873784, -1249.0229805674423, -1207.8189220135046, -1143.375171777932, -1192.643647097827, -1423.8222744007226, -1023.0569376137316, -818.6906215669986, -1188.2195123615013, -1178.4245476850583, -865.4197308758307, -884.9118495721768, -1063.4375783045612, -1058.993949591762, -978.0611415593517, -804.5022664677977, -978.9165379809943, -1079.1070343330525, -998.7142195830295, -926.8080103654671, -972.2961721944441, -1085.8196066264102, -1083.244626310889, -991.395137556157, -999.2337381910155, -1047.1515551246541, -1188.9101857345008, -1231.1197396828204, -1208.911769324801, -1041.5901008526002, -1901.6260778502212, -2105.4218215027613, -1230.6134918291827, -1512.2457881439016, -1523.8172488852563, -1727.0097754580506, -1537.8413995153178, -1396.8528562432462, -1861.6154332250783, -1918.8245010922778, -2055.758187654665, -3918.2044253650306, -3605.9062804664923, -2192.526095627924, -2039.3873071780429, -1842.8075787684356, -1829.1200622822312, -1591.453374386749, -1684.1791555085492, -2091.457217294649, -2543.170925751648, -1599.2991023065745, -1477.613569505966, -1811.9663594434403, -1442.560356647963, -1501.7967275154856, -1109.6607517091409, -1218.7840071190878, -1347.7077933568114, -1383.8282514582522, -1107.2533931145056, -835.6962383958522, -829.0220038925775, -1311.621640301852, -796.9728367637221, -869.5420003237273, -1116.9138850796687]
tls reward list:[-38147.70000001995, -39783.60000002162, -15945.29999999657, -5392.8999999995185, -5706.399999999701, -6680.499999999036, -3799.8000000005823, -4509.099999999809, -2201.2000000003563, -2357.4000000006727, -4089.2000000009884, -2090.300000000487, -2248.40000000061, -2361.0000000007085, -1492.0000000003167, -1530.6000000001818, -2277.400000000768, -2034.200000000591, -1449.0000000003408, -942.0999999998337, -1136.4000000000185, -1080.199999999891, -761.8999999998923, -2477.8000000005923, -7437.199999997629, -3197.800000000449, -4836.100000000091, -10821.799999995783, -2693.900000000714, -5013.400000000132, -1980.20000000032, -1625.7000000002654, -3797.2000000008275, -1380.0000000002533, -3595.9000000003434, -4514.300000000265, -3977.5000000006107, -3431.900000000463, -4788.200000000269, -3023.600000000716, -1242.7000000002154, -2569.0000000009186, -3404.7000000007542, -1980.4000000004078, -1771.5000000004288, -2178.2000000003804, -1767.8000000002346, -1356.3000000000784, -829.4999999998106, -1449.3000000001223, -1766.9000000003352, -1750.3000000005582, -1608.500000000282, -1275.0000000000396, -1850.0000000004588, -2041.6000000007184, -1432.0000000002437, -1413.0000000001312, -1162.8000000000516, -1390.5000000001928, -1754.8000000003753, -1807.1000000004171, -1524.1000000000959, -6065.399999998402, -4887.900000000043, -2279.5000000007353, -3680.2000000010266, -3110.8000000008738, -4024.400000001188, -3455.900000000975, -2563.800000000558, -4316.6999999999225, -4471.200000000423, -6029.799999999228, -17611.59999999698, -15110.799999993686, -2879.100000000976, -4038.9000000010233, -4185.400000001003, -3372.9000000007945, -2140.6000000005806, -3010.2000000006815, -3939.5000000008904, -7430.6999999963755, -3989.6000000007475, -3638.0000000009018, -5063.399999999679, -3428.400000000819, -3912.3000000010793, -1775.0000000003886, -3043.80000000069, -3919.500000001084, -5374.199999997902, -2432.800000000818, -1799.700000000445, -1752.3000000005372, -6149.899999997019, -1158.6999999999366, -769.7999999999014, -1582.2000000002486]
extra reward list:[-5061.699999999311, -5963.999999999077, -3119.1999999998156, -1790.6000000000772, -1300.6000000000454, -1087.1000000000315, -930.3000000000213, -851.9000000000162, -906.5000000000198, -970.900000000024, -1894.900000000084, -1026.9000000000276, -1379.7000000000505, -1061.2000000000298, -846.3000000000159, -990.5000000000252, -1283.8000000000443, -812.7000000000137, -686.7000000000055, -908.6000000000199, -900.9000000000194, -720.3000000000077, -550.1999999999966, -742.7000000000091, -1598.8000000000648, -1213.8000000000397, -1115.8000000000334, -2946.9999999998604, -1164.1000000000365, -1756.300000000075, -882.7000000000182, -794.5000000000125, -1795.5000000000775, -874.3000000000177, -1196.3000000000386, -879.900000000018, -1220.1000000000402, -1079.400000000031, -1100.4000000000324, -1119.3000000000336, -902.3000000000195, -1002.400000000026, -1087.8000000000316, -909.30000000002, -921.2000000000207, -804.3000000000131, -716.8000000000075, -727.3000000000081, -496.2999999999944, -478.79999999999467, -559.9999999999973, -710.500000000007, -679.000000000005, -523.5999999999949, -731.5000000000084, -746.2000000000094, -710.500000000007, -805.0000000000132, -800.1000000000129, -718.9000000000076, -905.8000000000197, -843.5000000000157, -580.9999999999986, -2198.000000000055, -1336.3000000000477, -728.0000000000082, -1197.7000000000387, -777.7000000000114, -1479.800000000057, -1451.8000000000552, -1040.2000000000285, -1437.1000000000543, -1568.0000000000628, -1899.1000000000843, -4967.899999999336, -5429.199999999216, -2757.2999999999097, -2558.4999999999613, -1939.700000000087, -1309.000000000046, -677.6000000000049, -634.2000000000021, -988.4000000000251, -2160.200000000065, -896.7000000000191, -856.8000000000166, -1112.3000000000332, -592.8999999999994, -984.9000000000249, -756.70000000001, -849.100000000016, -1136.1000000000347, -1789.9000000000772, -800.8000000000129, -509.59999999999417, -949.2000000000226, -2289.0000000000314, -600.5999999999999, -452.1999999999951, -744.8000000000093]
