nohup: 忽略输入
Env:sumo, Algorithm:TD3, Device:cuda
-----------------------------------------
models/reward_s0.18_a8e-2_t(-2_0.5).pth
-----------------------------------------
 Retrying in 1 seconds
Warning: Unused states in tlLogic 'J10', program '0' in phase 0 after tl-index 10
Simulation......
总奖励:-143072.35609604296, 速度奖励:-100153.04256971077, 加速度奖励:-15660.813526332404, 交通灯奖励:-27258.5, 与前车进行交互的惩罚:0.0
Episode:1/100, Reward:-143072.35609604296
Episode:1/100, avg speed:6.738954190052325
Episode:1/100, avg halt num:0.4202755905511811
Episode:1/100, avg elec cons:0.6126084614373584
 Retrying in 1 seconds
Warning: Unused states in tlLogic 'J10', program '0' in phase 0 after tl-index 10
Simulation......
总奖励:-148762.29057049478, 速度奖励:-104697.76894216814, 加速度奖励:-15562.521628325907, 交通灯奖励:-28502.0, 与前车进行交互的惩罚:0.0
Episode:2/100, Reward:-148762.29057049478
Episode:2/100, avg speed:6.445550898876776
Episode:2/100, avg halt num:0.5359825721153846
Episode:2/100, avg elec cons:0.6517442324500664
 Retrying in 1 seconds
Warning: Unused states in tlLogic 'J10', program '0' in phase 0 after tl-index 10
Simulation......
总奖励:-38773.03408048541, 速度奖励:-26142.337611181432, 加速度奖励:-3511.196469307077, 交通灯奖励:-9119.5, 与前车进行交互的惩罚:0.0
Episode:3/100, Reward:-38773.03408048541
Episode:3/100, avg speed:13.918399990163907
Episode:3/100, avg halt num:0.32379862700228834
Episode:3/100, avg elec cons:1.786974503148666
 Retrying in 1 seconds
Warning: Unused states in tlLogic 'J10', program '0' in phase 0 after tl-index 10
Simulation......
总奖励:-16179.161978316586, 速度奖励:-9683.763284880417, 加速度奖励:-1538.3986934360394, 交通灯奖励:-4957.0, 与前车进行交互的惩罚:0.0
Episode:4/100, Reward:-16179.161978316586
Episode:4/100, avg speed:15.182709636511374
Episode:4/100, avg halt num:0.2660638707195075
Episode:4/100, avg elec cons:2.517367009221564
 Retrying in 1 seconds
Warning: Unused states in tlLogic 'J10', program '0' in phase 0 after tl-index 10
Simulation......
总奖励:-17150.942147063626, 速度奖励:-11657.21582844046, 加速度奖励:-1710.726318623077, 交通灯奖励:-3783.0, 与前车进行交互的惩罚:0.0
Episode:5/100, Reward:-17150.942147063626
Episode:5/100, avg speed:14.906904199969258
Episode:5/100, avg halt num:0.2549355358581789
Episode:5/100, avg elec cons:2.703319886108688
 Retrying in 1 seconds
Warning: Unused states in tlLogic 'J10', program '0' in phase 0 after tl-index 10
Simulation......
总奖励:-13324.467722964473, 速度奖励:-9807.665928660426, 加速度奖励:-1483.301794303941, 交通灯奖励:-2033.5, 与前车进行交互的惩罚:0.0
Episode:6/100, Reward:-13324.467722964473
Episode:6/100, avg speed:15.076574494262067
Episode:6/100, avg halt num:0.19161301859799715
Episode:6/100, avg elec cons:2.0642181731464935
 Retrying in 1 seconds
Warning: Unused states in tlLogic 'J10', program '0' in phase 0 after tl-index 10
Simulation......
总奖励:-17303.136618486125, 速度奖励:-10419.055378920442, 加速度奖励:-1583.5812395654734, 交通灯奖励:-5300.5, 与前车进行交互的惩罚:0.0
Episode:7/100, Reward:-17303.136618486125
Episode:7/100, avg speed:15.672831707304656
Episode:7/100, avg halt num:0.2540378006872852
Episode:7/100, avg elec cons:2.2203884265797877
 Retrying in 1 seconds
Warning: Unused states in tlLogic 'J10', program '0' in phase 0 after tl-index 10
Simulation......
总奖励:-15954.30906396144, 速度奖励:-9653.80429998048, 加速度奖励:-1544.0047639808129, 交通灯奖励:-4756.5, 与前车进行交互的惩罚:0.0
Episode:8/100, Reward:-15954.30906396144
Episode:8/100, avg speed:15.721907118068222
Episode:8/100, avg halt num:0.22251102709514808
Episode:8/100, avg elec cons:2.079249505388408
 Retrying in 1 seconds
Warning: Unused states in tlLogic 'J10', program '0' in phase 0 after tl-index 10
Simulation......
总奖励:-16644.356306706406, 速度奖励:-9980.683816500472, 加速度奖励:-1568.1724902058004, 交通灯奖励:-5095.5, 与前车进行交互的惩罚:0.0
Episode:9/100, Reward:-16644.356306706406
Episode:9/100, avg speed:15.61260603065225
Episode:9/100, avg halt num:0.23307291666666666
Episode:9/100, avg elec cons:2.1336375298153976
 Retrying in 1 seconds
Warning: Unused states in tlLogic 'J10', program '0' in phase 0 after tl-index 10
Simulation......
总奖励:-17170.63083573174, 速度奖励:-10741.56612588052, 加速度奖励:-1591.5647098511151, 交通灯奖励:-4837.5, 与前车进行交互的惩罚:0.0
Episode:10/100, Reward:-17170.63083573174
Episode:10/100, avg speed:15.288002096582655
Episode:10/100, avg halt num:0.2730077574047955
Episode:10/100, avg elec cons:2.259077692496972
 Retrying in 1 seconds
Warning: Unused states in tlLogic 'J10', program '0' in phase 0 after tl-index 10
Simulation......
总奖励:-16972.07950339654, 速度奖励:-10311.763038840434, 加速度奖励:-1575.316464555925, 交通灯奖励:-5085.0, 与前车进行交互的惩罚:0.0
Episode:11/100, Reward:-16972.07950339654
Episode:11/100, avg speed:15.89529180125862
Episode:11/100, avg halt num:0.24024349566377584
Episode:11/100, avg elec cons:2.1748769281415834
 Retrying in 1 seconds
Warning: Unused states in tlLogic 'J10', program '0' in phase 0 after tl-index 10
Simulation......
总奖励:-16101.286921203706, 速度奖励:-9850.906711980413, 加速度奖励:-1553.3802092231604, 交通灯奖励:-4697.0, 与前车进行交互的惩罚:0.0
Episode:12/100, Reward:-16101.286921203706
Episode:12/100, avg speed:15.716192234727759
Episode:12/100, avg halt num:0.24136740331491713
Episode:12/100, avg elec cons:2.2330253321579074
 Retrying in 1 seconds
Warning: Unused states in tlLogic 'J10', program '0' in phase 0 after tl-index 10
Simulation......
总奖励:-16277.840670602753, 速度奖励:-9630.049810320439, 加速度奖励:-1533.7908602822256, 交通灯奖励:-5114.0, 与前车进行交互的惩罚:0.0
Episode:13/100, Reward:-16277.840670602753
Episode:13/100, avg speed:15.854357194891827
Episode:13/100, avg halt num:0.21852261942423284
Episode:13/100, avg elec cons:2.097573430859281
 Retrying in 1 seconds
Warning: Unused states in tlLogic 'J10', program '0' in phase 0 after tl-index 10
Simulation......
总奖励:-17039.924594074124, 速度奖励:-10385.17615386044, 加速度奖励:-1557.7484402135385, 交通灯奖励:-5097.0, 与前车进行交互的惩罚:0.0
Episode:14/100, Reward:-17039.924594074124
Episode:14/100, avg speed:15.507013687925205
Episode:14/100, avg halt num:0.26528073916133615
Episode:14/100, avg elec cons:2.3341965180839086
 Retrying in 1 seconds
Warning: Unused states in tlLogic 'J10', program '0' in phase 0 after tl-index 10
Simulation......
总奖励:-17730.26171009053, 速度奖励:-10960.850865780407, 加速度奖励:-1617.910844309882, 交通灯奖励:-5151.5, 与前车进行交互的惩罚:0.0
Episode:15/100, Reward:-17730.26171009053
Episode:15/100, avg speed:15.557271375032576
Episode:15/100, avg halt num:0.2854484555266096
Episode:15/100, avg elec cons:2.340902195408346
 Retrying in 1 seconds
Warning: Unused states in tlLogic 'J10', program '0' in phase 0 after tl-index 10
Simulation......
总奖励:-17793.20509160954, 速度奖励:-10707.432000300476, 加速度奖励:-1580.7730913088724, 交通灯奖励:-5505.0, 与前车进行交互的惩罚:0.0
Episode:16/100, Reward:-17793.20509160954
Episode:16/100, avg speed:15.373069300327401
Episode:16/100, avg halt num:0.2870053272450533
Episode:16/100, avg elec cons:2.4607866195943955
 Retrying in 1 seconds
Warning: Unused states in tlLogic 'J10', program '0' in phase 0 after tl-index 10
Simulation......
总奖励:-17422.984685915995, 速度奖励:-10654.927432560484, 加速度奖励:-1550.5572533553452, 交通灯奖励:-5217.5, 与前车进行交互的惩罚:0.0
Episode:17/100, Reward:-17422.984685915995
Episode:17/100, avg speed:15.585578954891444
Episode:17/100, avg halt num:0.27031955540118097
Episode:17/100, avg elec cons:2.2567230991982106
 Retrying in 1 seconds
Warning: Unused states in tlLogic 'J10', program '0' in phase 0 after tl-index 10
Simulation......
总奖励:-16787.708901208476, 速度奖励:-10288.472131080465, 加速度奖励:-1526.7367701278606, 交通灯奖励:-4972.5, 与前车进行交互的惩罚:0.0
Episode:18/100, Reward:-16787.708901208476
Episode:18/100, avg speed:14.794555400632692
Episode:18/100, avg halt num:0.3009935117599351
Episode:18/100, avg elec cons:2.640183717644213
 Retrying in 1 seconds
Warning: Unused states in tlLogic 'J10', program '0' in phase 0 after tl-index 10
Simulation......
总奖励:-18353.478495881045, 速度奖励:-11254.056460020438, 加速度奖励:-1619.9220358604168, 交通灯奖励:-5479.5, 与前车进行交互的惩罚:0.0
Episode:19/100, Reward:-18353.478495881045
Episode:19/100, avg speed:15.308024929674277
Episode:19/100, avg halt num:0.2838937093275488
Episode:19/100, avg elec cons:2.3080239432832257
 Retrying in 1 seconds
Warning: Unused states in tlLogic 'J10', program '0' in phase 0 after tl-index 10
Simulation......
总奖励:-16904.00629476978, 速度奖励:-10317.198037140439, 加速度奖励:-1581.3082576291936, 交通灯奖励:-5005.5, 与前车进行交互的惩罚:0.0
Episode:20/100, Reward:-16904.00629476978
Episode:20/100, avg speed:15.634896003191493
Episode:20/100, avg halt num:0.2477103120759837
Episode:20/100, avg elec cons:2.1869991498470447
 Retrying in 1 seconds
Warning: Unused states in tlLogic 'J10', program '0' in phase 0 after tl-index 10
Simulation......
总奖励:-17986.234532659302, 速度奖励:-11227.581520920503, 加速度奖励:-1597.653011738579, 交通灯奖励:-5161.0, 与前车进行交互的惩罚:0.0
Episode:21/100, Reward:-17986.234532659302
Episode:21/100, avg speed:15.275039882653786
Episode:21/100, avg halt num:0.31074492979719187
Episode:21/100, avg elec cons:2.5081960767694453
 Retrying in 1 seconds
Warning: Unused states in tlLogic 'J10', program '0' in phase 0 after tl-index 10
Simulation......
总奖励:-16060.691488958715, 速度奖励:-9756.313973820425, 加速度奖励:-1509.8775151381287, 交通灯奖励:-4794.5, 与前车进行交互的惩罚:0.0
Episode:22/100, Reward:-16060.691488958715
Episode:22/100, avg speed:15.461883165017417
Episode:22/100, avg halt num:0.2642369020501139
Episode:22/100, avg elec cons:2.5106830496082697
 Retrying in 1 seconds
Warning: Unused states in tlLogic 'J10', program '0' in phase 0 after tl-index 10
Simulation......
总奖励:-16136.300095237602, 速度奖励:-10001.499579000443, 加速度奖励:-1549.8005162370475, 交通灯奖励:-4585.0, 与前车进行交互的惩罚:0.0
Episode:23/100, Reward:-16136.300095237602
Episode:23/100, avg speed:15.85476710187584
Episode:23/100, avg halt num:0.24195460704607047
Episode:23/100, avg elec cons:2.1816111750817737
 Retrying in 1 seconds
Warning: Unused states in tlLogic 'J10', program '0' in phase 0 after tl-index 10
Simulation......
总奖励:-16642.896851767557, 速度奖励:-10488.550105980474, 加速度奖励:-1539.846745786885, 交通灯奖励:-4614.5, 与前车进行交互的惩罚:0.0
Episode:24/100, Reward:-16642.896851767557
Episode:24/100, avg speed:15.611322560039861
Episode:24/100, avg halt num:0.2531384208787578
Episode:24/100, avg elec cons:2.169802592811451
 Retrying in 1 seconds
Warning: Unused states in tlLogic 'J10', program '0' in phase 0 after tl-index 10
Simulation......
总奖励:-15984.421873550178, 速度奖励:-9914.14894014042, 加速度奖励:-1513.772933409546, 交通灯奖励:-4556.5, 与前车进行交互的惩罚:0.0
Episode:25/100, Reward:-15984.421873550178
Episode:25/100, avg speed:15.746634015375365
Episode:25/100, avg halt num:0.24483576024381984
Episode:25/100, avg elec cons:2.2384457782099165
 Retrying in 1 seconds
Warning: Unused states in tlLogic 'J10', program '0' in phase 0 after tl-index 10
Simulation......
总奖励:-18942.946698412394, 速度奖励:-11719.235969460504, 加速度奖励:-1615.2107289516873, 交通灯奖励:-5608.5, 与前车进行交互的惩罚:0.0
Episode:26/100, Reward:-18942.946698412394
Episode:26/100, avg speed:15.038673065980467
Episode:26/100, avg halt num:0.32324595219737856
Episode:26/100, avg elec cons:2.4434302201802343
 Retrying in 1 seconds
Warning: Unused states in tlLogic 'J10', program '0' in phase 0 after tl-index 10
Simulation......
总奖励:-17276.112487387214, 速度奖励:-10609.35858828048, 加速度奖励:-1589.2538991066094, 交通灯奖励:-5077.5, 与前车进行交互的惩罚:0.0
Episode:27/100, Reward:-17276.112487387214
Episode:27/100, avg speed:15.403019687689591
Episode:27/100, avg halt num:0.26616303583977513
Episode:27/100, avg elec cons:2.25898680483819
 Retrying in 1 seconds
Warning: Unused states in tlLogic 'J10', program '0' in phase 0 after tl-index 10
Simulation......
总奖励:-17638.851525444352, 速度奖励:-10802.94075288048, 加速度奖励:-1598.4107725637073, 交通灯奖励:-5237.5, 与前车进行交互的惩罚:0.0
Episode:28/100, Reward:-17638.851525444352
Episode:28/100, avg speed:14.769074167048899
Episode:28/100, avg halt num:0.31401811445039113
Episode:28/100, avg elec cons:2.623351756735204
 Retrying in 1 seconds
Warning: Unused states in tlLogic 'J10', program '0' in phase 0 after tl-index 10
Simulation......
总奖励:-18775.05244813854, 速度奖励:-11438.013720060515, 加速度奖励:-1701.0387280778161, 交通灯奖励:-5636.0, 与前车进行交互的惩罚:0.0
Episode:29/100, Reward:-18775.05244813854
Episode:29/100, avg speed:15.048083906319196
Episode:29/100, avg halt num:0.31733091787439616
Episode:29/100, avg elec cons:2.4637959942543355
 Retrying in 1 seconds
Warning: Unused states in tlLogic 'J10', program '0' in phase 0 after tl-index 10
Simulation......
总奖励:-16469.29484181731, 速度奖励:-10115.195001840471, 加速度奖励:-1502.0998399766963, 交通灯奖励:-4852.0, 与前车进行交互的惩罚:0.0
Episode:30/100, Reward:-16469.29484181731
Episode:30/100, avg speed:15.615818858996592
Episode:30/100, avg halt num:0.25603991596638653
Episode:30/100, avg elec cons:2.3474768868889053
 Retrying in 1 seconds
Warning: Unused states in tlLogic 'J10', program '0' in phase 0 after tl-index 10
Simulation......
总奖励:-16776.58321446148, 速度奖励:-9941.28911100042, 加速度奖励:-1548.2941034608682, 交通灯奖励:-5287.0, 与前车进行交互的惩罚:0.0
Episode:31/100, Reward:-16776.58321446148
Episode:31/100, avg speed:15.528427745748937
Episode:31/100, avg halt num:0.2675619834710744
Episode:31/100, avg elec cons:2.445086409395193
 Retrying in 1 seconds
Warning: Unused states in tlLogic 'J10', program '0' in phase 0 after tl-index 10
Simulation......
总奖励:-17953.714715026523, 速度奖励:-11267.405679060495, 加速度奖励:-1594.8090359657256, 交通灯奖励:-5091.5, 与前车进行交互的惩罚:0.0
Episode:32/100, Reward:-17953.714715026523
Episode:32/100, avg speed:15.08887044098304
Episode:32/100, avg halt num:0.3084032012195122
Episode:32/100, avg elec cons:2.433183159610955
 Retrying in 1 seconds
Warning: Unused states in tlLogic 'J10', program '0' in phase 0 after tl-index 10
Simulation......
总奖励:-16830.384911543722, 速度奖励:-10143.722379240413, 加速度奖励:-1540.662532303161, 交通灯奖励:-5146.0, 与前车进行交互的惩罚:0.0
Episode:33/100, Reward:-16830.384911543722
Episode:33/100, avg speed:15.375023535743008
Episode:33/100, avg halt num:0.25762890213960016
Episode:33/100, avg elec cons:2.3223857947959687
 Retrying in 1 seconds
Warning: Unused states in tlLogic 'J10', program '0' in phase 0 after tl-index 10
Simulation......
总奖励:-16425.371077851138, 速度奖励:-10250.285727780416, 加速度奖励:-1558.5853500705534, 交通灯奖励:-4616.5, 与前车进行交互的惩罚:0.0
Episode:34/100, Reward:-16425.371077851138
Episode:34/100, avg speed:15.610748726938189
Episode:34/100, avg halt num:0.25596700596700594
Episode:34/100, avg elec cons:2.2771203727939793
 Retrying in 1 seconds
Warning: Unused states in tlLogic 'J10', program '0' in phase 0 after tl-index 10
Simulation......
总奖励:-15924.481287606493, 速度奖励:-9681.893114220407, 加速度奖励:-1546.5881733859028, 交通灯奖励:-4696.0, 与前车进行交互的惩罚:0.0
Episode:35/100, Reward:-15924.481287606493
Episode:35/100, avg speed:15.711766747254924
Episode:35/100, avg halt num:0.25251865671641793
Episode:35/100, avg elec cons:2.425363163882081
 Retrying in 1 seconds
Warning: Unused states in tlLogic 'J10', program '0' in phase 0 after tl-index 10
Simulation......
总奖励:-17475.81698256921, 速度奖励:-10812.19171698051, 加速度奖励:-1587.1252655885494, 交通灯奖励:-5076.5, 与前车进行交互的惩罚:0.0
Episode:36/100, Reward:-17475.81698256921
Episode:36/100, avg speed:15.277455069206308
Episode:36/100, avg halt num:0.2858610384759059
Episode:36/100, avg elec cons:2.372811109351036
 Retrying in 1 seconds
Warning: Unused states in tlLogic 'J10', program '0' in phase 0 after tl-index 10
Simulation......
总奖励:-18241.918213667203, 速度奖励:-11090.904997140506, 加速度奖励:-1616.5132165265252, 交通灯奖励:-5534.5, 与前车进行交互的惩罚:0.0
Episode:37/100, Reward:-18241.918213667203
Episode:37/100, avg speed:14.948431839616225
Episode:37/100, avg halt num:0.323510773130545
Episode:37/100, avg elec cons:2.6780836083965474
 Retrying in 1 seconds
Warning: Unused states in tlLogic 'J10', program '0' in phase 0 after tl-index 10
Simulation......
总奖励:-15590.926162862075, 速度奖励:-9340.447788360367, 加速度奖励:-1521.4783745015543, 交通灯奖励:-4729.0, 与前车进行交互的惩罚:0.0
Episode:38/100, Reward:-15590.926162862075
Episode:38/100, avg speed:15.751903163124116
Episode:38/100, avg halt num:0.2495164410058027
Episode:38/100, avg elec cons:2.5259966212547953
 Retrying in 1 seconds
Warning: Unused states in tlLogic 'J10', program '0' in phase 0 after tl-index 10
Simulation......
总奖励:-18300.513284014454, 速度奖励:-11260.759258440525, 加速度奖励:-1588.7540255737536, 交通灯奖励:-5451.0, 与前车进行交互的惩罚:0.0
Episode:39/100, Reward:-18300.513284014454
Episode:39/100, avg speed:15.337045719418379
Episode:39/100, avg halt num:0.2847871235721703
Episode:39/100, avg elec cons:2.2290518779260298
 Retrying in 1 seconds
Warning: Unused states in tlLogic 'J10', program '0' in phase 0 after tl-index 10
Simulation......
总奖励:-17256.92181635103, 速度奖励:-10422.980773200463, 加速度奖励:-1619.941043150418, 交通灯奖励:-5214.0, 与前车进行交互的惩罚:0.0
Episode:40/100, Reward:-17256.92181635103
Episode:40/100, avg speed:15.404859691987161
Episode:40/100, avg halt num:0.26339773970105723
Episode:40/100, avg elec cons:2.304557861120524
 Retrying in 1 seconds
Warning: Unused states in tlLogic 'J10', program '0' in phase 0 after tl-index 10
Simulation......
总奖励:-16477.467664189757, 速度奖励:-10166.305077900455, 加速度奖励:-1543.1625862891094, 交通灯奖励:-4768.0, 与前车进行交互的惩罚:0.0
Episode:41/100, Reward:-16477.467664189757
Episode:41/100, avg speed:15.394037239076182
Episode:41/100, avg halt num:0.26696461145567313
Episode:41/100, avg elec cons:2.3937205195942255
 Retrying in 1 seconds
Warning: Unused states in tlLogic 'J10', program '0' in phase 0 after tl-index 10
Simulation......
总奖励:-17735.749835056904, 速度奖励:-10720.542395880466, 加速度奖励:-1610.7074391762326, 交通灯奖励:-5404.5, 与前车进行交互的惩罚:0.0
Episode:42/100, Reward:-17735.749835056904
Episode:42/100, avg speed:15.247931042639282
Episode:42/100, avg halt num:0.28959449120122416
Episode:42/100, avg elec cons:2.4337672670293213
 Retrying in 1 seconds
Warning: Unused states in tlLogic 'J10', program '0' in phase 0 after tl-index 10
Simulation......
总奖励:-16779.81223576737, 速度奖励:-10437.258527460457, 加速度奖励:-1541.5537083067757, 交通灯奖励:-4801.0, 与前车进行交互的惩罚:0.0
Episode:43/100, Reward:-16779.81223576737
Episode:43/100, avg speed:15.08131280930269
Episode:43/100, avg halt num:0.2920753236563358
Episode:43/100, avg elec cons:2.5949618968333334
 Retrying in 1 seconds
Warning: Unused states in tlLogic 'J10', program '0' in phase 0 after tl-index 10
Simulation......
总奖励:-17002.162837757172, 速度奖励:-10448.49106818044, 加速度奖励:-1553.1717695764867, 交通灯奖励:-5000.5, 与前车进行交互的惩罚:0.0
Episode:44/100, Reward:-17002.162837757172
Episode:44/100, avg speed:15.402107265706972
Episode:44/100, avg halt num:0.27762172284644193
Episode:44/100, avg elec cons:2.4636903813819657
 Retrying in 1 seconds
Warning: Unused states in tlLogic 'J10', program '0' in phase 0 after tl-index 10
Simulation......
总奖励:-17858.09102844539, 速度奖励:-11135.343334860543, 加速度奖励:-1592.2476935846703, 交通灯奖励:-5130.5, 与前车进行交互的惩罚:0.0
Episode:45/100, Reward:-17858.09102844539
Episode:45/100, avg speed:14.859705740391906
Episode:45/100, avg halt num:0.3129404855129209
Episode:45/100, avg elec cons:2.508480341390593
 Retrying in 1 seconds
Warning: Unused states in tlLogic 'J10', program '0' in phase 0 after tl-index 10
Simulation......
总奖励:-16019.894540358184, 速度奖励:-9701.2603337404, 加速度奖励:-1541.1342066176248, 交通灯奖励:-4777.5, 与前车进行交互的惩罚:0.0
Episode:46/100, Reward:-16019.894540358184
Episode:46/100, avg speed:15.903390973102253
Episode:46/100, avg halt num:0.2285123966942149
Episode:46/100, avg elec cons:2.1711624275110637
 Retrying in 1 seconds
Warning: Unused states in tlLogic 'J10', program '0' in phase 0 after tl-index 10
Simulation......
总奖励:-18201.717414842664, 速度奖励:-11147.706006480521, 加速度奖励:-1608.0114083618819, 交通灯奖励:-5446.0, 与前车进行交互的惩罚:0.0
Episode:47/100, Reward:-18201.717414842664
Episode:47/100, avg speed:15.060928033647
Episode:47/100, avg halt num:0.30257142857142855
Episode:47/100, avg elec cons:2.4480105803782024
 Retrying in 1 seconds
Warning: Unused states in tlLogic 'J10', program '0' in phase 0 after tl-index 10
Simulation......
总奖励:-17450.98004416453, 速度奖励:-10660.110421680443, 加速度奖励:-1595.8696224838648, 交通灯奖励:-5195.0, 与前车进行交互的惩罚:0.0
Episode:48/100, Reward:-17450.98004416453
Episode:48/100, avg speed:15.115186583019952
Episode:48/100, avg halt num:0.2943786982248521
Episode:48/100, avg elec cons:2.5388310500613573
 Retrying in 1 seconds
Warning: Unused states in tlLogic 'J10', program '0' in phase 0 after tl-index 10
Simulation......
总奖励:-16474.106211430364, 速度奖励:-9733.742534520452, 加速度奖励:-1547.8636769098034, 交通灯奖励:-5192.5, 与前车进行交互的惩罚:0.0
Episode:49/100, Reward:-16474.106211430364
Episode:49/100, avg speed:15.81045269099611
Episode:49/100, avg halt num:0.21993720565149136
Episode:49/100, avg elec cons:2.100946071155295
 Retrying in 1 seconds
Warning: Unused states in tlLogic 'J10', program '0' in phase 0 after tl-index 10
Simulation......
总奖励:-16181.387170318027, 速度奖励:-10223.221898520509, 加速度奖励:-1548.6652717974086, 交通灯奖励:-4409.5, 与前车进行交互的惩罚:0.0
Episode:50/100, Reward:-16181.387170318027
Episode:50/100, avg speed:15.272029336724067
Episode:50/100, avg halt num:0.2605463347164592
Episode:50/100, avg elec cons:2.238160351254081
 Retrying in 1 seconds
Warning: Unused states in tlLogic 'J10', program '0' in phase 0 after tl-index 10
Simulation......
总奖励:-16396.417988979607, 速度奖励:-10054.958869800425, 加速度奖励:-1521.4591191790016, 交通灯奖励:-4820.0, 与前车进行交互的惩罚:0.0
Episode:51/100, Reward:-16396.417988979607
Episode:51/100, avg speed:15.857245650656251
Episode:51/100, avg halt num:0.23702277294038848
Episode:51/100, avg elec cons:2.2134156042285262
 Retrying in 1 seconds
Warning: Unused states in tlLogic 'J10', program '0' in phase 0 after tl-index 10
Simulation......
总奖励:-17307.558161617642, 速度奖励:-10491.795077220431, 加速度奖励:-1580.7630843970155, 交通灯奖励:-5235.0, 与前车进行交互的惩罚:0.0
Episode:52/100, Reward:-17307.558161617642
Episode:52/100, avg speed:15.373520810890161
Episode:52/100, avg halt num:0.27026276831976315
Episode:52/100, avg elec cons:2.384768038823394
 Retrying in 1 seconds
Warning: Unused states in tlLogic 'J10', program '0' in phase 0 after tl-index 10
Simulation......
总奖励:-16765.33473772538, 速度奖励:-10086.91886160048, 加速度奖励:-1553.9158761247397, 交通灯奖励:-5124.5, 与前车进行交互的惩罚:0.0
Episode:53/100, Reward:-16765.33473772538
Episode:53/100, avg speed:15.513084657001627
Episode:53/100, avg halt num:0.24493071983778303
Episode:53/100, avg elec cons:2.204208265023344
 Retrying in 1 seconds
Warning: Unused states in tlLogic 'J10', program '0' in phase 0 after tl-index 10
Simulation......
总奖励:-17394.00868482049, 速度奖励:-10747.162542600428, 加速度奖励:-1607.8461422197825, 交通灯奖励:-5039.0, 与前车进行交互的惩罚:0.0
Episode:54/100, Reward:-17394.00868482049
Episode:54/100, avg speed:15.363615679979983
Episode:54/100, avg halt num:0.26931216931216934
Episode:54/100, avg elec cons:2.248792393601819
 Retrying in 1 seconds
Warning: Unused states in tlLogic 'J10', program '0' in phase 0 after tl-index 10
Simulation......
总奖励:-15591.143718141224, 速度奖励:-9733.960429020412, 加速度奖励:-1501.6832891206643, 交通灯奖励:-4355.5, 与前车进行交互的惩罚:0.0
Episode:55/100, Reward:-15591.143718141224
Episode:55/100, avg speed:15.122023898935723
Episode:55/100, avg halt num:0.2724458204334365
Episode:55/100, avg elec cons:2.584615779180201
 Retrying in 1 seconds
Warning: Unused states in tlLogic 'J10', program '0' in phase 0 after tl-index 10
Simulation......
总奖励:-17580.372263250087, 速度奖励:-10941.649291620502, 加速度奖励:-1616.2229716295035, 交通灯奖励:-5022.5, 与前车进行交互的惩罚:0.0
Episode:56/100, Reward:-17580.372263250087
Episode:56/100, avg speed:15.153427761088018
Episode:56/100, avg halt num:0.28292106220443797
Episode:56/100, avg elec cons:2.285073930344173
 Retrying in 1 seconds
Warning: Unused states in tlLogic 'J10', program '0' in phase 0 after tl-index 10
Simulation......
总奖励:-17490.680019693093, 速度奖励:-10847.587150980495, 加速度奖励:-1574.0928687124447, 交通灯奖励:-5069.0, 与前车进行交互的惩罚:0.0
Episode:57/100, Reward:-17490.680019693093
Episode:57/100, avg speed:15.113968482232954
Episode:57/100, avg halt num:0.31270424836601307
Episode:57/100, avg elec cons:2.656240169871933
 Retrying in 1 seconds
Warning: Unused states in tlLogic 'J10', program '0' in phase 0 after tl-index 10
Simulation......
总奖励:-17072.057317227704, 速度奖励:-10236.424293900418, 加速度奖励:-1561.6330233270505, 交通灯奖励:-5274.0, 与前车进行交互的惩罚:0.0
Episode:58/100, Reward:-17072.057317227704
Episode:58/100, avg speed:15.42133226045243
Episode:58/100, avg halt num:0.28194444444444444
Episode:58/100, avg elec cons:2.585249127212286
 Retrying in 1 seconds
Warning: Unused states in tlLogic 'J10', program '0' in phase 0 after tl-index 10
Simulation......
总奖励:-18489.924253213372, 速度奖励:-11190.401147520437, 加速度奖励:-1618.0231056927896, 交通灯奖励:-5681.5, 与前车进行交互的惩罚:0.0
Episode:59/100, Reward:-18489.924253213372
Episode:59/100, avg speed:15.369901112840738
Episode:59/100, avg halt num:0.29848310291858676
Episode:59/100, avg elec cons:2.4191696274088366
 Retrying in 1 seconds
Warning: Unused states in tlLogic 'J10', program '0' in phase 0 after tl-index 10
Simulation......
总奖励:-16606.49788027946, 速度奖励:-10013.942712420458, 加速度奖励:-1546.0551678588392, 交通灯奖励:-5046.5, 与前车进行交互的惩罚:0.0
Episode:60/100, Reward:-16606.49788027946
Episode:60/100, avg speed:15.613105376866592
Episode:60/100, avg halt num:0.2416499665998664
Episode:60/100, avg elec cons:2.18635768452116
 Retrying in 1 seconds
Warning: Unused states in tlLogic 'J10', program '0' in phase 0 after tl-index 10
Simulation......
总奖励:-17627.99154018697, 速度奖励:-10954.763645760493, 加速度奖励:-1578.7278944262478, 交通灯奖励:-5094.5, 与前车进行交互的惩罚:0.0
Episode:61/100, Reward:-17627.99154018697
Episode:61/100, avg speed:14.941729221258212
Episode:61/100, avg halt num:0.3076923076923077
Episode:61/100, avg elec cons:2.558746934298907
 Retrying in 1 seconds
Warning: Unused states in tlLogic 'J10', program '0' in phase 0 after tl-index 10
Simulation......
总奖励:-17528.497801896487, 速度奖励:-10412.683473060504, 加速度奖励:-1597.3143288358729, 交通灯奖励:-5518.5, 与前车进行交互的惩罚:0.0
Episode:62/100, Reward:-17528.497801896487
Episode:62/100, avg speed:15.329048507861652
Episode:62/100, avg halt num:0.2579185520361991
Episode:62/100, avg elec cons:2.2281950277549853
 Retrying in 1 seconds
Warning: Unused states in tlLogic 'J10', program '0' in phase 0 after tl-index 10
Simulation......
总奖励:-16876.01798118641, 速度奖励:-10428.495530220474, 加速度奖励:-1574.5224509657476, 交通灯奖励:-4873.0, 与前车进行交互的惩罚:0.0
Episode:63/100, Reward:-16876.01798118641
Episode:63/100, avg speed:15.537750135589738
Episode:63/100, avg halt num:0.2547586675730795
Episode:63/100, avg elec cons:2.176500497497203
 Retrying in 1 seconds
Warning: Unused states in tlLogic 'J10', program '0' in phase 0 after tl-index 10
Simulation......
总奖励:-17065.830470733585, 速度奖励:-10513.61399592045, 加速度奖励:-1555.2164748130117, 交通灯奖励:-4997.0, 与前车进行交互的惩罚:0.0
Episode:64/100, Reward:-17065.830470733585
Episode:64/100, avg speed:15.312995803095202
Episode:64/100, avg halt num:0.28288729739917073
Episode:64/100, avg elec cons:2.4676742147546507
 Retrying in 1 seconds
Warning: Unused states in tlLogic 'J10', program '0' in phase 0 after tl-index 10
Simulation......
总奖励:-15973.532382397942, 速度奖励:-9610.941079260423, 加速度奖励:-1551.591303137383, 交通灯奖励:-4811.0, 与前车进行交互的惩罚:0.0
Episode:65/100, Reward:-15973.532382397942
Episode:65/100, avg speed:15.700953845016414
Episode:65/100, avg halt num:0.24581361485256645
Episode:65/100, avg elec cons:2.372156715589644
 Retrying in 1 seconds
Warning: Unused states in tlLogic 'J10', program '0' in phase 0 after tl-index 10
Simulation......
总奖励:-17418.72200523546, 速度奖励:-10617.604320600449, 加速度奖励:-1565.6176846347712, 交通灯奖励:-5235.5, 与前车进行交互的惩罚:0.0
Episode:66/100, Reward:-17418.72200523546
Episode:66/100, avg speed:15.820472893857913
Episode:66/100, avg halt num:0.24983803045027536
Episode:66/100, avg elec cons:2.108688405236595
 Retrying in 1 seconds
Warning: Unused states in tlLogic 'J10', program '0' in phase 0 after tl-index 10
Simulation......
总奖励:-16710.674019528255, 速度奖励:-10079.335940400411, 加速度奖励:-1586.3380791276782, 交通灯奖励:-5045.0, 与前车进行交互的惩罚:0.0
Episode:67/100, Reward:-16710.674019528255
Episode:67/100, avg speed:15.93563130986244
Episode:67/100, avg halt num:0.23533311236327478
Episode:67/100, avg elec cons:2.1191120800578602
 Retrying in 1 seconds
Warning: Unused states in tlLogic 'J10', program '0' in phase 0 after tl-index 10
Simulation......
总奖励:-16063.18180367533, 速度奖励:-9593.689990320396, 加速度奖励:-1569.4918133548165, 交通灯奖励:-4900.0, 与前车进行交互的惩罚:0.0
Episode:68/100, Reward:-16063.18180367533
Episode:68/100, avg speed:15.868230268081655
Episode:68/100, avg halt num:0.2290174002047083
Episode:68/100, avg elec cons:2.2122663305676373
 Retrying in 1 seconds
Warning: Unused states in tlLogic 'J10', program '0' in phase 0 after tl-index 10
Simulation......
总奖励:-17111.32404447043, 速度奖励:-10485.3612533405, 加速度奖励:-1549.462791129714, 交通灯奖励:-5076.5, 与前车进行交互的惩罚:0.0
Episode:69/100, Reward:-17111.32404447043
Episode:69/100, avg speed:15.659827400614969
Episode:69/100, avg halt num:0.24335022165927803
Episode:69/100, avg elec cons:2.0920362713146123
 Retrying in 1 seconds
Warning: Unused states in tlLogic 'J10', program '0' in phase 0 after tl-index 10
Simulation......
总奖励:-16132.63307307669, 速度奖励:-9991.552865040474, 加速度奖励:-1526.0802080360727, 交通灯奖励:-4615.0, 与前车进行交互的惩罚:0.0
Episode:70/100, Reward:-16132.63307307669
Episode:70/100, avg speed:15.578561847838362
Episode:70/100, avg halt num:0.24052784974093264
Episode:70/100, avg elec cons:2.1346971313227523
 Retrying in 1 seconds
Warning: Unused states in tlLogic 'J10', program '0' in phase 0 after tl-index 10
Simulation......
总奖励:-16120.479604819577, 速度奖励:-9589.965978420427, 加速度奖励:-1541.013626398975, 交通灯奖励:-4989.5, 与前车进行交互的惩罚:0.0
Episode:71/100, Reward:-16120.479604819577
Episode:71/100, avg speed:15.98717683182041
Episode:71/100, avg halt num:0.22303595206391477
Episode:71/100, avg elec cons:2.175410558116306
 Retrying in 1 seconds
Warning: Unused states in tlLogic 'J10', program '0' in phase 0 after tl-index 10
Simulation......
总奖励:-17376.21908805896, 速度奖励:-10521.435519900464, 加速度奖励:-1594.7835681583365, 交通灯奖励:-5260.0, 与前车进行交互的惩罚:0.0
Episode:72/100, Reward:-17376.21908805896
Episode:72/100, avg speed:14.812716675965284
Episode:72/100, avg halt num:0.2878071833648393
Episode:72/100, avg elec cons:2.4163623300292643
 Retrying in 1 seconds
Warning: Unused states in tlLogic 'J10', program '0' in phase 0 after tl-index 10
Simulation......
总奖励:-16092.485327726406, 速度奖励:-9572.696691660509, 加速度奖励:-1543.7886360657687, 交通灯奖励:-4976.0, 与前车进行交互的惩罚:0.0
Episode:73/100, Reward:-16092.485327726406
Episode:73/100, avg speed:15.705328542588939
Episode:73/100, avg halt num:0.20902380235010545
Episode:73/100, avg elec cons:1.9946537144975918
 Retrying in 1 seconds
Warning: Unused states in tlLogic 'J10', program '0' in phase 0 after tl-index 10
Simulation......
总奖励:-18149.57778745654, 速度奖励:-11248.914146220468, 加速度奖励:-1620.1636412358225, 交通灯奖励:-5280.5, 与前车进行交互的惩罚:0.0
Episode:74/100, Reward:-18149.57778745654
Episode:74/100, avg speed:15.357738270875663
Episode:74/100, avg halt num:0.28323289613612196
Episode:74/100, avg elec cons:2.256652030814403
 Retrying in 1 seconds
Warning: Unused states in tlLogic 'J10', program '0' in phase 0 after tl-index 10
Simulation......
总奖励:-18930.149755700622, 速度奖励:-11752.098982920548, 加速度奖励:-1682.5507727798808, 交通灯奖励:-5495.5, 与前车进行交互的惩罚:0.0
Episode:75/100, Reward:-18930.149755700622
Episode:75/100, avg speed:15.394916810639966
Episode:75/100, avg halt num:0.2818455366098295
Episode:75/100, avg elec cons:2.0776029107774527
 Retrying in 1 seconds
Warning: Unused states in tlLogic 'J10', program '0' in phase 0 after tl-index 10
Simulation......
总奖励:-15461.70790999839, 速度奖励:-9156.658575960386, 加速度奖励:-1502.549334037877, 交通灯奖励:-4802.5, 与前车进行交互的惩罚:0.0
Episode:76/100, Reward:-15461.70790999839
Episode:76/100, avg speed:15.62493010451313
Episode:76/100, avg halt num:0.25366598778004074
Episode:76/100, avg elec cons:2.71222593025644
 Retrying in 1 seconds
Warning: Unused states in tlLogic 'J10', program '0' in phase 0 after tl-index 10
Simulation......
总奖励:-18333.080110020524, 速度奖励:-11297.904581880513, 加速度奖励:-1611.6755281398423, 交通灯奖励:-5423.5, 与前车进行交互的惩罚:0.0
Episode:77/100, Reward:-18333.080110020524
Episode:77/100, avg speed:15.205372130813078
Episode:77/100, avg halt num:0.31565757818765033
Episode:77/100, avg elec cons:2.5334068748072682
 Retrying in 1 seconds
Warning: Unused states in tlLogic 'J10', program '0' in phase 0 after tl-index 10
Simulation......
总奖励:-14729.83995609434, 速度奖励:-9388.702245780418, 加速度奖励:-1480.1377103138227, 交通灯奖励:-3861.0, 与前车进行交互的惩罚:0.0
Episode:78/100, Reward:-14729.83995609434
Episode:78/100, avg speed:15.255430411607188
Episode:78/100, avg halt num:0.2643224022125642
Episode:78/100, avg elec cons:2.6493371316393786
 Retrying in 1 seconds
Warning: Unused states in tlLogic 'J10', program '0' in phase 0 after tl-index 10
Simulation......
总奖励:-18107.91335524166, 速度奖励:-11173.745189520503, 加速度奖励:-1565.668165720968, 交通灯奖励:-5368.5, 与前车进行交互的惩罚:0.0
Episode:79/100, Reward:-18107.91335524166
Episode:79/100, avg speed:15.053166079201317
Episode:79/100, avg halt num:0.31276678308110206
Episode:79/100, avg elec cons:2.5075077793031655
 Retrying in 1 seconds
Warning: Unused states in tlLogic 'J10', program '0' in phase 0 after tl-index 10
Simulation......
总奖励:-16495.162648511745, 速度奖励:-10245.356247960493, 加速度奖励:-1521.3064005510503, 交通灯奖励:-4728.5, 与前车进行交互的惩罚:0.0
Episode:80/100, Reward:-16495.162648511745
Episode:80/100, avg speed:15.275691376900333
Episode:80/100, avg halt num:0.2663685152057245
Episode:80/100, avg elec cons:2.3992502300082648
 Retrying in 1 seconds
Warning: Unused states in tlLogic 'J10', program '0' in phase 0 after tl-index 10
Simulation......
总奖励:-16040.15872222031, 速度奖励:-9992.088760140427, 加速度奖励:-1500.5699620797784, 交通灯奖励:-4547.5, 与前车进行交互的惩罚:0.0
Episode:81/100, Reward:-16040.15872222031
Episode:81/100, avg speed:15.478541398022788
Episode:81/100, avg halt num:0.2671232876712329
Episode:81/100, avg elec cons:2.4488986612875507
 Retrying in 1 seconds
Warning: Unused states in tlLogic 'J10', program '0' in phase 0 after tl-index 10
Simulation......
总奖励:-17239.853864733348, 速度奖励:-10348.464480300365, 加速度奖励:-1554.8893844327558, 交通灯奖励:-5336.5, 与前车进行交互的惩罚:0.0
Episode:82/100, Reward:-17239.853864733348
Episode:82/100, avg speed:15.242138508724642
Episode:82/100, avg halt num:0.29203629032258066
Episode:82/100, avg elec cons:2.6386274272754617
 Retrying in 1 seconds
Warning: Unused states in tlLogic 'J10', program '0' in phase 0 after tl-index 10
Simulation......
总奖励:-17209.062309037217, 速度奖励:-10572.027208020501, 加速度奖励:-1577.535101016547, 交通灯奖励:-5059.5, 与前车进行交互的惩罚:0.0
Episode:83/100, Reward:-17209.062309037217
Episode:83/100, avg speed:15.453698172321763
Episode:83/100, avg halt num:0.2679195804195804
Episode:83/100, avg elec cons:2.264923702592891
 Retrying in 1 seconds
Warning: Unused states in tlLogic 'J10', program '0' in phase 0 after tl-index 10
Simulation......
总奖励:-16777.943899764778, 速度奖励:-10038.209057820408, 加速度奖励:-1592.2348419441573, 交通灯奖励:-5147.5, 与前车进行交互的惩罚:0.0
Episode:84/100, Reward:-16777.943899764778
Episode:84/100, avg speed:15.24011111183449
Episode:84/100, avg halt num:0.2761790567545963
Episode:84/100, avg elec cons:2.5407266184973842
 Retrying in 1 seconds
Warning: Unused states in tlLogic 'J10', program '0' in phase 0 after tl-index 10
Simulation......
总奖励:-17685.743062964266, 速度奖励:-10722.435521220494, 加速度奖励:-1592.8075417435505, 交通灯奖励:-5370.5, 与前车进行交互的惩罚:0.0
Episode:85/100, Reward:-17685.743062964266
Episode:85/100, avg speed:15.656217226168094
Episode:85/100, avg halt num:0.25967085171360704
Episode:85/100, avg elec cons:2.1625965237510654
 Retrying in 1 seconds
Warning: Unused states in tlLogic 'J10', program '0' in phase 0 after tl-index 10
Simulation......
总奖励:-16381.956547830989, 速度奖励:-9826.392237480475, 加速度奖励:-1513.5643103503894, 交通灯奖励:-5042.0, 与前车进行交互的惩罚:0.0
Episode:86/100, Reward:-16381.956547830989
Episode:86/100, avg speed:15.911531060600101
Episode:86/100, avg halt num:0.2196196660482375
Episode:86/100, avg elec cons:2.0609320505540314
 Retrying in 1 seconds
Warning: Unused states in tlLogic 'J10', program '0' in phase 0 after tl-index 10
Simulation......
总奖励:-19429.906701223543, 速度奖励:-11900.634579360456, 加速度奖励:-1656.2721218627878, 交通灯奖励:-5873.0, 与前车进行交互的惩罚:0.0
Episode:87/100, Reward:-19429.906701223543
Episode:87/100, avg speed:14.97759893490189
Episode:87/100, avg halt num:0.34868968386023297
Episode:87/100, avg elec cons:2.588146383828366
 Retrying in 1 seconds
Warning: Unused states in tlLogic 'J10', program '0' in phase 0 after tl-index 10
Simulation......
总奖励:-18060.64306873817, 速度奖励:-11325.25916982054, 加速度奖励:-1617.8838989174276, 交通灯奖励:-5117.5, 与前车进行交互的惩罚:0.0
Episode:88/100, Reward:-18060.64306873817
Episode:88/100, avg speed:15.36745187878422
Episode:88/100, avg halt num:0.2811855670103093
Episode:88/100, avg elec cons:2.1753230781528874
 Retrying in 1 seconds
Warning: Unused states in tlLogic 'J10', program '0' in phase 0 after tl-index 10
Simulation......
总奖励:-18097.632998006073, 速度奖励:-11254.876801560507, 加速度奖励:-1585.256196445318, 交通灯奖励:-5257.5, 与前车进行交互的惩罚:0.0
Episode:89/100, Reward:-18097.632998006073
Episode:89/100, avg speed:15.037230730306746
Episode:89/100, avg halt num:0.30705904617713853
Episode:89/100, avg elec cons:2.450932112306184
 Retrying in 1 seconds
Warning: Unused states in tlLogic 'J10', program '0' in phase 0 after tl-index 10
Simulation......
总奖励:-15853.699553941568, 速度奖励:-9671.748249600392, 加速度奖励:-1518.4513043410461, 交通灯奖励:-4663.5, 与前车进行交互的惩罚:0.0
Episode:90/100, Reward:-15853.699553941568
Episode:90/100, avg speed:15.335783344474896
Episode:90/100, avg halt num:0.26850039154267813
Episode:90/100, avg elec cons:2.5855394060943535
 Retrying in 1 seconds
Warning: Unused states in tlLogic 'J10', program '0' in phase 0 after tl-index 10
Simulation......
总奖励:-17491.822579944008, 速度奖励:-10722.657206880485, 加速度奖励:-1580.1653730633352, 交通灯奖励:-5189.0, 与前车进行交互的惩罚:0.0
Episode:91/100, Reward:-17491.822579944008
Episode:91/100, avg speed:14.934627779502678
Episode:91/100, avg halt num:0.301510989010989
Episode:91/100, avg elec cons:2.5330088446197654
 Retrying in 1 seconds
Warning: Unused states in tlLogic 'J10', program '0' in phase 0 after tl-index 10
Simulation......
总奖励:-17440.96151233876, 速度奖励:-10899.003740220434, 加速度奖励:-1582.9577721181172, 交通灯奖励:-4959.0, 与前车进行交互的惩罚:0.0
Episode:92/100, Reward:-17440.96151233876
Episode:92/100, avg speed:15.064684211840893
Episode:92/100, avg halt num:0.29704097116843703
Episode:92/100, avg elec cons:2.440792655990046
 Retrying in 1 seconds
Warning: Unused states in tlLogic 'J10', program '0' in phase 0 after tl-index 10
Simulation......
总奖励:-17701.468424273407, 速度奖励:-11056.146391440489, 加速度奖励:-1580.8220328326624, 交通灯奖励:-5064.5, 与前车进行交互的惩罚:0.0
Episode:93/100, Reward:-17701.468424273407
Episode:93/100, avg speed:14.959049285495311
Episode:93/100, avg halt num:0.3312552831783601
Episode:93/100, avg elec cons:2.708533599579225
 Retrying in 1 seconds
Warning: Unused states in tlLogic 'J10', program '0' in phase 0 after tl-index 10
Simulation......
总奖励:-16604.56164571232, 速度奖励:-10183.17878244044, 加速度奖励:-1535.8828632717202, 交通灯奖励:-4885.5, 与前车进行交互的惩罚:0.0
Episode:94/100, Reward:-16604.56164571232
Episode:94/100, avg speed:15.588792655249147
Episode:94/100, avg halt num:0.2511031907671419
Episode:94/100, avg elec cons:2.236801355848621
 Retrying in 1 seconds
Warning: Unused states in tlLogic 'J10', program '0' in phase 0 after tl-index 10
Simulation......
总奖励:-17542.042604734732, 速度奖励:-10873.220603940505, 加速度奖励:-1573.3220007940404, 交通灯奖励:-5095.5, 与前车进行交互的惩罚:0.0
Episode:95/100, Reward:-17542.042604734732
Episode:95/100, avg speed:14.830505758127657
Episode:95/100, avg halt num:0.3052486187845304
Episode:95/100, avg elec cons:2.588296363185932
 Retrying in 1 seconds
Warning: Unused states in tlLogic 'J10', program '0' in phase 0 after tl-index 10
Simulation......
总奖励:-15830.182352744616, 速度奖励:-9722.193262920415, 加速度奖励:-1502.9890898240621, 交通灯奖励:-4605.0, 与前车进行交互的惩罚:0.0
Episode:96/100, Reward:-15830.182352744616
Episode:96/100, avg speed:15.324298338310422
Episode:96/100, avg halt num:0.26897625535227715
Episode:96/100, avg elec cons:2.6003701847875718
 Retrying in 1 seconds
Warning: Unused states in tlLogic 'J10', program '0' in phase 0 after tl-index 10
Simulation......
总奖励:-17372.818325045326, 速度奖励:-10857.386625300456, 加速度奖励:-1558.4316997447577, 交通灯奖励:-4957.0, 与前车进行交互的惩罚:0.0
Episode:97/100, Reward:-17372.818325045326
Episode:97/100, avg speed:15.143156555801243
Episode:97/100, avg halt num:0.3069178628389155
Episode:97/100, avg elec cons:2.5579537793196727
 Retrying in 1 seconds
Warning: Unused states in tlLogic 'J10', program '0' in phase 0 after tl-index 10
Simulation......
总奖励:-15413.453146917562, 速度奖励:-9004.96138860032, 加速度奖励:-1519.4917583171707, 交通灯奖励:-4889.0, 与前车进行交互的惩罚:0.0
Episode:98/100, Reward:-15413.453146917562
Episode:98/100, avg speed:15.37320814506987
Episode:98/100, avg halt num:0.24669471153846154
Episode:98/100, avg elec cons:2.683110715387135
 Retrying in 1 seconds
Warning: Unused states in tlLogic 'J10', program '0' in phase 0 after tl-index 10
Simulation......
总奖励:-16772.6607593073, 速度奖励:-10037.78635266041, 加速度奖励:-1568.3744066466852, 交通灯奖励:-5166.5, 与前车进行交互的惩罚:0.0
Episode:99/100, Reward:-16772.6607593073
Episode:99/100, avg speed:15.935629138992477
Episode:99/100, avg halt num:0.2452431289640592
Episode:99/100, avg elec cons:2.2924582361206136
 Retrying in 1 seconds
Warning: Unused states in tlLogic 'J10', program '0' in phase 0 after tl-index 10
Simulation......
总奖励:-15953.080952576207, 速度奖励:-9575.673973920388, 加速度奖励:-1539.4069786556302, 交通灯奖励:-4838.0, 与前车进行交互的惩罚:0.0
Episode:100/100, Reward:-15953.080952576207
Episode:100/100, avg speed:15.929774785361804
Episode:100/100, avg halt num:0.22778537252221462
Episode:100/100, avg elec cons:2.22541525472242
model saved successfully!
Complete training!
final reward list:[-143072.35609604296, -148762.29057049478, -38773.03408048541, -16179.161978316586, -17150.942147063626, -13324.467722964473, -17303.136618486125, -15954.30906396144, -16644.356306706406, -17170.63083573174, -16972.07950339654, -16101.286921203706, -16277.840670602753, -17039.924594074124, -17730.26171009053, -17793.20509160954, -17422.984685915995, -16787.708901208476, -18353.478495881045, -16904.00629476978, -17986.234532659302, -16060.691488958715, -16136.300095237602, -16642.896851767557, -15984.421873550178, -18942.946698412394, -17276.112487387214, -17638.851525444352, -18775.05244813854, -16469.29484181731, -16776.58321446148, -17953.714715026523, -16830.384911543722, -16425.371077851138, -15924.481287606493, -17475.81698256921, -18241.918213667203, -15590.926162862075, -18300.513284014454, -17256.92181635103, -16477.467664189757, -17735.749835056904, -16779.81223576737, -17002.162837757172, -17858.09102844539, -16019.894540358184, -18201.717414842664, -17450.98004416453, -16474.106211430364, -16181.387170318027, -16396.417988979607, -17307.558161617642, -16765.33473772538, -17394.00868482049, -15591.143718141224, -17580.372263250087, -17490.680019693093, -17072.057317227704, -18489.924253213372, -16606.49788027946, -17627.99154018697, -17528.497801896487, -16876.01798118641, -17065.830470733585, -15973.532382397942, -17418.72200523546, -16710.674019528255, -16063.18180367533, -17111.32404447043, -16132.63307307669, -16120.479604819577, -17376.21908805896, -16092.485327726406, -18149.57778745654, -18930.149755700622, -15461.70790999839, -18333.080110020524, -14729.83995609434, -18107.91335524166, -16495.162648511745, -16040.15872222031, -17239.853864733348, -17209.062309037217, -16777.943899764778, -17685.743062964266, -16381.956547830989, -19429.906701223543, -18060.64306873817, -18097.632998006073, -15853.699553941568, -17491.822579944008, -17440.96151233876, -17701.468424273407, -16604.56164571232, -17542.042604734732, -15830.182352744616, -17372.818325045326, -15413.453146917562, -16772.6607593073, -15953.080952576207]
final speed list:[6.738954190052325, 6.445550898876776, 13.918399990163907, 15.182709636511374, 14.906904199969258, 15.076574494262067, 15.672831707304656, 15.721907118068222, 15.61260603065225, 15.288002096582655, 15.89529180125862, 15.716192234727759, 15.854357194891827, 15.507013687925205, 15.557271375032576, 15.373069300327401, 15.585578954891444, 14.794555400632692, 15.308024929674277, 15.634896003191493, 15.275039882653786, 15.461883165017417, 15.85476710187584, 15.611322560039861, 15.746634015375365, 15.038673065980467, 15.403019687689591, 14.769074167048899, 15.048083906319196, 15.615818858996592, 15.528427745748937, 15.08887044098304, 15.375023535743008, 15.610748726938189, 15.711766747254924, 15.277455069206308, 14.948431839616225, 15.751903163124116, 15.337045719418379, 15.404859691987161, 15.394037239076182, 15.247931042639282, 15.08131280930269, 15.402107265706972, 14.859705740391906, 15.903390973102253, 15.060928033647, 15.115186583019952, 15.81045269099611, 15.272029336724067, 15.857245650656251, 15.373520810890161, 15.513084657001627, 15.363615679979983, 15.122023898935723, 15.153427761088018, 15.113968482232954, 15.42133226045243, 15.369901112840738, 15.613105376866592, 14.941729221258212, 15.329048507861652, 15.537750135589738, 15.312995803095202, 15.700953845016414, 15.820472893857913, 15.93563130986244, 15.868230268081655, 15.659827400614969, 15.578561847838362, 15.98717683182041, 14.812716675965284, 15.705328542588939, 15.357738270875663, 15.394916810639966, 15.62493010451313, 15.205372130813078, 15.255430411607188, 15.053166079201317, 15.275691376900333, 15.478541398022788, 15.242138508724642, 15.453698172321763, 15.24011111183449, 15.656217226168094, 15.911531060600101, 14.97759893490189, 15.36745187878422, 15.037230730306746, 15.335783344474896, 14.934627779502678, 15.064684211840893, 14.959049285495311, 15.588792655249147, 14.830505758127657, 15.324298338310422, 15.143156555801243, 15.37320814506987, 15.935629138992477, 15.929774785361804]
final elec cons list:[0.6126084614373584, 0.6517442324500664, 1.786974503148666, 2.517367009221564, 2.703319886108688, 2.0642181731464935, 2.2203884265797877, 2.079249505388408, 2.1336375298153976, 2.259077692496972, 2.1748769281415834, 2.2330253321579074, 2.097573430859281, 2.3341965180839086, 2.340902195408346, 2.4607866195943955, 2.2567230991982106, 2.640183717644213, 2.3080239432832257, 2.1869991498470447, 2.5081960767694453, 2.5106830496082697, 2.1816111750817737, 2.169802592811451, 2.2384457782099165, 2.4434302201802343, 2.25898680483819, 2.623351756735204, 2.4637959942543355, 2.3474768868889053, 2.445086409395193, 2.433183159610955, 2.3223857947959687, 2.2771203727939793, 2.425363163882081, 2.372811109351036, 2.6780836083965474, 2.5259966212547953, 2.2290518779260298, 2.304557861120524, 2.3937205195942255, 2.4337672670293213, 2.5949618968333334, 2.4636903813819657, 2.508480341390593, 2.1711624275110637, 2.4480105803782024, 2.5388310500613573, 2.100946071155295, 2.238160351254081, 2.2134156042285262, 2.384768038823394, 2.204208265023344, 2.248792393601819, 2.584615779180201, 2.285073930344173, 2.656240169871933, 2.585249127212286, 2.4191696274088366, 2.18635768452116, 2.558746934298907, 2.2281950277549853, 2.176500497497203, 2.4676742147546507, 2.372156715589644, 2.108688405236595, 2.1191120800578602, 2.2122663305676373, 2.0920362713146123, 2.1346971313227523, 2.175410558116306, 2.4163623300292643, 1.9946537144975918, 2.256652030814403, 2.0776029107774527, 2.71222593025644, 2.5334068748072682, 2.6493371316393786, 2.5075077793031655, 2.3992502300082648, 2.4488986612875507, 2.6386274272754617, 2.264923702592891, 2.5407266184973842, 2.1625965237510654, 2.0609320505540314, 2.588146383828366, 2.1753230781528874, 2.450932112306184, 2.5855394060943535, 2.5330088446197654, 2.440792655990046, 2.708533599579225, 2.236801355848621, 2.588296363185932, 2.6003701847875718, 2.5579537793196727, 2.683110715387135, 2.2924582361206136, 2.22541525472242]
final halt list:[0.4202755905511811, 0.5359825721153846, 0.32379862700228834, 0.2660638707195075, 0.2549355358581789, 0.19161301859799715, 0.2540378006872852, 0.22251102709514808, 0.23307291666666666, 0.2730077574047955, 0.24024349566377584, 0.24136740331491713, 0.21852261942423284, 0.26528073916133615, 0.2854484555266096, 0.2870053272450533, 0.27031955540118097, 0.3009935117599351, 0.2838937093275488, 0.2477103120759837, 0.31074492979719187, 0.2642369020501139, 0.24195460704607047, 0.2531384208787578, 0.24483576024381984, 0.32324595219737856, 0.26616303583977513, 0.31401811445039113, 0.31733091787439616, 0.25603991596638653, 0.2675619834710744, 0.3084032012195122, 0.25762890213960016, 0.25596700596700594, 0.25251865671641793, 0.2858610384759059, 0.323510773130545, 0.2495164410058027, 0.2847871235721703, 0.26339773970105723, 0.26696461145567313, 0.28959449120122416, 0.2920753236563358, 0.27762172284644193, 0.3129404855129209, 0.2285123966942149, 0.30257142857142855, 0.2943786982248521, 0.21993720565149136, 0.2605463347164592, 0.23702277294038848, 0.27026276831976315, 0.24493071983778303, 0.26931216931216934, 0.2724458204334365, 0.28292106220443797, 0.31270424836601307, 0.28194444444444444, 0.29848310291858676, 0.2416499665998664, 0.3076923076923077, 0.2579185520361991, 0.2547586675730795, 0.28288729739917073, 0.24581361485256645, 0.24983803045027536, 0.23533311236327478, 0.2290174002047083, 0.24335022165927803, 0.24052784974093264, 0.22303595206391477, 0.2878071833648393, 0.20902380235010545, 0.28323289613612196, 0.2818455366098295, 0.25366598778004074, 0.31565757818765033, 0.2643224022125642, 0.31276678308110206, 0.2663685152057245, 0.2671232876712329, 0.29203629032258066, 0.2679195804195804, 0.2761790567545963, 0.25967085171360704, 0.2196196660482375, 0.34868968386023297, 0.2811855670103093, 0.30705904617713853, 0.26850039154267813, 0.301510989010989, 0.29704097116843703, 0.3312552831783601, 0.2511031907671419, 0.3052486187845304, 0.26897625535227715, 0.3069178628389155, 0.24669471153846154, 0.2452431289640592, 0.22778537252221462]
speed reward list:[-100153.04256971077, -104697.76894216814, -26142.337611181432, -9683.763284880417, -11657.21582844046, -9807.665928660426, -10419.055378920442, -9653.80429998048, -9980.683816500472, -10741.56612588052, -10311.763038840434, -9850.906711980413, -9630.049810320439, -10385.17615386044, -10960.850865780407, -10707.432000300476, -10654.927432560484, -10288.472131080465, -11254.056460020438, -10317.198037140439, -11227.581520920503, -9756.313973820425, -10001.499579000443, -10488.550105980474, -9914.14894014042, -11719.235969460504, -10609.35858828048, -10802.94075288048, -11438.013720060515, -10115.195001840471, -9941.28911100042, -11267.405679060495, -10143.722379240413, -10250.285727780416, -9681.893114220407, -10812.19171698051, -11090.904997140506, -9340.447788360367, -11260.759258440525, -10422.980773200463, -10166.305077900455, -10720.542395880466, -10437.258527460457, -10448.49106818044, -11135.343334860543, -9701.2603337404, -11147.706006480521, -10660.110421680443, -9733.742534520452, -10223.221898520509, -10054.958869800425, -10491.795077220431, -10086.91886160048, -10747.162542600428, -9733.960429020412, -10941.649291620502, -10847.587150980495, -10236.424293900418, -11190.401147520437, -10013.942712420458, -10954.763645760493, -10412.683473060504, -10428.495530220474, -10513.61399592045, -9610.941079260423, -10617.604320600449, -10079.335940400411, -9593.689990320396, -10485.3612533405, -9991.552865040474, -9589.965978420427, -10521.435519900464, -9572.696691660509, -11248.914146220468, -11752.098982920548, -9156.658575960386, -11297.904581880513, -9388.702245780418, -11173.745189520503, -10245.356247960493, -9992.088760140427, -10348.464480300365, -10572.027208020501, -10038.209057820408, -10722.435521220494, -9826.392237480475, -11900.634579360456, -11325.25916982054, -11254.876801560507, -9671.748249600392, -10722.657206880485, -10899.003740220434, -11056.146391440489, -10183.17878244044, -10873.220603940505, -9722.193262920415, -10857.386625300456, -9004.96138860032, -10037.78635266041, -9575.673973920388]
accel reward list:[-15660.813526332404, -15562.521628325907, -3511.196469307077, -1538.3986934360394, -1710.726318623077, -1483.301794303941, -1583.5812395654734, -1544.0047639808129, -1568.1724902058004, -1591.5647098511151, -1575.316464555925, -1553.3802092231604, -1533.7908602822256, -1557.7484402135385, -1617.910844309882, -1580.7730913088724, -1550.5572533553452, -1526.7367701278606, -1619.9220358604168, -1581.3082576291936, -1597.653011738579, -1509.8775151381287, -1549.8005162370475, -1539.846745786885, -1513.772933409546, -1615.2107289516873, -1589.2538991066094, -1598.4107725637073, -1701.0387280778161, -1502.0998399766963, -1548.2941034608682, -1594.8090359657256, -1540.662532303161, -1558.5853500705534, -1546.5881733859028, -1587.1252655885494, -1616.5132165265252, -1521.4783745015543, -1588.7540255737536, -1619.941043150418, -1543.1625862891094, -1610.7074391762326, -1541.5537083067757, -1553.1717695764867, -1592.2476935846703, -1541.1342066176248, -1608.0114083618819, -1595.8696224838648, -1547.8636769098034, -1548.6652717974086, -1521.4591191790016, -1580.7630843970155, -1553.9158761247397, -1607.8461422197825, -1501.6832891206643, -1616.2229716295035, -1574.0928687124447, -1561.6330233270505, -1618.0231056927896, -1546.0551678588392, -1578.7278944262478, -1597.3143288358729, -1574.5224509657476, -1555.2164748130117, -1551.591303137383, -1565.6176846347712, -1586.3380791276782, -1569.4918133548165, -1549.462791129714, -1526.0802080360727, -1541.013626398975, -1594.7835681583365, -1543.7886360657687, -1620.1636412358225, -1682.5507727798808, -1502.549334037877, -1611.6755281398423, -1480.1377103138227, -1565.668165720968, -1521.3064005510503, -1500.5699620797784, -1554.8893844327558, -1577.535101016547, -1592.2348419441573, -1592.8075417435505, -1513.5643103503894, -1656.2721218627878, -1617.8838989174276, -1585.256196445318, -1518.4513043410461, -1580.1653730633352, -1582.9577721181172, -1580.8220328326624, -1535.8828632717202, -1573.3220007940404, -1502.9890898240621, -1558.4316997447577, -1519.4917583171707, -1568.3744066466852, -1539.4069786556302]
tls reward list:[-27258.5, -28502.0, -9119.5, -4957.0, -3783.0, -2033.5, -5300.5, -4756.5, -5095.5, -4837.5, -5085.0, -4697.0, -5114.0, -5097.0, -5151.5, -5505.0, -5217.5, -4972.5, -5479.5, -5005.5, -5161.0, -4794.5, -4585.0, -4614.5, -4556.5, -5608.5, -5077.5, -5237.5, -5636.0, -4852.0, -5287.0, -5091.5, -5146.0, -4616.5, -4696.0, -5076.5, -5534.5, -4729.0, -5451.0, -5214.0, -4768.0, -5404.5, -4801.0, -5000.5, -5130.5, -4777.5, -5446.0, -5195.0, -5192.5, -4409.5, -4820.0, -5235.0, -5124.5, -5039.0, -4355.5, -5022.5, -5069.0, -5274.0, -5681.5, -5046.5, -5094.5, -5518.5, -4873.0, -4997.0, -4811.0, -5235.5, -5045.0, -4900.0, -5076.5, -4615.0, -4989.5, -5260.0, -4976.0, -5280.5, -5495.5, -4802.5, -5423.5, -3861.0, -5368.5, -4728.5, -4547.5, -5336.5, -5059.5, -5147.5, -5370.5, -5042.0, -5873.0, -5117.5, -5257.5, -4663.5, -5189.0, -4959.0, -5064.5, -4885.5, -5095.5, -4605.0, -4957.0, -4889.0, -5166.5, -4838.0]
extra reward list:[0.0, 0.0, 0.0, 0.0, 0.0, 0.0, 0.0, 0.0, 0.0, 0.0, 0.0, 0.0, 0.0, 0.0, 0.0, 0.0, 0.0, 0.0, 0.0, 0.0, 0.0, 0.0, 0.0, 0.0, 0.0, 0.0, 0.0, 0.0, 0.0, 0.0, 0.0, 0.0, 0.0, 0.0, 0.0, 0.0, 0.0, 0.0, 0.0, 0.0, 0.0, 0.0, 0.0, 0.0, 0.0, 0.0, 0.0, 0.0, 0.0, 0.0, 0.0, 0.0, 0.0, 0.0, 0.0, 0.0, 0.0, 0.0, 0.0, 0.0, 0.0, 0.0, 0.0, 0.0, 0.0, 0.0, 0.0, 0.0, 0.0, 0.0, 0.0, 0.0, 0.0, 0.0, 0.0, 0.0, 0.0, 0.0, 0.0, 0.0, 0.0, 0.0, 0.0, 0.0, 0.0, 0.0, 0.0, 0.0, 0.0, 0.0, 0.0, 0.0, 0.0, 0.0, 0.0, 0.0, 0.0, 0.0, 0.0, 0.0]
