nohup: 忽略输入
Env:sumo, Algorithm:TD3, Device:cuda
-----------------------------------------
models/reward_s9e-3_a4e-2_t(-1_0.1).pth
-----------------------------------------
 Retrying in 1 seconds
Warning: Unused states in tlLogic 'J10', program '0' in phase 0 after tl-index 10
Simulation......
总奖励:-18759.908042679283, 速度奖励:-11110.169699997787, 加速度奖励:-711.2383426792711, 交通灯奖励:-6938.5, 与前车进行交互的惩罚:0.0
Episode:1/100, Reward:-18759.908042679283
Episode:1/100, avg speed:14.437917980568516
Episode:1/100, avg halt num:0.3433744722312439
Episode:1/100, avg elec cons:1.762902998089894
 Retrying in 1 seconds
Warning: Unused states in tlLogic 'J10', program '0' in phase 0 after tl-index 10
Simulation......
总奖励:-22163.328132251594, 速度奖励:-12992.994899997198, 加速度奖励:-681.333232250229, 交通灯奖励:-8489.0, 与前车进行交互的惩罚:0.0
Episode:2/100, Reward:-22163.328132251594
Episode:2/100, avg speed:14.017458994774065
Episode:2/100, avg halt num:0.4596020761245675
Episode:2/100, avg elec cons:1.8991220424325361
 Retrying in 1 seconds
Warning: Unused states in tlLogic 'J10', program '0' in phase 0 after tl-index 10
Simulation......
总奖励:-22461.28705989148, 速度奖励:-13226.62949999671, 加速度奖励:-1200.6575598913312, 交通灯奖励:-8034.0, 与前车进行交互的惩罚:0.0
Episode:3/100, Reward:-22461.28705989148
Episode:3/100, avg speed:13.11116390902945
Episode:3/100, avg halt num:0.2947343895619758
Episode:3/100, avg elec cons:1.5580082542779377
 Retrying in 1 seconds
Warning: Unused states in tlLogic 'J10', program '0' in phase 0 after tl-index 10
Simulation......
总奖励:-17060.20841487619, 速度奖励:-14644.669499996722, 加速度奖励:-472.03891487683575, 交通灯奖励:-1943.5, 与前车进行交互的惩罚:0.0
Episode:4/100, Reward:-17060.20841487619
Episode:4/100, avg speed:10.82611851716991
Episode:4/100, avg halt num:0.3362823439878234
Episode:4/100, avg elec cons:0.7161101784814186
 Retrying in 1 seconds
Warning: Unused states in tlLogic 'J10', program '0' in phase 0 after tl-index 10
Simulation......
总奖励:-11942.147699058767, 速度奖励:-13380.034499996973, 加速度奖励:-586.1131990594263, 交通灯奖励:2024.0, 与前车进行交互的惩罚:0.0
Episode:5/100, Reward:-11942.147699058767
Episode:5/100, avg speed:11.516803387216916
Episode:5/100, avg halt num:0.3196512539184953
Episode:5/100, avg elec cons:0.9599374521713433
 Retrying in 1 seconds
Warning: Unused states in tlLogic 'J10', program '0' in phase 0 after tl-index 10
Simulation......
总奖励:-10838.065761497963, 速度奖励:-11637.763199997647, 加速度奖励:-729.8025614984734, 交通灯奖励:1529.5, 与前车进行交互的惩罚:0.0
Episode:6/100, Reward:-10838.065761497963
Episode:6/100, avg speed:12.707356596000832
Episode:6/100, avg halt num:0.21746166950596252
Episode:6/100, avg elec cons:0.9251961896553667
 Retrying in 1 seconds
Warning: Unused states in tlLogic 'J10', program '0' in phase 0 after tl-index 10
Simulation......
总奖励:-9220.34306348481, 速度奖励:-9975.381299998116, 加速度奖励:-763.9617634850362, 交通灯奖励:1519.0, 与前车进行交互的惩罚:0.0
Episode:7/100, Reward:-9220.34306348481
Episode:7/100, avg speed:13.826306448145422
Episode:7/100, avg halt num:0.14454576156703816
Episode:7/100, avg elec cons:1.077194071194284
 Retrying in 1 seconds
Warning: Unused states in tlLogic 'J10', program '0' in phase 0 after tl-index 10
Simulation......
总奖励:-11432.709707478005, 速度奖励:-11363.20739999766, 加速度奖励:-857.5023074784204, 交通灯奖励:788.0, 与前车进行交互的惩罚:0.0
Episode:8/100, Reward:-11432.709707478005
Episode:8/100, avg speed:13.098948664341437
Episode:8/100, avg halt num:0.1653621853898097
Episode:8/100, avg elec cons:0.9125865903936867
 Retrying in 1 seconds
Warning: Unused states in tlLogic 'J10', program '0' in phase 0 after tl-index 10
Simulation......
总奖励:-10205.213906802657, 速度奖励:-10418.075999998027, 加速度奖励:-868.1379068029352, 交通灯奖励:1081.0, 与前车进行交互的惩罚:0.0
Episode:9/100, Reward:-10205.213906802657
Episode:9/100, avg speed:13.334741015612485
Episode:9/100, avg halt num:0.13788987905792488
Episode:9/100, avg elec cons:1.04752262351237
 Retrying in 1 seconds
Warning: Unused states in tlLogic 'J10', program '0' in phase 0 after tl-index 10
Simulation......
总奖励:-9961.42640351158, 速度奖励:-10963.53719999772, 加速度奖励:-900.3892035117486, 交通灯奖励:1902.5, 与前车进行交互的惩罚:0.0
Episode:10/100, Reward:-9961.42640351158
Episode:10/100, avg speed:12.938532851494887
Episode:10/100, avg halt num:0.14150630391506303
Episode:10/100, avg elec cons:0.9975636850936646
 Retrying in 1 seconds
Warning: Unused states in tlLogic 'J10', program '0' in phase 0 after tl-index 10
Simulation......
总奖励:-15223.382862808334, 速度奖励:-15477.038099996256, 加速度奖励:-1370.8447628090216, 交通灯奖励:1624.5, 与前车进行交互的惩罚:0.0
Episode:11/100, Reward:-15223.382862808334
Episode:11/100, avg speed:11.445727540172083
Episode:11/100, avg halt num:0.23818960050729232
Episode:11/100, avg elec cons:0.7553711927519898
 Retrying in 1 seconds
Warning: Unused states in tlLogic 'J10', program '0' in phase 0 after tl-index 10
Simulation......
总奖励:-7020.837801890172, 速度奖励:-8260.129799998624, 加速度奖励:-884.7080018903022, 交通灯奖励:2124.0, 与前车进行交互的惩罚:0.0
Episode:12/100, Reward:-7020.837801890172
Episode:12/100, avg speed:14.06950956144876
Episode:12/100, avg halt num:0.08090753424657535
Episode:12/100, avg elec cons:1.483839805934242
 Retrying in 1 seconds
Warning: Unused states in tlLogic 'J10', program '0' in phase 0 after tl-index 10
Simulation......
总奖励:-10796.784175401242, 速度奖励:-12074.170499997446, 加速度奖励:-1033.6136754015295, 交通灯奖励:2311.0, 与前车进行交互的惩罚:0.0
Episode:13/100, Reward:-10796.784175401242
Episode:13/100, avg speed:12.69077178561065
Episode:13/100, avg halt num:0.14910659272951324
Episode:13/100, avg elec cons:0.8130613632487121
 Retrying in 1 seconds
Warning: Unused states in tlLogic 'J10', program '0' in phase 0 after tl-index 10
Simulation......
总奖励:-6637.56244026874, 速度奖励:-8773.460999998482, 加速度奖励:-899.1014402688032, 交通灯奖励:3035.0, 与前车进行交互的惩罚:0.0
Episode:14/100, Reward:-6637.56244026874
Episode:14/100, avg speed:14.00639132246994
Episode:14/100, avg halt num:0.03645652926913751
Episode:14/100, avg elec cons:1.38308504141477
 Retrying in 1 seconds
Warning: Unused states in tlLogic 'J10', program '0' in phase 0 after tl-index 10
Simulation......
总奖励:-7223.183632433863, 速度奖励:-9914.042699998217, 加速度奖励:-728.6409324339056, 交通灯奖励:3419.5, 与前车进行交互的惩罚:0.0
Episode:15/100, Reward:-7223.183632433863
Episode:15/100, avg speed:13.62219560885036
Episode:15/100, avg halt num:0.04382396449704142
Episode:15/100, avg elec cons:1.1881458151598954
 Retrying in 1 seconds
Warning: Unused states in tlLogic 'J10', program '0' in phase 0 after tl-index 10
Simulation......
总奖励:-5633.245399197834, 速度奖励:-8086.499099998676, 加速度奖励:-775.7462991978427, 交通灯奖励:3229.0, 与前车进行交互的惩罚:0.0
Episode:16/100, Reward:-5633.245399197834
Episode:16/100, avg speed:13.863887181261127
Episode:16/100, avg halt num:0.00993625796775403
Episode:16/100, avg elec cons:1.6619422091876186
 Retrying in 1 seconds
Warning: Unused states in tlLogic 'J10', program '0' in phase 0 after tl-index 10
Simulation......
总奖励:-12363.847821892, 速度奖励:-11237.893199997956, 加速度奖励:-945.9546218922424, 交通灯奖励:-180.0, 与前车进行交互的惩罚:0.0
Episode:17/100, Reward:-12363.847821892
Episode:17/100, avg speed:13.003411379076962
Episode:17/100, avg halt num:0.1153649386084584
Episode:17/100, avg elec cons:1.1152659579577773
 Retrying in 1 seconds
Warning: Unused states in tlLogic 'J10', program '0' in phase 0 after tl-index 10
Simulation......
总奖励:-6734.2105092584725, 速度奖励:-8504.626499998565, 加速度奖励:-767.5840092584882, 交通灯奖励:2538.0, 与前车进行交互的惩罚:0.0
Episode:18/100, Reward:-6734.2105092584725
Episode:18/100, avg speed:13.38618803608631
Episode:18/100, avg halt num:0.019441069258809233
Episode:18/100, avg elec cons:2.2552549593304287
 Retrying in 1 seconds
Warning: Unused states in tlLogic 'J10', program '0' in phase 0 after tl-index 10
Simulation......
总奖励:-6459.711826563598, 速度奖励:-8852.80589999846, 加速度奖励:-732.9059265636771, 交通灯奖励:3126.0, 与前车进行交互的惩罚:0.0
Episode:19/100, Reward:-6459.711826563598
Episode:19/100, avg speed:14.088217443317115
Episode:19/100, avg halt num:0.02959697732997481
Episode:19/100, avg elec cons:2.152073991684624
 Retrying in 1 seconds
Warning: Unused states in tlLogic 'J10', program '0' in phase 0 after tl-index 10
Simulation......
总奖励:-5615.077029726306, 速度奖励:-8071.5275999986825, 加速度奖励:-726.5494297263872, 交通灯奖励:3183.0, 与前车进行交互的惩罚:0.0
Episode:20/100, Reward:-5615.077029726306
Episode:20/100, avg speed:14.479888979342052
Episode:20/100, avg halt num:0.009025885558583106
Episode:20/100, avg elec cons:2.3180700024387453
 Retrying in 1 seconds
Warning: Unused states in tlLogic 'J10', program '0' in phase 0 after tl-index 10
Simulation......
总奖励:-5876.685023402321, 速度奖励:-8088.756299998676, 加速度奖励:-681.4287234024043, 交通灯奖励:2893.5, 与前车进行交互的惩罚:0.0
Episode:21/100, Reward:-5876.685023402321
Episode:21/100, avg speed:14.327944756083332
Episode:21/100, avg halt num:0.0087890625
Episode:21/100, avg elec cons:2.6098089048211244
 Retrying in 1 seconds
Warning: Unused states in tlLogic 'J10', program '0' in phase 0 after tl-index 10
Simulation......
总奖励:-5766.58713864192, 速度奖励:-7905.25799999875, 加速度奖励:-678.8291386420082, 交通灯奖励:2817.5, 与前车进行交互的惩罚:0.0
Episode:22/100, Reward:-5766.58713864192
Episode:22/100, avg speed:14.468048997702777
Episode:22/100, avg halt num:0.008460076045627377
Episode:22/100, avg elec cons:2.6764604233955147
 Retrying in 1 seconds
Warning: Unused states in tlLogic 'J10', program '0' in phase 0 after tl-index 10
Simulation......
总奖励:-5885.214472124603, 速度奖励:-8027.698499998701, 加速度奖励:-865.5159721246937, 交通灯奖励:3008.0, 与前车进行交互的惩罚:0.0
Episode:23/100, Reward:-5885.214472124603
Episode:23/100, avg speed:14.91422016110048
Episode:23/100, avg halt num:0.021199324324324323
Episode:23/100, avg elec cons:2.3340140364813347
 Retrying in 1 seconds
Warning: Unused states in tlLogic 'J10', program '0' in phase 0 after tl-index 10
Simulation......
总奖励:-6023.187591400174, 速度奖励:-7982.494199998719, 加速度奖励:-722.1933914002763, 交通灯奖励:2681.5, 与前车进行交互的惩罚:0.0
Episode:24/100, Reward:-6023.187591400174
Episode:24/100, avg speed:14.80941778552086
Episode:24/100, avg halt num:0.04665898617511521
Episode:24/100, avg elec cons:2.2325079052625254
 Retrying in 1 seconds
Warning: Unused states in tlLogic 'J10', program '0' in phase 0 after tl-index 10
Simulation......
总奖励:-7929.6166817160565, 速度奖励:-9296.670599998364, 加速度奖励:-1348.9460817160714, 交通灯奖励:2716.0, 与前车进行交互的惩罚:0.0
Episode:25/100, Reward:-7929.6166817160565
Episode:25/100, avg speed:13.975262231561087
Episode:25/100, avg halt num:0.02763819095477387
Episode:25/100, avg elec cons:2.094621453771068
 Retrying in 1 seconds
Warning: Unused states in tlLogic 'J10', program '0' in phase 0 after tl-index 10
Simulation......
总奖励:-6907.053249405691, 速度奖励:-8664.49979999852, 加速度奖励:-1008.5534494057175, 交通灯奖励:2766.0, 与前车进行交互的惩罚:0.0
Episode:26/100, Reward:-6907.053249405691
Episode:26/100, avg speed:13.691656279417872
Episode:26/100, avg halt num:0.030624036979969183
Episode:26/100, avg elec cons:1.7607989608015675
 Retrying in 1 seconds
Warning: Unused states in tlLogic 'J10', program '0' in phase 0 after tl-index 10
Simulation......
总奖励:-9215.142122995921, 速度奖励:-8310.572999998632, 加速度奖励:-787.5691229961086, 交通灯奖励:-117.0, 与前车进行交互的惩罚:0.0
Episode:27/100, Reward:-9215.142122995921
Episode:27/100, avg speed:14.342324108400584
Episode:27/100, avg halt num:0.12204319506342132
Episode:27/100, avg elec cons:1.4933430148163431
 Retrying in 1 seconds
Warning: Unused states in tlLogic 'J10', program '0' in phase 0 after tl-index 10
Simulation......
总奖励:-10557.35774655878, 速度奖励:-8640.845099998542, 加速度奖励:-943.512646558989, 交通灯奖励:-973.0, 与前车进行交互的惩罚:0.0
Episode:28/100, Reward:-10557.35774655878
Episode:28/100, avg speed:13.169199208102569
Episode:28/100, avg halt num:0.1075910931174089
Episode:28/100, avg elec cons:1.5191450250393221
 Retrying in 1 seconds
Warning: Unused states in tlLogic 'J10', program '0' in phase 0 after tl-index 10
Simulation......
总奖励:-6365.714808267401, 速度奖励:-8323.135199998604, 加速度奖励:-873.579608267389, 交通灯奖励:2831.0, 与前车进行交互的惩罚:0.0
Episode:29/100, Reward:-6365.714808267401
Episode:29/100, avg speed:13.606955579934397
Episode:29/100, avg halt num:0.05612045365662886
Episode:29/100, avg elec cons:1.6479093957965407
 Retrying in 1 seconds
Warning: Unused states in tlLogic 'J10', program '0' in phase 0 after tl-index 10
Simulation......
总奖励:-9737.98974715532, 速度奖励:-11250.28259999794, 加速度奖励:-1099.207147155567, 交通灯奖励:2611.5, 与前车进行交互的惩罚:0.0
Episode:30/100, Reward:-9737.98974715532
Episode:30/100, avg speed:12.44330019659502
Episode:30/100, avg halt num:0.14675566069618115
Episode:30/100, avg elec cons:1.0620300008755492
 Retrying in 1 seconds
Warning: Unused states in tlLogic 'J10', program '0' in phase 0 after tl-index 10
Simulation......
总奖励:-9096.027072193177, 速度奖励:-11151.262799997907, 加速度奖励:-954.7642721933673, 交通灯奖励:3010.0, 与前车进行交互的惩罚:0.0
Episode:31/100, Reward:-9096.027072193177
Episode:31/100, avg speed:12.474821552786597
Episode:31/100, avg halt num:0.11225616488774383
Episode:31/100, avg elec cons:1.0467721521493247
 Retrying in 1 seconds
Warning: Unused states in tlLogic 'J10', program '0' in phase 0 after tl-index 10
Simulation......
总奖励:-5656.379712023955, 速度奖励:-8238.153599998614, 加速度奖励:-711.7261120239364, 交通灯奖励:3293.5, 与前车进行交互的惩罚:0.0
Episode:32/100, Reward:-5656.379712023955
Episode:32/100, avg speed:13.224898435361041
Episode:32/100, avg halt num:0.02146323254945875
Episode:32/100, avg elec cons:1.6258988054001808
 Retrying in 1 seconds
Warning: Unused states in tlLogic 'J10', program '0' in phase 0 after tl-index 10
Simulation......
总奖励:-8614.36859372998, 速度奖励:-11225.893499997985, 加速度奖励:-788.4750937301549, 交通灯奖励:3400.0, 与前车进行交互的惩罚:0.0
Episode:33/100, Reward:-8614.36859372998
Episode:33/100, avg speed:12.283711153848152
Episode:33/100, avg halt num:0.13477437133999312
Episode:33/100, avg elec cons:1.0964876639819103
 Retrying in 1 seconds
Warning: Unused states in tlLogic 'J10', program '0' in phase 0 after tl-index 10
Simulation......
总奖励:-4762.897077569336, 速度奖励:-7662.2228999988465, 加速度奖励:-575.6741775693442, 交通灯奖励:3475.0, 与前车进行交互的惩罚:0.0
Episode:34/100, Reward:-4762.897077569336
Episode:34/100, avg speed:14.04776815319101
Episode:34/100, avg halt num:0.0031141868512110727
Episode:34/100, avg elec cons:1.6251358212671274
 Retrying in 1 seconds
Warning: Unused states in tlLogic 'J10', program '0' in phase 0 after tl-index 10
Simulation......
总奖励:-5600.53894816246, 速度奖励:-8110.0232999986665, 加速度奖励:-678.5156481625038, 交通灯奖励:3188.0, 与前车进行交互的惩罚:0.0
Episode:35/100, Reward:-5600.53894816246
Episode:35/100, avg speed:14.240442106049223
Episode:35/100, avg halt num:0.00777489818585709
Episode:35/100, avg elec cons:2.1573279965915573
 Retrying in 1 seconds
Warning: Unused states in tlLogic 'J10', program '0' in phase 0 after tl-index 10
Simulation......
总奖励:-8627.39055676263, 速度奖励:-11823.788699997514, 加速度奖励:-896.6018567627302, 交通灯奖励:4093.0, 与前车进行交互的惩罚:0.0
Episode:36/100, Reward:-8627.39055676263
Episode:36/100, avg speed:12.032051514065277
Episode:36/100, avg halt num:0.08707283396617191
Episode:36/100, avg elec cons:0.8016640648870355
 Retrying in 1 seconds
Warning: Unused states in tlLogic 'J10', program '0' in phase 0 after tl-index 10
Simulation......
总奖励:-11906.974333155391, 速度奖励:-13931.826299996887, 加速度奖励:-1074.6480331557095, 交通灯奖励:3099.5, 与前车进行交互的惩罚:0.0
Episode:37/100, Reward:-11906.974333155391
Episode:37/100, avg speed:10.402205442615559
Episode:37/100, avg halt num:0.1965427657873701
Episode:37/100, avg elec cons:0.8219871174720308
 Retrying in 1 seconds
Warning: Unused states in tlLogic 'J10', program '0' in phase 0 after tl-index 10
Simulation......
总奖励:-10311.197415179538, 速度奖励:-12297.826799997621, 加速度奖励:-1372.8706151798222, 交通灯奖励:3359.5, 与前车进行交互的惩罚:0.0
Episode:38/100, Reward:-10311.197415179538
Episode:38/100, avg speed:11.574920352549388
Episode:38/100, avg halt num:0.15684051398337112
Episode:38/100, avg elec cons:0.9673292858582525
 Retrying in 1 seconds
Warning: Unused states in tlLogic 'J10', program '0' in phase 0 after tl-index 10
Simulation......
总奖励:-8169.9418726021, 速度奖励:-10881.20339999792, 加速度奖励:-816.7384726022148, 交通灯奖励:3528.0, 与前车进行交互的惩罚:0.0
Episode:39/100, Reward:-8169.9418726021
Episode:39/100, avg speed:12.591726638674839
Episode:39/100, avg halt num:0.09464774281805746
Episode:39/100, avg elec cons:0.9892815047744639
 Retrying in 1 seconds
Warning: Unused states in tlLogic 'J10', program '0' in phase 0 after tl-index 10
Simulation......
总奖励:-6166.322804004414, 速度奖励:-8955.955799998479, 加速度奖励:-630.8670040044193, 交通灯奖励:3420.5, 与前车进行交互的惩罚:0.0
Episode:40/100, Reward:-6166.322804004414
Episode:40/100, avg speed:13.46455905452726
Episode:40/100, avg halt num:0.020518358531317494
Episode:40/100, avg elec cons:1.4511685491922195
 Retrying in 1 seconds
Warning: Unused states in tlLogic 'J10', program '0' in phase 0 after tl-index 10
Simulation......
总奖励:-6766.631864857715, 速度奖励:-9719.159399998243, 加速度奖励:-837.472464857713, 交通灯奖励:3790.0, 与前车进行交互的惩罚:0.0
Episode:41/100, Reward:-6766.631864857715
Episode:41/100, avg speed:12.885407274790278
Episode:41/100, avg halt num:0.02929756441934345
Episode:41/100, avg elec cons:1.195701305219118
 Retrying in 1 seconds
Warning: Unused states in tlLogic 'J10', program '0' in phase 0 after tl-index 10
Simulation......
总奖励:-8304.331672609054, 速度奖励:-10444.627799998207, 加速度奖励:-1017.2038726090763, 交通灯奖励:3157.5, 与前车进行交互的惩罚:0.0
Episode:42/100, Reward:-8304.331672609054
Episode:42/100, avg speed:12.568904907810092
Episode:42/100, avg halt num:0.06804454511136278
Episode:42/100, avg elec cons:1.3514347257545891
 Retrying in 1 seconds
Warning: Unused states in tlLogic 'J10', program '0' in phase 0 after tl-index 10
Simulation......
总奖励:-6897.713744933162, 速度奖励:-8858.455199998552, 加速度奖励:-830.2585449331146, 交通灯奖励:2791.0, 与前车进行交互的惩罚:0.0
Episode:43/100, Reward:-6897.713744933162
Episode:43/100, avg speed:13.057267132042346
Episode:43/100, avg halt num:0.03367624223602485
Episode:43/100, avg elec cons:1.3882722770909064
 Retrying in 1 seconds
Warning: Unused states in tlLogic 'J10', program '0' in phase 0 after tl-index 10
Simulation......
总奖励:-5480.950749710931, 速度奖励:-8043.722999998692, 加速度奖励:-827.2277497109011, 交通灯奖励:3390.0, 与前车进行交互的惩罚:0.0
Episode:44/100, Reward:-5480.950749710931
Episode:44/100, avg speed:13.571157657775746
Episode:44/100, avg halt num:0.009561826958782027
Episode:44/100, avg elec cons:1.5756838840680676
 Retrying in 1 seconds
Warning: Unused states in tlLogic 'J10', program '0' in phase 0 after tl-index 10
Simulation......
总奖励:-5469.476868700064, 速度奖励:-8112.306599998665, 加速度奖励:-668.1702687000674, 交通灯奖励:3311.0, 与前车进行交互的惩罚:0.0
Episode:45/100, Reward:-5469.476868700064
Episode:45/100, avg speed:13.26514937113129
Episode:45/100, avg halt num:0.005434782608695652
Episode:45/100, avg elec cons:1.62311326317796
 Retrying in 1 seconds
Warning: Unused states in tlLogic 'J10', program '0' in phase 0 after tl-index 10
Simulation......
总奖励:-7401.550407885986, 速度奖励:-9943.18829999838, 加速度奖励:-747.3621078860913, 交通灯奖励:3289.0, 与前车进行交互的惩罚:0.0
Episode:46/100, Reward:-7401.550407885986
Episode:46/100, avg speed:13.171694911635907
Episode:46/100, avg halt num:0.07822580645161291
Episode:46/100, avg elec cons:1.0940271169943165
 Retrying in 1 seconds
Warning: Unused states in tlLogic 'J10', program '0' in phase 0 after tl-index 10
Simulation......
总奖励:-5835.5799444812355, 速度奖励:-8572.871699998583, 加速度奖励:-845.2082444812138, 交通灯奖励:3582.5, 与前车进行交互的惩罚:0.0
Episode:47/100, Reward:-5835.5799444812355
Episode:47/100, avg speed:13.343314254649394
Episode:47/100, avg halt num:0.01092690278824416
Episode:47/100, avg elec cons:1.5082746749106126
 Retrying in 1 seconds
Warning: Unused states in tlLogic 'J10', program '0' in phase 0 after tl-index 10
Simulation......
总奖励:-11823.18442797467, 速度奖励:-15038.873999996187, 加速度奖励:-999.8104279750241, 交通灯奖励:4215.5, 与前车进行交互的惩罚:0.0
Episode:48/100, Reward:-11823.18442797467
Episode:48/100, avg speed:10.697049381425398
Episode:48/100, avg halt num:0.1843501326259947
Episode:48/100, avg elec cons:0.7956703523968233
 Retrying in 1 seconds
Warning: Unused states in tlLogic 'J10', program '0' in phase 0 after tl-index 10
Simulation......
总奖励:-8642.041123252799, 速度奖励:-11967.634799998026, 加速度奖励:-915.4063232528173, 交通灯奖励:4241.0, 与前车进行交互的惩罚:0.0
Episode:49/100, Reward:-8642.041123252799
Episode:49/100, avg speed:12.562567919564717
Episode:49/100, avg halt num:0.05991607087348461
Episode:49/100, avg elec cons:0.9156011566173566
 Retrying in 1 seconds
Warning: Unused states in tlLogic 'J10', program '0' in phase 0 after tl-index 10
Simulation......
总奖励:-4854.974942652817, 速度奖励:-7228.7477999990215, 加速度奖励:-827.7271426528207, 交通灯奖励:3201.5, 与前车进行交互的惩罚:0.0
Episode:50/100, Reward:-4854.974942652817
Episode:50/100, avg speed:13.807530724843993
Episode:50/100, avg halt num:0.0162292817679558
Episode:50/100, avg elec cons:1.4783853652213825
 Retrying in 1 seconds
Warning: Unused states in tlLogic 'J10', program '0' in phase 0 after tl-index 10
Simulation......
总奖励:-5581.995175541788, 速度奖励:-8023.5710999986995, 加速度奖励:-770.424075541793, 交通灯奖励:3212.0, 与前车进行交互的惩罚:0.0
Episode:51/100, Reward:-5581.995175541788
Episode:51/100, avg speed:13.860179938984006
Episode:51/100, avg halt num:0.043721236028928336
Episode:51/100, avg elec cons:1.4599840808780078
 Retrying in 1 seconds
Warning: Unused states in tlLogic 'J10', program '0' in phase 0 after tl-index 10
Simulation......
总奖励:-4871.669434270018, 速度奖励:-7354.6892999989705, 加速度奖励:-698.4801342700567, 交通灯奖励:3181.5, 与前车进行交互的惩罚:0.0
Episode:52/100, Reward:-4871.669434270018
Episode:52/100, avg speed:13.603554426769518
Episode:52/100, avg halt num:0.045405982905982904
Episode:52/100, avg elec cons:1.5047332974513625
 Retrying in 1 seconds
Warning: Unused states in tlLogic 'J10', program '0' in phase 0 after tl-index 10
Simulation......
总奖励:-7133.8021124664, 速度奖励:-10626.646499997903, 加速度奖励:-811.6556124663755, 交通灯奖励:4304.5, 与前车进行交互的惩罚:0.0
Episode:53/100, Reward:-7133.8021124664
Episode:53/100, avg speed:12.536733488993036
Episode:53/100, avg halt num:0.011048812664907651
Episode:53/100, avg elec cons:0.9477294540995852
 Retrying in 1 seconds
Warning: Unused states in tlLogic 'J10', program '0' in phase 0 after tl-index 10
Simulation......
总奖励:-7331.524840924308, 速度奖励:-10494.211499998248, 加速度奖励:-860.8133409243085, 交通灯奖励:4023.5, 与前车进行交互的惩罚:0.0
Episode:54/100, Reward:-7331.524840924308
Episode:54/100, avg speed:12.608129970571536
Episode:54/100, avg halt num:0.023100616016427104
Episode:54/100, avg elec cons:1.1543051305355119
 Retrying in 1 seconds
Warning: Unused states in tlLogic 'J10', program '0' in phase 0 after tl-index 10
Simulation......
总奖励:-7536.448359890742, 速度奖励:-10069.882199998203, 加速度奖励:-813.0661598907952, 交通灯奖励:3346.5, 与前车进行交互的惩罚:0.0
Episode:55/100, Reward:-7536.448359890742
Episode:55/100, avg speed:11.80882794367829
Episode:55/100, avg halt num:0.09020423600605143
Episode:55/100, avg elec cons:1.2197977473045993
 Retrying in 1 seconds
Warning: Unused states in tlLogic 'J10', program '0' in phase 0 after tl-index 10
Simulation......
总奖励:-14289.774806519961, 速度奖励:-16572.52169999619, 加速度奖励:-880.7531065205312, 交通灯奖励:3163.5, 与前车进行交互的惩罚:0.0
Episode:56/100, Reward:-14289.774806519961
Episode:56/100, avg speed:10.89943256481921
Episode:56/100, avg halt num:0.24550484094052558
Episode:56/100, avg elec cons:0.7289788193508255
 Retrying in 1 seconds
Warning: Unused states in tlLogic 'J10', program '0' in phase 0 after tl-index 10
Simulation......
总奖励:-11877.238026654528, 速度奖励:-14003.15399999676, 加速度奖励:-899.0840266547686, 交通灯奖励:3025.0, 与前车进行交互的惩罚:0.0
Episode:57/100, Reward:-11877.238026654528
Episode:57/100, avg speed:10.312101770414092
Episode:57/100, avg halt num:0.09779559118236474
Episode:57/100, avg elec cons:1.0564474151715926
 Retrying in 1 seconds
Warning: Unused states in tlLogic 'J10', program '0' in phase 0 after tl-index 10
Simulation......
总奖励:-9813.771703978557, 速度奖励:-12284.363699997513, 加速度奖励:-1103.4080039788291, 交通灯奖励:3574.0, 与前车进行交互的惩罚:0.0
Episode:58/100, Reward:-9813.771703978557
Episode:58/100, avg speed:11.097270245436409
Episode:58/100, avg halt num:0.1238929534077782
Episode:58/100, avg elec cons:1.1730938668531599
 Retrying in 1 seconds
Warning: Unused states in tlLogic 'J10', program '0' in phase 0 after tl-index 10
Simulation......
总奖励:-20089.45602718988, 速度奖励:-19978.518600001455, 加速度奖励:-1315.9374271892239, 交通灯奖励:1205.0, 与前车进行交互的惩罚:0.0
Episode:59/100, Reward:-20089.45602718988
Episode:59/100, avg speed:9.725947516436221
Episode:59/100, avg halt num:0.3073607427055703
Episode:59/100, avg elec cons:0.5613961880212319
 Retrying in 1 seconds
Warning: Unused states in tlLogic 'J10', program '0' in phase 0 after tl-index 10
Simulation......
总奖励:-25356.81869520746, 速度奖励:-23698.230300007475, 加速度奖励:-1891.0883952058448, 交通灯奖励:232.5, 与前车进行交互的惩罚:0.0
Episode:60/100, Reward:-25356.81869520746
Episode:60/100, avg speed:8.604183203920183
Episode:60/100, avg halt num:0.38936996118244255
Episode:60/100, avg elec cons:0.487887428946867
 Retrying in 1 seconds
Warning: Unused states in tlLogic 'J10', program '0' in phase 0 after tl-index 10
Simulation......
总奖励:-54172.5402026973, 速度奖励:-36326.54160002765, 加速度奖励:-2500.4986026917118, 交通灯奖励:-15345.5, 与前车进行交互的惩罚:0.0
Episode:61/100, Reward:-54172.5402026973
Episode:61/100, avg speed:6.186897061881272
Episode:61/100, avg halt num:0.8120725034199726
Episode:61/100, avg elec cons:0.4770934357426807
 Retrying in 1 seconds
Warning: Unused states in tlLogic 'J10', program '0' in phase 0 after tl-index 10
Simulation......
总奖励:-62978.69169064645, 速度奖励:-36871.180200028466, 加速度奖励:-3610.0114906424583, 交通灯奖励:-22497.5, 与前车进行交互的惩罚:0.0
Episode:62/100, Reward:-62978.69169064645
Episode:62/100, avg speed:6.514969309034616
Episode:62/100, avg halt num:0.5245291616038882
Episode:62/100, avg elec cons:0.4732909917097543
 Retrying in 1 seconds
Warning: Unused states in tlLogic 'J10', program '0' in phase 0 after tl-index 10
Simulation......
总奖励:-59933.77444015217, 速度奖励:-35224.93170002593, 加速度奖励:-3149.342740148964, 交通灯奖励:-21559.5, 与前车进行交互的惩罚:0.0
Episode:63/100, Reward:-59933.77444015217
Episode:63/100, avg speed:7.509848532319295
Episode:63/100, avg halt num:0.3826732673267327
Episode:63/100, avg elec cons:0.41893704746188204
 Retrying in 1 seconds
Warning: Unused states in tlLogic 'J10', program '0' in phase 0 after tl-index 10
Simulation......
总奖励:-61626.30588786202, 速度奖励:-34431.188400024585, 加速度奖励:-2763.117487859434, 交通灯奖励:-24432.0, 与前车进行交互的惩罚:0.0
Episode:64/100, Reward:-61626.30588786202
Episode:64/100, avg speed:5.930601693652176
Episode:64/100, avg halt num:0.44373124374791595
Episode:64/100, avg elec cons:0.4511239470049513
 Retrying in 1 seconds
Warning: Unused states in tlLogic 'J10', program '0' in phase 0 after tl-index 10
Simulation......
总奖励:-45563.0889870679, 速度奖励:-26651.43540001217, 加速度奖励:-2337.6535870659927, 交通灯奖励:-16574.0, 与前车进行交互的惩罚:0.0
Episode:65/100, Reward:-45563.0889870679
Episode:65/100, avg speed:8.253649120934911
Episode:65/100, avg halt num:0.2758471645919779
Episode:65/100, avg elec cons:0.6657977681230944
 Retrying in 1 seconds
Warning: Unused states in tlLogic 'J10', program '0' in phase 0 after tl-index 10
Simulation......
总奖励:-16450.88803681918, 速度奖励:-13244.71139999738, 加速度奖励:-1427.1766368195892, 交通灯奖励:-1779.0, 与前车进行交互的惩罚:0.0
Episode:66/100, Reward:-16450.88803681918
Episode:66/100, avg speed:12.466373266755507
Episode:66/100, avg halt num:0.09907407407407408
Episode:66/100, avg elec cons:0.9330506717690782
 Retrying in 1 seconds
Warning: Unused states in tlLogic 'J10', program '0' in phase 0 after tl-index 10
Simulation......
总奖励:-13205.809324432457, 速度奖励:-10611.447299998028, 加速度奖励:-1101.8620244326844, 交通灯奖励:-1492.5, 与前车进行交互的惩罚:0.0
Episode:67/100, Reward:-13205.809324432457
Episode:67/100, avg speed:13.595444825816008
Episode:67/100, avg halt num:0.10413303196641911
Episode:67/100, avg elec cons:0.9615749748066014
 Retrying in 1 seconds
Warning: Unused states in tlLogic 'J10', program '0' in phase 0 after tl-index 10
Simulation......
总奖励:-15744.913989221684, 速度奖励:-15373.782899996151, 加速度奖励:-1769.631089222128, 交通灯奖励:1398.5, 与前车进行交互的惩罚:0.0
Episode:68/100, Reward:-15744.913989221684
Episode:68/100, avg speed:11.193544827733126
Episode:68/100, avg halt num:0.12519734764761603
Episode:68/100, avg elec cons:0.8047218122772438
 Retrying in 1 seconds
Warning: Unused states in tlLogic 'J10', program '0' in phase 0 after tl-index 10
Simulation......
总奖励:-19012.54742266498, 速度奖励:-16523.23499999604, 加速度奖励:-1674.312422665165, 交通灯奖励:-815.0, 与前车进行交互的惩罚:0.0
Episode:69/100, Reward:-19012.54742266498
Episode:69/100, avg speed:10.85646650804521
Episode:69/100, avg halt num:0.13148710166919575
Episode:69/100, avg elec cons:0.8316591172848967
 Retrying in 1 seconds
Warning: Unused states in tlLogic 'J10', program '0' in phase 0 after tl-index 10
Simulation......
总奖励:-13182.7429888815, 速度奖励:-14069.01149999659, 加速度奖励:-1300.2314888817518, 交通灯奖励:2186.5, 与前车进行交互的惩罚:0.0
Episode:70/100, Reward:-13182.7429888815
Episode:70/100, avg speed:11.352841773374179
Episode:70/100, avg halt num:0.0873228346456693
Episode:70/100, avg elec cons:0.7311650715162941
 Retrying in 1 seconds
Warning: Unused states in tlLogic 'J10', program '0' in phase 0 after tl-index 10
Simulation......
总奖励:-13006.017821699872, 速度奖励:-14422.673699996472, 加速度奖励:-1434.8441217000495, 交通灯奖励:2851.5, 与前车进行交互的惩罚:0.0
Episode:71/100, Reward:-13006.017821699872
Episode:71/100, avg speed:11.212073812358529
Episode:71/100, avg halt num:0.050730267246737105
Episode:71/100, avg elec cons:0.7273499707804892
 Retrying in 1 seconds
Warning: Unused states in tlLogic 'J10', program '0' in phase 0 after tl-index 10
Simulation......
总奖励:-17555.49657542183, 速度奖励:-17938.966499998296, 加速度奖励:-1598.0300754223538, 交通灯奖励:1981.5, 与前车进行交互的惩罚:0.0
Episode:72/100, Reward:-17555.49657542183
Episode:72/100, avg speed:9.211042133192826
Episode:72/100, avg halt num:0.284308314937454
Episode:72/100, avg elec cons:0.8180045827799409
 Retrying in 1 seconds
Warning: Unused states in tlLogic 'J10', program '0' in phase 0 after tl-index 10
Simulation......
总奖励:-13903.460868397024, 速度奖励:-15928.389899995846, 加速度奖励:-1426.5709683976013, 交通灯奖励:3451.5, 与前车进行交互的惩罚:0.0
Episode:73/100, Reward:-13903.460868397024
Episode:73/100, avg speed:10.94767833763331
Episode:73/100, avg halt num:0.14429145152036718
Episode:73/100, avg elec cons:0.6658797222483962
 Retrying in 1 seconds
Warning: Unused states in tlLogic 'J10', program '0' in phase 0 after tl-index 10
Simulation......
总奖励:-14248.340031600274, 速度奖励:-16231.80059999568, 加速度奖励:-1322.5394316006175, 交通灯奖励:3306.0, 与前车进行交互的惩罚:0.0
Episode:74/100, Reward:-14248.340031600274
Episode:74/100, avg speed:11.230894291123255
Episode:74/100, avg halt num:0.11986636245110821
Episode:74/100, avg elec cons:0.6948563870647917
 Retrying in 1 seconds
Warning: Unused states in tlLogic 'J10', program '0' in phase 0 after tl-index 10
Simulation......
总奖励:-12183.222948354658, 速度奖励:-15583.883399995884, 加速度奖励:-1166.8395483548927, 交通灯奖励:4567.5, 与前车进行交互的惩罚:0.0
Episode:75/100, Reward:-12183.222948354658
Episode:75/100, avg speed:11.214291591990497
Episode:75/100, avg halt num:0.09039322250639387
Episode:75/100, avg elec cons:0.6359815063742936
 Retrying in 1 seconds
Warning: Unused states in tlLogic 'J10', program '0' in phase 0 after tl-index 10
Simulation......
总奖励:-12624.441274872943, 速度奖励:-14046.442199996665, 加速度奖励:-1232.9990748733483, 交通灯奖励:2655.0, 与前车进行交互的惩罚:0.0
Episode:76/100, Reward:-12624.441274872943
Episode:76/100, avg speed:10.880113449097196
Episode:76/100, avg halt num:0.12327718223583461
Episode:76/100, avg elec cons:0.9267625450718576
 Retrying in 1 seconds
Warning: Unused states in tlLogic 'J10', program '0' in phase 0 after tl-index 10
Simulation......
总奖励:-10059.534130620761, 速度奖励:-12861.91889999706, 加速度奖励:-1053.115230620901, 交通灯奖励:3855.5, 与前车进行交互的惩罚:0.0
Episode:77/100, Reward:-10059.534130620761
Episode:77/100, avg speed:11.65822765228983
Episode:77/100, avg halt num:0.07587949101796407
Episode:77/100, avg elec cons:0.9294146744837813
 Retrying in 1 seconds
Warning: Unused states in tlLogic 'J10', program '0' in phase 0 after tl-index 10
Simulation......
总奖励:-10178.117442816243, 速度奖励:-12082.18859999744, 加速度奖励:-1254.428842816294, 交通灯奖励:3158.5, 与前车进行交互的惩罚:0.0
Episode:78/100, Reward:-10178.117442816243
Episode:78/100, avg speed:11.57072351442402
Episode:78/100, avg halt num:0.07508311784263022
Episode:78/100, avg elec cons:0.970999707100772
 Retrying in 1 seconds
Warning: Unused states in tlLogic 'J10', program '0' in phase 0 after tl-index 10
Simulation......
总奖励:-11720.597532590897, 速度奖励:-13320.707399997042, 加速度奖励:-1465.3901325910156, 交通灯奖励:3065.5, 与前车进行交互的惩罚:0.0
Episode:79/100, Reward:-11720.597532590897
Episode:79/100, avg speed:11.401321281308613
Episode:79/100, avg halt num:0.07102698650674663
Episode:79/100, avg elec cons:0.9007636722698226
 Retrying in 1 seconds
Warning: Unused states in tlLogic 'J10', program '0' in phase 0 after tl-index 10
Simulation......
总奖励:-9149.357830035604, 速度奖励:-11068.610399998039, 加速度奖励:-1250.2474300356414, 交通灯奖励:3169.5, 与前车进行交互的惩罚:0.0
Episode:80/100, Reward:-9149.357830035604
Episode:80/100, avg speed:12.493820550655899
Episode:80/100, avg halt num:0.05562411847672778
Episode:80/100, avg elec cons:1.1675641382052717
 Retrying in 1 seconds
Warning: Unused states in tlLogic 'J10', program '0' in phase 0 after tl-index 10
Simulation......
总奖励:-6187.368323554955, 速度奖励:-8085.294899998676, 加速度奖励:-954.5734235549337, 交通灯奖励:2852.5, 与前车进行交互的惩罚:0.0
Episode:81/100, Reward:-6187.368323554955
Episode:81/100, avg speed:13.5094401285012
Episode:81/100, avg halt num:0.01804123711340206
Episode:81/100, avg elec cons:1.6458898333120067
 Retrying in 1 seconds
Warning: Unused states in tlLogic 'J10', program '0' in phase 0 after tl-index 10
Simulation......
总奖励:-7503.606193152288, 速度奖励:-9116.163899998584, 加速度奖励:-827.4422931523809, 交通灯奖励:2440.0, 与前车进行交互的惩罚:0.0
Episode:82/100, Reward:-7503.606193152288
Episode:82/100, avg speed:13.098908759694417
Episode:82/100, avg halt num:0.07637231503579953
Episode:82/100, avg elec cons:1.5242616647485387
 Retrying in 1 seconds
Warning: Unused states in tlLogic 'J10', program '0' in phase 0 after tl-index 10
Simulation......
总奖励:-7164.47335891349, 速度奖励:-8316.480599998615, 加速度奖励:-902.4927589135283, 交通灯奖励:2054.5, 与前车进行交互的惩罚:0.0
Episode:83/100, Reward:-7164.47335891349
Episode:83/100, avg speed:13.756770036120233
Episode:83/100, avg halt num:0.06213324128408699
Episode:83/100, avg elec cons:1.495191440354777
 Retrying in 1 seconds
Warning: Unused states in tlLogic 'J10', program '0' in phase 0 after tl-index 10
Simulation......
总奖励:-6532.556155008325, 速度奖励:-9799.397999998273, 加速度奖励:-775.6581550083407, 交通灯奖励:4042.5, 与前车进行交互的惩罚:0.0
Episode:84/100, Reward:-6532.556155008325
Episode:84/100, avg speed:12.606122268864297
Episode:84/100, avg halt num:0.05798919336163643
Episode:84/100, avg elec cons:1.1877529479610185
 Retrying in 1 seconds
Warning: Unused states in tlLogic 'J10', program '0' in phase 0 after tl-index 10
Simulation......
总奖励:-7656.919222177892, 速度奖励:-11534.06879999786, 加速度奖励:-775.3504221778527, 交通灯奖励:4652.5, 与前车进行交互的惩罚:0.0
Episode:85/100, Reward:-7656.919222177892
Episode:85/100, avg speed:12.462748717480652
Episode:85/100, avg halt num:0.01670564650851988
Episode:85/100, avg elec cons:0.8635494087309168
 Retrying in 1 seconds
Warning: Unused states in tlLogic 'J10', program '0' in phase 0 after tl-index 10
Simulation......
总奖励:-6194.824931995217, 速度奖励:-8842.633199998585, 加速度奖励:-764.6917319952025, 交通灯奖励:3412.5, 与前车进行交互的惩罚:0.0
Episode:86/100, Reward:-6194.824931995217
Episode:86/100, avg speed:13.200152223903505
Episode:86/100, avg halt num:0.021289537712895375
Episode:86/100, avg elec cons:1.2657005325156196
 Retrying in 1 seconds
Warning: Unused states in tlLogic 'J10', program '0' in phase 0 after tl-index 10
Simulation......
总奖励:-7749.698818707659, 速度奖励:-10408.159799998253, 加速度奖励:-866.5390187076656, 交通灯奖励:3525.0, 与前车进行交互的惩罚:0.0
Episode:87/100, Reward:-7749.698818707659
Episode:87/100, avg speed:11.664549926773695
Episode:87/100, avg halt num:0.05951408738260514
Episode:87/100, avg elec cons:1.5537549365887413
 Retrying in 1 seconds
Warning: Unused states in tlLogic 'J10', program '0' in phase 0 after tl-index 10
Simulation......
总奖励:-5916.471822240172, 速度奖励:-8656.404299998632, 加速度奖励:-767.0675222401367, 交通灯奖励:3507.0, 与前车进行交互的惩罚:0.0
Episode:88/100, Reward:-5916.471822240172
Episode:88/100, avg speed:13.238137024665825
Episode:88/100, avg halt num:0.021618438761776583
Episode:88/100, avg elec cons:1.421868356093759
 Retrying in 1 seconds
Warning: Unused states in tlLogic 'J10', program '0' in phase 0 after tl-index 10
Simulation......
总奖励:-6087.951219876822, 速度奖励:-9059.27759999856, 加速度奖励:-648.1736198768058, 交通灯奖励:3619.5, 与前车进行交互的惩罚:0.0
Episode:89/100, Reward:-6087.951219876822
Episode:89/100, avg speed:12.815677962604447
Episode:89/100, avg halt num:0.022913561847988078
Episode:89/100, avg elec cons:1.3844112441360878
 Retrying in 1 seconds
Warning: Unused states in tlLogic 'J10', program '0' in phase 0 after tl-index 10
Simulation......
总奖励:-5427.17613988344, 速度奖励:-8799.21359999855, 加速度奖励:-535.4625398834521, 交通灯奖励:3907.5, 与前车进行交互的惩罚:0.0
Episode:90/100, Reward:-5427.17613988344
Episode:90/100, avg speed:12.902946097448734
Episode:90/100, avg halt num:0.0018532969176746
Episode:90/100, avg elec cons:1.5532596423058598
 Retrying in 1 seconds
Warning: Unused states in tlLogic 'J10', program '0' in phase 0 after tl-index 10
Simulation......
总奖励:-5358.255519787723, 速度奖励:-8285.000399998613, 加速度奖励:-641.7551197877095, 交通灯奖励:3568.5, 与前车进行交互的惩罚:0.0
Episode:91/100, Reward:-5358.255519787723
Episode:91/100, avg speed:12.907021744276287
Episode:91/100, avg halt num:0.005840674071237074
Episode:91/100, avg elec cons:1.4928870098716847
 Retrying in 1 seconds
Warning: Unused states in tlLogic 'J10', program '0' in phase 0 after tl-index 10
Simulation......
总奖励:-7040.681881183561, 速度奖励:-10550.074499998238, 加速度奖励:-815.1073811834808, 交通灯奖励:4324.5, 与前车进行交互的惩罚:0.0
Episode:92/100, Reward:-7040.681881183561
Episode:92/100, avg speed:12.432381170687755
Episode:92/100, avg halt num:0.025167161961367014
Episode:92/100, avg elec cons:1.0302900911032022
 Retrying in 1 seconds
Warning: Unused states in tlLogic 'J10', program '0' in phase 0 after tl-index 10
Simulation......
总奖励:-6672.419126495886, 速度奖励:-9254.29499999866, 加速度奖励:-733.1241264959207, 交通灯奖励:3315.0, 与前车进行交互的惩罚:0.0
Episode:93/100, Reward:-6672.419126495886
Episode:93/100, avg speed:12.527730916117383
Episode:93/100, avg halt num:0.05318257956448911
Episode:93/100, avg elec cons:1.5370352391103035
 Retrying in 1 seconds
Warning: Unused states in tlLogic 'J10', program '0' in phase 0 after tl-index 10
Simulation......
总奖励:-5379.037622537238, 速度奖励:-7871.422499998761, 加速度奖励:-577.1151225372231, 交通灯奖励:3069.5, 与前车进行交互的惩罚:0.0
Episode:94/100, Reward:-5379.037622537238
Episode:94/100, avg speed:13.6967174169337
Episode:94/100, avg halt num:0.011489433076148943
Episode:94/100, avg elec cons:1.4951124525865613
 Retrying in 1 seconds
Warning: Unused states in tlLogic 'J10', program '0' in phase 0 after tl-index 10
Simulation......
总奖励:-5504.132001527302, 速度奖励:-8288.38169999865, 加速度奖励:-465.25030152730153, 交通灯奖励:3249.5, 与前车进行交互的惩罚:0.0
Episode:95/100, Reward:-5504.132001527302
Episode:95/100, avg speed:12.583226741828197
Episode:95/100, avg halt num:0.0036398467432950193
Episode:95/100, avg elec cons:1.6366057303842574
 Retrying in 1 seconds
Warning: Unused states in tlLogic 'J10', program '0' in phase 0 after tl-index 10
Simulation......
总奖励:-5010.6920664728295, 速度奖励:-8115.481799998663, 加速度奖励:-421.71026647281053, 交通灯奖励:3526.5, 与前车进行交互的惩罚:0.0
Episode:96/100, Reward:-5010.6920664728295
Episode:96/100, avg speed:13.191156968477975
Episode:96/100, avg halt num:0.005441119315973571
Episode:96/100, avg elec cons:1.6429763562553332
 Retrying in 1 seconds
Warning: Unused states in tlLogic 'J10', program '0' in phase 0 after tl-index 10
Simulation......
总奖励:-6713.521393812962, 速度奖励:-10024.042499998275, 加速度奖励:-554.4788938130234, 交通灯奖励:3865.0, 与前车进行交互的惩罚:0.0
Episode:97/100, Reward:-6713.521393812962
Episode:97/100, avg speed:12.630882936044184
Episode:97/100, avg halt num:0.055524657026325544
Episode:97/100, avg elec cons:1.144392102096702
 Retrying in 1 seconds
Warning: Unused states in tlLogic 'J10', program '0' in phase 0 after tl-index 10
Simulation......
总奖励:-7512.42928892339, 速度奖励:-9533.410199998505, 加速度奖励:-657.5190889233949, 交通灯奖励:2678.5, 与前车进行交互的惩罚:0.0
Episode:98/100, Reward:-7512.42928892339
Episode:98/100, avg speed:12.112906462016696
Episode:98/100, avg halt num:0.04806170886075949
Episode:98/100, avg elec cons:1.7569990401131648
 Retrying in 1 seconds
Warning: Unused states in tlLogic 'J10', program '0' in phase 0 after tl-index 10
Simulation......
总奖励:-3956.1808646011264, 速度奖励:-7235.030699999018, 加速度奖励:-468.1501646011173, 交通灯奖励:3747.0, 与前车进行交互的惩罚:0.0
Episode:99/100, Reward:-3956.1808646011264
Episode:99/100, avg speed:14.099727747342238
Episode:99/100, avg halt num:0.002434782608695652
Episode:99/100, avg elec cons:1.4973670828655579
 Retrying in 1 seconds
Warning: Unused states in tlLogic 'J10', program '0' in phase 0 after tl-index 10
Simulation......
总奖励:-4381.080606793292, 速度奖励:-7357.587299998969, 加速度奖励:-456.49330679331644, 交通灯奖励:3433.0, 与前车进行交互的惩罚:0.0
Episode:100/100, Reward:-4381.080606793292
Episode:100/100, avg speed:14.273911173231214
Episode:100/100, avg halt num:0.004461279461279461
Episode:100/100, avg elec cons:1.3136046267415407
model saved successfully!
Complete training!
final reward list:[-18759.908042679283, -22163.328132251594, -22461.28705989148, -17060.20841487619, -11942.147699058767, -10838.065761497963, -9220.34306348481, -11432.709707478005, -10205.213906802657, -9961.42640351158, -15223.382862808334, -7020.837801890172, -10796.784175401242, -6637.56244026874, -7223.183632433863, -5633.245399197834, -12363.847821892, -6734.2105092584725, -6459.711826563598, -5615.077029726306, -5876.685023402321, -5766.58713864192, -5885.214472124603, -6023.187591400174, -7929.6166817160565, -6907.053249405691, -9215.142122995921, -10557.35774655878, -6365.714808267401, -9737.98974715532, -9096.027072193177, -5656.379712023955, -8614.36859372998, -4762.897077569336, -5600.53894816246, -8627.39055676263, -11906.974333155391, -10311.197415179538, -8169.9418726021, -6166.322804004414, -6766.631864857715, -8304.331672609054, -6897.713744933162, -5480.950749710931, -5469.476868700064, -7401.550407885986, -5835.5799444812355, -11823.18442797467, -8642.041123252799, -4854.974942652817, -5581.995175541788, -4871.669434270018, -7133.8021124664, -7331.524840924308, -7536.448359890742, -14289.774806519961, -11877.238026654528, -9813.771703978557, -20089.45602718988, -25356.81869520746, -54172.5402026973, -62978.69169064645, -59933.77444015217, -61626.30588786202, -45563.0889870679, -16450.88803681918, -13205.809324432457, -15744.913989221684, -19012.54742266498, -13182.7429888815, -13006.017821699872, -17555.49657542183, -13903.460868397024, -14248.340031600274, -12183.222948354658, -12624.441274872943, -10059.534130620761, -10178.117442816243, -11720.597532590897, -9149.357830035604, -6187.368323554955, -7503.606193152288, -7164.47335891349, -6532.556155008325, -7656.919222177892, -6194.824931995217, -7749.698818707659, -5916.471822240172, -6087.951219876822, -5427.17613988344, -5358.255519787723, -7040.681881183561, -6672.419126495886, -5379.037622537238, -5504.132001527302, -5010.6920664728295, -6713.521393812962, -7512.42928892339, -3956.1808646011264, -4381.080606793292]
final speed list:[14.437917980568516, 14.017458994774065, 13.11116390902945, 10.82611851716991, 11.516803387216916, 12.707356596000832, 13.826306448145422, 13.098948664341437, 13.334741015612485, 12.938532851494887, 11.445727540172083, 14.06950956144876, 12.69077178561065, 14.00639132246994, 13.62219560885036, 13.863887181261127, 13.003411379076962, 13.38618803608631, 14.088217443317115, 14.479888979342052, 14.327944756083332, 14.468048997702777, 14.91422016110048, 14.80941778552086, 13.975262231561087, 13.691656279417872, 14.342324108400584, 13.169199208102569, 13.606955579934397, 12.44330019659502, 12.474821552786597, 13.224898435361041, 12.283711153848152, 14.04776815319101, 14.240442106049223, 12.032051514065277, 10.402205442615559, 11.574920352549388, 12.591726638674839, 13.46455905452726, 12.885407274790278, 12.568904907810092, 13.057267132042346, 13.571157657775746, 13.26514937113129, 13.171694911635907, 13.343314254649394, 10.697049381425398, 12.562567919564717, 13.807530724843993, 13.860179938984006, 13.603554426769518, 12.536733488993036, 12.608129970571536, 11.80882794367829, 10.89943256481921, 10.312101770414092, 11.097270245436409, 9.725947516436221, 8.604183203920183, 6.186897061881272, 6.514969309034616, 7.509848532319295, 5.930601693652176, 8.253649120934911, 12.466373266755507, 13.595444825816008, 11.193544827733126, 10.85646650804521, 11.352841773374179, 11.212073812358529, 9.211042133192826, 10.94767833763331, 11.230894291123255, 11.214291591990497, 10.880113449097196, 11.65822765228983, 11.57072351442402, 11.401321281308613, 12.493820550655899, 13.5094401285012, 13.098908759694417, 13.756770036120233, 12.606122268864297, 12.462748717480652, 13.200152223903505, 11.664549926773695, 13.238137024665825, 12.815677962604447, 12.902946097448734, 12.907021744276287, 12.432381170687755, 12.527730916117383, 13.6967174169337, 12.583226741828197, 13.191156968477975, 12.630882936044184, 12.112906462016696, 14.099727747342238, 14.273911173231214]
final elec cons list:[1.762902998089894, 1.8991220424325361, 1.5580082542779377, 0.7161101784814186, 0.9599374521713433, 0.9251961896553667, 1.077194071194284, 0.9125865903936867, 1.04752262351237, 0.9975636850936646, 0.7553711927519898, 1.483839805934242, 0.8130613632487121, 1.38308504141477, 1.1881458151598954, 1.6619422091876186, 1.1152659579577773, 2.2552549593304287, 2.152073991684624, 2.3180700024387453, 2.6098089048211244, 2.6764604233955147, 2.3340140364813347, 2.2325079052625254, 2.094621453771068, 1.7607989608015675, 1.4933430148163431, 1.5191450250393221, 1.6479093957965407, 1.0620300008755492, 1.0467721521493247, 1.6258988054001808, 1.0964876639819103, 1.6251358212671274, 2.1573279965915573, 0.8016640648870355, 0.8219871174720308, 0.9673292858582525, 0.9892815047744639, 1.4511685491922195, 1.195701305219118, 1.3514347257545891, 1.3882722770909064, 1.5756838840680676, 1.62311326317796, 1.0940271169943165, 1.5082746749106126, 0.7956703523968233, 0.9156011566173566, 1.4783853652213825, 1.4599840808780078, 1.5047332974513625, 0.9477294540995852, 1.1543051305355119, 1.2197977473045993, 0.7289788193508255, 1.0564474151715926, 1.1730938668531599, 0.5613961880212319, 0.487887428946867, 0.4770934357426807, 0.4732909917097543, 0.41893704746188204, 0.4511239470049513, 0.6657977681230944, 0.9330506717690782, 0.9615749748066014, 0.8047218122772438, 0.8316591172848967, 0.7311650715162941, 0.7273499707804892, 0.8180045827799409, 0.6658797222483962, 0.6948563870647917, 0.6359815063742936, 0.9267625450718576, 0.9294146744837813, 0.970999707100772, 0.9007636722698226, 1.1675641382052717, 1.6458898333120067, 1.5242616647485387, 1.495191440354777, 1.1877529479610185, 0.8635494087309168, 1.2657005325156196, 1.5537549365887413, 1.421868356093759, 1.3844112441360878, 1.5532596423058598, 1.4928870098716847, 1.0302900911032022, 1.5370352391103035, 1.4951124525865613, 1.6366057303842574, 1.6429763562553332, 1.144392102096702, 1.7569990401131648, 1.4973670828655579, 1.3136046267415407]
final halt list:[0.3433744722312439, 0.4596020761245675, 0.2947343895619758, 0.3362823439878234, 0.3196512539184953, 0.21746166950596252, 0.14454576156703816, 0.1653621853898097, 0.13788987905792488, 0.14150630391506303, 0.23818960050729232, 0.08090753424657535, 0.14910659272951324, 0.03645652926913751, 0.04382396449704142, 0.00993625796775403, 0.1153649386084584, 0.019441069258809233, 0.02959697732997481, 0.009025885558583106, 0.0087890625, 0.008460076045627377, 0.021199324324324323, 0.04665898617511521, 0.02763819095477387, 0.030624036979969183, 0.12204319506342132, 0.1075910931174089, 0.05612045365662886, 0.14675566069618115, 0.11225616488774383, 0.02146323254945875, 0.13477437133999312, 0.0031141868512110727, 0.00777489818585709, 0.08707283396617191, 0.1965427657873701, 0.15684051398337112, 0.09464774281805746, 0.020518358531317494, 0.02929756441934345, 0.06804454511136278, 0.03367624223602485, 0.009561826958782027, 0.005434782608695652, 0.07822580645161291, 0.01092690278824416, 0.1843501326259947, 0.05991607087348461, 0.0162292817679558, 0.043721236028928336, 0.045405982905982904, 0.011048812664907651, 0.023100616016427104, 0.09020423600605143, 0.24550484094052558, 0.09779559118236474, 0.1238929534077782, 0.3073607427055703, 0.38936996118244255, 0.8120725034199726, 0.5245291616038882, 0.3826732673267327, 0.44373124374791595, 0.2758471645919779, 0.09907407407407408, 0.10413303196641911, 0.12519734764761603, 0.13148710166919575, 0.0873228346456693, 0.050730267246737105, 0.284308314937454, 0.14429145152036718, 0.11986636245110821, 0.09039322250639387, 0.12327718223583461, 0.07587949101796407, 0.07508311784263022, 0.07102698650674663, 0.05562411847672778, 0.01804123711340206, 0.07637231503579953, 0.06213324128408699, 0.05798919336163643, 0.01670564650851988, 0.021289537712895375, 0.05951408738260514, 0.021618438761776583, 0.022913561847988078, 0.0018532969176746, 0.005840674071237074, 0.025167161961367014, 0.05318257956448911, 0.011489433076148943, 0.0036398467432950193, 0.005441119315973571, 0.055524657026325544, 0.04806170886075949, 0.002434782608695652, 0.004461279461279461]
speed reward list:[-11110.169699997787, -12992.994899997198, -13226.62949999671, -14644.669499996722, -13380.034499996973, -11637.763199997647, -9975.381299998116, -11363.20739999766, -10418.075999998027, -10963.53719999772, -15477.038099996256, -8260.129799998624, -12074.170499997446, -8773.460999998482, -9914.042699998217, -8086.499099998676, -11237.893199997956, -8504.626499998565, -8852.80589999846, -8071.5275999986825, -8088.756299998676, -7905.25799999875, -8027.698499998701, -7982.494199998719, -9296.670599998364, -8664.49979999852, -8310.572999998632, -8640.845099998542, -8323.135199998604, -11250.28259999794, -11151.262799997907, -8238.153599998614, -11225.893499997985, -7662.2228999988465, -8110.0232999986665, -11823.788699997514, -13931.826299996887, -12297.826799997621, -10881.20339999792, -8955.955799998479, -9719.159399998243, -10444.627799998207, -8858.455199998552, -8043.722999998692, -8112.306599998665, -9943.18829999838, -8572.871699998583, -15038.873999996187, -11967.634799998026, -7228.7477999990215, -8023.5710999986995, -7354.6892999989705, -10626.646499997903, -10494.211499998248, -10069.882199998203, -16572.52169999619, -14003.15399999676, -12284.363699997513, -19978.518600001455, -23698.230300007475, -36326.54160002765, -36871.180200028466, -35224.93170002593, -34431.188400024585, -26651.43540001217, -13244.71139999738, -10611.447299998028, -15373.782899996151, -16523.23499999604, -14069.01149999659, -14422.673699996472, -17938.966499998296, -15928.389899995846, -16231.80059999568, -15583.883399995884, -14046.442199996665, -12861.91889999706, -12082.18859999744, -13320.707399997042, -11068.610399998039, -8085.294899998676, -9116.163899998584, -8316.480599998615, -9799.397999998273, -11534.06879999786, -8842.633199998585, -10408.159799998253, -8656.404299998632, -9059.27759999856, -8799.21359999855, -8285.000399998613, -10550.074499998238, -9254.29499999866, -7871.422499998761, -8288.38169999865, -8115.481799998663, -10024.042499998275, -9533.410199998505, -7235.030699999018, -7357.587299998969]
accel reward list:[-711.2383426792711, -681.333232250229, -1200.6575598913312, -472.03891487683575, -586.1131990594263, -729.8025614984734, -763.9617634850362, -857.5023074784204, -868.1379068029352, -900.3892035117486, -1370.8447628090216, -884.7080018903022, -1033.6136754015295, -899.1014402688032, -728.6409324339056, -775.7462991978427, -945.9546218922424, -767.5840092584882, -732.9059265636771, -726.5494297263872, -681.4287234024043, -678.8291386420082, -865.5159721246937, -722.1933914002763, -1348.9460817160714, -1008.5534494057175, -787.5691229961086, -943.512646558989, -873.579608267389, -1099.207147155567, -954.7642721933673, -711.7261120239364, -788.4750937301549, -575.6741775693442, -678.5156481625038, -896.6018567627302, -1074.6480331557095, -1372.8706151798222, -816.7384726022148, -630.8670040044193, -837.472464857713, -1017.2038726090763, -830.2585449331146, -827.2277497109011, -668.1702687000674, -747.3621078860913, -845.2082444812138, -999.8104279750241, -915.4063232528173, -827.7271426528207, -770.424075541793, -698.4801342700567, -811.6556124663755, -860.8133409243085, -813.0661598907952, -880.7531065205312, -899.0840266547686, -1103.4080039788291, -1315.9374271892239, -1891.0883952058448, -2500.4986026917118, -3610.0114906424583, -3149.342740148964, -2763.117487859434, -2337.6535870659927, -1427.1766368195892, -1101.8620244326844, -1769.631089222128, -1674.312422665165, -1300.2314888817518, -1434.8441217000495, -1598.0300754223538, -1426.5709683976013, -1322.5394316006175, -1166.8395483548927, -1232.9990748733483, -1053.115230620901, -1254.428842816294, -1465.3901325910156, -1250.2474300356414, -954.5734235549337, -827.4422931523809, -902.4927589135283, -775.6581550083407, -775.3504221778527, -764.6917319952025, -866.5390187076656, -767.0675222401367, -648.1736198768058, -535.4625398834521, -641.7551197877095, -815.1073811834808, -733.1241264959207, -577.1151225372231, -465.25030152730153, -421.71026647281053, -554.4788938130234, -657.5190889233949, -468.1501646011173, -456.49330679331644]
tls reward list:[-6938.5, -8489.0, -8034.0, -1943.5, 2024.0, 1529.5, 1519.0, 788.0, 1081.0, 1902.5, 1624.5, 2124.0, 2311.0, 3035.0, 3419.5, 3229.0, -180.0, 2538.0, 3126.0, 3183.0, 2893.5, 2817.5, 3008.0, 2681.5, 2716.0, 2766.0, -117.0, -973.0, 2831.0, 2611.5, 3010.0, 3293.5, 3400.0, 3475.0, 3188.0, 4093.0, 3099.5, 3359.5, 3528.0, 3420.5, 3790.0, 3157.5, 2791.0, 3390.0, 3311.0, 3289.0, 3582.5, 4215.5, 4241.0, 3201.5, 3212.0, 3181.5, 4304.5, 4023.5, 3346.5, 3163.5, 3025.0, 3574.0, 1205.0, 232.5, -15345.5, -22497.5, -21559.5, -24432.0, -16574.0, -1779.0, -1492.5, 1398.5, -815.0, 2186.5, 2851.5, 1981.5, 3451.5, 3306.0, 4567.5, 2655.0, 3855.5, 3158.5, 3065.5, 3169.5, 2852.5, 2440.0, 2054.5, 4042.5, 4652.5, 3412.5, 3525.0, 3507.0, 3619.5, 3907.5, 3568.5, 4324.5, 3315.0, 3069.5, 3249.5, 3526.5, 3865.0, 2678.5, 3747.0, 3433.0]
extra reward list:[0.0, 0.0, 0.0, 0.0, 0.0, 0.0, 0.0, 0.0, 0.0, 0.0, 0.0, 0.0, 0.0, 0.0, 0.0, 0.0, 0.0, 0.0, 0.0, 0.0, 0.0, 0.0, 0.0, 0.0, 0.0, 0.0, 0.0, 0.0, 0.0, 0.0, 0.0, 0.0, 0.0, 0.0, 0.0, 0.0, 0.0, 0.0, 0.0, 0.0, 0.0, 0.0, 0.0, 0.0, 0.0, 0.0, 0.0, 0.0, 0.0, 0.0, 0.0, 0.0, 0.0, 0.0, 0.0, 0.0, 0.0, 0.0, 0.0, 0.0, 0.0, 0.0, 0.0, 0.0, 0.0, 0.0, 0.0, 0.0, 0.0, 0.0, 0.0, 0.0, 0.0, 0.0, 0.0, 0.0, 0.0, 0.0, 0.0, 0.0, 0.0, 0.0, 0.0, 0.0, 0.0, 0.0, 0.0, 0.0, 0.0, 0.0, 0.0, 0.0, 0.0, 0.0, 0.0, 0.0, 0.0, 0.0, 0.0, 0.0]
