nohup: 忽略输入
Env:sumo, Algorithm:TD3, Device:cuda
-----------------------------------------
models/reward_s9e-3_a4e-2_t(-0.6_0.05).pth
-----------------------------------------
 Retrying in 1 seconds
Warning: Unused states in tlLogic 'J10', program '0' in phase 0 after tl-index 10
Simulation......
总奖励:-4542.945834661261, 速度奖励:-930.6574919819515, 加速度奖励:-711.2383426792711, 交通灯奖励:-2901.049999999438, 与前车进行交互的惩罚:0.0
Episode:1/100, Reward:-4542.945834661261
Episode:1/100, avg speed:14.437917980568516
Episode:1/100, avg halt num:0.3433744722312439
Episode:1/100, avg elec cons:1.762902998089894
 Retrying in 1 seconds
Warning: Unused states in tlLogic 'J10', program '0' in phase 0 after tl-index 10
Simulation......
总奖励:-5335.2063046983185, 速度奖励:-1184.5730724479397, 加速度奖励:-681.333232250229, 交通灯奖励:-3469.2999999990634, 与前车进行交互的惩罚:0.0
Episode:2/100, Reward:-5335.2063046983185
Episode:2/100, avg speed:14.017458994774065
Episode:2/100, avg halt num:0.4596020761245675
Episode:2/100, avg elec cons:1.8991220424325361
 Retrying in 1 seconds
Warning: Unused states in tlLogic 'J10', program '0' in phase 0 after tl-index 10
Simulation......
总奖励:-3773.3405236958997, 速度奖励:-584.435346155968, 加速度奖励:-830.5051775400152, 交通灯奖励:-2358.3999999998246, 与前车进行交互的惩罚:0.0
Episode:3/100, Reward:-3773.3405236958997
Episode:3/100, avg speed:15.592826963578748
Episode:3/100, avg halt num:0.271248774109186
Episode:3/100, avg elec cons:2.037729718597733
 Retrying in 1 seconds
Warning: Unused states in tlLogic 'J10', program '0' in phase 0 after tl-index 10
Simulation......
总奖励:-4529.749718008057, 速度奖励:-834.3748309319673, 加速度奖励:-871.4748870760646, 交通灯奖励:-2823.899999999468, 与前车进行交互的惩罚:0.0
Episode:4/100, Reward:-4529.749718008057
Episode:4/100, avg speed:13.696350774508506
Episode:4/100, avg halt num:0.3153976630229928
Episode:4/100, avg elec cons:2.0749873771777865
 Retrying in 1 seconds
Warning: Unused states in tlLogic 'J10', program '0' in phase 0 after tl-index 10
Simulation......
总奖励:-5021.2326468876945, 速度奖励:-1446.755851124967, 加速度奖励:-439.1267957626114, 交通灯奖励:-3135.349999999035, 与前车进行交互的惩罚:0.0
Episode:5/100, Reward:-5021.2326468876945
Episode:5/100, avg speed:11.416787823918826
Episode:5/100, avg halt num:0.361
Episode:5/100, avg elec cons:0.758723074176704
 Retrying in 1 seconds
Warning: Unused states in tlLogic 'J10', program '0' in phase 0 after tl-index 10
Simulation......
总奖励:-3550.927235492913, 速度奖励:-1537.1831671469254, 加速度奖励:-702.6940683458516, 交通灯奖励:-1311.0500000003271, 与前车进行交互的惩罚:0.0
Episode:6/100, Reward:-3550.927235492913
Episode:6/100, avg speed:10.738625309987471
Episode:6/100, avg halt num:0.3643097643097643
Episode:6/100, avg elec cons:0.7804485709028628
 Retrying in 1 seconds
Warning: Unused states in tlLogic 'J10', program '0' in phase 0 after tl-index 10
Simulation......
总奖励:-3134.9389211266107, 速度奖励:-1404.9319907429742, 加速度奖励:-738.2569303835811, 交通灯奖励:-991.750000000454, 与前车进行交互的惩罚:0.0
Episode:7/100, Reward:-3134.9389211266107
Episode:7/100, avg speed:11.128366985700064
Episode:7/100, avg halt num:0.19179582210242588
Episode:7/100, avg elec cons:0.683116478377413
 Retrying in 1 seconds
Warning: Unused states in tlLogic 'J10', program '0' in phase 0 after tl-index 10
Simulation......
总奖励:-3251.3411906474425, 速度奖励:-1497.3784086779717, 加速度奖励:-770.8627819693982, 交通灯奖励:-983.100000000429, 与前车进行交互的惩罚:0.0
Episode:8/100, Reward:-3251.3411906474425
Episode:8/100, avg speed:11.240491156222873
Episode:8/100, avg halt num:0.21858248957712925
Episode:8/100, avg elec cons:0.6350798606202164
 Retrying in 1 seconds
Warning: Unused states in tlLogic 'J10', program '0' in phase 0 after tl-index 10
Simulation......
总奖励:-1800.308176534384, 速度奖励:-870.3688200930075, 加速度奖励:-682.2893564413722, 交通灯奖励:-247.64999999993339, 与前车进行交互的惩罚:0.0
Episode:9/100, Reward:-1800.308176534384
Episode:9/100, avg speed:12.54045522445263
Episode:9/100, avg halt num:0.02899711630887536
Episode:9/100, avg elec cons:1.1048971156928795
 Retrying in 1 seconds
Warning: Unused states in tlLogic 'J10', program '0' in phase 0 after tl-index 10
Simulation......
总奖励:-1821.8764748758936, 速度奖励:-780.7956575400071, 加速度奖励:-715.180817335896, 交通灯奖励:-325.89999999990613, 与前车进行交互的惩罚:0.0
Episode:10/100, Reward:-1821.8764748758936
Episode:10/100, avg speed:12.80756022044036
Episode:10/100, avg halt num:0.03058285327007794
Episode:10/100, avg elec cons:1.0554758236251722
 Retrying in 1 seconds
Warning: Unused states in tlLogic 'J10', program '0' in phase 0 after tl-index 10
Simulation......
总奖励:-2467.209209172847, 速度奖励:-1293.6410950139825, 加速度奖励:-738.4681141588243, 交通灯奖励:-435.09999999990396, 与前车进行交互的惩罚:0.0
Episode:11/100, Reward:-2467.209209172847
Episode:11/100, avg speed:11.77327533352617
Episode:11/100, avg halt num:0.10347478474784748
Episode:11/100, avg elec cons:0.5428934441825995
 Retrying in 1 seconds
Warning: Unused states in tlLogic 'J10', program '0' in phase 0 after tl-index 10
Simulation......
总奖励:-2985.0753379135244, 速度奖励:-1412.2985762969909, 加速度奖励:-843.9767616165004, 交通灯奖励:-728.8000000001641, 与前车进行交互的惩罚:0.0
Episode:12/100, Reward:-2985.0753379135244
Episode:12/100, avg speed:10.769114940464371
Episode:12/100, avg halt num:0.17101303911735205
Episode:12/100, avg elec cons:0.5981129287848933
 Retrying in 1 seconds
Warning: Unused states in tlLogic 'J10', program '0' in phase 0 after tl-index 10
Simulation......
总奖励:-2126.889182814542, 速度奖励:-654.4722929399985, 加速度奖励:-843.8168898745375, 交通灯奖励:-628.6000000000054, 与前车进行交互的惩罚:0.0
Episode:13/100, Reward:-2126.889182814542
Episode:13/100, avg speed:13.671093975729335
Episode:13/100, avg halt num:0.0177905531385954
Episode:13/100, avg elec cons:1.00094722427385
 Retrying in 1 seconds
Warning: Unused states in tlLogic 'J10', program '0' in phase 0 after tl-index 10
Simulation......
总奖励:-3535.083211919894, 速度奖励:-1378.2211482599546, 加速度奖励:-843.7120636598626, 交通灯奖励:-1313.1500000003061, 与前车进行交互的惩罚:0.0
Episode:14/100, Reward:-3535.083211919894
Episode:14/100, avg speed:11.83581184443988
Episode:14/100, avg halt num:0.2410922410922411
Episode:14/100, avg elec cons:0.727701814655127
 Retrying in 1 seconds
Warning: Unused states in tlLogic 'J10', program '0' in phase 0 after tl-index 10
Simulation......
总奖励:-2649.6828761154, 速度奖励:-1431.749417579975, 加速度奖励:-646.0834585353822, 交通灯奖励:-571.8500000001397, 与前车进行交互的惩罚:0.0
Episode:15/100, Reward:-2649.6828761154
Episode:15/100, avg speed:10.904874052418826
Episode:15/100, avg halt num:0.19755367828229498
Episode:15/100, avg elec cons:0.5920383850082955
 Retrying in 1 seconds
Warning: Unused states in tlLogic 'J10', program '0' in phase 0 after tl-index 10
Simulation......
总奖励:-2316.250187098555, 速度奖励:-1061.5131255509918, 加速度奖励:-768.937061547538, 交通灯奖励:-485.79999999990963, 与前车进行交互的惩罚:0.0
Episode:16/100, Reward:-2316.250187098555
Episode:16/100, avg speed:11.208616301708823
Episode:16/100, avg halt num:0.09381939304219097
Episode:16/100, avg elec cons:1.017588518243094
 Retrying in 1 seconds
Warning: Unused states in tlLogic 'J10', program '0' in phase 0 after tl-index 10
Simulation......
总奖励:-2676.0172003122298, 速度奖励:-1409.5935396269747, 加速度奖励:-773.7736606851894, 交通灯奖励:-492.6499999998955, 与前车进行交互的惩罚:0.0
Episode:17/100, Reward:-2676.0172003122298
Episode:17/100, avg speed:11.198546802598772
Episode:17/100, avg halt num:0.13854266538830298
Episode:17/100, avg elec cons:0.562097016731299
 Retrying in 1 seconds
Warning: Unused states in tlLogic 'J10', program '0' in phase 0 after tl-index 10
Simulation......
总奖励:-3131.763659481212, 速度奖励:-1564.6119216479774, 加速度奖励:-959.7017378331665, 交通灯奖励:-607.4500000003447, 与前车进行交互的惩罚:0.0
Episode:18/100, Reward:-3131.763659481212
Episode:18/100, avg speed:9.429650848736834
Episode:18/100, avg halt num:0.2321567106283941
Episode:18/100, avg elec cons:0.6971790932658666
 Retrying in 1 seconds
Warning: Unused states in tlLogic 'J10', program '0' in phase 0 after tl-index 10
Simulation......
总奖励:-2054.8077300488158, 速度奖励:-1082.864326401, 加速度奖励:-772.7934036478036, 交通灯奖励:-199.14999999992935, 与前车进行交互的惩罚:0.0
Episode:19/100, Reward:-2054.8077300488158
Episode:19/100, avg speed:11.610730455707225
Episode:19/100, avg halt num:0.05169726359542778
Episode:19/100, avg elec cons:0.791015127030381
 Retrying in 1 seconds
Warning: Unused states in tlLogic 'J10', program '0' in phase 0 after tl-index 10
Simulation......
总奖励:-1454.9799773082173, 速度奖励:-778.6385566649996, 加速度奖励:-701.8414206432084, 交通灯奖励:25.499999999993758, 与前车进行交互的惩罚:0.0
Episode:20/100, Reward:-1454.9799773082173
Episode:20/100, avg speed:13.132747936836639
Episode:20/100, avg halt num:0.025342242503259452
Episode:20/100, avg elec cons:0.8978370269623255
 Retrying in 1 seconds
Warning: Unused states in tlLogic 'J10', program '0' in phase 0 after tl-index 10
Simulation......
总奖励:-1354.4000626235631, 速度奖励:-819.7267736700126, 加速度奖励:-527.5232889535574, 交通灯奖励:-7.150000000018941, 与前车进行交互的惩罚:0.0
Episode:21/100, Reward:-1354.4000626235631
Episode:21/100, avg speed:12.3032281581311
Episode:21/100, avg halt num:0.02386934673366834
Episode:21/100, avg elec cons:1.158078862943268
 Retrying in 1 seconds
Warning: Unused states in tlLogic 'J10', program '0' in phase 0 after tl-index 10
Simulation......
总奖励:-1161.4655563240103, 速度奖励:-668.2381366860035, 加速度奖励:-530.2274196380052, 交通灯奖励:36.99999999999719, 与前车进行交互的惩罚:0.0
Episode:22/100, Reward:-1161.4655563240103
Episode:22/100, avg speed:13.26338192459817
Episode:22/100, avg halt num:0.005700325732899023
Episode:22/100, avg elec cons:1.230130575923523
 Retrying in 1 seconds
Warning: Unused states in tlLogic 'J10', program '0' in phase 0 after tl-index 10
Simulation......
总奖励:-1221.4289738379673, 速度奖励:-737.2226610990049, 加速度奖励:-556.4063127389644, 交通灯奖励:72.1999999999744, 与前车进行交互的惩罚:0.0
Episode:23/100, Reward:-1221.4289738379673
Episode:23/100, avg speed:13.06191809666209
Episode:23/100, avg halt num:0.009480222294867604
Episode:23/100, avg elec cons:0.8324948255966862
 Retrying in 1 seconds
Warning: Unused states in tlLogic 'J10', program '0' in phase 0 after tl-index 10
Simulation......
总奖励:-1442.3834844965493, 速度奖励:-773.474543082008, 加速度奖励:-691.2089414145386, 交通灯奖励:22.30000000000196, 与前车进行交互的惩罚:0.0
Episode:24/100, Reward:-1442.3834844965493
Episode:24/100, avg speed:13.014502645268676
Episode:24/100, avg halt num:0.01746083550913838
Episode:24/100, avg elec cons:1.0461058342130813
 Retrying in 1 seconds
Warning: Unused states in tlLogic 'J10', program '0' in phase 0 after tl-index 10
Simulation......
总奖励:-1244.4726462146741, 速度奖励:-646.6088998710052, 加速度奖励:-540.1637463436648, 交通灯奖励:-57.7000000000219, 与前车进行交互的惩罚:0.0
Episode:25/100, Reward:-1244.4726462146741
Episode:25/100, avg speed:13.649994171923186
Episode:25/100, avg halt num:0.02161214953271028
Episode:25/100, avg elec cons:1.117915347947812
 Retrying in 1 seconds
Warning: Unused states in tlLogic 'J10', program '0' in phase 0 after tl-index 10
Simulation......
总奖励:-1216.9976098575612, 速度奖励:-759.6094003470083, 加速度奖励:-409.5382095105511, 交通灯奖励:-47.850000000010596, 与前车进行交互的惩罚:0.0
Episode:26/100, Reward:-1216.9976098575612
Episode:26/100, avg speed:12.703623117078248
Episode:26/100, avg halt num:0.0037128712871287127
Episode:26/100, avg elec cons:1.0939831617225333
 Retrying in 1 seconds
Warning: Unused states in tlLogic 'J10', program '0' in phase 0 after tl-index 10
Simulation......
总奖励:-1021.3464572926587, 速度奖励:-674.233338321007, 加速度奖励:-396.6631189716549, 交通灯奖励:49.54999999998867, 与前车进行交互的惩罚:0.0
Episode:27/100, Reward:-1021.3464572926587
Episode:27/100, avg speed:13.42291892048888
Episode:27/100, avg halt num:0.007836720633827076
Episode:27/100, avg elec cons:1.1535773710590358
 Retrying in 1 seconds
Warning: Unused states in tlLogic 'J10', program '0' in phase 0 after tl-index 10
Simulation......
总奖励:-2829.6168921028184, 速度奖励:-1453.9666011479844, 加速度奖励:-505.50029095478726, 交通灯奖励:-870.1500000004199, 与前车进行交互的惩罚:0.0
Episode:28/100, Reward:-2829.6168921028184
Episode:28/100, avg speed:10.133427828629264
Episode:28/100, avg halt num:0.22979599843075715
Episode:28/100, avg elec cons:0.6580463166384488
 Retrying in 1 seconds
Warning: Unused states in tlLogic 'J10', program '0' in phase 0 after tl-index 10
Simulation......
总奖励:-3452.878187447462, 速度奖励:-1877.7143459519457, 加速度奖励:-579.8138414954102, 交通灯奖励:-995.3500000004733, 与前车进行交互的惩罚:0.0
Episode:29/100, Reward:-3452.878187447462
Episode:29/100, avg speed:9.464408179025575
Episode:29/100, avg halt num:0.4066430817610063
Episode:29/100, avg elec cons:0.5714633425743945
 Retrying in 1 seconds
Warning: Unused states in tlLogic 'J10', program '0' in phase 0 after tl-index 10
Simulation......
总奖励:-7348.791882127391, 速度奖励:-3037.896487251215, 加速度奖励:-658.5453948763088, 交通灯奖励:-3652.3499999977607, 与前车进行交互的惩罚:0.0
Episode:30/100, Reward:-7348.791882127391
Episode:30/100, avg speed:9.779542306463359
Episode:30/100, avg halt num:0.6401924375422012
Episode:30/100, avg elec cons:0.5458901058099089
 Retrying in 1 seconds
Warning: Unused states in tlLogic 'J10', program '0' in phase 0 after tl-index 10
Simulation......
总奖励:-1571.563613919777, 速度奖励:-1046.0978923860027, 加速度奖励:-416.11572153376943, 交通灯奖励:-109.35000000001911, 与前车进行交互的惩罚:0.0
Episode:31/100, Reward:-1571.563613919777
Episode:31/100, avg speed:11.745034965997055
Episode:31/100, avg halt num:0.025304347826086957
Episode:31/100, avg elec cons:0.7050869824019438
 Retrying in 1 seconds
Warning: Unused states in tlLogic 'J10', program '0' in phase 0 after tl-index 10
Simulation......
总奖励:-3284.889351287112, 速度奖励:-1880.6919028829634, 加速度奖励:-557.8474484040884, 交通灯奖励:-846.3500000005398, 与前车进行交互的惩罚:0.0
Episode:32/100, Reward:-3284.889351287112
Episode:32/100, avg speed:9.8781657065025
Episode:32/100, avg halt num:0.3204125177809388
Episode:32/100, avg elec cons:0.4030933381314764
 Retrying in 1 seconds
Warning: Unused states in tlLogic 'J10', program '0' in phase 0 after tl-index 10
Simulation......
总奖励:-2030.8608542292507, 速度奖励:-1358.5149651689765, 加速度奖励:-472.3458890602157, 交通灯奖励:-199.99999999993358, 与前车进行交互的惩罚:0.0
Episode:33/100, Reward:-2030.8608542292507
Episode:33/100, avg speed:10.635402178030127
Episode:33/100, avg halt num:0.18407138136153336
Episode:33/100, avg elec cons:0.47275780329613015
 Retrying in 1 seconds
Warning: Unused states in tlLogic 'J10', program '0' in phase 0 after tl-index 10
Simulation......
总奖励:-1550.4891750523543, 速度奖励:-1031.5613555819964, 加速度奖励:-372.9278194703379, 交通灯奖励:-145.9999999999635, 与前车进行交互的惩罚:0.0
Episode:34/100, Reward:-1550.4891750523543
Episode:34/100, avg speed:12.044542284477163
Episode:34/100, avg halt num:0.0801475519785379
Episode:34/100, avg elec cons:0.716859347981325
 Retrying in 1 seconds
Warning: Unused states in tlLogic 'J10', program '0' in phase 0 after tl-index 10
Simulation......
总奖励:-1222.1197030723781, 速度奖励:-675.2215013940026, 加速度奖励:-465.84820167837944, 交通灯奖励:-81.05000000002029, 与前车进行交互的惩罚:0.0
Episode:35/100, Reward:-1222.1197030723781
Episode:35/100, avg speed:13.550777294372796
Episode:35/100, avg halt num:0.026474899230487358
Episode:35/100, avg elec cons:1.4847237388483778
 Retrying in 1 seconds
Warning: Unused states in tlLogic 'J10', program '0' in phase 0 after tl-index 10
Simulation......
总奖励:-1108.3184317272055, 速度奖励:-685.3496753250038, 加速度奖励:-424.56875640220187, 交通灯奖励:1.600000000004327, 与前车进行交互的惩罚:0.0
Episode:36/100, Reward:-1108.3184317272055
Episode:36/100, avg speed:13.259380031120054
Episode:36/100, avg halt num:0.0042665214233841686
Episode:36/100, avg elec cons:1.5675848728596984
 Retrying in 1 seconds
Warning: Unused states in tlLogic 'J10', program '0' in phase 0 after tl-index 10
Simulation......
总奖励:-991.7003599844113, 速度奖励:-626.1668291970088, 加速度奖励:-354.28353078740804, 交通灯奖励:-11.249999999998062, 与前车进行交互的惩罚:0.0
Episode:37/100, Reward:-991.7003599844113
Episode:37/100, avg speed:13.021742341977154
Episode:37/100, avg halt num:0.0006242197253433209
Episode:37/100, avg elec cons:1.8948759446255397
 Retrying in 1 seconds
Warning: Unused states in tlLogic 'J10', program '0' in phase 0 after tl-index 10
Simulation......
总奖励:-767.5651140350914, 速度奖励:-512.2613271600001, 加速度奖励:-295.35378687508785, 交通灯奖励:40.05000000000284, 与前车进行交互的惩罚:0.0
Episode:38/100, Reward:-767.5651140350914
Episode:38/100, avg speed:14.016741909347164
Episode:38/100, avg halt num:0.00095565749235474
Episode:38/100, avg elec cons:1.5595677215491675
 Retrying in 1 seconds
Warning: Unused states in tlLogic 'J10', program '0' in phase 0 after tl-index 10
Simulation......
总奖励:-1004.2309920545732, 速度奖励:-620.2908641250036, 加速度奖励:-301.9401279295757, 交通灯奖励:-82.00000000001887, 与前车进行交互的惩罚:0.0
Episode:39/100, Reward:-1004.2309920545732
Episode:39/100, avg speed:13.640934622923076
Episode:39/100, avg halt num:0.002308481532147743
Episode:39/100, avg elec cons:1.329521027044881
 Retrying in 1 seconds
Warning: Unused states in tlLogic 'J10', program '0' in phase 0 after tl-index 10
Simulation......
总奖励:-847.6939025538048, 速度奖励:-576.3366518220026, 加速度奖励:-294.1072507318034, 交通灯奖励:22.750000000000938, 与前车进行交互的惩罚:0.0
Episode:40/100, Reward:-847.6939025538048
Episode:40/100, avg speed:13.82071521322623
Episode:40/100, avg halt num:0.005622052956111716
Episode:40/100, avg elec cons:1.457826366825438
 Retrying in 1 seconds
Warning: Unused states in tlLogic 'J10', program '0' in phase 0 after tl-index 10
Simulation......
总奖励:-829.9526377694498, 速度奖励:-578.773949571003, 加速度奖励:-304.2286881984418, 交通灯奖励:53.0499999999998, 与前车进行交互的惩罚:0.0
Episode:41/100, Reward:-829.9526377694498
Episode:41/100, avg speed:13.53974392747592
Episode:41/100, avg halt num:0.0002670940170940171
Episode:41/100, avg elec cons:1.2813979063589325
 Retrying in 1 seconds
Warning: Unused states in tlLogic 'J10', program '0' in phase 0 after tl-index 10
Simulation......
总奖励:-1005.8239310758626, 速度奖励:-674.584735149002, 加速度奖励:-379.78919592686077, 交通灯奖励:48.549999999995805, 与前车进行交互的惩罚:0.0
Episode:42/100, Reward:-1005.8239310758626
Episode:42/100, avg speed:12.931137276138308
Episode:42/100, avg halt num:0.004788213627992633
Episode:42/100, avg elec cons:1.255634000150035
 Retrying in 1 seconds
Warning: Unused states in tlLogic 'J10', program '0' in phase 0 after tl-index 10
Simulation......
总奖励:-1676.6326717711884, 速度奖励:-1110.8694974940051, 加速度奖励:-416.46317427718816, 交通灯奖励:-149.29999999991963, 与前车进行交互的惩罚:0.0
Episode:43/100, Reward:-1676.6326717711884
Episode:43/100, avg speed:11.030050345337187
Episode:43/100, avg halt num:0.03729760986892829
Episode:43/100, avg elec cons:0.8550064696416916
 Retrying in 1 seconds
Warning: Unused states in tlLogic 'J10', program '0' in phase 0 after tl-index 10
Simulation......
总奖励:-1392.8609968934825, 速度奖励:-917.4200225130043, 加速度奖励:-339.04097438047563, 交通灯奖励:-136.39999999997468, 与前车进行交互的惩罚:0.0
Episode:44/100, Reward:-1392.8609968934825
Episode:44/100, avg speed:12.102988513127002
Episode:44/100, avg halt num:0.021662328002975084
Episode:44/100, avg elec cons:1.2259267069298392
 Retrying in 1 seconds
Warning: Unused states in tlLogic 'J10', program '0' in phase 0 after tl-index 10
Simulation......
总奖励:-1065.9319614883598, 速度奖励:-794.9563433640061, 加速度奖励:-291.125618124359, 交通灯奖励:20.14999999999975, 与前车进行交互的惩罚:0.0
Episode:45/100, Reward:-1065.9319614883598
Episode:45/100, avg speed:12.214321434685864
Episode:45/100, avg halt num:0.017829306313328137
Episode:45/100, avg elec cons:1.2138544123128354
 Retrying in 1 seconds
Warning: Unused states in tlLogic 'J10', program '0' in phase 0 after tl-index 10
Simulation......
总奖励:-854.7507956439904, 速度奖励:-647.4281267610036, 加速度奖励:-261.272668882986, 交通灯奖励:53.949999999983206, 与前车进行交互的惩罚:0.0
Episode:46/100, Reward:-854.7507956439904
Episode:46/100, avg speed:13.802731121464438
Episode:46/100, avg halt num:0.005791190864600326
Episode:46/100, avg elec cons:1.1333103480268498
 Retrying in 1 seconds
Warning: Unused states in tlLogic 'J10', program '0' in phase 0 after tl-index 10
Simulation......
总奖励:-1049.0486564330854, 速度奖励:-825.2584540920038, 加速度奖励:-254.69020234107688, 交通灯奖励:30.899999999978586, 与前车进行交互的惩罚:0.0
Episode:47/100, Reward:-1049.0486564330854
Episode:47/100, avg speed:12.64964739001571
Episode:47/100, avg halt num:0.016810668670172804
Episode:47/100, avg elec cons:0.9926071987504989
 Retrying in 1 seconds
Warning: Unused states in tlLogic 'J10', program '0' in phase 0 after tl-index 10
Simulation......
总奖励:-1239.3806715059313, 速度奖励:-943.9339411439997, 加速度奖励:-318.9967303619238, 交通灯奖励:23.55000000000434, 与前车进行交互的惩罚:0.0
Episode:48/100, Reward:-1239.3806715059313
Episode:48/100, avg speed:11.96744844771592
Episode:48/100, avg halt num:0.06328751431844215
Episode:48/100, avg elec cons:0.9623428649973146
 Retrying in 1 seconds
Warning: Unused states in tlLogic 'J10', program '0' in phase 0 after tl-index 10
Simulation......
总奖励:-1412.965728942015, 速度奖励:-1076.7031907219807, 加速度奖励:-341.6125382199902, 交通灯奖励:5.349999999993592, 与前车进行交互的惩罚:0.0
Episode:49/100, Reward:-1412.965728942015
Episode:49/100, avg speed:11.648281393348505
Episode:49/100, avg halt num:0.0899821375409348
Episode:49/100, avg elec cons:0.5894142828877006
 Retrying in 1 seconds
Warning: Unused states in tlLogic 'J10', program '0' in phase 0 after tl-index 10
Simulation......
总奖励:-5038.820204048305, 速度奖励:-2427.025649832052, 加速度奖励:-878.9945542161987, 交通灯奖励:-1732.8000000004743, 与前车进行交互的惩罚:0.0
Episode:50/100, Reward:-5038.820204048305
Episode:50/100, avg speed:8.780109258048489
Episode:50/100, avg halt num:0.43285024154589374
Episode:50/100, avg elec cons:0.33973253519644914
 Retrying in 1 seconds
Warning: Unused states in tlLogic 'J10', program '0' in phase 0 after tl-index 10
Simulation......
总奖励:-7200.347703318046, 速度奖励:-3007.554769062259, 加速度奖励:-836.2429342559436, 交通灯奖励:-3356.549999997948, 与前车进行交互的惩罚:0.0
Episode:51/100, Reward:-7200.347703318046
Episode:51/100, avg speed:8.840580942295137
Episode:51/100, avg halt num:0.6028030065768869
Episode:51/100, avg elec cons:0.2988226276255069
 Retrying in 1 seconds
Warning: Unused states in tlLogic 'J10', program '0' in phase 0 after tl-index 10
Simulation......
总奖励:-2019.0813832141005, 速度奖励:-1312.4474008379918, 加速度奖励:-390.933982376076, 交通灯奖励:-315.69999999988903, 与前车进行交互的惩罚:0.0
Episode:52/100, Reward:-2019.0813832141005
Episode:52/100, avg speed:11.228716675491125
Episode:52/100, avg halt num:0.11776061776061776
Episode:52/100, avg elec cons:0.6457264134033508
 Retrying in 1 seconds
Warning: Unused states in tlLogic 'J10', program '0' in phase 0 after tl-index 10
Simulation......
总奖励:-1532.7501836073222, 速度奖励:-1150.3201912199982, 加速度奖励:-375.42999238730255, 交通灯奖励:-7.000000000013362, 与前车进行交互的惩罚:0.0
Episode:53/100, Reward:-1532.7501836073222
Episode:53/100, avg speed:11.323772879559295
Episode:53/100, avg halt num:0.07498357424441525
Episode:53/100, avg elec cons:0.5754728919876901
 Retrying in 1 seconds
Warning: Unused states in tlLogic 'J10', program '0' in phase 0 after tl-index 10
Simulation......
总奖励:-1139.820900951902, 速度奖励:-962.5259782890014, 加速度奖励:-296.1449226629012, 交通灯奖励:118.84999999998402, 与前车进行交互的惩罚:0.0
Episode:54/100, Reward:-1139.820900951902
Episode:54/100, avg speed:12.041409591888982
Episode:54/100, avg halt num:0.006932557343375556
Episode:54/100, avg elec cons:0.7184319604153964
 Retrying in 1 seconds
Warning: Unused states in tlLogic 'J10', program '0' in phase 0 after tl-index 10
Simulation......
总奖励:-1695.2580169559083, 速度奖励:-1015.4221505819826, 加速度奖励:-434.78586637389463, 交通灯奖励:-245.04999999991762, 与前车进行交互的惩罚:0.0
Episode:55/100, Reward:-1695.2580169559083
Episode:55/100, avg speed:11.137191941752985
Episode:55/100, avg halt num:0.1368351565447001
Episode:55/100, avg elec cons:0.8910785193688363
 Retrying in 1 seconds
Warning: Unused states in tlLogic 'J10', program '0' in phase 0 after tl-index 10
Simulation......
总奖励:-3219.785858120388, 速度奖励:-1658.1620029139676, 加速度奖励:-541.8238552063652, 交通灯奖励:-1019.8000000004619, 与前车进行交互的惩罚:0.0
Episode:56/100, Reward:-3219.785858120388
Episode:56/100, avg speed:10.163948084589647
Episode:56/100, avg halt num:0.2953739808578518
Episode:56/100, avg elec cons:0.5130912634585165
 Retrying in 1 seconds
Warning: Unused states in tlLogic 'J10', program '0' in phase 0 after tl-index 10
Simulation......
总奖励:-1987.1359971349334, 速度奖励:-1320.4766691809712, 加速度奖励:-401.20932795389234, 交通灯奖励:-265.44999999988545, 与前车进行交互的惩罚:0.0
Episode:57/100, Reward:-1987.1359971349334
Episode:57/100, avg speed:10.23813322625175
Episode:57/100, avg halt num:0.22592295345104335
Episode:57/100, avg elec cons:0.6501537809183121
 Retrying in 1 seconds
Warning: Unused states in tlLogic 'J10', program '0' in phase 0 after tl-index 10
Simulation......
总奖励:-1311.7257115486605, 速度奖励:-985.1055560819982, 加速度奖励:-323.87015546664486, 交通灯奖励:-2.7500000000109397, 与前车进行交互的惩罚:0.0
Episode:58/100, Reward:-1311.7257115486605
Episode:58/100, avg speed:11.772095617771672
Episode:58/100, avg halt num:0.0720124562086415
Episode:58/100, avg elec cons:0.8073629695659775
 Retrying in 1 seconds
Warning: Unused states in tlLogic 'J10', program '0' in phase 0 after tl-index 10
Simulation......
总奖励:-1241.2232689042355, 速度奖励:-778.6266269130091, 加速度奖励:-357.2966419912345, 交通灯奖励:-105.30000000001212, 与前车进行交互的惩罚:0.0
Episode:59/100, Reward:-1241.2232689042355
Episode:59/100, avg speed:12.845075176429962
Episode:59/100, avg halt num:0.0028079371022089105
Episode:59/100, avg elec cons:1.5657581704689796
 Retrying in 1 seconds
Warning: Unused states in tlLogic 'J10', program '0' in phase 0 after tl-index 10
Simulation......
总奖励:-1314.9682390114194, 速度奖励:-720.2493122850051, 加速度奖励:-364.51892672640946, 交通灯奖励:-230.19999999991526, 与前车进行交互的惩罚:0.0
Episode:60/100, Reward:-1314.9682390114194
Episode:60/100, avg speed:13.373792232572898
Episode:60/100, avg halt num:0.019513389941214893
Episode:60/100, avg elec cons:1.080707705336368
 Retrying in 1 seconds
Warning: Unused states in tlLogic 'J10', program '0' in phase 0 after tl-index 10
Simulation......
总奖励:-1053.2892297539317, 速度奖励:-747.999527130003, 加速度奖励:-290.7897026239257, 交通灯奖励:-14.499999999995971, 与前车进行交互的惩罚:0.0
Episode:61/100, Reward:-1053.2892297539317
Episode:61/100, avg speed:12.307386655555476
Episode:61/100, avg halt num:0.033778552071235
Episode:61/100, avg elec cons:1.251991621103889
 Retrying in 1 seconds
Warning: Unused states in tlLogic 'J10', program '0' in phase 0 after tl-index 10
Simulation......
总奖励:-962.7039742009381, 速度奖励:-740.982068361003, 加速度奖励:-245.37190583992657, 交通灯奖励:23.649999999994478, 与前车进行交互的惩罚:0.0
Episode:62/100, Reward:-962.7039742009381
Episode:62/100, avg speed:12.90008488753832
Episode:62/100, avg halt num:0.01323428961748634
Episode:62/100, avg elec cons:0.9572882812714844
 Retrying in 1 seconds
Warning: Unused states in tlLogic 'J10', program '0' in phase 0 after tl-index 10
Simulation......
总奖励:-991.8042962240374, 速度奖励:-832.5043044660091, 加速度奖励:-229.54999175803664, 交通灯奖励:70.24999999997523, 与前车进行交互的惩罚:0.0
Episode:63/100, Reward:-991.8042962240374
Episode:63/100, avg speed:12.759258043043008
Episode:63/100, avg halt num:0.021742697735477517
Episode:63/100, avg elec cons:0.755950823431163
 Retrying in 1 seconds
Warning: Unused states in tlLogic 'J10', program '0' in phase 0 after tl-index 10
Simulation......
总奖励:-920.4163335566436, 速度奖励:-784.6321309110095, 加速度奖励:-201.7342026456382, 交通灯奖励:65.94999999998814, 与前车进行交互的惩罚:0.0
Episode:64/100, Reward:-920.4163335566436
Episode:64/100, avg speed:12.47385033714921
Episode:64/100, avg halt num:0.006351251840942563
Episode:64/100, avg elec cons:0.9285308524918372
 Retrying in 1 seconds
Warning: Unused states in tlLogic 'J10', program '0' in phase 0 after tl-index 10
Simulation......
总奖励:-917.6376890322628, 速度奖励:-752.9677383150062, 加速度奖励:-222.5199507172573, 交通灯奖励:57.84999999998672, 与前车进行交互的惩罚:0.0
Episode:65/100, Reward:-917.6376890322628
Episode:65/100, avg speed:12.935280485840916
Episode:65/100, avg halt num:0.01929918178584134
Episode:65/100, avg elec cons:0.8833234037518659
 Retrying in 1 seconds
Warning: Unused states in tlLogic 'J10', program '0' in phase 0 after tl-index 10
Simulation......
总奖励:-1006.3325856282947, 速度奖励:-819.0127351260032, 加速度奖励:-211.46985050228955, 交通灯奖励:24.15000000000427, 与前车进行交互的惩罚:0.0
Episode:66/100, Reward:-1006.3325856282947
Episode:66/100, avg speed:13.43241019840616
Episode:66/100, avg halt num:0.015096427442301613
Episode:66/100, avg elec cons:0.8297069026401964
 Retrying in 1 seconds
Warning: Unused states in tlLogic 'J10', program '0' in phase 0 after tl-index 10
Simulation......
总奖励:-840.7921332630035, 速度奖励:-715.5647433540065, 加速度奖励:-213.07738990899887, 交通灯奖励:87.84999999998574, 与前车进行交互的惩罚:0.0
Episode:67/100, Reward:-840.7921332630035
Episode:67/100, avg speed:13.587145516071198
Episode:67/100, avg halt num:0.01006217277486911
Episode:67/100, avg elec cons:0.9953770766645959
 Retrying in 1 seconds
Warning: Unused states in tlLogic 'J10', program '0' in phase 0 after tl-index 10
Simulation......
总奖励:-793.5452856787108, 速度奖励:-691.130356299009, 加速度奖励:-199.8649293797059, 交通灯奖励:97.44999999998468, 与前车进行交互的惩罚:0.0
Episode:68/100, Reward:-793.5452856787108
Episode:68/100, avg speed:13.650380521423727
Episode:68/100, avg halt num:0.00041569670768207517
Episode:68/100, avg elec cons:0.999853540784607
 Retrying in 1 seconds
Warning: Unused states in tlLogic 'J10', program '0' in phase 0 after tl-index 10
Simulation......
总奖励:-1075.3172126093284, 速度奖励:-977.9183368290038, 加速度奖励:-249.9988757803271, 交通灯奖励:152.6000000000033, 与前车进行交互的惩罚:0.0
Episode:69/100, Reward:-1075.3172126093284
Episode:69/100, avg speed:12.295613536769448
Episode:69/100, avg halt num:0.003940588056986966
Episode:69/100, avg elec cons:0.5412197846596701
 Retrying in 1 seconds
Warning: Unused states in tlLogic 'J10', program '0' in phase 0 after tl-index 10
Simulation......
总奖励:-1595.9786370836307, 速度奖励:-1171.3998264929785, 加速度奖励:-339.4288105906111, 交通灯奖励:-85.15000000002682, 与前车进行交互的惩罚:0.0
Episode:70/100, Reward:-1595.9786370836307
Episode:70/100, avg speed:11.053964842646463
Episode:70/100, avg halt num:0.10402843601895735
Episode:70/100, avg elec cons:0.4657552704765347
 Retrying in 1 seconds
Warning: Unused states in tlLogic 'J10', program '0' in phase 0 after tl-index 10
Simulation......
总奖励:-1353.6026761390658, 速度奖励:-989.1492997499995, 加速度奖励:-322.4033763890543, 交通灯奖励:-42.05000000001896, 与前车进行交互的惩罚:0.0
Episode:71/100, Reward:-1353.6026761390658
Episode:71/100, avg speed:12.08301534558447
Episode:71/100, avg halt num:0.0391430412371134
Episode:71/100, avg elec cons:0.6409862991743447
 Retrying in 1 seconds
Warning: Unused states in tlLogic 'J10', program '0' in phase 0 after tl-index 10
Simulation......
总奖励:-1126.4900633083614, 速度奖励:-826.6118012640032, 加速度奖励:-351.3782620443624, 交通灯奖励:51.499999999986684, 与前车进行交互的惩罚:0.0
Episode:72/100, Reward:-1126.4900633083614
Episode:72/100, avg speed:11.767113536313964
Episode:72/100, avg halt num:0.023085585585585586
Episode:72/100, avg elec cons:1.0062658117935077
 Retrying in 1 seconds
Warning: Unused states in tlLogic 'J10', program '0' in phase 0 after tl-index 10
Simulation......
总奖励:-1155.8519136882312, 速度奖励:-892.2438998280018, 加速度奖励:-280.25801386022334, 交通灯奖励:16.65000000000527, 与前车进行交互的惩罚:0.0
Episode:73/100, Reward:-1155.8519136882312
Episode:73/100, avg speed:12.526210498737305
Episode:73/100, avg halt num:0.023218921257571388
Episode:73/100, avg elec cons:0.5911597377576291
 Retrying in 1 seconds
Warning: Unused states in tlLogic 'J10', program '0' in phase 0 after tl-index 10
Simulation......
总奖励:-2555.637557231254, 速度奖励:-1564.1740457909775, 加速度奖励:-419.46351144020457, 交通灯奖励:-571.9999999999468, 与前车进行交互的惩罚:0.0
Episode:74/100, Reward:-2555.637557231254
Episode:74/100, avg speed:11.1961037915319
Episode:74/100, avg halt num:0.21926499670402108
Episode:74/100, avg elec cons:0.46486187729218414
 Retrying in 1 seconds
Warning: Unused states in tlLogic 'J10', program '0' in phase 0 after tl-index 10
Simulation......
总奖励:-2245.894636638897, 速度奖励:-1186.8905663909975, 加速度奖励:-552.6040702478697, 交通灯奖励:-506.39999999990636, 与前车进行交互的惩罚:0.0
Episode:75/100, Reward:-2245.894636638897
Episode:75/100, avg speed:11.515833568173981
Episode:75/100, avg halt num:0.06503541532517708
Episode:75/100, avg elec cons:0.6687997628461791
 Retrying in 1 seconds
Warning: Unused states in tlLogic 'J10', program '0' in phase 0 after tl-index 10
Simulation......
总奖励:-1665.1970746673537, 速度奖励:-1035.3798587429974, 加速度奖励:-384.1172159243331, 交通灯奖励:-245.6999999999382, 与前车进行交互的惩罚:0.0
Episode:76/100, Reward:-1665.1970746673537
Episode:76/100, avg speed:11.44533150955229
Episode:76/100, avg halt num:0.06271912738605376
Episode:76/100, avg elec cons:0.8913160815987471
 Retrying in 1 seconds
Warning: Unused states in tlLogic 'J10', program '0' in phase 0 after tl-index 10
Simulation......
总奖励:-1615.6880263060966, 速度奖励:-908.0028560609985, 加速度奖励:-494.63517024508496, 交通灯奖励:-213.0500000000018, 与前车进行交互的惩罚:0.0
Episode:77/100, Reward:-1615.6880263060966
Episode:77/100, avg speed:12.26503510724574
Episode:77/100, avg halt num:0.07548076923076923
Episode:77/100, avg elec cons:0.9305573830330143
 Retrying in 1 seconds
Warning: Unused states in tlLogic 'J10', program '0' in phase 0 after tl-index 10
Simulation......
总奖励:-1511.9460481736166, 速度奖励:-842.3570485799983, 加速度奖励:-470.78899959360376, 交通灯奖励:-198.79999999995843, 与前车进行交互的惩罚:0.0
Episode:78/100, Reward:-1511.9460481736166
Episode:78/100, avg speed:12.18728192298098
Episode:78/100, avg halt num:0.054030710172744724
Episode:78/100, avg elec cons:0.9042919211188757
 Retrying in 1 seconds
Warning: Unused states in tlLogic 'J10', program '0' in phase 0 after tl-index 10
Simulation......
总奖励:-1737.1563343618866, 速度奖励:-808.9362928440027, 加速度奖励:-581.6200415178793, 交通灯奖励:-346.59999999992027, 与前车进行交互的惩罚:0.0
Episode:79/100, Reward:-1737.1563343618866
Episode:79/100, avg speed:12.412507378172101
Episode:79/100, avg halt num:0.049132947976878616
Episode:79/100, avg elec cons:0.9584096947264915
 Retrying in 1 seconds
Warning: Unused states in tlLogic 'J10', program '0' in phase 0 after tl-index 10
Simulation......
总奖励:-1842.0935190244252, 速度奖励:-974.9836707119952, 加速度奖励:-661.7098483124157, 交通灯奖励:-205.3999999999293, 与前车进行交互的惩罚:0.0
Episode:80/100, Reward:-1842.0935190244252
Episode:80/100, avg speed:11.826376471840398
Episode:80/100, avg halt num:0.055864509605662284
Episode:80/100, avg elec cons:0.6888456845558173
 Retrying in 1 seconds
Warning: Unused states in tlLogic 'J10', program '0' in phase 0 after tl-index 10
Simulation......
总奖励:-2322.334517685305, 速度奖励:-1333.6951794209856, 加速度奖励:-546.5893382642784, 交通灯奖励:-442.04999999989616, 与前车进行交互的惩罚:0.0
Episode:81/100, Reward:-2322.334517685305
Episode:81/100, avg speed:10.418538996189353
Episode:81/100, avg halt num:0.14925243393602225
Episode:81/100, avg elec cons:0.5848072867479243
 Retrying in 1 seconds
Warning: Unused states in tlLogic 'J10', program '0' in phase 0 after tl-index 10
Simulation......
总奖励:-2581.048509801724, 速度奖励:-1643.2501712039532, 加速度奖励:-498.7983385977001, 交通灯奖励:-438.9999999999048, 与前车进行交互的惩罚:0.0
Episode:82/100, Reward:-2581.048509801724
Episode:82/100, avg speed:9.783775620891367
Episode:82/100, avg halt num:0.2926739926739927
Episode:82/100, avg elec cons:0.4655086188055576
 Retrying in 1 seconds
Warning: Unused states in tlLogic 'J10', program '0' in phase 0 after tl-index 10
Simulation......
总奖励:-3257.3343593180484, 速度奖励:-1942.335961316937, 加速度奖励:-742.2483980010036, 交通灯奖励:-572.7499999999768, 与前车进行交互的惩罚:0.0
Episode:83/100, Reward:-3257.3343593180484
Episode:83/100, avg speed:9.541688624097699
Episode:83/100, avg halt num:0.34966485796361313
Episode:83/100, avg elec cons:0.3946945697483739
 Retrying in 1 seconds
Warning: Unused states in tlLogic 'J10', program '0' in phase 0 after tl-index 10
Simulation......
总奖励:-2951.411901907299, 速度奖励:-1708.2016524809587, 加速度奖励:-702.4102494262762, 交通灯奖励:-540.7999999999548, 与前车进行交互的惩罚:0.0
Episode:84/100, Reward:-2951.411901907299
Episode:84/100, avg speed:9.311741820767297
Episode:84/100, avg halt num:0.3360383622279602
Episode:84/100, avg elec cons:0.5511599426333498
 Retrying in 1 seconds
Warning: Unused states in tlLogic 'J10', program '0' in phase 0 after tl-index 10
Simulation......
总奖励:-2499.0278925696894, 速度奖励:-1536.0644109059692, 加速度奖励:-514.7634816636538, 交通灯奖励:-448.19999999987203, 与前车进行交互的惩罚:0.0
Episode:85/100, Reward:-2499.0278925696894
Episode:85/100, avg speed:10.601329174228551
Episode:85/100, avg halt num:0.22076449627470035
Episode:85/100, avg elec cons:0.48768882920223466
 Retrying in 1 seconds
Warning: Unused states in tlLogic 'J10', program '0' in phase 0 after tl-index 10
Simulation......
总奖励:-1388.1297462267337, 速度奖励:-952.134658118998, 加速度奖励:-356.59508810772434, 交通灯奖励:-79.40000000002408, 与前车进行交互的惩罚:0.0
Episode:86/100, Reward:-1388.1297462267337
Episode:86/100, avg speed:12.292735528018191
Episode:86/100, avg halt num:0.05688350983358548
Episode:86/100, avg elec cons:0.5718934755142921
 Retrying in 1 seconds
Warning: Unused states in tlLogic 'J10', program '0' in phase 0 after tl-index 10
Simulation......
总奖励:-2172.89337332058, 速度奖励:-1471.2481762289915, 加速度奖励:-446.9451970915473, 交通灯奖励:-254.69999999989528, 与前车进行交互的惩罚:0.0
Episode:87/100, Reward:-2172.89337332058
Episode:87/100, avg speed:9.832777440223383
Episode:87/100, avg halt num:0.20200317334391116
Episode:87/100, avg elec cons:0.4825920828183387
 Retrying in 1 seconds
Warning: Unused states in tlLogic 'J10', program '0' in phase 0 after tl-index 10
Simulation......
总奖励:-2833.9683837278494, 速度奖励:-1740.558685841965, 加速度奖励:-523.8096978858135, 交通灯奖励:-569.6000000002018, 与前车进行交互的惩罚:0.0
Episode:88/100, Reward:-2833.9683837278494
Episode:88/100, avg speed:10.474332171015167
Episode:88/100, avg halt num:0.26128979857050033
Episode:88/100, avg elec cons:0.43908848484449015
 Retrying in 1 seconds
Warning: Unused states in tlLogic 'J10', program '0' in phase 0 after tl-index 10
Simulation......
总奖励:-4738.062307094422, 速度奖励:-1901.440004894961, 加速度奖励:-1316.922302199388, 交通灯奖励:-1519.7000000004657, 与前车进行交互的惩罚:0.0
Episode:89/100, Reward:-4738.062307094422
Episode:89/100, avg speed:9.217996938644568
Episode:89/100, avg halt num:0.37246403541128736
Episode:89/100, avg elec cons:0.8026944444091039
 Retrying in 1 seconds
Warning: Unused states in tlLogic 'J10', program '0' in phase 0 after tl-index 10
Simulation......
总奖励:-3352.688668770014, 速度奖励:-1355.45241261599, 加速度奖励:-1129.9862561540044, 交通灯奖励:-867.2500000003552, 与前车进行交互的惩罚:0.0
Episode:90/100, Reward:-3352.688668770014
Episode:90/100, avg speed:10.238168000672728
Episode:90/100, avg halt num:0.1128060263653484
Episode:90/100, avg elec cons:0.9343686591653432
 Retrying in 1 seconds
Warning: Unused states in tlLogic 'J10', program '0' in phase 0 after tl-index 10
Simulation......
总奖励:-4832.142481097502, 速度奖励:-1824.8483962709718, 加速度奖励:-1451.9440848264685, 交通灯奖励:-1555.3500000004342, 与前车进行交互的惩罚:0.0
Episode:91/100, Reward:-4832.142481097502
Episode:91/100, avg speed:9.04536281821273
Episode:91/100, avg halt num:0.25346053123830903
Episode:91/100, avg elec cons:0.6842631857141258
 Retrying in 1 seconds
Warning: Unused states in tlLogic 'J10', program '0' in phase 0 after tl-index 10
Simulation......
总奖励:-1722.1143559380373, 速度奖励:-1204.7455944449985, 加速度奖励:-457.16876149301333, 交通灯奖励:-60.200000000020104, 与前车进行交互的惩罚:0.0
Episode:92/100, Reward:-1722.1143559380373
Episode:92/100, avg speed:10.786964294001404
Episode:92/100, avg halt num:0.10619469026548672
Episode:92/100, avg elec cons:0.6257689736944189
 Retrying in 1 seconds
Warning: Unused states in tlLogic 'J10', program '0' in phase 0 after tl-index 10
Simulation......
总奖励:-1475.2058515264594, 速度奖励:-856.2156916230059, 加速度奖励:-560.9401599034529, 交通灯奖励:-58.05000000002604, 与前车进行交互的惩罚:0.0
Episode:93/100, Reward:-1475.2058515264594
Episode:93/100, avg speed:12.109743610854869
Episode:93/100, avg halt num:0.03326732673267327
Episode:93/100, avg elec cons:0.9758786662724126
 Retrying in 1 seconds
Warning: Unused states in tlLogic 'J10', program '0' in phase 0 after tl-index 10
Simulation......
总奖励:-8528.004483014007, 速度奖励:-2815.6719121112733, 加速度奖励:-2644.4325709029717, 交通灯奖励:-3067.899999998893, 与前车进行交互的惩罚:0.0
Episode:94/100, Reward:-8528.004483014007
Episode:94/100, avg speed:7.987845568467079
Episode:94/100, avg halt num:0.5319229602669093
Episode:94/100, avg elec cons:0.513912762221908
 Retrying in 1 seconds
Warning: Unused states in tlLogic 'J10', program '0' in phase 0 after tl-index 10
Simulation......
总奖励:-22983.618175996813, 速度奖励:-4941.608855427497, 加速度奖励:-7702.709320571619, 交通灯奖励:-10339.300000004798, 与前车进行交互的惩罚:0.0
Episode:95/100, Reward:-22983.618175996813
Episode:95/100, avg speed:5.521395570496677
Episode:95/100, avg halt num:0.5917218543046358
Episode:95/100, avg elec cons:0.7237064369424309
 Retrying in 1 seconds
Warning: Unused states in tlLogic 'J10', program '0' in phase 0 after tl-index 10
Simulation......
总奖励:-23917.24127935735, 速度奖励:-4936.7553679084385, 加速度奖励:-7966.235911451055, 交通灯奖励:-11014.250000006612, 与前车进行交互的惩罚:0.0
Episode:96/100, Reward:-23917.24127935735
Episode:96/100, avg speed:4.629243724671194
Episode:96/100, avg halt num:0.5095598845598845
Episode:96/100, avg elec cons:0.8003436926348639
 Retrying in 1 seconds
Warning: Unused states in tlLogic 'J10', program '0' in phase 0 after tl-index 10
Simulation......
总奖励:-23338.54814407196, 速度奖励:-5008.9643362894785, 加速度奖励:-7331.483807784978, 交通灯奖励:-10998.100000006676, 与前车进行交互的惩罚:0.0
Episode:97/100, Reward:-23338.54814407196
Episode:97/100, avg speed:6.473035397289603
Episode:97/100, avg halt num:0.5481829980532122
Episode:97/100, avg elec cons:0.6825646730992304
 Retrying in 1 seconds
Warning: Unused states in tlLogic 'J10', program '0' in phase 0 after tl-index 10
Simulation......
总奖励:-22397.148613298596, 速度奖励:-4933.485745299466, 加速度奖励:-6624.212868001429, 交通灯奖励:-10839.450000006407, 与前车进行交互的惩罚:0.0
Episode:98/100, Reward:-22397.148613298596
Episode:98/100, avg speed:4.688561846319119
Episode:98/100, avg halt num:0.6082089552238806
Episode:98/100, avg elec cons:0.7064075891501861
 Retrying in 1 seconds
Warning: Unused states in tlLogic 'J10', program '0' in phase 0 after tl-index 10
Simulation......
总奖励:-23314.87556998844, 速度奖励:-4897.915868970353, 加速度奖励:-7744.659701020091, 交通灯奖励:-10672.300000005991, 与前车进行交互的惩罚:0.0
Episode:99/100, Reward:-23314.87556998844
Episode:99/100, avg speed:6.245544578130218
Episode:99/100, avg halt num:0.4427516158818098
Episode:99/100, avg elec cons:0.6712334331932739
 Retrying in 1 seconds
Warning: Unused states in tlLogic 'J10', program '0' in phase 0 after tl-index 10
Simulation......
总奖励:-18569.705165795032, 速度奖励:-4099.805270631429, 加速度奖励:-5556.099895165831, 交通灯奖励:-8913.800000001755, 与前车进行交互的惩罚:0.0
Episode:100/100, Reward:-18569.705165795032
Episode:100/100, avg speed:7.80255207272039
Episode:100/100, avg halt num:0.46771628498727735
Episode:100/100, avg elec cons:0.689982051242486
model saved successfully!
Complete training!
final reward list:[-4542.945834661261, -5335.2063046983185, -3773.3405236958997, -4529.749718008057, -5021.2326468876945, -3550.927235492913, -3134.9389211266107, -3251.3411906474425, -1800.308176534384, -1821.8764748758936, -2467.209209172847, -2985.0753379135244, -2126.889182814542, -3535.083211919894, -2649.6828761154, -2316.250187098555, -2676.0172003122298, -3131.763659481212, -2054.8077300488158, -1454.9799773082173, -1354.4000626235631, -1161.4655563240103, -1221.4289738379673, -1442.3834844965493, -1244.4726462146741, -1216.9976098575612, -1021.3464572926587, -2829.6168921028184, -3452.878187447462, -7348.791882127391, -1571.563613919777, -3284.889351287112, -2030.8608542292507, -1550.4891750523543, -1222.1197030723781, -1108.3184317272055, -991.7003599844113, -767.5651140350914, -1004.2309920545732, -847.6939025538048, -829.9526377694498, -1005.8239310758626, -1676.6326717711884, -1392.8609968934825, -1065.9319614883598, -854.7507956439904, -1049.0486564330854, -1239.3806715059313, -1412.965728942015, -5038.820204048305, -7200.347703318046, -2019.0813832141005, -1532.7501836073222, -1139.820900951902, -1695.2580169559083, -3219.785858120388, -1987.1359971349334, -1311.7257115486605, -1241.2232689042355, -1314.9682390114194, -1053.2892297539317, -962.7039742009381, -991.8042962240374, -920.4163335566436, -917.6376890322628, -1006.3325856282947, -840.7921332630035, -793.5452856787108, -1075.3172126093284, -1595.9786370836307, -1353.6026761390658, -1126.4900633083614, -1155.8519136882312, -2555.637557231254, -2245.894636638897, -1665.1970746673537, -1615.6880263060966, -1511.9460481736166, -1737.1563343618866, -1842.0935190244252, -2322.334517685305, -2581.048509801724, -3257.3343593180484, -2951.411901907299, -2499.0278925696894, -1388.1297462267337, -2172.89337332058, -2833.9683837278494, -4738.062307094422, -3352.688668770014, -4832.142481097502, -1722.1143559380373, -1475.2058515264594, -8528.004483014007, -22983.618175996813, -23917.24127935735, -23338.54814407196, -22397.148613298596, -23314.87556998844, -18569.705165795032]
final speed list:[14.437917980568516, 14.017458994774065, 15.592826963578748, 13.696350774508506, 11.416787823918826, 10.738625309987471, 11.128366985700064, 11.240491156222873, 12.54045522445263, 12.80756022044036, 11.77327533352617, 10.769114940464371, 13.671093975729335, 11.83581184443988, 10.904874052418826, 11.208616301708823, 11.198546802598772, 9.429650848736834, 11.610730455707225, 13.132747936836639, 12.3032281581311, 13.26338192459817, 13.06191809666209, 13.014502645268676, 13.649994171923186, 12.703623117078248, 13.42291892048888, 10.133427828629264, 9.464408179025575, 9.779542306463359, 11.745034965997055, 9.8781657065025, 10.635402178030127, 12.044542284477163, 13.550777294372796, 13.259380031120054, 13.021742341977154, 14.016741909347164, 13.640934622923076, 13.82071521322623, 13.53974392747592, 12.931137276138308, 11.030050345337187, 12.102988513127002, 12.214321434685864, 13.802731121464438, 12.64964739001571, 11.96744844771592, 11.648281393348505, 8.780109258048489, 8.840580942295137, 11.228716675491125, 11.323772879559295, 12.041409591888982, 11.137191941752985, 10.163948084589647, 10.23813322625175, 11.772095617771672, 12.845075176429962, 13.373792232572898, 12.307386655555476, 12.90008488753832, 12.759258043043008, 12.47385033714921, 12.935280485840916, 13.43241019840616, 13.587145516071198, 13.650380521423727, 12.295613536769448, 11.053964842646463, 12.08301534558447, 11.767113536313964, 12.526210498737305, 11.1961037915319, 11.515833568173981, 11.44533150955229, 12.26503510724574, 12.18728192298098, 12.412507378172101, 11.826376471840398, 10.418538996189353, 9.783775620891367, 9.541688624097699, 9.311741820767297, 10.601329174228551, 12.292735528018191, 9.832777440223383, 10.474332171015167, 9.217996938644568, 10.238168000672728, 9.04536281821273, 10.786964294001404, 12.109743610854869, 7.987845568467079, 5.521395570496677, 4.629243724671194, 6.473035397289603, 4.688561846319119, 6.245544578130218, 7.80255207272039]
final elec cons list:[1.762902998089894, 1.8991220424325361, 2.037729718597733, 2.0749873771777865, 0.758723074176704, 0.7804485709028628, 0.683116478377413, 0.6350798606202164, 1.1048971156928795, 1.0554758236251722, 0.5428934441825995, 0.5981129287848933, 1.00094722427385, 0.727701814655127, 0.5920383850082955, 1.017588518243094, 0.562097016731299, 0.6971790932658666, 0.791015127030381, 0.8978370269623255, 1.158078862943268, 1.230130575923523, 0.8324948255966862, 1.0461058342130813, 1.117915347947812, 1.0939831617225333, 1.1535773710590358, 0.6580463166384488, 0.5714633425743945, 0.5458901058099089, 0.7050869824019438, 0.4030933381314764, 0.47275780329613015, 0.716859347981325, 1.4847237388483778, 1.5675848728596984, 1.8948759446255397, 1.5595677215491675, 1.329521027044881, 1.457826366825438, 1.2813979063589325, 1.255634000150035, 0.8550064696416916, 1.2259267069298392, 1.2138544123128354, 1.1333103480268498, 0.9926071987504989, 0.9623428649973146, 0.5894142828877006, 0.33973253519644914, 0.2988226276255069, 0.6457264134033508, 0.5754728919876901, 0.7184319604153964, 0.8910785193688363, 0.5130912634585165, 0.6501537809183121, 0.8073629695659775, 1.5657581704689796, 1.080707705336368, 1.251991621103889, 0.9572882812714844, 0.755950823431163, 0.9285308524918372, 0.8833234037518659, 0.8297069026401964, 0.9953770766645959, 0.999853540784607, 0.5412197846596701, 0.4657552704765347, 0.6409862991743447, 1.0062658117935077, 0.5911597377576291, 0.46486187729218414, 0.6687997628461791, 0.8913160815987471, 0.9305573830330143, 0.9042919211188757, 0.9584096947264915, 0.6888456845558173, 0.5848072867479243, 0.4655086188055576, 0.3946945697483739, 0.5511599426333498, 0.48768882920223466, 0.5718934755142921, 0.4825920828183387, 0.43908848484449015, 0.8026944444091039, 0.9343686591653432, 0.6842631857141258, 0.6257689736944189, 0.9758786662724126, 0.513912762221908, 0.7237064369424309, 0.8003436926348639, 0.6825646730992304, 0.7064075891501861, 0.6712334331932739, 0.689982051242486]
final halt list:[0.3433744722312439, 0.4596020761245675, 0.271248774109186, 0.3153976630229928, 0.361, 0.3643097643097643, 0.19179582210242588, 0.21858248957712925, 0.02899711630887536, 0.03058285327007794, 0.10347478474784748, 0.17101303911735205, 0.0177905531385954, 0.2410922410922411, 0.19755367828229498, 0.09381939304219097, 0.13854266538830298, 0.2321567106283941, 0.05169726359542778, 0.025342242503259452, 0.02386934673366834, 0.005700325732899023, 0.009480222294867604, 0.01746083550913838, 0.02161214953271028, 0.0037128712871287127, 0.007836720633827076, 0.22979599843075715, 0.4066430817610063, 0.6401924375422012, 0.025304347826086957, 0.3204125177809388, 0.18407138136153336, 0.0801475519785379, 0.026474899230487358, 0.0042665214233841686, 0.0006242197253433209, 0.00095565749235474, 0.002308481532147743, 0.005622052956111716, 0.0002670940170940171, 0.004788213627992633, 0.03729760986892829, 0.021662328002975084, 0.017829306313328137, 0.005791190864600326, 0.016810668670172804, 0.06328751431844215, 0.0899821375409348, 0.43285024154589374, 0.6028030065768869, 0.11776061776061776, 0.07498357424441525, 0.006932557343375556, 0.1368351565447001, 0.2953739808578518, 0.22592295345104335, 0.0720124562086415, 0.0028079371022089105, 0.019513389941214893, 0.033778552071235, 0.01323428961748634, 0.021742697735477517, 0.006351251840942563, 0.01929918178584134, 0.015096427442301613, 0.01006217277486911, 0.00041569670768207517, 0.003940588056986966, 0.10402843601895735, 0.0391430412371134, 0.023085585585585586, 0.023218921257571388, 0.21926499670402108, 0.06503541532517708, 0.06271912738605376, 0.07548076923076923, 0.054030710172744724, 0.049132947976878616, 0.055864509605662284, 0.14925243393602225, 0.2926739926739927, 0.34966485796361313, 0.3360383622279602, 0.22076449627470035, 0.05688350983358548, 0.20200317334391116, 0.26128979857050033, 0.37246403541128736, 0.1128060263653484, 0.25346053123830903, 0.10619469026548672, 0.03326732673267327, 0.5319229602669093, 0.5917218543046358, 0.5095598845598845, 0.5481829980532122, 0.6082089552238806, 0.4427516158818098, 0.46771628498727735]
speed reward list:[-930.6574919819515, -1184.5730724479397, -584.435346155968, -834.3748309319673, -1446.755851124967, -1537.1831671469254, -1404.9319907429742, -1497.3784086779717, -870.3688200930075, -780.7956575400071, -1293.6410950139825, -1412.2985762969909, -654.4722929399985, -1378.2211482599546, -1431.749417579975, -1061.5131255509918, -1409.5935396269747, -1564.6119216479774, -1082.864326401, -778.6385566649996, -819.7267736700126, -668.2381366860035, -737.2226610990049, -773.474543082008, -646.6088998710052, -759.6094003470083, -674.233338321007, -1453.9666011479844, -1877.7143459519457, -3037.896487251215, -1046.0978923860027, -1880.6919028829634, -1358.5149651689765, -1031.5613555819964, -675.2215013940026, -685.3496753250038, -626.1668291970088, -512.2613271600001, -620.2908641250036, -576.3366518220026, -578.773949571003, -674.584735149002, -1110.8694974940051, -917.4200225130043, -794.9563433640061, -647.4281267610036, -825.2584540920038, -943.9339411439997, -1076.7031907219807, -2427.025649832052, -3007.554769062259, -1312.4474008379918, -1150.3201912199982, -962.5259782890014, -1015.4221505819826, -1658.1620029139676, -1320.4766691809712, -985.1055560819982, -778.6266269130091, -720.2493122850051, -747.999527130003, -740.982068361003, -832.5043044660091, -784.6321309110095, -752.9677383150062, -819.0127351260032, -715.5647433540065, -691.130356299009, -977.9183368290038, -1171.3998264929785, -989.1492997499995, -826.6118012640032, -892.2438998280018, -1564.1740457909775, -1186.8905663909975, -1035.3798587429974, -908.0028560609985, -842.3570485799983, -808.9362928440027, -974.9836707119952, -1333.6951794209856, -1643.2501712039532, -1942.335961316937, -1708.2016524809587, -1536.0644109059692, -952.134658118998, -1471.2481762289915, -1740.558685841965, -1901.440004894961, -1355.45241261599, -1824.8483962709718, -1204.7455944449985, -856.2156916230059, -2815.6719121112733, -4941.608855427497, -4936.7553679084385, -5008.9643362894785, -4933.485745299466, -4897.915868970353, -4099.805270631429]
accel reward list:[-711.2383426792711, -681.333232250229, -830.5051775400152, -871.4748870760646, -439.1267957626114, -702.6940683458516, -738.2569303835811, -770.8627819693982, -682.2893564413722, -715.180817335896, -738.4681141588243, -843.9767616165004, -843.8168898745375, -843.7120636598626, -646.0834585353822, -768.937061547538, -773.7736606851894, -959.7017378331665, -772.7934036478036, -701.8414206432084, -527.5232889535574, -530.2274196380052, -556.4063127389644, -691.2089414145386, -540.1637463436648, -409.5382095105511, -396.6631189716549, -505.50029095478726, -579.8138414954102, -658.5453948763088, -416.11572153376943, -557.8474484040884, -472.3458890602157, -372.9278194703379, -465.84820167837944, -424.56875640220187, -354.28353078740804, -295.35378687508785, -301.9401279295757, -294.1072507318034, -304.2286881984418, -379.78919592686077, -416.46317427718816, -339.04097438047563, -291.125618124359, -261.272668882986, -254.69020234107688, -318.9967303619238, -341.6125382199902, -878.9945542161987, -836.2429342559436, -390.933982376076, -375.42999238730255, -296.1449226629012, -434.78586637389463, -541.8238552063652, -401.20932795389234, -323.87015546664486, -357.2966419912345, -364.51892672640946, -290.7897026239257, -245.37190583992657, -229.54999175803664, -201.7342026456382, -222.5199507172573, -211.46985050228955, -213.07738990899887, -199.8649293797059, -249.9988757803271, -339.4288105906111, -322.4033763890543, -351.3782620443624, -280.25801386022334, -419.46351144020457, -552.6040702478697, -384.1172159243331, -494.63517024508496, -470.78899959360376, -581.6200415178793, -661.7098483124157, -546.5893382642784, -498.7983385977001, -742.2483980010036, -702.4102494262762, -514.7634816636538, -356.59508810772434, -446.9451970915473, -523.8096978858135, -1316.922302199388, -1129.9862561540044, -1451.9440848264685, -457.16876149301333, -560.9401599034529, -2644.4325709029717, -7702.709320571619, -7966.235911451055, -7331.483807784978, -6624.212868001429, -7744.659701020091, -5556.099895165831]
tls reward list:[-2901.049999999438, -3469.2999999990634, -2358.3999999998246, -2823.899999999468, -3135.349999999035, -1311.0500000003271, -991.750000000454, -983.100000000429, -247.64999999993339, -325.89999999990613, -435.09999999990396, -728.8000000001641, -628.6000000000054, -1313.1500000003061, -571.8500000001397, -485.79999999990963, -492.6499999998955, -607.4500000003447, -199.14999999992935, 25.499999999993758, -7.150000000018941, 36.99999999999719, 72.1999999999744, 22.30000000000196, -57.7000000000219, -47.850000000010596, 49.54999999998867, -870.1500000004199, -995.3500000004733, -3652.3499999977607, -109.35000000001911, -846.3500000005398, -199.99999999993358, -145.9999999999635, -81.05000000002029, 1.600000000004327, -11.249999999998062, 40.05000000000284, -82.00000000001887, 22.750000000000938, 53.0499999999998, 48.549999999995805, -149.29999999991963, -136.39999999997468, 20.14999999999975, 53.949999999983206, 30.899999999978586, 23.55000000000434, 5.349999999993592, -1732.8000000004743, -3356.549999997948, -315.69999999988903, -7.000000000013362, 118.84999999998402, -245.04999999991762, -1019.8000000004619, -265.44999999988545, -2.7500000000109397, -105.30000000001212, -230.19999999991526, -14.499999999995971, 23.649999999994478, 70.24999999997523, 65.94999999998814, 57.84999999998672, 24.15000000000427, 87.84999999998574, 97.44999999998468, 152.6000000000033, -85.15000000002682, -42.05000000001896, 51.499999999986684, 16.65000000000527, -571.9999999999468, -506.39999999990636, -245.6999999999382, -213.0500000000018, -198.79999999995843, -346.59999999992027, -205.3999999999293, -442.04999999989616, -438.9999999999048, -572.7499999999768, -540.7999999999548, -448.19999999987203, -79.40000000002408, -254.69999999989528, -569.6000000002018, -1519.7000000004657, -867.2500000003552, -1555.3500000004342, -60.200000000020104, -58.05000000002604, -3067.899999998893, -10339.300000004798, -11014.250000006612, -10998.100000006676, -10839.450000006407, -10672.300000005991, -8913.800000001755]
extra reward list:[0.0, 0.0, 0.0, 0.0, 0.0, 0.0, 0.0, 0.0, 0.0, 0.0, 0.0, 0.0, 0.0, 0.0, 0.0, 0.0, 0.0, 0.0, 0.0, 0.0, 0.0, 0.0, 0.0, 0.0, 0.0, 0.0, 0.0, 0.0, 0.0, 0.0, 0.0, 0.0, 0.0, 0.0, 0.0, 0.0, 0.0, 0.0, 0.0, 0.0, 0.0, 0.0, 0.0, 0.0, 0.0, 0.0, 0.0, 0.0, 0.0, 0.0, 0.0, 0.0, 0.0, 0.0, 0.0, 0.0, 0.0, 0.0, 0.0, 0.0, 0.0, 0.0, 0.0, 0.0, 0.0, 0.0, 0.0, 0.0, 0.0, 0.0, 0.0, 0.0, 0.0, 0.0, 0.0, 0.0, 0.0, 0.0, 0.0, 0.0, 0.0, 0.0, 0.0, 0.0, 0.0, 0.0, 0.0, 0.0, 0.0, 0.0, 0.0, 0.0, 0.0, 0.0, 0.0, 0.0, 0.0, 0.0, 0.0, 0.0]
