nohup: 忽略输入
Env:sumo, Algorithm:TD3, Device:cuda
-----------------------------------------
models/reward_s0.17_a10e-2_t(-2_1).pth
-----------------------------------------
 Retrying in 1 seconds
Warning: Unused states in tlLogic 'J10', program '0' in phase 0 after tl-index 10
Simulation......
总奖励:-22198.181816358865, 速度奖励:-17579.08595965966, 加速度奖励:-1778.0958566981856, 交通灯奖励:-2841, 与前车进行交互的惩罚:0.0
Episode:1/100, Reward:-22198.181816358865
Episode:1/100, avg speed:14.437917980568516
Episode:1/100, avg halt num:0.3433744722312439
Episode:1/100, avg elec cons:1.762902998089894
 Retrying in 1 seconds
Warning: Unused states in tlLogic 'J10', program '0' in phase 0 after tl-index 10
Simulation......
总奖励:-27954.602226867137, 速度奖励:-22375.269146240895, 加速度奖励:-1703.3330806255801, 交通灯奖励:-3876, 与前车进行交互的惩罚:0.0
Episode:2/100, Reward:-27954.602226867137
Episode:2/100, avg speed:14.017458994774065
Episode:2/100, avg halt num:0.4596020761245675
Episode:2/100, avg elec cons:1.8991220424325361
 Retrying in 1 seconds
Warning: Unused states in tlLogic 'J10', program '0' in phase 0 after tl-index 10
Simulation......
总奖励:-15726.632167840324, 速度奖励:-10937.697912789352, 加速度奖励:-2073.9342550512793, 交通灯奖励:-2715, 与前车进行交互的惩罚:0.0
Episode:3/100, Reward:-15726.632167840324
Episode:3/100, avg speed:15.657492136669264
Episode:3/100, avg halt num:0.2687152664269369
Episode:3/100, avg elec cons:2.0400576813417657
 Retrying in 1 seconds
Warning: Unused states in tlLogic 'J10', program '0' in phase 0 after tl-index 10
Simulation......
总奖励:-15996.850742329647, 速度奖励:-11345.579466479448, 加速度奖励:-2435.271275850354, 交通灯奖励:-2216, 与前车进行交互的惩罚:0.0
Episode:4/100, Reward:-15996.850742329647
Episode:4/100, avg speed:14.377624477518214
Episode:4/100, avg halt num:0.23846024258760107
Episode:4/100, avg elec cons:2.1632564990926286
 Retrying in 1 seconds
Warning: Unused states in tlLogic 'J10', program '0' in phase 0 after tl-index 10
Simulation......
总奖励:-31988.240845366076, 速度奖励:-31461.560659431238, 加速度奖励:-2169.6801859354746, 交通灯奖励:1643, 与前车进行交互的惩罚:0.0
Episode:5/100, Reward:-31988.240845366076
Episode:5/100, avg speed:9.706885488878324
Episode:5/100, avg halt num:0.21937770775896023
Episode:5/100, avg elec cons:0.6605061658619448
 Retrying in 1 seconds
Warning: Unused states in tlLogic 'J10', program '0' in phase 0 after tl-index 10
Simulation......
总奖励:-7044.850697353704, 速度奖励:-12116.541674859784, 加速度奖励:-1408.3090224938778, 交通灯奖励:6480, 与前车进行交互的惩罚:0.0
Episode:6/100, Reward:-7044.850697353704
Episode:6/100, avg speed:13.467189967993741
Episode:6/100, avg halt num:0.08613074204946997
Episode:6/100, avg elec cons:1.1891036637266865
 Retrying in 1 seconds
Warning: Unused states in tlLogic 'J10', program '0' in phase 0 after tl-index 10
Simulation......
总奖励:-10580.495876490175, 速度奖励:-18978.098247989918, 加速度奖励:-1485.3976285004526, 交通灯奖励:9883, 与前车进行交互的惩罚:0.0
Episode:7/100, Reward:-10580.495876490175
Episode:7/100, avg speed:12.2149862569896
Episode:7/100, avg halt num:0.138683680322364
Episode:7/100, avg elec cons:0.6723764308210239
 Retrying in 1 seconds
Warning: Unused states in tlLogic 'J10', program '0' in phase 0 after tl-index 10
Simulation......
总奖励:-8930.62774144116, 速度奖励:-16218.945885439922, 加速度奖励:-1571.681856001231, 交通灯奖励:8860, 与前车进行交互的惩罚:0.0
Episode:8/100, Reward:-8930.62774144116
Episode:8/100, avg speed:12.931073469146538
Episode:8/100, avg halt num:0.05704594511255011
Episode:8/100, avg elec cons:0.6784584297119733
 Retrying in 1 seconds
Warning: Unused states in tlLogic 'J10', program '0' in phase 0 after tl-index 10
Simulation......
总奖励:-4424.034614479358, 速度奖励:-10967.495501400013, 加速度奖励:-1385.5391130793519, 交通灯奖励:7929, 与前车进行交互的惩罚:0.0
Episode:9/100, Reward:-4424.034614479358
Episode:9/100, avg speed:13.969310833799668
Episode:9/100, avg halt num:0.022092267706302793
Episode:9/100, avg elec cons:1.2786958764762433
 Retrying in 1 seconds
Warning: Unused states in tlLogic 'J10', program '0' in phase 0 after tl-index 10
Simulation......
总奖励:-2259.402553186714, 速度奖励:-9021.427119159946, 加速度奖励:-1185.9754340267027, 交通灯奖励:7948, 与前车进行交互的惩罚:0.0
Episode:10/100, Reward:-2259.402553186714
Episode:10/100, avg speed:14.308851331855822
Episode:10/100, avg halt num:0.02333568157802043
Episode:10/100, avg elec cons:1.427377023762393
 Retrying in 1 seconds
Warning: Unused states in tlLogic 'J10', program '0' in phase 0 after tl-index 10
Simulation......
总奖励:-3369.55070908498, 速度奖励:-8720.111163839794, 加速度奖励:-1648.4395452449799, 交通灯奖励:6999, 与前车进行交互的惩罚:0.0
Episode:11/100, Reward:-3369.55070908498
Episode:11/100, avg speed:15.234827886423256
Episode:11/100, avg halt num:0.0530254264563888
Episode:11/100, avg elec cons:1.9130337101581982
 Retrying in 1 seconds
Warning: Unused states in tlLogic 'J10', program '0' in phase 0 after tl-index 10
Simulation......
总奖励:-13540.045805899914, 速度奖励:-15088.428142879757, 加速度奖励:-2262.617663020325, 交通灯奖励:3811, 与前车进行交互的惩罚:0.0
Episode:12/100, Reward:-13540.045805899914
Episode:12/100, avg speed:13.633743305918562
Episode:12/100, avg halt num:0.16411824668705402
Episode:12/100, avg elec cons:1.3485089576340055
 Retrying in 1 seconds
Warning: Unused states in tlLogic 'J10', program '0' in phase 0 after tl-index 10
Simulation......
总奖励:-3081.254301549911, 速度奖励:-8726.660608999884, 加速度奖励:-1485.5936925499047, 交通灯奖励:7131, 与前车进行交互的惩罚:0.0
Episode:13/100, Reward:-3081.254301549911
Episode:13/100, avg speed:14.963113513563387
Episode:13/100, avg halt num:0.027926790785736826
Episode:13/100, avg elec cons:1.9608690972508258
 Retrying in 1 seconds
Warning: Unused states in tlLogic 'J10', program '0' in phase 0 after tl-index 10
Simulation......
总奖励:-2924.923481309927, 速度奖励:-9694.926623459927, 加速度奖励:-1358.996857849918, 交通灯奖励:8129, 与前车进行交互的惩罚:0.0
Episode:14/100, Reward:-2924.923481309927
Episode:14/100, avg speed:14.13931092047319
Episode:14/100, avg halt num:0.03319972115719763
Episode:14/100, avg elec cons:1.339984237219788
 Retrying in 1 seconds
Warning: Unused states in tlLogic 'J10', program '0' in phase 0 after tl-index 10
Simulation......
总奖励:-2615.0343235860064, 速度奖励:-10064.334796809997, 加速度奖励:-1268.699526776008, 交通灯奖励:8718, 与前车进行交互的惩罚:0.0
Episode:15/100, Reward:-2615.0343235860064
Episode:15/100, avg speed:14.219066171533116
Episode:15/100, avg halt num:0.008623887240356082
Episode:15/100, avg elec cons:1.5476164299169313
 Retrying in 1 seconds
Warning: Unused states in tlLogic 'J10', program '0' in phase 0 after tl-index 10
Simulation......
总奖励:-3072.704450816102, 速度奖励:-10612.521168360016, 加速度奖励:-1311.1832824561072, 交通灯奖励:8851, 与前车进行交互的惩罚:0.0
Episode:16/100, Reward:-3072.704450816102
Episode:16/100, avg speed:13.530942564721752
Episode:16/100, avg halt num:0.00901822238750465
Episode:16/100, avg elec cons:1.5220051785072213
 Retrying in 1 seconds
Warning: Unused states in tlLogic 'J10', program '0' in phase 0 after tl-index 10
Simulation......
总奖励:-7589.083995655472, 速度奖励:-15801.040607469873, 加速度奖励:-1566.043388185608, 交通灯奖励:9778, 与前车进行交互的惩罚:0.0
Episode:17/100, Reward:-7589.083995655472
Episode:17/100, avg speed:13.060579518930036
Episode:17/100, avg halt num:0.06368607269218399
Episode:17/100, avg elec cons:0.9657905188941017
 Retrying in 1 seconds
Warning: Unused states in tlLogic 'J10', program '0' in phase 0 after tl-index 10
Simulation......
总奖励:-12891.336296345318, 速度奖励:-21595.040308580355, 加速度奖励:-1837.2959877656306, 交通灯奖励:10541, 与前车进行交互的惩罚:0.0
Episode:18/100, Reward:-12891.336296345318
Episode:18/100, avg speed:10.67329463159239
Episode:18/100, avg halt num:0.13541259288228394
Episode:18/100, avg elec cons:0.9697193756041309
 Retrying in 1 seconds
Warning: Unused states in tlLogic 'J10', program '0' in phase 0 after tl-index 10
Simulation......
总奖励:-18959.303241531576, 速度奖励:-28683.148626960523, 加速度奖励:-1832.154614571649, 交通灯奖励:11556, 与前车进行交互的惩罚:0.0
Episode:19/100, Reward:-18959.303241531576
Episode:19/100, avg speed:10.637756476161414
Episode:19/100, avg halt num:0.11806930693069306
Episode:19/100, avg elec cons:0.4766392051601393
 Retrying in 1 seconds
Warning: Unused states in tlLogic 'J10', program '0' in phase 0 after tl-index 10
Simulation......
总奖励:-25094.07737627115, 速度奖励:-34529.54283093172, 加速度奖励:-2231.5345453404148, 交通灯奖励:11667, 与前车进行交互的惩罚:0.0
Episode:20/100, Reward:-25094.07737627115
Episode:20/100, avg speed:10.30895433669581
Episode:20/100, avg halt num:0.2902153261557948
Episode:20/100, avg elec cons:0.417316589342733
 Retrying in 1 seconds
Warning: Unused states in tlLogic 'J10', program '0' in phase 0 after tl-index 10
Simulation......
总奖励:-23521.069391275967, 速度奖励:-32493.098125591263, 加速度奖励:-1864.9712656855827, 交通灯奖励:10837, 与前车进行交互的惩罚:0.0
Episode:21/100, Reward:-23521.069391275967
Episode:21/100, avg speed:9.985988790572469
Episode:21/100, avg halt num:0.29026465028355386
Episode:21/100, avg elec cons:0.5451133796745566
 Retrying in 1 seconds
Warning: Unused states in tlLogic 'J10', program '0' in phase 0 after tl-index 10
Simulation......
总奖励:-17433.68952971742, 速度奖励:-26715.537014780566, 加速度奖励:-1710.1525149378429, 交通灯奖励:10992, 与前车进行交互的惩罚:0.0
Episode:22/100, Reward:-17433.68952971742
Episode:22/100, avg speed:10.735859595726025
Episode:22/100, avg halt num:0.19098712446351931
Episode:22/100, avg elec cons:0.5773995500821434
 Retrying in 1 seconds
Warning: Unused states in tlLogic 'J10', program '0' in phase 0 after tl-index 10
Simulation......
总奖励:-8064.783459052437, 速度奖励:-17871.351730210015, 加速度奖励:-1459.4317288425113, 交通灯奖励:11266, 与前车进行交互的惩罚:0.0
Episode:23/100, Reward:-8064.783459052437
Episode:23/100, avg speed:12.238858715049217
Episode:23/100, avg halt num:0.04527687296416938
Episode:23/100, avg elec cons:0.5691573789123437
 Retrying in 1 seconds
Warning: Unused states in tlLogic 'J10', program '0' in phase 0 after tl-index 10
Simulation......
总奖励:-10897.929859659185, 速度奖励:-20927.850758200224, 加速度奖励:-1500.0791014596211, 交通灯奖励:11530, 与前车进行交互的惩罚:0.0
Episode:24/100, Reward:-10897.929859659185
Episode:24/100, avg speed:11.822546400934732
Episode:24/100, avg halt num:0.10663281497937163
Episode:24/100, avg elec cons:0.5712226050470737
 Retrying in 1 seconds
Warning: Unused states in tlLogic 'J10', program '0' in phase 0 after tl-index 10
Simulation......
总奖励:-12853.597164748251, 速度奖励:-23353.503577519885, 加速度奖励:-1517.0935872285706, 交通灯奖励:12017, 与前车进行交互的惩罚:0.0
Episode:25/100, Reward:-12853.597164748251
Episode:25/100, avg speed:11.709028881094884
Episode:25/100, avg halt num:0.1253274394237066
Episode:25/100, avg elec cons:0.5507608505217175
 Retrying in 1 seconds
Warning: Unused states in tlLogic 'J10', program '0' in phase 0 after tl-index 10
Simulation......
总奖励:-9838.43429114849, 速度奖励:-20523.24239539013, 加速度奖励:-1596.1918957585697, 交通灯奖励:12281, 与前车进行交互的惩罚:0.0
Episode:26/100, Reward:-9838.43429114849
Episode:26/100, avg speed:11.373514960897678
Episode:26/100, avg halt num:0.030712979890310785
Episode:26/100, avg elec cons:0.6514906922288138
 Retrying in 1 seconds
Warning: Unused states in tlLogic 'J10', program '0' in phase 0 after tl-index 10
Simulation......
总奖励:-13099.527939481575, 速度奖励:-23685.296425130386, 加速度奖励:-1790.2315143519975, 交通灯奖励:12376, 与前车进行交互的惩罚:0.0
Episode:27/100, Reward:-13099.527939481575
Episode:27/100, avg speed:10.862916809009697
Episode:27/100, avg halt num:0.0984520639147803
Episode:27/100, avg elec cons:0.5527291239457336
 Retrying in 1 seconds
Warning: Unused states in tlLogic 'J10', program '0' in phase 0 after tl-index 10
Simulation......
总奖励:-14110.2867396181, 速度奖励:-23277.723831820156, 加速度奖励:-1845.5629077984324, 交通灯奖励:11013, 与前车进行交互的惩罚:0.0
Episode:28/100, Reward:-14110.2867396181
Episode:28/100, avg speed:10.259583316670394
Episode:28/100, avg halt num:0.1349034292471423
Episode:28/100, avg elec cons:0.7443712131707149
 Retrying in 1 seconds
Warning: Unused states in tlLogic 'J10', program '0' in phase 0 after tl-index 10
Simulation......
总奖励:-15074.664946310137, 速度奖励:-24489.984268980417, 加速度奖励:-1977.6806773307455, 交通灯奖励:11393, 与前车进行交互的惩罚:0.0
Episode:29/100, Reward:-15074.664946310137
Episode:29/100, avg speed:10.794231425844966
Episode:29/100, avg halt num:0.2081864473168821
Episode:29/100, avg elec cons:0.7759254694303231
 Retrying in 1 seconds
Warning: Unused states in tlLogic 'J10', program '0' in phase 0 after tl-index 10
Simulation......
总奖励:-12960.389500448253, 速度奖励:-21023.20382823997, 加速度奖励:-2044.1856722085918, 交通灯奖励:10107, 与前车进行交互的惩罚:0.0
Episode:30/100, Reward:-12960.389500448253
Episode:30/100, avg speed:11.847976206096405
Episode:30/100, avg halt num:0.14511445165698666
Episode:30/100, avg elec cons:0.7777106736245533
 Retrying in 1 seconds
Warning: Unused states in tlLogic 'J10', program '0' in phase 0 after tl-index 10
Simulation......
总奖励:-8973.795548048542, 速度奖励:-19384.97774841013, 加速度奖励:-1273.8177996386944, 交通灯奖励:11685, 与前车进行交互的惩罚:0.0
Episode:31/100, Reward:-8973.795548048542
Episode:31/100, avg speed:11.79981901877131
Episode:31/100, avg halt num:0.05631917172438415
Episode:31/100, avg elec cons:0.6571928466851402
 Retrying in 1 seconds
Warning: Unused states in tlLogic 'J10', program '0' in phase 0 after tl-index 10
Simulation......
总奖励:-7615.670734737265, 速度奖励:-17283.993917179843, 加速度奖励:-1170.676817557404, 交通灯奖励:10839, 与前车进行交互的惩罚:0.0
Episode:32/100, Reward:-7615.670734737265
Episode:32/100, avg speed:11.892751779434551
Episode:32/100, avg halt num:0.07622403560830861
Episode:32/100, avg elec cons:0.7550517836265335
 Retrying in 1 seconds
Warning: Unused states in tlLogic 'J10', program '0' in phase 0 after tl-index 10
Simulation......
总奖励:-3351.7058503684366, 速度奖励:-11599.39692625005, 加速度奖励:-1106.3089241184434, 交通灯奖励:9354, 与前车进行交互的惩罚:0.0
Episode:33/100, Reward:-3351.7058503684366
Episode:33/100, avg speed:13.250536291362264
Episode:33/100, avg halt num:0.009395285275025624
Episode:33/100, avg elec cons:1.131920723774983
 Retrying in 1 seconds
Warning: Unused states in tlLogic 'J10', program '0' in phase 0 after tl-index 10
Simulation......
总奖励:-4758.057281494507, 速度奖励:-13775.124445830013, 加速度奖励:-1285.9328356644858, 交通灯奖励:10303, 与前车进行交互的惩罚:0.0
Episode:34/100, Reward:-4758.057281494507
Episode:34/100, avg speed:12.804665893398452
Episode:34/100, avg halt num:0.018338451040600477
Episode:34/100, avg elec cons:0.7957881029033244
 Retrying in 1 seconds
Warning: Unused states in tlLogic 'J10', program '0' in phase 0 after tl-index 10
Simulation......
总奖励:-4067.740860359303, 速度奖励:-11202.176040600096, 加速度奖励:-1342.5648197592861, 交通灯奖励:8477, 与前车进行交互的惩罚:0.0
Episode:35/100, Reward:-4067.740860359303
Episode:35/100, avg speed:13.683585597822148
Episode:35/100, avg halt num:0.004142651296829971
Episode:35/100, avg elec cons:1.3596446078381252
 Retrying in 1 seconds
Warning: Unused states in tlLogic 'J10', program '0' in phase 0 after tl-index 10
Simulation......
总奖励:-18763.902459731205, 速度奖励:-27833.15344782164, 加速度奖励:-2139.7490119114887, 交通灯奖励:11209, 与前车进行交互的惩罚:0.0
Episode:36/100, Reward:-18763.902459731205
Episode:36/100, avg speed:10.095819588909928
Episode:36/100, avg halt num:0.23145973154362415
Episode:36/100, avg elec cons:0.6552417181566633
 Retrying in 1 seconds
Warning: Unused states in tlLogic 'J10', program '0' in phase 0 after tl-index 10
Simulation......
总奖励:-28736.858957719323, 速度奖励:-36492.52100420152, 加速度奖励:-2516.337953517861, 交通灯奖励:10272, 与前车进行交互的惩罚:0.0
Episode:37/100, Reward:-28736.858957719323
Episode:37/100, avg speed:9.677447202395104
Episode:37/100, avg halt num:0.47132505175983436
Episode:37/100, avg elec cons:0.8062384727297355
 Retrying in 1 seconds
Warning: Unused states in tlLogic 'J10', program '0' in phase 0 after tl-index 10
Simulation......
总奖励:-6879.548751099761, 速度奖励:-14374.790614839878, 加速度奖励:-1675.7581362598842, 交通灯奖励:9171, 与前车进行交互的惩罚:0.0
Episode:38/100, Reward:-6879.548751099761
Episode:38/100, avg speed:12.823444012136784
Episode:38/100, avg halt num:0.07357954545454545
Episode:38/100, avg elec cons:1.1176600965203525
 Retrying in 1 seconds
Warning: Unused states in tlLogic 'J10', program '0' in phase 0 after tl-index 10
Simulation......
总奖励:-6582.049159047841, 速度奖励:-13626.611342020002, 加速度奖励:-1813.4378170279401, 交通灯奖励:8858, 与前车进行交互的惩罚:0.0
Episode:39/100, Reward:-6582.049159047841
Episode:39/100, avg speed:13.290352540126118
Episode:39/100, avg halt num:0.05812564015022192
Episode:39/100, avg elec cons:0.969913548229692
 Retrying in 1 seconds
Warning: Unused states in tlLogic 'J10', program '0' in phase 0 after tl-index 10
Simulation......
总奖励:-4456.1996491740165, 速度奖励:-11651.224018579964, 加速度奖励:-1655.975630594015, 交通灯奖励:8851, 与前车进行交互的惩罚:0.0
Episode:40/100, Reward:-4456.1996491740165
Episode:40/100, avg speed:13.46112117938375
Episode:40/100, avg halt num:0.02329136690647482
Episode:40/100, avg elec cons:1.0153254993392948
 Retrying in 1 seconds
Warning: Unused states in tlLogic 'J10', program '0' in phase 0 after tl-index 10
Simulation......
总奖励:-20846.59151830977, 速度奖励:-28268.012263770743, 加速度奖励:-2859.5792545400927, 交通灯奖励:10281, 与前车进行交互的惩罚:0.0
Episode:41/100, Reward:-20846.59151830977
Episode:41/100, avg speed:10.508469736239475
Episode:41/100, avg halt num:0.20322245322245322
Episode:41/100, avg elec cons:0.6701433816715507
 Retrying in 1 seconds
Warning: Unused states in tlLogic 'J10', program '0' in phase 0 after tl-index 10
Simulation......
总奖励:-12558.957841885287, 速度奖励:-19049.20974541017, 加速度奖励:-2620.748096475403, 交通灯奖励:9111, 与前车进行交互的惩罚:0.0
Episode:42/100, Reward:-12558.957841885287
Episode:42/100, avg speed:11.736776422105095
Episode:42/100, avg halt num:0.06075808249721293
Episode:42/100, avg elec cons:1.0692665112164872
 Retrying in 1 seconds
Warning: Unused states in tlLogic 'J10', program '0' in phase 0 after tl-index 10
Simulation......
总奖励:-7862.889129879359, 速度奖励:-15894.877000070048, 加速度奖励:-1900.0121298094125, 交通灯奖励:9932, 与前车进行交互的惩罚:0.0
Episode:43/100, Reward:-7862.889129879359
Episode:43/100, avg speed:11.953875848064488
Episode:43/100, avg halt num:0.025009619084263177
Episode:43/100, avg elec cons:1.1446855868924508
 Retrying in 1 seconds
Warning: Unused states in tlLogic 'J10', program '0' in phase 0 after tl-index 10
Simulation......
总奖励:-7063.063713057518, 速度奖励:-15765.114770970044, 加速度奖励:-1470.9489420876178, 交通灯奖励:10173, 与前车进行交互的惩罚:0.0
Episode:44/100, Reward:-7063.063713057518
Episode:44/100, avg speed:12.335949954238382
Episode:44/100, avg halt num:0.04152945481156239
Episode:44/100, avg elec cons:1.0021393858248306
 Retrying in 1 seconds
Warning: Unused states in tlLogic 'J10', program '0' in phase 0 after tl-index 10
Simulation......
总奖励:-7704.162820318993, 速度奖励:-16291.475823420053, 加速度奖励:-1437.6869968990827, 交通灯奖励:10025, 与前车进行交互的惩罚:0.0
Episode:45/100, Reward:-7704.162820318993
Episode:45/100, avg speed:11.773763518087515
Episode:45/100, avg halt num:0.03705118411000764
Episode:45/100, avg elec cons:0.9873590226075817
 Retrying in 1 seconds
Warning: Unused states in tlLogic 'J10', program '0' in phase 0 after tl-index 10
Simulation......
总奖励:-7827.969119569022, 速度奖励:-16137.525097059935, 加速度奖励:-1610.4440225091973, 交通灯奖励:9920, 与前车进行交互的惩罚:0.0
Episode:46/100, Reward:-7827.969119569022
Episode:46/100, avg speed:12.964976998136283
Episode:46/100, avg halt num:0.05993260590500642
Episode:46/100, avg elec cons:0.7764120087649526
 Retrying in 1 seconds
Warning: Unused states in tlLogic 'J10', program '0' in phase 0 after tl-index 10
Simulation......
总奖励:-13500.384213937923, 速度奖励:-22153.434745950173, 加速度奖励:-1988.9494679881645, 交通灯奖励:10642, 与前车进行交互的惩罚:0.0
Episode:47/100, Reward:-13500.384213937923
Episode:47/100, avg speed:11.079913519035857
Episode:47/100, avg halt num:0.11904761904761904
Episode:47/100, avg elec cons:0.7532842099749884
 Retrying in 1 seconds
Warning: Unused states in tlLogic 'J10', program '0' in phase 0 after tl-index 10
Simulation......
总奖励:-7068.386827894912, 速度奖励:-16368.621270410064, 加速度奖励:-1293.7655574849523, 交通灯奖励:10594, 与前车进行交互的惩罚:0.0
Episode:48/100, Reward:-7068.386827894912
Episode:48/100, avg speed:12.078092150013141
Episode:48/100, avg halt num:0.029411764705882353
Episode:48/100, avg elec cons:0.8978545291740361
 Retrying in 1 seconds
Warning: Unused states in tlLogic 'J10', program '0' in phase 0 after tl-index 10
Simulation......
总奖励:-6026.145428074058, 速度奖励:-14698.206735229904, 加速度奖励:-1161.9386928441315, 交通灯奖励:9834, 与前车进行交互的惩罚:0.0
Episode:49/100, Reward:-6026.145428074058
Episode:49/100, avg speed:13.27235840071622
Episode:49/100, avg halt num:0.039457740078764014
Episode:49/100, avg elec cons:0.7810345213198511
 Retrying in 1 seconds
Warning: Unused states in tlLogic 'J10', program '0' in phase 0 after tl-index 10
Simulation......
总奖励:-8862.734838938326, 速度奖励:-18370.03855916005, 加速度奖励:-1367.6962797784602, 交通灯奖励:10875, 与前车进行交互的惩罚:0.0
Episode:50/100, Reward:-8862.734838938326
Episode:50/100, avg speed:12.119948897116618
Episode:50/100, avg halt num:0.05268422807602534
Episode:50/100, avg elec cons:0.7110855942986296
 Retrying in 1 seconds
Warning: Unused states in tlLogic 'J10', program '0' in phase 0 after tl-index 10
Simulation......
总奖励:-8731.848936607987, 速度奖励:-17768.264309229977, 加速度奖励:-1362.5846273781747, 交通灯奖励:10399, 与前车进行交互的惩罚:0.0
Episode:51/100, Reward:-8731.848936607987
Episode:51/100, avg speed:12.441717885824367
Episode:51/100, avg halt num:0.06692724952137843
Episode:51/100, avg elec cons:0.751380549606704
 Retrying in 1 seconds
Warning: Unused states in tlLogic 'J10', program '0' in phase 0 after tl-index 10
Simulation......
总奖励:-21354.940474438314, 速度奖励:-30826.50926378113, 加速度奖励:-1572.4312106582217, 交通灯奖励:11044, 与前车进行交互的惩罚:0.0
Episode:52/100, Reward:-21354.940474438314
Episode:52/100, avg speed:10.741138726089858
Episode:52/100, avg halt num:0.28560042507970246
Episode:52/100, avg elec cons:0.5701119419471659
 Retrying in 1 seconds
Warning: Unused states in tlLogic 'J10', program '0' in phase 0 after tl-index 10
Simulation......
总奖励:-12510.757698093827, 速度奖励:-23425.648403280233, 加速度奖励:-1355.1092948140615, 交通灯奖励:12270, 与前车进行交互的惩罚:0.0
Episode:53/100, Reward:-12510.757698093827
Episode:53/100, avg speed:11.0838542896355
Episode:53/100, avg halt num:0.10624586913417053
Episode:53/100, avg elec cons:0.540305007074737
 Retrying in 1 seconds
Warning: Unused states in tlLogic 'J10', program '0' in phase 0 after tl-index 10
Simulation......
总奖励:-7545.292640909904, 速度奖励:-17949.777551920088, 加速度奖励:-1023.51508898993, 交通灯奖励:11428, 与前车进行交互的惩罚:0.0
Episode:54/100, Reward:-7545.292640909904
Episode:54/100, avg speed:12.113068677883735
Episode:54/100, avg halt num:0.04153659382587582
Episode:54/100, avg elec cons:0.7477518176482196
 Retrying in 1 seconds
Warning: Unused states in tlLogic 'J10', program '0' in phase 0 after tl-index 10
Simulation......
总奖励:-4420.24122298154, 速度奖励:-13181.925164370034, 加速度奖励:-824.3160586115594, 交通灯奖励:9586, 与前车进行交互的惩罚:0.0
Episode:55/100, Reward:-4420.24122298154
Episode:55/100, avg speed:12.6525367656944
Episode:55/100, avg halt num:0.02555850056796668
Episode:55/100, avg elec cons:1.1529284674890068
 Retrying in 1 seconds
Warning: Unused states in tlLogic 'J10', program '0' in phase 0 after tl-index 10
Simulation......
总奖励:-6305.323540928411, 速度奖励:-15173.134949489997, 加速度奖励:-1132.1885914384948, 交通灯奖励:10000, 与前车进行交互的惩罚:0.0
Episode:56/100, Reward:-6305.323540928411
Episode:56/100, avg speed:12.407672369139572
Episode:56/100, avg halt num:0.045518951470067306
Episode:56/100, avg elec cons:0.8846405213773808
 Retrying in 1 seconds
Warning: Unused states in tlLogic 'J10', program '0' in phase 0 after tl-index 10
Simulation......
总奖励:-15553.301402617435, 速度奖励:-25965.9407856705, 加速度奖励:-1892.3606169479765, 交通灯奖励:12305, 与前车进行交互的惩罚:0.0
Episode:57/100, Reward:-15553.301402617435
Episode:57/100, avg speed:10.01972200612841
Episode:57/100, avg halt num:0.24206508638007232
Episode:57/100, avg elec cons:0.7342157242332843
 Retrying in 1 seconds
Warning: Unused states in tlLogic 'J10', program '0' in phase 0 after tl-index 10
Simulation......
总奖励:-7193.080094191137, 速度奖励:-15331.594241089977, 加速度奖励:-1915.4858531011914, 交通灯奖励:10054, 与前车进行交互的惩罚:0.0
Episode:58/100, Reward:-7193.080094191137
Episode:58/100, avg speed:12.274382940584456
Episode:58/100, avg halt num:0.04644540455616654
Episode:58/100, avg elec cons:1.2439500466769706
 Retrying in 1 seconds
Warning: Unused states in tlLogic 'J10', program '0' in phase 0 after tl-index 10
Simulation......
总奖励:-5525.45771098634, 速度奖励:-13307.86397345004, 加速度奖励:-1215.5937375363385, 交通灯奖励:8998, 与前车进行交互的惩罚:0.0
Episode:59/100, Reward:-5525.45771098634
Episode:59/100, avg speed:13.00229048080092
Episode:59/100, avg halt num:0.03081417263475311
Episode:59/100, avg elec cons:1.0514891371332982
 Retrying in 1 seconds
Warning: Unused states in tlLogic 'J10', program '0' in phase 0 after tl-index 10
Simulation......
总奖励:-6252.466383889628, 速度奖励:-14824.549196730035, 加速度奖励:-986.9171871596444, 交通灯奖励:9559, 与前车进行交互的惩罚:0.0
Episode:60/100, Reward:-6252.466383889628
Episode:60/100, avg speed:12.973187452977092
Episode:60/100, avg halt num:0.02069698952879581
Episode:60/100, avg elec cons:0.7223697084122106
 Retrying in 1 seconds
Warning: Unused states in tlLogic 'J10', program '0' in phase 0 after tl-index 10
Simulation......
总奖励:-5978.455895896901, 速度奖励:-13960.561367060001, 加速度奖励:-1087.8945288369175, 交通灯奖励:9070, 与前车进行交互的惩罚:0.0
Episode:61/100, Reward:-5978.455895896901
Episode:61/100, avg speed:12.308457332469294
Episode:61/100, avg halt num:0.026726492391728442
Episode:61/100, avg elec cons:1.2403333967036183
 Retrying in 1 seconds
Warning: Unused states in tlLogic 'J10', program '0' in phase 0 after tl-index 10
Simulation......
总奖励:-8537.7567367449, 速度奖励:-16437.968487429756, 加速度奖励:-1278.788249315115, 交通灯奖励:9179, 与前车进行交互的惩罚:0.0
Episode:62/100, Reward:-8537.7567367449
Episode:62/100, avg speed:12.469947415670761
Episode:62/100, avg halt num:0.10974358974358975
Episode:62/100, avg elec cons:0.9423350191622306
 Retrying in 1 seconds
Warning: Unused states in tlLogic 'J10', program '0' in phase 0 after tl-index 10
Simulation......
总奖励:-7159.231607749067, 速度奖励:-16160.742801839979, 加速度奖励:-1032.4888059091368, 交通灯奖励:10034, 与前车进行交互的惩罚:0.0
Episode:63/100, Reward:-7159.231607749067
Episode:63/100, avg speed:12.89261739381598
Episode:63/100, avg halt num:0.05870712401055409
Episode:63/100, avg elec cons:0.8382160382465331
 Retrying in 1 seconds
Warning: Unused states in tlLogic 'J10', program '0' in phase 0 after tl-index 10
Simulation......
总奖励:-12343.802717147899, 速度奖励:-22514.55746508036, 加速度奖励:-1337.2452520683394, 交通灯奖励:11508, 与前车进行交互的惩罚:0.0
Episode:64/100, Reward:-12343.802717147899
Episode:64/100, avg speed:11.469064616095872
Episode:64/100, avg halt num:0.1762009534286762
Episode:64/100, avg elec cons:0.7319065748503637
 Retrying in 1 seconds
Warning: Unused states in tlLogic 'J10', program '0' in phase 0 after tl-index 10
Simulation......
总奖励:-8397.0830042388, 速度奖励:-17388.804405969826, 加速度奖励:-1095.2785982689832, 交通灯奖励:10087, 与前车进行交互的惩罚:0.0
Episode:65/100, Reward:-8397.0830042388
Episode:65/100, avg speed:12.252584054382618
Episode:65/100, avg halt num:0.07834101382488479
Episode:65/100, avg elec cons:0.7102694428576315
 Retrying in 1 seconds
Warning: Unused states in tlLogic 'J10', program '0' in phase 0 after tl-index 10
Simulation......
总奖励:-6667.105557592197, 速度奖励:-15263.972376340032, 加速度奖励:-1204.1331812522303, 交通灯奖励:9801, 与前车进行交互的惩罚:0.0
Episode:66/100, Reward:-6667.105557592197
Episode:66/100, avg speed:13.635228575028119
Episode:66/100, avg halt num:0.029904306220095694
Episode:66/100, avg elec cons:0.7991948559507608
 Retrying in 1 seconds
Warning: Unused states in tlLogic 'J10', program '0' in phase 0 after tl-index 10
Simulation......
总奖励:-3038.6003514878093, 速度奖励:-10276.310491309965, 加速度奖励:-1098.2898601778152, 交通灯奖励:8336, 与前车进行交互的惩罚:0.0
Episode:67/100, Reward:-3038.6003514878093
Episode:67/100, avg speed:14.571113401922688
Episode:67/100, avg halt num:0.018423661599471248
Episode:67/100, avg elec cons:1.494515818889754
 Retrying in 1 seconds
Warning: Unused states in tlLogic 'J10', program '0' in phase 0 after tl-index 10
Simulation......
总奖励:-1886.2157527706445, 速度奖励:-8932.46283492991, 加速度奖励:-817.7529178406435, 交通灯奖励:7864, 与前车进行交互的惩罚:0.0
Episode:68/100, Reward:-1886.2157527706445
Episode:68/100, avg speed:14.781220102027463
Episode:68/100, avg halt num:0.024643099932019033
Episode:68/100, avg elec cons:1.593783583030949
 Retrying in 1 seconds
Warning: Unused states in tlLogic 'J10', program '0' in phase 0 after tl-index 10
Simulation......
总奖励:-2490.5293429673784, 速度奖励:-9274.104733519893, 加速度奖励:-824.4246094473691, 交通灯奖励:7608, 与前车进行交互的惩罚:0.0
Episode:69/100, Reward:-2490.5293429673784
Episode:69/100, avg speed:14.747146797481994
Episode:69/100, avg halt num:0.02968651044965168
Episode:69/100, avg elec cons:1.5447409298218113
 Retrying in 1 seconds
Warning: Unused states in tlLogic 'J10', program '0' in phase 0 after tl-index 10
Simulation......
总奖励:-3093.63483935013, 速度奖励:-8675.645231819843, 加速度奖励:-992.9896075301233, 交通灯奖励:6575, 与前车进行交互的惩罚:0.0
Episode:70/100, Reward:-3093.63483935013
Episode:70/100, avg speed:14.920106335744764
Episode:70/100, avg halt num:0.06045380875202593
Episode:70/100, avg elec cons:1.6996124668382122
 Retrying in 1 seconds
Warning: Unused states in tlLogic 'J10', program '0' in phase 0 after tl-index 10
Simulation......
总奖励:-2185.7115938011048, 速度奖励:-7903.349441609839, 加速度奖励:-1036.362152191093, 交通灯奖励:6754, 与前车进行交互的惩罚:0.0
Episode:71/100, Reward:-2185.7115938011048
Episode:71/100, avg speed:15.324566494329897
Episode:71/100, avg halt num:0.0427478376580173
Episode:71/100, avg elec cons:1.6707678501538041
 Retrying in 1 seconds
Warning: Unused states in tlLogic 'J10', program '0' in phase 0 after tl-index 10
Simulation......
总奖励:-2918.200774750265, 速度奖励:-9051.612184349891, 加速度奖励:-1293.5885904002487, 交通灯奖励:7427, 与前车进行交互的惩罚:0.0
Episode:72/100, Reward:-2918.200774750265
Episode:72/100, avg speed:13.862179755947842
Episode:72/100, avg halt num:0.03805376751230594
Episode:72/100, avg elec cons:1.7261706644978736
 Retrying in 1 seconds
Warning: Unused states in tlLogic 'J10', program '0' in phase 0 after tl-index 10
Simulation......
总奖励:-4049.6419834863837, 速度奖励:-11825.464833650005, 加速度奖励:-1342.1771498363773, 交通灯奖励:9118, 与前车进行交互的惩罚:0.0
Episode:73/100, Reward:-4049.6419834863837
Episode:73/100, avg speed:13.698379448558583
Episode:73/100, avg halt num:0.011267810410002908
Episode:73/100, avg elec cons:0.895022339922952
 Retrying in 1 seconds
Warning: Unused states in tlLogic 'J10', program '0' in phase 0 after tl-index 10
Simulation......
总奖励:-13516.563586584338, 速度奖励:-21573.264705470483, 加速度奖励:-1783.2988811147445, 交通灯奖励:9840, 与前车进行交互的惩罚:0.0
Episode:74/100, Reward:-13516.563586584338
Episode:74/100, avg speed:12.007791452789439
Episode:74/100, avg halt num:0.17185912631222486
Episode:74/100, avg elec cons:0.6960141563401322
 Retrying in 1 seconds
Warning: Unused states in tlLogic 'J10', program '0' in phase 0 after tl-index 10
Simulation......
总奖励:-10783.260910813984, 速度奖励:-21154.94724414005, 加速度奖励:-1316.3136666742716, 交通灯奖励:11688, 与前车进行交互的惩罚:0.0
Episode:75/100, Reward:-10783.260910813984
Episode:75/100, avg speed:11.634207744654987
Episode:75/100, avg halt num:0.07811506675143039
Episode:75/100, avg elec cons:0.5205212334602474
 Retrying in 1 seconds
Warning: Unused states in tlLogic 'J10', program '0' in phase 0 after tl-index 10
Simulation......
总奖励:-25871.38765372498, 速度奖励:-35032.72676015137, 加速度奖励:-1977.660893574174, 交通灯奖励:11139, 与前车进行交互的惩罚:0.0
Episode:76/100, Reward:-25871.38765372498
Episode:76/100, avg speed:9.45652062903509
Episode:76/100, avg halt num:0.382472040107983
Episode:76/100, avg elec cons:0.57962755216408
 Retrying in 1 seconds
Warning: Unused states in tlLogic 'J10', program '0' in phase 0 after tl-index 10
Simulation......
总奖励:-10757.274502972667, 速度奖励:-20657.318596340265, 加速度奖励:-1231.955906632962, 交通灯奖励:11132, 与前车进行交互的惩罚:0.0
Episode:77/100, Reward:-10757.274502972667
Episode:77/100, avg speed:11.562152672850091
Episode:77/100, avg halt num:0.12013836948391922
Episode:77/100, avg elec cons:0.6182514881728065
 Retrying in 1 seconds
Warning: Unused states in tlLogic 'J10', program '0' in phase 0 after tl-index 10
Simulation......
总奖励:-9016.881488248397, 速度奖励:-18414.235361289928, 加速度奖励:-1319.6461269585116, 交通灯奖励:10717, 与前车进行交互的惩罚:0.0
Episode:78/100, Reward:-9016.881488248397
Episode:78/100, avg speed:11.335245298705187
Episode:78/100, avg halt num:0.07895703268453912
Episode:78/100, avg elec cons:0.6988556139059443
 Retrying in 1 seconds
Warning: Unused states in tlLogic 'J10', program '0' in phase 0 after tl-index 10
Simulation......
总奖励:-12129.88278816597, 速度奖励:-21909.76618265014, 加速度奖励:-1601.1166055162348, 交通灯奖励:11381, 与前车进行交互的惩罚:0.0
Episode:79/100, Reward:-12129.88278816597
Episode:79/100, avg speed:10.833615801389424
Episode:79/100, avg halt num:0.09140887066716362
Episode:79/100, avg elec cons:0.6588798393290651
 Retrying in 1 seconds
Warning: Unused states in tlLogic 'J10', program '0' in phase 0 after tl-index 10
Simulation......
总奖励:-14962.323732507242, 速度奖励:-26200.59056388031, 加速度奖励:-1620.7331686275231, 交通灯奖励:12859, 与前车进行交互的惩罚:0.0
Episode:80/100, Reward:-14962.323732507242
Episode:80/100, avg speed:10.263084615020109
Episode:80/100, avg halt num:0.12284701114488349
Episode:80/100, avg elec cons:0.5108002029368092
 Retrying in 1 seconds
Warning: Unused states in tlLogic 'J10', program '0' in phase 0 after tl-index 10
Simulation......
总奖励:-18268.961278568884, 速度奖励:-29160.602556380578, 加速度奖励:-1289.3587221892471, 交通灯奖励:12181, 与前车进行交互的惩罚:0.0
Episode:81/100, Reward:-18268.961278568884
Episode:81/100, avg speed:10.436684074245356
Episode:81/100, avg halt num:0.18747823058167887
Episode:81/100, avg elec cons:0.5197870419751817
 Retrying in 1 seconds
Warning: Unused states in tlLogic 'J10', program '0' in phase 0 after tl-index 10
Simulation......
总奖励:-11417.20688094209, 速度奖励:-21985.861854140374, 加速度奖励:-1036.3450268022864, 交通灯奖励:11605, 与前车进行交互的惩罚:0.0
Episode:82/100, Reward:-11417.20688094209
Episode:82/100, avg speed:10.876063662054845
Episode:82/100, avg halt num:0.07158878504672897
Episode:82/100, avg elec cons:0.5895820992215848
 Retrying in 1 seconds
Warning: Unused states in tlLogic 'J10', program '0' in phase 0 after tl-index 10
Simulation......
总奖励:-12831.088100701903, 速度奖励:-24791.876575470284, 加速度奖励:-987.2115252322254, 交通灯奖励:12948, 与前车进行交互的惩罚:0.0
Episode:83/100, Reward:-12831.088100701903
Episode:83/100, avg speed:11.312431994699148
Episode:83/100, avg halt num:0.10633709356337094
Episode:83/100, avg elec cons:0.5068975841134234
 Retrying in 1 seconds
Warning: Unused states in tlLogic 'J10', program '0' in phase 0 after tl-index 10
Simulation......
总奖励:-14826.56916315511, 速度奖励:-27094.98959665086, 加速度奖励:-1045.5795665057399, 交通灯奖励:13314, 与前车进行交互的惩罚:0.0
Episode:84/100, Reward:-14826.56916315511
Episode:84/100, avg speed:9.850462808890644
Episode:84/100, avg halt num:0.20591603053435115
Episode:84/100, avg elec cons:0.5637789397790267
 Retrying in 1 seconds
Warning: Unused states in tlLogic 'J10', program '0' in phase 0 after tl-index 10
Simulation......
总奖励:-15504.890801258722, 速度奖励:-25982.912517220615, 加速度奖励:-1244.9782840391197, 交通灯奖励:11723, 与前车进行交互的惩罚:0.0
Episode:85/100, Reward:-15504.890801258722
Episode:85/100, avg speed:11.290387886956513
Episode:85/100, avg halt num:0.10708508573277256
Episode:85/100, avg elec cons:0.5077282678095324
 Retrying in 1 seconds
Warning: Unused states in tlLogic 'J10', program '0' in phase 0 after tl-index 10
Simulation......
总奖励:-16912.14626481795, 速度奖励:-27265.482207690635, 加速度奖励:-1563.6640571284204, 交通灯奖励:11917, 与前车进行交互的惩罚:0.0
Episode:86/100, Reward:-16912.14626481795
Episode:86/100, avg speed:10.612429055517696
Episode:86/100, avg halt num:0.1425233644859813
Episode:86/100, avg elec cons:0.4880215792365781
 Retrying in 1 seconds
Warning: Unused states in tlLogic 'J10', program '0' in phase 0 after tl-index 10
Simulation......
总奖励:-20671.93510126024, 速度奖励:-31799.210442921023, 加速度奖励:-1320.7246583401618, 交通灯奖励:12448, 与前车进行交互的惩罚:0.0
Episode:87/100, Reward:-20671.93510126024
Episode:87/100, avg speed:9.381563353813439
Episode:87/100, avg halt num:0.20049309664694281
Episode:87/100, avg elec cons:0.49238442098008733
 Retrying in 1 seconds
Warning: Unused states in tlLogic 'J10', program '0' in phase 0 after tl-index 10
Simulation......
总奖励:-21053.250525249274, 速度奖励:-32482.57323145114, 加速度奖励:-1298.677293799308, 交通灯奖励:12728, 与前车进行交互的惩罚:0.0
Episode:88/100, Reward:-21053.250525249274
Episode:88/100, avg speed:10.28231187303434
Episode:88/100, avg halt num:0.22416338582677164
Episode:88/100, avg elec cons:0.4101154264444416
 Retrying in 1 seconds
Warning: Unused states in tlLogic 'J10', program '0' in phase 0 after tl-index 10
Simulation......
总奖励:-10361.678674015986, 速度奖励:-20775.81909962029, 加速度奖励:-1196.8595743961741, 交通灯奖励:11611, 与前车进行交互的惩罚:0.0
Episode:89/100, Reward:-10361.678674015986
Episode:89/100, avg speed:11.368726191869822
Episode:89/100, avg halt num:0.07992895204262877
Episode:89/100, avg elec cons:0.7122628642464727
 Retrying in 1 seconds
Warning: Unused states in tlLogic 'J10', program '0' in phase 0 after tl-index 10
Simulation......
总奖励:-26685.28024728568, 速度奖励:-36928.110484911194, 加速度奖励:-1701.1697623744958, 交通灯奖励:11944, 与前车进行交互的惩罚:0.0
Episode:90/100, Reward:-26685.28024728568
Episode:90/100, avg speed:9.033294029690444
Episode:90/100, avg halt num:0.42643180105501133
Episode:90/100, avg elec cons:0.5166447408877449
 Retrying in 1 seconds
Warning: Unused states in tlLogic 'J10', program '0' in phase 0 after tl-index 10
Simulation......
总奖励:-20854.024724047766, 速度奖励:-29522.029101890494, 加速度奖励:-1362.9956221580826, 交通灯奖励:10031, 与前车进行交互的惩罚:0.0
Episode:91/100, Reward:-20854.024724047766
Episode:91/100, avg speed:9.548437522761205
Episode:91/100, avg halt num:0.16872922053934244
Episode:91/100, avg elec cons:0.5138683973926748
 Retrying in 1 seconds
Warning: Unused states in tlLogic 'J10', program '0' in phase 0 after tl-index 10
Simulation......
总奖励:-20340.000735526806, 速度奖励:-30119.68142132085, 加速度奖励:-1785.3193142071004, 交通灯奖励:11565, 与前车进行交互的惩罚:0.0
Episode:92/100, Reward:-20340.000735526806
Episode:92/100, avg speed:9.512361259003043
Episode:92/100, avg halt num:0.1883745963401507
Episode:92/100, avg elec cons:0.573306810316184
 Retrying in 1 seconds
Warning: Unused states in tlLogic 'J10', program '0' in phase 0 after tl-index 10
Simulation......
总奖励:-21284.795044895098, 速度奖励:-31603.75790148107, 加速度奖励:-1643.0371434153005, 交通灯奖励:11962, 与前车进行交互的惩罚:0.0
Episode:93/100, Reward:-21284.795044895098
Episode:93/100, avg speed:10.014716276034363
Episode:93/100, avg halt num:0.23045228056726716
Episode:93/100, avg elec cons:0.5351575714480294
 Retrying in 1 seconds
Warning: Unused states in tlLogic 'J10', program '0' in phase 0 after tl-index 10
Simulation......
总奖励:-30495.08841908254, 速度奖励:-39486.70841154037, 加速度奖励:-1753.380007541577, 交通灯奖励:10745, 与前车进行交互的惩罚:0.0
Episode:94/100, Reward:-30495.08841908254
Episode:94/100, avg speed:9.188150548305579
Episode:94/100, avg halt num:0.30387931034482757
Episode:94/100, avg elec cons:0.383203231580622
 Retrying in 1 seconds
Warning: Unused states in tlLogic 'J10', program '0' in phase 0 after tl-index 10
Simulation......
总奖励:-46820.6610002128, 速度奖励:-52508.5163212272, 加速度奖励:-2992.1446789853135, 交通灯奖励:8680, 与前车进行交互的惩罚:0.0
Episode:95/100, Reward:-46820.6610002128
Episode:95/100, avg speed:8.053334611733716
Episode:95/100, avg halt num:0.6149816176470588
Episode:95/100, avg elec cons:0.521217245282971
 Retrying in 1 seconds
Warning: Unused states in tlLogic 'J10', program '0' in phase 0 after tl-index 10
Simulation......
总奖励:-14587.588056987508, 速度奖励:-25572.845703120518, 加速度奖励:-1538.7423538679288, 交通灯奖励:12524, 与前车进行交互的惩罚:0.0
Episode:96/100, Reward:-14587.588056987508
Episode:96/100, avg speed:10.187128127027655
Episode:96/100, avg halt num:0.12036336109008328
Episode:96/100, avg elec cons:0.5951264716917408
 Retrying in 1 seconds
Warning: Unused states in tlLogic 'J10', program '0' in phase 0 after tl-index 10
Simulation......
总奖励:-14380.331925605191, 速度奖励:-24967.948321480126, 加速度奖励:-1438.383604125675, 交通灯奖励:12026, 与前车进行交互的惩罚:0.0
Episode:97/100, Reward:-14380.331925605191
Episode:97/100, avg speed:10.974848504081436
Episode:97/100, avg halt num:0.1541005291005291
Episode:97/100, avg elec cons:0.6559506816356394
 Retrying in 1 seconds
Warning: Unused states in tlLogic 'J10', program '0' in phase 0 after tl-index 10
Simulation......
总奖励:-4538.016872933227, 速度奖励:-13197.742014350086, 加速度奖励:-1212.2748585832148, 交通灯奖励:9872, 与前车进行交互的惩罚:0.0
Episode:98/100, Reward:-4538.016872933227
Episode:98/100, avg speed:12.40688664013553
Episode:98/100, avg halt num:0.0023752969121140144
Episode:98/100, avg elec cons:1.4967244084297773
 Retrying in 1 seconds
Warning: Unused states in tlLogic 'J10', program '0' in phase 0 after tl-index 10
Simulation......
总奖励:-7815.52569631771, 速度奖励:-8594.910445799553, 加速度奖励:-1534.6152505179991, 交通灯奖励:2314, 与前车进行交互的惩罚:0.0
Episode:99/100, Reward:-7815.52569631771
Episode:99/100, avg speed:15.106378849798915
Episode:99/100, avg halt num:0.1015406162464986
Episode:99/100, avg elec cons:1.4533917542055532
 Retrying in 1 seconds
Warning: Unused states in tlLogic 'J10', program '0' in phase 0 after tl-index 10
Simulation......
总奖励:-9265.272514447186, 速度奖励:-11560.980508659777, 加速度奖励:-1373.2920057873885, 交通灯奖励:3669, 与前车进行交互的惩罚:0.0
Episode:100/100, Reward:-9265.272514447186
Episode:100/100, avg speed:14.111855043445063
Episode:100/100, avg halt num:0.11511156186612576
Episode:100/100, avg elec cons:1.0198037301119578
model saved successfully!
Complete training!
final reward list:[-22198.181816358865, -27954.602226867137, -15726.632167840324, -15996.850742329647, -31988.240845366076, -7044.850697353704, -10580.495876490175, -8930.62774144116, -4424.034614479358, -2259.402553186714, -3369.55070908498, -13540.045805899914, -3081.254301549911, -2924.923481309927, -2615.0343235860064, -3072.704450816102, -7589.083995655472, -12891.336296345318, -18959.303241531576, -25094.07737627115, -23521.069391275967, -17433.68952971742, -8064.783459052437, -10897.929859659185, -12853.597164748251, -9838.43429114849, -13099.527939481575, -14110.2867396181, -15074.664946310137, -12960.389500448253, -8973.795548048542, -7615.670734737265, -3351.7058503684366, -4758.057281494507, -4067.740860359303, -18763.902459731205, -28736.858957719323, -6879.548751099761, -6582.049159047841, -4456.1996491740165, -20846.59151830977, -12558.957841885287, -7862.889129879359, -7063.063713057518, -7704.162820318993, -7827.969119569022, -13500.384213937923, -7068.386827894912, -6026.145428074058, -8862.734838938326, -8731.848936607987, -21354.940474438314, -12510.757698093827, -7545.292640909904, -4420.24122298154, -6305.323540928411, -15553.301402617435, -7193.080094191137, -5525.45771098634, -6252.466383889628, -5978.455895896901, -8537.7567367449, -7159.231607749067, -12343.802717147899, -8397.0830042388, -6667.105557592197, -3038.6003514878093, -1886.2157527706445, -2490.5293429673784, -3093.63483935013, -2185.7115938011048, -2918.200774750265, -4049.6419834863837, -13516.563586584338, -10783.260910813984, -25871.38765372498, -10757.274502972667, -9016.881488248397, -12129.88278816597, -14962.323732507242, -18268.961278568884, -11417.20688094209, -12831.088100701903, -14826.56916315511, -15504.890801258722, -16912.14626481795, -20671.93510126024, -21053.250525249274, -10361.678674015986, -26685.28024728568, -20854.024724047766, -20340.000735526806, -21284.795044895098, -30495.08841908254, -46820.6610002128, -14587.588056987508, -14380.331925605191, -4538.016872933227, -7815.52569631771, -9265.272514447186]
final speed list:[14.437917980568516, 14.017458994774065, 15.657492136669264, 14.377624477518214, 9.706885488878324, 13.467189967993741, 12.2149862569896, 12.931073469146538, 13.969310833799668, 14.308851331855822, 15.234827886423256, 13.633743305918562, 14.963113513563387, 14.13931092047319, 14.219066171533116, 13.530942564721752, 13.060579518930036, 10.67329463159239, 10.637756476161414, 10.30895433669581, 9.985988790572469, 10.735859595726025, 12.238858715049217, 11.822546400934732, 11.709028881094884, 11.373514960897678, 10.862916809009697, 10.259583316670394, 10.794231425844966, 11.847976206096405, 11.79981901877131, 11.892751779434551, 13.250536291362264, 12.804665893398452, 13.683585597822148, 10.095819588909928, 9.677447202395104, 12.823444012136784, 13.290352540126118, 13.46112117938375, 10.508469736239475, 11.736776422105095, 11.953875848064488, 12.335949954238382, 11.773763518087515, 12.964976998136283, 11.079913519035857, 12.078092150013141, 13.27235840071622, 12.119948897116618, 12.441717885824367, 10.741138726089858, 11.0838542896355, 12.113068677883735, 12.6525367656944, 12.407672369139572, 10.01972200612841, 12.274382940584456, 13.00229048080092, 12.973187452977092, 12.308457332469294, 12.469947415670761, 12.89261739381598, 11.469064616095872, 12.252584054382618, 13.635228575028119, 14.571113401922688, 14.781220102027463, 14.747146797481994, 14.920106335744764, 15.324566494329897, 13.862179755947842, 13.698379448558583, 12.007791452789439, 11.634207744654987, 9.45652062903509, 11.562152672850091, 11.335245298705187, 10.833615801389424, 10.263084615020109, 10.436684074245356, 10.876063662054845, 11.312431994699148, 9.850462808890644, 11.290387886956513, 10.612429055517696, 9.381563353813439, 10.28231187303434, 11.368726191869822, 9.033294029690444, 9.548437522761205, 9.512361259003043, 10.014716276034363, 9.188150548305579, 8.053334611733716, 10.187128127027655, 10.974848504081436, 12.40688664013553, 15.106378849798915, 14.111855043445063]
final elec cons list:[1.762902998089894, 1.8991220424325361, 2.0400576813417657, 2.1632564990926286, 0.6605061658619448, 1.1891036637266865, 0.6723764308210239, 0.6784584297119733, 1.2786958764762433, 1.427377023762393, 1.9130337101581982, 1.3485089576340055, 1.9608690972508258, 1.339984237219788, 1.5476164299169313, 1.5220051785072213, 0.9657905188941017, 0.9697193756041309, 0.4766392051601393, 0.417316589342733, 0.5451133796745566, 0.5773995500821434, 0.5691573789123437, 0.5712226050470737, 0.5507608505217175, 0.6514906922288138, 0.5527291239457336, 0.7443712131707149, 0.7759254694303231, 0.7777106736245533, 0.6571928466851402, 0.7550517836265335, 1.131920723774983, 0.7957881029033244, 1.3596446078381252, 0.6552417181566633, 0.8062384727297355, 1.1176600965203525, 0.969913548229692, 1.0153254993392948, 0.6701433816715507, 1.0692665112164872, 1.1446855868924508, 1.0021393858248306, 0.9873590226075817, 0.7764120087649526, 0.7532842099749884, 0.8978545291740361, 0.7810345213198511, 0.7110855942986296, 0.751380549606704, 0.5701119419471659, 0.540305007074737, 0.7477518176482196, 1.1529284674890068, 0.8846405213773808, 0.7342157242332843, 1.2439500466769706, 1.0514891371332982, 0.7223697084122106, 1.2403333967036183, 0.9423350191622306, 0.8382160382465331, 0.7319065748503637, 0.7102694428576315, 0.7991948559507608, 1.494515818889754, 1.593783583030949, 1.5447409298218113, 1.6996124668382122, 1.6707678501538041, 1.7261706644978736, 0.895022339922952, 0.6960141563401322, 0.5205212334602474, 0.57962755216408, 0.6182514881728065, 0.6988556139059443, 0.6588798393290651, 0.5108002029368092, 0.5197870419751817, 0.5895820992215848, 0.5068975841134234, 0.5637789397790267, 0.5077282678095324, 0.4880215792365781, 0.49238442098008733, 0.4101154264444416, 0.7122628642464727, 0.5166447408877449, 0.5138683973926748, 0.573306810316184, 0.5351575714480294, 0.383203231580622, 0.521217245282971, 0.5951264716917408, 0.6559506816356394, 1.4967244084297773, 1.4533917542055532, 1.0198037301119578]
final halt list:[0.3433744722312439, 0.4596020761245675, 0.2687152664269369, 0.23846024258760107, 0.21937770775896023, 0.08613074204946997, 0.138683680322364, 0.05704594511255011, 0.022092267706302793, 0.02333568157802043, 0.0530254264563888, 0.16411824668705402, 0.027926790785736826, 0.03319972115719763, 0.008623887240356082, 0.00901822238750465, 0.06368607269218399, 0.13541259288228394, 0.11806930693069306, 0.2902153261557948, 0.29026465028355386, 0.19098712446351931, 0.04527687296416938, 0.10663281497937163, 0.1253274394237066, 0.030712979890310785, 0.0984520639147803, 0.1349034292471423, 0.2081864473168821, 0.14511445165698666, 0.05631917172438415, 0.07622403560830861, 0.009395285275025624, 0.018338451040600477, 0.004142651296829971, 0.23145973154362415, 0.47132505175983436, 0.07357954545454545, 0.05812564015022192, 0.02329136690647482, 0.20322245322245322, 0.06075808249721293, 0.025009619084263177, 0.04152945481156239, 0.03705118411000764, 0.05993260590500642, 0.11904761904761904, 0.029411764705882353, 0.039457740078764014, 0.05268422807602534, 0.06692724952137843, 0.28560042507970246, 0.10624586913417053, 0.04153659382587582, 0.02555850056796668, 0.045518951470067306, 0.24206508638007232, 0.04644540455616654, 0.03081417263475311, 0.02069698952879581, 0.026726492391728442, 0.10974358974358975, 0.05870712401055409, 0.1762009534286762, 0.07834101382488479, 0.029904306220095694, 0.018423661599471248, 0.024643099932019033, 0.02968651044965168, 0.06045380875202593, 0.0427478376580173, 0.03805376751230594, 0.011267810410002908, 0.17185912631222486, 0.07811506675143039, 0.382472040107983, 0.12013836948391922, 0.07895703268453912, 0.09140887066716362, 0.12284701114488349, 0.18747823058167887, 0.07158878504672897, 0.10633709356337094, 0.20591603053435115, 0.10708508573277256, 0.1425233644859813, 0.20049309664694281, 0.22416338582677164, 0.07992895204262877, 0.42643180105501133, 0.16872922053934244, 0.1883745963401507, 0.23045228056726716, 0.30387931034482757, 0.6149816176470588, 0.12036336109008328, 0.1541005291005291, 0.0023752969121140144, 0.1015406162464986, 0.11511156186612576]
speed reward list:[-17579.08595965966, -22375.269146240895, -10937.697912789352, -11345.579466479448, -31461.560659431238, -12116.541674859784, -18978.098247989918, -16218.945885439922, -10967.495501400013, -9021.427119159946, -8720.111163839794, -15088.428142879757, -8726.660608999884, -9694.926623459927, -10064.334796809997, -10612.521168360016, -15801.040607469873, -21595.040308580355, -28683.148626960523, -34529.54283093172, -32493.098125591263, -26715.537014780566, -17871.351730210015, -20927.850758200224, -23353.503577519885, -20523.24239539013, -23685.296425130386, -23277.723831820156, -24489.984268980417, -21023.20382823997, -19384.97774841013, -17283.993917179843, -11599.39692625005, -13775.124445830013, -11202.176040600096, -27833.15344782164, -36492.52100420152, -14374.790614839878, -13626.611342020002, -11651.224018579964, -28268.012263770743, -19049.20974541017, -15894.877000070048, -15765.114770970044, -16291.475823420053, -16137.525097059935, -22153.434745950173, -16368.621270410064, -14698.206735229904, -18370.03855916005, -17768.264309229977, -30826.50926378113, -23425.648403280233, -17949.777551920088, -13181.925164370034, -15173.134949489997, -25965.9407856705, -15331.594241089977, -13307.86397345004, -14824.549196730035, -13960.561367060001, -16437.968487429756, -16160.742801839979, -22514.55746508036, -17388.804405969826, -15263.972376340032, -10276.310491309965, -8932.46283492991, -9274.104733519893, -8675.645231819843, -7903.349441609839, -9051.612184349891, -11825.464833650005, -21573.264705470483, -21154.94724414005, -35032.72676015137, -20657.318596340265, -18414.235361289928, -21909.76618265014, -26200.59056388031, -29160.602556380578, -21985.861854140374, -24791.876575470284, -27094.98959665086, -25982.912517220615, -27265.482207690635, -31799.210442921023, -32482.57323145114, -20775.81909962029, -36928.110484911194, -29522.029101890494, -30119.68142132085, -31603.75790148107, -39486.70841154037, -52508.5163212272, -25572.845703120518, -24967.948321480126, -13197.742014350086, -8594.910445799553, -11560.980508659777]
accel reward list:[-1778.0958566981856, -1703.3330806255801, -2073.9342550512793, -2435.271275850354, -2169.6801859354746, -1408.3090224938778, -1485.3976285004526, -1571.681856001231, -1385.5391130793519, -1185.9754340267027, -1648.4395452449799, -2262.617663020325, -1485.5936925499047, -1358.996857849918, -1268.699526776008, -1311.1832824561072, -1566.043388185608, -1837.2959877656306, -1832.154614571649, -2231.5345453404148, -1864.9712656855827, -1710.1525149378429, -1459.4317288425113, -1500.0791014596211, -1517.0935872285706, -1596.1918957585697, -1790.2315143519975, -1845.5629077984324, -1977.6806773307455, -2044.1856722085918, -1273.8177996386944, -1170.676817557404, -1106.3089241184434, -1285.9328356644858, -1342.5648197592861, -2139.7490119114887, -2516.337953517861, -1675.7581362598842, -1813.4378170279401, -1655.975630594015, -2859.5792545400927, -2620.748096475403, -1900.0121298094125, -1470.9489420876178, -1437.6869968990827, -1610.4440225091973, -1988.9494679881645, -1293.7655574849523, -1161.9386928441315, -1367.6962797784602, -1362.5846273781747, -1572.4312106582217, -1355.1092948140615, -1023.51508898993, -824.3160586115594, -1132.1885914384948, -1892.3606169479765, -1915.4858531011914, -1215.5937375363385, -986.9171871596444, -1087.8945288369175, -1278.788249315115, -1032.4888059091368, -1337.2452520683394, -1095.2785982689832, -1204.1331812522303, -1098.2898601778152, -817.7529178406435, -824.4246094473691, -992.9896075301233, -1036.362152191093, -1293.5885904002487, -1342.1771498363773, -1783.2988811147445, -1316.3136666742716, -1977.660893574174, -1231.955906632962, -1319.6461269585116, -1601.1166055162348, -1620.7331686275231, -1289.3587221892471, -1036.3450268022864, -987.2115252322254, -1045.5795665057399, -1244.9782840391197, -1563.6640571284204, -1320.7246583401618, -1298.677293799308, -1196.8595743961741, -1701.1697623744958, -1362.9956221580826, -1785.3193142071004, -1643.0371434153005, -1753.380007541577, -2992.1446789853135, -1538.7423538679288, -1438.383604125675, -1212.2748585832148, -1534.6152505179991, -1373.2920057873885]
tls reward list:[-2841, -3876, -2715, -2216, 1643, 6480, 9883, 8860, 7929, 7948, 6999, 3811, 7131, 8129, 8718, 8851, 9778, 10541, 11556, 11667, 10837, 10992, 11266, 11530, 12017, 12281, 12376, 11013, 11393, 10107, 11685, 10839, 9354, 10303, 8477, 11209, 10272, 9171, 8858, 8851, 10281, 9111, 9932, 10173, 10025, 9920, 10642, 10594, 9834, 10875, 10399, 11044, 12270, 11428, 9586, 10000, 12305, 10054, 8998, 9559, 9070, 9179, 10034, 11508, 10087, 9801, 8336, 7864, 7608, 6575, 6754, 7427, 9118, 9840, 11688, 11139, 11132, 10717, 11381, 12859, 12181, 11605, 12948, 13314, 11723, 11917, 12448, 12728, 11611, 11944, 10031, 11565, 11962, 10745, 8680, 12524, 12026, 9872, 2314, 3669]
extra reward list:[0.0, 0.0, 0.0, 0.0, 0.0, 0.0, 0.0, 0.0, 0.0, 0.0, 0.0, 0.0, 0.0, 0.0, 0.0, 0.0, 0.0, 0.0, 0.0, 0.0, 0.0, 0.0, 0.0, 0.0, 0.0, 0.0, 0.0, 0.0, 0.0, 0.0, 0.0, 0.0, 0.0, 0.0, 0.0, 0.0, 0.0, 0.0, 0.0, 0.0, 0.0, 0.0, 0.0, 0.0, 0.0, 0.0, 0.0, 0.0, 0.0, 0.0, 0.0, 0.0, 0.0, 0.0, 0.0, 0.0, 0.0, 0.0, 0.0, 0.0, 0.0, 0.0, 0.0, 0.0, 0.0, 0.0, 0.0, 0.0, 0.0, 0.0, 0.0, 0.0, 0.0, 0.0, 0.0, 0.0, 0.0, 0.0, 0.0, 0.0, 0.0, 0.0, 0.0, 0.0, 0.0, 0.0, 0.0, 0.0, 0.0, 0.0, 0.0, 0.0, 0.0, 0.0, 0.0, 0.0, 0.0, 0.0, 0.0, 0.0]
