nohup: 忽略输入
Env:sumo, Algorithm:TD3, Device:cuda
-----------------------------------------
models/reward_s9e-3_a4e-2_t(-2_0.8).pth
-----------------------------------------
 Retrying in 1 seconds
Warning: Unused states in tlLogic 'J10', program '0' in phase 0 after tl-index 10
Simulation......
总奖励:-5037.833955236317, 速度奖励:153.4043874425887, 加速度奖励:-711.2383426792711, 交通灯奖励:-4479.999999999351, 与前车进行交互的惩罚:0.0
Episode:1/100, Reward:-5037.833955236317
Episode:1/100, avg speed:14.437917980568516
Episode:1/100, avg halt num:0.3433744722312439
Episode:1/100, avg elec cons:1.762902998089894
 Retrying in 1 seconds
Warning: Unused states in tlLogic 'J10', program '0' in phase 0 after tl-index 10
Simulation......
总奖励:-6210.891888537616, 速度奖励:191.64134371210756, 加速度奖励:-681.333232250229, 交通灯奖励:-5721.199999999008, 与前车进行交互的惩罚:0.0
Episode:2/100, Reward:-6210.891888537616
Episode:2/100, avg speed:14.017458994774065
Episode:2/100, avg halt num:0.4596020761245675
Episode:2/100, avg elec cons:1.8991220424325361
 Retrying in 1 seconds
Warning: Unused states in tlLogic 'J10', program '0' in phase 0 after tl-index 10
Simulation......
总奖励:-4692.7682780791065, 速度奖励:86.07469325226195, 加速度奖励:-829.2429713316881, 交通灯奖励:-3949.5999999994847, 与前车进行交互的惩罚:0.0
Episode:3/100, Reward:-4692.7682780791065
Episode:3/100, avg speed:15.656664810168778
Episode:3/100, avg halt num:0.26879699248120303
Episode:3/100, avg elec cons:2.0398049168834493
 Retrying in 1 seconds
Warning: Unused states in tlLogic 'J10', program '0' in phase 0 after tl-index 10
Simulation......
总奖励:-3903.2843437033866, 速度奖励:69.74852464451888, 加速度奖励:-769.0328683481376, 交通灯奖励:-3203.999999999722, 与前车进行交互的惩罚:0.0
Episode:4/100, Reward:-3903.2843437033866
Episode:4/100, avg speed:15.180946955396307
Episode:4/100, avg halt num:0.2661600615621393
Episode:4/100, avg elec cons:2.5177614056912976
 Retrying in 1 seconds
Warning: Unused states in tlLogic 'J10', program '0' in phase 0 after tl-index 10
Simulation......
总奖励:-3973.0140938787927, 速度奖励:73.60799855516404, 加速度奖励:-787.8220924341422, 交通灯奖励:-3258.7999999997846, 与前车进行交互的惩罚:0.0
Episode:5/100, Reward:-3973.0140938787927
Episode:5/100, avg speed:15.442064003035668
Episode:5/100, avg halt num:0.27157258064516127
Episode:5/100, avg elec cons:2.595417889836701
 Retrying in 1 seconds
Warning: Unused states in tlLogic 'J10', program '0' in phase 0 after tl-index 10
Simulation......
总奖励:-3949.455539812933, 速度奖励:75.48047203064839, 加速度奖励:-773.7360118438621, 交通灯奖励:-3251.199999999548, 与前车进行交互的惩罚:0.0
Episode:6/100, Reward:-3949.455539812933
Episode:6/100, avg speed:15.392720579554522
Episode:6/100, avg halt num:0.2700286123032904
Episode:6/100, avg elec cons:2.326385951692707
 Retrying in 1 seconds
Warning: Unused states in tlLogic 'J10', program '0' in phase 0 after tl-index 10
Simulation......
总奖励:-4238.72351393653, 速度奖励:75.74351177032561, 加速度奖励:-794.0670257070905, 交通灯奖励:-3520.3999999996295, 与前车进行交互的惩罚:0.0
Episode:7/100, Reward:-4238.72351393653
Episode:7/100, avg speed:15.671960660433209
Episode:7/100, avg halt num:0.25412371134020617
Episode:7/100, avg elec cons:2.2252208697171167
 Retrying in 1 seconds
Warning: Unused states in tlLogic 'J10', program '0' in phase 0 after tl-index 10
Simulation......
总奖励:-3683.9250089115044, 速度奖励:69.1511933119382, 加速度奖励:-771.4762022236176, 交通灯奖励:-2981.5999999998876, 与前车进行交互的惩罚:0.0
Episode:8/100, Reward:-3683.9250089115044
Episode:8/100, avg speed:15.716754610718901
Episode:8/100, avg halt num:0.22265994327135202
Episode:8/100, avg elec cons:2.0809409799729486
 Retrying in 1 seconds
Warning: Unused states in tlLogic 'J10', program '0' in phase 0 after tl-index 10
Simulation......
总奖励:-4053.3143889944076, 速度奖励:71.44194323903477, 加速度奖励:-783.5563322337075, 交通灯奖励:-3341.1999999997106, 与前车进行交互的惩罚:0.0
Episode:9/100, Reward:-4053.3143889944076
Episode:9/100, avg speed:15.61238309868525
Episode:9/100, avg halt num:0.23314881146206448
Episode:9/100, avg elec cons:2.1335054483633873
 Retrying in 1 seconds
Warning: Unused states in tlLogic 'J10', program '0' in phase 0 after tl-index 10
Simulation......
总奖励:-3689.7641892645515, 速度奖励:78.5824538022612, 加速度奖励:-795.946643066971, 交通灯奖励:-2972.3999999999196, 与前车进行交互的惩罚:0.0
Episode:10/100, Reward:-3689.7641892645515
Episode:10/100, avg speed:15.28533396776175
Episode:10/100, avg halt num:0.2730959097320169
Episode:10/100, avg elec cons:2.2581718163871645
 Retrying in 1 seconds
Warning: Unused states in tlLogic 'J10', program '0' in phase 0 after tl-index 10
Simulation......
总奖励:-4001.5365712979465, 速度奖励:75.30321605661588, 加速度奖励:-788.4397873547474, 交通灯奖励:-3288.399999999724, 与前车进行交互的惩罚:0.0
Episode:11/100, Reward:-4001.5365712979465
Episode:11/100, avg speed:15.889266951644418
Episode:11/100, avg halt num:0.24048731642189586
Episode:11/100, avg elec cons:2.177565640018956
 Retrying in 1 seconds
Warning: Unused states in tlLogic 'J10', program '0' in phase 0 after tl-index 10
Simulation......
总奖励:-3593.6597139109394, 速度奖励:71.12529860371247, 加速度奖励:-778.3850125148099, 交通灯奖励:-2886.3999999998864, 与前车进行交互的惩罚:0.0
Episode:12/100, Reward:-3593.6597139109394
Episode:12/100, avg speed:15.716433826903495
Episode:12/100, avg halt num:0.24145372928176795
Episode:12/100, avg elec cons:2.2313964467563956
 Retrying in 1 seconds
Warning: Unused states in tlLogic 'J10', program '0' in phase 0 after tl-index 10
Simulation......
总奖励:-4118.369797307152, 速度奖励:68.79096974758309, 加速度奖励:-765.5607670549524, 交通灯奖励:-3421.5999999997584, 与前车进行交互的惩罚:0.0
Episode:13/100, Reward:-4118.369797307152
Episode:13/100, avg speed:15.855021704843617
Episode:13/100, avg halt num:0.21860170832015186
Episode:13/100, avg elec cons:2.0970288194655566
 Retrying in 1 seconds
Warning: Unused states in tlLogic 'J10', program '0' in phase 0 after tl-index 10
Simulation......
总奖励:-4001.3037210762377, 速度奖励:74.92551157306741, 加速度奖励:-779.0292326495135, 交通灯奖励:-3297.1999999995714, 与前车进行交互的惩罚:0.0
Episode:14/100, Reward:-4001.3037210762377
Episode:14/100, avg speed:15.509070916412451
Episode:14/100, avg halt num:0.26500355113636365
Episode:14/100, avg elec cons:2.333199837469124
 Retrying in 1 seconds
Warning: Unused states in tlLogic 'J10', program '0' in phase 0 after tl-index 10
Simulation......
总奖励:-3997.945149785774, 速度奖励:81.2202592050033, 加速度奖励:-807.1654089909375, 交通灯奖励:-3271.999999999827, 与前车进行交互的惩罚:0.0
Episode:15/100, Reward:-3997.945149785774
Episode:15/100, avg speed:15.563270050723267
Episode:15/100, avg halt num:0.2822850762932639
Episode:15/100, avg elec cons:2.3429350798849877
 Retrying in 1 seconds
Warning: Unused states in tlLogic 'J10', program '0' in phase 0 after tl-index 10
Simulation......
总奖励:-4422.073471551287, 速度奖励:78.03822155080971, 加速度奖励:-790.5116931023952, 交通灯奖励:-3709.599999999561, 与前车进行交互的惩罚:0.0
Episode:16/100, Reward:-4422.073471551287
Episode:16/100, avg speed:15.372720811931531
Episode:16/100, avg halt num:0.286910197869102
Episode:16/100, avg elec cons:2.460021109765329
 Retrying in 1 seconds
Warning: Unused states in tlLogic 'J10', program '0' in phase 0 after tl-index 10
Simulation......
总奖励:-4094.7022567047457, 速度奖励:76.59489387484182, 加速度奖励:-776.4971505798458, 交通灯奖励:-3394.7999999996387, 与前车进行交互的惩罚:0.0
Episode:17/100, Reward:-4094.7022567047457
Episode:17/100, avg speed:15.588550935591098
Episode:17/100, avg halt num:0.2703993055555556
Episode:17/100, avg elec cons:2.25574014033815
 Retrying in 1 seconds
Warning: Unused states in tlLogic 'J10', program '0' in phase 0 after tl-index 10
Simulation......
总奖励:-3881.514868153967, 速度奖励:74.1678341603253, 加速度奖励:-764.0827023145067, 交通灯奖励:-3191.5999999997193, 与前车进行交互的惩罚:0.0
Episode:18/100, Reward:-3881.514868153967
Episode:18/100, avg speed:14.74248497448636
Episode:18/100, avg halt num:0.30044570502431117
Episode:18/100, avg elec cons:2.637734756027152
 Retrying in 1 seconds
Warning: Unused states in tlLogic 'J10', program '0' in phase 0 after tl-index 10
Simulation......
总奖励:-4344.38317467454, 速度奖励:83.2462194062939, 加速度奖励:-810.429394081095, 交通灯奖励:-3617.199999999635, 与前车进行交互的惩罚:0.0
Episode:19/100, Reward:-4344.38317467454
Episode:19/100, avg speed:15.313827785836164
Episode:19/100, avg halt num:0.28359826589595377
Episode:19/100, avg elec cons:2.3085044619687345
 Retrying in 1 seconds
Warning: Unused states in tlLogic 'J10', program '0' in phase 0 after tl-index 10
Simulation......
Error: tcpip::Socket::recvAndCheck @ recv: peer shutdown
Quitting (on error).
