nohup: 忽略输入
Env:sumo, Algorithm:TD3, Device:cuda
-----------------------------------------
models/reward_s5e-2(-5, 1)_a4e-2_t(-2_0.1)_safe(3, -0.7)_2015.pth
-----------------------------------------
 Retrying in 1 seconds
Warning: Unused states in tlLogic 'J10', program '0' in phase 0 after tl-index 10
Simulation......
总奖励:-47279.2755385961, 速度奖励:-9292.800000000107, 加速度奖励:-764.0755385909697, 交通灯奖励:-31855.50000001273, 与前车进行交互的惩罚:-5366.899999999232
Episode:1/100, Reward:-47279.2755385961
Episode:1/100, avg speed:11.356732951505698
Episode:1/100, avg halt num:1.3221337579617833
Episode:1/100, avg elec cons:1.3799096758715246
 Retrying in 1 seconds
Warning: Unused states in tlLogic 'J10', program '0' in phase 0 after tl-index 10
Simulation......
总奖励:-27855.69474985485, 速度奖励:-5384.949999999865, 加速度奖励:-719.0447498514483, 交通灯奖励:-18036.799999999334, 与前车进行交互的惩罚:-3714.899999999661
Episode:2/100, Reward:-27855.69474985485
Episode:2/100, avg speed:12.25619406716791
Episode:2/100, avg halt num:0.7799896587383661
Episode:2/100, avg elec cons:1.6777520291759969
 Retrying in 1 seconds
Warning: Unused states in tlLogic 'J10', program '0' in phase 0 after tl-index 10
Simulation......
总奖励:-13415.021908721905, 速度奖励:-2417.7500000000027, 加速度奖励:-829.971908722625, 交通灯奖励:-8259.099999998987, 与前车进行交互的惩罚:-1908.2000000000849
Episode:3/100, Reward:-13415.021908721905
Episode:3/100, avg speed:15.652774595546152
Episode:3/100, avg halt num:0.2685518143184047
Episode:3/100, avg elec cons:2.041818158644574
 Retrying in 1 seconds
Warning: Unused states in tlLogic 'J10', program '0' in phase 0 after tl-index 10
Simulation......
总奖励:-11933.015885970593, 速度奖励:-2224.1500000000115, 加速度奖励:-770.6658859711705, 交通灯奖励:-7293.199999999231, 与前车进行交互的惩罚:-1645.0000000000678
Episode:4/100, Reward:-11933.015885970593
Episode:4/100, avg speed:15.183434666640846
Episode:4/100, avg halt num:0.26635244324740287
Episode:4/100, avg elec cons:2.5161161792623172
 Retrying in 1 seconds
Warning: Unused states in tlLogic 'J10', program '0' in phase 0 after tl-index 10
Simulation......
总奖励:-12362.80883704722, 速度奖励:-2256.300000000011, 加速度奖励:-787.1088370477746, 交通灯奖励:-7402.799999999261, 与前车进行交互的惩罚:-1916.6000000000854
Episode:5/100, Reward:-12362.80883704722
Episode:5/100, avg speed:15.44342823116004
Episode:5/100, avg halt num:0.2714631197097944
Episode:5/100, avg elec cons:2.5943342111262453
 Retrying in 1 seconds
Warning: Unused states in tlLogic 'J10', program '0' in phase 0 after tl-index 10
Simulation......
总奖励:-12230.946170038791, 速度奖励:-2296.4500000000075, 加速度奖励:-772.1961700394188, 交通灯奖励:-7447.9999999990905, 与前车进行交互的惩罚:-1714.3000000000723
Episode:6/100, Reward:-12230.946170038791
Episode:6/100, avg speed:15.396576205229016
Episode:6/100, avg halt num:0.26680972818311877
Episode:6/100, avg elec cons:2.331739233557909
 Retrying in 1 seconds
Warning: Unused states in tlLogic 'J10', program '0' in phase 0 after tl-index 10
Simulation......
总奖励:-28405.741087690352, 速度奖励:-5465.4999999999145, 加速度奖励:-1659.3410876884552, 交通灯奖励:-17377.699999997927, 与前车进行交互的惩罚:-3903.199999999612
Episode:7/100, Reward:-28405.741087690352
Episode:7/100, avg speed:11.610498063122137
Episode:7/100, avg halt num:0.3733169129720854
Episode:7/100, avg elec cons:1.1085857097169287
 Retrying in 1 seconds
Warning: Unused states in tlLogic 'J10', program '0' in phase 0 after tl-index 10
Simulation......
总奖励:-9931.3195219564, 速度奖励:-2289.6500000000156, 加速度奖励:-771.4695219567794, 交通灯奖励:-5697.699999999642, 与前车进行交互的惩罚:-1172.500000000037
Episode:8/100, Reward:-9931.3195219564
Episode:8/100, avg speed:14.813340486978408
Episode:8/100, avg halt num:0.1642397302268547
Episode:8/100, avg elec cons:1.4521759050214613
 Retrying in 1 seconds
Warning: Unused states in tlLogic 'J10', program '0' in phase 0 after tl-index 10
Simulation......
总奖励:-9266.127115335466, 速度奖励:-2632.1999999999944, 加速度奖励:-800.4271153358814, 交通灯奖励:-4838.09999999978, 与前车进行交互的惩罚:-995.4000000000256
Episode:9/100, Reward:-9266.127115335466
Episode:9/100, avg speed:14.00538848736708
Episode:9/100, avg halt num:0.15507152145643693
Episode:9/100, avg elec cons:1.73671923685533
 Retrying in 1 seconds
Warning: Unused states in tlLogic 'J10', program '0' in phase 0 after tl-index 10
Simulation......
总奖励:-6039.048355359393, 速度奖励:-2386.3500000000067, 加速度奖励:-645.5983553596166, 交通灯奖励:-2398.800000000421, 与前车进行交互的惩罚:-608.3000000000004
Episode:10/100, Reward:-6039.048355359393
Episode:10/100, avg speed:14.51094248700126
Episode:10/100, avg halt num:0.1362765586903518
Episode:10/100, avg elec cons:2.3229668304455604
 Retrying in 1 seconds
Warning: Unused states in tlLogic 'J10', program '0' in phase 0 after tl-index 10
Simulation......
总奖励:-15519.701451226345, 速度奖励:-4777.349999999909, 加速度奖励:-1040.7514512272169, 交通灯奖励:-7184.399999997767, 与前车进行交互的惩罚:-2517.199999999972
Episode:11/100, Reward:-15519.701451226345
Episode:11/100, avg speed:11.451138133720972
Episode:11/100, avg halt num:0.35052364328784513
Episode:11/100, avg elec cons:0.6938508374470399
 Retrying in 1 seconds
Warning: Unused states in tlLogic 'J10', program '0' in phase 0 after tl-index 10
Simulation......
总奖励:-8512.25174546287, 速度奖励:-3326.9499999999516, 加速度奖励:-990.5017454629477, 交通灯奖励:-2582.000000000629, 与前车进行交互的惩罚:-1612.8000000000657
Episode:12/100, Reward:-8512.25174546287
Episode:12/100, avg speed:12.386094047143065
Episode:12/100, avg halt num:0.02759253084361454
Episode:12/100, avg elec cons:1.134999470717937
 Retrying in 1 seconds
Warning: Unused states in tlLogic 'J10', program '0' in phase 0 after tl-index 10
Simulation......
总奖励:-8996.38854303996, 速度奖励:-3570.099999999944, 加速度奖励:-1071.4885430401175, 交通灯奖励:-2900.900000000665, 与前车进行交互的惩罚:-1453.9000000000553
Episode:13/100, Reward:-8996.38854303996
Episode:13/100, avg speed:12.314558539972893
Episode:13/100, avg halt num:0.060721933312939735
Episode:13/100, avg elec cons:1.2111828888660088
 Retrying in 1 seconds
Warning: Unused states in tlLogic 'J10', program '0' in phase 0 after tl-index 10
Simulation......
总奖励:-6182.653582285342, 速度奖励:-3113.7999999999583, 加速度奖励:-755.4535822853834, 交通灯奖励:-1478.300000000155, 与前车进行交互的惩罚:-835.1000000000151
Episode:14/100, Reward:-6182.653582285342
Episode:14/100, avg speed:12.698828332497536
Episode:14/100, avg halt num:0.0021551724137931034
Episode:14/100, avg elec cons:1.7544377717426647
 Retrying in 1 seconds
Warning: Unused states in tlLogic 'J10', program '0' in phase 0 after tl-index 10
Simulation......
总奖励:-6836.241583057113, 速度奖励:-3417.549999999959, 加速度奖励:-736.5915830571503, 交通灯奖励:-1769.300000000505, 与前车进行交互的惩罚:-912.8000000000202
Episode:15/100, Reward:-6836.241583057113
Episode:15/100, avg speed:12.447928093731292
Episode:15/100, avg halt num:0.021103896103896104
Episode:15/100, avg elec cons:1.3937065732419807
 Retrying in 1 seconds
Warning: Unused states in tlLogic 'J10', program '0' in phase 0 after tl-index 10
Simulation......
总奖励:-7191.362945361134, 速度奖励:-3521.2499999999436, 加速度奖励:-827.8129453611741, 交通灯奖励:-1808.4000000003196, 与前车进行交互的惩罚:-1033.900000000028
Episode:16/100, Reward:-7191.362945361134
Episode:16/100, avg speed:11.729821522901208
Episode:16/100, avg halt num:0.029850746268656716
Episode:16/100, avg elec cons:1.3212233401048321
 Retrying in 1 seconds
Warning: Unused states in tlLogic 'J10', program '0' in phase 0 after tl-index 10
Simulation......
总奖励:-6924.105894137174, 速度奖励:-3354.9499999999516, 加速度奖励:-893.155894137175, 交通灯奖励:-1809.4000000005767, 与前车进行交互的惩罚:-866.6000000000172
Episode:17/100, Reward:-6924.105894137174
Episode:17/100, avg speed:12.571730034784222
Episode:17/100, avg halt num:0.024369461486025902
Episode:17/100, avg elec cons:1.2276301847808457
 Retrying in 1 seconds
Warning: Unused states in tlLogic 'J10', program '0' in phase 0 after tl-index 10
Simulation......
总奖励:-6930.022649182944, 速度奖励:-3334.799999999964, 加速度奖励:-828.0226491829958, 交通灯奖励:-1845.3000000005713, 与前车进行交互的惩罚:-921.9000000000208
Episode:18/100, Reward:-6930.022649182944
Episode:18/100, avg speed:11.32025560261869
Episode:18/100, avg halt num:0.03652468152866242
Episode:18/100, avg elec cons:1.351160054336355
 Retrying in 1 seconds
Warning: Unused states in tlLogic 'J10', program '0' in phase 0 after tl-index 10
Simulation......
总奖励:-7586.305104888957, 速度奖励:-3645.049999999954, 加速度奖励:-820.8551048889525, 交通灯奖励:-1996.9000000005415, 与前车进行交互的惩罚:-1123.5000000000339
Episode:19/100, Reward:-7586.305104888957
Episode:19/100, avg speed:12.169958327411209
Episode:19/100, avg halt num:0.05764455480666903
Episode:19/100, avg elec cons:1.0207322805827708
 Retrying in 1 seconds
Warning: Unused states in tlLogic 'J10', program '0' in phase 0 after tl-index 10
Simulation......
总奖励:-5009.8247302383725, 速度奖励:-3032.8499999999503, 加速度奖励:-731.0747302384077, 交通灯奖励:-746.0999999998317, 与前车进行交互的惩罚:-499.7999999999943
Episode:20/100, Reward:-5009.8247302383725
Episode:20/100, avg speed:13.21686764006931
Episode:20/100, avg halt num:0.011003667889296432
Episode:20/100, avg elec cons:1.1665488731883586
 Retrying in 1 seconds
Warning: Unused states in tlLogic 'J10', program '0' in phase 0 after tl-index 10
Simulation......
总奖励:-5630.425120067502, 速度奖励:-3050.599999999974, 加速度奖励:-784.3251200675214, 交通灯奖励:-1334.2000000003043, 与前车进行交互的惩罚:-461.29999999999495
Episode:21/100, Reward:-5630.425120067502
Episode:21/100, avg speed:12.732554509471486
Episode:21/100, avg halt num:0.020368946963873945
Episode:21/100, avg elec cons:1.5244329451202783
 Retrying in 1 seconds
Warning: Unused states in tlLogic 'J10', program '0' in phase 0 after tl-index 10
Simulation......
总奖励:-5117.954243654381, 速度奖励:-3007.499999999979, 加速度奖励:-778.954243654391, 交通灯奖励:-900.2999999998289, 与前车进行交互的惩罚:-431.19999999999544
Episode:22/100, Reward:-5117.954243654381
Episode:22/100, avg speed:12.89807506874627
Episode:22/100, avg halt num:0.014983351831298557
Episode:22/100, avg elec cons:1.4757857799350829
 Retrying in 1 seconds
Warning: Unused states in tlLogic 'J10', program '0' in phase 0 after tl-index 10
Simulation......
总奖励:-4858.982192320712, 速度奖励:-2991.2999999999633, 加速度奖励:-767.9821923207063, 交通灯奖励:-797.9999999998729, 与前车进行交互的惩罚:-301.69999999999754
Episode:23/100, Reward:-4858.982192320712
Episode:23/100, avg speed:13.288047702055735
Episode:23/100, avg halt num:0.015789473684210527
Episode:23/100, avg elec cons:1.1697111859938378
 Retrying in 1 seconds
Warning: Unused states in tlLogic 'J10', program '0' in phase 0 after tl-index 10
Simulation......
总奖励:-4920.617108235276, 速度奖励:-2984.6499999999523, 加速度奖励:-751.0671082352976, 交通灯奖励:-886.6999999997896, 与前车进行交互的惩罚:-298.1999999999976
Episode:24/100, Reward:-4920.617108235276
Episode:24/100, avg speed:13.208043508703742
Episode:24/100, avg halt num:0.007868852459016393
Episode:24/100, avg elec cons:1.2886458618235264
 Retrying in 1 seconds
Warning: Unused states in tlLogic 'J10', program '0' in phase 0 after tl-index 10
Simulation......
总奖励:-5448.527271435627, 速度奖励:-3099.749999999959, 加速度奖励:-794.0772714356272, 交通灯奖励:-1201.1999999999348, 与前车进行交互的惩罚:-353.4999999999967
Episode:25/100, Reward:-5448.527271435627
Episode:25/100, avg speed:13.050424495043172
Episode:25/100, avg halt num:0.014642974662718
Episode:25/100, avg elec cons:1.1754818805429879
 Retrying in 1 seconds
Warning: Unused states in tlLogic 'J10', program '0' in phase 0 after tl-index 10
Simulation......
总奖励:-7664.905441976951, 速度奖励:-3955.2999999999574, 加速度奖励:-939.0054419770465, 交通灯奖励:-2202.200000000491, 与前车进行交互的惩罚:-568.3999999999978
Episode:26/100, Reward:-7664.905441976951
Episode:26/100, avg speed:11.12885747751082
Episode:26/100, avg halt num:0.06846846846846846
Episode:26/100, avg elec cons:0.8419613502791191
 Retrying in 1 seconds
Warning: Unused states in tlLogic 'J10', program '0' in phase 0 after tl-index 10
Simulation......
总奖励:-6928.241450914588, 速度奖励:-3756.099999999921, 加速度奖励:-876.9414509146952, 交通灯奖励:-1694.6000000007825, 与前车进行交互的惩罚:-600.5999999999999
Episode:27/100, Reward:-6928.241450914588
Episode:27/100, avg speed:11.44007031662806
Episode:27/100, avg halt num:0.10609171800136892
Episode:27/100, avg elec cons:0.8729535428687037
 Retrying in 1 seconds
Warning: Unused states in tlLogic 'J10', program '0' in phase 0 after tl-index 10
Simulation......
总奖励:-5411.183306571675, 速度奖励:-3066.549999999952, 加速度奖励:-803.7333065717038, 交通灯奖励:-1087.9999999999077, 与前车进行交互的惩罚:-452.8999999999951
Episode:28/100, Reward:-5411.183306571675
Episode:28/100, avg speed:11.134344941523983
Episode:28/100, avg halt num:0.07576953433307025
Episode:28/100, avg elec cons:1.3502785257815872
 Retrying in 1 seconds
Warning: Unused states in tlLogic 'J10', program '0' in phase 0 after tl-index 10
Simulation......
总奖励:-9221.345739937575, 速度奖励:-4748.1499999999605, 加速度奖励:-865.0957399379631, 交通灯奖励:-2586.100000000855, 与前车进行交互的惩罚:-1022.0000000000273
Episode:29/100, Reward:-9221.345739937575
Episode:29/100, avg speed:10.047065518426699
Episode:29/100, avg halt num:0.2664835164835165
Episode:29/100, avg elec cons:0.6934142964416402
 Retrying in 1 seconds
Warning: Unused states in tlLogic 'J10', program '0' in phase 0 after tl-index 10
Simulation......
总奖励:-9349.3758966298, 速度奖励:-4504.549999999933, 加速度奖励:-1002.4258966300929, 交通灯奖励:-2858.200000000965, 与前车进行交互的惩罚:-984.2000000000248
Episode:30/100, Reward:-9349.3758966298
Episode:30/100, avg speed:10.937645116412641
Episode:30/100, avg halt num:0.17370775347912526
Episode:30/100, avg elec cons:0.6011214917129968
 Retrying in 1 seconds
Warning: Unused states in tlLogic 'J10', program '0' in phase 0 after tl-index 10
Simulation......
总奖励:-10260.513846551645, 速度奖励:-4640.999999999951, 加速度奖励:-1179.613846551919, 交通灯奖励:-3203.7000000006947, 与前车进行交互的惩罚:-1236.2000000000412
Episode:31/100, Reward:-10260.513846551645
Episode:31/100, avg speed:10.36557390969723
Episode:31/100, avg halt num:0.18435801630434784
Episode:31/100, avg elec cons:0.5731021684941512
 Retrying in 1 seconds
Warning: Unused states in tlLogic 'J10', program '0' in phase 0 after tl-index 10
Simulation......
总奖励:-17433.40777970101, 速度奖励:-5136.099999999925, 加速度奖励:-1657.8077797012697, 交通灯奖励:-8106.199999998562, 与前车进行交互的惩罚:-2533.299999999968
Episode:32/100, Reward:-17433.40777970101
Episode:32/100, avg speed:9.906973526644014
Episode:32/100, avg halt num:0.33557830459770116
Episode:32/100, avg elec cons:0.8339677937493222
 Retrying in 1 seconds
Warning: Unused states in tlLogic 'J10', program '0' in phase 0 after tl-index 10
Simulation......
总奖励:-7553.854619435326, 速度奖励:-3440.899999999947, 加速度奖励:-1033.9546194355555, 交通灯奖励:-1846.3000000005393, 与前车进行交互的惩罚:-1232.700000000041
Episode:33/100, Reward:-7553.854619435326
Episode:33/100, avg speed:11.513126895129865
Episode:33/100, avg halt num:0.13007994670219852
Episode:33/100, avg elec cons:0.9935236308568923
 Retrying in 1 seconds
Warning: Unused states in tlLogic 'J10', program '0' in phase 0 after tl-index 10
Simulation......
总奖励:-6338.00921420513, 速度奖励:-3438.5499999999456, 加速度奖励:-1102.5592142051946, 交通灯奖励:-1162.6999999999312, 与前车进行交互的惩罚:-634.2000000000021
Episode:34/100, Reward:-6338.00921420513
Episode:34/100, avg speed:12.329199440905194
Episode:34/100, avg halt num:0.052079866888519136
Episode:34/100, avg elec cons:0.8123093842008033
 Retrying in 1 seconds
Warning: Unused states in tlLogic 'J10', program '0' in phase 0 after tl-index 10
Simulation......
总奖励:-8088.342823157744, 速度奖励:-3811.6999999999525, 加速度奖励:-1090.4428231578038, 交通灯奖励:-2419.0000000007617, 与前车进行交互的惩罚:-767.2000000000107
Episode:35/100, Reward:-8088.342823157744
Episode:35/100, avg speed:11.913537184690158
Episode:35/100, avg halt num:0.10186832740213524
Episode:35/100, avg elec cons:0.702588867483013
 Retrying in 1 seconds
Warning: Unused states in tlLogic 'J10', program '0' in phase 0 after tl-index 10
Simulation......
总奖励:-6579.947054176372, 速度奖励:-3514.049999999961, 加速度奖励:-966.8970541764609, 交通灯奖励:-1662.9000000003557, 与前车进行交互的惩罚:-436.09999999999536
Episode:36/100, Reward:-6579.947054176372
Episode:36/100, avg speed:11.769592108309869
Episode:36/100, avg halt num:0.09286482610254572
Episode:36/100, avg elec cons:0.9079478547172329
 Retrying in 1 seconds
Warning: Unused states in tlLogic 'J10', program '0' in phase 0 after tl-index 10
Simulation......
总奖励:-6307.463053669465, 速度奖励:-3137.24999999994, 加速度奖励:-971.3130536695113, 交通灯奖励:-1670.4000000001765, 与前车进行交互的惩罚:-528.4999999999952
Episode:37/100, Reward:-6307.463053669465
Episode:37/100, avg speed:11.71246654332259
Episode:37/100, avg halt num:0.09665726943213854
Episode:37/100, avg elec cons:1.5431480916265388
 Retrying in 1 seconds
Warning: Unused states in tlLogic 'J10', program '0' in phase 0 after tl-index 10
Simulation......
总奖励:-5425.662615155446, 速度奖励:-2629.449999999992, 加速度奖励:-880.212615155487, 交通灯奖励:-1535.9000000003762, 与前车进行交互的惩罚:-380.09999999999627
Episode:38/100, Reward:-5425.662615155446
Episode:38/100, avg speed:12.80314115181793
Episode:38/100, avg halt num:0.07551594746716699
Episode:38/100, avg elec cons:1.6391871178103417
 Retrying in 1 seconds
Warning: Unused states in tlLogic 'J10', program '0' in phase 0 after tl-index 10
Simulation......
总奖励:-7039.030012016356, 速度奖励:-3368.3999999999132, 加速度奖励:-1034.3300120164713, 交通灯奖励:-2200.2000000005783, 与前车进行交互的惩罚:-436.09999999999536
Episode:39/100, Reward:-7039.030012016356
Episode:39/100, avg speed:12.043402148715924
Episode:39/100, avg halt num:0.11323176994180076
Episode:39/100, avg elec cons:1.3027079833465767
 Retrying in 1 seconds
Warning: Unused states in tlLogic 'J10', program '0' in phase 0 after tl-index 10
Simulation......
总奖励:-5627.5840446929915, 速度奖励:-2711.5999999999863, 加速度奖励:-913.6840446930556, 交通灯奖励:-1660.00000000027, 与前车进行交互的惩罚:-342.2999999999969
Episode:40/100, Reward:-5627.5840446929915
Episode:40/100, avg speed:12.451885004550178
Episode:40/100, avg halt num:0.08168316831683169
Episode:40/100, avg elec cons:1.3757130667446749
 Retrying in 1 seconds
Warning: Unused states in tlLogic 'J10', program '0' in phase 0 after tl-index 10
Simulation......
总奖励:-5220.278519280971, 速度奖励:-2898.7999999999593, 加速度奖励:-809.6785192810095, 交通灯奖励:-1201.000000000136, 与前车进行交互的惩罚:-310.7999999999974
Episode:41/100, Reward:-5220.278519280971
Episode:41/100, avg speed:12.641737703542152
Episode:41/100, avg halt num:0.05220562077552472
Episode:41/100, avg elec cons:1.3194907717789963
 Retrying in 1 seconds
Warning: Unused states in tlLogic 'J10', program '0' in phase 0 after tl-index 10
Simulation......
总奖励:-6086.458219535981, 速度奖励:-3416.6999999999557, 加速度奖励:-870.2582195360183, 交通灯奖励:-1353.6000000003846, 与前车进行交互的惩罚:-445.8999999999952
Episode:42/100, Reward:-6086.458219535981
Episode:42/100, avg speed:11.769114036528824
Episode:42/100, avg halt num:0.05767797241893403
Episode:42/100, avg elec cons:1.2122613764835994
 Retrying in 1 seconds
Warning: Unused states in tlLogic 'J10', program '0' in phase 0 after tl-index 10
Simulation......
总奖励:-5957.291066825426, 速度奖励:-2954.3999999999687, 加速度奖励:-946.1910668254305, 交通灯奖励:-1521.900000000296, 与前车进行交互的惩罚:-534.7999999999956
Episode:43/100, Reward:-5957.291066825426
Episode:43/100, avg speed:12.37450393520604
Episode:43/100, avg halt num:0.04848130841121495
Episode:43/100, avg elec cons:1.946305563557973
 Retrying in 1 seconds
Warning: Unused states in tlLogic 'J10', program '0' in phase 0 after tl-index 10
Simulation......
总奖励:-5179.634934404629, 速度奖励:-2755.3999999999805, 加速度奖励:-891.4349344046917, 交通灯奖励:-894.3999999999181, 与前车进行交互的惩罚:-638.4000000000024
Episode:44/100, Reward:-5179.634934404629
Episode:44/100, avg speed:13.189983796861373
Episode:44/100, avg halt num:0.010494056463595839
Episode:44/100, avg elec cons:2.4404265249469024
 Retrying in 1 seconds
Warning: Unused states in tlLogic 'J10', program '0' in phase 0 after tl-index 10
Simulation......
总奖励:-5210.652935504117, 速度奖励:-2797.5999999999885, 加速度奖励:-872.9529355041415, 交通灯奖励:-983.5999999997957, 与前车进行交互的惩罚:-556.499999999997
Episode:45/100, Reward:-5210.652935504117
Episode:45/100, avg speed:12.622422426250749
Episode:45/100, avg halt num:0.009922178988326848
Episode:45/100, avg elec cons:2.4029887702781494
 Retrying in 1 seconds
Warning: Unused states in tlLogic 'J10', program '0' in phase 0 after tl-index 10
Simulation......
总奖励:-4665.582869240409, 速度奖励:-2580.549999999991, 加速度奖励:-777.132869240425, 交通灯奖励:-776.5999999998725, 与前车进行交互的惩罚:-531.2999999999954
Episode:46/100, Reward:-4665.582869240409
Episode:46/100, avg speed:14.117618275342908
Episode:46/100, avg halt num:0.010983606557377049
Episode:46/100, avg elec cons:2.149423237584298
 Retrying in 1 seconds
Warning: Unused states in tlLogic 'J10', program '0' in phase 0 after tl-index 10
Simulation......
总奖励:-5204.37996675564, 速度奖励:-2821.449999999979, 加速度奖励:-966.8299667556532, 交通灯奖励:-828.7999999999006, 与前车进行交互的惩罚:-587.299999999999
Episode:47/100, Reward:-5204.37996675564
Episode:47/100, avg speed:13.015506883543491
Episode:47/100, avg halt num:0.009935654806964421
Episode:47/100, avg elec cons:2.1923852559378076
 Retrying in 1 seconds
Warning: Unused states in tlLogic 'J10', program '0' in phase 0 after tl-index 10
Simulation......
总奖励:-5127.705308916931, 速度奖励:-2835.8499999999663, 加速度奖励:-877.6553089169329, 交通灯奖励:-827.5999999998492, 与前车进行交互的惩罚:-586.599999999999
Episode:48/100, Reward:-5127.705308916931
Episode:48/100, avg speed:12.7388480027819
Episode:48/100, avg halt num:0.016377649325626204
Episode:48/100, avg elec cons:2.012835120602129
 Retrying in 1 seconds
Warning: Unused states in tlLogic 'J10', program '0' in phase 0 after tl-index 10
Simulation......
总奖励:-4865.908944405422, 速度奖励:-2876.3999999999737, 加速度奖励:-871.8089444054141, 交通灯奖励:-729.8999999998373, 与前车进行交互的惩罚:-387.79999999999615
Episode:49/100, Reward:-4865.908944405422
Episode:49/100, avg speed:13.427139294961087
Episode:49/100, avg halt num:0.014583333333333334
Episode:49/100, avg elec cons:1.2621331411305525
 Retrying in 1 seconds
Warning: Unused states in tlLogic 'J10', program '0' in phase 0 after tl-index 10
Simulation......
总奖励:-5066.7272249172765, 速度奖励:-2907.6499999999714, 加速度奖励:-844.7772249173008, 交通灯奖励:-943.2999999998026, 与前车进行交互的惩罚:-370.9999999999964
Episode:50/100, Reward:-5066.7272249172765
Episode:50/100, avg speed:12.85259604761722
Episode:50/100, avg halt num:0.016569866757772462
Episode:50/100, avg elec cons:1.444099567817342
 Retrying in 1 seconds
Warning: Unused states in tlLogic 'J10', program '0' in phase 0 after tl-index 10
Simulation......
总奖励:-6037.112465127399, 速度奖励:-3028.249999999949, 加速度奖励:-945.4624651274163, 交通灯奖励:-1658.8000000003399, 与前车进行交互的惩罚:-404.5999999999959
Episode:51/100, Reward:-6037.112465127399
Episode:51/100, avg speed:13.148459108330291
Episode:51/100, avg halt num:0.030843098958333332
Episode:51/100, avg elec cons:1.301018309356891
 Retrying in 1 seconds
Warning: Unused states in tlLogic 'J10', program '0' in phase 0 after tl-index 10
Simulation......
总奖励:-5560.219143961974, 速度奖励:-3072.1499999999496, 加速度奖励:-914.869143961962, 交通灯奖励:-1148.9999999998363, 与前车进行交互的惩罚:-424.19999999999555
Episode:52/100, Reward:-5560.219143961974
Episode:52/100, avg speed:12.810686631342037
Episode:52/100, avg halt num:0.027187612531508823
Episode:52/100, avg elec cons:1.3351856584329698
 Retrying in 1 seconds
Warning: Unused states in tlLogic 'J10', program '0' in phase 0 after tl-index 10
Simulation......
总奖励:-5611.21498433261, 速度奖励:-3226.7499999999727, 加速度奖励:-934.9649843326348, 交通灯奖励:-1081.9999999999263, 与前车进行交互的惩罚:-367.4999999999965
Episode:53/100, Reward:-5611.21498433261
Episode:53/100, avg speed:12.231159940166219
Episode:53/100, avg halt num:0.03813699536730642
Episode:53/100, avg elec cons:0.9769892101294528
 Retrying in 1 seconds
Warning: Unused states in tlLogic 'J10', program '0' in phase 0 after tl-index 10
Simulation......
总奖励:-6008.985824602677, 速度奖励:-3521.2499999999327, 加速度奖励:-912.7358246027393, 交通灯奖励:-1205.3999999999933, 与前车进行交互的惩罚:-369.59999999999644
Episode:54/100, Reward:-6008.985824602677
Episode:54/100, avg speed:11.997479714644141
Episode:54/100, avg halt num:0.060368349249658934
Episode:54/100, avg elec cons:0.8582837354256305
 Retrying in 1 seconds
Warning: Unused states in tlLogic 'J10', program '0' in phase 0 after tl-index 10
Simulation......
总奖励:-5791.822999021232, 速度奖励:-3302.799999999931, 加速度奖励:-889.6229990213229, 交通灯奖励:-1215.800000000121, 与前车进行交互的惩罚:-383.5999999999962
Episode:55/100, Reward:-5791.822999021232
Episode:55/100, avg speed:11.501092674403942
Episode:55/100, avg halt num:0.0805933484504913
Episode:55/100, avg elec cons:1.1365185540150875
 Retrying in 1 seconds
Warning: Unused states in tlLogic 'J10', program '0' in phase 0 after tl-index 10
Simulation......
总奖励:-5745.293760198681, 速度奖励:-3325.799999999945, 加速度奖励:-808.0937601987147, 交通灯奖励:-1278.900000000158, 与前车进行交互的惩罚:-332.49999999999704
Episode:56/100, Reward:-5745.293760198681
Episode:56/100, avg speed:12.069704085845162
Episode:56/100, avg halt num:0.07294242317202403
Episode:56/100, avg elec cons:1.0292850912797231
 Retrying in 1 seconds
Warning: Unused states in tlLogic 'J10', program '0' in phase 0 after tl-index 10
Simulation......
总奖励:-5211.7193353142875, 速度奖励:-2849.149999999976, 加速度奖励:-911.3693353142847, 交通灯奖励:-1117.300000000058, 与前车进行交互的惩罚:-333.899999999997
Episode:57/100, Reward:-5211.7193353142875
Episode:57/100, avg speed:12.126368857785753
Episode:57/100, avg halt num:0.05602579604997985
Episode:57/100, avg elec cons:1.7811790733307482
 Retrying in 1 seconds
Warning: Unused states in tlLogic 'J10', program '0' in phase 0 after tl-index 10
Simulation......
总奖励:-5382.36904325775, 速度奖励:-2866.9499999999753, 加速度奖励:-983.3190432577472, 交通灯奖励:-1128.90000000005, 与前车进行交互的惩罚:-403.1999999999959
Episode:58/100, Reward:-5382.36904325775
Episode:58/100, avg speed:12.235298827978255
Episode:58/100, avg halt num:0.04877336448598131
Episode:58/100, avg elec cons:1.6809457221357835
 Retrying in 1 seconds
Warning: Unused states in tlLogic 'J10', program '0' in phase 0 after tl-index 10
Simulation......
总奖励:-5421.122279877114, 速度奖励:-3009.899999999971, 加速度奖励:-895.7222798770937, 交通灯奖励:-1115.0999999999954, 与前车进行交互的惩罚:-400.39999999999594
Episode:59/100, Reward:-5421.122279877114
Episode:59/100, avg speed:12.468005528959576
Episode:59/100, avg halt num:0.036939313984168866
Episode:59/100, avg elec cons:1.5689445758373164
 Retrying in 1 seconds
Warning: Unused states in tlLogic 'J10', program '0' in phase 0 after tl-index 10
Simulation......
总奖励:-5591.44959876742, 速度奖励:-2968.6999999999643, 加速度奖励:-900.0495987674758, 交通灯奖励:-1357.3000000001862, 与前车进行交互的惩罚:-365.3999999999965
Episode:60/100, Reward:-5591.44959876742
Episode:60/100, avg speed:12.940730144217806
Episode:60/100, avg halt num:0.044986936642717176
Episode:60/100, avg elec cons:1.4489654904229858
 Retrying in 1 seconds
Warning: Unused states in tlLogic 'J10', program '0' in phase 0 after tl-index 10
Simulation......
总奖励:-6381.400364475213, 速度奖励:-3333.199999999945, 加速度奖励:-915.2003644752115, 交通灯奖励:-1717.9000000003593, 与前车进行交互的惩罚:-415.0999999999957
Episode:61/100, Reward:-6381.400364475213
Episode:61/100, avg speed:11.333954725099396
Episode:61/100, avg halt num:0.08793436293436294
Episode:61/100, avg elec cons:1.2500594912220113
 Retrying in 1 seconds
Warning: Unused states in tlLogic 'J10', program '0' in phase 0 after tl-index 10
Simulation......
总奖励:-6012.303637756908, 速度奖励:-3214.9999999999345, 加速度奖励:-936.4036377569713, 交通灯奖励:-1494.10000000024, 与前车进行交互的惩罚:-366.7999999999965
Episode:62/100, Reward:-6012.303637756908
Episode:62/100, avg speed:12.12766119302915
Episode:62/100, avg halt num:0.06179679509035118
Episode:62/100, avg elec cons:1.142467573727874
 Retrying in 1 seconds
Warning: Unused states in tlLogic 'J10', program '0' in phase 0 after tl-index 10
Simulation......
总奖励:-5642.1798819137875, 速度奖励:-3104.7999999999743, 加速度奖励:-883.9798819138168, 交通灯奖励:-1313.9000000000242, 与前车进行交互的惩罚:-339.49999999999693
Episode:63/100, Reward:-5642.1798819137875
Episode:63/100, avg speed:12.898143148796137
Episode:63/100, avg halt num:0.06701926113040732
Episode:63/100, avg elec cons:1.0947718001757971
 Retrying in 1 seconds
Warning: Unused states in tlLogic 'J10', program '0' in phase 0 after tl-index 10
Simulation......
总奖励:-5537.196288249579, 速度奖励:-3027.249999999955, 加速度奖励:-859.8462882496544, 交通灯奖励:-1293.8000000001782, 与前车进行交互的惩罚:-356.29999999999666
Episode:64/100, Reward:-5537.196288249579
Episode:64/100, avg speed:12.212181768929
Episode:64/100, avg halt num:0.07864755604557148
Episode:64/100, avg elec cons:1.39131818767446
 Retrying in 1 seconds
Warning: Unused states in tlLogic 'J10', program '0' in phase 0 after tl-index 10
Simulation......
总奖励:-5330.287434143999, 速度奖励:-3009.8499999999685, 加速度奖励:-842.4374341439963, 交通灯奖励:-1144.0999999999722, 与前车进行交互的惩罚:-333.899999999997
Episode:65/100, Reward:-5330.287434143999
Episode:65/100, avg speed:12.559280666052322
Episode:65/100, avg halt num:0.06109525508383874
Episode:65/100, avg elec cons:1.4520312073036
 Retrying in 1 seconds
Warning: Unused states in tlLogic 'J10', program '0' in phase 0 after tl-index 10
Simulation......
总奖励:-5110.229403930908, 速度奖励:-2908.699999999975, 加速度奖励:-871.4294039309297, 交通灯奖励:-1020.6999999998113, 与前车进行交互的惩罚:-309.3999999999974
Episode:66/100, Reward:-5110.229403930908
Episode:66/100, avg speed:13.804557348707291
Episode:66/100, avg halt num:0.021144674085850558
Episode:66/100, avg elec cons:1.680761605745779
 Retrying in 1 seconds
Warning: Unused states in tlLogic 'J10', program '0' in phase 0 after tl-index 10
Simulation......
总奖励:-4466.746502400269, 速度奖励:-2612.299999999994, 加速度奖励:-734.8465024002772, 交通灯奖励:-668.7999999998603, 与前车进行交互的惩罚:-450.7999999999951
Episode:67/100, Reward:-4466.746502400269
Episode:67/100, avg speed:14.190741417463196
Episode:67/100, avg halt num:0.0056179775280898875
Episode:67/100, avg elec cons:2.1610226565546644
 Retrying in 1 seconds
Warning: Unused states in tlLogic 'J10', program '0' in phase 0 after tl-index 10
Simulation......
总奖励:-4303.774216729383, 速度奖励:-2552.6499999999887, 加速度奖励:-707.4242167293536, 交通灯奖励:-629.2999999998765, 与前车进行交互的惩罚:-414.3999999999957
Episode:68/100, Reward:-4303.774216729383
Episode:68/100, avg speed:14.155386033131512
Episode:68/100, avg halt num:0.00330844927044452
Episode:68/100, avg elec cons:2.1375845160753517
 Retrying in 1 seconds
Warning: Unused states in tlLogic 'J10', program '0' in phase 0 after tl-index 10
Simulation......
总奖励:-4509.817735503962, 速度奖励:-2604.549999999992, 加速度奖励:-781.4677355039652, 交通灯奖励:-755.5999999998056, 与前车进行交互的惩罚:-368.19999999999646
Episode:69/100, Reward:-4509.817735503962
Episode:69/100, avg speed:13.951067707083288
Episode:69/100, avg halt num:0.012135922330097087
Episode:69/100, avg elec cons:2.0349012449974553
 Retrying in 1 seconds
Warning: Unused states in tlLogic 'J10', program '0' in phase 0 after tl-index 10
Simulation......
总奖励:-4590.135447459478, 速度奖励:-2548.9499999999907, 加速度奖励:-869.6854474594844, 交通灯奖励:-684.299999999849, 与前车进行交互的惩罚:-487.19999999999453
Episode:70/100, Reward:-4590.135447459478
Episode:70/100, avg speed:13.73817220807685
Episode:70/100, avg halt num:0.005361715749039693
Episode:70/100, avg elec cons:1.958909446370824
 Retrying in 1 seconds
Warning: Unused states in tlLogic 'J10', program '0' in phase 0 after tl-index 10
Simulation......
总奖励:-4812.894328586473, 速度奖励:-2560.0499999999774, 加速度奖励:-906.6443285864774, 交通灯奖励:-893.9999999998482, 与前车进行交互的惩罚:-452.1999999999951
Episode:71/100, Reward:-4812.894328586473
Episode:71/100, avg speed:14.176333994093607
Episode:71/100, avg halt num:0.006879973474801061
Episode:71/100, avg elec cons:1.6827818654972153
 Retrying in 1 seconds
Warning: Unused states in tlLogic 'J10', program '0' in phase 0 after tl-index 10
Simulation......
总奖励:-4950.910047733588, 速度奖励:-2669.9999999999854, 加速度奖励:-926.3100477335641, 交通灯奖励:-898.1999999997835, 与前车进行交互的惩罚:-456.39999999999503
Episode:72/100, Reward:-4950.910047733588
Episode:72/100, avg speed:12.714524269506569
Episode:72/100, avg halt num:0.006113619262603461
Episode:72/100, avg elec cons:1.8627364353550464
 Retrying in 1 seconds
Warning: Unused states in tlLogic 'J10', program '0' in phase 0 after tl-index 10
Simulation......
总奖励:-4779.779806015577, 速度奖励:-2716.4499999999816, 加速度奖励:-888.5298060155409, 交通灯奖励:-877.9999999998483, 与前车进行交互的惩罚:-296.7999999999976
Episode:73/100, Reward:-4779.779806015577
Episode:73/100, avg speed:13.663980553116431
Episode:73/100, avg halt num:0.009161536206391088
Episode:73/100, avg elec cons:1.0303041515005362
 Retrying in 1 seconds
Warning: Unused states in tlLogic 'J10', program '0' in phase 0 after tl-index 10
Simulation......
总奖励:-5590.369894867548, 速度奖励:-3001.499999999963, 加速度奖励:-966.5698948675899, 交通灯奖励:-1160.9999999999611, 与前车进行交互的惩罚:-461.29999999999495
Episode:74/100, Reward:-5590.369894867548
Episode:74/100, avg speed:13.1166102858222
Episode:74/100, avg halt num:0.029081808767690714
Episode:74/100, avg elec cons:1.016172833774863
 Retrying in 1 seconds
Warning: Unused states in tlLogic 'J10', program '0' in phase 0 after tl-index 10
Simulation......
总奖励:-5715.671679910205, 速度奖励:-3073.149999999951, 加速度奖励:-1042.4216799102237, 交通灯奖励:-1129.6999999998663, 与前车进行交互的惩罚:-470.3999999999948
Episode:75/100, Reward:-5715.671679910205
Episode:75/100, avg speed:13.185097423546653
Episode:75/100, avg halt num:0.019344262295081967
Episode:75/100, avg elec cons:0.9756329143981323
 Retrying in 1 seconds
Warning: Unused states in tlLogic 'J10', program '0' in phase 0 after tl-index 10
Simulation......
总奖励:-6428.668236831892, 速度奖励:-3117.3999999999705, 加速度奖励:-971.8682368319618, 交通灯奖励:-1899.8000000003942, 与前车进行交互的惩罚:-439.5999999999953
Episode:76/100, Reward:-6428.668236831892
Episode:76/100, avg speed:12.071886204543318
Episode:76/100, avg halt num:0.07493240633449208
Episode:76/100, avg elec cons:1.1049722746533799
 Retrying in 1 seconds
Warning: Unused states in tlLogic 'J10', program '0' in phase 0 after tl-index 10
Simulation......
总奖励:-6783.172253900675, 速度奖励:-3250.249999999918, 加速度奖励:-1011.3222539007944, 交通灯奖励:-1717.3000000003028, 与前车进行交互的惩罚:-804.3000000000131
Episode:77/100, Reward:-6783.172253900675
Episode:77/100, avg speed:11.948794086464286
Episode:77/100, avg halt num:0.0903267731154846
Episode:77/100, avg elec cons:1.060686525385912
 Retrying in 1 seconds
Warning: Unused states in tlLogic 'J10', program '0' in phase 0 after tl-index 10
Simulation......
总奖励:-9608.171676290724, 速度奖励:-3711.3999999999496, 加速度奖励:-1073.7716762908994, 交通灯奖励:-3720.5000000006526, 与前车进行交互的惩罚:-1102.5000000000325
Episode:78/100, Reward:-9608.171676290724
Episode:78/100, avg speed:10.948028571251994
Episode:78/100, avg halt num:0.12466968667421668
Episode:78/100, avg elec cons:0.9414777502771718
 Retrying in 1 seconds
Warning: Unused states in tlLogic 'J10', program '0' in phase 0 after tl-index 10
Simulation......
总奖励:-12533.789398487195, 速度奖励:-4553.799999999915, 加速度奖励:-1661.5893984875502, 交通灯奖励:-4828.099999999719, 与前车进行交互的惩罚:-1490.3000000000577
Episode:79/100, Reward:-12533.789398487195
Episode:79/100, avg speed:9.769296492304344
Episode:79/100, avg halt num:0.1589729328883945
Episode:79/100, avg elec cons:0.8405478456454192
 Retrying in 1 seconds
Warning: Unused states in tlLogic 'J10', program '0' in phase 0 after tl-index 10
Simulation......
总奖励:-10974.216557315247, 速度奖励:-4330.749999999877, 加速度奖励:-1369.666557315593, 交通灯奖励:-4039.7000000009893, 与前车进行交互的惩罚:-1234.100000000041
Episode:80/100, Reward:-10974.216557315247
Episode:80/100, avg speed:10.578994899091335
Episode:80/100, avg halt num:0.14454177897574125
Episode:80/100, avg elec cons:0.8107571108308933
 Retrying in 1 seconds
Warning: Unused states in tlLogic 'J10', program '0' in phase 0 after tl-index 10
Simulation......
总奖励:-10226.365324878632, 速度奖励:-4084.899999999914, 加速度奖励:-1316.0653248788085, 交通灯奖励:-3626.3000000008765, 与前车进行交互的惩罚:-1199.1000000000388
Episode:81/100, Reward:-10226.365324878632
Episode:81/100, avg speed:10.592366843656976
Episode:81/100, avg halt num:0.08700675435478138
Episode:81/100, avg elec cons:0.8310936427876224
 Retrying in 1 seconds
Warning: Unused states in tlLogic 'J10', program '0' in phase 0 after tl-index 10
Simulation......
总奖励:-10656.13898298829, 速度奖励:-3970.399999999944, 加速度奖励:-1370.4389829883992, 交通灯奖励:-4113.400000000862, 与前车进行交互的惩罚:-1201.900000000039
Episode:82/100, Reward:-10656.13898298829
Episode:82/100, avg speed:10.699136720686882
Episode:82/100, avg halt num:0.056049478160030926
Episode:82/100, avg elec cons:0.9482093579936678
 Retrying in 1 seconds
Warning: Unused states in tlLogic 'J10', program '0' in phase 0 after tl-index 10
Simulation......
总奖励:-9882.09041487568, 速度奖励:-3880.599999999942, 加速度奖励:-1088.2904148758996, 交通灯奖励:-3779.9000000008314, 与前车进行交互的惩罚:-1133.3000000000345
Episode:83/100, Reward:-9882.09041487568
Episode:83/100, avg speed:11.522552117428038
Episode:83/100, avg halt num:0.08542798913043478
Episode:83/100, avg elec cons:0.8668266051821749
 Retrying in 1 seconds
Warning: Unused states in tlLogic 'J10', program '0' in phase 0 after tl-index 10
Simulation......
总奖励:-10234.088883547456, 速度奖励:-2760.1499999999887, 加速度奖励:-974.2388835475224, 交通灯奖励:-5943.8999999995685, 与前车进行交互的惩罚:-555.799999999997
Episode:84/100, Reward:-10234.088883547456
Episode:84/100, avg speed:13.300692536173273
Episode:84/100, avg halt num:0.06552187260168842
Episode:84/100, avg elec cons:1.7405114802292092
 Retrying in 1 seconds
Warning: Unused states in tlLogic 'J10', program '0' in phase 0 after tl-index 10
Simulation......
总奖励:-14524.67890828136, 速度奖励:-4182.2999999999265, 加速度奖励:-1642.1789082817722, 交通灯奖励:-7308.599999998771, 与前车进行交互的惩罚:-1391.6000000000513
Episode:85/100, Reward:-14524.67890828136
Episode:85/100, avg speed:11.609206421238353
Episode:85/100, avg halt num:0.11438067444876783
Episode:85/100, avg elec cons:0.954455423915409
 Retrying in 1 seconds
Warning: Unused states in tlLogic 'J10', program '0' in phase 0 after tl-index 10
Simulation......
总奖励:-12161.267303364277, 速度奖励:-2571.849999999986, 加速度奖励:-956.617303364706, 交通灯奖励:-7506.499999999331, 与前车进行交互的惩罚:-1126.300000000034
Episode:86/100, Reward:-12161.267303364277
Episode:86/100, avg speed:14.947451370954328
Episode:86/100, avg halt num:0.0881444890398271
Episode:86/100, avg elec cons:1.6700761485680442
 Retrying in 1 seconds
Warning: Unused states in tlLogic 'J10', program '0' in phase 0 after tl-index 10
Simulation......
总奖励:-11358.542271622804, 速度奖励:-2561.9499999999753, 加速度奖励:-850.8922716230655, 交通灯奖励:-6652.099999999056, 与前车进行交互的惩罚:-1293.600000000045
Episode:87/100, Reward:-11358.542271622804
Episode:87/100, avg speed:14.18488525736192
Episode:87/100, avg halt num:0.12656187021362353
Episode:87/100, avg elec cons:1.883664464807682
 Retrying in 1 seconds
Warning: Unused states in tlLogic 'J10', program '0' in phase 0 after tl-index 10
Simulation......
总奖励:-11239.782600745855, 速度奖励:-4230.7999999999065, 加速度奖励:-1135.182600746115, 交通灯奖励:-4317.700000000084, 与前车进行交互的惩罚:-1556.100000000062
Episode:88/100, Reward:-11239.782600745855
Episode:88/100, avg speed:11.514825498754453
Episode:88/100, avg halt num:0.11711563731931669
Episode:88/100, avg elec cons:0.7270883179651356
 Retrying in 1 seconds
Warning: Unused states in tlLogic 'J10', program '0' in phase 0 after tl-index 10
Simulation......
总奖励:-7694.257832018343, 速度奖励:-3496.349999999922, 加速度奖励:-964.4078320183663, 交通灯奖励:-2046.3000000005868, 与前车进行交互的惩罚:-1187.200000000038
Episode:89/100, Reward:-7694.257832018343
Episode:89/100, avg speed:11.412571045524755
Episode:89/100, avg halt num:0.025485881921525486
Episode:89/100, avg elec cons:0.9449345380403993
 Retrying in 1 seconds
Warning: Unused states in tlLogic 'J10', program '0' in phase 0 after tl-index 10
Simulation......
总奖励:-14199.881562578626, 速度奖励:-5386.049999999909, 加速度奖励:-1463.9315625794466, 交通灯奖励:-5395.499999998696, 与前车进行交互的惩罚:-1954.4000000000879
Episode:90/100, Reward:-14199.881562578626
Episode:90/100, avg speed:9.116303267653851
Episode:90/100, avg halt num:0.37123493975903615
Episode:90/100, avg elec cons:0.626399485775652
 Retrying in 1 seconds
Warning: Unused states in tlLogic 'J10', program '0' in phase 0 after tl-index 10
Simulation......
总奖励:-22328.184187723426, 速度奖励:-6847.499999999982, 加速度奖励:-2417.584187722601, 交通灯奖励:-11751.29999999522, 与前车进行交互的惩罚:-1311.800000000046
Episode:91/100, Reward:-22328.184187723426
Episode:91/100, avg speed:8.219955359210275
Episode:91/100, avg halt num:0.35837259876766947
Episode:91/100, avg elec cons:0.5344745642241147
 Retrying in 1 seconds
Warning: Unused states in tlLogic 'J10', program '0' in phase 0 after tl-index 10
Simulation......
总奖励:-20906.57139490609, 速度奖励:-6077.799999999931, 加速度奖励:-1907.771394905434, 交通灯奖励:-10366.699999995895, 与前车进行交互的惩罚:-2554.2999999999624
Episode:92/100, Reward:-20906.57139490609
Episode:92/100, avg speed:8.937740473435403
Episode:92/100, avg halt num:0.3915640839971036
Episode:92/100, avg elec cons:0.6678125796444518
 Retrying in 1 seconds
Warning: Unused states in tlLogic 'J10', program '0' in phase 0 after tl-index 10
Simulation......
总奖励:-9156.634069164727, 速度奖励:-3103.3499999999217, 加速度奖励:-1167.784069164819, 交通灯奖励:-2842.2000000007797, 与前车进行交互的惩罚:-2043.3000000000936
Episode:93/100, Reward:-9156.634069164727
Episode:93/100, avg speed:11.71414582058038
Episode:93/100, avg halt num:0.053629032258064514
Episode:93/100, avg elec cons:1.7230807764962572
 Retrying in 1 seconds
Warning: Unused states in tlLogic 'J10', program '0' in phase 0 after tl-index 10
Simulation......
总奖励:-14470.569564405781, 速度奖励:-5145.149999999911, 加速度奖励:-1587.6195644068252, 交通灯奖励:-5550.299999998877, 与前车进行交互的惩罚:-2187.5000000000578
Episode:94/100, Reward:-14470.569564405781
Episode:94/100, avg speed:10.231441686774948
Episode:94/100, avg halt num:0.3871280724450194
Episode:94/100, avg elec cons:0.6896519062259474
 Retrying in 1 seconds
Warning: Unused states in tlLogic 'J10', program '0' in phase 0 after tl-index 10
Simulation......
总奖励:-13141.441215483286, 速度奖励:-5076.999999999928, 加速度奖励:-1761.3412154841224, 交通灯奖励:-4791.799999999004, 与前车进行交互的惩罚:-1511.300000000059
Episode:95/100, Reward:-13141.441215483286
Episode:95/100, avg speed:9.593634537683785
Episode:95/100, avg halt num:0.33156819026384243
Episode:95/100, avg elec cons:0.8029832713339932
 Retrying in 1 seconds
Warning: Unused states in tlLogic 'J10', program '0' in phase 0 after tl-index 10
Simulation......
总奖励:-11802.575880647064, 速度奖励:-4737.249999999919, 加速度奖励:-1675.2258806474595, 交通灯奖励:-4072.7000000010676, 与前车进行交互的惩罚:-1317.4000000000465
Episode:96/100, Reward:-11802.575880647064
Episode:96/100, avg speed:9.736698023516675
Episode:96/100, avg halt num:0.24981153411232568
Episode:96/100, avg elec cons:0.8388048953801932
 Retrying in 1 seconds
Warning: Unused states in tlLogic 'J10', program '0' in phase 0 after tl-index 10
Simulation......
总奖励:-9536.09913949378, 速度奖励:-3931.3999999999396, 加速度奖励:-1552.8991394938864, 交通灯奖励:-2870.2000000008798, 与前车进行交互的惩罚:-1181.6000000000377
Episode:97/100, Reward:-9536.09913949378
Episode:97/100, avg speed:11.097357742126356
Episode:97/100, avg halt num:0.09398854961832061
Episode:97/100, avg elec cons:1.1839167786237055
 Retrying in 1 seconds
Warning: Unused states in tlLogic 'J10', program '0' in phase 0 after tl-index 10
Simulation......
总奖励:-8027.822825164201, 速度奖励:-3665.199999999938, 加速度奖励:-1415.8228251642695, 交通灯奖励:-2092.1000000006297, 与前车进行交互的惩罚:-854.7000000000164
Episode:98/100, Reward:-8027.822825164201
Episode:98/100, avg speed:10.731951356169718
Episode:98/100, avg halt num:0.06163194444444445
Episode:98/100, avg elec cons:1.1583181156031563
 Retrying in 1 seconds
Warning: Unused states in tlLogic 'J10', program '0' in phase 0 after tl-index 10
Simulation......
总奖励:-8227.028700536286, 速度奖励:-3970.749999999949, 加速度奖励:-1330.7787005363587, 交通灯奖励:-1823.000000000512, 与前车进行交互的惩罚:-1102.5000000000325
Episode:99/100, Reward:-8227.028700536286
Episode:99/100, avg speed:11.731097019549308
Episode:99/100, avg halt num:0.06926910299003322
Episode:99/100, avg elec cons:0.7514901583183979
 Retrying in 1 seconds
Warning: Unused states in tlLogic 'J10', program '0' in phase 0 after tl-index 10
Simulation......
总奖励:-9817.877462123108, 速度奖励:-4258.449999999943, 加速度奖励:-1441.5274621233946, 交通灯奖励:-3318.5000000008854, 与前车进行交互的惩罚:-799.4000000000128
Episode:100/100, Reward:-9817.877462123108
Episode:100/100, avg speed:11.16138269046582
Episode:100/100, avg halt num:0.12279411764705882
Episode:100/100, avg elec cons:0.7788831416225865
model saved successfully!
Complete training!
final reward list:[-47279.2755385961, -27855.69474985485, -13415.021908721905, -11933.015885970593, -12362.80883704722, -12230.946170038791, -28405.741087690352, -9931.3195219564, -9266.127115335466, -6039.048355359393, -15519.701451226345, -8512.25174546287, -8996.38854303996, -6182.653582285342, -6836.241583057113, -7191.362945361134, -6924.105894137174, -6930.022649182944, -7586.305104888957, -5009.8247302383725, -5630.425120067502, -5117.954243654381, -4858.982192320712, -4920.617108235276, -5448.527271435627, -7664.905441976951, -6928.241450914588, -5411.183306571675, -9221.345739937575, -9349.3758966298, -10260.513846551645, -17433.40777970101, -7553.854619435326, -6338.00921420513, -8088.342823157744, -6579.947054176372, -6307.463053669465, -5425.662615155446, -7039.030012016356, -5627.5840446929915, -5220.278519280971, -6086.458219535981, -5957.291066825426, -5179.634934404629, -5210.652935504117, -4665.582869240409, -5204.37996675564, -5127.705308916931, -4865.908944405422, -5066.7272249172765, -6037.112465127399, -5560.219143961974, -5611.21498433261, -6008.985824602677, -5791.822999021232, -5745.293760198681, -5211.7193353142875, -5382.36904325775, -5421.122279877114, -5591.44959876742, -6381.400364475213, -6012.303637756908, -5642.1798819137875, -5537.196288249579, -5330.287434143999, -5110.229403930908, -4466.746502400269, -4303.774216729383, -4509.817735503962, -4590.135447459478, -4812.894328586473, -4950.910047733588, -4779.779806015577, -5590.369894867548, -5715.671679910205, -6428.668236831892, -6783.172253900675, -9608.171676290724, -12533.789398487195, -10974.216557315247, -10226.365324878632, -10656.13898298829, -9882.09041487568, -10234.088883547456, -14524.67890828136, -12161.267303364277, -11358.542271622804, -11239.782600745855, -7694.257832018343, -14199.881562578626, -22328.184187723426, -20906.57139490609, -9156.634069164727, -14470.569564405781, -13141.441215483286, -11802.575880647064, -9536.09913949378, -8027.822825164201, -8227.028700536286, -9817.877462123108]
final speed list:[11.356732951505698, 12.25619406716791, 15.652774595546152, 15.183434666640846, 15.44342823116004, 15.396576205229016, 11.610498063122137, 14.813340486978408, 14.00538848736708, 14.51094248700126, 11.451138133720972, 12.386094047143065, 12.314558539972893, 12.698828332497536, 12.447928093731292, 11.729821522901208, 12.571730034784222, 11.32025560261869, 12.169958327411209, 13.21686764006931, 12.732554509471486, 12.89807506874627, 13.288047702055735, 13.208043508703742, 13.050424495043172, 11.12885747751082, 11.44007031662806, 11.134344941523983, 10.047065518426699, 10.937645116412641, 10.36557390969723, 9.906973526644014, 11.513126895129865, 12.329199440905194, 11.913537184690158, 11.769592108309869, 11.71246654332259, 12.80314115181793, 12.043402148715924, 12.451885004550178, 12.641737703542152, 11.769114036528824, 12.37450393520604, 13.189983796861373, 12.622422426250749, 14.117618275342908, 13.015506883543491, 12.7388480027819, 13.427139294961087, 12.85259604761722, 13.148459108330291, 12.810686631342037, 12.231159940166219, 11.997479714644141, 11.501092674403942, 12.069704085845162, 12.126368857785753, 12.235298827978255, 12.468005528959576, 12.940730144217806, 11.333954725099396, 12.12766119302915, 12.898143148796137, 12.212181768929, 12.559280666052322, 13.804557348707291, 14.190741417463196, 14.155386033131512, 13.951067707083288, 13.73817220807685, 14.176333994093607, 12.714524269506569, 13.663980553116431, 13.1166102858222, 13.185097423546653, 12.071886204543318, 11.948794086464286, 10.948028571251994, 9.769296492304344, 10.578994899091335, 10.592366843656976, 10.699136720686882, 11.522552117428038, 13.300692536173273, 11.609206421238353, 14.947451370954328, 14.18488525736192, 11.514825498754453, 11.412571045524755, 9.116303267653851, 8.219955359210275, 8.937740473435403, 11.71414582058038, 10.231441686774948, 9.593634537683785, 9.736698023516675, 11.097357742126356, 10.731951356169718, 11.731097019549308, 11.16138269046582]
final elec cons list:[1.3799096758715246, 1.6777520291759969, 2.041818158644574, 2.5161161792623172, 2.5943342111262453, 2.331739233557909, 1.1085857097169287, 1.4521759050214613, 1.73671923685533, 2.3229668304455604, 0.6938508374470399, 1.134999470717937, 1.2111828888660088, 1.7544377717426647, 1.3937065732419807, 1.3212233401048321, 1.2276301847808457, 1.351160054336355, 1.0207322805827708, 1.1665488731883586, 1.5244329451202783, 1.4757857799350829, 1.1697111859938378, 1.2886458618235264, 1.1754818805429879, 0.8419613502791191, 0.8729535428687037, 1.3502785257815872, 0.6934142964416402, 0.6011214917129968, 0.5731021684941512, 0.8339677937493222, 0.9935236308568923, 0.8123093842008033, 0.702588867483013, 0.9079478547172329, 1.5431480916265388, 1.6391871178103417, 1.3027079833465767, 1.3757130667446749, 1.3194907717789963, 1.2122613764835994, 1.946305563557973, 2.4404265249469024, 2.4029887702781494, 2.149423237584298, 2.1923852559378076, 2.012835120602129, 1.2621331411305525, 1.444099567817342, 1.301018309356891, 1.3351856584329698, 0.9769892101294528, 0.8582837354256305, 1.1365185540150875, 1.0292850912797231, 1.7811790733307482, 1.6809457221357835, 1.5689445758373164, 1.4489654904229858, 1.2500594912220113, 1.142467573727874, 1.0947718001757971, 1.39131818767446, 1.4520312073036, 1.680761605745779, 2.1610226565546644, 2.1375845160753517, 2.0349012449974553, 1.958909446370824, 1.6827818654972153, 1.8627364353550464, 1.0303041515005362, 1.016172833774863, 0.9756329143981323, 1.1049722746533799, 1.060686525385912, 0.9414777502771718, 0.8405478456454192, 0.8107571108308933, 0.8310936427876224, 0.9482093579936678, 0.8668266051821749, 1.7405114802292092, 0.954455423915409, 1.6700761485680442, 1.883664464807682, 0.7270883179651356, 0.9449345380403993, 0.626399485775652, 0.5344745642241147, 0.6678125796444518, 1.7230807764962572, 0.6896519062259474, 0.8029832713339932, 0.8388048953801932, 1.1839167786237055, 1.1583181156031563, 0.7514901583183979, 0.7788831416225865]
final halt list:[1.3221337579617833, 0.7799896587383661, 0.2685518143184047, 0.26635244324740287, 0.2714631197097944, 0.26680972818311877, 0.3733169129720854, 0.1642397302268547, 0.15507152145643693, 0.1362765586903518, 0.35052364328784513, 0.02759253084361454, 0.060721933312939735, 0.0021551724137931034, 0.021103896103896104, 0.029850746268656716, 0.024369461486025902, 0.03652468152866242, 0.05764455480666903, 0.011003667889296432, 0.020368946963873945, 0.014983351831298557, 0.015789473684210527, 0.007868852459016393, 0.014642974662718, 0.06846846846846846, 0.10609171800136892, 0.07576953433307025, 0.2664835164835165, 0.17370775347912526, 0.18435801630434784, 0.33557830459770116, 0.13007994670219852, 0.052079866888519136, 0.10186832740213524, 0.09286482610254572, 0.09665726943213854, 0.07551594746716699, 0.11323176994180076, 0.08168316831683169, 0.05220562077552472, 0.05767797241893403, 0.04848130841121495, 0.010494056463595839, 0.009922178988326848, 0.010983606557377049, 0.009935654806964421, 0.016377649325626204, 0.014583333333333334, 0.016569866757772462, 0.030843098958333332, 0.027187612531508823, 0.03813699536730642, 0.060368349249658934, 0.0805933484504913, 0.07294242317202403, 0.05602579604997985, 0.04877336448598131, 0.036939313984168866, 0.044986936642717176, 0.08793436293436294, 0.06179679509035118, 0.06701926113040732, 0.07864755604557148, 0.06109525508383874, 0.021144674085850558, 0.0056179775280898875, 0.00330844927044452, 0.012135922330097087, 0.005361715749039693, 0.006879973474801061, 0.006113619262603461, 0.009161536206391088, 0.029081808767690714, 0.019344262295081967, 0.07493240633449208, 0.0903267731154846, 0.12466968667421668, 0.1589729328883945, 0.14454177897574125, 0.08700675435478138, 0.056049478160030926, 0.08542798913043478, 0.06552187260168842, 0.11438067444876783, 0.0881444890398271, 0.12656187021362353, 0.11711563731931669, 0.025485881921525486, 0.37123493975903615, 0.35837259876766947, 0.3915640839971036, 0.053629032258064514, 0.3871280724450194, 0.33156819026384243, 0.24981153411232568, 0.09398854961832061, 0.06163194444444445, 0.06926910299003322, 0.12279411764705882]
speed reward list:[-9292.800000000107, -5384.949999999865, -2417.7500000000027, -2224.1500000000115, -2256.300000000011, -2296.4500000000075, -5465.4999999999145, -2289.6500000000156, -2632.1999999999944, -2386.3500000000067, -4777.349999999909, -3326.9499999999516, -3570.099999999944, -3113.7999999999583, -3417.549999999959, -3521.2499999999436, -3354.9499999999516, -3334.799999999964, -3645.049999999954, -3032.8499999999503, -3050.599999999974, -3007.499999999979, -2991.2999999999633, -2984.6499999999523, -3099.749999999959, -3955.2999999999574, -3756.099999999921, -3066.549999999952, -4748.1499999999605, -4504.549999999933, -4640.999999999951, -5136.099999999925, -3440.899999999947, -3438.5499999999456, -3811.6999999999525, -3514.049999999961, -3137.24999999994, -2629.449999999992, -3368.3999999999132, -2711.5999999999863, -2898.7999999999593, -3416.6999999999557, -2954.3999999999687, -2755.3999999999805, -2797.5999999999885, -2580.549999999991, -2821.449999999979, -2835.8499999999663, -2876.3999999999737, -2907.6499999999714, -3028.249999999949, -3072.1499999999496, -3226.7499999999727, -3521.2499999999327, -3302.799999999931, -3325.799999999945, -2849.149999999976, -2866.9499999999753, -3009.899999999971, -2968.6999999999643, -3333.199999999945, -3214.9999999999345, -3104.7999999999743, -3027.249999999955, -3009.8499999999685, -2908.699999999975, -2612.299999999994, -2552.6499999999887, -2604.549999999992, -2548.9499999999907, -2560.0499999999774, -2669.9999999999854, -2716.4499999999816, -3001.499999999963, -3073.149999999951, -3117.3999999999705, -3250.249999999918, -3711.3999999999496, -4553.799999999915, -4330.749999999877, -4084.899999999914, -3970.399999999944, -3880.599999999942, -2760.1499999999887, -4182.2999999999265, -2571.849999999986, -2561.9499999999753, -4230.7999999999065, -3496.349999999922, -5386.049999999909, -6847.499999999982, -6077.799999999931, -3103.3499999999217, -5145.149999999911, -5076.999999999928, -4737.249999999919, -3931.3999999999396, -3665.199999999938, -3970.749999999949, -4258.449999999943]
accel reward list:[-764.0755385909697, -719.0447498514483, -829.971908722625, -770.6658859711705, -787.1088370477746, -772.1961700394188, -1659.3410876884552, -771.4695219567794, -800.4271153358814, -645.5983553596166, -1040.7514512272169, -990.5017454629477, -1071.4885430401175, -755.4535822853834, -736.5915830571503, -827.8129453611741, -893.155894137175, -828.0226491829958, -820.8551048889525, -731.0747302384077, -784.3251200675214, -778.954243654391, -767.9821923207063, -751.0671082352976, -794.0772714356272, -939.0054419770465, -876.9414509146952, -803.7333065717038, -865.0957399379631, -1002.4258966300929, -1179.613846551919, -1657.8077797012697, -1033.9546194355555, -1102.5592142051946, -1090.4428231578038, -966.8970541764609, -971.3130536695113, -880.212615155487, -1034.3300120164713, -913.6840446930556, -809.6785192810095, -870.2582195360183, -946.1910668254305, -891.4349344046917, -872.9529355041415, -777.132869240425, -966.8299667556532, -877.6553089169329, -871.8089444054141, -844.7772249173008, -945.4624651274163, -914.869143961962, -934.9649843326348, -912.7358246027393, -889.6229990213229, -808.0937601987147, -911.3693353142847, -983.3190432577472, -895.7222798770937, -900.0495987674758, -915.2003644752115, -936.4036377569713, -883.9798819138168, -859.8462882496544, -842.4374341439963, -871.4294039309297, -734.8465024002772, -707.4242167293536, -781.4677355039652, -869.6854474594844, -906.6443285864774, -926.3100477335641, -888.5298060155409, -966.5698948675899, -1042.4216799102237, -971.8682368319618, -1011.3222539007944, -1073.7716762908994, -1661.5893984875502, -1369.666557315593, -1316.0653248788085, -1370.4389829883992, -1088.2904148758996, -974.2388835475224, -1642.1789082817722, -956.617303364706, -850.8922716230655, -1135.182600746115, -964.4078320183663, -1463.9315625794466, -2417.584187722601, -1907.771394905434, -1167.784069164819, -1587.6195644068252, -1761.3412154841224, -1675.2258806474595, -1552.8991394938864, -1415.8228251642695, -1330.7787005363587, -1441.5274621233946]
tls reward list:[-31855.50000001273, -18036.799999999334, -8259.099999998987, -7293.199999999231, -7402.799999999261, -7447.9999999990905, -17377.699999997927, -5697.699999999642, -4838.09999999978, -2398.800000000421, -7184.399999997767, -2582.000000000629, -2900.900000000665, -1478.300000000155, -1769.300000000505, -1808.4000000003196, -1809.4000000005767, -1845.3000000005713, -1996.9000000005415, -746.0999999998317, -1334.2000000003043, -900.2999999998289, -797.9999999998729, -886.6999999997896, -1201.1999999999348, -2202.200000000491, -1694.6000000007825, -1087.9999999999077, -2586.100000000855, -2858.200000000965, -3203.7000000006947, -8106.199999998562, -1846.3000000005393, -1162.6999999999312, -2419.0000000007617, -1662.9000000003557, -1670.4000000001765, -1535.9000000003762, -2200.2000000005783, -1660.00000000027, -1201.000000000136, -1353.6000000003846, -1521.900000000296, -894.3999999999181, -983.5999999997957, -776.5999999998725, -828.7999999999006, -827.5999999998492, -729.8999999998373, -943.2999999998026, -1658.8000000003399, -1148.9999999998363, -1081.9999999999263, -1205.3999999999933, -1215.800000000121, -1278.900000000158, -1117.300000000058, -1128.90000000005, -1115.0999999999954, -1357.3000000001862, -1717.9000000003593, -1494.10000000024, -1313.9000000000242, -1293.8000000001782, -1144.0999999999722, -1020.6999999998113, -668.7999999998603, -629.2999999998765, -755.5999999998056, -684.299999999849, -893.9999999998482, -898.1999999997835, -877.9999999998483, -1160.9999999999611, -1129.6999999998663, -1899.8000000003942, -1717.3000000003028, -3720.5000000006526, -4828.099999999719, -4039.7000000009893, -3626.3000000008765, -4113.400000000862, -3779.9000000008314, -5943.8999999995685, -7308.599999998771, -7506.499999999331, -6652.099999999056, -4317.700000000084, -2046.3000000005868, -5395.499999998696, -11751.29999999522, -10366.699999995895, -2842.2000000007797, -5550.299999998877, -4791.799999999004, -4072.7000000010676, -2870.2000000008798, -2092.1000000006297, -1823.000000000512, -3318.5000000008854]
extra reward list:[-5366.899999999232, -3714.899999999661, -1908.2000000000849, -1645.0000000000678, -1916.6000000000854, -1714.3000000000723, -3903.199999999612, -1172.500000000037, -995.4000000000256, -608.3000000000004, -2517.199999999972, -1612.8000000000657, -1453.9000000000553, -835.1000000000151, -912.8000000000202, -1033.900000000028, -866.6000000000172, -921.9000000000208, -1123.5000000000339, -499.7999999999943, -461.29999999999495, -431.19999999999544, -301.69999999999754, -298.1999999999976, -353.4999999999967, -568.3999999999978, -600.5999999999999, -452.8999999999951, -1022.0000000000273, -984.2000000000248, -1236.2000000000412, -2533.299999999968, -1232.700000000041, -634.2000000000021, -767.2000000000107, -436.09999999999536, -528.4999999999952, -380.09999999999627, -436.09999999999536, -342.2999999999969, -310.7999999999974, -445.8999999999952, -534.7999999999956, -638.4000000000024, -556.499999999997, -531.2999999999954, -587.299999999999, -586.599999999999, -387.79999999999615, -370.9999999999964, -404.5999999999959, -424.19999999999555, -367.4999999999965, -369.59999999999644, -383.5999999999962, -332.49999999999704, -333.899999999997, -403.1999999999959, -400.39999999999594, -365.3999999999965, -415.0999999999957, -366.7999999999965, -339.49999999999693, -356.29999999999666, -333.899999999997, -309.3999999999974, -450.7999999999951, -414.3999999999957, -368.19999999999646, -487.19999999999453, -452.1999999999951, -456.39999999999503, -296.7999999999976, -461.29999999999495, -470.3999999999948, -439.5999999999953, -804.3000000000131, -1102.5000000000325, -1490.3000000000577, -1234.100000000041, -1199.1000000000388, -1201.900000000039, -1133.3000000000345, -555.799999999997, -1391.6000000000513, -1126.300000000034, -1293.600000000045, -1556.100000000062, -1187.200000000038, -1954.4000000000879, -1311.800000000046, -2554.2999999999624, -2043.3000000000936, -2187.5000000000578, -1511.300000000059, -1317.4000000000465, -1181.6000000000377, -854.7000000000164, -1102.5000000000325, -799.4000000000128]
