nohup: 忽略输入
Env:sumo, Algorithm:TD3, Device:cuda
-----------------------------------------
models/reward_s0.17_a9e-2_t(-2_0.1).pth
-----------------------------------------
 Retrying in 1 seconds
Warning: Unused states in tlLogic 'J10', program '0' in phase 0 after tl-index 10
Simulation......
总奖励:-29395.872230687448, 速度奖励:-17579.08595965966, 加速度奖励:-1600.2862710283248, 交通灯奖励:-10216.49999999845, 与前车进行交互的惩罚:0.0
Episode:1/100, Reward:-29395.872230687448
Episode:1/100, avg speed:14.437917980568516
Episode:1/100, avg halt num:0.3433744722312439
Episode:1/100, avg elec cons:1.762902998089894
 Retrying in 1 seconds
Warning: Unused states in tlLogic 'J10', program '0' in phase 0 after tl-index 10
Simulation......
总奖励:-36087.66891880179, 速度奖励:-22375.269146240895, 加速度奖励:-1532.9997725629796, 交通灯奖励:-12179.39999999801, 与前车进行交互的惩罚:0.0
Episode:2/100, Reward:-36087.66891880179
Episode:2/100, avg speed:14.017458994774065
Episode:2/100, avg halt num:0.4596020761245675
Episode:2/100, avg elec cons:1.8991220424325361
 Retrying in 1 seconds
Warning: Unused states in tlLogic 'J10', program '0' in phase 0 after tl-index 10
Simulation......
总奖励:-21064.07943354225, 速度奖励:-10937.545063919351, 加速度奖励:-1866.334369622917, 交通灯奖励:-8260.199999998986, 与前车进行交互的惩罚:0.0
Episode:3/100, Reward:-21064.07943354225
Episode:3/100, avg speed:15.657381482750491
Episode:3/100, avg halt num:0.2687152664269369
Episode:3/100, avg elec cons:2.0399346364241637
 Retrying in 1 seconds
Warning: Unused states in tlLogic 'J10', program '0' in phase 0 after tl-index 10
Simulation......
总奖励:-18181.082862779524, 速度奖励:-9151.75886355945, 加速度奖励:-1730.323999220373, 交通灯奖励:-7298.999999999235, 与前车进行交互的惩罚:0.0
Episode:4/100, Reward:-18181.082862779524
Episode:4/100, avg speed:15.180946944438496
Episode:4/100, avg halt num:0.2661600615621393
Episode:4/100, avg elec cons:2.517761405001358
 Retrying in 1 seconds
Warning: Unused states in tlLogic 'J10', program '0' in phase 0 after tl-index 10
Simulation......
总奖励:-101196.48818389242, 速度奖励:-71238.56410410823, 加速度奖励:-2867.6240797850837, 交通灯奖励:-27090.30000001281, 与前车进行交互的惩罚:0.0
Episode:5/100, Reward:-101196.48818389242
Episode:5/100, avg speed:8.102099300984317
Episode:5/100, avg halt num:0.6354243542435425
Episode:5/100, avg elec cons:0.5217655123592462
 Retrying in 1 seconds
Warning: Unused states in tlLogic 'J10', program '0' in phase 0 after tl-index 10
Simulation......
总奖励:-32630.284082733313, 速度奖励:-22829.283140250373, 加速度奖励:-1611.500942484453, 交通灯奖励:-8189.499999997875, 与前车进行交互的惩罚:0.0
Episode:6/100, Reward:-32630.284082733313
Episode:6/100, avg speed:11.423329721977524
Episode:6/100, avg halt num:0.24156646626586506
Episode:6/100, avg elec cons:0.7360713176591804
 Retrying in 1 seconds
Warning: Unused states in tlLogic 'J10', program '0' in phase 0 after tl-index 10
Simulation......
总奖励:-20816.061837679797, 速度奖励:-15607.186065179752, 加速度奖励:-1599.3757725002931, 交通灯奖励:-3609.500000000723, 与前车进行交互的惩罚:0.0
Episode:7/100, Reward:-20816.061837679797
Episode:7/100, avg speed:12.944757008657323
Episode:7/100, avg halt num:0.11948467497473897
Episode:7/100, avg elec cons:1.0286751118806836
 Retrying in 1 seconds
Warning: Unused states in tlLogic 'J10', program '0' in phase 0 after tl-index 10
Simulation......
总奖励:-27246.610097249064, 速度奖励:-20796.058590720004, 加速度奖励:-1675.8515065298586, 交通灯奖励:-4774.699999999404, 与前车进行交互的惩罚:0.0
Episode:8/100, Reward:-27246.610097249064
Episode:8/100, avg speed:12.30587507359319
Episode:8/100, avg halt num:0.18636921189819075
Episode:8/100, avg elec cons:0.6955311760569449
 Retrying in 1 seconds
Warning: Unused states in tlLogic 'J10', program '0' in phase 0 after tl-index 10
Simulation......
总奖励:-17109.522222931322, 速度奖励:-13432.154199879715, 加速度奖励:-1509.3680230517266, 交通灯奖励:-2168.000000000439, 与前车进行交互的惩罚:0.0
Episode:9/100, Reward:-17109.522222931322
Episode:9/100, avg speed:13.562529033273174
Episode:9/100, avg halt num:0.10120599739243807
Episode:9/100, avg elec cons:1.2931191731694072
 Retrying in 1 seconds
Warning: Unused states in tlLogic 'J10', program '0' in phase 0 after tl-index 10
Simulation......
总奖励:-14202.186486840785, 速度奖励:-9363.801730159557, 加速度奖励:-1595.1847566815652, 交通灯奖励:-3243.2000000003577, 与前车进行交互的惩罚:0.0
Episode:10/100, Reward:-14202.186486840785
Episode:10/100, avg speed:14.912054153490814
Episode:10/100, avg halt num:0.12663254500529475
Episode:10/100, avg elec cons:2.114013016123744
 Retrying in 1 seconds
Warning: Unused states in tlLogic 'J10', program '0' in phase 0 after tl-index 10
Simulation......
总奖励:-18994.975586636396, 速度奖励:-9736.693780149453, 加速度奖励:-1774.681806487169, 交通灯奖励:-7483.599999999264, 与前车进行交互的惩罚:0.0
Episode:11/100, Reward:-18994.975586636396
Episode:11/100, avg speed:15.893711174397644
Episode:11/100, avg halt num:0.24031719532554258
Episode:11/100, avg elec cons:2.17803456023245
 Retrying in 1 seconds
Warning: Unused states in tlLogic 'J10', program '0' in phase 0 after tl-index 10
Simulation......
总奖励:-18150.27494206062, 速度奖励:-9303.206466399424, 加速度奖励:-1750.2684756615206, 交通灯奖励:-7096.799999999361, 与前车进行交互的惩罚:0.0
Episode:12/100, Reward:-18150.27494206062
Episode:12/100, avg speed:15.717966693444438
Episode:12/100, avg halt num:0.2412840869865378
Episode:12/100, avg elec cons:2.2319286201079827
 Retrying in 1 seconds
Warning: Unused states in tlLogic 'J10', program '0' in phase 0 after tl-index 10
Simulation......
总奖励:-18255.755979635378, 速度奖励:-9101.932079119426, 加速度奖励:-1723.2239005163817, 交通灯奖励:-7430.599999999371, 与前车进行交互的惩罚:0.0
Episode:13/100, Reward:-18255.755979635378
Episode:13/100, avg speed:15.851662387042232
Episode:13/100, avg halt num:0.21844353052831383
Episode:13/100, avg elec cons:2.0973820878070537
 Retrying in 1 seconds
Warning: Unused states in tlLogic 'J10', program '0' in phase 0 after tl-index 10
Simulation......
总奖励:-21647.974970052655, 速度奖励:-12083.755355009702, 加速度奖励:-2282.8196150428444, 交通灯奖励:-7281.399999998648, 与前车进行交互的惩罚:0.0
Episode:14/100, Reward:-21647.974970052655
Episode:14/100, avg speed:14.867601279742486
Episode:14/100, avg halt num:0.20982920878354827
Episode:14/100, avg elec cons:2.196041926797685
 Retrying in 1 seconds
Warning: Unused states in tlLogic 'J10', program '0' in phase 0 after tl-index 10
Simulation......
总奖励:-26416.88025539816, 速度奖励:-19861.332403770004, 加速度奖励:-1929.5478516285818, 交通灯奖励:-4625.999999999268, 与前车进行交互的惩罚:0.0
Episode:15/100, Reward:-26416.88025539816
Episode:15/100, avg speed:12.778672825905375
Episode:15/100, avg halt num:0.1792799412196914
Episode:15/100, avg elec cons:1.067705808186107
 Retrying in 1 seconds
Warning: Unused states in tlLogic 'J10', program '0' in phase 0 after tl-index 10
Simulation......
总奖励:-15843.162696398877, 速度奖励:-11537.07319003992, 加速度奖励:-1781.9895063591648, 交通灯奖励:-2524.1000000004274, 与前车进行交互的惩罚:0.0
Episode:16/100, Reward:-15843.162696398877
Episode:16/100, avg speed:13.845195654040186
Episode:16/100, avg halt num:0.050075728890571755
Episode:16/100, avg elec cons:1.693984299910782
 Retrying in 1 seconds
Warning: Unused states in tlLogic 'J10', program '0' in phase 0 after tl-index 10
Simulation......
总奖励:-14615.585102554061, 速度奖励:-10184.07694438959, 加速度奖励:-1418.4081581646903, 交通灯奖励:-3013.100000000476, 与前车进行交互的惩罚:0.0
Episode:17/100, Reward:-14615.585102554061
Episode:17/100, avg speed:14.95159246499855
Episode:17/100, avg halt num:0.1686652763295099
Episode:17/100, avg elec cons:1.9347542698949307
 Retrying in 1 seconds
Warning: Unused states in tlLogic 'J10', program '0' in phase 0 after tl-index 10
Simulation......
总奖励:-13569.03576757585, 速度奖励:-9198.784090839534, 加速度奖励:-1312.751676736401, 交通灯奖励:-3057.500000000469, 与前车进行交互的惩罚:0.0
Episode:18/100, Reward:-13569.03576757585
Episode:18/100, avg speed:14.239998186803918
Episode:18/100, avg halt num:0.17696515397082657
Episode:18/100, avg elec cons:2.298583782240694
 Retrying in 1 seconds
Warning: Unused states in tlLogic 'J10', program '0' in phase 0 after tl-index 10
Simulation......
总奖励:-13992.98158417691, 速度奖励:-9587.06056452977, 加速度奖励:-1444.2210196473554, 交通灯奖励:-2961.7000000005337, 与前车进行交互的惩罚:0.0
Episode:19/100, Reward:-13992.98158417691
Episode:19/100, avg speed:14.789168224536889
Episode:19/100, avg halt num:0.12116564417177914
Episode:19/100, avg elec cons:1.8713665553464265
 Retrying in 1 seconds
Warning: Unused states in tlLogic 'J10', program '0' in phase 0 after tl-index 10
Simulation......
总奖励:-12167.276455646945, 速度奖励:-8568.302558519668, 加速度奖励:-1398.573897127395, 交通灯奖励:-2200.400000000425, 与前车进行交互的惩罚:0.0
Episode:20/100, Reward:-12167.276455646945
Episode:20/100, avg speed:15.21861540497576
Episode:20/100, avg halt num:0.10949711179068977
Episode:20/100, avg elec cons:2.158440137037148
 Retrying in 1 seconds
Warning: Unused states in tlLogic 'J10', program '0' in phase 0 after tl-index 10
Simulation......
总奖励:-14448.278230590313, 速度奖励:-10212.172853399776, 加速度奖励:-1453.8053771906013, 交通灯奖励:-2782.3000000005, 与前车进行交互的惩罚:0.0
Episode:21/100, Reward:-14448.278230590313
Episode:21/100, avg speed:14.386384517186524
Episode:21/100, avg halt num:0.09799618320610687
Episode:21/100, avg elec cons:1.8582511933392882
 Retrying in 1 seconds
Warning: Unused states in tlLogic 'J10', program '0' in phase 0 after tl-index 10
Simulation......
总奖励:-20491.522791305517, 速度奖励:-15838.999309579614, 加速度奖励:-1781.1234817261707, 交通灯奖励:-2871.4000000004335, 与前车进行交互的惩罚:0.0
Episode:22/100, Reward:-20491.522791305517
Episode:22/100, avg speed:12.322611254740098
Episode:22/100, avg halt num:0.13860057265569076
Episode:22/100, avg elec cons:0.9995225673024706
 Retrying in 1 seconds
Warning: Unused states in tlLogic 'J10', program '0' in phase 0 after tl-index 10
Simulation......
总奖励:-23728.685993215284, 速度奖励:-18787.353764239928, 加速度奖励:-2123.4322289758766, 交通灯奖励:-2817.9000000007354, 与前车进行交互的惩罚:0.0
Episode:23/100, Reward:-23728.685993215284
Episode:23/100, avg speed:12.454182155879336
Episode:23/100, avg halt num:0.1373005319148936
Episode:23/100, avg elec cons:0.9656427779526541
 Retrying in 1 seconds
Warning: Unused states in tlLogic 'J10', program '0' in phase 0 after tl-index 10
Simulation......
总奖励:-12739.213298156266, 速度奖励:-8938.880829629754, 加速度奖励:-1421.9324685266547, 交通灯奖励:-2378.4000000003557, 与前车进行交互的惩罚:0.0
Episode:24/100, Reward:-12739.213298156266
Episode:24/100, avg speed:14.890879555409558
Episode:24/100, avg halt num:0.08108108108108109
Episode:24/100, avg elec cons:1.7796046876004097
 Retrying in 1 seconds
Warning: Unused states in tlLogic 'J10', program '0' in phase 0 after tl-index 10
Simulation......
总奖励:-15539.791471649673, 速度奖励:-10154.992405139403, 加速度奖励:-1474.6990665106962, 交通灯奖励:-3910.1000000004697, 与前车进行交互的惩罚:0.0
Episode:25/100, Reward:-15539.791471649673
Episode:25/100, avg speed:15.041284345653342
Episode:25/100, avg halt num:0.1860366474380726
Episode:25/100, avg elec cons:1.9639375211545902
 Retrying in 1 seconds
Warning: Unused states in tlLogic 'J10', program '0' in phase 0 after tl-index 10
Simulation......
总奖励:-15188.230064863623, 速度奖励:-10059.660084959469, 加速度奖励:-1301.2699799045392, 交通灯奖励:-3827.300000000481, 与前车进行交互的惩罚:0.0
Episode:26/100, Reward:-15188.230064863623
Episode:26/100, avg speed:14.873055776836338
Episode:26/100, avg halt num:0.2166988416988417
Episode:26/100, avg elec cons:2.2416949166818565
 Retrying in 1 seconds
Warning: Unused states in tlLogic 'J10', program '0' in phase 0 after tl-index 10
Simulation......
总奖励:-16182.529709311752, 速度奖励:-9570.682336299402, 加速度奖励:-1578.2473730128008, 交通灯奖励:-5033.6000000000695, 与前车进行交互的惩罚:0.0
Episode:27/100, Reward:-16182.529709311752
Episode:27/100, avg speed:15.309064826081448
Episode:27/100, avg halt num:0.23463294696171408
Episode:27/100, avg elec cons:2.1922224355731403
 Retrying in 1 seconds
Warning: Unused states in tlLogic 'J10', program '0' in phase 0 after tl-index 10
Simulation......
总奖励:-19675.969654725806, 速度奖励:-10197.5846505394, 加速度奖励:-1796.0850041866586, 交通灯奖励:-7682.299999999245, 与前车进行交互的惩罚:0.0
Episode:28/100, Reward:-19675.969654725806
Episode:28/100, avg speed:14.769745363795847
Episode:28/100, avg halt num:0.31401811445039113
Episode:28/100, avg elec cons:2.6204550337852135
 Retrying in 1 seconds
Warning: Unused states in tlLogic 'J10', program '0' in phase 0 after tl-index 10
Simulation......
总奖励:-20834.08443348662, 速度奖励:-10800.62555635943, 加速度奖励:-1911.4588771272906, 交通灯奖励:-8121.999999999106, 与前车进行交互的惩罚:0.0
Episode:29/100, Reward:-20834.08443348662
Episode:29/100, avg speed:15.045110668127874
Episode:29/100, avg halt num:0.3175594039468385
Episode:29/100, avg elec cons:2.4623910160819356
 Retrying in 1 seconds
Warning: Unused states in tlLogic 'J10', program '0' in phase 0 after tl-index 10
Simulation......
总奖励:-18508.904925523526, 速度奖励:-9547.405389749441, 加速度奖励:-1690.3995357743247, 交通灯奖励:-7271.099999999175, 与前车进行交互的惩罚:0.0
Episode:30/100, Reward:-18508.904925523526
Episode:30/100, avg speed:15.61979389911078
Episode:30/100, avg halt num:0.25595238095238093
Episode:30/100, avg elec cons:2.3468039166889607
 Retrying in 1 seconds
Warning: Unused states in tlLogic 'J10', program '0' in phase 0 after tl-index 10
Simulation......
总奖励:-18759.36210221527, 速度奖励:-9385.932491149451, 加速度奖励:-1744.7296110661412, 交通灯奖励:-7628.699999999239, 与前车进行交互的惩罚:0.0
Episode:31/100, Reward:-18759.36210221527
Episode:31/100, avg speed:15.52814637341987
Episode:31/100, avg halt num:0.26746806912096166
Episode:31/100, avg elec cons:2.444544792231109
 Retrying in 1 seconds
Warning: Unused states in tlLogic 'J10', program '0' in phase 0 after tl-index 10
Simulation......
总奖励:-20054.9891723808, 速度奖励:-10674.87192453939, 加速度奖励:-1786.5172478415755, 交通灯奖励:-7593.599999999156, 与前车进行交互的惩罚:0.0
Episode:32/100, Reward:-20054.9891723808
Episode:32/100, avg speed:15.078503680027096
Episode:32/100, avg halt num:0.3076190476190476
Episode:32/100, avg elec cons:2.451096981798314
 Retrying in 1 seconds
Warning: Unused states in tlLogic 'J10', program '0' in phase 0 after tl-index 10
Simulation......
总奖励:-17406.352945946557, 速度奖励:-9426.99686987946, 加速度奖励:-1675.3560760674766, 交通灯奖励:-6303.999999999356, 与前车进行交互的惩罚:0.0
Episode:33/100, Reward:-17406.352945946557
Episode:33/100, avg speed:15.333563825326458
Episode:33/100, avg halt num:0.24763323983169705
Episode:33/100, avg elec cons:2.3101217962276515
 Retrying in 1 seconds
Warning: Unused states in tlLogic 'J10', program '0' in phase 0 after tl-index 10
Simulation......
总奖励:-15228.445548579735, 速度奖励:-9247.132009749459, 加速度奖励:-1685.4135388306465, 交通灯奖励:-4295.900000000282, 与前车进行交互的惩罚:0.0
Episode:34/100, Reward:-15228.445548579735
Episode:34/100, avg speed:15.482024060846674
Episode:34/100, avg halt num:0.21616871704745166
Episode:34/100, avg elec cons:2.282306476688008
 Retrying in 1 seconds
Warning: Unused states in tlLogic 'J10', program '0' in phase 0 after tl-index 10
Simulation......
总奖励:-14180.84179228186, 速度奖励:-8727.577196809807, 加速度奖励:-1834.3645954722167, 交通灯奖励:-3618.900000000442, 与前车进行交互的惩罚:0.0
Episode:35/100, Reward:-14180.84179228186
Episode:35/100, avg speed:15.278863074491897
Episode:35/100, avg halt num:0.14549483013293943
Episode:35/100, avg elec cons:2.4407169232197505
 Retrying in 1 seconds
Warning: Unused states in tlLogic 'J10', program '0' in phase 0 after tl-index 10
Simulation......
总奖励:-25799.279327006203, 速度奖励:-17764.61183339006, 加速度奖励:-3229.6674936164545, 交通灯奖励:-4805.000000000522, 与前车进行交互的惩罚:0.0
Episode:36/100, Reward:-25799.279327006203
Episode:36/100, avg speed:11.687984381926208
Episode:36/100, avg halt num:0.09767610748002904
Episode:36/100, avg elec cons:1.3485543562041025
 Retrying in 1 seconds
Warning: Unused states in tlLogic 'J10', program '0' in phase 0 after tl-index 10
Simulation......
总奖励:-30399.40447343271, 速度奖励:-18930.184192200275, 加速度奖励:-2871.9202812331814, 交通灯奖励:-8597.299999998473, 与前车进行交互的惩罚:0.0
Episode:37/100, Reward:-30399.40447343271
Episode:37/100, avg speed:12.207365937640802
Episode:37/100, avg halt num:0.2596882898062342
Episode:37/100, avg elec cons:1.7482370389366872
 Retrying in 1 seconds
Warning: Unused states in tlLogic 'J10', program '0' in phase 0 after tl-index 10
Simulation......
总奖励:-18091.813316891465, 速度奖励:-9069.508092169524, 加速度奖励:-1849.7052247221654, 交通灯奖励:-7172.59999999936, 与前车进行交互的惩罚:0.0
Episode:38/100, Reward:-18091.813316891465
Episode:38/100, avg speed:15.49164229607755
Episode:38/100, avg halt num:0.220139157325087
Episode:38/100, avg elec cons:2.4124997460013917
 Retrying in 1 seconds
Warning: Unused states in tlLogic 'J10', program '0' in phase 0 after tl-index 10
Simulation......
总奖励:-20358.015925142983, 速度奖励:-10638.966030569363, 加速度奖励:-1789.8498945738102, 交通灯奖励:-7929.199999999151, 与前车进行交互的惩罚:0.0
Episode:39/100, Reward:-20358.015925142983
Episode:39/100, avg speed:15.336713991679396
Episode:39/100, avg halt num:0.2848736587054344
Episode:39/100, avg elec cons:2.2304766777729292
 Retrying in 1 seconds
Warning: Unused states in tlLogic 'J10', program '0' in phase 0 after tl-index 10
Simulation......
总奖励:-19277.836306577552, 速度奖励:-9846.464698259382, 加速度奖励:-1822.27160831846, 交通灯奖励:-7609.0999999991445, 与前车进行交互的惩罚:0.0
Episode:40/100, Reward:-19277.836306577552
Episode:40/100, avg speed:15.406107274353852
Episode:40/100, avg halt num:0.26330174927113703
Episode:40/100, avg elec cons:2.304053678502977
 Retrying in 1 seconds
Warning: Unused states in tlLogic 'J10', program '0' in phase 0 after tl-index 10
Simulation......
总奖励:-18526.522279779063, 速度奖励:-9602.21430587943, 加速度奖励:-1734.2079738998812, 交通灯奖励:-7190.099999999252, 与前车进行交互的惩罚:0.0
Episode:41/100, Reward:-18526.522279779063
Episode:41/100, avg speed:15.391152301207203
Episode:41/100, avg halt num:0.26697080291970804
Episode:41/100, avg elec cons:2.394358691439591
 Retrying in 1 seconds
Warning: Unused states in tlLogic 'J10', program '0' in phase 0 after tl-index 10
Simulation......
总奖励:-19764.380778384075, 速度奖励:-10125.038663199417, 加速度奖励:-1812.5421151848047, 交通灯奖励:-7826.799999999041, 与前车进行交互的惩罚:0.0
Episode:42/100, Reward:-19764.380778384075
Episode:42/100, avg speed:15.249857451243868
Episode:42/100, avg halt num:0.28978576893649577
Episode:42/100, avg elec cons:2.4335083603571834
 Retrying in 1 seconds
Warning: Unused states in tlLogic 'J10', program '0' in phase 0 after tl-index 10
Simulation......
总奖励:-18866.616136901757, 速度奖励:-9865.231683699452, 加速度奖励:-1731.0844532025928, 交通灯奖励:-7270.2999999992735, 与前车进行交互的惩罚:0.0
Episode:43/100, Reward:-18866.616136901757
Episode:43/100, avg speed:15.071848562043554
Episode:43/100, avg halt num:0.2920753236563358
Episode:43/100, avg elec cons:2.598152526767714
 Retrying in 1 seconds
Warning: Unused states in tlLogic 'J10', program '0' in phase 0 after tl-index 10
Simulation......
总奖励:-19054.805459186282, 速度奖励:-9867.211435019424, 加速度奖励:-1748.3940241670741, 交通灯奖励:-7439.199999999067, 与前车进行交互的惩罚:0.0
Episode:44/100, Reward:-19054.805459186282
Episode:44/100, avg speed:15.407526118375081
Episode:44/100, avg halt num:0.2777985773118682
Episode:44/100, avg elec cons:2.4622728857962985
 Retrying in 1 seconds
Warning: Unused states in tlLogic 'J10', program '0' in phase 0 after tl-index 10
Simulation......
总奖励:-19943.762883913005, 速度奖励:-10522.352030719352, 加速度奖励:-1790.3108531939426, 交通灯奖励:-7631.099999999124, 与前车进行交互的惩罚:0.0
Episode:45/100, Reward:-19943.762883913005
Episode:45/100, avg speed:14.8562096619742
Episode:45/100, avg halt num:0.312646828504307
Episode:45/100, avg elec cons:2.5077250089255836
 Retrying in 1 seconds
Warning: Unused states in tlLogic 'J10', program '0' in phase 0 after tl-index 10
Simulation......
总奖励:-18280.42190974677, 速度奖励:-9668.3926355195, 加速度奖励:-1913.8292742274102, 交通灯奖励:-6698.199999999068, 与前车进行交互的惩罚:0.0
Episode:46/100, Reward:-18280.42190974677
Episode:46/100, avg speed:15.778268607472347
Episode:46/100, avg halt num:0.21429752066115704
Episode:46/100, avg elec cons:2.20412720691149
 Retrying in 1 seconds
Warning: Unused states in tlLogic 'J10', program '0' in phase 0 after tl-index 10
Simulation......
总奖励:-16450.275584582407, 速度奖励:-9954.233342599422, 加速度奖励:-1908.7422419835063, 交通灯奖励:-4587.300000000185, 与前车进行交互的惩罚:0.0
Episode:47/100, Reward:-16450.275584582407
Episode:47/100, avg speed:14.94747169709471
Episode:47/100, avg halt num:0.20306549885757808
Episode:47/100, avg elec cons:2.387836555114728
 Retrying in 1 seconds
Warning: Unused states in tlLogic 'J10', program '0' in phase 0 after tl-index 10
Simulation......
总奖励:-16586.168977122004, 速度奖励:-9373.522601479464, 加速度奖励:-1793.3463756430974, 交通灯奖励:-5419.299999999955, 与前车进行交互的惩罚:0.0
Episode:48/100, Reward:-16586.168977122004
Episode:48/100, avg speed:15.023419052721497
Episode:48/100, avg halt num:0.20511049723756905
Episode:48/100, avg elec cons:2.3712746278970025
 Retrying in 1 seconds
Warning: Unused states in tlLogic 'J10', program '0' in phase 0 after tl-index 10
Simulation......
总奖励:-24756.023458621283, 速度奖励:-14600.507424979423, 加速度奖励:-2969.716033642126, 交通灯奖励:-7185.799999999406, 与前车进行交互的惩罚:0.0
Episode:49/100, Reward:-24756.023458621283
Episode:49/100, avg speed:13.746779582038059
Episode:49/100, avg halt num:0.17726426799007444
Episode:49/100, avg elec cons:1.4056006930624803
 Retrying in 1 seconds
Warning: Unused states in tlLogic 'J10', program '0' in phase 0 after tl-index 10
Simulation......
总奖励:-32499.49961500449, 速度奖励:-18942.5488005, 加速度奖励:-2843.250814505738, 交通灯奖励:-10713.699999997934, 与前车进行交互的惩罚:0.0
Episode:50/100, Reward:-32499.49961500449
Episode:50/100, avg speed:12.562632585497031
Episode:50/100, avg halt num:0.27800616649537513
Episode:50/100, avg elec cons:1.3360175469809124
 Retrying in 1 seconds
Warning: Unused states in tlLogic 'J10', program '0' in phase 0 after tl-index 10
Simulation......
总奖励:-29315.285478487152, 速度奖励:-18251.763672399982, 加速度奖励:-2332.9218060881362, 交通灯奖励:-8730.599999998149, 与前车进行交互的惩罚:0.0
Episode:51/100, Reward:-29315.285478487152
Episode:51/100, avg speed:13.74904884223646
Episode:51/100, avg halt num:0.29244031830238726
Episode:51/100, avg elec cons:1.599827325464907
 Retrying in 1 seconds
Warning: Unused states in tlLogic 'J10', program '0' in phase 0 after tl-index 10
Simulation......
总奖励:-21133.03655262043, 速度奖励:-11266.894396639405, 加速度奖励:-2011.342155981115, 交通灯奖励:-7854.799999999161, 与前车进行交互的惩罚:0.0
Episode:52/100, Reward:-21133.03655262043
Episode:52/100, avg speed:14.867859360123008
Episode:52/100, avg halt num:0.27331606217616583
Episode:52/100, avg elec cons:2.217557676459229
 Retrying in 1 seconds
Warning: Unused states in tlLogic 'J10', program '0' in phase 0 after tl-index 10
Simulation......
总奖励:-18784.501231554164, 速度奖励:-9529.807232679388, 加速度奖励:-1749.3939988749441, 交通灯奖励:-7505.299999999206, 与前车进行交互的惩罚:0.0
Episode:53/100, Reward:-18784.501231554164
Episode:53/100, avg speed:15.510522171187263
Episode:53/100, avg halt num:0.24484797297297298
Episode:53/100, avg elec cons:2.2011524056203395
 Retrying in 1 seconds
Warning: Unused states in tlLogic 'J10', program '0' in phase 0 after tl-index 10
Simulation......
总奖励:-19593.253627105754, 速度奖励:-10246.924666499419, 加速度奖励:-1813.3289606065566, 交通灯奖励:-7532.999999999103, 与前车进行交互的惩罚:0.0
Episode:54/100, Reward:-19593.253627105754
Episode:54/100, avg speed:15.352003449861355
Episode:54/100, avg halt num:0.27259089304624073
Episode:54/100, avg elec cons:2.243334929514581
 Retrying in 1 seconds
Warning: Unused states in tlLogic 'J10', program '0' in phase 0 after tl-index 10
Simulation......
总奖励:-17697.41781514329, 速度奖励:-9194.622510899459, 加速度奖励:-1689.8953042441535, 交通灯奖励:-6812.899999999267, 与前车进行交互的惩罚:0.0
Episode:55/100, Reward:-17697.41781514329
Episode:55/100, avg speed:15.121512700638183
Episode:55/100, avg halt num:0.2724545102593883
Episode:55/100, avg elec cons:2.585833937045961
 Retrying in 1 seconds
Warning: Unused states in tlLogic 'J10', program '0' in phase 0 after tl-index 10
Simulation......
总奖励:-19595.789569944453, 速度奖励:-10274.759381219412, 加速度奖励:-1813.93018872519, 交通灯奖励:-7507.099999999149, 与前车进行交互的惩罚:0.0
Episode:56/100, Reward:-19595.789569944453
Episode:56/100, avg speed:15.156398220260732
Episode:56/100, avg halt num:0.28010185522008
Episode:56/100, avg elec cons:2.2939481891505435
 Retrying in 1 seconds
Warning: Unused states in tlLogic 'J10', program '0' in phase 0 after tl-index 10
Simulation......
总奖励:-19566.335221034053, 速度奖励:-10247.739412919358, 加速度奖励:-1774.8958081148971, 交通灯奖励:-7543.699999999128, 与前车进行交互的惩罚:0.0
Episode:57/100, Reward:-19566.335221034053
Episode:57/100, avg speed:15.115838775692708
Episode:57/100, avg halt num:0.31247447937933853
Episode:57/100, avg elec cons:2.655524106114539
 Retrying in 1 seconds
Warning: Unused states in tlLogic 'J10', program '0' in phase 0 after tl-index 10
Simulation......
总奖励:-19056.742491277164, 速度奖励:-9664.59782190945, 加速度奖励:-1756.244669367841, 交通灯奖励:-7635.899999999177, 与前车进行交互的惩罚:0.0
Episode:58/100, Reward:-19056.742491277164
Episode:58/100, avg speed:15.42199315484708
Episode:58/100, avg halt num:0.28215561730845573
Episode:58/100, avg elec cons:2.587006596491978
 Retrying in 1 seconds
Warning: Unused states in tlLogic 'J10', program '0' in phase 0 after tl-index 10
Simulation......
总奖励:-20489.55367181595, 速度奖励:-10558.596648159446, 加速度奖励:-1820.4570236565658, 交通灯奖励:-8110.499999999096, 与前车进行交互的惩罚:0.0
Episode:59/100, Reward:-20489.55367181595
Episode:59/100, avg speed:15.37223528779125
Episode:59/100, avg halt num:0.29817658349328213
Episode:59/100, avg elec cons:2.4174883746998015
 Retrying in 1 seconds
Warning: Unused states in tlLogic 'J10', program '0' in phase 0 after tl-index 10
Simulation......
总奖励:-18603.898544649895, 速度奖励:-9459.15149403942, 加速度奖励:-1742.7470506108325, 交通灯奖励:-7401.999999999272, 与前车进行交互的惩罚:0.0
Episode:60/100, Reward:-18603.898544649895
Episode:60/100, avg speed:15.613709940888405
Episode:60/100, avg halt num:0.24173346693386774
Episode:60/100, avg elec cons:2.1865333570822636
 Retrying in 1 seconds
Warning: Unused states in tlLogic 'J10', program '0' in phase 0 after tl-index 10
Simulation......
总奖励:-19683.087375882817, 速度奖励:-10331.214151669348, 加速度奖励:-1774.2732242137915, 交通灯奖励:-7577.599999999153, 与前车进行交互的惩罚:0.0
Episode:61/100, Reward:-19683.087375882817
Episode:61/100, avg speed:14.946183096896483
Episode:61/100, avg halt num:0.3076923076923077
Episode:61/100, avg elec cons:2.5542035657740283
 Retrying in 1 seconds
Warning: Unused states in tlLogic 'J10', program '0' in phase 0 after tl-index 10
Simulation......
总奖励:-19499.933786013695, 速度奖励:-9833.79485342935, 加速度奖励:-1797.5389325846459, 交通灯奖励:-7868.5999999990945, 与前车进行交互的惩罚:0.0
Episode:62/100, Reward:-19499.933786013695
Episode:62/100, avg speed:15.328006995083998
Episode:62/100, avg halt num:0.25827237896203414
Episode:62/100, avg elec cons:2.229128443426948
 Retrying in 1 seconds
Warning: Unused states in tlLogic 'J10', program '0' in phase 0 after tl-index 10
Simulation......
总奖励:-18932.828892328882, 速度奖励:-9841.230946679356, 加速度奖励:-1770.8979456497882, 交通灯奖励:-7320.699999999186, 与前车进行交互的惩罚:0.0
Episode:63/100, Reward:-18932.828892328882
Episode:63/100, avg speed:15.541080749578605
Episode:63/100, avg halt num:0.25475705062861026
Episode:63/100, avg elec cons:2.174385665318826
 Retrying in 1 seconds
Warning: Unused states in tlLogic 'J10', program '0' in phase 0 after tl-index 10
Simulation......
总奖励:-19119.14359427947, 速度奖励:-9934.465773709413, 加速度奖励:-1750.2778205703119, 交通灯奖励:-7434.399999999194, 与前车进行交互的惩罚:0.0
Episode:64/100, Reward:-19119.14359427947
Episode:64/100, avg speed:15.31028321481367
Episode:64/100, avg halt num:0.2828054298642534
Episode:64/100, avg elec cons:2.469107648953244
 Retrying in 1 seconds
Warning: Unused states in tlLogic 'J10', program '0' in phase 0 after tl-index 10
Simulation......
总奖励:-17987.598235779773, 速度奖励:-9079.909454449451, 加速度奖励:-1745.6887813306926, 交通灯奖励:-7161.999999999247, 与前车进行交互的惩罚:0.0
Episode:65/100, Reward:-17987.598235779773
Episode:65/100, avg speed:15.69914085898954
Episode:65/100, avg halt num:0.24554058973425555
Episode:65/100, avg elec cons:2.373110413869763
 Retrying in 1 seconds
Warning: Unused states in tlLogic 'J10', program '0' in phase 0 after tl-index 10
Simulation......
总奖励:-19338.61249689351, 速度奖励:-9937.309933889395, 加速度奖励:-1755.8025630042937, 交通灯奖励:-7645.49999999928, 与前车进行交互的惩罚:0.0
Episode:66/100, Reward:-19338.61249689351
Episode:66/100, avg speed:15.824610965964032
Episode:66/100, avg halt num:0.24708360337005833
Episode:66/100, avg elec cons:2.1121920694355305
 Retrying in 1 seconds
Warning: Unused states in tlLogic 'J10', program '0' in phase 0 after tl-index 10
Simulation......
总奖励:-18734.16743062275, 速度奖励:-9525.249499699446, 加速度奖励:-1782.9179309235512, 交通灯奖励:-7425.999999999327, 与前车进行交互的惩罚:0.0
Episode:67/100, Reward:-18734.16743062275
Episode:67/100, avg speed:15.931744306107815
Episode:67/100, avg halt num:0.2354111405835544
Episode:67/100, avg elec cons:2.120223191417884
 Retrying in 1 seconds
Warning: Unused states in tlLogic 'J10', program '0' in phase 0 after tl-index 10
Simulation......
总奖励:-18053.00245331552, 速度奖励:-9067.734634319479, 加速度奖励:-1767.067818996278, 交通灯奖励:-7218.199999999299, 与前车进行交互的惩罚:0.0
Episode:68/100, Reward:-18053.00245331552
Episode:68/100, avg speed:15.862755657403966
Episode:68/100, avg halt num:0.22909556313993173
Episode:68/100, avg elec cons:2.2161577387076337
 Retrying in 1 seconds
Warning: Unused states in tlLogic 'J10', program '0' in phase 0 after tl-index 10
Simulation......
总奖励:-19151.165534195658, 速度奖励:-9905.245884029331, 加速度奖励:-1741.81965016657, 交通灯奖励:-7504.099999999116, 与前车进行交互的惩罚:0.0
Episode:69/100, Reward:-19151.165534195658
Episode:69/100, avg speed:15.656699433383176
Episode:69/100, avg halt num:0.24335022165927803
Episode:69/100, avg elec cons:2.0917299551658433
 Retrying in 1 seconds
Warning: Unused states in tlLogic 'J10', program '0' in phase 0 after tl-index 10
Simulation......
总奖励:-18302.167104515655, 速度奖励:-9528.331260719398, 加速度奖励:-1719.9358437965386, 交通灯奖励:-7053.899999999276, 与前车进行交互的惩罚:0.0
Episode:70/100, Reward:-18302.167104515655
Episode:70/100, avg speed:15.57297384834788
Episode:70/100, avg halt num:0.24311406351263773
Episode:70/100, avg elec cons:2.1324036720612023
 Retrying in 1 seconds
Warning: Unused states in tlLogic 'J10', program '0' in phase 0 after tl-index 10
Simulation......
总奖励:-18110.253405365474, 速度奖励:-9057.514612229455, 加速度奖励:-1733.3387931363427, 交通灯奖励:-7319.399999999187, 与前车进行交互的惩罚:0.0
Episode:71/100, Reward:-18110.253405365474
Episode:71/100, avg speed:15.989425489782334
Episode:71/100, avg halt num:0.223202396804261
Episode:71/100, avg elec cons:2.1757135267297363
 Retrying in 1 seconds
Warning: Unused states in tlLogic 'J10', program '0' in phase 0 after tl-index 10
Simulation......
总奖励:-19382.50999432471, 速度奖励:-9931.114898439395, 加速度奖励:-1794.6950958855764, 交通灯奖励:-7656.699999999235, 与前车进行交互的惩罚:0.0
Episode:72/100, Reward:-19382.50999432471
Episode:72/100, avg speed:14.811666981037039
Episode:72/100, avg halt num:0.2877269288956127
Episode:72/100, avg elec cons:2.41817199329427
 Retrying in 1 seconds
Warning: Unused states in tlLogic 'J10', program '0' in phase 0 after tl-index 10
Simulation......
总奖励:-18083.428892448064, 速度奖励:-9052.241011459346, 加速度奖励:-1735.1878809891423, 交通灯奖励:-7295.999999999324, 与前车进行交互的惩罚:0.0
Episode:73/100, Reward:-18083.428892448064
Episode:73/100, avg speed:15.701786703790916
Episode:73/100, avg halt num:0.20911144578313254
Episode:73/100, avg elec cons:1.9940472138423477
 Retrying in 1 seconds
Warning: Unused states in tlLogic 'J10', program '0' in phase 0 after tl-index 10
Simulation......
总奖励:-20232.946866689083, 速度奖励:-10620.217690389398, 加速度奖励:-1826.0291762997601, 交通灯奖励:-7786.699999999122, 与前车进行交互的惩罚:0.0
Episode:74/100, Reward:-20232.946866689083
Episode:74/100, avg speed:15.363475510151764
Episode:74/100, avg halt num:0.28322111977321046
Episode:74/100, avg elec cons:2.2567517490791813
 Retrying in 1 seconds
Warning: Unused states in tlLogic 'J10', program '0' in phase 0 after tl-index 10
Simulation......
总奖励:-21030.84927917771, 速度奖励:-11107.020143019321, 加速度奖励:-1890.0291361585396, 交通灯奖励:-8033.799999999076, 与前车进行交互的惩罚:0.0
Episode:75/100, Reward:-21030.84927917771
Episode:75/100, avg speed:15.392566960860673
Episode:75/100, avg halt num:0.2818455366098295
Episode:75/100, avg elec cons:2.078457010568047
 Retrying in 1 seconds
Warning: Unused states in tlLogic 'J10', program '0' in phase 0 after tl-index 10
Simulation......
总奖励:-17442.52929752451, 速度奖励:-8661.3972555695, 加速度奖励:-1687.432041955369, 交通灯奖励:-7093.699999999262, 与前车进行交互的惩罚:0.0
Episode:76/100, Reward:-17442.52929752451
Episode:76/100, avg speed:15.624560348375882
Episode:76/100, avg halt num:0.25366598778004074
Episode:76/100, avg elec cons:2.715661280241203
 Retrying in 1 seconds
Warning: Unused states in tlLogic 'J10', program '0' in phase 0 after tl-index 10
Simulation......
总奖励:-20388.476483545997, 速度奖励:-10654.170115039438, 加速度奖励:-1811.2063685067228, 交通灯奖励:-7923.099999999004, 与前车进行交互的惩罚:0.0
Episode:77/100, Reward:-20388.476483545997
Episode:77/100, avg speed:15.20644521032255
Episode:77/100, avg halt num:0.3156839149618933
Episode:77/100, avg elec cons:2.5294070494111254
 Retrying in 1 seconds
Warning: Unused states in tlLogic 'J10', program '0' in phase 0 after tl-index 10
Simulation......
总奖励:-16991.5967508709, 速度奖励:-8963.562484989452, 加速度奖励:-1668.9342658819114, 交通灯奖励:-6359.099999999541, 与前车进行交互的惩罚:0.0
Episode:78/100, Reward:-16991.5967508709
Episode:78/100, avg speed:15.252518583245854
Episode:78/100, avg halt num:0.26768774703557313
Episode:78/100, avg elec cons:2.646144264692149
 Retrying in 1 seconds
Warning: Unused states in tlLogic 'J10', program '0' in phase 0 after tl-index 10
Simulation......
总奖励:-20147.92685381139, 速度奖励:-10551.60336274944, 加速度奖励:-1760.3234910621338, 交通灯奖励:-7835.999999999031, 与前车进行交互的惩罚:0.0
Episode:79/100, Reward:-20147.92685381139
Episode:79/100, avg speed:15.050309091715617
Episode:79/100, avg halt num:0.31276678308110206
Episode:79/100, avg elec cons:2.5060985967987497
 Retrying in 1 seconds
Warning: Unused states in tlLogic 'J10', program '0' in phase 0 after tl-index 10
Simulation......
总奖励:-18561.86017260554, 速度奖励:-9675.296202239362, 加速度奖励:-1713.1639703665637, 交通灯奖励:-7173.399999999208, 与前车进行交互的惩罚:0.0
Episode:80/100, Reward:-18561.86017260554
Episode:80/100, avg speed:15.275276483855187
Episode:80/100, avg halt num:0.2666487647690655
Episode:80/100, avg elec cons:2.40252912642954
 Retrying in 1 seconds
Warning: Unused states in tlLogic 'J10', program '0' in phase 0 after tl-index 10
Simulation......
总奖励:-18106.58738969619, 速度奖励:-9426.063091159447, 加速度奖励:-1687.6242985369945, 交通灯奖励:-6992.899999999305, 与前车进行交互的惩罚:0.0
Episode:81/100, Reward:-18106.58738969619
Episode:81/100, avg speed:15.478647470493318
Episode:81/100, avg halt num:0.267037037037037
Episode:81/100, avg elec cons:2.446749197805062
 Retrying in 1 seconds
Warning: Unused states in tlLogic 'J10', program '0' in phase 0 after tl-index 10
Simulation......
总奖励:-19220.43697681781, 速度奖励:-9764.164963299505, 加速度奖励:-1744.9720135183577, 交通灯奖励:-7711.299999999233, 与前车进行交互的惩罚:0.0
Episode:82/100, Reward:-19220.43697681781
Episode:82/100, avg speed:15.23990958657028
Episode:82/100, avg halt num:0.2920532472771279
Episode:82/100, avg elec cons:2.637946803454545
 Retrying in 1 seconds
Warning: Unused states in tlLogic 'J10', program '0' in phase 0 after tl-index 10
Simulation......
总奖励:-19260.582260366176, 速度奖励:-9988.061724539413, 加速度奖励:-1776.5205358271035, 交通灯奖励:-7495.999999999163, 与前车进行交互的惩罚:0.0
Episode:83/100, Reward:-19260.582260366176
Episode:83/100, avg speed:15.455621131102873
Episode:83/100, avg halt num:0.26791331702202026
Episode:83/100, avg elec cons:2.2645593457497535
 Retrying in 1 seconds
Warning: Unused states in tlLogic 'J10', program '0' in phase 0 after tl-index 10
Simulation......
总奖励:-18768.223478178417, 速度奖励:-9479.466682059467, 加速度奖励:-1789.9567961192522, 交通灯奖励:-7498.799999999309, 与前车进行交互的惩罚:0.0
Episode:84/100, Reward:-18768.223478178417
Episode:84/100, avg speed:15.237387958135342
Episode:84/100, avg halt num:0.2762789768185452
Episode:84/100, avg elec cons:2.541460605130836
 Retrying in 1 seconds
Warning: Unused states in tlLogic 'J10', program '0' in phase 0 after tl-index 10
Simulation......
总奖励:-19714.48880322038, 速度奖励:-10134.896574919412, 加速度奖励:-1794.0922283010132, 交通灯奖励:-7785.499999999143, 与前车进行交互的惩罚:0.0
Episode:85/100, Reward:-19714.48880322038
Episode:85/100, avg speed:15.654987603063335
Episode:85/100, avg halt num:0.2597556837461826
Episode:85/100, avg elec cons:2.164692025809771
 Retrying in 1 seconds
Warning: Unused states in tlLogic 'J10', program '0' in phase 0 after tl-index 10
Simulation......
总奖励:-18344.386094185757, 速度奖励:-9274.330734579333, 加速度奖励:-1705.5553596066545, 交通灯奖励:-7364.499999999229, 与前车进行交互的惩罚:0.0
Episode:86/100, Reward:-18344.386094185757
Episode:86/100, avg speed:15.91060005175224
Episode:86/100, avg halt num:0.2198329207920792
Episode:86/100, avg elec cons:2.0610082798224925
 Retrying in 1 seconds
Warning: Unused states in tlLogic 'J10', program '0' in phase 0 after tl-index 10
Simulation......
总奖励:-21495.979252326913, 速度奖励:-11263.898358289433, 加速度奖励:-1863.3808940375036, 交通灯奖励:-8368.699999999037, 与前车进行交互的惩罚:0.0
Episode:87/100, Reward:-21495.979252326913
Episode:87/100, avg speed:14.972942535161883
Episode:87/100, avg halt num:0.3487936772046589
Episode:87/100, avg elec cons:2.5921926276276115
 Retrying in 1 seconds
Warning: Unused states in tlLogic 'J10', program '0' in phase 0 after tl-index 10
Simulation......
总奖励:-20290.636572488904, 速度奖励:-10792.246734229377, 加速度奖励:-1827.3898382596724, 交通灯奖励:-7670.999999999027, 与前车进行交互的惩罚:0.0
Episode:88/100, Reward:-20290.636572488904
Episode:88/100, avg speed:15.357381760472771
Episode:88/100, avg halt num:0.2840089316386122
Episode:88/100, avg elec cons:2.1712430550942634
 Retrying in 1 seconds
Warning: Unused states in tlLogic 'J10', program '0' in phase 0 after tl-index 10
Simulation......
总奖励:-20154.624500931754, 速度奖励:-10634.88806002939, 加速度奖励:-1780.8364409025087, 交通灯奖励:-7738.899999999157, 与前车进行交互的惩罚:0.0
Episode:89/100, Reward:-20154.624500931754
Episode:89/100, avg speed:15.033697907374224
Episode:89/100, avg halt num:0.3071536714610144
Episode:89/100, avg elec cons:2.4502325691553004
 Retrying in 1 seconds
Warning: Unused states in tlLogic 'J10', program '0' in phase 0 after tl-index 10
Simulation......
总奖励:-17891.661695520477, 速度奖励:-9136.247458189486, 加速度奖励:-1708.9142373313089, 交通灯奖励:-7046.499999999311, 与前车进行交互的惩罚:0.0
Episode:90/100, Reward:-17891.661695520477
Episode:90/100, avg speed:15.335233677686599
Episode:90/100, avg halt num:0.26859827721221613
Episode:90/100, avg elec cons:2.586398774595382
 Retrying in 1 seconds
Warning: Unused states in tlLogic 'J10', program '0' in phase 0 after tl-index 10
Simulation......
总奖励:-19429.31647752071, 速度奖励:-10032.245738589396, 加速度奖励:-1772.8707389315912, 交通灯奖励:-7624.199999999208, 与前车进行交互的惩罚:0.0
Episode:91/100, Reward:-19429.31647752071
Episode:91/100, avg speed:14.946727842249278
Episode:91/100, avg halt num:0.298352295017654
Episode:91/100, avg elec cons:2.5328797487177406
 Retrying in 1 seconds
Warning: Unused states in tlLogic 'J10', program '0' in phase 0 after tl-index 10
Simulation......
总奖励:-19427.682966777902, 速度奖励:-10204.765007519392, 加速度奖励:-1773.217959258632, 交通灯奖励:-7449.699999999231, 与前车进行交互的惩罚:0.0
Episode:92/100, Reward:-19427.682966777902
Episode:92/100, avg speed:15.069682714290032
Episode:92/100, avg halt num:0.2937049677664012
Episode:92/100, avg elec cons:2.4406734214636288
 Retrying in 1 seconds
Warning: Unused states in tlLogic 'J10', program '0' in phase 0 after tl-index 10
Simulation......
总奖励:-19819.303795541393, 速度奖励:-10456.843519609352, 加速度奖励:-1783.9602759322067, 交通灯奖励:-7578.49999999908, 与前车进行交互的惩罚:0.0
Episode:93/100, Reward:-19819.303795541393
Episode:93/100, avg speed:14.95793371947019
Episode:93/100, avg halt num:0.3312209547950993
Episode:93/100, avg elec cons:2.710290542921593
 Retrying in 1 seconds
Warning: Unused states in tlLogic 'J10', program '0' in phase 0 after tl-index 10
Simulation......
总奖励:-18636.87436585299, 速度奖励:-9618.720297099424, 加速度奖励:-1724.854068753767, 交通灯奖励:-7293.299999999263, 与前车进行交互的惩罚:0.0
Episode:94/100, Reward:-18636.87436585299
Episode:94/100, avg speed:15.59035194078605
Episode:94/100, avg halt num:0.251017984390906
Episode:94/100, avg elec cons:2.2391119711549385
 Retrying in 1 seconds
Warning: Unused states in tlLogic 'J10', program '0' in phase 0 after tl-index 10
Simulation......
总奖励:-19608.52200900274, 速度奖励:-10273.425303839394, 加速度奖励:-1767.9967051633926, 交通灯奖励:-7567.099999999218, 与前车进行交互的惩罚:0.0
Episode:95/100, Reward:-19608.52200900274
Episode:95/100, avg speed:14.826615269771816
Episode:95/100, avg halt num:0.3053691275167785
Episode:95/100, avg elec cons:2.589948332901625
 Retrying in 1 seconds
Warning: Unused states in tlLogic 'J10', program '0' in phase 0 after tl-index 10
Simulation......
总奖励:-17830.19176277594, 速度奖励:-9183.755577099408, 加速度奖励:-1691.3361856768768, 交通灯奖励:-6955.0999999992055, 与前车进行交互的惩罚:0.0
Episode:96/100, Reward:-17830.19176277594
Episode:96/100, avg speed:15.324238208262802
Episode:96/100, avg halt num:0.26907356948228883
Episode:96/100, avg elec cons:2.601233761727289
 Retrying in 1 seconds
Warning: Unused states in tlLogic 'J10', program '0' in phase 0 after tl-index 10
Simulation......
总奖励:-19372.54496704758, 速度奖励:-10174.172647829473, 加速度奖励:-1747.9723192182776, 交通灯奖励:-7450.399999999239, 与前车进行交互的惩罚:0.0
Episode:97/100, Reward:-19372.54496704758
Episode:97/100, avg speed:15.19936679356239
Episode:97/100, avg halt num:0.30372807017543857
Episode:97/100, avg elec cons:2.5713884865615384
 Retrying in 1 seconds
Warning: Unused states in tlLogic 'J10', program '0' in phase 0 after tl-index 10
Simulation......
总奖励:-17436.67818158104, 速度奖励:-8596.887151229506, 加速度奖励:-1714.7910303517394, 交通灯奖励:-7124.999999999467, 与前车进行交互的惩罚:0.0
Episode:98/100, Reward:-17436.67818158104
Episode:98/100, avg speed:15.349593539540598
Episode:98/100, avg halt num:0.25010016025641024
Episode:98/100, avg elec cons:2.6817821042822283
 Retrying in 1 seconds
Warning: Unused states in tlLogic 'J10', program '0' in phase 0 after tl-index 10
Simulation......
总奖励:-18763.889222562048, 速度奖励:-9470.548477469461, 加速度奖励:-1765.6407450928898, 交通灯奖励:-7527.699999999212, 与前车进行交互的惩罚:0.0
Episode:99/100, Reward:-18763.889222562048
Episode:99/100, avg speed:15.937361196089075
Episode:99/100, avg halt num:0.24533121916842848
Episode:99/100, avg elec cons:2.2913309441195686
 Retrying in 1 seconds
Warning: Unused states in tlLogic 'J10', program '0' in phase 0 after tl-index 10
Simulation......
总奖励:-17972.515047730158, 速度奖励:-9054.736347619462, 加速度奖励:-1734.6787001109867, 交通灯奖励:-7183.099999999319, 与前车进行交互的惩罚:0.0
Episode:100/100, Reward:-17972.515047730158
Episode:100/100, avg speed:15.928351264259112
Episode:100/100, avg halt num:0.22811965811965812
Episode:100/100, avg elec cons:2.22833298374496
model saved successfully!
Complete training!
final reward list:[-29395.872230687448, -36087.66891880179, -21064.07943354225, -18181.082862779524, -101196.48818389242, -32630.284082733313, -20816.061837679797, -27246.610097249064, -17109.522222931322, -14202.186486840785, -18994.975586636396, -18150.27494206062, -18255.755979635378, -21647.974970052655, -26416.88025539816, -15843.162696398877, -14615.585102554061, -13569.03576757585, -13992.98158417691, -12167.276455646945, -14448.278230590313, -20491.522791305517, -23728.685993215284, -12739.213298156266, -15539.791471649673, -15188.230064863623, -16182.529709311752, -19675.969654725806, -20834.08443348662, -18508.904925523526, -18759.36210221527, -20054.9891723808, -17406.352945946557, -15228.445548579735, -14180.84179228186, -25799.279327006203, -30399.40447343271, -18091.813316891465, -20358.015925142983, -19277.836306577552, -18526.522279779063, -19764.380778384075, -18866.616136901757, -19054.805459186282, -19943.762883913005, -18280.42190974677, -16450.275584582407, -16586.168977122004, -24756.023458621283, -32499.49961500449, -29315.285478487152, -21133.03655262043, -18784.501231554164, -19593.253627105754, -17697.41781514329, -19595.789569944453, -19566.335221034053, -19056.742491277164, -20489.55367181595, -18603.898544649895, -19683.087375882817, -19499.933786013695, -18932.828892328882, -19119.14359427947, -17987.598235779773, -19338.61249689351, -18734.16743062275, -18053.00245331552, -19151.165534195658, -18302.167104515655, -18110.253405365474, -19382.50999432471, -18083.428892448064, -20232.946866689083, -21030.84927917771, -17442.52929752451, -20388.476483545997, -16991.5967508709, -20147.92685381139, -18561.86017260554, -18106.58738969619, -19220.43697681781, -19260.582260366176, -18768.223478178417, -19714.48880322038, -18344.386094185757, -21495.979252326913, -20290.636572488904, -20154.624500931754, -17891.661695520477, -19429.31647752071, -19427.682966777902, -19819.303795541393, -18636.87436585299, -19608.52200900274, -17830.19176277594, -19372.54496704758, -17436.67818158104, -18763.889222562048, -17972.515047730158]
final speed list:[14.437917980568516, 14.017458994774065, 15.657381482750491, 15.180946944438496, 8.102099300984317, 11.423329721977524, 12.944757008657323, 12.30587507359319, 13.562529033273174, 14.912054153490814, 15.893711174397644, 15.717966693444438, 15.851662387042232, 14.867601279742486, 12.778672825905375, 13.845195654040186, 14.95159246499855, 14.239998186803918, 14.789168224536889, 15.21861540497576, 14.386384517186524, 12.322611254740098, 12.454182155879336, 14.890879555409558, 15.041284345653342, 14.873055776836338, 15.309064826081448, 14.769745363795847, 15.045110668127874, 15.61979389911078, 15.52814637341987, 15.078503680027096, 15.333563825326458, 15.482024060846674, 15.278863074491897, 11.687984381926208, 12.207365937640802, 15.49164229607755, 15.336713991679396, 15.406107274353852, 15.391152301207203, 15.249857451243868, 15.071848562043554, 15.407526118375081, 14.8562096619742, 15.778268607472347, 14.94747169709471, 15.023419052721497, 13.746779582038059, 12.562632585497031, 13.74904884223646, 14.867859360123008, 15.510522171187263, 15.352003449861355, 15.121512700638183, 15.156398220260732, 15.115838775692708, 15.42199315484708, 15.37223528779125, 15.613709940888405, 14.946183096896483, 15.328006995083998, 15.541080749578605, 15.31028321481367, 15.69914085898954, 15.824610965964032, 15.931744306107815, 15.862755657403966, 15.656699433383176, 15.57297384834788, 15.989425489782334, 14.811666981037039, 15.701786703790916, 15.363475510151764, 15.392566960860673, 15.624560348375882, 15.20644521032255, 15.252518583245854, 15.050309091715617, 15.275276483855187, 15.478647470493318, 15.23990958657028, 15.455621131102873, 15.237387958135342, 15.654987603063335, 15.91060005175224, 14.972942535161883, 15.357381760472771, 15.033697907374224, 15.335233677686599, 14.946727842249278, 15.069682714290032, 14.95793371947019, 15.59035194078605, 14.826615269771816, 15.324238208262802, 15.19936679356239, 15.349593539540598, 15.937361196089075, 15.928351264259112]
final elec cons list:[1.762902998089894, 1.8991220424325361, 2.0399346364241637, 2.517761405001358, 0.5217655123592462, 0.7360713176591804, 1.0286751118806836, 0.6955311760569449, 1.2931191731694072, 2.114013016123744, 2.17803456023245, 2.2319286201079827, 2.0973820878070537, 2.196041926797685, 1.067705808186107, 1.693984299910782, 1.9347542698949307, 2.298583782240694, 1.8713665553464265, 2.158440137037148, 1.8582511933392882, 0.9995225673024706, 0.9656427779526541, 1.7796046876004097, 1.9639375211545902, 2.2416949166818565, 2.1922224355731403, 2.6204550337852135, 2.4623910160819356, 2.3468039166889607, 2.444544792231109, 2.451096981798314, 2.3101217962276515, 2.282306476688008, 2.4407169232197505, 1.3485543562041025, 1.7482370389366872, 2.4124997460013917, 2.2304766777729292, 2.304053678502977, 2.394358691439591, 2.4335083603571834, 2.598152526767714, 2.4622728857962985, 2.5077250089255836, 2.20412720691149, 2.387836555114728, 2.3712746278970025, 1.4056006930624803, 1.3360175469809124, 1.599827325464907, 2.217557676459229, 2.2011524056203395, 2.243334929514581, 2.585833937045961, 2.2939481891505435, 2.655524106114539, 2.587006596491978, 2.4174883746998015, 2.1865333570822636, 2.5542035657740283, 2.229128443426948, 2.174385665318826, 2.469107648953244, 2.373110413869763, 2.1121920694355305, 2.120223191417884, 2.2161577387076337, 2.0917299551658433, 2.1324036720612023, 2.1757135267297363, 2.41817199329427, 1.9940472138423477, 2.2567517490791813, 2.078457010568047, 2.715661280241203, 2.5294070494111254, 2.646144264692149, 2.5060985967987497, 2.40252912642954, 2.446749197805062, 2.637946803454545, 2.2645593457497535, 2.541460605130836, 2.164692025809771, 2.0610082798224925, 2.5921926276276115, 2.1712430550942634, 2.4502325691553004, 2.586398774595382, 2.5328797487177406, 2.4406734214636288, 2.710290542921593, 2.2391119711549385, 2.589948332901625, 2.601233761727289, 2.5713884865615384, 2.6817821042822283, 2.2913309441195686, 2.22833298374496]
final halt list:[0.3433744722312439, 0.4596020761245675, 0.2687152664269369, 0.2661600615621393, 0.6354243542435425, 0.24156646626586506, 0.11948467497473897, 0.18636921189819075, 0.10120599739243807, 0.12663254500529475, 0.24031719532554258, 0.2412840869865378, 0.21844353052831383, 0.20982920878354827, 0.1792799412196914, 0.050075728890571755, 0.1686652763295099, 0.17696515397082657, 0.12116564417177914, 0.10949711179068977, 0.09799618320610687, 0.13860057265569076, 0.1373005319148936, 0.08108108108108109, 0.1860366474380726, 0.2166988416988417, 0.23463294696171408, 0.31401811445039113, 0.3175594039468385, 0.25595238095238093, 0.26746806912096166, 0.3076190476190476, 0.24763323983169705, 0.21616871704745166, 0.14549483013293943, 0.09767610748002904, 0.2596882898062342, 0.220139157325087, 0.2848736587054344, 0.26330174927113703, 0.26697080291970804, 0.28978576893649577, 0.2920753236563358, 0.2777985773118682, 0.312646828504307, 0.21429752066115704, 0.20306549885757808, 0.20511049723756905, 0.17726426799007444, 0.27800616649537513, 0.29244031830238726, 0.27331606217616583, 0.24484797297297298, 0.27259089304624073, 0.2724545102593883, 0.28010185522008, 0.31247447937933853, 0.28215561730845573, 0.29817658349328213, 0.24173346693386774, 0.3076923076923077, 0.25827237896203414, 0.25475705062861026, 0.2828054298642534, 0.24554058973425555, 0.24708360337005833, 0.2354111405835544, 0.22909556313993173, 0.24335022165927803, 0.24311406351263773, 0.223202396804261, 0.2877269288956127, 0.20911144578313254, 0.28322111977321046, 0.2818455366098295, 0.25366598778004074, 0.3156839149618933, 0.26768774703557313, 0.31276678308110206, 0.2666487647690655, 0.267037037037037, 0.2920532472771279, 0.26791331702202026, 0.2762789768185452, 0.2597556837461826, 0.2198329207920792, 0.3487936772046589, 0.2840089316386122, 0.3071536714610144, 0.26859827721221613, 0.298352295017654, 0.2937049677664012, 0.3312209547950993, 0.251017984390906, 0.3053691275167785, 0.26907356948228883, 0.30372807017543857, 0.25010016025641024, 0.24533121916842848, 0.22811965811965812]
speed reward list:[-17579.08595965966, -22375.269146240895, -10937.545063919351, -9151.75886355945, -71238.56410410823, -22829.283140250373, -15607.186065179752, -20796.058590720004, -13432.154199879715, -9363.801730159557, -9736.693780149453, -9303.206466399424, -9101.932079119426, -12083.755355009702, -19861.332403770004, -11537.07319003992, -10184.07694438959, -9198.784090839534, -9587.06056452977, -8568.302558519668, -10212.172853399776, -15838.999309579614, -18787.353764239928, -8938.880829629754, -10154.992405139403, -10059.660084959469, -9570.682336299402, -10197.5846505394, -10800.62555635943, -9547.405389749441, -9385.932491149451, -10674.87192453939, -9426.99686987946, -9247.132009749459, -8727.577196809807, -17764.61183339006, -18930.184192200275, -9069.508092169524, -10638.966030569363, -9846.464698259382, -9602.21430587943, -10125.038663199417, -9865.231683699452, -9867.211435019424, -10522.352030719352, -9668.3926355195, -9954.233342599422, -9373.522601479464, -14600.507424979423, -18942.5488005, -18251.763672399982, -11266.894396639405, -9529.807232679388, -10246.924666499419, -9194.622510899459, -10274.759381219412, -10247.739412919358, -9664.59782190945, -10558.596648159446, -9459.15149403942, -10331.214151669348, -9833.79485342935, -9841.230946679356, -9934.465773709413, -9079.909454449451, -9937.309933889395, -9525.249499699446, -9067.734634319479, -9905.245884029331, -9528.331260719398, -9057.514612229455, -9931.114898439395, -9052.241011459346, -10620.217690389398, -11107.020143019321, -8661.3972555695, -10654.170115039438, -8963.562484989452, -10551.60336274944, -9675.296202239362, -9426.063091159447, -9764.164963299505, -9988.061724539413, -9479.466682059467, -10134.896574919412, -9274.330734579333, -11263.898358289433, -10792.246734229377, -10634.88806002939, -9136.247458189486, -10032.245738589396, -10204.765007519392, -10456.843519609352, -9618.720297099424, -10273.425303839394, -9183.755577099408, -10174.172647829473, -8596.887151229506, -9470.548477469461, -9054.736347619462]
accel reward list:[-1600.2862710283248, -1532.9997725629796, -1866.334369622917, -1730.323999220373, -2867.6240797850837, -1611.500942484453, -1599.3757725002931, -1675.8515065298586, -1509.3680230517266, -1595.1847566815652, -1774.681806487169, -1750.2684756615206, -1723.2239005163817, -2282.8196150428444, -1929.5478516285818, -1781.9895063591648, -1418.4081581646903, -1312.751676736401, -1444.2210196473554, -1398.573897127395, -1453.8053771906013, -1781.1234817261707, -2123.4322289758766, -1421.9324685266547, -1474.6990665106962, -1301.2699799045392, -1578.2473730128008, -1796.0850041866586, -1911.4588771272906, -1690.3995357743247, -1744.7296110661412, -1786.5172478415755, -1675.3560760674766, -1685.4135388306465, -1834.3645954722167, -3229.6674936164545, -2871.9202812331814, -1849.7052247221654, -1789.8498945738102, -1822.27160831846, -1734.2079738998812, -1812.5421151848047, -1731.0844532025928, -1748.3940241670741, -1790.3108531939426, -1913.8292742274102, -1908.7422419835063, -1793.3463756430974, -2969.716033642126, -2843.250814505738, -2332.9218060881362, -2011.342155981115, -1749.3939988749441, -1813.3289606065566, -1689.8953042441535, -1813.93018872519, -1774.8958081148971, -1756.244669367841, -1820.4570236565658, -1742.7470506108325, -1774.2732242137915, -1797.5389325846459, -1770.8979456497882, -1750.2778205703119, -1745.6887813306926, -1755.8025630042937, -1782.9179309235512, -1767.067818996278, -1741.81965016657, -1719.9358437965386, -1733.3387931363427, -1794.6950958855764, -1735.1878809891423, -1826.0291762997601, -1890.0291361585396, -1687.432041955369, -1811.2063685067228, -1668.9342658819114, -1760.3234910621338, -1713.1639703665637, -1687.6242985369945, -1744.9720135183577, -1776.5205358271035, -1789.9567961192522, -1794.0922283010132, -1705.5553596066545, -1863.3808940375036, -1827.3898382596724, -1780.8364409025087, -1708.9142373313089, -1772.8707389315912, -1773.217959258632, -1783.9602759322067, -1724.854068753767, -1767.9967051633926, -1691.3361856768768, -1747.9723192182776, -1714.7910303517394, -1765.6407450928898, -1734.6787001109867]
tls reward list:[-10216.49999999845, -12179.39999999801, -8260.199999998986, -7298.999999999235, -27090.30000001281, -8189.499999997875, -3609.500000000723, -4774.699999999404, -2168.000000000439, -3243.2000000003577, -7483.599999999264, -7096.799999999361, -7430.599999999371, -7281.399999998648, -4625.999999999268, -2524.1000000004274, -3013.100000000476, -3057.500000000469, -2961.7000000005337, -2200.400000000425, -2782.3000000005, -2871.4000000004335, -2817.9000000007354, -2378.4000000003557, -3910.1000000004697, -3827.300000000481, -5033.6000000000695, -7682.299999999245, -8121.999999999106, -7271.099999999175, -7628.699999999239, -7593.599999999156, -6303.999999999356, -4295.900000000282, -3618.900000000442, -4805.000000000522, -8597.299999998473, -7172.59999999936, -7929.199999999151, -7609.0999999991445, -7190.099999999252, -7826.799999999041, -7270.2999999992735, -7439.199999999067, -7631.099999999124, -6698.199999999068, -4587.300000000185, -5419.299999999955, -7185.799999999406, -10713.699999997934, -8730.599999998149, -7854.799999999161, -7505.299999999206, -7532.999999999103, -6812.899999999267, -7507.099999999149, -7543.699999999128, -7635.899999999177, -8110.499999999096, -7401.999999999272, -7577.599999999153, -7868.5999999990945, -7320.699999999186, -7434.399999999194, -7161.999999999247, -7645.49999999928, -7425.999999999327, -7218.199999999299, -7504.099999999116, -7053.899999999276, -7319.399999999187, -7656.699999999235, -7295.999999999324, -7786.699999999122, -8033.799999999076, -7093.699999999262, -7923.099999999004, -6359.099999999541, -7835.999999999031, -7173.399999999208, -6992.899999999305, -7711.299999999233, -7495.999999999163, -7498.799999999309, -7785.499999999143, -7364.499999999229, -8368.699999999037, -7670.999999999027, -7738.899999999157, -7046.499999999311, -7624.199999999208, -7449.699999999231, -7578.49999999908, -7293.299999999263, -7567.099999999218, -6955.0999999992055, -7450.399999999239, -7124.999999999467, -7527.699999999212, -7183.099999999319]
extra reward list:[0.0, 0.0, 0.0, 0.0, 0.0, 0.0, 0.0, 0.0, 0.0, 0.0, 0.0, 0.0, 0.0, 0.0, 0.0, 0.0, 0.0, 0.0, 0.0, 0.0, 0.0, 0.0, 0.0, 0.0, 0.0, 0.0, 0.0, 0.0, 0.0, 0.0, 0.0, 0.0, 0.0, 0.0, 0.0, 0.0, 0.0, 0.0, 0.0, 0.0, 0.0, 0.0, 0.0, 0.0, 0.0, 0.0, 0.0, 0.0, 0.0, 0.0, 0.0, 0.0, 0.0, 0.0, 0.0, 0.0, 0.0, 0.0, 0.0, 0.0, 0.0, 0.0, 0.0, 0.0, 0.0, 0.0, 0.0, 0.0, 0.0, 0.0, 0.0, 0.0, 0.0, 0.0, 0.0, 0.0, 0.0, 0.0, 0.0, 0.0, 0.0, 0.0, 0.0, 0.0, 0.0, 0.0, 0.0, 0.0, 0.0, 0.0, 0.0, 0.0, 0.0, 0.0, 0.0, 0.0, 0.0, 0.0, 0.0, 0.0]
