nohup: 忽略输入
Env:sumo, Algorithm:TD3, Device:cuda
-----------------------------------------
models/reward_s5e-2(-5, 1)_a30e-2_t(-2_0.1)_safe(3, -0.7)_2033.pth
-----------------------------------------
 Retrying in 1 seconds
Warning: Unused states in tlLogic 'J10', program '0' in phase 0 after tl-index 10
Simulation......
总奖励:-57052.25726707175, 速度奖励:-10585.300000000112, 加速度奖励:-3413.357267067406, 交通灯奖励:-36786.500000017215, 与前车进行交互的惩罚:-6267.099999998998
Episode:1/100, Reward:-57052.25726707175
Episode:1/100, avg speed:10.06294466437934
Episode:1/100, avg halt num:1.0890945243193637
Episode:1/100, avg elec cons:0.513552889594596
 Retrying in 1 seconds
Warning: Unused states in tlLogic 'J10', program '0' in phase 0 after tl-index 10
Simulation......
总奖励:-69199.88542473923, 速度奖励:-13275.750000000155, 加速度奖励:-3509.035424739819, 交通灯奖励:-45296.100000025945, 与前车进行交互的惩罚:-7118.999999998777
Episode:2/100, Reward:-69199.88542473923
Episode:2/100, avg speed:9.379069696992445
Episode:2/100, avg halt num:1.3754074315514992
Episode:2/100, avg elec cons:0.5793193810345086
 Retrying in 1 seconds
Warning: Unused states in tlLogic 'J10', program '0' in phase 0 after tl-index 10
Simulation......
总奖励:-42979.22992700066, 速度奖励:-5647.499999999929, 加速度奖励:-14778.12992699977, 交通灯奖励:-18474.000000000044, 与前车进行交互的惩罚:-4079.599999999566
Episode:3/100, Reward:-42979.22992700066
Episode:3/100, avg speed:11.209278724071533
Episode:3/100, avg halt num:0.3097063621533442
Episode:3/100, avg elec cons:1.3705361577387676
 Retrying in 1 seconds
Warning: Unused states in tlLogic 'J10', program '0' in phase 0 after tl-index 10
Simulation......
总奖励:-11495.14364150448, 速度奖励:-2816.29999999997, 加速度奖励:-3437.1436415047638, 交通灯奖励:-4668.399999999889, 与前车进行交互的惩罚:-573.2999999999981
Episode:4/100, Reward:-11495.14364150448
Episode:4/100, avg speed:12.755237253164992
Episode:4/100, avg halt num:0.11770280515542077
Episode:4/100, avg elec cons:1.9960457764786894
 Retrying in 1 seconds
Warning: Unused states in tlLogic 'J10', program '0' in phase 0 after tl-index 10
Simulation......
总奖励:-8415.265702212926, 速度奖励:-2515.9999999999836, 加速度奖励:-3370.2657022130757, 交通灯奖励:-1696.0000000003722, 与前车进行交互的惩罚:-833.000000000015
Episode:5/100, Reward:-8415.265702212926
Episode:5/100, avg speed:13.94795117599886
Episode:5/100, avg halt num:0.07789347216659992
Episode:5/100, avg elec cons:2.5416838929845653
 Retrying in 1 seconds
Warning: Unused states in tlLogic 'J10', program '0' in phase 0 after tl-index 10
Simulation......
总奖励:-8345.688219792102, 速度奖励:-2711.149999999976, 加速度奖励:-3176.4382197922664, 交通灯奖励:-1829.500000000273, 与前车进行交互的惩罚:-628.6000000000017
Episode:6/100, Reward:-8345.688219792102
Episode:6/100, avg speed:13.573973286981
Episode:6/100, avg halt num:0.07507082152974505
Episode:6/100, avg elec cons:2.1670871800890095
 Retrying in 1 seconds
Warning: Unused states in tlLogic 'J10', program '0' in phase 0 after tl-index 10
Simulation......
总奖励:-7044.026829335073, 速度奖励:-2584.299999999969, 加速度奖励:-2785.926829335133, 交通灯奖励:-1057.0999999999167, 与前车进行交互的惩罚:-616.700000000001
Episode:7/100, Reward:-7044.026829335073
Episode:7/100, avg speed:13.905077356118117
Episode:7/100, avg halt num:0.028165418652144315
Episode:7/100, avg elec cons:1.885879316101891
 Retrying in 1 seconds
Warning: Unused states in tlLogic 'J10', program '0' in phase 0 after tl-index 10
Simulation......
总奖励:-7617.682336730869, 速度奖励:-2738.4499999999853, 加速度奖励:-3355.232336730952, 交通灯奖励:-882.0999999997962, 与前车进行交互的惩罚:-641.9000000000026
Episode:8/100, Reward:-7617.682336730869
Episode:8/100, avg speed:13.639284767990219
Episode:8/100, avg halt num:0.010436137071651091
Episode:8/100, avg elec cons:1.6838606016455577
 Retrying in 1 seconds
Warning: Unused states in tlLogic 'J10', program '0' in phase 0 after tl-index 10
Simulation......
总奖励:-6445.91632259211, 速度奖励:-2797.4999999999636, 加速度奖励:-2437.2163225921217, 交通灯奖励:-815.6999999998776, 与前车进行交互的惩罚:-395.499999999996
Episode:9/100, Reward:-6445.91632259211
Episode:9/100, avg speed:13.330542174900712
Episode:9/100, avg halt num:0.003968253968253968
Episode:9/100, avg elec cons:1.2790878569225528
 Retrying in 1 seconds
Warning: Unused states in tlLogic 'J10', program '0' in phase 0 after tl-index 10
Simulation......
总奖励:-6298.703160269075, 速度奖励:-2759.599999999983, 加速度奖励:-2318.2031602691372, 交通灯奖励:-915.6999999997897, 与前车进行交互的惩罚:-305.1999999999975
Episode:10/100, Reward:-6298.703160269075
Episode:10/100, avg speed:13.198881686432106
Episode:10/100, avg halt num:0.028267634854771784
Episode:10/100, avg elec cons:1.3602534196411313
 Retrying in 1 seconds
Warning: Unused states in tlLogic 'J10', program '0' in phase 0 after tl-index 10
Simulation......
总奖励:-7882.342110787839, 速度奖励:-3491.7999999999583, 加速度奖励:-2378.042110787951, 交通灯奖励:-1423.1000000005456, 与前车进行交互的惩罚:-589.3999999999992
Episode:11/100, Reward:-7882.342110787839
Episode:11/100, avg speed:13.09631051844535
Episode:11/100, avg halt num:0.046293324775353015
Episode:11/100, avg elec cons:0.9170283345936174
 Retrying in 1 seconds
Warning: Unused states in tlLogic 'J10', program '0' in phase 0 after tl-index 10
Simulation......
总奖励:-22567.815344462302, 速度奖励:-6484.599999999933, 加速度奖励:-4667.01534446157, 交通灯奖励:-9090.79999999623, 与前车进行交互的惩罚:-2325.400000000022
Episode:12/100, Reward:-22567.815344462302
Episode:12/100, avg speed:10.373641389125618
Episode:12/100, avg halt num:0.45655848546315075
Episode:12/100, avg elec cons:0.450439294593339
 Retrying in 1 seconds
Warning: Unused states in tlLogic 'J10', program '0' in phase 0 after tl-index 10
Simulation......
总奖励:-7425.176374764294, 速度奖励:-3330.149999999986, 加速度奖励:-2632.726374764362, 交通灯奖励:-976.4999999997672, 与前车进行交互的惩罚:-485.79999999999455
Episode:13/100, Reward:-7425.176374764294
Episode:13/100, avg speed:12.61684163916231
Episode:13/100, avg halt num:0.011650341347580884
Episode:13/100, avg elec cons:0.7004615241797709
 Retrying in 1 seconds
Warning: Unused states in tlLogic 'J10', program '0' in phase 0 after tl-index 10
Simulation......
总奖励:-15813.887565270497, 速度奖励:-5562.149999999932, 加速度奖励:-4240.737565271425, 交通灯奖励:-3991.5000000013974, 与前车进行交互的惩罚:-2019.500000000092
Episode:14/100, Reward:-15813.887565270497
Episode:14/100, avg speed:9.87372270620807
Episode:14/100, avg halt num:0.3317399617590822
Episode:14/100, avg elec cons:0.35892796908532737
 Retrying in 1 seconds
Warning: Unused states in tlLogic 'J10', program '0' in phase 0 after tl-index 10
Simulation......
总奖励:-22496.583728067995, 速度奖励:-7168.649999999963, 加速度奖励:-4348.333728066477, 交通灯奖励:-8493.899999996509, 与前车进行交互的惩罚:-2485.6999999999803
Episode:15/100, Reward:-22496.583728067995
Episode:15/100, avg speed:8.884886510505083
Episode:15/100, avg halt num:0.5144754768392371
Episode:15/100, avg elec cons:0.3103278035939756
 Retrying in 1 seconds
Warning: Unused states in tlLogic 'J10', program '0' in phase 0 after tl-index 10
Simulation......
总奖励:-25113.876723031222, 速度奖励:-7483.249999999955, 加速度奖励:-5230.126723029144, 交通灯奖励:-9942.09999999503, 与前车进行交互的惩罚:-2458.3999999999874
Episode:16/100, Reward:-25113.876723031222
Episode:16/100, avg speed:7.9618832364444145
Episode:16/100, avg halt num:0.6165373765867419
Episode:16/100, avg elec cons:0.3062573019215477
 Retrying in 1 seconds
Warning: Unused states in tlLogic 'J10', program '0' in phase 0 after tl-index 10
Simulation......
总奖励:-20384.59196684846, 速度奖励:-6580.299999999948, 加速度奖励:-4792.19196684773, 交通灯奖励:-6902.299999996261, 与前车进行交互的惩罚:-2109.800000000078
Episode:17/100, Reward:-20384.59196684846
Episode:17/100, avg speed:9.65821720120591
Episode:17/100, avg halt num:0.4187362464633763
Episode:17/100, avg elec cons:0.26893865490719565
 Retrying in 1 seconds
Warning: Unused states in tlLogic 'J10', program '0' in phase 0 after tl-index 10
Simulation......
总奖励:-17195.95496084036, 速度奖励:-5753.949999999939, 加速度奖励:-3962.504960840967, 交通灯奖励:-5858.299999997369, 与前车进行交互的惩罚:-1621.2000000000662
Episode:18/100, Reward:-17195.95496084036
Episode:18/100, avg speed:9.04685256988204
Episode:18/100, avg halt num:0.381758070789576
Episode:18/100, avg elec cons:0.4028371889128974
 Retrying in 1 seconds
Warning: Unused states in tlLogic 'J10', program '0' in phase 0 after tl-index 10
Simulation......
总奖励:-21100.599248050934, 速度奖励:-6309.499999999939, 加速度奖励:-4140.499248050189, 交通灯奖励:-8238.399999996585, 与前车进行交互的惩罚:-2412.1999999999994
Episode:19/100, Reward:-21100.599248050934
Episode:19/100, avg speed:9.762754545926608
Episode:19/100, avg halt num:0.4314203971726691
Episode:19/100, avg elec cons:0.39171128647402936
 Retrying in 1 seconds
Warning: Unused states in tlLogic 'J10', program '0' in phase 0 after tl-index 10
Simulation......
总奖励:-12999.960567893146, 速度奖励:-5083.199999999943, 加速度奖励:-2819.7605678937343, 交通灯奖励:-3595.5000000010855, 与前车进行交互的惩罚:-1501.5000000000584
Episode:20/100, Reward:-12999.960567893146
Episode:20/100, avg speed:10.997232927097967
Episode:20/100, avg halt num:0.27020525978191146
Episode:20/100, avg elec cons:0.3602781134610489
 Retrying in 1 seconds
Warning: Unused states in tlLogic 'J10', program '0' in phase 0 after tl-index 10
Simulation......
总奖励:-15955.45145875872, 速度奖励:-5675.299999999942, 加速度奖励:-3231.6514587594165, 交通灯奖励:-5478.399999997848, 与前车进行交互的惩罚:-1570.100000000063
Episode:21/100, Reward:-15955.45145875872
Episode:21/100, avg speed:9.851385138093756
Episode:21/100, avg halt num:0.40589675960813865
Episode:21/100, avg elec cons:0.4042392564091303
 Retrying in 1 seconds
Warning: Unused states in tlLogic 'J10', program '0' in phase 0 after tl-index 10
Simulation......
总奖励:-15217.245371889549, 速度奖励:-5545.199999999947, 加速度奖励:-3227.445371890139, 交通灯奖励:-5056.499999998639, 与前车进行交互的惩罚:-1388.100000000051
Episode:22/100, Reward:-15217.245371889549
Episode:22/100, avg speed:9.86656630203468
Episode:22/100, avg halt num:0.3528311965811966
Episode:22/100, avg elec cons:0.37477144741850066
 Retrying in 1 seconds
Warning: Unused states in tlLogic 'J10', program '0' in phase 0 after tl-index 10
Simulation......
总奖励:-8994.750954700772, 速度奖励:-4416.2999999999565, 加速度奖励:-2134.550954701007, 交通灯奖励:-1685.1000000006138, 与前车进行交互的惩罚:-758.8000000000102
Episode:23/100, Reward:-8994.750954700772
Episode:23/100, avg speed:11.289743360157443
Episode:23/100, avg halt num:0.14108589951377634
Episode:23/100, avg elec cons:0.40125785576415335
 Retrying in 1 seconds
Warning: Unused states in tlLogic 'J10', program '0' in phase 0 after tl-index 10
Simulation......
总奖励:-7103.4693936648155, 速度奖励:-3576.0999999999312, 加速度奖励:-1996.1693936648364, 交通灯奖励:-1137.7999999999874, 与前车进行交互的惩罚:-393.39999999999606
Episode:24/100, Reward:-7103.4693936648155
Episode:24/100, avg speed:12.290235813660635
Episode:24/100, avg halt num:0.03920454545454546
Episode:24/100, avg elec cons:0.6582454387415019
 Retrying in 1 seconds
Warning: Unused states in tlLogic 'J10', program '0' in phase 0 after tl-index 10
Simulation......
总奖励:-8840.483171911854, 速度奖励:-4056.8499999999485, 加速度奖励:-2162.4331719119823, 交通灯奖励:-2237.600000000823, 与前车进行交互的惩罚:-383.5999999999962
Episode:25/100, Reward:-8840.483171911854
Episode:25/100, avg speed:11.845867244911854
Episode:25/100, avg halt num:0.07238110539845759
Episode:25/100, avg elec cons:0.5582939973630325
 Retrying in 1 seconds
Warning: Unused states in tlLogic 'J10', program '0' in phase 0 after tl-index 10
Simulation......
总奖励:-16084.446852546855, 速度奖励:-5944.599999999969, 加速度奖励:-3517.646852547699, 交通灯奖励:-5567.299999998603, 与前车进行交互的惩罚:-1054.9000000000294
Episode:26/100, Reward:-16084.446852546855
Episode:26/100, avg speed:9.147344106084454
Episode:26/100, avg halt num:0.343450184501845
Episode:26/100, avg elec cons:0.3436558921198065
 Retrying in 1 seconds
Warning: Unused states in tlLogic 'J10', program '0' in phase 0 after tl-index 10
Simulation......
总奖励:-16950.95656169775, 速度奖励:-5632.749999999955, 加速度奖励:-4058.1065616982883, 交通灯奖励:-6273.799999997333, 与前车进行交互的惩罚:-986.300000000025
Episode:27/100, Reward:-16950.95656169775
Episode:27/100, avg speed:9.541173087504179
Episode:27/100, avg halt num:0.28015116661189615
Episode:27/100, avg elec cons:0.3510114586922358
 Retrying in 1 seconds
Warning: Unused states in tlLogic 'J10', program '0' in phase 0 after tl-index 10
Simulation......
总奖励:-24941.352452250252, 速度奖励:-6828.149999999974, 加速度奖励:-5356.70245224895, 交通灯奖励:-10940.699999995462, 与前车进行交互的惩罚:-1815.8000000000789
Episode:28/100, Reward:-24941.352452250252
Episode:28/100, avg speed:8.001484115138686
Episode:28/100, avg halt num:0.45217474980754424
Episode:28/100, avg elec cons:0.35470168883563546
 Retrying in 1 seconds
Warning: Unused states in tlLogic 'J10', program '0' in phase 0 after tl-index 10
Simulation......
总奖励:-21562.865931480417, 速度奖励:-6475.149999999963, 加速度奖励:-5008.515931479721, 交通灯奖励:-8362.09999999608, 与前车进行交互的惩罚:-1717.1000000000724
Episode:29/100, Reward:-21562.865931480417
Episode:29/100, avg speed:8.765797056293234
Episode:29/100, avg halt num:0.4660789574549636
Episode:29/100, avg elec cons:0.3669651512406758
 Retrying in 1 seconds
Warning: Unused states in tlLogic 'J10', program '0' in phase 0 after tl-index 10
Simulation......
总奖励:-17257.057726346437, 速度奖励:-5675.049999999949, 加速度奖励:-3521.5077263469793, 交通灯奖励:-6622.699999997185, 与前车进行交互的惩罚:-1437.8000000000543
Episode:30/100, Reward:-17257.057726346437
Episode:30/100, avg speed:10.298294521140114
Episode:30/100, avg halt num:0.29665879176510296
Episode:30/100, avg elec cons:0.4756605539618641
 Retrying in 1 seconds
Warning: Unused states in tlLogic 'J10', program '0' in phase 0 after tl-index 10
Simulation......
总奖励:-12423.501503594896, 速度奖励:-4941.549999999959, 加速度奖励:-2821.0515035953313, 交通灯奖励:-3943.400000000901, 与前车进行交互的惩罚:-717.5000000000075
Episode:31/100, Reward:-12423.501503594896
Episode:31/100, avg speed:10.631687401752275
Episode:31/100, avg halt num:0.19229390681003583
Episode:31/100, avg elec cons:0.46718498187256463
 Retrying in 1 seconds
Warning: Unused states in tlLogic 'J10', program '0' in phase 0 after tl-index 10
Simulation......
总奖励:-9814.948298266414, 速度奖励:-4206.64999999996, 加速度奖励:-2795.7982982666827, 交通灯奖励:-2284.0000000007003, 与前车进行交互的惩罚:-528.4999999999952
Episode:32/100, Reward:-9814.948298266414
Episode:32/100, avg speed:11.011189191367565
Episode:32/100, avg halt num:0.10440751445086706
Episode:32/100, avg elec cons:0.8658827819532675
 Retrying in 1 seconds
Warning: Unused states in tlLogic 'J10', program '0' in phase 0 after tl-index 10
Simulation......
总奖励:-14141.644300874612, 速度奖励:-5163.6499999999505, 加速度奖励:-3650.2943008750867, 交通灯奖励:-4475.799999999722, 与前车进行交互的惩罚:-851.9000000000162
Episode:33/100, Reward:-14141.644300874612
Episode:33/100, avg speed:10.208767334007863
Episode:33/100, avg halt num:0.21269867012650015
Episode:33/100, avg elec cons:0.49295610919065397
 Retrying in 1 seconds
Warning: Unused states in tlLogic 'J10', program '0' in phase 0 after tl-index 10
Simulation......
总奖励:-15004.644070261244, 速度奖励:-5857.0499999999665, 加速度奖励:-3366.2940702622286, 交通灯奖励:-4483.5000000005075, 与前车进行交互的惩罚:-1297.8000000000452
Episode:34/100, Reward:-15004.644070261244
Episode:34/100, avg speed:9.71746099062902
Episode:34/100, avg halt num:0.3495967741935484
Episode:34/100, avg elec cons:0.29339136825837714
 Retrying in 1 seconds
Warning: Unused states in tlLogic 'J10', program '0' in phase 0 after tl-index 10
Simulation......
总奖励:-23254.883979867573, 速度奖励:-7000.799999999963, 加速度奖励:-5055.083979866301, 交通灯奖励:-9369.899999995365, 与前车进行交互的惩罚:-1829.1000000000797
Episode:35/100, Reward:-23254.883979867573
Episode:35/100, avg speed:8.817012685149553
Episode:35/100, avg halt num:0.5248441828254847
Episode:35/100, avg elec cons:0.2851359085829731
 Retrying in 1 seconds
Warning: Unused states in tlLogic 'J10', program '0' in phase 0 after tl-index 10
Simulation......
总奖励:-41613.4732984962, 速度奖励:-10601.700000000059, 加速度奖励:-4985.173298491595, 交通灯奖励:-22621.800000012478, 与前车进行交互的惩罚:-3404.7999999997414
Episode:36/100, Reward:-41613.4732984962
Episode:36/100, avg speed:7.768985958482514
Episode:36/100, avg halt num:1.0259103641456582
Episode:36/100, avg elec cons:0.31272900806737514
 Retrying in 1 seconds
Warning: Unused states in tlLogic 'J10', program '0' in phase 0 after tl-index 10
Simulation......
总奖励:-17454.92326543341, 速度奖励:-5445.799999999966, 加速度奖励:-4179.023265433735, 交通灯奖励:-6444.09999999675, 与前车进行交互的惩罚:-1386.000000000051
Episode:37/100, Reward:-17454.92326543341
Episode:37/100, avg speed:9.037022708463864
Episode:37/100, avg halt num:0.21534267912772587
Episode:37/100, avg elec cons:0.4505834634664775
 Retrying in 1 seconds
Warning: Unused states in tlLogic 'J10', program '0' in phase 0 after tl-index 10
Simulation......
总奖励:-21941.135321017115, 速度奖励:-6917.749999999966, 加速度奖励:-4677.685321016173, 交通灯奖励:-8293.299999995996, 与前车进行交互的惩罚:-2052.400000000093
Episode:38/100, Reward:-21941.135321017115
Episode:38/100, avg speed:8.537142136145272
Episode:38/100, avg halt num:0.5191829484902309
Episode:38/100, avg elec cons:0.29276462143250054
 Retrying in 1 seconds
Warning: Unused states in tlLogic 'J10', program '0' in phase 0 after tl-index 10
Simulation......
总奖励:-17791.975750436955, 速度奖励:-6524.299999999962, 加速度奖励:-3573.3757504371833, 交通灯奖励:-6040.899999997095, 与前车进行交互的惩罚:-1653.4000000000683
Episode:39/100, Reward:-17791.975750436955
Episode:39/100, avg speed:8.443920029060656
Episode:39/100, avg halt num:0.37395868043985336
Episode:39/100, avg elec cons:0.266007578785293
 Retrying in 1 seconds
Warning: Unused states in tlLogic 'J10', program '0' in phase 0 after tl-index 10
Simulation......
总奖励:-11838.739619703709, 速度奖励:-5249.449999999944, 加速度奖励:-2382.8896197040026, 交通灯奖励:-3437.8000000011816, 与前车进行交互的惩罚:-768.6000000000108
Episode:40/100, Reward:-11838.739619703709
Episode:40/100, avg speed:9.732723328981825
Episode:40/100, avg halt num:0.18244158482898748
Episode:40/100, avg elec cons:0.2952341426783626
 Retrying in 1 seconds
Warning: Unused states in tlLogic 'J10', program '0' in phase 0 after tl-index 10
Simulation......
总奖励:-17924.987136232456, 速度奖励:-6255.14999999996, 加速度奖励:-4459.93713623253, 交通灯奖励:-5710.499999998331, 与前车进行交互的惩罚:-1499.4000000000583
Episode:41/100, Reward:-17924.987136232456
Episode:41/100, avg speed:8.855114026405865
Episode:41/100, avg halt num:0.41268382352941174
Episode:41/100, avg elec cons:0.2823566321957819
 Retrying in 1 seconds
Warning: Unused states in tlLogic 'J10', program '0' in phase 0 after tl-index 10
Simulation......
总奖励:-10770.874140819293, 速度奖励:-4968.4999999999645, 加速度奖励:-2307.174140819524, 交通灯奖励:-2910.700000001243, 与前车进行交互的惩罚:-584.4999999999989
Episode:42/100, Reward:-10770.874140819293
Episode:42/100, avg speed:10.082196319622874
Episode:42/100, avg halt num:0.12570921985815603
Episode:42/100, avg elec cons:0.3402520428574435
 Retrying in 1 seconds
Warning: Unused states in tlLogic 'J10', program '0' in phase 0 after tl-index 10
Simulation......
总奖励:-25107.030078791417, 速度奖励:-7137.849999999974, 加速度奖励:-5604.880078789428, 交通灯奖励:-10367.89999999623, 与前车进行交互的惩罚:-1996.4000000000906
Episode:43/100, Reward:-25107.030078791417
Episode:43/100, avg speed:7.647877657792368
Episode:43/100, avg halt num:0.6002777777777778
Episode:43/100, avg elec cons:0.3602768991967403
 Retrying in 1 seconds
Warning: Unused states in tlLogic 'J10', program '0' in phase 0 after tl-index 10
Simulation......
总奖励:-24540.846250595314, 速度奖励:-8058.599999999971, 加速度奖励:-4525.446250593665, 交通灯奖励:-10060.499999994918, 与前车进行交互的惩罚:-1896.300000000084
Episode:44/100, Reward:-24540.846250595314
Episode:44/100, avg speed:8.080006017921953
Episode:44/100, avg halt num:0.6070441988950276
Episode:44/100, avg elec cons:0.2526863985850317
 Retrying in 1 seconds
Warning: Unused states in tlLogic 'J10', program '0' in phase 0 after tl-index 10
Simulation......
总奖励:-23371.04667761102, 速度奖励:-7789.899999999988, 加速度奖励:-4820.046677609155, 交通灯奖励:-8968.399999995323, 与前车进行交互的惩罚:-1792.7000000000774
Episode:45/100, Reward:-23371.04667761102
Episode:45/100, avg speed:7.413407029546591
Episode:45/100, avg halt num:0.5550656984785616
Episode:45/100, avg elec cons:0.2195163554022433
 Retrying in 1 seconds
Warning: Unused states in tlLogic 'J10', program '0' in phase 0 after tl-index 10
Simulation......
总奖励:-20223.452078853712, 速度奖励:-6947.699999999963, 加速度奖励:-4243.652078853291, 交通灯奖励:-7746.899999995767, 与前车进行交互的惩罚:-1285.2000000000444
Episode:46/100, Reward:-20223.452078853712
Episode:46/100, avg speed:8.82357877917016
Episode:46/100, avg halt num:0.429375
Episode:46/100, avg elec cons:0.23142483457061908
 Retrying in 1 seconds
Warning: Unused states in tlLogic 'J10', program '0' in phase 0 after tl-index 10
Simulation......
总奖励:-22842.196614952398, 速度奖励:-7520.4999999999745, 加速度奖励:-4110.896614950962, 交通灯奖励:-9487.399999994805, 与前车进行交互的惩罚:-1723.4000000000729
Episode:47/100, Reward:-22842.196614952398
Episode:47/100, avg speed:8.594423236289986
Episode:47/100, avg halt num:0.5648882480173035
Episode:47/100, avg elec cons:0.24705230351733123
 Retrying in 1 seconds
Warning: Unused states in tlLogic 'J10', program '0' in phase 0 after tl-index 10
Simulation......
总奖励:-18983.04615579546, 速度奖励:-7056.749999999984, 加速度奖励:-3416.896155795416, 交通灯奖励:-7235.399999996696, 与前车进行交互的惩罚:-1274.0000000000437
Episode:48/100, Reward:-18983.04615579546
Episode:48/100, avg speed:8.35275411484618
Episode:48/100, avg halt num:0.5077864293659622
Episode:48/100, avg elec cons:0.25138459779032774
 Retrying in 1 seconds
Warning: Unused states in tlLogic 'J10', program '0' in phase 0 after tl-index 10
Simulation......
总奖励:-19474.507789627944, 速度奖励:-6681.69999999997, 加速度奖励:-4841.7077896279525, 交通灯奖励:-6737.299999995599, 与前车进行交互的惩罚:-1213.8000000000397
Episode:49/100, Reward:-19474.507789627944
Episode:49/100, avg speed:9.05173972753574
Episode:49/100, avg halt num:0.34961458642158316
Episode:49/100, avg elec cons:0.23900716283242912
 Retrying in 1 seconds
Warning: Unused states in tlLogic 'J10', program '0' in phase 0 after tl-index 10
Simulation......
总奖励:-13268.992914433313, 速度奖励:-5300.499999999963, 加速度奖励:-3508.992914433754, 交通灯奖励:-3455.0000000011846, 与前车进行交互的惩罚:-1004.5000000000261
Episode:50/100, Reward:-13268.992914433313
Episode:50/100, avg speed:10.034693961553558
Episode:50/100, avg halt num:0.22877745001638808
Episode:50/100, avg elec cons:0.29490117957984147
 Retrying in 1 seconds
Warning: Unused states in tlLogic 'J10', program '0' in phase 0 after tl-index 10
Simulation......
总奖励:-25525.88001559017, 速度奖励:-6777.049999999977, 加速度奖励:-6474.730015589011, 交通灯奖励:-11120.499999995878, 与前车进行交互的惩罚:-1153.6000000000358
Episode:51/100, Reward:-25525.88001559017
Episode:51/100, avg speed:9.304383495956257
Episode:51/100, avg halt num:0.29339536302623553
Episode:51/100, avg elec cons:0.26425880997723816
 Retrying in 1 seconds
Warning: Unused states in tlLogic 'J10', program '0' in phase 0 after tl-index 10
Simulation......
总奖励:-28627.17353143525, 速度奖励:-6910.899999999983, 加速度奖励:-6700.773531434774, 交通灯奖励:-13684.099999994967, 与前车进行交互的惩罚:-1331.4000000000474
Episode:52/100, Reward:-28627.17353143525
Episode:52/100, avg speed:9.285714111128724
Episode:52/100, avg halt num:0.207715395480226
Episode:52/100, avg elec cons:0.33267089717083415
 Retrying in 1 seconds
Warning: Unused states in tlLogic 'J10', program '0' in phase 0 after tl-index 10
Simulation......
总奖励:-16465.887675783953, 速度奖励:-5483.899999999951, 加速度奖励:-4381.087675784163, 交通灯奖励:-5744.799999997826, 与前车进行交互的惩罚:-856.1000000000165
Episode:53/100, Reward:-16465.887675783953
Episode:53/100, avg speed:10.202930505351283
Episode:53/100, avg halt num:0.17015836357637742
Episode:53/100, avg elec cons:0.34963395904171424
 Retrying in 1 seconds
Warning: Unused states in tlLogic 'J10', program '0' in phase 0 after tl-index 10
Simulation......
总奖励:-16813.10359358623, 速度奖励:-5834.7499999999645, 加速度奖励:-4273.453593586679, 交通灯奖励:-5790.699999998485, 与前车进行交互的惩罚:-914.2000000000203
Episode:54/100, Reward:-16813.10359358623
Episode:54/100, avg speed:9.744355638952916
Episode:54/100, avg halt num:0.2744002628984555
Episode:54/100, avg elec cons:0.30600578010780505
 Retrying in 1 seconds
Warning: Unused states in tlLogic 'J10', program '0' in phase 0 after tl-index 10
Simulation......
总奖励:-13029.68011347223, 速度奖励:-5026.599999999961, 加速度奖励:-2863.3801134724145, 交通灯奖励:-4359.1999999997715, 与前车进行交互的惩罚:-780.5000000000116
Episode:55/100, Reward:-13029.68011347223
Episode:55/100, avg speed:9.51186182163386
Episode:55/100, avg halt num:0.16895707831325302
Episode:55/100, avg elec cons:0.40237982664593364
 Retrying in 1 seconds
Warning: Unused states in tlLogic 'J10', program '0' in phase 0 after tl-index 10
Simulation......
总奖励:-11462.058573499817, 速度奖励:-4628.999999999931, 加速度奖励:-2474.2585735000903, 交通灯奖励:-3501.300000000956, 与前车进行交互的惩罚:-857.5000000000166
Episode:56/100, Reward:-11462.058573499817
Episode:56/100, avg speed:10.735208016898756
Episode:56/100, avg halt num:0.17826321467098166
Episode:56/100, avg elec cons:0.5038524108632518
 Retrying in 1 seconds
Warning: Unused states in tlLogic 'J10', program '0' in phase 0 after tl-index 10
Simulation......
总奖励:-10215.911682565571, 速度奖励:-4230.649999999919, 加速度奖励:-2391.461682565893, 交通灯奖励:-2968.000000000915, 与前车进行交互的惩罚:-625.8000000000015
Episode:57/100, Reward:-10215.911682565571
Episode:57/100, avg speed:10.406558626824152
Episode:57/100, avg halt num:0.17171105730427763
Episode:57/100, avg elec cons:0.725037774474724
 Retrying in 1 seconds
Warning: Unused states in tlLogic 'J10', program '0' in phase 0 after tl-index 10
Simulation......
总奖励:-11174.973633705154, 速度奖励:-4540.349999999937, 加速度奖励:-2800.0236337054816, 交通灯奖励:-3315.900000000998, 与前车进行交互的惩罚:-518.6999999999946
Episode:58/100, Reward:-11174.973633705154
Episode:58/100, avg speed:10.528167104778488
Episode:58/100, avg halt num:0.20108695652173914
Episode:58/100, avg elec cons:0.6054890342043403
 Retrying in 1 seconds
Warning: Unused states in tlLogic 'J10', program '0' in phase 0 after tl-index 10
Simulation......
总奖励:-22525.8381160085, 速度奖励:-6151.299999999973, 加速度奖励:-7191.6381160081355, 交通灯奖励:-8029.9999999972215, 与前车进行交互的惩罚:-1152.9000000000358
Episode:59/100, Reward:-22525.8381160085
Episode:59/100, avg speed:9.584898579776244
Episode:59/100, avg halt num:0.29396301667875274
Episode:59/100, avg elec cons:0.41280387913335714
 Retrying in 1 seconds
Warning: Unused states in tlLogic 'J10', program '0' in phase 0 after tl-index 10
Simulation......
总奖励:-25415.867309584086, 速度奖励:-6875.9499999999625, 加速度奖励:-7373.7173095828, 交通灯奖励:-9397.999999995225, 与前车进行交互的惩罚:-1768.2000000000758
Episode:60/100, Reward:-25415.867309584086
Episode:60/100, avg speed:9.244889134051283
Episode:60/100, avg halt num:0.42824797001873827
Episode:60/100, avg elec cons:0.3174654083047483
 Retrying in 1 seconds
Warning: Unused states in tlLogic 'J10', program '0' in phase 0 after tl-index 10
Simulation......
总奖励:-36546.053004158566, 速度奖励:-8501.69999999998, 加速度奖励:-7212.053004155025, 交通灯奖励:-17823.000000002387, 与前车进行交互的惩罚:-3009.299999999844
Episode:61/100, Reward:-36546.053004158566
Episode:61/100, avg speed:7.541271533688638
Episode:61/100, avg halt num:0.7625093353248693
Episode:61/100, avg elec cons:0.3439663658340503
 Retrying in 1 seconds
Warning: Unused states in tlLogic 'J10', program '0' in phase 0 after tl-index 10
Simulation......
总奖励:-18242.605546399885, 速度奖励:-5732.299999999945, 加速度奖励:-5374.605546400301, 交通灯奖励:-5969.4999999979445, 与前车进行交互的惩罚:-1166.2000000000367
Episode:62/100, Reward:-18242.605546399885
Episode:62/100, avg speed:9.541600852042261
Episode:62/100, avg halt num:0.28788132752262824
Episode:62/100, avg elec cons:0.38005111145402226
 Retrying in 1 seconds
Warning: Unused states in tlLogic 'J10', program '0' in phase 0 after tl-index 10
Simulation......
总奖励:-20496.095748653235, 速度奖励:-6432.199999999959, 加速度奖励:-5032.495748652952, 交通灯奖励:-7833.699999996392, 与前车进行交互的惩罚:-1197.7000000000387
Episode:63/100, Reward:-20496.095748653235
Episode:63/100, avg speed:10.046954457906367
Episode:63/100, avg halt num:0.3709115687462144
Episode:63/100, avg elec cons:0.2518458283758489
 Retrying in 1 seconds
Warning: Unused states in tlLogic 'J10', program '0' in phase 0 after tl-index 10
Simulation......
总奖励:-14060.470577838514, 速度奖励:-5522.349999999953, 加速度奖励:-3163.520577838941, 交通灯奖励:-4531.099999999669, 与前车进行交互的惩罚:-843.5000000000157
Episode:64/100, Reward:-14060.470577838514
Episode:64/100, avg speed:8.964457708937825
Episode:64/100, avg halt num:0.27249288762446655
Episode:64/100, avg elec cons:0.2757044846574973
 Retrying in 1 seconds
Warning: Unused states in tlLogic 'J10', program '0' in phase 0 after tl-index 10
Simulation......
总奖励:-13200.107503734287, 速度奖励:-5134.899999999939, 加速度奖励:-3396.3075037348126, 交通灯奖励:-3727.4000000011356, 与前车进行交互的惩罚:-941.500000000022
Episode:65/100, Reward:-13200.107503734287
Episode:65/100, avg speed:10.227052401529106
Episode:65/100, avg halt num:0.20902633402633403
Episode:65/100, avg elec cons:0.36301716019642366
 Retrying in 1 seconds
Warning: Unused states in tlLogic 'J10', program '0' in phase 0 after tl-index 10
Simulation......
总奖励:-15023.966501862262, 速度奖励:-5832.449999999952, 加速度奖励:-3919.3165018630393, 交通灯奖励:-4211.700000001254, 与前车进行交互的惩罚:-1060.5000000000298
Episode:66/100, Reward:-15023.966501862262
Episode:66/100, avg speed:10.756372388726705
Episode:66/100, avg halt num:0.2821026097271649
Episode:66/100, avg elec cons:0.2361713355841631
 Retrying in 1 seconds
Warning: Unused states in tlLogic 'J10', program '0' in phase 0 after tl-index 10
Simulation......
总奖励:-11669.909566612878, 速度奖励:-5305.149999999948, 加速度奖励:-2548.959566613319, 交通灯奖励:-3159.200000001141, 与前车进行交互的惩罚:-656.6000000000035
Episode:67/100, Reward:-11669.909566612878
Episode:67/100, avg speed:10.721786808204541
Episode:67/100, avg halt num:0.20477895392278955
Episode:67/100, avg elec cons:0.23404342777964965
 Retrying in 1 seconds
Warning: Unused states in tlLogic 'J10', program '0' in phase 0 after tl-index 10
Simulation......
总奖励:-20425.25711460953, 速度奖励:-7380.349999999941, 加速度奖励:-3434.0071146087134, 交通灯奖励:-7785.999999996335, 与前车进行交互的惩罚:-1824.9000000000794
Episode:68/100, Reward:-20425.25711460953
Episode:68/100, avg speed:9.650908448525643
Episode:68/100, avg halt num:0.565640318627451
Episode:68/100, avg elec cons:0.23212376423974063
 Retrying in 1 seconds
Warning: Unused states in tlLogic 'J10', program '0' in phase 0 after tl-index 10
Simulation......
总奖励:-17989.414517596393, 速度奖励:-6089.149999999931, 加速度奖励:-4813.064517596638, 交通灯奖励:-5745.999999998105, 与前车进行交互的惩罚:-1341.200000000048
Episode:69/100, Reward:-17989.414517596393
Episode:69/100, avg speed:9.534250342423906
Episode:69/100, avg halt num:0.34911729503291444
Episode:69/100, avg elec cons:0.2795219644406944
 Retrying in 1 seconds
Warning: Unused states in tlLogic 'J10', program '0' in phase 0 after tl-index 10
Simulation......
总奖励:-22457.874530919406, 速度奖励:-7020.849999999946, 加速度奖励:-4125.224530918513, 交通灯奖励:-9526.099999995256, 与前车进行交互的惩罚:-1785.700000000077
Episode:70/100, Reward:-22457.874530919406
Episode:70/100, avg speed:8.845144666393312
Episode:70/100, avg halt num:0.49448645242596095
Episode:70/100, avg elec cons:0.2618140742848106
 Retrying in 1 seconds
Warning: Unused states in tlLogic 'J10', program '0' in phase 0 after tl-index 10
Simulation......
总奖励:-29507.18273730571, 速度奖励:-8223.199999999946, 加速度奖励:-4819.682737302305, 交通灯奖励:-13653.099999994296, 与前车进行交互的惩罚:-2811.1999999998957
Episode:71/100, Reward:-29507.18273730571
Episode:71/100, avg speed:9.641038042361846
Episode:71/100, avg halt num:0.6647907419150285
Episode:71/100, avg elec cons:0.27405320229557595
 Retrying in 1 seconds
Warning: Unused states in tlLogic 'J10', program '0' in phase 0 after tl-index 10
Simulation......
总奖励:-17397.292451738896, 速度奖励:-6709.599999999943, 加速度奖励:-2963.6924517398224, 交通灯奖励:-6243.499999997543, 与前车进行交互的惩罚:-1480.500000000057
Episode:72/100, Reward:-17397.292451738896
Episode:72/100, avg speed:8.425357794796158
Episode:72/100, avg halt num:0.532856093979442
Episode:72/100, avg elec cons:0.2577040612800164
 Retrying in 1 seconds
Warning: Unused states in tlLogic 'J10', program '0' in phase 0 after tl-index 10
Simulation......
总奖励:-10343.246276660491, 速度奖励:-4803.699999999948, 加速度奖励:-2105.9462766606666, 交通灯奖励:-2879.90000000099, 与前车进行交互的惩罚:-553.6999999999969
Episode:73/100, Reward:-10343.246276660491
Episode:73/100, avg speed:10.792797821238834
Episode:73/100, avg halt num:0.1197406340057637
Episode:73/100, avg elec cons:0.2569466926876736
 Retrying in 1 seconds
Warning: Unused states in tlLogic 'J10', program '0' in phase 0 after tl-index 10
Simulation......
总奖励:-18842.47924105602, 速度奖励:-6467.549999999948, 加速度奖励:-3496.029241056097, 交通灯奖励:-7263.299999995328, 与前车进行交互的惩罚:-1615.6000000000658
Episode:74/100, Reward:-18842.47924105602
Episode:74/100, avg speed:10.364031786019007
Episode:74/100, avg halt num:0.4062913907284768
Episode:74/100, avg elec cons:0.27791511056350804
 Retrying in 1 seconds
Warning: Unused states in tlLogic 'J10', program '0' in phase 0 after tl-index 10
Simulation......
总奖励:-12486.495590788629, 速度奖励:-5411.599999999959, 加速度奖励:-2487.695590789173, 交通灯奖励:-3775.90000000118, 与前车进行交互的惩罚:-811.3000000000136
Episode:75/100, Reward:-12486.495590788629
Episode:75/100, avg speed:10.339407275765046
Episode:75/100, avg halt num:0.2187008493236867
Episode:75/100, avg elec cons:0.2523233399344374
 Retrying in 1 seconds
Warning: Unused states in tlLogic 'J10', program '0' in phase 0 after tl-index 10
Simulation......
总奖励:-16119.55892676398, 速度奖励:-5972.199999999939, 加速度奖励:-3235.558926764824, 交通灯奖励:-5578.999999997863, 与前车进行交互的惩罚:-1332.8000000000475
Episode:76/100, Reward:-16119.55892676398
Episode:76/100, avg speed:9.034193788721307
Episode:76/100, avg halt num:0.4099278663629461
Episode:76/100, avg elec cons:0.3263611123694383
 Retrying in 1 seconds
Warning: Unused states in tlLogic 'J10', program '0' in phase 0 after tl-index 10
Simulation......
总奖励:-11171.246476988083, 速度奖励:-5076.19999999996, 加速度奖励:-2256.846476988466, 交通灯奖励:-3097.600000001096, 与前车进行交互的惩罚:-740.600000000009
Episode:77/100, Reward:-11171.246476988083
Episode:77/100, avg speed:9.940651603647222
Episode:77/100, avg halt num:0.21385991058122206
Episode:77/100, avg elec cons:0.3313464565384006
 Retrying in 1 seconds
Warning: Unused states in tlLogic 'J10', program '0' in phase 0 after tl-index 10
Simulation......
总奖励:-10392.48596826597, 速度奖励:-4794.6499999999505, 加速度奖励:-2095.535968266348, 交通灯奖励:-2905.9000000008746, 与前车进行交互的惩罚:-596.3999999999996
Episode:78/100, Reward:-10392.48596826597
Episode:78/100, avg speed:9.983525222931926
Episode:78/100, avg halt num:0.23680713743356113
Episode:78/100, avg elec cons:0.39711085018315195
 Retrying in 1 seconds
Warning: Unused states in tlLogic 'J10', program '0' in phase 0 after tl-index 10
Simulation......
总奖励:-19391.323392975766, 速度奖励:-6889.249999999954, 加速度奖励:-3482.7733929754545, 交通灯奖励:-7429.599999996726, 与前车进行交互的惩罚:-1589.7000000000642
Episode:79/100, Reward:-19391.323392975766
Episode:79/100, avg speed:8.731364955160725
Episode:79/100, avg halt num:0.5682590634441088
Episode:79/100, avg elec cons:0.29989186584583877
 Retrying in 1 seconds
Warning: Unused states in tlLogic 'J10', program '0' in phase 0 after tl-index 10
Simulation......
总奖励:-15153.48892058931, 速度奖励:-5770.799999999943, 加速度奖励:-2997.2889205899755, 交通灯奖励:-5380.199999997426, 与前车进行交互的惩罚:-1005.2000000000262
Episode:80/100, Reward:-15153.48892058931
Episode:80/100, avg speed:9.798164045173003
Episode:80/100, avg halt num:0.33274051490514905
Episode:80/100, avg elec cons:0.30846195700970414
 Retrying in 1 seconds
Warning: Unused states in tlLogic 'J10', program '0' in phase 0 after tl-index 10
Simulation......
总奖励:-13657.589960749923, 速度奖励:-5579.599999999952, 加速度奖励:-2800.0899607506126, 交通灯奖励:-4533.099999999277, 与前车进行交互的惩罚:-744.8000000000093
Episode:81/100, Reward:-13657.589960749923
Episode:81/100, avg speed:9.524282061017601
Episode:81/100, avg halt num:0.30600071225071224
Episode:81/100, avg elec cons:0.32602983033269944
 Retrying in 1 seconds
Warning: Unused states in tlLogic 'J10', program '0' in phase 0 after tl-index 10
Simulation......
总奖励:-15055.857890122112, 速度奖励:-5778.249999999953, 加速度奖励:-3056.107890122747, 交通灯奖励:-5285.599999998471, 与前车进行交互的惩罚:-935.9000000000217
Episode:82/100, Reward:-15055.857890122112
Episode:82/100, avg speed:9.649053841915586
Episode:82/100, avg halt num:0.3572113540467971
Episode:82/100, avg elec cons:0.3404813316818426
 Retrying in 1 seconds
Warning: Unused states in tlLogic 'J10', program '0' in phase 0 after tl-index 10
Simulation......
总奖励:-11725.790016012204, 速度奖励:-5375.699999999938, 加速度奖励:-2398.590016012972, 交通灯奖励:-3255.000000001216, 与前车进行交互的惩罚:-696.5000000000061
Episode:83/100, Reward:-11725.790016012204
Episode:83/100, avg speed:10.345594764623746
Episode:83/100, avg halt num:0.28061391989494416
Episode:83/100, avg elec cons:0.272038837395888
 Retrying in 1 seconds
Warning: Unused states in tlLogic 'J10', program '0' in phase 0 after tl-index 10
Simulation......
总奖励:-10816.93173751066, 速度奖励:-5185.549999999947, 加速度奖励:-1889.281737511256, 交通灯奖励:-2899.3000000009424, 与前车进行交互的惩罚:-842.8000000000156
Episode:84/100, Reward:-10816.93173751066
Episode:84/100, avg speed:9.234950790804206
Episode:84/100, avg halt num:0.2795617680392898
Episode:84/100, avg elec cons:0.335020560122841
 Retrying in 1 seconds
Warning: Unused states in tlLogic 'J10', program '0' in phase 0 after tl-index 10
Simulation......
总奖励:-20868.2407109981, 速度奖励:-6902.699999999951, 加速度奖励:-4750.940710997086, 交通灯奖励:-7861.499999996574, 与前车进行交互的惩罚:-1353.1000000000488
Episode:85/100, Reward:-20868.2407109981
Episode:85/100, avg speed:8.885281043843685
Episode:85/100, avg halt num:0.4510015408320493
Episode:85/100, avg elec cons:0.24299728146930433
 Retrying in 1 seconds
Warning: Unused states in tlLogic 'J10', program '0' in phase 0 after tl-index 10
Simulation......
总奖励:-28097.402446096272, 速度奖励:-7333.9499999999425, 加速度奖励:-7707.552446092705, 交通灯奖励:-11200.19999999467, 与前车进行交互的惩罚:-1855.7000000000814
Episode:86/100, Reward:-28097.402446096272
Episode:86/100, avg speed:8.255835007999519
Episode:86/100, avg halt num:0.4832608695652174
Episode:86/100, avg elec cons:0.2694675875620394
 Retrying in 1 seconds
Warning: Unused states in tlLogic 'J10', program '0' in phase 0 after tl-index 10
Simulation......
总奖励:-38124.74657051549, 速度奖励:-8608.399999999934, 加速度奖励:-8546.746570510244, 交通灯奖励:-17428.299999995907, 与前车进行交互的惩罚:-3541.299999999706
Episode:87/100, Reward:-38124.74657051549
Episode:87/100, avg speed:6.423651376582121
Episode:87/100, avg halt num:0.880827067669173
Episode:87/100, avg elec cons:0.435338508359887
 Retrying in 1 seconds
Warning: Unused states in tlLogic 'J10', program '0' in phase 0 after tl-index 10
Simulation......
总奖励:-71112.19836435857, 速度奖励:-11395.850000000006, 加速度奖励:-23995.04836435593, 交通灯奖励:-32049.10000001448, 与前车进行交互的惩罚:-3672.199999999672
Episode:88/100, Reward:-71112.19836435857
Episode:88/100, avg speed:7.032656524995625
Episode:88/100, avg halt num:0.5386896152733585
Episode:88/100, avg elec cons:0.3543338216327509
 Retrying in 1 seconds
Warning: Unused states in tlLogic 'J10', program '0' in phase 0 after tl-index 10
Simulation......
总奖励:-90102.8551402372, 速度奖励:-10625.999999999976, 加速度奖励:-39242.55514023963, 交通灯奖励:-34194.00000001602, 与前车进行交互的惩罚:-6040.299999999057
Episode:89/100, Reward:-90102.8551402372
Episode:89/100, avg speed:6.147868922755499
Episode:89/100, avg halt num:0.4451740506329114
Episode:89/100, avg elec cons:0.5752189930911465
 Retrying in 1 seconds
Warning: Unused states in tlLogic 'J10', program '0' in phase 0 after tl-index 10
Simulation......
总奖励:-86184.37996099106, 速度奖励:-12316.25, 加速度奖励:-28602.529960993037, 交通灯奖励:-37747.60000002042, 与前车进行交互的惩罚:-7517.999999998673
Episode:90/100, Reward:-86184.37996099106
Episode:90/100, avg speed:4.934521358633708
Episode:90/100, avg halt num:0.6713401310997815
Episode:90/100, avg elec cons:0.5071255296090167
 Retrying in 1 seconds
Warning: Unused states in tlLogic 'J10', program '0' in phase 0 after tl-index 10
Simulation......
总奖励:-63147.07717344437, 速度奖励:-9115.100000000004, 加速度奖励:-24016.077173441372, 交通灯奖励:-27013.60000001042, 与前车进行交互的惩罚:-3002.299999999846
Episode:91/100, Reward:-63147.07717344437
Episode:91/100, avg speed:6.508189832546279
Episode:91/100, avg halt num:0.45469681037504384
Episode:91/100, avg elec cons:0.4701578415943103
 Retrying in 1 seconds
Warning: Unused states in tlLogic 'J10', program '0' in phase 0 after tl-index 10
Simulation......
总奖励:-75702.07948334087, 速度奖励:-10776.3, 加速度奖励:-25972.57948333923, 交通灯奖励:-33329.400000015325, 与前车进行交互的惩罚:-5623.799999999165
Episode:92/100, Reward:-75702.07948334087
Episode:92/100, avg speed:5.69226351956548
Episode:92/100, avg halt num:0.5430043933761406
Episode:92/100, avg elec cons:0.4478149709100939
 Retrying in 1 seconds
Warning: Unused states in tlLogic 'J10', program '0' in phase 0 after tl-index 10
Simulation......
总奖励:-76896.65255425341, 速度奖励:-10880.800000000007, 加速度奖励:-23333.852554254656, 交通灯奖励:-34175.60000001681, 与前车进行交互的惩罚:-8506.399999998825
Episode:93/100, Reward:-76896.65255425341
Episode:93/100, avg speed:7.0637882964340495
Episode:93/100, avg halt num:0.5781575294934074
Episode:93/100, avg elec cons:0.45033227462087705
 Retrying in 1 seconds
Warning: Unused states in tlLogic 'J10', program '0' in phase 0 after tl-index 10
Simulation......
总奖励:-74445.86350373333, 速度奖励:-10157.250000000015, 加速度奖励:-24226.61350373325, 交通灯奖励:-33274.8000000136, 与前车进行交互的惩罚:-6787.199999998863
Episode:94/100, Reward:-74445.86350373333
Episode:94/100, avg speed:6.480773192037191
Episode:94/100, avg halt num:0.4544153104279687
Episode:94/100, avg elec cons:0.41471247157116475
 Retrying in 1 seconds
Warning: Unused states in tlLogic 'J10', program '0' in phase 0 after tl-index 10
Simulation......
总奖励:-77833.81843269947, 速度奖励:-10262.650000000038, 加速度奖励:-25010.168432698985, 交通灯奖励:-34028.00000001565, 与前车进行交互的惩罚:-8532.999999998852
Episode:95/100, Reward:-77833.81843269947
Episode:95/100, avg speed:6.452420167803734
Episode:95/100, avg halt num:0.6404540934703348
Episode:95/100, avg elec cons:0.5670270302814919
 Retrying in 1 seconds
Warning: Unused states in tlLogic 'J10', program '0' in phase 0 after tl-index 10
Simulation......
总奖励:-75135.06470264851, 速度奖励:-10032.94999999999, 加速度奖励:-25977.61470264864, 交通灯奖励:-31754.200000013414, 与前车进行交互的惩罚:-7370.299999998711
Episode:96/100, Reward:-75135.06470264851
Episode:96/100, avg speed:5.048288243409587
Episode:96/100, avg halt num:0.6653167746580274
Episode:96/100, avg elec cons:0.5740673131079745
 Retrying in 1 seconds
Warning: Unused states in tlLogic 'J10', program '0' in phase 0 after tl-index 10
Simulation......
总奖励:-73260.66374463828, 速度奖励:-9631.349999999986, 加速度奖励:-24751.41374463758, 交通灯奖励:-31349.400000012454, 与前车进行交互的惩罚:-7528.49999999867
Episode:97/100, Reward:-73260.66374463828
Episode:97/100, avg speed:6.940511472108835
Episode:97/100, avg halt num:0.6210253082414017
Episode:97/100, avg elec cons:0.5599108688508955
 Retrying in 1 seconds
Warning: Unused states in tlLogic 'J10', program '0' in phase 0 after tl-index 10
Simulation......
总奖励:-68140.0296440445, 速度奖励:-8552.699999999966, 加速度奖励:-21540.129644043132, 交通灯奖励:-31287.300000010677, 与前车进行交互的惩罚:-6759.89999999887
Episode:98/100, Reward:-68140.0296440445
Episode:98/100, avg speed:6.18206890115086
Episode:98/100, avg halt num:0.5590859431900946
Episode:98/100, avg elec cons:0.627201414226499
 Retrying in 1 seconds
Warning: Unused states in tlLogic 'J10', program '0' in phase 0 after tl-index 10
Simulation......
总奖励:-62398.081547102134, 速度奖励:-8421.59999999998, 加速度奖励:-20070.181547098786, 交通灯奖励:-27936.000000010692, 与前车进行交互的惩罚:-5970.299999999075
Episode:99/100, Reward:-62398.081547102134
Episode:99/100, avg speed:7.842051699420066
Episode:99/100, avg halt num:0.5374284806102988
Episode:99/100, avg elec cons:0.5516799416404735
 Retrying in 1 seconds
Warning: Unused states in tlLogic 'J10', program '0' in phase 0 after tl-index 10
Simulation......
总奖励:-58388.879324371745, 速度奖励:-7719.7499999999145, 加速度奖励:-18335.029324369385, 交通灯奖励:-26692.800000006566, 与前车进行交互的惩罚:-5641.299999999161
Episode:100/100, Reward:-58388.879324371745
Episode:100/100, avg speed:8.520319100678659
Episode:100/100, avg halt num:0.5770455269022604
Episode:100/100, avg elec cons:0.6213941916864565
model saved successfully!
Complete training!
final reward list:[-57052.25726707175, -69199.88542473923, -42979.22992700066, -11495.14364150448, -8415.265702212926, -8345.688219792102, -7044.026829335073, -7617.682336730869, -6445.91632259211, -6298.703160269075, -7882.342110787839, -22567.815344462302, -7425.176374764294, -15813.887565270497, -22496.583728067995, -25113.876723031222, -20384.59196684846, -17195.95496084036, -21100.599248050934, -12999.960567893146, -15955.45145875872, -15217.245371889549, -8994.750954700772, -7103.4693936648155, -8840.483171911854, -16084.446852546855, -16950.95656169775, -24941.352452250252, -21562.865931480417, -17257.057726346437, -12423.501503594896, -9814.948298266414, -14141.644300874612, -15004.644070261244, -23254.883979867573, -41613.4732984962, -17454.92326543341, -21941.135321017115, -17791.975750436955, -11838.739619703709, -17924.987136232456, -10770.874140819293, -25107.030078791417, -24540.846250595314, -23371.04667761102, -20223.452078853712, -22842.196614952398, -18983.04615579546, -19474.507789627944, -13268.992914433313, -25525.88001559017, -28627.17353143525, -16465.887675783953, -16813.10359358623, -13029.68011347223, -11462.058573499817, -10215.911682565571, -11174.973633705154, -22525.8381160085, -25415.867309584086, -36546.053004158566, -18242.605546399885, -20496.095748653235, -14060.470577838514, -13200.107503734287, -15023.966501862262, -11669.909566612878, -20425.25711460953, -17989.414517596393, -22457.874530919406, -29507.18273730571, -17397.292451738896, -10343.246276660491, -18842.47924105602, -12486.495590788629, -16119.55892676398, -11171.246476988083, -10392.48596826597, -19391.323392975766, -15153.48892058931, -13657.589960749923, -15055.857890122112, -11725.790016012204, -10816.93173751066, -20868.2407109981, -28097.402446096272, -38124.74657051549, -71112.19836435857, -90102.8551402372, -86184.37996099106, -63147.07717344437, -75702.07948334087, -76896.65255425341, -74445.86350373333, -77833.81843269947, -75135.06470264851, -73260.66374463828, -68140.0296440445, -62398.081547102134, -58388.879324371745]
final speed list:[10.06294466437934, 9.379069696992445, 11.209278724071533, 12.755237253164992, 13.94795117599886, 13.573973286981, 13.905077356118117, 13.639284767990219, 13.330542174900712, 13.198881686432106, 13.09631051844535, 10.373641389125618, 12.61684163916231, 9.87372270620807, 8.884886510505083, 7.9618832364444145, 9.65821720120591, 9.04685256988204, 9.762754545926608, 10.997232927097967, 9.851385138093756, 9.86656630203468, 11.289743360157443, 12.290235813660635, 11.845867244911854, 9.147344106084454, 9.541173087504179, 8.001484115138686, 8.765797056293234, 10.298294521140114, 10.631687401752275, 11.011189191367565, 10.208767334007863, 9.71746099062902, 8.817012685149553, 7.768985958482514, 9.037022708463864, 8.537142136145272, 8.443920029060656, 9.732723328981825, 8.855114026405865, 10.082196319622874, 7.647877657792368, 8.080006017921953, 7.413407029546591, 8.82357877917016, 8.594423236289986, 8.35275411484618, 9.05173972753574, 10.034693961553558, 9.304383495956257, 9.285714111128724, 10.202930505351283, 9.744355638952916, 9.51186182163386, 10.735208016898756, 10.406558626824152, 10.528167104778488, 9.584898579776244, 9.244889134051283, 7.541271533688638, 9.541600852042261, 10.046954457906367, 8.964457708937825, 10.227052401529106, 10.756372388726705, 10.721786808204541, 9.650908448525643, 9.534250342423906, 8.845144666393312, 9.641038042361846, 8.425357794796158, 10.792797821238834, 10.364031786019007, 10.339407275765046, 9.034193788721307, 9.940651603647222, 9.983525222931926, 8.731364955160725, 9.798164045173003, 9.524282061017601, 9.649053841915586, 10.345594764623746, 9.234950790804206, 8.885281043843685, 8.255835007999519, 6.423651376582121, 7.032656524995625, 6.147868922755499, 4.934521358633708, 6.508189832546279, 5.69226351956548, 7.0637882964340495, 6.480773192037191, 6.452420167803734, 5.048288243409587, 6.940511472108835, 6.18206890115086, 7.842051699420066, 8.520319100678659]
final elec cons list:[0.513552889594596, 0.5793193810345086, 1.3705361577387676, 1.9960457764786894, 2.5416838929845653, 2.1670871800890095, 1.885879316101891, 1.6838606016455577, 1.2790878569225528, 1.3602534196411313, 0.9170283345936174, 0.450439294593339, 0.7004615241797709, 0.35892796908532737, 0.3103278035939756, 0.3062573019215477, 0.26893865490719565, 0.4028371889128974, 0.39171128647402936, 0.3602781134610489, 0.4042392564091303, 0.37477144741850066, 0.40125785576415335, 0.6582454387415019, 0.5582939973630325, 0.3436558921198065, 0.3510114586922358, 0.35470168883563546, 0.3669651512406758, 0.4756605539618641, 0.46718498187256463, 0.8658827819532675, 0.49295610919065397, 0.29339136825837714, 0.2851359085829731, 0.31272900806737514, 0.4505834634664775, 0.29276462143250054, 0.266007578785293, 0.2952341426783626, 0.2823566321957819, 0.3402520428574435, 0.3602768991967403, 0.2526863985850317, 0.2195163554022433, 0.23142483457061908, 0.24705230351733123, 0.25138459779032774, 0.23900716283242912, 0.29490117957984147, 0.26425880997723816, 0.33267089717083415, 0.34963395904171424, 0.30600578010780505, 0.40237982664593364, 0.5038524108632518, 0.725037774474724, 0.6054890342043403, 0.41280387913335714, 0.3174654083047483, 0.3439663658340503, 0.38005111145402226, 0.2518458283758489, 0.2757044846574973, 0.36301716019642366, 0.2361713355841631, 0.23404342777964965, 0.23212376423974063, 0.2795219644406944, 0.2618140742848106, 0.27405320229557595, 0.2577040612800164, 0.2569466926876736, 0.27791511056350804, 0.2523233399344374, 0.3263611123694383, 0.3313464565384006, 0.39711085018315195, 0.29989186584583877, 0.30846195700970414, 0.32602983033269944, 0.3404813316818426, 0.272038837395888, 0.335020560122841, 0.24299728146930433, 0.2694675875620394, 0.435338508359887, 0.3543338216327509, 0.5752189930911465, 0.5071255296090167, 0.4701578415943103, 0.4478149709100939, 0.45033227462087705, 0.41471247157116475, 0.5670270302814919, 0.5740673131079745, 0.5599108688508955, 0.627201414226499, 0.5516799416404735, 0.6213941916864565]
final halt list:[1.0890945243193637, 1.3754074315514992, 0.3097063621533442, 0.11770280515542077, 0.07789347216659992, 0.07507082152974505, 0.028165418652144315, 0.010436137071651091, 0.003968253968253968, 0.028267634854771784, 0.046293324775353015, 0.45655848546315075, 0.011650341347580884, 0.3317399617590822, 0.5144754768392371, 0.6165373765867419, 0.4187362464633763, 0.381758070789576, 0.4314203971726691, 0.27020525978191146, 0.40589675960813865, 0.3528311965811966, 0.14108589951377634, 0.03920454545454546, 0.07238110539845759, 0.343450184501845, 0.28015116661189615, 0.45217474980754424, 0.4660789574549636, 0.29665879176510296, 0.19229390681003583, 0.10440751445086706, 0.21269867012650015, 0.3495967741935484, 0.5248441828254847, 1.0259103641456582, 0.21534267912772587, 0.5191829484902309, 0.37395868043985336, 0.18244158482898748, 0.41268382352941174, 0.12570921985815603, 0.6002777777777778, 0.6070441988950276, 0.5550656984785616, 0.429375, 0.5648882480173035, 0.5077864293659622, 0.34961458642158316, 0.22877745001638808, 0.29339536302623553, 0.207715395480226, 0.17015836357637742, 0.2744002628984555, 0.16895707831325302, 0.17826321467098166, 0.17171105730427763, 0.20108695652173914, 0.29396301667875274, 0.42824797001873827, 0.7625093353248693, 0.28788132752262824, 0.3709115687462144, 0.27249288762446655, 0.20902633402633403, 0.2821026097271649, 0.20477895392278955, 0.565640318627451, 0.34911729503291444, 0.49448645242596095, 0.6647907419150285, 0.532856093979442, 0.1197406340057637, 0.4062913907284768, 0.2187008493236867, 0.4099278663629461, 0.21385991058122206, 0.23680713743356113, 0.5682590634441088, 0.33274051490514905, 0.30600071225071224, 0.3572113540467971, 0.28061391989494416, 0.2795617680392898, 0.4510015408320493, 0.4832608695652174, 0.880827067669173, 0.5386896152733585, 0.4451740506329114, 0.6713401310997815, 0.45469681037504384, 0.5430043933761406, 0.5781575294934074, 0.4544153104279687, 0.6404540934703348, 0.6653167746580274, 0.6210253082414017, 0.5590859431900946, 0.5374284806102988, 0.5770455269022604]
speed reward list:[-10585.300000000112, -13275.750000000155, -5647.499999999929, -2816.29999999997, -2515.9999999999836, -2711.149999999976, -2584.299999999969, -2738.4499999999853, -2797.4999999999636, -2759.599999999983, -3491.7999999999583, -6484.599999999933, -3330.149999999986, -5562.149999999932, -7168.649999999963, -7483.249999999955, -6580.299999999948, -5753.949999999939, -6309.499999999939, -5083.199999999943, -5675.299999999942, -5545.199999999947, -4416.2999999999565, -3576.0999999999312, -4056.8499999999485, -5944.599999999969, -5632.749999999955, -6828.149999999974, -6475.149999999963, -5675.049999999949, -4941.549999999959, -4206.64999999996, -5163.6499999999505, -5857.0499999999665, -7000.799999999963, -10601.700000000059, -5445.799999999966, -6917.749999999966, -6524.299999999962, -5249.449999999944, -6255.14999999996, -4968.4999999999645, -7137.849999999974, -8058.599999999971, -7789.899999999988, -6947.699999999963, -7520.4999999999745, -7056.749999999984, -6681.69999999997, -5300.499999999963, -6777.049999999977, -6910.899999999983, -5483.899999999951, -5834.7499999999645, -5026.599999999961, -4628.999999999931, -4230.649999999919, -4540.349999999937, -6151.299999999973, -6875.9499999999625, -8501.69999999998, -5732.299999999945, -6432.199999999959, -5522.349999999953, -5134.899999999939, -5832.449999999952, -5305.149999999948, -7380.349999999941, -6089.149999999931, -7020.849999999946, -8223.199999999946, -6709.599999999943, -4803.699999999948, -6467.549999999948, -5411.599999999959, -5972.199999999939, -5076.19999999996, -4794.6499999999505, -6889.249999999954, -5770.799999999943, -5579.599999999952, -5778.249999999953, -5375.699999999938, -5185.549999999947, -6902.699999999951, -7333.9499999999425, -8608.399999999934, -11395.850000000006, -10625.999999999976, -12316.25, -9115.100000000004, -10776.3, -10880.800000000007, -10157.250000000015, -10262.650000000038, -10032.94999999999, -9631.349999999986, -8552.699999999966, -8421.59999999998, -7719.7499999999145]
accel reward list:[-3413.357267067406, -3509.035424739819, -14778.12992699977, -3437.1436415047638, -3370.2657022130757, -3176.4382197922664, -2785.926829335133, -3355.232336730952, -2437.2163225921217, -2318.2031602691372, -2378.042110787951, -4667.01534446157, -2632.726374764362, -4240.737565271425, -4348.333728066477, -5230.126723029144, -4792.19196684773, -3962.504960840967, -4140.499248050189, -2819.7605678937343, -3231.6514587594165, -3227.445371890139, -2134.550954701007, -1996.1693936648364, -2162.4331719119823, -3517.646852547699, -4058.1065616982883, -5356.70245224895, -5008.515931479721, -3521.5077263469793, -2821.0515035953313, -2795.7982982666827, -3650.2943008750867, -3366.2940702622286, -5055.083979866301, -4985.173298491595, -4179.023265433735, -4677.685321016173, -3573.3757504371833, -2382.8896197040026, -4459.93713623253, -2307.174140819524, -5604.880078789428, -4525.446250593665, -4820.046677609155, -4243.652078853291, -4110.896614950962, -3416.896155795416, -4841.7077896279525, -3508.992914433754, -6474.730015589011, -6700.773531434774, -4381.087675784163, -4273.453593586679, -2863.3801134724145, -2474.2585735000903, -2391.461682565893, -2800.0236337054816, -7191.6381160081355, -7373.7173095828, -7212.053004155025, -5374.605546400301, -5032.495748652952, -3163.520577838941, -3396.3075037348126, -3919.3165018630393, -2548.959566613319, -3434.0071146087134, -4813.064517596638, -4125.224530918513, -4819.682737302305, -2963.6924517398224, -2105.9462766606666, -3496.029241056097, -2487.695590789173, -3235.558926764824, -2256.846476988466, -2095.535968266348, -3482.7733929754545, -2997.2889205899755, -2800.0899607506126, -3056.107890122747, -2398.590016012972, -1889.281737511256, -4750.940710997086, -7707.552446092705, -8546.746570510244, -23995.04836435593, -39242.55514023963, -28602.529960993037, -24016.077173441372, -25972.57948333923, -23333.852554254656, -24226.61350373325, -25010.168432698985, -25977.61470264864, -24751.41374463758, -21540.129644043132, -20070.181547098786, -18335.029324369385]
tls reward list:[-36786.500000017215, -45296.100000025945, -18474.000000000044, -4668.399999999889, -1696.0000000003722, -1829.500000000273, -1057.0999999999167, -882.0999999997962, -815.6999999998776, -915.6999999997897, -1423.1000000005456, -9090.79999999623, -976.4999999997672, -3991.5000000013974, -8493.899999996509, -9942.09999999503, -6902.299999996261, -5858.299999997369, -8238.399999996585, -3595.5000000010855, -5478.399999997848, -5056.499999998639, -1685.1000000006138, -1137.7999999999874, -2237.600000000823, -5567.299999998603, -6273.799999997333, -10940.699999995462, -8362.09999999608, -6622.699999997185, -3943.400000000901, -2284.0000000007003, -4475.799999999722, -4483.5000000005075, -9369.899999995365, -22621.800000012478, -6444.09999999675, -8293.299999995996, -6040.899999997095, -3437.8000000011816, -5710.499999998331, -2910.700000001243, -10367.89999999623, -10060.499999994918, -8968.399999995323, -7746.899999995767, -9487.399999994805, -7235.399999996696, -6737.299999995599, -3455.0000000011846, -11120.499999995878, -13684.099999994967, -5744.799999997826, -5790.699999998485, -4359.1999999997715, -3501.300000000956, -2968.000000000915, -3315.900000000998, -8029.9999999972215, -9397.999999995225, -17823.000000002387, -5969.4999999979445, -7833.699999996392, -4531.099999999669, -3727.4000000011356, -4211.700000001254, -3159.200000001141, -7785.999999996335, -5745.999999998105, -9526.099999995256, -13653.099999994296, -6243.499999997543, -2879.90000000099, -7263.299999995328, -3775.90000000118, -5578.999999997863, -3097.600000001096, -2905.9000000008746, -7429.599999996726, -5380.199999997426, -4533.099999999277, -5285.599999998471, -3255.000000001216, -2899.3000000009424, -7861.499999996574, -11200.19999999467, -17428.299999995907, -32049.10000001448, -34194.00000001602, -37747.60000002042, -27013.60000001042, -33329.400000015325, -34175.60000001681, -33274.8000000136, -34028.00000001565, -31754.200000013414, -31349.400000012454, -31287.300000010677, -27936.000000010692, -26692.800000006566]
extra reward list:[-6267.099999998998, -7118.999999998777, -4079.599999999566, -573.2999999999981, -833.000000000015, -628.6000000000017, -616.700000000001, -641.9000000000026, -395.499999999996, -305.1999999999975, -589.3999999999992, -2325.400000000022, -485.79999999999455, -2019.500000000092, -2485.6999999999803, -2458.3999999999874, -2109.800000000078, -1621.2000000000662, -2412.1999999999994, -1501.5000000000584, -1570.100000000063, -1388.100000000051, -758.8000000000102, -393.39999999999606, -383.5999999999962, -1054.9000000000294, -986.300000000025, -1815.8000000000789, -1717.1000000000724, -1437.8000000000543, -717.5000000000075, -528.4999999999952, -851.9000000000162, -1297.8000000000452, -1829.1000000000797, -3404.7999999997414, -1386.000000000051, -2052.400000000093, -1653.4000000000683, -768.6000000000108, -1499.4000000000583, -584.4999999999989, -1996.4000000000906, -1896.300000000084, -1792.7000000000774, -1285.2000000000444, -1723.4000000000729, -1274.0000000000437, -1213.8000000000397, -1004.5000000000261, -1153.6000000000358, -1331.4000000000474, -856.1000000000165, -914.2000000000203, -780.5000000000116, -857.5000000000166, -625.8000000000015, -518.6999999999946, -1152.9000000000358, -1768.2000000000758, -3009.299999999844, -1166.2000000000367, -1197.7000000000387, -843.5000000000157, -941.500000000022, -1060.5000000000298, -656.6000000000035, -1824.9000000000794, -1341.200000000048, -1785.700000000077, -2811.1999999998957, -1480.500000000057, -553.6999999999969, -1615.6000000000658, -811.3000000000136, -1332.8000000000475, -740.600000000009, -596.3999999999996, -1589.7000000000642, -1005.2000000000262, -744.8000000000093, -935.9000000000217, -696.5000000000061, -842.8000000000156, -1353.1000000000488, -1855.7000000000814, -3541.299999999706, -3672.199999999672, -6040.299999999057, -7517.999999998673, -3002.299999999846, -5623.799999999165, -8506.399999998825, -6787.199999998863, -8532.999999998852, -7370.299999998711, -7528.49999999867, -6759.89999999887, -5970.299999999075, -5641.299999999161]
