nohup: 忽略输入
Env:sumo, Algorithm:TD3, Device:cuda
-----------------------------------------
models/reward_s9e-3_a4e-2_t(-0.2_0.01).pth
-----------------------------------------
 Retrying in 1 seconds
Warning: Unused states in tlLogic 'J10', program '0' in phase 0 after tl-index 10
Simulation......
总奖励:-2663.5458346611344, 速度奖励:-930.6574919819515, 加速度奖励:-711.2383426792711, 交通灯奖励:-1021.6500000001678, 与前车进行交互的惩罚:0.0
Episode:1/100, Reward:-2663.5458346611344
Episode:1/100, avg speed:14.437917980568516
Episode:1/100, avg halt num:0.3433744722312439
Episode:1/100, avg elec cons:1.762902998089894
 Retrying in 1 seconds
Warning: Unused states in tlLogic 'J10', program '0' in phase 0 after tl-index 10
Simulation......
总奖励:-3083.8463046980432, 速度奖励:-1184.5730724479397, 加速度奖励:-681.333232250229, 交通灯奖励:-1217.9400000002197, 与前车进行交互的惩罚:0.0
Episode:2/100, Reward:-3083.8463046980432
Episode:2/100, avg speed:14.017458994774065
Episode:2/100, avg halt num:0.4596020761245675
Episode:2/100, avg elec cons:1.8991220424325361
 Retrying in 1 seconds
Warning: Unused states in tlLogic 'J10', program '0' in phase 0 after tl-index 10
Simulation......
总奖励:-2297.7244648398655, 速度奖励:-632.1608023769669, 加速度奖励:-815.9736624629528, 交通灯奖励:-849.5900000001097, 与前车进行交互的惩罚:0.0
Episode:3/100, Reward:-2297.7244648398655
Episode:3/100, avg speed:15.42731772716608
Episode:3/100, avg halt num:0.2728015691402419
Episode:3/100, avg elec cons:1.9904302584324034
 Retrying in 1 seconds
Warning: Unused states in tlLogic 'J10', program '0' in phase 0 after tl-index 10
Simulation......
总奖励:-2462.8993168519173, 速度奖励:-675.9133933589766, 加速度奖励:-934.3659234929514, 交通灯奖励:-852.6200000001134, 与前车进行交互的惩罚:0.0
Episode:4/100, Reward:-2462.8993168519173
Episode:4/100, avg speed:14.018278438616347
Episode:4/100, avg halt num:0.261513778784447
Episode:4/100, avg elec cons:2.309739888690393
 Retrying in 1 seconds
Warning: Unused states in tlLogic 'J10', program '0' in phase 0 after tl-index 10
Simulation......
总奖励:-1494.483777721775, 速度奖励:-487.07690057098586, 加速度奖励:-471.656877150789, 交通灯奖励:-535.7500000000331, 与前车进行交互的惩罚:0.0
Episode:5/100, Reward:-1494.483777721775
Episode:5/100, avg speed:14.836533633378574
Episode:5/100, avg halt num:0.17053178728508597
Episode:5/100, avg elec cons:2.183587657792126
 Retrying in 1 seconds
Warning: Unused states in tlLogic 'J10', program '0' in phase 0 after tl-index 10
Simulation......
总奖励:-1390.8898430818736, 速度奖励:-612.8126188559795, 加速度奖励:-462.6772242258873, 交通灯奖励:-315.40000000003266, 与前车进行交互的惩罚:0.0
Episode:6/100, Reward:-1390.8898430818736
Episode:6/100, avg speed:14.2112868725753
Episode:6/100, avg halt num:0.15516014234875444
Episode:6/100, avg elec cons:2.298869379395211
 Retrying in 1 seconds
Warning: Unused states in tlLogic 'J10', program '0' in phase 0 after tl-index 10
Simulation......
总奖励:-1373.574900848437, 速度奖励:-644.9766402059804, 加速度奖励:-431.53826064246334, 交通灯奖励:-297.0600000000386, 与前车进行交互的惩罚:0.0
Episode:7/100, Reward:-1373.574900848437
Episode:7/100, avg speed:14.201882079215522
Episode:7/100, avg halt num:0.14221199727334696
Episode:7/100, avg elec cons:1.868284098654962
 Retrying in 1 seconds
Warning: Unused states in tlLogic 'J10', program '0' in phase 0 after tl-index 10
Simulation......
总奖励:-1375.1592767690863, 速度奖励:-650.5080999299804, 加速度奖励:-451.57117683910553, 交通灯奖励:-273.08000000003426, 与前车进行交互的惩罚:0.0
Episode:8/100, Reward:-1375.1592767690863
Episode:8/100, avg speed:14.096883958903067
Episode:8/100, avg halt num:0.11355826304279913
Episode:8/100, avg elec cons:1.8344626831682902
 Retrying in 1 seconds
Warning: Unused states in tlLogic 'J10', program '0' in phase 0 after tl-index 10
Simulation......
总奖励:-1164.9078029100826, 速度奖励:-581.897546270981, 加速度奖励:-344.8702566390945, 交通灯奖励:-238.14000000002, 与前车进行交互的惩罚:0.0
Episode:9/100, Reward:-1164.9078029100826
Episode:9/100, avg speed:14.308910848903595
Episode:9/100, avg halt num:0.10789559014267186
Episode:9/100, avg elec cons:1.770770025599156
 Retrying in 1 seconds
Warning: Unused states in tlLogic 'J10', program '0' in phase 0 after tl-index 10
Simulation......
总奖励:-1247.9396131275037, 速度奖励:-601.2727364249802, 加速度奖励:-414.3668767025176, 交通灯奖励:-232.30000000001453, 与前车进行交互的惩罚:0.0
Episode:10/100, Reward:-1247.9396131275037
Episode:10/100, avg speed:14.205800170641087
Episode:10/100, avg halt num:0.13705186216498433
Episode:10/100, avg elec cons:1.9681060421811987
 Retrying in 1 seconds
Warning: Unused states in tlLogic 'J10', program '0' in phase 0 after tl-index 10
Simulation......
总奖励:-1505.8003167610575, 速度奖励:-849.8570887889683, 加速度奖励:-355.9332279720911, 交通灯奖励:-300.0100000000438, 与前车进行交互的惩罚:0.0
Episode:11/100, Reward:-1505.8003167610575
Episode:11/100, avg speed:13.49608251479914
Episode:11/100, avg halt num:0.20258344030808728
Episode:11/100, avg elec cons:0.9712957679942718
 Retrying in 1 seconds
Warning: Unused states in tlLogic 'J10', program '0' in phase 0 after tl-index 10
Simulation......
总奖励:-1084.1217273682732, 速度奖励:-610.3068420779831, 加速度奖励:-262.03488529028846, 交通灯奖励:-211.78000000000904, 与前车进行交互的惩罚:0.0
Episode:12/100, Reward:-1084.1217273682732
Episode:12/100, avg speed:13.934908654538711
Episode:12/100, avg halt num:0.09633105802047781
Episode:12/100, avg elec cons:1.4039707914691852
 Retrying in 1 seconds
Warning: Unused states in tlLogic 'J10', program '0' in phase 0 after tl-index 10
Simulation......
总奖励:-1204.1007386423012, 速度奖励:-652.6487162339849, 加速度奖励:-286.36202240831705, 交通灯奖励:-265.0900000000272, 与前车进行交互的惩罚:0.0
Episode:13/100, Reward:-1204.1007386423012
Episode:13/100, avg speed:13.869085835320274
Episode:13/100, avg halt num:0.11834733893557423
Episode:13/100, avg elec cons:0.9792007998147856
 Retrying in 1 seconds
Warning: Unused states in tlLogic 'J10', program '0' in phase 0 after tl-index 10
Simulation......
总奖励:-1067.0407403481806, 速度奖励:-596.2131542519911, 加速度奖励:-281.9775860961866, 交通灯奖励:-188.85000000001253, 与前车进行交互的惩罚:0.0
Episode:14/100, Reward:-1067.0407403481806
Episode:14/100, avg speed:14.016720484599801
Episode:14/100, avg halt num:0.09779179810725552
Episode:14/100, avg elec cons:1.61464049969807
 Retrying in 1 seconds
Warning: Unused states in tlLogic 'J10', program '0' in phase 0 after tl-index 10
Simulation......
总奖励:-1148.630212222608, 速度奖励:-681.9905962889957, 加速度奖励:-288.19961593361705, 交通灯奖励:-178.4400000000267, 与前车进行交互的惩罚:0.0
Episode:15/100, Reward:-1148.630212222608
Episode:15/100, avg speed:13.737089346308144
Episode:15/100, avg halt num:0.0921914816163087
Episode:15/100, avg elec cons:1.3701153658573815
 Retrying in 1 seconds
Warning: Unused states in tlLogic 'J10', program '0' in phase 0 after tl-index 10
Simulation......
总奖励:-2440.9514821437187, 速度奖励:-1491.6142229759596, 加速度奖励:-580.3172591677593, 交通灯奖励:-369.0200000000704, 与前车进行交互的惩罚:0.0
Episode:16/100, Reward:-2440.9514821437187
Episode:16/100, avg speed:10.159417191982012
Episode:16/100, avg halt num:0.2778679653679654
Episode:16/100, avg elec cons:0.560590108324064
 Retrying in 1 seconds
Warning: Unused states in tlLogic 'J10', program '0' in phase 0 after tl-index 10
Simulation......
总奖励:-2944.944692242333, 速度奖励:-1532.5959397229767, 加速度奖励:-729.2887525193385, 交通灯奖励:-683.0600000001195, 与前车进行交互的惩罚:0.0
Episode:17/100, Reward:-2944.944692242333
Episode:17/100, avg speed:10.95325525978857
Episode:17/100, avg halt num:0.1492398386596339
Episode:17/100, avg elec cons:0.4101036550098356
 Retrying in 1 seconds
Warning: Unused states in tlLogic 'J10', program '0' in phase 0 after tl-index 10
Simulation......
总奖励:-10830.220238426644, 速度奖励:-5329.622637315667, 加速度奖励:-1981.527601111769, 交通灯奖励:-3519.0699999964854, 与前车进行交互的惩罚:0.0
Episode:18/100, Reward:-10830.220238426644
Episode:18/100, avg speed:5.109957858514279
Episode:18/100, avg halt num:1.286840106342575
Episode:18/100, avg elec cons:0.45554390700296316
 Retrying in 1 seconds
Warning: Unused states in tlLogic 'J10', program '0' in phase 0 after tl-index 10
Simulation......
总奖励:-9755.6656847011, 速度奖励:-3957.3669557434914, 加速度奖励:-3194.878728958104, 交通灯奖励:-2603.419999998186, 与前车进行交互的惩罚:0.0
Episode:19/100, Reward:-9755.6656847011
Episode:19/100, avg speed:7.541418920679424
Episode:19/100, avg halt num:0.5372184133202742
Episode:19/100, avg elec cons:0.4672886100449601
 Retrying in 1 seconds
Warning: Unused states in tlLogic 'J10', program '0' in phase 0 after tl-index 10
Simulation......
总奖励:-4444.6735616140295, 速度奖励:-2155.3249191479854, 加速度奖励:-1433.1086424661114, 交通灯奖励:-856.2400000002049, 与前车进行交互的惩罚:0.0
Episode:20/100, Reward:-4444.6735616140295
Episode:20/100, avg speed:9.06064424495429
Episode:20/100, avg halt num:0.3501533742331288
Episode:20/100, avg elec cons:0.48752553243317925
 Retrying in 1 seconds
Warning: Unused states in tlLogic 'J10', program '0' in phase 0 after tl-index 10
Simulation......
总奖励:-5013.944604536963, 速度奖励:-2782.6318777411884, 加速度奖励:-1044.892726796007, 交通灯奖励:-1186.4200000003357, 与前车进行交互的惩罚:0.0
Episode:21/100, Reward:-5013.944604536963
Episode:21/100, avg speed:8.6382782316565
Episode:21/100, avg halt num:0.628446348733234
Episode:21/100, avg elec cons:0.48727220963205914
 Retrying in 1 seconds
Warning: Unused states in tlLogic 'J10', program '0' in phase 0 after tl-index 10
Simulation......
总奖励:-2805.884540475872, 速度奖励:-1542.3650734859623, 加速度奖励:-659.2094669899061, 交通灯奖励:-604.3100000000961, 与前车进行交互的惩罚:0.0
Episode:22/100, Reward:-2805.884540475872
Episode:22/100, avg speed:10.563765074230187
Episode:22/100, avg halt num:0.27790739411342424
Episode:22/100, avg elec cons:0.5883696117656989
 Retrying in 1 seconds
Warning: Unused states in tlLogic 'J10', program '0' in phase 0 after tl-index 10
Simulation......
总奖励:-2607.6622528916555, 速度奖励:-1493.493853499971, 加速度奖励:-576.1483993916715, 交通灯奖励:-538.0200000000834, 与前车进行交互的惩罚:0.0
Episode:23/100, Reward:-2607.6622528916555
Episode:23/100, avg speed:11.051156359363748
Episode:23/100, avg halt num:0.17910087012568482
Episode:23/100, avg elec cons:0.4457007321668111
 Retrying in 1 seconds
Warning: Unused states in tlLogic 'J10', program '0' in phase 0 after tl-index 10
Simulation......
总奖励:-3885.3749371412027, 速度奖励:-2106.709934615954, 加速度奖励:-809.0050025252357, 交通灯奖励:-969.6600000002414, 与前车进行交互的惩罚:0.0
Episode:24/100, Reward:-3885.3749371412027
Episode:24/100, avg speed:9.68627117304582
Episode:24/100, avg halt num:0.31633119853613906
Episode:24/100, avg elec cons:0.40216565565888734
 Retrying in 1 seconds
Warning: Unused states in tlLogic 'J10', program '0' in phase 0 after tl-index 10
Simulation......
总奖励:-5774.948724843171, 速度奖励:-2770.5306201661324, 加速度奖励:-1441.6981046772269, 交通灯奖励:-1562.7200000004034, 与前车进行交互的惩罚:0.0
Episode:25/100, Reward:-5774.948724843171
Episode:25/100, avg speed:8.406507170834413
Episode:25/100, avg halt num:0.3319183795055109
Episode:25/100, avg elec cons:0.32344068836269024
 Retrying in 1 seconds
Warning: Unused states in tlLogic 'J10', program '0' in phase 0 after tl-index 10
Simulation......
总奖励:-6078.288166066544, 速度奖励:-2970.4063209031087, 加速度奖励:-1635.0718451635773, 交通灯奖励:-1472.810000000416, 与前车进行交互的惩罚:0.0
Episode:26/100, Reward:-6078.288166066544
Episode:26/100, avg speed:8.017418558339964
Episode:26/100, avg halt num:0.33709472345835984
Episode:26/100, avg elec cons:0.3678980239345344
 Retrying in 1 seconds
Warning: Unused states in tlLogic 'J10', program '0' in phase 0 after tl-index 10
Simulation......
总奖励:-6868.229463233716, 速度奖励:-3257.2222981561654, 加速度奖励:-1820.5971650777515, 交通灯奖励:-1790.4100000005042, 与前车进行交互的惩罚:0.0
Episode:27/100, Reward:-6868.229463233716
Episode:27/100, avg speed:7.5967156773208115
Episode:27/100, avg halt num:0.3758903685351502
Episode:27/100, avg elec cons:0.3951227092653209
 Retrying in 1 seconds
Warning: Unused states in tlLogic 'J10', program '0' in phase 0 after tl-index 10
Simulation......
总奖励:-5610.405131380196, 速度奖励:-2997.960614325188, 加速度奖励:-1102.8245170552277, 交通灯奖励:-1509.6200000004267, 与前车进行交互的惩罚:0.0
Episode:28/100, Reward:-5610.405131380196
Episode:28/100, avg speed:7.280490451010095
Episode:28/100, avg halt num:0.49943778110944526
Episode:28/100, avg elec cons:0.45744821220107856
 Retrying in 1 seconds
Warning: Unused states in tlLogic 'J10', program '0' in phase 0 after tl-index 10
Simulation......
总奖励:-4150.778188364816, 速度奖励:-2286.491218235984, 加速度奖励:-564.2469701288633, 交通灯奖励:-1300.0400000003197, 与前车进行交互的惩罚:0.0
Episode:29/100, Reward:-4150.778188364816
Episode:29/100, avg speed:8.185099191040953
Episode:29/100, avg halt num:0.41986947063089197
Episode:29/100, avg elec cons:0.3859058728358143
 Retrying in 1 seconds
Warning: Unused states in tlLogic 'J10', program '0' in phase 0 after tl-index 10
Simulation......
总奖励:-6517.124984194336, 速度奖励:-3413.692306854375, 加速度奖励:-909.3326773404056, 交通灯奖励:-2194.099999999969, 与前车进行交互的惩罚:0.0
Episode:30/100, Reward:-6517.124984194336
Episode:30/100, avg speed:8.278569710896612
Episode:30/100, avg halt num:0.6835703001579779
Episode:30/100, avg elec cons:0.4361103263618338
 Retrying in 1 seconds
Warning: Unused states in tlLogic 'J10', program '0' in phase 0 after tl-index 10
Simulation......
总奖励:-4525.6034671714115, 速度奖励:-2271.0414160709997, 加速度奖励:-1092.8720511004724, 交通灯奖励:-1161.6900000003025, 与前车进行交互的惩罚:0.0
Episode:31/100, Reward:-4525.6034671714115
Episode:31/100, avg speed:8.81579783811203
Episode:31/100, avg halt num:0.4079986268451768
Episode:31/100, avg elec cons:0.4992708731724039
 Retrying in 1 seconds
Warning: Unused states in tlLogic 'J10', program '0' in phase 0 after tl-index 10
Simulation......
总奖励:-5369.159570145955, 速度奖励:-2538.261590553092, 加速度奖励:-1579.5279795930053, 交通灯奖励:-1251.3700000003205, 与前车进行交互的惩罚:0.0
Episode:32/100, Reward:-5369.159570145955
Episode:32/100, avg speed:7.99647395411952
Episode:32/100, avg halt num:0.3316953316953317
Episode:32/100, avg elec cons:0.43019526033985284
 Retrying in 1 seconds
Warning: Unused states in tlLogic 'J10', program '0' in phase 0 after tl-index 10
Simulation......
总奖励:-3550.057720903804, 速度奖励:-1868.4572799599664, 加速度奖励:-991.7504409438174, 交通灯奖励:-689.8500000001603, 与前车进行交互的惩罚:0.0
Episode:33/100, Reward:-3550.057720903804
Episode:33/100, avg speed:9.343263807683638
Episode:33/100, avg halt num:0.2670549084858569
Episode:33/100, avg elec cons:0.45443325230193393
 Retrying in 1 seconds
Warning: Unused states in tlLogic 'J10', program '0' in phase 0 after tl-index 10
Simulation......
总奖励:-1535.291449184075, 速度奖励:-902.4875135639983, 加速度奖励:-285.03393562008546, 交通灯奖励:-347.77000000002664, 与前车进行交互的惩罚:0.0
Episode:34/100, Reward:-1535.291449184075
Episode:34/100, avg speed:12.53652478144404
Episode:34/100, avg halt num:0.0667283742847526
Episode:34/100, avg elec cons:0.7635317567474356
 Retrying in 1 seconds
Warning: Unused states in tlLogic 'J10', program '0' in phase 0 after tl-index 10
Simulation......
总奖励:-1774.699950876069, 速度奖励:-815.258233664984, 加速度奖励:-466.38171721108466, 交通灯奖励:-493.06000000004707, 与前车进行交互的惩罚:0.0
Episode:35/100, Reward:-1774.699950876069
Episode:35/100, avg speed:13.163944446965033
Episode:35/100, avg halt num:0.1269057519057519
Episode:35/100, avg elec cons:0.937267878819676
 Retrying in 1 seconds
Warning: Unused states in tlLogic 'J10', program '0' in phase 0 after tl-index 10
Simulation......
总奖励:-3658.9325957068936, 速度奖励:-1971.5817433949578, 加速度奖励:-1022.5708523119449, 交通灯奖励:-664.7800000001407, 与前车进行交互的惩罚:0.0
Episode:36/100, Reward:-3658.9325957068936
Episode:36/100, avg speed:8.805354463572368
Episode:36/100, avg halt num:0.3130413057961359
Episode:36/100, avg elec cons:0.47489944757198266
 Retrying in 1 seconds
Warning: Unused states in tlLogic 'J10', program '0' in phase 0 after tl-index 10
Simulation......
总奖励:-10155.804276848334, 速度奖励:-5204.566987497771, 加速度奖励:-1556.2072893515235, 交通灯奖励:-3395.029999996559, 与前车进行交互的惩罚:0.0
Episode:37/100, Reward:-10155.804276848334
Episode:37/100, avg speed:6.100867412526283
Episode:37/100, avg halt num:1.2425912540657753
Episode:37/100, avg elec cons:0.36621969557124395
 Retrying in 1 seconds
Warning: Unused states in tlLogic 'J10', program '0' in phase 0 after tl-index 10
Simulation......
总奖励:-10770.749087825323, 速度奖励:-4917.746900034576, 加速度奖励:-2538.2821877914994, 交通灯奖励:-3314.719999996713, 与前车进行交互的惩罚:0.0
Episode:38/100, Reward:-10770.749087825323
Episode:38/100, avg speed:5.833515452635946
Episode:38/100, avg halt num:0.8774394347240915
Episode:38/100, avg elec cons:0.332611752885503
 Retrying in 1 seconds
Warning: Unused states in tlLogic 'J10', program '0' in phase 0 after tl-index 10
Simulation......
总奖励:-9609.744287430241, 速度奖励:-4496.141243043513, 加速度奖励:-2197.273044387412, 交通灯奖励:-2916.3299999978517, 与前车进行交互的惩罚:0.0
Episode:39/100, Reward:-9609.744287430241
Episode:39/100, avg speed:5.9839021607346945
Episode:39/100, avg halt num:0.6497309275087053
Episode:39/100, avg elec cons:0.3526929159401601
 Retrying in 1 seconds
Warning: Unused states in tlLogic 'J10', program '0' in phase 0 after tl-index 10
Simulation......
总奖励:-10215.587548684282, 速度奖励:-4771.882070226524, 加速度奖励:-2276.8254784583783, 交通灯奖励:-3166.879999997255, 与前车进行交互的惩罚:0.0
Episode:40/100, Reward:-10215.587548684282
Episode:40/100, avg speed:6.101045472448281
Episode:40/100, avg halt num:0.569693094629156
Episode:40/100, avg elec cons:0.3088289069297266
 Retrying in 1 seconds
Warning: Unused states in tlLogic 'J10', program '0' in phase 0 after tl-index 10
Simulation......
总奖励:-12978.81574091578, 速度奖励:-5433.013226673478, 加速度奖励:-3526.932514242913, 交通灯奖励:-4018.8699999954188, 与前车进行交互的惩罚:0.0
Episode:41/100, Reward:-12978.81574091578
Episode:41/100, avg speed:6.353224842176879
Episode:41/100, avg halt num:0.541603401153963
Episode:41/100, avg elec cons:0.36738631738012145
 Retrying in 1 seconds
Warning: Unused states in tlLogic 'J10', program '0' in phase 0 after tl-index 10
Simulation......
总奖励:-8208.685000404193, 速度奖励:-3623.734922967259, 加速度奖励:-2055.480077437246, 交通灯奖励:-2529.4699999987492, 与前车进行交互的惩罚:0.0
Episode:42/100, Reward:-8208.685000404193
Episode:42/100, avg speed:7.84613749024385
Episode:42/100, avg halt num:0.5233369098712446
Episode:42/100, avg elec cons:0.43004889464051843
 Retrying in 1 seconds
Warning: Unused states in tlLogic 'J10', program '0' in phase 0 after tl-index 10
Simulation......
总奖励:-2698.218160010926, 速度奖励:-1340.702520344986, 加速度奖励:-706.8456396659494, 交通灯奖励:-650.6700000001161, 与前车进行交互的惩罚:0.0
Episode:43/100, Reward:-2698.218160010926
Episode:43/100, avg speed:10.349993757657405
Episode:43/100, avg halt num:0.18356843309187953
Episode:43/100, avg elec cons:0.6835314438617598
 Retrying in 1 seconds
Warning: Unused states in tlLogic 'J10', program '0' in phase 0 after tl-index 10
Simulation......
总奖励:-1851.8195800051199, 速度奖励:-1131.7631431499963, 加速度奖励:-405.95643685512977, 交通灯奖励:-314.10000000002634, 与前车进行交互的惩罚:0.0
Episode:44/100, Reward:-1851.8195800051199
Episode:44/100, avg speed:11.31696391165669
Episode:44/100, avg halt num:0.09362549800796813
Episode:44/100, avg elec cons:0.5066508001327472
 Retrying in 1 seconds
Warning: Unused states in tlLogic 'J10', program '0' in phase 0 after tl-index 10
Simulation......
总奖励:-1697.7886056204495, 速度奖励:-1109.2284744660003, 加速度奖励:-313.3801311544588, 交通灯奖励:-275.18000000005844, 与前车进行交互的惩罚:0.0
Episode:45/100, Reward:-1697.7886056204495
Episode:45/100, avg speed:10.970531301211064
Episode:45/100, avg halt num:0.08095148552087252
Episode:45/100, avg elec cons:0.5207385048918715
 Retrying in 1 seconds
Warning: Unused states in tlLogic 'J10', program '0' in phase 0 after tl-index 10
Simulation......
总奖励:-1796.4414187302707, 速度奖励:-1191.6215637569878, 加速度奖励:-339.1398549732865, 交通灯奖励:-265.68000000002814, 与前车进行交互的惩罚:0.0
Episode:46/100, Reward:-1796.4414187302707
Episode:46/100, avg speed:11.593582367498078
Episode:46/100, avg halt num:0.07857595940374247
Episode:46/100, avg elec cons:0.4520176013416062
 Retrying in 1 seconds
Warning: Unused states in tlLogic 'J10', program '0' in phase 0 after tl-index 10
Simulation......
总奖励:-1952.575036458861, 速度奖励:-1275.5014137359854, 加速度奖励:-381.9736227228868, 交通灯奖励:-295.1000000000529, 与前车进行交互的惩罚:0.0
Episode:47/100, Reward:-1952.575036458861
Episode:47/100, avg speed:10.844909471956298
Episode:47/100, avg halt num:0.12518288222384785
Episode:47/100, avg elec cons:0.6543870899718208
 Retrying in 1 seconds
Warning: Unused states in tlLogic 'J10', program '0' in phase 0 after tl-index 10
Simulation......
总奖励:-1807.2090401670334, 速度奖励:-1201.1827355729954, 加速度奖励:-362.2663045940531, 交通灯奖励:-243.76000000002932, 与前车进行交互的惩罚:0.0
Episode:48/100, Reward:-1807.2090401670334
Episode:48/100, avg speed:10.85545005460557
Episode:48/100, avg halt num:0.1006006006006006
Episode:48/100, avg elec cons:0.5926189844552663
 Retrying in 1 seconds
Warning: Unused states in tlLogic 'J10', program '0' in phase 0 after tl-index 10
Simulation......
总奖励:-1860.808409059513, 速度奖励:-1206.364739939991, 加速度奖励:-385.6736691195238, 交通灯奖励:-268.77000000004546, 与前车进行交互的惩罚:0.0
Episode:49/100, Reward:-1860.808409059513
Episode:49/100, avg speed:11.653896549581576
Episode:49/100, avg halt num:0.08306092124814264
Episode:49/100, avg elec cons:0.44123674329732393
 Retrying in 1 seconds
Warning: Unused states in tlLogic 'J10', program '0' in phase 0 after tl-index 10
Simulation......
总奖励:-1641.4461389400735, 速度奖励:-1163.0253082590032, 加速度奖励:-279.38083068107835, 交通灯奖励:-199.03999999999715, 与前车进行交互的惩罚:0.0
Episode:50/100, Reward:-1641.4461389400735
Episode:50/100, avg speed:11.714495186501622
Episode:50/100, avg halt num:0.06562911725955205
Episode:50/100, avg elec cons:0.4893752294721111
 Retrying in 1 seconds
Warning: Unused states in tlLogic 'J10', program '0' in phase 0 after tl-index 10
Simulation......
总奖励:-1834.9318180791738, 速度奖励:-1205.6644400309892, 加速度奖励:-355.56737804818107, 交通灯奖励:-273.7000000000394, 与前车进行交互的惩罚:0.0
Episode:51/100, Reward:-1834.9318180791738
Episode:51/100, avg speed:11.82774987076343
Episode:51/100, avg halt num:0.10532591414944356
Episode:51/100, avg elec cons:0.5079348847419767
 Retrying in 1 seconds
Warning: Unused states in tlLogic 'J10', program '0' in phase 0 after tl-index 10
Simulation......
总奖励:-1734.290798088846, 速度奖励:-1129.9025860109844, 加速度奖励:-360.9582120778681, 交通灯奖励:-243.43000000004454, 与前车进行交互的惩罚:0.0
Episode:52/100, Reward:-1734.290798088846
Episode:52/100, avg speed:11.512293890882292
Episode:52/100, avg halt num:0.1166784702549575
Episode:52/100, avg elec cons:0.5734665812873895
 Retrying in 1 seconds
Warning: Unused states in tlLogic 'J10', program '0' in phase 0 after tl-index 10
Simulation......
总奖励:-1507.9213740323046, 速度奖励:-1046.0296955880028, 加速度奖励:-280.04167844430964, 交通灯奖励:-181.85000000000804, 与前车进行交互的惩罚:0.0
Episode:53/100, Reward:-1507.9213740323046
Episode:53/100, avg speed:11.72876531323597
Episode:53/100, avg halt num:0.05011577902745617
Episode:53/100, avg elec cons:0.5648054144628434
 Retrying in 1 seconds
Warning: Unused states in tlLogic 'J10', program '0' in phase 0 after tl-index 10
Simulation......
总奖励:-1626.7787548351243, 速度奖励:-1096.2906813359973, 加速度奖励:-321.5280734991296, 交通灯奖励:-208.96000000001428, 与前车进行交互的惩罚:0.0
Episode:54/100, Reward:-1626.7787548351243
Episode:54/100, avg speed:11.792127650073544
Episode:54/100, avg halt num:0.05910145888594164
Episode:54/100, avg elec cons:0.5745718471771453
 Retrying in 1 seconds
Warning: Unused states in tlLogic 'J10', program '0' in phase 0 after tl-index 10
Simulation......
总奖励:-1555.409040675987, 速度奖励:-1041.5334056400004, 加速度奖励:-305.8456350359944, 交通灯奖励:-208.03000000004067, 与前车进行交互的惩罚:0.0
Episode:55/100, Reward:-1555.409040675987
Episode:55/100, avg speed:11.033936433304255
Episode:55/100, avg halt num:0.06343984962406016
Episode:55/100, avg elec cons:0.6998317718606227
 Retrying in 1 seconds
Warning: Unused states in tlLogic 'J10', program '0' in phase 0 after tl-index 10
Simulation......
总奖励:-1737.6223472851866, 速度奖励:-1198.6282383299965, 加速度奖励:-287.6441089552134, 交通灯奖励:-251.35000000005613, 与前车进行交互的惩罚:0.0
Episode:56/100, Reward:-1737.6223472851866
Episode:56/100, avg speed:11.291141473630244
Episode:56/100, avg halt num:0.09343346140412155
Episode:56/100, avg elec cons:0.5293053171418675
 Retrying in 1 seconds
Warning: Unused states in tlLogic 'J10', program '0' in phase 0 after tl-index 10
Simulation......
总奖励:-1444.031069998718, 速度奖励:-1069.5271071960037, 加速度奖励:-227.50396280273378, 交通灯奖励:-147.00000000001515, 与前车进行交互的惩罚:0.0
Episode:57/100, Reward:-1444.031069998718
Episode:57/100, avg speed:10.959669920929505
Episode:57/100, avg halt num:0.05588822355289421
Episode:57/100, avg elec cons:0.5953287580854819
 Retrying in 1 seconds
Warning: Unused states in tlLogic 'J10', program '0' in phase 0 after tl-index 10
Simulation......
总奖励:-1678.9430371739588, 速度奖励:-1164.1662087029988, 加速度奖励:-289.2068284709735, 交通灯奖励:-225.57000000003862, 与前车进行交互的惩罚:0.0
Episode:58/100, Reward:-1678.9430371739588
Episode:58/100, avg speed:10.72454507261643
Episode:58/100, avg halt num:0.08862843858969392
Episode:58/100, avg elec cons:0.5535785979666794
 Retrying in 1 seconds
Warning: Unused states in tlLogic 'J10', program '0' in phase 0 after tl-index 10
Simulation......
总奖励:-1631.7556847693402, 速度奖励:-1197.0008101440017, 加速度奖励:-237.0048746253408, 交通灯奖励:-197.75000000003104, 与前车进行交互的惩罚:0.0
Episode:59/100, Reward:-1631.7556847693402
Episode:59/100, avg speed:11.464458666427555
Episode:59/100, avg halt num:0.07946232626188734
Episode:59/100, avg elec cons:0.5025118618510526
 Retrying in 1 seconds
Warning: Unused states in tlLogic 'J10', program '0' in phase 0 after tl-index 10
Simulation......
总奖励:-1368.4199241912838, 速度奖励:-1064.5571168279982, 加速度奖励:-175.8728073632847, 交通灯奖励:-127.98999999997116, 与前车进行交互的惩罚:0.0
Episode:60/100, Reward:-1368.4199241912838
Episode:60/100, avg speed:11.918351879460191
Episode:60/100, avg halt num:0.027661290322580644
Episode:60/100, avg elec cons:0.47959210463543306
 Retrying in 1 seconds
Warning: Unused states in tlLogic 'J10', program '0' in phase 0 after tl-index 10
Simulation......
总奖励:-1577.0995545190299, 速度奖励:-1193.4290688210026, 加速度奖励:-204.1204856980385, 交通灯奖励:-179.55000000002264, 与前车进行交互的惩罚:0.0
Episode:61/100, Reward:-1577.0995545190299
Episode:61/100, avg speed:10.763919342043303
Episode:61/100, avg halt num:0.07111408882082695
Episode:61/100, avg elec cons:0.5821754047942908
 Retrying in 1 seconds
Warning: Unused states in tlLogic 'J10', program '0' in phase 0 after tl-index 10
Simulation......
总奖励:-1324.9543904071077, 速度奖励:-974.391949827004, 加速度奖励:-201.89244058010928, 交通灯奖励:-148.66999999999257, 与前车进行交互的惩罚:0.0
Episode:62/100, Reward:-1324.9543904071077
Episode:62/100, avg speed:11.937562986306991
Episode:62/100, avg halt num:0.018350973028337318
Episode:62/100, avg elec cons:0.693464000115171
 Retrying in 1 seconds
Warning: Unused states in tlLogic 'J10', program '0' in phase 0 after tl-index 10
Simulation......
总奖励:-1105.3508311575124, 速度奖励:-831.8459850480101, 加速度奖励:-167.61484610951246, 交通灯奖励:-105.88999999997755, 与前车进行交互的惩罚:0.0
Episode:63/100, Reward:-1105.3508311575124
Episode:63/100, avg speed:12.935498246822222
Episode:63/100, avg halt num:0.00016377333770062233
Episode:63/100, avg elec cons:0.8920567947282882
 Retrying in 1 seconds
Warning: Unused states in tlLogic 'J10', program '0' in phase 0 after tl-index 10
Simulation......
总奖励:-1010.160766588807, 速度奖励:-734.8008161520054, 加速度奖励:-175.11995043680858, 交通灯奖励:-100.23999999998304, 与前车进行交互的惩罚:0.0
Episode:64/100, Reward:-1010.160766588807
Episode:64/100, avg speed:13.024371256709976
Episode:64/100, avg halt num:0.0036900369003690036
Episode:64/100, avg elec cons:1.098987646832556
 Retrying in 1 seconds
Warning: Unused states in tlLogic 'J10', program '0' in phase 0 after tl-index 10
Simulation......
总奖励:-1028.203931322599, 速度奖励:-761.9452428060085, 加速度奖励:-160.4786885166014, 交通灯奖励:-105.77999999998056, 与前车进行交互的惩罚:0.0
Episode:65/100, Reward:-1028.203931322599
Episode:65/100, avg speed:12.861784834320149
Episode:65/100, avg halt num:0.009725196288365453
Episode:65/100, avg elec cons:0.8530904771954653
 Retrying in 1 seconds
Warning: Unused states in tlLogic 'J10', program '0' in phase 0 after tl-index 10
Simulation......
总奖励:-1051.4813049792326, 速度奖励:-801.498235446006, 加速度奖励:-150.1030695332344, 交通灯奖励:-99.87999999998348, 与前车进行交互的惩罚:0.0
Episode:66/100, Reward:-1051.4813049792326
Episode:66/100, avg speed:13.663285146518156
Episode:66/100, avg halt num:0.008383422967415375
Episode:66/100, avg elec cons:0.7717968821578731
 Retrying in 1 seconds
Warning: Unused states in tlLogic 'J10', program '0' in phase 0 after tl-index 10
Simulation......
总奖励:-949.5932800122617, 速度奖励:-714.7681365420061, 加速度奖励:-150.9751434702708, 交通灯奖励:-83.84999999998178, 与前车进行交互的惩罚:0.0
Episode:67/100, Reward:-949.5932800122617
Episode:67/100, avg speed:13.800949131143627
Episode:67/100, avg halt num:0.021416938110749184
Episode:67/100, avg elec cons:0.9265755931130335
 Retrying in 1 seconds
Warning: Unused states in tlLogic 'J10', program '0' in phase 0 after tl-index 10
Simulation......
总奖励:-937.9429831854876, 速度奖励:-667.4015626470006, 加速度奖励:-179.93142053848646, 交通灯奖励:-90.60999999999287, 与前车进行交互的惩罚:0.0
Episode:68/100, Reward:-937.9429831854876
Episode:68/100, avg speed:13.809144446228764
Episode:68/100, avg halt num:0.020384487901889296
Episode:68/100, avg elec cons:0.917499981230752
 Retrying in 1 seconds
Warning: Unused states in tlLogic 'J10', program '0' in phase 0 after tl-index 10
Simulation......
总奖励:-1014.5044481158222, 速度奖励:-696.1732261019985, 加速度奖励:-188.68122201382954, 交通灯奖励:-129.64999999997247, 与前车进行交互的惩罚:0.0
Episode:69/100, Reward:-1014.5044481158222
Episode:69/100, avg speed:13.50415641018039
Episode:69/100, avg halt num:0.045398394070413836
Episode:69/100, avg elec cons:0.7721906116197632
 Retrying in 1 seconds
Warning: Unused states in tlLogic 'J10', program '0' in phase 0 after tl-index 10
Simulation......
总奖励:-1033.5921153397878, 速度奖励:-710.1292800690069, 加速度奖励:-239.84283527078776, 交通灯奖励:-83.61999999998909, 与前车进行交互的惩罚:0.0
Episode:70/100, Reward:-1033.5921153397878
Episode:70/100, avg speed:13.158930435052337
Episode:70/100, avg halt num:0.0
Episode:70/100, avg elec cons:0.8721184234574592
 Retrying in 1 seconds
Warning: Unused states in tlLogic 'J10', program '0' in phase 0 after tl-index 10
Simulation......
总奖励:-1271.9307371464772, 速度奖励:-814.1540545080059, 加速度奖励:-322.9666826384796, 交通灯奖励:-134.8099999999734, 与前车进行交互的惩罚:0.0
Episode:71/100, Reward:-1271.9307371464772
Episode:71/100, avg speed:13.297779039375222
Episode:71/100, avg halt num:0.0029867613819825637
Episode:71/100, avg elec cons:0.9800728540182861
 Retrying in 1 seconds
Warning: Unused states in tlLogic 'J10', program '0' in phase 0 after tl-index 10
Simulation......
总奖励:-1278.1626438998694, 速度奖励:-930.3786161459992, 加速度奖励:-234.3540277538707, 交通灯奖励:-113.42999999997049, 与前车进行交互的惩罚:0.0
Episode:72/100, Reward:-1278.1626438998694
Episode:72/100, avg speed:11.576932372410111
Episode:72/100, avg halt num:0.018605086013462977
Episode:72/100, avg elec cons:0.8143527091692372
 Retrying in 1 seconds
Warning: Unused states in tlLogic 'J10', program '0' in phase 0 after tl-index 10
Simulation......
总奖励:-1044.1390889382535, 速度奖励:-724.4561577780028, 加速度奖励:-213.672931160252, 交通灯奖励:-106.00999999998784, 与前车进行交互的惩罚:0.0
Episode:73/100, Reward:-1044.1390889382535
Episode:73/100, avg speed:13.348734747266318
Episode:73/100, avg halt num:0.011450381679389313
Episode:73/100, avg elec cons:0.7857459377854545
 Retrying in 1 seconds
Warning: Unused states in tlLogic 'J10', program '0' in phase 0 after tl-index 10
Simulation......
总奖励:-1290.4054955829295, 速度奖励:-894.6483257519975, 加速度奖励:-261.5071698309434, 交通灯奖励:-134.24999999999034, 与前车进行交互的惩罚:0.0
Episode:74/100, Reward:-1290.4054955829295
Episode:74/100, avg speed:12.801476956491724
Episode:74/100, avg halt num:0.06432246998284734
Episode:74/100, avg elec cons:0.7102828681793331
 Retrying in 1 seconds
Warning: Unused states in tlLogic 'J10', program '0' in phase 0 after tl-index 10
Simulation......
总奖励:-1155.8439904092634, 速度奖励:-906.9071488740082, 加速度奖励:-174.0468415352579, 交通灯奖励:-74.88999999999822, 与前车进行交互的惩罚:0.0
Episode:75/100, Reward:-1155.8439904092634
Episode:75/100, avg speed:12.800111238541747
Episode:75/100, avg halt num:0.0060280221570544155
Episode:75/100, avg elec cons:0.5439317881725412
 Retrying in 1 seconds
Warning: Unused states in tlLogic 'J10', program '0' in phase 0 after tl-index 10
Simulation......
总奖励:-1130.9636972944998, 速度奖励:-855.6499089720033, 加速度奖励:-170.6737883225031, 交通灯奖励:-104.63999999999336, 与前车进行交互的惩罚:0.0
Episode:76/100, Reward:-1130.9636972944998
Episode:76/100, avg speed:12.123983634742954
Episode:76/100, avg halt num:0.0229126213592233
Episode:76/100, avg elec cons:0.7041455809863031
 Retrying in 1 seconds
Warning: Unused states in tlLogic 'J10', program '0' in phase 0 after tl-index 10
Simulation......
总奖励:-1704.6188783595617, 速度奖励:-1260.5101273169869, 加速度奖励:-239.07875104257812, 交通灯奖励:-205.03000000001978, 与前车进行交互的惩罚:0.0
Episode:77/100, Reward:-1704.6188783595617
Episode:77/100, avg speed:11.146084371991229
Episode:77/100, avg halt num:0.13594040968342644
Episode:77/100, avg elec cons:0.4402695172244493
 Retrying in 1 seconds
Warning: Unused states in tlLogic 'J10', program '0' in phase 0 after tl-index 10
Simulation......
总奖励:-1363.706480936603, 速度奖励:-1044.0168556860099, 加速度奖励:-161.17962525061085, 交通灯奖励:-158.50999999999263, 与前车进行交互的惩罚:0.0
Episode:78/100, Reward:-1363.706480936603
Episode:78/100, avg speed:11.266211453967982
Episode:78/100, avg halt num:0.02974186307519641
Episode:78/100, avg elec cons:0.5059797461449527
 Retrying in 1 seconds
Warning: Unused states in tlLogic 'J10', program '0' in phase 0 after tl-index 10
Simulation......
总奖励:-1424.988288309914, 速度奖励:-1041.8917735349914, 加速度奖励:-223.30651477491728, 交通灯奖励:-159.7900000000016, 与前车进行交互的惩罚:0.0
Episode:79/100, Reward:-1424.988288309914
Episode:79/100, avg speed:11.423251376253186
Episode:79/100, avg halt num:0.05416666666666667
Episode:79/100, avg elec cons:0.5816079290352274
 Retrying in 1 seconds
Warning: Unused states in tlLogic 'J10', program '0' in phase 0 after tl-index 10
Simulation......
总奖励:-1639.248150912227, 速度奖励:-1031.4867140369918, 加速度奖励:-354.62143687524383, 交通灯奖励:-253.14000000003722, 与前车进行交互的惩罚:0.0
Episode:80/100, Reward:-1639.248150912227
Episode:80/100, avg speed:11.738147573798772
Episode:80/100, avg halt num:0.10687478676219721
Episode:80/100, avg elec cons:0.5431174360158283
 Retrying in 1 seconds
Warning: Unused states in tlLogic 'J10', program '0' in phase 0 after tl-index 10
Simulation......
总奖励:-1965.3441834232067, 速度奖励:-1342.3897898459852, 加速度奖励:-291.60439357722686, 交通灯奖励:-331.35000000006875, 与前车进行交互的惩罚:0.0
Episode:81/100, Reward:-1965.3441834232067
Episode:81/100, avg speed:10.764197655633764
Episode:81/100, avg halt num:0.17274640477025605
Episode:81/100, avg elec cons:0.4640051044770885
 Retrying in 1 seconds
Warning: Unused states in tlLogic 'J10', program '0' in phase 0 after tl-index 10
Simulation......
总奖励:-1700.3090104831613, 速度奖励:-1151.5119414029955, 加速度奖励:-307.1370690801706, 交通灯奖励:-241.66000000004294, 与前车进行交互的惩罚:0.0
Episode:82/100, Reward:-1700.3090104831613
Episode:82/100, avg speed:11.074762267360793
Episode:82/100, avg halt num:0.06918423106947696
Episode:82/100, avg elec cons:0.6597743772780909
 Retrying in 1 seconds
Warning: Unused states in tlLogic 'J10', program '0' in phase 0 after tl-index 10
Simulation......
总奖励:-1273.0551126727887, 速度奖励:-817.6126512059958, 加速度奖励:-291.94246146679444, 交通灯奖励:-163.49999999998744, 与前车进行交互的惩罚:0.0
Episode:83/100, Reward:-1273.0551126727887
Episode:83/100, avg speed:13.089425997649206
Episode:83/100, avg halt num:0.027396112600536194
Episode:83/100, avg elec cons:1.05868026706549
 Retrying in 1 seconds
Warning: Unused states in tlLogic 'J10', program '0' in phase 0 after tl-index 10
Simulation......
总奖励:-1367.3993470397827, 速度奖励:-848.9660757749937, 加速度奖励:-310.2232712647945, 交通灯奖励:-208.21000000001658, 与前车进行交互的惩罚:0.0
Episode:84/100, Reward:-1367.3993470397827
Episode:84/100, avg speed:12.022892868858213
Episode:84/100, avg halt num:0.10035005834305717
Episode:84/100, avg elec cons:0.9651744342955412
 Retrying in 1 seconds
Warning: Unused states in tlLogic 'J10', program '0' in phase 0 after tl-index 10
Simulation......
总奖励:-1174.2158524866659, 速度奖励:-850.162603122008, 加速度奖励:-169.83324936466596, 交通灯奖励:-154.2199999999906, 与前车进行交互的惩罚:0.0
Episode:85/100, Reward:-1174.2158524866659
Episode:85/100, avg speed:12.971237035917165
Episode:85/100, avg halt num:0.01759167492566898
Episode:85/100, avg elec cons:0.6509885080711099
 Retrying in 1 seconds
Warning: Unused states in tlLogic 'J10', program '0' in phase 0 after tl-index 10
Simulation......
总奖励:-1630.0518605055101, 速度奖励:-1004.8078307609962, 加速度奖励:-373.2640297445083, 交通灯奖励:-251.98000000003532, 与前车进行交互的惩罚:0.0
Episode:86/100, Reward:-1630.0518605055101
Episode:86/100, avg speed:12.273341561651081
Episode:86/100, avg halt num:0.041579262810908
Episode:86/100, avg elec cons:0.696208474782709
 Retrying in 1 seconds
Warning: Unused states in tlLogic 'J10', program '0' in phase 0 after tl-index 10
Simulation......
总奖励:-1658.1396075218324, 速度奖励:-1084.8509970929947, 加速度奖励:-337.32861042883087, 交通灯奖励:-235.96000000004383, 与前车进行交互的惩罚:0.0
Episode:87/100, Reward:-1658.1396075218324
Episode:87/100, avg speed:11.060485710544357
Episode:87/100, avg halt num:0.040286298568507156
Episode:87/100, avg elec cons:0.8300044602517297
 Retrying in 1 seconds
Warning: Unused states in tlLogic 'J10', program '0' in phase 0 after tl-index 10
Simulation......
总奖励:-1251.4953564597508, 速度奖励:-934.8407458920058, 加速度奖励:-163.274610567745, 交通灯奖励:-153.37999999999212, 与前车进行交互的惩罚:0.0
Episode:88/100, Reward:-1251.4953564597508
Episode:88/100, avg speed:12.526529728276437
Episode:88/100, avg halt num:0.013576158940397352
Episode:88/100, avg elec cons:0.6662175865855291
 Retrying in 1 seconds
Warning: Unused states in tlLogic 'J10', program '0' in phase 0 after tl-index 10
Simulation......
总奖励:-1626.6315684231838, 速度奖励:-1160.7098214599962, 加速度奖励:-213.991746963199, 交通灯奖励:-251.93000000004787, 与前车进行交互的惩罚:0.0
Episode:89/100, Reward:-1626.6315684231838
Episode:89/100, avg speed:11.182065376464816
Episode:89/100, avg halt num:0.06005291005291005
Episode:89/100, avg elec cons:0.5023668501328207
 Retrying in 1 seconds
Warning: Unused states in tlLogic 'J10', program '0' in phase 0 after tl-index 10
Simulation......
总奖励:-2476.8300328966043, 速度奖励:-1624.5336742109712, 加速度奖励:-361.90635868562714, 交通灯奖励:-490.3900000000863, 与前车进行交互的惩罚:0.0
Episode:90/100, Reward:-2476.8300328966043
Episode:90/100, avg speed:9.792517947552835
Episode:90/100, avg halt num:0.25351577347016346
Episode:90/100, avg elec cons:0.41320317705482296
 Retrying in 1 seconds
Warning: Unused states in tlLogic 'J10', program '0' in phase 0 after tl-index 10
Simulation......
总奖励:-2587.958318510603, 速度奖励:-1808.3614840829441, 加速度奖励:-396.606834427641, 交通灯奖励:-382.9900000000835, 与前车进行交互的惩罚:0.0
Episode:91/100, Reward:-2587.958318510603
Episode:91/100, avg speed:9.045421715520375
Episode:91/100, avg halt num:0.3366031390134529
Episode:91/100, avg elec cons:0.38240312295542844
 Retrying in 1 seconds
Warning: Unused states in tlLogic 'J10', program '0' in phase 0 after tl-index 10
Simulation......
总奖励:-1711.5569661706054, 速度奖励:-1352.36725184699, 加速度奖励:-196.85971432361913, 交通灯奖励:-162.33000000000396, 与前车进行交互的惩罚:0.0
Episode:92/100, Reward:-1711.5569661706054
Episode:92/100, avg speed:10.248431152551563
Episode:92/100, avg halt num:0.15656565656565657
Episode:92/100, avg elec cons:0.39941982785275015
 Retrying in 1 seconds
Warning: Unused states in tlLogic 'J10', program '0' in phase 0 after tl-index 10
Simulation......
总奖励:-1450.736852086328, 速度奖励:-1130.9461331940056, 加速度奖励:-175.87071889233053, 交通灯奖励:-143.91999999998419, 与前车进行交互的惩罚:0.0
Episode:93/100, Reward:-1450.736852086328
Episode:93/100, avg speed:10.963965979269384
Episode:93/100, avg halt num:0.041733708769107
Episode:93/100, avg elec cons:0.6231607604197529
 Retrying in 1 seconds
Warning: Unused states in tlLogic 'J10', program '0' in phase 0 after tl-index 10
Simulation......
总奖励:-1404.354632183568, 速度奖励:-1086.2060208930054, 加速度奖励:-191.15861129057149, 交通灯奖励:-126.98999999998621, 与前车进行交互的惩罚:0.0
Episode:94/100, Reward:-1404.354632183568
Episode:94/100, avg speed:11.577448912910128
Episode:94/100, avg halt num:0.024580730023018745
Episode:94/100, avg elec cons:0.5078631283965982
 Retrying in 1 seconds
Warning: Unused states in tlLogic 'J10', program '0' in phase 0 after tl-index 10
Simulation......
总奖励:-1565.897494174793, 速度奖励:-1182.0943754010027, 加速度奖励:-178.34311877380154, 交通灯奖励:-205.4600000000539, 与前车进行交互的惩罚:0.0
Episode:95/100, Reward:-1565.897494174793
Episode:95/100, avg speed:10.838157768924967
Episode:95/100, avg halt num:0.03319656844461022
Episode:95/100, avg elec cons:0.5626612278941135
 Retrying in 1 seconds
Warning: Unused states in tlLogic 'J10', program '0' in phase 0 after tl-index 10
Simulation......
总奖励:-1317.6383157932207, 速度奖励:-1026.3871814399988, 加速度奖励:-166.05113435322443, 交通灯奖励:-125.1999999999705, 与前车进行交互的惩罚:0.0
Episode:96/100, Reward:-1317.6383157932207
Episode:96/100, avg speed:11.382672835190238
Episode:96/100, avg halt num:0.017369020501138952
Episode:96/100, avg elec cons:0.5423404583457792
 Retrying in 1 seconds
Warning: Unused states in tlLogic 'J10', program '0' in phase 0 after tl-index 10
Simulation......
总奖励:-1955.6152456402792, 速度奖励:-1375.1585430749728, 加速度奖励:-360.4967025653042, 交通灯奖励:-219.96000000006327, 与前车进行交互的惩罚:0.0
Episode:97/100, Reward:-1955.6152456402792
Episode:97/100, avg speed:10.723079050625621
Episode:97/100, avg halt num:0.2002857142857143
Episode:97/100, avg elec cons:0.45071962382264324
 Retrying in 1 seconds
Warning: Unused states in tlLogic 'J10', program '0' in phase 0 after tl-index 10
Simulation......
总奖励:-1515.0969863153614, 速度奖励:-1130.9037673589926, 加速度奖励:-210.6732189563689, 交通灯奖励:-173.51999999999663, 与前车进行交互的惩罚:0.0
Episode:98/100, Reward:-1515.0969863153614
Episode:98/100, avg speed:10.572878907504993
Episode:98/100, avg halt num:0.1203386605783866
Episode:98/100, avg elec cons:0.5081967841275175
 Retrying in 1 seconds
Warning: Unused states in tlLogic 'J10', program '0' in phase 0 after tl-index 10
Simulation......
总奖励:-1571.197648124914, 速度奖励:-1207.569719141983, 加速度奖励:-206.8279289829318, 交通灯奖励:-156.8000000000054, 与前车进行交互的惩罚:0.0
Episode:99/100, Reward:-1571.197648124914
Episode:99/100, avg speed:11.679518232197534
Episode:99/100, avg halt num:0.1398347943358058
Episode:99/100, avg elec cons:0.4148095850491128
 Retrying in 1 seconds
Warning: Unused states in tlLogic 'J10', program '0' in phase 0 after tl-index 10
Simulation......
总奖励:-1446.7462832964236, 速度奖励:-1121.4990067499937, 加速度奖励:-168.13727654643367, 交通灯奖励:-157.11000000001377, 与前车进行交互的惩罚:0.0
Episode:100/100, Reward:-1446.7462832964236
Episode:100/100, avg speed:12.012517110031368
Episode:100/100, avg halt num:0.08435880829015543
Episode:100/100, avg elec cons:0.42626843406040593
model saved successfully!
Complete training!
final reward list:[-2663.5458346611344, -3083.8463046980432, -2297.7244648398655, -2462.8993168519173, -1494.483777721775, -1390.8898430818736, -1373.574900848437, -1375.1592767690863, -1164.9078029100826, -1247.9396131275037, -1505.8003167610575, -1084.1217273682732, -1204.1007386423012, -1067.0407403481806, -1148.630212222608, -2440.9514821437187, -2944.944692242333, -10830.220238426644, -9755.6656847011, -4444.6735616140295, -5013.944604536963, -2805.884540475872, -2607.6622528916555, -3885.3749371412027, -5774.948724843171, -6078.288166066544, -6868.229463233716, -5610.405131380196, -4150.778188364816, -6517.124984194336, -4525.6034671714115, -5369.159570145955, -3550.057720903804, -1535.291449184075, -1774.699950876069, -3658.9325957068936, -10155.804276848334, -10770.749087825323, -9609.744287430241, -10215.587548684282, -12978.81574091578, -8208.685000404193, -2698.218160010926, -1851.8195800051199, -1697.7886056204495, -1796.4414187302707, -1952.575036458861, -1807.2090401670334, -1860.808409059513, -1641.4461389400735, -1834.9318180791738, -1734.290798088846, -1507.9213740323046, -1626.7787548351243, -1555.409040675987, -1737.6223472851866, -1444.031069998718, -1678.9430371739588, -1631.7556847693402, -1368.4199241912838, -1577.0995545190299, -1324.9543904071077, -1105.3508311575124, -1010.160766588807, -1028.203931322599, -1051.4813049792326, -949.5932800122617, -937.9429831854876, -1014.5044481158222, -1033.5921153397878, -1271.9307371464772, -1278.1626438998694, -1044.1390889382535, -1290.4054955829295, -1155.8439904092634, -1130.9636972944998, -1704.6188783595617, -1363.706480936603, -1424.988288309914, -1639.248150912227, -1965.3441834232067, -1700.3090104831613, -1273.0551126727887, -1367.3993470397827, -1174.2158524866659, -1630.0518605055101, -1658.1396075218324, -1251.4953564597508, -1626.6315684231838, -2476.8300328966043, -2587.958318510603, -1711.5569661706054, -1450.736852086328, -1404.354632183568, -1565.897494174793, -1317.6383157932207, -1955.6152456402792, -1515.0969863153614, -1571.197648124914, -1446.7462832964236]
final speed list:[14.437917980568516, 14.017458994774065, 15.42731772716608, 14.018278438616347, 14.836533633378574, 14.2112868725753, 14.201882079215522, 14.096883958903067, 14.308910848903595, 14.205800170641087, 13.49608251479914, 13.934908654538711, 13.869085835320274, 14.016720484599801, 13.737089346308144, 10.159417191982012, 10.95325525978857, 5.109957858514279, 7.541418920679424, 9.06064424495429, 8.6382782316565, 10.563765074230187, 11.051156359363748, 9.68627117304582, 8.406507170834413, 8.017418558339964, 7.5967156773208115, 7.280490451010095, 8.185099191040953, 8.278569710896612, 8.81579783811203, 7.99647395411952, 9.343263807683638, 12.53652478144404, 13.163944446965033, 8.805354463572368, 6.100867412526283, 5.833515452635946, 5.9839021607346945, 6.101045472448281, 6.353224842176879, 7.84613749024385, 10.349993757657405, 11.31696391165669, 10.970531301211064, 11.593582367498078, 10.844909471956298, 10.85545005460557, 11.653896549581576, 11.714495186501622, 11.82774987076343, 11.512293890882292, 11.72876531323597, 11.792127650073544, 11.033936433304255, 11.291141473630244, 10.959669920929505, 10.72454507261643, 11.464458666427555, 11.918351879460191, 10.763919342043303, 11.937562986306991, 12.935498246822222, 13.024371256709976, 12.861784834320149, 13.663285146518156, 13.800949131143627, 13.809144446228764, 13.50415641018039, 13.158930435052337, 13.297779039375222, 11.576932372410111, 13.348734747266318, 12.801476956491724, 12.800111238541747, 12.123983634742954, 11.146084371991229, 11.266211453967982, 11.423251376253186, 11.738147573798772, 10.764197655633764, 11.074762267360793, 13.089425997649206, 12.022892868858213, 12.971237035917165, 12.273341561651081, 11.060485710544357, 12.526529728276437, 11.182065376464816, 9.792517947552835, 9.045421715520375, 10.248431152551563, 10.963965979269384, 11.577448912910128, 10.838157768924967, 11.382672835190238, 10.723079050625621, 10.572878907504993, 11.679518232197534, 12.012517110031368]
final elec cons list:[1.762902998089894, 1.8991220424325361, 1.9904302584324034, 2.309739888690393, 2.183587657792126, 2.298869379395211, 1.868284098654962, 1.8344626831682902, 1.770770025599156, 1.9681060421811987, 0.9712957679942718, 1.4039707914691852, 0.9792007998147856, 1.61464049969807, 1.3701153658573815, 0.560590108324064, 0.4101036550098356, 0.45554390700296316, 0.4672886100449601, 0.48752553243317925, 0.48727220963205914, 0.5883696117656989, 0.4457007321668111, 0.40216565565888734, 0.32344068836269024, 0.3678980239345344, 0.3951227092653209, 0.45744821220107856, 0.3859058728358143, 0.4361103263618338, 0.4992708731724039, 0.43019526033985284, 0.45443325230193393, 0.7635317567474356, 0.937267878819676, 0.47489944757198266, 0.36621969557124395, 0.332611752885503, 0.3526929159401601, 0.3088289069297266, 0.36738631738012145, 0.43004889464051843, 0.6835314438617598, 0.5066508001327472, 0.5207385048918715, 0.4520176013416062, 0.6543870899718208, 0.5926189844552663, 0.44123674329732393, 0.4893752294721111, 0.5079348847419767, 0.5734665812873895, 0.5648054144628434, 0.5745718471771453, 0.6998317718606227, 0.5293053171418675, 0.5953287580854819, 0.5535785979666794, 0.5025118618510526, 0.47959210463543306, 0.5821754047942908, 0.693464000115171, 0.8920567947282882, 1.098987646832556, 0.8530904771954653, 0.7717968821578731, 0.9265755931130335, 0.917499981230752, 0.7721906116197632, 0.8721184234574592, 0.9800728540182861, 0.8143527091692372, 0.7857459377854545, 0.7102828681793331, 0.5439317881725412, 0.7041455809863031, 0.4402695172244493, 0.5059797461449527, 0.5816079290352274, 0.5431174360158283, 0.4640051044770885, 0.6597743772780909, 1.05868026706549, 0.9651744342955412, 0.6509885080711099, 0.696208474782709, 0.8300044602517297, 0.6662175865855291, 0.5023668501328207, 0.41320317705482296, 0.38240312295542844, 0.39941982785275015, 0.6231607604197529, 0.5078631283965982, 0.5626612278941135, 0.5423404583457792, 0.45071962382264324, 0.5081967841275175, 0.4148095850491128, 0.42626843406040593]
final halt list:[0.3433744722312439, 0.4596020761245675, 0.2728015691402419, 0.261513778784447, 0.17053178728508597, 0.15516014234875444, 0.14221199727334696, 0.11355826304279913, 0.10789559014267186, 0.13705186216498433, 0.20258344030808728, 0.09633105802047781, 0.11834733893557423, 0.09779179810725552, 0.0921914816163087, 0.2778679653679654, 0.1492398386596339, 1.286840106342575, 0.5372184133202742, 0.3501533742331288, 0.628446348733234, 0.27790739411342424, 0.17910087012568482, 0.31633119853613906, 0.3319183795055109, 0.33709472345835984, 0.3758903685351502, 0.49943778110944526, 0.41986947063089197, 0.6835703001579779, 0.4079986268451768, 0.3316953316953317, 0.2670549084858569, 0.0667283742847526, 0.1269057519057519, 0.3130413057961359, 1.2425912540657753, 0.8774394347240915, 0.6497309275087053, 0.569693094629156, 0.541603401153963, 0.5233369098712446, 0.18356843309187953, 0.09362549800796813, 0.08095148552087252, 0.07857595940374247, 0.12518288222384785, 0.1006006006006006, 0.08306092124814264, 0.06562911725955205, 0.10532591414944356, 0.1166784702549575, 0.05011577902745617, 0.05910145888594164, 0.06343984962406016, 0.09343346140412155, 0.05588822355289421, 0.08862843858969392, 0.07946232626188734, 0.027661290322580644, 0.07111408882082695, 0.018350973028337318, 0.00016377333770062233, 0.0036900369003690036, 0.009725196288365453, 0.008383422967415375, 0.021416938110749184, 0.020384487901889296, 0.045398394070413836, 0.0, 0.0029867613819825637, 0.018605086013462977, 0.011450381679389313, 0.06432246998284734, 0.0060280221570544155, 0.0229126213592233, 0.13594040968342644, 0.02974186307519641, 0.05416666666666667, 0.10687478676219721, 0.17274640477025605, 0.06918423106947696, 0.027396112600536194, 0.10035005834305717, 0.01759167492566898, 0.041579262810908, 0.040286298568507156, 0.013576158940397352, 0.06005291005291005, 0.25351577347016346, 0.3366031390134529, 0.15656565656565657, 0.041733708769107, 0.024580730023018745, 0.03319656844461022, 0.017369020501138952, 0.2002857142857143, 0.1203386605783866, 0.1398347943358058, 0.08435880829015543]
speed reward list:[-930.6574919819515, -1184.5730724479397, -632.1608023769669, -675.9133933589766, -487.07690057098586, -612.8126188559795, -644.9766402059804, -650.5080999299804, -581.897546270981, -601.2727364249802, -849.8570887889683, -610.3068420779831, -652.6487162339849, -596.2131542519911, -681.9905962889957, -1491.6142229759596, -1532.5959397229767, -5329.622637315667, -3957.3669557434914, -2155.3249191479854, -2782.6318777411884, -1542.3650734859623, -1493.493853499971, -2106.709934615954, -2770.5306201661324, -2970.4063209031087, -3257.2222981561654, -2997.960614325188, -2286.491218235984, -3413.692306854375, -2271.0414160709997, -2538.261590553092, -1868.4572799599664, -902.4875135639983, -815.258233664984, -1971.5817433949578, -5204.566987497771, -4917.746900034576, -4496.141243043513, -4771.882070226524, -5433.013226673478, -3623.734922967259, -1340.702520344986, -1131.7631431499963, -1109.2284744660003, -1191.6215637569878, -1275.5014137359854, -1201.1827355729954, -1206.364739939991, -1163.0253082590032, -1205.6644400309892, -1129.9025860109844, -1046.0296955880028, -1096.2906813359973, -1041.5334056400004, -1198.6282383299965, -1069.5271071960037, -1164.1662087029988, -1197.0008101440017, -1064.5571168279982, -1193.4290688210026, -974.391949827004, -831.8459850480101, -734.8008161520054, -761.9452428060085, -801.498235446006, -714.7681365420061, -667.4015626470006, -696.1732261019985, -710.1292800690069, -814.1540545080059, -930.3786161459992, -724.4561577780028, -894.6483257519975, -906.9071488740082, -855.6499089720033, -1260.5101273169869, -1044.0168556860099, -1041.8917735349914, -1031.4867140369918, -1342.3897898459852, -1151.5119414029955, -817.6126512059958, -848.9660757749937, -850.162603122008, -1004.8078307609962, -1084.8509970929947, -934.8407458920058, -1160.7098214599962, -1624.5336742109712, -1808.3614840829441, -1352.36725184699, -1130.9461331940056, -1086.2060208930054, -1182.0943754010027, -1026.3871814399988, -1375.1585430749728, -1130.9037673589926, -1207.569719141983, -1121.4990067499937]
accel reward list:[-711.2383426792711, -681.333232250229, -815.9736624629528, -934.3659234929514, -471.656877150789, -462.6772242258873, -431.53826064246334, -451.57117683910553, -344.8702566390945, -414.3668767025176, -355.9332279720911, -262.03488529028846, -286.36202240831705, -281.9775860961866, -288.19961593361705, -580.3172591677593, -729.2887525193385, -1981.527601111769, -3194.878728958104, -1433.1086424661114, -1044.892726796007, -659.2094669899061, -576.1483993916715, -809.0050025252357, -1441.6981046772269, -1635.0718451635773, -1820.5971650777515, -1102.8245170552277, -564.2469701288633, -909.3326773404056, -1092.8720511004724, -1579.5279795930053, -991.7504409438174, -285.03393562008546, -466.38171721108466, -1022.5708523119449, -1556.2072893515235, -2538.2821877914994, -2197.273044387412, -2276.8254784583783, -3526.932514242913, -2055.480077437246, -706.8456396659494, -405.95643685512977, -313.3801311544588, -339.1398549732865, -381.9736227228868, -362.2663045940531, -385.6736691195238, -279.38083068107835, -355.56737804818107, -360.9582120778681, -280.04167844430964, -321.5280734991296, -305.8456350359944, -287.6441089552134, -227.50396280273378, -289.2068284709735, -237.0048746253408, -175.8728073632847, -204.1204856980385, -201.89244058010928, -167.61484610951246, -175.11995043680858, -160.4786885166014, -150.1030695332344, -150.9751434702708, -179.93142053848646, -188.68122201382954, -239.84283527078776, -322.9666826384796, -234.3540277538707, -213.672931160252, -261.5071698309434, -174.0468415352579, -170.6737883225031, -239.07875104257812, -161.17962525061085, -223.30651477491728, -354.62143687524383, -291.60439357722686, -307.1370690801706, -291.94246146679444, -310.2232712647945, -169.83324936466596, -373.2640297445083, -337.32861042883087, -163.274610567745, -213.991746963199, -361.90635868562714, -396.606834427641, -196.85971432361913, -175.87071889233053, -191.15861129057149, -178.34311877380154, -166.05113435322443, -360.4967025653042, -210.6732189563689, -206.8279289829318, -168.13727654643367]
tls reward list:[-1021.6500000001678, -1217.9400000002197, -849.5900000001097, -852.6200000001134, -535.7500000000331, -315.40000000003266, -297.0600000000386, -273.08000000003426, -238.14000000002, -232.30000000001453, -300.0100000000438, -211.78000000000904, -265.0900000000272, -188.85000000001253, -178.4400000000267, -369.0200000000704, -683.0600000001195, -3519.0699999964854, -2603.419999998186, -856.2400000002049, -1186.4200000003357, -604.3100000000961, -538.0200000000834, -969.6600000002414, -1562.7200000004034, -1472.810000000416, -1790.4100000005042, -1509.6200000004267, -1300.0400000003197, -2194.099999999969, -1161.6900000003025, -1251.3700000003205, -689.8500000001603, -347.77000000002664, -493.06000000004707, -664.7800000001407, -3395.029999996559, -3314.719999996713, -2916.3299999978517, -3166.879999997255, -4018.8699999954188, -2529.4699999987492, -650.6700000001161, -314.10000000002634, -275.18000000005844, -265.68000000002814, -295.1000000000529, -243.76000000002932, -268.77000000004546, -199.03999999999715, -273.7000000000394, -243.43000000004454, -181.85000000000804, -208.96000000001428, -208.03000000004067, -251.35000000005613, -147.00000000001515, -225.57000000003862, -197.75000000003104, -127.98999999997116, -179.55000000002264, -148.66999999999257, -105.88999999997755, -100.23999999998304, -105.77999999998056, -99.87999999998348, -83.84999999998178, -90.60999999999287, -129.64999999997247, -83.61999999998909, -134.8099999999734, -113.42999999997049, -106.00999999998784, -134.24999999999034, -74.88999999999822, -104.63999999999336, -205.03000000001978, -158.50999999999263, -159.7900000000016, -253.14000000003722, -331.35000000006875, -241.66000000004294, -163.49999999998744, -208.21000000001658, -154.2199999999906, -251.98000000003532, -235.96000000004383, -153.37999999999212, -251.93000000004787, -490.3900000000863, -382.9900000000835, -162.33000000000396, -143.91999999998419, -126.98999999998621, -205.4600000000539, -125.1999999999705, -219.96000000006327, -173.51999999999663, -156.8000000000054, -157.11000000001377]
extra reward list:[0.0, 0.0, 0.0, 0.0, 0.0, 0.0, 0.0, 0.0, 0.0, 0.0, 0.0, 0.0, 0.0, 0.0, 0.0, 0.0, 0.0, 0.0, 0.0, 0.0, 0.0, 0.0, 0.0, 0.0, 0.0, 0.0, 0.0, 0.0, 0.0, 0.0, 0.0, 0.0, 0.0, 0.0, 0.0, 0.0, 0.0, 0.0, 0.0, 0.0, 0.0, 0.0, 0.0, 0.0, 0.0, 0.0, 0.0, 0.0, 0.0, 0.0, 0.0, 0.0, 0.0, 0.0, 0.0, 0.0, 0.0, 0.0, 0.0, 0.0, 0.0, 0.0, 0.0, 0.0, 0.0, 0.0, 0.0, 0.0, 0.0, 0.0, 0.0, 0.0, 0.0, 0.0, 0.0, 0.0, 0.0, 0.0, 0.0, 0.0, 0.0, 0.0, 0.0, 0.0, 0.0, 0.0, 0.0, 0.0, 0.0, 0.0, 0.0, 0.0, 0.0, 0.0, 0.0, 0.0, 0.0, 0.0, 0.0, 0.0]
