nohup: 忽略输入
Env:sumo, Algorithm:TD3, Device:cuda
-----------------------------------------
models/reward_s0.18_a8e-2_t(-2_0.1)_safe(4.5,-0.6).pth
-----------------------------------------
 Retrying in 1 seconds
Warning: Unused states in tlLogic 'J10', program '0' in phase 0 after tl-index 10
Simulation......
总奖励:-158300.1560960526, 速度奖励:-100153.04256971077, 加速度奖励:-15660.813526332404, 交通灯奖励:-38147.70000001995, 与前车进行交互的惩罚:-4338.599999999709
Episode:1/100, Reward:-158300.1560960526
Episode:1/100, avg speed:6.738954190052325
Episode:1/100, avg halt num:0.4202755905511811
Episode:1/100, avg elec cons:0.6126084614373584
 Retrying in 1 seconds
Warning: Unused states in tlLogic 'J10', program '0' in phase 0 after tl-index 10
Simulation......
总奖励:-165155.89057050608, 速度奖励:-104697.76894216814, 加速度奖励:-15562.521628325907, 交通灯奖励:-39783.60000002162, 与前车进行交互的惩罚:-5112.000000000178
Episode:2/100, Reward:-165155.89057050608
Episode:2/100, avg speed:6.445550898876776
Episode:2/100, avg halt num:0.5359825721153846
Episode:2/100, avg elec cons:0.6517442324500664
 Retrying in 1 seconds
Warning: Unused states in tlLogic 'J10', program '0' in phase 0 after tl-index 10
Simulation......
总奖励:-58607.30814669098, 速度奖励:-35477.228662200556, 加速度奖励:-4940.379484493361, 交通灯奖励:-15486.099999996692, 与前车进行交互的惩罚:-2703.599999999773
Episode:3/100, Reward:-58607.30814669098
Episode:3/100, avg speed:12.313217006562375
Episode:3/100, avg halt num:0.2678912213740458
Episode:3/100, avg elec cons:1.262025863911118
 Retrying in 1 seconds
Warning: Unused states in tlLogic 'J10', program '0' in phase 0 after tl-index 10
Simulation......
总奖励:-19262.498900008995, 速度奖励:-14144.011682760176, 加速度奖励:-1080.7872172491745, 交通灯奖励:-3103.5000000006553, 与前车进行交互的惩罚:-934.2000000000239
Episode:4/100, Reward:-19262.498900008995
Episode:4/100, avg speed:12.836828771439999
Episode:4/100, avg halt num:0.11298353121409421
Episode:4/100, avg elec cons:1.547934146868243
 Retrying in 1 seconds
Warning: Unused states in tlLogic 'J10', program '0' in phase 0 after tl-index 10
Simulation......
总奖励:-15293.089391314692, 速度奖励:-10880.070796980195, 加速度奖励:-1277.018594334746, 交通灯奖励:-2271.400000000469, 与前车进行交互的惩罚:-864.6000000000213
Episode:5/100, Reward:-15293.089391314692
Episode:5/100, avg speed:14.043682442488846
Episode:5/100, avg halt num:0.10212933753943218
Episode:5/100, avg elec cons:2.1458748119921953
 Retrying in 1 seconds
Warning: Unused states in tlLogic 'J10', program '0' in phase 0 after tl-index 10
Simulation......
总奖励:-25015.149405582055, 速度奖励:-18749.303460540646, 加速度奖励:-1381.645945043613, 交通灯奖励:-3720.8000000007783, 与前车进行交互的惩罚:-1163.4000000000062
Episode:6/100, Reward:-25015.149405582055
Episode:6/100, avg speed:12.42699381753597
Episode:6/100, avg halt num:0.2363909508660304
Episode:6/100, avg elec cons:1.043748776849417
 Retrying in 1 seconds
Warning: Unused states in tlLogic 'J10', program '0' in phase 0 after tl-index 10
Simulation......
总奖励:-16357.16077974766, 速度奖励:-11412.177998940262, 加速度奖励:-1384.7827808079348, 交通灯奖励:-2743.600000000406, 与前车进行交互的惩罚:-816.6000000000195
Episode:7/100, Reward:-16357.16077974766
Episode:7/100, avg speed:14.826744432826878
Episode:7/100, avg halt num:0.10680829708932753
Episode:7/100, avg elec cons:2.1839037696776717
 Retrying in 1 seconds
Warning: Unused states in tlLogic 'J10', program '0' in phase 0 after tl-index 10
Simulation......
总奖励:-48513.27956919687, 速度奖励:-36298.62513972113, 加速度奖励:-1629.754429480791, 交通灯奖励:-8175.299999996838, 与前车进行交互的惩罚:-2409.5999999998176
Episode:8/100, Reward:-48513.27956919687
Episode:8/100, avg speed:9.962566417142266
Episode:8/100, avg halt num:0.3280740740740741
Episode:8/100, avg elec cons:0.45176883208286145
 Retrying in 1 seconds
Warning: Unused states in tlLogic 'J10', program '0' in phase 0 after tl-index 10
Simulation......
总奖励:-18666.101540965836, 速度奖励:-14045.940010800123, 加速度奖励:-1239.761530165919, 交通灯奖励:-2845.8000000005904, 与前车进行交互的惩罚:-534.6000000000088
Episode:9/100, Reward:-18666.101540965836
Episode:9/100, avg speed:13.289226857029934
Episode:9/100, avg halt num:0.06469440832249675
Episode:9/100, avg elec cons:1.4252068477494533
 Retrying in 1 seconds
Warning: Unused states in tlLogic 'J10', program '0' in phase 0 after tl-index 10
Simulation......
总奖励:-15684.143839181923, 速度奖励:-10803.516097680123, 加速度奖励:-1177.8277415020107, 交通灯奖励:-3192.2000000003927, 与前车进行交互的惩罚:-510.6000000000079
Episode:10/100, Reward:-15684.143839181923
Episode:10/100, avg speed:14.332116282537273
Episode:10/100, avg halt num:0.07728873239436619
Episode:10/100, avg elec cons:1.7876710977531995
 Retrying in 1 seconds
Warning: Unused states in tlLogic 'J10', program '0' in phase 0 after tl-index 10
Simulation......
总奖励:-13845.518990385664, 速度奖励:-10223.31284118015, 加速度奖励:-949.1061492055672, 交通灯奖励:-2265.7000000005364, 与前车进行交互的惩罚:-407.400000000004
Episode:11/100, Reward:-13845.518990385664
Episode:11/100, avg speed:15.14974142436345
Episode:11/100, avg halt num:0.06829429231276807
Episode:11/100, avg elec cons:1.723373116945306
 Retrying in 1 seconds
Warning: Unused states in tlLogic 'J10', program '0' in phase 0 after tl-index 10
Simulation......
总奖励:-12808.352639458486, 速度奖励:-9938.98446282007, 加速度奖励:-906.2681766385878, 交通灯奖励:-1436.3000000001089, 与前车进行交互的惩罚:-526.8000000000085
Episode:12/100, Reward:-12808.352639458486
Episode:12/100, avg speed:14.739668221575888
Episode:12/100, avg halt num:0.04619377162629758
Episode:12/100, avg elec cons:1.934236899626367
 Retrying in 1 seconds
Warning: Unused states in tlLogic 'J10', program '0' in phase 0 after tl-index 10
Simulation......
总奖励:-21691.23138454861, 速度奖励:-14293.543285080405, 加速度奖励:-1604.1880994695066, 交通灯奖励:-4611.49999999961, 与前车进行交互的惩罚:-1182.0000000000034
Episode:13/100, Reward:-21691.23138454861
Episode:13/100, avg speed:13.869828406566095
Episode:13/100, avg halt num:0.15928593319031567
Episode:13/100, avg elec cons:1.5538256497252931
 Retrying in 1 seconds
Warning: Unused states in tlLogic 'J10', program '0' in phase 0 after tl-index 10
Simulation......
总奖励:-15693.40581630839, 速度奖励:-11755.530111780066, 加速度奖励:-1324.7757045285316, 交通灯奖励:-2032.3000000004204, 与前车进行交互的惩罚:-580.8000000000105
Episode:14/100, Reward:-15693.40581630839
Episode:14/100, avg speed:14.035625525507342
Episode:14/100, avg halt num:0.07705177879535048
Episode:14/100, avg elec cons:2.0287465427967204
 Retrying in 1 seconds
Warning: Unused states in tlLogic 'J10', program '0' in phase 0 after tl-index 10
Simulation......
总奖励:-15435.066771693933, 速度奖励:-10096.294141800203, 加速度奖励:-1396.8726298942095, 交通灯奖励:-2785.7000000004728, 与前车进行交互的惩罚:-1156.2000000000073
Episode:15/100, Reward:-15435.066771693933
Episode:15/100, avg speed:15.054681620997462
Episode:15/100, avg halt num:0.12620638455827765
Episode:15/100, avg elec cons:2.2909164417296313
 Retrying in 1 seconds
Warning: Unused states in tlLogic 'J10', program '0' in phase 0 after tl-index 10
Simulation......
总奖励:-16688.815495131366, 速度奖励:-10706.400486360242, 加速度奖励:-1202.1150087713927, 交通灯奖励:-3763.9000000005262, 与前车进行交互的惩罚:-1016.400000000027
Episode:16/100, Reward:-16688.815495131366
Episode:16/100, avg speed:14.740943736513048
Episode:16/100, avg halt num:0.15506088280060884
Episode:16/100, avg elec cons:2.2693545976448957
 Retrying in 1 seconds
Warning: Unused states in tlLogic 'J10', program '0' in phase 0 after tl-index 10
Simulation......
总奖励:-14800.389093558246, 速度奖励:-10363.549487040194, 加速度奖励:-1111.2396065183548, 交通灯奖励:-2629.600000000488, 与前车进行交互的惩罚:-696.0000000000149
Episode:17/100, Reward:-14800.389093558246
Episode:17/100, avg speed:14.887267696688843
Episode:17/100, avg halt num:0.1183252427184466
Episode:17/100, avg elec cons:2.0781801620292497
 Retrying in 1 seconds
Warning: Unused states in tlLogic 'J10', program '0' in phase 0 after tl-index 10
Simulation......
总奖励:-13341.437365633612, 速度奖励:-9429.830662860204, 加速度奖励:-1027.9067027738315, 交通灯奖励:-2270.5000000003993, 与前车进行交互的惩罚:-613.2000000000118
Episode:18/100, Reward:-13341.437365633612
Episode:18/100, avg speed:14.24737349151215
Episode:18/100, avg halt num:0.10365111561866126
Episode:18/100, avg elec cons:2.630304415238074
 Retrying in 1 seconds
Warning: Unused states in tlLogic 'J10', program '0' in phase 0 after tl-index 10
Simulation......
总奖励:-14383.270003345446, 速度奖励:-10261.274246640194, 加速度奖励:-1005.8957567055636, 交通灯奖励:-2408.700000000459, 与前车进行交互的惩罚:-707.4000000000153
Episode:19/100, Reward:-14383.270003345446
Episode:19/100, avg speed:14.895260614338937
Episode:19/100, avg halt num:0.12617328519855595
Episode:19/100, avg elec cons:2.105398845972739
 Retrying in 1 seconds
Warning: Unused states in tlLogic 'J10', program '0' in phase 0 after tl-index 10
Simulation......
总奖励:-13301.016372284723, 速度奖励:-9604.560777300188, 加速度奖励:-971.2555949847996, 交通灯奖励:-2137.800000000443, 与前车进行交互的惩罚:-587.4000000000108
Episode:20/100, Reward:-13301.016372284723
Episode:20/100, avg speed:15.000680324702964
Episode:20/100, avg halt num:0.10085513078470824
Episode:20/100, avg elec cons:1.7249579360306504
 Retrying in 1 seconds
Warning: Unused states in tlLogic 'J10', program '0' in phase 0 after tl-index 10
Simulation......
总奖励:-21753.06686660061, 速度奖励:-16990.685272800067, 加速度奖励:-1177.881593800597, 交通灯奖励:-2511.1000000007, 与前车进行交互的惩罚:-1073.4000000000199
Episode:21/100, Reward:-21753.06686660061
Episode:21/100, avg speed:12.598251593674025
Episode:21/100, avg halt num:0.09061302681992338
Episode:21/100, avg elec cons:0.9862564571863698
 Retrying in 1 seconds
Warning: Unused states in tlLogic 'J10', program '0' in phase 0 after tl-index 10
Simulation......
总奖励:-14471.262983109373, 速度奖励:-10766.911373640154, 加速度奖励:-1072.8516094696283, 交通灯奖励:-1818.5000000001817, 与前车进行交互的惩罚:-813.0000000000193
Episode:22/100, Reward:-14471.262983109373
Episode:22/100, avg speed:14.377135251399753
Episode:22/100, avg halt num:0.0717680608365019
Episode:22/100, avg elec cons:2.5700543931720627
 Retrying in 1 seconds
Warning: Unused states in tlLogic 'J10', program '0' in phase 0 after tl-index 10
Simulation......
总奖励:-16459.55927232852, 速度奖励:-10193.724292500308, 加速度奖励:-1274.6349798286221, 交通灯奖励:-4127.2000000004355, 与前车进行交互的惩罚:-864.0000000000213
Episode:23/100, Reward:-16459.55927232852
Episode:23/100, avg speed:15.217916532807909
Episode:23/100, avg halt num:0.1478114478114478
Episode:23/100, avg elec cons:1.7827532247689715
 Retrying in 1 seconds
Warning: Unused states in tlLogic 'J10', program '0' in phase 0 after tl-index 10
Simulation......
总奖励:-14853.813688432969, 速度奖励:-10024.25111370034, 加速度奖励:-992.9625747330495, 交通灯奖励:-3196.4000000005626, 与前车进行交互的惩罚:-640.2000000000128
Episode:24/100, Reward:-14853.813688432969
Episode:24/100, avg speed:15.021413373849649
Episode:24/100, avg halt num:0.14019769357495881
Episode:24/100, avg elec cons:1.7623879071315576
 Retrying in 1 seconds
Warning: Unused states in tlLogic 'J10', program '0' in phase 0 after tl-index 10
Simulation......
总奖励:-14724.14136046977, 速度奖励:-10828.756570320184, 加速度奖励:-900.384790149786, 交通灯奖励:-2386.6000000004933, 与前车进行交互的惩罚:-608.4000000000116
Episode:25/100, Reward:-14724.14136046977
Episode:25/100, avg speed:14.47054491298482
Episode:25/100, avg halt num:0.10036740146960588
Episode:25/100, avg elec cons:1.3882747158206874
 Retrying in 1 seconds
Warning: Unused states in tlLogic 'J10', program '0' in phase 0 after tl-index 10
Simulation......
总奖励:-21790.050409326588, 速度奖励:-17494.242596640044, 加速度奖励:-1083.9078126868899, 交通灯奖励:-2260.300000000499, 与前车进行交互的惩罚:-951.6000000000246
Episode:26/100, Reward:-21790.050409326588
Episode:26/100, avg speed:12.397280662067505
Episode:26/100, avg halt num:0.03771796815769522
Episode:26/100, avg elec cons:1.0284598396368227
 Retrying in 1 seconds
Warning: Unused states in tlLogic 'J10', program '0' in phase 0 after tl-index 10
Simulation......
总奖励:-18517.55229012896, 速度奖励:-15074.891694539987, 加速度奖励:-850.3605955889626, 交通灯奖励:-1944.3000000006664, 与前车进行交互的惩罚:-648.0000000000131
Episode:27/100, Reward:-18517.55229012896
Episode:27/100, avg speed:12.903656174342533
Episode:27/100, avg halt num:0.04890358510268013
Episode:27/100, avg elec cons:1.048990528307127
 Retrying in 1 seconds
Warning: Unused states in tlLogic 'J10', program '0' in phase 0 after tl-index 10
Simulation......
总奖励:-13573.77783245484, 速度奖励:-10831.177868580007, 加速度奖励:-800.6999638748779, 交通灯奖励:-1463.1000000001752, 与前车进行交互的惩罚:-478.8000000000067
Episode:28/100, Reward:-13573.77783245484
Episode:28/100, avg speed:13.232521834929301
Episode:28/100, avg halt num:0.037324234904880065
Episode:28/100, avg elec cons:1.8963549072805395
 Retrying in 1 seconds
Warning: Unused states in tlLogic 'J10', program '0' in phase 0 after tl-index 10
Simulation......
总奖励:-13054.51695118692, 速度奖励:-10631.604026700064, 加速度奖励:-661.0129244869494, 交通灯奖励:-1058.6999999998766, 与前车进行交互的惩罚:-703.2000000000152
Episode:29/100, Reward:-13054.51695118692
Episode:29/100, avg speed:13.863484237745762
Episode:29/100, avg halt num:0.050916699880430454
Episode:29/100, avg elec cons:1.525283091578564
 Retrying in 1 seconds
Warning: Unused states in tlLogic 'J10', program '0' in phase 0 after tl-index 10
Simulation......
总奖励:-20870.092009107266, 速度奖励:-16790.22935100009, 加速度奖励:-1038.2626581073107, 交通灯奖励:-1852.4000000005376, 与前车进行交互的惩罚:-1189.2000000000023
Episode:30/100, Reward:-20870.092009107266
Episode:30/100, avg speed:12.787010700026254
Episode:30/100, avg halt num:0.05140507196710076
Episode:30/100, avg elec cons:0.9451000998566964
 Retrying in 1 seconds
Warning: Unused states in tlLogic 'J10', program '0' in phase 0 after tl-index 10
Simulation......
总奖励:-17814.457294392745, 速度奖励:-14939.554674779858, 加速度奖励:-913.4026196128221, 交通灯奖励:-1273.9000000000533, 与前车进行交互的惩罚:-687.6000000000146
Episode:31/100, Reward:-17814.457294392745
Episode:31/100, avg speed:12.967920690266334
Episode:31/100, avg halt num:0.009527299377061194
Episode:31/100, avg elec cons:1.4197828601664746
 Retrying in 1 seconds
Warning: Unused states in tlLogic 'J10', program '0' in phase 0 after tl-index 10
Simulation......
总奖励:-13180.506614929038, 速度奖励:-10952.695391759979, 加速度奖励:-796.3112231691754, 交通灯奖励:-1018.0999999998153, 与前车进行交互的惩罚:-413.40000000000424
Episode:32/100, Reward:-13180.506614929038
Episode:32/100, avg speed:13.751912530391849
Episode:32/100, avg halt num:0.007984790874524715
Episode:32/100, avg elec cons:1.8626925464106154
 Retrying in 1 seconds
Warning: Unused states in tlLogic 'J10', program '0' in phase 0 after tl-index 10
Simulation......
总奖励:-11584.272370030221, 速度奖励:-9681.529128660004, 加速度奖励:-827.7432413702851, 交通灯奖励:-833.7999999998796, 与前车进行交互的惩罚:-241.19999999999843
Episode:33/100, Reward:-11584.272370030221
Episode:33/100, avg speed:14.179875838298306
Episode:33/100, avg halt num:0.004640980735551664
Episode:33/100, avg elec cons:1.5089960515751735
 Retrying in 1 seconds
Warning: Unused states in tlLogic 'J10', program '0' in phase 0 after tl-index 10
Simulation......
总奖励:-11826.5175772061, 速度奖励:-9875.597125319982, 加速度奖励:-812.5204518860855, 交通灯奖励:-771.1999999998651, 与前车进行交互的惩罚:-367.2000000000025
Episode:34/100, Reward:-11826.5175772061
Episode:34/100, avg speed:14.423378016744563
Episode:34/100, avg halt num:0.009608665269042627
Episode:34/100, avg elec cons:1.5663017787827445
 Retrying in 1 seconds
Warning: Unused states in tlLogic 'J10', program '0' in phase 0 after tl-index 10
Simulation......
总奖励:-11228.789984198957, 速度奖励:-8779.439520360018, 加速度奖励:-966.4504638390304, 交通灯奖励:-1034.6999999998607, 与前车进行交互的惩罚:-448.20000000000556
Episode:35/100, Reward:-11228.789984198957
Episode:35/100, avg speed:14.944335437916632
Episode:35/100, avg halt num:0.014859813084112149
Episode:35/100, avg elec cons:2.2411100512114244
 Retrying in 1 seconds
Warning: Unused states in tlLogic 'J10', program '0' in phase 0 after tl-index 10
Simulation......
总奖励:-13023.00653501877, 速度奖励:-9867.896286480247, 加速度奖励:-881.8102485389225, 交通灯奖励:-1588.100000000166, 与前车进行交互的惩罚:-685.2000000000145
Episode:36/100, Reward:-13023.00653501877
Episode:36/100, avg speed:14.690385800316294
Episode:36/100, avg halt num:0.10031728256812243
Episode:36/100, avg elec cons:2.1464510643709658
 Retrying in 1 seconds
Warning: Unused states in tlLogic 'J10', program '0' in phase 0 after tl-index 10
Simulation......
总奖励:-12671.879860776256, 速度奖励:-9777.52119168016, 加速度奖励:-915.7586690963573, 交通灯奖励:-1314.9999999999877, 与前车进行交互的惩罚:-663.6000000000137
Episode:37/100, Reward:-12671.879860776256
Episode:37/100, avg speed:14.162564723609925
Episode:37/100, avg halt num:0.07493676222596965
Episode:37/100, avg elec cons:2.203289846422874
 Retrying in 1 seconds
Warning: Unused states in tlLogic 'J10', program '0' in phase 0 after tl-index 10
Simulation......
总奖励:-10680.599837502015, 速度奖励:-8709.632671860036, 加速度奖励:-834.5671656420594, 交通灯奖励:-687.5999999998575, 与前车进行交互的惩罚:-448.8000000000056
Episode:38/100, Reward:-10680.599837502015
Episode:38/100, avg speed:14.603666587892196
Episode:38/100, avg halt num:0.015576923076923077
Episode:38/100, avg elec cons:1.8016441223689483
 Retrying in 1 seconds
Warning: Unused states in tlLogic 'J10', program '0' in phase 0 after tl-index 10
Simulation......
总奖励:-16630.78607198234, 速度奖励:-13072.509850859973, 加速度奖励:-1380.7762211223892, 交通灯奖励:-1525.3000000000766, 与前车进行交互的惩罚:-652.2000000000132
Episode:39/100, Reward:-16630.78607198234
Episode:39/100, avg speed:13.489429161317307
Episode:39/100, avg halt num:0.006677072493929934
Episode:39/100, avg elec cons:1.8019507578406093
 Retrying in 1 seconds
Warning: Unused states in tlLogic 'J10', program '0' in phase 0 after tl-index 10
Simulation......
总奖励:-11796.472895544348, 速度奖励:-9620.825109300004, 加速度奖励:-932.2477862445002, 交通灯奖励:-750.1999999998379, 与前车进行交互的惩罚:-493.20000000000726
Episode:40/100, Reward:-11796.472895544348
Episode:40/100, avg speed:14.385984465790068
Episode:40/100, avg halt num:0.0030120481927710845
Episode:40/100, avg elec cons:2.0172593574949826
 Retrying in 1 seconds
Warning: Unused states in tlLogic 'J10', program '0' in phase 0 after tl-index 10
Simulation......
总奖励:-11393.098042083779, 速度奖励:-9261.150439320105, 加速度奖励:-778.047602763988, 交通灯奖励:-851.0999999998648, 与前车进行交互的惩罚:-502.8000000000076
Episode:41/100, Reward:-11393.098042083779
Episode:41/100, avg speed:14.66150738019747
Episode:41/100, avg halt num:0.02614795918367347
Episode:41/100, avg elec cons:2.2170635028409404
 Retrying in 1 seconds
Warning: Unused states in tlLogic 'J10', program '0' in phase 0 after tl-index 10
Simulation......
总奖励:-14044.298022023353, 速度奖励:-9405.806201640356, 加速度奖励:-1133.8918203835556, 交通灯奖励:-2653.200000000315, 与前车进行交互的惩罚:-851.4000000000208
Episode:42/100, Reward:-14044.298022023353
Episode:42/100, avg speed:14.961647859182207
Episode:42/100, avg halt num:0.12686710072769053
Episode:42/100, avg elec cons:2.2831857251481456
 Retrying in 1 seconds
Warning: Unused states in tlLogic 'J10', program '0' in phase 0 after tl-index 10
Simulation......
总奖励:-16246.16802982924, 速度奖励:-9652.029393960376, 加速度奖励:-1309.4386358694896, 交通灯奖励:-4308.5000000004375, 与前车进行交互的惩罚:-976.2000000000255
Episode:43/100, Reward:-16246.16802982924
Episode:43/100, avg speed:14.99646904459985
Episode:43/100, avg halt num:0.1973116169544741
Episode:43/100, avg elec cons:2.3890208796628443
 Retrying in 1 seconds
Warning: Unused states in tlLogic 'J10', program '0' in phase 0 after tl-index 10
Simulation......
总奖励:-16252.266422913795, 速度奖励:-9803.52990036037, 加速度奖励:-1330.1365225540944, 交通灯奖励:-4125.000000000542, 与前车进行交互的惩罚:-993.6000000000262
Episode:44/100, Reward:-16252.266422913795
Episode:44/100, avg speed:15.318782008793214
Episode:44/100, avg halt num:0.17933358292774243
Episode:44/100, avg elec cons:2.2616449636497036
 Retrying in 1 seconds
Warning: Unused states in tlLogic 'J10', program '0' in phase 0 after tl-index 10
Simulation......
总奖励:-17630.502004982936, 速度奖励:-10530.061795980459, 加速度奖励:-1602.3402090033808, 交通灯奖励:-4312.500000000465, 与前车进行交互的惩罚:-1185.6000000000029
Episode:45/100, Reward:-17630.502004982936
Episode:45/100, avg speed:14.741992186349835
Episode:45/100, avg halt num:0.2230814408770556
Episode:45/100, avg elec cons:2.364127181807987
 Retrying in 1 seconds
Warning: Unused states in tlLogic 'J10', program '0' in phase 0 after tl-index 10
Simulation......
总奖励:-19303.178767547553, 速度奖励:-9553.754196360398, 加速度奖励:-1612.0245711878883, 交通灯奖励:-6672.199999999398, 与前车进行交互的惩罚:-1465.1999999999605
Episode:46/100, Reward:-19303.178767547553
Episode:46/100, avg speed:15.880990754979264
Episode:46/100, avg halt num:0.20709325396825398
Episode:46/100, avg elec cons:2.150302900920566
 Retrying in 1 seconds
Warning: Unused states in tlLogic 'J10', program '0' in phase 0 after tl-index 10
Simulation......
总奖励:-22401.86951539334, 速度奖励:-11145.72128652052, 加速度奖励:-1608.4482288744296, 交通灯奖励:-7902.2999999990325, 与前车进行交互的惩罚:-1745.399999999918
Episode:47/100, Reward:-22401.86951539334
Episode:47/100, avg speed:15.061176705785924
Episode:47/100, avg halt num:0.30238095238095236
Episode:47/100, avg elec cons:2.4462205935495698
 Retrying in 1 seconds
Warning: Unused states in tlLogic 'J10', program '0' in phase 0 after tl-index 10
Simulation......
总奖励:-21650.465059601767, 速度奖励:-10663.032341160488, 加速度奖励:-1596.532718442564, 交通灯奖励:-7640.099999999058, 与前车进行交互的惩罚:-1750.7999999999172
Episode:48/100, Reward:-21650.465059601767
Episode:48/100, avg speed:15.11159538087912
Episode:48/100, avg halt num:0.2944948697711129
Episode:48/100, avg elec cons:2.541303874835532
 Retrying in 1 seconds
Warning: Unused states in tlLogic 'J10', program '0' in phase 0 after tl-index 10
Simulation......
总奖励:-20148.79693379592, 速度奖励:-9733.927973940403, 加速度奖励:-1548.7689598565696, 交通灯奖励:-7504.099999999266, 与前车进行交互的惩罚:-1361.9999999999761
Episode:49/100, Reward:-20148.79693379592
Episode:49/100, avg speed:15.810380920112333
Episode:49/100, avg halt num:0.22000628140703518
Episode:49/100, avg elec cons:2.0997826759845983
 Retrying in 1 seconds
Warning: Unused states in tlLogic 'J10', program '0' in phase 0 after tl-index 10
Simulation......
总奖励:-20228.363979471673, 速度奖励:-10232.241146820523, 加速度奖励:-1549.7228326525, 交通灯奖励:-6904.3999999993275, 与前车进行交互的惩罚:-1541.9999999999488
Episode:50/100, Reward:-20228.363979471673
Episode:50/100, avg speed:15.269190140878568
Episode:50/100, avg halt num:0.2605463347164592
Episode:50/100, avg elec cons:2.2399828175972303
 Retrying in 1 seconds
Warning: Unused states in tlLogic 'J10', program '0' in phase 0 after tl-index 10
Simulation......
总奖励:-20378.370814039885, 速度奖励:-10036.890024840388, 加速度奖励:-1522.0807892002385, 交通灯奖励:-7225.799999999169, 与前车进行交互的惩罚:-1593.599999999941
Episode:51/100, Reward:-20378.370814039885
Episode:51/100, avg speed:15.862633176069812
Episode:51/100, avg halt num:0.23702711750920658
Episode:51/100, avg elec cons:2.2113197979717403
 Retrying in 1 seconds
Warning: Unused states in tlLogic 'J10', program '0' in phase 0 after tl-index 10
Simulation......
总奖励:-21403.76838848084, 速度奖励:-10484.523101700444, 加速度奖励:-1579.8452867816277, 交通灯奖励:-7638.399999999241, 与前车进行交互的惩罚:-1700.9999999999247
Episode:52/100, Reward:-21403.76838848084
Episode:52/100, avg speed:15.375731613735944
Episode:52/100, avg halt num:0.27026276831976315
Episode:52/100, avg elec cons:2.383819203901676
 Retrying in 1 seconds
Warning: Unused states in tlLogic 'J10', program '0' in phase 0 after tl-index 10
Simulation......
总奖励:-20617.260036509397, 速度奖励:-10091.041561620472, 加速度奖励:-1555.818474890022, 交通灯奖励:-7486.599999999224, 与前车进行交互的惩罚:-1483.7999999999577
Episode:53/100, Reward:-20617.260036509397
Episode:53/100, avg speed:15.514869625027098
Episode:53/100, avg halt num:0.24501520784048664
Episode:53/100, avg elec cons:2.207459644412219
 Retrying in 1 seconds
Warning: Unused states in tlLogic 'J10', program '0' in phase 0 after tl-index 10
Simulation......
总奖励:-21671.46428825947, 速度奖励:-10840.47276024045, 加速度奖励:-1610.7915280200496, 交通灯奖励:-7540.199999999102, 与前车进行交互的惩罚:-1679.999999999928
Episode:54/100, Reward:-21671.46428825947
Episode:54/100, avg speed:15.354805011900245
Episode:54/100, avg halt num:0.27241440169431697
Episode:54/100, avg elec cons:2.242500009555911
 Retrying in 1 seconds
Warning: Unused states in tlLogic 'J10', program '0' in phase 0 after tl-index 10
Simulation......
总奖励:-19486.698035450587, 速度奖励:-9728.644931640398, 加速度奖励:-1501.153103811156, 交通灯奖励:-6817.499999999264, 与前车进行交互的惩罚:-1439.3999999999644
Episode:55/100, Reward:-19486.698035450587
Episode:55/100, avg speed:15.12407446299737
Episode:55/100, avg halt num:0.27225232198142413
Episode:55/100, avg elec cons:2.585482457501377
 Retrying in 1 seconds
Warning: Unused states in tlLogic 'J10', program '0' in phase 0 after tl-index 10
Simulation......
总奖励:-21770.46251156551, 速度奖励:-10955.091759480465, 加速度奖励:-1617.9707520864151, 交通灯奖励:-7517.399999999147, 与前车进行交互的惩罚:-1679.999999999928
Episode:56/100, Reward:-21770.46251156551
Episode:56/100, avg speed:15.152657413280373
Episode:56/100, avg halt num:0.2830120043652237
Episode:56/100, avg elec cons:2.2866109459670745
 Retrying in 1 seconds
Warning: Unused states in tlLogic 'J10', program '0' in phase 0 after tl-index 10
Simulation......
总奖励:-21768.403947877337, 速度奖励:-10854.416157840504, 加速度奖励:-1574.8877900381744, 交通灯奖励:-7551.699999999125, 与前车进行交互的惩罚:-1787.3999999999116
Episode:57/100, Reward:-21768.403947877337
Episode:57/100, avg speed:15.117047894670074
Episode:57/100, avg halt num:0.31244897959183676
Episode:57/100, avg elec cons:2.6567070704504103
 Retrying in 1 seconds
Warning: Unused states in tlLogic 'J10', program '0' in phase 0 after tl-index 10
Simulation......
总奖励:-21152.831376789316, 速度奖励:-10234.508152860442, 加速度奖励:-1561.7232239300324, 交通灯奖励:-7639.999999999178, 与前车进行交互的惩罚:-1716.5999999999224
Episode:58/100, Reward:-21152.831376789316
Episode:58/100, avg speed:15.420544537557566
Episode:58/100, avg halt num:0.28216838760921364
Episode:58/100, avg elec cons:2.588128185096418
 Retrying in 1 seconds
Warning: Unused states in tlLogic 'J10', program '0' in phase 0 after tl-index 10
Simulation......
总奖励:-22821.444186785524, 速度奖励:-11184.74870004046, 加速度奖励:-1619.7954867465849, 交通灯奖励:-8101.699999999097, 与前车进行交互的惩罚:-1915.1999999998923
Episode:59/100, Reward:-22821.444186785524
Episode:59/100, avg speed:15.37466479054079
Episode:59/100, avg halt num:0.2980621642363776
Episode:59/100, avg elec cons:2.418941319019545
 Retrying in 1 seconds
Warning: Unused states in tlLogic 'J10', program '0' in phase 0 after tl-index 10
Simulation......
总奖励:-20467.22710329663, 速度奖励:-10010.020272840427, 加速度奖励:-1545.4068304572797, 交通灯奖励:-7410.599999999274, 与前车进行交互的惩罚:-1501.199999999955
Episode:60/100, Reward:-20467.22710329663
Episode:60/100, avg speed:15.614828244979805
Episode:60/100, avg halt num:0.24173346693386774
Episode:60/100, avg elec cons:2.18510679178922
 Retrying in 1 seconds
Warning: Unused states in tlLogic 'J10', program '0' in phase 0 after tl-index 10
Simulation......
总奖励:-21815.80158833924, 速度奖励:-10945.318841100472, 加速度奖励:-1578.9827472402185, 交通灯奖励:-7570.699999999151, 与前车进行交互的惩罚:-1720.7999999999217
Episode:61/100, Reward:-21815.80158833924
Episode:61/100, avg speed:14.944721026638687
Episode:61/100, avg halt num:0.3074950690335306
Episode:61/100, avg elec cons:2.5569246983590954
 Retrying in 1 seconds
Warning: Unused states in tlLogic 'J10', program '0' in phase 0 after tl-index 10
Simulation......
总奖励:-21501.247626257555, 速度奖励:-10408.594862700531, 加速度奖励:-1598.6527635584941, 交通灯奖励:-7875.199999999095, 与前车进行交互的惩罚:-1618.7999999999372
Episode:62/100, Reward:-21501.247626257555
Episode:62/100, avg speed:15.329482428225422
Episode:62/100, avg halt num:0.25818530128874956
Episode:62/100, avg elec cons:2.230096831237279
 Retrying in 1 seconds
Warning: Unused states in tlLogic 'J10', program '0' in phase 0 after tl-index 10
Simulation......
总奖励:-20931.621243926184, 速度奖励:-10421.622487800503, 加速度奖励:-1574.6987561269032, 交通灯奖励:-7320.69999999919, 与前车进行交互的惩罚:-1614.5999999999378
Episode:63/100, Reward:-20931.621243926184
Episode:63/100, avg speed:15.540731211766886
Episode:63/100, avg halt num:0.2546736913664174
Episode:63/100, avg elec cons:2.175719009576393
 Retrying in 1 seconds
Warning: Unused states in tlLogic 'J10', program '0' in phase 0 after tl-index 10
Simulation......
总奖励:-21191.166826126686, 速度奖励:-10527.500278800446, 加速度奖励:-1553.5665473272904, 交通灯奖励:-7431.899999999196, 与前车进行交互的惩罚:-1678.1999999999282
Episode:64/100, Reward:-21191.166826126686
Episode:64/100, avg speed:15.309804845338434
Episode:64/100, avg halt num:0.28260459856765924
Episode:64/100, avg elec cons:2.4666536378269823
 Retrying in 1 seconds
Warning: Unused states in tlLogic 'J10', program '0' in phase 0 after tl-index 10
Simulation......
总奖励:-19888.866684252844, 速度奖励:-9617.350075200411, 加速度奖励:-1553.0166090533119, 交通灯奖励:-7151.299999999246, 与前车进行交互的惩罚:-1567.199999999945
Episode:65/100, Reward:-19888.866684252844
Episode:65/100, avg speed:15.699895226305113
Episode:65/100, avg halt num:0.24572260647979613
Episode:65/100, avg elec cons:2.3754456423174855
 Retrying in 1 seconds
Warning: Unused states in tlLogic 'J10', program '0' in phase 0 after tl-index 10
Simulation......
总奖励:-21325.460534935217, 速度奖励:-10520.17528734049, 加速度奖励:-1560.2852475959494, 交通灯奖励:-7643.59999999928, 与前车进行交互的惩罚:-1601.3999999999398
Episode:66/100, Reward:-21325.460534935217
Episode:66/100, avg speed:15.825489627036323
Episode:66/100, avg halt num:0.24716369529983792
Episode:66/100, avg elec cons:2.113814878153313
 Retrying in 1 seconds
Warning: Unused states in tlLogic 'J10', program '0' in phase 0 after tl-index 10
Simulation......
总奖励:-20724.53997807915, 速度奖励:-10082.487893580477, 加速度奖励:-1584.6520844997706, 交通灯奖励:-7453.599999999327, 与前车进行交互的惩罚:-1603.7999999999395
Episode:67/100, Reward:-20724.53997807915
Episode:67/100, avg speed:15.932180535596261
Episode:67/100, avg halt num:0.23524535809018568
Episode:67/100, avg elec cons:2.120220860026399
 Retrying in 1 seconds
Warning: Unused states in tlLogic 'J10', program '0' in phase 0 after tl-index 10
Simulation......
总奖励:-20075.329942417087, 速度奖励:-9703.684417680419, 加速度奖励:-1575.045524737502, 交通灯奖励:-7220.39999999929, 与前车进行交互的惩罚:-1576.1999999999437
Episode:68/100, Reward:-20075.329942417087
Episode:68/100, avg speed:15.841144063145055
Episode:68/100, avg halt num:0.23166154895939953
Episode:68/100, avg elec cons:2.209531518621657
 Retrying in 1 seconds
Warning: Unused states in tlLogic 'J10', program '0' in phase 0 after tl-index 10
Simulation......
总奖励:-21025.66327306052, 速度奖励:-10493.66185884048, 加速度奖励:-1549.7014142212204, 交通灯奖励:-7499.699999999117, 与前车进行交互的惩罚:-1482.5999999999578
Episode:69/100, Reward:-21025.66327306052
Episode:69/100, avg speed:15.656573616731823
Episode:69/100, avg halt num:0.24335022165927803
Episode:69/100, avg elec cons:2.092397298051874
 Retrying in 1 seconds
Warning: Unused states in tlLogic 'J10', program '0' in phase 0 after tl-index 10
Simulation......
总奖励:-20081.10238836178, 速度奖励:-10087.439351760442, 加速度奖励:-1528.76303660233, 交通灯奖励:-7053.699999999275, 与前车进行交互的惩罚:-1411.1999999999687
Episode:70/100, Reward:-20081.10238836178
Episode:70/100, avg speed:15.573459114744477
Episode:70/100, avg halt num:0.24327608554763447
Episode:70/100, avg elec cons:2.131085766926763
 Retrying in 1 seconds
Warning: Unused states in tlLogic 'J10', program '0' in phase 0 after tl-index 10
Simulation......
总奖励:-20006.010684252447, 速度奖励:-9592.408415160418, 加速度奖励:-1542.002269092846, 交通灯奖励:-7321.199999999188, 与前车进行交互的惩罚:-1550.3999999999476
Episode:71/100, Reward:-20006.010684252447
Episode:71/100, avg speed:15.986946640685511
Episode:71/100, avg halt num:0.22303595206391477
Episode:71/100, avg elec cons:2.175758322356403
 Retrying in 1 seconds
Warning: Unused states in tlLogic 'J10', program '0' in phase 0 after tl-index 10
Simulation......
总奖励:-21376.060099288326, 速度奖励:-10518.573580560489, 加速度奖励:-1593.4865187292385, 交通灯奖励:-7664.999999999232, 与前车进行交互的惩罚:-1598.9999999999402
Episode:72/100, Reward:-21376.060099288326
Episode:72/100, avg speed:14.811495338234092
Episode:72/100, avg halt num:0.2879160363086233
Episode:72/100, avg elec cons:2.416392742865661
 Retrying in 1 seconds
Warning: Unused states in tlLogic 'J10', program '0' in phase 0 after tl-index 10
Simulation......
总奖励:-19843.642912984986, 速度奖励:-9674.563136580504, 加速度奖励:-1547.6797764056569, 交通灯奖励:-7300.79999999931, 与前车进行交互的惩罚:-1320.5999999999824
Episode:73/100, Reward:-19843.642912984986
Episode:73/100, avg speed:15.677526522739369
Episode:73/100, avg halt num:0.21166013859596264
Episode:73/100, avg elec cons:1.9903200803697751
 Retrying in 1 seconds
Warning: Unused states in tlLogic 'J10', program '0' in phase 0 after tl-index 10
Simulation......
总奖励:-22417.595475512884, 速度奖励:-11245.222722600534, 加速度奖励:-1620.2727529138012, 交通灯奖励:-7782.09999999912, 与前车进行交互的惩罚:-1769.9999999999143
Episode:74/100, Reward:-22417.595475512884
Episode:74/100, avg speed:15.360732708991158
Episode:74/100, avg halt num:0.28332151719248494
Episode:74/100, avg elec cons:2.2578943328360075
 Retrying in 1 seconds
Warning: Unused states in tlLogic 'J10', program '0' in phase 0 after tl-index 10
Simulation......
总奖励:-23263.694517664848, 速度奖励:-11749.244568480523, 加速度奖励:-1680.6499491857903, 交通灯奖励:-8028.399999999071, 与前车进行交互的惩罚:-1805.399999999909
Episode:75/100, Reward:-23263.694517664848
Episode:75/100, avg speed:15.39196562248828
Episode:75/100, avg halt num:0.2817619525242394
Episode:75/100, avg elec cons:2.0746746160971936
 Retrying in 1 seconds
Warning: Unused states in tlLogic 'J10', program '0' in phase 0 after tl-index 10
Simulation......
总奖励:-19429.119942723562, 速度奖励:-9166.466955600374, 加速度奖励:-1501.3529871241008, 交通灯奖励:-7102.299999999261, 与前车进行交互的惩罚:-1658.999999999931
Episode:76/100, Reward:-19429.119942723562
Episode:76/100, avg speed:15.62507872501385
Episode:76/100, avg halt num:0.25345950345950347
Episode:76/100, avg elec cons:2.7139028202123727
 Retrying in 1 seconds
Warning: Unused states in tlLogic 'J10', program '0' in phase 0 after tl-index 10
Simulation......
总奖励:-22707.108411616675, 速度奖励:-11288.387529540516, 加速度奖励:-1611.0208820775367, 交通灯奖励:-7918.299999999003, 与前车进行交互的惩罚:-1889.3999999998962
Episode:77/100, Reward:-22707.108411616675
Episode:77/100, avg speed:15.20681693035292
Episode:77/100, avg halt num:0.31558363417569196
Episode:77/100, avg elec cons:2.531829553054884
 Retrying in 1 seconds
Warning: Unused states in tlLogic 'J10', program '0' in phase 0 after tl-index 10
Simulation......
总奖励:-18525.73555413756, 速度奖励:-9261.091395720401, 加速度奖励:-1474.7441584181115, 交通灯奖励:-6322.299999999545, 与前车进行交互的惩罚:-1467.5999999999601
Episode:78/100, Reward:-18525.73555413756
Episode:78/100, avg speed:15.269543898594183
Episode:78/100, avg halt num:0.2614715189873418
Episode:78/100, avg elec cons:2.6585409663059094
 Retrying in 1 seconds
Warning: Unused states in tlLogic 'J10', program '0' in phase 0 after tl-index 10
Simulation......
总奖励:-22337.55073476359, 速度奖励:-11173.130022420488, 加速度奖励:-1566.420712344403, 交通灯奖励:-7848.399999999028, 与前车进行交互的惩罚:-1749.5999999999174
Episode:79/100, Reward:-22337.55073476359
Episode:79/100, avg speed:15.051082969794393
Episode:79/100, avg halt num:0.31257275902211873
Episode:79/100, avg elec cons:2.508032349675855
 Retrying in 1 seconds
Warning: Unused states in tlLogic 'J10', program '0' in phase 0 after tl-index 10
Simulation......
总奖励:-20402.678860452274, 速度奖励:-10242.184116060482, 加速度奖励:-1521.694744393024, 交通灯奖励:-7156.799999999207, 与前车进行交互的惩罚:-1481.999999999958
Episode:80/100, Reward:-20402.678860452274
Episode:80/100, avg speed:15.278713239277188
Episode:80/100, avg halt num:0.26655332856120256
Episode:80/100, avg elec cons:2.4009459036919383
 Retrying in 1 seconds
Warning: Unused states in tlLogic 'J10', program '0' in phase 0 after tl-index 10
Simulation......
总奖励:-20054.268187895, 速度奖励:-9985.99469004043, 加速度奖励:-1499.4734978553965, 交通灯奖励:-6998.599999999301, 与前车进行交互的惩罚:-1570.1999999999446
Episode:81/100, Reward:-20054.268187895
Episode:81/100, avg speed:15.480255017990494
Episode:81/100, avg halt num:0.26741385698406817
Episode:81/100, avg elec cons:2.4489162153065682
 Retrying in 1 seconds
Warning: Unused states in tlLogic 'J10', program '0' in phase 0 after tl-index 10
Simulation......
总奖励:-21269.765531248446, 速度奖励:-10338.283459980377, 加速度奖励:-1551.4820712687904, 交通灯奖励:-7715.599999999231, 与前车进行交互的惩罚:-1664.3999999999303
Episode:82/100, Reward:-21269.765531248446
Episode:82/100, avg speed:15.239558273469717
Episode:82/100, avg halt num:0.2918346774193548
Episode:82/100, avg elec cons:2.635987332285151
 Retrying in 1 seconds
Warning: Unused states in tlLogic 'J10', program '0' in phase 0 after tl-index 10
Simulation......
总奖励:-21258.027869562233, 速度奖励:-10565.042440140456, 加速度奖励:-1578.8854294230098, 交通灯奖励:-7494.699999999166, 与前车进行交互的惩罚:-1619.399999999937
Episode:83/100, Reward:-21258.027869562233
Episode:83/100, avg speed:15.458292802466598
Episode:83/100, avg halt num:0.26800069905627405
Episode:83/100, avg elec cons:2.2627734974238938
 Retrying in 1 seconds
Warning: Unused states in tlLogic 'J10', program '0' in phase 0 after tl-index 10
Simulation......
总奖励:-20872.52948591799, 速度奖励:-10032.467699520417, 加速度奖励:-1588.8617863988236, 交通灯奖励:-7505.799999999306, 与前车进行交互的惩罚:-1745.399999999918
Episode:84/100, Reward:-20872.52948591799
Episode:84/100, avg speed:15.238095131994172
Episode:84/100, avg halt num:0.2761790567545963
Episode:84/100, avg elec cons:2.540517660586179
 Retrying in 1 seconds
Warning: Unused states in tlLogic 'J10', program '0' in phase 0 after tl-index 10
Simulation......
总奖励:-21776.520464425754, 速度奖励:-10728.386904600466, 加速度奖励:-1594.533559826345, 交通灯奖励:-7779.599999999147, 与前车进行交互的惩罚:-1673.9999999999288
Episode:85/100, Reward:-21776.520464425754
Episode:85/100, avg speed:15.65549116827209
Episode:85/100, avg halt num:0.2597556837461826
Episode:85/100, avg elec cons:2.163492711177266
 Retrying in 1 seconds
Warning: Unused states in tlLogic 'J10', program '0' in phase 0 after tl-index 10
Simulation......
总奖励:-20086.811428135632, 速度奖励:-9816.49885410051, 加速度奖励:-1511.2125740363422, 交通灯奖励:-7370.699999999231, 与前车进行交互的惩罚:-1388.3999999999721
Episode:86/100, Reward:-20086.811428135632
Episode:86/100, avg speed:15.910341112969151
Episode:86/100, avg halt num:0.21976492421899166
Episode:86/100, avg elec cons:2.059287243674781
 Retrying in 1 seconds
Warning: Unused states in tlLogic 'J10', program '0' in phase 0 after tl-index 10
Simulation......
总奖励:-23937.54073423555, 速度奖励:-11913.036743340477, 加速度奖励:-1655.6039908963494, 交通灯奖励:-8363.099999999038, 与前车进行交互的惩罚:-2005.7999999998785
Episode:87/100, Reward:-23937.54073423555
Episode:87/100, avg speed:14.977935659050386
Episode:87/100, avg halt num:0.3487936772046589
Episode:87/100, avg elec cons:2.5911911267198993
 Retrying in 1 seconds
Warning: Unused states in tlLogic 'J10', program '0' in phase 0 after tl-index 10
Simulation......
总奖励:-22329.575913509267, 速度奖励:-11325.063430980555, 加速度奖励:-1620.0124825301398, 交通灯奖励:-7656.499999999023, 与前车进行交互的惩罚:-1727.9999999999206
Episode:88/100, Reward:-22329.575913509267
Episode:88/100, avg speed:15.373884148242544
Episode:88/100, avg halt num:0.2809065934065934
Episode:88/100, avg elec cons:2.174058387388974
 Retrying in 1 seconds
Warning: Unused states in tlLogic 'J10', program '0' in phase 0 after tl-index 10
Simulation......
总奖励:-22324.343322044584, 速度奖励:-11255.475807540523, 加速度奖励:-1586.8675145055145, 交通灯奖励:-7751.599999999162, 与前车进行交互的惩罚:-1730.3999999999203
Episode:89/100, Reward:-22324.343322044584
Episode:89/100, avg speed:15.037152390259203
Episode:89/100, avg halt num:0.3071536714610144
Episode:89/100, avg elec cons:2.4518812148869826
 Retrying in 1 seconds
Warning: Unused states in tlLogic 'J10', program '0' in phase 0 after tl-index 10
Simulation......
总奖励:-19796.168745694395, 速度奖励:-9677.29600836039, 加速度奖励:-1519.7727373348969, 交通灯奖励:-7036.099999999309, 与前车进行交互的惩罚:-1562.9999999999457
Episode:90/100, Reward:-19796.168745694395
Episode:90/100, avg speed:15.334604438517509
Episode:90/100, avg halt num:0.26850039154267813
Episode:90/100, avg elec cons:2.586257861294975
 Retrying in 1 seconds
Warning: Unused states in tlLogic 'J10', program '0' in phase 0 after tl-index 10
Simulation......
总奖励:-21454.081714435106, 速度奖励:-10620.274869540492, 加速度奖励:-1576.5068448960474, 交通灯奖励:-7601.299999999208, 与前车进行交互的惩罚:-1655.9999999999316
Episode:91/100, Reward:-21454.081714435106
Episode:91/100, avg speed:14.948623143233478
Episode:91/100, avg halt num:0.2981561396626128
Episode:91/100, avg elec cons:2.532674841778327
 Retrying in 1 seconds
Warning: Unused states in tlLogic 'J10', program '0' in phase 0 after tl-index 10
Simulation......
总奖励:-21478.36348807273, 速度奖励:-10787.448517200444, 加速度奖励:-1578.1149708736361, 交通灯奖励:-7446.599999999242, 与前车进行交互的惩罚:-1666.19999999993
Episode:92/100, Reward:-21478.36348807273
Episode:92/100, avg speed:15.073275733759989
Episode:92/100, avg halt num:0.2938163884673748
Episode:92/100, avg elec cons:2.4430280300961553
 Retrying in 1 seconds
Warning: Unused states in tlLogic 'J10', program '0' in phase 0 after tl-index 10
Simulation......
总奖励:-21898.797231489, 速度奖励:-10954.496358720493, 加速度奖励:-1579.3008727697552, 交通灯奖励:-7560.799999999093, 与前车进行交互的惩罚:-1804.199999999909
Episode:93/100, Reward:-21898.797231489
Episode:93/100, avg speed:14.973097720508292
Episode:93/100, avg halt num:0.32797971259509723
Episode:93/100, avg elec cons:2.712162390311942
 Retrying in 1 seconds
Warning: Unused states in tlLogic 'J10', program '0' in phase 0 after tl-index 10
Simulation......
总奖励:-20573.947955799853, 速度奖励:-10198.936781820488, 加速度奖励:-1537.711173980237, 交通灯奖励:-7306.699999999264, 与前车进行交互的惩罚:-1530.5999999999506
Episode:94/100, Reward:-20573.947955799853
Episode:94/100, avg speed:15.584353483061314
Episode:94/100, avg halt num:0.25127291242362526
Episode:94/100, avg elec cons:2.2396540043323356
 Retrying in 1 seconds
Warning: Unused states in tlLogic 'J10', program '0' in phase 0 after tl-index 10
Simulation......
总奖励:-21819.642658877245, 速度奖励:-10972.688098860484, 加速度奖励:-1576.5545600178486, 交通灯奖励:-7573.5999999992, 与前车进行交互的惩罚:-1696.7999999999254
Episode:95/100, Reward:-21819.642658877245
Episode:95/100, avg speed:14.781533146351553
Episode:95/100, avg halt num:0.30830702446724545
Episode:95/100, avg elec cons:2.5813133116172
 Retrying in 1 seconds
Warning: Unused states in tlLogic 'J10', program '0' in phase 0 after tl-index 10
Simulation......
总奖励:-19771.084265405294, 速度奖励:-9717.437765340415, 加速度奖励:-1504.1465000658534, 交通灯奖励:-6993.099999999196, 与前车进行交互的惩罚:-1556.3999999999467
Episode:96/100, Reward:-19771.084265405294
Episode:96/100, avg speed:15.328736748122266
Episode:96/100, avg halt num:0.26887894122226547
Episode:96/100, avg elec cons:2.6004834543020587
 Retrying in 1 seconds
Warning: Unused states in tlLogic 'J10', program '0' in phase 0 after tl-index 10
Simulation......
总奖励:-21553.334954448193, 速度奖励:-10780.960139460465, 加速度奖励:-1554.87481498887, 交通灯奖励:-7460.09999999923, 与前车进行交互的惩罚:-1757.3999999999162
Episode:97/100, Reward:-21553.334954448193
Episode:97/100, avg speed:15.196395577776249
Episode:97/100, avg halt num:0.30404866374152373
Episode:97/100, avg elec cons:2.574548695495158
 Retrying in 1 seconds
Warning: Unused states in tlLogic 'J10', program '0' in phase 0 after tl-index 10
Simulation......
总奖励:-19267.382021180158, 速度奖励:-9103.378709700328, 加速度奖励:-1526.8033114805803, 交通灯奖励:-7118.599999999467, 与前车进行交互的惩罚:-1518.5999999999524
Episode:98/100, Reward:-19267.382021180158
Episode:98/100, avg speed:15.351104498608155
Episode:98/100, avg halt num:0.24989983974358973
Episode:98/100, avg elec cons:2.6821366614538413
 Retrying in 1 seconds
Warning: Unused states in tlLogic 'J10', program '0' in phase 0 after tl-index 10
Simulation......
总奖励:-20760.005470955075, 速度奖励:-10025.349822000424, 加速度奖励:-1568.0556489557534, 交通灯奖励:-7517.199999999211, 与前车进行交互的惩罚:-1649.3999999999326
Episode:99/100, Reward:-20760.005470955075
Episode:99/100, avg speed:15.935124792639298
Episode:99/100, avg halt num:0.24541930937279774
Episode:99/100, avg elec cons:2.290329798879643
 Retrying in 1 seconds
Warning: Unused states in tlLogic 'J10', program '0' in phase 0 after tl-index 10
Simulation......
总奖励:-19880.527068263422, 速度奖励:-9581.853532140396, 加速度奖励:-1540.7735361240195, 交通灯奖励:-7172.69999999932, 与前车进行交互的惩罚:-1585.1999999999423
Episode:100/100, Reward:-19880.527068263422
Episode:100/100, avg speed:15.92837354978612
Episode:100/100, avg halt num:0.22803418803418804
Episode:100/100, avg elec cons:2.227378012555959
model saved successfully!
Complete training!
final reward list:[-158300.1560960526, -165155.89057050608, -58607.30814669098, -19262.498900008995, -15293.089391314692, -25015.149405582055, -16357.16077974766, -48513.27956919687, -18666.101540965836, -15684.143839181923, -13845.518990385664, -12808.352639458486, -21691.23138454861, -15693.40581630839, -15435.066771693933, -16688.815495131366, -14800.389093558246, -13341.437365633612, -14383.270003345446, -13301.016372284723, -21753.06686660061, -14471.262983109373, -16459.55927232852, -14853.813688432969, -14724.14136046977, -21790.050409326588, -18517.55229012896, -13573.77783245484, -13054.51695118692, -20870.092009107266, -17814.457294392745, -13180.506614929038, -11584.272370030221, -11826.5175772061, -11228.789984198957, -13023.00653501877, -12671.879860776256, -10680.599837502015, -16630.78607198234, -11796.472895544348, -11393.098042083779, -14044.298022023353, -16246.16802982924, -16252.266422913795, -17630.502004982936, -19303.178767547553, -22401.86951539334, -21650.465059601767, -20148.79693379592, -20228.363979471673, -20378.370814039885, -21403.76838848084, -20617.260036509397, -21671.46428825947, -19486.698035450587, -21770.46251156551, -21768.403947877337, -21152.831376789316, -22821.444186785524, -20467.22710329663, -21815.80158833924, -21501.247626257555, -20931.621243926184, -21191.166826126686, -19888.866684252844, -21325.460534935217, -20724.53997807915, -20075.329942417087, -21025.66327306052, -20081.10238836178, -20006.010684252447, -21376.060099288326, -19843.642912984986, -22417.595475512884, -23263.694517664848, -19429.119942723562, -22707.108411616675, -18525.73555413756, -22337.55073476359, -20402.678860452274, -20054.268187895, -21269.765531248446, -21258.027869562233, -20872.52948591799, -21776.520464425754, -20086.811428135632, -23937.54073423555, -22329.575913509267, -22324.343322044584, -19796.168745694395, -21454.081714435106, -21478.36348807273, -21898.797231489, -20573.947955799853, -21819.642658877245, -19771.084265405294, -21553.334954448193, -19267.382021180158, -20760.005470955075, -19880.527068263422]
final speed list:[6.738954190052325, 6.445550898876776, 12.313217006562375, 12.836828771439999, 14.043682442488846, 12.42699381753597, 14.826744432826878, 9.962566417142266, 13.289226857029934, 14.332116282537273, 15.14974142436345, 14.739668221575888, 13.869828406566095, 14.035625525507342, 15.054681620997462, 14.740943736513048, 14.887267696688843, 14.24737349151215, 14.895260614338937, 15.000680324702964, 12.598251593674025, 14.377135251399753, 15.217916532807909, 15.021413373849649, 14.47054491298482, 12.397280662067505, 12.903656174342533, 13.232521834929301, 13.863484237745762, 12.787010700026254, 12.967920690266334, 13.751912530391849, 14.179875838298306, 14.423378016744563, 14.944335437916632, 14.690385800316294, 14.162564723609925, 14.603666587892196, 13.489429161317307, 14.385984465790068, 14.66150738019747, 14.961647859182207, 14.99646904459985, 15.318782008793214, 14.741992186349835, 15.880990754979264, 15.061176705785924, 15.11159538087912, 15.810380920112333, 15.269190140878568, 15.862633176069812, 15.375731613735944, 15.514869625027098, 15.354805011900245, 15.12407446299737, 15.152657413280373, 15.117047894670074, 15.420544537557566, 15.37466479054079, 15.614828244979805, 14.944721026638687, 15.329482428225422, 15.540731211766886, 15.309804845338434, 15.699895226305113, 15.825489627036323, 15.932180535596261, 15.841144063145055, 15.656573616731823, 15.573459114744477, 15.986946640685511, 14.811495338234092, 15.677526522739369, 15.360732708991158, 15.39196562248828, 15.62507872501385, 15.20681693035292, 15.269543898594183, 15.051082969794393, 15.278713239277188, 15.480255017990494, 15.239558273469717, 15.458292802466598, 15.238095131994172, 15.65549116827209, 15.910341112969151, 14.977935659050386, 15.373884148242544, 15.037152390259203, 15.334604438517509, 14.948623143233478, 15.073275733759989, 14.973097720508292, 15.584353483061314, 14.781533146351553, 15.328736748122266, 15.196395577776249, 15.351104498608155, 15.935124792639298, 15.92837354978612]
final elec cons list:[0.6126084614373584, 0.6517442324500664, 1.262025863911118, 1.547934146868243, 2.1458748119921953, 1.043748776849417, 2.1839037696776717, 0.45176883208286145, 1.4252068477494533, 1.7876710977531995, 1.723373116945306, 1.934236899626367, 1.5538256497252931, 2.0287465427967204, 2.2909164417296313, 2.2693545976448957, 2.0781801620292497, 2.630304415238074, 2.105398845972739, 1.7249579360306504, 0.9862564571863698, 2.5700543931720627, 1.7827532247689715, 1.7623879071315576, 1.3882747158206874, 1.0284598396368227, 1.048990528307127, 1.8963549072805395, 1.525283091578564, 0.9451000998566964, 1.4197828601664746, 1.8626925464106154, 1.5089960515751735, 1.5663017787827445, 2.2411100512114244, 2.1464510643709658, 2.203289846422874, 1.8016441223689483, 1.8019507578406093, 2.0172593574949826, 2.2170635028409404, 2.2831857251481456, 2.3890208796628443, 2.2616449636497036, 2.364127181807987, 2.150302900920566, 2.4462205935495698, 2.541303874835532, 2.0997826759845983, 2.2399828175972303, 2.2113197979717403, 2.383819203901676, 2.207459644412219, 2.242500009555911, 2.585482457501377, 2.2866109459670745, 2.6567070704504103, 2.588128185096418, 2.418941319019545, 2.18510679178922, 2.5569246983590954, 2.230096831237279, 2.175719009576393, 2.4666536378269823, 2.3754456423174855, 2.113814878153313, 2.120220860026399, 2.209531518621657, 2.092397298051874, 2.131085766926763, 2.175758322356403, 2.416392742865661, 1.9903200803697751, 2.2578943328360075, 2.0746746160971936, 2.7139028202123727, 2.531829553054884, 2.6585409663059094, 2.508032349675855, 2.4009459036919383, 2.4489162153065682, 2.635987332285151, 2.2627734974238938, 2.540517660586179, 2.163492711177266, 2.059287243674781, 2.5911911267198993, 2.174058387388974, 2.4518812148869826, 2.586257861294975, 2.532674841778327, 2.4430280300961553, 2.712162390311942, 2.2396540043323356, 2.5813133116172, 2.6004834543020587, 2.574548695495158, 2.6821366614538413, 2.290329798879643, 2.227378012555959]
final halt list:[0.4202755905511811, 0.5359825721153846, 0.2678912213740458, 0.11298353121409421, 0.10212933753943218, 0.2363909508660304, 0.10680829708932753, 0.3280740740740741, 0.06469440832249675, 0.07728873239436619, 0.06829429231276807, 0.04619377162629758, 0.15928593319031567, 0.07705177879535048, 0.12620638455827765, 0.15506088280060884, 0.1183252427184466, 0.10365111561866126, 0.12617328519855595, 0.10085513078470824, 0.09061302681992338, 0.0717680608365019, 0.1478114478114478, 0.14019769357495881, 0.10036740146960588, 0.03771796815769522, 0.04890358510268013, 0.037324234904880065, 0.050916699880430454, 0.05140507196710076, 0.009527299377061194, 0.007984790874524715, 0.004640980735551664, 0.009608665269042627, 0.014859813084112149, 0.10031728256812243, 0.07493676222596965, 0.015576923076923077, 0.006677072493929934, 0.0030120481927710845, 0.02614795918367347, 0.12686710072769053, 0.1973116169544741, 0.17933358292774243, 0.2230814408770556, 0.20709325396825398, 0.30238095238095236, 0.2944948697711129, 0.22000628140703518, 0.2605463347164592, 0.23702711750920658, 0.27026276831976315, 0.24501520784048664, 0.27241440169431697, 0.27225232198142413, 0.2830120043652237, 0.31244897959183676, 0.28216838760921364, 0.2980621642363776, 0.24173346693386774, 0.3074950690335306, 0.25818530128874956, 0.2546736913664174, 0.28260459856765924, 0.24572260647979613, 0.24716369529983792, 0.23524535809018568, 0.23166154895939953, 0.24335022165927803, 0.24327608554763447, 0.22303595206391477, 0.2879160363086233, 0.21166013859596264, 0.28332151719248494, 0.2817619525242394, 0.25345950345950347, 0.31558363417569196, 0.2614715189873418, 0.31257275902211873, 0.26655332856120256, 0.26741385698406817, 0.2918346774193548, 0.26800069905627405, 0.2761790567545963, 0.2597556837461826, 0.21976492421899166, 0.3487936772046589, 0.2809065934065934, 0.3071536714610144, 0.26850039154267813, 0.2981561396626128, 0.2938163884673748, 0.32797971259509723, 0.25127291242362526, 0.30830702446724545, 0.26887894122226547, 0.30404866374152373, 0.24989983974358973, 0.24541930937279774, 0.22803418803418804]
speed reward list:[-100153.04256971077, -104697.76894216814, -35477.228662200556, -14144.011682760176, -10880.070796980195, -18749.303460540646, -11412.177998940262, -36298.62513972113, -14045.940010800123, -10803.516097680123, -10223.31284118015, -9938.98446282007, -14293.543285080405, -11755.530111780066, -10096.294141800203, -10706.400486360242, -10363.549487040194, -9429.830662860204, -10261.274246640194, -9604.560777300188, -16990.685272800067, -10766.911373640154, -10193.724292500308, -10024.25111370034, -10828.756570320184, -17494.242596640044, -15074.891694539987, -10831.177868580007, -10631.604026700064, -16790.22935100009, -14939.554674779858, -10952.695391759979, -9681.529128660004, -9875.597125319982, -8779.439520360018, -9867.896286480247, -9777.52119168016, -8709.632671860036, -13072.509850859973, -9620.825109300004, -9261.150439320105, -9405.806201640356, -9652.029393960376, -9803.52990036037, -10530.061795980459, -9553.754196360398, -11145.72128652052, -10663.032341160488, -9733.927973940403, -10232.241146820523, -10036.890024840388, -10484.523101700444, -10091.041561620472, -10840.47276024045, -9728.644931640398, -10955.091759480465, -10854.416157840504, -10234.508152860442, -11184.74870004046, -10010.020272840427, -10945.318841100472, -10408.594862700531, -10421.622487800503, -10527.500278800446, -9617.350075200411, -10520.17528734049, -10082.487893580477, -9703.684417680419, -10493.66185884048, -10087.439351760442, -9592.408415160418, -10518.573580560489, -9674.563136580504, -11245.222722600534, -11749.244568480523, -9166.466955600374, -11288.387529540516, -9261.091395720401, -11173.130022420488, -10242.184116060482, -9985.99469004043, -10338.283459980377, -10565.042440140456, -10032.467699520417, -10728.386904600466, -9816.49885410051, -11913.036743340477, -11325.063430980555, -11255.475807540523, -9677.29600836039, -10620.274869540492, -10787.448517200444, -10954.496358720493, -10198.936781820488, -10972.688098860484, -9717.437765340415, -10780.960139460465, -9103.378709700328, -10025.349822000424, -9581.853532140396]
accel reward list:[-15660.813526332404, -15562.521628325907, -4940.379484493361, -1080.7872172491745, -1277.018594334746, -1381.645945043613, -1384.7827808079348, -1629.754429480791, -1239.761530165919, -1177.8277415020107, -949.1061492055672, -906.2681766385878, -1604.1880994695066, -1324.7757045285316, -1396.8726298942095, -1202.1150087713927, -1111.2396065183548, -1027.9067027738315, -1005.8957567055636, -971.2555949847996, -1177.881593800597, -1072.8516094696283, -1274.6349798286221, -992.9625747330495, -900.384790149786, -1083.9078126868899, -850.3605955889626, -800.6999638748779, -661.0129244869494, -1038.2626581073107, -913.4026196128221, -796.3112231691754, -827.7432413702851, -812.5204518860855, -966.4504638390304, -881.8102485389225, -915.7586690963573, -834.5671656420594, -1380.7762211223892, -932.2477862445002, -778.047602763988, -1133.8918203835556, -1309.4386358694896, -1330.1365225540944, -1602.3402090033808, -1612.0245711878883, -1608.4482288744296, -1596.532718442564, -1548.7689598565696, -1549.7228326525, -1522.0807892002385, -1579.8452867816277, -1555.818474890022, -1610.7915280200496, -1501.153103811156, -1617.9707520864151, -1574.8877900381744, -1561.7232239300324, -1619.7954867465849, -1545.4068304572797, -1578.9827472402185, -1598.6527635584941, -1574.6987561269032, -1553.5665473272904, -1553.0166090533119, -1560.2852475959494, -1584.6520844997706, -1575.045524737502, -1549.7014142212204, -1528.76303660233, -1542.002269092846, -1593.4865187292385, -1547.6797764056569, -1620.2727529138012, -1680.6499491857903, -1501.3529871241008, -1611.0208820775367, -1474.7441584181115, -1566.420712344403, -1521.694744393024, -1499.4734978553965, -1551.4820712687904, -1578.8854294230098, -1588.8617863988236, -1594.533559826345, -1511.2125740363422, -1655.6039908963494, -1620.0124825301398, -1586.8675145055145, -1519.7727373348969, -1576.5068448960474, -1578.1149708736361, -1579.3008727697552, -1537.711173980237, -1576.5545600178486, -1504.1465000658534, -1554.87481498887, -1526.8033114805803, -1568.0556489557534, -1540.7735361240195]
tls reward list:[-38147.70000001995, -39783.60000002162, -15486.099999996692, -3103.5000000006553, -2271.400000000469, -3720.8000000007783, -2743.600000000406, -8175.299999996838, -2845.8000000005904, -3192.2000000003927, -2265.7000000005364, -1436.3000000001089, -4611.49999999961, -2032.3000000004204, -2785.7000000004728, -3763.9000000005262, -2629.600000000488, -2270.5000000003993, -2408.700000000459, -2137.800000000443, -2511.1000000007, -1818.5000000001817, -4127.2000000004355, -3196.4000000005626, -2386.6000000004933, -2260.300000000499, -1944.3000000006664, -1463.1000000001752, -1058.6999999998766, -1852.4000000005376, -1273.9000000000533, -1018.0999999998153, -833.7999999998796, -771.1999999998651, -1034.6999999998607, -1588.100000000166, -1314.9999999999877, -687.5999999998575, -1525.3000000000766, -750.1999999998379, -851.0999999998648, -2653.200000000315, -4308.5000000004375, -4125.000000000542, -4312.500000000465, -6672.199999999398, -7902.2999999990325, -7640.099999999058, -7504.099999999266, -6904.3999999993275, -7225.799999999169, -7638.399999999241, -7486.599999999224, -7540.199999999102, -6817.499999999264, -7517.399999999147, -7551.699999999125, -7639.999999999178, -8101.699999999097, -7410.599999999274, -7570.699999999151, -7875.199999999095, -7320.69999999919, -7431.899999999196, -7151.299999999246, -7643.59999999928, -7453.599999999327, -7220.39999999929, -7499.699999999117, -7053.699999999275, -7321.199999999188, -7664.999999999232, -7300.79999999931, -7782.09999999912, -8028.399999999071, -7102.299999999261, -7918.299999999003, -6322.299999999545, -7848.399999999028, -7156.799999999207, -6998.599999999301, -7715.599999999231, -7494.699999999166, -7505.799999999306, -7779.599999999147, -7370.699999999231, -8363.099999999038, -7656.499999999023, -7751.599999999162, -7036.099999999309, -7601.299999999208, -7446.599999999242, -7560.799999999093, -7306.699999999264, -7573.5999999992, -6993.099999999196, -7460.09999999923, -7118.599999999467, -7517.199999999211, -7172.69999999932]
extra reward list:[-4338.599999999709, -5112.000000000178, -2703.599999999773, -934.2000000000239, -864.6000000000213, -1163.4000000000062, -816.6000000000195, -2409.5999999998176, -534.6000000000088, -510.6000000000079, -407.400000000004, -526.8000000000085, -1182.0000000000034, -580.8000000000105, -1156.2000000000073, -1016.400000000027, -696.0000000000149, -613.2000000000118, -707.4000000000153, -587.4000000000108, -1073.4000000000199, -813.0000000000193, -864.0000000000213, -640.2000000000128, -608.4000000000116, -951.6000000000246, -648.0000000000131, -478.8000000000067, -703.2000000000152, -1189.2000000000023, -687.6000000000146, -413.40000000000424, -241.19999999999843, -367.2000000000025, -448.20000000000556, -685.2000000000145, -663.6000000000137, -448.8000000000056, -652.2000000000132, -493.20000000000726, -502.8000000000076, -851.4000000000208, -976.2000000000255, -993.6000000000262, -1185.6000000000029, -1465.1999999999605, -1745.399999999918, -1750.7999999999172, -1361.9999999999761, -1541.9999999999488, -1593.599999999941, -1700.9999999999247, -1483.7999999999577, -1679.999999999928, -1439.3999999999644, -1679.999999999928, -1787.3999999999116, -1716.5999999999224, -1915.1999999998923, -1501.199999999955, -1720.7999999999217, -1618.7999999999372, -1614.5999999999378, -1678.1999999999282, -1567.199999999945, -1601.3999999999398, -1603.7999999999395, -1576.1999999999437, -1482.5999999999578, -1411.1999999999687, -1550.3999999999476, -1598.9999999999402, -1320.5999999999824, -1769.9999999999143, -1805.399999999909, -1658.999999999931, -1889.3999999998962, -1467.5999999999601, -1749.5999999999174, -1481.999999999958, -1570.1999999999446, -1664.3999999999303, -1619.399999999937, -1745.399999999918, -1673.9999999999288, -1388.3999999999721, -2005.7999999998785, -1727.9999999999206, -1730.3999999999203, -1562.9999999999457, -1655.9999999999316, -1666.19999999993, -1804.199999999909, -1530.5999999999506, -1696.7999999999254, -1556.3999999999467, -1757.3999999999162, -1518.5999999999524, -1649.3999999999326, -1585.1999999999423]
