nohup: 忽略输入
Env:sumo, Algorithm:TD3, Device:cuda
-----------------------------------------
models/reward_s5e-2(-5, 1)_a10e-2_t(-2_0.1)_safe(3, -0.7)_2033.pth
-----------------------------------------
 Retrying in 1 seconds
Warning: Unused states in tlLogic 'J10', program '0' in phase 0 after tl-index 10
Simulation......
总奖励:-54776.68575569408, 速度奖励:-10585.300000000112, 加速度奖励:-1137.7857556891565, 交通灯奖励:-36786.500000017215, 与前车进行交互的惩罚:-6267.099999998998
Episode:1/100, Reward:-54776.68575569408
Episode:1/100, avg speed:10.06294466437934
Episode:1/100, avg halt num:1.0890945243193637
Episode:1/100, avg elec cons:0.513552889594596
 Retrying in 1 seconds
Warning: Unused states in tlLogic 'J10', program '0' in phase 0 after tl-index 10
Simulation......
总奖励:-66860.52847491627, 速度奖励:-13275.750000000155, 加速度奖励:-1169.6784749132719, 交通灯奖励:-45296.100000025945, 与前车进行交互的惩罚:-7118.999999998777
Episode:2/100, Reward:-66860.52847491627
Episode:2/100, avg speed:9.379069696992445
Episode:2/100, avg halt num:1.3754074315514992
Episode:2/100, avg elec cons:0.5793193810345086
 Retrying in 1 seconds
Warning: Unused states in tlLogic 'J10', program '0' in phase 0 after tl-index 10
Simulation......
总奖励:-23718.094931298332, 速度奖励:-3807.5999999999704, 加速度奖励:-5028.494931297176, 交通灯奖励:-12585.299999997838, 与前车进行交互的惩罚:-2296.7000000000294
Episode:3/100, Reward:-23718.094931298332
Episode:3/100, avg speed:13.21072235335562
Episode:3/100, avg halt num:0.27545395590142674
Episode:3/100, avg elec cons:1.9368172351742923
 Retrying in 1 seconds
Warning: Unused states in tlLogic 'J10', program '0' in phase 0 after tl-index 10
Simulation......
总奖励:-12975.551299782248, 速度奖励:-2364.0500000000047, 加速度奖励:-2400.401299783147, 交通灯奖励:-6726.399999999465, 与前车进行交互的惩罚:-1484.7000000000573
Episode:4/100, Reward:-12975.551299782248
Episode:4/100, avg speed:14.774071089231645
Episode:4/100, avg halt num:0.24076567910734897
Episode:4/100, avg elec cons:2.5761294913176864
 Retrying in 1 seconds
Warning: Unused states in tlLogic 'J10', program '0' in phase 0 after tl-index 10
Simulation......
总奖励:-13541.82303485243, 速度奖励:-2256.4500000000116, 加速度奖励:-1968.3730348532254, 交通灯奖励:-7398.299999999263, 与前车进行交互的惩罚:-1918.7000000000855
Episode:5/100, Reward:-13541.82303485243
Episode:5/100, avg speed:15.439783383850907
Episode:5/100, avg halt num:0.27157258064516127
Episode:5/100, avg elec cons:2.5963598785708055
 Retrying in 1 seconds
Warning: Unused states in tlLogic 'J10', program '0' in phase 0 after tl-index 10
Simulation......
总奖励:-13252.207782732596, 速度奖励:-2403.050000000003, 加速度奖励:-2142.7577827335836, 交通灯奖励:-7188.099999998909, 与前车进行交互的惩罚:-1518.3000000000595
Episode:6/100, Reward:-13252.207782732596
Episode:6/100, avg speed:15.094682151936958
Episode:6/100, avg halt num:0.25997150997151
Episode:6/100, avg elec cons:2.4064445441294797
 Retrying in 1 seconds
Warning: Unused states in tlLogic 'J10', program '0' in phase 0 after tl-index 10
Simulation......
总奖励:-10763.158014634077, 速度奖励:-2524.9999999999895, 加速度奖励:-2350.2580146348323, 交通灯奖励:-5117.199999999955, 与前车进行交互的惩罚:-770.700000000011
Episode:7/100, Reward:-10763.158014634077
Episode:7/100, avg speed:14.960517898606854
Episode:7/100, avg halt num:0.17411019849418208
Episode:7/100, avg elec cons:2.4513611677168323
 Retrying in 1 seconds
Warning: Unused states in tlLogic 'J10', program '0' in phase 0 after tl-index 10
Simulation......
总奖励:-8956.845475694361, 速度奖励:-2594.4999999999945, 加速度奖励:-2518.245475694948, 交通灯奖励:-3350.6000000005365, 与前车进行交互的惩罚:-493.49999999999443
Episode:8/100, Reward:-8956.845475694361
Episode:8/100, avg speed:14.204545717498577
Episode:8/100, avg halt num:0.10032946344524632
Episode:8/100, avg elec cons:2.1891190811521577
 Retrying in 1 seconds
Warning: Unused states in tlLogic 'J10', program '0' in phase 0 after tl-index 10
Simulation......
总奖励:-9403.632422032715, 速度奖励:-2525.9999999999936, 加速度奖励:-2491.532422033251, 交通灯奖励:-3824.7000000005273, 与前车进行交互的惩罚:-561.3999999999974
Episode:9/100, Reward:-9403.632422032715
Episode:9/100, avg speed:14.40181557505213
Episode:9/100, avg halt num:0.11497412677878396
Episode:9/100, avg elec cons:2.398880806011847
 Retrying in 1 seconds
Warning: Unused states in tlLogic 'J10', program '0' in phase 0 after tl-index 10
Simulation......
总奖励:-8398.745255768, 速度奖励:-2666.2499999999873, 加速度奖励:-2397.7952557684807, 交通灯奖励:-2768.400000000563, 与前车进行交互的惩罚:-566.2999999999977
Episode:10/100, Reward:-8398.745255768
Episode:10/100, avg speed:13.87187982139448
Episode:10/100, avg halt num:0.1200348432055749
Episode:10/100, avg elec cons:2.623584090225242
 Retrying in 1 seconds
Warning: Unused states in tlLogic 'J10', program '0' in phase 0 after tl-index 10
Simulation......
总奖励:-7951.789270502539, 速度奖励:-2513.600000000002, 加速度奖励:-2246.589270502839, 交通灯奖励:-2556.700000000519, 与前车进行交互的惩罚:-634.9000000000021
Episode:11/100, Reward:-7951.789270502539
Episode:11/100, avg speed:14.587681925232657
Episode:11/100, avg halt num:0.09301181102362205
Episode:11/100, avg elec cons:2.4187412206403356
 Retrying in 1 seconds
Warning: Unused states in tlLogic 'J10', program '0' in phase 0 after tl-index 10
Simulation......
总奖励:-7499.419081129971, 速度奖励:-2485.949999999999, 加速度奖励:-2213.6690811303424, 交通灯奖励:-2332.2000000003854, 与前车进行交互的惩罚:-467.59999999999485
Episode:12/100, Reward:-7499.419081129971
Episode:12/100, avg speed:14.594216985262436
Episode:12/100, avg halt num:0.08861301369863013
Episode:12/100, avg elec cons:2.6399445704559663
 Retrying in 1 seconds
Warning: Unused states in tlLogic 'J10', program '0' in phase 0 after tl-index 10
Simulation......
总奖励:-7253.146442025575, 速度奖励:-2468.3000000000015, 加速度奖励:-2210.746442025879, 交通灯奖励:-2208.700000000417, 与前车进行交互的惩罚:-365.3999999999965
Episode:13/100, Reward:-7253.146442025575
Episode:13/100, avg speed:14.709136351027873
Episode:13/100, avg halt num:0.0782574568288854
Episode:13/100, avg elec cons:2.451367769180558
 Retrying in 1 seconds
Warning: Unused states in tlLogic 'J10', program '0' in phase 0 after tl-index 10
Simulation......
总奖励:-8416.736471579445, 速度奖励:-2766.3999999999623, 加速度奖励:-2673.236471579658, 交通灯奖励:-2399.60000000055, 与前车进行交互的惩罚:-577.4999999999984
Episode:14/100, Reward:-8416.736471579445
Episode:14/100, avg speed:13.420382710750072
Episode:14/100, avg halt num:0.09674657534246575
Episode:14/100, avg elec cons:1.7921740128488537
 Retrying in 1 seconds
Warning: Unused states in tlLogic 'J10', program '0' in phase 0 after tl-index 10
Simulation......
总奖励:-8963.993634909279, 速度奖励:-2964.099999999946, 加速度奖励:-3299.693634909379, 交通灯奖励:-2021.9000000005412, 与前车进行交互的惩罚:-678.300000000005
Episode:15/100, Reward:-8963.993634909279
Episode:15/100, avg speed:12.559975263356792
Episode:15/100, avg halt num:0.033201722900215364
Episode:15/100, avg elec cons:1.4761631429203546
 Retrying in 1 seconds
Warning: Unused states in tlLogic 'J10', program '0' in phase 0 after tl-index 10
Simulation......
总奖励:-10570.556719125647, 速度奖励:-3874.049999999942, 加速度奖励:-3099.206719125703, 交通灯奖励:-2465.4000000007445, 与前车进行交互的惩罚:-1131.9000000000344
Episode:16/100, Reward:-10570.556719125647
Episode:16/100, avg speed:10.611038878486399
Episode:16/100, avg halt num:0.0888241718238078
Episode:16/100, avg elec cons:0.8961342683442315
 Retrying in 1 seconds
Warning: Unused states in tlLogic 'J10', program '0' in phase 0 after tl-index 10
Simulation......
总奖励:-8167.9803600278665, 速度奖励:-3504.9499999999334, 加速度奖励:-2650.6303600279175, 交通灯奖励:-1139.5000000002244, 与前车进行交互的惩罚:-872.9000000000176
Episode:17/100, Reward:-8167.9803600278665
Episode:17/100, avg speed:12.191825854074052
Episode:17/100, avg halt num:0.039384719405003384
Episode:17/100, avg elec cons:0.9868189716521727
 Retrying in 1 seconds
Warning: Unused states in tlLogic 'J10', program '0' in phase 0 after tl-index 10
Simulation......
总奖励:-7614.987937118388, 速度奖励:-3046.649999999954, 加速度奖励:-2494.537937118427, 交通灯奖励:-1255.500000000447, 与前车进行交互的惩罚:-818.300000000014
Episode:18/100, Reward:-7614.987937118388
Episode:18/100, avg speed:11.334897491741298
Episode:18/100, avg halt num:0.0304
Episode:18/100, avg elec cons:1.3370553458536936
 Retrying in 1 seconds
Warning: Unused states in tlLogic 'J10', program '0' in phase 0 after tl-index 10
Simulation......
总奖励:-7731.130251542561, 速度奖励:-3064.949999999949, 加速度奖励:-2506.980251542689, 交通灯奖励:-1438.2000000004587, 与前车进行交互的惩罚:-721.0000000000077
Episode:19/100, Reward:-7731.130251542561
Episode:19/100, avg speed:12.505938137028464
Episode:19/100, avg halt num:0.016714082503556188
Episode:19/100, avg elec cons:1.3330266515728921
 Retrying in 1 seconds
Warning: Unused states in tlLogic 'J10', program '0' in phase 0 after tl-index 10
Simulation......
总奖励:-6311.407379241167, 速度奖励:-2744.449999999982, 加速度奖励:-2397.6573792412987, 交通灯奖励:-630.9999999998423, 与前车进行交互的惩罚:-538.2999999999959
Episode:20/100, Reward:-6311.407379241167
Episode:20/100, avg speed:13.498491196404991
Episode:20/100, avg halt num:0.009122865751590225
Episode:20/100, avg elec cons:2.3461739061307423
 Retrying in 1 seconds
Warning: Unused states in tlLogic 'J10', program '0' in phase 0 after tl-index 10
Simulation......
总奖励:-7053.078099548126, 速度奖励:-2628.750000000002, 加速度奖励:-2535.6280995483635, 交通灯奖励:-1177.4999999999966, 与前车进行交互的惩罚:-711.2000000000071
Episode:21/100, Reward:-7053.078099548126
Episode:21/100, avg speed:13.386784836527841
Episode:21/100, avg halt num:0.058410315627405694
Episode:21/100, avg elec cons:2.8910649768229444
 Retrying in 1 seconds
Warning: Unused states in tlLogic 'J10', program '0' in phase 0 after tl-index 10
Simulation......
总奖励:-6881.768004645318, 速度奖励:-2518.1000000000204, 加速度奖励:-2588.768004645421, 交通灯奖励:-1231.0000000000382, 与前车进行交互的惩罚:-543.8999999999962
Episode:22/100, Reward:-6881.768004645318
Episode:22/100, avg speed:13.177681537585633
Episode:22/100, avg halt num:0.03855534709193246
Episode:22/100, avg elec cons:2.62172278227282
 Retrying in 1 seconds
Warning: Unused states in tlLogic 'J10', program '0' in phase 0 after tl-index 10
Simulation......
总奖励:-6627.822372638743, 速度奖励:-2566.800000000004, 加速度奖励:-2872.5223726389067, 交通灯奖励:-641.0999999998947, 与前车进行交互的惩罚:-547.3999999999965
Episode:23/100, Reward:-6627.822372638743
Episode:23/100, avg speed:13.882003212098445
Episode:23/100, avg halt num:0.021194926568758345
Episode:23/100, avg elec cons:2.602160445981494
 Retrying in 1 seconds
Warning: Unused states in tlLogic 'J10', program '0' in phase 0 after tl-index 10
Simulation......
总奖励:-6547.468866258866, 速度奖励:-2557.6500000000024, 加速度奖励:-2609.718866259067, 交通灯奖励:-906.8999999997964, 与前车进行交互的惩罚:-473.19999999999476
Episode:24/100, Reward:-6547.468866258866
Episode:24/100, avg speed:13.909263115996747
Episode:24/100, avg halt num:0.03169014084507042
Episode:24/100, avg elec cons:2.5818308839432382
 Retrying in 1 seconds
Warning: Unused states in tlLogic 'J10', program '0' in phase 0 after tl-index 10
Simulation......
总奖励:-7030.990537673119, 速度奖励:-2597.55, 加速度奖励:-2980.4405376733066, 交通灯奖励:-933.5999999998355, 与前车进行交互的惩罚:-519.3999999999946
Episode:25/100, Reward:-7030.990537673119
Episode:25/100, avg speed:13.664347099043088
Episode:25/100, avg halt num:0.013972556894243642
Episode:25/100, avg elec cons:2.5969959362070982
 Retrying in 1 seconds
Warning: Unused states in tlLogic 'J10', program '0' in phase 0 after tl-index 10
Simulation......
总奖励:-7669.6160004349085, 速度奖励:-2666.7499999999977, 加速度奖励:-3055.9660004350853, 交通灯奖励:-1223.7999999999965, 与前车进行交互的惩罚:-723.1000000000079
Episode:26/100, Reward:-7669.6160004349085
Episode:26/100, avg speed:13.095600109956905
Episode:26/100, avg halt num:0.029063097514340344
Episode:26/100, avg elec cons:2.9194278151429365
 Retrying in 1 seconds
Warning: Unused states in tlLogic 'J10', program '0' in phase 0 after tl-index 10
Simulation......
总奖励:-6894.181437426467, 速度奖励:-2668.949999999998, 加速度奖励:-2967.5314374266472, 交通灯奖励:-715.1999999998116, 与前车进行交互的惩罚:-542.4999999999961
Episode:27/100, Reward:-6894.181437426467
Episode:27/100, avg speed:13.294323570579103
Episode:27/100, avg halt num:0.015581476323119778
Episode:27/100, avg elec cons:2.704862712203161
 Retrying in 1 seconds
Warning: Unused states in tlLogic 'J10', program '0' in phase 0 after tl-index 10
Simulation......
总奖励:-7088.571986981333, 速度奖励:-2622.999999999994, 加速度奖励:-3032.771986981489, 交通灯奖励:-930.1999999998415, 与前车进行交互的惩罚:-502.5999999999943
Episode:28/100, Reward:-7088.571986981333
Episode:28/100, avg speed:12.551305086385609
Episode:28/100, avg halt num:0.021881390593047036
Episode:28/100, avg elec cons:3.1923553914157177
 Retrying in 1 seconds
Warning: Unused states in tlLogic 'J10', program '0' in phase 0 after tl-index 10
Simulation......
总奖励:-6906.214376172877, 速度奖励:-2612.4000000000096, 加速度奖励:-3095.614376173016, 交通灯奖励:-465.29999999980885, 与前车进行交互的惩罚:-732.9000000000085
Episode:29/100, Reward:-6906.214376172877
Episode:29/100, avg speed:12.694531135482228
Episode:29/100, avg halt num:0.01741640127388535
Episode:29/100, avg elec cons:3.00762104943447
 Retrying in 1 seconds
Warning: Unused states in tlLogic 'J10', program '0' in phase 0 after tl-index 10
Simulation......
总奖励:-7112.473057455545, 速度奖励:-2575.1500000000005, 加速度奖励:-3069.7230574557625, 交通灯奖励:-985.9999999998225, 与前车进行交互的惩罚:-481.5999999999946
Episode:30/100, Reward:-7112.473057455545
Episode:30/100, avg speed:13.662837526720155
Episode:30/100, avg halt num:0.02605071205279611
Episode:30/100, avg elec cons:2.7312540885518293
 Retrying in 1 seconds
Warning: Unused states in tlLogic 'J10', program '0' in phase 0 after tl-index 10
Simulation......
总奖励:-6949.090897332699, 速度奖励:-2625.7999999999965, 加速度奖励:-2834.4908973328593, 交通灯奖励:-992.4999999998305, 与前车进行交互的惩罚:-496.2999999999944
Episode:31/100, Reward:-6949.090897332699
Episode:31/100, avg speed:13.562820822964524
Episode:31/100, avg halt num:0.012212905577834488
Episode:31/100, avg elec cons:2.7903643791931994
 Retrying in 1 seconds
Warning: Unused states in tlLogic 'J10', program '0' in phase 0 after tl-index 10
Simulation......
总奖励:-7297.155190541343, 速度奖励:-2680.19999999999, 加速度奖励:-3255.755190541559, 交通灯奖励:-923.699999999815, 与前车进行交互的惩罚:-437.49999999999534
Episode:32/100, Reward:-7297.155190541343
Episode:32/100, avg speed:13.181769402461528
Episode:32/100, avg halt num:0.018205705705705705
Episode:32/100, avg elec cons:2.938157142327896
 Retrying in 1 seconds
Warning: Unused states in tlLogic 'J10', program '0' in phase 0 after tl-index 10
Simulation......
总奖励:-7036.332184035481, 速度奖励:-2560.199999999997, 加速度奖励:-3201.432184035662, 交通灯奖励:-699.2999999998824, 与前车进行交互的惩罚:-575.3999999999983
Episode:33/100, Reward:-7036.332184035481
Episode:33/100, avg speed:13.480520742873217
Episode:33/100, avg halt num:0.008154059680777238
Episode:33/100, avg elec cons:2.7936611982375035
 Retrying in 1 seconds
Warning: Unused states in tlLogic 'J10', program '0' in phase 0 after tl-index 10
Simulation......
总奖励:-7048.1497228679, 速度奖励:-2669.849999999992, 加速度奖励:-3056.0997228680803, 交通灯奖励:-670.499999999863, 与前车进行交互的惩罚:-651.7000000000032
Episode:34/100, Reward:-7048.1497228679
Episode:34/100, avg speed:13.481215793186157
Episode:34/100, avg halt num:0.014332870048644893
Episode:34/100, avg elec cons:2.6487281982674653
 Retrying in 1 seconds
Warning: Unused states in tlLogic 'J10', program '0' in phase 0 after tl-index 10
Simulation......
总奖励:-6677.501700568728, 速度奖励:-2506.150000000005, 加速度奖励:-2939.8517005688595, 交通灯奖励:-745.6999999998442, 与前车进行交互的惩罚:-485.79999999999455
Episode:35/100, Reward:-6677.501700568728
Episode:35/100, avg speed:13.75905122517064
Episode:35/100, avg halt num:0.01808666911494675
Episode:35/100, avg elec cons:2.8489246553468135
 Retrying in 1 seconds
Warning: Unused states in tlLogic 'J10', program '0' in phase 0 after tl-index 10
Simulation......
总奖励:-7263.441922377844, 速度奖励:-2748.6999999999925, 加速度奖励:-3164.4419223779914, 交通灯奖励:-851.8999999998047, 与前车进行交互的惩罚:-498.39999999999435
Episode:36/100, Reward:-7263.441922377844
Episode:36/100, avg speed:12.980931838568774
Episode:36/100, avg halt num:0.015567428150331615
Episode:36/100, avg elec cons:2.785193155839686
 Retrying in 1 seconds
Warning: Unused states in tlLogic 'J10', program '0' in phase 0 after tl-index 10
Simulation......
总奖励:-7160.196381794241, 速度奖励:-2611.800000000003, 加速度奖励:-3086.5963817944003, 交通灯奖励:-868.1999999998341, 与前车进行交互的惩罚:-593.5999999999995
Episode:37/100, Reward:-7160.196381794241
Episode:37/100, avg speed:12.690322355640166
Episode:37/100, avg halt num:0.016095317725752508
Episode:37/100, avg elec cons:3.111166221181414
 Retrying in 1 seconds
Warning: Unused states in tlLogic 'J10', program '0' in phase 0 after tl-index 10
Simulation......
总奖励:-6508.193703182436, 速度奖励:-2481.750000000005, 加速度奖励:-2932.043703182599, 交通灯奖励:-663.8999999998517, 与前车进行交互的惩罚:-430.49999999999545
Episode:38/100, Reward:-6508.193703182436
Episode:38/100, avg speed:13.571798832813332
Episode:38/100, avg halt num:0.016634799235181644
Episode:38/100, avg elec cons:2.949897586286452
 Retrying in 1 seconds
Warning: Unused states in tlLogic 'J10', program '0' in phase 0 after tl-index 10
Simulation......
总奖励:-7850.8609931733945, 速度奖励:-2645.9999999999936, 加速度奖励:-3267.9609931735654, 交通灯奖励:-1283.10000000009, 与前车进行交互的惩罚:-653.8000000000034
Episode:39/100, Reward:-7850.8609931733945
Episode:39/100, avg speed:13.457808848853528
Episode:39/100, avg halt num:0.048765855330819334
Episode:39/100, avg elec cons:2.659267940229224
 Retrying in 1 seconds
Warning: Unused states in tlLogic 'J10', program '0' in phase 0 after tl-index 10
Simulation......
总奖励:-6655.676814510384, 速度奖励:-2559.7000000000085, 加速度奖励:-2933.4768145105177, 交通灯奖励:-626.2999999998385, 与前车进行交互的惩罚:-536.1999999999957
Episode:40/100, Reward:-6655.676814510384
Episode:40/100, avg speed:13.504778882003412
Episode:40/100, avg halt num:0.017664023071377072
Episode:40/100, avg elec cons:2.7954148330913573
 Retrying in 1 seconds
Warning: Unused states in tlLogic 'J10', program '0' in phase 0 after tl-index 10
Simulation......
总奖励:-6585.864048440125, 速度奖励:-2507.450000000012, 加速度奖励:-2946.7140484402307, 交通灯奖励:-581.4999999998786, 与前车进行交互的惩罚:-550.1999999999966
Episode:41/100, Reward:-6585.864048440125
Episode:41/100, avg speed:13.334398360471802
Episode:41/100, avg halt num:0.013129496402877697
Episode:41/100, avg elec cons:2.8056374830249866
 Retrying in 1 seconds
Warning: Unused states in tlLogic 'J10', program '0' in phase 0 after tl-index 10
Simulation......
总奖励:-6914.690237444581, 速度奖励:-2573.399999999998, 加速度奖励:-2907.9902374447033, 交通灯奖励:-768.2999999997971, 与前车进行交互的惩罚:-665.0000000000041
Episode:42/100, Reward:-6914.690237444581
Episode:42/100, avg speed:13.109794944202411
Episode:42/100, avg halt num:0.027504725897920607
Episode:42/100, avg elec cons:2.94347290726833
 Retrying in 1 seconds
Warning: Unused states in tlLogic 'J10', program '0' in phase 0 after tl-index 10
Simulation......
总奖励:-6590.677147852842, 速度奖励:-2466.1500000000133, 加速度奖励:-2648.427147853013, 交通灯奖励:-857.9999999998464, 与前车进行交互的惩罚:-618.100000000001
Episode:43/100, Reward:-6590.677147852842
Episode:43/100, avg speed:13.129267864017256
Episode:43/100, avg halt num:0.01833788529067499
Episode:43/100, avg elec cons:3.030716546599914
 Retrying in 1 seconds
Warning: Unused states in tlLogic 'J10', program '0' in phase 0 after tl-index 10
Simulation......
总奖励:-6219.455279302085, 速度奖励:-2440.300000000012, 加速度奖励:-2449.6552793022565, 交通灯奖励:-743.5999999999427, 与前车进行交互的惩罚:-585.899999999999
Episode:44/100, Reward:-6219.455279302085
Episode:44/100, avg speed:13.669677177997805
Episode:44/100, avg halt num:0.014338919925512105
Episode:44/100, avg elec cons:2.936654581990087
 Retrying in 1 seconds
Warning: Unused states in tlLogic 'J10', program '0' in phase 0 after tl-index 10
Simulation......
总奖励:-6450.0923024273, 速度奖励:-2566.400000000014, 加速度奖励:-2295.6923024274315, 交通灯奖励:-957.9999999998093, 与前车进行交互的惩罚:-630.0000000000018
Episode:45/100, Reward:-6450.0923024273
Episode:45/100, avg speed:13.089032625263542
Episode:45/100, avg halt num:0.017801556420233462
Episode:45/100, avg elec cons:2.9596572944906296
 Retrying in 1 seconds
Warning: Unused states in tlLogic 'J10', program '0' in phase 0 after tl-index 10
Simulation......
总奖励:-5797.608521804729, 速度奖励:-2485.8500000000095, 加速度奖励:-2156.7585218048775, 交通灯奖励:-618.0999999999087, 与前车进行交互的惩罚:-536.8999999999958
Episode:46/100, Reward:-5797.608521804729
Episode:46/100, avg speed:14.169124744473681
Episode:46/100, avg halt num:0.007845701209545603
Episode:46/100, avg elec cons:2.5698021167141825
 Retrying in 1 seconds
Warning: Unused states in tlLogic 'J10', program '0' in phase 0 after tl-index 10
Simulation......
总奖励:-6581.440703634082, 速度奖励:-2643.9999999999986, 加速度奖励:-2493.54070363427, 交通灯奖励:-802.6999999999002, 与前车进行交互的惩罚:-641.2000000000025
Episode:47/100, Reward:-6581.440703634082
Episode:47/100, avg speed:13.176920749844253
Episode:47/100, avg halt num:0.011904761904761904
Episode:47/100, avg elec cons:2.9602275676370136
 Retrying in 1 seconds
Warning: Unused states in tlLogic 'J10', program '0' in phase 0 after tl-index 10
Simulation......
总奖励:-6623.657667889679, 速度奖励:-2691.04999999999, 加速度奖励:-2467.3076678897896, 交通灯奖励:-721.8999999998641, 与前车进行交互的惩罚:-743.4000000000092
Episode:48/100, Reward:-6623.657667889679
Episode:48/100, avg speed:12.92844354876936
Episode:48/100, avg halt num:0.015
Episode:48/100, avg elec cons:3.029986986252022
 Retrying in 1 seconds
Warning: Unused states in tlLogic 'J10', program '0' in phase 0 after tl-index 10
Simulation......
总奖励:-6045.269859441189, 速度奖励:-2556.3500000000013, 加速度奖励:-2278.119859441324, 交通灯奖励:-560.4999999999042, 与前车进行交互的惩罚:-650.3000000000031
Episode:49/100, Reward:-6045.269859441189
Episode:49/100, avg speed:13.896994850325184
Episode:49/100, avg halt num:0.006578947368421052
Episode:49/100, avg elec cons:2.477859566916794
 Retrying in 1 seconds
Warning: Unused states in tlLogic 'J10', program '0' in phase 0 after tl-index 10
Simulation......
总奖励:-6000.874864666295, 速度奖励:-2734.0499999999934, 加速度奖励:-1861.5248646663433, 交通灯奖励:-656.9999999998321, 与前车进行交互的惩罚:-748.3000000000095
Episode:50/100, Reward:-6000.874864666295
Episode:50/100, avg speed:12.941001626722484
Episode:50/100, avg halt num:0.009945596735804148
Episode:50/100, avg elec cons:2.384811256577368
 Retrying in 1 seconds
Warning: Unused states in tlLogic 'J10', program '0' in phase 0 after tl-index 10
Simulation......
总奖励:-6502.855903396356, 速度奖励:-2848.199999999973, 加速度奖励:-1558.8559033964889, 交通灯奖励:-1287.3000000002862, 与前车进行交互的惩罚:-808.5000000000134
Episode:51/100, Reward:-6502.855903396356
Episode:51/100, avg speed:13.452861120767695
Episode:51/100, avg halt num:0.00826784544859201
Episode:51/100, avg elec cons:1.9219536120173992
 Retrying in 1 seconds
Warning: Unused states in tlLogic 'J10', program '0' in phase 0 after tl-index 10
Simulation......
总奖励:-6567.532091009663, 速度奖励:-3144.099999999964, 加速度奖励:-1192.5320910096457, 交通灯奖励:-1362.200000000214, 与前车进行交互的惩罚:-868.7000000000173
Episode:52/100, Reward:-6567.532091009663
Episode:52/100, avg speed:12.463151828061852
Episode:52/100, avg halt num:0.016751638747268753
Episode:52/100, avg elec cons:1.580786160582745
 Retrying in 1 seconds
Warning: Unused states in tlLogic 'J10', program '0' in phase 0 after tl-index 10
Simulation......
总奖励:-5832.985079176197, 速度奖励:-3131.999999999965, 加速度奖励:-977.6850791762474, 交通灯奖励:-966.5999999998064, 与前车进行交互的惩罚:-756.70000000001
Episode:53/100, Reward:-5832.985079176197
Episode:53/100, avg speed:12.533309209670744
Episode:53/100, avg halt num:0.0073284477015323115
Episode:53/100, avg elec cons:1.2007251484311086
 Retrying in 1 seconds
Warning: Unused states in tlLogic 'J10', program '0' in phase 0 after tl-index 10
Simulation......
总奖励:-5485.377591832397, 速度奖励:-3264.2999999999392, 加速度奖励:-833.0775918324155, 交通灯奖励:-777.5999999997995, 与前车进行交互的惩罚:-610.4000000000005
Episode:54/100, Reward:-5485.377591832397
Episode:54/100, avg speed:12.519682972208752
Episode:54/100, avg halt num:0.006578947368421052
Episode:54/100, avg elec cons:1.1406316617531833
 Retrying in 1 seconds
Warning: Unused states in tlLogic 'J10', program '0' in phase 0 after tl-index 10
Simulation......
总奖励:-5616.098802702403, 速度奖励:-3147.2499999999454, 加速度奖励:-877.7488027024384, 交通灯奖励:-942.1999999998258, 与前车进行交互的惩罚:-648.900000000003
Episode:55/100, Reward:-5616.098802702403
Episode:55/100, avg speed:11.964494865885438
Episode:55/100, avg halt num:0.020272867025365102
Episode:55/100, avg elec cons:1.2607886974694047
 Retrying in 1 seconds
Warning: Unused states in tlLogic 'J10', program '0' in phase 0 after tl-index 10
Simulation......
总奖励:-6465.450315813076, 速度奖励:-3420.549999999919, 加速度奖励:-950.4003158131136, 交通灯奖励:-1496.0000000006244, 与前车进行交互的惩罚:-598.4999999999998
Episode:56/100, Reward:-6465.450315813076
Episode:56/100, avg speed:12.08934052836139
Episode:56/100, avg halt num:0.03255813953488372
Episode:56/100, avg elec cons:1.0833208582922325
 Retrying in 1 seconds
Warning: Unused states in tlLogic 'J10', program '0' in phase 0 after tl-index 10
Simulation......
总奖励:-7926.139252246259, 速度奖励:-3935.1999999999257, 加速度奖励:-1059.2392522464856, 交通灯奖励:-1821.5000000007178, 与前车进行交互的惩罚:-1110.200000000033
Episode:57/100, Reward:-7926.139252246259
Episode:57/100, avg speed:10.560728111201007
Episode:57/100, avg halt num:0.12952534191472245
Episode:57/100, avg elec cons:0.9092145126850455
 Retrying in 1 seconds
Warning: Unused states in tlLogic 'J10', program '0' in phase 0 after tl-index 10
Simulation......
总奖励:-8455.742510465221, 速度奖励:-3998.7999999999292, 加速度奖励:-1110.542510465411, 交通灯奖励:-2044.4000000007727, 与前车进行交互的惩罚:-1302.0000000000455
Episode:58/100, Reward:-8455.742510465221
Episode:58/100, avg speed:11.05098590643583
Episode:58/100, avg halt num:0.15288049824834565
Episode:58/100, avg elec cons:0.9448761752144428
 Retrying in 1 seconds
Warning: Unused states in tlLogic 'J10', program '0' in phase 0 after tl-index 10
Simulation......
总奖励:-11811.58557153486, 速度奖励:-4692.849999999929, 加速度奖励:-1292.6355715352822, 交通灯奖励:-4260.199999999653, 与前车进行交互的惩罚:-1565.9000000000626
Episode:59/100, Reward:-11811.58557153486
Episode:59/100, avg speed:11.060806326267244
Episode:59/100, avg halt num:0.23594040968342644
Episode:59/100, avg elec cons:0.8804932782118156
 Retrying in 1 seconds
Warning: Unused states in tlLogic 'J10', program '0' in phase 0 after tl-index 10
Simulation......
总奖励:-9749.961941146676, 速度奖励:-4418.89999999995, 加速度奖励:-1174.3619411469826, 交通灯奖励:-2614.6000000006647, 与前车进行交互的惩罚:-1542.100000000061
Episode:60/100, Reward:-9749.961941146676
Episode:60/100, avg speed:11.297955079843428
Episode:60/100, avg halt num:0.14672341792483135
Episode:60/100, avg elec cons:0.6680980197037785
 Retrying in 1 seconds
Warning: Unused states in tlLogic 'J10', program '0' in phase 0 after tl-index 10
Simulation......
总奖励:-9134.664247117302, 速度奖励:-4216.999999999917, 加速度奖励:-960.5642471175319, 交通灯奖励:-2758.000000000894, 与前车进行交互的惩罚:-1199.1000000000388
Episode:61/100, Reward:-9134.664247117302
Episode:61/100, avg speed:10.838639597493582
Episode:61/100, avg halt num:0.15569838833461244
Episode:61/100, avg elec cons:0.8409402576969306
 Retrying in 1 seconds
Warning: Unused states in tlLogic 'J10', program '0' in phase 0 after tl-index 10
Simulation......
总奖励:-5305.50233721818, 速度奖励:-3447.4499999999553, 加速度奖励:-608.9523372181718, 交通灯奖励:-821.3999999998199, 与前车进行交互的惩罚:-427.6999999999955
Episode:62/100, Reward:-5305.50233721818
Episode:62/100, avg speed:12.261817723473515
Episode:62/100, avg halt num:0.014473241332884551
Episode:62/100, avg elec cons:0.9605945301141339
 Retrying in 1 seconds
Warning: Unused states in tlLogic 'J10', program '0' in phase 0 after tl-index 10
Simulation......
总奖励:-7859.287027079062, 速度奖励:-4104.99999999994, 加速度奖励:-817.2870270791439, 交通灯奖励:-2037.5000000007722, 与前车进行交互的惩罚:-899.5000000000193
Episode:63/100, Reward:-7859.287027079062
Episode:63/100, avg speed:11.841006685424608
Episode:63/100, avg halt num:0.08330626826891847
Episode:63/100, avg elec cons:0.6516999850745737
 Retrying in 1 seconds
Warning: Unused states in tlLogic 'J10', program '0' in phase 0 after tl-index 10
Simulation......
总奖励:-7642.628383700577, 速度奖励:-4034.5499999999347, 加速度奖励:-768.5783837006398, 交通灯奖励:-1997.4000000008393, 与前车进行交互的惩罚:-842.1000000000156
Episode:64/100, Reward:-7642.628383700577
Episode:64/100, avg speed:11.17315386678541
Episode:64/100, avg halt num:0.07548024646611091
Episode:64/100, avg elec cons:0.7550343061436408
 Retrying in 1 seconds
Warning: Unused states in tlLogic 'J10', program '0' in phase 0 after tl-index 10
Simulation......
总奖励:-11712.165930086792, 速度奖励:-4967.899999999924, 加速度奖励:-1160.8659300872566, 交通灯奖励:-4025.2000000011394, 与前车进行交互的惩罚:-1558.2000000000621
Episode:65/100, Reward:-11712.165930086792
Episode:65/100, avg speed:10.52638534397128
Episode:65/100, avg halt num:0.1979312762973352
Episode:65/100, avg elec cons:0.5276596445813257
 Retrying in 1 seconds
Warning: Unused states in tlLogic 'J10', program '0' in phase 0 after tl-index 10
Simulation......
总奖励:-9308.780175531947, 速度奖励:-4670.249999999934, 加速度奖励:-928.0301755321283, 交通灯奖励:-2596.800000001137, 与前车进行交互的惩罚:-1113.7000000000332
Episode:66/100, Reward:-9308.780175531947
Episode:66/100, avg speed:11.452556603121113
Episode:66/100, avg halt num:0.10928835489833641
Episode:66/100, avg elec cons:0.4466107440682314
 Retrying in 1 seconds
Warning: Unused states in tlLogic 'J10', program '0' in phase 0 after tl-index 10
Simulation......
总奖励:-10376.02399389543, 速度奖励:-4853.649999999944, 加速度奖励:-1088.9739938957582, 交通灯奖励:-3263.0000000011064, 与前车进行交互的惩罚:-1170.400000000037
Episode:67/100, Reward:-10376.02399389543
Episode:67/100, avg speed:11.26441606144509
Episode:67/100, avg halt num:0.15725806451612903
Episode:67/100, avg elec cons:0.44812344203735177
 Retrying in 1 seconds
Warning: Unused states in tlLogic 'J10', program '0' in phase 0 after tl-index 10
Simulation......
总奖励:-10170.470599175336, 速度奖励:-4708.049999999938, 加速度奖励:-1033.3205991755958, 交通灯奖励:-3272.7000000010376, 与前车进行交互的惩罚:-1156.400000000036
Episode:68/100, Reward:-10170.470599175336
Episode:68/100, avg speed:11.05075497943863
Episode:68/100, avg halt num:0.11711204121056021
Episode:68/100, avg elec cons:0.4683277464056528
 Retrying in 1 seconds
Warning: Unused states in tlLogic 'J10', program '0' in phase 0 after tl-index 10
Simulation......
总奖励:-9063.617652124825, 速度奖励:-4577.099999999931, 加速度奖励:-928.0176521250337, 交通灯奖励:-2364.300000001196, 与前车进行交互的惩罚:-1194.2000000000385
Episode:69/100, Reward:-9063.617652124825
Episode:69/100, avg speed:10.852048555126956
Episode:69/100, avg halt num:0.11460216998191682
Episode:69/100, avg elec cons:0.5059668489399793
 Retrying in 1 seconds
Warning: Unused states in tlLogic 'J10', program '0' in phase 0 after tl-index 10
Simulation......
总奖励:-15391.363940629617, 速度奖励:-5672.499999999968, 加速度奖励:-1937.8639406301386, 交通灯奖励:-6327.799999998608, 与前车进行交互的惩罚:-1453.2000000000553
Episode:70/100, Reward:-15391.363940629617
Episode:70/100, avg speed:8.996547515341351
Episode:70/100, avg halt num:0.24168497019140256
Episode:70/100, avg elec cons:0.41896393306091567
 Retrying in 1 seconds
Warning: Unused states in tlLogic 'J10', program '0' in phase 0 after tl-index 10
Simulation......
总奖励:-20364.24796750332, 速度奖励:-5674.0999999999485, 加速度奖励:-3219.847967503534, 交通灯奖励:-9416.499999996455, 与前车进行交互的惩罚:-2053.8000000000925
Episode:71/100, Reward:-20364.24796750332
Episode:71/100, avg speed:10.431514145388041
Episode:71/100, avg halt num:0.1369961612284069
Episode:71/100, avg elec cons:0.9107268193973919
 Retrying in 1 seconds
Warning: Unused states in tlLogic 'J10', program '0' in phase 0 after tl-index 10
Simulation......
总奖励:-12717.055327975371, 速度奖励:-4508.99999999995, 加速度奖励:-2384.4553279755396, 交通灯奖励:-4477.4999999991505, 与前车进行交互的惩罚:-1346.1000000000483
Episode:72/100, Reward:-12717.055327975371
Episode:72/100, avg speed:9.529263601576055
Episode:72/100, avg halt num:0.07505580357142858
Episode:72/100, avg elec cons:1.260413654570159
 Retrying in 1 seconds
Warning: Unused states in tlLogic 'J10', program '0' in phase 0 after tl-index 10
Simulation......
总奖励:-6978.036153057903, 速度奖励:-3266.5999999999485, 加速度奖励:-1591.9361530579292, 交通灯奖励:-1320.1000000003241, 与前车进行交互的惩罚:-799.4000000000128
Episode:73/100, Reward:-6978.036153057903
Episode:73/100, avg speed:12.393800583727327
Episode:73/100, avg halt num:0.0135885447106955
Episode:73/100, avg elec cons:1.156567167314932
 Retrying in 1 seconds
Warning: Unused states in tlLogic 'J10', program '0' in phase 0 after tl-index 10
Simulation......
总奖励:-6708.165409398232, 速度奖励:-3523.6999999999584, 加速度奖励:-1233.165409398319, 交通灯奖励:-1304.5000000002674, 与前车进行交互的惩罚:-646.8000000000029
Episode:74/100, Reward:-6708.165409398232
Episode:74/100, avg speed:12.353006734810528
Episode:74/100, avg halt num:0.03685121107266436
Episode:74/100, avg elec cons:1.007698538703621
 Retrying in 1 seconds
Warning: Unused states in tlLogic 'J10', program '0' in phase 0 after tl-index 10
Simulation......
总奖励:-8143.0158524394155, 速度奖励:-3895.1499999999473, 加速度奖励:-1522.465852439459, 交通灯奖励:-2076.5000000007753, 与前车进行交互的惩罚:-648.900000000003
Episode:75/100, Reward:-8143.0158524394155
Episode:75/100, avg speed:11.857527208171975
Episode:75/100, avg halt num:0.043520942408376964
Episode:75/100, avg elec cons:1.2405430199230638
 Retrying in 1 seconds
Warning: Unused states in tlLogic 'J10', program '0' in phase 0 after tl-index 10
Simulation......
总奖励:-7357.70649274446, 速度奖励:-3481.5499999999433, 加速度奖励:-1247.5564927445068, 交通灯奖励:-1963.600000000631, 与前车进行交互的惩罚:-665.0000000000041
Episode:76/100, Reward:-7357.70649274446
Episode:76/100, avg speed:11.599787549089315
Episode:76/100, avg halt num:0.03809897879025923
Episode:76/100, avg elec cons:1.4528541262432566
 Retrying in 1 seconds
Warning: Unused states in tlLogic 'J10', program '0' in phase 0 after tl-index 10
Simulation......
总奖励:-7343.71203492982, 速度奖励:-3765.099999999948, 加速度奖励:-1120.4120349298287, 交通灯奖励:-1754.0000000005748, 与前车进行交互的惩罚:-704.2000000000066
Episode:77/100, Reward:-7343.71203492982
Episode:77/100, avg speed:11.53220724451275
Episode:77/100, avg halt num:0.04169891640866873
Episode:77/100, avg elec cons:1.109331551416777
 Retrying in 1 seconds
Warning: Unused states in tlLogic 'J10', program '0' in phase 0 after tl-index 10
Simulation......
总奖励:-5748.708477590297, 速度奖励:-3312.099999999953, 加速度奖励:-947.1084775902607, 交通灯奖励:-1035.1999999998816, 与前车进行交互的惩罚:-454.29999999999507
Episode:78/100, Reward:-5748.708477590297
Episode:78/100, avg speed:11.55390136522888
Episode:78/100, avg halt num:0.011432926829268292
Episode:78/100, avg elec cons:1.2140575315432531
 Retrying in 1 seconds
Warning: Unused states in tlLogic 'J10', program '0' in phase 0 after tl-index 10
Simulation......
总奖励:-5555.617947775294, 速度奖励:-3436.149999999955, 加速度奖励:-845.3679477752725, 交通灯奖励:-847.0999999997982, 与前车进行交互的惩罚:-426.9999999999955
Episode:79/100, Reward:-5555.617947775294
Episode:79/100, avg speed:11.62225710280728
Episode:79/100, avg halt num:0.008289374529012811
Episode:79/100, avg elec cons:1.0294348372253768
 Retrying in 1 seconds
Warning: Unused states in tlLogic 'J10', program '0' in phase 0 after tl-index 10
Simulation......
总奖励:-10203.594968337367, 速度奖励:-4561.8499999999285, 加速度奖励:-1299.5449683376846, 交通灯奖励:-3240.4000000010005, 与前车进行交互的惩罚:-1101.8000000000325
Episode:80/100, Reward:-10203.594968337367
Episode:80/100, avg speed:10.519874190703987
Episode:80/100, avg halt num:0.14052507573207673
Episode:80/100, avg elec cons:0.5166142249778477
 Retrying in 1 seconds
Warning: Unused states in tlLogic 'J10', program '0' in phase 0 after tl-index 10
Simulation......
总奖励:-19385.689823081724, 速度奖励:-6274.299999999942, 加速度奖励:-2314.9898230810995, 交通灯奖励:-8783.899999995801, 与前车进行交互的惩罚:-2012.5000000000916
Episode:81/100, Reward:-19385.689823081724
Episode:81/100, avg speed:8.981393754953084
Episode:81/100, avg halt num:0.37253848907984244
Episode:81/100, avg elec cons:0.45838816040438995
 Retrying in 1 seconds
Warning: Unused states in tlLogic 'J10', program '0' in phase 0 after tl-index 10
Simulation......
总奖励:-17795.903884918338, 速度奖励:-6389.649999999951, 加速度奖励:-2213.0538849186228, 交通灯奖励:-7413.799999997014, 与前车进行交互的惩罚:-1779.4000000000765
Episode:82/100, Reward:-17795.903884918338
Episode:82/100, avg speed:8.796328636005956
Episode:82/100, avg halt num:0.44669390787518576
Episode:82/100, avg elec cons:0.3890124787192468
 Retrying in 1 seconds
Warning: Unused states in tlLogic 'J10', program '0' in phase 0 after tl-index 10
Simulation......
总奖励:-10892.847004365283, 速度奖励:-5136.999999999935, 加速度奖励:-1562.3470043656826, 交通灯奖励:-3173.6000000010317, 与前车进行交互的惩罚:-1019.9000000000271
Episode:83/100, Reward:-10892.847004365283
Episode:83/100, avg speed:10.071351936753349
Episode:83/100, avg halt num:0.1949695610381288
Episode:83/100, avg elec cons:0.38120720209822184
 Retrying in 1 seconds
Warning: Unused states in tlLogic 'J10', program '0' in phase 0 after tl-index 10
Simulation......
总奖励:-14985.388724450808, 速度奖励:-6110.999999999954, 加速度奖励:-1905.8887244517607, 交通灯奖励:-5434.799999998535, 与前车进行交互的惩罚:-1533.7000000000605
Episode:84/100, Reward:-14985.388724450808
Episode:84/100, avg speed:8.203962992900546
Episode:84/100, avg halt num:0.48512014787430685
Episode:84/100, avg elec cons:0.4054157386047045
 Retrying in 1 seconds
Warning: Unused states in tlLogic 'J10', program '0' in phase 0 after tl-index 10
Simulation......
总奖励:-16665.332529668605, 速度奖励:-6389.29999999996, 加速度奖励:-1987.732529669486, 交通灯奖励:-6832.299999997664, 与前车进行交互的惩罚:-1456.0000000000555
Episode:85/100, Reward:-16665.332529668605
Episode:85/100, avg speed:8.680739437284679
Episode:85/100, avg halt num:0.3855877616747182
Episode:85/100, avg elec cons:0.3265014720206155
 Retrying in 1 seconds
Warning: Unused states in tlLogic 'J10', program '0' in phase 0 after tl-index 10
Simulation......
总奖励:-15927.99071787756, 速度奖励:-6115.099999999958, 加速度奖励:-2463.290717878479, 交通灯奖励:-5897.799999997749, 与前车进行交互的惩罚:-1451.8000000000552
Episode:86/100, Reward:-15927.99071787756
Episode:86/100, avg speed:8.78757830042917
Episode:86/100, avg halt num:0.3299289520426288
Episode:86/100, avg elec cons:0.3665719990225028
 Retrying in 1 seconds
Warning: Unused states in tlLogic 'J10', program '0' in phase 0 after tl-index 10
Simulation......
总奖励:-26330.678709465778, 速度奖励:-7445.799999999958, 加速度奖励:-3499.3787094627405, 交通灯奖励:-12316.69999999471, 与前车进行交互的惩罚:-3068.7999999998287
Episode:87/100, Reward:-26330.678709465778
Episode:87/100, avg speed:6.499787586224572
Episode:87/100, avg halt num:0.624294316898758
Episode:87/100, avg elec cons:0.4815947777268074
 Retrying in 1 seconds
Warning: Unused states in tlLogic 'J10', program '0' in phase 0 after tl-index 10
Simulation......
总奖励:-23321.549750799717, 速度奖励:-6387.9999999998845, 加速度奖励:-3956.7497507990893, 交通灯奖励:-10384.699999994493, 与前车进行交互的惩罚:-2592.0999999999526
Episode:88/100, Reward:-23321.549750799717
Episode:88/100, avg speed:9.19647701832824
Episode:88/100, avg halt num:0.3805799934832193
Episode:88/100, avg elec cons:0.539231895555834
 Retrying in 1 seconds
Warning: Unused states in tlLogic 'J10', program '0' in phase 0 after tl-index 10
Simulation......
总奖励:-11755.851283237029, 速度奖励:-4715.749999999914, 加速度奖励:-2214.9012832373737, 交通灯奖励:-3796.9000000010824, 与前车进行交互的惩罚:-1028.3000000000277
Episode:89/100, Reward:-11755.851283237029
Episode:89/100, avg speed:9.8015329682462
Episode:89/100, avg halt num:0.1643192488262911
Episode:89/100, avg elec cons:0.6777950319170931
 Retrying in 1 seconds
Warning: Unused states in tlLogic 'J10', program '0' in phase 0 after tl-index 10
Simulation......
总奖励:-9132.508717479546, 速度奖励:-3523.5999999998985, 加速度奖励:-2158.508717479674, 交通灯奖励:-2812.7000000007383, 与前车进行交互的惩罚:-637.7000000000023
Episode:90/100, Reward:-9132.508717479546
Episode:90/100, avg speed:11.196738949389141
Episode:90/100, avg halt num:0.028272656855151047
Episode:90/100, avg elec cons:1.4883478058662396
 Retrying in 1 seconds
Warning: Unused states in tlLogic 'J10', program '0' in phase 0 after tl-index 10
Simulation......
总奖励:-13099.116417347112, 速度奖励:-4412.399999999923, 加速度奖励:-2773.816417347699, 交通灯奖励:-3945.900000000959, 与前车进行交互的惩罚:-1967.0000000000887
Episode:91/100, Reward:-13099.116417347112
Episode:91/100, avg speed:9.989335778650426
Episode:91/100, avg halt num:0.22207743857036485
Episode:91/100, avg elec cons:0.9198670689546232
 Retrying in 1 seconds
Warning: Unused states in tlLogic 'J10', program '0' in phase 0 after tl-index 10
Simulation......
总奖励:-10580.686622298583, 速度奖励:-4107.349999999915, 加速度奖励:-2362.5366222987764, 交通灯奖励:-3494.8000000008174, 与前车进行交互的惩罚:-616.0000000000009
Episode:92/100, Reward:-10580.686622298583
Episode:92/100, avg speed:10.267485659033115
Episode:92/100, avg halt num:0.08083453757225434
Episode:92/100, avg elec cons:1.0943934487720959
 Retrying in 1 seconds
Warning: Unused states in tlLogic 'J10', program '0' in phase 0 after tl-index 10
Simulation......
总奖励:-10358.647762786737, 速度奖励:-3846.849999999855, 加速度奖励:-2410.8977627869535, 交通灯奖励:-3355.4000000008746, 与前车进行交互的惩罚:-745.5000000000093
Episode:93/100, Reward:-10358.647762786737
Episode:93/100, avg speed:10.974268462550572
Episode:93/100, avg halt num:0.1269809825673534
Episode:93/100, avg elec cons:1.3723684268586909
 Retrying in 1 seconds
Warning: Unused states in tlLogic 'J10', program '0' in phase 0 after tl-index 10
Simulation......
总奖励:-7549.678060092274, 速度奖励:-3371.4499999999694, 加速度奖励:-1853.028060092304, 交通灯奖励:-1952.8000000003703, 与前车进行交互的惩罚:-372.3999999999964
Episode:94/100, Reward:-7549.678060092274
Episode:94/100, avg speed:11.642024886230795
Episode:94/100, avg halt num:0.02877697841726619
Episode:94/100, avg elec cons:1.1900583726624916
 Retrying in 1 seconds
Warning: Unused states in tlLogic 'J10', program '0' in phase 0 after tl-index 10
Simulation......
总奖励:-9579.416947716332, 速度奖励:-3923.5999999999485, 加速度奖励:-2154.8169477166193, 交通灯奖励:-2892.7000000007006, 与前车进行交互的惩罚:-608.3000000000004
Episode:95/100, Reward:-9579.416947716332
Episode:95/100, avg speed:10.424691899654116
Episode:95/100, avg halt num:0.12384216376435717
Episode:95/100, avg elec cons:1.1617941673350656
 Retrying in 1 seconds
Warning: Unused states in tlLogic 'J10', program '0' in phase 0 after tl-index 10
Simulation......
总奖励:-16746.203125168493, 速度奖励:-6128.79999999994, 加速度奖励:-2177.20312516947, 交通灯奖励:-6580.999999997921, 与前车进行交互的惩罚:-1859.2000000000817
Episode:96/100, Reward:-16746.203125168493
Episode:96/100, avg speed:8.176158583591334
Episode:96/100, avg halt num:0.5216817496229261
Episode:96/100, avg elec cons:0.46922981588444884
 Retrying in 1 seconds
Warning: Unused states in tlLogic 'J10', program '0' in phase 0 after tl-index 10
Simulation......
总奖励:-26197.735391708247, 速度奖励:-7667.549999999942, 加速度奖励:-2650.6853917056733, 交通灯奖励:-13269.899999994344, 与前车进行交互的惩罚:-2609.599999999948
Episode:97/100, Reward:-26197.735391708247
Episode:97/100, avg speed:8.72828422524869
Episode:97/100, avg halt num:0.6876402393418101
Episode:97/100, avg elec cons:0.42235469453823016
 Retrying in 1 seconds
Warning: Unused states in tlLogic 'J10', program '0' in phase 0 after tl-index 10
Simulation......
总奖励:-16122.116508071462, 速度奖励:-6066.299999999943, 加速度奖励:-2016.0165080724453, 交通灯奖励:-6518.699999997332, 与前车进行交互的惩罚:-1521.1000000000597
Episode:98/100, Reward:-16122.116508071462
Episode:98/100, avg speed:8.159365421398169
Episode:98/100, avg halt num:0.4737589996210686
Episode:98/100, avg elec cons:0.4337718583282303
 Retrying in 1 seconds
Warning: Unused states in tlLogic 'J10', program '0' in phase 0 after tl-index 10
Simulation......
总奖励:-12674.945956575615, 速度奖励:-5328.799999999943, 加速度奖励:-1704.1459565762602, 交通灯奖励:-4509.399999999736, 与前车进行交互的惩罚:-1132.6000000000345
Episode:99/100, Reward:-12674.945956575615
Episode:99/100, avg speed:10.085238831545276
Episode:99/100, avg halt num:0.2804898093359632
Episode:99/100, avg elec cons:0.40193073551826614
 Retrying in 1 seconds
Warning: Unused states in tlLogic 'J10', program '0' in phase 0 after tl-index 10
Simulation......
总奖励:-21721.858109288078, 速度奖励:-7014.049999999958, 加速度奖励:-2367.7081092869817, 交通灯奖励:-10272.999999995507, 与前车进行交互的惩罚:-2067.100000000089
Episode:100/100, Reward:-21721.858109288078
Episode:100/100, avg speed:9.426359758306992
Episode:100/100, avg halt num:0.5034621578099839
Episode:100/100, avg elec cons:0.3527345444870201
model saved successfully!
Complete training!
final reward list:[-54776.68575569408, -66860.52847491627, -23718.094931298332, -12975.551299782248, -13541.82303485243, -13252.207782732596, -10763.158014634077, -8956.845475694361, -9403.632422032715, -8398.745255768, -7951.789270502539, -7499.419081129971, -7253.146442025575, -8416.736471579445, -8963.993634909279, -10570.556719125647, -8167.9803600278665, -7614.987937118388, -7731.130251542561, -6311.407379241167, -7053.078099548126, -6881.768004645318, -6627.822372638743, -6547.468866258866, -7030.990537673119, -7669.6160004349085, -6894.181437426467, -7088.571986981333, -6906.214376172877, -7112.473057455545, -6949.090897332699, -7297.155190541343, -7036.332184035481, -7048.1497228679, -6677.501700568728, -7263.441922377844, -7160.196381794241, -6508.193703182436, -7850.8609931733945, -6655.676814510384, -6585.864048440125, -6914.690237444581, -6590.677147852842, -6219.455279302085, -6450.0923024273, -5797.608521804729, -6581.440703634082, -6623.657667889679, -6045.269859441189, -6000.874864666295, -6502.855903396356, -6567.532091009663, -5832.985079176197, -5485.377591832397, -5616.098802702403, -6465.450315813076, -7926.139252246259, -8455.742510465221, -11811.58557153486, -9749.961941146676, -9134.664247117302, -5305.50233721818, -7859.287027079062, -7642.628383700577, -11712.165930086792, -9308.780175531947, -10376.02399389543, -10170.470599175336, -9063.617652124825, -15391.363940629617, -20364.24796750332, -12717.055327975371, -6978.036153057903, -6708.165409398232, -8143.0158524394155, -7357.70649274446, -7343.71203492982, -5748.708477590297, -5555.617947775294, -10203.594968337367, -19385.689823081724, -17795.903884918338, -10892.847004365283, -14985.388724450808, -16665.332529668605, -15927.99071787756, -26330.678709465778, -23321.549750799717, -11755.851283237029, -9132.508717479546, -13099.116417347112, -10580.686622298583, -10358.647762786737, -7549.678060092274, -9579.416947716332, -16746.203125168493, -26197.735391708247, -16122.116508071462, -12674.945956575615, -21721.858109288078]
final speed list:[10.06294466437934, 9.379069696992445, 13.21072235335562, 14.774071089231645, 15.439783383850907, 15.094682151936958, 14.960517898606854, 14.204545717498577, 14.40181557505213, 13.87187982139448, 14.587681925232657, 14.594216985262436, 14.709136351027873, 13.420382710750072, 12.559975263356792, 10.611038878486399, 12.191825854074052, 11.334897491741298, 12.505938137028464, 13.498491196404991, 13.386784836527841, 13.177681537585633, 13.882003212098445, 13.909263115996747, 13.664347099043088, 13.095600109956905, 13.294323570579103, 12.551305086385609, 12.694531135482228, 13.662837526720155, 13.562820822964524, 13.181769402461528, 13.480520742873217, 13.481215793186157, 13.75905122517064, 12.980931838568774, 12.690322355640166, 13.571798832813332, 13.457808848853528, 13.504778882003412, 13.334398360471802, 13.109794944202411, 13.129267864017256, 13.669677177997805, 13.089032625263542, 14.169124744473681, 13.176920749844253, 12.92844354876936, 13.896994850325184, 12.941001626722484, 13.452861120767695, 12.463151828061852, 12.533309209670744, 12.519682972208752, 11.964494865885438, 12.08934052836139, 10.560728111201007, 11.05098590643583, 11.060806326267244, 11.297955079843428, 10.838639597493582, 12.261817723473515, 11.841006685424608, 11.17315386678541, 10.52638534397128, 11.452556603121113, 11.26441606144509, 11.05075497943863, 10.852048555126956, 8.996547515341351, 10.431514145388041, 9.529263601576055, 12.393800583727327, 12.353006734810528, 11.857527208171975, 11.599787549089315, 11.53220724451275, 11.55390136522888, 11.62225710280728, 10.519874190703987, 8.981393754953084, 8.796328636005956, 10.071351936753349, 8.203962992900546, 8.680739437284679, 8.78757830042917, 6.499787586224572, 9.19647701832824, 9.8015329682462, 11.196738949389141, 9.989335778650426, 10.267485659033115, 10.974268462550572, 11.642024886230795, 10.424691899654116, 8.176158583591334, 8.72828422524869, 8.159365421398169, 10.085238831545276, 9.426359758306992]
final elec cons list:[0.513552889594596, 0.5793193810345086, 1.9368172351742923, 2.5761294913176864, 2.5963598785708055, 2.4064445441294797, 2.4513611677168323, 2.1891190811521577, 2.398880806011847, 2.623584090225242, 2.4187412206403356, 2.6399445704559663, 2.451367769180558, 1.7921740128488537, 1.4761631429203546, 0.8961342683442315, 0.9868189716521727, 1.3370553458536936, 1.3330266515728921, 2.3461739061307423, 2.8910649768229444, 2.62172278227282, 2.602160445981494, 2.5818308839432382, 2.5969959362070982, 2.9194278151429365, 2.704862712203161, 3.1923553914157177, 3.00762104943447, 2.7312540885518293, 2.7903643791931994, 2.938157142327896, 2.7936611982375035, 2.6487281982674653, 2.8489246553468135, 2.785193155839686, 3.111166221181414, 2.949897586286452, 2.659267940229224, 2.7954148330913573, 2.8056374830249866, 2.94347290726833, 3.030716546599914, 2.936654581990087, 2.9596572944906296, 2.5698021167141825, 2.9602275676370136, 3.029986986252022, 2.477859566916794, 2.384811256577368, 1.9219536120173992, 1.580786160582745, 1.2007251484311086, 1.1406316617531833, 1.2607886974694047, 1.0833208582922325, 0.9092145126850455, 0.9448761752144428, 0.8804932782118156, 0.6680980197037785, 0.8409402576969306, 0.9605945301141339, 0.6516999850745737, 0.7550343061436408, 0.5276596445813257, 0.4466107440682314, 0.44812344203735177, 0.4683277464056528, 0.5059668489399793, 0.41896393306091567, 0.9107268193973919, 1.260413654570159, 1.156567167314932, 1.007698538703621, 1.2405430199230638, 1.4528541262432566, 1.109331551416777, 1.2140575315432531, 1.0294348372253768, 0.5166142249778477, 0.45838816040438995, 0.3890124787192468, 0.38120720209822184, 0.4054157386047045, 0.3265014720206155, 0.3665719990225028, 0.4815947777268074, 0.539231895555834, 0.6777950319170931, 1.4883478058662396, 0.9198670689546232, 1.0943934487720959, 1.3723684268586909, 1.1900583726624916, 1.1617941673350656, 0.46922981588444884, 0.42235469453823016, 0.4337718583282303, 0.40193073551826614, 0.3527345444870201]
final halt list:[1.0890945243193637, 1.3754074315514992, 0.27545395590142674, 0.24076567910734897, 0.27157258064516127, 0.25997150997151, 0.17411019849418208, 0.10032946344524632, 0.11497412677878396, 0.1200348432055749, 0.09301181102362205, 0.08861301369863013, 0.0782574568288854, 0.09674657534246575, 0.033201722900215364, 0.0888241718238078, 0.039384719405003384, 0.0304, 0.016714082503556188, 0.009122865751590225, 0.058410315627405694, 0.03855534709193246, 0.021194926568758345, 0.03169014084507042, 0.013972556894243642, 0.029063097514340344, 0.015581476323119778, 0.021881390593047036, 0.01741640127388535, 0.02605071205279611, 0.012212905577834488, 0.018205705705705705, 0.008154059680777238, 0.014332870048644893, 0.01808666911494675, 0.015567428150331615, 0.016095317725752508, 0.016634799235181644, 0.048765855330819334, 0.017664023071377072, 0.013129496402877697, 0.027504725897920607, 0.01833788529067499, 0.014338919925512105, 0.017801556420233462, 0.007845701209545603, 0.011904761904761904, 0.015, 0.006578947368421052, 0.009945596735804148, 0.00826784544859201, 0.016751638747268753, 0.0073284477015323115, 0.006578947368421052, 0.020272867025365102, 0.03255813953488372, 0.12952534191472245, 0.15288049824834565, 0.23594040968342644, 0.14672341792483135, 0.15569838833461244, 0.014473241332884551, 0.08330626826891847, 0.07548024646611091, 0.1979312762973352, 0.10928835489833641, 0.15725806451612903, 0.11711204121056021, 0.11460216998191682, 0.24168497019140256, 0.1369961612284069, 0.07505580357142858, 0.0135885447106955, 0.03685121107266436, 0.043520942408376964, 0.03809897879025923, 0.04169891640866873, 0.011432926829268292, 0.008289374529012811, 0.14052507573207673, 0.37253848907984244, 0.44669390787518576, 0.1949695610381288, 0.48512014787430685, 0.3855877616747182, 0.3299289520426288, 0.624294316898758, 0.3805799934832193, 0.1643192488262911, 0.028272656855151047, 0.22207743857036485, 0.08083453757225434, 0.1269809825673534, 0.02877697841726619, 0.12384216376435717, 0.5216817496229261, 0.6876402393418101, 0.4737589996210686, 0.2804898093359632, 0.5034621578099839]
speed reward list:[-10585.300000000112, -13275.750000000155, -3807.5999999999704, -2364.0500000000047, -2256.4500000000116, -2403.050000000003, -2524.9999999999895, -2594.4999999999945, -2525.9999999999936, -2666.2499999999873, -2513.600000000002, -2485.949999999999, -2468.3000000000015, -2766.3999999999623, -2964.099999999946, -3874.049999999942, -3504.9499999999334, -3046.649999999954, -3064.949999999949, -2744.449999999982, -2628.750000000002, -2518.1000000000204, -2566.800000000004, -2557.6500000000024, -2597.55, -2666.7499999999977, -2668.949999999998, -2622.999999999994, -2612.4000000000096, -2575.1500000000005, -2625.7999999999965, -2680.19999999999, -2560.199999999997, -2669.849999999992, -2506.150000000005, -2748.6999999999925, -2611.800000000003, -2481.750000000005, -2645.9999999999936, -2559.7000000000085, -2507.450000000012, -2573.399999999998, -2466.1500000000133, -2440.300000000012, -2566.400000000014, -2485.8500000000095, -2643.9999999999986, -2691.04999999999, -2556.3500000000013, -2734.0499999999934, -2848.199999999973, -3144.099999999964, -3131.999999999965, -3264.2999999999392, -3147.2499999999454, -3420.549999999919, -3935.1999999999257, -3998.7999999999292, -4692.849999999929, -4418.89999999995, -4216.999999999917, -3447.4499999999553, -4104.99999999994, -4034.5499999999347, -4967.899999999924, -4670.249999999934, -4853.649999999944, -4708.049999999938, -4577.099999999931, -5672.499999999968, -5674.0999999999485, -4508.99999999995, -3266.5999999999485, -3523.6999999999584, -3895.1499999999473, -3481.5499999999433, -3765.099999999948, -3312.099999999953, -3436.149999999955, -4561.8499999999285, -6274.299999999942, -6389.649999999951, -5136.999999999935, -6110.999999999954, -6389.29999999996, -6115.099999999958, -7445.799999999958, -6387.9999999998845, -4715.749999999914, -3523.5999999998985, -4412.399999999923, -4107.349999999915, -3846.849999999855, -3371.4499999999694, -3923.5999999999485, -6128.79999999994, -7667.549999999942, -6066.299999999943, -5328.799999999943, -7014.049999999958]
accel reward list:[-1137.7857556891565, -1169.6784749132719, -5028.494931297176, -2400.401299783147, -1968.3730348532254, -2142.7577827335836, -2350.2580146348323, -2518.245475694948, -2491.532422033251, -2397.7952557684807, -2246.589270502839, -2213.6690811303424, -2210.746442025879, -2673.236471579658, -3299.693634909379, -3099.206719125703, -2650.6303600279175, -2494.537937118427, -2506.980251542689, -2397.6573792412987, -2535.6280995483635, -2588.768004645421, -2872.5223726389067, -2609.718866259067, -2980.4405376733066, -3055.9660004350853, -2967.5314374266472, -3032.771986981489, -3095.614376173016, -3069.7230574557625, -2834.4908973328593, -3255.755190541559, -3201.432184035662, -3056.0997228680803, -2939.8517005688595, -3164.4419223779914, -3086.5963817944003, -2932.043703182599, -3267.9609931735654, -2933.4768145105177, -2946.7140484402307, -2907.9902374447033, -2648.427147853013, -2449.6552793022565, -2295.6923024274315, -2156.7585218048775, -2493.54070363427, -2467.3076678897896, -2278.119859441324, -1861.5248646663433, -1558.8559033964889, -1192.5320910096457, -977.6850791762474, -833.0775918324155, -877.7488027024384, -950.4003158131136, -1059.2392522464856, -1110.542510465411, -1292.6355715352822, -1174.3619411469826, -960.5642471175319, -608.9523372181718, -817.2870270791439, -768.5783837006398, -1160.8659300872566, -928.0301755321283, -1088.9739938957582, -1033.3205991755958, -928.0176521250337, -1937.8639406301386, -3219.847967503534, -2384.4553279755396, -1591.9361530579292, -1233.165409398319, -1522.465852439459, -1247.5564927445068, -1120.4120349298287, -947.1084775902607, -845.3679477752725, -1299.5449683376846, -2314.9898230810995, -2213.0538849186228, -1562.3470043656826, -1905.8887244517607, -1987.732529669486, -2463.290717878479, -3499.3787094627405, -3956.7497507990893, -2214.9012832373737, -2158.508717479674, -2773.816417347699, -2362.5366222987764, -2410.8977627869535, -1853.028060092304, -2154.8169477166193, -2177.20312516947, -2650.6853917056733, -2016.0165080724453, -1704.1459565762602, -2367.7081092869817]
tls reward list:[-36786.500000017215, -45296.100000025945, -12585.299999997838, -6726.399999999465, -7398.299999999263, -7188.099999998909, -5117.199999999955, -3350.6000000005365, -3824.7000000005273, -2768.400000000563, -2556.700000000519, -2332.2000000003854, -2208.700000000417, -2399.60000000055, -2021.9000000005412, -2465.4000000007445, -1139.5000000002244, -1255.500000000447, -1438.2000000004587, -630.9999999998423, -1177.4999999999966, -1231.0000000000382, -641.0999999998947, -906.8999999997964, -933.5999999998355, -1223.7999999999965, -715.1999999998116, -930.1999999998415, -465.29999999980885, -985.9999999998225, -992.4999999998305, -923.699999999815, -699.2999999998824, -670.499999999863, -745.6999999998442, -851.8999999998047, -868.1999999998341, -663.8999999998517, -1283.10000000009, -626.2999999998385, -581.4999999998786, -768.2999999997971, -857.9999999998464, -743.5999999999427, -957.9999999998093, -618.0999999999087, -802.6999999999002, -721.8999999998641, -560.4999999999042, -656.9999999998321, -1287.3000000002862, -1362.200000000214, -966.5999999998064, -777.5999999997995, -942.1999999998258, -1496.0000000006244, -1821.5000000007178, -2044.4000000007727, -4260.199999999653, -2614.6000000006647, -2758.000000000894, -821.3999999998199, -2037.5000000007722, -1997.4000000008393, -4025.2000000011394, -2596.800000001137, -3263.0000000011064, -3272.7000000010376, -2364.300000001196, -6327.799999998608, -9416.499999996455, -4477.4999999991505, -1320.1000000003241, -1304.5000000002674, -2076.5000000007753, -1963.600000000631, -1754.0000000005748, -1035.1999999998816, -847.0999999997982, -3240.4000000010005, -8783.899999995801, -7413.799999997014, -3173.6000000010317, -5434.799999998535, -6832.299999997664, -5897.799999997749, -12316.69999999471, -10384.699999994493, -3796.9000000010824, -2812.7000000007383, -3945.900000000959, -3494.8000000008174, -3355.4000000008746, -1952.8000000003703, -2892.7000000007006, -6580.999999997921, -13269.899999994344, -6518.699999997332, -4509.399999999736, -10272.999999995507]
extra reward list:[-6267.099999998998, -7118.999999998777, -2296.7000000000294, -1484.7000000000573, -1918.7000000000855, -1518.3000000000595, -770.700000000011, -493.49999999999443, -561.3999999999974, -566.2999999999977, -634.9000000000021, -467.59999999999485, -365.3999999999965, -577.4999999999984, -678.300000000005, -1131.9000000000344, -872.9000000000176, -818.300000000014, -721.0000000000077, -538.2999999999959, -711.2000000000071, -543.8999999999962, -547.3999999999965, -473.19999999999476, -519.3999999999946, -723.1000000000079, -542.4999999999961, -502.5999999999943, -732.9000000000085, -481.5999999999946, -496.2999999999944, -437.49999999999534, -575.3999999999983, -651.7000000000032, -485.79999999999455, -498.39999999999435, -593.5999999999995, -430.49999999999545, -653.8000000000034, -536.1999999999957, -550.1999999999966, -665.0000000000041, -618.100000000001, -585.899999999999, -630.0000000000018, -536.8999999999958, -641.2000000000025, -743.4000000000092, -650.3000000000031, -748.3000000000095, -808.5000000000134, -868.7000000000173, -756.70000000001, -610.4000000000005, -648.900000000003, -598.4999999999998, -1110.200000000033, -1302.0000000000455, -1565.9000000000626, -1542.100000000061, -1199.1000000000388, -427.6999999999955, -899.5000000000193, -842.1000000000156, -1558.2000000000621, -1113.7000000000332, -1170.400000000037, -1156.400000000036, -1194.2000000000385, -1453.2000000000553, -2053.8000000000925, -1346.1000000000483, -799.4000000000128, -646.8000000000029, -648.900000000003, -665.0000000000041, -704.2000000000066, -454.29999999999507, -426.9999999999955, -1101.8000000000325, -2012.5000000000916, -1779.4000000000765, -1019.9000000000271, -1533.7000000000605, -1456.0000000000555, -1451.8000000000552, -3068.7999999998287, -2592.0999999999526, -1028.3000000000277, -637.7000000000023, -1967.0000000000887, -616.0000000000009, -745.5000000000093, -372.3999999999964, -608.3000000000004, -1859.2000000000817, -2609.599999999948, -1521.1000000000597, -1132.6000000000345, -2067.100000000089]
