nohup: 忽略输入
Env:sumo, Algorithm:TD3, Device:cuda
-----------------------------------------
models/reward_s9e-3_a4e-2_t(-7_1).pth
-----------------------------------------
 Retrying in 1 seconds
Warning: Unused states in tlLogic 'J10', program '0' in phase 0 after tl-index 10
Simulation......
总奖励:-31076.14295523868, 速度奖励:66.09538744258322, 加速度奖励:-711.2383426792711, 交通灯奖励:-30431, 与前车进行交互的惩罚:0.0
Episode:1/100, Reward:-31076.14295523868
Episode:1/100, avg speed:14.437917980568516
Episode:1/100, avg halt num:0.3433744722312439
Episode:1/100, avg elec cons:1.762902998089894
 Retrying in 1 seconds
Warning: Unused states in tlLogic 'J10', program '0' in phase 0 after tl-index 10
Simulation......
总奖励:-37226.85588854176, 速度奖励:85.4773437121005, 加速度奖励:-681.333232250229, 交通灯奖励:-36631, 与前车进行交互的惩罚:0.0
Episode:2/100, Reward:-37226.85588854176
Episode:2/100, avg speed:14.017458994774065
Episode:2/100, avg halt num:0.4596020761245675
Episode:2/100, avg elec cons:1.8991220424325361
 Retrying in 1 seconds
Warning: Unused states in tlLogic 'J10', program '0' in phase 0 after tl-index 10
Simulation......
总奖励:-25699.844231393206, 速度奖励:29.733786287420916, 加速度奖励:-829.5780176795415, 交通灯奖励:-24900, 与前车进行交互的惩罚:0.0
Episode:3/100, Reward:-25699.844231393206
Episode:3/100, avg speed:15.657503474771456
Episode:3/100, avg halt num:0.2687152664269369
Episode:3/100, avg elec cons:2.040065760662792
 Retrying in 1 seconds
Warning: Unused states in tlLogic 'J10', program '0' in phase 0 after tl-index 10
Simulation......
总奖励:-22491.76736389872, 速度奖励:21.265524644517395, 加速度奖励:-769.0328885424155, 交通灯奖励:-21744, 与前车进行交互的惩罚:0.0
Episode:4/100, Reward:-22491.76736389872
Episode:4/100, avg speed:15.180946944438496
Episode:4/100, avg halt num:0.2661600615621393
Episode:4/100, avg elec cons:2.517761405001358
 Retrying in 1 seconds
Warning: Unused states in tlLogic 'J10', program '0' in phase 0 after tl-index 10
Simulation......
总奖励:-22842.398093879565, 速度奖励:23.42399855516249, 加速度奖励:-787.8220924341422, 交通灯奖励:-22078, 与前车进行交互的惩罚:0.0
Episode:5/100, Reward:-22842.398093879565
Episode:5/100, avg speed:15.442064003035668
Episode:5/100, avg halt num:0.27157258064516127
Episode:5/100, avg elec cons:2.595417889836701
 Retrying in 1 seconds
Warning: Unused states in tlLogic 'J10', program '0' in phase 0 after tl-index 10
Simulation......
总奖励:-23002.528539814026, 速度奖励:24.207472030646446, 加速度奖励:-773.7360118438621, 交通灯奖励:-22253, 与前车进行交互的惩罚:0.0
Episode:6/100, Reward:-23002.528539814026
Episode:6/100, avg speed:15.392720579554522
Episode:6/100, avg halt num:0.2700286123032904
Episode:6/100, avg elec cons:2.326385951692707
 Retrying in 1 seconds
Warning: Unused states in tlLogic 'J10', program '0' in phase 0 after tl-index 10
Simulation......
总奖励:-23813.74951393778, 速度奖励:24.317511770323925, 加速度奖励:-794.0670257070905, 交通灯奖励:-23044, 与前车进行交互的惩罚:0.0
Episode:7/100, Reward:-23813.74951393778
Episode:7/100, avg speed:15.671960660433209
Episode:7/100, avg halt num:0.25412371134020617
Episode:7/100, avg elec cons:2.2252208697171167
 Retrying in 1 seconds
Warning: Unused states in tlLogic 'J10', program '0' in phase 0 after tl-index 10
Simulation......
总奖励:-21829.646008912354, 速度奖励:20.830193311936622, 加速度奖励:-771.4762022236176, 交通灯奖励:-21079, 与前车进行交互的惩罚:0.0
Episode:8/100, Reward:-21829.646008912354
Episode:8/100, avg speed:15.716754610718901
Episode:8/100, avg halt num:0.22265994327135202
Episode:8/100, avg elec cons:2.0809409799729486
 Retrying in 1 seconds
Warning: Unused states in tlLogic 'J10', program '0' in phase 0 after tl-index 10
Simulation......
总奖励:-23041.551388995587, 速度奖励:22.004943239033583, 加速度奖励:-783.5563322337075, 交通灯奖励:-22280, 与前车进行交互的惩罚:0.0
Episode:9/100, Reward:-23041.551388995587
Episode:9/100, avg speed:15.61238309868525
Episode:9/100, avg halt num:0.23314881146206448
Episode:9/100, avg elec cons:2.1335054483633873
 Retrying in 1 seconds
Warning: Unused states in tlLogic 'J10', program '0' in phase 0 after tl-index 10
Simulation......
总奖励:-22427.131189265485, 速度奖励:25.81545380225954, 加速度奖励:-795.946643066971, 交通灯奖励:-21657, 与前车进行交互的惩罚:0.0
Episode:10/100, Reward:-22427.131189265485
Episode:10/100, avg speed:15.28533396776175
Episode:10/100, avg halt num:0.2730959097320169
Episode:10/100, avg elec cons:2.2581718163871645
 Retrying in 1 seconds
Warning: Unused states in tlLogic 'J10', program '0' in phase 0 after tl-index 10
Simulation......
总奖励:-23086.337571298838, 速度奖励:24.102216056614157, 加速度奖励:-788.4397873547474, 交通灯奖励:-22322, 与前车进行交互的惩罚:0.0
Episode:11/100, Reward:-23086.337571298838
Episode:11/100, avg speed:15.889266951644418
Episode:11/100, avg halt num:0.24048731642189586
Episode:11/100, avg elec cons:2.177565640018956
 Retrying in 1 seconds
Warning: Unused states in tlLogic 'J10', program '0' in phase 0 after tl-index 10
Simulation......
总奖励:-21680.34571391191, 速度奖励:22.039298603710968, 加速度奖励:-778.3850125148099, 交通灯奖励:-20924, 与前车进行交互的惩罚:0.0
Episode:12/100, Reward:-21680.34571391191
Episode:12/100, avg speed:15.716433826903495
Episode:12/100, avg halt num:0.24145372928176795
Episode:12/100, avg elec cons:2.2313964467563956
 Retrying in 1 seconds
Warning: Unused states in tlLogic 'J10', program '0' in phase 0 after tl-index 10
Simulation......
总奖励:-23057.919797308037, 速度奖励:20.640969747581877, 加速度奖励:-765.5607670549524, 交通灯奖励:-22313, 与前车进行交互的惩罚:0.0
Episode:13/100, Reward:-23057.919797308037
Episode:13/100, avg speed:15.855021704843617
Episode:13/100, avg halt num:0.21860170832015186
Episode:13/100, avg elec cons:2.0970288194655566
 Retrying in 1 seconds
Warning: Unused states in tlLogic 'J10', program '0' in phase 0 after tl-index 10
Simulation......
总奖励:-23124.241721077276, 速度奖励:23.78751157306588, 加速度奖励:-779.0292326495135, 交通灯奖励:-22369, 与前车进行交互的惩罚:0.0
Episode:14/100, Reward:-23124.241721077276
Episode:14/100, avg speed:15.509070916412451
Episode:14/100, avg halt num:0.26500355113636365
Episode:14/100, avg elec cons:2.333199837469124
 Retrying in 1 seconds
Warning: Unused states in tlLogic 'J10', program '0' in phase 0 after tl-index 10
Simulation......
总奖励:-23364.747149786548, 速度奖励:27.418259205001466, 加速度奖励:-807.1654089909375, 交通灯奖励:-22585, 与前车进行交互的惩罚:0.0
Episode:15/100, Reward:-23364.747149786548
Episode:15/100, avg speed:15.563270050723267
Episode:15/100, avg halt num:0.2822850762932639
Episode:15/100, avg elec cons:2.3429350798849877
 Retrying in 1 seconds
Warning: Unused states in tlLogic 'J10', program '0' in phase 0 after tl-index 10
Simulation......
总奖励:-24499.952471552602, 速度奖励:25.559221550807735, 加速度奖励:-790.5116931023952, 交通灯奖励:-23735, 与前车进行交互的惩罚:0.0
Episode:16/100, Reward:-24499.952471552602
Episode:16/100, avg speed:15.372720811931531
Episode:16/100, avg halt num:0.286910197869102
Episode:16/100, avg elec cons:2.460021109765329
 Retrying in 1 seconds
Warning: Unused states in tlLogic 'J10', program '0' in phase 0 after tl-index 10
Simulation......
总奖励:-23557.73325670591, 速度奖励:24.763893874840118, 加速度奖励:-776.4971505798458, 交通灯奖励:-22806, 与前车进行交互的惩罚:0.0
Episode:17/100, Reward:-23557.73325670591
Episode:17/100, avg speed:15.588550935591098
Episode:17/100, avg halt num:0.2703993055555556
Episode:17/100, avg elec cons:2.25574014033815
 Retrying in 1 seconds
Warning: Unused states in tlLogic 'J10', program '0' in phase 0 after tl-index 10
Simulation......
总奖励:-22752.512868155136, 速度奖励:23.569834160323904, 加速度奖励:-764.0827023145067, 交通灯奖励:-22012, 与前车进行交互的惩罚:0.0
Episode:18/100, Reward:-22752.512868155136
Episode:18/100, avg speed:14.74248497448636
Episode:18/100, avg halt num:0.30044570502431117
Episode:18/100, avg elec cons:2.637734756027152
 Retrying in 1 seconds
Warning: Unused states in tlLogic 'J10', program '0' in phase 0 after tl-index 10
Simulation......
总奖励:-24550.15517467578, 速度奖励:28.274219406291735, 加速度奖励:-810.429394081095, 交通灯奖励:-23768, 与前车进行交互的惩罚:0.0
Episode:19/100, Reward:-24550.15517467578
Episode:19/100, avg speed:15.313827785836164
Episode:19/100, avg halt num:0.28359826589595377
Episode:19/100, avg elec cons:2.3085044619687345
 Retrying in 1 seconds
Warning: Unused states in tlLogic 'J10', program '0' in phase 0 after tl-index 10
Simulation......
总奖励:-22808.686145764776, 速度奖励:24.11023080338845, 加速度奖励:-792.7963765675042, 交通灯奖励:-22040, 与前车进行交互的惩罚:0.0
Episode:20/100, Reward:-22808.686145764776
Episode:20/100, avg speed:15.632319785655913
Episode:20/100, avg halt num:0.247964031218188
Episode:20/100, avg elec cons:2.187757251100123
 Retrying in 1 seconds
Warning: Unused states in tlLogic 'J10', program '0' in phase 0 after tl-index 10
Simulation......
总奖励:-23593.0868340992, 速度奖励:27.668649671130463, 加速度奖励:-797.7554837692763, 交通灯奖励:-22823, 与前车进行交互的惩罚:0.0
Episode:21/100, Reward:-23593.0868340992
Episode:21/100, avg speed:15.26933517072161
Episode:21/100, avg halt num:0.31088992974238877
Episode:21/100, avg elec cons:2.5114359276183147
 Retrying in 1 seconds
Warning: Unused states in tlLogic 'J10', program '0' in phase 0 after tl-index 10
Simulation......
总奖励:-21921.67842864597, 速度奖励:21.276565107097845, 加速度奖励:-754.9549937521718, 交通灯奖励:-21188, 与前车进行交互的惩罚:0.0
Episode:22/100, Reward:-21921.67842864597
Episode:22/100, avg speed:15.45798745383413
Episode:22/100, avg halt num:0.2641419893697798
Episode:22/100, avg elec cons:2.5135139078386355
 Retrying in 1 seconds
Warning: Unused states in tlLogic 'J10', program '0' in phase 0 after tl-index 10
Simulation......
总奖励:-21422.52532888699, 速度奖励:23.686675313227013, 加速度奖励:-778.2120041994391, 交通灯奖励:-20668, 与前车进行交互的惩罚:0.0
Episode:23/100, Reward:-21422.52532888699
Episode:23/100, avg speed:15.809533081404792
Episode:23/100, avg halt num:0.244579945799458
Episode:23/100, avg elec cons:2.1718776688294668
 Retrying in 1 seconds
Warning: Unused states in tlLogic 'J10', program '0' in phase 0 after tl-index 10
Simulation......
总奖励:-21647.38675389143, 速度奖励:23.425415108710972, 加速度奖励:-766.8121689993867, 交通灯奖励:-20904, 与前车进行交互的惩罚:0.0
Episode:24/100, Reward:-21647.38675389143
Episode:24/100, avg speed:15.628897497842447
Episode:24/100, avg halt num:0.250743555849306
Episode:24/100, avg elec cons:2.175825407275956
 Retrying in 1 seconds
Warning: Unused states in tlLogic 'J10', program '0' in phase 0 after tl-index 10
Simulation......
总奖励:-21249.21979003627, 速度奖励:21.70402593677534, 加速度奖励:-756.9238159723548, 交通灯奖励:-20514, 与前车进行交互的惩罚:0.0
Episode:25/100, Reward:-21249.21979003627
Episode:25/100, avg speed:15.746486903465735
Episode:25/100, avg halt num:0.2448340108401084
Episode:25/100, avg elec cons:2.23901313187479
 Retrying in 1 seconds
Warning: Unused states in tlLogic 'J10', program '0' in phase 0 after tl-index 10
Simulation......
总奖励:-66550.71002758181, 速度奖励:196.7756022768344, 加速度奖励:-4106.485629856865, 交通灯奖励:-62641, 与前车进行交互的惩罚:0.0
Episode:26/100, Reward:-66550.71002758181
Episode:26/100, avg speed:10.155231030890592
Episode:26/100, avg halt num:0.3325547680412371
Episode:26/100, avg elec cons:1.450947334469887
 Retrying in 1 seconds
Warning: Unused states in tlLogic 'J10', program '0' in phase 0 after tl-index 10
Simulation......
总奖励:-120593.61644366565, 速度奖励:414.7650000000641, 加速度奖励:-8333.381443674734, 交通灯奖励:-112675, 与前车进行交互的惩罚:0.0
Episode:27/100, Reward:-120593.61644366565
Episode:27/100, avg speed:5.917472076163631
Episode:27/100, avg halt num:0.42783425754775106
Episode:27/100, avg elec cons:0.7059974293466358
 Retrying in 1 seconds
Warning: Unused states in tlLogic 'J10', program '0' in phase 0 after tl-index 10
Simulation......
总奖励:-119348.7277258727, 速度奖励:415.3770000000651, 加速度奖励:-8317.104725882451, 交通灯奖励:-111447, 与前车进行交互的惩罚:0.0
Episode:28/100, Reward:-119348.7277258727
Episode:28/100, avg speed:5.019524127548601
Episode:28/100, avg halt num:0.498197548666186
Episode:28/100, avg elec cons:0.8282633510932154
 Retrying in 1 seconds
Warning: Unused states in tlLogic 'J10', program '0' in phase 0 after tl-index 10
Simulation......
总奖励:-116712.44759043127, 速度奖励:405.1295615061777, 加速度奖励:-8134.57715194628, 交通灯奖励:-108983, 与前车进行交互的惩罚:0.0
Episode:29/100, Reward:-116712.44759043127
Episode:29/100, avg speed:5.900321426976405
Episode:29/100, avg halt num:0.49387072808320953
Episode:29/100, avg elec cons:0.8734477917117273
 Retrying in 1 seconds
Warning: Unused states in tlLogic 'J10', program '0' in phase 0 after tl-index 10
Simulation......
总奖励:-35516.281020031965, 速度奖励:109.22248330113325, 加速度奖励:-1161.5035033295228, 交通灯奖励:-34464, 与前车进行交互的惩罚:0.0
Episode:30/100, Reward:-35516.281020031965
Episode:30/100, avg speed:12.706092993587701
Episode:30/100, avg halt num:0.4313571178733823
Episode:30/100, avg elec cons:1.38357198249519
 Retrying in 1 seconds
Warning: Unused states in tlLogic 'J10', program '0' in phase 0 after tl-index 10
Simulation......
总奖励:-22936.94339938776, 速度奖励:31.840357205324135, 加速度奖励:-708.7837565923018, 交通灯奖励:-22260, 与前车进行交互的惩罚:0.0
Episode:31/100, Reward:-22936.94339938776
Episode:31/100, avg speed:15.475830746059021
Episode:31/100, avg halt num:0.21216672925272248
Episode:31/100, avg elec cons:2.2782347135862246
 Retrying in 1 seconds
Warning: Unused states in tlLogic 'J10', program '0' in phase 0 after tl-index 10
Simulation......
总奖励:-23829.30522053172, 速度奖励:42.27785568290518, 加速度奖励:-962.5830762131985, 交通灯奖励:-22909, 与前车进行交互的惩罚:0.0
Episode:32/100, Reward:-23829.30522053172
Episode:32/100, avg speed:14.200895933320282
Episode:32/100, avg halt num:0.3381535038932147
Episode:32/100, avg elec cons:2.0704754737992053
 Retrying in 1 seconds
Warning: Unused states in tlLogic 'J10', program '0' in phase 0 after tl-index 10
Simulation......
总奖励:-44498.87226241426, 速度奖励:108.03559932726246, 加速度奖励:-1670.9078617394337, 交通灯奖励:-42936, 与前车进行交互的惩罚:0.0
Episode:33/100, Reward:-44498.87226241426
Episode:33/100, avg speed:11.188686594750124
Episode:33/100, avg halt num:0.307550496954152
Episode:33/100, avg elec cons:1.2057255661814401
 Retrying in 1 seconds
Warning: Unused states in tlLogic 'J10', program '0' in phase 0 after tl-index 10
Simulation......
总奖励:-76885.2942377863, 速度奖励:268.18979030547223, 加速度奖励:-2963.4840280901744, 交通灯奖励:-74190, 与前车进行交互的惩罚:0.0
Episode:34/100, Reward:-76885.2942377863
Episode:34/100, avg speed:8.512477596397975
Episode:34/100, avg halt num:0.42199108469539376
Episode:34/100, avg elec cons:0.5982838207518226
 Retrying in 1 seconds
Warning: Unused states in tlLogic 'J10', program '0' in phase 0 after tl-index 10
Simulation......
总奖励:-94186.74005251899, 速度奖励:339.96546613591147, 加速度奖励:-3029.7055186625616, 交通灯奖励:-91497, 与前车进行交互的惩罚:0.0
Episode:35/100, Reward:-94186.74005251899
Episode:35/100, avg speed:7.771914567361397
Episode:35/100, avg halt num:0.6660447761194029
Episode:35/100, avg elec cons:0.5366413814024482
 Retrying in 1 seconds
Warning: Unused states in tlLogic 'J10', program '0' in phase 0 after tl-index 10
Simulation......
总奖励:-62902.23744198154, 速度奖励:233.02347288951717, 加速度奖励:-1723.260914864, 交通灯奖励:-61412, 与前车进行交互的惩罚:0.0
Episode:36/100, Reward:-62902.23744198154
Episode:36/100, avg speed:9.496997169687464
Episode:36/100, avg halt num:0.5760348956551489
Episode:36/100, avg elec cons:0.7170280891386441
 Retrying in 1 seconds
Warning: Unused states in tlLogic 'J10', program '0' in phase 0 after tl-index 10
Simulation......
总奖励:-64952.97712722864, 速度奖励:212.24807406712821, 加速度奖励:-1344.2252012897034, 交通灯奖励:-63821, 与前车进行交互的惩罚:0.0
Episode:37/100, Reward:-64952.97712722864
Episode:37/100, avg speed:9.223308743024146
Episode:37/100, avg halt num:0.6659090909090909
Episode:37/100, avg elec cons:0.8105742034181885
 Retrying in 1 seconds
Warning: Unused states in tlLogic 'J10', program '0' in phase 0 after tl-index 10
Simulation......
总奖励:-49561.600345982355, 速度奖励:139.83986753272845, 加速度奖励:-1899.4402135126422, 交通灯奖励:-47802, 与前车进行交互的惩罚:0.0
Episode:38/100, Reward:-49561.600345982355
Episode:38/100, avg speed:10.095577309286034
Episode:38/100, avg halt num:0.34594031922276197
Episode:38/100, avg elec cons:1.179972977949484
 Retrying in 1 seconds
Warning: Unused states in tlLogic 'J10', program '0' in phase 0 after tl-index 10
Simulation......
总奖励:-64164.94722870919, 速度奖励:219.42770813550533, 加速度奖励:-2281.374936838098, 交通灯奖励:-62103, 与前车进行交互的惩罚:0.0
Episode:39/100, Reward:-64164.94722870919
Episode:39/100, avg speed:8.139424068609424
Episode:39/100, avg halt num:0.6342396613480951
Episode:39/100, avg elec cons:1.0346444968405268
 Retrying in 1 seconds
Warning: Unused states in tlLogic 'J10', program '0' in phase 0 after tl-index 10
Simulation......
总奖励:-67138.17163548879, 速度奖励:199.79779690440662, 加速度奖励:-2175.96943239058, 交通灯奖励:-65162, 与前车进行交互的惩罚:0.0
Episode:40/100, Reward:-67138.17163548879
Episode:40/100, avg speed:9.337347989444142
Episode:40/100, avg halt num:0.45959768155472214
Episode:40/100, avg elec cons:0.9304936071371996
 Retrying in 1 seconds
Warning: Unused states in tlLogic 'J10', program '0' in phase 0 after tl-index 10
Simulation......
总奖励:-66161.15354009147, 速度奖励:173.5952604633177, 加速度奖励:-1405.7488005507198, 交通灯奖励:-64929, 与前车进行交互的惩罚:0.0
Episode:41/100, Reward:-66161.15354009147
Episode:41/100, avg speed:10.333177577500686
Episode:41/100, avg halt num:0.541429587482219
Episode:41/100, avg elec cons:0.9886411206772503
 Retrying in 1 seconds
Warning: Unused states in tlLogic 'J10', program '0' in phase 0 after tl-index 10
Simulation......
总奖励:-34773.6945907064, 速度奖励:86.41725471871297, 加速度奖励:-1109.111845422297, 交通灯奖励:-33751, 与前车进行交互的惩罚:0.0
Episode:42/100, Reward:-34773.6945907064
Episode:42/100, avg speed:13.330884003926819
Episode:42/100, avg halt num:0.36748947569843093
Episode:42/100, avg elec cons:1.9745237585542785
 Retrying in 1 seconds
Warning: Unused states in tlLogic 'J10', program '0' in phase 0 after tl-index 10
Simulation......
Error: tcpip::Socket::recvAndCheck @ recv: Connection reset by peer
Quitting (on error).
