nohup: 忽略输入
Env:sumo, Algorithm:TD3, Device:cuda
-----------------------------------------
models/reward_s9e-3_a4e-2_t(-0.5_0.02)_c.pth
-----------------------------------------
 Retrying in 1 seconds
Warning: Unused states in tlLogic 'J10', program '0' in phase 0 after tl-index 10
Simulation......
总奖励:-4294.755834661493, 速度奖励:-930.6574919819515, 加速度奖励:-711.2383426792711, 交通灯奖励:-2652.860000000087, 与前车进行交互的惩罚:0.0
Episode:1/100, Reward:-4294.755834661493
Episode:1/100, avg speed:14.437917980568516
Episode:1/100, avg halt num:0.3433744722312439
Episode:1/100, avg elec cons:1.762902998089894
 Retrying in 1 seconds
Warning: Unused states in tlLogic 'J10', program '0' in phase 0 after tl-index 10
Simulation......
总奖励:-5023.006304698403, 速度奖励:-1184.5730724479397, 加速度奖励:-681.333232250229, 交通灯奖励:-3157.1000000000954, 与前车进行交互的惩罚:0.0
Episode:2/100, Reward:-5023.006304698403
Episode:2/100, avg speed:14.017458994774065
Episode:2/100, avg halt num:0.4596020761245675
Episode:2/100, avg elec cons:1.8991220424325361
 Retrying in 1 seconds
Warning: Unused states in tlLogic 'J10', program '0' in phase 0 after tl-index 10
Simulation......
总奖励:-3550.289869803366, 速度奖励:-579.0643546049687, 加速度奖励:-829.3655151982058, 交通灯奖励:-2141.860000000063, 与前车进行交互的惩罚:0.0
Episode:3/100, Reward:-3550.289869803366
Episode:3/100, avg speed:15.656771369896509
Episode:3/100, avg halt num:0.2687152664269369
Episode:3/100, avg elec cons:2.03993768144376
 Retrying in 1 seconds
Warning: Unused states in tlLogic 'J10', program '0' in phase 0 after tl-index 10
Simulation......
总奖励:-3148.777769554552, 速度奖励:-484.50488101197516, 加速度奖励:-769.0328885424155, 交通灯奖励:-1895.2400000000598, 与前车进行交互的惩罚:0.0
Episode:4/100, Reward:-3148.777769554552
Episode:4/100, avg speed:15.180946944438496
Episode:4/100, avg halt num:0.2661600615621393
Episode:4/100, avg elec cons:2.517761405001358
 Retrying in 1 seconds
Warning: Unused states in tlLogic 'J10', program '0' in phase 0 after tl-index 10
Simulation......
总奖励:-3207.479566043257, 速度奖励:-499.0574736089769, 加速度奖励:-787.8220924341422, 交通灯奖励:-1920.6000000000583, 与前车进行交互的惩罚:0.0
Episode:5/100, Reward:-3207.479566043257
Episode:5/100, avg speed:15.442064003035668
Episode:5/100, avg halt num:0.27157258064516127
Episode:5/100, avg elec cons:2.595417889836701
 Retrying in 1 seconds
Warning: Unused states in tlLogic 'J10', program '0' in phase 0 after tl-index 10
Simulation......
总奖励:-3239.1508726780153, 速度奖励:-519.6948608339696, 加速度奖励:-773.7360118438621, 交通灯奖励:-1945.720000000059, 与前车进行交互的惩罚:0.0
Episode:6/100, Reward:-3239.1508726780153
Episode:6/100, avg speed:15.392720579554522
Episode:6/100, avg halt num:0.2700286123032904
Episode:6/100, avg elec cons:2.326385951692707
 Retrying in 1 seconds
Warning: Unused states in tlLogic 'J10', program '0' in phase 0 after tl-index 10
Simulation......
总奖励:-3311.6003519582396, 速度奖励:-521.6933262509713, 加速度奖励:-794.0670257070905, 交通灯奖励:-1995.840000000057, 与前车进行交互的惩罚:0.0
Episode:7/100, Reward:-3311.6003519582396
Episode:7/100, avg speed:15.671960660433209
Episode:7/100, avg halt num:0.25412371134020617
Episode:7/100, avg elec cons:2.2252208697171167
 Retrying in 1 seconds
Warning: Unused states in tlLogic 'J10', program '0' in phase 0 after tl-index 10
Simulation......
总奖励:-3109.7609094167597, 速度奖励:-483.26470719297095, 加速度奖励:-771.4762022236176, 交通灯奖励:-1855.0200000000546, 与前车进行交互的惩罚:0.0
Episode:8/100, Reward:-3109.7609094167597
Episode:8/100, avg speed:15.716754610718901
Episode:8/100, avg halt num:0.22265994327135202
Episode:8/100, avg elec cons:2.0809409799729486
 Retrying in 1 seconds
Warning: Unused states in tlLogic 'J10', program '0' in phase 0 after tl-index 10
Simulation......
总奖励:-3221.633962187862, 速度奖励:-499.177629953971, 加速度奖励:-783.5563322337075, 交通灯奖励:-1938.900000000057, 与前车进行交互的惩罚:0.0
Episode:9/100, Reward:-3221.633962187862
Episode:9/100, avg speed:15.61238309868525
Episode:9/100, avg halt num:0.23314881146206448
Episode:9/100, avg elec cons:2.1335054483633873
 Retrying in 1 seconds
Warning: Unused states in tlLogic 'J10', program '0' in phase 0 after tl-index 10
Simulation......
总奖励:-3247.878935773124, 速度奖励:-537.1122927059699, 加速度奖励:-795.946643066971, 交通灯奖励:-1914.8200000000586, 与前车进行交互的惩罚:0.0
Episode:10/100, Reward:-3247.878935773124
Episode:10/100, avg speed:15.28533396776175
Episode:10/100, avg halt num:0.2730959097320169
Episode:10/100, avg elec cons:2.2581718163871645
 Retrying in 1 seconds
Warning: Unused states in tlLogic 'J10', program '0' in phase 0 after tl-index 10
Simulation......
总奖励:-3249.585034021906, 速度奖励:-516.0652466669732, 加速度奖励:-788.4397873547474, 交通灯奖励:-1945.0800000000636, 与前车进行交互的惩罚:0.0
Episode:11/100, Reward:-3249.585034021906
Episode:11/100, avg speed:15.889266951644418
Episode:11/100, avg halt num:0.24048731642189586
Episode:11/100, avg elec cons:2.177565640018956
 Retrying in 1 seconds
Warning: Unused states in tlLogic 'J10', program '0' in phase 0 after tl-index 10
Simulation......
总奖励:-3116.1564136099573, 速度奖励:-492.3714010949739, 加速度奖励:-778.3850125148099, 交通灯奖励:-1845.4000000000583, 与前车进行交互的惩罚:0.0
Episode:12/100, Reward:-3116.1564136099573
Episode:12/100, avg speed:15.716433826903495
Episode:12/100, avg halt num:0.24145372928176795
Episode:12/100, avg elec cons:2.2313964467563956
 Retrying in 1 seconds
Warning: Unused states in tlLogic 'J10', program '0' in phase 0 after tl-index 10
Simulation......
总奖励:-3178.0614178000897, 速度奖励:-481.3206507449736, 加速度奖励:-765.5607670549524, 交通灯奖励:-1931.1800000000562, 与前车进行交互的惩罚:0.0
Episode:13/100, Reward:-3178.0614178000897
Episode:13/100, avg speed:15.855021704843617
Episode:13/100, avg halt num:0.21860170832015186
Episode:13/100, avg elec cons:2.0970288194655566
 Retrying in 1 seconds
Warning: Unused states in tlLogic 'J10', program '0' in phase 0 after tl-index 10
Simulation......
总奖励:-3249.2003162086767, 速度奖励:-519.5310835589725, 加速度奖励:-779.0292326495135, 交通灯奖励:-1950.6400000000613, 与前车进行交互的惩罚:0.0
Episode:14/100, Reward:-3249.2003162086767
Episode:14/100, avg speed:15.509070916412451
Episode:14/100, avg halt num:0.26500355113636365
Episode:14/100, avg elec cons:2.333199837469124
 Retrying in 1 seconds
Warning: Unused states in tlLogic 'J10', program '0' in phase 0 after tl-index 10
Simulation......
总奖励:-3322.9591433720543, 速度奖励:-542.0537343809763, 加速度奖励:-807.1654089909375, 交通灯奖励:-1973.7400000000662, 与前车进行交互的惩罚:0.0
Episode:15/100, Reward:-3322.9591433720543
Episode:15/100, avg speed:15.563270050723267
Episode:15/100, avg halt num:0.2822850762932639
Episode:15/100, avg elec cons:2.3429350798849877
 Retrying in 1 seconds
Warning: Unused states in tlLogic 'J10', program '0' in phase 0 after tl-index 10
Simulation......
总奖励:-3370.018470598565, 速度奖励:-535.5867774959711, 加速度奖励:-790.5116931023952, 交通灯奖励:-2043.9200000000608, 与前车进行交互的惩罚:0.0
Episode:16/100, Reward:-3370.018470598565
Episode:16/100, avg speed:15.372720811931531
Episode:16/100, avg halt num:0.286910197869102
Episode:16/100, avg elec cons:2.460021109765329
 Retrying in 1 seconds
Warning: Unused states in tlLogic 'J10', program '0' in phase 0 after tl-index 10
Simulation......
总奖励:-3296.2249265040036, 速度奖励:-533.0277759239733, 加速度奖励:-776.4971505798458, 交通灯奖励:-1986.7000000000617, 与前车进行交互的惩罚:0.0
Episode:17/100, Reward:-3296.2249265040036
Episode:17/100, avg speed:15.588550935591098
Episode:17/100, avg halt num:0.2703993055555556
Episode:17/100, avg elec cons:2.25574014033815
 Retrying in 1 seconds
Warning: Unused states in tlLogic 'J10', program '0' in phase 0 after tl-index 10
Simulation......
总奖励:-3203.522753430655, 速度奖励:-513.0400511159722, 加速度奖励:-764.0827023145067, 交通灯奖励:-1926.40000000006, 与前车进行交互的惩罚:0.0
Episode:18/100, Reward:-3203.522753430655
Episode:18/100, avg speed:14.74248497448636
Episode:18/100, avg halt num:0.30044570502431117
Episode:18/100, avg elec cons:2.637734756027152
 Retrying in 1 seconds
Warning: Unused states in tlLogic 'J10', program '0' in phase 0 after tl-index 10
Simulation......
总奖励:-3433.424894190256, 速度奖励:-562.7555001089714, 加速度奖励:-810.429394081095, 交通灯奖励:-2060.24000000006, 与前车进行交互的惩罚:0.0
Episode:19/100, Reward:-3433.424894190256
Episode:19/100, avg speed:15.313827785836164
Episode:19/100, avg halt num:0.28359826589595377
Episode:19/100, avg elec cons:2.3085044619687345
 Retrying in 1 seconds
Warning: Unused states in tlLogic 'J10', program '0' in phase 0 after tl-index 10
Simulation......
总奖励:-3236.4099706796455, 速度奖励:-515.2735941119718, 加速度奖励:-792.7963765675042, 交通灯奖励:-1928.3400000000624, 与前车进行交互的惩罚:0.0
Episode:20/100, Reward:-3236.4099706796455
Episode:20/100, avg speed:15.632319785655913
Episode:20/100, avg halt num:0.247964031218188
Episode:20/100, avg elec cons:2.187757251100123
 Retrying in 1 seconds
Warning: Unused states in tlLogic 'J10', program '0' in phase 0 after tl-index 10
Simulation......
总奖励:-3356.2854544684374, 速度奖励:-561.5699706989681, 加速度奖励:-797.7554837692763, 交通灯奖励:-1996.9600000000628, 与前车进行交互的惩罚:0.0
Episode:21/100, Reward:-3356.2854544684374
Episode:21/100, avg speed:15.26933517072161
Episode:21/100, avg halt num:0.31088992974238877
Episode:21/100, avg elec cons:2.5114359276183147
 Retrying in 1 seconds
Warning: Unused states in tlLogic 'J10', program '0' in phase 0 after tl-index 10
Simulation......
总奖励:-3103.397815285324, 速度奖励:-488.282821532974, 加速度奖励:-754.9549937521718, 交通灯奖励:-1860.160000000053, 与前车进行交互的惩罚:0.0
Episode:22/100, Reward:-3103.397815285324
Episode:22/100, avg speed:15.45798745383413
Episode:22/100, avg halt num:0.2641419893697798
Episode:22/100, avg elec cons:2.5135139078386355
 Retrying in 1 seconds
Warning: Unused states in tlLogic 'J10', program '0' in phase 0 after tl-index 10
Simulation......
总奖励:-3118.257298464582, 速度奖励:-504.6652942649717, 加速度奖励:-778.2120041994391, 交通灯奖励:-1835.3800000000592, 与前车进行交互的惩罚:0.0
Episode:23/100, Reward:-3118.257298464582
Episode:23/100, avg speed:15.809533081404792
Episode:23/100, avg halt num:0.244579945799458
Episode:23/100, avg elec cons:2.1718776688294668
 Retrying in 1 seconds
Warning: Unused states in tlLogic 'J10', program '0' in phase 0 after tl-index 10
Simulation......
总奖励:-3144.5387279355364, 速度奖励:-519.6065589359727, 加速度奖励:-766.8121689993867, 交通灯奖励:-1858.1200000000606, 与前车进行交互的惩罚:0.0
Episode:24/100, Reward:-3144.5387279355364
Episode:24/100, avg speed:15.628897497842447
Episode:24/100, avg halt num:0.250743555849306
Episode:24/100, avg elec cons:2.175825407275956
 Retrying in 1 seconds
Warning: Unused states in tlLogic 'J10', program '0' in phase 0 after tl-index 10
Simulation......
总奖励:-3073.109839523493, 速度奖励:-495.14602355097213, 加速度奖励:-756.9238159723548, 交通灯奖励:-1821.0400000000566, 与前车进行交互的惩罚:0.0
Episode:25/100, Reward:-3073.109839523493
Episode:25/100, avg speed:15.746486903465735
Episode:25/100, avg halt num:0.2448340108401084
Episode:25/100, avg elec cons:2.23901313187479
 Retrying in 1 seconds
Warning: Unused states in tlLogic 'J10', program '0' in phase 0 after tl-index 10
Simulation......
总奖励:-3500.9708719849136, 速度奖励:-585.9228302909684, 加速度奖励:-807.7280416937347, 交通灯奖励:-2107.320000000062, 与前车进行交互的惩罚:0.0
Episode:26/100, Reward:-3500.9708719849136
Episode:26/100, avg speed:15.038179350848141
Episode:26/100, avg halt num:0.32334232845026983
Episode:26/100, avg elec cons:2.4427240344822296
 Retrying in 1 seconds
Warning: Unused states in tlLogic 'J10', program '0' in phase 0 after tl-index 10
Simulation......
总奖励:-3280.882368324349, 速度奖励:-530.3846596049713, 加速度奖励:-794.8977087191848, 交通灯奖励:-1955.6000000000608, 与前车进行交互的惩罚:0.0
Episode:27/100, Reward:-3280.882368324349
Episode:27/100, avg speed:15.404209360166998
Episode:27/100, avg halt num:0.26625087842586087
Episode:27/100, avg elec cons:2.2585142977424844
 Retrying in 1 seconds
Warning: Unused states in tlLogic 'J10', program '0' in phase 0 after tl-index 10
Simulation......
总奖励:-3336.988402142965, 速度奖励:-540.0111168719706, 加速度奖励:-799.9172852708103, 交通灯奖励:-1997.0600000000593, 与前车进行交互的惩罚:0.0
Episode:28/100, Reward:-3336.988402142965
Episode:28/100, avg speed:14.771901586249331
Episode:28/100, avg halt num:0.3138122684232194
Episode:28/100, avg elec cons:2.624544664470256
 Retrying in 1 seconds
Warning: Unused states in tlLogic 'J10', program '0' in phase 0 after tl-index 10
Simulation......
总奖励:-3524.74998427209, 速度奖励:-571.7467741949733, 加速度奖励:-850.8432100769156, 交通灯奖励:-2102.1600000000653, 与前车进行交互的惩罚:0.0
Episode:29/100, Reward:-3524.74998427209
Episode:29/100, avg speed:15.048332711578864
Episode:29/100, avg halt num:0.3174315619967794
Episode:29/100, avg elec cons:2.4613457776235164
 Retrying in 1 seconds
Warning: Unused states in tlLogic 'J10', program '0' in phase 0 after tl-index 10
Simulation......
总奖励:-3144.5591484844667, 速度奖励:-506.12822642697245, 加速度奖励:-750.0709220573312, 交通灯奖励:-1888.360000000062, 与前车进行交互的惩罚:0.0
Episode:30/100, Reward:-3144.5591484844667
Episode:30/100, avg speed:15.614757703470051
Episode:30/100, avg halt num:0.25603991596638653
Episode:30/100, avg elec cons:2.349196351537927
 Retrying in 1 seconds
Warning: Unused states in tlLogic 'J10', program '0' in phase 0 after tl-index 10
Simulation......
总奖励:-3245.482850015595, 速度奖励:-497.04030350097355, 加速度奖励:-774.8025465144519, 交通灯奖励:-1973.6400000000615, 与前车进行交互的惩罚:0.0
Episode:31/100, Reward:-3245.482850015595
Episode:31/100, avg speed:15.528117048363235
Episode:31/100, avg halt num:0.26747463359639234
Episode:31/100, avg elec cons:2.4454963373466594
 Retrying in 1 seconds
Warning: Unused states in tlLogic 'J10', program '0' in phase 0 after tl-index 10
Simulation......
总奖励:-3346.1812694731657, 速度奖励:-563.1269488289696, 加速度奖励:-798.6743206439992, 交通灯奖励:-1984.380000000064, 与前车进行交互的惩罚:0.0
Episode:32/100, Reward:-3346.1812694731657
Episode:32/100, avg speed:15.089627018234047
Episode:32/100, avg halt num:0.30859375
Episode:32/100, avg elec cons:2.4326074113921714
 Retrying in 1 seconds
Warning: Unused states in tlLogic 'J10', program '0' in phase 0 after tl-index 10
Simulation......
总奖励:-3229.3648561444843, 速度奖励:-507.90492958497225, 加速度奖励:-770.7399265593381, 交通灯奖励:-1950.7200000000569, 与前车进行交互的惩罚:0.0
Episode:33/100, Reward:-3229.3648561444843
Episode:33/100, avg speed:15.371444406837275
Episode:33/100, avg halt num:0.25771659066994035
Episode:33/100, avg elec cons:2.32546157287782
 Retrying in 1 seconds
Warning: Unused states in tlLogic 'J10', program '0' in phase 0 after tl-index 10
Simulation......
总奖励:-3137.446937491045, 速度奖励:-512.4096560699742, 加速度奖励:-778.7972814209188, 交通灯奖励:-1846.2400000000605, 与前车进行交互的惩罚:0.0
Episode:34/100, Reward:-3137.446937491045
Episode:34/100, avg speed:15.617044359378474
Episode:34/100, avg halt num:0.25569975447211507
Episode:34/100, avg elec cons:2.2762455710496576
 Retrying in 1 seconds
Warning: Unused states in tlLogic 'J10', program '0' in phase 0 after tl-index 10
Simulation......
总奖励:-3097.1188633554434, 速度奖励:-484.06802755497637, 加速度奖励:-773.5508358003173, 交通灯奖励:-1839.5000000000596, 与前车进行交互的惩罚:0.0
Episode:35/100, Reward:-3097.1188633554434
Episode:35/100, avg speed:15.714893253576374
Episode:35/100, avg halt num:0.2523303504847129
Episode:35/100, avg elec cons:2.422281703671319
 Retrying in 1 seconds
Warning: Unused states in tlLogic 'J10', program '0' in phase 0 after tl-index 10
Simulation......
总奖励:-3297.9873598237214, 速度奖励:-541.2433440599697, 加速度奖励:-795.3440157635711, 交通灯奖励:-1961.4000000000633, 与前车进行交互的惩罚:0.0
Episode:36/100, Reward:-3297.9873598237214
Episode:36/100, avg speed:15.276779288579894
Episode:36/100, avg halt num:0.2858610384759059
Episode:36/100, avg elec cons:2.3766950455011675
 Retrying in 1 seconds
Warning: Unused states in tlLogic 'J10', program '0' in phase 0 after tl-index 10
Simulation......
总奖励:-3429.8016861427595, 速度奖励:-554.1897934979688, 加速度奖励:-808.3318926445506, 交通灯奖励:-2067.2800000000616, 与前车进行交互的惩罚:0.0
Episode:37/100, Reward:-3429.8016861427595
Episode:37/100, avg speed:14.953708112880355
Episode:37/100, avg halt num:0.3232685810810811
Episode:37/100, avg elec cons:2.6728811266835257
 Retrying in 1 seconds
Warning: Unused states in tlLogic 'J10', program '0' in phase 0 after tl-index 10
Simulation......
总奖励:-3060.7724156511845, 速度奖励:-467.7229757069789, 加速度奖励:-762.7494399440668, 交通灯奖励:-1830.3000000000634, 与前车进行交互的惩罚:0.0
Episode:38/100, Reward:-3060.7724156511845
Episode:38/100, avg speed:15.753905357419606
Episode:38/100, avg halt num:0.249323279195669
Episode:38/100, avg elec cons:2.5265827135895855
 Retrying in 1 seconds
Warning: Unused states in tlLogic 'J10', program '0' in phase 0 after tl-index 10
Simulation......
总奖励:-3419.3498748179572, 速度奖励:-563.1142712579705, 加速度奖励:-793.8756035597785, 交通灯奖励:-2062.3600000000592, 与前车进行交互的惩罚:0.0
Episode:39/100, Reward:-3419.3498748179572
Episode:39/100, avg speed:15.338110979469374
Episode:39/100, avg halt num:0.28496019383869853
Episode:39/100, avg elec cons:2.2291988278185455
 Retrying in 1 seconds
Warning: Unused states in tlLogic 'J10', program '0' in phase 0 after tl-index 10
Simulation......
总奖励:-3306.6485881839885, 速度奖励:-520.7521278779733, 加速度奖励:-808.4964603058238, 交通灯奖励:-1977.4000000000613, 与前车进行交互的惩罚:0.0
Episode:40/100, Reward:-3306.6485881839885
Episode:40/100, avg speed:15.403260408934344
Episode:40/100, avg halt num:0.26348888078745897
Episode:40/100, avg elec cons:2.3023444823564634
 Retrying in 1 seconds
Warning: Unused states in tlLogic 'J10', program '0' in phase 0 after tl-index 10
Simulation......
总奖励:-3153.0013912629174, 速度奖励:-508.49765464497256, 加速度奖励:-771.2437366177679, 交通灯奖励:-1873.2600000000627, 与前车进行交互的惩罚:0.0
Episode:41/100, Reward:-3153.0013912629174
Episode:41/100, avg speed:15.391585722606658
Episode:41/100, avg halt num:0.26714702663261586
Episode:41/100, avg elec cons:2.393484429298723
 Retrying in 1 seconds
Warning: Unused states in tlLogic 'J10', program '0' in phase 0 after tl-index 10
Simulation......
总奖励:-3367.6416267039745, 速度奖励:-535.7236971149721, 加速度奖励:-805.8579295888353, 交通灯奖励:-2026.0600000000586, 与前车进行交互的惩罚:0.0
Episode:42/100, Reward:-3367.6416267039745
Episode:42/100, avg speed:15.248039425621837
Episode:42/100, avg halt num:0.28978576893649577
Episode:42/100, avg elec cons:2.4331287629260694
 Retrying in 1 seconds
Warning: Unused states in tlLogic 'J10', program '0' in phase 0 after tl-index 10
Simulation......
总奖励:-3183.1964776448795, 速度奖励:-522.4036076279714, 加速度奖励:-770.9928700167083, 交通灯奖励:-1889.8000000000593, 与前车进行交互的惩罚:0.0
Episode:43/100, Reward:-3183.1964776448795
Episode:43/100, avg speed:15.070964418373572
Episode:43/100, avg halt num:0.29220651747153514
Episode:43/100, avg elec cons:2.6006209008579027
 Retrying in 1 seconds
Warning: Unused states in tlLogic 'J10', program '0' in phase 0 after tl-index 10
Simulation......
总奖励:-3227.4100130398483, 速度奖励:-522.3124712609717, 加速度奖励:-776.7175417786898, 交通灯奖励:-1928.3800000000629, 与前车进行交互的惩罚:0.0
Episode:44/100, Reward:-3227.4100130398483
Episode:44/100, avg speed:15.406875509892629
Episode:44/100, avg halt num:0.2777985773118682
Episode:44/100, avg elec cons:2.4634918485059436
 Retrying in 1 seconds
Warning: Unused states in tlLogic 'J10', program '0' in phase 0 after tl-index 10
Simulation......
总奖励:-3343.253023465191, 速度奖励:-557.4119342849689, 加速度奖励:-797.7010891800128, 交通灯奖励:-1988.140000000061, 与前车进行交互的惩罚:0.0
Episode:45/100, Reward:-3343.253023465191
Episode:45/100, avg speed:14.853258470789736
Episode:45/100, avg halt num:0.3128425998433829
Episode:45/100, avg elec cons:2.5116420870521217
 Retrying in 1 seconds
Warning: Unused states in tlLogic 'J10', program '0' in phase 0 after tl-index 10
Simulation......
总奖励:-3116.6667642628745, 速度奖励:-485.5354842239751, 加速度奖励:-770.8712800387443, 交通灯奖励:-1860.2600000000605, 与前车进行交互的惩罚:0.0
Episode:46/100, Reward:-3116.6667642628745
Episode:46/100, avg speed:15.901953602479992
Episode:46/100, avg halt num:0.22859504132231406
Episode:46/100, avg elec cons:2.171195653096225
 Retrying in 1 seconds
Warning: Unused states in tlLogic 'J10', program '0' in phase 0 after tl-index 10
Simulation......
总奖励:-3405.8464480501175, 速度奖励:-552.1447723949668, 加速度奖励:-802.3016756549108, 交通灯奖励:-2051.400000000058, 与前车进行交互的惩罚:0.0
Episode:47/100, Reward:-3405.8464480501175
Episode:47/100, avg speed:15.074927231634412
Episode:47/100, avg halt num:0.2993145468392993
Episode:47/100, avg elec cons:2.448958192851921
 Retrying in 1 seconds
Warning: Unused states in tlLogic 'J10', program '0' in phase 0 after tl-index 10
Simulation......
总奖励:-3314.0533918458354, 速度奖励:-532.8684438029692, 加速度奖励:-799.3049480426572, 交通灯奖励:-1981.8800000000579, 与前车进行交互的惩罚:0.0
Episode:48/100, Reward:-3314.0533918458354
Episode:48/100, avg speed:15.112089329958783
Episode:48/100, avg halt num:0.2944948697711129
Episode:48/100, avg elec cons:2.541584256753197
 Retrying in 1 seconds
Warning: Unused states in tlLogic 'J10', program '0' in phase 0 after tl-index 10
Simulation......
总奖励:-3207.127560532073, 速度奖励:-486.7151933609734, 加速度奖励:-774.0723671709204, 交通灯奖励:-1946.3400000000588, 与前车进行交互的惩罚:0.0
Episode:49/100, Reward:-3207.127560532073
Episode:49/100, avg speed:15.807806109527318
Episode:49/100, avg halt num:0.22008479899497488
Episode:49/100, avg elec cons:2.100364158035975
 Retrying in 1 seconds
Warning: Unused states in tlLogic 'J10', program '0' in phase 0 after tl-index 10
Simulation......
总奖励:-3087.8145661210565, 速度奖励:-511.52018537696995, 加速度奖励:-774.4543807439134, 交通灯奖励:-1801.8400000000602, 与前车进行交互的惩罚:0.0
Episode:50/100, Reward:-3087.8145661210565
Episode:50/100, avg speed:15.271120834811187
Episode:50/100, avg halt num:0.26063278008298757
Episode:50/100, avg elec cons:2.2399343184502443
 Retrying in 1 seconds
Warning: Unused states in tlLogic 'J10', program '0' in phase 0 after tl-index 10
Simulation......
总奖励:-3143.7158528509594, 速度奖励:-502.8157288979738, 加速度奖励:-760.4401239528066, 交通灯奖励:-1880.4600000000598, 与前车进行交互的惩罚:0.0
Episode:51/100, Reward:-3143.7158528509594
Episode:51/100, avg speed:15.853752718921848
Episode:51/100, avg halt num:0.23718163538873996
Episode:51/100, avg elec cons:2.2152564893378517
 Retrying in 1 seconds
Warning: Unused states in tlLogic 'J10', program '0' in phase 0 after tl-index 10
Simulation......
总奖励:-3292.732950590609, 速度奖励:-524.3947614899737, 加速度奖励:-790.7381891004545, 交通灯奖励:-1977.6000000000593, 与前车进行交互的惩罚:0.0
Episode:52/100, Reward:-3292.732950590609
Episode:52/100, avg speed:15.375314192877573
Episode:52/100, avg halt num:0.2701702442635085
Episode:52/100, avg elec cons:2.386124367929322
 Retrying in 1 seconds
Warning: Unused states in tlLogic 'J10', program '0' in phase 0 after tl-index 10
Simulation......
总奖励:-3225.2826855996177, 速度奖励:-504.1471484159718, 加速度奖励:-776.2355371834575, 交通灯奖励:-1944.9000000000528, 与前车进行交互的惩罚:0.0
Episode:53/100, Reward:-3225.2826855996177
Episode:53/100, avg speed:15.516060530500122
Episode:53/100, avg halt num:0.24484623183507942
Episode:53/100, avg elec cons:2.2047217689284486
 Retrying in 1 seconds
Warning: Unused states in tlLogic 'J10', program '0' in phase 0 after tl-index 10
Simulation......
总奖励:-3303.715882659111, 速度奖励:-542.3143609439725, 加速度奖励:-804.1615217149634, 交通灯奖励:-1957.2400000000628, 与前车进行交互的惩罚:0.0
Episode:54/100, Reward:-3303.715882659111
Episode:54/100, avg speed:15.353357663465713
Episode:54/100, avg halt num:0.2723261560183551
Episode:54/100, avg elec cons:2.242942691809028
 Retrying in 1 seconds
Warning: Unused states in tlLogic 'J10', program '0' in phase 0 after tl-index 10
Simulation......
总奖励:-3011.447639223049, 速度奖励:-486.7950480569757, 加速度奖励:-751.1325911659495, 交通灯奖励:-1773.5200000000607, 与前车进行交互的惩罚:0.0
Episode:55/100, Reward:-3011.447639223049
Episode:55/100, avg speed:15.118056246412396
Episode:55/100, avg halt num:0.27256003098373355
Episode:55/100, avg elec cons:2.588932875427805
 Retrying in 1 seconds
Warning: Unused states in tlLogic 'J10', program '0' in phase 0 after tl-index 10
Simulation......
总奖励:-3301.6773705142045, 速度奖励:-542.5884670049711, 加速度奖励:-805.8889035090461, 交通灯奖励:-1953.200000000062, 与前车进行交互的惩罚:0.0
Episode:56/100, Reward:-3301.6773705142045
Episode:56/100, avg speed:15.155946839847527
Episode:56/100, avg halt num:0.2801927973808658
Episode:56/100, avg elec cons:2.287236808011299
 Retrying in 1 seconds
Warning: Unused states in tlLogic 'J10', program '0' in phase 0 after tl-index 10
Simulation......
总奖励:-3292.2803913770986, 速度奖励:-542.4129992339715, 加速度奖励:-788.1873921429354, 交通灯奖励:-1961.680000000058, 与前车进行交互的惩罚:0.0
Episode:57/100, Reward:-3292.2803913770986
Episode:57/100, avg speed:15.113862318029128
Episode:57/100, avg halt num:0.31290849673202614
Episode:57/100, avg elec cons:2.65780378751943
 Retrying in 1 seconds
Warning: Unused states in tlLogic 'J10', program '0' in phase 0 after tl-index 10
Simulation......
总奖励:-3271.380856466425, 速度奖励:-511.7120453969742, 加速度奖励:-780.1688110692812, 交通灯奖励:-1979.500000000059, 与前车进行交互的惩罚:0.0
Episode:58/100, Reward:-3271.380856466425
Episode:58/100, avg speed:15.419266351132295
Episode:58/100, avg halt num:0.28215561730845573
Episode:58/100, avg elec cons:2.586333177051367
 Retrying in 1 seconds
Warning: Unused states in tlLogic 'J10', program '0' in phase 0 after tl-index 10
Simulation......
总奖励:-3468.7646902577303, 速度奖励:-559.3593649139734, 加速度奖励:-807.8053253435473, 交通灯奖励:-2101.6000000000645, 与前车进行交互的惩罚:0.0
Episode:59/100, Reward:-3468.7646902577303
Episode:59/100, avg speed:15.367733906861048
Episode:59/100, avg halt num:0.29819508448540705
Episode:59/100, avg elec cons:2.4194137877443986
 Retrying in 1 seconds
Warning: Unused states in tlLogic 'J10', program '0' in phase 0 after tl-index 10
Simulation......
总奖励:-3197.2456742081017, 速度奖励:-500.6428708499707, 加速度奖励:-772.662803357945, 交通灯奖励:-1923.9400000000555, 与前车进行交互的惩罚:0.0
Episode:60/100, Reward:-3197.2456742081017
Episode:60/100, avg speed:15.6128185461754
Episode:60/100, avg halt num:0.24181696726786908
Episode:60/100, avg elec cons:2.1851339543856847
 Retrying in 1 seconds
Warning: Unused states in tlLogic 'J10', program '0' in phase 0 after tl-index 10
Simulation......
总奖励:-3306.6871496170497, 速度奖励:-547.1870016419703, 加速度奖励:-789.64014797487, 交通灯奖励:-1969.8600000000602, 与前车进行交互的惩罚:0.0
Episode:61/100, Reward:-3306.6871496170497
Episode:61/100, avg speed:14.945712498242518
Episode:61/100, avg halt num:0.3076923076923077
Episode:61/100, avg elec cons:2.555779477550669
 Retrying in 1 seconds
Warning: Unused states in tlLogic 'J10', program '0' in phase 0 after tl-index 10
Simulation......
总奖励:-3360.2263721318222, 速度奖励:-520.4036723309703, 加速度奖励:-799.5426998006449, 交通灯奖励:-2040.2800000000573, 与前车进行交互的惩罚:0.0
Episode:62/100, Reward:-3360.2263721318222
Episode:62/100, avg speed:15.3299301803633
Episode:62/100, avg halt num:0.25809540389972147
Episode:62/100, avg elec cons:2.228470441219096
 Retrying in 1 seconds
Warning: Unused states in tlLogic 'J10', program '0' in phase 0 after tl-index 10
Simulation......
总奖励:-3221.9769738832797, 速度奖励:-525.4385229269678, 加速度奖励:-788.2184509561051, 交通灯奖励:-1908.3200000000604, 与前车进行交互的惩罚:0.0
Episode:63/100, Reward:-3221.9769738832797
Episode:63/100, avg speed:15.477035020029952
Episode:63/100, avg halt num:0.2573054706082229
Episode:63/100, avg elec cons:2.169241221292343
 Retrying in 1 seconds
Warning: Unused states in tlLogic 'J10', program '0' in phase 0 after tl-index 10
Simulation......
总奖励:-3237.624735994243, 速度奖励:-525.6981681209703, 加速度奖励:-776.386567873103, 交通灯奖励:-1935.5400000000623, 与前车进行交互的惩罚:0.0
Episode:64/100, Reward:-3237.624735994243
Episode:64/100, avg speed:15.312838362149641
Episode:64/100, avg halt num:0.2829691032403919
Episode:64/100, avg elec cons:2.466412792342758
 Retrying in 1 seconds
Warning: Unused states in tlLogic 'J10', program '0' in phase 0 after tl-index 10
Simulation......
总奖励:-3120.2170690649677, 速度奖励:-481.0027952339753, 加速度奖励:-777.3942738308359, 交通灯奖励:-1861.8200000000618, 与前车进行交互的惩罚:0.0
Episode:65/100, Reward:-3120.2170690649677
Episode:65/100, avg speed:15.699379827177422
Episode:65/100, avg halt num:0.24581361485256645
Episode:65/100, avg elec cons:2.375042023708276
 Retrying in 1 seconds
Warning: Unused states in tlLogic 'J10', program '0' in phase 0 after tl-index 10
Simulation......
总奖励:-3289.9339086898144, 速度奖励:-526.0598510309719, 加速度奖励:-780.4540576586772, 交通灯奖励:-1983.4200000000565, 与前车进行交互的惩罚:0.0
Episode:66/100, Reward:-3289.9339086898144
Episode:66/100, avg speed:15.8256725316306
Episode:66/100, avg halt num:0.24716369529983792
Episode:66/100, avg elec cons:2.113491632284801
 Retrying in 1 seconds
Warning: Unused states in tlLogic 'J10', program '0' in phase 0 after tl-index 10
Simulation......
总奖励:-3225.266587236344, 速度奖励:-504.7561358729741, 加速度奖励:-793.4504513632086, 交通灯奖励:-1927.0600000000602, 与前车进行交互的惩罚:0.0
Episode:67/100, Reward:-3225.266587236344
Episode:67/100, avg speed:15.930896226625542
Episode:67/100, avg halt num:0.23524535809018568
Episode:67/100, avg elec cons:2.121427277233763
 Retrying in 1 seconds
Warning: Unused states in tlLogic 'J10', program '0' in phase 0 after tl-index 10
Simulation......
总奖励:-3149.7214921038867, 速度奖励:-484.85902308297545, 加速度奖励:-788.1624690207407, 交通灯奖励:-1876.7000000000553, 与前车进行交互的惩罚:0.0
Episode:68/100, Reward:-3149.7214921038867
Episode:68/100, avg speed:15.839716007112589
Episode:68/100, avg halt num:0.2318259385665529
Episode:68/100, avg elec cons:2.210273879947169
 Retrying in 1 seconds
Warning: Unused states in tlLogic 'J10', program '0' in phase 0 after tl-index 10
Simulation......
总奖励:-3251.7746711621326, 速度奖励:-524.9473596089707, 加速度奖励:-775.0873115529703, 交通灯奖励:-1951.7400000000582, 与前车进行交互的惩罚:0.0
Episode:69/100, Reward:-3251.7746711621326
Episode:69/100, avg speed:15.656228017056595
Episode:69/100, avg halt num:0.24335022165927803
Episode:69/100, avg elec cons:2.0928632748551244
 Retrying in 1 seconds
Warning: Unused states in tlLogic 'J10', program '0' in phase 0 after tl-index 10
Simulation......
总奖励:-3109.759792951943, 速度奖励:-504.4716536129707, 加速度奖励:-764.50813933881, 交通灯奖励:-1840.7800000000561, 与前车进行交互的惩罚:0.0
Episode:70/100, Reward:-3109.759792951943
Episode:70/100, avg speed:15.575555042303346
Episode:70/100, avg halt num:0.2431162941367023
Episode:70/100, avg elec cons:2.1315141555933375
 Retrying in 1 seconds
Warning: Unused states in tlLogic 'J10', program '0' in phase 0 after tl-index 10
Simulation......
总奖励:-3148.5118685844686, 速度奖励:-479.62761645597516, 加速度奖励:-770.664252128327, 交通灯奖励:-1898.2200000000553, 与前车进行交互的惩罚:0.0
Episode:71/100, Reward:-3148.5118685844686
Episode:71/100, avg speed:15.98937873068131
Episode:71/100, avg halt num:0.22311917443408788
Episode:71/100, avg elec cons:2.177044139487025
 Retrying in 1 seconds
Warning: Unused states in tlLogic 'J10', program '0' in phase 0 after tl-index 10
Simulation......
总奖励:-3313.8400994852327, 速度奖励:-525.7191956579715, 加速度奖励:-796.540903827074, 交通灯奖励:-1991.580000000057, 与前车进行交互的惩罚:0.0
Episode:72/100, Reward:-3313.8400994852327
Episode:72/100, avg speed:14.812920737627316
Episode:72/100, avg halt num:0.2879160363086233
Episode:72/100, avg elec cons:2.416578673599918
 Retrying in 1 seconds
Warning: Unused states in tlLogic 'J10', program '0' in phase 0 after tl-index 10
Simulation......
总奖励:-3158.721777182877, 速度奖励:-483.84153690297114, 加速度奖励:-774.8802402797287, 交通灯奖励:-1900.0000000000514, 与前车进行交互的惩罚:0.0
Episode:73/100, Reward:-3158.721777182877
Episode:73/100, avg speed:15.677892152806164
Episode:73/100, avg halt num:0.21166013859596264
Episode:73/100, avg elec cons:1.9909453322077661
 Retrying in 1 seconds
Warning: Unused states in tlLogic 'J10', program '0' in phase 0 after tl-index 10
Simulation......
总奖励:-3394.0073093444867, 速度奖励:-562.3592335109706, 加速度奖励:-808.6680758333102, 交通灯奖励:-2022.980000000056, 与前车进行交互的惩罚:0.0
Episode:74/100, Reward:-3394.0073093444867
Episode:74/100, avg speed:15.35991534529979
Episode:74/100, avg halt num:0.2834101382488479
Episode:74/100, avg elec cons:2.2564333599601505
 Retrying in 1 seconds
Warning: Unused states in tlLogic 'J10', program '0' in phase 0 after tl-index 10
Simulation......
总奖励:-3518.147195618014, 速度奖励:-587.1307333679672, 加速度奖励:-841.1764622498165, 交通灯奖励:-2089.8400000000584, 与前车进行交互的惩罚:0.0
Episode:75/100, Reward:-3518.147195618014
Episode:75/100, avg speed:15.396363227489337
Episode:75/100, avg halt num:0.2818455366098295
Episode:75/100, avg elec cons:2.0756747095420667
 Retrying in 1 seconds
Warning: Unused states in tlLogic 'J10', program '0' in phase 0 after tl-index 10
Simulation......
总奖励:-3046.9073654716526, 速度奖励:-457.5376009439777, 加速度奖励:-749.4497645275195, 交通灯奖励:-1839.9200000000624, 与前车进行交互的惩罚:0.0
Episode:76/100, Reward:-3046.9073654716526
Episode:76/100, avg speed:15.627563485309167
Episode:76/100, avg halt num:0.2535627035830619
Episode:76/100, avg elec cons:2.7104473052978006
 Retrying in 1 seconds
Warning: Unused states in tlLogic 'J10', program '0' in phase 0 after tl-index 10
Simulation......
总奖励:-3420.826664108033, 速度奖励:-564.2813194649705, 加速度奖励:-804.6253446428806, 交通灯奖励:-2051.9200000000646, 与前车进行交互的惩罚:0.0
Episode:77/100, Reward:-3420.826664108033
Episode:77/100, avg speed:15.205374753727465
Episode:77/100, avg halt num:0.3156839149618933
Episode:77/100, avg elec cons:2.531412029713691
 Retrying in 1 seconds
Warning: Unused states in tlLogic 'J10', program '0' in phase 0 after tl-index 10
Simulation......
总奖励:-2877.130105177686, 速度奖励:-474.57089286297764, 加速度奖励:-742.7392123145723, 交通灯奖励:-1659.8200000000609, 与前车进行交互的惩罚:0.0
Episode:78/100, Reward:-2877.130105177686
Episode:78/100, avg speed:15.25096521803185
Episode:78/100, avg halt num:0.2677935943060498
Episode:78/100, avg elec cons:2.648390027943649
 Retrying in 1 seconds
Warning: Unused states in tlLogic 'J10', program '0' in phase 0 after tl-index 10
Simulation......
总奖励:-3376.239165684431, 速度奖励:-558.7511419349702, 加速度奖励:-782.8880237492633, 交通灯奖励:-2034.6000000000631, 与前车进行交互的惩罚:0.0
Episode:79/100, Reward:-3376.239165684431
Episode:79/100, avg speed:15.050900348303232
Episode:79/100, avg halt num:0.31276678308110206
Episode:79/100, avg elec cons:2.507302604253454
 Retrying in 1 seconds
Warning: Unused states in tlLogic 'J10', program '0' in phase 0 after tl-index 10
Simulation......
总奖励:-3142.260570317264, 速度奖励:-512.000498384969, 加速度奖励:-761.8800719320959, 交通灯奖励:-1868.3800000000579, 与前车进行交互的惩罚:0.0
Episode:80/100, Reward:-3142.260570317264
Episode:80/100, avg speed:15.279452050729834
Episode:80/100, avg halt num:0.26654740608228983
Episode:80/100, avg elec cons:2.4012989694859757
 Retrying in 1 seconds
Warning: Unused states in tlLogic 'J10', program '0' in phase 0 after tl-index 10
Simulation......
总奖励:-3072.234672374566, 速度奖励:-499.0668379649735, 加速度奖励:-750.3878344094242, 交通灯奖励:-1822.7800000000636, 与前车进行交互的惩罚:0.0
Episode:81/100, Reward:-3072.234672374566
Episode:81/100, avg speed:15.47912024592772
Episode:81/100, avg halt num:0.2671359762875139
Episode:81/100, avg elec cons:2.4491056943102905
 Retrying in 1 seconds
Warning: Unused states in tlLogic 'J10', program '0' in phase 0 after tl-index 10
Simulation......
总奖励:-3289.4284518085497, 速度奖励:-517.557359870978, 加速度奖励:-776.6910919374324, 交通灯奖励:-1995.1800000000605, 与前车进行交互的惩罚:0.0
Episode:82/100, Reward:-3289.4284518085497
Episode:82/100, avg speed:15.242445365351282
Episode:82/100, avg halt num:0.29203629032258066
Episode:82/100, avg elec cons:2.639851704266795
 Retrying in 1 seconds
Warning: Unused states in tlLogic 'J10', program '0' in phase 0 after tl-index 10
Simulation......
总奖励:-3267.171975341156, 速度奖励:-528.6736209689715, 加速度奖励:-789.4383543720045, 交通灯奖励:-1949.0600000000595, 与前车进行交互的惩罚:0.0
Episode:83/100, Reward:-3267.171975341156
Episode:83/100, avg speed:15.453994502917457
Episode:83/100, avg halt num:0.2680944055944056
Episode:83/100, avg elec cons:2.263425090295222
 Retrying in 1 seconds
Warning: Unused states in tlLogic 'J10', program '0' in phase 0 after tl-index 10
Simulation......
总奖励:-3242.4972421075645, 速度奖励:-502.12724822997535, 加速度奖励:-795.8299938774197, 交通灯奖励:-1944.5400000000611, 与前车进行交互的惩罚:0.0
Episode:84/100, Reward:-3242.4972421075645
Episode:84/100, avg speed:15.236271225420698
Episode:84/100, avg halt num:0.276378896882494
Episode:84/100, avg elec cons:2.543490006583782
 Retrying in 1 seconds
Warning: Unused states in tlLogic 'J10', program '0' in phase 0 after tl-index 10
Simulation......
总奖励:-3354.2034738543084, 速度奖励:-536.3645333849717, 加速度奖励:-797.4389404691602, 交通灯奖励:-2020.4000000000613, 与前车进行交互的惩罚:0.0
Episode:85/100, Reward:-3354.2034738543084
Episode:85/100, avg speed:15.653611449460309
Episode:85/100, avg halt num:0.2599253478113336
Episode:85/100, avg elec cons:2.1642685744895322
 Retrying in 1 seconds
Warning: Unused states in tlLogic 'J10', program '0' in phase 0 after tl-index 10
Simulation......
总奖励:-3164.9965322894222, 速度奖励:-490.970462156972, 加速度奖励:-756.9660701322747, 交通灯奖励:-1917.0600000000559, 与前车进行交互的惩罚:0.0
Episode:86/100, Reward:-3164.9965322894222
Episode:86/100, avg speed:15.911878427411045
Episode:86/100, avg halt num:0.21984225177853386
Episode:86/100, avg elec cons:2.0597321975697453
 Retrying in 1 seconds
Warning: Unused states in tlLogic 'J10', program '0' in phase 0 after tl-index 10
Simulation......
总奖励:-3593.2070741488565, 速度奖励:-595.1846648969714, 加速度奖励:-827.9624092516822, 交通灯奖励:-2170.060000000065, 与前车进行交互的惩罚:0.0
Episode:87/100, Reward:-3593.2070741488565
Episode:87/100, avg speed:14.979987257393017
Episode:87/100, avg halt num:0.3488976705490849
Episode:87/100, avg elec cons:2.5903498082342673
 Retrying in 1 seconds
Warning: Unused states in tlLogic 'J10', program '0' in phase 0 after tl-index 10
Simulation......
总奖励:-3371.0788363579563, 速度奖励:-565.9750315619673, 加速度奖励:-808.843804795773, 交通灯奖励:-1996.260000000063, 与前车进行交互的惩罚:0.0
Episode:88/100, Reward:-3371.0788363579563
Episode:88/100, avg speed:15.368990334160307
Episode:88/100, avg halt num:0.2809172105805565
Episode:88/100, avg elec cons:2.1731891273044757
 Retrying in 1 seconds
Warning: Unused states in tlLogic 'J10', program '0' in phase 0 after tl-index 10
Simulation......
总奖励:-3368.6418556158624, 速度奖励:-563.0375355029687, 加速度奖励:-792.144320112702, 交通灯奖励:-2013.4600000000628, 与前车进行交互的惩罚:0.0
Episode:89/100, Reward:-3368.6418556158624
Episode:89/100, avg speed:15.03256913942961
Episode:89/100, avg halt num:0.3071753123816736
Episode:89/100, avg elec cons:2.4524474376982615
 Retrying in 1 seconds
Warning: Unused states in tlLogic 'J10', program '0' in phase 0 after tl-index 10
Simulation......
总奖励:-3078.968070207587, 速度奖励:-483.6390319079763, 加速度奖励:-760.0290382994638, 交通灯奖励:-1835.3000000000602, 与前车进行交互的惩罚:0.0
Episode:90/100, Reward:-3078.968070207587
Episode:90/100, avg speed:15.337422066679038
Episode:90/100, avg halt num:0.26850039154267813
Episode:90/100, avg elec cons:2.5857704543925863
 Retrying in 1 seconds
Warning: Unused states in tlLogic 'J10', program '0' in phase 0 after tl-index 10
Simulation......
总奖励:-3297.2237509130314, 速度奖励:-531.2579107679693, 加速度奖励:-787.8458401448662, 交通灯奖励:-1978.1200000000558, 与前车进行交互的惩罚:0.0
Episode:91/100, Reward:-3297.2237509130314
Episode:91/100, avg speed:14.948753964755415
Episode:91/100, avg halt num:0.2980580619850922
Episode:91/100, avg elec cons:2.534377124575923
 Retrying in 1 seconds
Warning: Unused states in tlLogic 'J10', program '0' in phase 0 after tl-index 10
Simulation......
总奖励:-3274.4202164599365, 速度奖励:-544.58956118697, 加速度奖励:-791.4106552727836, 交通灯奖励:-1938.420000000061, 与前车进行交互的惩罚:0.0
Episode:92/100, Reward:-3274.4202164599365
Episode:92/100, avg speed:15.067028402964619
Episode:92/100, avg halt num:0.2968512898330804
Episode:92/100, avg elec cons:2.440791382815363
 Retrying in 1 seconds
Warning: Unused states in tlLogic 'J10', program '0' in phase 0 after tl-index 10
Simulation......
总奖励:-3310.772623605672, 速度奖励:-552.3451102259687, 加速度奖励:-792.4875133795106, 交通灯奖励:-1965.9400000000646, 与前车进行交互的惩罚:0.0
Episode:93/100, Reward:-3310.772623605672
Episode:93/100, avg speed:14.961508478658384
Episode:93/100, avg halt num:0.3314321926489227
Episode:93/100, avg elec cons:2.707427488083002
 Retrying in 1 seconds
Warning: Unused states in tlLogic 'J10', program '0' in phase 0 after tl-index 10
Simulation......
总奖励:-3179.475381157772, 速度奖励:-509.719869377972, 加速度奖励:-767.7155117796289, 交通灯奖励:-1902.040000000054, 与前车进行交互的惩罚:0.0
Episode:94/100, Reward:-3179.475381157772
Episode:94/100, avg speed:15.5866334618538
Episode:94/100, avg halt num:0.251187648456057
Episode:94/100, avg elec cons:2.239849030481765
 Retrying in 1 seconds
Warning: Unused states in tlLogic 'J10', program '0' in phase 0 after tl-index 10
Simulation......
总奖励:-3299.0298169299904, 速度奖励:-543.8001053249719, 加速度奖励:-786.3497116048193, 交通灯奖励:-1968.8800000000592, 与前车进行交互的惩罚:0.0
Episode:95/100, Reward:-3299.0298169299904
Episode:95/100, avg speed:14.829348134762935
Episode:95/100, avg halt num:0.3052704303197789
Episode:95/100, avg elec cons:2.5891289638724078
 Retrying in 1 seconds
Warning: Unused states in tlLogic 'J10', program '0' in phase 0 after tl-index 10
Simulation......
总奖励:-3056.997053628453, 速度奖励:-486.38356573497447, 加速度奖励:-752.9934878933194, 交通灯奖励:-1817.6200000000608, 与前车进行交互的惩罚:0.0
Episode:96/100, Reward:-3056.997053628453
Episode:96/100, avg speed:15.325063634978939
Episode:96/100, avg halt num:0.26897625535227715
Episode:96/100, avg elec cons:2.6008120724692
 Retrying in 1 seconds
Warning: Unused states in tlLogic 'J10', program '0' in phase 0 after tl-index 10
Simulation......
总奖励:-3262.8449801051165, 速度奖励:-543.4609710869714, 加速度奖励:-780.824009017956, 交通灯奖励:-1938.5600000000613, 与前车进行交互的惩罚:0.0
Episode:97/100, Reward:-3262.8449801051165
Episode:97/100, avg speed:15.141762354876503
Episode:97/100, avg halt num:0.30704028719585164
Episode:97/100, avg elec cons:2.563356443152174
 Retrying in 1 seconds
Warning: Unused states in tlLogic 'J10', program '0' in phase 0 after tl-index 10
Simulation......
总奖励:-3055.817833852031, 速度奖励:-450.53076022198, 加速度奖励:-758.9470736299211, 交通灯奖励:-1846.3400000000602, 与前车进行交互的惩罚:0.0
Episode:98/100, Reward:-3055.817833852031
Episode:98/100, avg speed:15.374972529968097
Episode:98/100, avg halt num:0.24669603524229075
Episode:98/100, avg elec cons:2.6828595406038445
 Retrying in 1 seconds
Warning: Unused states in tlLogic 'J10', program '0' in phase 0 after tl-index 10
Simulation......
总奖励:-3235.4709742440486, 速度奖励:-501.5248883099749, 加速度奖励:-783.9660859339095, 交通灯奖励:-1949.9800000000587, 与前车进行交互的惩罚:0.0
Episode:99/100, Reward:-3235.4709742440486
Episode:99/100, avg speed:15.93420879366553
Episode:99/100, avg halt num:0.2454176947479732
Episode:99/100, avg elec cons:2.2923029772715626
 Retrying in 1 seconds
Warning: Unused states in tlLogic 'J10', program '0' in phase 0 after tl-index 10
Simulation......
总奖励:-3111.491125582232, 速度奖励:-478.87443047697695, 加速度奖励:-770.0966951051046, 交通灯奖励:-1862.5200000000607, 与前车进行交互的惩罚:0.0
Episode:100/100, Reward:-3111.491125582232
Episode:100/100, avg speed:15.92892917377798
Episode:100/100, avg halt num:0.22794871794871796
Episode:100/100, avg elec cons:2.2261092139171734
model saved successfully!
Complete training!
final reward list:[-4294.755834661493, -5023.006304698403, -3550.289869803366, -3148.777769554552, -3207.479566043257, -3239.1508726780153, -3311.6003519582396, -3109.7609094167597, -3221.633962187862, -3247.878935773124, -3249.585034021906, -3116.1564136099573, -3178.0614178000897, -3249.2003162086767, -3322.9591433720543, -3370.018470598565, -3296.2249265040036, -3203.522753430655, -3433.424894190256, -3236.4099706796455, -3356.2854544684374, -3103.397815285324, -3118.257298464582, -3144.5387279355364, -3073.109839523493, -3500.9708719849136, -3280.882368324349, -3336.988402142965, -3524.74998427209, -3144.5591484844667, -3245.482850015595, -3346.1812694731657, -3229.3648561444843, -3137.446937491045, -3097.1188633554434, -3297.9873598237214, -3429.8016861427595, -3060.7724156511845, -3419.3498748179572, -3306.6485881839885, -3153.0013912629174, -3367.6416267039745, -3183.1964776448795, -3227.4100130398483, -3343.253023465191, -3116.6667642628745, -3405.8464480501175, -3314.0533918458354, -3207.127560532073, -3087.8145661210565, -3143.7158528509594, -3292.732950590609, -3225.2826855996177, -3303.715882659111, -3011.447639223049, -3301.6773705142045, -3292.2803913770986, -3271.380856466425, -3468.7646902577303, -3197.2456742081017, -3306.6871496170497, -3360.2263721318222, -3221.9769738832797, -3237.624735994243, -3120.2170690649677, -3289.9339086898144, -3225.266587236344, -3149.7214921038867, -3251.7746711621326, -3109.759792951943, -3148.5118685844686, -3313.8400994852327, -3158.721777182877, -3394.0073093444867, -3518.147195618014, -3046.9073654716526, -3420.826664108033, -2877.130105177686, -3376.239165684431, -3142.260570317264, -3072.234672374566, -3289.4284518085497, -3267.171975341156, -3242.4972421075645, -3354.2034738543084, -3164.9965322894222, -3593.2070741488565, -3371.0788363579563, -3368.6418556158624, -3078.968070207587, -3297.2237509130314, -3274.4202164599365, -3310.772623605672, -3179.475381157772, -3299.0298169299904, -3056.997053628453, -3262.8449801051165, -3055.817833852031, -3235.4709742440486, -3111.491125582232]
final speed list:[14.437917980568516, 14.017458994774065, 15.656771369896509, 15.180946944438496, 15.442064003035668, 15.392720579554522, 15.671960660433209, 15.716754610718901, 15.61238309868525, 15.28533396776175, 15.889266951644418, 15.716433826903495, 15.855021704843617, 15.509070916412451, 15.563270050723267, 15.372720811931531, 15.588550935591098, 14.74248497448636, 15.313827785836164, 15.632319785655913, 15.26933517072161, 15.45798745383413, 15.809533081404792, 15.628897497842447, 15.746486903465735, 15.038179350848141, 15.404209360166998, 14.771901586249331, 15.048332711578864, 15.614757703470051, 15.528117048363235, 15.089627018234047, 15.371444406837275, 15.617044359378474, 15.714893253576374, 15.276779288579894, 14.953708112880355, 15.753905357419606, 15.338110979469374, 15.403260408934344, 15.391585722606658, 15.248039425621837, 15.070964418373572, 15.406875509892629, 14.853258470789736, 15.901953602479992, 15.074927231634412, 15.112089329958783, 15.807806109527318, 15.271120834811187, 15.853752718921848, 15.375314192877573, 15.516060530500122, 15.353357663465713, 15.118056246412396, 15.155946839847527, 15.113862318029128, 15.419266351132295, 15.367733906861048, 15.6128185461754, 14.945712498242518, 15.3299301803633, 15.477035020029952, 15.312838362149641, 15.699379827177422, 15.8256725316306, 15.930896226625542, 15.839716007112589, 15.656228017056595, 15.575555042303346, 15.98937873068131, 14.812920737627316, 15.677892152806164, 15.35991534529979, 15.396363227489337, 15.627563485309167, 15.205374753727465, 15.25096521803185, 15.050900348303232, 15.279452050729834, 15.47912024592772, 15.242445365351282, 15.453994502917457, 15.236271225420698, 15.653611449460309, 15.911878427411045, 14.979987257393017, 15.368990334160307, 15.03256913942961, 15.337422066679038, 14.948753964755415, 15.067028402964619, 14.961508478658384, 15.5866334618538, 14.829348134762935, 15.325063634978939, 15.141762354876503, 15.374972529968097, 15.93420879366553, 15.92892917377798]
final elec cons list:[1.762902998089894, 1.8991220424325361, 2.03993768144376, 2.517761405001358, 2.595417889836701, 2.326385951692707, 2.2252208697171167, 2.0809409799729486, 2.1335054483633873, 2.2581718163871645, 2.177565640018956, 2.2313964467563956, 2.0970288194655566, 2.333199837469124, 2.3429350798849877, 2.460021109765329, 2.25574014033815, 2.637734756027152, 2.3085044619687345, 2.187757251100123, 2.5114359276183147, 2.5135139078386355, 2.1718776688294668, 2.175825407275956, 2.23901313187479, 2.4427240344822296, 2.2585142977424844, 2.624544664470256, 2.4613457776235164, 2.349196351537927, 2.4454963373466594, 2.4326074113921714, 2.32546157287782, 2.2762455710496576, 2.422281703671319, 2.3766950455011675, 2.6728811266835257, 2.5265827135895855, 2.2291988278185455, 2.3023444823564634, 2.393484429298723, 2.4331287629260694, 2.6006209008579027, 2.4634918485059436, 2.5116420870521217, 2.171195653096225, 2.448958192851921, 2.541584256753197, 2.100364158035975, 2.2399343184502443, 2.2152564893378517, 2.386124367929322, 2.2047217689284486, 2.242942691809028, 2.588932875427805, 2.287236808011299, 2.65780378751943, 2.586333177051367, 2.4194137877443986, 2.1851339543856847, 2.555779477550669, 2.228470441219096, 2.169241221292343, 2.466412792342758, 2.375042023708276, 2.113491632284801, 2.121427277233763, 2.210273879947169, 2.0928632748551244, 2.1315141555933375, 2.177044139487025, 2.416578673599918, 1.9909453322077661, 2.2564333599601505, 2.0756747095420667, 2.7104473052978006, 2.531412029713691, 2.648390027943649, 2.507302604253454, 2.4012989694859757, 2.4491056943102905, 2.639851704266795, 2.263425090295222, 2.543490006583782, 2.1642685744895322, 2.0597321975697453, 2.5903498082342673, 2.1731891273044757, 2.4524474376982615, 2.5857704543925863, 2.534377124575923, 2.440791382815363, 2.707427488083002, 2.239849030481765, 2.5891289638724078, 2.6008120724692, 2.563356443152174, 2.6828595406038445, 2.2923029772715626, 2.2261092139171734]
final halt list:[0.3433744722312439, 0.4596020761245675, 0.2687152664269369, 0.2661600615621393, 0.27157258064516127, 0.2700286123032904, 0.25412371134020617, 0.22265994327135202, 0.23314881146206448, 0.2730959097320169, 0.24048731642189586, 0.24145372928176795, 0.21860170832015186, 0.26500355113636365, 0.2822850762932639, 0.286910197869102, 0.2703993055555556, 0.30044570502431117, 0.28359826589595377, 0.247964031218188, 0.31088992974238877, 0.2641419893697798, 0.244579945799458, 0.250743555849306, 0.2448340108401084, 0.32334232845026983, 0.26625087842586087, 0.3138122684232194, 0.3174315619967794, 0.25603991596638653, 0.26747463359639234, 0.30859375, 0.25771659066994035, 0.25569975447211507, 0.2523303504847129, 0.2858610384759059, 0.3232685810810811, 0.249323279195669, 0.28496019383869853, 0.26348888078745897, 0.26714702663261586, 0.28978576893649577, 0.29220651747153514, 0.2777985773118682, 0.3128425998433829, 0.22859504132231406, 0.2993145468392993, 0.2944948697711129, 0.22008479899497488, 0.26063278008298757, 0.23718163538873996, 0.2701702442635085, 0.24484623183507942, 0.2723261560183551, 0.27256003098373355, 0.2801927973808658, 0.31290849673202614, 0.28215561730845573, 0.29819508448540705, 0.24181696726786908, 0.3076923076923077, 0.25809540389972147, 0.2573054706082229, 0.2829691032403919, 0.24581361485256645, 0.24716369529983792, 0.23524535809018568, 0.2318259385665529, 0.24335022165927803, 0.2431162941367023, 0.22311917443408788, 0.2879160363086233, 0.21166013859596264, 0.2834101382488479, 0.2818455366098295, 0.2535627035830619, 0.3156839149618933, 0.2677935943060498, 0.31276678308110206, 0.26654740608228983, 0.2671359762875139, 0.29203629032258066, 0.2680944055944056, 0.276378896882494, 0.2599253478113336, 0.21984225177853386, 0.3488976705490849, 0.2809172105805565, 0.3071753123816736, 0.26850039154267813, 0.2980580619850922, 0.2968512898330804, 0.3314321926489227, 0.251187648456057, 0.3052704303197789, 0.26897625535227715, 0.30704028719585164, 0.24669603524229075, 0.2454176947479732, 0.22794871794871796]
speed reward list:[-930.6574919819515, -1184.5730724479397, -579.0643546049687, -484.50488101197516, -499.0574736089769, -519.6948608339696, -521.6933262509713, -483.26470719297095, -499.177629953971, -537.1122927059699, -516.0652466669732, -492.3714010949739, -481.3206507449736, -519.5310835589725, -542.0537343809763, -535.5867774959711, -533.0277759239733, -513.0400511159722, -562.7555001089714, -515.2735941119718, -561.5699706989681, -488.282821532974, -504.6652942649717, -519.6065589359727, -495.14602355097213, -585.9228302909684, -530.3846596049713, -540.0111168719706, -571.7467741949733, -506.12822642697245, -497.04030350097355, -563.1269488289696, -507.90492958497225, -512.4096560699742, -484.06802755497637, -541.2433440599697, -554.1897934979688, -467.7229757069789, -563.1142712579705, -520.7521278779733, -508.49765464497256, -535.7236971149721, -522.4036076279714, -522.3124712609717, -557.4119342849689, -485.5354842239751, -552.1447723949668, -532.8684438029692, -486.7151933609734, -511.52018537696995, -502.8157288979738, -524.3947614899737, -504.1471484159718, -542.3143609439725, -486.7950480569757, -542.5884670049711, -542.4129992339715, -511.7120453969742, -559.3593649139734, -500.6428708499707, -547.1870016419703, -520.4036723309703, -525.4385229269678, -525.6981681209703, -481.0027952339753, -526.0598510309719, -504.7561358729741, -484.85902308297545, -524.9473596089707, -504.4716536129707, -479.62761645597516, -525.7191956579715, -483.84153690297114, -562.3592335109706, -587.1307333679672, -457.5376009439777, -564.2813194649705, -474.57089286297764, -558.7511419349702, -512.000498384969, -499.0668379649735, -517.557359870978, -528.6736209689715, -502.12724822997535, -536.3645333849717, -490.970462156972, -595.1846648969714, -565.9750315619673, -563.0375355029687, -483.6390319079763, -531.2579107679693, -544.58956118697, -552.3451102259687, -509.719869377972, -543.8001053249719, -486.38356573497447, -543.4609710869714, -450.53076022198, -501.5248883099749, -478.87443047697695]
accel reward list:[-711.2383426792711, -681.333232250229, -829.3655151982058, -769.0328885424155, -787.8220924341422, -773.7360118438621, -794.0670257070905, -771.4762022236176, -783.5563322337075, -795.946643066971, -788.4397873547474, -778.3850125148099, -765.5607670549524, -779.0292326495135, -807.1654089909375, -790.5116931023952, -776.4971505798458, -764.0827023145067, -810.429394081095, -792.7963765675042, -797.7554837692763, -754.9549937521718, -778.2120041994391, -766.8121689993867, -756.9238159723548, -807.7280416937347, -794.8977087191848, -799.9172852708103, -850.8432100769156, -750.0709220573312, -774.8025465144519, -798.6743206439992, -770.7399265593381, -778.7972814209188, -773.5508358003173, -795.3440157635711, -808.3318926445506, -762.7494399440668, -793.8756035597785, -808.4964603058238, -771.2437366177679, -805.8579295888353, -770.9928700167083, -776.7175417786898, -797.7010891800128, -770.8712800387443, -802.3016756549108, -799.3049480426572, -774.0723671709204, -774.4543807439134, -760.4401239528066, -790.7381891004545, -776.2355371834575, -804.1615217149634, -751.1325911659495, -805.8889035090461, -788.1873921429354, -780.1688110692812, -807.8053253435473, -772.662803357945, -789.64014797487, -799.5426998006449, -788.2184509561051, -776.386567873103, -777.3942738308359, -780.4540576586772, -793.4504513632086, -788.1624690207407, -775.0873115529703, -764.50813933881, -770.664252128327, -796.540903827074, -774.8802402797287, -808.6680758333102, -841.1764622498165, -749.4497645275195, -804.6253446428806, -742.7392123145723, -782.8880237492633, -761.8800719320959, -750.3878344094242, -776.6910919374324, -789.4383543720045, -795.8299938774197, -797.4389404691602, -756.9660701322747, -827.9624092516822, -808.843804795773, -792.144320112702, -760.0290382994638, -787.8458401448662, -791.4106552727836, -792.4875133795106, -767.7155117796289, -786.3497116048193, -752.9934878933194, -780.824009017956, -758.9470736299211, -783.9660859339095, -770.0966951051046]
tls reward list:[-2652.860000000087, -3157.1000000000954, -2141.860000000063, -1895.2400000000598, -1920.6000000000583, -1945.720000000059, -1995.840000000057, -1855.0200000000546, -1938.900000000057, -1914.8200000000586, -1945.0800000000636, -1845.4000000000583, -1931.1800000000562, -1950.6400000000613, -1973.7400000000662, -2043.9200000000608, -1986.7000000000617, -1926.40000000006, -2060.24000000006, -1928.3400000000624, -1996.9600000000628, -1860.160000000053, -1835.3800000000592, -1858.1200000000606, -1821.0400000000566, -2107.320000000062, -1955.6000000000608, -1997.0600000000593, -2102.1600000000653, -1888.360000000062, -1973.6400000000615, -1984.380000000064, -1950.7200000000569, -1846.2400000000605, -1839.5000000000596, -1961.4000000000633, -2067.2800000000616, -1830.3000000000634, -2062.3600000000592, -1977.4000000000613, -1873.2600000000627, -2026.0600000000586, -1889.8000000000593, -1928.3800000000629, -1988.140000000061, -1860.2600000000605, -2051.400000000058, -1981.8800000000579, -1946.3400000000588, -1801.8400000000602, -1880.4600000000598, -1977.6000000000593, -1944.9000000000528, -1957.2400000000628, -1773.5200000000607, -1953.200000000062, -1961.680000000058, -1979.500000000059, -2101.6000000000645, -1923.9400000000555, -1969.8600000000602, -2040.2800000000573, -1908.3200000000604, -1935.5400000000623, -1861.8200000000618, -1983.4200000000565, -1927.0600000000602, -1876.7000000000553, -1951.7400000000582, -1840.7800000000561, -1898.2200000000553, -1991.580000000057, -1900.0000000000514, -2022.980000000056, -2089.8400000000584, -1839.9200000000624, -2051.9200000000646, -1659.8200000000609, -2034.6000000000631, -1868.3800000000579, -1822.7800000000636, -1995.1800000000605, -1949.0600000000595, -1944.5400000000611, -2020.4000000000613, -1917.0600000000559, -2170.060000000065, -1996.260000000063, -2013.4600000000628, -1835.3000000000602, -1978.1200000000558, -1938.420000000061, -1965.9400000000646, -1902.040000000054, -1968.8800000000592, -1817.6200000000608, -1938.5600000000613, -1846.3400000000602, -1949.9800000000587, -1862.5200000000607]
extra reward list:[0.0, 0.0, 0.0, 0.0, 0.0, 0.0, 0.0, 0.0, 0.0, 0.0, 0.0, 0.0, 0.0, 0.0, 0.0, 0.0, 0.0, 0.0, 0.0, 0.0, 0.0, 0.0, 0.0, 0.0, 0.0, 0.0, 0.0, 0.0, 0.0, 0.0, 0.0, 0.0, 0.0, 0.0, 0.0, 0.0, 0.0, 0.0, 0.0, 0.0, 0.0, 0.0, 0.0, 0.0, 0.0, 0.0, 0.0, 0.0, 0.0, 0.0, 0.0, 0.0, 0.0, 0.0, 0.0, 0.0, 0.0, 0.0, 0.0, 0.0, 0.0, 0.0, 0.0, 0.0, 0.0, 0.0, 0.0, 0.0, 0.0, 0.0, 0.0, 0.0, 0.0, 0.0, 0.0, 0.0, 0.0, 0.0, 0.0, 0.0, 0.0, 0.0, 0.0, 0.0, 0.0, 0.0, 0.0, 0.0, 0.0, 0.0, 0.0, 0.0, 0.0, 0.0, 0.0, 0.0, 0.0, 0.0, 0.0, 0.0]
