nohup: 忽略输入
Env:sumo, Algorithm:TD3, Device:cuda
-----------------------------------------
models/reward_s0.18_a8e-2_t(-2_0.1)_safe(4.5,-0.2).pth
-----------------------------------------
 Retrying in 1 seconds
Warning: Unused states in tlLogic 'J10', program '0' in phase 0 after tl-index 10
Simulation......
总奖励:-155407.75609605282, 速度奖励:-100153.04256971077, 加速度奖励:-15660.813526332404, 交通灯奖励:-38147.70000001995, 与前车进行交互的惩罚:-1446.2000000001917
Episode:1/100, Reward:-155407.75609605282
Episode:1/100, avg speed:6.738954190052325
Episode:1/100, avg halt num:0.4202755905511811
Episode:1/100, avg elec cons:0.6126084614373584
 Retrying in 1 seconds
Warning: Unused states in tlLogic 'J10', program '0' in phase 0 after tl-index 10
Simulation......
总奖励:-161747.8905705063, 速度奖励:-104697.76894216814, 加速度奖励:-15562.521628325907, 交通灯奖励:-39783.60000002162, 与前车进行交互的惩罚:-1704.0000000002503
Episode:2/100, Reward:-161747.8905705063
Episode:2/100, avg speed:6.445550898876776
Episode:2/100, avg halt num:0.5359825721153846
Episode:2/100, avg elec cons:0.6517442324500664
 Retrying in 1 seconds
Warning: Unused states in tlLogic 'J10', program '0' in phase 0 after tl-index 10
Simulation......
总奖励:-58665.43489926999, 速度奖励:-36143.59727339941, 加速度奖励:-5576.037625873212, 交通灯奖励:-16075.399999996753, 与前车进行交互的惩罚:-870.4000000000609
Episode:3/100, Reward:-58665.43489926999
Episode:3/100, avg speed:12.924642205720813
Episode:3/100, avg halt num:0.29724666014988593
Episode:3/100, avg elec cons:1.479810411425829
 Retrying in 1 seconds
Warning: Unused states in tlLogic 'J10', program '0' in phase 0 after tl-index 10
Simulation......
总奖励:-16776.783779872734, 速度奖励:-11292.45497424009, 加速度奖励:-1186.028805632861, 交通灯奖励:-3931.5000000006407, 与前车进行交互的惩罚:-366.79999999998773
Episode:4/100, Reward:-16776.783779872734
Episode:4/100, avg speed:13.962609552823317
Episode:4/100, avg halt num:0.09377409406322282
Episode:4/100, avg elec cons:1.7818440396085067
 Retrying in 1 seconds
Warning: Unused states in tlLogic 'J10', program '0' in phase 0 after tl-index 10
Simulation......
总奖励:-13813.672514115711, 速度奖励:-8803.046275560204, 加速度奖励:-1431.9262385558886, 交通灯奖励:-3199.100000000313, 与前车进行交互的惩罚:-379.599999999987
Episode:5/100, Reward:-13813.672514115711
Episode:5/100, avg speed:15.15379566442079
Episode:5/100, avg halt num:0.12671370967741935
Episode:5/100, avg elec cons:2.4802043145444226
 Retrying in 1 seconds
Warning: Unused states in tlLogic 'J10', program '0' in phase 0 after tl-index 10
Simulation......
总奖励:-19939.328072488377, 速度奖励:-13275.751529160207, 加速度奖励:-1462.676543328693, 交通灯奖励:-4929.499999999846, 与前车进行交互的惩罚:-271.39999999999316
Episode:6/100, Reward:-19939.328072488377
Episode:6/100, avg speed:13.787869341399423
Episode:6/100, avg halt num:0.14704836415362732
Episode:6/100, avg elec cons:1.412532349368755
 Retrying in 1 seconds
Warning: Unused states in tlLogic 'J10', program '0' in phase 0 after tl-index 10
Simulation......
总奖励:-14023.181272367263, 速度奖励:-9744.863252760115, 加速度奖励:-1421.8180196074777, 交通灯奖励:-2575.10000000041, 与前车进行交互的惩罚:-281.3999999999926
Episode:7/100, Reward:-14023.181272367263
Episode:7/100, avg speed:15.116199454878803
Episode:7/100, avg halt num:0.05938140806561859
Episode:7/100, avg elec cons:2.2095833780948326
 Retrying in 1 seconds
Warning: Unused states in tlLogic 'J10', program '0' in phase 0 after tl-index 10
Simulation......
总奖励:-26704.606967040898, 速度奖励:-20117.5615197005, 加速度奖励:-1850.9454473414248, 交通灯奖励:-4339.700000000155, 与前车进行交互的惩罚:-396.39999999998605
Episode:8/100, Reward:-26704.606967040898
Episode:8/100, avg speed:12.643319004653495
Episode:8/100, avg halt num:0.14248062015503876
Episode:8/100, avg elec cons:1.1762434248777132
 Retrying in 1 seconds
Warning: Unused states in tlLogic 'J10', program '0' in phase 0 after tl-index 10
Simulation......
总奖励:-16613.743461628892, 速度奖励:-11810.61600552016, 加速度奖励:-1874.9274561090697, 交通灯奖励:-2682.0000000002738, 与前车进行交互的惩罚:-246.19999999999456
Episode:9/100, Reward:-16613.743461628892
Episode:9/100, avg speed:14.18991640812657
Episode:9/100, avg halt num:0.04571703561116458
Episode:9/100, avg elec cons:2.1333180702182895
 Retrying in 1 seconds
Warning: Unused states in tlLogic 'J10', program '0' in phase 0 after tl-index 10
Simulation......
总奖励:-16127.602040324778, 速度奖励:-11301.553350720198, 加速度奖励:-1409.248689604788, 交通灯奖励:-3106.6000000005447, 与前车进行交互的惩罚:-310.19999999999095
Episode:10/100, Reward:-16127.602040324778
Episode:10/100, avg speed:14.171995120416636
Episode:10/100, avg halt num:0.11189303307529909
Episode:10/100, avg elec cons:1.4768986861354154
 Retrying in 1 seconds
Warning: Unused states in tlLogic 'J10', program '0' in phase 0 after tl-index 10
Simulation......
总奖励:-13089.596592256019, 速度奖励:-9536.779728360216, 加速度奖励:-1120.9168638961078, 交通灯奖励:-2181.3000000004095, 与前车进行交互的惩罚:-250.5999999999943
Episode:11/100, Reward:-13089.596592256019
Episode:11/100, avg speed:15.245263982596935
Episode:11/100, avg halt num:0.09105351170568562
Episode:11/100, avg elec cons:1.93164013611656
 Retrying in 1 seconds
Warning: Unused states in tlLogic 'J10', program '0' in phase 0 after tl-index 10
Simulation......
总奖励:-13397.643024486219, 速度奖励:-9625.145278860184, 加速度奖励:-1076.997745626253, 交通灯奖励:-2388.5000000003565, 与前车进行交互的惩罚:-306.99999999999113
Episode:12/100, Reward:-13397.643024486219
Episode:12/100, avg speed:14.880885586207782
Episode:12/100, avg halt num:0.08339058742700103
Episode:12/100, avg elec cons:1.7066016241762176
 Retrying in 1 seconds
Warning: Unused states in tlLogic 'J10', program '0' in phase 0 after tl-index 10
Simulation......
总奖励:-12375.625519592311, 速度奖励:-9080.185033800164, 加速度奖励:-1132.6404857923774, 交通灯奖励:-1987.0000000003101, 与前车进行交互的惩罚:-175.79999999999856
Episode:13/100, Reward:-12375.625519592311
Episode:13/100, avg speed:15.196644579598132
Episode:13/100, avg halt num:0.05415876027830487
Episode:13/100, avg elec cons:1.9727232573180762
 Retrying in 1 seconds
Warning: Unused states in tlLogic 'J10', program '0' in phase 0 after tl-index 10
Simulation......
总奖励:-13987.662660765922, 速度奖励:-10305.674725500096, 加速度奖励:-1179.1879352659869, 交通灯奖励:-2246.4000000004144, 与前车进行交互的惩罚:-256.399999999994
Episode:14/100, Reward:-13987.662660765922
Episode:14/100, avg speed:14.54212161072876
Episode:14/100, avg halt num:0.0705375966268447
Episode:14/100, avg elec cons:1.5575678599297598
 Retrying in 1 seconds
Warning: Unused states in tlLogic 'J10', program '0' in phase 0 after tl-index 10
Simulation......
总奖励:-13582.99151044981, 速度奖励:-9734.317984620126, 加速度奖励:-1132.4735258299668, 交通灯奖励:-2450.400000000485, 与前车进行交互的惩罚:-265.7999999999935
Episode:15/100, Reward:-13582.99151044981
Episode:15/100, avg speed:15.035552203669061
Episode:15/100, avg halt num:0.07738317757009346
Episode:15/100, avg elec cons:2.134332345662729
 Retrying in 1 seconds
Warning: Unused states in tlLogic 'J10', program '0' in phase 0 after tl-index 10
Simulation......
总奖励:-13917.625091249682, 速度奖励:-10146.671522820192, 加速度奖励:-1220.853568429834, 交通灯奖励:-2230.3000000003312, 与前车进行交互的惩罚:-319.7999999999904
Episode:16/100, Reward:-13917.625091249682
Episode:16/100, avg speed:14.72612552712475
Episode:16/100, avg halt num:0.10240621447517999
Episode:16/100, avg elec cons:2.24618240414278
 Retrying in 1 seconds
Warning: Unused states in tlLogic 'J10', program '0' in phase 0 after tl-index 10
Simulation......
总奖励:-14125.014486122886, 速度奖励:-9915.837606180092, 加速度奖励:-1275.8768799429488, 交通灯奖励:-2656.300000000446, 与前车进行交互的惩罚:-276.99999999999284
Episode:17/100, Reward:-14125.014486122886
Episode:17/100, avg speed:14.9542612925977
Episode:17/100, avg halt num:0.09691592005513439
Episode:17/100, avg elec cons:1.7100477173887694
 Retrying in 1 seconds
Warning: Unused states in tlLogic 'J10', program '0' in phase 0 after tl-index 10
Simulation......
总奖励:-19027.556481938314, 速度奖励:-14368.160690640221, 加速度奖励:-1499.2957912983227, 交通灯奖励:-2823.1000000007193, 与前车进行交互的惩罚:-336.9999999999894
Episode:18/100, Reward:-19027.556481938314
Episode:18/100, avg speed:12.3780195011276
Episode:18/100, avg halt num:0.1363817891373802
Episode:18/100, avg elec cons:1.222878481697111
 Retrying in 1 seconds
Warning: Unused states in tlLogic 'J10', program '0' in phase 0 after tl-index 10
Simulation......
总奖励:-19608.892572194432, 速度奖励:-14676.787687860136, 加速度奖励:-1501.5048843345292, 交通灯奖励:-3112.800000000674, 与前车进行交互的惩罚:-317.7999999999905
Episode:19/100, Reward:-19608.892572194432
Episode:19/100, avg speed:13.307618339147835
Episode:19/100, avg halt num:0.10910224438902744
Episode:19/100, avg elec cons:1.201772557656556
 Retrying in 1 seconds
Warning: Unused states in tlLogic 'J10', program '0' in phase 0 after tl-index 10
Simulation......
总奖励:-15606.12090356251, 速度奖励:-11761.817669820106, 加速度奖励:-1206.003233742516, 交通灯奖励:-2337.500000000468, 与前车进行交互的惩罚:-300.7999999999915
Episode:20/100, Reward:-15606.12090356251
Episode:20/100, avg speed:14.207879808991619
Episode:20/100, avg halt num:0.08050705171255876
Episode:20/100, avg elec cons:1.2789907823556126
 Retrying in 1 seconds
Warning: Unused states in tlLogic 'J10', program '0' in phase 0 after tl-index 10
Simulation......
总奖励:-21957.862876353596, 速度奖励:-17504.917525260316, 加速度奖励:-1327.545351093978, 交通灯奖励:-2728.600000000697, 与前车进行交互的惩罚:-396.799999999986
Episode:21/100, Reward:-21957.862876353596
Episode:21/100, avg speed:12.391146358433144
Episode:21/100, avg halt num:0.14101577529819162
Episode:21/100, avg elec cons:1.0063557667823257
 Retrying in 1 seconds
Warning: Unused states in tlLogic 'J10', program '0' in phase 0 after tl-index 10
Simulation......
总奖励:-17914.320640225487, 速度奖励:-14240.170008179948, 加速度奖励:-1369.9506320455464, 交通灯奖励:-1986.60000000036, 与前车进行交互的惩罚:-317.59999999999053
Episode:22/100, Reward:-17914.320640225487
Episode:22/100, avg speed:13.248717764014446
Episode:22/100, avg halt num:0.04338394793926247
Episode:22/100, avg elec cons:1.215922293988426
 Retrying in 1 seconds
Warning: Unused states in tlLogic 'J10', program '0' in phase 0 after tl-index 10
Simulation......
总奖励:-23795.0875778232, 速度奖励:-19630.93587264035, 加速度奖励:-1422.6517051837739, 交通灯奖励:-2247.900000000511, 与前车进行交互的惩罚:-493.5999999999805
Episode:23/100, Reward:-23795.0875778232
Episode:23/100, avg speed:12.553049121414547
Episode:23/100, avg halt num:0.10362651788644568
Episode:23/100, avg elec cons:0.7242866215965611
 Retrying in 1 seconds
Warning: Unused states in tlLogic 'J10', program '0' in phase 0 after tl-index 10
Simulation......
总奖励:-18086.483392098206, 速度奖励:-15274.487198160019, 加速度奖励:-1207.4961939382617, 交通灯奖励:-1271.9000000001984, 与前车进行交互的惩罚:-332.5999999999897
Episode:24/100, Reward:-18086.483392098206
Episode:24/100, avg speed:13.132641922996793
Episode:24/100, avg halt num:0.03355921264924169
Episode:24/100, avg elec cons:0.8223419169629927
 Retrying in 1 seconds
Warning: Unused states in tlLogic 'J10', program '0' in phase 0 after tl-index 10
Simulation......
总奖励:-18953.138271430624, 速度奖励:-16238.744116199952, 加速度奖励:-1144.0941552305767, 交通灯奖励:-1172.8999999999292, 与前车进行交互的惩罚:-397.399999999986
Episode:25/100, Reward:-18953.138271430624
Episode:25/100, avg speed:12.914798525988129
Episode:25/100, avg halt num:0.03266208251473477
Episode:25/100, avg elec cons:0.7577410284149688
 Retrying in 1 seconds
Warning: Unused states in tlLogic 'J10', program '0' in phase 0 after tl-index 10
Simulation......
总奖励:-22559.669578745557, 速度奖励:-18819.220490280244, 加速度奖励:-1379.8490884657488, 交通灯奖励:-1998.600000000457, 与前车进行交互的惩罚:-361.999999999988
Episode:26/100, Reward:-22559.669578745557
Episode:26/100, avg speed:12.110084480811608
Episode:26/100, avg halt num:0.09969788519637462
Episode:26/100, avg elec cons:0.8994904189932144
 Retrying in 1 seconds
Warning: Unused states in tlLogic 'J10', program '0' in phase 0 after tl-index 10
Simulation......
总奖励:-15707.120174259413, 速度奖励:-13075.417908180001, 加速度奖励:-1250.30226607946, 交通灯奖励:-1160.9999999999472, 与前车进行交互的惩罚:-220.39999999999603
Episode:27/100, Reward:-15707.120174259413
Episode:27/100, avg speed:13.468665753997337
Episode:27/100, avg halt num:0.031239301609038
Episode:27/100, avg elec cons:1.0576727606746352
 Retrying in 1 seconds
Warning: Unused states in tlLogic 'J10', program '0' in phase 0 after tl-index 10
Simulation......
总奖励:-15784.333789499164, 速度奖励:-13167.593702460048, 加速度奖励:-1068.640087039097, 交通灯奖励:-1356.500000000111, 与前车进行交互的惩罚:-191.59999999999766
Episode:28/100, Reward:-15784.333789499164
Episode:28/100, avg speed:12.58907950816097
Episode:28/100, avg halt num:0.04394491697043337
Episode:28/100, avg elec cons:1.33313685889562
 Retrying in 1 seconds
Warning: Unused states in tlLogic 'J10', program '0' in phase 0 after tl-index 10
Simulation......
总奖励:-11993.131313061453, 速度奖励:-10388.334008699994, 加速度奖励:-712.197304361421, 交通灯奖励:-701.5999999998088, 与前车进行交互的惩罚:-190.9999999999977
Episode:29/100, Reward:-11993.131313061453
Episode:29/100, avg speed:13.86877575622072
Episode:29/100, avg halt num:0.019662921348314606
Episode:29/100, avg elec cons:1.448412585066172
 Retrying in 1 seconds
Warning: Unused states in tlLogic 'J10', program '0' in phase 0 after tl-index 10
Simulation......
总奖励:-12654.126869672846, 速度奖励:-8846.354079900277, 加速度奖励:-1065.5727897730897, 交通灯奖励:-2439.600000000295, 与前车进行交互的惩罚:-302.5999999999914
Episode:30/100, Reward:-12654.126869672846
Episode:30/100, avg speed:15.260860546422357
Episode:30/100, avg halt num:0.09445028011204482
Episode:30/100, avg elec cons:2.1721829347921324
 Retrying in 1 seconds
Warning: Unused states in tlLogic 'J10', program '0' in phase 0 after tl-index 10
Simulation......
总奖励:-19649.950536458084, 速度奖励:-9945.14355180043, 加速度奖励:-1546.5069846586528, 交通灯奖励:-7621.899999999234, 与前车进行交互的惩罚:-536.399999999985
Episode:31/100, Reward:-19649.950536458084
Episode:31/100, avg speed:15.525246361369767
Episode:31/100, avg halt num:0.2675685832393837
Episode:31/100, avg elec cons:2.443950854084111
 Retrying in 1 seconds
Warning: Unused states in tlLogic 'J10', program '0' in phase 0 after tl-index 10
Simulation......
总奖励:-21061.704995067317, 速度奖励:-11257.658288280518, 加速度奖励:-1592.1467067881338, 交通灯奖励:-7623.899999999174, 与前车进行交互的惩罚:-587.9999999999967
Episode:32/100, Reward:-21061.704995067317
Episode:32/100, avg speed:15.087160926014906
Episode:32/100, avg halt num:0.3086160884483416
Episode:32/100, avg elec cons:2.4312316218289984
 Retrying in 1 seconds
Warning: Unused states in tlLogic 'J10', program '0' in phase 0 after tl-index 10
Simulation......
总奖励:-19678.970871062636, 速度奖励:-10145.987580420417, 加速度奖励:-1539.2832906430601, 交通灯奖励:-7504.4999999992215, 与前车进行交互的惩罚:-489.1999999999808
Episode:33/100, Reward:-19678.970871062636
Episode:33/100, avg speed:15.374184555706453
Episode:33/100, avg halt num:0.25771659066994035
Episode:33/100, avg elec cons:2.321425283985355
 Retrying in 1 seconds
Warning: Unused states in tlLogic 'J10', program '0' in phase 0 after tl-index 10
Simulation......
总奖励:-19571.093920007163, 速度奖励:-10352.30745078045, 加速度奖励:-1564.1864692275265, 交通灯奖励:-7102.9999999993, 与前车进行交互的惩罚:-551.5999999999884
Episode:34/100, Reward:-19571.093920007163
Episode:34/100, avg speed:15.586941576229169
Episode:34/100, avg halt num:0.2586842105263158
Episode:34/100, avg elec cons:2.2710821221736914
 Retrying in 1 seconds
Warning: Unused states in tlLogic 'J10', program '0' in phase 0 after tl-index 10
Simulation......
总奖励:-18843.114467290998, 速度奖励:-9681.305562180407, 加速度奖励:-1546.1089051114686, 交通灯奖励:-7069.4999999993215, 与前车进行交互的惩罚:-546.1999999999872
Episode:35/100, Reward:-18843.114467290998
Episode:35/100, avg speed:15.711535496241781
Episode:35/100, avg halt num:0.252705223880597
Episode:35/100, avg elec cons:2.424371632123325
 Retrying in 1 seconds
Warning: Unused states in tlLogic 'J10', program '0' in phase 0 after tl-index 10
Simulation......
总奖励:-20517.10542568993, 速度奖励:-10807.54714512052, 加速度奖励:-1585.6582805704413, 交通灯奖励:-7543.299999999099, 与前车进行交互的惩罚:-580.599999999995
Episode:36/100, Reward:-20517.10542568993
Episode:36/100, avg speed:15.279240088329026
Episode:36/100, avg halt num:0.2857542942494399
Episode:36/100, avg elec cons:2.370425609144625
 Retrying in 1 seconds
Warning: Unused states in tlLogic 'J10', program '0' in phase 0 after tl-index 10
Simulation......
总奖励:-21316.866464456878, 速度奖励:-11080.02499182045, 加速度奖励:-1616.7414726375005, 交通灯奖励:-7987.4999999990105, 与前车进行交互的惩罚:-632.6000000000068
Episode:37/100, Reward:-21316.866464456878
Episode:37/100, avg speed:14.951723564129074
Episode:37/100, avg halt num:0.3234797297297297
Episode:37/100, avg elec cons:2.6708232115142563
 Retrying in 1 seconds
Warning: Unused states in tlLogic 'J10', program '0' in phase 0 after tl-index 10
Simulation......
总奖励:-18485.57806921838, 速度奖励:-9352.76019552036, 加速度奖励:-1524.1178736985062, 交通灯奖励:-7061.699999999419, 与前车进行交互的惩罚:-546.9999999999874
Episode:38/100, Reward:-18485.57806921838
Episode:38/100, avg speed:15.750089497222156
Episode:38/100, avg halt num:0.2493230174081238
Episode:38/100, avg elec cons:2.5273864550127745
 Retrying in 1 seconds
Warning: Unused states in tlLogic 'J10', program '0' in phase 0 after tl-index 10
Simulation......
总奖励:-21330.73346938631, 速度奖励:-11257.874899920485, 加速度奖励:-1588.4585694670818, 交通灯奖励:-7923.599999999155, 与前车进行交互的惩罚:-560.7999999999905
Episode:39/100, Reward:-21330.73346938631
Episode:39/100, avg speed:15.335407000886658
Episode:39/100, avg halt num:0.28479916897506924
Episode:39/100, avg elec cons:2.2297789496930065
 Retrying in 1 seconds
Warning: Unused states in tlLogic 'J10', program '0' in phase 0 after tl-index 10
Simulation......
总奖励:-68634.20790075464, 速度奖励:-42015.76993151905, 加速度奖励:-7258.93796923592, 交通灯奖励:-18550.299999999075, 与前车进行交互的惩罚:-809.200000000047
Episode:40/100, Reward:-68634.20790075464
Episode:40/100, avg speed:10.403388532410249
Episode:40/100, avg halt num:0.29555626598465473
Episode:40/100, avg elec cons:1.551534419776083
 Retrying in 1 seconds
Warning: Unused states in tlLogic 'J10', program '0' in phase 0 after tl-index 10
Simulation......
总奖励:-146292.6937058415, 速度奖励:-93072.43202867228, 加速度奖励:-16152.061677158561, 交通灯奖励:-35635.00000001796, 与前车进行交互的惩罚:-1433.2000000001888
Episode:41/100, Reward:-146292.6937058415
Episode:41/100, avg speed:5.447730445609508
Episode:41/100, avg halt num:0.4669961171902577
Episode:41/100, avg elec cons:0.8675219195414282
 Retrying in 1 seconds
Warning: Unused states in tlLogic 'J10', program '0' in phase 0 after tl-index 10
Simulation......
总奖励:-20831.9230450081, 速度奖励:-10816.274510640485, 加速度奖励:-1616.148534368667, 交通灯奖励:-7812.099999999031, 与前车进行交互的惩罚:-587.3999999999966
Episode:42/100, Reward:-20831.9230450081
Episode:42/100, avg speed:15.239258808469414
Episode:42/100, avg halt num:0.29265493496557
Episode:42/100, avg elec cons:2.427868122434457
 Retrying in 1 seconds
Warning: Unused states in tlLogic 'J10', program '0' in phase 0 after tl-index 10
Simulation......
总奖励:-19792.956469911558, 速度奖励:-10439.112666960433, 加速度奖励:-1541.9438029521907, 交通灯奖励:-7273.499999999272, 与前车进行交互的惩罚:-538.3999999999854
Episode:43/100, Reward:-19792.956469911558
Episode:43/100, avg speed:15.074874415576968
Episode:43/100, avg halt num:0.2918956043956044
Episode:43/100, avg elec cons:2.5961964898128875
 Retrying in 1 seconds
Warning: Unused states in tlLogic 'J10', program '0' in phase 0 after tl-index 10
Simulation......
总奖励:-19979.275142509712, 速度奖励:-10448.775914220447, 加速度奖励:-1550.9992282902099, 交通灯奖励:-7424.299999999068, 与前车进行交互的惩罚:-555.1999999999892
Episode:44/100, Reward:-19979.275142509712
Episode:44/100, avg speed:15.40382307932486
Episode:44/100, avg halt num:0.27761138150505427
Episode:44/100, avg elec cons:2.4630132928849533
 Retrying in 1 seconds
Warning: Unused states in tlLogic 'J10', program '0' in phase 0 after tl-index 10
Simulation......
总奖励:-20963.5220151547, 速度奖励:-11145.409883460532, 加速度奖励:-1593.6121316955214, 交通灯奖励:-7639.099999999122, 与前车进行交互的惩罚:-585.3999999999961
Episode:45/100, Reward:-20963.5220151547
Episode:45/100, avg speed:14.855526315324942
Episode:45/100, avg halt num:0.3128425998433829
Episode:45/100, avg elec cons:2.5102895245272174
 Retrying in 1 seconds
Warning: Unused states in tlLogic 'J10', program '0' in phase 0 after tl-index 10
Simulation......
总奖励:-18889.916162862322, 速度奖励:-9702.491098860406, 加速度奖励:-1542.525064002613, 交通灯奖励:-7151.699999999242, 与前车进行交互的惩罚:-493.19999999998055
Episode:46/100, Reward:-18889.916162862322
Episode:46/100, avg speed:15.90289239567957
Episode:46/100, avg halt num:0.22858796296296297
Episode:46/100, avg elec cons:2.1711715303869292
 Retrying in 1 seconds
Warning: Unused states in tlLogic 'J10', program '0' in phase 0 after tl-index 10
Simulation......
总奖励:-21250.807385648972, 速度奖励:-11157.24797694054, 加速度奖励:-1607.959408709775, 交通灯奖励:-7903.599999999028, 与前车进行交互的惩罚:-581.9999999999953
Episode:47/100, Reward:-21250.807385648972
Episode:47/100, avg speed:15.058088633622004
Episode:47/100, avg halt num:0.30247619047619045
Episode:47/100, avg elec cons:2.44705574264895
 Retrying in 1 seconds
Warning: Unused states in tlLogic 'J10', program '0' in phase 0 after tl-index 10
Simulation......
总奖励:-20473.698831217036, 速度奖励:-10662.978716100473, 加速度奖励:-1596.3201151176704, 交通灯奖励:-7629.599999999058, 与前车进行交互的惩罚:-584.799999999996
Episode:48/100, Reward:-20473.698831217036
Episode:48/100, avg speed:15.111211084149344
Episode:48/100, avg halt num:0.2945759368836292
Episode:48/100, avg elec cons:2.5399515067455876
 Retrying in 1 seconds
Warning: Unused states in tlLogic 'J10', program '0' in phase 0 after tl-index 10
Simulation......
总奖励:-19220.65420048185, 速度奖励:-9724.686225120424, 加速度奖励:-1548.9679753624123, 交通灯奖励:-7494.199999999265, 与前车进行交互的惩罚:-452.79999999998284
Episode:49/100, Reward:-19220.65420048185
Episode:49/100, avg speed:15.812327304894282
Episode:49/100, avg halt num:0.22000628140703518
Episode:49/100, avg elec cons:2.0994860375286186
 Retrying in 1 seconds
Warning: Unused states in tlLogic 'J10', program '0' in phase 0 after tl-index 10
Simulation......
总奖励:-19193.571333234704, 速度奖励:-10222.04486358051, 加速度奖励:-1547.9264696553576, 交通灯奖励:-6909.199999999326, 与前车进行交互的惩罚:-514.39999999998
Episode:50/100, Reward:-19193.571333234704
Episode:50/100, avg speed:15.271381697182193
Episode:50/100, avg halt num:0.2606364579730197
Episode:50/100, avg elec cons:2.2390865089696432
 Retrying in 1 seconds
Warning: Unused states in tlLogic 'J10', program '0' in phase 0 after tl-index 10
Simulation......
总奖励:-19334.769269610875, 速度奖励:-10049.778550980427, 加速度奖励:-1522.390718631113, 交通灯奖励:-7231.599999999167, 与前车进行交互的惩罚:-530.9999999999837
Episode:51/100, Reward:-19334.769269610875
Episode:51/100, avg speed:15.85697849353083
Episode:51/100, avg halt num:0.23685092127303184
Episode:51/100, avg elec cons:2.2140080740566117
 Retrying in 1 seconds
Warning: Unused states in tlLogic 'J10', program '0' in phase 0 after tl-index 10
Simulation......
总奖励:-20292.88087904629, 速度奖励:-10497.027721860428, 加速度奖励:-1580.6531571869282, 交通灯奖励:-7647.999999999233, 与前车进行交互的惩罚:-567.199999999992
Episode:52/100, Reward:-20292.88087904629
Episode:52/100, avg speed:15.370230742540238
Episode:52/100, avg halt num:0.2700777202072539
Episode:52/100, avg elec cons:2.3845861350031843
 Retrying in 1 seconds
Warning: Unused states in tlLogic 'J10', program '0' in phase 0 after tl-index 10
Simulation......
总奖励:-19625.790549096615, 速度奖励:-10091.654243280454, 加速度奖励:-1551.836305817085, 交通灯奖励:-7488.499999999223, 与前车进行交互的惩罚:-493.7999999999805
Episode:53/100, Reward:-19625.790549096615
Episode:53/100, avg speed:15.512379249338997
Episode:53/100, avg halt num:0.24467725582967217
Episode:53/100, avg elec cons:2.2056620187721028
 Retrying in 1 seconds
Warning: Unused states in tlLogic 'J10', program '0' in phase 0 after tl-index 10
Simulation......
总奖励:-20553.09730363582, 速度奖励:-10848.445734780467, 加速度奖励:-1610.3515688562827, 交通灯奖励:-7533.499999999105, 与前车进行交互的惩罚:-560.7999999999905
Episode:54/100, Reward:-20553.09730363582
Episode:54/100, avg speed:15.353223700057326
Episode:54/100, avg halt num:0.27250264737027885
Episode:54/100, avg elec cons:2.243279902816827
 Retrying in 1 seconds
Warning: Unused states in tlLogic 'J10', program '0' in phase 0 after tl-index 10
Simulation......
总奖励:-18530.27819415717, 速度奖励:-9736.96800654041, 加速度奖励:-1503.6101876176288, 交通灯奖励:-6808.699999999269, 与前车进行交互的惩罚:-480.99999999998124
Episode:55/100, Reward:-18530.27819415717
Episode:55/100, avg speed:15.118456350789632
Episode:55/100, avg halt num:0.27256003098373355
Episode:55/100, avg elec cons:2.5879977241912844
 Retrying in 1 seconds
Warning: Unused states in tlLogic 'J10', program '0' in phase 0 after tl-index 10
Simulation......
总奖励:-20532.28546536788, 速度奖励:-10854.192178260497, 加速度奖励:-1609.2932871085814, 交通灯奖励:-7511.199999999142, 与前车进行交互的惩罚:-557.5999999999898
Episode:56/100, Reward:-20532.28546536788
Episode:56/100, avg speed:15.159662477378083
Episode:56/100, avg halt num:0.28
Episode:56/100, avg elec cons:2.2868963622101135
 Retrying in 1 seconds
Warning: Unused states in tlLogic 'J10', program '0' in phase 0 after tl-index 10
Simulation......
总奖励:-20560.447901777716, 速度奖励:-10848.756793680504, 加速度奖励:-1575.8911080984608, 交通灯奖励:-7541.599999999131, 与前车进行交互的惩罚:-594.1999999999981
Episode:57/100, Reward:-20560.447901777716
Episode:57/100, avg speed:15.117360986913031
Episode:57/100, avg halt num:0.31267864434463044
Episode:57/100, avg elec cons:2.6567311610702737
 Retrying in 1 seconds
Warning: Unused states in tlLogic 'J10', program '0' in phase 0 after tl-index 10
Simulation......
总奖励:-20007.090075578755, 速度奖励:-10235.71478970046, 加速度奖励:-1561.075285879321, 交通灯奖励:-7639.899999999177, 与前车进行交互的惩罚:-570.3999999999927
Episode:58/100, Reward:-20007.090075578755
Episode:58/100, avg speed:15.421135920849078
Episode:58/100, avg halt num:0.2818578801111552
Episode:58/100, avg elec cons:2.5863907676233375
 Retrying in 1 seconds
Warning: Unused states in tlLogic 'J10', program '0' in phase 0 after tl-index 10
Simulation......
总奖励:-21533.325827812027, 速度奖励:-11177.933566500435, 加速度奖励:-1615.5922613127066, 交通灯奖励:-8102.199999999097, 与前车进行交互的惩罚:-637.600000000008
Episode:59/100, Reward:-21533.325827812027
Episode:59/100, avg speed:15.373707898903177
Episode:59/100, avg halt num:0.29817658349328213
Episode:59/100, avg elec cons:2.4154310176569695
 Retrying in 1 seconds
Warning: Unused states in tlLogic 'J10', program '0' in phase 0 after tl-index 10
Simulation......
总奖励:-19450.910356924916, 速度奖励:-10010.257588440441, 加速度奖励:-1545.0527684855865, 交通灯奖励:-7395.999999999276, 与前车进行交互的惩罚:-499.5999999999802
Episode:60/100, Reward:-19450.910356924916
Episode:60/100, avg speed:15.615823100368194
Episode:60/100, avg halt num:0.24181696726786908
Episode:60/100, avg elec cons:2.185582196265211
 Retrying in 1 seconds
Warning: Unused states in tlLogic 'J10', program '0' in phase 0 after tl-index 10
Simulation......
总奖励:-20671.144653623836, 速度奖励:-10954.991103300501, 加速度奖励:-1577.553550324567, 交通灯奖励:-7563.599999999151, 与前车进行交互的惩罚:-574.9999999999937
Episode:61/100, Reward:-20671.144653623836
Episode:61/100, avg speed:14.941908578019168
Episode:61/100, avg halt num:0.3074950690335306
Episode:61/100, avg elec cons:2.558588195855995
 Retrying in 1 seconds
Warning: Unused states in tlLogic 'J10', program '0' in phase 0 after tl-index 10
Simulation......
总奖励:-20425.139214606766, 速度奖励:-10409.887925820522, 加速度奖励:-1596.1512887874615, 交通灯奖励:-7879.499999999096, 与前车进行交互的惩罚:-539.5999999999857
Episode:62/100, Reward:-20425.139214606766
Episode:62/100, avg speed:15.328680175361665
Episode:62/100, avg halt num:0.25818530128874956
Episode:62/100, avg elec cons:2.2284118743584385
 Retrying in 1 seconds
Warning: Unused states in tlLogic 'J10', program '0' in phase 0 after tl-index 10
Simulation......
总奖励:-19845.47849888741, 速度奖励:-10418.667904800492, 加速度奖励:-1571.9105940879729, 交通灯奖励:-7316.699999999181, 与前车进行交互的惩罚:-538.1999999999854
Episode:63/100, Reward:-19845.47849888741
Episode:63/100, avg speed:15.539659210627732
Episode:63/100, avg halt num:0.25484364377974167
Episode:63/100, avg elec cons:2.174224535613687
 Retrying in 1 seconds
Warning: Unused states in tlLogic 'J10', program '0' in phase 0 after tl-index 10
Simulation......
总奖励:-20069.526409479065, 速度奖励:-10520.315075700439, 加速度奖励:-1554.8113337794523, 交通灯奖励:-7436.199999999193, 与前车进行交互的惩罚:-558.1999999999899
Episode:64/100, Reward:-20069.526409479065
Episode:64/100, avg speed:15.312678474622478
Episode:64/100, avg halt num:0.28288729739917073
Episode:64/100, avg elec cons:2.4698189852203782
 Retrying in 1 seconds
Warning: Unused states in tlLogic 'J10', program '0' in phase 0 after tl-index 10
Simulation......
总奖励:-18859.85466514875, 速度奖励:-9617.948709480397, 加速度奖励:-1551.605955669139, 交通灯奖励:-7165.899999999248, 与前车进行交互的惩罚:-524.3999999999822
Episode:65/100, Reward:-18859.85466514875
Episode:65/100, avg speed:15.69972157543121
Episode:65/100, avg halt num:0.24572260647979613
Episode:65/100, avg elec cons:2.3740794689221754
 Retrying in 1 seconds
Warning: Unused states in tlLogic 'J10', program '0' in phase 0 after tl-index 10
Simulation......
总奖励:-20250.866715955366, 速度奖励:-10519.996852800468, 加速度奖励:-1559.769863155989, 交通灯奖励:-7637.299999999278, 与前车进行交互的惩罚:-533.7999999999844
Episode:66/100, Reward:-20250.866715955366
Episode:66/100, avg speed:15.826428185614521
Episode:66/100, avg halt num:0.24700259235255995
Episode:66/100, avg elec cons:2.1131036871327553
 Retrying in 1 seconds
Warning: Unused states in tlLogic 'J10', program '0' in phase 0 after tl-index 10
Simulation......
总奖励:-19632.753238738762, 速度奖励:-10081.323843120417, 加速度奖励:-1588.2293956192002, 交通灯奖励:-7430.599999999326, 与前车进行交互的惩罚:-532.5999999999841
Episode:67/100, Reward:-19632.753238738762
Episode:67/100, avg speed:15.93259141069448
Episode:67/100, avg halt num:0.23516738481935698
Episode:67/100, avg elec cons:2.1195003659419624
 Retrying in 1 seconds
Warning: Unused states in tlLogic 'J10', program '0' in phase 0 after tl-index 10
Simulation......
总奖励:-18892.522074501987, 速度奖励:-9591.979560840407, 加速度奖励:-1569.2425136624095, 交通灯奖励:-7212.699999999299, 与前车进行交互的惩罚:-518.5999999999809
Episode:68/100, Reward:-18892.522074501987
Episode:68/100, avg speed:15.865920028075553
Episode:68/100, avg halt num:0.22918088737201364
Episode:68/100, avg elec cons:2.2133314928623666
 Retrying in 1 seconds
Warning: Unused states in tlLogic 'J10', program '0' in phase 0 after tl-index 10
Simulation......
总奖励:-20028.747807257747, 速度奖励:-10491.042894300532, 加速度奖励:-1549.704912958203, 交通灯奖励:-7493.599999999116, 与前车进行交互的惩罚:-494.3999999999805
Episode:69/100, Reward:-20028.747807257747
Episode:69/100, avg speed:15.656256292405288
Episode:69/100, avg halt num:0.24335232668566
Episode:69/100, avg elec cons:2.0914769356266554
 Retrying in 1 seconds
Warning: Unused states in tlLogic 'J10', program '0' in phase 0 after tl-index 10
Simulation......
总奖励:-19042.93182357559, 速度奖励:-9984.88503126047, 加速度奖励:-1527.1467923160853, 交通灯奖励:-7064.49999999928, 与前车进行交互的惩罚:-466.3999999999821
Episode:70/100, Reward:-19042.93182357559
Episode:70/100, avg speed:15.580128883650453
Episode:70/100, avg halt num:0.2405996758508914
Episode:70/100, avg elec cons:2.1362944302909135
 Retrying in 1 seconds
Warning: Unused states in tlLogic 'J10', program '0' in phase 0 after tl-index 10
Simulation......
总奖励:-18973.897738739368, 速度奖励:-9590.9470714804, 加速度奖励:-1539.950667259634, 交通灯奖励:-7325.799999999188, 与前车进行交互的惩罚:-517.1999999999806
Episode:71/100, Reward:-18973.897738739368
Episode:71/100, avg speed:15.990121513301794
Episode:71/100, avg halt num:0.22312811980033279
Episode:71/100, avg elec cons:2.173886403085586
 Retrying in 1 seconds
Warning: Unused states in tlLogic 'J10', program '0' in phase 0 after tl-index 10
Simulation......
总奖励:-20310.49090923641, 速度奖励:-10522.354962780499, 加速度奖励:-1592.6359464572781, 交通灯奖励:-7662.499999999234, 与前车进行交互的惩罚:-532.9999999999842
Episode:72/100, Reward:-20310.49090923641
Episode:72/100, avg speed:14.811765911817082
Episode:72/100, avg halt num:0.287821482602118
Episode:72/100, avg elec cons:2.4169141638173803
 Retrying in 1 seconds
Warning: Unused states in tlLogic 'J10', program '0' in phase 0 after tl-index 10
Simulation......
总奖励:-18841.6591844548, 速度奖励:-9571.97876094046, 加速度奖励:-1544.6804235154334, 交通灯奖励:-7290.599999999327, 与前车进行交互的惩罚:-434.3999999999839
Episode:73/100, Reward:-18841.6591844548
Episode:73/100, avg speed:15.705543951510942
Episode:73/100, avg halt num:0.2092497740283218
Episode:73/100, avg elec cons:1.9942374226234154
 Retrying in 1 seconds
Warning: Unused states in tlLogic 'J10', program '0' in phase 0 after tl-index 10
Simulation......
总奖励:-21249.724219243864, 速度奖励:-11252.514745440509, 加速度奖励:-1619.90947380455, 交通灯奖励:-7786.099999999118, 与前车进行交互的惩罚:-591.1999999999974
Episode:74/100, Reward:-21249.724219243864
Episode:74/100, avg speed:15.36099039976411
Episode:74/100, avg halt num:0.28322111977321046
Episode:74/100, avg elec cons:2.254001760085346
 Retrying in 1 seconds
Warning: Unused states in tlLogic 'J10', program '0' in phase 0 after tl-index 10
Simulation......
总奖励:-22070.704587444834, 速度奖励:-11756.363699160533, 加速度奖励:-1680.340888285595, 交通灯奖励:-8032.199999999073, 与前车进行交互的惩罚:-601.7999999999998
Episode:75/100, Reward:-22070.704587444834
Episode:75/100, avg speed:15.392272955211235
Episode:75/100, avg halt num:0.2815947843530592
Episode:75/100, avg elec cons:2.0765956946307407
 Retrying in 1 seconds
Warning: Unused states in tlLogic 'J10', program '0' in phase 0 after tl-index 10
Simulation......
总奖励:-18307.73972546839, 速度奖励:-9160.948005660388, 加速度奖励:-1497.29171980875, 交通灯奖励:-7096.29999999926, 与前车进行交互的惩罚:-553.1999999999888
Episode:76/100, Reward:-18307.73972546839
Episode:76/100, avg speed:15.627953449775616
Episode:76/100, avg halt num:0.2535627035830619
Episode:76/100, avg elec cons:2.711652597235725
 Retrying in 1 seconds
Warning: Unused states in tlLogic 'J10', program '0' in phase 0 after tl-index 10
Simulation......
总奖励:-21451.118508658015, 速度奖励:-11293.393279860536, 加速度奖励:-1609.8252287987093, 交通灯奖励:-7917.899999999003, 与前车进行交互的惩罚:-630.0000000000063
Episode:77/100, Reward:-21451.118508658015
Episode:77/100, avg speed:15.203483808068757
Episode:77/100, avg halt num:0.31558363417569196
Episode:77/100, avg elec cons:2.5326757007154024
 Retrying in 1 seconds
Warning: Unused states in tlLogic 'J10', program '0' in phase 0 after tl-index 10
Simulation......
总奖励:-17701.294510519125, 速度奖励:-9384.351609780393, 加速度奖励:-1480.3429007395143, 交通灯奖励:-6342.599999999535, 与前车进行交互的惩罚:-493.9999999999805
Episode:78/100, Reward:-17701.294510519125
Episode:78/100, avg speed:15.255027297944016
Episode:78/100, avg halt num:0.26453143534994067
Episode:78/100, avg elec cons:2.6509517215419205
 Retrying in 1 seconds
Warning: Unused states in tlLogic 'J10', program '0' in phase 0 after tl-index 10
Simulation......
总奖励:-21176.132837531877, 速度奖励:-11180.869468560479, 加速度奖励:-1570.1633689725743, 交通灯奖励:-7841.699999999046, 与前车进行交互的惩罚:-583.3999999999957
Episode:79/100, Reward:-21176.132837531877
Episode:79/100, avg speed:15.05232120626246
Episode:79/100, avg halt num:0.3126697710516104
Episode:79/100, avg elec cons:2.5104008030259926
 Retrying in 1 seconds
Warning: Unused states in tlLogic 'J10', program '0' in phase 0 after tl-index 10
Simulation......
总奖励:-19424.94153801762, 速度奖励:-10239.068011680516, 加速度奖励:-1522.3735263383037, 交通灯奖励:-7171.899999999209, 与前车进行交互的惩罚:-491.59999999998064
Episode:80/100, Reward:-19424.94153801762
Episode:80/100, avg speed:15.27628063403824
Episode:80/100, avg halt num:0.2665592552810598
Episode:80/100, avg elec cons:2.40044635659272
 Retrying in 1 seconds
Warning: Unused states in tlLogic 'J10', program '0' in phase 0 after tl-index 10
Simulation......
总奖励:-18995.234887396124, 速度奖励:-9983.170693800454, 加速度奖励:-1499.2641935965048, 交通灯奖励:-6990.799999999303, 与前车进行交互的惩罚:-521.9999999999817
Episode:81/100, Reward:-18995.234887396124
Episode:81/100, avg speed:15.480075134180677
Episode:81/100, avg halt num:0.26732123008521674
Episode:81/100, avg elec cons:2.4479088237080293
 Retrying in 1 seconds
Warning: Unused states in tlLogic 'J10', program '0' in phase 0 after tl-index 10
Simulation......
总奖励:-20177.328192179648, 速度奖励:-10360.626212880368, 加速度奖励:-1554.2019793000372, 交通灯奖励:-7705.499999999231, 与前车进行交互的惩罚:-556.9999999999897
Episode:82/100, Reward:-20177.328192179648
Episode:82/100, avg speed:15.238858055119257
Episode:82/100, avg halt num:0.29193548387096774
Episode:82/100, avg elec cons:2.642593016104752
 Retrying in 1 seconds
Warning: Unused states in tlLogic 'J10', program '0' in phase 0 after tl-index 10
Simulation......
总奖励:-20177.30473429224, 速度奖励:-10570.643288280466, 加速度奖励:-1577.46144601293, 交通灯奖励:-7487.799999999166, 与前车进行交互的惩罚:-541.3999999999861
Episode:83/100, Reward:-20177.30473429224
Episode:83/100, avg speed:15.455316738846417
Episode:83/100, avg halt num:0.26791331702202026
Episode:83/100, avg elec cons:2.2647913797113732
 Retrying in 1 seconds
Warning: Unused states in tlLogic 'J10', program '0' in phase 0 after tl-index 10
Simulation......
总奖励:-19707.77828915369, 速度奖励:-10030.353164460395, 加速度奖励:-1588.325124694327, 交通灯奖励:-7507.499999999304, 与前车进行交互的惩罚:-581.5999999999952
Episode:84/100, Reward:-19707.77828915369
Episode:84/100, avg speed:15.238318939436903
Episode:84/100, avg halt num:0.2760791366906475
Episode:84/100, avg elec cons:2.5426991306955276
 Retrying in 1 seconds
Warning: Unused states in tlLogic 'J10', program '0' in phase 0 after tl-index 10
Simulation......
总奖励:-20673.96046341798, 速度奖励:-10737.822209220469, 加速度奖励:-1595.2382541984364, 交通灯奖励:-7782.899999999145, 与前车进行交互的惩罚:-557.9999999999899
Episode:85/100, Reward:-20673.96046341798
Episode:85/100, avg speed:15.652100988268582
Episode:85/100, avg halt num:0.26001017984390906
Episode:85/100, avg elec cons:2.164557595815315
 Retrying in 1 seconds
Warning: Unused states in tlLogic 'J10', program '0' in phase 0 after tl-index 10
Simulation......
总奖励:-19178.328970797993, 速度奖励:-9816.011826300473, 加速度奖励:-1515.617144498636, 交通灯奖励:-7383.899999999223, 与前车进行交互的惩罚:-462.7999999999823
Episode:86/100, Reward:-19178.328970797993
Episode:86/100, avg speed:15.911378250694673
Episode:86/100, avg halt num:0.21991027227722773
Episode:86/100, avg elec cons:2.059967606990172
 Retrying in 1 seconds
Warning: Unused states in tlLogic 'J10', program '0' in phase 0 after tl-index 10
Simulation......
总奖励:-22612.03404610634, 速度奖励:-11912.149200780477, 加速度奖励:-1656.4848453268946, 交通灯奖励:-8375.799999999039, 与前车进行交互的惩罚:-667.6000000000148
Episode:87/100, Reward:-22612.03404610634
Episode:87/100, avg speed:14.973246606928315
Episode:87/100, avg halt num:0.34868968386023297
Episode:87/100, avg elec cons:2.5904914332392375
 Retrying in 1 seconds
Warning: Unused states in tlLogic 'J10', program '0' in phase 0 after tl-index 10
Simulation......
总奖励:-21182.273670846746, 速度奖励:-11331.083700900503, 加速度奖励:-1620.5899699472714, 交通灯奖励:-7653.799999999021, 与前车进行交互的惩罚:-576.7999999999942
Episode:88/100, Reward:-21182.273670846746
Episode:88/100, avg speed:15.36816829733017
Episode:88/100, avg halt num:0.2810889728615596
Episode:88/100, avg elec cons:2.1773556876905813
 Retrying in 1 seconds
Warning: Unused states in tlLogic 'J10', program '0' in phase 0 after tl-index 10
Simulation......
总奖励:-21159.187443555, 速度奖励:-11255.860918080514, 加速度奖励:-1585.62652547571, 交通灯奖励:-7741.09999999916, 与前车进行交互的惩罚:-576.5999999999941
Episode:89/100, Reward:-21159.187443555
Episode:89/100, avg speed:15.038257924337493
Episode:89/100, avg halt num:0.30698599015524425
Episode:89/100, avg elec cons:2.451009999848742
 Retrying in 1 seconds
Warning: Unused states in tlLogic 'J10', program '0' in phase 0 after tl-index 10
Simulation......
总奖励:-18772.25741966071, 速度奖励:-9682.173015480394, 加速度奖励:-1520.084404181249, 交通灯奖励:-7048.199999999315, 与前车进行交互的惩罚:-521.7999999999817
Episode:90/100, Reward:-18772.25741966071
Episode:90/100, avg speed:15.334984134520116
Episode:90/100, avg halt num:0.26859827721221613
Episode:90/100, avg elec cons:2.5872143580265505
 Retrying in 1 seconds
Warning: Unused states in tlLogic 'J10', program '0' in phase 0 after tl-index 10
Simulation......
总奖励:-20369.004692296396, 速度奖励:-10625.941504980532, 加速度奖励:-1574.9631873171966, 交通灯奖励:-7615.499999999209, 与前车进行交互的惩罚:-552.5999999999887
Episode:91/100, Reward:-20369.004692296396
Episode:91/100, avg speed:14.949802067473113
Episode:91/100, avg halt num:0.2979411764705882
Episode:91/100, avg elec cons:2.532127344099253
 Retrying in 1 seconds
Warning: Unused states in tlLogic 'J10', program '0' in phase 0 after tl-index 10
Simulation......
总奖励:-20384.90777329733, 速度奖励:-10794.90541320046, 加速度奖励:-1578.9023600979829, 交通灯奖励:-7454.6999999992295, 与前车进行交互的惩罚:-556.3999999999895
Episode:92/100, Reward:-20384.90777329733
Episode:92/100, avg speed:15.072682392606207
Episode:92/100, avg halt num:0.29391122913505313
Episode:92/100, avg elec cons:2.4439763070697174
 Retrying in 1 seconds
Warning: Unused states in tlLogic 'J10', program '0' in phase 0 after tl-index 10
Simulation......
总奖励:-20693.156408818897, 速度奖励:-10956.784355820499, 加速度奖励:-1579.7720529994324, 交通灯奖励:-7556.599999999093, 与前车进行交互的惩罚:-599.9999999999994
Episode:93/100, Reward:-20693.156408818897
Episode:93/100, avg speed:14.976397151222017
Episode:93/100, avg halt num:0.32815800591465993
Episode:93/100, avg elec cons:2.712142191295911
 Retrying in 1 seconds
Warning: Unused states in tlLogic 'J10', program '0' in phase 0 after tl-index 10
Simulation......
总奖励:-19526.600007321947, 速度奖励:-10183.614803640457, 加速度奖励:-1536.2852036822892, 交通灯奖励:-7297.699999999263, 与前车进行交互的惩罚:-508.99999999997965
Episode:94/100, Reward:-19526.600007321947
Episode:94/100, avg speed:15.589719520570346
Episode:94/100, avg halt num:0.2510183299389002
Episode:94/100, avg elec cons:2.2400915482492723
 Retrying in 1 seconds
Warning: Unused states in tlLogic 'J10', program '0' in phase 0 after tl-index 10
Simulation......
总奖励:-20570.495577528218, 速度奖励:-10872.244063800481, 加速度奖励:-1572.9515137287867, 交通灯奖励:-7565.699999999215, 与前车进行交互的惩罚:-559.5999999999902
Episode:95/100, Reward:-20570.495577528218
Episode:95/100, avg speed:14.828656535070566
Episode:95/100, avg halt num:0.30546782471377815
Episode:95/100, avg elec cons:2.587451620126143
 Retrying in 1 seconds
Warning: Unused states in tlLogic 'J10', program '0' in phase 0 after tl-index 10
Simulation......
总奖励:-18728.763289521845, 速度奖励:-9723.366370980406, 加速度奖励:-1504.196918542534, 交通灯奖励:-6982.399999999196, 与前车进行交互的惩罚:-518.799999999981
Episode:96/100, Reward:-18728.763289521845
Episode:96/100, avg speed:15.326069263643605
Episode:96/100, avg halt num:0.26897625535227715
Episode:96/100, avg elec cons:2.6019200850081146
 Retrying in 1 seconds
Warning: Unused states in tlLogic 'J10', program '0' in phase 0 after tl-index 10
Simulation......
总奖励:-20467.074780717423, 速度奖励:-10858.749484140488, 加速度奖励:-1561.0252965778702, 交通灯奖励:-7459.299999999215, 与前车进行交互的惩罚:-587.9999999999967
Episode:97/100, Reward:-20467.074780717423
Episode:97/100, avg speed:15.142744876631616
Episode:97/100, avg halt num:0.3072397287594735
Episode:97/100, avg elec cons:2.5611390080396785
 Retrying in 1 seconds
Warning: Unused states in tlLogic 'J10', program '0' in phase 0 after tl-index 10
Simulation......
总奖励:-18181.15276192111, 速度奖励:-9006.359078700321, 加速度奖励:-1521.493683221502, 交通灯奖励:-7152.09999999944, 与前车进行交互的惩罚:-501.1999999999801
Episode:98/100, Reward:-18181.15276192111
Episode:98/100, avg speed:15.373086608863682
Episode:98/100, avg halt num:0.2467948717948718
Episode:98/100, avg elec cons:2.6813496424767083
 Retrying in 1 seconds
Warning: Unused states in tlLogic 'J10', program '0' in phase 0 after tl-index 10
Simulation......
总奖励:-19676.02091396429, 速度奖励:-10029.209431500421, 加速度奖励:-1568.6114824647796, 交通灯奖励:-7525.399999999212, 与前车进行交互的惩罚:-552.7999999999887
Episode:99/100, Reward:-19676.02091396429
Episode:99/100, avg speed:15.935686642000201
Episode:99/100, avg halt num:0.24559238363892807
Episode:99/100, avg elec cons:2.2925543777120327
 Retrying in 1 seconds
Warning: Unused states in tlLogic 'J10', program '0' in phase 0 after tl-index 10
Simulation......
总奖励:-18812.746746270088, 速度奖励:-9570.681434700391, 加速度奖励:-1541.4653115705185, 交通灯奖励:-7171.59999999932, 与前车进行交互的惩罚:-528.9999999999833
Episode:100/100, Reward:-18812.746746270088
Episode:100/100, avg speed:15.932464843376199
Episode:100/100, avg halt num:0.22786324786324785
Episode:100/100, avg elec cons:2.2250643581780594
model saved successfully!
Complete training!
final reward list:[-155407.75609605282, -161747.8905705063, -58665.43489926999, -16776.783779872734, -13813.672514115711, -19939.328072488377, -14023.181272367263, -26704.606967040898, -16613.743461628892, -16127.602040324778, -13089.596592256019, -13397.643024486219, -12375.625519592311, -13987.662660765922, -13582.99151044981, -13917.625091249682, -14125.014486122886, -19027.556481938314, -19608.892572194432, -15606.12090356251, -21957.862876353596, -17914.320640225487, -23795.0875778232, -18086.483392098206, -18953.138271430624, -22559.669578745557, -15707.120174259413, -15784.333789499164, -11993.131313061453, -12654.126869672846, -19649.950536458084, -21061.704995067317, -19678.970871062636, -19571.093920007163, -18843.114467290998, -20517.10542568993, -21316.866464456878, -18485.57806921838, -21330.73346938631, -68634.20790075464, -146292.6937058415, -20831.9230450081, -19792.956469911558, -19979.275142509712, -20963.5220151547, -18889.916162862322, -21250.807385648972, -20473.698831217036, -19220.65420048185, -19193.571333234704, -19334.769269610875, -20292.88087904629, -19625.790549096615, -20553.09730363582, -18530.27819415717, -20532.28546536788, -20560.447901777716, -20007.090075578755, -21533.325827812027, -19450.910356924916, -20671.144653623836, -20425.139214606766, -19845.47849888741, -20069.526409479065, -18859.85466514875, -20250.866715955366, -19632.753238738762, -18892.522074501987, -20028.747807257747, -19042.93182357559, -18973.897738739368, -20310.49090923641, -18841.6591844548, -21249.724219243864, -22070.704587444834, -18307.73972546839, -21451.118508658015, -17701.294510519125, -21176.132837531877, -19424.94153801762, -18995.234887396124, -20177.328192179648, -20177.30473429224, -19707.77828915369, -20673.96046341798, -19178.328970797993, -22612.03404610634, -21182.273670846746, -21159.187443555, -18772.25741966071, -20369.004692296396, -20384.90777329733, -20693.156408818897, -19526.600007321947, -20570.495577528218, -18728.763289521845, -20467.074780717423, -18181.15276192111, -19676.02091396429, -18812.746746270088]
final speed list:[6.738954190052325, 6.445550898876776, 12.924642205720813, 13.962609552823317, 15.15379566442079, 13.787869341399423, 15.116199454878803, 12.643319004653495, 14.18991640812657, 14.171995120416636, 15.245263982596935, 14.880885586207782, 15.196644579598132, 14.54212161072876, 15.035552203669061, 14.72612552712475, 14.9542612925977, 12.3780195011276, 13.307618339147835, 14.207879808991619, 12.391146358433144, 13.248717764014446, 12.553049121414547, 13.132641922996793, 12.914798525988129, 12.110084480811608, 13.468665753997337, 12.58907950816097, 13.86877575622072, 15.260860546422357, 15.525246361369767, 15.087160926014906, 15.374184555706453, 15.586941576229169, 15.711535496241781, 15.279240088329026, 14.951723564129074, 15.750089497222156, 15.335407000886658, 10.403388532410249, 5.447730445609508, 15.239258808469414, 15.074874415576968, 15.40382307932486, 14.855526315324942, 15.90289239567957, 15.058088633622004, 15.111211084149344, 15.812327304894282, 15.271381697182193, 15.85697849353083, 15.370230742540238, 15.512379249338997, 15.353223700057326, 15.118456350789632, 15.159662477378083, 15.117360986913031, 15.421135920849078, 15.373707898903177, 15.615823100368194, 14.941908578019168, 15.328680175361665, 15.539659210627732, 15.312678474622478, 15.69972157543121, 15.826428185614521, 15.93259141069448, 15.865920028075553, 15.656256292405288, 15.580128883650453, 15.990121513301794, 14.811765911817082, 15.705543951510942, 15.36099039976411, 15.392272955211235, 15.627953449775616, 15.203483808068757, 15.255027297944016, 15.05232120626246, 15.27628063403824, 15.480075134180677, 15.238858055119257, 15.455316738846417, 15.238318939436903, 15.652100988268582, 15.911378250694673, 14.973246606928315, 15.36816829733017, 15.038257924337493, 15.334984134520116, 14.949802067473113, 15.072682392606207, 14.976397151222017, 15.589719520570346, 14.828656535070566, 15.326069263643605, 15.142744876631616, 15.373086608863682, 15.935686642000201, 15.932464843376199]
final elec cons list:[0.6126084614373584, 0.6517442324500664, 1.479810411425829, 1.7818440396085067, 2.4802043145444226, 1.412532349368755, 2.2095833780948326, 1.1762434248777132, 2.1333180702182895, 1.4768986861354154, 1.93164013611656, 1.7066016241762176, 1.9727232573180762, 1.5575678599297598, 2.134332345662729, 2.24618240414278, 1.7100477173887694, 1.222878481697111, 1.201772557656556, 1.2789907823556126, 1.0063557667823257, 1.215922293988426, 0.7242866215965611, 0.8223419169629927, 0.7577410284149688, 0.8994904189932144, 1.0576727606746352, 1.33313685889562, 1.448412585066172, 2.1721829347921324, 2.443950854084111, 2.4312316218289984, 2.321425283985355, 2.2710821221736914, 2.424371632123325, 2.370425609144625, 2.6708232115142563, 2.5273864550127745, 2.2297789496930065, 1.551534419776083, 0.8675219195414282, 2.427868122434457, 2.5961964898128875, 2.4630132928849533, 2.5102895245272174, 2.1711715303869292, 2.44705574264895, 2.5399515067455876, 2.0994860375286186, 2.2390865089696432, 2.2140080740566117, 2.3845861350031843, 2.2056620187721028, 2.243279902816827, 2.5879977241912844, 2.2868963622101135, 2.6567311610702737, 2.5863907676233375, 2.4154310176569695, 2.185582196265211, 2.558588195855995, 2.2284118743584385, 2.174224535613687, 2.4698189852203782, 2.3740794689221754, 2.1131036871327553, 2.1195003659419624, 2.2133314928623666, 2.0914769356266554, 2.1362944302909135, 2.173886403085586, 2.4169141638173803, 1.9942374226234154, 2.254001760085346, 2.0765956946307407, 2.711652597235725, 2.5326757007154024, 2.6509517215419205, 2.5104008030259926, 2.40044635659272, 2.4479088237080293, 2.642593016104752, 2.2647913797113732, 2.5426991306955276, 2.164557595815315, 2.059967606990172, 2.5904914332392375, 2.1773556876905813, 2.451009999848742, 2.5872143580265505, 2.532127344099253, 2.4439763070697174, 2.712142191295911, 2.2400915482492723, 2.587451620126143, 2.6019200850081146, 2.5611390080396785, 2.6813496424767083, 2.2925543777120327, 2.2250643581780594]
final halt list:[0.4202755905511811, 0.5359825721153846, 0.29724666014988593, 0.09377409406322282, 0.12671370967741935, 0.14704836415362732, 0.05938140806561859, 0.14248062015503876, 0.04571703561116458, 0.11189303307529909, 0.09105351170568562, 0.08339058742700103, 0.05415876027830487, 0.0705375966268447, 0.07738317757009346, 0.10240621447517999, 0.09691592005513439, 0.1363817891373802, 0.10910224438902744, 0.08050705171255876, 0.14101577529819162, 0.04338394793926247, 0.10362651788644568, 0.03355921264924169, 0.03266208251473477, 0.09969788519637462, 0.031239301609038, 0.04394491697043337, 0.019662921348314606, 0.09445028011204482, 0.2675685832393837, 0.3086160884483416, 0.25771659066994035, 0.2586842105263158, 0.252705223880597, 0.2857542942494399, 0.3234797297297297, 0.2493230174081238, 0.28479916897506924, 0.29555626598465473, 0.4669961171902577, 0.29265493496557, 0.2918956043956044, 0.27761138150505427, 0.3128425998433829, 0.22858796296296297, 0.30247619047619045, 0.2945759368836292, 0.22000628140703518, 0.2606364579730197, 0.23685092127303184, 0.2700777202072539, 0.24467725582967217, 0.27250264737027885, 0.27256003098373355, 0.28, 0.31267864434463044, 0.2818578801111552, 0.29817658349328213, 0.24181696726786908, 0.3074950690335306, 0.25818530128874956, 0.25484364377974167, 0.28288729739917073, 0.24572260647979613, 0.24700259235255995, 0.23516738481935698, 0.22918088737201364, 0.24335232668566, 0.2405996758508914, 0.22312811980033279, 0.287821482602118, 0.2092497740283218, 0.28322111977321046, 0.2815947843530592, 0.2535627035830619, 0.31558363417569196, 0.26453143534994067, 0.3126697710516104, 0.2665592552810598, 0.26732123008521674, 0.29193548387096774, 0.26791331702202026, 0.2760791366906475, 0.26001017984390906, 0.21991027227722773, 0.34868968386023297, 0.2810889728615596, 0.30698599015524425, 0.26859827721221613, 0.2979411764705882, 0.29391122913505313, 0.32815800591465993, 0.2510183299389002, 0.30546782471377815, 0.26897625535227715, 0.3072397287594735, 0.2467948717948718, 0.24559238363892807, 0.22786324786324785]
speed reward list:[-100153.04256971077, -104697.76894216814, -36143.59727339941, -11292.45497424009, -8803.046275560204, -13275.751529160207, -9744.863252760115, -20117.5615197005, -11810.61600552016, -11301.553350720198, -9536.779728360216, -9625.145278860184, -9080.185033800164, -10305.674725500096, -9734.317984620126, -10146.671522820192, -9915.837606180092, -14368.160690640221, -14676.787687860136, -11761.817669820106, -17504.917525260316, -14240.170008179948, -19630.93587264035, -15274.487198160019, -16238.744116199952, -18819.220490280244, -13075.417908180001, -13167.593702460048, -10388.334008699994, -8846.354079900277, -9945.14355180043, -11257.658288280518, -10145.987580420417, -10352.30745078045, -9681.305562180407, -10807.54714512052, -11080.02499182045, -9352.76019552036, -11257.874899920485, -42015.76993151905, -93072.43202867228, -10816.274510640485, -10439.112666960433, -10448.775914220447, -11145.409883460532, -9702.491098860406, -11157.24797694054, -10662.978716100473, -9724.686225120424, -10222.04486358051, -10049.778550980427, -10497.027721860428, -10091.654243280454, -10848.445734780467, -9736.96800654041, -10854.192178260497, -10848.756793680504, -10235.71478970046, -11177.933566500435, -10010.257588440441, -10954.991103300501, -10409.887925820522, -10418.667904800492, -10520.315075700439, -9617.948709480397, -10519.996852800468, -10081.323843120417, -9591.979560840407, -10491.042894300532, -9984.88503126047, -9590.9470714804, -10522.354962780499, -9571.97876094046, -11252.514745440509, -11756.363699160533, -9160.948005660388, -11293.393279860536, -9384.351609780393, -11180.869468560479, -10239.068011680516, -9983.170693800454, -10360.626212880368, -10570.643288280466, -10030.353164460395, -10737.822209220469, -9816.011826300473, -11912.149200780477, -11331.083700900503, -11255.860918080514, -9682.173015480394, -10625.941504980532, -10794.90541320046, -10956.784355820499, -10183.614803640457, -10872.244063800481, -9723.366370980406, -10858.749484140488, -9006.359078700321, -10029.209431500421, -9570.681434700391]
accel reward list:[-15660.813526332404, -15562.521628325907, -5576.037625873212, -1186.028805632861, -1431.9262385558886, -1462.676543328693, -1421.8180196074777, -1850.9454473414248, -1874.9274561090697, -1409.248689604788, -1120.9168638961078, -1076.997745626253, -1132.6404857923774, -1179.1879352659869, -1132.4735258299668, -1220.853568429834, -1275.8768799429488, -1499.2957912983227, -1501.5048843345292, -1206.003233742516, -1327.545351093978, -1369.9506320455464, -1422.6517051837739, -1207.4961939382617, -1144.0941552305767, -1379.8490884657488, -1250.30226607946, -1068.640087039097, -712.197304361421, -1065.5727897730897, -1546.5069846586528, -1592.1467067881338, -1539.2832906430601, -1564.1864692275265, -1546.1089051114686, -1585.6582805704413, -1616.7414726375005, -1524.1178736985062, -1588.4585694670818, -7258.93796923592, -16152.061677158561, -1616.148534368667, -1541.9438029521907, -1550.9992282902099, -1593.6121316955214, -1542.525064002613, -1607.959408709775, -1596.3201151176704, -1548.9679753624123, -1547.9264696553576, -1522.390718631113, -1580.6531571869282, -1551.836305817085, -1610.3515688562827, -1503.6101876176288, -1609.2932871085814, -1575.8911080984608, -1561.075285879321, -1615.5922613127066, -1545.0527684855865, -1577.553550324567, -1596.1512887874615, -1571.9105940879729, -1554.8113337794523, -1551.605955669139, -1559.769863155989, -1588.2293956192002, -1569.2425136624095, -1549.704912958203, -1527.1467923160853, -1539.950667259634, -1592.6359464572781, -1544.6804235154334, -1619.90947380455, -1680.340888285595, -1497.29171980875, -1609.8252287987093, -1480.3429007395143, -1570.1633689725743, -1522.3735263383037, -1499.2641935965048, -1554.2019793000372, -1577.46144601293, -1588.325124694327, -1595.2382541984364, -1515.617144498636, -1656.4848453268946, -1620.5899699472714, -1585.62652547571, -1520.084404181249, -1574.9631873171966, -1578.9023600979829, -1579.7720529994324, -1536.2852036822892, -1572.9515137287867, -1504.196918542534, -1561.0252965778702, -1521.493683221502, -1568.6114824647796, -1541.4653115705185]
tls reward list:[-38147.70000001995, -39783.60000002162, -16075.399999996753, -3931.5000000006407, -3199.100000000313, -4929.499999999846, -2575.10000000041, -4339.700000000155, -2682.0000000002738, -3106.6000000005447, -2181.3000000004095, -2388.5000000003565, -1987.0000000003101, -2246.4000000004144, -2450.400000000485, -2230.3000000003312, -2656.300000000446, -2823.1000000007193, -3112.800000000674, -2337.500000000468, -2728.600000000697, -1986.60000000036, -2247.900000000511, -1271.9000000001984, -1172.8999999999292, -1998.600000000457, -1160.9999999999472, -1356.500000000111, -701.5999999998088, -2439.600000000295, -7621.899999999234, -7623.899999999174, -7504.4999999992215, -7102.9999999993, -7069.4999999993215, -7543.299999999099, -7987.4999999990105, -7061.699999999419, -7923.599999999155, -18550.299999999075, -35635.00000001796, -7812.099999999031, -7273.499999999272, -7424.299999999068, -7639.099999999122, -7151.699999999242, -7903.599999999028, -7629.599999999058, -7494.199999999265, -6909.199999999326, -7231.599999999167, -7647.999999999233, -7488.499999999223, -7533.499999999105, -6808.699999999269, -7511.199999999142, -7541.599999999131, -7639.899999999177, -8102.199999999097, -7395.999999999276, -7563.599999999151, -7879.499999999096, -7316.699999999181, -7436.199999999193, -7165.899999999248, -7637.299999999278, -7430.599999999326, -7212.699999999299, -7493.599999999116, -7064.49999999928, -7325.799999999188, -7662.499999999234, -7290.599999999327, -7786.099999999118, -8032.199999999073, -7096.29999999926, -7917.899999999003, -6342.599999999535, -7841.699999999046, -7171.899999999209, -6990.799999999303, -7705.499999999231, -7487.799999999166, -7507.499999999304, -7782.899999999145, -7383.899999999223, -8375.799999999039, -7653.799999999021, -7741.09999999916, -7048.199999999315, -7615.499999999209, -7454.6999999992295, -7556.599999999093, -7297.699999999263, -7565.699999999215, -6982.399999999196, -7459.299999999215, -7152.09999999944, -7525.399999999212, -7171.59999999932]
extra reward list:[-1446.2000000001917, -1704.0000000002503, -870.4000000000609, -366.79999999998773, -379.599999999987, -271.39999999999316, -281.3999999999926, -396.39999999998605, -246.19999999999456, -310.19999999999095, -250.5999999999943, -306.99999999999113, -175.79999999999856, -256.399999999994, -265.7999999999935, -319.7999999999904, -276.99999999999284, -336.9999999999894, -317.7999999999905, -300.7999999999915, -396.799999999986, -317.59999999999053, -493.5999999999805, -332.5999999999897, -397.399999999986, -361.999999999988, -220.39999999999603, -191.59999999999766, -190.9999999999977, -302.5999999999914, -536.399999999985, -587.9999999999967, -489.1999999999808, -551.5999999999884, -546.1999999999872, -580.599999999995, -632.6000000000068, -546.9999999999874, -560.7999999999905, -809.200000000047, -1433.2000000001888, -587.3999999999966, -538.3999999999854, -555.1999999999892, -585.3999999999961, -493.19999999998055, -581.9999999999953, -584.799999999996, -452.79999999998284, -514.39999999998, -530.9999999999837, -567.199999999992, -493.7999999999805, -560.7999999999905, -480.99999999998124, -557.5999999999898, -594.1999999999981, -570.3999999999927, -637.600000000008, -499.5999999999802, -574.9999999999937, -539.5999999999857, -538.1999999999854, -558.1999999999899, -524.3999999999822, -533.7999999999844, -532.5999999999841, -518.5999999999809, -494.3999999999805, -466.3999999999821, -517.1999999999806, -532.9999999999842, -434.3999999999839, -591.1999999999974, -601.7999999999998, -553.1999999999888, -630.0000000000063, -493.9999999999805, -583.3999999999957, -491.59999999998064, -521.9999999999817, -556.9999999999897, -541.3999999999861, -581.5999999999952, -557.9999999999899, -462.7999999999823, -667.6000000000148, -576.7999999999942, -576.5999999999941, -521.7999999999817, -552.5999999999887, -556.3999999999895, -599.9999999999994, -508.99999999997965, -559.5999999999902, -518.799999999981, -587.9999999999967, -501.1999999999801, -552.7999999999887, -528.9999999999833]
