nohup: 忽略输入
Env:sumo, Algorithm:TD3, Device:cuda
-----------------------------------------
models/reward_s5e-2(-5, 1)_a24e-2_t(-2_0.1)_safe(3, -0.7)_2031.pth
-----------------------------------------
 Retrying in 1 seconds
Warning: Unused states in tlLogic 'J10', program '0' in phase 0 after tl-index 10
Simulation......
总奖励:-49341.53955530272, 速度奖励:-8696.100000000011, 加速度奖励:-4074.0395552984223, 交通灯奖励:-31141.500000011845, 与前车进行交互的惩罚:-5429.899999999216
Episode:1/100, Reward:-49341.53955530272
Episode:1/100, avg speed:11.592403716483009
Episode:1/100, avg halt num:1.0862563775510203
Episode:1/100, avg elec cons:1.270495086958945
 Retrying in 1 seconds
Warning: Unused states in tlLogic 'J10', program '0' in phase 0 after tl-index 10
Simulation......
总奖励:-42389.98181766879, 速度奖励:-7415.099999999818, 加速度奖励:-3963.6818176646057, 交通灯奖励:-26196.60000000766, 与前车进行交互的惩罚:-4814.5999999993755
Episode:2/100, Reward:-42389.98181766879
Episode:2/100, avg speed:11.15283206048279
Episode:2/100, avg halt num:1.0089897260273972
Episode:2/100, avg elec cons:1.4119203020328388
 Retrying in 1 seconds
Warning: Unused states in tlLogic 'J10', program '0' in phase 0 after tl-index 10
Simulation......
总奖励:-19264.66654605519, 速度奖励:-2738.0999999999817, 加速度奖励:-5642.066546055196, 交通灯奖励:-8833.49999999862, 与前车进行交互的惩罚:-2051.000000000093
Episode:3/100, Reward:-19264.66654605519
Episode:3/100, avg speed:14.85616075321286
Episode:3/100, avg halt num:0.272875816993464
Episode:3/100, avg elec cons:1.9783074974885855
 Retrying in 1 seconds
Warning: Unused states in tlLogic 'J10', program '0' in phase 0 after tl-index 10
Simulation......
总奖励:-9896.359876979004, 速度奖励:-2351.0000000000036, 加速度奖励:-3597.859876979558, 交通灯奖励:-3233.5000000005393, 与前车进行交互的惩罚:-714.0000000000073
Episode:4/100, Reward:-9896.359876979004
Episode:4/100, avg speed:14.40003296018005
Episode:4/100, avg halt num:0.15768194070080863
Episode:4/100, avg elec cons:2.6924017186405442
 Retrying in 1 seconds
Warning: Unused states in tlLogic 'J10', program '0' in phase 0 after tl-index 10
Simulation......
总奖励:-8634.968580731418, 速度奖励:-2398.5499999999975, 加速度奖励:-3265.818580731602, 交通灯奖励:-2358.100000000484, 与前车进行交互的惩罚:-612.5000000000007
Episode:5/100, Reward:-8634.968580731418
Episode:5/100, avg speed:14.20549813207947
Episode:5/100, avg halt num:0.09509449135504625
Episode:5/100, avg elec cons:2.548600646751831
 Retrying in 1 seconds
Warning: Unused states in tlLogic 'J10', program '0' in phase 0 after tl-index 10
Simulation......
总奖励:-10559.28416882796, 速度奖励:-2671.799999999982, 加速度奖励:-3592.7841688284566, 交通灯奖励:-3608.700000000611, 与前车进行交互的惩罚:-686.0000000000055
Episode:6/100, Reward:-10559.28416882796
Episode:6/100, avg speed:13.81200685496999
Episode:6/100, avg halt num:0.14726027397260275
Episode:6/100, avg elec cons:2.3082384330782504
 Retrying in 1 seconds
Warning: Unused states in tlLogic 'J10', program '0' in phase 0 after tl-index 10
Simulation......
总奖励:-12845.589789833151, 速度奖励:-3212.099999999946, 加速度奖励:-3797.089789833662, 交通灯奖励:-4892.0999999994365, 与前车进行交互的惩罚:-944.3000000000222
Episode:7/100, Reward:-12845.589789833151
Episode:7/100, avg speed:13.204729075665963
Episode:7/100, avg halt num:0.1494871794871795
Episode:7/100, avg elec cons:1.927750203092694
 Retrying in 1 seconds
Warning: Unused states in tlLogic 'J10', program '0' in phase 0 after tl-index 10
Simulation......
总奖励:-11260.228224000975, 速度奖励:-2994.5999999999567, 加速度奖励:-3707.3282240014264, 交通灯奖励:-3812.1000000006666, 与前车进行交互的惩罚:-746.2000000000094
Episode:8/100, Reward:-11260.228224000975
Episode:8/100, avg speed:13.710294604571738
Episode:8/100, avg halt num:0.14964017521902379
Episode:8/100, avg elec cons:1.6618143355412907
 Retrying in 1 seconds
Warning: Unused states in tlLogic 'J10', program '0' in phase 0 after tl-index 10
Simulation......
总奖励:-11264.450726001854, 速度奖励:-3091.699999999989, 加速度奖励:-3842.550726002114, 交通灯奖励:-3652.6000000005115, 与前车进行交互的惩罚:-677.6000000000049
Episode:9/100, Reward:-11264.450726001854
Episode:9/100, avg speed:12.868832922593494
Episode:9/100, avg halt num:0.09434410646387832
Episode:9/100, avg elec cons:1.4809912787070338
 Retrying in 1 seconds
Warning: Unused states in tlLogic 'J10', program '0' in phase 0 after tl-index 10
Simulation......
总奖励:-18155.376412525886, 速度奖励:-4674.199999999897, 加速度奖励:-4448.976412526264, 交通灯奖励:-7499.199999997541, 与前车进行交互的惩罚:-1533.0000000000605
Episode:10/100, Reward:-18155.376412525886
Episode:10/100, avg speed:11.05148859408828
Episode:10/100, avg halt num:0.18307220708446867
Episode:10/100, avg elec cons:1.0563503276125306
 Retrying in 1 seconds
Warning: Unused states in tlLogic 'J10', program '0' in phase 0 after tl-index 10
Simulation......
总奖励:-18421.727312349685, 速度奖励:-5238.399999999974, 加速度奖励:-4561.42731235007, 交通灯奖励:-7279.999999997422, 与前车进行交互的惩罚:-1341.900000000048
Episode:11/100, Reward:-18421.727312349685
Episode:11/100, avg speed:10.967156689181643
Episode:11/100, avg halt num:0.18899747793190416
Episode:11/100, avg elec cons:0.48773226882735055
 Retrying in 1 seconds
Warning: Unused states in tlLogic 'J10', program '0' in phase 0 after tl-index 10
Simulation......
总奖励:-21742.57644535722, 速度奖励:-6570.999999999972, 加速度奖励:-4471.776445356358, 交通灯奖励:-8781.799999996307, 与前车进行交互的惩罚:-1918.0000000000855
Episode:12/100, Reward:-21742.57644535722
Episode:12/100, avg speed:9.326649207992286
Episode:12/100, avg halt num:0.3731967213114754
Episode:12/100, avg elec cons:0.3582191794762538
 Retrying in 1 seconds
Warning: Unused states in tlLogic 'J10', program '0' in phase 0 after tl-index 10
Simulation......
总奖励:-14508.711735561872, 速度奖励:-5006.299999999935, 加速度奖励:-4017.711735562326, 交通灯奖励:-4539.70000000033, 与前车进行交互的惩罚:-945.0000000000223
Episode:13/100, Reward:-14508.711735561872
Episode:13/100, avg speed:10.235066039732613
Episode:13/100, avg halt num:0.17048139397519196
Episode:13/100, avg elec cons:0.4473669806048004
 Retrying in 1 seconds
Warning: Unused states in tlLogic 'J10', program '0' in phase 0 after tl-index 10
Simulation......
总奖励:-18710.26246921374, 速度奖励:-6584.049999999961, 加速度奖励:-3813.812469214053, 交通灯奖励:-6583.399999996761, 与前车进行交互的惩罚:-1729.0000000000732
Episode:14/100, Reward:-18710.26246921374
Episode:14/100, avg speed:9.421868115953638
Episode:14/100, avg halt num:0.41359114249037227
Episode:14/100, avg elec cons:0.2590467869339443
 Retrying in 1 seconds
Warning: Unused states in tlLogic 'J10', program '0' in phase 0 after tl-index 10
Simulation......
总奖励:-18611.18759646245, 速度奖励:-6029.999999999953, 加速度奖励:-4127.887596462563, 交通灯奖励:-6843.299999997443, 与前车进行交互的惩罚:-1610.0000000000655
Episode:15/100, Reward:-18611.18759646245
Episode:15/100, avg speed:9.740880189589792
Episode:15/100, avg halt num:0.3931580721267273
Episode:15/100, avg elec cons:0.45239570800538215
 Retrying in 1 seconds
Warning: Unused states in tlLogic 'J10', program '0' in phase 0 after tl-index 10
Simulation......
总奖励:-15063.946073281224, 速度奖励:-5254.799999999959, 加速度奖励:-3603.2460732818795, 交通灯奖励:-4947.29999999895, 与前车进行交互的惩罚:-1258.6000000000427
Episode:16/100, Reward:-15063.946073281224
Episode:16/100, avg speed:9.308085155884473
Episode:16/100, avg halt num:0.27187948350071733
Episode:16/100, avg elec cons:0.6714101685565139
 Retrying in 1 seconds
Warning: Unused states in tlLogic 'J10', program '0' in phase 0 after tl-index 10
Simulation......
总奖励:-35579.294723183964, 速度奖励:-9120.449999999988, 加速度奖励:-5798.244723179546, 交通灯奖励:-16753.19999999491, 与前车进行交互的惩罚:-3907.399999999611
Episode:17/100, Reward:-35579.294723183964
Episode:17/100, avg speed:7.953195673082367
Episode:17/100, avg halt num:0.760659509202454
Episode:17/100, avg elec cons:0.290887565738275
 Retrying in 1 seconds
Warning: Unused states in tlLogic 'J10', program '0' in phase 0 after tl-index 10
Simulation......
总奖励:-46175.23214792894, 速度奖励:-9857.900000000034, 加速度奖励:-9138.732147921364, 交通灯奖励:-22199.500000009102, 与前车进行交互的惩罚:-4979.099999999333
Episode:18/100, Reward:-46175.23214792894
Episode:18/100, avg speed:5.891424281037925
Episode:18/100, avg halt num:1.220679012345679
Episode:18/100, avg elec cons:0.47674851666427903
 Retrying in 1 seconds
Warning: Unused states in tlLogic 'J10', program '0' in phase 0 after tl-index 10
Simulation......
总奖励:-49378.97396409983, 速度奖励:-10123.05000000001, 加速度奖励:-9498.223964091878, 交通灯奖励:-25823.70000001193, 与前车进行交互的惩罚:-3933.999999999604
Episode:19/100, Reward:-49378.97396409983
Episode:19/100, avg speed:7.064486504861799
Episode:19/100, avg halt num:0.9373043206011271
Episode:19/100, avg elec cons:0.30921791470505894
 Retrying in 1 seconds
Warning: Unused states in tlLogic 'J10', program '0' in phase 0 after tl-index 10
Simulation......
总奖励:-46846.98320508184, 速度奖励:-8884.44999999996, 加速度奖励:-10089.633205075337, 交通灯奖励:-22520.000000004664, 与前车进行交互的惩罚:-5352.899999999236
Episode:20/100, Reward:-46846.98320508184
Episode:20/100, avg speed:7.252591049079939
Episode:20/100, avg halt num:0.8402991980259099
Episode:20/100, avg elec cons:0.48495889714662177
 Retrying in 1 seconds
Warning: Unused states in tlLogic 'J10', program '0' in phase 0 after tl-index 10
Simulation......
总奖励:-34648.198863926176, 速度奖励:-5713.999999999885, 加速度奖励:-8953.198863922607, 交通灯奖励:-14915.79999999599, 与前车进行交互的惩罚:-5065.19999999931
Episode:21/100, Reward:-34648.198863926176
Episode:21/100, avg speed:9.085105229911077
Episode:21/100, avg halt num:0.5889065817409767
Episode:21/100, avg elec cons:0.92748685975728
 Retrying in 1 seconds
Warning: Unused states in tlLogic 'J10', program '0' in phase 0 after tl-index 10
Simulation......
总奖励:-31427.381620889995, 速度奖励:-5431.099999999916, 加速度奖励:-9422.381620887136, 交通灯奖励:-12600.699999996446, 与前车进行交互的惩罚:-3973.1999999995937
Episode:22/100, Reward:-31427.381620889995
Episode:22/100, avg speed:8.860257441030251
Episode:22/100, avg halt num:0.6553415061295972
Episode:22/100, avg elec cons:1.0107961082740937
 Retrying in 1 seconds
Warning: Unused states in tlLogic 'J10', program '0' in phase 0 after tl-index 10
Simulation......
总奖励:-28299.650027212323, 速度奖励:-5225.799999999908, 加速度奖励:-7999.250027210088, 交通灯奖励:-11202.19999999711, 与前车进行交互的惩罚:-3872.39999999962
Episode:23/100, Reward:-28299.650027212323
Episode:23/100, avg speed:9.962044488967347
Episode:23/100, avg halt num:0.5520543713314797
Episode:23/100, avg elec cons:0.8844416611237087
 Retrying in 1 seconds
Warning: Unused states in tlLogic 'J10', program '0' in phase 0 after tl-index 10
Simulation......
总奖励:-29213.25601291793, 速度奖励:-5264.199999999868, 加速度奖励:-7769.2560129156245, 交通灯奖励:-11958.799999996174, 与前车进行交互的惩罚:-4220.99999999953
Episode:24/100, Reward:-29213.25601291793
Episode:24/100, avg speed:9.887785128899923
Episode:24/100, avg halt num:0.503161628624306
Episode:24/100, avg elec cons:0.8687354812244052
 Retrying in 1 seconds
Warning: Unused states in tlLogic 'J10', program '0' in phase 0 after tl-index 10
Simulation......
总奖励:-35438.99153848809, 速度奖励:-5882.599999999896, 加速度奖励:-10392.391538483953, 交通灯奖励:-14592.999999995765, 与前车进行交互的惩罚:-4570.999999999439
Episode:25/100, Reward:-35438.99153848809
Episode:25/100, avg speed:9.447061838440119
Episode:25/100, avg halt num:0.602752019144481
Episode:25/100, avg elec cons:0.8650418568621661
 Retrying in 1 seconds
Warning: Unused states in tlLogic 'J10', program '0' in phase 0 after tl-index 10
Simulation......
总奖励:-33926.2942981031, 速度奖励:-5402.1999999998825, 加速度奖励:-10486.194298100723, 交通灯奖励:-13330.399999996336, 与前车进行交互的惩罚:-4707.499999999403
Episode:26/100, Reward:-33926.2942981031
Episode:26/100, avg speed:9.568881410801842
Episode:26/100, avg halt num:0.5215941011235955
Episode:26/100, avg elec cons:0.9581099010759562
 Retrying in 1 seconds
Warning: Unused states in tlLogic 'J10', program '0' in phase 0 after tl-index 10
Simulation......
总奖励:-34095.19229227456, 速度奖励:-5008.09999999993, 加速度奖励:-10524.792292272328, 交通灯奖励:-14257.299999996685, 与前车进行交互的惩罚:-4304.999999999508
Episode:27/100, Reward:-34095.19229227456
Episode:27/100, avg speed:9.807243821140458
Episode:27/100, avg halt num:0.2503207184092367
Episode:27/100, avg elec cons:0.9687567285499838
 Retrying in 1 seconds
Warning: Unused states in tlLogic 'J10', program '0' in phase 0 after tl-index 10
Simulation......
总奖励:-36481.101138199345, 速度奖励:-6234.349999999916, 加速度奖励:-10258.551138196255, 交通灯奖励:-15221.199999995268, 与前车进行交互的惩罚:-4766.999999999388
Episode:28/100, Reward:-36481.101138199345
Episode:28/100, avg speed:7.647992037425124
Episode:28/100, avg halt num:0.603041825095057
Episode:28/100, avg elec cons:0.9207269791509193
 Retrying in 1 seconds
Warning: Unused states in tlLogic 'J10', program '0' in phase 0 after tl-index 10
Simulation......
总奖励:-37356.99424559291, 速度奖励:-6576.949999999917, 加速度奖励:-9433.344245588496, 交通灯奖励:-16476.099999995164, 与前车进行交互的惩罚:-4870.599999999361
Episode:29/100, Reward:-37356.99424559291
Episode:29/100, avg speed:7.990973296916101
Episode:29/100, avg halt num:0.6795446061963419
Episode:29/100, avg elec cons:0.7797564003240889
 Retrying in 1 seconds
Warning: Unused states in tlLogic 'J10', program '0' in phase 0 after tl-index 10
Simulation......
总奖励:-23689.087637748362, 速度奖励:-4423.649999999922, 加速度奖励:-6840.437637747466, 交通灯奖励:-9527.699999997416, 与前车进行交互的惩罚:-2897.2999999998733
Episode:30/100, Reward:-23689.087637748362
Episode:30/100, avg speed:10.871541450563557
Episode:30/100, avg halt num:0.34487512163477135
Episode:30/100, avg elec cons:0.7358905199280718
 Retrying in 1 seconds
Warning: Unused states in tlLogic 'J10', program '0' in phase 0 after tl-index 10
Simulation......
总奖励:-28294.129364039487, 速度奖励:-4313.649999999866, 加速度奖励:-6856.5793640377, 交通灯奖励:-13438.399999997438, 与前车进行交互的惩罚:-3685.4999999996685
Episode:31/100, Reward:-28294.129364039487
Episode:31/100, avg speed:10.790309544599204
Episode:31/100, avg halt num:0.39717453505007155
Episode:31/100, avg elec cons:0.8620869024415869
 Retrying in 1 seconds
Warning: Unused states in tlLogic 'J10', program '0' in phase 0 after tl-index 10
Simulation......
总奖励:-26554.545842927524, 速度奖励:-3887.749999999902, 加速度奖励:-6236.095842926508, 交通灯奖励:-13594.299999997585, 与前车进行交互的惩罚:-2836.399999999889
Episode:32/100, Reward:-26554.545842927524
Episode:32/100, avg speed:11.352409583006436
Episode:32/100, avg halt num:0.2869328493647913
Episode:32/100, avg elec cons:0.848713586569215
 Retrying in 1 seconds
Warning: Unused states in tlLogic 'J10', program '0' in phase 0 after tl-index 10
Simulation......
总奖励:-25698.290049621963, 速度奖励:-3774.549999999923, 加速度奖励:-6360.840049621199, 交通灯奖励:-13081.399999997755, 与前车进行交互的惩罚:-2481.4999999999814
Episode:33/100, Reward:-25698.290049621963
Episode:33/100, avg speed:11.18196477821268
Episode:33/100, avg halt num:0.2602534178059353
Episode:33/100, avg elec cons:0.7817370020151824
 Retrying in 1 seconds
Warning: Unused states in tlLogic 'J10', program '0' in phase 0 after tl-index 10
Simulation......
总奖励:-18572.2824861275, 速度奖励:-3307.599999999902, 加速度奖励:-6096.682486127332, 交通灯奖励:-6947.599999998503, 与前车进行交互的惩罚:-2220.400000000049
Episode:34/100, Reward:-18572.2824861275
Episode:34/100, avg speed:12.142560586291946
Episode:34/100, avg halt num:0.1673864363403711
Episode:34/100, avg elec cons:0.8673981095307396
 Retrying in 1 seconds
Warning: Unused states in tlLogic 'J10', program '0' in phase 0 after tl-index 10
Simulation......
总奖励:-23340.807357969155, 速度奖励:-4038.2999999998992, 加速度奖励:-6616.007357968236, 交通灯奖励:-9017.09999999736, 与前车进行交互的惩罚:-3669.3999999996727
Episode:35/100, Reward:-23340.807357969155
Episode:35/100, avg speed:11.150863031963768
Episode:35/100, avg halt num:0.35636808957312804
Episode:35/100, avg elec cons:0.9115360223960653
 Retrying in 1 seconds
Warning: Unused states in tlLogic 'J10', program '0' in phase 0 after tl-index 10
Simulation......
总奖励:-18789.513203436512, 速度奖励:-3085.1499999999155, 加速度奖励:-6105.463203436625, 交通灯奖励:-7085.89999999843, 与前车进行交互的惩罚:-2512.999999999973
Episode:36/100, Reward:-18789.513203436512
Episode:36/100, avg speed:12.273925974891746
Episode:36/100, avg halt num:0.20379746835443038
Episode:36/100, avg elec cons:1.0888924075768418
 Retrying in 1 seconds
Warning: Unused states in tlLogic 'J10', program '0' in phase 0 after tl-index 10
Simulation......
总奖励:-17530.829740683963, 速度奖励:-2693.4499999999716, 加速度奖励:-5283.979740684199, 交通灯奖励:-7219.599999998757, 与前车进行交互的惩罚:-2333.8000000000197
Episode:37/100, Reward:-17530.829740683963
Episode:37/100, avg speed:13.086134455348585
Episode:37/100, avg halt num:0.2341110217216412
Episode:37/100, avg elec cons:1.6558411907701576
 Retrying in 1 seconds
Warning: Unused states in tlLogic 'J10', program '0' in phase 0 after tl-index 10
Simulation......
总奖励:-28390.86440224616, 速度奖励:-4454.949999999917, 加速度奖励:-7410.014402244626, 交通灯奖励:-12784.39999999693, 与前车进行交互的惩罚:-3741.499999999654
Episode:38/100, Reward:-28390.86440224616
Episode:38/100, avg speed:10.089957660675797
Episode:38/100, avg halt num:0.3446567586694975
Episode:38/100, avg elec cons:0.9243498734699115
 Retrying in 1 seconds
Warning: Unused states in tlLogic 'J10', program '0' in phase 0 after tl-index 10
Simulation......
总奖励:-14660.496335255562, 速度奖励:-2832.299999999953, 加速度奖励:-5645.0963352559675, 交通灯奖励:-4766.999999999988, 与前车进行交互的惩罚:-1416.100000000053
Episode:39/100, Reward:-14660.496335255562
Episode:39/100, avg speed:12.901839862783257
Episode:39/100, avg halt num:0.1549090284929626
Episode:39/100, avg elec cons:1.4327308204451719
 Retrying in 1 seconds
Warning: Unused states in tlLogic 'J10', program '0' in phase 0 after tl-index 10
Simulation......
总奖励:-22083.329328539072, 速度奖励:-2876.449999999974, 加速度奖励:-5958.579328538879, 交通灯奖励:-10773.099999998454, 与前车进行交互的惩罚:-2475.199999999983
Episode:40/100, Reward:-22083.329328539072
Episode:40/100, avg speed:13.02822533560353
Episode:40/100, avg halt num:0.26344743276283616
Episode:40/100, avg elec cons:1.260372009651662
 Retrying in 1 seconds
Warning: Unused states in tlLogic 'J10', program '0' in phase 0 after tl-index 10
Simulation......
总奖励:-18941.649319195025, 速度奖励:-4100.4999999999145, 加速度奖励:-5062.749319195357, 交通灯奖励:-7688.899999997649, 与前车进行交互的惩罚:-2089.500000000083
Episode:41/100, Reward:-18941.649319195025
Episode:41/100, avg speed:11.109866121591182
Episode:41/100, avg halt num:0.26888772298006297
Episode:41/100, avg elec cons:0.7929479652907838
 Retrying in 1 seconds
Warning: Unused states in tlLogic 'J10', program '0' in phase 0 after tl-index 10
Simulation......
总奖励:-9536.928495121612, 速度奖励:-3141.199999999938, 加速度奖励:-3373.828495121831, 交通灯奖励:-2233.000000000831, 与前车进行交互的惩罚:-788.9000000000121
Episode:42/100, Reward:-9536.928495121612
Episode:42/100, avg speed:12.342358664580757
Episode:42/100, avg halt num:0.11397889977392615
Episode:42/100, avg elec cons:0.9945279815105084
 Retrying in 1 seconds
Warning: Unused states in tlLogic 'J10', program '0' in phase 0 after tl-index 10
Simulation......
总奖励:-7807.300542376456, 速度奖励:-2384.05, 加速度奖励:-3314.4505423765368, 交通灯奖励:-1685.300000000252, 与前车进行交互的惩罚:-423.49999999999557
Episode:43/100, Reward:-7807.300542376456
Episode:43/100, avg speed:13.330692161294381
Episode:43/100, avg halt num:0.06647173489278753
Episode:43/100, avg elec cons:1.3495092551158323
 Retrying in 1 seconds
Warning: Unused states in tlLogic 'J10', program '0' in phase 0 after tl-index 10
Simulation......
总奖励:-7323.222922274432, 速度奖励:-2412.600000000003, 加速度奖励:-3611.022922274547, 交通灯奖励:-894.2999999999196, 与前车进行交互的惩罚:-405.29999999999586
Episode:44/100, Reward:-7323.222922274432
Episode:44/100, avg speed:13.838120453222883
Episode:44/100, avg halt num:0.028754578754578753
Episode:44/100, avg elec cons:1.389723035843719
 Retrying in 1 seconds
Warning: Unused states in tlLogic 'J10', program '0' in phase 0 after tl-index 10
Simulation......
总奖励:-8901.991228916835, 速度奖励:-2926.2999999999793, 加速度奖励:-4149.891228916955, 交通灯奖励:-1180.4000000000883, 与前车进行交互的惩罚:-645.4000000000028
Episode:45/100, Reward:-8901.991228916835
Episode:45/100, avg speed:12.343326194120658
Episode:45/100, avg halt num:0.041906958861976165
Episode:45/100, avg elec cons:1.2458680442475725
 Retrying in 1 seconds
Warning: Unused states in tlLogic 'J10', program '0' in phase 0 after tl-index 10
Simulation......
总奖励:-9386.56634373752, 速度奖励:-2975.74999999994, 加速度奖励:-4053.8163437376793, 交通灯奖励:-1413.400000000178, 与前车进行交互的惩罚:-943.6000000000222
Episode:46/100, Reward:-9386.56634373752
Episode:46/100, avg speed:13.131675901574402
Episode:46/100, avg halt num:0.03029326458266194
Episode:46/100, avg elec cons:1.0457053157219296
 Retrying in 1 seconds
Warning: Unused states in tlLogic 'J10', program '0' in phase 0 after tl-index 10
Simulation......
总奖励:-10156.808336874412, 速度奖励:-3589.549999999942, 加速度奖励:-4046.258336874515, 交通灯奖励:-1540.3000000002003, 与前车进行交互的惩罚:-980.7000000000246
Episode:47/100, Reward:-10156.808336874412
Episode:47/100, avg speed:11.42393509027356
Episode:47/100, avg halt num:0.08491620111731843
Episode:47/100, avg elec cons:1.1378974167015796
 Retrying in 1 seconds
Warning: Unused states in tlLogic 'J10', program '0' in phase 0 after tl-index 10
Simulation......
总奖励:-16147.339489063987, 速度奖励:-5310.699999999957, 加速度奖励:-4552.539489064528, 交通灯奖励:-4620.199999999505, 与前车进行交互的惩罚:-1663.900000000069
Episode:48/100, Reward:-16147.339489063987
Episode:48/100, avg speed:9.840542105985712
Episode:48/100, avg halt num:0.2762565641410353
Episode:48/100, avg elec cons:0.48040322733138163
 Retrying in 1 seconds
Warning: Unused states in tlLogic 'J10', program '0' in phase 0 after tl-index 10
Simulation......
总奖励:-12718.07526042154, 速度奖励:-4663.699999999929, 加速度奖励:-3749.475260421867, 交通灯奖励:-3489.4000000011147, 与前车进行交互的惩罚:-815.5000000000139
Episode:49/100, Reward:-12718.07526042154
Episode:49/100, avg speed:10.976814515975654
Episode:49/100, avg halt num:0.14735249621785174
Episode:49/100, avg elec cons:0.4966605939794097
 Retrying in 1 seconds
Warning: Unused states in tlLogic 'J10', program '0' in phase 0 after tl-index 10
Simulation......
总奖励:-10654.369103814606, 速度奖励:-4306.949999999942, 加速度奖励:-3321.319103814729, 交通灯奖励:-2236.50000000082, 与前车进行交互的惩罚:-789.6000000000122
Episode:50/100, Reward:-10654.369103814606
Episode:50/100, avg speed:11.074321946655727
Episode:50/100, avg halt num:0.06788793103448276
Episode:50/100, avg elec cons:0.4824324156584878
 Retrying in 1 seconds
Warning: Unused states in tlLogic 'J10', program '0' in phase 0 after tl-index 10
Simulation......
总奖励:-13466.252771916434, 速度奖励:-4614.299999999923, 加速度奖励:-3838.4527719167186, 交通灯奖励:-3953.7000000009243, 与前车进行交互的惩罚:-1059.8000000000297
Episode:51/100, Reward:-13466.252771916434
Episode:51/100, avg speed:11.132388521178632
Episode:51/100, avg halt num:0.097109375
Episode:51/100, avg elec cons:0.42657906073082935
 Retrying in 1 seconds
Warning: Unused states in tlLogic 'J10', program '0' in phase 0 after tl-index 10
Simulation......
总奖励:-17351.74014955121, 速度奖励:-5506.2499999999345, 加速度奖励:-4289.790149551825, 交通灯奖励:-5885.499999997375, 与前车进行交互的惩罚:-1670.2000000000694
Episode:52/100, Reward:-17351.74014955121
Episode:52/100, avg speed:10.212262547081778
Episode:52/100, avg halt num:0.2817321178120617
Episode:52/100, avg elec cons:0.43757964094370905
 Retrying in 1 seconds
Warning: Unused states in tlLogic 'J10', program '0' in phase 0 after tl-index 10
Simulation......
总奖励:-9545.333941652354, 速度奖励:-4158.599999999955, 加速度奖励:-2842.2339416524983, 交通灯奖励:-1663.2000000005164, 与前车进行交互的惩罚:-881.3000000000181
Episode:53/100, Reward:-9545.333941652354
Episode:53/100, avg speed:10.649268760383615
Episode:53/100, avg halt num:0.0795751633986928
Episode:53/100, avg elec cons:0.4725980865050833
 Retrying in 1 seconds
Warning: Unused states in tlLogic 'J10', program '0' in phase 0 after tl-index 10
Simulation......
总奖励:-12093.445824208093, 速度奖励:-4799.599999999928, 加速度奖励:-3436.4458242085825, 交通灯奖励:-2759.8000000008856, 与前车进行交互的惩罚:-1097.6000000000322
Episode:54/100, Reward:-12093.445824208093
Episode:54/100, avg speed:10.424338381447983
Episode:54/100, avg halt num:0.18733638743455497
Episode:54/100, avg elec cons:0.4158697133145064
 Retrying in 1 seconds
Warning: Unused states in tlLogic 'J10', program '0' in phase 0 after tl-index 10
Simulation......
总奖励:-13755.111085068, 速度奖励:-5166.74999999993, 加速度奖励:-3468.7610850685824, 交通灯奖励:-3735.000000000976, 与前车进行交互的惩罚:-1384.6000000000508
Episode:55/100, Reward:-13755.111085068
Episode:55/100, avg speed:9.207802116753783
Episode:55/100, avg halt num:0.3490779074143771
Episode:55/100, avg elec cons:0.45560532116832864
 Retrying in 1 seconds
Warning: Unused states in tlLogic 'J10', program '0' in phase 0 after tl-index 10
Simulation......
总奖励:-12391.947379221967, 速度奖励:-4712.349999999938, 加速度奖励:-3162.1973792222393, 交通灯奖励:-3546.50000000111, 与前车进行交互的惩罚:-970.900000000024
Episode:56/100, Reward:-12391.947379221967
Episode:56/100, avg speed:10.292264594794766
Episode:56/100, avg halt num:0.16744386873920553
Episode:56/100, avg elec cons:0.4450515687496176
 Retrying in 1 seconds
Warning: Unused states in tlLogic 'J10', program '0' in phase 0 after tl-index 10
Simulation......
总奖励:-10949.307535578415, 速度奖励:-4710.999999999947, 加速度奖励:-3078.5075355787067, 交通灯奖励:-2279.9000000007727, 与前车进行交互的惩罚:-879.900000000018
Episode:57/100, Reward:-10949.307535578415
Episode:57/100, avg speed:9.53824656271051
Episode:57/100, avg halt num:0.17539468617635734
Episode:57/100, avg elec cons:0.47953382887426654
 Retrying in 1 seconds
Warning: Unused states in tlLogic 'J10', program '0' in phase 0 after tl-index 10
Simulation......
总奖励:-13371.25842535309, 速度奖励:-5264.199999999937, 加速度奖励:-3321.458425353639, 交通灯奖励:-3461.900000001261, 与前车进行交互的惩罚:-1323.7000000000469
Episode:58/100, Reward:-13371.25842535309
Episode:58/100, avg speed:8.907178671725287
Episode:58/100, avg halt num:0.3231520490233627
Episode:58/100, avg elec cons:0.4128181328075053
 Retrying in 1 seconds
Warning: Unused states in tlLogic 'J10', program '0' in phase 0 after tl-index 10
Simulation......
总奖励:-10935.723458151306, 速度奖励:-4474.849999999951, 加速度奖励:-2688.7734581514646, 交通灯奖励:-2752.900000000871, 与前车进行交互的惩罚:-1019.2000000000271
Episode:59/100, Reward:-10935.723458151306
Episode:59/100, avg speed:10.58272846490638
Episode:59/100, avg halt num:0.10144529820709842
Episode:59/100, avg elec cons:0.45195067624443874
 Retrying in 1 seconds
Warning: Unused states in tlLogic 'J10', program '0' in phase 0 after tl-index 10
Simulation......
总奖励:-8832.92373124351, 速度奖励:-4267.449999999948, 加速度奖励:-2437.673731243601, 交通灯奖励:-1315.1000000002446, 与前车进行交互的惩罚:-812.7000000000137
Episode:60/100, Reward:-8832.92373124351
Episode:60/100, avg speed:11.170866935948386
Episode:60/100, avg halt num:0.08067092651757188
Episode:60/100, avg elec cons:0.42467426711403483
 Retrying in 1 seconds
Warning: Unused states in tlLogic 'J10', program '0' in phase 0 after tl-index 10
Simulation......
总奖励:-16551.482745046476, 速度奖励:-5879.6499999999405, 加速度奖励:-3272.0327450471013, 交通灯奖励:-5794.699999997161, 与前车进行交互的惩罚:-1605.1000000000652
Episode:61/100, Reward:-16551.482745046476
Episode:61/100, avg speed:9.205812267736716
Episode:61/100, avg halt num:0.42001897533206833
Episode:61/100, avg elec cons:0.43732880660386725
 Retrying in 1 seconds
Warning: Unused states in tlLogic 'J10', program '0' in phase 0 after tl-index 10
Simulation......
总奖励:-10834.69032438933, 速度奖励:-4830.1999999999425, 加速度奖励:-2725.49032438964, 交通灯奖励:-2517.400000000699, 与前车进行交互的惩罚:-761.6000000000104
Episode:62/100, Reward:-10834.69032438933
Episode:62/100, avg speed:10.322912697196525
Episode:62/100, avg halt num:0.1835327351279495
Episode:62/100, avg elec cons:0.3773440120647476
 Retrying in 1 seconds
Warning: Unused states in tlLogic 'J10', program '0' in phase 0 after tl-index 10
Simulation......
总奖励:-10254.809806716716, 速度奖励:-4418.799999999947, 加速度奖励:-2761.909806716906, 交通灯奖励:-2390.9000000007977, 与前车进行交互的惩罚:-683.2000000000053
Episode:63/100, Reward:-10254.809806716716
Episode:63/100, avg speed:11.291499127028692
Episode:63/100, avg halt num:0.10529157667386609
Episode:63/100, avg elec cons:0.4098652004052998
 Retrying in 1 seconds
Warning: Unused states in tlLogic 'J10', program '0' in phase 0 after tl-index 10
Simulation......
总奖励:-11997.662931287286, 速度奖励:-4722.549999999944, 加速度奖励:-3420.812931287776, 交通灯奖励:-3152.9000000009232, 与前车进行交互的惩罚:-701.4000000000065
Episode:64/100, Reward:-11997.662931287286
Episode:64/100, avg speed:9.76407912624578
Episode:64/100, avg halt num:0.23959074733096086
Episode:64/100, avg elec cons:0.5370373417411993
 Retrying in 1 seconds
Warning: Unused states in tlLogic 'J10', program '0' in phase 0 after tl-index 10
Simulation......
总奖励:-9622.449811015416, 速度奖励:-4003.699999999933, 加速度奖励:-2822.849811015551, 交通灯奖励:-2421.400000000813, 与前车进行交互的惩罚:-374.49999999999636
Episode:65/100, Reward:-9622.449811015416
Episode:65/100, avg speed:11.053412697057833
Episode:65/100, avg halt num:0.0868141592920354
Episode:65/100, avg elec cons:0.6622922118181672
 Retrying in 1 seconds
Warning: Unused states in tlLogic 'J10', program '0' in phase 0 after tl-index 10
Simulation......
总奖励:-7733.033148854094, 速度奖励:-3808.1999999999407, 加速度奖励:-2005.0331488541694, 交通灯奖励:-1515.9000000004016, 与前车进行交互的惩罚:-403.8999999999959
Episode:66/100, Reward:-7733.033148854094
Episode:66/100, avg speed:12.521588728776926
Episode:66/100, avg halt num:0.06836544437538844
Episode:66/100, avg elec cons:0.535385744714254
 Retrying in 1 seconds
Warning: Unused states in tlLogic 'J10', program '0' in phase 0 after tl-index 10
Simulation......
总奖励:-8429.083439881197, 速度奖励:-4188.599999999948, 加速度奖励:-2036.6834398813596, 交通灯奖励:-1678.8000000006782, 与前车进行交互的惩罚:-524.999999999995
Episode:67/100, Reward:-8429.083439881197
Episode:67/100, avg speed:11.779120297089376
Episode:67/100, avg halt num:0.11073500967117988
Episode:67/100, avg elec cons:0.4486529457778676
 Retrying in 1 seconds
Warning: Unused states in tlLogic 'J10', program '0' in phase 0 after tl-index 10
Simulation......
总奖励:-7659.940932875352, 速度奖励:-4038.3499999999417, 加速度奖励:-1789.6909328754025, 交通灯奖励:-1374.1000000001964, 与前车进行交互的惩罚:-457.799999999995
Episode:68/100, Reward:-7659.940932875352
Episode:68/100, avg speed:11.55223400011952
Episode:68/100, avg halt num:0.05241935483870968
Episode:68/100, avg elec cons:0.41818751595856823
 Retrying in 1 seconds
Warning: Unused states in tlLogic 'J10', program '0' in phase 0 after tl-index 10
Simulation......
总奖励:-8099.898233095294, 速度奖励:-4281.799999999948, 加速度奖励:-1978.2982330953964, 交通灯奖励:-1312.0000000002374, 与前车进行交互的惩罚:-527.7999999999952
Episode:69/100, Reward:-8099.898233095294
Episode:69/100, avg speed:11.053158816051656
Episode:69/100, avg halt num:0.07216028924374812
Episode:69/100, avg elec cons:0.38820951731769987
 Retrying in 1 seconds
Warning: Unused states in tlLogic 'J10', program '0' in phase 0 after tl-index 10
Simulation......
总奖励:-9668.83249934012, 速度奖励:-4797.549999999961, 加速度奖励:-2077.8824993406465, 交通灯奖励:-2185.100000001002, 与前车进行交互的惩罚:-608.3000000000004
Episode:70/100, Reward:-9668.83249934012
Episode:70/100, avg speed:10.083861503652495
Episode:70/100, avg halt num:0.1790785736825497
Episode:70/100, avg elec cons:0.34105078451326903
 Retrying in 1 seconds
Warning: Unused states in tlLogic 'J10', program '0' in phase 0 after tl-index 10
Simulation......
总奖励:-7935.6311731262895, 速度奖励:-3807.4499999999216, 加速度奖励:-2047.3811731263595, 交通灯奖励:-1742.700000000541, 与前车进行交互的惩罚:-338.09999999999695
Episode:71/100, Reward:-7935.6311731262895
Episode:71/100, avg speed:11.926385397270547
Episode:71/100, avg halt num:0.05820919689119171
Episode:71/100, avg elec cons:0.649796932651722
 Retrying in 1 seconds
Warning: Unused states in tlLogic 'J10', program '0' in phase 0 after tl-index 10
Simulation......
总奖励:-6867.862446029512, 速度奖励:-3767.8999999999623, 加速度奖励:-1738.9624460296047, 交通灯奖励:-1026.3999999997595, 与前车进行交互的惩罚:-334.599999999997
Episode:72/100, Reward:-6867.862446029512
Episode:72/100, avg speed:10.765353924782554
Episode:72/100, avg halt num:0.05621301775147929
Episode:72/100, avg elec cons:0.5937752738043656
 Retrying in 1 seconds
Warning: Unused states in tlLogic 'J10', program '0' in phase 0 after tl-index 10
Simulation......
总奖励:-10960.330660224683, 速度奖励:-5089.499999999963, 加速度奖励:-2404.230660225121, 交通灯奖励:-2728.8000000009934, 与前车进行交互的惩罚:-737.8000000000088
Episode:73/100, Reward:-10960.330660224683
Episode:73/100, avg speed:10.190769581660966
Episode:73/100, avg halt num:0.19517795637198623
Episode:73/100, avg elec cons:0.2750233369839794
 Retrying in 1 seconds
Warning: Unused states in tlLogic 'J10', program '0' in phase 0 after tl-index 10
Simulation......
总奖励:-15691.145553108512, 速度奖励:-5784.499999999945, 加速度奖励:-2887.4455531091194, 交通灯奖励:-5620.599999997805, 与前车进行交互的惩罚:-1398.6000000000518
Episode:74/100, Reward:-15691.145553108512
Episode:74/100, avg speed:10.650711303534134
Episode:74/100, avg halt num:0.3314894319682959
Episode:74/100, avg elec cons:0.3128389995259914
 Retrying in 1 seconds
Warning: Unused states in tlLogic 'J10', program '0' in phase 0 after tl-index 10
Simulation......
总奖励:-12276.600253351033, 速度奖励:-5637.049999999976, 加速度奖励:-2189.3502533516553, 交通灯奖励:-3537.4000000012124, 与前车进行交互的惩罚:-912.8000000000202
Episode:75/100, Reward:-12276.600253351033
Episode:75/100, avg speed:10.189543106740784
Episode:75/100, avg halt num:0.27595455979804356
Episode:75/100, avg elec cons:0.2715992509830047
 Retrying in 1 seconds
Warning: Unused states in tlLogic 'J10', program '0' in phase 0 after tl-index 10
Simulation......
总奖励:-15254.549661394483, 速度奖励:-5861.79999999995, 加速度奖励:-2727.6496613951, 交通灯奖励:-5538.7999999979465, 与前车进行交互的惩罚:-1126.300000000034
Episode:76/100, Reward:-15254.549661394483
Episode:76/100, avg speed:9.267592046857043
Episode:76/100, avg halt num:0.40605828220858897
Episode:76/100, avg elec cons:0.3587993537028471
 Retrying in 1 seconds
Warning: Unused states in tlLogic 'J10', program '0' in phase 0 after tl-index 10
Simulation......
总奖励:-13639.149074987432, 速度奖励:-5585.349999999965, 加速度奖励:-2361.399074988095, 交通灯奖励:-4591.999999999702, 与前车进行交互的惩罚:-1100.4000000000324
Episode:77/100, Reward:-13639.149074987432
Episode:77/100, avg speed:9.747548381855099
Episode:77/100, avg halt num:0.37222838137472286
Episode:77/100, avg elec cons:0.36058212574234677
 Retrying in 1 seconds
Warning: Unused states in tlLogic 'J10', program '0' in phase 0 after tl-index 10
Simulation......
总奖励:-9060.262317658395, 速度奖励:-4595.849999999952, 加速度奖励:-1622.0123176586608, 交通灯奖励:-2286.6000000008717, 与前车进行交互的惩罚:-555.799999999997
Episode:78/100, Reward:-9060.262317658395
Episode:78/100, avg speed:10.1663888113422
Episode:78/100, avg halt num:0.21391850723533892
Episode:78/100, avg elec cons:0.463122948112927
 Retrying in 1 seconds
Warning: Unused states in tlLogic 'J10', program '0' in phase 0 after tl-index 10
Simulation......
总奖励:-8217.50571373501, 速度奖励:-4416.399999999939, 加速度奖励:-1546.9057137351651, 交通灯奖励:-1741.1000000006234, 与前车进行交互的惩罚:-513.0999999999942
Episode:79/100, Reward:-8217.50571373501
Episode:79/100, avg speed:10.484593400852138
Episode:79/100, avg halt num:0.15233180428134557
Episode:79/100, avg elec cons:0.5035876077012621
 Retrying in 1 seconds
Warning: Unused states in tlLogic 'J10', program '0' in phase 0 after tl-index 10
Simulation......
总奖励:-12564.105979436985, 速度奖励:-5175.549999999955, 加速度奖励:-3008.955979437679, 交通灯奖励:-3600.5000000012033, 与前车进行交互的惩罚:-779.1000000000115
Episode:80/100, Reward:-12564.105979436985
Episode:80/100, avg speed:9.778953638494912
Episode:80/100, avg halt num:0.26860622462787553
Episode:80/100, avg elec cons:0.3762559010601756
 Retrying in 1 seconds
Warning: Unused states in tlLogic 'J10', program '0' in phase 0 after tl-index 10
Simulation......
总奖励:-11894.58819701048, 速度奖励:-4599.649999999947, 加速度奖励:-3588.338197010708, 交通灯奖励:-2788.900000001075, 与前车进行交互的惩罚:-917.7000000000205
Episode:81/100, Reward:-11894.58819701048
Episode:81/100, avg speed:10.318786157415783
Episode:81/100, avg halt num:0.12664532194948416
Episode:81/100, avg elec cons:0.4707317990930596
 Retrying in 1 seconds
Warning: Unused states in tlLogic 'J10', program '0' in phase 0 after tl-index 10
Simulation......
总奖励:-18212.977970582513, 速度奖励:-4683.399999999929, 加速度奖励:-6432.4779705826495, 交通灯奖励:-4717.099999999818, 与前车进行交互的惩罚:-2380.0000000000077
Episode:82/100, Reward:-18212.977970582513
Episode:82/100, avg speed:10.118068415032305
Episode:82/100, avg halt num:0.23962373933281614
Episode:82/100, avg elec cons:0.8289737482502345
 Retrying in 1 seconds
Warning: Unused states in tlLogic 'J10', program '0' in phase 0 after tl-index 10
Simulation......
总奖励:-36834.01266352198, 速度奖励:-6984.649999999938, 加速度奖励:-11703.762663518144, 交通灯奖励:-14518.899999994916, 与前车进行交互的惩罚:-3626.6999999996838
Episode:83/100, Reward:-36834.01266352198
Episode:83/100, avg speed:8.848821572402308
Episode:83/100, avg halt num:0.5676274944567627
Episode:83/100, avg elec cons:0.578344292949802
 Retrying in 1 seconds
Warning: Unused states in tlLogic 'J10', program '0' in phase 0 after tl-index 10
Simulation......
总奖励:-29429.286146296527, 速度奖励:-6365.249999999969, 加速度奖励:-10474.736146294534, 交通灯奖励:-9948.89999999661, 与前车进行交互的惩罚:-2640.39999999994
Episode:84/100, Reward:-29429.286146296527
Episode:84/100, avg speed:7.736924581363366
Episode:84/100, avg halt num:0.46228950197061985
Episode:84/100, avg elec cons:0.5677555006518505
 Retrying in 1 seconds
Warning: Unused states in tlLogic 'J10', program '0' in phase 0 after tl-index 10
Simulation......
总奖励:-41449.877819230984, 速度奖励:-7948.099999999948, 加速度奖励:-14386.977819226979, 交通灯奖励:-15461.499999994321, 与前车进行交互的惩罚:-3653.299999999677
Episode:85/100, Reward:-41449.877819230984
Episode:85/100, avg speed:7.731310295686988
Episode:85/100, avg halt num:0.6154900064474532
Episode:85/100, avg elec cons:0.49745289845987223
 Retrying in 1 seconds
Warning: Unused states in tlLogic 'J10', program '0' in phase 0 after tl-index 10
Simulation......
总奖励:-23112.058574708808, 速度奖励:-5779.799999999927, 加速度奖励:-8202.158574707864, 交通灯奖励:-6950.999999996775, 与前车进行交互的惩罚:-2179.10000000006
Episode:86/100, Reward:-23112.058574708808
Episode:86/100, avg speed:9.439528446368039
Episode:86/100, avg halt num:0.31951832151300236
Episode:86/100, avg elec cons:0.45750830572320644
 Retrying in 1 seconds
Warning: Unused states in tlLogic 'J10', program '0' in phase 0 after tl-index 10
Simulation......
总奖励:-29981.54965369016, 速度奖励:-7076.949999999965, 加速度奖励:-9021.59965368778, 交通灯奖励:-11425.999999995964, 与前车进行交互的惩罚:-2456.9999999999877
Episode:87/100, Reward:-29981.54965369016
Episode:87/100, avg speed:8.058013449314117
Episode:87/100, avg halt num:0.5682160331200602
Episode:87/100, avg elec cons:0.46780424592095643
 Retrying in 1 seconds
Warning: Unused states in tlLogic 'J10', program '0' in phase 0 after tl-index 10
Simulation......
总奖励:-38655.28506568388, 速度奖励:-8133.199999999975, 加速度奖励:-12066.385065680948, 交通灯奖励:-15512.19999999472, 与前车进行交互的惩罚:-2943.4999999998613
Episode:88/100, Reward:-38655.28506568388
Episode:88/100, avg speed:8.247506598351428
Episode:88/100, avg halt num:0.5182237429336507
Episode:88/100, avg elec cons:0.36176341873971773
 Retrying in 1 seconds
Warning: Unused states in tlLogic 'J10', program '0' in phase 0 after tl-index 10
Simulation......
总奖励:-23372.64474815704, 速度奖励:-5400.799999999969, 加速度奖励:-9103.14474815674, 交通灯奖励:-7404.999999997994, 与前车进行交互的惩罚:-1463.700000000056
Episode:89/100, Reward:-23372.64474815704
Episode:89/100, avg speed:8.867721926714507
Episode:89/100, avg halt num:0.11155378486055777
Episode:89/100, avg elec cons:0.5340010538454354
 Retrying in 1 seconds
Warning: Unused states in tlLogic 'J10', program '0' in phase 0 after tl-index 10
Simulation......
总奖励:-22913.58607111637, 速度奖励:-6106.199999999954, 加速度奖励:-7236.486071116094, 交通灯奖励:-7500.299999997289, 与前车进行交互的惩罚:-2070.600000000088
Episode:90/100, Reward:-22913.58607111637
Episode:90/100, avg speed:8.816075038239205
Episode:90/100, avg halt num:0.3583776595744681
Episode:90/100, avg elec cons:0.45377583415918804
 Retrying in 1 seconds
Warning: Unused states in tlLogic 'J10', program '0' in phase 0 after tl-index 10
Simulation......
总奖励:-20954.548485552503, 速度奖励:-4702.299999999954, 加速度奖励:-6699.248485552277, 交通灯奖励:-8659.099999998434, 与前车进行交互的惩罚:-893.900000000019
Episode:91/100, Reward:-20954.548485552503
Episode:91/100, avg speed:10.02578781922337
Episode:91/100, avg halt num:0.15318181818181817
Episode:91/100, avg elec cons:0.565023190607662
 Retrying in 1 seconds
Warning: Unused states in tlLogic 'J10', program '0' in phase 0 after tl-index 10
Simulation......
总奖励:-16575.21598692274, 速度奖励:-4174.649999999935, 加速度奖励:-4962.765986923137, 交通灯奖励:-6720.299999998174, 与前车进行交互的惩罚:-717.5000000000075
Episode:92/100, Reward:-16575.21598692274
Episode:92/100, avg speed:10.277779384542752
Episode:92/100, avg halt num:0.11330003699593044
Episode:92/100, avg elec cons:0.8509554088798644
 Retrying in 1 seconds
Warning: Unused states in tlLogic 'J10', program '0' in phase 0 after tl-index 10
Simulation......
总奖励:-12295.513360140032, 速度奖励:-3587.149999999949, 加速度奖励:-4201.963360140356, 交通灯奖励:-3555.1000000008275, 与前车进行交互的惩罚:-951.3000000000227
Episode:93/100, Reward:-12295.513360140032
Episode:93/100, avg speed:11.564914308390819
Episode:93/100, avg halt num:0.1272365805168986
Episode:93/100, avg elec cons:0.8411116609115489
 Retrying in 1 seconds
Warning: Unused states in tlLogic 'J10', program '0' in phase 0 after tl-index 10
Simulation......
总奖励:-20281.378744165635, 速度奖励:-6185.099999999955, 加速度奖励:-5331.478744165582, 交通灯奖励:-7051.199999997695, 与前车进行交互的惩罚:-1713.6000000000722
Episode:94/100, Reward:-20281.378744165635
Episode:94/100, avg speed:9.587608120847596
Episode:94/100, avg halt num:0.3337301587301587
Episode:94/100, avg elec cons:0.362786169220293
 Retrying in 1 seconds
Warning: Unused states in tlLogic 'J10', program '0' in phase 0 after tl-index 10
Simulation......
总奖励:-31772.202035205693, 速度奖励:-7239.04999999997, 加速度奖励:-9587.952035203842, 交通灯奖励:-12200.499999995267, 与前车进行交互的惩罚:-2744.699999999913
Episode:95/100, Reward:-31772.202035205693
Episode:95/100, avg speed:8.27946688886777
Episode:95/100, avg halt num:0.4582716506291636
Episode:95/100, avg elec cons:0.43383497805805704
 Retrying in 1 seconds
Warning: Unused states in tlLogic 'J10', program '0' in phase 0 after tl-index 10
Simulation......
总奖励:-10904.865303037726, 速度奖励:-4102.549999999938, 加速度奖励:-3542.315303037961, 交通灯奖励:-2163.100000000773, 与前车进行交互的惩罚:-1096.9000000000322
Episode:96/100, Reward:-10904.865303037726
Episode:96/100, avg speed:10.723052063326326
Episode:96/100, avg halt num:0.06394467601364152
Episode:96/100, avg elec cons:0.56957086094462
 Retrying in 1 seconds
Warning: Unused states in tlLogic 'J10', program '0' in phase 0 after tl-index 10
Simulation......
总奖励:-8944.050673225329, 速度奖励:-3936.3999999999296, 加速度奖励:-2429.750673225509, 交通灯奖励:-1785.5000000007774, 与前车进行交互的惩罚:-792.4000000000124
Episode:97/100, Reward:-8944.050673225329
Episode:97/100, avg speed:11.37199319303487
Episode:97/100, avg halt num:0.12203519510328997
Episode:97/100, avg elec cons:0.5806629131347044
 Retrying in 1 seconds
Warning: Unused states in tlLogic 'J10', program '0' in phase 0 after tl-index 10
Simulation......
总奖励:-9973.24329788814, 速度奖励:-4413.999999999955, 加速度奖励:-2996.343297888449, 交通灯奖励:-1850.3000000006405, 与前车进行交互的惩罚:-712.6000000000072
Episode:98/100, Reward:-9973.24329788814
Episode:98/100, avg speed:9.736939105106657
Episode:98/100, avg halt num:0.15064467197573
Episode:98/100, avg elec cons:0.46428226432418346
 Retrying in 1 seconds
Warning: Unused states in tlLogic 'J10', program '0' in phase 0 after tl-index 10
Simulation......
总奖励:-7869.352263823499, 速度奖励:-3627.3999999999533, 加速度奖励:-2430.652263823627, 交通灯奖励:-1080.4999999997776, 与前车进行交互的惩罚:-730.8000000000084
Episode:99/100, Reward:-7869.352263823499
Episode:99/100, avg speed:12.212926229410273
Episode:99/100, avg halt num:0.05120995228357191
Episode:99/100, avg elec cons:0.6364215356288426
 Retrying in 1 seconds
Warning: Unused states in tlLogic 'J10', program '0' in phase 0 after tl-index 10
Simulation......
总奖励:-7381.312123419081, 速度奖励:-3466.0499999999633, 加速度奖励:-1855.7621234192134, 交通灯奖励:-1393.8000000003763, 与前车进行交互的惩罚:-665.7000000000041
Episode:100/100, Reward:-7381.312123419081
Episode:100/100, avg speed:12.799937996834085
Episode:100/100, avg halt num:0.09352037408149633
Episode:100/100, avg elec cons:0.7131570563857111
model saved successfully!
Complete training!
final reward list:[-49341.53955530272, -42389.98181766879, -19264.66654605519, -9896.359876979004, -8634.968580731418, -10559.28416882796, -12845.589789833151, -11260.228224000975, -11264.450726001854, -18155.376412525886, -18421.727312349685, -21742.57644535722, -14508.711735561872, -18710.26246921374, -18611.18759646245, -15063.946073281224, -35579.294723183964, -46175.23214792894, -49378.97396409983, -46846.98320508184, -34648.198863926176, -31427.381620889995, -28299.650027212323, -29213.25601291793, -35438.99153848809, -33926.2942981031, -34095.19229227456, -36481.101138199345, -37356.99424559291, -23689.087637748362, -28294.129364039487, -26554.545842927524, -25698.290049621963, -18572.2824861275, -23340.807357969155, -18789.513203436512, -17530.829740683963, -28390.86440224616, -14660.496335255562, -22083.329328539072, -18941.649319195025, -9536.928495121612, -7807.300542376456, -7323.222922274432, -8901.991228916835, -9386.56634373752, -10156.808336874412, -16147.339489063987, -12718.07526042154, -10654.369103814606, -13466.252771916434, -17351.74014955121, -9545.333941652354, -12093.445824208093, -13755.111085068, -12391.947379221967, -10949.307535578415, -13371.25842535309, -10935.723458151306, -8832.92373124351, -16551.482745046476, -10834.69032438933, -10254.809806716716, -11997.662931287286, -9622.449811015416, -7733.033148854094, -8429.083439881197, -7659.940932875352, -8099.898233095294, -9668.83249934012, -7935.6311731262895, -6867.862446029512, -10960.330660224683, -15691.145553108512, -12276.600253351033, -15254.549661394483, -13639.149074987432, -9060.262317658395, -8217.50571373501, -12564.105979436985, -11894.58819701048, -18212.977970582513, -36834.01266352198, -29429.286146296527, -41449.877819230984, -23112.058574708808, -29981.54965369016, -38655.28506568388, -23372.64474815704, -22913.58607111637, -20954.548485552503, -16575.21598692274, -12295.513360140032, -20281.378744165635, -31772.202035205693, -10904.865303037726, -8944.050673225329, -9973.24329788814, -7869.352263823499, -7381.312123419081]
final speed list:[11.592403716483009, 11.15283206048279, 14.85616075321286, 14.40003296018005, 14.20549813207947, 13.81200685496999, 13.204729075665963, 13.710294604571738, 12.868832922593494, 11.05148859408828, 10.967156689181643, 9.326649207992286, 10.235066039732613, 9.421868115953638, 9.740880189589792, 9.308085155884473, 7.953195673082367, 5.891424281037925, 7.064486504861799, 7.252591049079939, 9.085105229911077, 8.860257441030251, 9.962044488967347, 9.887785128899923, 9.447061838440119, 9.568881410801842, 9.807243821140458, 7.647992037425124, 7.990973296916101, 10.871541450563557, 10.790309544599204, 11.352409583006436, 11.18196477821268, 12.142560586291946, 11.150863031963768, 12.273925974891746, 13.086134455348585, 10.089957660675797, 12.901839862783257, 13.02822533560353, 11.109866121591182, 12.342358664580757, 13.330692161294381, 13.838120453222883, 12.343326194120658, 13.131675901574402, 11.42393509027356, 9.840542105985712, 10.976814515975654, 11.074321946655727, 11.132388521178632, 10.212262547081778, 10.649268760383615, 10.424338381447983, 9.207802116753783, 10.292264594794766, 9.53824656271051, 8.907178671725287, 10.58272846490638, 11.170866935948386, 9.205812267736716, 10.322912697196525, 11.291499127028692, 9.76407912624578, 11.053412697057833, 12.521588728776926, 11.779120297089376, 11.55223400011952, 11.053158816051656, 10.083861503652495, 11.926385397270547, 10.765353924782554, 10.190769581660966, 10.650711303534134, 10.189543106740784, 9.267592046857043, 9.747548381855099, 10.1663888113422, 10.484593400852138, 9.778953638494912, 10.318786157415783, 10.118068415032305, 8.848821572402308, 7.736924581363366, 7.731310295686988, 9.439528446368039, 8.058013449314117, 8.247506598351428, 8.867721926714507, 8.816075038239205, 10.02578781922337, 10.277779384542752, 11.564914308390819, 9.587608120847596, 8.27946688886777, 10.723052063326326, 11.37199319303487, 9.736939105106657, 12.212926229410273, 12.799937996834085]
final elec cons list:[1.270495086958945, 1.4119203020328388, 1.9783074974885855, 2.6924017186405442, 2.548600646751831, 2.3082384330782504, 1.927750203092694, 1.6618143355412907, 1.4809912787070338, 1.0563503276125306, 0.48773226882735055, 0.3582191794762538, 0.4473669806048004, 0.2590467869339443, 0.45239570800538215, 0.6714101685565139, 0.290887565738275, 0.47674851666427903, 0.30921791470505894, 0.48495889714662177, 0.92748685975728, 1.0107961082740937, 0.8844416611237087, 0.8687354812244052, 0.8650418568621661, 0.9581099010759562, 0.9687567285499838, 0.9207269791509193, 0.7797564003240889, 0.7358905199280718, 0.8620869024415869, 0.848713586569215, 0.7817370020151824, 0.8673981095307396, 0.9115360223960653, 1.0888924075768418, 1.6558411907701576, 0.9243498734699115, 1.4327308204451719, 1.260372009651662, 0.7929479652907838, 0.9945279815105084, 1.3495092551158323, 1.389723035843719, 1.2458680442475725, 1.0457053157219296, 1.1378974167015796, 0.48040322733138163, 0.4966605939794097, 0.4824324156584878, 0.42657906073082935, 0.43757964094370905, 0.4725980865050833, 0.4158697133145064, 0.45560532116832864, 0.4450515687496176, 0.47953382887426654, 0.4128181328075053, 0.45195067624443874, 0.42467426711403483, 0.43732880660386725, 0.3773440120647476, 0.4098652004052998, 0.5370373417411993, 0.6622922118181672, 0.535385744714254, 0.4486529457778676, 0.41818751595856823, 0.38820951731769987, 0.34105078451326903, 0.649796932651722, 0.5937752738043656, 0.2750233369839794, 0.3128389995259914, 0.2715992509830047, 0.3587993537028471, 0.36058212574234677, 0.463122948112927, 0.5035876077012621, 0.3762559010601756, 0.4707317990930596, 0.8289737482502345, 0.578344292949802, 0.5677555006518505, 0.49745289845987223, 0.45750830572320644, 0.46780424592095643, 0.36176341873971773, 0.5340010538454354, 0.45377583415918804, 0.565023190607662, 0.8509554088798644, 0.8411116609115489, 0.362786169220293, 0.43383497805805704, 0.56957086094462, 0.5806629131347044, 0.46428226432418346, 0.6364215356288426, 0.7131570563857111]
final halt list:[1.0862563775510203, 1.0089897260273972, 0.272875816993464, 0.15768194070080863, 0.09509449135504625, 0.14726027397260275, 0.1494871794871795, 0.14964017521902379, 0.09434410646387832, 0.18307220708446867, 0.18899747793190416, 0.3731967213114754, 0.17048139397519196, 0.41359114249037227, 0.3931580721267273, 0.27187948350071733, 0.760659509202454, 1.220679012345679, 0.9373043206011271, 0.8402991980259099, 0.5889065817409767, 0.6553415061295972, 0.5520543713314797, 0.503161628624306, 0.602752019144481, 0.5215941011235955, 0.2503207184092367, 0.603041825095057, 0.6795446061963419, 0.34487512163477135, 0.39717453505007155, 0.2869328493647913, 0.2602534178059353, 0.1673864363403711, 0.35636808957312804, 0.20379746835443038, 0.2341110217216412, 0.3446567586694975, 0.1549090284929626, 0.26344743276283616, 0.26888772298006297, 0.11397889977392615, 0.06647173489278753, 0.028754578754578753, 0.041906958861976165, 0.03029326458266194, 0.08491620111731843, 0.2762565641410353, 0.14735249621785174, 0.06788793103448276, 0.097109375, 0.2817321178120617, 0.0795751633986928, 0.18733638743455497, 0.3490779074143771, 0.16744386873920553, 0.17539468617635734, 0.3231520490233627, 0.10144529820709842, 0.08067092651757188, 0.42001897533206833, 0.1835327351279495, 0.10529157667386609, 0.23959074733096086, 0.0868141592920354, 0.06836544437538844, 0.11073500967117988, 0.05241935483870968, 0.07216028924374812, 0.1790785736825497, 0.05820919689119171, 0.05621301775147929, 0.19517795637198623, 0.3314894319682959, 0.27595455979804356, 0.40605828220858897, 0.37222838137472286, 0.21391850723533892, 0.15233180428134557, 0.26860622462787553, 0.12664532194948416, 0.23962373933281614, 0.5676274944567627, 0.46228950197061985, 0.6154900064474532, 0.31951832151300236, 0.5682160331200602, 0.5182237429336507, 0.11155378486055777, 0.3583776595744681, 0.15318181818181817, 0.11330003699593044, 0.1272365805168986, 0.3337301587301587, 0.4582716506291636, 0.06394467601364152, 0.12203519510328997, 0.15064467197573, 0.05120995228357191, 0.09352037408149633]
speed reward list:[-8696.100000000011, -7415.099999999818, -2738.0999999999817, -2351.0000000000036, -2398.5499999999975, -2671.799999999982, -3212.099999999946, -2994.5999999999567, -3091.699999999989, -4674.199999999897, -5238.399999999974, -6570.999999999972, -5006.299999999935, -6584.049999999961, -6029.999999999953, -5254.799999999959, -9120.449999999988, -9857.900000000034, -10123.05000000001, -8884.44999999996, -5713.999999999885, -5431.099999999916, -5225.799999999908, -5264.199999999868, -5882.599999999896, -5402.1999999998825, -5008.09999999993, -6234.349999999916, -6576.949999999917, -4423.649999999922, -4313.649999999866, -3887.749999999902, -3774.549999999923, -3307.599999999902, -4038.2999999998992, -3085.1499999999155, -2693.4499999999716, -4454.949999999917, -2832.299999999953, -2876.449999999974, -4100.4999999999145, -3141.199999999938, -2384.05, -2412.600000000003, -2926.2999999999793, -2975.74999999994, -3589.549999999942, -5310.699999999957, -4663.699999999929, -4306.949999999942, -4614.299999999923, -5506.2499999999345, -4158.599999999955, -4799.599999999928, -5166.74999999993, -4712.349999999938, -4710.999999999947, -5264.199999999937, -4474.849999999951, -4267.449999999948, -5879.6499999999405, -4830.1999999999425, -4418.799999999947, -4722.549999999944, -4003.699999999933, -3808.1999999999407, -4188.599999999948, -4038.3499999999417, -4281.799999999948, -4797.549999999961, -3807.4499999999216, -3767.8999999999623, -5089.499999999963, -5784.499999999945, -5637.049999999976, -5861.79999999995, -5585.349999999965, -4595.849999999952, -4416.399999999939, -5175.549999999955, -4599.649999999947, -4683.399999999929, -6984.649999999938, -6365.249999999969, -7948.099999999948, -5779.799999999927, -7076.949999999965, -8133.199999999975, -5400.799999999969, -6106.199999999954, -4702.299999999954, -4174.649999999935, -3587.149999999949, -6185.099999999955, -7239.04999999997, -4102.549999999938, -3936.3999999999296, -4413.999999999955, -3627.3999999999533, -3466.0499999999633]
accel reward list:[-4074.0395552984223, -3963.6818176646057, -5642.066546055196, -3597.859876979558, -3265.818580731602, -3592.7841688284566, -3797.089789833662, -3707.3282240014264, -3842.550726002114, -4448.976412526264, -4561.42731235007, -4471.776445356358, -4017.711735562326, -3813.812469214053, -4127.887596462563, -3603.2460732818795, -5798.244723179546, -9138.732147921364, -9498.223964091878, -10089.633205075337, -8953.198863922607, -9422.381620887136, -7999.250027210088, -7769.2560129156245, -10392.391538483953, -10486.194298100723, -10524.792292272328, -10258.551138196255, -9433.344245588496, -6840.437637747466, -6856.5793640377, -6236.095842926508, -6360.840049621199, -6096.682486127332, -6616.007357968236, -6105.463203436625, -5283.979740684199, -7410.014402244626, -5645.0963352559675, -5958.579328538879, -5062.749319195357, -3373.828495121831, -3314.4505423765368, -3611.022922274547, -4149.891228916955, -4053.8163437376793, -4046.258336874515, -4552.539489064528, -3749.475260421867, -3321.319103814729, -3838.4527719167186, -4289.790149551825, -2842.2339416524983, -3436.4458242085825, -3468.7610850685824, -3162.1973792222393, -3078.5075355787067, -3321.458425353639, -2688.7734581514646, -2437.673731243601, -3272.0327450471013, -2725.49032438964, -2761.909806716906, -3420.812931287776, -2822.849811015551, -2005.0331488541694, -2036.6834398813596, -1789.6909328754025, -1978.2982330953964, -2077.8824993406465, -2047.3811731263595, -1738.9624460296047, -2404.230660225121, -2887.4455531091194, -2189.3502533516553, -2727.6496613951, -2361.399074988095, -1622.0123176586608, -1546.9057137351651, -3008.955979437679, -3588.338197010708, -6432.4779705826495, -11703.762663518144, -10474.736146294534, -14386.977819226979, -8202.158574707864, -9021.59965368778, -12066.385065680948, -9103.14474815674, -7236.486071116094, -6699.248485552277, -4962.765986923137, -4201.963360140356, -5331.478744165582, -9587.952035203842, -3542.315303037961, -2429.750673225509, -2996.343297888449, -2430.652263823627, -1855.7621234192134]
tls reward list:[-31141.500000011845, -26196.60000000766, -8833.49999999862, -3233.5000000005393, -2358.100000000484, -3608.700000000611, -4892.0999999994365, -3812.1000000006666, -3652.6000000005115, -7499.199999997541, -7279.999999997422, -8781.799999996307, -4539.70000000033, -6583.399999996761, -6843.299999997443, -4947.29999999895, -16753.19999999491, -22199.500000009102, -25823.70000001193, -22520.000000004664, -14915.79999999599, -12600.699999996446, -11202.19999999711, -11958.799999996174, -14592.999999995765, -13330.399999996336, -14257.299999996685, -15221.199999995268, -16476.099999995164, -9527.699999997416, -13438.399999997438, -13594.299999997585, -13081.399999997755, -6947.599999998503, -9017.09999999736, -7085.89999999843, -7219.599999998757, -12784.39999999693, -4766.999999999988, -10773.099999998454, -7688.899999997649, -2233.000000000831, -1685.300000000252, -894.2999999999196, -1180.4000000000883, -1413.400000000178, -1540.3000000002003, -4620.199999999505, -3489.4000000011147, -2236.50000000082, -3953.7000000009243, -5885.499999997375, -1663.2000000005164, -2759.8000000008856, -3735.000000000976, -3546.50000000111, -2279.9000000007727, -3461.900000001261, -2752.900000000871, -1315.1000000002446, -5794.699999997161, -2517.400000000699, -2390.9000000007977, -3152.9000000009232, -2421.400000000813, -1515.9000000004016, -1678.8000000006782, -1374.1000000001964, -1312.0000000002374, -2185.100000001002, -1742.700000000541, -1026.3999999997595, -2728.8000000009934, -5620.599999997805, -3537.4000000012124, -5538.7999999979465, -4591.999999999702, -2286.6000000008717, -1741.1000000006234, -3600.5000000012033, -2788.900000001075, -4717.099999999818, -14518.899999994916, -9948.89999999661, -15461.499999994321, -6950.999999996775, -11425.999999995964, -15512.19999999472, -7404.999999997994, -7500.299999997289, -8659.099999998434, -6720.299999998174, -3555.1000000008275, -7051.199999997695, -12200.499999995267, -2163.100000000773, -1785.5000000007774, -1850.3000000006405, -1080.4999999997776, -1393.8000000003763]
extra reward list:[-5429.899999999216, -4814.5999999993755, -2051.000000000093, -714.0000000000073, -612.5000000000007, -686.0000000000055, -944.3000000000222, -746.2000000000094, -677.6000000000049, -1533.0000000000605, -1341.900000000048, -1918.0000000000855, -945.0000000000223, -1729.0000000000732, -1610.0000000000655, -1258.6000000000427, -3907.399999999611, -4979.099999999333, -3933.999999999604, -5352.899999999236, -5065.19999999931, -3973.1999999995937, -3872.39999999962, -4220.99999999953, -4570.999999999439, -4707.499999999403, -4304.999999999508, -4766.999999999388, -4870.599999999361, -2897.2999999998733, -3685.4999999996685, -2836.399999999889, -2481.4999999999814, -2220.400000000049, -3669.3999999996727, -2512.999999999973, -2333.8000000000197, -3741.499999999654, -1416.100000000053, -2475.199999999983, -2089.500000000083, -788.9000000000121, -423.49999999999557, -405.29999999999586, -645.4000000000028, -943.6000000000222, -980.7000000000246, -1663.900000000069, -815.5000000000139, -789.6000000000122, -1059.8000000000297, -1670.2000000000694, -881.3000000000181, -1097.6000000000322, -1384.6000000000508, -970.900000000024, -879.900000000018, -1323.7000000000469, -1019.2000000000271, -812.7000000000137, -1605.1000000000652, -761.6000000000104, -683.2000000000053, -701.4000000000065, -374.49999999999636, -403.8999999999959, -524.999999999995, -457.799999999995, -527.7999999999952, -608.3000000000004, -338.09999999999695, -334.599999999997, -737.8000000000088, -1398.6000000000518, -912.8000000000202, -1126.300000000034, -1100.4000000000324, -555.799999999997, -513.0999999999942, -779.1000000000115, -917.7000000000205, -2380.0000000000077, -3626.6999999996838, -2640.39999999994, -3653.299999999677, -2179.10000000006, -2456.9999999999877, -2943.4999999998613, -1463.700000000056, -2070.600000000088, -893.900000000019, -717.5000000000075, -951.3000000000227, -1713.6000000000722, -2744.699999999913, -1096.9000000000322, -792.4000000000124, -712.6000000000072, -730.8000000000084, -665.7000000000041]
