nohup: 忽略输入
Env:sumo, Algorithm:TD3, Device:cuda
-----------------------------------------
models/reward_s9e-3_a4e-2_t(-0.1_0.09).pth
-----------------------------------------
 Retrying in 1 seconds
Warning: Unused states in tlLogic 'J10', program '0' in phase 0 after tl-index 10
Simulation......
总奖励:-1456.1458346613622, 速度奖励:-930.6574919819515, 加速度奖励:-711.2383426792711, 交通灯奖励:185.75000000004127, 与前车进行交互的惩罚:0.0
Episode:1/100, Reward:-1456.1458346613622
Episode:1/100, avg speed:14.437917980568516
Episode:1/100, avg halt num:0.3433744722312439
Episode:1/100, avg elec cons:1.762902998089894
 Retrying in 1 seconds
Warning: Unused states in tlLogic 'J10', program '0' in phase 0 after tl-index 10
Simulation......
总奖励:-1690.6663046983501, 速度奖励:-1184.5730724479397, 加速度奖励:-681.333232250229, 交通灯奖励:175.2400000000497, 与前车进行交互的惩罚:0.0
Episode:2/100, Reward:-1690.6663046983501
Episode:2/100, avg speed:14.017458994774065
Episode:2/100, avg halt num:0.4596020761245675
Episode:2/100, avg elec cons:1.8991220424325361
 Retrying in 1 seconds
Warning: Unused states in tlLogic 'J10', program '0' in phase 0 after tl-index 10
Simulation......
总奖励:-1549.0344278826892, 速度奖励:-977.91966620996, 加速度奖励:-710.9547616726031, 交通灯奖励:139.84000000002615, 与前车进行交互的惩罚:0.0
Episode:3/100, Reward:-1549.0344278826892
Episode:3/100, avg speed:13.853940091948779
Episode:3/100, avg halt num:0.323562661498708
Episode:3/100, avg elec cons:1.3819546567211936
 Retrying in 1 seconds
Warning: Unused states in tlLogic 'J10', program '0' in phase 0 after tl-index 10
Simulation......
总奖励:-854.5893648216879, 速度奖励:-573.9940772819725, 加速度奖励:-455.2052875396524, 交通灯奖励:174.6100000000318, 与前车进行交互的惩罚:0.0
Episode:4/100, Reward:-854.5893648216879
Episode:4/100, avg speed:13.87269967685925
Episode:4/100, avg halt num:0.23849693251533743
Episode:4/100, avg elec cons:1.5491358676249876
 Retrying in 1 seconds
Warning: Unused states in tlLogic 'J10', program '0' in phase 0 after tl-index 10
Simulation......
总奖励:-458.8152908812791, 速度奖励:-482.13917983798336, 加速度奖励:-381.9261110432828, 交通灯奖励:405.2499999999019, 与前车进行交互的惩罚:0.0
Episode:5/100, Reward:-458.8152908812791
Episode:5/100, avg speed:14.532599573295071
Episode:5/100, avg halt num:0.1755297880847661
Episode:5/100, avg elec cons:1.812337908678586
 Retrying in 1 seconds
Warning: Unused states in tlLogic 'J10', program '0' in phase 0 after tl-index 10
Simulation......
总奖励:-1027.1529592510099, 速度奖励:-519.3524390939708, 加速度奖励:-702.4905201569527, 交通灯奖励:194.690000000039, 与前车进行交互的惩罚:0.0
Episode:6/100, Reward:-1027.1529592510099
Episode:6/100, avg speed:15.25889058885488
Episode:6/100, avg halt num:0.2587593850554165
Episode:6/100, avg elec cons:2.2132382260923342
 Retrying in 1 seconds
Warning: Unused states in tlLogic 'J10', program '0' in phase 0 after tl-index 10
Simulation......
总奖励:-1192.9384631980752, 速度奖励:-521.5906282319733, 加速度奖励:-792.9078349660034, 交通灯奖励:121.5600000000235, 与前车进行交互的惩罚:0.0
Episode:7/100, Reward:-1192.9384631980752
Episode:7/100, avg speed:15.67261017895215
Episode:7/100, avg halt num:0.25403641360357265
Episode:7/100, avg elec cons:2.221087220208932
 Retrying in 1 seconds
Warning: Unused states in tlLogic 'J10', program '0' in phase 0 after tl-index 10
Simulation......
总奖励:-1107.079568705836, 速度奖励:-482.8062847049721, 加速度奖励:-769.8232840007649, 交通灯奖励:145.55000000002676, 与前车进行交互的惩罚:0.0
Episode:8/100, Reward:-1107.079568705836
Episode:8/100, avg speed:15.719985024535253
Episode:8/100, avg halt num:0.22243226212980466
Episode:8/100, avg elec cons:2.076951873001851
 Retrying in 1 seconds
Warning: Unused states in tlLogic 'J10', program '0' in phase 0 after tl-index 10
Simulation......
总奖励:-1103.7865747820892, 速度奖励:-513.2470877009715, 加速度奖励:-748.0994870810134, 交通灯奖励:157.56000000002444, 与前车进行交互的惩罚:0.0
Episode:9/100, Reward:-1103.7865747820892
Episode:9/100, avg speed:15.483078441855385
Episode:9/100, avg halt num:0.23071916693784575
Episode:9/100, avg elec cons:2.0846750603973208
 Retrying in 1 seconds
Warning: Unused states in tlLogic 'J10', program '0' in phase 0 after tl-index 10
Simulation......
总奖励:-757.3253065621111, 速度奖励:-549.8984233349681, 加速度奖励:-559.3268832270702, 交通灯奖励:351.8999999999703, 与前车进行交互的惩罚:0.0
Episode:10/100, Reward:-757.3253065621111
Episode:10/100, avg speed:14.889346026397783
Episode:10/100, avg halt num:0.24472388322194866
Episode:10/100, avg elec cons:2.0212778253866537
 Retrying in 1 seconds
Warning: Unused states in tlLogic 'J10', program '0' in phase 0 after tl-index 10
Simulation......
总奖励:-593.8096455804058, 速度奖励:-507.6549815669769, 加速度奖励:-548.5046640133887, 交通灯奖励:462.34999999990345, 与前车进行交互的惩罚:0.0
Episode:11/100, Reward:-593.8096455804058
Episode:11/100, avg speed:15.401936002415566
Episode:11/100, avg halt num:0.18995342648037258
Episode:11/100, avg elec cons:2.0356669645901717
 Retrying in 1 seconds
Warning: Unused states in tlLogic 'J10', program '0' in phase 0 after tl-index 10
Simulation......
总奖励:-540.0322549653888, 速度奖励:-518.4395745209775, 加速度奖励:-515.8426804443811, 交通灯奖励:494.24999999989205, 与前车进行交互的惩罚:0.0
Episode:12/100, Reward:-540.0322549653888
Episode:12/100, avg speed:15.047063291953556
Episode:12/100, avg halt num:0.1878434065934066
Episode:12/100, avg elec cons:2.037386956247477
 Retrying in 1 seconds
Warning: Unused states in tlLogic 'J10', program '0' in phase 0 after tl-index 10
Simulation......
总奖励:-444.24483322657306, 速度奖励:-556.8989443919792, 加速度奖励:-445.63588883457913, 交通灯奖励:558.2899999999047, 与前车进行交互的惩罚:0.0
Episode:13/100, Reward:-444.24483322657306
Episode:13/100, avg speed:14.919542704759765
Episode:13/100, avg halt num:0.15690344403444034
Episode:13/100, avg elec cons:1.6435951269271682
 Retrying in 1 seconds
Warning: Unused states in tlLogic 'J10', program '0' in phase 0 after tl-index 10
Simulation......
总奖励:-766.8630184792736, 速度奖励:-1018.4483525219723, 加速度奖励:-444.4046659572346, 交通灯奖励:695.9899999999659, 与前车进行交互的惩罚:0.0
Episode:14/100, Reward:-766.8630184792736
Episode:14/100, avg speed:12.667224934863706
Episode:14/100, avg halt num:0.23992641906096707
Episode:14/100, avg elec cons:1.1249982754251464
 Retrying in 1 seconds
Warning: Unused states in tlLogic 'J10', program '0' in phase 0 after tl-index 10
Simulation......
总奖励:-267.19903416021714, 速度奖励:-546.8876776799843, 加速度奖励:-401.4613564802264, 交通灯奖励:681.1499999999795, 与前车进行交互的惩罚:0.0
Episode:15/100, Reward:-267.19903416021714
Episode:15/100, avg speed:14.67173227329707
Episode:15/100, avg halt num:0.14475614228089476
Episode:15/100, avg elec cons:1.798659670731437
 Retrying in 1 seconds
Warning: Unused states in tlLogic 'J10', program '0' in phase 0 after tl-index 10
Simulation......
总奖励:-381.0582165370896, 速度奖励:-840.266791901972, 加速度奖励:-369.93142463509787, 交通灯奖励:829.1400000000276, 与前车进行交互的惩罚:0.0
Episode:16/100, Reward:-381.0582165370896
Episode:16/100, avg speed:12.48689534373884
Episode:16/100, avg halt num:0.2125
Episode:16/100, avg elec cons:0.9361499100395749
 Retrying in 1 seconds
Warning: Unused states in tlLogic 'J10', program '0' in phase 0 after tl-index 10
Simulation......
总奖励:-234.50046587375718, 速度奖励:-696.2408317349848, 加速度奖励:-336.38963413876064, 交通灯奖励:798.1300000000123, 与前车进行交互的惩罚:0.0
Episode:17/100, Reward:-234.50046587375718
Episode:17/100, avg speed:13.591107681334782
Episode:17/100, avg halt num:0.1087589989715461
Episode:17/100, avg elec cons:1.2933977222629762
 Retrying in 1 seconds
Warning: Unused states in tlLogic 'J10', program '0' in phase 0 after tl-index 10
Simulation......
总奖励:-179.80128892040406, 速度奖励:-654.9093822599893, 加速度奖励:-312.36190666040756, 交通灯奖励:787.4700000000173, 与前车进行交互的惩罚:0.0
Episode:18/100, Reward:-179.80128892040406
Episode:18/100, avg speed:12.650005396105135
Episode:18/100, avg halt num:0.1344
Episode:18/100, avg elec cons:1.3782712368403223
 Retrying in 1 seconds
Warning: Unused states in tlLogic 'J10', program '0' in phase 0 after tl-index 10
Simulation......
总奖励:-340.0370959178798, 速度奖励:-682.6165444619905, 加速度奖励:-443.19055145587714, 交通灯奖励:785.7700000000194, 与前车进行交互的惩罚:0.0
Episode:19/100, Reward:-340.0370959178798
Episode:19/100, avg speed:13.663652484328539
Episode:19/100, avg halt num:0.09603658536585366
Episode:19/100, avg elec cons:1.95735646776651
 Retrying in 1 seconds
Warning: Unused states in tlLogic 'J10', program '0' in phase 0 after tl-index 10
Simulation......
总奖励:-181.42731732402095, 速度奖励:-565.2465027299861, 加速度奖励:-338.8508145940268, 交通灯奖励:722.6699999999955, 与前车进行交互的惩罚:0.0
Episode:20/100, Reward:-181.42731732402095
Episode:20/100, avg speed:14.416892708217501
Episode:20/100, avg halt num:0.12957723035952065
Episode:20/100, avg elec cons:1.352417715906821
 Retrying in 1 seconds
Warning: Unused states in tlLogic 'J10', program '0' in phase 0 after tl-index 10
Simulation......
总奖励:-592.9248684374963, 速度奖励:-1267.792881434987, 加速度奖励:-408.52198700248346, 交通灯奖励:1083.3900000000126, 与前车进行交互的惩罚:0.0
Episode:21/100, Reward:-592.9248684374963
Episode:21/100, avg speed:11.257245714352207
Episode:21/100, avg halt num:0.19477186311787073
Episode:21/100, avg elec cons:0.6365478519259187
 Retrying in 1 seconds
Warning: Unused states in tlLogic 'J10', program '0' in phase 0 after tl-index 10
Simulation......
总奖励:-304.0082976592626, 速度奖励:-1028.080074879008, 加速度奖励:-362.53822278026655, 交通灯奖励:1086.6100000000506, 与前车进行交互的惩罚:0.0
Episode:22/100, Reward:-304.0082976592626
Episode:22/100, avg speed:11.717680335885651
Episode:22/100, avg halt num:0.0509478672985782
Episode:22/100, avg elec cons:0.7758648239682351
 Retrying in 1 seconds
Warning: Unused states in tlLogic 'J10', program '0' in phase 0 after tl-index 10
Simulation......
总奖励:9.00064555218421, 速度奖励:-632.0672310420049, 加速度奖励:-292.3521234058141, 交通灯奖励:933.4200000000806, 与前车进行交互的惩罚:0.0
Episode:23/100, Reward:9.00064555218421
Episode:23/100, avg speed:13.628297147687984
Episode:23/100, avg halt num:0.005888125613346418
Episode:23/100, avg elec cons:0.9630469955044252
 Retrying in 1 seconds
Warning: Unused states in tlLogic 'J10', program '0' in phase 0 after tl-index 10
Simulation......
总奖励:-21.72839138886769, 速度奖励:-725.5171958040117, 加速度奖励:-267.41119558486605, 交通灯奖励:971.2000000000966, 与前车进行交互的惩罚:0.0
Episode:24/100, Reward:-21.72839138886769
Episode:24/100, avg speed:13.065436302338869
Episode:24/100, avg halt num:0.0036136662286465177
Episode:24/100, avg elec cons:1.0491112224933719
 Retrying in 1 seconds
Warning: Unused states in tlLogic 'J10', program '0' in phase 0 after tl-index 10
Simulation......
总奖励:42.39006442078359, 速度奖励:-662.4530927010059, 加速度奖励:-237.2968428782158, 交通灯奖励:942.1400000000806, 与前车进行交互的惩罚:0.0
Episode:25/100, Reward:42.39006442078359
Episode:25/100, avg speed:13.51254058245865
Episode:25/100, avg halt num:0.005170113408939293
Episode:25/100, avg elec cons:1.0274661852137594
 Retrying in 1 seconds
Warning: Unused states in tlLogic 'J10', program '0' in phase 0 after tl-index 10
Simulation......
总奖励:-48.4149499917214, 速度奖励:-853.6875302520101, 加速度奖励:-245.28741973972305, 交通灯奖励:1050.5600000000916, 与前车进行交互的惩罚:0.0
Episode:26/100, Reward:-48.4149499917214
Episode:26/100, avg speed:12.298768066561458
Episode:26/100, avg halt num:0.00913937547600914
Episode:26/100, avg elec cons:1.196219604893842
 Retrying in 1 seconds
Warning: Unused states in tlLogic 'J10', program '0' in phase 0 after tl-index 10
Simulation......
总奖励:51.68704042517028, 速度奖励:-668.5082703630053, 加速度奖励:-231.7146892118288, 交通灯奖励:951.9100000000907, 与前车进行交互的惩罚:0.0
Episode:27/100, Reward:51.68704042517028
Episode:27/100, avg speed:13.392262064695966
Episode:27/100, avg halt num:0.0025252525252525255
Episode:27/100, avg elec cons:1.3122730174218824
 Retrying in 1 seconds
Warning: Unused states in tlLogic 'J10', program '0' in phase 0 after tl-index 10
Simulation......
总奖励:-3.197574149686485, 速度奖励:-791.682802641002, 加速度奖励:-231.11477150868564, 交通灯奖励:1019.6000000001119, 与前车进行交互的惩罚:0.0
Episode:28/100, Reward:-3.197574149686485
Episode:28/100, avg speed:11.79193405053267
Episode:28/100, avg halt num:0.03238906497622821
Episode:28/100, avg elec cons:1.013296422764741
 Retrying in 1 seconds
Warning: Unused states in tlLogic 'J10', program '0' in phase 0 after tl-index 10
Simulation......
总奖励:-59.03800742984605, 速度奖励:-933.7423232790003, 加速度奖励:-249.07568415084796, 交通灯奖励:1123.7800000000157, 与前车进行交互的惩罚:0.0
Episode:29/100, Reward:-59.03800742984605
Episode:29/100, avg speed:11.638453030439937
Episode:29/100, avg halt num:0.0515982636148382
Episode:29/100, avg elec cons:0.693028768662861
 Retrying in 1 seconds
Warning: Unused states in tlLogic 'J10', program '0' in phase 0 after tl-index 10
Simulation......
总奖励:-256.44026032086106, 速度奖励:-1115.3848383089999, 加速度奖励:-317.5554220118623, 交通灯奖励:1176.4999999999739, 与前车进行交互的惩罚:0.0
Episode:30/100, Reward:-256.44026032086106
Episode:30/100, avg speed:11.510421230429628
Episode:30/100, avg halt num:0.05473472128945601
Episode:30/100, avg elec cons:0.5491000742247384
 Retrying in 1 seconds
Warning: Unused states in tlLogic 'J10', program '0' in phase 0 after tl-index 10
Simulation......
总奖励:-466.42158520097246, 速度奖励:-1432.3802809769809, 加速度奖励:-324.42130422397514, 交通灯奖励:1290.3799999998678, 与前车进行交互的惩罚:0.0
Episode:31/100, Reward:-466.42158520097246
Episode:31/100, avg speed:10.652025696680123
Episode:31/100, avg halt num:0.1197641675466385
Episode:31/100, avg elec cons:0.48487665402814417
 Retrying in 1 seconds
Warning: Unused states in tlLogic 'J10', program '0' in phase 0 after tl-index 10
Simulation......
总奖励:-297.4780041138266, 速度奖励:-1210.4585170379983, 加速度奖励:-326.2294870758277, 交通灯奖励:1239.2099999999098, 与前车进行交互的惩罚:0.0
Episode:32/100, Reward:-297.4780041138266
Episode:32/100, avg speed:10.946700127852022
Episode:32/100, avg halt num:0.060360524399126
Episode:32/100, avg elec cons:0.7376441879531261
 Retrying in 1 seconds
Warning: Unused states in tlLogic 'J10', program '0' in phase 0 after tl-index 10
Simulation......
总奖励:-586.3300320109444, 速度奖励:-1116.6337515599844, 加速度奖励:-532.4462804509391, 交通灯奖励:1062.7500000000775, 与前车进行交互的惩罚:0.0
Episode:33/100, Reward:-586.3300320109444
Episode:33/100, avg speed:11.3853900933445
Episode:33/100, avg halt num:0.09378068739770867
Episode:33/100, avg elec cons:0.7900879551718532
 Retrying in 1 seconds
Warning: Unused states in tlLogic 'J10', program '0' in phase 0 after tl-index 10
Simulation......
总奖励:-769.0357969943228, 速度奖励:-1543.090281650968, 加速度奖励:-470.11551534329135, 交通灯奖励:1244.169999999895, 与前车进行交互的惩罚:0.0
Episode:34/100, Reward:-769.0357969943228
Episode:34/100, avg speed:10.843382030652322
Episode:34/100, avg halt num:0.19939104674127717
Episode:34/100, avg elec cons:0.43754500617235187
 Retrying in 1 seconds
Warning: Unused states in tlLogic 'J10', program '0' in phase 0 after tl-index 10
Simulation......
总奖励:-186.1560052330209, 速度奖励:-895.6485435150049, 加速度奖励:-259.48746171802054, 交通灯奖励:968.9800000000834, 与前车进行交互的惩罚:0.0
Episode:35/100, Reward:-186.1560052330209
Episode:35/100, avg speed:12.601474342813248
Episode:35/100, avg halt num:0.035971871619185
Episode:35/100, avg elec cons:1.2007222247342078
 Retrying in 1 seconds
Warning: Unused states in tlLogic 'J10', program '0' in phase 0 after tl-index 10
Simulation......
总奖励:-33.33237518486675, 速度奖励:-603.8138570130006, 加速度奖励:-279.15851817186626, 交通灯奖励:849.6400000000489, 与前车进行交互的惩罚:0.0
Episode:36/100, Reward:-33.33237518486675
Episode:36/100, avg speed:13.58121370459291
Episode:36/100, avg halt num:0.031193490054249547
Episode:36/100, avg elec cons:1.4964123241884406
 Retrying in 1 seconds
Warning: Unused states in tlLogic 'J10', program '0' in phase 0 after tl-index 10
Simulation......
总奖励:-1071.8561252165812, 速度奖励:-1302.3210853889793, 加速度奖励:-891.1750398275512, 交通灯奖励:1121.6400000000283, 与前车进行交互的惩罚:0.0
Episode:37/100, Reward:-1071.8561252165812
Episode:37/100, avg speed:10.222535842550487
Episode:37/100, avg halt num:0.19857414448669203
Episode:37/100, avg elec cons:0.7556176624367964
 Retrying in 1 seconds
Warning: Unused states in tlLogic 'J10', program '0' in phase 0 after tl-index 10
Simulation......
总奖励:-6617.294627669337, 速度奖励:-3200.3421976621707, 加速度奖励:-4235.032430007114, 交通灯奖励:818.0800000000314, 与前车进行交互的惩罚:0.0
Episode:38/100, Reward:-6617.294627669337
Episode:38/100, avg speed:6.7497828507248
Episode:38/100, avg halt num:0.3870967741935484
Episode:38/100, avg elec cons:0.7776909937138231
 Retrying in 1 seconds
Warning: Unused states in tlLogic 'J10', program '0' in phase 0 after tl-index 10
Simulation......
总奖励:-6688.159522797809, 速度奖励:-3509.902792593299, 加速度奖励:-4030.8667302045683, 交通灯奖励:852.60999999996, 与前车进行交互的惩罚:0.0
Episode:39/100, Reward:-6688.159522797809
Episode:39/100, avg speed:6.481195303101103
Episode:39/100, avg halt num:0.4766422193877551
Episode:39/100, avg elec cons:0.5995431432272887
 Retrying in 1 seconds
Warning: Unused states in tlLogic 'J10', program '0' in phase 0 after tl-index 10
Simulation......
总奖励:-6389.299133882973, 速度奖励:-3022.7890937042957, 加速度奖励:-4221.980040178805, 交通灯奖励:855.4699999999857, 与前车进行交互的惩罚:0.0
Episode:40/100, Reward:-6389.299133882973
Episode:40/100, avg speed:7.981951239053216
Episode:40/100, avg halt num:0.3797161336687028
Episode:40/100, avg elec cons:1.0711329819888775
 Retrying in 1 seconds
Warning: Unused states in tlLogic 'J10', program '0' in phase 0 after tl-index 10
Simulation......
总奖励:-1194.118439574626, 速度奖励:-574.2410885909713, 加速度奖励:-927.3373509835565, 交通灯奖励:307.4599999999498, 与前车进行交互的惩罚:0.0
Episode:41/100, Reward:-1194.118439574626
Episode:41/100, avg speed:14.795407229051738
Episode:41/100, avg halt num:0.22399635036496351
Episode:41/100, avg elec cons:2.5523325683497147
 Retrying in 1 seconds
Warning: Unused states in tlLogic 'J10', program '0' in phase 0 after tl-index 10
Simulation......
总奖励:-1221.109107751586, 速度奖励:-535.9831344269713, 加速度奖励:-805.5559733245159, 交通灯奖励:120.43000000001898, 与前车进行交互的惩罚:0.0
Episode:42/100, Reward:-1221.109107751586
Episode:42/100, avg speed:15.246319085539923
Episode:42/100, avg halt num:0.28960964408725604
Episode:42/100, avg elec cons:2.436441731356108
 Retrying in 1 seconds
Warning: Unused states in tlLogic 'J10', program '0' in phase 0 after tl-index 10
Simulation......
总奖励:-1135.3392100451065, 速度奖励:-521.7991587719724, 加速度奖励:-771.1400512730347, 交通灯奖励:157.6000000000313, 与前车进行交互的惩罚:0.0
Episode:43/100, Reward:-1135.3392100451065
Episode:43/100, avg speed:15.076313671895885
Episode:43/100, avg halt num:0.29199372056514916
Episode:43/100, avg elec cons:2.597793910921461
 Retrying in 1 seconds
Warning: Unused states in tlLogic 'J10', program '0' in phase 0 after tl-index 10
Simulation......
总奖励:-1153.97013573292, 速度奖励:-522.464524982972, 加速度奖励:-777.0256107498492, 交通灯奖励:145.52000000001848, 与前车进行交互的惩罚:0.0
Episode:44/100, Reward:-1153.97013573292
Episode:44/100, avg speed:15.406946855992196
Episode:44/100, avg halt num:0.2778817365269461
Episode:44/100, avg elec cons:2.4610701278620164
 Retrying in 1 seconds
Warning: Unused states in tlLogic 'J10', program '0' in phase 0 after tl-index 10
Simulation......
总奖励:-1202.6074759909188, 速度奖励:-556.7112837809702, 加速度奖励:-795.8061922098417, 交通灯奖励:149.91000000002566, 与前车进行交互的惩罚:0.0
Episode:45/100, Reward:-1202.6074759909188
Episode:45/100, avg speed:14.858867052580106
Episode:45/100, avg halt num:0.312426614481409
Episode:45/100, avg elec cons:2.5070466007609804
 Retrying in 1 seconds
Warning: Unused states in tlLogic 'J10', program '0' in phase 0 after tl-index 10
Simulation......
总奖励:-1106.972972727049, 速度奖励:-485.26838760597644, 加速度奖励:-771.1345851209846, 交通灯奖励:149.43000000002272, 与前车进行交互的惩罚:0.0
Episode:46/100, Reward:-1106.972972727049
Episode:46/100, avg speed:15.895735350088922
Episode:46/100, avg halt num:0.22714521452145214
Episode:46/100, avg elec cons:2.163648429581353
 Retrying in 1 seconds
Warning: Unused states in tlLogic 'J10', program '0' in phase 0 after tl-index 10
Simulation......
总奖励:-723.552208885519, 速度奖励:-767.3063671349782, 加速度奖励:-580.2658417504831, 交通灯奖励:624.0199999999304, 与前车进行交互的惩罚:0.0
Episode:47/100, Reward:-723.552208885519
Episode:47/100, avg speed:13.429361839195126
Episode:47/100, avg halt num:0.19251134644478063
Episode:47/100, avg elec cons:1.9054380890898974
 Retrying in 1 seconds
Warning: Unused states in tlLogic 'J10', program '0' in phase 0 after tl-index 10
Simulation......
总奖励:-322.31518912206684, 速度奖励:-646.5735558269798, 加速度奖励:-394.7916332950702, 交通灯奖励:719.0499999999909, 与前车进行交互的惩罚:0.0
Episode:48/100, Reward:-322.31518912206684
Episode:48/100, avg speed:13.527510143416405
Episode:48/100, avg halt num:0.1533844942935852
Episode:48/100, avg elec cons:1.8603731628925546
 Retrying in 1 seconds
Warning: Unused states in tlLogic 'J10', program '0' in phase 0 after tl-index 10
Simulation......
总奖励:-123.40737135046074, 速度奖励:-654.2153200169952, 加速度奖励:-316.06205133346504, 交通灯奖励:846.8700000000423, 与前车进行交互的惩罚:0.0
Episode:49/100, Reward:-123.40737135046074
Episode:49/100, avg speed:13.72055666401704
Episode:49/100, avg halt num:0.06724511930585683
Episode:49/100, avg elec cons:0.973508072724664
 Retrying in 1 seconds
Warning: Unused states in tlLogic 'J10', program '0' in phase 0 after tl-index 10
Simulation......
总奖励:-85.7348837596517, 速度奖励:-922.4099172450034, 加速度奖励:-230.60496651465127, 交通灯奖励:1067.2800000000734, 与前车进行交互的惩罚:0.0
Episode:50/100, Reward:-85.7348837596517
Episode:50/100, avg speed:12.093122637278647
Episode:50/100, avg halt num:0.027495769881556685
Episode:50/100, avg elec cons:0.7237360594869298
 Retrying in 1 seconds
Warning: Unused states in tlLogic 'J10', program '0' in phase 0 after tl-index 10
Simulation......
总奖励:-180.830565023831, 速度奖励:-998.7581774249971, 加速度奖励:-250.2223875988319, 交通灯奖励:1068.1500000000688, 与前车进行交互的惩罚:0.0
Episode:51/100, Reward:-180.830565023831
Episode:51/100, avg speed:12.36972610410003
Episode:51/100, avg halt num:0.03718809980806142
Episode:51/100, avg elec cons:0.7017487719579721
 Retrying in 1 seconds
Warning: Unused states in tlLogic 'J10', program '0' in phase 0 after tl-index 10
Simulation......
总奖励:-161.80794553672828, 速度奖励:-959.5152936000098, 加速度奖励:-269.1826519367294, 交通灯奖励:1066.8900000000713, 与前车进行交互的惩罚:0.0
Episode:52/100, Reward:-161.80794553672828
Episode:52/100, avg speed:12.108277663718683
Episode:52/100, avg halt num:0.0014342058085335247
Episode:52/100, avg elec cons:1.0272166007302062
 Retrying in 1 seconds
Warning: Unused states in tlLogic 'J10', program '0' in phase 0 after tl-index 10
Simulation......
总奖励:-462.342251695121, 速度奖励:-495.4424318729828, 加速度奖励:-559.0798198221173, 交通灯奖励:592.1799999999508, 与前车进行交互的惩罚:0.0
Episode:53/100, Reward:-462.342251695121
Episode:53/100, avg speed:14.901437551129868
Episode:53/100, avg halt num:0.06977135171486214
Episode:53/100, avg elec cons:2.1772399825274062
 Retrying in 1 seconds
Warning: Unused states in tlLogic 'J10', program '0' in phase 0 after tl-index 10
Simulation......
总奖励:-876.1688499819759, 速度奖励:-706.8670750979775, 加速度奖励:-517.5217748839212, 交通灯奖励:348.2199999999625, 与前车进行交互的惩罚:0.0
Episode:54/100, Reward:-876.1688499819759
Episode:54/100, avg speed:13.985809650024105
Episode:54/100, avg halt num:0.24376083188908146
Episode:54/100, avg elec cons:1.3930572065927205
 Retrying in 1 seconds
Warning: Unused states in tlLogic 'J10', program '0' in phase 0 after tl-index 10
Simulation......
总奖励:-98.6357617915837, 速度奖励:-585.1054111769929, 加速度奖励:-242.45035061458591, 交通灯奖励:728.9200000000006, 与前车进行交互的惩罚:0.0
Episode:55/100, Reward:-98.6357617915837
Episode:55/100, avg speed:13.389988215068744
Episode:55/100, avg halt num:0.09102268358323722
Episode:55/100, avg elec cons:1.656884674772322
 Retrying in 1 seconds
Warning: Unused states in tlLogic 'J10', program '0' in phase 0 after tl-index 10
Simulation......
总奖励:1.530760511317115, 速度奖励:-757.2758613300012, 加速度奖励:-211.53337815868363, 交通灯奖励:970.3400000000906, 与前车进行交互的惩罚:0.0
Episode:56/100, Reward:1.530760511317115
Episode:56/100, avg speed:12.731731033176942
Episode:56/100, avg halt num:0.03293949158610813
Episode:56/100, avg elec cons:0.9753016130670251
 Retrying in 1 seconds
Warning: Unused states in tlLogic 'J10', program '0' in phase 0 after tl-index 10
Simulation......
总奖励:-282.6144553392397, 速度奖励:-1147.6742219549913, 加速度奖励:-314.7202333842403, 交通灯奖励:1179.7799999999727, 与前车进行交互的惩罚:0.0
Episode:57/100, Reward:-282.6144553392397
Episode:57/100, avg speed:10.490106950413733
Episode:57/100, avg halt num:0.10535019455252918
Episode:57/100, avg elec cons:0.5742353395516957
 Retrying in 1 seconds
Warning: Unused states in tlLogic 'J10', program '0' in phase 0 after tl-index 10
Simulation......
总奖励:-1409.9801735593478, 速度奖励:-2298.1963201740396, 加速度奖励:-579.213853385193, 交通灯奖励:1467.4299999996772, 与前车进行交互的惩罚:0.0
Episode:58/100, Reward:-1409.9801735593478
Episode:58/100, avg speed:8.198074719286486
Episode:58/100, avg halt num:0.5435160169818603
Episode:58/100, avg elec cons:0.3938825340117107
 Retrying in 1 seconds
Warning: Unused states in tlLogic 'J10', program '0' in phase 0 after tl-index 10
Simulation......
总奖励:-730.4753728475558, 速度奖励:-1639.4842250549664, 加速度奖励:-362.89114779253254, 交通灯奖励:1271.8999999998814, 与前车进行交互的惩罚:0.0
Episode:59/100, Reward:-730.4753728475558
Episode:59/100, avg speed:10.4968920784603
Episode:59/100, avg halt num:0.20228519195612432
Episode:59/100, avg elec cons:0.4246848205179681
 Retrying in 1 seconds
Warning: Unused states in tlLogic 'J10', program '0' in phase 0 after tl-index 10
Simulation......
总奖励:-183.23967176137668, 速度奖励:-1119.8637683279953, 加速度奖励:-233.43590343337794, 交通灯奖励:1170.0599999999747, 与前车进行交互的惩罚:0.0
Episode:60/100, Reward:-183.23967176137668
Episode:60/100, avg speed:11.791959844013533
Episode:60/100, avg halt num:0.06170076726342711
Episode:60/100, avg elec cons:0.40354055738810485
 Retrying in 1 seconds
Warning: Unused states in tlLogic 'J10', program '0' in phase 0 after tl-index 10
Simulation......
总奖励:-397.2908999253559, 速度奖励:-1381.9706567729895, 加速度奖励:-269.0102431523537, 交通灯奖励:1253.6899999998955, 与前车进行交互的惩罚:0.0
Episode:61/100, Reward:-397.2908999253559
Episode:61/100, avg speed:10.099512310024167
Episode:61/100, avg halt num:0.11023325808878856
Episode:61/100, avg elec cons:0.3941576347913483
 Retrying in 1 seconds
Warning: Unused states in tlLogic 'J10', program '0' in phase 0 after tl-index 10
Simulation......
总奖励:-275.01493267929646, 速度奖励:-1225.9478612159978, 加速度奖励:-282.5470714632959, 交通灯奖励:1233.4799999999314, 与前车进行交互的惩罚:0.0
Episode:62/100, Reward:-275.01493267929646
Episode:62/100, avg speed:10.896029943463192
Episode:62/100, avg halt num:0.05552746882372767
Episode:62/100, avg elec cons:0.3747809249408166
 Retrying in 1 seconds
Warning: Unused states in tlLogic 'J10', program '0' in phase 0 after tl-index 10
Simulation......
总奖励:-795.89336137091, 速度奖励:-1742.8835016629607, 加速度奖励:-434.38985970786877, 交通灯奖励:1381.3799999997814, 与前车进行交互的惩罚:0.0
Episode:63/100, Reward:-795.89336137091
Episode:63/100, avg speed:10.879716799163932
Episode:63/100, avg halt num:0.24165901438628712
Episode:63/100, avg elec cons:0.3031802025856142
 Retrying in 1 seconds
Warning: Unused states in tlLogic 'J10', program '0' in phase 0 after tl-index 10
Simulation......
总奖励:-1193.0161233662247, 速度奖励:-2144.7559354499476, 加速度奖励:-406.69018791613706, 交通灯奖励:1358.429999999781, 与前车进行交互的惩罚:0.0
Episode:64/100, Reward:-1193.0161233662247
Episode:64/100, avg speed:9.41095457890089
Episode:64/100, avg halt num:0.4123609616074632
Episode:64/100, avg elec cons:0.3629796717941371
 Retrying in 1 seconds
Warning: Unused states in tlLogic 'J10', program '0' in phase 0 after tl-index 10
Simulation......
总奖励:-393.8402427852881, 速度奖励:-1402.5478858559939, 加速度奖励:-245.57235692929115, 交通灯奖励:1254.2799999998813, 与前车进行交互的惩罚:0.0
Episode:65/100, Reward:-393.8402427852881
Episode:65/100, avg speed:10.89739915952608
Episode:65/100, avg halt num:0.12640944326990838
Episode:65/100, avg elec cons:0.3780942242007675
 Retrying in 1 seconds
Warning: Unused states in tlLogic 'J10', program '0' in phase 0 after tl-index 10
Simulation......
总奖励:-81.74352813679205, 速度奖励:-1045.610562168008, 加速度奖励:-194.762965968792, 交通灯奖励:1158.6299999999874, 与前车进行交互的惩罚:0.0
Episode:66/100, Reward:-81.74352813679205
Episode:66/100, avg speed:12.742535298524352
Episode:66/100, avg halt num:0.023742138364779876
Episode:66/100, avg elec cons:0.4245168017911875
 Retrying in 1 seconds
Warning: Unused states in tlLogic 'J10', program '0' in phase 0 after tl-index 10
Simulation......
总奖励:-160.15791105502407, 速度奖励:-1039.1300667630073, 加速度奖励:-242.89784429202427, 交通灯奖励:1121.870000000019, 与前车进行交互的惩罚:0.0
Episode:67/100, Reward:-160.15791105502407
Episode:67/100, avg speed:12.443151488960545
Episode:67/100, avg halt num:0.01821668264621285
Episode:67/100, avg elec cons:0.49255339960316674
 Retrying in 1 seconds
Warning: Unused states in tlLogic 'J10', program '0' in phase 0 after tl-index 10
Simulation......
总奖励:-278.0842074520522, 速度奖励:-1199.7802008899978, 加速度奖励:-275.134006562053, 交通灯奖励:1196.829999999957, 与前车进行交互的惩罚:0.0
Episode:68/100, Reward:-278.0842074520522
Episode:68/100, avg speed:11.858753183722198
Episode:68/100, avg halt num:0.0703406485424173
Episode:68/100, avg elec cons:0.5096637753008304
 Retrying in 1 seconds
Warning: Unused states in tlLogic 'J10', program '0' in phase 0 after tl-index 10
Simulation......
总奖励:-158.64384271453775, 速度奖励:-996.9022744200108, 加速度奖励:-238.3215682945382, 交通灯奖励:1076.5800000000725, 与前车进行交互的惩罚:0.0
Episode:69/100, Reward:-158.64384271453775
Episode:69/100, avg speed:12.090659687474542
Episode:69/100, avg halt num:0.012728658536585365
Episode:69/100, avg elec cons:0.701028084236258
 Retrying in 1 seconds
Warning: Unused states in tlLogic 'J10', program '0' in phase 0 after tl-index 10
Simulation......
总奖励:50.58302162477031, 速度奖励:-732.2506313850032, 加速度奖励:-170.99634699023002, 交通灯奖励:953.8300000000868, 与前车进行交互的惩罚:0.0
Episode:70/100, Reward:50.58302162477031
Episode:70/100, avg speed:12.970858255374543
Episode:70/100, avg halt num:0.007722007722007722
Episode:70/100, avg elec cons:1.0523592738840055
 Retrying in 1 seconds
Warning: Unused states in tlLogic 'J10', program '0' in phase 0 after tl-index 10
Simulation......
总奖励:21.16236408946635, 速度奖励:-576.9535697640002, 加速度奖励:-240.86406614653256, 交通灯奖励:838.9800000000478, 与前车进行交互的惩罚:0.0
Episode:71/100, Reward:21.16236408946635
Episode:71/100, avg speed:14.319275373873051
Episode:71/100, avg halt num:0.010750909692358585
Episode:71/100, avg elec cons:1.4108294471081384
 Retrying in 1 seconds
Warning: Unused states in tlLogic 'J10', program '0' in phase 0 after tl-index 10
Simulation......
总奖励:-249.5543752946886, 速度奖励:-972.5831680679938, 加速度奖励:-352.1412072266906, 交通灯奖励:1075.1700000000665, 与前车进行交互的惩罚:0.0
Episode:72/100, Reward:-249.5543752946886
Episode:72/100, avg speed:11.480036992767722
Episode:72/100, avg halt num:0.11083929243507716
Episode:72/100, avg elec cons:0.8527615413498422
 Retrying in 1 seconds
Warning: Unused states in tlLogic 'J10', program '0' in phase 0 after tl-index 10
Simulation......
总奖励:-208.54198828612607, 速度奖励:-960.9595781669979, 加速度奖励:-336.54241011912904, 交通灯奖励:1088.9600000000512, 与前车进行交互的惩罚:0.0
Episode:73/100, Reward:-208.54198828612607
Episode:73/100, avg speed:12.260323374702446
Episode:73/100, avg halt num:0.03787215411558669
Episode:73/100, avg elec cons:0.6618973805808946
 Retrying in 1 seconds
Warning: Unused states in tlLogic 'J10', program '0' in phase 0 after tl-index 10
Simulation......
总奖励:-144.90590217393958, 速度奖励:-1000.2054468780027, 加速度奖励:-242.990455295941, 交通灯奖励:1098.2900000000434, 与前车进行交互的惩罚:0.0
Episode:74/100, Reward:-144.90590217393958
Episode:74/100, avg speed:12.459741748371842
Episode:74/100, avg halt num:0.04689655172413793
Episode:74/100, avg elec cons:0.7050997795435395
 Retrying in 1 seconds
Warning: Unused states in tlLogic 'J10', program '0' in phase 0 after tl-index 10
Simulation......
总奖励:-328.16565347583037, 速度奖励:-1273.9740381630004, 加速度奖励:-285.1216153128313, 交通灯奖励:1230.9299999999162, 与前车进行交互的惩罚:0.0
Episode:75/100, Reward:-328.16565347583037
Episode:75/100, avg speed:11.662011566926981
Episode:75/100, avg halt num:0.07364341085271318
Episode:75/100, avg elec cons:0.5323060430661405
 Retrying in 1 seconds
Warning: Unused states in tlLogic 'J10', program '0' in phase 0 after tl-index 10
Simulation......
总奖励:-309.1216925893219, 速度奖励:-1233.017611191005, 加速度奖励:-247.3540813983233, 交通灯奖励:1171.2499999999613, 与前车进行交互的惩罚:0.0
Episode:76/100, Reward:-309.1216925893219
Episode:76/100, avg speed:10.788583624845133
Episode:76/100, avg halt num:0.07852193995381063
Episode:76/100, avg elec cons:0.5728413031193034
 Retrying in 1 seconds
Warning: Unused states in tlLogic 'J10', program '0' in phase 0 after tl-index 10
Simulation......
总奖励:-126.10033136276446, 速度奖励:-970.7169336660039, 加速度奖励:-221.64339769676403, 交通灯奖励:1066.260000000069, 与前车进行交互的惩罚:0.0
Episode:77/100, Reward:-126.10033136276446
Episode:77/100, avg speed:11.937668212429571
Episode:77/100, avg halt num:0.015819209039548022
Episode:77/100, avg elec cons:0.6850252519613919
 Retrying in 1 seconds
Warning: Unused states in tlLogic 'J10', program '0' in phase 0 after tl-index 10
Simulation......
总奖励:56.79392492258364, 速度奖励:-791.6837574330067, 加速度奖励:-170.36231764441587, 交通灯奖励:1018.8400000001102, 与前车进行交互的惩罚:0.0
Episode:78/100, Reward:56.79392492258364
Episode:78/100, avg speed:12.152662877325291
Episode:78/100, avg halt num:0.01037344398340249
Episode:78/100, avg elec cons:0.7535440827027836
 Retrying in 1 seconds
Warning: Unused states in tlLogic 'J10', program '0' in phase 0 after tl-index 10
Simulation......
总奖励:-6.713965326798969, 速度奖励:-908.722940769015, 加速度奖励:-174.8810245577985, 交通灯奖励:1076.8900000000604, 与前车进行交互的惩罚:0.0
Episode:79/100, Reward:-6.713965326798969
Episode:79/100, avg speed:12.096798724132606
Episode:79/100, avg halt num:0.0031380753138075313
Episode:79/100, avg elec cons:0.7321767136097647
 Retrying in 1 seconds
Warning: Unused states in tlLogic 'J10', program '0' in phase 0 after tl-index 10
Simulation......
总奖励:-50.51636884313966, 速度奖励:-956.6116299360076, 加速度奖励:-193.68473890713764, 交通灯奖励:1099.7800000000482, 与前车进行交互的惩罚:0.0
Episode:80/100, Reward:-50.51636884313966
Episode:80/100, avg speed:11.856727759506041
Episode:80/100, avg halt num:0.003931623931623932
Episode:80/100, avg elec cons:0.6275394814685318
 Retrying in 1 seconds
Warning: Unused states in tlLogic 'J10', program '0' in phase 0 after tl-index 10
Simulation......
总奖励:-190.7523086070409, 速度奖励:-1026.7965911160047, 加速度奖励:-254.2257174910389, 交通灯奖励:1090.270000000051, 与前车进行交互的惩罚:0.0
Episode:81/100, Reward:-190.7523086070409
Episode:81/100, avg speed:11.279033692036577
Episode:81/100, avg halt num:0.03226652675760756
Episode:81/100, avg elec cons:0.6019077936075352
 Retrying in 1 seconds
Warning: Unused states in tlLogic 'J10', program '0' in phase 0 after tl-index 10
Simulation......
总奖励:-42.80811073284739, 速度奖励:-894.9193702200041, 加速度奖励:-202.73874051284722, 交通灯奖励:1054.8500000000836, 与前车进行交互的惩罚:0.0
Episode:82/100, Reward:-42.80811073284739
Episode:82/100, avg speed:11.646971848738342
Episode:82/100, avg halt num:0.015362035225048924
Episode:82/100, avg elec cons:0.717290471901995
 Retrying in 1 seconds
Warning: Unused states in tlLogic 'J10', program '0' in phase 0 after tl-index 10
Simulation......
总奖励:13.358707770548703, 速度奖励:-838.8321589440111, 加速度奖励:-176.35913328545146, 交通灯奖励:1028.5500000001086, 与前车进行交互的惩罚:0.0
Episode:83/100, Reward:13.358707770548703
Episode:83/100, avg speed:12.730942686091497
Episode:83/100, avg halt num:0.005050505050505051
Episode:83/100, avg elec cons:0.6578581807148016
 Retrying in 1 seconds
Warning: Unused states in tlLogic 'J10', program '0' in phase 0 after tl-index 10
Simulation......
总奖励:73.7523658030849, 速度奖励:-803.4101017110067, 加速度奖励:-159.26753248591518, 交通灯奖励:1036.430000000102, 与前车进行交互的惩罚:0.0
Episode:84/100, Reward:73.7523658030849
Episode:84/100, avg speed:12.078097907388978
Episode:84/100, avg halt num:0.011909410386567747
Episode:84/100, avg elec cons:0.8162240969035189
 Retrying in 1 seconds
Warning: Unused states in tlLogic 'J10', program '0' in phase 0 after tl-index 10
Simulation......
总奖励:-56.64262789962731, 速度奖励:-948.8512360980047, 加速度奖励:-186.06139180162745, 交通灯奖励:1078.2700000000666, 与前车进行交互的惩罚:0.0
Episode:85/100, Reward:-56.64262789962731
Episode:85/100, avg speed:12.400975909874164
Episode:85/100, avg halt num:0.030823058980339886
Episode:85/100, avg elec cons:0.6546832169994145
 Retrying in 1 seconds
Warning: Unused states in tlLogic 'J10', program '0' in phase 0 after tl-index 10
Simulation......
总奖励:-102.36164615689815, 速度奖励:-964.994915204991, 加速度奖励:-211.08673095189855, 交通灯奖励:1073.7200000000685, 与前车进行交互的惩罚:0.0
Episode:86/100, Reward:-102.36164615689815
Episode:86/100, avg speed:12.22268485670565
Episode:86/100, avg halt num:0.061742424242424244
Episode:86/100, avg elec cons:0.5956980303279557
 Retrying in 1 seconds
Warning: Unused states in tlLogic 'J10', program '0' in phase 0 after tl-index 10
Simulation......
总奖励:-63.04367439536609, 速度奖励:-948.1688129160003, 加速度奖励:-192.33486147936614, 交通灯奖励:1077.460000000066, 与前车进行交互的惩罚:0.0
Episode:87/100, Reward:-63.04367439536609
Episode:87/100, avg speed:11.448205897436996
Episode:87/100, avg halt num:0.04093327875562833
Episode:87/100, avg elec cons:0.73280515214307
 Retrying in 1 seconds
Warning: Unused states in tlLogic 'J10', program '0' in phase 0 after tl-index 10
Simulation......
总奖励:36.759546217195144, 速度奖励:-746.5889544210089, 加速度奖励:-173.2614993618049, 交通灯奖励:956.6100000000894, 与前车进行交互的惩罚:0.0
Episode:88/100, Reward:36.759546217195144
Episode:88/100, avg speed:13.151760160958153
Episode:88/100, avg halt num:0.006610169491525424
Episode:88/100, avg elec cons:0.8004101678536917
 Retrying in 1 seconds
Warning: Unused states in tlLogic 'J10', program '0' in phase 0 after tl-index 10
Simulation......
总奖励:-45.05443544877932, 速度奖励:-814.7894262030013, 加速度奖励:-208.30500924577905, 交通灯奖励:978.0400000000947, 与前车进行交互的惩罚:0.0
Episode:89/100, Reward:-45.05443544877932
Episode:89/100, avg speed:12.391581555997737
Episode:89/100, avg halt num:0.03895985401459854
Episode:89/100, avg elec cons:0.746337361461678
 Retrying in 1 seconds
Warning: Unused states in tlLogic 'J10', program '0' in phase 0 after tl-index 10
Simulation......
总奖励:-14.37746595758861, 速度奖励:-829.3209836669985, 加速度奖励:-193.41648229058814, 交通灯奖励:1008.3600000001113, 与前车进行交互的惩罚:0.0
Episode:90/100, Reward:-14.37746595758861
Episode:90/100, avg speed:12.242400462233023
Episode:90/100, avg halt num:0.03460506134969325
Episode:90/100, avg elec cons:0.7403284243208043
 Retrying in 1 seconds
Warning: Unused states in tlLogic 'J10', program '0' in phase 0 after tl-index 10
Simulation......
总奖励:32.62839172704363, 速度奖励:-810.5831629110062, 加速度奖励:-168.86844536195684, 交通灯奖励:1012.0800000001103, 与前车进行交互的惩罚:0.0
Episode:91/100, Reward:32.62839172704363
Episode:91/100, avg speed:12.028763532045385
Episode:91/100, avg halt num:0.019574306347396427
Episode:91/100, avg elec cons:0.8178443271140751
 Retrying in 1 seconds
Warning: Unused states in tlLogic 'J10', program '0' in phase 0 after tl-index 10
Simulation......
总奖励:53.811847943168864, 速度奖励:-738.3146954760037, 加速度奖励:-172.48345658083042, 交通灯奖励:964.6100000000931, 与前车进行交互的惩罚:0.0
Episode:92/100, Reward:53.811847943168864
Episode:92/100, avg speed:12.355972174784517
Episode:92/100, avg halt num:0.006305637982195846
Episode:92/100, avg elec cons:0.8286652580326115
 Retrying in 1 seconds
Warning: Unused states in tlLogic 'J10', program '0' in phase 0 after tl-index 10
Simulation......
总奖励:25.187475330019904, 速度奖励:-792.5268208050045, 加速度奖励:-176.0357038649792, 交通灯奖励:993.7500000000996, 与前车进行交互的惩罚:0.0
Episode:93/100, Reward:25.187475330019904
Episode:93/100, avg speed:12.32435289218572
Episode:93/100, avg halt num:0.021725700164744646
Episode:93/100, avg elec cons:0.9160995880598195
 Retrying in 1 seconds
Warning: Unused states in tlLogic 'J10', program '0' in phase 0 after tl-index 10
Simulation......
总奖励:-18.6060900300357, 速度奖励:-853.0989084540025, 加速度奖励:-185.35718157603407, 交通灯奖励:1019.850000000115, 与前车进行交互的惩罚:0.0
Episode:94/100, Reward:-18.6060900300357
Episode:94/100, avg speed:12.634235867028039
Episode:94/100, avg halt num:0.02164573694646398
Episode:94/100, avg elec cons:0.6540452866672624
 Retrying in 1 seconds
Warning: Unused states in tlLogic 'J10', program '0' in phase 0 after tl-index 10
Simulation......
总奖励:-230.50521926480056, 速度奖励:-1124.4794352659906, 加速度奖励:-231.48578399880296, 交通灯奖励:1125.46000000002, 与前车进行交互的惩罚:0.0
Episode:95/100, Reward:-230.50521926480056
Episode:95/100, avg speed:11.067205598275411
Episode:95/100, avg halt num:0.06252332960059724
Episode:95/100, avg elec cons:0.5319367388013725
 Retrying in 1 seconds
Warning: Unused states in tlLogic 'J10', program '0' in phase 0 after tl-index 10
Simulation......
总奖励:-54.83887544773107, 速度奖励:-1000.3085025030081, 加速度奖励:-179.6303729447314, 交通灯奖励:1125.1000000000138, 与前车进行交互的惩罚:0.0
Episode:96/100, Reward:-54.83887544773107
Episode:96/100, avg speed:11.583862012229453
Episode:96/100, avg halt num:0.025645896656534953
Episode:96/100, avg elec cons:0.5700262695377171
 Retrying in 1 seconds
Warning: Unused states in tlLogic 'J10', program '0' in phase 0 after tl-index 10
Simulation......
总奖励:-216.73928951417332, 速度奖励:-1125.2606076269994, 加速度奖励:-245.73868188717546, 交通灯奖励:1154.2599999999898, 与前车进行交互的惩罚:0.0
Episode:97/100, Reward:-216.73928951417332
Episode:97/100, avg speed:11.489852720806036
Episode:97/100, avg halt num:0.09531189461449051
Episode:97/100, avg elec cons:0.5610104170990645
 Retrying in 1 seconds
Warning: Unused states in tlLogic 'J10', program '0' in phase 0 after tl-index 10
Simulation......
总奖励:22.16642304864368, 速度奖励:-803.3878939590068, 加速度奖励:-176.30568299235617, 交通灯奖励:1001.8600000001088, 与前车进行交互的惩罚:0.0
Episode:98/100, Reward:22.16642304864368
Episode:98/100, avg speed:11.745708394184767
Episode:98/100, avg halt num:0.018442622950819672
Episode:98/100, avg elec cons:0.8658506746059637
 Retrying in 1 seconds
Warning: Unused states in tlLogic 'J10', program '0' in phase 0 after tl-index 10
Simulation......
总奖励:157.626970556312, 速度奖励:-658.5519200130035, 加速度奖励:-133.9911094306879, 交通灯奖励:950.1700000000868, 与前车进行交互的惩罚:0.0
Episode:99/100, Reward:157.626970556312
Episode:99/100, avg speed:13.652015726360007
Episode:99/100, avg halt num:0.001812219537452537
Episode:99/100, avg elec cons:0.9630742393112217
 Retrying in 1 seconds
Warning: Unused states in tlLogic 'J10', program '0' in phase 0 after tl-index 10
Simulation......
总奖励:8.65672264423071, 速度奖励:-769.9696785360063, 加速度奖励:-185.59359881976837, 交通灯奖励:964.2200000000871, 与前车进行交互的惩罚:0.0
Episode:100/100, Reward:8.65672264423071
Episode:100/100, avg speed:13.138098289151012
Episode:100/100, avg halt num:0.008677685950413223
Episode:100/100, avg elec cons:0.7731666982944667
model saved successfully!
Complete training!
final reward list:[-1456.1458346613622, -1690.6663046983501, -1549.0344278826892, -854.5893648216879, -458.8152908812791, -1027.1529592510099, -1192.9384631980752, -1107.079568705836, -1103.7865747820892, -757.3253065621111, -593.8096455804058, -540.0322549653888, -444.24483322657306, -766.8630184792736, -267.19903416021714, -381.0582165370896, -234.50046587375718, -179.80128892040406, -340.0370959178798, -181.42731732402095, -592.9248684374963, -304.0082976592626, 9.00064555218421, -21.72839138886769, 42.39006442078359, -48.4149499917214, 51.68704042517028, -3.197574149686485, -59.03800742984605, -256.44026032086106, -466.42158520097246, -297.4780041138266, -586.3300320109444, -769.0357969943228, -186.1560052330209, -33.33237518486675, -1071.8561252165812, -6617.294627669337, -6688.159522797809, -6389.299133882973, -1194.118439574626, -1221.109107751586, -1135.3392100451065, -1153.97013573292, -1202.6074759909188, -1106.972972727049, -723.552208885519, -322.31518912206684, -123.40737135046074, -85.7348837596517, -180.830565023831, -161.80794553672828, -462.342251695121, -876.1688499819759, -98.6357617915837, 1.530760511317115, -282.6144553392397, -1409.9801735593478, -730.4753728475558, -183.23967176137668, -397.2908999253559, -275.01493267929646, -795.89336137091, -1193.0161233662247, -393.8402427852881, -81.74352813679205, -160.15791105502407, -278.0842074520522, -158.64384271453775, 50.58302162477031, 21.16236408946635, -249.5543752946886, -208.54198828612607, -144.90590217393958, -328.16565347583037, -309.1216925893219, -126.10033136276446, 56.79392492258364, -6.713965326798969, -50.51636884313966, -190.7523086070409, -42.80811073284739, 13.358707770548703, 73.7523658030849, -56.64262789962731, -102.36164615689815, -63.04367439536609, 36.759546217195144, -45.05443544877932, -14.37746595758861, 32.62839172704363, 53.811847943168864, 25.187475330019904, -18.6060900300357, -230.50521926480056, -54.83887544773107, -216.73928951417332, 22.16642304864368, 157.626970556312, 8.65672264423071]
final speed list:[14.437917980568516, 14.017458994774065, 13.853940091948779, 13.87269967685925, 14.532599573295071, 15.25889058885488, 15.67261017895215, 15.719985024535253, 15.483078441855385, 14.889346026397783, 15.401936002415566, 15.047063291953556, 14.919542704759765, 12.667224934863706, 14.67173227329707, 12.48689534373884, 13.591107681334782, 12.650005396105135, 13.663652484328539, 14.416892708217501, 11.257245714352207, 11.717680335885651, 13.628297147687984, 13.065436302338869, 13.51254058245865, 12.298768066561458, 13.392262064695966, 11.79193405053267, 11.638453030439937, 11.510421230429628, 10.652025696680123, 10.946700127852022, 11.3853900933445, 10.843382030652322, 12.601474342813248, 13.58121370459291, 10.222535842550487, 6.7497828507248, 6.481195303101103, 7.981951239053216, 14.795407229051738, 15.246319085539923, 15.076313671895885, 15.406946855992196, 14.858867052580106, 15.895735350088922, 13.429361839195126, 13.527510143416405, 13.72055666401704, 12.093122637278647, 12.36972610410003, 12.108277663718683, 14.901437551129868, 13.985809650024105, 13.389988215068744, 12.731731033176942, 10.490106950413733, 8.198074719286486, 10.4968920784603, 11.791959844013533, 10.099512310024167, 10.896029943463192, 10.879716799163932, 9.41095457890089, 10.89739915952608, 12.742535298524352, 12.443151488960545, 11.858753183722198, 12.090659687474542, 12.970858255374543, 14.319275373873051, 11.480036992767722, 12.260323374702446, 12.459741748371842, 11.662011566926981, 10.788583624845133, 11.937668212429571, 12.152662877325291, 12.096798724132606, 11.856727759506041, 11.279033692036577, 11.646971848738342, 12.730942686091497, 12.078097907388978, 12.400975909874164, 12.22268485670565, 11.448205897436996, 13.151760160958153, 12.391581555997737, 12.242400462233023, 12.028763532045385, 12.355972174784517, 12.32435289218572, 12.634235867028039, 11.067205598275411, 11.583862012229453, 11.489852720806036, 11.745708394184767, 13.652015726360007, 13.138098289151012]
final elec cons list:[1.762902998089894, 1.8991220424325361, 1.3819546567211936, 1.5491358676249876, 1.812337908678586, 2.2132382260923342, 2.221087220208932, 2.076951873001851, 2.0846750603973208, 2.0212778253866537, 2.0356669645901717, 2.037386956247477, 1.6435951269271682, 1.1249982754251464, 1.798659670731437, 0.9361499100395749, 1.2933977222629762, 1.3782712368403223, 1.95735646776651, 1.352417715906821, 0.6365478519259187, 0.7758648239682351, 0.9630469955044252, 1.0491112224933719, 1.0274661852137594, 1.196219604893842, 1.3122730174218824, 1.013296422764741, 0.693028768662861, 0.5491000742247384, 0.48487665402814417, 0.7376441879531261, 0.7900879551718532, 0.43754500617235187, 1.2007222247342078, 1.4964123241884406, 0.7556176624367964, 0.7776909937138231, 0.5995431432272887, 1.0711329819888775, 2.5523325683497147, 2.436441731356108, 2.597793910921461, 2.4610701278620164, 2.5070466007609804, 2.163648429581353, 1.9054380890898974, 1.8603731628925546, 0.973508072724664, 0.7237360594869298, 0.7017487719579721, 1.0272166007302062, 2.1772399825274062, 1.3930572065927205, 1.656884674772322, 0.9753016130670251, 0.5742353395516957, 0.3938825340117107, 0.4246848205179681, 0.40354055738810485, 0.3941576347913483, 0.3747809249408166, 0.3031802025856142, 0.3629796717941371, 0.3780942242007675, 0.4245168017911875, 0.49255339960316674, 0.5096637753008304, 0.701028084236258, 1.0523592738840055, 1.4108294471081384, 0.8527615413498422, 0.6618973805808946, 0.7050997795435395, 0.5323060430661405, 0.5728413031193034, 0.6850252519613919, 0.7535440827027836, 0.7321767136097647, 0.6275394814685318, 0.6019077936075352, 0.717290471901995, 0.6578581807148016, 0.8162240969035189, 0.6546832169994145, 0.5956980303279557, 0.73280515214307, 0.8004101678536917, 0.746337361461678, 0.7403284243208043, 0.8178443271140751, 0.8286652580326115, 0.9160995880598195, 0.6540452866672624, 0.5319367388013725, 0.5700262695377171, 0.5610104170990645, 0.8658506746059637, 0.9630742393112217, 0.7731666982944667]
final halt list:[0.3433744722312439, 0.4596020761245675, 0.323562661498708, 0.23849693251533743, 0.1755297880847661, 0.2587593850554165, 0.25403641360357265, 0.22243226212980466, 0.23071916693784575, 0.24472388322194866, 0.18995342648037258, 0.1878434065934066, 0.15690344403444034, 0.23992641906096707, 0.14475614228089476, 0.2125, 0.1087589989715461, 0.1344, 0.09603658536585366, 0.12957723035952065, 0.19477186311787073, 0.0509478672985782, 0.005888125613346418, 0.0036136662286465177, 0.005170113408939293, 0.00913937547600914, 0.0025252525252525255, 0.03238906497622821, 0.0515982636148382, 0.05473472128945601, 0.1197641675466385, 0.060360524399126, 0.09378068739770867, 0.19939104674127717, 0.035971871619185, 0.031193490054249547, 0.19857414448669203, 0.3870967741935484, 0.4766422193877551, 0.3797161336687028, 0.22399635036496351, 0.28960964408725604, 0.29199372056514916, 0.2778817365269461, 0.312426614481409, 0.22714521452145214, 0.19251134644478063, 0.1533844942935852, 0.06724511930585683, 0.027495769881556685, 0.03718809980806142, 0.0014342058085335247, 0.06977135171486214, 0.24376083188908146, 0.09102268358323722, 0.03293949158610813, 0.10535019455252918, 0.5435160169818603, 0.20228519195612432, 0.06170076726342711, 0.11023325808878856, 0.05552746882372767, 0.24165901438628712, 0.4123609616074632, 0.12640944326990838, 0.023742138364779876, 0.01821668264621285, 0.0703406485424173, 0.012728658536585365, 0.007722007722007722, 0.010750909692358585, 0.11083929243507716, 0.03787215411558669, 0.04689655172413793, 0.07364341085271318, 0.07852193995381063, 0.015819209039548022, 0.01037344398340249, 0.0031380753138075313, 0.003931623931623932, 0.03226652675760756, 0.015362035225048924, 0.005050505050505051, 0.011909410386567747, 0.030823058980339886, 0.061742424242424244, 0.04093327875562833, 0.006610169491525424, 0.03895985401459854, 0.03460506134969325, 0.019574306347396427, 0.006305637982195846, 0.021725700164744646, 0.02164573694646398, 0.06252332960059724, 0.025645896656534953, 0.09531189461449051, 0.018442622950819672, 0.001812219537452537, 0.008677685950413223]
speed reward list:[-930.6574919819515, -1184.5730724479397, -977.91966620996, -573.9940772819725, -482.13917983798336, -519.3524390939708, -521.5906282319733, -482.8062847049721, -513.2470877009715, -549.8984233349681, -507.6549815669769, -518.4395745209775, -556.8989443919792, -1018.4483525219723, -546.8876776799843, -840.266791901972, -696.2408317349848, -654.9093822599893, -682.6165444619905, -565.2465027299861, -1267.792881434987, -1028.080074879008, -632.0672310420049, -725.5171958040117, -662.4530927010059, -853.6875302520101, -668.5082703630053, -791.682802641002, -933.7423232790003, -1115.3848383089999, -1432.3802809769809, -1210.4585170379983, -1116.6337515599844, -1543.090281650968, -895.6485435150049, -603.8138570130006, -1302.3210853889793, -3200.3421976621707, -3509.902792593299, -3022.7890937042957, -574.2410885909713, -535.9831344269713, -521.7991587719724, -522.464524982972, -556.7112837809702, -485.26838760597644, -767.3063671349782, -646.5735558269798, -654.2153200169952, -922.4099172450034, -998.7581774249971, -959.5152936000098, -495.4424318729828, -706.8670750979775, -585.1054111769929, -757.2758613300012, -1147.6742219549913, -2298.1963201740396, -1639.4842250549664, -1119.8637683279953, -1381.9706567729895, -1225.9478612159978, -1742.8835016629607, -2144.7559354499476, -1402.5478858559939, -1045.610562168008, -1039.1300667630073, -1199.7802008899978, -996.9022744200108, -732.2506313850032, -576.9535697640002, -972.5831680679938, -960.9595781669979, -1000.2054468780027, -1273.9740381630004, -1233.017611191005, -970.7169336660039, -791.6837574330067, -908.722940769015, -956.6116299360076, -1026.7965911160047, -894.9193702200041, -838.8321589440111, -803.4101017110067, -948.8512360980047, -964.994915204991, -948.1688129160003, -746.5889544210089, -814.7894262030013, -829.3209836669985, -810.5831629110062, -738.3146954760037, -792.5268208050045, -853.0989084540025, -1124.4794352659906, -1000.3085025030081, -1125.2606076269994, -803.3878939590068, -658.5519200130035, -769.9696785360063]
accel reward list:[-711.2383426792711, -681.333232250229, -710.9547616726031, -455.2052875396524, -381.9261110432828, -702.4905201569527, -792.9078349660034, -769.8232840007649, -748.0994870810134, -559.3268832270702, -548.5046640133887, -515.8426804443811, -445.63588883457913, -444.4046659572346, -401.4613564802264, -369.93142463509787, -336.38963413876064, -312.36190666040756, -443.19055145587714, -338.8508145940268, -408.52198700248346, -362.53822278026655, -292.3521234058141, -267.41119558486605, -237.2968428782158, -245.28741973972305, -231.7146892118288, -231.11477150868564, -249.07568415084796, -317.5554220118623, -324.42130422397514, -326.2294870758277, -532.4462804509391, -470.11551534329135, -259.48746171802054, -279.15851817186626, -891.1750398275512, -4235.032430007114, -4030.8667302045683, -4221.980040178805, -927.3373509835565, -805.5559733245159, -771.1400512730347, -777.0256107498492, -795.8061922098417, -771.1345851209846, -580.2658417504831, -394.7916332950702, -316.06205133346504, -230.60496651465127, -250.2223875988319, -269.1826519367294, -559.0798198221173, -517.5217748839212, -242.45035061458591, -211.53337815868363, -314.7202333842403, -579.213853385193, -362.89114779253254, -233.43590343337794, -269.0102431523537, -282.5470714632959, -434.38985970786877, -406.69018791613706, -245.57235692929115, -194.762965968792, -242.89784429202427, -275.134006562053, -238.3215682945382, -170.99634699023002, -240.86406614653256, -352.1412072266906, -336.54241011912904, -242.990455295941, -285.1216153128313, -247.3540813983233, -221.64339769676403, -170.36231764441587, -174.8810245577985, -193.68473890713764, -254.2257174910389, -202.73874051284722, -176.35913328545146, -159.26753248591518, -186.06139180162745, -211.08673095189855, -192.33486147936614, -173.2614993618049, -208.30500924577905, -193.41648229058814, -168.86844536195684, -172.48345658083042, -176.0357038649792, -185.35718157603407, -231.48578399880296, -179.6303729447314, -245.73868188717546, -176.30568299235617, -133.9911094306879, -185.59359881976837]
tls reward list:[185.75000000004127, 175.2400000000497, 139.84000000002615, 174.6100000000318, 405.2499999999019, 194.690000000039, 121.5600000000235, 145.55000000002676, 157.56000000002444, 351.8999999999703, 462.34999999990345, 494.24999999989205, 558.2899999999047, 695.9899999999659, 681.1499999999795, 829.1400000000276, 798.1300000000123, 787.4700000000173, 785.7700000000194, 722.6699999999955, 1083.3900000000126, 1086.6100000000506, 933.4200000000806, 971.2000000000966, 942.1400000000806, 1050.5600000000916, 951.9100000000907, 1019.6000000001119, 1123.7800000000157, 1176.4999999999739, 1290.3799999998678, 1239.2099999999098, 1062.7500000000775, 1244.169999999895, 968.9800000000834, 849.6400000000489, 1121.6400000000283, 818.0800000000314, 852.60999999996, 855.4699999999857, 307.4599999999498, 120.43000000001898, 157.6000000000313, 145.52000000001848, 149.91000000002566, 149.43000000002272, 624.0199999999304, 719.0499999999909, 846.8700000000423, 1067.2800000000734, 1068.1500000000688, 1066.8900000000713, 592.1799999999508, 348.2199999999625, 728.9200000000006, 970.3400000000906, 1179.7799999999727, 1467.4299999996772, 1271.8999999998814, 1170.0599999999747, 1253.6899999998955, 1233.4799999999314, 1381.3799999997814, 1358.429999999781, 1254.2799999998813, 1158.6299999999874, 1121.870000000019, 1196.829999999957, 1076.5800000000725, 953.8300000000868, 838.9800000000478, 1075.1700000000665, 1088.9600000000512, 1098.2900000000434, 1230.9299999999162, 1171.2499999999613, 1066.260000000069, 1018.8400000001102, 1076.8900000000604, 1099.7800000000482, 1090.270000000051, 1054.8500000000836, 1028.5500000001086, 1036.430000000102, 1078.2700000000666, 1073.7200000000685, 1077.460000000066, 956.6100000000894, 978.0400000000947, 1008.3600000001113, 1012.0800000001103, 964.6100000000931, 993.7500000000996, 1019.850000000115, 1125.46000000002, 1125.1000000000138, 1154.2599999999898, 1001.8600000001088, 950.1700000000868, 964.2200000000871]
extra reward list:[0.0, 0.0, 0.0, 0.0, 0.0, 0.0, 0.0, 0.0, 0.0, 0.0, 0.0, 0.0, 0.0, 0.0, 0.0, 0.0, 0.0, 0.0, 0.0, 0.0, 0.0, 0.0, 0.0, 0.0, 0.0, 0.0, 0.0, 0.0, 0.0, 0.0, 0.0, 0.0, 0.0, 0.0, 0.0, 0.0, 0.0, 0.0, 0.0, 0.0, 0.0, 0.0, 0.0, 0.0, 0.0, 0.0, 0.0, 0.0, 0.0, 0.0, 0.0, 0.0, 0.0, 0.0, 0.0, 0.0, 0.0, 0.0, 0.0, 0.0, 0.0, 0.0, 0.0, 0.0, 0.0, 0.0, 0.0, 0.0, 0.0, 0.0, 0.0, 0.0, 0.0, 0.0, 0.0, 0.0, 0.0, 0.0, 0.0, 0.0, 0.0, 0.0, 0.0, 0.0, 0.0, 0.0, 0.0, 0.0, 0.0, 0.0, 0.0, 0.0, 0.0, 0.0, 0.0, 0.0, 0.0, 0.0, 0.0, 0.0]
