nohup: 忽略输入
Env:sumo, Algorithm:TD3, Device:cuda
-----------------------------------------
models/reward_s5e-2(-5, 1)_a4e-2_t(-2_0.1)_safe(3, -0.7)_1979.pth
-----------------------------------------
 Retrying in 1 seconds
Warning: Unused states in tlLogic 'J10', program '0' in phase 0 after tl-index 10
Simulation......
总奖励:-80287.68766316131, 速度奖励:-16271.0, 加速度奖励:-3112.987663162714, 交通灯奖励:-52900.60000003448, 与前车进行交互的惩罚:-8003.099999998547
Episode:1/100, Reward:-80287.68766316131
Episode:1/100, avg speed:6.207019508369482
Episode:1/100, avg halt num:0.6990298087739033
Episode:1/100, avg elec cons:0.26524269961829244
 Retrying in 1 seconds
Warning: Unused states in tlLogic 'J10', program '0' in phase 0 after tl-index 10
Simulation......
总奖励:-82702.77244220278, 速度奖励:-16419.0, 加速度奖励:-3095.672442205362, 交通灯奖励:-54544.500000034976, 与前车进行交互的惩罚:-8643.599999998967
Episode:2/100, Reward:-82702.77244220278
Episode:2/100, avg speed:5.813390451265509
Episode:2/100, avg halt num:0.7189753605769231
Episode:2/100, avg elec cons:0.2811505870167173
 Retrying in 1 seconds
Warning: Unused states in tlLogic 'J10', program '0' in phase 0 after tl-index 10
Simulation......
总奖励:-58581.77314895234, 速度奖励:-11210.7, 加速度奖励:-8001.173148948588, 交通灯奖励:-36102.30000001719, 与前车进行交互的惩罚:-3267.599999999777
Episode:3/100, Reward:-58581.77314895234
Episode:3/100, avg speed:5.994189927934414
Episode:3/100, avg halt num:0.3562389640965274
Episode:3/100, avg elec cons:0.6984906089054067
 Retrying in 1 seconds
Warning: Unused states in tlLogic 'J10', program '0' in phase 0 after tl-index 10
Simulation......
总奖励:-53314.85208614661, 速度奖励:-10266.200000000008, 加速度奖励:-7394.752086143995, 交通灯奖励:-32611.000000014654, 与前车进行交互的惩罚:-3042.8999999998355
Episode:4/100, Reward:-53314.85208614661
Episode:4/100, avg speed:6.247007804669766
Episode:4/100, avg halt num:0.2675866711544934
Episode:4/100, avg elec cons:0.8063740414099221
 Retrying in 1 seconds
Warning: Unused states in tlLogic 'J10', program '0' in phase 0 after tl-index 10
Simulation......
总奖励:-30587.61616307995, 速度奖励:-6251.649999999931, 加速度奖励:-3766.3661630785696, 交通灯奖励:-18050.299999998882, 与前车进行交互的惩罚:-2519.2999999999715
Episode:5/100, Reward:-30587.61616307995
Episode:5/100, avg speed:8.564654051485757
Episode:5/100, avg halt num:0.16459320695102686
Episode:5/100, avg elec cons:1.6171362401549765
 Retrying in 1 seconds
Warning: Unused states in tlLogic 'J10', program '0' in phase 0 after tl-index 10
Simulation......
总奖励:-16260.438750659696, 速度奖励:-3549.7999999999297, 加速度奖励:-1541.2387506603445, 交通灯奖励:-9485.199999998102, 与前车进行交互的惩罚:-1684.2000000000703
Episode:6/100, Reward:-16260.438750659696
Episode:6/100, avg speed:12.8821530285796
Episode:6/100, avg halt num:0.1889265335235378
Episode:6/100, avg elec cons:2.312479472588244
 Retrying in 1 seconds
Warning: Unused states in tlLogic 'J10', program '0' in phase 0 after tl-index 10
Simulation......
总奖励:-17649.03950508684, 速度奖励:-4204.750000000005, 加速度奖励:-1865.7895050873638, 交通灯奖励:-10496.299999997915, 与前车进行交互的惩罚:-1082.2000000000312
Episode:7/100, Reward:-17649.03950508684
Episode:7/100, avg speed:11.712404859484698
Episode:7/100, avg halt num:0.23298346055979643
Episode:7/100, avg elec cons:1.6784264388877028
 Retrying in 1 seconds
Warning: Unused states in tlLogic 'J10', program '0' in phase 0 after tl-index 10
Simulation......
总奖励:-8358.998203701043, 速度奖励:-2505.3499999999894, 加速度奖励:-1085.348203701455, 交通灯奖励:-4161.400000000441, 与前车进行交互的惩罚:-606.9000000000003
Episode:8/100, Reward:-8358.998203701043
Episode:8/100, avg speed:14.248006336335177
Episode:8/100, avg halt num:0.09860150848522942
Episode:8/100, avg elec cons:2.0749019702192215
 Retrying in 1 seconds
Warning: Unused states in tlLogic 'J10', program '0' in phase 0 after tl-index 10
Simulation......
总奖励:-10611.514234482363, 速度奖励:-3402.299999999914, 加速度奖励:-1417.8142344825492, 交通灯奖励:-4771.499999999771, 与前车进行交互的惩罚:-1019.9000000000271
Episode:9/100, Reward:-10611.514234482363
Episode:9/100, avg speed:12.59518707422024
Episode:9/100, avg halt num:0.10759700032605152
Episode:9/100, avg elec cons:1.4059293293151518
 Retrying in 1 seconds
Warning: Unused states in tlLogic 'J10', program '0' in phase 0 after tl-index 10
Simulation......
总奖励:-6688.913650670563, 速度奖励:-2463.5999999999967, 加速度奖励:-970.3136506707947, 交通灯奖励:-2717.4000000004135, 与前车进行交互的惩罚:-537.5999999999958
Episode:10/100, Reward:-6688.913650670563
Episode:10/100, avg speed:14.494571277117112
Episode:10/100, avg halt num:0.10666431593794076
Episode:10/100, avg elec cons:2.5189688124699776
 Retrying in 1 seconds
Warning: Unused states in tlLogic 'J10', program '0' in phase 0 after tl-index 10
Simulation......
总奖励:-10631.84781452469, 速度奖励:-2720.3499999999826, 加速度奖励:-1191.0978145251547, 交通灯奖励:-6019.6999999995005, 与前车进行交互的惩罚:-700.7000000000064
Episode:11/100, Reward:-10631.84781452469
Episode:11/100, avg speed:14.704217870264003
Episode:11/100, avg halt num:0.15497163332338013
Episode:11/100, avg elec cons:1.9453731337315763
 Retrying in 1 seconds
Warning: Unused states in tlLogic 'J10', program '0' in phase 0 after tl-index 10
Simulation......
总奖励:-31981.604402562447, 速度奖励:-8017.199999999932, 加速度奖励:-3029.4044025588855, 交通灯奖励:-17091.299999995525, 与前车进行交互的惩罚:-3843.6999999996274
Episode:12/100, Reward:-31981.604402562447
Episode:12/100, avg speed:8.460157820968544
Episode:12/100, avg halt num:0.6029273638071384
Episode:12/100, avg elec cons:0.6092857408668204
 Retrying in 1 seconds
Warning: Unused states in tlLogic 'J10', program '0' in phase 0 after tl-index 10
Simulation......
总奖励:-14526.816002311833, 速度奖励:-4289.949999999902, 加速度奖励:-1977.5660023123087, 交通灯奖励:-6500.899999997273, 与前车进行交互的惩罚:-1758.4000000000751
Episode:13/100, Reward:-14526.816002311833
Episode:13/100, avg speed:11.425378454475114
Episode:13/100, avg halt num:0.11881868131868131
Episode:13/100, avg elec cons:1.1030506988005295
 Retrying in 1 seconds
Warning: Unused states in tlLogic 'J10', program '0' in phase 0 after tl-index 10
Simulation......
总奖励:-7907.934067174866, 速度奖励:-3158.849999999943, 加速度奖励:-1573.4840671748966, 交通灯奖励:-2299.2000000005005, 与前车进行交互的惩罚:-876.4000000000178
Episode:14/100, Reward:-7907.934067174866
Episode:14/100, avg speed:12.253975785261634
Episode:14/100, avg halt num:0.016262860935944243
Episode:14/100, avg elec cons:1.4823599535310383
 Retrying in 1 seconds
Warning: Unused states in tlLogic 'J10', program '0' in phase 0 after tl-index 10
Simulation......
总奖励:-8868.287056476187, 速度奖励:-3673.099999999924, 加速度奖励:-1544.2870564762388, 交通灯奖励:-2749.30000000079, 与前车进行交互的惩罚:-901.6000000000195
Episode:15/100, Reward:-8868.287056476187
Episode:15/100, avg speed:11.70506875249964
Episode:15/100, avg halt num:0.031792419411973076
Episode:15/100, avg elec cons:1.1980183271680145
 Retrying in 1 seconds
Warning: Unused states in tlLogic 'J10', program '0' in phase 0 after tl-index 10
Simulation......
总奖励:-7591.465862052467, 速度奖励:-3309.9999999999513, 加速度奖励:-1329.865862052454, 交通灯奖励:-2084.30000000057, 与前车进行交互的惩罚:-867.3000000000172
Episode:16/100, Reward:-7591.465862052467
Episode:16/100, avg speed:11.600951775470493
Episode:16/100, avg halt num:0.020134839650145772
Episode:16/100, avg elec cons:1.6663348313938853
 Retrying in 1 seconds
Warning: Unused states in tlLogic 'J10', program '0' in phase 0 after tl-index 10
Simulation......
总奖励:-8958.230405297518, 速度奖励:-4102.649999999911, 加速度奖励:-1265.9804052977324, 交通灯奖励:-2494.800000000813, 与前车进行交互的惩罚:-1094.800000000032
Episode:17/100, Reward:-8958.230405297518
Episode:17/100, avg speed:11.391284395073034
Episode:17/100, avg halt num:0.13653106982703395
Episode:17/100, avg elec cons:0.8621153926305266
 Retrying in 1 seconds
Warning: Unused states in tlLogic 'J10', program '0' in phase 0 after tl-index 10
Simulation......
总奖励:-9011.408908360527, 速度奖励:-3864.449999999919, 加速度奖励:-1245.2589083605076, 交通灯奖励:-2797.8000000008956, 与前车进行交互的惩罚:-1103.9000000000326
Episode:18/100, Reward:-9011.408908360527
Episode:18/100, avg speed:10.21371804530774
Episode:18/100, avg halt num:0.07132908873855949
Episode:18/100, avg elec cons:1.2650980089623356
 Retrying in 1 seconds
Warning: Unused states in tlLogic 'J10', program '0' in phase 0 after tl-index 10
Simulation......
总奖励:-8425.170943016381, 速度奖励:-3857.4499999999384, 加速度奖励:-1237.6209430164488, 交通灯奖励:-2030.2000000006485, 与前车进行交互的惩罚:-1299.9000000000453
Episode:19/100, Reward:-8425.170943016381
Episode:19/100, avg speed:11.230013976783399
Episode:19/100, avg halt num:0.05053191489361702
Episode:19/100, avg elec cons:0.9847137283712276
 Retrying in 1 seconds
Warning: Unused states in tlLogic 'J10', program '0' in phase 0 after tl-index 10
Simulation......
总奖励:-9239.662692015649, 速度奖励:-4344.799999999936, 加速度奖励:-1096.9626920158826, 交通灯奖励:-2488.900000000785, 与前车进行交互的惩罚:-1309.000000000046
Episode:20/100, Reward:-9239.662692015649
Episode:20/100, avg speed:11.208551379900985
Episode:20/100, avg halt num:0.1252382465057179
Episode:20/100, avg elec cons:0.697245727998576
 Retrying in 1 seconds
Warning: Unused states in tlLogic 'J10', program '0' in phase 0 after tl-index 10
Simulation......
总奖励:-9103.30818876097, 速度奖励:-4074.9999999999404, 加速度奖励:-1132.708188761167, 交通灯奖励:-2535.500000000895, 与前车进行交互的惩罚:-1360.1000000000492
Episode:21/100, Reward:-9103.30818876097
Episode:21/100, avg speed:10.697673574174726
Episode:21/100, avg halt num:0.0856558900037161
Episode:21/100, avg elec cons:0.9344242982758875
 Retrying in 1 seconds
Warning: Unused states in tlLogic 'J10', program '0' in phase 0 after tl-index 10
Simulation......
总奖励:-8850.924681802073, 速度奖励:-3912.4499999999575, 加速度奖励:-1043.6746818022373, 交通灯奖励:-2536.800000000796, 与前车进行交互的惩罚:-1358.000000000049
Episode:22/100, Reward:-8850.924681802073
Episode:22/100, avg speed:11.356337248592897
Episode:22/100, avg halt num:0.0655383507382067
Episode:22/100, avg elec cons:0.9893549465090344
 Retrying in 1 seconds
Warning: Unused states in tlLogic 'J10', program '0' in phase 0 after tl-index 10
Simulation......
总奖励:-7812.081808420607, 速度奖励:-3787.9499999999416, 加速度奖励:-1040.1318084206225, 交通灯奖励:-1768.8000000005356, 与前车进行交互的惩罚:-1215.2000000000398
Episode:23/100, Reward:-7812.081808420607
Episode:23/100, avg speed:11.758592083801348
Episode:23/100, avg halt num:0.03700097370983447
Episode:23/100, avg elec cons:0.9545169481099038
 Retrying in 1 seconds
Warning: Unused states in tlLogic 'J10', program '0' in phase 0 after tl-index 10
Simulation......
总奖励:-7633.949428366869, 速度奖励:-3695.9499999999334, 加速度奖励:-1067.299428366849, 交通灯奖励:-1788.5000000005657, 与前车进行交互的惩罚:-1082.2000000000312
Episode:24/100, Reward:-7633.949428366869
Episode:24/100, avg speed:11.846960906138708
Episode:24/100, avg halt num:0.0285829307568438
Episode:24/100, avg elec cons:1.0891520057546478
 Retrying in 1 seconds
Warning: Unused states in tlLogic 'J10', program '0' in phase 0 after tl-index 10
Simulation......
总奖励:-7371.103311247264, 速度奖励:-3575.5999999999276, 加速度奖励:-1066.4033112472746, 交通灯奖励:-1751.2000000005553, 与前车进行交互的惩罚:-977.9000000000244
Episode:25/100, Reward:-7371.103311247264
Episode:25/100, avg speed:11.950575695936703
Episode:25/100, avg halt num:0.028079710144927536
Episode:25/100, avg elec cons:1.1445012563044867
 Retrying in 1 seconds
Warning: Unused states in tlLogic 'J10', program '0' in phase 0 after tl-index 10
Simulation......
总奖励:-8016.123132163135, 速度奖励:-3809.949999999948, 加速度奖励:-1099.0731321631124, 交通灯奖励:-2054.300000000623, 与前车进行交互的惩罚:-1052.8000000000293
Episode:26/100, Reward:-8016.123132163135
Episode:26/100, avg speed:11.24154376929142
Episode:26/100, avg halt num:0.03655572176514585
Episode:26/100, avg elec cons:1.2628973537747816
 Retrying in 1 seconds
Warning: Unused states in tlLogic 'J10', program '0' in phase 0 after tl-index 10
Simulation......
总奖励:-6509.556264675085, 速度奖励:-3456.5999999999294, 加速度奖励:-993.2562646751394, 交通灯奖励:-1222.500000000028, 与前车进行交互的惩罚:-837.2000000000153
Episode:27/100, Reward:-6509.556264675085
Episode:27/100, avg speed:11.840038271066334
Episode:27/100, avg halt num:0.02231543624161074
Episode:27/100, avg elec cons:1.1921751108403276
 Retrying in 1 seconds
Warning: Unused states in tlLogic 'J10', program '0' in phase 0 after tl-index 10
Simulation......
总奖励:-8858.618652538753, 速度奖励:-4166.049999999942, 加速度奖励:-1100.8686525389667, 交通灯奖励:-2433.2000000008143, 与前车进行交互的惩罚:-1158.5000000000362
Episode:28/100, Reward:-8858.618652538753
Episode:28/100, avg speed:9.888719181076628
Episode:28/100, avg halt num:0.12640776699029127
Episode:28/100, avg elec cons:0.963926786126471
 Retrying in 1 seconds
Warning: Unused states in tlLogic 'J10', program '0' in phase 0 after tl-index 10
Simulation......
总奖励:-8164.739801476613, 速度奖励:-4079.0999999999485, 加速度奖励:-1082.2398014767066, 交通灯奖励:-1730.1000000002539, 与前车进行交互的惩罚:-1273.3000000000436
Episode:29/100, Reward:-8164.739801476613
Episode:29/100, avg speed:10.34276906967886
Episode:29/100, avg halt num:0.10040983606557377
Episode:29/100, avg elec cons:0.7999614053141058
 Retrying in 1 seconds
Warning: Unused states in tlLogic 'J10', program '0' in phase 0 after tl-index 10
Simulation......
总奖励:-10690.724036912052, 速度奖励:-4185.799999999914, 加速度奖励:-1239.624036912433, 交通灯奖励:-4087.90000000102, 与前车进行交互的惩罚:-1177.4000000000374
Episode:30/100, Reward:-10690.724036912052
Episode:30/100, avg speed:10.771325767752435
Episode:30/100, avg halt num:0.1653719008264463
Episode:30/100, avg elec cons:0.8901584298530514
 Retrying in 1 seconds
Warning: Unused states in tlLogic 'J10', program '0' in phase 0 after tl-index 10
Simulation......
总奖励:-8361.47262682727, 速度奖励:-3784.149999999909, 加速度奖励:-980.9226268274597, 交通灯奖励:-2552.000000000522, 与前车进行交互的惩罚:-1044.4000000000287
Episode:31/100, Reward:-8361.47262682727
Episode:31/100, avg speed:11.568385331816605
Episode:31/100, avg halt num:0.161089001447178
Episode:31/100, avg elec cons:0.9238316647198486
 Retrying in 1 seconds
Warning: Unused states in tlLogic 'J10', program '0' in phase 0 after tl-index 10
Simulation......
总奖励:-7044.676405674944, 速度奖励:-3194.299999999943, 加速度奖励:-748.176405675075, 交通灯奖励:-2385.4000000004853, 与前车进行交互的惩罚:-716.8000000000075
Episode:32/100, Reward:-7044.676405674944
Episode:32/100, avg speed:12.144945386766384
Episode:32/100, avg halt num:0.14612546125461254
Episode:32/100, avg elec cons:1.1383642155188676
 Retrying in 1 seconds
Warning: Unused states in tlLogic 'J10', program '0' in phase 0 after tl-index 10
Simulation......
总奖励:-5629.072178246662, 速度奖励:-2787.4999999999736, 加速度奖励:-813.5721782467201, 交通灯奖励:-1342.0000000000414, 与前车进行交互的惩罚:-686.0000000000055
Episode:33/100, Reward:-5629.072178246662
Episode:33/100, avg speed:12.602296380793574
Episode:33/100, avg halt num:0.0796816158849709
Episode:33/100, avg elec cons:1.3328513723008344
 Retrying in 1 seconds
Warning: Unused states in tlLogic 'J10', program '0' in phase 0 after tl-index 10
Simulation......
总奖励:-6025.095914375818, 速度奖励:-3171.3499999999317, 加速度奖励:-867.5459143758195, 交通灯奖励:-1214.7999999999656, 与前车进行交互的惩罚:-771.400000000011
Episode:34/100, Reward:-6025.095914375818
Episode:34/100, avg speed:12.70776204629142
Episode:34/100, avg halt num:0.06230610134436401
Episode:34/100, avg elec cons:1.456082467198201
 Retrying in 1 seconds
Warning: Unused states in tlLogic 'J10', program '0' in phase 0 after tl-index 10
Simulation......
总奖励:-6555.2568030626, 速度奖励:-3164.8499999999276, 加速度奖励:-930.1068030626385, 交通灯奖励:-1670.700000000553, 与前车进行交互的惩罚:-789.6000000000122
Episode:35/100, Reward:-6555.2568030626
Episode:35/100, avg speed:12.472396319150052
Episode:35/100, avg halt num:0.06041666666666667
Episode:35/100, avg elec cons:1.7166865890912686
 Retrying in 1 seconds
Warning: Unused states in tlLogic 'J10', program '0' in phase 0 after tl-index 10
Simulation......
总奖励:-5585.464406825569, 速度奖励:-3261.299999999944, 加速度奖励:-784.6644068255956, 交通灯奖励:-767.3999999997753, 与前车进行交互的惩罚:-772.100000000011
Episode:36/100, Reward:-5585.464406825569
Episode:36/100, avg speed:12.17092577032889
Episode:36/100, avg halt num:0.015023389708528248
Episode:36/100, avg elec cons:1.4273445711368442
 Retrying in 1 seconds
Warning: Unused states in tlLogic 'J10', program '0' in phase 0 after tl-index 10
Simulation......
总奖励:-6574.522925766524, 速度奖励:-3419.3499999999167, 加速度奖励:-780.4729257665409, 交通灯奖励:-1501.1000000003392, 与前车进行交互的惩罚:-873.6000000000176
Episode:37/100, Reward:-6574.522925766524
Episode:37/100, avg speed:11.65072195795325
Episode:37/100, avg halt num:0.10878962536023054
Episode:37/100, avg elec cons:1.4540929363503907
 Retrying in 1 seconds
Warning: Unused states in tlLogic 'J10', program '0' in phase 0 after tl-index 10
Simulation......
总奖励:-6648.560122506094, 速度奖励:-3357.29999999996, 加速度奖励:-769.5601225061145, 交通灯奖励:-1741.2000000005628, 与前车进行交互的惩罚:-780.5000000000116
Episode:38/100, Reward:-6648.560122506094
Episode:38/100, avg speed:12.201808659953718
Episode:38/100, avg halt num:0.06640773020083365
Episode:38/100, avg elec cons:1.3036084702217148
 Retrying in 1 seconds
Warning: Unused states in tlLogic 'J10', program '0' in phase 0 after tl-index 10
Simulation......
总奖励:-6374.188038379846, 速度奖励:-3384.599999999962, 加速度奖励:-768.0880383798865, 交通灯奖励:-1513.8000000004151, 与前车进行交互的惩罚:-707.7000000000069
Episode:39/100, Reward:-6374.188038379846
Episode:39/100, avg speed:12.24449897161418
Episode:39/100, avg halt num:0.028080326752893126
Episode:39/100, avg elec cons:1.1540634525380777
 Retrying in 1 seconds
Warning: Unused states in tlLogic 'J10', program '0' in phase 0 after tl-index 10
Simulation......
总奖励:-5847.652610690679, 速度奖励:-3320.0999999999603, 加速度奖励:-759.5526106907038, 交通灯奖励:-1122.5999999999917, 与前车进行交互的惩罚:-645.4000000000028
Episode:40/100, Reward:-5847.652610690679
Episode:40/100, avg speed:12.250224148685316
Episode:40/100, avg halt num:0.04526015680684248
Episode:40/100, avg elec cons:1.1375315530781898
 Retrying in 1 seconds
Warning: Unused states in tlLogic 'J10', program '0' in phase 0 after tl-index 10
Simulation......
总奖励:-5287.3741229102025, 速度奖励:-3243.099999999952, 加速度奖励:-733.074122910164, 交通灯奖励:-746.299999999801, 与前车进行交互的惩罚:-564.8999999999976
Episode:41/100, Reward:-5287.3741229102025
Episode:41/100, avg speed:12.399502846404301
Episode:41/100, avg halt num:0.03501425516749822
Episode:41/100, avg elec cons:1.1445386527287764
 Retrying in 1 seconds
Warning: Unused states in tlLogic 'J10', program '0' in phase 0 after tl-index 10
Simulation......
总奖励:-5603.220847510922, 速度奖励:-3480.349999999972, 加速度奖励:-703.7708475109192, 交通灯奖励:-864.6999999997587, 与前车进行交互的惩罚:-554.3999999999969
Episode:42/100, Reward:-5603.220847510922
Episode:42/100, avg speed:11.857751189263356
Episode:42/100, avg halt num:0.036114221724524075
Episode:42/100, avg elec cons:1.0162639466547891
 Retrying in 1 seconds
Warning: Unused states in tlLogic 'J10', program '0' in phase 0 after tl-index 10
Simulation......
总奖励:-6057.889390837236, 速度奖励:-3332.4499999999703, 加速度奖励:-743.1393908372299, 交通灯奖励:-1381.0000000003656, 与前车进行交互的惩罚:-601.3
Episode:43/100, Reward:-6057.889390837236
Episode:43/100, avg speed:11.929341636876018
Episode:43/100, avg halt num:0.03056092843326886
Episode:43/100, avg elec cons:1.17837116696248
 Retrying in 1 seconds
Warning: Unused states in tlLogic 'J10', program '0' in phase 0 after tl-index 10
Simulation......
总奖励:-5605.302006467684, 速度奖励:-3482.8499999999267, 加速度奖励:-667.6520064676799, 交通灯奖励:-882.899999999823, 与前车进行交互的惩罚:-571.899999999998
Episode:44/100, Reward:-5605.302006467684
Episode:44/100, avg speed:12.021218151137557
Episode:44/100, avg halt num:0.049204052098408106
Episode:44/100, avg elec cons:0.9473341701839819
 Retrying in 1 seconds
Warning: Unused states in tlLogic 'J10', program '0' in phase 0 after tl-index 10
Simulation......
总奖励:-6713.459985418467, 速度奖励:-3897.7999999999565, 加速度奖励:-719.8599854185122, 交通灯奖励:-1453.9000000004798, 与前车进行交互的惩罚:-641.9000000000026
Episode:45/100, Reward:-6713.459985418467
Episode:45/100, avg speed:11.19189390663288
Episode:45/100, avg halt num:0.059334845049130766
Episode:45/100, avg elec cons:0.8212209846144723
 Retrying in 1 seconds
Warning: Unused states in tlLogic 'J10', program '0' in phase 0 after tl-index 10
Simulation......
总奖励:-7062.655468293101, 速度奖励:-4054.3499999999303, 加速度奖励:-790.505468293289, 交通灯奖励:-1645.2000000004336, 与前车进行交互的惩罚:-572.5999999999981
Episode:46/100, Reward:-7062.655468293101
Episode:46/100, avg speed:11.692696874903362
Episode:46/100, avg halt num:0.11480720606826801
Episode:46/100, avg elec cons:0.5837329651638852
 Retrying in 1 seconds
Warning: Unused states in tlLogic 'J10', program '0' in phase 0 after tl-index 10
Simulation......
总奖励:-7541.431060929927, 速度奖励:-4001.3499999999467, 加速度奖励:-867.2810609300919, 交通灯奖励:-2100.2000000003054, 与前车进行交互的惩罚:-572.5999999999981
Episode:47/100, Reward:-7541.431060929927
Episode:47/100, avg speed:10.753022592373062
Episode:47/100, avg halt num:0.13347921225382933
Episode:47/100, avg elec cons:0.82849014223256
 Retrying in 1 seconds
Warning: Unused states in tlLogic 'J10', program '0' in phase 0 after tl-index 10
Simulation......
总奖励:-8012.765154423267, 速度奖励:-3697.3499999999285, 加速度奖励:-948.2151544234525, 交通灯奖励:-2672.1000000007216, 与前车进行交互的惩罚:-695.100000000006
Episode:48/100, Reward:-8012.765154423267
Episode:48/100, avg speed:11.104209202843743
Episode:48/100, avg halt num:0.12832023943135054
Episode:48/100, avg elec cons:1.0875287169177743
 Retrying in 1 seconds
Warning: Unused states in tlLogic 'J10', program '0' in phase 0 after tl-index 10
Simulation......
总奖励:-6559.049767871161, 速度奖励:-3356.949999999939, 加速度奖励:-834.6997678712377, 交通灯奖励:-1899.8000000005138, 与前车进行交互的惩罚:-467.59999999999485
Episode:49/100, Reward:-6559.049767871161
Episode:49/100, avg speed:12.54694655478179
Episode:49/100, avg halt num:0.0713855421686747
Episode:49/100, avg elec cons:1.0153044947377559
 Retrying in 1 seconds
Warning: Unused states in tlLogic 'J10', program '0' in phase 0 after tl-index 10
Simulation......
总奖励:-6392.986369315006, 速度奖励:-3295.499999999961, 加速度奖励:-802.1863693151016, 交通灯奖励:-1831.2000000002547, 与前车进行交互的惩罚:-464.0999999999949
Episode:50/100, Reward:-6392.986369315006
Episode:50/100, avg speed:12.228336154626867
Episode:50/100, avg halt num:0.09411470490163387
Episode:50/100, avg elec cons:1.1850033103709607
 Retrying in 1 seconds
Warning: Unused states in tlLogic 'J10', program '0' in phase 0 after tl-index 10
Simulation......
总奖励:-12381.856575271184, 速度奖励:-5190.84999999993, 加速度奖励:-1098.906575271818, 交通灯奖励:-4902.799999999567, 与前车进行交互的惩罚:-1189.3000000000382
Episode:51/100, Reward:-12381.856575271184
Episode:51/100, avg speed:10.43978053100263
Episode:51/100, avg halt num:0.29081632653061223
Episode:51/100, avg elec cons:0.5543045078197939
 Retrying in 1 seconds
Warning: Unused states in tlLogic 'J10', program '0' in phase 0 after tl-index 10
Simulation......
总奖励:-13090.046067413132, 速度奖励:-5171.949999999939, 加速度奖励:-1129.096067413674, 交通灯奖励:-5511.499999998616, 与前车进行交互的惩罚:-1277.5000000000439
Episode:52/100, Reward:-13090.046067413132
Episode:52/100, avg speed:9.917612163439877
Episode:52/100, avg halt num:0.29442877291960506
Episode:52/100, avg elec cons:0.6425966887055949
 Retrying in 1 seconds
Warning: Unused states in tlLogic 'J10', program '0' in phase 0 after tl-index 10
Simulation......
总奖励:-6690.4643131573175, 速度奖励:-3580.549999999946, 加速度奖励:-739.9143131573763, 交通灯奖励:-1915.0000000003884, 与前车进行交互的惩罚:-454.99999999999505
Episode:53/100, Reward:-6690.4643131573175
Episode:53/100, avg speed:11.443844007967035
Episode:53/100, avg halt num:0.08338810384488991
Episode:53/100, avg elec cons:0.8011842802786052
 Retrying in 1 seconds
Warning: Unused states in tlLogic 'J10', program '0' in phase 0 after tl-index 10
Simulation......
总奖励:-9704.95914992985, 速度奖励:-4567.199999999929, 加速度奖励:-954.4591499302251, 交通灯奖励:-3225.000000000877, 与前车进行交互的惩罚:-958.3000000000231
Episode:54/100, Reward:-9704.95914992985
Episode:54/100, avg speed:10.278277418115223
Episode:54/100, avg halt num:0.18879395333552415
Episode:54/100, avg elec cons:0.6704248361558086
 Retrying in 1 seconds
Warning: Unused states in tlLogic 'J10', program '0' in phase 0 after tl-index 10
Simulation......
总奖励:-15146.377981657235, 速度奖励:-6133.149999999941, 加速度奖励:-1049.2279816580613, 交通灯奖励:-6483.499999997732, 与前车进行交互的惩罚:-1480.500000000057
Episode:55/100, Reward:-15146.377981657235
Episode:55/100, avg speed:7.932366738984945
Episode:55/100, avg halt num:0.41843971631205673
Episode:55/100, avg elec cons:0.4995600202082425
 Retrying in 1 seconds
Warning: Unused states in tlLogic 'J10', program '0' in phase 0 after tl-index 10
Simulation......
总奖励:-16997.634099592095, 速度奖励:-6344.049999999939, 加速度奖励:-1206.6840995927785, 交通灯奖励:-7760.599999996311, 与前车进行交互的惩罚:-1686.3000000000704
Episode:56/100, Reward:-16997.634099592095
Episode:56/100, avg speed:8.669986261125446
Episode:56/100, avg halt num:0.4068355308813324
Episode:56/100, avg elec cons:0.4212347498000603
 Retrying in 1 seconds
Warning: Unused states in tlLogic 'J10', program '0' in phase 0 after tl-index 10
Simulation......
总奖励:-12963.785192817602, 速度奖励:-5801.399999999945, 加速度奖励:-957.5851928184717, 交通灯奖励:-4739.699999998909, 与前车进行交互的惩罚:-1465.100000000056
Episode:57/100, Reward:-12963.785192817602
Episode:57/100, avg speed:8.315339941881252
Episode:57/100, avg halt num:0.4467938630999213
Episode:57/100, avg elec cons:0.480688836095844
 Retrying in 1 seconds
Warning: Unused states in tlLogic 'J10', program '0' in phase 0 after tl-index 10
Simulation......
总奖励:-14443.333879280692, 速度奖励:-6319.149999999936, 加速度奖励:-789.9838792817161, 交通灯奖励:-5383.999999998274, 与前车进行交互的惩罚:-1950.2000000000876
Episode:58/100, Reward:-14443.333879280692
Episode:58/100, avg speed:7.9778161525808375
Episode:58/100, avg halt num:0.5797405570392979
Episode:58/100, avg elec cons:0.44258156839828405
 Retrying in 1 seconds
Warning: Unused states in tlLogic 'J10', program '0' in phase 0 after tl-index 10
Simulation......
总奖励:-10782.107627913223, 速度奖励:-5151.74999999995, 加速度奖励:-781.9576279135483, 交通灯奖励:-3615.0000000011596, 与前车进行交互的惩罚:-1233.400000000041
Episode:59/100, Reward:-10782.107627913223
Episode:59/100, avg speed:10.099185869569645
Episode:59/100, avg halt num:0.27759197324414714
Episode:59/100, avg elec cons:0.5656811206668064
 Retrying in 1 seconds
Warning: Unused states in tlLogic 'J10', program '0' in phase 0 after tl-index 10
Simulation......
总奖励:-5213.905998924793, 速度奖励:-2637.8999999999696, 加速度奖励:-722.3059989248289, 交通灯奖励:-1372.799999999983, 与前车进行交互的惩罚:-480.89999999999463
Episode:60/100, Reward:-5213.905998924793
Episode:60/100, avg speed:13.433221449386073
Episode:60/100, avg halt num:0.0116661189615511
Episode:60/100, avg elec cons:1.4253215952362428
 Retrying in 1 seconds
Warning: Unused states in tlLogic 'J10', program '0' in phase 0 after tl-index 10
Simulation......
总奖励:-7074.777719386985, 速度奖励:-2847.949999999959, 加速度奖励:-737.3277193871422, 交通灯奖励:-2829.4000000006486, 与前车进行交互的惩罚:-660.1000000000038
Episode:61/100, Reward:-7074.777719386985
Episode:61/100, avg speed:12.651100183931701
Episode:61/100, avg halt num:0.0998439937597504
Episode:61/100, avg elec cons:1.600286790587544
 Retrying in 1 seconds
Warning: Unused states in tlLogic 'J10', program '0' in phase 0 after tl-index 10
Simulation......
总奖励:-6567.036531700383, 速度奖励:-3034.999999999946, 加速度奖励:-975.8365317005173, 交通灯奖励:-1831.0000000003479, 与前车进行交互的惩罚:-725.200000000008
Episode:62/100, Reward:-6567.036531700383
Episode:62/100, avg speed:12.80189531501089
Episode:62/100, avg halt num:0.06963001027749229
Episode:62/100, avg elec cons:1.8974577524080343
 Retrying in 1 seconds
Warning: Unused states in tlLogic 'J10', program '0' in phase 0 after tl-index 10
Simulation......
总奖励:-8331.365153265866, 速度奖励:-3461.449999999937, 加速度奖励:-1176.0151532659613, 交通灯奖励:-2638.300000000707, 与前车进行交互的惩罚:-1055.6000000000295
Episode:63/100, Reward:-8331.365153265866
Episode:63/100, avg speed:12.378482568041376
Episode:63/100, avg halt num:0.06890867128255852
Episode:63/100, avg elec cons:1.3415983528001227
 Retrying in 1 seconds
Warning: Unused states in tlLogic 'J10', program '0' in phase 0 after tl-index 10
Simulation......
总奖励:-8875.238124579017, 速度奖励:-3326.4499999999352, 加速度奖励:-989.4881245792426, 交通灯奖励:-3401.5000000005866, 与前车进行交互的惩罚:-1157.800000000036
Episode:64/100, Reward:-8875.238124579017
Episode:64/100, avg speed:12.469067189387466
Episode:64/100, avg halt num:0.11269287288758266
Episode:64/100, avg elec cons:1.3535352265135625
 Retrying in 1 seconds
Warning: Unused states in tlLogic 'J10', program '0' in phase 0 after tl-index 10
Simulation......
总奖励:-17986.30788098018, 速度奖励:-5160.899999999922, 加速度奖励:-1354.7078809803872, 交通灯奖励:-9392.399999996751, 与前车进行交互的惩罚:-2078.300000000086
Episode:65/100, Reward:-17986.30788098018
Episode:65/100, avg speed:10.766092388710057
Episode:65/100, avg halt num:0.3948805460750853
Episode:65/100, avg elec cons:0.7479711858505274
 Retrying in 1 seconds
Warning: Unused states in tlLogic 'J10', program '0' in phase 0 after tl-index 10
Simulation......
总奖励:-26929.481031853353, 速度奖励:-7184.349999999943, 加速度奖励:-2114.031031850364, 交通灯奖励:-14099.599999995005, 与前车进行交互的惩罚:-3531.4999999997085
Episode:66/100, Reward:-26929.481031853353
Episode:66/100, avg speed:8.576329055922274
Episode:66/100, avg halt num:0.6341354723707665
Episode:66/100, avg elec cons:0.5580363387212646
 Retrying in 1 seconds
Warning: Unused states in tlLogic 'J10', program '0' in phase 0 after tl-index 10
Simulation......
总奖励:-36569.42114150855, 速度奖励:-8192.899999999956, 加速度奖励:-3402.121141505203, 交通灯奖励:-20745.70000000057, 与前车进行交互的惩罚:-4228.699999999528
Episode:67/100, Reward:-36569.42114150855
Episode:67/100, avg speed:8.139977297267214
Episode:67/100, avg halt num:0.5351190476190476
Episode:67/100, avg elec cons:0.5626599441839815
 Retrying in 1 seconds
Warning: Unused states in tlLogic 'J10', program '0' in phase 0 after tl-index 10
Simulation......
总奖励:-15736.168790719601, 速度奖励:-4821.549999999931, 加速度奖励:-2006.0187907199813, 交通灯奖励:-7493.899999997127, 与前车进行交互的惩罚:-1414.7000000000528
Episode:68/100, Reward:-15736.168790719601
Episode:68/100, avg speed:10.926598196794348
Episode:68/100, avg halt num:0.12467637540453075
Episode:68/100, avg elec cons:0.9040439816084139
 Retrying in 1 seconds
Warning: Unused states in tlLogic 'J10', program '0' in phase 0 after tl-index 10
Simulation......
总奖励:-7958.981688517553, 速度奖励:-3371.1499999999487, 加速度奖励:-1511.1316885175872, 交通灯奖励:-1979.8000000003856, 与前车进行交互的惩罚:-1096.9000000000322
Episode:69/100, Reward:-7958.981688517553
Episode:69/100, avg speed:12.287169208547494
Episode:69/100, avg halt num:0.011603053435114504
Episode:69/100, avg elec cons:1.8039073795197642
 Retrying in 1 seconds
Warning: Unused states in tlLogic 'J10', program '0' in phase 0 after tl-index 10
Simulation......
总奖励:-7847.161415061772, 速度奖励:-3345.449999999957, 加速度奖励:-1574.811415061834, 交通灯奖励:-2031.6000000005042, 与前车进行交互的惩罚:-895.300000000019
Episode:70/100, Reward:-7847.161415061772
Episode:70/100, avg speed:11.80183742594533
Episode:70/100, avg halt num:0.009633757961783439
Episode:70/100, avg elec cons:2.0756987199894583
 Retrying in 1 seconds
Warning: Unused states in tlLogic 'J10', program '0' in phase 0 after tl-index 10
Simulation......
总奖励:-7679.218301407678, 速度奖励:-3268.499999999945, 加速度奖励:-1302.8183014077067, 交通灯奖励:-2214.0000000005257, 与前车进行交互的惩罚:-893.900000000019
Episode:71/100, Reward:-7679.218301407678
Episode:71/100, avg speed:12.367057582742666
Episode:71/100, avg halt num:0.006536475145255003
Episode:71/100, avg elec cons:2.1213072646013598
 Retrying in 1 seconds
Warning: Unused states in tlLogic 'J10', program '0' in phase 0 after tl-index 10
Simulation......
总奖励:-8570.49123773624, 速度奖励:-3363.8499999999403, 加速度奖励:-1381.9412377363185, 交通灯奖励:-2851.7000000005587, 与前车进行交互的惩罚:-973.0000000000241
Episode:72/100, Reward:-8570.49123773624
Episode:72/100, avg speed:11.161697156324776
Episode:72/100, avg halt num:0.014296323802450798
Episode:72/100, avg elec cons:2.3608168537439544
 Retrying in 1 seconds
Warning: Unused states in tlLogic 'J10', program '0' in phase 0 after tl-index 10
Simulation......
总奖励:-24143.858022630324, 速度奖励:-5727.9499999999425, 加速度奖励:-2453.1080226296713, 交通灯奖励:-13845.999999996317, 与前车进行交互的惩罚:-2116.800000000076
Episode:73/100, Reward:-24143.858022630324
Episode:73/100, avg speed:10.43894598577825
Episode:73/100, avg halt num:0.09251329001772002
Episode:73/100, avg elec cons:1.2822948549254842
 Retrying in 1 seconds
Warning: Unused states in tlLogic 'J10', program '0' in phase 0 after tl-index 10
Simulation......
总奖励:-32163.20030150887, 速度奖励:-6701.949999999953, 加速度奖励:-3897.750301507733, 交通灯奖励:-18252.499999998156, 与前车进行交互的惩罚:-3310.999999999766
Episode:74/100, Reward:-32163.20030150887
Episode:74/100, avg speed:9.185902459296091
Episode:74/100, avg halt num:0.12659164939295234
Episode:74/100, avg elec cons:1.2790649670876875
 Retrying in 1 seconds
Warning: Unused states in tlLogic 'J10', program '0' in phase 0 after tl-index 10
Simulation......
总奖励:-49139.29589739617, 速度奖励:-10081.049999999996, 加速度奖励:-6851.445897393905, 交通灯奖励:-28922.400000011512, 与前车进行交互的惩罚:-3284.3999999997727
Episode:75/100, Reward:-49139.29589739617
Episode:75/100, avg speed:6.7225401446485735
Episode:75/100, avg halt num:0.30649970184853903
Episode:75/100, avg elec cons:0.7868761808926551
 Retrying in 1 seconds
Warning: Unused states in tlLogic 'J10', program '0' in phase 0 after tl-index 10
Simulation......
总奖励:-49369.90718864888, 速度奖励:-9977.350000000037, 加速度奖励:-6803.457188646645, 交通灯奖励:-29076.50000001341, 与前车进行交互的惩罚:-3512.5999999997134
Episode:76/100, Reward:-49369.90718864888
Episode:76/100, avg speed:6.264376102310908
Episode:76/100, avg halt num:0.3550427986602159
Episode:76/100, avg elec cons:0.9907934720524738
 Retrying in 1 seconds
Warning: Unused states in tlLogic 'J10', program '0' in phase 0 after tl-index 10
Simulation......
总奖励:-10000.184748410442, 速度奖励:-2728.8499999999985, 加速度奖励:-1147.63474841083, 交通灯奖励:-4846.899999999076, 与前车进行交互的惩罚:-1276.8000000000438
Episode:77/100, Reward:-10000.184748410442
Episode:77/100, avg speed:13.623839202371215
Episode:77/100, avg halt num:0.07802111849824013
Episode:77/100, avg elec cons:2.6071582250743295
 Retrying in 1 seconds
Warning: Unused states in tlLogic 'J10', program '0' in phase 0 after tl-index 10
Simulation......
总奖励:-6718.370181508783, 速度奖励:-2702.6499999999937, 加速度奖励:-1081.5201815088074, 交通灯奖励:-2098.4000000004194, 与前车进行交互的惩罚:-835.8000000000152
Episode:78/100, Reward:-6718.370181508783
Episode:78/100, avg speed:12.664039219429036
Episode:78/100, avg halt num:0.043340987370838115
Episode:78/100, avg elec cons:2.5507251711144074
 Retrying in 1 seconds
Warning: Unused states in tlLogic 'J10', program '0' in phase 0 after tl-index 10
Simulation......
总奖励:-7001.697481788385, 速度奖励:-3202.6499999999596, 加速度奖励:-790.947481788424, 交通灯奖励:-1878.3000000005925, 与前车进行交互的惩罚:-1129.8000000000343
Episode:79/100, Reward:-7001.697481788385
Episode:79/100, avg speed:12.154004486894088
Episode:79/100, avg halt num:0.02043906131718395
Episode:79/100, avg elec cons:1.6233199303337011
 Retrying in 1 seconds
Warning: Unused states in tlLogic 'J10', program '0' in phase 0 after tl-index 10
Simulation......
总奖励:-6394.794453443539, 速度奖励:-3247.4999999999313, 加速度奖励:-973.7944534435344, 交通灯奖励:-1493.1000000003046, 与前车进行交互的惩罚:-680.4000000000051
Episode:80/100, Reward:-6394.794453443539
Episode:80/100, avg speed:11.96867617286465
Episode:80/100, avg halt num:0.01609038000684697
Episode:80/100, avg elec cons:1.2649584409807484
 Retrying in 1 seconds
Warning: Unused states in tlLogic 'J10', program '0' in phase 0 after tl-index 10
Simulation......
总奖励:-7184.401964500294, 速度奖励:-3428.9999999999304, 加速度奖励:-975.7019645003403, 交通灯奖励:-1808.100000000376, 与前车进行交互的惩罚:-971.600000000024
Episode:81/100, Reward:-7184.401964500294
Episode:81/100, avg speed:11.833128340488685
Episode:81/100, avg halt num:0.028365560014593214
Episode:81/100, avg elec cons:1.5963929757892883
 Retrying in 1 seconds
Warning: Unused states in tlLogic 'J10', program '0' in phase 0 after tl-index 10
Simulation......
总奖励:-6565.045030339737, 速度奖励:-2926.8499999999717, 加速度奖励:-980.2950303397855, 交通灯奖励:-1609.300000000269, 与前车进行交互的惩罚:-1048.600000000029
Episode:82/100, Reward:-6565.045030339737
Episode:82/100, avg speed:12.514934162205988
Episode:82/100, avg halt num:0.005992141453831042
Episode:82/100, avg elec cons:2.7615315677023156
 Retrying in 1 seconds
Warning: Unused states in tlLogic 'J10', program '0' in phase 0 after tl-index 10
Simulation......
总奖励:-5679.741769756721, 速度奖励:-2932.649999999974, 加速度奖励:-949.9917697567266, 交通灯奖励:-1040.3999999998075, 与前车进行交互的惩罚:-756.70000000001
Episode:83/100, Reward:-5679.741769756721
Episode:83/100, avg speed:12.918435095553908
Episode:83/100, avg halt num:0.00715258855585831
Episode:83/100, avg elec cons:2.184510469373479
 Retrying in 1 seconds
Warning: Unused states in tlLogic 'J10', program '0' in phase 0 after tl-index 10
Simulation......
总奖励:-5598.896981544854, 速度奖励:-2895.8499999999844, 加速度奖励:-898.0469815448716, 交通灯奖励:-937.6999999998211, 与前车进行交互的惩罚:-867.3000000000172
Episode:84/100, Reward:-5598.896981544854
Episode:84/100, avg speed:12.531334610352546
Episode:84/100, avg halt num:0.009389671361502348
Episode:84/100, avg elec cons:2.704113736506203
 Retrying in 1 seconds
Warning: Unused states in tlLogic 'J10', program '0' in phase 0 after tl-index 10
Simulation......
总奖励:-5586.413118591743, 速度奖励:-2916.699999999974, 加速度奖励:-857.2131185917576, 交通灯奖励:-1178.2999999998651, 与前车进行交互的惩罚:-634.2000000000021
Episode:85/100, Reward:-5586.413118591743
Episode:85/100, avg speed:13.394529950163648
Episode:85/100, avg halt num:0.017982017982017984
Episode:85/100, avg elec cons:1.9843357861262394
 Retrying in 1 seconds
Warning: Unused states in tlLogic 'J10', program '0' in phase 0 after tl-index 10
Simulation......
总奖励:-5269.941397403296, 速度奖励:-2732.4999999999845, 加速度奖励:-760.941397403279, 交通灯奖励:-1167.4999999999104, 与前车进行交互的惩罚:-609.0000000000005
Episode:86/100, Reward:-5269.941397403296
Episode:86/100, avg speed:13.849816225510535
Episode:86/100, avg halt num:0.008586323213738117
Episode:86/100, avg elec cons:1.7953071196781811
 Retrying in 1 seconds
Warning: Unused states in tlLogic 'J10', program '0' in phase 0 after tl-index 10
Simulation......
总奖励:-5837.7115333722795, 速度奖励:-3187.699999999963, 加速度奖励:-787.7115333722811, 交通灯奖励:-1210.599999999904, 与前车进行交互的惩罚:-651.7000000000032
Episode:87/100, Reward:-5837.7115333722795
Episode:87/100, avg speed:12.039119032109873
Episode:87/100, avg halt num:0.011120097048119693
Episode:87/100, avg elec cons:1.6792137194234495
 Retrying in 1 seconds
Warning: Unused states in tlLogic 'J10', program '0' in phase 0 after tl-index 10
Simulation......
总奖励:-25619.356788441615, 速度奖励:-7897.24999999996, 加速度奖励:-1619.8067884394331, 交通灯奖励:-13294.599999994887, 与前车进行交互的惩罚:-2807.6999999998966
Episode:88/100, Reward:-25619.356788441615
Episode:88/100, avg speed:8.296276743709567
Episode:88/100, avg halt num:0.5147634829768002
Episode:88/100, avg elec cons:0.34322078744791545
 Retrying in 1 seconds
Warning: Unused states in tlLogic 'J10', program '0' in phase 0 after tl-index 10
Simulation......
总奖励:-33059.65684518068, 速度奖励:-9084.349999999977, 加速度奖励:-1771.6068451767417, 交通灯奖励:-18194.79999999673, 与前车进行交互的惩罚:-4008.8999999995845
Episode:89/100, Reward:-33059.65684518068
Episode:89/100, avg speed:6.4014833249662715
Episode:89/100, avg halt num:0.7545650730411687
Episode:89/100, avg elec cons:0.3575897478748524
 Retrying in 1 seconds
Warning: Unused states in tlLogic 'J10', program '0' in phase 0 after tl-index 10
Simulation......
总奖励:-45986.45003488284, 速度奖励:-11623.7, 加速度奖励:-2783.0500348779237, 交通灯奖励:-27297.10000001381, 与前车进行交互的惩罚:-4282.599999999514
Episode:90/100, Reward:-45986.45003488284
Episode:90/100, avg speed:4.924529469331437
Episode:90/100, avg halt num:0.7340775988286969
Episode:90/100, avg elec cons:0.40798946398494856
 Retrying in 1 seconds
Warning: Unused states in tlLogic 'J10', program '0' in phase 0 after tl-index 10
Simulation......
总奖励:-57373.794295958935, 速度奖励:-13271.5, 加速度奖励:-3381.694295953175, 交通灯奖励:-35685.50000002227, 与前车进行交互的惩罚:-5035.099999999318
Episode:91/100, Reward:-57373.794295958935
Episode:91/100, avg speed:5.187701495666091
Episode:91/100, avg halt num:0.8418350168350168
Episode:91/100, avg elec cons:0.44393917414148887
 Retrying in 1 seconds
Warning: Unused states in tlLogic 'J10', program '0' in phase 0 after tl-index 10
Simulation......
总奖励:-51539.45749154568, 速度奖励:-11482.25, 加速度奖励:-2456.207491541827, 交通灯奖励:-32432.200000017474, 与前车进行交互的惩罚:-5168.7999999992835
Episode:92/100, Reward:-51539.45749154568
Episode:92/100, avg speed:5.641470009311126
Episode:92/100, avg halt num:0.6273140062871114
Episode:92/100, avg elec cons:0.3868267168218526
 Retrying in 1 seconds
Warning: Unused states in tlLogic 'J10', program '0' in phase 0 after tl-index 10
Simulation......
总奖励:-53205.153117928414, 速度奖励:-11144.05, 加速度奖励:-2086.003117924289, 交通灯奖励:-33978.20000001649, 与前车进行交互的惩罚:-5996.899999999068
Episode:93/100, Reward:-53205.153117928414
Episode:93/100, avg speed:7.109472435569297
Episode:93/100, avg halt num:0.7193420599379952
Episode:93/100, avg elec cons:0.3885172603723691
 Retrying in 1 seconds
Warning: Unused states in tlLogic 'J10', program '0' in phase 0 after tl-index 10
Simulation......
总奖励:-51235.39571896843, 速度奖励:-10331.3, 加速度奖励:-2355.9957189652323, 交通灯奖励:-33293.20000001464, 与前车进行交互的惩罚:-5254.899999999261
Episode:94/100, Reward:-51235.39571896843
Episode:94/100, avg speed:6.2737425532462305
Episode:94/100, avg halt num:0.5233904933814681
Episode:94/100, avg elec cons:0.3493561223517799
 Retrying in 1 seconds
Warning: Unused states in tlLogic 'J10', program '0' in phase 0 after tl-index 10
Simulation......
总奖励:-78794.85730278332, 速度奖励:-15665.600000000053, 加速度奖励:-2112.657302785223, 交通灯奖励:-53869.6000000324, 与前车进行交互的惩罚:-7146.999999998769
Episode:95/100, Reward:-78794.85730278332
Episode:95/100, avg speed:5.86438638609165
Episode:95/100, avg halt num:1.3446819085487078
Episode:95/100, avg elec cons:0.4502485942202509
 Retrying in 1 seconds
Warning: Unused states in tlLogic 'J10', program '0' in phase 0 after tl-index 10
Simulation......
总奖励:-67671.83942745543, 速度奖励:-12668.200000000004, 加速度奖励:-2220.83942745198, 交通灯奖励:-45634.40000002238, 与前车进行交互的惩罚:-7148.399999998769
Episode:96/100, Reward:-67671.83942745543
Episode:96/100, avg speed:4.8122687306030345
Episode:96/100, avg halt num:0.9505198996055934
Episode:96/100, avg elec cons:0.43650530735261367
 Retrying in 1 seconds
Warning: Unused states in tlLogic 'J10', program '0' in phase 0 after tl-index 10
Simulation......
总奖励:-72221.65538729753, 速度奖励:-14198.400000000027, 加速度奖励:-1790.3553872941627, 交通灯奖励:-48469.20000002781, 与前车进行交互的惩罚:-7763.699999998609
Episode:97/100, Reward:-72221.65538729753
Episode:97/100, avg speed:6.325792300726234
Episode:97/100, avg halt num:1.2164831606217616
Episode:97/100, avg elec cons:0.38232316674310785
 Retrying in 1 seconds
Warning: Unused states in tlLogic 'J10', program '0' in phase 0 after tl-index 10
Simulation......
总奖励:-63887.09646928391, 速度奖励:-11751.050000000032, 加速度奖励:-2152.046469278845, 交通灯奖励:-42018.70000001999, 与前车进行交互的惩罚:-7965.299999998557
Episode:98/100, Reward:-63887.09646928391
Episode:98/100, avg speed:4.659733137928014
Episode:98/100, avg halt num:0.7638592750533049
Episode:98/100, avg elec cons:0.4149662314287681
 Retrying in 1 seconds
Warning: Unused states in tlLogic 'J10', program '0' in phase 0 after tl-index 10
Simulation......
总奖励:-50541.40074867239, 速度奖励:-9274.349999999982, 加速度奖励:-2181.950748669262, 交通灯奖励:-32027.700000012002, 与前车进行交互的惩罚:-7057.399999998793
Episode:99/100, Reward:-50541.40074867239
Episode:99/100, avg speed:6.837770504058035
Episode:99/100, avg halt num:0.30245082734935996
Episode:99/100, avg elec cons:0.41420274330189244
 Retrying in 1 seconds
Warning: Unused states in tlLogic 'J10', program '0' in phase 0 after tl-index 10
Simulation......
总奖励:-49415.1595680197, 速度奖励:-8866.49999999998, 加速度奖励:-2204.5595680175898, 交通灯奖励:-30669.300000012416, 与前车进行交互的惩罚:-7674.799999998632
Episode:100/100, Reward:-49415.1595680197
Episode:100/100, avg speed:7.782458681061557
Episode:100/100, avg halt num:0.3321969696969697
Episode:100/100, avg elec cons:0.4356831781126763
model saved successfully!
Complete training!
final reward list:[-80287.68766316131, -82702.77244220278, -58581.77314895234, -53314.85208614661, -30587.61616307995, -16260.438750659696, -17649.03950508684, -8358.998203701043, -10611.514234482363, -6688.913650670563, -10631.84781452469, -31981.604402562447, -14526.816002311833, -7907.934067174866, -8868.287056476187, -7591.465862052467, -8958.230405297518, -9011.408908360527, -8425.170943016381, -9239.662692015649, -9103.30818876097, -8850.924681802073, -7812.081808420607, -7633.949428366869, -7371.103311247264, -8016.123132163135, -6509.556264675085, -8858.618652538753, -8164.739801476613, -10690.724036912052, -8361.47262682727, -7044.676405674944, -5629.072178246662, -6025.095914375818, -6555.2568030626, -5585.464406825569, -6574.522925766524, -6648.560122506094, -6374.188038379846, -5847.652610690679, -5287.3741229102025, -5603.220847510922, -6057.889390837236, -5605.302006467684, -6713.459985418467, -7062.655468293101, -7541.431060929927, -8012.765154423267, -6559.049767871161, -6392.986369315006, -12381.856575271184, -13090.046067413132, -6690.4643131573175, -9704.95914992985, -15146.377981657235, -16997.634099592095, -12963.785192817602, -14443.333879280692, -10782.107627913223, -5213.905998924793, -7074.777719386985, -6567.036531700383, -8331.365153265866, -8875.238124579017, -17986.30788098018, -26929.481031853353, -36569.42114150855, -15736.168790719601, -7958.981688517553, -7847.161415061772, -7679.218301407678, -8570.49123773624, -24143.858022630324, -32163.20030150887, -49139.29589739617, -49369.90718864888, -10000.184748410442, -6718.370181508783, -7001.697481788385, -6394.794453443539, -7184.401964500294, -6565.045030339737, -5679.741769756721, -5598.896981544854, -5586.413118591743, -5269.941397403296, -5837.7115333722795, -25619.356788441615, -33059.65684518068, -45986.45003488284, -57373.794295958935, -51539.45749154568, -53205.153117928414, -51235.39571896843, -78794.85730278332, -67671.83942745543, -72221.65538729753, -63887.09646928391, -50541.40074867239, -49415.1595680197]
final speed list:[6.207019508369482, 5.813390451265509, 5.994189927934414, 6.247007804669766, 8.564654051485757, 12.8821530285796, 11.712404859484698, 14.248006336335177, 12.59518707422024, 14.494571277117112, 14.704217870264003, 8.460157820968544, 11.425378454475114, 12.253975785261634, 11.70506875249964, 11.600951775470493, 11.391284395073034, 10.21371804530774, 11.230013976783399, 11.208551379900985, 10.697673574174726, 11.356337248592897, 11.758592083801348, 11.846960906138708, 11.950575695936703, 11.24154376929142, 11.840038271066334, 9.888719181076628, 10.34276906967886, 10.771325767752435, 11.568385331816605, 12.144945386766384, 12.602296380793574, 12.70776204629142, 12.472396319150052, 12.17092577032889, 11.65072195795325, 12.201808659953718, 12.24449897161418, 12.250224148685316, 12.399502846404301, 11.857751189263356, 11.929341636876018, 12.021218151137557, 11.19189390663288, 11.692696874903362, 10.753022592373062, 11.104209202843743, 12.54694655478179, 12.228336154626867, 10.43978053100263, 9.917612163439877, 11.443844007967035, 10.278277418115223, 7.932366738984945, 8.669986261125446, 8.315339941881252, 7.9778161525808375, 10.099185869569645, 13.433221449386073, 12.651100183931701, 12.80189531501089, 12.378482568041376, 12.469067189387466, 10.766092388710057, 8.576329055922274, 8.139977297267214, 10.926598196794348, 12.287169208547494, 11.80183742594533, 12.367057582742666, 11.161697156324776, 10.43894598577825, 9.185902459296091, 6.7225401446485735, 6.264376102310908, 13.623839202371215, 12.664039219429036, 12.154004486894088, 11.96867617286465, 11.833128340488685, 12.514934162205988, 12.918435095553908, 12.531334610352546, 13.394529950163648, 13.849816225510535, 12.039119032109873, 8.296276743709567, 6.4014833249662715, 4.924529469331437, 5.187701495666091, 5.641470009311126, 7.109472435569297, 6.2737425532462305, 5.86438638609165, 4.8122687306030345, 6.325792300726234, 4.659733137928014, 6.837770504058035, 7.782458681061557]
final elec cons list:[0.26524269961829244, 0.2811505870167173, 0.6984906089054067, 0.8063740414099221, 1.6171362401549765, 2.312479472588244, 1.6784264388877028, 2.0749019702192215, 1.4059293293151518, 2.5189688124699776, 1.9453731337315763, 0.6092857408668204, 1.1030506988005295, 1.4823599535310383, 1.1980183271680145, 1.6663348313938853, 0.8621153926305266, 1.2650980089623356, 0.9847137283712276, 0.697245727998576, 0.9344242982758875, 0.9893549465090344, 0.9545169481099038, 1.0891520057546478, 1.1445012563044867, 1.2628973537747816, 1.1921751108403276, 0.963926786126471, 0.7999614053141058, 0.8901584298530514, 0.9238316647198486, 1.1383642155188676, 1.3328513723008344, 1.456082467198201, 1.7166865890912686, 1.4273445711368442, 1.4540929363503907, 1.3036084702217148, 1.1540634525380777, 1.1375315530781898, 1.1445386527287764, 1.0162639466547891, 1.17837116696248, 0.9473341701839819, 0.8212209846144723, 0.5837329651638852, 0.82849014223256, 1.0875287169177743, 1.0153044947377559, 1.1850033103709607, 0.5543045078197939, 0.6425966887055949, 0.8011842802786052, 0.6704248361558086, 0.4995600202082425, 0.4212347498000603, 0.480688836095844, 0.44258156839828405, 0.5656811206668064, 1.4253215952362428, 1.600286790587544, 1.8974577524080343, 1.3415983528001227, 1.3535352265135625, 0.7479711858505274, 0.5580363387212646, 0.5626599441839815, 0.9040439816084139, 1.8039073795197642, 2.0756987199894583, 2.1213072646013598, 2.3608168537439544, 1.2822948549254842, 1.2790649670876875, 0.7868761808926551, 0.9907934720524738, 2.6071582250743295, 2.5507251711144074, 1.6233199303337011, 1.2649584409807484, 1.5963929757892883, 2.7615315677023156, 2.184510469373479, 2.704113736506203, 1.9843357861262394, 1.7953071196781811, 1.6792137194234495, 0.34322078744791545, 0.3575897478748524, 0.40798946398494856, 0.44393917414148887, 0.3868267168218526, 0.3885172603723691, 0.3493561223517799, 0.4502485942202509, 0.43650530735261367, 0.38232316674310785, 0.4149662314287681, 0.41420274330189244, 0.4356831781126763]
final halt list:[0.6990298087739033, 0.7189753605769231, 0.3562389640965274, 0.2675866711544934, 0.16459320695102686, 0.1889265335235378, 0.23298346055979643, 0.09860150848522942, 0.10759700032605152, 0.10666431593794076, 0.15497163332338013, 0.6029273638071384, 0.11881868131868131, 0.016262860935944243, 0.031792419411973076, 0.020134839650145772, 0.13653106982703395, 0.07132908873855949, 0.05053191489361702, 0.1252382465057179, 0.0856558900037161, 0.0655383507382067, 0.03700097370983447, 0.0285829307568438, 0.028079710144927536, 0.03655572176514585, 0.02231543624161074, 0.12640776699029127, 0.10040983606557377, 0.1653719008264463, 0.161089001447178, 0.14612546125461254, 0.0796816158849709, 0.06230610134436401, 0.06041666666666667, 0.015023389708528248, 0.10878962536023054, 0.06640773020083365, 0.028080326752893126, 0.04526015680684248, 0.03501425516749822, 0.036114221724524075, 0.03056092843326886, 0.049204052098408106, 0.059334845049130766, 0.11480720606826801, 0.13347921225382933, 0.12832023943135054, 0.0713855421686747, 0.09411470490163387, 0.29081632653061223, 0.29442877291960506, 0.08338810384488991, 0.18879395333552415, 0.41843971631205673, 0.4068355308813324, 0.4467938630999213, 0.5797405570392979, 0.27759197324414714, 0.0116661189615511, 0.0998439937597504, 0.06963001027749229, 0.06890867128255852, 0.11269287288758266, 0.3948805460750853, 0.6341354723707665, 0.5351190476190476, 0.12467637540453075, 0.011603053435114504, 0.009633757961783439, 0.006536475145255003, 0.014296323802450798, 0.09251329001772002, 0.12659164939295234, 0.30649970184853903, 0.3550427986602159, 0.07802111849824013, 0.043340987370838115, 0.02043906131718395, 0.01609038000684697, 0.028365560014593214, 0.005992141453831042, 0.00715258855585831, 0.009389671361502348, 0.017982017982017984, 0.008586323213738117, 0.011120097048119693, 0.5147634829768002, 0.7545650730411687, 0.7340775988286969, 0.8418350168350168, 0.6273140062871114, 0.7193420599379952, 0.5233904933814681, 1.3446819085487078, 0.9505198996055934, 1.2164831606217616, 0.7638592750533049, 0.30245082734935996, 0.3321969696969697]
speed reward list:[-16271.0, -16419.0, -11210.7, -10266.200000000008, -6251.649999999931, -3549.7999999999297, -4204.750000000005, -2505.3499999999894, -3402.299999999914, -2463.5999999999967, -2720.3499999999826, -8017.199999999932, -4289.949999999902, -3158.849999999943, -3673.099999999924, -3309.9999999999513, -4102.649999999911, -3864.449999999919, -3857.4499999999384, -4344.799999999936, -4074.9999999999404, -3912.4499999999575, -3787.9499999999416, -3695.9499999999334, -3575.5999999999276, -3809.949999999948, -3456.5999999999294, -4166.049999999942, -4079.0999999999485, -4185.799999999914, -3784.149999999909, -3194.299999999943, -2787.4999999999736, -3171.3499999999317, -3164.8499999999276, -3261.299999999944, -3419.3499999999167, -3357.29999999996, -3384.599999999962, -3320.0999999999603, -3243.099999999952, -3480.349999999972, -3332.4499999999703, -3482.8499999999267, -3897.7999999999565, -4054.3499999999303, -4001.3499999999467, -3697.3499999999285, -3356.949999999939, -3295.499999999961, -5190.84999999993, -5171.949999999939, -3580.549999999946, -4567.199999999929, -6133.149999999941, -6344.049999999939, -5801.399999999945, -6319.149999999936, -5151.74999999995, -2637.8999999999696, -2847.949999999959, -3034.999999999946, -3461.449999999937, -3326.4499999999352, -5160.899999999922, -7184.349999999943, -8192.899999999956, -4821.549999999931, -3371.1499999999487, -3345.449999999957, -3268.499999999945, -3363.8499999999403, -5727.9499999999425, -6701.949999999953, -10081.049999999996, -9977.350000000037, -2728.8499999999985, -2702.6499999999937, -3202.6499999999596, -3247.4999999999313, -3428.9999999999304, -2926.8499999999717, -2932.649999999974, -2895.8499999999844, -2916.699999999974, -2732.4999999999845, -3187.699999999963, -7897.24999999996, -9084.349999999977, -11623.7, -13271.5, -11482.25, -11144.05, -10331.3, -15665.600000000053, -12668.200000000004, -14198.400000000027, -11751.050000000032, -9274.349999999982, -8866.49999999998]
accel reward list:[-3112.987663162714, -3095.672442205362, -8001.173148948588, -7394.752086143995, -3766.3661630785696, -1541.2387506603445, -1865.7895050873638, -1085.348203701455, -1417.8142344825492, -970.3136506707947, -1191.0978145251547, -3029.4044025588855, -1977.5660023123087, -1573.4840671748966, -1544.2870564762388, -1329.865862052454, -1265.9804052977324, -1245.2589083605076, -1237.6209430164488, -1096.9626920158826, -1132.708188761167, -1043.6746818022373, -1040.1318084206225, -1067.299428366849, -1066.4033112472746, -1099.0731321631124, -993.2562646751394, -1100.8686525389667, -1082.2398014767066, -1239.624036912433, -980.9226268274597, -748.176405675075, -813.5721782467201, -867.5459143758195, -930.1068030626385, -784.6644068255956, -780.4729257665409, -769.5601225061145, -768.0880383798865, -759.5526106907038, -733.074122910164, -703.7708475109192, -743.1393908372299, -667.6520064676799, -719.8599854185122, -790.505468293289, -867.2810609300919, -948.2151544234525, -834.6997678712377, -802.1863693151016, -1098.906575271818, -1129.096067413674, -739.9143131573763, -954.4591499302251, -1049.2279816580613, -1206.6840995927785, -957.5851928184717, -789.9838792817161, -781.9576279135483, -722.3059989248289, -737.3277193871422, -975.8365317005173, -1176.0151532659613, -989.4881245792426, -1354.7078809803872, -2114.031031850364, -3402.121141505203, -2006.0187907199813, -1511.1316885175872, -1574.811415061834, -1302.8183014077067, -1381.9412377363185, -2453.1080226296713, -3897.750301507733, -6851.445897393905, -6803.457188646645, -1147.63474841083, -1081.5201815088074, -790.947481788424, -973.7944534435344, -975.7019645003403, -980.2950303397855, -949.9917697567266, -898.0469815448716, -857.2131185917576, -760.941397403279, -787.7115333722811, -1619.8067884394331, -1771.6068451767417, -2783.0500348779237, -3381.694295953175, -2456.207491541827, -2086.003117924289, -2355.9957189652323, -2112.657302785223, -2220.83942745198, -1790.3553872941627, -2152.046469278845, -2181.950748669262, -2204.5595680175898]
tls reward list:[-52900.60000003448, -54544.500000034976, -36102.30000001719, -32611.000000014654, -18050.299999998882, -9485.199999998102, -10496.299999997915, -4161.400000000441, -4771.499999999771, -2717.4000000004135, -6019.6999999995005, -17091.299999995525, -6500.899999997273, -2299.2000000005005, -2749.30000000079, -2084.30000000057, -2494.800000000813, -2797.8000000008956, -2030.2000000006485, -2488.900000000785, -2535.500000000895, -2536.800000000796, -1768.8000000005356, -1788.5000000005657, -1751.2000000005553, -2054.300000000623, -1222.500000000028, -2433.2000000008143, -1730.1000000002539, -4087.90000000102, -2552.000000000522, -2385.4000000004853, -1342.0000000000414, -1214.7999999999656, -1670.700000000553, -767.3999999997753, -1501.1000000003392, -1741.2000000005628, -1513.8000000004151, -1122.5999999999917, -746.299999999801, -864.6999999997587, -1381.0000000003656, -882.899999999823, -1453.9000000004798, -1645.2000000004336, -2100.2000000003054, -2672.1000000007216, -1899.8000000005138, -1831.2000000002547, -4902.799999999567, -5511.499999998616, -1915.0000000003884, -3225.000000000877, -6483.499999997732, -7760.599999996311, -4739.699999998909, -5383.999999998274, -3615.0000000011596, -1372.799999999983, -2829.4000000006486, -1831.0000000003479, -2638.300000000707, -3401.5000000005866, -9392.399999996751, -14099.599999995005, -20745.70000000057, -7493.899999997127, -1979.8000000003856, -2031.6000000005042, -2214.0000000005257, -2851.7000000005587, -13845.999999996317, -18252.499999998156, -28922.400000011512, -29076.50000001341, -4846.899999999076, -2098.4000000004194, -1878.3000000005925, -1493.1000000003046, -1808.100000000376, -1609.300000000269, -1040.3999999998075, -937.6999999998211, -1178.2999999998651, -1167.4999999999104, -1210.599999999904, -13294.599999994887, -18194.79999999673, -27297.10000001381, -35685.50000002227, -32432.200000017474, -33978.20000001649, -33293.20000001464, -53869.6000000324, -45634.40000002238, -48469.20000002781, -42018.70000001999, -32027.700000012002, -30669.300000012416]
extra reward list:[-8003.099999998547, -8643.599999998967, -3267.599999999777, -3042.8999999998355, -2519.2999999999715, -1684.2000000000703, -1082.2000000000312, -606.9000000000003, -1019.9000000000271, -537.5999999999958, -700.7000000000064, -3843.6999999996274, -1758.4000000000751, -876.4000000000178, -901.6000000000195, -867.3000000000172, -1094.800000000032, -1103.9000000000326, -1299.9000000000453, -1309.000000000046, -1360.1000000000492, -1358.000000000049, -1215.2000000000398, -1082.2000000000312, -977.9000000000244, -1052.8000000000293, -837.2000000000153, -1158.5000000000362, -1273.3000000000436, -1177.4000000000374, -1044.4000000000287, -716.8000000000075, -686.0000000000055, -771.400000000011, -789.6000000000122, -772.100000000011, -873.6000000000176, -780.5000000000116, -707.7000000000069, -645.4000000000028, -564.8999999999976, -554.3999999999969, -601.3, -571.899999999998, -641.9000000000026, -572.5999999999981, -572.5999999999981, -695.100000000006, -467.59999999999485, -464.0999999999949, -1189.3000000000382, -1277.5000000000439, -454.99999999999505, -958.3000000000231, -1480.500000000057, -1686.3000000000704, -1465.100000000056, -1950.2000000000876, -1233.400000000041, -480.89999999999463, -660.1000000000038, -725.200000000008, -1055.6000000000295, -1157.800000000036, -2078.300000000086, -3531.4999999997085, -4228.699999999528, -1414.7000000000528, -1096.9000000000322, -895.300000000019, -893.900000000019, -973.0000000000241, -2116.800000000076, -3310.999999999766, -3284.3999999997727, -3512.5999999997134, -1276.8000000000438, -835.8000000000152, -1129.8000000000343, -680.4000000000051, -971.600000000024, -1048.600000000029, -756.70000000001, -867.3000000000172, -634.2000000000021, -609.0000000000005, -651.7000000000032, -2807.6999999998966, -4008.8999999995845, -4282.599999999514, -5035.099999999318, -5168.7999999992835, -5996.899999999068, -5254.899999999261, -7146.999999998769, -7148.399999998769, -7763.699999998609, -7965.299999998557, -7057.399999998793, -7674.799999998632]
