nohup: 忽略输入
Env:sumo, Algorithm:TD3, Device:cuda
-----------------------------------------
models/reward_s5e-2(-5, 1)_a24e-2_t(-2_0.1)_safe(3, -0.7)_2046.pth
-----------------------------------------
 Retrying in 1 seconds
Warning: Unused states in tlLogic 'J10', program '0' in phase 0 after tl-index 10
Simulation......
总奖励:-73320.87295480089, 速度奖励:-13562.550000000643, 加速度奖励:-3459.722954802469, 交通灯奖励:-48870.900000028596, 与前车进行交互的惩罚:-7427.6999999986965
Episode:1/100, Reward:-73320.87295480089
Episode:1/100, avg speed:10.042872484601084
Episode:1/100, avg halt num:1.5929085785848467
Episode:1/100, avg elec cons:0.834843058417069
 Retrying in 1 seconds
Warning: Unused states in tlLogic 'J10', program '0' in phase 0 after tl-index 10
Simulation......
总奖励:-72940.87045602272, 速度奖励:-13515.950000000608, 加速度奖励:-3462.320456023615, 交通灯奖励:-48413.800000028445, 与前车进行交互的惩罚:-7548.799999998665
Episode:2/100, Reward:-72940.87045602272
Episode:2/100, avg speed:9.36882000749931
Episode:2/100, avg halt num:1.732640053673264
Episode:2/100, avg elec cons:0.9167152836361901
 Retrying in 1 seconds
Warning: Unused states in tlLogic 'J10', program '0' in phase 0 after tl-index 10
Simulation......
总奖励:-19648.308694128566, 速度奖励:-2726.199999999989, 加速度奖励:-5957.00869412841, 交通灯奖励:-8932.999999998676, 与前车进行交互的惩罚:-2032.100000000093
Episode:3/100, Reward:-19648.308694128566
Episode:3/100, avg speed:14.815825670292721
Episode:3/100, avg halt num:0.2635532331809275
Episode:3/100, avg elec cons:1.9844041198089706
 Retrying in 1 seconds
Warning: Unused states in tlLogic 'J10', program '0' in phase 0 after tl-index 10
Simulation......
总奖励:-12134.208363644513, 速度奖励:-2505.7999999999893, 加速度奖励:-3731.7083636449997, 交通灯奖励:-4890.099999999722, 与前车进行交互的惩罚:-1006.6000000000263
Episode:4/100, Reward:-12134.208363644513
Episode:4/100, avg speed:13.807811007554237
Episode:4/100, avg halt num:0.14292579777008843
Episode:4/100, avg elec cons:2.4831867021080307
 Retrying in 1 seconds
Warning: Unused states in tlLogic 'J10', program '0' in phase 0 after tl-index 10
Simulation......
总奖励:-8445.245090505257, 速度奖励:-2441.599999999992, 加速度奖励:-3221.545090505515, 交通灯奖励:-2105.2000000004814, 与前车进行交互的惩罚:-676.9000000000049
Episode:5/100, Reward:-8445.245090505257
Episode:5/100, avg speed:14.228981843052544
Episode:5/100, avg halt num:0.09269662921348315
Episode:5/100, avg elec cons:2.5664969508395634
 Retrying in 1 seconds
Warning: Unused states in tlLogic 'J10', program '0' in phase 0 after tl-index 10
Simulation......
总奖励:-8848.322173404698, 速度奖励:-2669.7499999999864, 加速度奖励:-3155.4721734050117, 交通灯奖励:-2419.000000000517, 与前车进行交互的惩罚:-604.1000000000001
Episode:6/100, Reward:-8848.322173404698
Episode:6/100, avg speed:13.711579064330444
Episode:6/100, avg halt num:0.0777422790202343
Episode:6/100, avg elec cons:2.1891983576304925
 Retrying in 1 seconds
Warning: Unused states in tlLogic 'J10', program '0' in phase 0 after tl-index 10
Simulation......
总奖励:-8224.610226571724, 速度奖励:-2690.8499999999817, 加速度奖励:-3127.460226571986, 交通灯奖励:-1650.3000000002921, 与前车进行交互的惩罚:-756.00000000001
Episode:7/100, Reward:-8224.610226571724
Episode:7/100, avg speed:14.036755608335337
Episode:7/100, avg halt num:0.05599395567494963
Episode:7/100, avg elec cons:2.2971780090368683
 Retrying in 1 seconds
Warning: Unused states in tlLogic 'J10', program '0' in phase 0 after tl-index 10
Simulation......
总奖励:-7493.1907880382405, 速度奖励:-2630.149999999992, 加速度奖励:-3044.640788038359, 交通灯奖励:-1375.3000000003335, 与前车进行交互的惩罚:-443.09999999999525
Episode:8/100, Reward:-7493.1907880382405
Episode:8/100, avg speed:13.925520173754508
Episode:8/100, avg halt num:0.03031716417910448
Episode:8/100, avg elec cons:1.9923374671970788
 Retrying in 1 seconds
Warning: Unused states in tlLogic 'J10', program '0' in phase 0 after tl-index 10
Simulation......
总奖励:-6545.517890890883, 速度奖励:-2694.249999999979, 加速度奖励:-2372.9678908909573, 交通灯奖励:-1056.1999999998525, 与前车进行交互的惩罚:-422.0999999999956
Episode:9/100, Reward:-6545.517890890883
Episode:9/100, avg speed:13.642717292166507
Episode:9/100, avg halt num:0.027175671303785183
Episode:9/100, avg elec cons:1.8548644844015045
 Retrying in 1 seconds
Warning: Unused states in tlLogic 'J10', program '0' in phase 0 after tl-index 10
Simulation......
总奖励:-5603.277946964871, 速度奖励:-2889.849999999974, 加速度奖励:-1515.8279469648774, 交通灯奖励:-907.0999999997886, 与前车进行交互的惩罚:-290.4999999999977
Episode:10/100, Reward:-5603.277946964871
Episode:10/100, avg speed:13.113382628914888
Episode:10/100, avg halt num:0.028383523710626513
Episode:10/100, avg elec cons:1.341084261459711
 Retrying in 1 seconds
Warning: Unused states in tlLogic 'J10', program '0' in phase 0 after tl-index 10
Simulation......
总奖励:-6114.764553432492, 速度奖励:-3292.299999999966, 加速度奖励:-1489.1645534325482, 交通灯奖励:-876.199999999774, 与前车进行交互的惩罚:-457.099999999995
Episode:11/100, Reward:-6114.764553432492
Episode:11/100, avg speed:13.347505217300965
Episode:11/100, avg halt num:0.048786407766990295
Episode:11/100, avg elec cons:0.9242377454398623
 Retrying in 1 seconds
Warning: Unused states in tlLogic 'J10', program '0' in phase 0 after tl-index 10
Simulation......
总奖励:-41314.742634924034, 速度奖励:-10337.700000000044, 加速度奖励:-3950.442634919761, 交通灯奖励:-22411.500000010743, 与前车进行交互的惩罚:-4615.099999999427
Episode:12/100, Reward:-41314.742634924034
Episode:12/100, avg speed:9.071106754139965
Episode:12/100, avg halt num:1.0016875602700097
Episode:12/100, avg elec cons:0.38354841641951626
 Retrying in 1 seconds
Warning: Unused states in tlLogic 'J10', program '0' in phase 0 after tl-index 10
Simulation......
总奖励:-12371.503568629782, 速度奖励:-5302.999999999957, 加速度奖励:-2326.703568630285, 交通灯奖励:-3465.7000000010657, 与前车进行交互的惩罚:-1276.1000000000438
Episode:13/100, Reward:-12371.503568629782
Episode:13/100, avg speed:9.984305868168722
Episode:13/100, avg halt num:0.2052946324387398
Episode:13/100, avg elec cons:0.28765718970866455
 Retrying in 1 seconds
Warning: Unused states in tlLogic 'J10', program '0' in phase 0 after tl-index 10
Simulation......
总奖励:-14088.72316468687, 速度奖励:-5456.649999999951, 加速度奖励:-2619.573164687518, 交通灯奖励:-4483.700000000486, 与前车进行交互的惩罚:-1528.8000000000602
Episode:14/100, Reward:-14088.72316468687
Episode:14/100, avg speed:10.053685063724718
Episode:14/100, avg halt num:0.23351063829787233
Episode:14/100, avg elec cons:0.3846551340514291
 Retrying in 1 seconds
Warning: Unused states in tlLogic 'J10', program '0' in phase 0 after tl-index 10
Simulation......
总奖励:-26580.228170391198, 速度奖励:-8072.599999999954, 加速度奖励:-3652.928170388979, 交通灯奖励:-11934.999999994921, 与前车进行交互的惩罚:-2919.6999999998675
Episode:15/100, Reward:-26580.228170391198
Episode:15/100, avg speed:8.081023134629042
Episode:15/100, avg halt num:0.6618311327310632
Episode:15/100, avg elec cons:0.2952896867807573
 Retrying in 1 seconds
Warning: Unused states in tlLogic 'J10', program '0' in phase 0 after tl-index 10
Simulation......
总奖励:-13872.595967792202, 速度奖励:-5887.099999999962, 加速度奖励:-2173.6959677930045, 交通灯奖励:-4462.899999999879, 与前车进行交互的惩罚:-1348.9000000000485
Episode:16/100, Reward:-13872.595967792202
Episode:16/100, avg speed:8.876572532906977
Episode:16/100, avg halt num:0.395884846344048
Episode:16/100, avg elec cons:0.3068221973300501
 Retrying in 1 seconds
Warning: Unused states in tlLogic 'J10', program '0' in phase 0 after tl-index 10
Simulation......
总奖励:-13401.659862278486, 速度奖励:-5673.799999999957, 加速度奖励:-2392.5598622791968, 交通灯奖励:-3852.7000000012586, 与前车进行交互的惩罚:-1482.6000000000572
Episode:17/100, Reward:-13401.659862278486
Episode:17/100, avg speed:9.967163760904619
Episode:17/100, avg halt num:0.29282075772047117
Episode:17/100, avg elec cons:0.28985749243571823
 Retrying in 1 seconds
Warning: Unused states in tlLogic 'J10', program '0' in phase 0 after tl-index 10
Simulation......
总奖励:-18083.55843609507, 速度奖励:-6612.699999999959, 加速度奖励:-2963.658436095115, 交通灯奖励:-6666.199999997147, 与前车进行交互的惩罚:-1841.0000000000805
Episode:18/100, Reward:-18083.55843609507
Episode:18/100, avg speed:7.942257705356731
Episode:18/100, avg halt num:0.5288498649170205
Episode:18/100, avg elec cons:0.32732027759132304
 Retrying in 1 seconds
Warning: Unused states in tlLogic 'J10', program '0' in phase 0 after tl-index 10
Simulation......
总奖励:-18535.391908888316, 速度奖励:-6412.699999999981, 加速度奖励:-3345.591908888035, 交通灯奖励:-7219.599999996555, 与前车进行交互的惩罚:-1557.500000000062
Episode:19/100, Reward:-18535.391908888316
Episode:19/100, avg speed:8.886959733006833
Episode:19/100, avg halt num:0.312904792746114
Episode:19/100, avg elec cons:0.2630430640747287
 Retrying in 1 seconds
Warning: Unused states in tlLogic 'J10', program '0' in phase 0 after tl-index 10
Simulation......
总奖励:-16244.531694628171, 速度奖励:-5682.79999999996, 加速度奖励:-3484.5316946287285, 交通灯奖励:-5850.099999997612, 与前车进行交互的惩罚:-1227.1000000000406
Episode:20/100, Reward:-16244.531694628171
Episode:20/100, avg speed:9.849186121259406
Episode:20/100, avg halt num:0.2665079365079365
Episode:20/100, avg elec cons:0.3364247843061973
 Retrying in 1 seconds
Warning: Unused states in tlLogic 'J10', program '0' in phase 0 after tl-index 10
Simulation......
总奖励:-16026.451139842997, 速度奖励:-5416.849999999932, 加速度奖励:-3631.2011398437335, 交通灯奖励:-5071.599999999356, 与前车进行交互的惩罚:-1906.8000000000848
Episode:21/100, Reward:-16026.451139842997
Episode:21/100, avg speed:9.028242497457088
Episode:21/100, avg halt num:0.3116648609606356
Episode:21/100, avg elec cons:0.5340187216369934
 Retrying in 1 seconds
Warning: Unused states in tlLogic 'J10', program '0' in phase 0 after tl-index 10
Simulation......
总奖励:-18995.623173329677, 速度奖励:-6039.699999999955, 加速度奖励:-3641.723173329324, 交通灯奖励:-7221.19999999671, 与前车进行交互的惩罚:-2093.0000000000823
Episode:22/100, Reward:-18995.623173329677
Episode:22/100, avg speed:8.897510558769957
Episode:22/100, avg halt num:0.39907440370238517
Episode:22/100, avg elec cons:0.3977965912634045
 Retrying in 1 seconds
Warning: Unused states in tlLogic 'J10', program '0' in phase 0 after tl-index 10
Simulation......
总奖励:-9449.591357214851, 速度奖励:-4047.6499999999323, 加速度奖励:-2727.4413572150083, 交通灯奖励:-1465.6000000005763, 与前车进行交互的惩罚:-1208.9000000000394
Episode:23/100, Reward:-9449.591357214851
Episode:23/100, avg speed:11.53134377365231
Episode:23/100, avg halt num:0.04342723004694836
Episode:23/100, avg elec cons:0.4704884458015398
 Retrying in 1 seconds
Warning: Unused states in tlLogic 'J10', program '0' in phase 0 after tl-index 10
Simulation......
总奖励:-38895.34964802237, 速度奖励:-5932.099999999946, 加速度奖励:-15159.849648020569, 交通灯奖励:-15083.19999999603, 与前车进行交互的惩罚:-2720.1999999999193
Episode:24/100, Reward:-38895.34964802237
Episode:24/100, avg speed:9.722335127669512
Episode:24/100, avg halt num:0.16360130525066746
Episode:24/100, avg elec cons:0.7348600053726289
 Retrying in 1 seconds
Warning: Unused states in tlLogic 'J10', program '0' in phase 0 after tl-index 10
Simulation......
总奖励:-57443.838043134965, 速度奖励:-9325.499999999996, 加速度奖励:-15988.93804313109, 交通灯奖励:-26547.600000009443, 与前车进行交互的惩罚:-5581.799999999176
Episode:25/100, Reward:-57443.838043134965
Episode:25/100, avg speed:6.863880452058119
Episode:25/100, avg halt num:0.4589173874142559
Episode:25/100, avg elec cons:0.3899291735673356
 Retrying in 1 seconds
Warning: Unused states in tlLogic 'J10', program '0' in phase 0 after tl-index 10
Simulation......
总奖励:-56131.48906666214, 速度奖励:-9459.249999999998, 加速度奖励:-15930.739066659162, 交通灯奖励:-27459.200000009514, 与前车进行交互的惩罚:-3282.2999999997733
Episode:26/100, Reward:-56131.48906666214
Episode:26/100, avg speed:7.258029832263536
Episode:26/100, avg halt num:0.37527804258023517
Episode:26/100, avg elec cons:0.36148165251711656
 Retrying in 1 seconds
Warning: Unused states in tlLogic 'J10', program '0' in phase 0 after tl-index 10
Simulation......
总奖励:-56360.17445715988, 速度奖励:-8729.099999999997, 加速度奖励:-16914.37445715675, 交通灯奖励:-27919.50000000865, 与前车进行交互的惩罚:-2797.1999999998993
Episode:27/100, Reward:-56360.17445715988
Episode:27/100, avg speed:7.032582508182744
Episode:27/100, avg halt num:0.2748921085080148
Episode:27/100, avg elec cons:0.4840330581054564
 Retrying in 1 seconds
Warning: Unused states in tlLogic 'J10', program '0' in phase 0 after tl-index 10
Simulation......
总奖励:-56858.93724697464, 速度奖励:-8494.449999999972, 加速度奖励:-20562.98724697143, 交通灯奖励:-22333.10000000446, 与前车进行交互的惩罚:-5468.399999999206
Episode:28/100, Reward:-56858.93724697464
Episode:28/100, avg speed:5.767266604014292
Episode:28/100, avg halt num:0.3334842448388265
Episode:28/100, avg elec cons:0.7496384282858074
 Retrying in 1 seconds
Warning: Unused states in tlLogic 'J10', program '0' in phase 0 after tl-index 10
Simulation......
总奖励:-53298.43942797823, 速度奖励:-9012.949999999997, 加速度奖励:-16908.889427974864, 交通灯奖励:-22027.900000004367, 与前车进行交互的惩罚:-5348.699999999237
Episode:29/100, Reward:-53298.43942797823
Episode:29/100, avg speed:6.033326138613684
Episode:29/100, avg halt num:0.49772727272727274
Episode:29/100, avg elec cons:0.4736100550919913
 Retrying in 1 seconds
Warning: Unused states in tlLogic 'J10', program '0' in phase 0 after tl-index 10
Simulation......
总奖励:-40621.626318113485, 速度奖励:-6834.699999999971, 加速度奖励:-14559.626318110844, 交通灯奖励:-15112.699999994727, 与前车进行交互的惩罚:-4114.599999999557
Episode:30/100, Reward:-40621.626318113485
Episode:30/100, avg speed:8.724275791698245
Episode:30/100, avg halt num:0.24183738796414853
Episode:30/100, avg elec cons:0.5191703395117325
 Retrying in 1 seconds
Warning: Unused states in tlLogic 'J10', program '0' in phase 0 after tl-index 10
Simulation......
总奖励:-38337.19216145198, 速度奖励:-6955.149999999961, 加速度奖励:-11289.142161448784, 交通灯奖励:-15442.099999995524, 与前车进行交互的惩罚:-4650.799999999418
Episode:31/100, Reward:-38337.19216145198
Episode:31/100, avg speed:8.733529523641273
Episode:31/100, avg halt num:0.43646811265781804
Episode:31/100, avg elec cons:0.4963763581316503
 Retrying in 1 seconds
Warning: Unused states in tlLogic 'J10', program '0' in phase 0 after tl-index 10
Simulation......
总奖励:-47384.04090175906, 速度奖励:-7829.899999999991, 加速度奖励:-14005.140901755465, 交通灯奖励:-20845.000000002292, 与前车进行交互的惩罚:-4703.999999999404
Episode:32/100, Reward:-47384.04090175906
Episode:32/100, avg speed:7.7557774066906475
Episode:32/100, avg halt num:0.4469722887444406
Episode:32/100, avg elec cons:0.5091044323438775
 Retrying in 1 seconds
Warning: Unused states in tlLogic 'J10', program '0' in phase 0 after tl-index 10
Simulation......
总奖励:-34042.67866240381, 速度奖励:-5536.449999999931, 加速度奖励:-10041.528662401695, 交通灯奖励:-15458.899999996147, 与前车进行交互的惩罚:-3005.799999999845
Episode:33/100, Reward:-34042.67866240381
Episode:33/100, avg speed:9.518413324442635
Episode:33/100, avg halt num:0.3258481421647819
Episode:33/100, avg elec cons:0.6162131781808282
 Retrying in 1 seconds
Warning: Unused states in tlLogic 'J10', program '0' in phase 0 after tl-index 10
Simulation......
总奖励:-26229.452186233826, 速度奖励:-4390.799999999922, 加速度奖励:-8051.952186232824, 交通灯奖励:-11292.599999997425, 与前车进行交互的惩罚:-2494.099999999978
Episode:34/100, Reward:-26229.452186233826
Episode:34/100, avg speed:10.9050320410826
Episode:34/100, avg halt num:0.19677568651650726
Episode:34/100, avg elec cons:0.6159042728005422
 Retrying in 1 seconds
Warning: Unused states in tlLogic 'J10', program '0' in phase 0 after tl-index 10
Simulation......
总奖励:-35551.423367440875, 速度奖励:-6593.799999999976, 加速度奖励:-10346.523367438387, 交通灯奖励:-14800.999999995205, 与前车进行交互的惩罚:-3810.099999999636
Episode:35/100, Reward:-35551.423367440875
Episode:35/100, avg speed:8.558626672771851
Episode:35/100, avg halt num:0.38577512776831346
Episode:35/100, avg elec cons:0.5101983909697069
 Retrying in 1 seconds
Warning: Unused states in tlLogic 'J10', program '0' in phase 0 after tl-index 10
Simulation......
总奖励:-35841.34138829335, 速度奖励:-6712.899999999986, 加速度奖励:-11201.741388290757, 交通灯奖励:-14329.399999995136, 与前车进行交互的惩罚:-3597.2999999996914
Episode:36/100, Reward:-35841.34138829335
Episode:36/100, avg speed:8.422870172105572
Episode:36/100, avg halt num:0.3602303070761015
Episode:36/100, avg elec cons:0.5146736646098484
 Retrying in 1 seconds
Warning: Unused states in tlLogic 'J10', program '0' in phase 0 after tl-index 10
Simulation......
总奖励:-41514.89809710107, 速度奖励:-6430.499999999988, 加速度奖励:-13550.398097098743, 交通灯奖励:-19270.199999999455, 与前车进行交互的惩罚:-2263.800000000038
Episode:37/100, Reward:-41514.89809710107
Episode:37/100, avg speed:8.466378183169725
Episode:37/100, avg halt num:0.2776264591439689
Episode:37/100, avg elec cons:0.674759028496163
 Retrying in 1 seconds
Warning: Unused states in tlLogic 'J10', program '0' in phase 0 after tl-index 10
Simulation......
总奖励:-51529.80009723149, 速度奖励:-7411.699999999945, 加速度奖励:-15663.100097227294, 交通灯奖励:-24598.000000006978, 与前车进行交互的惩罚:-3856.999999999624
Episode:38/100, Reward:-51529.80009723149
Episode:38/100, avg speed:7.793450260094324
Episode:38/100, avg halt num:0.6143663960465937
Episode:38/100, avg elec cons:0.7078939113123878
 Retrying in 1 seconds
Warning: Unused states in tlLogic 'J10', program '0' in phase 0 after tl-index 10
Simulation......
总奖励:-50573.31169733505, 速度奖励:-7573.499999999961, 加速度奖励:-17403.91169733094, 交通灯奖励:-21255.90000000326, 与前车进行交互的惩罚:-4339.999999999499
Episode:39/100, Reward:-50573.31169733505
Episode:39/100, avg speed:7.635526976810199
Episode:39/100, avg halt num:0.5155892915442377
Episode:39/100, avg elec cons:0.6267201675209214
 Retrying in 1 seconds
Warning: Unused states in tlLogic 'J10', program '0' in phase 0 after tl-index 10
Simulation......
总奖励:-63686.07418091222, 速度奖励:-8674.8, 加速度奖励:-27817.574180907694, 交通灯奖励:-24882.30000000759, 与前车进行交互的惩罚:-2311.4000000000256
Episode:40/100, Reward:-63686.07418091222
Episode:40/100, avg speed:7.938039499409426
Episode:40/100, avg halt num:0.24804049640757675
Episode:40/100, avg elec cons:0.6799943340663965
 Retrying in 1 seconds
Warning: Unused states in tlLogic 'J10', program '0' in phase 0 after tl-index 10
Simulation......
总奖励:-92914.0092276144, 速度奖励:-10991.950000000008, 加速度奖励:-43464.659227614706, 交通灯奖励:-34833.50000001613, 与前车进行交互的惩罚:-3623.8999999996845
Episode:41/100, Reward:-92914.0092276144
Episode:41/100, avg speed:6.621919889406508
Episode:41/100, avg halt num:0.38803820497271074
Episode:41/100, avg elec cons:0.6530523197844107
 Retrying in 1 seconds
Warning: Unused states in tlLogic 'J10', program '0' in phase 0 after tl-index 10
Simulation......
总奖励:-85105.6676832973, 速度奖励:-10089.300000000023, 加速度奖励:-34272.567683295965, 交通灯奖励:-32814.90000001325, 与前车进行交互的惩罚:-7928.899999998566
Episode:42/100, Reward:-85105.6676832973
Episode:42/100, avg speed:6.731955404592507
Episode:42/100, avg halt num:0.3960478246429758
Episode:42/100, avg elec cons:0.6565100878609161
 Retrying in 1 seconds
Warning: Unused states in tlLogic 'J10', program '0' in phase 0 after tl-index 10
Simulation......
总奖励:-66312.36178484827, 速度奖励:-8567.850000000011, 加速度奖励:-25257.311784844565, 交通灯奖励:-28187.100000010127, 与前车进行交互的惩罚:-4300.099999999509
Episode:43/100, Reward:-66312.36178484827
Episode:43/100, avg speed:6.722427385903188
Episode:43/100, avg halt num:0.3820435092724679
Episode:43/100, avg elec cons:0.6925812623019014
 Retrying in 1 seconds
Warning: Unused states in tlLogic 'J10', program '0' in phase 0 after tl-index 10
Simulation......
总奖励:-62474.6050613041, 速度奖励:-8054.299999999947, 加速度奖励:-19445.705061300792, 交通灯奖励:-27753.40000000897, 与前车进行交互的惩罚:-7221.19999999875
Episode:44/100, Reward:-62474.6050613041
Episode:44/100, avg speed:7.504478624713847
Episode:44/100, avg halt num:0.35891172506738545
Episode:44/100, avg elec cons:0.6259266625518687
 Retrying in 1 seconds
Warning: Unused states in tlLogic 'J10', program '0' in phase 0 after tl-index 10
Simulation......
总奖励:-79106.15545447919, 速度奖励:-10622.249999999985, 加速度奖励:-26188.405454478216, 交通灯奖励:-33945.900000015245, 与前车进行交互的惩罚:-8349.599999998662
Episode:45/100, Reward:-79106.15545447919
Episode:45/100, avg speed:6.414512992988552
Episode:45/100, avg halt num:0.5893513874958208
Episode:45/100, avg elec cons:0.584149814189472
 Retrying in 1 seconds
Warning: Unused states in tlLogic 'J10', program '0' in phase 0 after tl-index 10
Simulation......
总奖励:-90216.58747292617, 速度奖励:-11237.950000000008, 加速度奖励:-38858.53747292629, 交通灯奖励:-35258.60000001712, 与前车进行交互的惩罚:-4861.499999999363
Episode:46/100, Reward:-90216.58747292617
Episode:46/100, avg speed:6.752680183853098
Episode:46/100, avg halt num:0.4475244589386303
Episode:46/100, avg elec cons:0.5872445197530504
 Retrying in 1 seconds
Warning: Unused states in tlLogic 'J10', program '0' in phase 0 after tl-index 10
Simulation......
总奖励:-87823.6613945331, 速度奖励:-11605.75, 加速度奖励:-32728.91139453478, 交通灯奖励:-36853.700000018674, 与前车进行交互的惩罚:-6635.299999998902
Episode:47/100, Reward:-87823.6613945331
Episode:47/100, avg speed:5.910406227680845
Episode:47/100, avg halt num:0.5113866396761133
Episode:47/100, avg elec cons:0.592654353827916
 Retrying in 1 seconds
Warning: Unused states in tlLogic 'J10', program '0' in phase 0 after tl-index 10
Simulation......
总奖励:-93150.98306919706, 速度奖励:-11587.75, 加速度奖励:-40544.33306919896, 交通灯奖励:-36386.30000001851, 与前车进行交互的惩罚:-4632.599999999423
Episode:48/100, Reward:-93150.98306919706
Episode:48/100, avg speed:5.779576249867615
Episode:48/100, avg halt num:0.5063925362819627
Episode:48/100, avg elec cons:0.6978307796384433
 Retrying in 1 seconds
Warning: Unused states in tlLogic 'J10', program '0' in phase 0 after tl-index 10
Simulation......
总奖励:-76525.74260060073, 速度奖励:-9646.000000000065, 加速度奖励:-32376.642600600924, 交通灯奖励:-30933.800000012765, 与前车进行交互的惩罚:-3569.2999999996987
Episode:49/100, Reward:-76525.74260060073
Episode:49/100, avg speed:6.617988771668167
Episode:49/100, avg halt num:0.3272753707473103
Episode:49/100, avg elec cons:0.5744219767651978
 Retrying in 1 seconds
Warning: Unused states in tlLogic 'J10', program '0' in phase 0 after tl-index 10
Simulation......
总奖励:-44952.07189616995, 速度奖励:-5940.799999999905, 加速度奖励:-18985.071896166788, 交通灯奖励:-16570.29999999628, 与前车进行交互的惩罚:-3455.899999999728
Episode:50/100, Reward:-44952.07189616995
Episode:50/100, avg speed:9.825316777413676
Episode:50/100, avg halt num:0.25274725274725274
Episode:50/100, avg elec cons:0.8505468826573098
 Retrying in 1 seconds
Warning: Unused states in tlLogic 'J10', program '0' in phase 0 after tl-index 10
Simulation......
总奖励:-34465.55032849877, 速度奖励:-4857.749999999939, 加速度奖励:-12602.300328497462, 交通灯奖励:-14756.39999999721, 与前车进行交互的惩罚:-2249.1000000000417
Episode:51/100, Reward:-34465.55032849877
Episode:51/100, avg speed:10.432260681011241
Episode:51/100, avg halt num:0.16604028863499698
Episode:51/100, avg elec cons:0.6663787318723802
 Retrying in 1 seconds
Warning: Unused states in tlLogic 'J10', program '0' in phase 0 after tl-index 10
Simulation......
总奖励:-56429.25383132448, 速度奖励:-7566.049999999892, 加速度奖励:-16485.803831320187, 交通灯奖励:-26196.400000007096, 与前车进行交互的惩罚:-6180.9999999990205
Episode:52/100, Reward:-56429.25383132448
Episode:52/100, avg speed:7.817055565577422
Episode:52/100, avg halt num:0.5123112278397899
Episode:52/100, avg elec cons:0.7150279188778101
 Retrying in 1 seconds
Warning: Unused states in tlLogic 'J10', program '0' in phase 0 after tl-index 10
Simulation......
总奖励:-58945.166427797194, 速度奖励:-7993.399999999955, 加速度奖励:-18659.366427792265, 交通灯奖励:-26065.900000006943, 与前车进行交互的惩罚:-6226.499999999009
Episode:53/100, Reward:-58945.166427797194
Episode:53/100, avg speed:7.646088687978439
Episode:53/100, avg halt num:0.4322020644354082
Episode:53/100, avg elec cons:0.6073688902491858
 Retrying in 1 seconds
Warning: Unused states in tlLogic 'J10', program '0' in phase 0 after tl-index 10
Simulation......
总奖励:-57327.773416103344, 速度奖励:-7746.799999999983, 加速度奖励:-18870.673416100002, 交通灯奖励:-25348.30000000629, 与前车进行交互的惩罚:-5361.999999999233
Episode:54/100, Reward:-57327.773416103344
Episode:54/100, avg speed:8.148223015178026
Episode:54/100, avg halt num:0.33227243793761935
Episode:54/100, avg elec cons:0.574398653508518
 Retrying in 1 seconds
Warning: Unused states in tlLogic 'J10', program '0' in phase 0 after tl-index 10
Simulation......
总奖励:-73636.78644548725, 速度奖励:-9536.600000000022, 加速度奖励:-27442.486445486746, 交通灯奖励:-30406.00000001354, 与前车进行交互的惩罚:-6251.699999999002
Episode:55/100, Reward:-73636.78644548725
Episode:55/100, avg speed:5.585440736526039
Episode:55/100, avg halt num:0.5099516369047619
Episode:55/100, avg elec cons:0.7095825114380105
 Retrying in 1 seconds
Warning: Unused states in tlLogic 'J10', program '0' in phase 0 after tl-index 10
Simulation......
总奖励:-83115.34675071301, 速度奖励:-10042.900000000012, 加速度奖励:-37625.14675071323, 交通灯奖励:-32068.400000013542, 与前车进行交互的惩罚:-3378.899999999748
Episode:56/100, Reward:-83115.34675071301
Episode:56/100, avg speed:6.521385046215326
Episode:56/100, avg halt num:0.37963900134952766
Episode:56/100, avg elec cons:0.7176382624265677
 Retrying in 1 seconds
Warning: Unused states in tlLogic 'J10', program '0' in phase 0 after tl-index 10
Simulation......
总奖励:-83118.49820328053, 速度奖励:-10149.750000000007, 加速度奖励:-34986.94820327996, 交通灯奖励:-32513.400000014393, 与前车进行交互的惩罚:-5468.399999999206
Episode:57/100, Reward:-83118.49820328053
Episode:57/100, avg speed:6.142626948619226
Episode:57/100, avg halt num:0.49712643678160917
Episode:57/100, avg elec cons:0.7506633534155688
 Retrying in 1 seconds
Warning: Unused states in tlLogic 'J10', program '0' in phase 0 after tl-index 10
Simulation......
总奖励:-74017.07243066648, 速度奖励:-8946.150000000009, 加速度奖励:-30126.2224306653, 交通灯奖励:-28902.300000009905, 与前车进行交互的惩罚:-6042.3999999990565
Episode:58/100, Reward:-74017.07243066648
Episode:58/100, avg speed:5.833213634945889
Episode:58/100, avg halt num:0.34644948755490484
Episode:58/100, avg elec cons:0.7934851057163423
 Retrying in 1 seconds
Warning: Unused states in tlLogic 'J10', program '0' in phase 0 after tl-index 10
Simulation......
总奖励:-73808.45533505676, 速度奖励:-8977.00000000004, 加速度奖励:-32451.15533505536, 交通灯奖励:-28267.100000010996, 与前车进行交互的惩罚:-4113.199999999558
Episode:59/100, Reward:-73808.45533505676
Episode:59/100, avg speed:7.588629943859381
Episode:59/100, avg halt num:0.37454677302393036
Episode:59/100, avg elec cons:0.8261565569504473
 Retrying in 1 seconds
Warning: Unused states in tlLogic 'J10', program '0' in phase 0 after tl-index 10
Simulation......
总奖励:-39970.05346869647, 速度奖励:-5463.699999999876, 加速度奖励:-16977.85346869188, 交通灯奖励:-15051.199999996217, 与前车进行交互的惩罚:-2477.2999999999824
Episode:60/100, Reward:-39970.05346869647
Episode:60/100, avg speed:10.68726159729271
Episode:60/100, avg halt num:0.38321050945209867
Episode:60/100, avg elec cons:0.9223138869170853
 Retrying in 1 seconds
Warning: Unused states in tlLogic 'J10', program '0' in phase 0 after tl-index 10
Simulation......
总奖励:-31157.94438449555, 速度奖励:-4449.099999999861, 加速度奖励:-11500.244384492436, 交通灯奖励:-12613.699999997025, 与前车进行交互的惩罚:-2594.899999999952
Episode:61/100, Reward:-31157.94438449555
Episode:61/100, avg speed:10.364978658887788
Episode:61/100, avg halt num:0.5537717601547388
Episode:61/100, avg elec cons:1.2048551170473158
 Retrying in 1 seconds
Warning: Unused states in tlLogic 'J10', program '0' in phase 0 after tl-index 10
Simulation......
总奖励:-28581.32137472732, 速度奖励:-4032.8999999998896, 加速度奖励:-9759.321374725367, 交通灯奖励:-12023.399999997759, 与前车进行交互的惩罚:-2765.6999999999075
Episode:62/100, Reward:-28581.32137472732
Episode:62/100, avg speed:11.2213058880869
Episode:62/100, avg halt num:0.4077781424351821
Episode:62/100, avg elec cons:1.01684326215612
 Retrying in 1 seconds
Warning: Unused states in tlLogic 'J10', program '0' in phase 0 after tl-index 10
Simulation......
总奖励:-47680.401768298274, 速度奖励:-6076.249999999897, 加速度奖励:-13174.351768295171, 交通灯奖励:-22924.300000002055, 与前车进行交互的惩罚:-5505.499999999196
Episode:63/100, Reward:-47680.401768298274
Episode:63/100, avg speed:9.66080913554134
Episode:63/100, avg halt num:0.476481095564156
Episode:63/100, avg elec cons:0.7762600246760498
 Retrying in 1 seconds
Warning: Unused states in tlLogic 'J10', program '0' in phase 0 after tl-index 10
Simulation......
总奖励:-52896.36686514996, 速度奖励:-6317.7999999999265, 加速度奖励:-13871.066865146777, 交通灯奖励:-27160.700000005265, 与前车进行交互的惩罚:-5546.799999999185
Episode:64/100, Reward:-52896.36686514996
Episode:64/100, avg speed:8.25023414702128
Episode:64/100, avg halt num:0.37812922868741544
Episode:64/100, avg elec cons:0.749283554894091
 Retrying in 1 seconds
Warning: Unused states in tlLogic 'J10', program '0' in phase 0 after tl-index 10
Simulation......
总奖励:-60440.475510303404, 速度奖励:-7079.899999999938, 加速度奖励:-16212.675510301686, 交通灯奖励:-30612.70000000782, 与前车进行交互的惩罚:-6535.199999998928
Episode:65/100, Reward:-60440.475510303404
Episode:65/100, avg speed:8.242514038899113
Episode:65/100, avg halt num:0.3054826001313198
Episode:65/100, avg elec cons:0.6392047666206634
 Retrying in 1 seconds
Warning: Unused states in tlLogic 'J10', program '0' in phase 0 after tl-index 10
Simulation......
总奖励:-60979.54720674684, 速度奖励:-7545.749999999951, 加速度奖励:-20351.797206743177, 交通灯奖励:-28457.100000007555, 与前车进行交互的惩罚:-4624.899999999425
Episode:66/100, Reward:-60979.54720674684
Episode:66/100, avg speed:8.625727905657843
Episode:66/100, avg halt num:0.31652806652806653
Episode:66/100, avg elec cons:0.5969005625977022
 Retrying in 1 seconds
Warning: Unused states in tlLogic 'J10', program '0' in phase 0 after tl-index 10
Simulation......
总奖励:-57950.721942294054, 速度奖励:-6967.649999999937, 加速度奖励:-15978.171942290584, 交通灯奖励:-29229.90000000641, 与前车进行交互的惩罚:-5774.999999999126
Episode:67/100, Reward:-57950.721942294054
Episode:67/100, avg speed:9.208532076258884
Episode:67/100, avg halt num:0.38311097634930263
Episode:67/100, avg elec cons:0.6190654245877176
 Retrying in 1 seconds
Warning: Unused states in tlLogic 'J10', program '0' in phase 0 after tl-index 10
Simulation......
总奖励:-63660.815119139625, 速度奖励:-7976.849999999986, 加速度奖励:-24618.865119135637, 交通灯奖励:-27271.800000007843, 与前车进行交互的惩罚:-3793.2999999996405
Episode:68/100, Reward:-63660.815119139625
Episode:68/100, avg speed:8.747074368840591
Episode:68/100, avg halt num:0.2679160419790105
Episode:68/100, avg elec cons:0.6012861500930285
 Retrying in 1 seconds
Warning: Unused states in tlLogic 'J10', program '0' in phase 0 after tl-index 10
Simulation......
总奖励:-65765.33176518428, 速度奖励:-8158.549999999979, 加速度奖励:-25038.88176518071, 交通灯奖励:-28600.30000000824, 与前车进行交互的惩罚:-3967.599999999595
Episode:69/100, Reward:-65765.33176518428
Episode:69/100, avg speed:7.680035872571951
Episode:69/100, avg halt num:0.28586988091780424
Episode:69/100, avg elec cons:0.5837062123115987
 Retrying in 1 seconds
Warning: Unused states in tlLogic 'J10', program '0' in phase 0 after tl-index 10
Simulation......
总奖励:-65429.44214803295, 速度奖励:-8006.949999999982, 加速度奖励:-22927.39214802983, 交通灯奖励:-29873.00000000836, 与前车进行交互的惩罚:-4622.099999999426
Episode:70/100, Reward:-65429.44214803295
Episode:70/100, avg speed:7.0214107699414114
Episode:70/100, avg halt num:0.29867936117936117
Episode:70/100, avg elec cons:0.5909830189534697
 Retrying in 1 seconds
Warning: Unused states in tlLogic 'J10', program '0' in phase 0 after tl-index 10
Simulation......
总奖励:-87765.06048839854, 速度奖励:-11067.150000000001, 加速度奖励:-34914.51048839425, 交通灯奖励:-37344.000000017455, 与前车进行交互的惩罚:-4439.399999999473
Episode:71/100, Reward:-87765.06048839854
Episode:71/100, avg speed:6.7447559665754815
Episode:71/100, avg halt num:0.466039156626506
Episode:71/100, avg elec cons:0.5909876965712474
 Retrying in 1 seconds
Warning: Unused states in tlLogic 'J10', program '0' in phase 0 after tl-index 10
Simulation......
总奖励:-95784.3378918201, 速度奖励:-11516.5, 加速度奖励:-42127.03789181928, 交通灯奖励:-37454.30000001887, 与前车进行交互的惩罚:-4686.499999999409
Episode:72/100, Reward:-95784.3378918201
Episode:72/100, avg speed:5.0098923576706795
Episode:72/100, avg halt num:0.3606350806451613
Episode:72/100, avg elec cons:0.6927719688369015
 Retrying in 1 seconds
Warning: Unused states in tlLogic 'J10', program '0' in phase 0 after tl-index 10
Simulation......
总奖励:-91369.56853670407, 速度奖励:-11240.0, 加速度奖励:-38879.168536702826, 交通灯奖励:-36472.90000001785, 与前车进行交互的惩罚:-4777.499999999385
Episode:73/100, Reward:-91369.56853670407
Episode:73/100, avg speed:5.528279078213518
Episode:73/100, avg halt num:0.4154609929078014
Episode:73/100, avg elec cons:0.579751587434733
 Retrying in 1 seconds
Warning: Unused states in tlLogic 'J10', program '0' in phase 0 after tl-index 10
Simulation......
总奖励:-93446.96114748793, 速度奖励:-11762.250000000025, 加速度奖励:-35412.81114748901, 交通灯奖励:-38424.900000019494, 与前车进行交互的惩罚:-7846.999999998588
Episode:74/100, Reward:-93446.96114748793
Episode:74/100, avg speed:7.62353462545467
Episode:74/100, avg halt num:0.5222742373905165
Episode:74/100, avg elec cons:0.5967262473418734
 Retrying in 1 seconds
Warning: Unused states in tlLogic 'J10', program '0' in phase 0 after tl-index 10
Simulation......
总奖励:-86334.55212704942, 速度奖励:-11353.2, 加速度奖励:-32000.752127047377, 交通灯奖励:-35671.200000017845, 与前车进行交互的惩罚:-7309.399999998727
Episode:75/100, Reward:-86334.55212704942
Episode:75/100, avg speed:6.668502177697495
Episode:75/100, avg halt num:0.48179647866308567
Episode:75/100, avg elec cons:0.5486615473295184
 Retrying in 1 seconds
Warning: Unused states in tlLogic 'J10', program '0' in phase 0 after tl-index 10
Simulation......
总奖励:-81951.72533072054, 速度奖励:-11029.0, 加速度奖励:-32108.62533072036, 交通灯奖励:-33403.10000001726, 与前车进行交互的惩罚:-5410.999999999221
Episode:76/100, Reward:-81951.72533072054
Episode:76/100, avg speed:5.600511924063475
Episode:76/100, avg halt num:0.6163573508005823
Episode:76/100, avg elec cons:0.7127604038579193
 Retrying in 1 seconds
Warning: Unused states in tlLogic 'J10', program '0' in phase 0 after tl-index 10
Simulation......
总奖励:-84826.87142856511, 速度奖励:-11258.700000000033, 加速度奖励:-31112.071428565996, 交通灯奖励:-35575.8000000183, 与前车进行交互的惩罚:-6880.299999998839
Episode:77/100, Reward:-84826.87142856511
Episode:77/100, avg speed:6.654411070223317
Episode:77/100, avg halt num:0.6782097649186257
Episode:77/100, avg elec cons:0.6880029156118339
 Retrying in 1 seconds
Warning: Unused states in tlLogic 'J10', program '0' in phase 0 after tl-index 10
Simulation......
总奖励:-73388.64390352536, 速度奖励:-9910.050000000068, 加速度奖励:-28196.693903524258, 交通灯奖励:-29896.800000013012, 与前车进行交互的惩罚:-5385.099999999227
Episode:78/100, Reward:-73388.64390352536
Episode:78/100, avg speed:7.47168575009157
Episode:78/100, avg halt num:0.5307207207207207
Episode:78/100, avg elec cons:0.7116585070771223
 Retrying in 1 seconds
Warning: Unused states in tlLogic 'J10', program '0' in phase 0 after tl-index 10
Simulation......
总奖励:-74605.5230328777, 速度奖励:-10167.550000000003, 加速度奖励:-26710.973032875034, 交通灯奖励:-31324.100000013288, 与前车进行交互的惩罚:-6402.899999998963
Episode:79/100, Reward:-74605.5230328777
Episode:79/100, avg speed:6.881717290362752
Episode:79/100, avg halt num:0.4818513372698854
Episode:79/100, avg elec cons:0.6189130807719612
 Retrying in 1 seconds
Warning: Unused states in tlLogic 'J10', program '0' in phase 0 after tl-index 10
Simulation......
总奖励:-65569.27222383727, 速度奖励:-9036.050000000012, 加速度奖励:-25151.122223832226, 交通灯奖励:-27153.400000009446, 与前车进行交互的惩罚:-4228.699999999528
Episode:80/100, Reward:-65569.27222383727
Episode:80/100, avg speed:7.30586608571844
Episode:80/100, avg halt num:0.31001234186979326
Episode:80/100, avg elec cons:0.5682854906616066
 Retrying in 1 seconds
Warning: Unused states in tlLogic 'J10', program '0' in phase 0 after tl-index 10
Simulation......
总奖励:-78420.03426066597, 速度奖励:-10604.400000000005, 加速度奖励:-29484.134260663595, 交通灯奖励:-32515.20000001455, 与前车进行交互的惩罚:-5816.299999999115
Episode:81/100, Reward:-78420.03426066597
Episode:81/100, avg speed:5.915353010650414
Episode:81/100, avg halt num:0.5004125412541254
Episode:81/100, avg elec cons:0.598852333304013
 Retrying in 1 seconds
Warning: Unused states in tlLogic 'J10', program '0' in phase 0 after tl-index 10
Simulation......
总奖励:-75114.46200049623, 速度奖励:-10128.600000000017, 加速度奖励:-27051.162000494634, 交通灯奖励:-31632.600000013517, 与前车进行交互的惩罚:-6302.099999998989
Episode:82/100, Reward:-75114.46200049623
Episode:82/100, avg speed:6.273886664319392
Episode:82/100, avg halt num:0.45407801418439714
Episode:82/100, avg elec cons:0.6161710305674316
 Retrying in 1 seconds
Warning: Unused states in tlLogic 'J10', program '0' in phase 0 after tl-index 10
Simulation......
总奖励:-71396.32344554723, 速度奖励:-9543.150000000016, 加速度奖励:-25960.373445544996, 交通灯奖励:-30045.000000011838, 与前车进行交互的惩罚:-5847.799999999107
Episode:83/100, Reward:-71396.32344554723
Episode:83/100, avg speed:7.295078087011991
Episode:83/100, avg halt num:0.3222487324783776
Episode:83/100, avg elec cons:0.5282168524336752
 Retrying in 1 seconds
Warning: Unused states in tlLogic 'J10', program '0' in phase 0 after tl-index 10
Simulation......
总奖励:-79794.55009322138, 速度奖励:-9916.000000000015, 加速度奖励:-36557.55009322055, 交通灯奖励:-29853.20000001149, 与前车进行交互的惩罚:-3467.799999999725
Episode:84/100, Reward:-79794.55009322138
Episode:84/100, avg speed:5.918178360574775
Episode:84/100, avg halt num:0.2825061167423978
Episode:84/100, avg elec cons:0.7064165620467917
 Retrying in 1 seconds
Warning: Unused states in tlLogic 'J10', program '0' in phase 0 after tl-index 10
Simulation......
总奖励:-76751.00584837557, 速度奖励:-9239.500000000033, 加速度奖励:-36750.10584837462, 交通灯奖励:-27522.50000000978, 与前车进行交互的惩罚:-3238.8999999997845
Episode:85/100, Reward:-76751.00584837557
Episode:85/100, avg speed:7.059623570998861
Episode:85/100, avg halt num:0.3127546223754309
Episode:85/100, avg elec cons:0.7062045836925067
 Retrying in 1 seconds
Warning: Unused states in tlLogic 'J10', program '0' in phase 0 after tl-index 10
Simulation......
总奖励:-58546.649514280936, 速度奖励:-7642.599999999963, 加速度奖励:-26678.84951427623, 交通灯奖励:-21602.30000000258, 与前车进行交互的惩罚:-2622.8999999999446
Episode:86/100, Reward:-58546.649514280936
Episode:86/100, avg speed:7.955098068175716
Episode:86/100, avg halt num:0.2927307022634939
Episode:86/100, avg elec cons:0.6436050336914397
 Retrying in 1 seconds
Warning: Unused states in tlLogic 'J10', program '0' in phase 0 after tl-index 10
Simulation......
总奖励:-54443.44492357106, 速度奖励:-7386.9999999999745, 加速度奖励:-24436.744923566184, 交通灯奖励:-19330.400000000125, 与前车进行交互的惩罚:-3289.2999999997714
Episode:87/100, Reward:-54443.44492357106
Episode:87/100, avg speed:7.35991421953979
Episode:87/100, avg halt num:0.3635817307692308
Episode:87/100, avg elec cons:0.8658730945378502
 Retrying in 1 seconds
Warning: Unused states in tlLogic 'J10', program '0' in phase 0 after tl-index 10
Simulation......
总奖励:-50351.39150105002, 速度奖励:-6983.5999999999585, 加速度奖励:-19600.89150104519, 交通灯奖励:-20342.50000000126, 与前车进行交互的惩罚:-3424.3999999997363
Episode:88/100, Reward:-50351.39150105002
Episode:88/100, avg speed:9.146560064345072
Episode:88/100, avg halt num:0.39619205298013244
Episode:88/100, avg elec cons:0.7477076932256056
 Retrying in 1 seconds
Warning: Unused states in tlLogic 'J10', program '0' in phase 0 after tl-index 10
Simulation......
总奖励:-43248.501228354755, 速度奖励:-5684.299999999932, 加速度奖励:-15317.501228351302, 交通灯奖励:-18612.999999999924, 与前车进行交互的惩罚:-3633.699999999682
Episode:89/100, Reward:-43248.501228354755
Episode:89/100, avg speed:9.438793377785151
Episode:89/100, avg halt num:0.37689003436426116
Episode:89/100, avg elec cons:0.8488256168365224
 Retrying in 1 seconds
Warning: Unused states in tlLogic 'J10', program '0' in phase 0 after tl-index 10
Simulation......
总奖励:-51047.09464645068, 速度奖励:-6620.649999999973, 加速度奖励:-15455.344646447951, 交通灯奖励:-24398.00000000413, 与前车进行交互的惩罚:-4573.099999999438
Episode:90/100, Reward:-51047.09464645068
Episode:90/100, avg speed:8.295923084086715
Episode:90/100, avg halt num:0.4531129900076864
Episode:90/100, avg elec cons:0.7786128975673599
 Retrying in 1 seconds
Warning: Unused states in tlLogic 'J10', program '0' in phase 0 after tl-index 10
Simulation......
总奖励:-54684.26797899866, 速度奖励:-7391.149999999989, 加速度奖励:-16461.61797899497, 交通灯奖励:-25627.000000006028, 与前车进行交互的惩罚:-5204.499999999274
Episode:91/100, Reward:-54684.26797899866
Episode:91/100, avg speed:7.373801605099989
Episode:91/100, avg halt num:0.49842602308499473
Episode:91/100, avg elec cons:0.6742956106322904
 Retrying in 1 seconds
Warning: Unused states in tlLogic 'J10', program '0' in phase 0 after tl-index 10
Simulation......
总奖励:-49247.06494185329, 速度奖励:-6326.5999999999185, 加速度奖励:-15192.664941850333, 交通灯奖励:-22052.200000002093, 与前车进行交互的惩罚:-5675.599999999152
Episode:92/100, Reward:-49247.06494185329
Episode:92/100, avg speed:7.638770520522203
Episode:92/100, avg halt num:0.4001254030813329
Episode:92/100, avg elec cons:0.8165429245558384
 Retrying in 1 seconds
Warning: Unused states in tlLogic 'J10', program '0' in phase 0 after tl-index 10
Simulation......
总奖励:-60114.967718378044, 速度奖励:-7911.09999999999, 加速度奖励:-18317.26771837314, 交通灯奖励:-28456.70000000747, 与前车进行交互的惩罚:-5429.899999999216
Episode:93/100, Reward:-60114.967718378044
Episode:93/100, avg speed:8.036326892476398
Episode:93/100, avg halt num:0.584744094488189
Episode:93/100, avg elec cons:0.7914194525895405
 Retrying in 1 seconds
Warning: Unused states in tlLogic 'J10', program '0' in phase 0 after tl-index 10
Simulation......
总奖励:-60695.72509083062, 速度奖励:-8145.249999999995, 加速度奖励:-22873.375090824888, 交通灯奖励:-25659.800000007264, 与前车进行交互的惩罚:-4017.2999999995823
Episode:94/100, Reward:-60695.72509083062
Episode:94/100, avg speed:8.504360228397818
Episode:94/100, avg halt num:0.38376054510058405
Episode:94/100, avg elec cons:0.6962440778295124
 Retrying in 1 seconds
Warning: Unused states in tlLogic 'J10', program '0' in phase 0 after tl-index 10
Simulation......
总奖励:-60759.122408885734, 速度奖励:-7763.599999999962, 加速度奖励:-25055.822408881126, 交通灯奖励:-24682.600000006816, 与前车进行交互的惩罚:-3257.09999999978
Episode:95/100, Reward:-60759.122408885734
Episode:95/100, avg speed:8.021632763962613
Episode:95/100, avg halt num:0.41359152356594814
Episode:95/100, avg elec cons:0.8021918826631549
 Retrying in 1 seconds
Warning: Unused states in tlLogic 'J10', program '0' in phase 0 after tl-index 10
Simulation......
总奖励:-62817.67907841498, 速度奖励:-8246.39999999999, 加速度奖励:-25840.17907840999, 交通灯奖励:-25700.10000000766, 与前车进行交互的惩罚:-3030.9999999998386
Episode:96/100, Reward:-62817.67907841498
Episode:96/100, avg speed:7.451807287707669
Episode:96/100, avg halt num:0.43010550113036927
Episode:96/100, avg elec cons:0.7851678463748555
 Retrying in 1 seconds
Warning: Unused states in tlLogic 'J10', program '0' in phase 0 after tl-index 10
Simulation......
总奖励:-64297.60288690423, 速度奖励:-8456.900000000005, 加速度奖励:-25340.00288689995, 交通灯奖励:-26939.80000000775, 与前车进行交互的惩罚:-3560.899999999701
Episode:97/100, Reward:-64297.60288690423
Episode:97/100, avg speed:8.125725282942986
Episode:97/100, avg halt num:0.3982067510548523
Episode:97/100, avg elec cons:0.7109858958327956
 Retrying in 1 seconds
Warning: Unused states in tlLogic 'J10', program '0' in phase 0 after tl-index 10
Simulation......
总奖励:-58503.78233850063, 速度奖励:-7553.799999999996, 加速度奖励:-22339.682338496234, 交通灯奖励:-25451.90000000535, 与前车进行交互的惩罚:-3158.3999999998055
Episode:98/100, Reward:-58503.78233850063
Episode:98/100, avg speed:7.185556141036544
Episode:98/100, avg halt num:0.40188470066518844
Episode:98/100, avg elec cons:0.7599794632446156
 Retrying in 1 seconds
Warning: Unused states in tlLogic 'J10', program '0' in phase 0 after tl-index 10
Simulation......
总奖励:-54693.77755209353, 速度奖励:-6692.649999999967, 加速度奖励:-19664.927552090456, 交通灯奖励:-25322.0000000046, 与前车进行交互的惩罚:-3014.199999999843
Episode:99/100, Reward:-54693.77755209353
Episode:99/100, avg speed:8.631597906055253
Episode:99/100, avg halt num:0.27232420659614187
Episode:99/100, avg elec cons:0.6619426448732478
 Retrying in 1 seconds
Warning: Unused states in tlLogic 'J10', program '0' in phase 0 after tl-index 10
Simulation......
总奖励:-92223.78391376014, 速度奖励:-11168.25, 加速度奖励:-40792.83391375869, 交通灯奖励:-36440.70000001774, 与前车进行交互的惩罚:-3821.999999999633
Episode:100/100, Reward:-92223.78391376014
Episode:100/100, avg speed:7.035060035476553
Episode:100/100, avg halt num:0.4223931879294891
Episode:100/100, avg elec cons:0.6257424047357928
model saved successfully!
Complete training!
final reward list:[-73320.87295480089, -72940.87045602272, -19648.308694128566, -12134.208363644513, -8445.245090505257, -8848.322173404698, -8224.610226571724, -7493.1907880382405, -6545.517890890883, -5603.277946964871, -6114.764553432492, -41314.742634924034, -12371.503568629782, -14088.72316468687, -26580.228170391198, -13872.595967792202, -13401.659862278486, -18083.55843609507, -18535.391908888316, -16244.531694628171, -16026.451139842997, -18995.623173329677, -9449.591357214851, -38895.34964802237, -57443.838043134965, -56131.48906666214, -56360.17445715988, -56858.93724697464, -53298.43942797823, -40621.626318113485, -38337.19216145198, -47384.04090175906, -34042.67866240381, -26229.452186233826, -35551.423367440875, -35841.34138829335, -41514.89809710107, -51529.80009723149, -50573.31169733505, -63686.07418091222, -92914.0092276144, -85105.6676832973, -66312.36178484827, -62474.6050613041, -79106.15545447919, -90216.58747292617, -87823.6613945331, -93150.98306919706, -76525.74260060073, -44952.07189616995, -34465.55032849877, -56429.25383132448, -58945.166427797194, -57327.773416103344, -73636.78644548725, -83115.34675071301, -83118.49820328053, -74017.07243066648, -73808.45533505676, -39970.05346869647, -31157.94438449555, -28581.32137472732, -47680.401768298274, -52896.36686514996, -60440.475510303404, -60979.54720674684, -57950.721942294054, -63660.815119139625, -65765.33176518428, -65429.44214803295, -87765.06048839854, -95784.3378918201, -91369.56853670407, -93446.96114748793, -86334.55212704942, -81951.72533072054, -84826.87142856511, -73388.64390352536, -74605.5230328777, -65569.27222383727, -78420.03426066597, -75114.46200049623, -71396.32344554723, -79794.55009322138, -76751.00584837557, -58546.649514280936, -54443.44492357106, -50351.39150105002, -43248.501228354755, -51047.09464645068, -54684.26797899866, -49247.06494185329, -60114.967718378044, -60695.72509083062, -60759.122408885734, -62817.67907841498, -64297.60288690423, -58503.78233850063, -54693.77755209353, -92223.78391376014]
final speed list:[10.042872484601084, 9.36882000749931, 14.815825670292721, 13.807811007554237, 14.228981843052544, 13.711579064330444, 14.036755608335337, 13.925520173754508, 13.642717292166507, 13.113382628914888, 13.347505217300965, 9.071106754139965, 9.984305868168722, 10.053685063724718, 8.081023134629042, 8.876572532906977, 9.967163760904619, 7.942257705356731, 8.886959733006833, 9.849186121259406, 9.028242497457088, 8.897510558769957, 11.53134377365231, 9.722335127669512, 6.863880452058119, 7.258029832263536, 7.032582508182744, 5.767266604014292, 6.033326138613684, 8.724275791698245, 8.733529523641273, 7.7557774066906475, 9.518413324442635, 10.9050320410826, 8.558626672771851, 8.422870172105572, 8.466378183169725, 7.793450260094324, 7.635526976810199, 7.938039499409426, 6.621919889406508, 6.731955404592507, 6.722427385903188, 7.504478624713847, 6.414512992988552, 6.752680183853098, 5.910406227680845, 5.779576249867615, 6.617988771668167, 9.825316777413676, 10.432260681011241, 7.817055565577422, 7.646088687978439, 8.148223015178026, 5.585440736526039, 6.521385046215326, 6.142626948619226, 5.833213634945889, 7.588629943859381, 10.68726159729271, 10.364978658887788, 11.2213058880869, 9.66080913554134, 8.25023414702128, 8.242514038899113, 8.625727905657843, 9.208532076258884, 8.747074368840591, 7.680035872571951, 7.0214107699414114, 6.7447559665754815, 5.0098923576706795, 5.528279078213518, 7.62353462545467, 6.668502177697495, 5.600511924063475, 6.654411070223317, 7.47168575009157, 6.881717290362752, 7.30586608571844, 5.915353010650414, 6.273886664319392, 7.295078087011991, 5.918178360574775, 7.059623570998861, 7.955098068175716, 7.35991421953979, 9.146560064345072, 9.438793377785151, 8.295923084086715, 7.373801605099989, 7.638770520522203, 8.036326892476398, 8.504360228397818, 8.021632763962613, 7.451807287707669, 8.125725282942986, 7.185556141036544, 8.631597906055253, 7.035060035476553]
final elec cons list:[0.834843058417069, 0.9167152836361901, 1.9844041198089706, 2.4831867021080307, 2.5664969508395634, 2.1891983576304925, 2.2971780090368683, 1.9923374671970788, 1.8548644844015045, 1.341084261459711, 0.9242377454398623, 0.38354841641951626, 0.28765718970866455, 0.3846551340514291, 0.2952896867807573, 0.3068221973300501, 0.28985749243571823, 0.32732027759132304, 0.2630430640747287, 0.3364247843061973, 0.5340187216369934, 0.3977965912634045, 0.4704884458015398, 0.7348600053726289, 0.3899291735673356, 0.36148165251711656, 0.4840330581054564, 0.7496384282858074, 0.4736100550919913, 0.5191703395117325, 0.4963763581316503, 0.5091044323438775, 0.6162131781808282, 0.6159042728005422, 0.5101983909697069, 0.5146736646098484, 0.674759028496163, 0.7078939113123878, 0.6267201675209214, 0.6799943340663965, 0.6530523197844107, 0.6565100878609161, 0.6925812623019014, 0.6259266625518687, 0.584149814189472, 0.5872445197530504, 0.592654353827916, 0.6978307796384433, 0.5744219767651978, 0.8505468826573098, 0.6663787318723802, 0.7150279188778101, 0.6073688902491858, 0.574398653508518, 0.7095825114380105, 0.7176382624265677, 0.7506633534155688, 0.7934851057163423, 0.8261565569504473, 0.9223138869170853, 1.2048551170473158, 1.01684326215612, 0.7762600246760498, 0.749283554894091, 0.6392047666206634, 0.5969005625977022, 0.6190654245877176, 0.6012861500930285, 0.5837062123115987, 0.5909830189534697, 0.5909876965712474, 0.6927719688369015, 0.579751587434733, 0.5967262473418734, 0.5486615473295184, 0.7127604038579193, 0.6880029156118339, 0.7116585070771223, 0.6189130807719612, 0.5682854906616066, 0.598852333304013, 0.6161710305674316, 0.5282168524336752, 0.7064165620467917, 0.7062045836925067, 0.6436050336914397, 0.8658730945378502, 0.7477076932256056, 0.8488256168365224, 0.7786128975673599, 0.6742956106322904, 0.8165429245558384, 0.7914194525895405, 0.6962440778295124, 0.8021918826631549, 0.7851678463748555, 0.7109858958327956, 0.7599794632446156, 0.6619426448732478, 0.6257424047357928]
final halt list:[1.5929085785848467, 1.732640053673264, 0.2635532331809275, 0.14292579777008843, 0.09269662921348315, 0.0777422790202343, 0.05599395567494963, 0.03031716417910448, 0.027175671303785183, 0.028383523710626513, 0.048786407766990295, 1.0016875602700097, 0.2052946324387398, 0.23351063829787233, 0.6618311327310632, 0.395884846344048, 0.29282075772047117, 0.5288498649170205, 0.312904792746114, 0.2665079365079365, 0.3116648609606356, 0.39907440370238517, 0.04342723004694836, 0.16360130525066746, 0.4589173874142559, 0.37527804258023517, 0.2748921085080148, 0.3334842448388265, 0.49772727272727274, 0.24183738796414853, 0.43646811265781804, 0.4469722887444406, 0.3258481421647819, 0.19677568651650726, 0.38577512776831346, 0.3602303070761015, 0.2776264591439689, 0.6143663960465937, 0.5155892915442377, 0.24804049640757675, 0.38803820497271074, 0.3960478246429758, 0.3820435092724679, 0.35891172506738545, 0.5893513874958208, 0.4475244589386303, 0.5113866396761133, 0.5063925362819627, 0.3272753707473103, 0.25274725274725274, 0.16604028863499698, 0.5123112278397899, 0.4322020644354082, 0.33227243793761935, 0.5099516369047619, 0.37963900134952766, 0.49712643678160917, 0.34644948755490484, 0.37454677302393036, 0.38321050945209867, 0.5537717601547388, 0.4077781424351821, 0.476481095564156, 0.37812922868741544, 0.3054826001313198, 0.31652806652806653, 0.38311097634930263, 0.2679160419790105, 0.28586988091780424, 0.29867936117936117, 0.466039156626506, 0.3606350806451613, 0.4154609929078014, 0.5222742373905165, 0.48179647866308567, 0.6163573508005823, 0.6782097649186257, 0.5307207207207207, 0.4818513372698854, 0.31001234186979326, 0.5004125412541254, 0.45407801418439714, 0.3222487324783776, 0.2825061167423978, 0.3127546223754309, 0.2927307022634939, 0.3635817307692308, 0.39619205298013244, 0.37689003436426116, 0.4531129900076864, 0.49842602308499473, 0.4001254030813329, 0.584744094488189, 0.38376054510058405, 0.41359152356594814, 0.43010550113036927, 0.3982067510548523, 0.40188470066518844, 0.27232420659614187, 0.4223931879294891]
speed reward list:[-13562.550000000643, -13515.950000000608, -2726.199999999989, -2505.7999999999893, -2441.599999999992, -2669.7499999999864, -2690.8499999999817, -2630.149999999992, -2694.249999999979, -2889.849999999974, -3292.299999999966, -10337.700000000044, -5302.999999999957, -5456.649999999951, -8072.599999999954, -5887.099999999962, -5673.799999999957, -6612.699999999959, -6412.699999999981, -5682.79999999996, -5416.849999999932, -6039.699999999955, -4047.6499999999323, -5932.099999999946, -9325.499999999996, -9459.249999999998, -8729.099999999997, -8494.449999999972, -9012.949999999997, -6834.699999999971, -6955.149999999961, -7829.899999999991, -5536.449999999931, -4390.799999999922, -6593.799999999976, -6712.899999999986, -6430.499999999988, -7411.699999999945, -7573.499999999961, -8674.8, -10991.950000000008, -10089.300000000023, -8567.850000000011, -8054.299999999947, -10622.249999999985, -11237.950000000008, -11605.75, -11587.75, -9646.000000000065, -5940.799999999905, -4857.749999999939, -7566.049999999892, -7993.399999999955, -7746.799999999983, -9536.600000000022, -10042.900000000012, -10149.750000000007, -8946.150000000009, -8977.00000000004, -5463.699999999876, -4449.099999999861, -4032.8999999998896, -6076.249999999897, -6317.7999999999265, -7079.899999999938, -7545.749999999951, -6967.649999999937, -7976.849999999986, -8158.549999999979, -8006.949999999982, -11067.150000000001, -11516.5, -11240.0, -11762.250000000025, -11353.2, -11029.0, -11258.700000000033, -9910.050000000068, -10167.550000000003, -9036.050000000012, -10604.400000000005, -10128.600000000017, -9543.150000000016, -9916.000000000015, -9239.500000000033, -7642.599999999963, -7386.9999999999745, -6983.5999999999585, -5684.299999999932, -6620.649999999973, -7391.149999999989, -6326.5999999999185, -7911.09999999999, -8145.249999999995, -7763.599999999962, -8246.39999999999, -8456.900000000005, -7553.799999999996, -6692.649999999967, -11168.25]
accel reward list:[-3459.722954802469, -3462.320456023615, -5957.00869412841, -3731.7083636449997, -3221.545090505515, -3155.4721734050117, -3127.460226571986, -3044.640788038359, -2372.9678908909573, -1515.8279469648774, -1489.1645534325482, -3950.442634919761, -2326.703568630285, -2619.573164687518, -3652.928170388979, -2173.6959677930045, -2392.5598622791968, -2963.658436095115, -3345.591908888035, -3484.5316946287285, -3631.2011398437335, -3641.723173329324, -2727.4413572150083, -15159.849648020569, -15988.93804313109, -15930.739066659162, -16914.37445715675, -20562.98724697143, -16908.889427974864, -14559.626318110844, -11289.142161448784, -14005.140901755465, -10041.528662401695, -8051.952186232824, -10346.523367438387, -11201.741388290757, -13550.398097098743, -15663.100097227294, -17403.91169733094, -27817.574180907694, -43464.659227614706, -34272.567683295965, -25257.311784844565, -19445.705061300792, -26188.405454478216, -38858.53747292629, -32728.91139453478, -40544.33306919896, -32376.642600600924, -18985.071896166788, -12602.300328497462, -16485.803831320187, -18659.366427792265, -18870.673416100002, -27442.486445486746, -37625.14675071323, -34986.94820327996, -30126.2224306653, -32451.15533505536, -16977.85346869188, -11500.244384492436, -9759.321374725367, -13174.351768295171, -13871.066865146777, -16212.675510301686, -20351.797206743177, -15978.171942290584, -24618.865119135637, -25038.88176518071, -22927.39214802983, -34914.51048839425, -42127.03789181928, -38879.168536702826, -35412.81114748901, -32000.752127047377, -32108.62533072036, -31112.071428565996, -28196.693903524258, -26710.973032875034, -25151.122223832226, -29484.134260663595, -27051.162000494634, -25960.373445544996, -36557.55009322055, -36750.10584837462, -26678.84951427623, -24436.744923566184, -19600.89150104519, -15317.501228351302, -15455.344646447951, -16461.61797899497, -15192.664941850333, -18317.26771837314, -22873.375090824888, -25055.822408881126, -25840.17907840999, -25340.00288689995, -22339.682338496234, -19664.927552090456, -40792.83391375869]
tls reward list:[-48870.900000028596, -48413.800000028445, -8932.999999998676, -4890.099999999722, -2105.2000000004814, -2419.000000000517, -1650.3000000002921, -1375.3000000003335, -1056.1999999998525, -907.0999999997886, -876.199999999774, -22411.500000010743, -3465.7000000010657, -4483.700000000486, -11934.999999994921, -4462.899999999879, -3852.7000000012586, -6666.199999997147, -7219.599999996555, -5850.099999997612, -5071.599999999356, -7221.19999999671, -1465.6000000005763, -15083.19999999603, -26547.600000009443, -27459.200000009514, -27919.50000000865, -22333.10000000446, -22027.900000004367, -15112.699999994727, -15442.099999995524, -20845.000000002292, -15458.899999996147, -11292.599999997425, -14800.999999995205, -14329.399999995136, -19270.199999999455, -24598.000000006978, -21255.90000000326, -24882.30000000759, -34833.50000001613, -32814.90000001325, -28187.100000010127, -27753.40000000897, -33945.900000015245, -35258.60000001712, -36853.700000018674, -36386.30000001851, -30933.800000012765, -16570.29999999628, -14756.39999999721, -26196.400000007096, -26065.900000006943, -25348.30000000629, -30406.00000001354, -32068.400000013542, -32513.400000014393, -28902.300000009905, -28267.100000010996, -15051.199999996217, -12613.699999997025, -12023.399999997759, -22924.300000002055, -27160.700000005265, -30612.70000000782, -28457.100000007555, -29229.90000000641, -27271.800000007843, -28600.30000000824, -29873.00000000836, -37344.000000017455, -37454.30000001887, -36472.90000001785, -38424.900000019494, -35671.200000017845, -33403.10000001726, -35575.8000000183, -29896.800000013012, -31324.100000013288, -27153.400000009446, -32515.20000001455, -31632.600000013517, -30045.000000011838, -29853.20000001149, -27522.50000000978, -21602.30000000258, -19330.400000000125, -20342.50000000126, -18612.999999999924, -24398.00000000413, -25627.000000006028, -22052.200000002093, -28456.70000000747, -25659.800000007264, -24682.600000006816, -25700.10000000766, -26939.80000000775, -25451.90000000535, -25322.0000000046, -36440.70000001774]
extra reward list:[-7427.6999999986965, -7548.799999998665, -2032.100000000093, -1006.6000000000263, -676.9000000000049, -604.1000000000001, -756.00000000001, -443.09999999999525, -422.0999999999956, -290.4999999999977, -457.099999999995, -4615.099999999427, -1276.1000000000438, -1528.8000000000602, -2919.6999999998675, -1348.9000000000485, -1482.6000000000572, -1841.0000000000805, -1557.500000000062, -1227.1000000000406, -1906.8000000000848, -2093.0000000000823, -1208.9000000000394, -2720.1999999999193, -5581.799999999176, -3282.2999999997733, -2797.1999999998993, -5468.399999999206, -5348.699999999237, -4114.599999999557, -4650.799999999418, -4703.999999999404, -3005.799999999845, -2494.099999999978, -3810.099999999636, -3597.2999999996914, -2263.800000000038, -3856.999999999624, -4339.999999999499, -2311.4000000000256, -3623.8999999996845, -7928.899999998566, -4300.099999999509, -7221.19999999875, -8349.599999998662, -4861.499999999363, -6635.299999998902, -4632.599999999423, -3569.2999999996987, -3455.899999999728, -2249.1000000000417, -6180.9999999990205, -6226.499999999009, -5361.999999999233, -6251.699999999002, -3378.899999999748, -5468.399999999206, -6042.3999999990565, -4113.199999999558, -2477.2999999999824, -2594.899999999952, -2765.6999999999075, -5505.499999999196, -5546.799999999185, -6535.199999998928, -4624.899999999425, -5774.999999999126, -3793.2999999996405, -3967.599999999595, -4622.099999999426, -4439.399999999473, -4686.499999999409, -4777.499999999385, -7846.999999998588, -7309.399999998727, -5410.999999999221, -6880.299999998839, -5385.099999999227, -6402.899999998963, -4228.699999999528, -5816.299999999115, -6302.099999998989, -5847.799999999107, -3467.799999999725, -3238.8999999997845, -2622.8999999999446, -3289.2999999997714, -3424.3999999997363, -3633.699999999682, -4573.099999999438, -5204.499999999274, -5675.599999999152, -5429.899999999216, -4017.2999999995823, -3257.09999999978, -3030.9999999998386, -3560.899999999701, -3158.3999999998055, -3014.199999999843, -3821.999999999633]
