nohup: 忽略输入
Env:sumo, Algorithm:TD3, Device:cuda
-----------------------------------------
models/reward_s4e-2(-3, 1)_a4e-2_t(-2_0.1).pth
-----------------------------------------
 Retrying in 1 seconds
Warning: Unused states in tlLogic 'J10', program '0' in phase 0 after tl-index 10
Simulation......
总奖励:-12354.578342680214, 速度奖励:-1426.8399999996855, 加速度奖励:-711.2383426792711, 交通灯奖励:-10216.49999999845, 与前车进行交互的惩罚:0.0
Episode:1/100, Reward:-12354.578342680214
Episode:1/100, avg speed:14.437917980568516
Episode:1/100, avg halt num:0.3433744722312439
Episode:1/100, avg elec cons:1.762902998089894
 Retrying in 1 seconds
Warning: Unused states in tlLogic 'J10', program '0' in phase 0 after tl-index 10
Simulation......
总奖励:-14539.733232251552, 速度奖励:-1678.9999999994468, 加速度奖励:-681.333232250229, 交通灯奖励:-12179.39999999801, 与前车进行交互的惩罚:0.0
Episode:2/100, Reward:-14539.733232251552
Episode:2/100, avg speed:14.017458994774065
Episode:2/100, avg halt num:0.4596020761245675
Episode:2/100, avg elec cons:1.8991220424325361
 Retrying in 1 seconds
Warning: Unused states in tlLogic 'J10', program '0' in phase 0 after tl-index 10
Simulation......
总奖励:-10234.859900540006, 速度奖励:-1147.1999999999355, 加速度奖励:-829.5599005390374, 交通灯奖励:-8258.099999998987, 与前车进行交互的惩罚:0.0
Episode:3/100, Reward:-10234.859900540006
Episode:3/100, avg speed:15.65746233320606
Episode:3/100, avg halt num:0.2687152664269369
Episode:3/100, avg elec cons:2.0400297939252607
 Retrying in 1 seconds
Warning: Unused states in tlLogic 'J10', program '0' in phase 0 after tl-index 10
Simulation......
总奖励:-9948.233435801432, 速度奖励:-1148.279999999931, 加速度奖励:-897.3534358008009, 交通灯奖励:-7902.599999999066, 与前车进行交互的惩罚:0.0
Episode:4/100, Reward:-9948.233435801432
Episode:4/100, avg speed:14.455638866878754
Episode:4/100, avg halt num:0.2533759124087591
Episode:4/100, avg elec cons:2.326482975279603
 Retrying in 1 seconds
Warning: Unused states in tlLogic 'J10', program '0' in phase 0 after tl-index 10
Simulation......
总奖励:-11438.812931785747, 速度奖励:-1932.9599999992142, 加速度奖励:-750.0529317850874, 交通灯奖励:-8755.799999997429, 与前车进行交互的惩罚:0.0
Episode:5/100, Reward:-11438.812931785747
Episode:5/100, avg speed:11.459723678559866
Episode:5/100, avg halt num:0.2717566478646253
Episode:5/100, avg elec cons:1.0582483584537492
 Retrying in 1 seconds
Warning: Unused states in tlLogic 'J10', program '0' in phase 0 after tl-index 10
Simulation......
总奖励:-5034.10280545273, 速度奖励:-1201.4799999998922, 加速度奖励:-754.0228054525709, 交通灯奖励:-3078.6000000005592, 与前车进行交互的惩罚:0.0
Episode:6/100, Reward:-5034.10280545273
Episode:6/100, avg speed:13.939541349239898
Episode:6/100, avg halt num:0.1532258064516129
Episode:6/100, avg elec cons:1.641105939298185
 Retrying in 1 seconds
Warning: Unused states in tlLogic 'J10', program '0' in phase 0 after tl-index 10
Simulation......
总奖励:-4520.688983898719, 速度奖励:-1201.3199999998951, 加速度奖励:-810.5689838986427, 交通灯奖励:-2508.8000000005304, 与前车进行交互的惩罚:0.0
Episode:7/100, Reward:-4520.688983898719
Episode:7/100, avg speed:13.961219421013917
Episode:7/100, avg halt num:0.12832991803278687
Episode:7/100, avg elec cons:1.618004490708878
 Retrying in 1 seconds
Warning: Unused states in tlLogic 'J10', program '0' in phase 0 after tl-index 10
Simulation......
总奖励:-4370.48982933701, 速度奖励:-1115.1599999999673, 加速度奖励:-884.7298293370127, 交通灯奖励:-2370.6000000004547, 与前车进行交互的惩罚:0.0
Episode:8/100, Reward:-4370.48982933701
Episode:8/100, avg speed:14.360092381334772
Episode:8/100, avg halt num:0.1042830540037244
Episode:8/100, avg elec cons:1.8792911202207856
 Retrying in 1 seconds
Warning: Unused states in tlLogic 'J10', program '0' in phase 0 after tl-index 10
Simulation......
总奖励:-4584.214752233189, 速度奖励:-1202.0399999998908, 加速度奖励:-970.1747522331741, 交通灯奖励:-2412.0000000003956, 与前车进行交互的惩罚:0.0
Episode:9/100, Reward:-4584.214752233189
Episode:9/100, avg speed:14.136922792633785
Episode:9/100, avg halt num:0.07740788623141565
Episode:9/100, avg elec cons:2.3033664889912164
 Retrying in 1 seconds
Warning: Unused states in tlLogic 'J10', program '0' in phase 0 after tl-index 10
Simulation......
总奖励:-4163.407580801538, 速度奖励:-1192.3599999998926, 加速度奖励:-809.847580801578, 交通灯奖励:-2161.200000000447, 与前车进行交互的惩罚:0.0
Episode:10/100, Reward:-4163.407580801538
Episode:10/100, avg speed:14.198492872003792
Episode:10/100, avg halt num:0.10477430555555556
Episode:10/100, avg elec cons:2.386453489948686
 Retrying in 1 seconds
Warning: Unused states in tlLogic 'J10', program '0' in phase 0 after tl-index 10
Simulation......
总奖励:-4370.612070132024, 速度奖励:-1198.5999999998899, 加速度奖励:-941.5120701320357, 交通灯奖励:-2230.5000000004347, 与前车进行交互的惩罚:0.0
Episode:11/100, Reward:-4370.612070132024
Episode:11/100, avg speed:14.542071238124949
Episode:11/100, avg halt num:0.07720468597461763
Episode:11/100, avg elec cons:2.2399797529121215
 Retrying in 1 seconds
Warning: Unused states in tlLogic 'J10', program '0' in phase 0 after tl-index 10
Simulation......
总奖励:-5907.9860906699605, 速度奖励:-1377.5199999997221, 加速度奖励:-1434.7660906697442, 交通灯奖励:-3095.7000000005573, 与前车进行交互的惩罚:0.0
Episode:12/100, Reward:-5907.9860906699605
Episode:12/100, avg speed:13.099224875288142
Episode:12/100, avg halt num:0.051470588235294115
Episode:12/100, avg elec cons:2.151018718949475
 Retrying in 1 seconds
Warning: Unused states in tlLogic 'J10', program '0' in phase 0 after tl-index 10
Simulation......
总奖励:-5539.838966299, 速度奖励:-1615.1199999995072, 加速度奖励:-1206.9189662989022, 交通灯奖励:-2717.8000000007064, 与前车进行交互的惩罚:0.0
Episode:13/100, Reward:-5539.838966299
Episode:13/100, avg speed:12.933907978785898
Episode:13/100, avg halt num:0.0945226917057903
Episode:13/100, avg elec cons:1.4596361572462706
 Retrying in 1 seconds
Warning: Unused states in tlLogic 'J10', program '0' in phase 0 after tl-index 10
Simulation......
总奖励:-3747.651843238348, 速度奖励:-1313.9599999997827, 加速度奖励:-1028.291843238405, 交通灯奖励:-1405.4000000000751, 与前车进行交互的惩罚:0.0
Episode:14/100, Reward:-3747.651843238348
Episode:14/100, avg speed:13.602838369012085
Episode:14/100, avg halt num:0.08885594698290897
Episode:14/100, avg elec cons:2.0619308810430925
 Retrying in 1 seconds
Warning: Unused states in tlLogic 'J10', program '0' in phase 0 after tl-index 10
Simulation......
总奖励:-5846.2277947176435, 速度奖励:-1940.7599999992074, 加速度奖励:-1250.5677947173767, 交通灯奖励:-2654.9000000007923, 与前车进行交互的惩罚:0.0
Episode:15/100, Reward:-5846.2277947176435
Episode:15/100, avg speed:11.719973126334683
Episode:15/100, avg halt num:0.15764790764790765
Episode:15/100, avg elec cons:0.9383561559297313
 Retrying in 1 seconds
Warning: Unused states in tlLogic 'J10', program '0' in phase 0 after tl-index 10
Simulation......
总奖励:-4319.687629135399, 速度奖励:-1711.5199999994145, 加速度奖励:-1198.1676291354213, 交通灯奖励:-1410.0000000000878, 与前车进行交互的惩罚:0.0
Episode:16/100, Reward:-4319.687629135399
Episode:16/100, avg speed:11.765213169401692
Episode:16/100, avg halt num:0.08009708737864078
Episode:16/100, avg elec cons:0.9777399507786284
 Retrying in 1 seconds
Warning: Unused states in tlLogic 'J10', program '0' in phase 0 after tl-index 10
Simulation......
总奖励:-3725.874632056536, 速度奖励:-1359.9999999997385, 加速度奖励:-1136.7746320565443, 交通灯奖励:-1229.1000000002837, 与前车进行交互的惩罚:0.0
Episode:17/100, Reward:-3725.874632056536
Episode:17/100, avg speed:13.583060551201518
Episode:17/100, avg halt num:0.013458262350936967
Episode:17/100, avg elec cons:1.7450073491319864
 Retrying in 1 seconds
Warning: Unused states in tlLogic 'J10', program '0' in phase 0 after tl-index 10
Simulation......
总奖励:-3728.893914151845, 速度奖励:-1414.8399999996896, 加速度奖励:-990.8539141518668, 交通灯奖励:-1323.2000000004255, 与前车进行交互的惩罚:0.0
Episode:18/100, Reward:-3728.893914151845
Episode:18/100, avg speed:12.170400303534553
Episode:18/100, avg halt num:0.0244270205066345
Episode:18/100, avg elec cons:1.7951087402616197
 Retrying in 1 seconds
Warning: Unused states in tlLogic 'J10', program '0' in phase 0 after tl-index 10
Simulation......
总奖励:-3917.4138043673056, 速度奖励:-1581.0799999995354, 加速度奖励:-1023.7338043673348, 交通灯奖励:-1312.6000000001102, 与前车进行交互的惩罚:0.0
Episode:19/100, Reward:-3917.4138043673056
Episode:19/100, avg speed:12.672419592568898
Episode:19/100, avg halt num:0.02014260249554367
Episode:19/100, avg elec cons:1.4625676471809261
 Retrying in 1 seconds
Warning: Unused states in tlLogic 'J10', program '0' in phase 0 after tl-index 10
Simulation......
总奖励:-3394.163329745037, 速度奖励:-1543.2399999995714, 加速度奖励:-990.0233297450519, 交通灯奖励:-860.8999999998227, 与前车进行交互的惩罚:0.0
Episode:20/100, Reward:-3394.163329745037
Episode:20/100, avg speed:12.70201584678427
Episode:20/100, avg halt num:0.025547445255474453
Episode:20/100, avg elec cons:1.1129204125012422
 Retrying in 1 seconds
Warning: Unused states in tlLogic 'J10', program '0' in phase 0 after tl-index 10
Simulation......
总奖励:-3560.394565347447, 速度奖励:-1563.8799999995524, 加速度奖励:-1113.014565347471, 交通灯奖励:-883.4999999997632, 与前车进行交互的惩罚:0.0
Episode:21/100, Reward:-3560.394565347447
Episode:21/100, avg speed:12.14298554856298
Episode:21/100, avg halt num:0.03257546809323653
Episode:21/100, avg elec cons:1.3929570348008353
 Retrying in 1 seconds
Warning: Unused states in tlLogic 'J10', program '0' in phase 0 after tl-index 10
Simulation......
总奖励:-3350.6323983255706, 速度奖励:-1607.359999999511, 加速度奖励:-1018.0723983256007, 交通灯奖励:-725.1999999998075, 与前车进行交互的惩罚:0.0
Episode:22/100, Reward:-3350.6323983255706
Episode:22/100, avg speed:11.9844459207739
Episode:22/100, avg halt num:0.021115466856735567
Episode:22/100, avg elec cons:1.125981560623319
 Retrying in 1 seconds
Warning: Unused states in tlLogic 'J10', program '0' in phase 0 after tl-index 10
Simulation......
总奖励:-9234.00949422935, 速度奖励:-2747.71999999847, 加速度奖励:-1040.7894942287307, 交通灯奖励:-5445.499999997948, 与前车进行交互的惩罚:0.0
Episode:23/100, Reward:-9234.00949422935
Episode:23/100, avg speed:10.100585118699192
Episode:23/100, avg halt num:0.3468129404228059
Episode:23/100, avg elec cons:0.4886600104262602
 Retrying in 1 seconds
Warning: Unused states in tlLogic 'J10', program '0' in phase 0 after tl-index 10
Simulation......
总奖励:-3447.5843865623874, 速度奖励:-1640.5199999994811, 加速度奖励:-851.964386562385, 交通灯奖励:-955.0999999997606, 与前车进行交互的惩罚:0.0
Episode:24/100, Reward:-3447.5843865623874
Episode:24/100, avg speed:12.19610002245896
Episode:24/100, avg halt num:0.013012361743656473
Episode:24/100, avg elec cons:0.9886193462601786
 Retrying in 1 seconds
Warning: Unused states in tlLogic 'J10', program '0' in phase 0 after tl-index 10
Simulation......
总奖励:-2775.7983523389016, 速度奖励:-1277.399999999825, 加速度奖励:-714.4983523389038, 交通灯奖励:-783.8999999998365, 与前车进行交互的惩罚:0.0
Episode:25/100, Reward:-2775.7983523389016
Episode:25/100, avg speed:13.339512378521912
Episode:25/100, avg halt num:0.023542970036219954
Episode:25/100, avg elec cons:1.1115834045279156
 Retrying in 1 seconds
Warning: Unused states in tlLogic 'J10', program '0' in phase 0 after tl-index 10
Simulation......
总奖励:-3575.7642085478255, 速度奖励:-1480.6799999996272, 加速度奖励:-727.584208547845, 交通灯奖励:-1367.5000000000643, 与前车进行交互的惩罚:0.0
Episode:26/100, Reward:-3575.7642085478255
Episode:26/100, avg speed:12.439021744389184
Episode:26/100, avg halt num:0.01534262048192771
Episode:26/100, avg elec cons:1.237367683013861
 Retrying in 1 seconds
Warning: Unused states in tlLogic 'J10', program '0' in phase 0 after tl-index 10
Simulation......
总奖励:-3719.3739750715354, 速度奖励:-1595.9599999995219, 加速度奖励:-820.1139750715431, 交通灯奖励:-1303.3000000000811, 与前车进行交互的惩罚:0.0
Episode:27/100, Reward:-3719.3739750715354
Episode:27/100, avg speed:12.308709675371789
Episode:27/100, avg halt num:0.027759141227775914
Episode:27/100, avg elec cons:1.006983553441382
 Retrying in 1 seconds
Warning: Unused states in tlLogic 'J10', program '0' in phase 0 after tl-index 10
Simulation......
总奖励:-4269.608389085756, 速度奖励:-1627.6399999994974, 加速度奖励:-1070.2683890857752, 交通灯奖励:-1571.7000000002931, 与前车进行交互的惩罚:0.0
Episode:28/100, Reward:-4269.608389085756
Episode:28/100, avg speed:11.029425955703354
Episode:28/100, avg halt num:0.042188723570869224
Episode:28/100, avg elec cons:1.235040495099738
 Retrying in 1 seconds
Warning: Unused states in tlLogic 'J10', program '0' in phase 0 after tl-index 10
Simulation......
总奖励:-5175.513918107206, 速度奖励:-1576.9999999995414, 加速度奖励:-1410.0139181070979, 交通灯奖励:-2188.5000000006903, 与前车进行交互的惩罚:0.0
Episode:29/100, Reward:-5175.513918107206
Episode:29/100, avg speed:11.431470124719052
Episode:29/100, avg halt num:0.03309254197579071
Episode:29/100, avg elec cons:1.3482475106014784
 Retrying in 1 seconds
Warning: Unused states in tlLogic 'J10', program '0' in phase 0 after tl-index 10
Simulation......
总奖励:-12504.704442559518, 速度奖励:-2497.5599999987007, 加速度奖励:-1757.5444425587195, 交通灯奖励:-8249.59999999821, 与前车进行交互的惩罚:0.0
Episode:30/100, Reward:-12504.704442559518
Episode:30/100, avg speed:10.027751205189391
Episode:30/100, avg halt num:0.29492251895812727
Episode:30/100, avg elec cons:0.907191894700377
 Retrying in 1 seconds
Warning: Unused states in tlLogic 'J10', program '0' in phase 0 after tl-index 10
Simulation......
总奖励:-7730.311841677485, 速度奖励:-2123.2799999990416, 加速度奖励:-1242.6318416773431, 交通灯奖励:-4364.400000000509, 与前车进行交互的惩罚:0.0
Episode:31/100, Reward:-7730.311841677485
Episode:31/100, avg speed:10.815269977196513
Episode:31/100, avg halt num:0.1974206349206349
Episode:31/100, avg elec cons:0.9673540694052922
 Retrying in 1 seconds
Warning: Unused states in tlLogic 'J10', program '0' in phase 0 after tl-index 10
Simulation......
总奖励:-5560.963098025862, 速度奖励:-1809.1599999993357, 加速度奖励:-1244.9030980257921, 交通灯奖励:-2506.9000000007577, 与前车进行交互的惩罚:0.0
Episode:32/100, Reward:-5560.963098025862
Episode:32/100, avg speed:11.308449440043315
Episode:32/100, avg halt num:0.12705968509703405
Episode:32/100, avg elec cons:1.0240149458547443
 Retrying in 1 seconds
Warning: Unused states in tlLogic 'J10', program '0' in phase 0 after tl-index 10
Simulation......
总奖励:-4793.185214869217, 速度奖励:-1619.9599999995012, 加速度奖励:-1012.125214869191, 交通灯奖励:-2161.1000000004983, 与前车进行交互的惩罚:0.0
Episode:33/100, Reward:-4793.185214869217
Episode:33/100, avg speed:11.890527761026316
Episode:33/100, avg halt num:0.037601626016260166
Episode:33/100, avg elec cons:0.9595026092709512
 Retrying in 1 seconds
Warning: Unused states in tlLogic 'J10', program '0' in phase 0 after tl-index 10
Simulation......
总奖励:-4126.55046423016, 速度奖励:-1374.1199999997336, 加速度奖励:-1218.6304642301595, 交通灯奖励:-1533.8000000002457, 与前车进行交互的惩罚:0.0
Episode:34/100, Reward:-4126.55046423016
Episode:34/100, avg speed:12.769896366333576
Episode:34/100, avg halt num:0.022922390109890108
Episode:34/100, avg elec cons:1.6350440334741179
 Retrying in 1 seconds
Warning: Unused states in tlLogic 'J10', program '0' in phase 0 after tl-index 10
Simulation......
总奖励:-4998.096203830055, 速度奖励:-1589.9199999995305, 加速度奖励:-1085.6762038300221, 交通灯奖励:-2322.5000000007835, 与前车进行交互的惩罚:0.0
Episode:35/100, Reward:-4998.096203830055
Episode:35/100, avg speed:12.49154825899979
Episode:35/100, avg halt num:0.05496197030061572
Episode:35/100, avg elec cons:1.1464260188440916
 Retrying in 1 seconds
Warning: Unused states in tlLogic 'J10', program '0' in phase 0 after tl-index 10
Simulation......
总奖励:-2825.5817556368315, 速度奖励:-1420.2799999996837, 加速度奖励:-932.8017556368359, 交通灯奖励:-472.4999999998922, 与前车进行交互的惩罚:0.0
Episode:36/100, Reward:-2825.5817556368315
Episode:36/100, avg speed:12.585785378434982
Episode:36/100, avg halt num:0.005407354001441961
Episode:36/100, avg elec cons:1.2013657987145643
 Retrying in 1 seconds
Warning: Unused states in tlLogic 'J10', program '0' in phase 0 after tl-index 10
Simulation......
总奖励:-2782.844832672267, 速度奖励:-1500.3599999996095, 加速度奖励:-759.2848326722557, 交通灯奖励:-523.1999999999116, 与前车进行交互的惩罚:0.0
Episode:37/100, Reward:-2782.844832672267
Episode:37/100, avg speed:11.715443273714515
Episode:37/100, avg halt num:0.011029411764705883
Episode:37/100, avg elec cons:1.0460950004271858
 Retrying in 1 seconds
Warning: Unused states in tlLogic 'J10', program '0' in phase 0 after tl-index 10
Simulation......
总奖励:-4795.346707833867, 速度奖励:-1848.6799999992918, 加速度奖励:-1000.0667078337336, 交通灯奖励:-1946.6000000006788, 与前车进行交互的惩罚:0.0
Episode:38/100, Reward:-4795.346707833867
Episode:38/100, avg speed:11.277677131086543
Episode:38/100, avg halt num:0.12471952131637995
Episode:38/100, avg elec cons:0.8157829587776562
 Retrying in 1 seconds
Warning: Unused states in tlLogic 'J10', program '0' in phase 0 after tl-index 10
Simulation......
总奖励:-7066.043930276723, 速度奖励:-2357.879999998826, 加速度奖励:-1265.6639302762962, 交通灯奖励:-3442.500000000985, 与前车进行交互的惩罚:0.0
Episode:39/100, Reward:-7066.043930276723
Episode:39/100, avg speed:10.766278668836513
Episode:39/100, avg halt num:0.27446914399469147
Episode:39/100, avg elec cons:0.6532314056517116
 Retrying in 1 seconds
Warning: Unused states in tlLogic 'J10', program '0' in phase 0 after tl-index 10
Simulation......
总奖励:-8591.89784911592, 速度奖励:-2654.1999999985537, 加速度奖励:-1101.5978491151534, 交通灯奖励:-4836.099999999092, 与前车进行交互的惩罚:0.0
Episode:40/100, Reward:-8591.89784911592
Episode:40/100, avg speed:9.900189049257607
Episode:40/100, avg halt num:0.4295652173913043
Episode:40/100, avg elec cons:0.6048901084789607
 Retrying in 1 seconds
Warning: Unused states in tlLogic 'J10', program '0' in phase 0 after tl-index 10
Simulation......
总奖励:-11285.272183255238, 速度奖励:-3225.1199999980386, 加速度奖励:-1200.25218325373, 交通灯奖励:-6859.899999996516, 与前车进行交互的惩罚:0.0
Episode:41/100, Reward:-11285.272183255238
Episode:41/100, avg speed:8.613172936555523
Episode:41/100, avg halt num:0.6000505731625084
Episode:41/100, avg elec cons:0.5164787837758056
 Retrying in 1 seconds
Warning: Unused states in tlLogic 'J10', program '0' in phase 0 after tl-index 10
Simulation......
总奖励:-8278.747595086948, 速度奖励:-2658.359999998549, 加速度奖励:-1435.887595086314, 交通灯奖励:-4184.500000000466, 与前车进行交互的惩罚:0.0
Episode:42/100, Reward:-8278.747595086948
Episode:42/100, avg speed:9.610969683132389
Episode:42/100, avg halt num:0.347377938517179
Episode:42/100, avg elec cons:0.572333726821523
 Retrying in 1 seconds
Warning: Unused states in tlLogic 'J10', program '0' in phase 0 after tl-index 10
Simulation......
总奖励:-10030.728690622529, 速度奖励:-2844.8399999983826, 加速度奖励:-1515.7886906216884, 交通灯奖励:-5670.099999998434, 与前车进行交互的惩罚:0.0
Episode:43/100, Reward:-10030.728690622529
Episode:43/100, avg speed:8.098600235151169
Episode:43/100, avg halt num:0.4530962034647991
Episode:43/100, avg elec cons:0.5724592947861832
 Retrying in 1 seconds
Warning: Unused states in tlLogic 'J10', program '0' in phase 0 after tl-index 10
Simulation......
总奖励:-15332.744838734781, 速度奖励:-3382.039999997893, 加速度奖励:-1636.4048387337025, 交通灯奖励:-10314.299999996514, 与前车进行交互的惩罚:0.0
Episode:44/100, Reward:-15332.744838734781
Episode:44/100, avg speed:7.981622021008783
Episode:44/100, avg halt num:0.46686340640809443
Episode:44/100, avg elec cons:0.41679675796018567
 Retrying in 1 seconds
Warning: Unused states in tlLogic 'J10', program '0' in phase 0 after tl-index 10
Simulation......
总奖励:-28050.107905266144, 速度奖励:-4523.479999996854, 加速度奖励:-1890.3279052642165, 交通灯奖励:-21636.300000003503, 与前车进行交互的惩罚:0.0
Episode:45/100, Reward:-28050.107905266144
Episode:45/100, avg speed:6.905934157128401
Episode:45/100, avg halt num:0.8760840560373583
Episode:45/100, avg elec cons:0.3900601212602744
 Retrying in 1 seconds
Warning: Unused states in tlLogic 'J10', program '0' in phase 0 after tl-index 10
Simulation......
总奖励:-42190.208165796095, 速度奖励:-5437.639999996022, 加速度奖励:-1595.568165798819, 交通灯奖励:-35157.00000001705, 与前车进行交互的惩罚:0.0
Episode:46/100, Reward:-42190.208165796095
Episode:46/100, avg speed:6.824887521789269
Episode:46/100, avg halt num:0.9465780035863718
Episode:46/100, avg elec cons:0.3023670261089893
 Retrying in 1 seconds
Warning: Unused states in tlLogic 'J10', program '0' in phase 0 after tl-index 10
Simulation......
总奖励:-40558.560731228485, 速度奖励:-4717.1199999966775, 加速度奖励:-2484.040731229243, 交通灯奖励:-33357.40000001288, 与前车进行交互的惩罚:0.0
Episode:47/100, Reward:-40558.560731228485
Episode:47/100, avg speed:6.218500007992318
Episode:47/100, avg halt num:0.5389939230249832
Episode:47/100, avg elec cons:0.4064882386205717
 Retrying in 1 seconds
Warning: Unused states in tlLogic 'J10', program '0' in phase 0 after tl-index 10
Simulation......
总奖励:-36458.053600735795, 速度奖励:-4884.119999996526, 加速度奖励:-1689.533600736945, 交通灯奖励:-29884.40000001398, 与前车进行交互的惩罚:0.0
Episode:48/100, Reward:-36458.053600735795
Episode:48/100, avg speed:6.365972272483286
Episode:48/100, avg halt num:0.8536754507628294
Episode:48/100, avg elec cons:0.3574245767565161
 Retrying in 1 seconds
Warning: Unused states in tlLogic 'J10', program '0' in phase 0 after tl-index 10
Simulation......
总奖励:-42160.18656759393, 速度奖励:-5132.839999996299, 加速度奖励:-2949.946567596774, 交通灯奖励:-34077.40000001559, 与前车进行交互的惩罚:0.0
Episode:49/100, Reward:-42160.18656759393
Episode:49/100, avg speed:5.715124584839665
Episode:49/100, avg halt num:0.5288157516527738
Episode:49/100, avg elec cons:0.3451714328061557
 Retrying in 1 seconds
Warning: Unused states in tlLogic 'J10', program '0' in phase 0 after tl-index 10
Simulation......
总奖励:-47447.077436743246, 速度奖励:-5919.599999995584, 加速度奖励:-3259.2774367489583, 交通灯奖励:-38268.20000002077, 与前车进行交互的惩罚:0.0
Episode:50/100, Reward:-47447.077436743246
Episode:50/100, avg speed:6.13647993976364
Episode:50/100, avg halt num:0.8185533621221468
Episode:50/100, avg elec cons:0.37759656082392945
 Retrying in 1 seconds
Warning: Unused states in tlLogic 'J10', program '0' in phase 0 after tl-index 10
Simulation......
总奖励:-38165.979612482806, 速度奖励:-5249.3199999961935, 加速度奖励:-2364.8596124840738, 交通灯奖励:-30551.800000016683, 与前车进行交互的惩罚:0.0
Episode:51/100, Reward:-38165.979612482806
Episode:51/100, avg speed:7.10618253515602
Episode:51/100, avg halt num:0.7380807774066201
Episode:51/100, avg elec cons:0.3427631722381795
 Retrying in 1 seconds
Warning: Unused states in tlLogic 'J10', program '0' in phase 0 after tl-index 10
Simulation......
总奖励:-20447.11815493834, 速度奖励:-2876.4399999983534, 加速度奖励:-2108.0781549372823, 交通灯奖励:-15462.599999995811, 与前车进行交互的惩罚:0.0
Episode:52/100, Reward:-20447.11815493834
Episode:52/100, avg speed:9.715985684833159
Episode:52/100, avg halt num:0.31206476323119775
Episode:52/100, avg elec cons:0.7253758771373751
 Retrying in 1 seconds
Warning: Unused states in tlLogic 'J10', program '0' in phase 0 after tl-index 10
Simulation......
总奖励:-14823.945170890733, 速度奖励:-1993.599999999162, 加速度奖励:-1302.4451708899446, 交通灯奖励:-11527.899999998153, 与前车进行交互的惩罚:0.0
Episode:53/100, Reward:-14823.945170890733
Episode:53/100, avg speed:10.546485888757037
Episode:53/100, avg halt num:0.27519828155981496
Episode:53/100, avg elec cons:0.7265702546586268
 Retrying in 1 seconds
Warning: Unused states in tlLogic 'J10', program '0' in phase 0 after tl-index 10
Simulation......
总奖励:-16614.8199360006, 速度奖励:-3058.319999998188, 加速度奖励:-1727.8999359988125, 交通灯奖励:-11828.599999995638, 与前车进行交互的惩罚:0.0
Episode:54/100, Reward:-16614.8199360006
Episode:54/100, avg speed:8.832694399484602
Episode:54/100, avg halt num:0.5301656767739918
Episode:54/100, avg elec cons:0.6240235678393684
 Retrying in 1 seconds
Warning: Unused states in tlLogic 'J10', program '0' in phase 0 after tl-index 10
Simulation......
总奖励:-18237.02514053661, 速度奖励:-2905.959999998331, 加速度奖励:-1790.565140534849, 交通灯奖励:-13540.499999995618, 与前车进行交互的惩罚:0.0
Episode:55/100, Reward:-18237.02514053661
Episode:55/100, avg speed:7.148232360057475
Episode:55/100, avg halt num:0.6389195148842337
Episode:55/100, avg elec cons:0.8240415192575661
 Retrying in 1 seconds
Warning: Unused states in tlLogic 'J10', program '0' in phase 0 after tl-index 10
Simulation......
总奖励:-15982.748762171783, 速度奖励:-2890.519999998344, 加速度奖励:-1746.8287621702486, 交通灯奖励:-11345.399999996189, 与前车进行交互的惩罚:0.0
Episode:56/100, Reward:-15982.748762171783
Episode:56/100, avg speed:8.56046185041026
Episode:56/100, avg halt num:0.4830185553346587
Episode:56/100, avg elec cons:0.6344602961464038
 Retrying in 1 seconds
Warning: Unused states in tlLogic 'J10', program '0' in phase 0 after tl-index 10
Simulation......
总奖励:-14389.579149269599, 速度奖励:-3087.519999998162, 加速度奖励:-1693.259149267949, 交通灯奖励:-9608.799999996654, 与前车进行交互的惩罚:0.0
Episode:57/100, Reward:-14389.579149269599
Episode:57/100, avg speed:7.430796537866944
Episode:57/100, avg halt num:0.6530793525463877
Episode:57/100, avg elec cons:0.7674455256472368
 Retrying in 1 seconds
Warning: Unused states in tlLogic 'J10', program '0' in phase 0 after tl-index 10
Simulation......
总奖励:-22575.76656452805, 速度奖励:-3210.6799999980476, 加速度奖励:-2906.5865645266776, 交通灯奖励:-16458.49999999516, 与前车进行交互的惩罚:0.0
Episode:58/100, Reward:-22575.76656452805
Episode:58/100, avg speed:8.834093952723922
Episode:58/100, avg halt num:0.46716611172770994
Episode:58/100, avg elec cons:0.9394857541152711
 Retrying in 1 seconds
Warning: Unused states in tlLogic 'J10', program '0' in phase 0 after tl-index 10
Simulation......
总奖励:-41853.76917382521, 速度奖励:-4648.63999999674, 加速度奖励:-6467.729173827171, 交通灯奖励:-30737.400000012123, 与前车进行交互的惩罚:0.0
Episode:59/100, Reward:-41853.76917382521
Episode:59/100, avg speed:7.42794096950866
Episode:59/100, avg halt num:0.36008599068434255
Episode:59/100, avg elec cons:1.0981576421814987
 Retrying in 1 seconds
Warning: Unused states in tlLogic 'J10', program '0' in phase 0 after tl-index 10
Simulation......
总奖励:-28580.22764992789, 速度奖励:-3208.719999998051, 加速度奖励:-4645.307649927124, 交通灯奖励:-20726.200000002158, 与前车进行交互的惩罚:0.0
Episode:60/100, Reward:-28580.22764992789
Episode:60/100, avg speed:9.556499695920664
Episode:60/100, avg halt num:0.15614766299493896
Episode:60/100, avg elec cons:1.3111573357116284
 Retrying in 1 seconds
Warning: Unused states in tlLogic 'J10', program '0' in phase 0 after tl-index 10
Simulation......
总奖励:-33481.86240210369, 速度奖励:-3744.319999997562, 加速度奖励:-5633.342402103651, 交通灯奖励:-24104.20000000619, 与前车进行交互的惩罚:0.0
Episode:61/100, Reward:-33481.86240210369
Episode:61/100, avg speed:7.584469887385711
Episode:61/100, avg halt num:0.272869429241595
Episode:61/100, avg elec cons:1.6952398634178865
 Retrying in 1 seconds
Warning: Unused states in tlLogic 'J10', program '0' in phase 0 after tl-index 10
Simulation......
总奖励:-28802.17989670275, 速度奖励:-3210.0399999980496, 加速度奖励:-4869.9398967018815, 交通灯奖励:-20722.200000001867, 与前车进行交互的惩罚:0.0
Episode:62/100, Reward:-28802.17989670275
Episode:62/100, avg speed:9.18530075850067
Episode:62/100, avg halt num:0.2414501808615587
Episode:62/100, avg elec cons:1.7424102855715997
 Retrying in 1 seconds
Warning: Unused states in tlLogic 'J10', program '0' in phase 0 after tl-index 10
Simulation......
总奖励:-37936.92786320721, 速度奖励:-4140.239999997204, 加速度奖励:-6544.287863206721, 交通灯奖励:-27252.400000009144, 与前车进行交互的惩罚:0.0
Episode:63/100, Reward:-37936.92786320721
Episode:63/100, avg speed:8.416242397480241
Episode:63/100, avg halt num:0.19013880855986118
Episode:63/100, avg elec cons:1.1254116112322117
 Retrying in 1 seconds
Warning: Unused states in tlLogic 'J10', program '0' in phase 0 after tl-index 10
Simulation......
总奖励:-43814.66734055561, 速度奖励:-4716.799999996678, 加速度奖励:-7504.967340556866, 交通灯奖励:-31592.900000013346, 与前车进行交互的惩罚:0.0
Episode:64/100, Reward:-43814.66734055561
Episode:64/100, avg speed:5.461143032588209
Episode:64/100, avg halt num:0.24427546138072453
Episode:64/100, avg elec cons:1.0464378727959434
 Retrying in 1 seconds
Warning: Unused states in tlLogic 'J10', program '0' in phase 0 after tl-index 10
Simulation......
总奖励:-48655.981493912186, 速度奖励:-5216.839999996223, 加速度奖励:-8146.541493915676, 交通灯奖励:-35292.60000001627, 与前车进行交互的惩罚:0.0
Episode:65/100, Reward:-48655.981493912186
Episode:65/100, avg speed:6.21712315742709
Episode:65/100, avg halt num:0.316708820739804
Episode:65/100, avg elec cons:0.7824986263937637
 Retrying in 1 seconds
Warning: Unused states in tlLogic 'J10', program '0' in phase 0 after tl-index 10
Simulation......
总奖励:-49314.43436033179, 速度奖励:-5297.759999996149, 加速度奖励:-8134.074360334589, 交通灯奖励:-35882.6000000175, 与前车进行交互的惩罚:0.0
Episode:66/100, Reward:-49314.43436033179
Episode:66/100, avg speed:6.638226749672478
Episode:66/100, avg halt num:0.32324386065105654
Episode:66/100, avg elec cons:0.6965742993007388
 Retrying in 1 seconds
Warning: Unused states in tlLogic 'J10', program '0' in phase 0 after tl-index 10
Simulation......
总奖励:-48361.724477326505, 速度奖励:-5199.719999996239, 加速度奖励:-8146.104477327946, 交通灯奖励:-35015.90000001604, 与前车进行交互的惩罚:0.0
Episode:67/100, Reward:-48361.724477326505
Episode:67/100, avg speed:6.900333279210064
Episode:67/100, avg halt num:0.27121081392004603
Episode:67/100, avg elec cons:0.6999295195875422
 Retrying in 1 seconds
Warning: Unused states in tlLogic 'J10', program '0' in phase 0 after tl-index 10
Simulation......
总奖励:-48769.93779617205, 速度奖励:-5208.519999996231, 加速度奖励:-8153.71779617419, 交通灯奖励:-35407.70000001616, 与前车进行交互的惩罚:0.0
Episode:68/100, Reward:-48769.93779617205
Episode:68/100, avg speed:7.24001515407981
Episode:68/100, avg halt num:0.2778016623674405
Episode:68/100, avg elec cons:0.7056042176805399
 Retrying in 1 seconds
Warning: Unused states in tlLogic 'J10', program '0' in phase 0 after tl-index 10
Simulation......
总奖励:-49067.62418333999, 速度奖励:-5224.359999996216, 加速度奖励:-8134.1641833420645, 交通灯奖励:-35709.10000001653, 与前车进行交互的惩罚:0.0
Episode:69/100, Reward:-49067.62418333999
Episode:69/100, avg speed:5.972728378015724
Episode:69/100, avg halt num:0.2917863296955773
Episode:69/100, avg elec cons:0.7110059588289617
 Retrying in 1 seconds
Warning: Unused states in tlLogic 'J10', program '0' in phase 0 after tl-index 10
Simulation......
总奖励:-48578.80495306839, 速度奖励:-5169.599999996266, 加速度奖励:-8129.604953070858, 交通灯奖励:-35279.60000001661, 与前车进行交互的惩罚:0.0
Episode:70/100, Reward:-48578.80495306839
Episode:70/100, avg speed:5.2754367729362395
Episode:70/100, avg halt num:0.28195829555757024
Episode:70/100, avg elec cons:0.7469593135024065
 Retrying in 1 seconds
Warning: Unused states in tlLogic 'J10', program '0' in phase 0 after tl-index 10
Simulation......
总奖励:-50469.353845471946, 速度奖励:-5415.719999996042, 加速度奖励:-8261.833845475414, 交通灯奖励:-36791.80000001775, 与前车进行交互的惩罚:0.0
Episode:71/100, Reward:-50469.353845471946
Episode:71/100, avg speed:6.151078677559402
Episode:71/100, avg halt num:0.3702198133092442
Episode:71/100, avg elec cons:0.6978943896501398
 Retrying in 1 seconds
Warning: Unused states in tlLogic 'J10', program '0' in phase 0 after tl-index 10
Simulation......
总奖励:-50191.55279631023, 速度奖励:-5396.51999999606, 加速度奖励:-8312.732796313096, 交通灯奖励:-36482.30000001756, 与前车进行交互的惩罚:0.0
Episode:72/100, Reward:-50191.55279631023
Episode:72/100, avg speed:5.088399966972012
Episode:72/100, avg halt num:0.391355533131517
Episode:72/100, avg elec cons:0.7744628454922555
 Retrying in 1 seconds
Warning: Unused states in tlLogic 'J10', program '0' in phase 0 after tl-index 10
Simulation......
总奖励:-50238.66113843782, 速度奖励:-5450.159999996011, 加速度奖励:-8292.10113844108, 交通灯奖励:-36496.4000000179, 与前车进行交互的惩罚:0.0
Episode:73/100, Reward:-50238.66113843782
Episode:73/100, avg speed:5.30139304222508
Episode:73/100, avg halt num:0.3679432624113475
Episode:73/100, avg elec cons:0.6454917093286415
 Retrying in 1 seconds
Warning: Unused states in tlLogic 'J10', program '0' in phase 0 after tl-index 10
Simulation......
总奖励:-50747.79771016461, 速度奖励:-5531.639999995937, 加速度奖励:-8300.457710168028, 交通灯奖励:-36915.70000001825, 与前车进行交互的惩罚:0.0
Episode:74/100, Reward:-50747.79771016461
Episode:74/100, avg speed:7.139127341407677
Episode:74/100, avg halt num:0.4071913762551683
Episode:74/100, avg elec cons:0.6771564586162077
 Retrying in 1 seconds
Warning: Unused states in tlLogic 'J10', program '0' in phase 0 after tl-index 10
Simulation......
总奖励:-50452.72877053419, 速度奖励:-5491.559999995973, 加速度奖励:-8329.168770536966, 交通灯奖励:-36632.00000001794, 与前车进行交互的惩罚:0.0
Episode:75/100, Reward:-50452.72877053419
Episode:75/100, avg speed:6.401878955826004
Episode:75/100, avg halt num:0.38230566919929865
Episode:75/100, avg elec cons:0.6673135727789686
 Retrying in 1 seconds
Warning: Unused states in tlLogic 'J10', program '0' in phase 0 after tl-index 10
Simulation......
总奖励:-51364.91036864808, 速度奖励:-5581.679999995891, 加速度奖励:-8310.730368651311, 交通灯奖励:-37472.50000001917, 与前车进行交互的惩罚:0.0
Episode:76/100, Reward:-51364.91036864808
Episode:76/100, avg speed:5.004441908066436
Episode:76/100, avg halt num:0.5263346470798996
Episode:76/100, avg elec cons:0.8198203359462743
 Retrying in 1 seconds
Warning: Unused states in tlLogic 'J10', program '0' in phase 0 after tl-index 10
Simulation......
总奖励:-50684.87918149753, 速度奖励:-5558.399999995912, 加速度奖励:-8314.979181501078, 交通灯奖励:-36811.500000018874, 与前车进行交互的惩罚:0.0
Episode:77/100, Reward:-50684.87918149753
Episode:77/100, avg speed:6.678897198008167
Episode:77/100, avg halt num:0.45627406931964054
Episode:77/100, avg elec cons:0.7369118067346229
 Retrying in 1 seconds
Warning: Unused states in tlLogic 'J10', program '0' in phase 0 after tl-index 10
Simulation......
总奖励:-51086.02783934621, 速度奖励:-5604.359999995871, 加速度奖励:-8311.567839349882, 交通灯奖励:-37170.10000001911, 与前车进行交互的惩罚:0.0
Episode:78/100, Reward:-51086.02783934621
Episode:78/100, avg speed:5.811985825934979
Episode:78/100, avg halt num:0.503727634194831
Episode:78/100, avg elec cons:0.7616066686673988
 Retrying in 1 seconds
Warning: Unused states in tlLogic 'J10', program '0' in phase 0 after tl-index 10
Simulation......
总奖励:-50503.75728617696, 速度奖励:-5522.759999995945, 加速度奖励:-8297.297286180328, 交通灯奖励:-36683.70000001782, 与前车进行交互的惩罚:0.0
Episode:79/100, Reward:-50503.75728617696
Episode:79/100, avg speed:6.252026202547874
Episode:79/100, avg halt num:0.4476384364820847
Episode:79/100, avg elec cons:0.7448525016052204
 Retrying in 1 seconds
Warning: Unused states in tlLogic 'J10', program '0' in phase 0 after tl-index 10
Simulation......
总奖励:-51275.4326585443, 速度奖励:-5585.7599999958875, 加速度奖励:-8317.1726585487, 交通灯奖励:-37372.50000001875, 与前车进行交互的惩罚:0.0
Episode:80/100, Reward:-51275.4326585443
Episode:80/100, avg speed:6.225626900338817
Episode:80/100, avg halt num:0.4461722488038278
Episode:80/100, avg elec cons:0.6879014221868864
 Retrying in 1 seconds
Warning: Unused states in tlLogic 'J10', program '0' in phase 0 after tl-index 10
Simulation......
总奖励:-51359.7165476039, 速度奖励:-5615.51999999586, 加速度奖励:-8304.096547608196, 交通灯奖励:-37440.10000001909, 与前车进行交互的惩罚:0.0
Episode:81/100, Reward:-51359.7165476039
Episode:81/100, avg speed:5.151130200212483
Episode:81/100, avg halt num:0.49820496083550914
Episode:81/100, avg elec cons:0.7486759894820085
 Retrying in 1 seconds
Warning: Unused states in tlLogic 'J10', program '0' in phase 0 after tl-index 10
Simulation......
总奖励:-50794.4960404548, 速度奖励:-5525.159999995943, 加速度奖励:-8293.63604045913, 交通灯奖励:-36975.700000018674, 与前车进行交互的惩罚:0.0
Episode:82/100, Reward:-50794.4960404548
Episode:82/100, avg speed:5.917198619471442
Episode:82/100, avg halt num:0.4619656681252104
Episode:82/100, avg elec cons:0.7705534428312172
 Retrying in 1 seconds
Warning: Unused states in tlLogic 'J10', program '0' in phase 0 after tl-index 10
Simulation......
总奖励:-50352.376511922565, 速度奖励:-5488.439999995976, 加速度奖励:-8283.936511926306, 交通灯奖励:-36580.000000018095, 与前车进行交互的惩罚:0.0
Episode:83/100, Reward:-50352.376511922565
Episode:83/100, avg speed:6.196943363180965
Episode:83/100, avg halt num:0.3937666567959728
Episode:83/100, avg elec cons:0.6768206588039063
 Retrying in 1 seconds
Warning: Unused states in tlLogic 'J10', program '0' in phase 0 after tl-index 10
Simulation......
总奖励:-50425.672314597425, 速度奖励:-5496.959999995968, 加速度奖励:-8311.71231460082, 交通灯奖励:-36617.00000001797, 与前车进行交互的惩罚:0.0
Episode:84/100, Reward:-50425.672314597425
Episode:84/100, avg speed:5.653913668374736
Episode:84/100, avg halt num:0.45672584499829294
Episode:84/100, avg elec cons:0.7832479290868463
 Retrying in 1 seconds
Warning: Unused states in tlLogic 'J10', program '0' in phase 0 after tl-index 10
Simulation......
总奖励:-50357.00447749109, 速度奖励:-5483.75999999598, 加速度奖励:-8308.24447749544, 交通灯奖励:-36565.00000001856, 与前车进行交互的惩罚:0.0
Episode:85/100, Reward:-50357.00447749109
Episode:85/100, avg speed:5.399434945321907
Episode:85/100, avg halt num:0.40892307692307694
Episode:85/100, avg elec cons:0.7069377179861233
 Retrying in 1 seconds
Warning: Unused states in tlLogic 'J10', program '0' in phase 0 after tl-index 10
Simulation......
总奖励:-50525.96699969547, 速度奖励:-5499.9599999959655, 加速度奖励:-8314.906999698555, 交通灯奖励:-36711.100000017854, 与前车进行交互的惩罚:0.0
Episode:86/100, Reward:-50525.96699969547
Episode:86/100, avg speed:5.71991356165664
Episode:86/100, avg halt num:0.3849815288434214
Episode:86/100, avg elec cons:0.6502428111278628
 Retrying in 1 seconds
Warning: Unused states in tlLogic 'J10', program '0' in phase 0 after tl-index 10
Simulation......
总奖励:-50720.08545868706, 速度奖励:-5523.959999995944, 加速度奖励:-8299.225458690662, 交通灯奖励:-36896.90000001862, 与前车进行交互的惩罚:0.0
Episode:87/100, Reward:-50720.08545868706
Episode:87/100, avg speed:4.826642577417691
Episode:87/100, avg halt num:0.5011988196237551
Episode:87/100, avg elec cons:0.8463320257232874
 Retrying in 1 seconds
Warning: Unused states in tlLogic 'J10', program '0' in phase 0 after tl-index 10
Simulation......
总奖励:-50575.86753820288, 速度奖励:-5486.159999995978, 加速度奖励:-8299.907538206264, 交通灯奖励:-36789.800000018695, 与前车进行交互的惩罚:0.0
Episode:88/100, Reward:-50575.86753820288
Episode:88/100, avg speed:6.654824779301831
Episode:88/100, avg halt num:0.38062207943925236
Episode:88/100, avg elec cons:0.6674951881774431
 Retrying in 1 seconds
Warning: Unused states in tlLogic 'J10', program '0' in phase 0 after tl-index 10
Simulation......
总奖励:-50804.76024843391, 速度奖励:-5533.919999995935, 加速度奖励:-8312.940248437157, 交通灯奖励:-36957.90000001897, 与前车进行交互的惩罚:0.0
Episode:89/100, Reward:-50804.76024843391
Episode:89/100, avg speed:5.619238166962345
Episode:89/100, avg halt num:0.4365390649513649
Episode:89/100, avg elec cons:0.7189207618398448
 Retrying in 1 seconds
Warning: Unused states in tlLogic 'J10', program '0' in phase 0 after tl-index 10
Simulation......
总奖励:-50672.32552269835, 速度奖励:-5536.439999995932, 加速度奖励:-8327.085522702728, 交通灯奖励:-36808.800000018775, 与前车进行交互的惩罚:0.0
Episode:90/100, Reward:-50672.32552269835
Episode:90/100, avg speed:4.883920589448774
Episode:90/100, avg halt num:0.5067370721048798
Episode:90/100, avg elec cons:0.8338558167732005
 Retrying in 1 seconds
Warning: Unused states in tlLogic 'J10', program '0' in phase 0 after tl-index 10
Simulation......
总奖励:-50859.050742527186, 速度奖励:-5554.679999995916, 加速度奖励:-8321.770742530218, 交通灯奖励:-36982.60000001859, 与前车进行交互的惩罚:0.0
Episode:91/100, Reward:-50859.050742527186
Episode:91/100, avg speed:5.74747841958745
Episode:91/100, avg halt num:0.47358742895352723
Episode:91/100, avg elec cons:0.7658038921910081
 Retrying in 1 seconds
Warning: Unused states in tlLogic 'J10', program '0' in phase 0 after tl-index 10
Simulation......
总奖励:-50994.29920871278, 速度奖励:-5540.519999995929, 加速度奖励:-8320.779208716158, 交通灯奖励:-37133.000000018714, 与前车进行交互的惩罚:0.0
Episode:92/100, Reward:-50994.29920871278
Episode:92/100, avg speed:5.503222705810191
Episode:92/100, avg halt num:0.4721189591078067
Episode:92/100, avg elec cons:0.7758884562814233
 Retrying in 1 seconds
Warning: Unused states in tlLogic 'J10', program '0' in phase 0 after tl-index 10
Simulation......
总奖励:-51179.25180497184, 速度奖励:-5590.079999995884, 加速度奖励:-8297.971804975512, 交通灯奖励:-37291.200000019046, 与前车进行交互的惩罚:0.0
Episode:93/100, Reward:-51179.25180497184
Episode:93/100, avg speed:6.5202629115978725
Episode:93/100, avg halt num:0.49515635622025833
Episode:93/100, avg elec cons:0.779070788100498
 Retrying in 1 seconds
Warning: Unused states in tlLogic 'J10', program '0' in phase 0 after tl-index 10
Simulation......
总奖励:-50323.02648034027, 速度奖励:-5499.719999995966, 加速度奖励:-8319.906480343996, 交通灯奖励:-36503.400000018315, 与前车进行交互的惩罚:0.0
Episode:94/100, Reward:-50323.02648034027
Episode:94/100, avg speed:6.054650059904033
Episode:94/100, avg halt num:0.40066666666666667
Episode:94/100, avg elec cons:0.6792089386851169
 Retrying in 1 seconds
Warning: Unused states in tlLogic 'J10', program '0' in phase 0 after tl-index 10
Simulation......
总奖励:-51700.92931429025, 速度奖励:-5591.999999995882, 加速度奖励:-8313.22931429487, 交通灯奖励:-37795.70000001899, 与前车进行交互的惩罚:0.0
Episode:95/100, Reward:-51700.92931429025
Episode:95/100, avg speed:5.530050857787274
Episode:95/100, avg halt num:0.4947778514588859
Episode:95/100, avg elec cons:0.7621025383323214
 Retrying in 1 seconds
Warning: Unused states in tlLogic 'J10', program '0' in phase 0 after tl-index 10
Simulation......
总奖励:-50906.268368313555, 速度奖励:-5554.799999995916, 加速度奖励:-8310.168368317485, 交通灯奖励:-37041.30000001884, 与前车进行交互的惩罚:0.0
Episode:96/100, Reward:-50906.268368313555
Episode:96/100, avg speed:4.768897733519564
Episode:96/100, avg halt num:0.5141187050359712
Episode:96/100, avg elec cons:0.8241263951096002
 Retrying in 1 seconds
Warning: Unused states in tlLogic 'J10', program '0' in phase 0 after tl-index 10
Simulation......
总奖励:-50292.749363171584, 速度奖励:-5425.319999996033, 加速度奖励:-8213.829363174802, 交通灯奖励:-36653.600000017716, 与前车进行交互的惩罚:0.0
Episode:97/100, Reward:-50292.749363171584
Episode:97/100, avg speed:6.657329720862297
Episode:97/100, avg halt num:0.41669373173108154
Episode:97/100, avg elec cons:0.7764019677768064
 Retrying in 1 seconds
Warning: Unused states in tlLogic 'J10', program '0' in phase 0 after tl-index 10
Simulation......
总奖励:-50424.8793507169, 速度奖励:-5503.919999995962, 加速度奖励:-8208.959350720486, 交通灯奖励:-36712.00000001861, 与前车进行交互的惩罚:0.0
Episode:98/100, Reward:-50424.8793507169
Episode:98/100, avg speed:4.707930010034678
Episode:98/100, avg halt num:0.5150142146410803
Episode:98/100, avg elec cons:0.8542114818808982
 Retrying in 1 seconds
Warning: Unused states in tlLogic 'J10', program '0' in phase 0 after tl-index 10
Simulation......
总奖励:-49075.59137214716, 速度奖励:-5374.03999999608, 加速度奖励:-8120.7513721502955, 交通灯奖励:-35580.800000016774, 与前车进行交互的惩罚:0.0
Episode:99/100, Reward:-49075.59137214716
Episode:99/100, avg speed:6.133449157453661
Episode:99/100, avg halt num:0.42621181938911024
Episode:99/100, avg elec cons:0.8047892958918166
 Retrying in 1 seconds
Warning: Unused states in tlLogic 'J10', program '0' in phase 0 after tl-index 10
Simulation......
总奖励:-14032.314254866442, 速度奖励:-2397.839999998786, 加速度奖励:-2511.0742548650273, 交通灯奖励:-9123.39999999654, 与前车进行交互的惩罚:0.0
Episode:100/100, Reward:-14032.314254866442
Episode:100/100, avg speed:11.506562308362968
Episode:100/100, avg halt num:0.3224975058197539
Episode:100/100, avg elec cons:1.2743820875619338
model saved successfully!
Complete training!
final reward list:[-12354.578342680214, -14539.733232251552, -10234.859900540006, -9948.233435801432, -11438.812931785747, -5034.10280545273, -4520.688983898719, -4370.48982933701, -4584.214752233189, -4163.407580801538, -4370.612070132024, -5907.9860906699605, -5539.838966299, -3747.651843238348, -5846.2277947176435, -4319.687629135399, -3725.874632056536, -3728.893914151845, -3917.4138043673056, -3394.163329745037, -3560.394565347447, -3350.6323983255706, -9234.00949422935, -3447.5843865623874, -2775.7983523389016, -3575.7642085478255, -3719.3739750715354, -4269.608389085756, -5175.513918107206, -12504.704442559518, -7730.311841677485, -5560.963098025862, -4793.185214869217, -4126.55046423016, -4998.096203830055, -2825.5817556368315, -2782.844832672267, -4795.346707833867, -7066.043930276723, -8591.89784911592, -11285.272183255238, -8278.747595086948, -10030.728690622529, -15332.744838734781, -28050.107905266144, -42190.208165796095, -40558.560731228485, -36458.053600735795, -42160.18656759393, -47447.077436743246, -38165.979612482806, -20447.11815493834, -14823.945170890733, -16614.8199360006, -18237.02514053661, -15982.748762171783, -14389.579149269599, -22575.76656452805, -41853.76917382521, -28580.22764992789, -33481.86240210369, -28802.17989670275, -37936.92786320721, -43814.66734055561, -48655.981493912186, -49314.43436033179, -48361.724477326505, -48769.93779617205, -49067.62418333999, -48578.80495306839, -50469.353845471946, -50191.55279631023, -50238.66113843782, -50747.79771016461, -50452.72877053419, -51364.91036864808, -50684.87918149753, -51086.02783934621, -50503.75728617696, -51275.4326585443, -51359.7165476039, -50794.4960404548, -50352.376511922565, -50425.672314597425, -50357.00447749109, -50525.96699969547, -50720.08545868706, -50575.86753820288, -50804.76024843391, -50672.32552269835, -50859.050742527186, -50994.29920871278, -51179.25180497184, -50323.02648034027, -51700.92931429025, -50906.268368313555, -50292.749363171584, -50424.8793507169, -49075.59137214716, -14032.314254866442]
final speed list:[14.437917980568516, 14.017458994774065, 15.65746233320606, 14.455638866878754, 11.459723678559866, 13.939541349239898, 13.961219421013917, 14.360092381334772, 14.136922792633785, 14.198492872003792, 14.542071238124949, 13.099224875288142, 12.933907978785898, 13.602838369012085, 11.719973126334683, 11.765213169401692, 13.583060551201518, 12.170400303534553, 12.672419592568898, 12.70201584678427, 12.14298554856298, 11.9844459207739, 10.100585118699192, 12.19610002245896, 13.339512378521912, 12.439021744389184, 12.308709675371789, 11.029425955703354, 11.431470124719052, 10.027751205189391, 10.815269977196513, 11.308449440043315, 11.890527761026316, 12.769896366333576, 12.49154825899979, 12.585785378434982, 11.715443273714515, 11.277677131086543, 10.766278668836513, 9.900189049257607, 8.613172936555523, 9.610969683132389, 8.098600235151169, 7.981622021008783, 6.905934157128401, 6.824887521789269, 6.218500007992318, 6.365972272483286, 5.715124584839665, 6.13647993976364, 7.10618253515602, 9.715985684833159, 10.546485888757037, 8.832694399484602, 7.148232360057475, 8.56046185041026, 7.430796537866944, 8.834093952723922, 7.42794096950866, 9.556499695920664, 7.584469887385711, 9.18530075850067, 8.416242397480241, 5.461143032588209, 6.21712315742709, 6.638226749672478, 6.900333279210064, 7.24001515407981, 5.972728378015724, 5.2754367729362395, 6.151078677559402, 5.088399966972012, 5.30139304222508, 7.139127341407677, 6.401878955826004, 5.004441908066436, 6.678897198008167, 5.811985825934979, 6.252026202547874, 6.225626900338817, 5.151130200212483, 5.917198619471442, 6.196943363180965, 5.653913668374736, 5.399434945321907, 5.71991356165664, 4.826642577417691, 6.654824779301831, 5.619238166962345, 4.883920589448774, 5.74747841958745, 5.503222705810191, 6.5202629115978725, 6.054650059904033, 5.530050857787274, 4.768897733519564, 6.657329720862297, 4.707930010034678, 6.133449157453661, 11.506562308362968]
final elec cons list:[1.762902998089894, 1.8991220424325361, 2.0400297939252607, 2.326482975279603, 1.0582483584537492, 1.641105939298185, 1.618004490708878, 1.8792911202207856, 2.3033664889912164, 2.386453489948686, 2.2399797529121215, 2.151018718949475, 1.4596361572462706, 2.0619308810430925, 0.9383561559297313, 0.9777399507786284, 1.7450073491319864, 1.7951087402616197, 1.4625676471809261, 1.1129204125012422, 1.3929570348008353, 1.125981560623319, 0.4886600104262602, 0.9886193462601786, 1.1115834045279156, 1.237367683013861, 1.006983553441382, 1.235040495099738, 1.3482475106014784, 0.907191894700377, 0.9673540694052922, 1.0240149458547443, 0.9595026092709512, 1.6350440334741179, 1.1464260188440916, 1.2013657987145643, 1.0460950004271858, 0.8157829587776562, 0.6532314056517116, 0.6048901084789607, 0.5164787837758056, 0.572333726821523, 0.5724592947861832, 0.41679675796018567, 0.3900601212602744, 0.3023670261089893, 0.4064882386205717, 0.3574245767565161, 0.3451714328061557, 0.37759656082392945, 0.3427631722381795, 0.7253758771373751, 0.7265702546586268, 0.6240235678393684, 0.8240415192575661, 0.6344602961464038, 0.7674455256472368, 0.9394857541152711, 1.0981576421814987, 1.3111573357116284, 1.6952398634178865, 1.7424102855715997, 1.1254116112322117, 1.0464378727959434, 0.7824986263937637, 0.6965742993007388, 0.6999295195875422, 0.7056042176805399, 0.7110059588289617, 0.7469593135024065, 0.6978943896501398, 0.7744628454922555, 0.6454917093286415, 0.6771564586162077, 0.6673135727789686, 0.8198203359462743, 0.7369118067346229, 0.7616066686673988, 0.7448525016052204, 0.6879014221868864, 0.7486759894820085, 0.7705534428312172, 0.6768206588039063, 0.7832479290868463, 0.7069377179861233, 0.6502428111278628, 0.8463320257232874, 0.6674951881774431, 0.7189207618398448, 0.8338558167732005, 0.7658038921910081, 0.7758884562814233, 0.779070788100498, 0.6792089386851169, 0.7621025383323214, 0.8241263951096002, 0.7764019677768064, 0.8542114818808982, 0.8047892958918166, 1.2743820875619338]
final halt list:[0.3433744722312439, 0.4596020761245675, 0.2687152664269369, 0.2533759124087591, 0.2717566478646253, 0.1532258064516129, 0.12832991803278687, 0.1042830540037244, 0.07740788623141565, 0.10477430555555556, 0.07720468597461763, 0.051470588235294115, 0.0945226917057903, 0.08885594698290897, 0.15764790764790765, 0.08009708737864078, 0.013458262350936967, 0.0244270205066345, 0.02014260249554367, 0.025547445255474453, 0.03257546809323653, 0.021115466856735567, 0.3468129404228059, 0.013012361743656473, 0.023542970036219954, 0.01534262048192771, 0.027759141227775914, 0.042188723570869224, 0.03309254197579071, 0.29492251895812727, 0.1974206349206349, 0.12705968509703405, 0.037601626016260166, 0.022922390109890108, 0.05496197030061572, 0.005407354001441961, 0.011029411764705883, 0.12471952131637995, 0.27446914399469147, 0.4295652173913043, 0.6000505731625084, 0.347377938517179, 0.4530962034647991, 0.46686340640809443, 0.8760840560373583, 0.9465780035863718, 0.5389939230249832, 0.8536754507628294, 0.5288157516527738, 0.8185533621221468, 0.7380807774066201, 0.31206476323119775, 0.27519828155981496, 0.5301656767739918, 0.6389195148842337, 0.4830185553346587, 0.6530793525463877, 0.46716611172770994, 0.36008599068434255, 0.15614766299493896, 0.272869429241595, 0.2414501808615587, 0.19013880855986118, 0.24427546138072453, 0.316708820739804, 0.32324386065105654, 0.27121081392004603, 0.2778016623674405, 0.2917863296955773, 0.28195829555757024, 0.3702198133092442, 0.391355533131517, 0.3679432624113475, 0.4071913762551683, 0.38230566919929865, 0.5263346470798996, 0.45627406931964054, 0.503727634194831, 0.4476384364820847, 0.4461722488038278, 0.49820496083550914, 0.4619656681252104, 0.3937666567959728, 0.45672584499829294, 0.40892307692307694, 0.3849815288434214, 0.5011988196237551, 0.38062207943925236, 0.4365390649513649, 0.5067370721048798, 0.47358742895352723, 0.4721189591078067, 0.49515635622025833, 0.40066666666666667, 0.4947778514588859, 0.5141187050359712, 0.41669373173108154, 0.5150142146410803, 0.42621181938911024, 0.3224975058197539]
speed reward list:[-1426.8399999996855, -1678.9999999994468, -1147.1999999999355, -1148.279999999931, -1932.9599999992142, -1201.4799999998922, -1201.3199999998951, -1115.1599999999673, -1202.0399999998908, -1192.3599999998926, -1198.5999999998899, -1377.5199999997221, -1615.1199999995072, -1313.9599999997827, -1940.7599999992074, -1711.5199999994145, -1359.9999999997385, -1414.8399999996896, -1581.0799999995354, -1543.2399999995714, -1563.8799999995524, -1607.359999999511, -2747.71999999847, -1640.5199999994811, -1277.399999999825, -1480.6799999996272, -1595.9599999995219, -1627.6399999994974, -1576.9999999995414, -2497.5599999987007, -2123.2799999990416, -1809.1599999993357, -1619.9599999995012, -1374.1199999997336, -1589.9199999995305, -1420.2799999996837, -1500.3599999996095, -1848.6799999992918, -2357.879999998826, -2654.1999999985537, -3225.1199999980386, -2658.359999998549, -2844.8399999983826, -3382.039999997893, -4523.479999996854, -5437.639999996022, -4717.1199999966775, -4884.119999996526, -5132.839999996299, -5919.599999995584, -5249.3199999961935, -2876.4399999983534, -1993.599999999162, -3058.319999998188, -2905.959999998331, -2890.519999998344, -3087.519999998162, -3210.6799999980476, -4648.63999999674, -3208.719999998051, -3744.319999997562, -3210.0399999980496, -4140.239999997204, -4716.799999996678, -5216.839999996223, -5297.759999996149, -5199.719999996239, -5208.519999996231, -5224.359999996216, -5169.599999996266, -5415.719999996042, -5396.51999999606, -5450.159999996011, -5531.639999995937, -5491.559999995973, -5581.679999995891, -5558.399999995912, -5604.359999995871, -5522.759999995945, -5585.7599999958875, -5615.51999999586, -5525.159999995943, -5488.439999995976, -5496.959999995968, -5483.75999999598, -5499.9599999959655, -5523.959999995944, -5486.159999995978, -5533.919999995935, -5536.439999995932, -5554.679999995916, -5540.519999995929, -5590.079999995884, -5499.719999995966, -5591.999999995882, -5554.799999995916, -5425.319999996033, -5503.919999995962, -5374.03999999608, -2397.839999998786]
accel reward list:[-711.2383426792711, -681.333232250229, -829.5599005390374, -897.3534358008009, -750.0529317850874, -754.0228054525709, -810.5689838986427, -884.7298293370127, -970.1747522331741, -809.847580801578, -941.5120701320357, -1434.7660906697442, -1206.9189662989022, -1028.291843238405, -1250.5677947173767, -1198.1676291354213, -1136.7746320565443, -990.8539141518668, -1023.7338043673348, -990.0233297450519, -1113.014565347471, -1018.0723983256007, -1040.7894942287307, -851.964386562385, -714.4983523389038, -727.584208547845, -820.1139750715431, -1070.2683890857752, -1410.0139181070979, -1757.5444425587195, -1242.6318416773431, -1244.9030980257921, -1012.125214869191, -1218.6304642301595, -1085.6762038300221, -932.8017556368359, -759.2848326722557, -1000.0667078337336, -1265.6639302762962, -1101.5978491151534, -1200.25218325373, -1435.887595086314, -1515.7886906216884, -1636.4048387337025, -1890.3279052642165, -1595.568165798819, -2484.040731229243, -1689.533600736945, -2949.946567596774, -3259.2774367489583, -2364.8596124840738, -2108.0781549372823, -1302.4451708899446, -1727.8999359988125, -1790.565140534849, -1746.8287621702486, -1693.259149267949, -2906.5865645266776, -6467.729173827171, -4645.307649927124, -5633.342402103651, -4869.9398967018815, -6544.287863206721, -7504.967340556866, -8146.541493915676, -8134.074360334589, -8146.104477327946, -8153.71779617419, -8134.1641833420645, -8129.604953070858, -8261.833845475414, -8312.732796313096, -8292.10113844108, -8300.457710168028, -8329.168770536966, -8310.730368651311, -8314.979181501078, -8311.567839349882, -8297.297286180328, -8317.1726585487, -8304.096547608196, -8293.63604045913, -8283.936511926306, -8311.71231460082, -8308.24447749544, -8314.906999698555, -8299.225458690662, -8299.907538206264, -8312.940248437157, -8327.085522702728, -8321.770742530218, -8320.779208716158, -8297.971804975512, -8319.906480343996, -8313.22931429487, -8310.168368317485, -8213.829363174802, -8208.959350720486, -8120.7513721502955, -2511.0742548650273]
tls reward list:[-10216.49999999845, -12179.39999999801, -8258.099999998987, -7902.599999999066, -8755.799999997429, -3078.6000000005592, -2508.8000000005304, -2370.6000000004547, -2412.0000000003956, -2161.200000000447, -2230.5000000004347, -3095.7000000005573, -2717.8000000007064, -1405.4000000000751, -2654.9000000007923, -1410.0000000000878, -1229.1000000002837, -1323.2000000004255, -1312.6000000001102, -860.8999999998227, -883.4999999997632, -725.1999999998075, -5445.499999997948, -955.0999999997606, -783.8999999998365, -1367.5000000000643, -1303.3000000000811, -1571.7000000002931, -2188.5000000006903, -8249.59999999821, -4364.400000000509, -2506.9000000007577, -2161.1000000004983, -1533.8000000002457, -2322.5000000007835, -472.4999999998922, -523.1999999999116, -1946.6000000006788, -3442.500000000985, -4836.099999999092, -6859.899999996516, -4184.500000000466, -5670.099999998434, -10314.299999996514, -21636.300000003503, -35157.00000001705, -33357.40000001288, -29884.40000001398, -34077.40000001559, -38268.20000002077, -30551.800000016683, -15462.599999995811, -11527.899999998153, -11828.599999995638, -13540.499999995618, -11345.399999996189, -9608.799999996654, -16458.49999999516, -30737.400000012123, -20726.200000002158, -24104.20000000619, -20722.200000001867, -27252.400000009144, -31592.900000013346, -35292.60000001627, -35882.6000000175, -35015.90000001604, -35407.70000001616, -35709.10000001653, -35279.60000001661, -36791.80000001775, -36482.30000001756, -36496.4000000179, -36915.70000001825, -36632.00000001794, -37472.50000001917, -36811.500000018874, -37170.10000001911, -36683.70000001782, -37372.50000001875, -37440.10000001909, -36975.700000018674, -36580.000000018095, -36617.00000001797, -36565.00000001856, -36711.100000017854, -36896.90000001862, -36789.800000018695, -36957.90000001897, -36808.800000018775, -36982.60000001859, -37133.000000018714, -37291.200000019046, -36503.400000018315, -37795.70000001899, -37041.30000001884, -36653.600000017716, -36712.00000001861, -35580.800000016774, -9123.39999999654]
extra reward list:[0.0, 0.0, 0.0, 0.0, 0.0, 0.0, 0.0, 0.0, 0.0, 0.0, 0.0, 0.0, 0.0, 0.0, 0.0, 0.0, 0.0, 0.0, 0.0, 0.0, 0.0, 0.0, 0.0, 0.0, 0.0, 0.0, 0.0, 0.0, 0.0, 0.0, 0.0, 0.0, 0.0, 0.0, 0.0, 0.0, 0.0, 0.0, 0.0, 0.0, 0.0, 0.0, 0.0, 0.0, 0.0, 0.0, 0.0, 0.0, 0.0, 0.0, 0.0, 0.0, 0.0, 0.0, 0.0, 0.0, 0.0, 0.0, 0.0, 0.0, 0.0, 0.0, 0.0, 0.0, 0.0, 0.0, 0.0, 0.0, 0.0, 0.0, 0.0, 0.0, 0.0, 0.0, 0.0, 0.0, 0.0, 0.0, 0.0, 0.0, 0.0, 0.0, 0.0, 0.0, 0.0, 0.0, 0.0, 0.0, 0.0, 0.0, 0.0, 0.0, 0.0, 0.0, 0.0, 0.0, 0.0, 0.0, 0.0, 0.0]
