nohup: 忽略输入
Env:sumo, Algorithm:TD3, Device:cuda
-----------------------------------------
models/reward_s9e-3_a4e-2_t(-2_0.5).pth
-----------------------------------------
 Retrying in 1 seconds
Warning: Unused states in tlLogic 'J10', program '0' in phase 0 after tl-index 10
Simulation......
总奖励:-7803.142730121821, 速度奖励:-153.4043874425887, 加速度奖励:-711.2383426792711, 交通灯奖励:-6938.5, 与前车进行交互的惩罚:0.0
Episode:1/100, Reward:-7803.142730121821
Episode:1/100, avg speed:14.437917980568516
Episode:1/100, avg halt num:0.3433744722312439
Episode:1/100, avg elec cons:1.762902998089894
 Retrying in 1 seconds
Warning: Unused states in tlLogic 'J10', program '0' in phase 0 after tl-index 10
Simulation......
总奖励:-9361.974575962451, 速度奖励:-191.64134371210756, 加速度奖励:-681.333232250229, 交通灯奖励:-8489.0, 与前车进行交互的惩罚:0.0
Episode:2/100, Reward:-9361.974575962451
Episode:2/100, avg speed:14.017458994774065
Episode:2/100, avg halt num:0.4596020761245675
Episode:2/100, avg elec cons:1.8991220424325361
 Retrying in 1 seconds
Warning: Unused states in tlLogic 'J10', program '0' in phase 0 after tl-index 10
Simulation......
总奖励:-6710.071470293038, 速度奖励:-86.02025255564905, 加速度奖励:-829.5512177374507, 交通灯奖励:-5794.5, 与前车进行交互的惩罚:0.0
Episode:3/100, Reward:-6710.071470293038
Episode:3/100, avg speed:15.657455143136543
Episode:3/100, avg halt num:0.2687152664269369
Episode:3/100, avg elec cons:2.0400139855164
 Retrying in 1 seconds
Warning: Unused states in tlLogic 'J10', program '0' in phase 0 after tl-index 10
Simulation......
总奖励:-5797.7814131868845, 速度奖励:-69.74852464451888, 加速度奖励:-769.0328885424155, 交通灯奖励:-4959.0, 与前车进行交互的惩罚:0.0
Episode:4/100, Reward:-5797.7814131868845
Episode:4/100, avg speed:15.180946944438496
Episode:4/100, avg halt num:0.2661600615621393
Episode:4/100, avg elec cons:2.517761405001358
 Retrying in 1 seconds
Warning: Unused states in tlLogic 'J10', program '0' in phase 0 after tl-index 10
Simulation......
总奖励:-5898.9300909892645, 速度奖励:-73.60799855516404, 加速度奖励:-787.8220924341422, 交通灯奖励:-5037.5, 与前车进行交互的惩罚:0.0
Episode:5/100, Reward:-5898.9300909892645
Episode:5/100, avg speed:15.442064003035668
Episode:5/100, avg halt num:0.27157258064516127
Episode:5/100, avg elec cons:2.595417889836701
 Retrying in 1 seconds
Warning: Unused states in tlLogic 'J10', program '0' in phase 0 after tl-index 10
Simulation......
总奖励:-5912.716483874479, 速度奖励:-75.48047203064839, 加速度奖励:-773.7360118438621, 交通灯奖励:-5063.5, 与前车进行交互的惩罚:0.0
Episode:6/100, Reward:-5912.716483874479
Episode:6/100, avg speed:15.392720579554522
Episode:6/100, avg halt num:0.2700286123032904
Episode:6/100, avg elec cons:2.326385951692707
 Retrying in 1 seconds
Warning: Unused states in tlLogic 'J10', program '0' in phase 0 after tl-index 10
Simulation......
总奖励:-6177.310537477382, 速度奖励:-75.74351177032561, 加速度奖励:-794.0670257070905, 交通灯奖励:-5307.5, 与前车进行交互的惩罚:0.0
Episode:7/100, Reward:-6177.310537477382
Episode:7/100, avg speed:15.671960660433209
Episode:7/100, avg halt num:0.25412371134020617
Episode:7/100, avg elec cons:2.2252208697171167
 Retrying in 1 seconds
Warning: Unused states in tlLogic 'J10', program '0' in phase 0 after tl-index 10
Simulation......
总奖励:-5596.127395535519, 速度奖励:-69.1511933119382, 加速度奖励:-771.4762022236176, 交通灯奖励:-4755.5, 与前车进行交互的惩罚:0.0
Episode:8/100, Reward:-5596.127395535519
Episode:8/100, avg speed:15.716754610718901
Episode:8/100, avg halt num:0.22265994327135202
Episode:8/100, avg elec cons:2.0809409799729486
 Retrying in 1 seconds
Warning: Unused states in tlLogic 'J10', program '0' in phase 0 after tl-index 10
Simulation......
总奖励:-5960.498275472714, 速度奖励:-71.44194323903477, 加速度奖励:-783.5563322337075, 交通灯奖励:-5105.5, 与前车进行交互的惩罚:0.0
Episode:9/100, Reward:-5960.498275472714
Episode:9/100, avg speed:15.61238309868525
Episode:9/100, avg halt num:0.23314881146206448
Episode:9/100, avg elec cons:2.1335054483633873
 Retrying in 1 seconds
Warning: Unused states in tlLogic 'J10', program '0' in phase 0 after tl-index 10
Simulation......
总奖励:-5722.529096869219, 速度奖励:-78.5824538022612, 加速度奖励:-795.946643066971, 交通灯奖励:-4848.0, 与前车进行交互的惩罚:0.0
Episode:10/100, Reward:-5722.529096869219
Episode:10/100, avg speed:15.28533396776175
Episode:10/100, avg halt num:0.2730959097320169
Episode:10/100, avg elec cons:2.2581718163871645
 Retrying in 1 seconds
Warning: Unused states in tlLogic 'J10', program '0' in phase 0 after tl-index 10
Simulation......
总奖励:-5954.2430034113295, 速度奖励:-75.30321605661588, 加速度奖励:-788.4397873547474, 交通灯奖励:-5090.5, 与前车进行交互的惩罚:0.0
Episode:11/100, Reward:-5954.2430034113295
Episode:11/100, avg speed:15.889266951644418
Episode:11/100, avg halt num:0.24048731642189586
Episode:11/100, avg elec cons:2.177565640018956
 Retrying in 1 seconds
Warning: Unused states in tlLogic 'J10', program '0' in phase 0 after tl-index 10
Simulation......
总奖励:-5539.510311118483, 速度奖励:-71.12529860371247, 加速度奖励:-778.3850125148099, 交通灯奖励:-4690.0, 与前车进行交互的惩罚:0.0
Episode:12/100, Reward:-5539.510311118483
Episode:12/100, avg speed:15.716433826903495
Episode:12/100, avg halt num:0.24145372928176795
Episode:12/100, avg elec cons:2.2313964467563956
 Retrying in 1 seconds
Warning: Unused states in tlLogic 'J10', program '0' in phase 0 after tl-index 10
Simulation......
总奖励:-5978.851736802503, 速度奖励:-68.79096974758309, 加速度奖励:-765.5607670549524, 交通灯奖励:-5144.5, 与前车进行交互的惩罚:0.0
Episode:13/100, Reward:-5978.851736802503
Episode:13/100, avg speed:15.855021704843617
Episode:13/100, avg halt num:0.21860170832015186
Episode:13/100, avg elec cons:2.0970288194655566
 Retrying in 1 seconds
Warning: Unused states in tlLogic 'J10', program '0' in phase 0 after tl-index 10
Simulation......
总奖励:-5955.954744222523, 速度奖励:-74.92551157306741, 加速度奖励:-779.0292326495135, 交通灯奖励:-5102.0, 与前车进行交互的惩罚:0.0
Episode:14/100, Reward:-5955.954744222523
Episode:14/100, avg speed:15.509070916412451
Episode:14/100, avg halt num:0.26500355113636365
Episode:14/100, avg elec cons:2.333199837469124
 Retrying in 1 seconds
Warning: Unused states in tlLogic 'J10', program '0' in phase 0 after tl-index 10
Simulation......
总奖励:-6015.885668195893, 速度奖励:-81.2202592050033, 加速度奖励:-807.1654089909375, 交通灯奖励:-5127.5, 与前车进行交互的惩罚:0.0
Episode:15/100, Reward:-6015.885668195893
Episode:15/100, avg speed:15.563270050723267
Episode:15/100, avg halt num:0.2822850762932639
Episode:15/100, avg elec cons:2.3429350798849877
 Retrying in 1 seconds
Warning: Unused states in tlLogic 'J10', program '0' in phase 0 after tl-index 10
Simulation......
总奖励:-6370.049914653156, 速度奖励:-78.03822155080971, 加速度奖励:-790.5116931023952, 交通灯奖励:-5501.5, 与前车进行交互的惩罚:0.0
Episode:16/100, Reward:-6370.049914653156
Episode:16/100, avg speed:15.372720811931531
Episode:16/100, avg halt num:0.286910197869102
Episode:16/100, avg elec cons:2.460021109765329
 Retrying in 1 seconds
Warning: Unused states in tlLogic 'J10', program '0' in phase 0 after tl-index 10
Simulation......
总奖励:-6068.59204445464, 速度奖励:-76.59489387484182, 加速度奖励:-776.4971505798458, 交通灯奖励:-5215.5, 与前车进行交互的惩罚:0.0
Episode:17/100, Reward:-6068.59204445464
Episode:17/100, avg speed:15.588550935591098
Episode:17/100, avg halt num:0.2703993055555556
Episode:17/100, avg elec cons:2.25574014033815
 Retrying in 1 seconds
Warning: Unused states in tlLogic 'J10', program '0' in phase 0 after tl-index 10
Simulation......
总奖励:-5836.750536474815, 速度奖励:-74.1678341603253, 加速度奖励:-764.0827023145067, 交通灯奖励:-4998.5, 与前车进行交互的惩罚:0.0
Episode:18/100, Reward:-5836.750536474815
Episode:18/100, avg speed:14.74248497448636
Episode:18/100, avg halt num:0.30044570502431117
Episode:18/100, avg elec cons:2.637734756027152
 Retrying in 1 seconds
Warning: Unused states in tlLogic 'J10', program '0' in phase 0 after tl-index 10
Simulation......
总奖励:-6362.175613487338, 速度奖励:-83.2462194062939, 加速度奖励:-810.429394081095, 交通灯奖励:-5468.5, 与前车进行交互的惩罚:0.0
Episode:19/100, Reward:-6362.175613487338
Episode:19/100, avg speed:15.313827785836164
Episode:19/100, avg halt num:0.28359826589595377
Episode:19/100, avg elec cons:2.3085044619687345
 Retrying in 1 seconds
Warning: Unused states in tlLogic 'J10', program '0' in phase 0 after tl-index 10
Simulation......
总奖励:-5871.51760737089, 速度奖励:-75.22123080339013, 加速度奖励:-792.7963765675042, 交通灯奖励:-5003.5, 与前车进行交互的惩罚:0.0
Episode:20/100, Reward:-5871.51760737089
Episode:20/100, avg speed:15.632319785655913
Episode:20/100, avg halt num:0.247964031218188
Episode:20/100, avg elec cons:2.187757251100123
 Retrying in 1 seconds
Warning: Unused states in tlLogic 'J10', program '0' in phase 0 after tl-index 10
Simulation......
总奖励:-6055.946133440367, 速度奖励:-82.19064967113216, 加速度奖励:-797.7554837692763, 交通灯奖励:-5176.0, 与前车进行交互的惩罚:0.0
Episode:21/100, Reward:-6055.946133440367
Episode:21/100, avg speed:15.26933517072161
Episode:21/100, avg halt num:0.31088992974238877
Episode:21/100, avg elec cons:2.5114359276183147
 Retrying in 1 seconds
Warning: Unused states in tlLogic 'J10', program '0' in phase 0 after tl-index 10
Simulation......
总奖励:-5606.3585588592305, 速度奖励:-69.90356510709935, 加速度奖励:-754.9549937521718, 交通灯奖励:-4781.5, 与前车进行交互的惩罚:0.0
Episode:22/100, Reward:-5606.3585588592305
Episode:22/100, avg speed:15.45798745383413
Episode:22/100, avg halt num:0.2641419893697798
Episode:22/100, avg elec cons:2.5135139078386355
 Retrying in 1 seconds
Warning: Unused states in tlLogic 'J10', program '0' in phase 0 after tl-index 10
Simulation......
总奖励:-5441.415679512649, 速度奖励:-74.2036753132286, 加速度奖励:-778.2120041994391, 交通灯奖励:-4589.0, 与前车进行交互的惩罚:0.0
Episode:23/100, Reward:-5441.415679512649
Episode:23/100, avg speed:15.809533081404792
Episode:23/100, avg halt num:0.244579945799458
Episode:23/100, avg elec cons:2.1718776688294668
 Retrying in 1 seconds
Warning: Unused states in tlLogic 'J10', program '0' in phase 0 after tl-index 10
Simulation......
总奖励:-5486.560584108066, 速度奖励:-74.24841510871259, 加速度奖励:-766.8121689993867, 交通灯奖励:-4645.5, 与前车进行交互的惩罚:0.0
Episode:24/100, Reward:-5486.560584108066
Episode:24/100, avg speed:15.628897497842447
Episode:24/100, avg halt num:0.250743555849306
Episode:24/100, avg elec cons:2.175825407275956
 Retrying in 1 seconds
Warning: Unused states in tlLogic 'J10', program '0' in phase 0 after tl-index 10
Simulation......
总奖励:-5387.6418419091, 速度奖励:-70.71802593677693, 加速度奖励:-756.9238159723548, 交通灯奖励:-4560.0, 与前车进行交互的惩罚:0.0
Episode:25/100, Reward:-5387.6418419091
Episode:25/100, avg speed:15.746486903465735
Episode:25/100, avg halt num:0.2448340108401084
Episode:25/100, avg elec cons:2.23901313187479
 Retrying in 1 seconds
Warning: Unused states in tlLogic 'J10', program '0' in phase 0 after tl-index 10
Simulation......
总奖励:-6500.553810823873, 速度奖励:-86.82576913016476, 加速度奖励:-807.7280416937347, 交通灯奖励:-5606.0, 与前车进行交互的惩罚:0.0
Episode:26/100, Reward:-6500.553810823873
Episode:26/100, avg speed:15.038179350848141
Episode:26/100, avg halt num:0.32334232845026983
Episode:26/100, avg elec cons:2.4427240344822296
 Retrying in 1 seconds
Warning: Unused states in tlLogic 'J10', program '0' in phase 0 after tl-index 10
Simulation......
总奖励:-5945.6960225262355, 速度奖励:-77.79831380709992, 加速度奖励:-794.8977087191848, 交通灯奖励:-5073.0, 与前车进行交互的惩罚:0.0
Episode:27/100, Reward:-5945.6960225262355
Episode:27/100, avg speed:15.404209360166998
Episode:27/100, avg halt num:0.26625087842586087
Episode:27/100, avg elec cons:2.2585142977424844
 Retrying in 1 seconds
Warning: Unused states in tlLogic 'J10', program '0' in phase 0 after tl-index 10
Simulation......
总奖励:-6117.850742607053, 速度奖励:-79.43345733629361, 加速度奖励:-799.9172852708103, 交通灯奖励:-5238.5, 与前车进行交互的惩罚:0.0
Episode:28/100, Reward:-6117.850742607053
Episode:28/100, avg speed:14.771901586249331
Episode:28/100, avg halt num:0.3138122684232194
Episode:28/100, avg elec cons:2.624544664470256
 Retrying in 1 seconds
Warning: Unused states in tlLogic 'J10', program '0' in phase 0 after tl-index 10
Simulation......
总奖励:-6574.928706352822, 速度奖励:-86.08549627597128, 加速度奖励:-850.8432100769156, 交通灯奖励:-5638.0, 与前车进行交互的惩罚:0.0
Episode:29/100, Reward:-6574.928706352822
Episode:29/100, avg speed:15.048332711578864
Episode:29/100, avg halt num:0.3174315619967794
Episode:29/100, avg elec cons:2.4613457776235164
 Retrying in 1 seconds
Warning: Unused states in tlLogic 'J10', program '0' in phase 0 after tl-index 10
Simulation......
总奖励:-5673.227777976014, 速度奖励:-72.65685591871238, 加速度奖励:-750.0709220573312, 交通灯奖励:-4850.5, 与前车进行交互的惩罚:0.0
Episode:30/100, Reward:-5673.227777976014
Episode:30/100, avg speed:15.614757703470051
Episode:30/100, avg halt num:0.25603991596638653
Episode:30/100, avg elec cons:2.349196351537927
 Retrying in 1 seconds
Warning: Unused states in tlLogic 'J10', program '0' in phase 0 after tl-index 10
Simulation......
总奖励:-6139.321022582463, 速度奖励:-72.0184760680672, 加速度奖励:-774.8025465144519, 交通灯奖励:-5292.5, 与前车进行交互的惩罚:0.0
Episode:31/100, Reward:-6139.321022582463
Episode:31/100, avg speed:15.528117048363235
Episode:31/100, avg halt num:0.26747463359639234
Episode:31/100, avg elec cons:2.4454963373466594
 Retrying in 1 seconds
Warning: Unused states in tlLogic 'J10', program '0' in phase 0 after tl-index 10
Simulation......
总奖励:-5981.364519382506, 速度奖励:-82.69019873855179, 加速度奖励:-798.6743206439992, 交通灯奖励:-5100.0, 与前车进行交互的惩罚:0.0
Episode:32/100, Reward:-5981.364519382506
Episode:32/100, avg speed:15.089627018234047
Episode:32/100, avg halt num:0.30859375
Episode:32/100, avg elec cons:2.4326074113921714
 Retrying in 1 seconds
Warning: Unused states in tlLogic 'J10', program '0' in phase 0 after tl-index 10
Simulation......
总奖励:-5982.28702351076, 速度奖励:-72.54709695145442, 加速度奖励:-770.7399265593381, 交通灯奖励:-5139.0, 与前车进行交互的惩罚:0.0
Episode:33/100, Reward:-5982.28702351076
Episode:33/100, avg speed:15.371444406837275
Episode:33/100, avg halt num:0.25771659066994035
Episode:33/100, avg elec cons:2.32546157287782
 Retrying in 1 seconds
Warning: Unused states in tlLogic 'J10', program '0' in phase 0 after tl-index 10
Simulation......
总奖励:-5469.213158502012, 速度奖励:-75.41587708113227, 加速度奖励:-778.7972814209188, 交通灯奖励:-4615.0, 与前车进行交互的惩罚:0.0
Episode:34/100, Reward:-5469.213158502012
Episode:34/100, avg speed:15.617044359378474
Episode:34/100, avg halt num:0.25569975447211507
Episode:34/100, avg elec cons:2.2762455710496576
 Retrying in 1 seconds
Warning: Unused states in tlLogic 'J10', program '0' in phase 0 after tl-index 10
Simulation......
总奖励:-5538.068023989155, 速度奖励:-70.51718818887373, 加速度奖励:-773.5508358003173, 交通灯奖励:-4694.0, 与前车进行交互的惩罚:0.0
Episode:35/100, Reward:-5538.068023989155
Episode:35/100, avg speed:15.714893253576374
Episode:35/100, avg halt num:0.2523303504847129
Episode:35/100, avg elec cons:2.422281703671319
 Retrying in 1 seconds
Warning: Unused states in tlLogic 'J10', program '0' in phase 0 after tl-index 10
Simulation......
总奖励:-5936.420327852724, 速度奖励:-79.57631208919663, 加速度奖励:-795.3440157635711, 交通灯奖励:-5061.5, 与前车进行交互的惩罚:0.0
Episode:36/100, Reward:-5936.420327852724
Episode:36/100, avg speed:15.276779288579894
Episode:36/100, avg halt num:0.2858610384759059
Episode:36/100, avg elec cons:2.3766950455011675
 Retrying in 1 seconds
Warning: Unused states in tlLogic 'J10', program '0' in phase 0 after tl-index 10
Simulation......
总奖励:-6431.7639309396845, 速度奖励:-82.4320382951644, 加速度奖励:-808.3318926445506, 交通灯奖励:-5541.0, 与前车进行交互的惩罚:0.0
Episode:37/100, Reward:-6431.7639309396845
Episode:37/100, avg speed:14.953708112880355
Episode:37/100, avg halt num:0.3232685810810811
Episode:37/100, avg elec cons:2.6728811266835257
 Retrying in 1 seconds
Warning: Unused states in tlLogic 'J10', program '0' in phase 0 after tl-index 10
Simulation......
总奖励:-5550.9081495991895, 速度奖励:-67.6587096551638, 加速度奖励:-762.7494399440668, 交通灯奖励:-4720.5, 与前车进行交互的惩罚:0.0
Episode:38/100, Reward:-5550.9081495991895
Episode:38/100, avg speed:15.753905357419606
Episode:38/100, avg halt num:0.249323279195669
Episode:38/100, avg elec cons:2.5265827135895855
 Retrying in 1 seconds
Warning: Unused states in tlLogic 'J10', program '0' in phase 0 after tl-index 10
Simulation......
总奖励:-6344.176542562948, 速度奖励:-81.80093900322892, 加速度奖励:-793.8756035597785, 交通灯奖励:-5468.5, 与前车进行交互的惩罚:0.0
Episode:39/100, Reward:-6344.176542562948
Episode:39/100, avg speed:15.338110979469374
Episode:39/100, avg halt num:0.28496019383869853
Episode:39/100, avg elec cons:2.2291988278185455
 Retrying in 1 seconds
Warning: Unused states in tlLogic 'J10', program '0' in phase 0 after tl-index 10
Simulation......
总奖励:-6101.827404985965, 速度奖励:-76.83094468016404, 加速度奖励:-808.4964603058238, 交通灯奖励:-5216.5, 与前车进行交互的惩罚:0.0
Episode:40/100, Reward:-6101.827404985965
Episode:40/100, avg speed:15.403260408934344
Episode:40/100, avg halt num:0.26348888078745897
Episode:40/100, avg elec cons:2.3023444823564634
 Retrying in 1 seconds
Warning: Unused states in tlLogic 'J10', program '0' in phase 0 after tl-index 10
Simulation......
总奖励:-5612.661517716779, 速度奖励:-73.41778109903515, 加速度奖励:-771.2437366177679, 交通灯奖励:-4768.0, 与前车进行交互的惩罚:0.0
Episode:41/100, Reward:-5612.661517716779
Episode:41/100, avg speed:15.391585722606658
Episode:41/100, avg halt num:0.26714702663261586
Episode:41/100, avg elec cons:2.393484429298723
 Retrying in 1 seconds
Warning: Unused states in tlLogic 'J10', program '0' in phase 0 after tl-index 10
Simulation......
总奖励:-6288.672203180882, 速度奖励:-78.31427359210008, 加速度奖励:-805.8579295888353, 交通灯奖励:-5404.5, 与前车进行交互的惩罚:0.0
Episode:42/100, Reward:-6288.672203180882
Episode:42/100, avg speed:15.248039425621837
Episode:42/100, avg halt num:0.28978576893649577
Episode:42/100, avg elec cons:2.4331287629260694
 Retrying in 1 seconds
Warning: Unused states in tlLogic 'J10', program '0' in phase 0 after tl-index 10
Simulation......
总奖励:-5644.497606996684, 速度奖励:-75.50473698000272, 加速度奖励:-770.9928700167083, 交通灯奖励:-4798.0, 与前车进行交互的惩罚:0.0
Episode:43/100, Reward:-5644.497606996684
Episode:43/100, avg speed:15.070964418373572
Episode:43/100, avg halt num:0.29220651747153514
Episode:43/100, avg elec cons:2.6006209008579027
 Retrying in 1 seconds
Warning: Unused states in tlLogic 'J10', program '0' in phase 0 after tl-index 10
Simulation......
总奖励:-5843.1276705357395, 速度奖励:-74.9101287570996, 加速度奖励:-776.7175417786898, 交通灯奖励:-4991.5, 与前车进行交互的惩罚:0.0
Episode:44/100, Reward:-5843.1276705357395
Episode:44/100, avg speed:15.406875509892629
Episode:44/100, avg halt num:0.2777985773118682
Episode:44/100, avg elec cons:2.4634918485059436
 Retrying in 1 seconds
Warning: Unused states in tlLogic 'J10', program '0' in phase 0 after tl-index 10
Simulation......
总奖励:-6005.597534939173, 速度奖励:-81.8964457591968, 加速度奖励:-797.7010891800128, 交通灯奖励:-5126.0, 与前车进行交互的惩罚:0.0
Episode:45/100, Reward:-6005.597534939173
Episode:45/100, avg speed:14.853258470789736
Episode:45/100, avg halt num:0.3128425998433829
Episode:45/100, avg elec cons:2.5116420870521217
 Retrying in 1 seconds
Warning: Unused states in tlLogic 'J10', program '0' in phase 0 after tl-index 10
Simulation......
总奖励:-5626.5225466535585, 速度奖励:-69.65126661484152, 加速度奖励:-770.8712800387443, 交通灯奖励:-4786.0, 与前车进行交互的惩罚:0.0
Episode:46/100, Reward:-5626.5225466535585
Episode:46/100, avg speed:15.901953602479992
Episode:46/100, avg halt num:0.22859504132231406
Episode:46/100, avg elec cons:2.171195653096225
 Retrying in 1 seconds
Warning: Unused states in tlLogic 'J10', program '0' in phase 0 after tl-index 10
Simulation......
总奖励:-6344.153449024037, 速度奖励:-80.85177336919685, 加速度奖励:-802.3016756549108, 交通灯奖励:-5461.0, 与前车进行交互的惩罚:0.0
Episode:47/100, Reward:-6344.153449024037
Episode:47/100, avg speed:15.074927231634412
Episode:47/100, avg halt num:0.2993145468392993
Episode:47/100, avg elec cons:2.448958192851921
 Retrying in 1 seconds
Warning: Unused states in tlLogic 'J10', program '0' in phase 0 after tl-index 10
Simulation......
总奖励:-6077.170080154209, 速度奖励:-78.36513211161612, 加速度奖励:-799.3049480426572, 交通灯奖励:-5199.5, 与前车进行交互的惩罚:0.0
Episode:48/100, Reward:-6077.170080154209
Episode:48/100, avg speed:15.112089329958783
Episode:48/100, avg halt num:0.2944948697711129
Episode:48/100, avg elec cons:2.541584256753197
 Retrying in 1 seconds
Warning: Unused states in tlLogic 'J10', program '0' in phase 0 after tl-index 10
Simulation......
总奖励:-6043.170305380071, 速度奖励:-68.59793820919612, 加速度奖励:-774.0723671709204, 交通灯奖励:-5200.5, 与前车进行交互的惩罚:0.0
Episode:49/100, Reward:-6043.170305380071
Episode:49/100, avg speed:15.807806109527318
Episode:49/100, avg halt num:0.22008479899497488
Episode:49/100, avg elec cons:2.100364158035975
 Retrying in 1 seconds
Warning: Unused states in tlLogic 'J10', program '0' in phase 0 after tl-index 10
Simulation......
总奖励:-5236.449118632928, 速度奖励:-73.99473788903495, 加速度奖励:-774.4543807439134, 交通灯奖励:-4388.0, 与前车进行交互的惩罚:0.0
Episode:50/100, Reward:-5236.449118632928
Episode:50/100, avg speed:15.271120834811187
Episode:50/100, avg halt num:0.26063278008298757
Episode:50/100, avg elec cons:2.2399343184502443
 Retrying in 1 seconds
Warning: Unused states in tlLogic 'J10', program '0' in phase 0 after tl-index 10
Simulation......
总奖励:-5657.049643970185, 速度奖励:-73.10952001742214, 加速度奖励:-760.4401239528066, 交通灯奖励:-4823.5, 与前车进行交互的惩罚:0.0
Episode:51/100, Reward:-5657.049643970185
Episode:51/100, avg speed:15.853752718921848
Episode:51/100, avg halt num:0.23718163538873996
Episode:51/100, avg elec cons:2.2152564893378517
 Retrying in 1 seconds
Warning: Unused states in tlLogic 'J10', program '0' in phase 0 after tl-index 10
Simulation......
总奖励:-6075.159499083328, 速度奖励:-76.92130998290607, 加速度奖励:-790.7381891004545, 交通灯奖励:-5207.5, 与前车进行交互的惩罚:0.0
Episode:52/100, Reward:-6075.159499083328
Episode:52/100, avg speed:15.375314192877573
Episode:52/100, avg halt num:0.2701702442635085
Episode:52/100, avg elec cons:2.386124367929322
 Retrying in 1 seconds
Warning: Unused states in tlLogic 'J10', program '0' in phase 0 after tl-index 10
Simulation......
总奖励:-5968.872821493748, 速度奖励:-72.13728431032548, 加速度奖励:-776.2355371834575, 交通灯奖励:-5120.5, 与前车进行交互的惩罚:0.0
Episode:53/100, Reward:-5968.872821493748
Episode:53/100, avg speed:15.516060530500122
Episode:53/100, avg halt num:0.24484623183507942
Episode:53/100, avg elec cons:2.2047217689284486
 Retrying in 1 seconds
Warning: Unused states in tlLogic 'J10', program '0' in phase 0 after tl-index 10
Simulation......
总奖励:-5917.689168414112, 速度奖励:-80.02764669919698, 加速度奖励:-804.1615217149634, 交通灯奖励:-5033.5, 与前车进行交互的惩罚:0.0
Episode:54/100, Reward:-5917.689168414112
Episode:54/100, avg speed:15.353357663465713
Episode:54/100, avg halt num:0.2723261560183551
Episode:54/100, avg elec cons:2.242942691809028
 Retrying in 1 seconds
Warning: Unused states in tlLogic 'J10', program '0' in phase 0 after tl-index 10
Simulation......
总奖励:-5184.614661390917, 速度奖励:-69.48207022500269, 加速度奖励:-751.1325911659495, 交通灯奖励:-4364.0, 与前车进行交互的惩罚:0.0
Episode:55/100, Reward:-5184.614661390917
Episode:55/100, avg speed:15.118056246412396
Episode:55/100, avg halt num:0.27256003098373355
Episode:55/100, avg elec cons:2.588932875427805
 Retrying in 1 seconds
Warning: Unused states in tlLogic 'J10', program '0' in phase 0 after tl-index 10
Simulation......
总奖励:-5899.382788691916, 速度奖励:-80.49388518290654, 加速度奖励:-805.8889035090461, 交通灯奖励:-5013.0, 与前车进行交互的惩罚:0.0
Episode:56/100, Reward:-5899.382788691916
Episode:56/100, avg speed:15.155946839847527
Episode:56/100, avg halt num:0.2801927973808658
Episode:56/100, avg elec cons:2.287236808011299
 Retrying in 1 seconds
Warning: Unused states in tlLogic 'J10', program '0' in phase 0 after tl-index 10
Simulation......
总奖励:-5945.716203952916, 速度奖励:-79.02881181000316, 加速度奖励:-788.1873921429354, 交通灯奖励:-5078.5, 与前车进行交互的惩罚:0.0
Episode:57/100, Reward:-5945.716203952916
Episode:57/100, avg speed:15.113862318029128
Episode:57/100, avg halt num:0.31290849673202614
Episode:57/100, avg elec cons:2.65780378751943
 Retrying in 1 seconds
Warning: Unused states in tlLogic 'J10', program '0' in phase 0 after tl-index 10
Simulation......
总奖励:-6133.662225453917, 速度奖励:-74.49341438468035, 加速度奖励:-780.1688110692812, 交通灯奖励:-5279.0, 与前车进行交互的惩罚:0.0
Episode:58/100, Reward:-6133.662225453917
Episode:58/100, avg speed:15.419266351132295
Episode:58/100, avg halt num:0.28215561730845573
Episode:58/100, avg elec cons:2.586333177051367
 Retrying in 1 seconds
Warning: Unused states in tlLogic 'J10', program '0' in phase 0 after tl-index 10
Simulation......
总奖励:-6576.924039515908, 速度奖励:-84.11871417242237, 加速度奖励:-807.8053253435473, 交通灯奖励:-5685.0, 与前车进行交互的惩罚:0.0
Episode:59/100, Reward:-6576.924039515908
Episode:59/100, avg speed:15.367733906861048
Episode:59/100, avg halt num:0.29819508448540705
Episode:59/100, avg elec cons:2.4194137877443986
 Retrying in 1 seconds
Warning: Unused states in tlLogic 'J10', program '0' in phase 0 after tl-index 10
Simulation......
总奖励:-5877.376553307106, 速度奖励:-72.21374994919628, 加速度奖励:-772.662803357945, 交通灯奖励:-5032.5, 与前车进行交互的惩罚:0.0
Episode:60/100, Reward:-5877.376553307106
Episode:60/100, avg speed:15.6128185461754
Episode:60/100, avg halt num:0.24181696726786908
Episode:60/100, avg elec cons:2.1851339543856847
 Retrying in 1 seconds
Warning: Unused states in tlLogic 'J10', program '0' in phase 0 after tl-index 10
Simulation......
总奖励:-5961.780383229025, 速度奖励:-80.64023525419688, 加速度奖励:-789.64014797487, 交通灯奖励:-5091.5, 与前车进行交互的惩罚:0.0
Episode:61/100, Reward:-5961.780383229025
Episode:61/100, avg speed:14.945712498242518
Episode:61/100, avg halt num:0.3076923076923077
Episode:61/100, avg elec cons:2.555779477550669
 Retrying in 1 seconds
Warning: Unused states in tlLogic 'J10', program '0' in phase 0 after tl-index 10
Simulation......
总奖励:-6391.156198338174, 速度奖励:-76.11349853758357, 加速度奖励:-799.5426998006449, 交通灯奖励:-5515.5, 与前车进行交互的惩罚:0.0
Episode:62/100, Reward:-6391.156198338174
Episode:62/100, avg speed:15.3299301803633
Episode:62/100, avg halt num:0.25809540389972147
Episode:62/100, avg elec cons:2.228470441219096
 Retrying in 1 seconds
Warning: Unused states in tlLogic 'J10', program '0' in phase 0 after tl-index 10
Simulation......
总奖励:-5723.825060321096, 速度奖励:-76.60660936500292, 加速度奖励:-788.2184509561051, 交通灯奖励:-4859.0, 与前车进行交互的惩罚:0.0
Episode:63/100, Reward:-5723.825060321096
Episode:63/100, avg speed:15.477035020029952
Episode:63/100, avg halt num:0.2573054706082229
Episode:63/100, avg elec cons:2.169241221292343
 Retrying in 1 seconds
Warning: Unused states in tlLogic 'J10', program '0' in phase 0 after tl-index 10
Simulation......
总奖励:-5861.776834081794, 速度奖励:-75.89026620871289, 加速度奖励:-776.386567873103, 交通灯奖励:-5009.5, 与前车进行交互的惩罚:0.0
Episode:64/100, Reward:-5861.776834081794
Episode:64/100, avg speed:15.312838362149641
Episode:64/100, avg halt num:0.2829691032403919
Episode:64/100, avg elec cons:2.466412792342758
 Retrying in 1 seconds
Warning: Unused states in tlLogic 'J10', program '0' in phase 0 after tl-index 10
Simulation......
总奖励:-5665.563815336767, 速度奖励:-69.16954150597053, 加速度奖励:-777.3942738308359, 交通灯奖励:-4819.0, 与前车进行交互的惩罚:0.0
Episode:65/100, Reward:-5665.563815336767
Episode:65/100, avg speed:15.699379827177422
Episode:65/100, avg halt num:0.24581361485256645
Episode:65/100, avg elec cons:2.375042023708276
 Retrying in 1 seconds
Warning: Unused states in tlLogic 'J10', program '0' in phase 0 after tl-index 10
Simulation......
总奖励:-6085.331431464602, 速度奖励:-75.87737380597054, 加速度奖励:-780.4540576586772, 交通灯奖励:-5229.0, 与前车进行交互的惩罚:0.0
Episode:66/100, Reward:-6085.331431464602
Episode:66/100, avg speed:15.8256725316306
Episode:66/100, avg halt num:0.24716369529983792
Episode:66/100, avg elec cons:2.113491632284801
 Retrying in 1 seconds
Warning: Unused states in tlLogic 'J10', program '0' in phase 0 after tl-index 10
Simulation......
总奖励:-5903.319377938639, 速度奖励:-73.8689265754866, 加速度奖励:-793.4504513632086, 交通灯奖励:-5036.0, 与前车进行交互的惩罚:0.0
Episode:67/100, Reward:-5903.319377938639
Episode:67/100, avg speed:15.930896226625542
Episode:67/100, avg halt num:0.23524535809018568
Episode:67/100, avg elec cons:2.121427277233763
 Retrying in 1 seconds
Warning: Unused states in tlLogic 'J10', program '0' in phase 0 after tl-index 10
Simulation......
总奖励:-5727.013604155389, 速度奖励:-70.35113513468012, 加速度奖励:-788.1624690207407, 交通灯奖励:-4868.5, 与前车进行交互的惩罚:0.0
Episode:68/100, Reward:-5727.013604155389
Episode:68/100, avg speed:15.839716007112589
Episode:68/100, avg halt num:0.2318259385665529
Episode:68/100, avg elec cons:2.210273879947169
 Retrying in 1 seconds
Warning: Unused states in tlLogic 'J10', program '0' in phase 0 after tl-index 10
Simulation......
总奖励:-5931.285699681987, 速度奖励:-74.69838812903504, 加速度奖励:-775.0873115529703, 交通灯奖励:-5081.5, 与前车进行交互的惩罚:0.0
Episode:69/100, Reward:-5931.285699681987
Episode:69/100, avg speed:15.656228017056595
Episode:69/100, avg halt num:0.24335022165927803
Episode:69/100, avg elec cons:2.0928632748551244
 Retrying in 1 seconds
Warning: Unused states in tlLogic 'J10', program '0' in phase 0 after tl-index 10
Simulation......
总奖励:-5447.271228054256, 速度奖励:-71.26308871548656, 加速度奖励:-764.50813933881, 交通灯奖励:-4611.5, 与前车进行交互的惩罚:0.0
Episode:70/100, Reward:-5447.271228054256
Episode:70/100, avg speed:15.575555042303346
Episode:70/100, avg halt num:0.2431162941367023
Episode:70/100, avg elec cons:2.1315141555933375
 Retrying in 1 seconds
Warning: Unused states in tlLogic 'J10', program '0' in phase 0 after tl-index 10
Simulation......
总奖励:-5835.230642103454, 速度奖励:-69.56638997516401, 加速度奖励:-770.664252128327, 交通灯奖励:-4995.0, 与前车进行交互的惩罚:0.0
Episode:71/100, Reward:-5835.230642103454
Episode:71/100, avg speed:15.98937873068131
Episode:71/100, avg halt num:0.22311917443408788
Episode:71/100, avg elec cons:2.177044139487025
 Retrying in 1 seconds
Warning: Unused states in tlLogic 'J10', program '0' in phase 0 after tl-index 10
Simulation......
总奖励:-6127.853441123661, 速度奖励:-76.81253729661579, 加速度奖励:-796.540903827074, 交通灯奖励:-5254.5, 与前车进行交互的惩罚:0.0
Episode:72/100, Reward:-6127.853441123661
Episode:72/100, avg speed:14.812920737627316
Episode:72/100, avg halt num:0.2879160363086233
Episode:72/100, avg elec cons:2.416578673599918
 Retrying in 1 seconds
Warning: Unused states in tlLogic 'J10', program '0' in phase 0 after tl-index 10
Simulation......
总奖励:-5806.308912306294, 速度奖励:-68.92867202661533, 加速度奖励:-774.8802402797287, 交通灯奖励:-4962.5, 与前车进行交互的惩罚:0.0
Episode:73/100, Reward:-5806.308912306294
Episode:73/100, avg speed:15.677892152806164
Episode:73/100, avg halt num:0.21166013859596264
Episode:73/100, avg elec cons:1.9909453322077661
 Retrying in 1 seconds
Warning: Unused states in tlLogic 'J10', program '0' in phase 0 after tl-index 10
Simulation......
总奖励:-6178.862077220685, 速度奖励:-83.19400138742266, 加速度奖励:-808.6680758333102, 交通灯奖励:-5287.0, 与前车进行交互的惩罚:0.0
Episode:74/100, Reward:-6178.862077220685
Episode:74/100, avg speed:15.35991534529979
Episode:74/100, avg halt num:0.2834101382488479
Episode:74/100, avg elec cons:2.2564333599601505
 Retrying in 1 seconds
Warning: Unused states in tlLogic 'J10', program '0' in phase 0 after tl-index 10
Simulation......
总奖励:-6433.173437884934, 速度奖励:-86.9969756351648, 加速度奖励:-841.1764622498165, 交通灯奖励:-5505.0, 与前车进行交互的惩罚:0.0
Episode:75/100, Reward:-6433.173437884934
Episode:75/100, avg speed:15.396363227489337
Episode:75/100, avg halt num:0.2818455366098295
Episode:75/100, avg elec cons:2.0756747095420667
 Retrying in 1 seconds
Warning: Unused states in tlLogic 'J10', program '0' in phase 0 after tl-index 10
Simulation......
总奖励:-5625.5459952126475, 速度奖励:-65.59623068516365, 加速度奖励:-749.4497645275195, 交通灯奖励:-4810.5, 与前车进行交互的惩罚:0.0
Episode:76/100, Reward:-5625.5459952126475
Episode:76/100, avg speed:15.627563485309167
Episode:76/100, avg halt num:0.2535627035830619
Episode:76/100, avg elec cons:2.7104473052978006
 Retrying in 1 seconds
Warning: Unused states in tlLogic 'J10', program '0' in phase 0 after tl-index 10
Simulation......
总奖励:-6315.003340745742, 速度奖励:-84.37799610290644, 加速度奖励:-804.6253446428806, 交通灯奖励:-5426.0, 与前车进行交互的惩罚:0.0
Episode:77/100, Reward:-6315.003340745742
Episode:77/100, avg speed:15.205374753727465
Episode:77/100, avg halt num:0.3156839149618933
Episode:77/100, avg elec cons:2.531412029713691
 Retrying in 1 seconds
Warning: Unused states in tlLogic 'J10', program '0' in phase 0 after tl-index 10
Simulation......
总奖励:-4673.749157305858, 速度奖励:-67.50994499129278, 加速度奖励:-742.7392123145723, 交通灯奖励:-3863.5, 与前车进行交互的惩罚:0.0
Episode:78/100, Reward:-4673.749157305858
Episode:78/100, avg speed:15.25096521803185
Episode:78/100, avg halt num:0.2677935943060498
Episode:78/100, avg elec cons:2.648390027943649
 Retrying in 1 seconds
Warning: Unused states in tlLogic 'J10', program '0' in phase 0 after tl-index 10
Simulation......
总奖励:-6224.987981046002, 速度奖励:-82.09995729677742, 加速度奖励:-782.8880237492633, 交通灯奖励:-5360.0, 与前车进行交互的惩罚:0.0
Episode:79/100, Reward:-6224.987981046002
Episode:79/100, avg speed:15.050900348303232
Episode:79/100, avg halt num:0.31276678308110206
Episode:79/100, avg elec cons:2.507302604253454
 Retrying in 1 seconds
Warning: Unused states in tlLogic 'J10', program '0' in phase 0 after tl-index 10
Simulation......
总奖励:-5561.273504354812, 速度奖励:-72.89343242274462, 加速度奖励:-761.8800719320959, 交通灯奖励:-4726.5, 与前车进行交互的惩罚:0.0
Episode:80/100, Reward:-5561.273504354812
Episode:80/100, avg speed:15.279452050729834
Episode:80/100, avg halt num:0.26654740608228983
Episode:80/100, avg elec cons:2.4012989694859757
 Retrying in 1 seconds
Warning: Unused states in tlLogic 'J10', program '0' in phase 0 after tl-index 10
Simulation......
总奖励:-5379.528038213746, 速度奖励:-72.14020380435772, 加速度奖励:-750.3878344094242, 交通灯奖励:-4557.0, 与前车进行交互的惩罚:0.0
Episode:81/100, Reward:-5379.528038213746
Episode:81/100, avg speed:15.47912024592772
Episode:81/100, avg halt num:0.2671359762875139
Episode:81/100, avg elec cons:2.4491056943102905
 Retrying in 1 seconds
Warning: Unused states in tlLogic 'J10', program '0' in phase 0 after tl-index 10
Simulation......
总奖励:-6183.657670625941, 速度奖励:-75.46657868855132, 加速度奖励:-776.6910919374324, 交通灯奖励:-5331.5, 与前车进行交互的惩罚:0.0
Episode:82/100, Reward:-6183.657670625941
Episode:82/100, avg speed:15.242445365351282
Episode:82/100, avg halt num:0.29203629032258066
Episode:82/100, avg elec cons:2.639851704266795
 Retrying in 1 seconds
Warning: Unused states in tlLogic 'J10', program '0' in phase 0 after tl-index 10
Simulation......
总奖励:-5919.751419185373, 速度奖励:-76.31306481338974, 加速度奖励:-789.4383543720045, 交通灯奖励:-5054.0, 与前车进行交互的惩罚:0.0
Episode:83/100, Reward:-5919.751419185373
Episode:83/100, avg speed:15.453994502917457
Episode:83/100, avg halt num:0.2680944055944056
Episode:83/100, avg elec cons:2.263425090295222
 Retrying in 1 seconds
Warning: Unused states in tlLogic 'J10', program '0' in phase 0 after tl-index 10
Simulation......
总奖励:-6005.206626183197, 速度奖励:-73.87663230580928, 加速度奖励:-795.8299938774197, 交通灯奖励:-5135.5, 与前车进行交互的惩罚:0.0
Episode:84/100, Reward:-6005.206626183197
Episode:84/100, avg speed:15.236271225420698
Episode:84/100, avg halt num:0.276378896882494
Episode:84/100, avg elec cons:2.543490006583782
 Retrying in 1 seconds
Warning: Unused states in tlLogic 'J10', program '0' in phase 0 after tl-index 10
Simulation......
总奖励:-6239.178694125857, 速度奖励:-78.73975365677735, 加速度奖励:-797.4389404691602, 交通灯奖励:-5363.0, 与前车进行交互的惩罚:0.0
Episode:85/100, Reward:-6239.178694125857
Episode:85/100, avg speed:15.653611449460309
Episode:85/100, avg halt num:0.2599253478113336
Episode:85/100, avg elec cons:2.1642685744895322
 Retrying in 1 seconds
Warning: Unused states in tlLogic 'J10', program '0' in phase 0 after tl-index 10
Simulation......
总奖励:-5864.827936529324, 速度奖励:-69.86186639709948, 加速度奖励:-756.9660701322747, 交通灯奖励:-5038.0, 与前车进行交互的惩罚:0.0
Episode:86/100, Reward:-5864.827936529324
Episode:86/100, avg speed:15.911878427411045
Episode:86/100, avg halt num:0.21984225177853386
Episode:86/100, avg elec cons:2.0597321975697453
 Retrying in 1 seconds
Warning: Unused states in tlLogic 'J10', program '0' in phase 0 after tl-index 10
Simulation......
总奖励:-6796.571932852773, 速度奖励:-89.10952360113296, 加速度奖励:-827.9624092516822, 交通灯奖励:-5879.5, 与前车进行交互的惩罚:0.0
Episode:87/100, Reward:-6796.571932852773
Episode:87/100, avg speed:14.979987257393017
Episode:87/100, avg halt num:0.3488976705490849
Episode:87/100, avg elec cons:2.5903498082342673
 Retrying in 1 seconds
Warning: Unused states in tlLogic 'J10', program '0' in phase 0 after tl-index 10
Simulation......
总奖励:-6024.703627451885, 速度奖励:-83.8598226561324, 加速度奖励:-808.843804795773, 交通灯奖励:-5132.0, 与前车进行交互的惩罚:0.0
Episode:88/100, Reward:-6024.703627451885
Episode:88/100, avg speed:15.368990334160307
Episode:88/100, avg halt num:0.2809172105805565
Episode:88/100, avg elec cons:2.1731891273044757
 Retrying in 1 seconds
Warning: Unused states in tlLogic 'J10', program '0' in phase 0 after tl-index 10
Simulation......
总奖励:-6116.215459568468, 速度奖励:-82.57113945580949, 加速度奖励:-792.144320112702, 交通灯奖励:-5241.5, 与前车进行交互的惩罚:0.0
Episode:89/100, Reward:-6116.215459568468
Episode:89/100, avg speed:15.03256913942961
Episode:89/100, avg halt num:0.3071753123816736
Episode:89/100, avg elec cons:2.4524474376982615
 Retrying in 1 seconds
Warning: Unused states in tlLogic 'J10', program '0' in phase 0 after tl-index 10
Simulation......
总奖励:-5510.120056580076, 速度奖励:-69.59101828064766, 加速度奖励:-760.0290382994638, 交通灯奖励:-4680.5, 与前车进行交互的惩罚:0.0
Episode:90/100, Reward:-5510.120056580076
Episode:90/100, avg speed:15.337422066679038
Episode:90/100, avg halt num:0.26850039154267813
Episode:90/100, avg elec cons:2.5857704543925863
 Retrying in 1 seconds
Warning: Unused states in tlLogic 'J10', program '0' in phase 0 after tl-index 10
Simulation......
总奖励:-6051.82675338192, 速度奖励:-77.48091323709967, 加速度奖励:-787.8458401448662, 交通灯奖励:-5186.5, 与前车进行交互的惩罚:0.0
Episode:91/100, Reward:-6051.82675338192
Episode:91/100, avg speed:14.948753964755415
Episode:91/100, avg halt num:0.2980580619850922
Episode:91/100, avg elec cons:2.534377124575923
 Retrying in 1 seconds
Warning: Unused states in tlLogic 'J10', program '0' in phase 0 after tl-index 10
Simulation......
总奖励:-5814.360307992263, 速度奖励:-79.94965271951924, 加速度奖励:-791.4106552727836, 交通灯奖励:-4943.0, 与前车进行交互的惩罚:0.0
Episode:92/100, Reward:-5814.360307992263
Episode:92/100, avg speed:15.067028402964619
Episode:92/100, avg halt num:0.2968512898330804
Episode:92/100, avg elec cons:2.440791382815363
 Retrying in 1 seconds
Warning: Unused states in tlLogic 'J10', program '0' in phase 0 after tl-index 10
Simulation......
总奖励:-5932.645213178036, 速度奖励:-81.15769979855175, 加速度奖励:-792.4875133795106, 交通灯奖励:-5059.0, 与前车进行交互的惩罚:0.0
Episode:93/100, Reward:-5932.645213178036
Episode:93/100, avg speed:14.961508478658384
Episode:93/100, avg halt num:0.3314321926489227
Episode:93/100, avg elec cons:2.707427488083002
 Retrying in 1 seconds
Warning: Unused states in tlLogic 'J10', program '0' in phase 0 after tl-index 10
Simulation......
总奖励:-5740.067231690387, 速度奖励:-72.85171991080927, 加速度奖励:-767.7155117796289, 交通灯奖励:-4899.5, 与前车进行交互的惩罚:0.0
Episode:94/100, Reward:-5740.067231690387
Episode:94/100, avg speed:15.5866334618538
Episode:94/100, avg halt num:0.251187648456057
Episode:94/100, avg elec cons:2.239849030481765
 Retrying in 1 seconds
Warning: Unused states in tlLogic 'J10', program '0' in phase 0 after tl-index 10
Simulation......
总奖励:-5956.078404327025, 速度奖励:-79.72869272226121, 加速度奖励:-786.3497116048193, 交通灯奖励:-5090.0, 与前车进行交互的惩罚:0.0
Episode:95/100, Reward:-5956.078404327025
Episode:95/100, avg speed:14.829348134762935
Episode:95/100, avg halt num:0.3052704303197789
Episode:95/100, avg elec cons:2.5891289638724078
 Retrying in 1 seconds
Warning: Unused states in tlLogic 'J10', program '0' in phase 0 after tl-index 10
Simulation......
总奖励:-5408.250727395218, 速度奖励:-69.25723950193785, 加速度奖励:-752.9934878933194, 交通灯奖励:-4586.0, 与前车进行交互的惩罚:0.0
Episode:96/100, Reward:-5408.250727395218
Episode:96/100, avg speed:15.325063634978939
Episode:96/100, avg halt num:0.26897625535227715
Episode:96/100, avg elec cons:2.6008120724692
 Retrying in 1 seconds
Warning: Unused states in tlLogic 'J10', program '0' in phase 0 after tl-index 10
Simulation......
总奖励:-5812.073473208885, 速度奖励:-79.749464190971, 加速度奖励:-780.824009017956, 交通灯奖励:-4951.5, 与前车进行交互的惩罚:0.0
Episode:97/100, Reward:-5812.073473208885
Episode:97/100, avg speed:15.141762354876503
Episode:97/100, avg halt num:0.30704028719585164
Episode:97/100, avg elec cons:2.563356443152174
 Retrying in 1 seconds
Warning: Unused states in tlLogic 'J10', program '0' in phase 0 after tl-index 10
Simulation......
总奖励:-5685.278602217134, 速度奖励:-64.33152858726066, 加速度奖励:-758.9470736299211, 交通灯奖励:-4862.0, 与前车进行交互的惩罚:0.0
Episode:98/100, Reward:-5685.278602217134
Episode:98/100, avg speed:15.374972529968097
Episode:98/100, avg halt num:0.24669603524229075
Episode:98/100, avg elec cons:2.6828595406038445
 Retrying in 1 seconds
Warning: Unused states in tlLogic 'J10', program '0' in phase 0 after tl-index 10
Simulation......
总奖励:-6037.200242020813, 速度奖励:-72.7341560869382, 加速度奖励:-783.9660859339095, 交通灯奖励:-5180.5, 与前车进行交互的惩罚:0.0
Episode:99/100, Reward:-6037.200242020813
Episode:99/100, avg speed:15.93420879366553
Episode:99/100, avg halt num:0.2454176947479732
Episode:99/100, avg elec cons:2.2923029772715626
 Retrying in 1 seconds
Warning: Unused states in tlLogic 'J10', program '0' in phase 0 after tl-index 10
Simulation......
总奖励:-5667.173633787205, 速度奖励:-69.5769386820993, 加速度奖励:-770.0966951051046, 交通灯奖励:-4827.5, 与前车进行交互的惩罚:0.0
Episode:100/100, Reward:-5667.173633787205
Episode:100/100, avg speed:15.92892917377798
Episode:100/100, avg halt num:0.22794871794871796
Episode:100/100, avg elec cons:2.2261092139171734
model saved successfully!
Complete training!
final reward list:[-7803.142730121821, -9361.974575962451, -6710.071470293038, -5797.7814131868845, -5898.9300909892645, -5912.716483874479, -6177.310537477382, -5596.127395535519, -5960.498275472714, -5722.529096869219, -5954.2430034113295, -5539.510311118483, -5978.851736802503, -5955.954744222523, -6015.885668195893, -6370.049914653156, -6068.59204445464, -5836.750536474815, -6362.175613487338, -5871.51760737089, -6055.946133440367, -5606.3585588592305, -5441.415679512649, -5486.560584108066, -5387.6418419091, -6500.553810823873, -5945.6960225262355, -6117.850742607053, -6574.928706352822, -5673.227777976014, -6139.321022582463, -5981.364519382506, -5982.28702351076, -5469.213158502012, -5538.068023989155, -5936.420327852724, -6431.7639309396845, -5550.9081495991895, -6344.176542562948, -6101.827404985965, -5612.661517716779, -6288.672203180882, -5644.497606996684, -5843.1276705357395, -6005.597534939173, -5626.5225466535585, -6344.153449024037, -6077.170080154209, -6043.170305380071, -5236.449118632928, -5657.049643970185, -6075.159499083328, -5968.872821493748, -5917.689168414112, -5184.614661390917, -5899.382788691916, -5945.716203952916, -6133.662225453917, -6576.924039515908, -5877.376553307106, -5961.780383229025, -6391.156198338174, -5723.825060321096, -5861.776834081794, -5665.563815336767, -6085.331431464602, -5903.319377938639, -5727.013604155389, -5931.285699681987, -5447.271228054256, -5835.230642103454, -6127.853441123661, -5806.308912306294, -6178.862077220685, -6433.173437884934, -5625.5459952126475, -6315.003340745742, -4673.749157305858, -6224.987981046002, -5561.273504354812, -5379.528038213746, -6183.657670625941, -5919.751419185373, -6005.206626183197, -6239.178694125857, -5864.827936529324, -6796.571932852773, -6024.703627451885, -6116.215459568468, -5510.120056580076, -6051.82675338192, -5814.360307992263, -5932.645213178036, -5740.067231690387, -5956.078404327025, -5408.250727395218, -5812.073473208885, -5685.278602217134, -6037.200242020813, -5667.173633787205]
final speed list:[14.437917980568516, 14.017458994774065, 15.657455143136543, 15.180946944438496, 15.442064003035668, 15.392720579554522, 15.671960660433209, 15.716754610718901, 15.61238309868525, 15.28533396776175, 15.889266951644418, 15.716433826903495, 15.855021704843617, 15.509070916412451, 15.563270050723267, 15.372720811931531, 15.588550935591098, 14.74248497448636, 15.313827785836164, 15.632319785655913, 15.26933517072161, 15.45798745383413, 15.809533081404792, 15.628897497842447, 15.746486903465735, 15.038179350848141, 15.404209360166998, 14.771901586249331, 15.048332711578864, 15.614757703470051, 15.528117048363235, 15.089627018234047, 15.371444406837275, 15.617044359378474, 15.714893253576374, 15.276779288579894, 14.953708112880355, 15.753905357419606, 15.338110979469374, 15.403260408934344, 15.391585722606658, 15.248039425621837, 15.070964418373572, 15.406875509892629, 14.853258470789736, 15.901953602479992, 15.074927231634412, 15.112089329958783, 15.807806109527318, 15.271120834811187, 15.853752718921848, 15.375314192877573, 15.516060530500122, 15.353357663465713, 15.118056246412396, 15.155946839847527, 15.113862318029128, 15.419266351132295, 15.367733906861048, 15.6128185461754, 14.945712498242518, 15.3299301803633, 15.477035020029952, 15.312838362149641, 15.699379827177422, 15.8256725316306, 15.930896226625542, 15.839716007112589, 15.656228017056595, 15.575555042303346, 15.98937873068131, 14.812920737627316, 15.677892152806164, 15.35991534529979, 15.396363227489337, 15.627563485309167, 15.205374753727465, 15.25096521803185, 15.050900348303232, 15.279452050729834, 15.47912024592772, 15.242445365351282, 15.453994502917457, 15.236271225420698, 15.653611449460309, 15.911878427411045, 14.979987257393017, 15.368990334160307, 15.03256913942961, 15.337422066679038, 14.948753964755415, 15.067028402964619, 14.961508478658384, 15.5866334618538, 14.829348134762935, 15.325063634978939, 15.141762354876503, 15.374972529968097, 15.93420879366553, 15.92892917377798]
final elec cons list:[1.762902998089894, 1.8991220424325361, 2.0400139855164, 2.517761405001358, 2.595417889836701, 2.326385951692707, 2.2252208697171167, 2.0809409799729486, 2.1335054483633873, 2.2581718163871645, 2.177565640018956, 2.2313964467563956, 2.0970288194655566, 2.333199837469124, 2.3429350798849877, 2.460021109765329, 2.25574014033815, 2.637734756027152, 2.3085044619687345, 2.187757251100123, 2.5114359276183147, 2.5135139078386355, 2.1718776688294668, 2.175825407275956, 2.23901313187479, 2.4427240344822296, 2.2585142977424844, 2.624544664470256, 2.4613457776235164, 2.349196351537927, 2.4454963373466594, 2.4326074113921714, 2.32546157287782, 2.2762455710496576, 2.422281703671319, 2.3766950455011675, 2.6728811266835257, 2.5265827135895855, 2.2291988278185455, 2.3023444823564634, 2.393484429298723, 2.4331287629260694, 2.6006209008579027, 2.4634918485059436, 2.5116420870521217, 2.171195653096225, 2.448958192851921, 2.541584256753197, 2.100364158035975, 2.2399343184502443, 2.2152564893378517, 2.386124367929322, 2.2047217689284486, 2.242942691809028, 2.588932875427805, 2.287236808011299, 2.65780378751943, 2.586333177051367, 2.4194137877443986, 2.1851339543856847, 2.555779477550669, 2.228470441219096, 2.169241221292343, 2.466412792342758, 2.375042023708276, 2.113491632284801, 2.121427277233763, 2.210273879947169, 2.0928632748551244, 2.1315141555933375, 2.177044139487025, 2.416578673599918, 1.9909453322077661, 2.2564333599601505, 2.0756747095420667, 2.7104473052978006, 2.531412029713691, 2.648390027943649, 2.507302604253454, 2.4012989694859757, 2.4491056943102905, 2.639851704266795, 2.263425090295222, 2.543490006583782, 2.1642685744895322, 2.0597321975697453, 2.5903498082342673, 2.1731891273044757, 2.4524474376982615, 2.5857704543925863, 2.534377124575923, 2.440791382815363, 2.707427488083002, 2.239849030481765, 2.5891289638724078, 2.6008120724692, 2.563356443152174, 2.6828595406038445, 2.2923029772715626, 2.2261092139171734]
final halt list:[0.3433744722312439, 0.4596020761245675, 0.2687152664269369, 0.2661600615621393, 0.27157258064516127, 0.2700286123032904, 0.25412371134020617, 0.22265994327135202, 0.23314881146206448, 0.2730959097320169, 0.24048731642189586, 0.24145372928176795, 0.21860170832015186, 0.26500355113636365, 0.2822850762932639, 0.286910197869102, 0.2703993055555556, 0.30044570502431117, 0.28359826589595377, 0.247964031218188, 0.31088992974238877, 0.2641419893697798, 0.244579945799458, 0.250743555849306, 0.2448340108401084, 0.32334232845026983, 0.26625087842586087, 0.3138122684232194, 0.3174315619967794, 0.25603991596638653, 0.26747463359639234, 0.30859375, 0.25771659066994035, 0.25569975447211507, 0.2523303504847129, 0.2858610384759059, 0.3232685810810811, 0.249323279195669, 0.28496019383869853, 0.26348888078745897, 0.26714702663261586, 0.28978576893649577, 0.29220651747153514, 0.2777985773118682, 0.3128425998433829, 0.22859504132231406, 0.2993145468392993, 0.2944948697711129, 0.22008479899497488, 0.26063278008298757, 0.23718163538873996, 0.2701702442635085, 0.24484623183507942, 0.2723261560183551, 0.27256003098373355, 0.2801927973808658, 0.31290849673202614, 0.28215561730845573, 0.29819508448540705, 0.24181696726786908, 0.3076923076923077, 0.25809540389972147, 0.2573054706082229, 0.2829691032403919, 0.24581361485256645, 0.24716369529983792, 0.23524535809018568, 0.2318259385665529, 0.24335022165927803, 0.2431162941367023, 0.22311917443408788, 0.2879160363086233, 0.21166013859596264, 0.2834101382488479, 0.2818455366098295, 0.2535627035830619, 0.3156839149618933, 0.2677935943060498, 0.31276678308110206, 0.26654740608228983, 0.2671359762875139, 0.29203629032258066, 0.2680944055944056, 0.276378896882494, 0.2599253478113336, 0.21984225177853386, 0.3488976705490849, 0.2809172105805565, 0.3071753123816736, 0.26850039154267813, 0.2980580619850922, 0.2968512898330804, 0.3314321926489227, 0.251187648456057, 0.3052704303197789, 0.26897625535227715, 0.30704028719585164, 0.24669603524229075, 0.2454176947479732, 0.22794871794871796]
speed reward list:[-153.4043874425887, -191.64134371210756, -86.02025255564905, -69.74852464451888, -73.60799855516404, -75.48047203064839, -75.74351177032561, -69.1511933119382, -71.44194323903477, -78.5824538022612, -75.30321605661588, -71.12529860371247, -68.79096974758309, -74.92551157306741, -81.2202592050033, -78.03822155080971, -76.59489387484182, -74.1678341603253, -83.2462194062939, -75.22123080339013, -82.19064967113216, -69.90356510709935, -74.2036753132286, -74.24841510871259, -70.71802593677693, -86.82576913016476, -77.79831380709992, -79.43345733629361, -86.08549627597128, -72.65685591871238, -72.0184760680672, -82.69019873855179, -72.54709695145442, -75.41587708113227, -70.51718818887373, -79.57631208919663, -82.4320382951644, -67.6587096551638, -81.80093900322892, -76.83094468016404, -73.41778109903515, -78.31427359210008, -75.50473698000272, -74.9101287570996, -81.8964457591968, -69.65126661484152, -80.85177336919685, -78.36513211161612, -68.59793820919612, -73.99473788903495, -73.10952001742214, -76.92130998290607, -72.13728431032548, -80.02764669919698, -69.48207022500269, -80.49388518290654, -79.02881181000316, -74.49341438468035, -84.11871417242237, -72.21374994919628, -80.64023525419688, -76.11349853758357, -76.60660936500292, -75.89026620871289, -69.16954150597053, -75.87737380597054, -73.8689265754866, -70.35113513468012, -74.69838812903504, -71.26308871548656, -69.56638997516401, -76.81253729661579, -68.92867202661533, -83.19400138742266, -86.9969756351648, -65.59623068516365, -84.37799610290644, -67.50994499129278, -82.09995729677742, -72.89343242274462, -72.14020380435772, -75.46657868855132, -76.31306481338974, -73.87663230580928, -78.73975365677735, -69.86186639709948, -89.10952360113296, -83.8598226561324, -82.57113945580949, -69.59101828064766, -77.48091323709967, -79.94965271951924, -81.15769979855175, -72.85171991080927, -79.72869272226121, -69.25723950193785, -79.749464190971, -64.33152858726066, -72.7341560869382, -69.5769386820993]
accel reward list:[-711.2383426792711, -681.333232250229, -829.5512177374507, -769.0328885424155, -787.8220924341422, -773.7360118438621, -794.0670257070905, -771.4762022236176, -783.5563322337075, -795.946643066971, -788.4397873547474, -778.3850125148099, -765.5607670549524, -779.0292326495135, -807.1654089909375, -790.5116931023952, -776.4971505798458, -764.0827023145067, -810.429394081095, -792.7963765675042, -797.7554837692763, -754.9549937521718, -778.2120041994391, -766.8121689993867, -756.9238159723548, -807.7280416937347, -794.8977087191848, -799.9172852708103, -850.8432100769156, -750.0709220573312, -774.8025465144519, -798.6743206439992, -770.7399265593381, -778.7972814209188, -773.5508358003173, -795.3440157635711, -808.3318926445506, -762.7494399440668, -793.8756035597785, -808.4964603058238, -771.2437366177679, -805.8579295888353, -770.9928700167083, -776.7175417786898, -797.7010891800128, -770.8712800387443, -802.3016756549108, -799.3049480426572, -774.0723671709204, -774.4543807439134, -760.4401239528066, -790.7381891004545, -776.2355371834575, -804.1615217149634, -751.1325911659495, -805.8889035090461, -788.1873921429354, -780.1688110692812, -807.8053253435473, -772.662803357945, -789.64014797487, -799.5426998006449, -788.2184509561051, -776.386567873103, -777.3942738308359, -780.4540576586772, -793.4504513632086, -788.1624690207407, -775.0873115529703, -764.50813933881, -770.664252128327, -796.540903827074, -774.8802402797287, -808.6680758333102, -841.1764622498165, -749.4497645275195, -804.6253446428806, -742.7392123145723, -782.8880237492633, -761.8800719320959, -750.3878344094242, -776.6910919374324, -789.4383543720045, -795.8299938774197, -797.4389404691602, -756.9660701322747, -827.9624092516822, -808.843804795773, -792.144320112702, -760.0290382994638, -787.8458401448662, -791.4106552727836, -792.4875133795106, -767.7155117796289, -786.3497116048193, -752.9934878933194, -780.824009017956, -758.9470736299211, -783.9660859339095, -770.0966951051046]
tls reward list:[-6938.5, -8489.0, -5794.5, -4959.0, -5037.5, -5063.5, -5307.5, -4755.5, -5105.5, -4848.0, -5090.5, -4690.0, -5144.5, -5102.0, -5127.5, -5501.5, -5215.5, -4998.5, -5468.5, -5003.5, -5176.0, -4781.5, -4589.0, -4645.5, -4560.0, -5606.0, -5073.0, -5238.5, -5638.0, -4850.5, -5292.5, -5100.0, -5139.0, -4615.0, -4694.0, -5061.5, -5541.0, -4720.5, -5468.5, -5216.5, -4768.0, -5404.5, -4798.0, -4991.5, -5126.0, -4786.0, -5461.0, -5199.5, -5200.5, -4388.0, -4823.5, -5207.5, -5120.5, -5033.5, -4364.0, -5013.0, -5078.5, -5279.0, -5685.0, -5032.5, -5091.5, -5515.5, -4859.0, -5009.5, -4819.0, -5229.0, -5036.0, -4868.5, -5081.5, -4611.5, -4995.0, -5254.5, -4962.5, -5287.0, -5505.0, -4810.5, -5426.0, -3863.5, -5360.0, -4726.5, -4557.0, -5331.5, -5054.0, -5135.5, -5363.0, -5038.0, -5879.5, -5132.0, -5241.5, -4680.5, -5186.5, -4943.0, -5059.0, -4899.5, -5090.0, -4586.0, -4951.5, -4862.0, -5180.5, -4827.5]
extra reward list:[0.0, 0.0, 0.0, 0.0, 0.0, 0.0, 0.0, 0.0, 0.0, 0.0, 0.0, 0.0, 0.0, 0.0, 0.0, 0.0, 0.0, 0.0, 0.0, 0.0, 0.0, 0.0, 0.0, 0.0, 0.0, 0.0, 0.0, 0.0, 0.0, 0.0, 0.0, 0.0, 0.0, 0.0, 0.0, 0.0, 0.0, 0.0, 0.0, 0.0, 0.0, 0.0, 0.0, 0.0, 0.0, 0.0, 0.0, 0.0, 0.0, 0.0, 0.0, 0.0, 0.0, 0.0, 0.0, 0.0, 0.0, 0.0, 0.0, 0.0, 0.0, 0.0, 0.0, 0.0, 0.0, 0.0, 0.0, 0.0, 0.0, 0.0, 0.0, 0.0, 0.0, 0.0, 0.0, 0.0, 0.0, 0.0, 0.0, 0.0, 0.0, 0.0, 0.0, 0.0, 0.0, 0.0, 0.0, 0.0, 0.0, 0.0, 0.0, 0.0, 0.0, 0.0, 0.0, 0.0, 0.0, 0.0, 0.0, 0.0]
