nohup: 忽略输入
Env:sumo, Algorithm:TD3, Device:cuda
-----------------------------------------
models/candidate1.pth
-----------------------------------------
 Retrying in 1 seconds
Warning: Unused states in tlLogic 'J10', program '0' in phase 0 after tl-index 10
Simulation......
总奖励:-153961.55609605272, 速度奖励:-100153.04256971077, 加速度奖励:-15660.813526332404, 交通灯奖励:-38147.70000001995, 与前车进行交互的惩罚:0.0
Episode:1/100, Reward:-153961.55609605272
Episode:1/100, avg speed:6.738954190052325
Episode:1/100, avg halt num:0.4202755905511811
Episode:1/100, avg elec cons:0.6126084614373584
 Retrying in 1 seconds
Warning: Unused states in tlLogic 'J10', program '0' in phase 0 after tl-index 10
Simulation......
总奖励:-160043.89057050674, 速度奖励:-104697.76894216814, 加速度奖励:-15562.521628325907, 交通灯奖励:-39783.60000002162, 与前车进行交互的惩罚:0.0
Episode:2/100, Reward:-160043.89057050674
Episode:2/100, avg speed:6.445550898876776
Episode:2/100, avg halt num:0.5359825721153846
Episode:2/100, avg elec cons:0.6517442324500664
 Retrying in 1 seconds
Warning: Unused states in tlLogic 'J10', program '0' in phase 0 after tl-index 10
Simulation......
总奖励:-58207.2922126018, 速度奖励:-36874.63248641957, 加速度奖励:-5805.459726184635, 交通灯奖励:-15527.19999999652, 与前车进行交互的惩罚:0.0
Episode:3/100, Reward:-58207.2922126018
Episode:3/100, avg speed:12.312345672389812
Episode:3/100, avg halt num:0.2673015873015873
Episode:3/100, avg elec cons:1.371359381776759
 Retrying in 1 seconds
Warning: Unused states in tlLogic 'J10', program '0' in phase 0 after tl-index 10
Simulation......
总奖励:-22870.291767986226, 速度奖励:-17636.983929540245, 加速度奖励:-1212.807838446626, 交通灯奖励:-4020.5000000007426, 与前车进行交互的惩罚:0.0
Episode:4/100, Reward:-22870.291767986226
Episode:4/100, avg speed:11.928100424774746
Episode:4/100, avg halt num:0.12378550074738416
Episode:4/100, avg elec cons:0.8862296270694259
 Retrying in 1 seconds
Warning: Unused states in tlLogic 'J10', program '0' in phase 0 after tl-index 10
Simulation......
总奖励:-13717.611787229369, 速度奖励:-10250.355043800135, 加速度奖励:-1200.256743429595, 交通灯奖励:-2267.0000000004216, 与前车进行交互的惩罚:0.0
Episode:5/100, Reward:-13717.611787229369
Episode:5/100, avg speed:14.457819251257119
Episode:5/100, avg halt num:0.07395076674737691
Episode:5/100, avg elec cons:2.524465972048263
 Retrying in 1 seconds
Warning: Unused states in tlLogic 'J10', program '0' in phase 0 after tl-index 10
Simulation......
总奖励:-18081.46603785183, 速度奖励:-11049.988600440442, 加速度奖励:-1466.7774374122857, 交通灯奖励:-5564.699999999685, 与前车进行交互的惩罚:0.0
Episode:6/100, Reward:-18081.46603785183
Episode:6/100, avg speed:14.969548059709663
Episode:6/100, avg halt num:0.20437039517749497
Episode:6/100, avg elec cons:1.9822380617468989
 Retrying in 1 seconds
Warning: Unused states in tlLogic 'J10', program '0' in phase 0 after tl-index 10
Simulation......
总奖励:-18210.40165846438, 速度奖励:-13087.973896200288, 加速度奖励:-1399.327762264847, 交通灯奖励:-3723.100000000663, 与前车进行交互的惩罚:0.0
Episode:7/100, Reward:-18210.40165846438
Episode:7/100, avg speed:14.263456329702555
Episode:7/100, avg halt num:0.13892686261107315
Episode:7/100, avg elec cons:1.9774403518475847
 Retrying in 1 seconds
Warning: Unused states in tlLogic 'J10', program '0' in phase 0 after tl-index 10
Simulation......
总奖励:-15546.63489907259, 速度奖励:-9341.372293020475, 加速度奖励:-1371.0626060528452, 交通灯奖励:-4834.20000000017, 与前车进行交互的惩罚:0.0
Episode:8/100, Reward:-15546.63489907259
Episode:8/100, avg speed:15.615400927531223
Episode:8/100, avg halt num:0.17461441611583256
Episode:8/100, avg elec cons:1.9894701291385846
 Retrying in 1 seconds
Warning: Unused states in tlLogic 'J10', program '0' in phase 0 after tl-index 10
Simulation......
总奖励:-16043.750036012667, 速度奖励:-10487.766700080158, 加速度奖励:-1261.7833359326526, 交通灯奖励:-4294.200000000326, 与前车进行交互的惩罚:0.0
Episode:9/100, Reward:-16043.750036012667
Episode:9/100, avg speed:14.69382919798209
Episode:9/100, avg halt num:0.1111111111111111
Episode:9/100, avg elec cons:1.5621904624246608
 Retrying in 1 seconds
Warning: Unused states in tlLogic 'J10', program '0' in phase 0 after tl-index 10
Simulation......
总奖励:-16649.90201507097, 速度奖励:-13163.344932240074, 加速度奖励:-1271.4570828310204, 交通灯奖励:-2215.100000000466, 与前车进行交互的惩罚:0.0
Episode:10/100, Reward:-16649.90201507097
Episode:10/100, avg speed:13.508753989374895
Episode:10/100, avg halt num:0.06734094052558783
Episode:10/100, avg elec cons:1.3009687289913672
 Retrying in 1 seconds
Warning: Unused states in tlLogic 'J10', program '0' in phase 0 after tl-index 10
Simulation......
总奖励:-14008.985095110133, 速度奖励:-9342.209217600222, 加速度奖励:-1474.7758775104157, 交通灯奖励:-3192.000000000253, 与前车进行交互的惩罚:0.0
Episode:11/100, Reward:-14008.985095110133
Episode:11/100, avg speed:15.437706821595729
Episode:11/100, avg halt num:0.08898729946524064
Episode:11/100, avg elec cons:2.056728577163558
 Retrying in 1 seconds
Warning: Unused states in tlLogic 'J10', program '0' in phase 0 after tl-index 10
Simulation......
总奖励:-17587.860313997127, 速度奖励:-10032.0582306604, 加速度奖励:-1496.6020833375126, 交通灯奖励:-6059.199999999308, 与前车进行交互的惩罚:0.0
Episode:12/100, Reward:-17587.860313997127
Episode:12/100, avg speed:15.581166828366497
Episode:12/100, avg halt num:0.21139958734525446
Episode:12/100, avg elec cons:2.2380365026606848
 Retrying in 1 seconds
Warning: Unused states in tlLogic 'J10', program '0' in phase 0 after tl-index 10
Simulation......
总奖励:-13893.198891825057, 速度奖励:-10195.040116620123, 加速度奖励:-1272.1587752050773, 交通灯奖励:-2426.0000000004943, 与前车进行交互的惩罚:0.0
Episode:13/100, Reward:-13893.198891825057
Episode:13/100, avg speed:14.873957583318433
Episode:13/100, avg halt num:0.08238725953957741
Episode:13/100, avg elec cons:1.7835427680189968
 Retrying in 1 seconds
Warning: Unused states in tlLogic 'J10', program '0' in phase 0 after tl-index 10
Simulation......
总奖励:-13307.030480397058, 速度奖励:-9891.567381240231, 加速度奖励:-1197.9630991574002, 交通灯奖励:-2217.500000000334, 与前车进行交互的惩罚:0.0
Episode:14/100, Reward:-13307.030480397058
Episode:14/100, avg speed:14.969361857337958
Episode:14/100, avg halt num:0.11714589989350373
Episode:14/100, avg elec cons:2.4139190625239193
 Retrying in 1 seconds
Warning: Unused states in tlLogic 'J10', program '0' in phase 0 after tl-index 10
Simulation......
总奖励:-16055.476605496267, 速度奖励:-10734.715124640348, 加速度奖励:-1220.3614808564794, 交通灯奖励:-4100.400000000517, 与前车进行交互的惩罚:0.0
Episode:15/100, Reward:-16055.476605496267
Episode:15/100, avg speed:15.21954892790348
Episode:15/100, avg halt num:0.1738854657484596
Episode:15/100, avg elec cons:2.0747075268226594
 Retrying in 1 seconds
Warning: Unused states in tlLogic 'J10', program '0' in phase 0 after tl-index 10
Simulation......
总奖励:-22812.262026806133, 速度奖励:-17061.87022830029, 加速度奖励:-1595.8917985067533, 交通灯奖励:-4154.5000000006, 与前车进行交互的惩罚:0.0
Episode:16/100, Reward:-22812.262026806133
Episode:16/100, avg speed:12.243913618390149
Episode:16/100, avg halt num:0.1301256002955301
Episode:16/100, avg elec cons:1.0630380132789776
 Retrying in 1 seconds
Warning: Unused states in tlLogic 'J10', program '0' in phase 0 after tl-index 10
Simulation......
总奖励:-18857.044235250105, 速度奖励:-14739.299063100136, 加速度奖励:-1416.8451721502252, 交通灯奖励:-2700.900000000584, 与前车进行交互的惩罚:0.0
Episode:17/100, Reward:-18857.044235250105
Episode:17/100, avg speed:13.42319261100768
Episode:17/100, avg halt num:0.08457464415756372
Episode:17/100, avg elec cons:1.118075698911883
 Retrying in 1 seconds
Warning: Unused states in tlLogic 'J10', program '0' in phase 0 after tl-index 10
Simulation......
总奖励:-34444.14478864563, 速度奖励:-28063.595732220892, 加速度奖励:-1431.34905642809, 交通灯奖励:-4949.1999999994205, 与前车进行交互的惩罚:0.0
Episode:18/100, Reward:-34444.14478864563
Episode:18/100, avg speed:10.058297413593586
Episode:18/100, avg halt num:0.3138446215139442
Episode:18/100, avg elec cons:0.7636463069150506
 Retrying in 1 seconds
Warning: Unused states in tlLogic 'J10', program '0' in phase 0 after tl-index 10
Simulation......
总奖励:-21014.27918883577, 速度奖励:-17342.308089540067, 加速度奖励:-1083.6710992959393, 交通灯奖励:-2588.3000000006623, 与前车进行交互的惩罚:0.0
Episode:19/100, Reward:-21014.27918883577
Episode:19/100, avg speed:12.58060309213264
Episode:19/100, avg halt num:0.06654867256637167
Episode:19/100, avg elec cons:0.9292592869704274
 Retrying in 1 seconds
Warning: Unused states in tlLogic 'J10', program '0' in phase 0 after tl-index 10
Simulation......
总奖励:-14786.400164439156, 速度奖励:-12168.082362600066, 加速度奖励:-1105.2178018391473, 交通灯奖励:-1513.1000000001973, 与前车进行交互的惩罚:0.0
Episode:20/100, Reward:-14786.400164439156
Episode:20/100, avg speed:13.819027644659812
Episode:20/100, avg halt num:0.03271186440677966
Episode:20/100, avg elec cons:1.2050639757935029
 Retrying in 1 seconds
Warning: Unused states in tlLogic 'J10', program '0' in phase 0 after tl-index 10
Simulation......
总奖励:-13598.5123711925, 速度奖励:-10641.649554000023, 加速度奖励:-1267.862817192513, 交通灯奖励:-1689.0000000003088, 与前车进行交互的惩罚:0.0
Episode:21/100, Reward:-13598.5123711925
Episode:21/100, avg speed:14.187845877738026
Episode:21/100, avg halt num:0.04215342679127726
Episode:21/100, avg elec cons:1.8298563926209883
 Retrying in 1 seconds
Warning: Unused states in tlLogic 'J10', program '0' in phase 0 after tl-index 10
Simulation......
总奖励:-11980.952406449587, 速度奖励:-9263.219855400112, 加速度奖励:-1197.2325510497249, 交通灯奖励:-1520.5000000002037, 与前车进行交互的惩罚:0.0
Episode:22/100, Reward:-11980.952406449587
Episode:22/100, avg speed:14.514351042181246
Episode:22/100, avg halt num:0.03824981017463933
Episode:22/100, avg elec cons:2.1587560670187984
 Retrying in 1 seconds
Warning: Unused states in tlLogic 'J10', program '0' in phase 0 after tl-index 10
Simulation......
总奖励:-11026.895368250409, 速度奖励:-8581.288134420129, 加速度奖励:-1176.2072338306275, 交通灯奖励:-1269.3999999999496, 与前车进行交互的惩罚:0.0
Episode:23/100, Reward:-11026.895368250409
Episode:23/100, avg speed:15.23437736796128
Episode:23/100, avg halt num:0.03080448065173116
Episode:23/100, avg elec cons:2.074676600875602
 Retrying in 1 seconds
Warning: Unused states in tlLogic 'J10', program '0' in phase 0 after tl-index 10
Simulation......
总奖励:-13618.318575078716, 速度奖励:-9901.66939722018, 加速度奖励:-1341.2491778590243, 交通灯奖励:-2375.4000000005326, 与前车进行交互的惩罚:0.0
Episode:24/100, Reward:-13618.318575078716
Episode:24/100, avg speed:15.098542689319514
Episode:24/100, avg halt num:0.101366930171278
Episode:24/100, avg elec cons:2.077499866427043
 Retrying in 1 seconds
Warning: Unused states in tlLogic 'J10', program '0' in phase 0 after tl-index 10
Simulation......
总奖励:-13833.240748633725, 速度奖励:-9509.489456220366, 加速度奖励:-1176.4512924139706, 交通灯奖励:-3147.3000000004267, 与前车进行交互的惩罚:0.0
Episode:25/100, Reward:-13833.240748633725
Episode:25/100, avg speed:15.318933919675425
Episode:25/100, avg halt num:0.15194915254237287
Episode:25/100, avg elec cons:2.170357620158917
 Retrying in 1 seconds
Warning: Unused states in tlLogic 'J10', program '0' in phase 0 after tl-index 10
Simulation......
总奖励:-16117.641041438601, 速度奖励:-10926.114669540424, 加速度奖励:-1224.726371898853, 交通灯奖励:-3966.8000000005363, 与前车进行交互的惩罚:0.0
Episode:26/100, Reward:-16117.641041438601
Episode:26/100, avg speed:14.841303493843453
Episode:26/100, avg halt num:0.2066769587032034
Episode:26/100, avg elec cons:2.224550373175811
 Retrying in 1 seconds
Warning: Unused states in tlLogic 'J10', program '0' in phase 0 after tl-index 10
Simulation......
总奖励:-15226.473959209163, 速度奖励:-10536.132560400221, 加速度奖励:-1360.9413988092833, 交通灯奖励:-3329.40000000062, 与前车进行交互的惩罚:0.0
Episode:27/100, Reward:-15226.473959209163
Episode:27/100, avg speed:14.61162702206762
Episode:27/100, avg halt num:0.12993079584775086
Episode:27/100, avg elec cons:1.7817725291886244
 Retrying in 1 seconds
Warning: Unused states in tlLogic 'J10', program '0' in phase 0 after tl-index 10
Simulation......
总奖励:-14900.530937283527, 速度奖励:-12315.97975212, 加速度奖励:-1358.5511851635822, 交通灯奖励:-1226.0000000000177, 与前车进行交互的惩罚:0.0
Episode:28/100, Reward:-14900.530937283527
Episode:28/100, avg speed:13.033156331344548
Episode:28/100, avg halt num:0.02925955414012739
Episode:28/100, avg elec cons:1.5025563418056576
 Retrying in 1 seconds
Warning: Unused states in tlLogic 'J10', program '0' in phase 0 after tl-index 10
Simulation......
总奖励:-11542.961976586537, 速度奖励:-9868.63403430003, 加速度奖励:-1114.927942286675, 交通灯奖励:-559.3999999998292, 与前车进行交互的惩罚:0.0
Episode:29/100, Reward:-11542.961976586537
Episode:29/100, avg speed:14.109242371870238
Episode:29/100, avg halt num:0.0056112224448897794
Episode:29/100, avg elec cons:2.1465827102088433
 Retrying in 1 seconds
Warning: Unused states in tlLogic 'J10', program '0' in phase 0 after tl-index 10
Simulation......
总奖励:-11490.165148243417, 速度奖励:-9149.094279720068, 加速度奖励:-1186.8708685234428, 交通灯奖励:-1154.1999999999264, 与前车进行交互的惩罚:0.0
Episode:30/100, Reward:-11490.165148243417
Episode:30/100, avg speed:14.782027119688737
Episode:30/100, avg halt num:0.02050610820244328
Episode:30/100, avg elec cons:1.8278346927267037
 Retrying in 1 seconds
Warning: Unused states in tlLogic 'J10', program '0' in phase 0 after tl-index 10
Simulation......
总奖励:-14558.092054347453, 速度奖励:-11851.103293380009, 加速度奖励:-1316.9887609673467, 交通灯奖励:-1390.000000000186, 与前车进行交互的惩罚:0.0
Episode:31/100, Reward:-14558.092054347453
Episode:31/100, avg speed:13.781304698268306
Episode:31/100, avg halt num:0.031192151055164753
Episode:31/100, avg elec cons:1.485874369328214
 Retrying in 1 seconds
Warning: Unused states in tlLogic 'J10', program '0' in phase 0 after tl-index 10
Simulation......
总奖励:-12065.419216027014, 速度奖励:-10033.136504100028, 加速度奖励:-1195.3827119271173, 交通灯奖励:-836.8999999998598, 与前车进行交互的惩罚:0.0
Episode:32/100, Reward:-12065.419216027014
Episode:32/100, avg speed:13.958453806711264
Episode:32/100, avg halt num:0.002670736360167875
Episode:32/100, avg elec cons:2.0644524797212638
 Retrying in 1 seconds
Warning: Unused states in tlLogic 'J10', program '0' in phase 0 after tl-index 10
Simulation......
总奖励:-10382.909538567787, 速度奖励:-8688.50351226004, 加速度奖励:-912.9060263077914, 交通灯奖励:-781.4999999998943, 与前车进行交互的惩罚:0.0
Episode:33/100, Reward:-10382.909538567787
Episode:33/100, avg speed:14.541714904903891
Episode:33/100, avg halt num:0.002107481559536354
Episode:33/100, avg elec cons:1.8808002120130936
 Retrying in 1 seconds
Warning: Unused states in tlLogic 'J10', program '0' in phase 0 after tl-index 10
Simulation......
总奖励:-11249.411522346652, 速度奖励:-9600.513547140015, 加速度奖励:-877.3979752066859, 交通灯奖励:-771.4999999998602, 与前车进行交互的惩罚:0.0
Episode:34/100, Reward:-11249.411522346652
Episode:34/100, avg speed:14.411708246357193
Episode:34/100, avg halt num:0.004603891591382905
Episode:34/100, avg elec cons:1.549167598023873
 Retrying in 1 seconds
Warning: Unused states in tlLogic 'J10', program '0' in phase 0 after tl-index 10
Simulation......
总奖励:-13379.685923275349, 速度奖励:-11327.715934380009, 加速度奖励:-1033.2699888953916, 交通灯奖励:-1018.6999999998109, 与前车进行交互的惩罚:0.0
Episode:35/100, Reward:-13379.685923275349
Episode:35/100, avg speed:13.890938611156114
Episode:35/100, avg halt num:0.027706422018348623
Episode:35/100, avg elec cons:1.276356243845688
 Retrying in 1 seconds
Warning: Unused states in tlLogic 'J10', program '0' in phase 0 after tl-index 10
Simulation......
总奖励:-12937.018404733044, 速度奖励:-11189.223400679988, 加速度奖励:-939.1950040530191, 交通灯奖励:-808.5999999998114, 与前车进行交互的惩罚:0.0
Episode:36/100, Reward:-12937.018404733044
Episode:36/100, avg speed:13.643272254054107
Episode:36/100, avg halt num:0.007667031763417305
Episode:36/100, avg elec cons:1.5034661159679557
 Retrying in 1 seconds
Warning: Unused states in tlLogic 'J10', program '0' in phase 0 after tl-index 10
Simulation......
总奖励:-12072.4132869536, 速度奖励:-10353.257229779965, 加速度奖励:-857.0560571736081, 交通灯奖励:-862.0999999998595, 与前车进行交互的惩罚:0.0
Episode:37/100, Reward:-12072.4132869536
Episode:37/100, avg speed:13.487946322223307
Episode:37/100, avg halt num:0.012604166666666666
Episode:37/100, avg elec cons:1.9447294020596444
 Retrying in 1 seconds
Warning: Unused states in tlLogic 'J10', program '0' in phase 0 after tl-index 10
Simulation......
总奖励:-10661.080287606846, 速度奖励:-8997.92516447998, 加速度奖励:-953.0551231269266, 交通灯奖励:-710.0999999998761, 与前车进行交互的惩罚:0.0
Episode:38/100, Reward:-10661.080287606846
Episode:38/100, avg speed:14.541739095350652
Episode:38/100, avg halt num:0.0015509887553315238
Episode:38/100, avg elec cons:2.2729344150052477
 Retrying in 1 seconds
Warning: Unused states in tlLogic 'J10', program '0' in phase 0 after tl-index 10
Simulation......
总奖励:-14179.537665961925, 速度奖励:-9753.910726500317, 加速度奖励:-1254.72693946218, 交通灯奖励:-3170.900000000333, 与前车进行交互的惩罚:0.0
Episode:39/100, Reward:-14179.537665961925
Episode:39/100, avg speed:15.068000186082614
Episode:39/100, avg halt num:0.09837201246969172
Episode:39/100, avg elec cons:1.9911005949199674
 Retrying in 1 seconds
Warning: Unused states in tlLogic 'J10', program '0' in phase 0 after tl-index 10
Simulation......
总奖励:-16256.69011350643, 速度奖励:-10890.69963714043, 加速度奖励:-1424.4904763667103, 交通灯奖励:-3941.500000000517, 与前车进行交互的惩罚:0.0
Episode:40/100, Reward:-16256.69011350643
Episode:40/100, avg speed:14.994636181847236
Episode:40/100, avg halt num:0.1826467371491068
Episode:40/100, avg elec cons:2.3224945333767644
 Retrying in 1 seconds
Warning: Unused states in tlLogic 'J10', program '0' in phase 0 after tl-index 10
Simulation......
总奖励:-15005.772689209261, 速度奖励:-9797.372433540404, 加速度奖励:-1367.4002556695768, 交通灯奖励:-3841.000000000468, 与前车进行交互的惩罚:0.0
Episode:41/100, Reward:-15005.772689209261
Episode:41/100, avg speed:15.158434952663612
Episode:41/100, avg halt num:0.18727272727272729
Episode:41/100, avg elec cons:2.265120010849288
 Retrying in 1 seconds
Warning: Unused states in tlLogic 'J10', program '0' in phase 0 after tl-index 10
Simulation......
总奖励:-14579.53497825376, 速度奖励:-9934.744281660374, 加速度奖励:-1166.290696593986, 交通灯奖励:-3478.5000000005493, 与前车进行交互的惩罚:0.0
Episode:42/100, Reward:-14579.53497825376
Episode:42/100, avg speed:14.979445120923693
Episode:42/100, avg halt num:0.18838364539549102
Episode:42/100, avg elec cons:2.2189574458872503
 Retrying in 1 seconds
Warning: Unused states in tlLogic 'J10', program '0' in phase 0 after tl-index 10
Simulation......
总奖励:-16188.430853561205, 速度奖励:-13146.928956719996, 加速度奖励:-1553.9018968411758, 交通灯奖励:-1487.6000000002782, 与前车进行交互的惩罚:0.0
Episode:43/100, Reward:-16188.430853561205
Episode:43/100, avg speed:12.949878071946943
Episode:43/100, avg halt num:0.04828118964851294
Episode:43/100, avg elec cons:1.274321419430354
 Retrying in 1 seconds
Warning: Unused states in tlLogic 'J10', program '0' in phase 0 after tl-index 10
Simulation......
总奖励:-25087.906586083136, 速度奖励:-21084.697580940476, 加速度奖励:-1893.2090051437553, 交通灯奖励:-2110.0000000003856, 与前车进行交互的惩罚:0.0
Episode:44/100, Reward:-25087.906586083136
Episode:44/100, avg speed:11.503233171394527
Episode:44/100, avg halt num:0.10574817518248175
Episode:44/100, avg elec cons:0.8804224770026293
 Retrying in 1 seconds
Warning: Unused states in tlLogic 'J10', program '0' in phase 0 after tl-index 10
Simulation......
总奖励:-15576.231042808338, 速度奖励:-13580.381217599937, 加速度奖励:-1204.3498252083712, 交通灯奖励:-791.4999999998016, 与前车进行交互的惩罚:0.0
Episode:45/100, Reward:-15576.231042808338
Episode:45/100, avg speed:12.666974419025292
Episode:45/100, avg halt num:0.0140722049689441
Episode:45/100, avg elec cons:1.5421792351316
 Retrying in 1 seconds
Warning: Unused states in tlLogic 'J10', program '0' in phase 0 after tl-index 10
Simulation......
总奖励:-11036.331869038693, 速度奖励:-9255.900518460036, 加速度奖励:-1032.1313505787157, 交通灯奖励:-748.2999999998763, 与前车进行交互的惩罚:0.0
Episode:46/100, Reward:-11036.331869038693
Episode:46/100, avg speed:14.611421161831032
Episode:46/100, avg halt num:0.011281883584041858
Episode:46/100, avg elec cons:1.6205991652211955
 Retrying in 1 seconds
Warning: Unused states in tlLogic 'J10', program '0' in phase 0 after tl-index 10
Simulation......
总奖励:-12980.06492697022, 速度奖励:-11063.56603859996, 加速度奖励:-992.5988883702722, 交通灯奖励:-923.8999999999069, 与前车进行交互的惩罚:0.0
Episode:47/100, Reward:-12980.06492697022
Episode:47/100, avg speed:13.672661195984382
Episode:47/100, avg halt num:0.0006626277925028399
Episode:47/100, avg elec cons:1.536271093164688
 Retrying in 1 seconds
Warning: Unused states in tlLogic 'J10', program '0' in phase 0 after tl-index 10
Simulation......
总奖励:-14313.196450647994, 速度奖励:-11949.40742723999, 加速度奖励:-1064.7890234080253, 交通灯奖励:-1299.0000000000693, 与前车进行交互的惩罚:0.0
Episode:48/100, Reward:-14313.196450647994
Episode:48/100, avg speed:13.536222618773927
Episode:48/100, avg halt num:0.007292882147024504
Episode:48/100, avg elec cons:1.5854535772572083
 Retrying in 1 seconds
Warning: Unused states in tlLogic 'J10', program '0' in phase 0 after tl-index 10
Simulation......
总奖励:-15784.349674780738, 速度奖励:-13010.917597920065, 加速度奖励:-1150.232076860682, 交通灯奖励:-1623.2000000002377, 与前车进行交互的惩罚:0.0
Episode:49/100, Reward:-15784.349674780738
Episode:49/100, avg speed:13.85765830288297
Episode:49/100, avg halt num:0.01849878197320341
Episode:49/100, avg elec cons:1.2562835936676644
 Retrying in 1 seconds
Warning: Unused states in tlLogic 'J10', program '0' in phase 0 after tl-index 10
Simulation......
总奖励:-13247.286312168904, 速度奖励:-10987.902732959876, 加速度奖励:-970.0835792089268, 交通灯奖励:-1289.300000000063, 与前车进行交互的惩罚:0.0
Episode:50/100, Reward:-13247.286312168904
Episode:50/100, avg speed:14.03275754580903
Episode:50/100, avg halt num:0.0028715628263139576
Episode:50/100, avg elec cons:1.6939562116248428
 Retrying in 1 seconds
Warning: Unused states in tlLogic 'J10', program '0' in phase 0 after tl-index 10
Simulation......
总奖励:-14239.253736495195, 速度奖励:-12241.355728499944, 加速度奖励:-905.4980079952205, 交通灯奖励:-1092.3999999998978, 与前车进行交互的惩罚:0.0
Episode:51/100, Reward:-14239.253736495195
Episode:51/100, avg speed:13.979521056112329
Episode:51/100, avg halt num:0.005124919923126201
Episode:51/100, avg elec cons:1.2877707098115796
 Retrying in 1 seconds
Warning: Unused states in tlLogic 'J10', program '0' in phase 0 after tl-index 10
Simulation......
总奖励:-39454.8232093304, 速度奖励:-31872.746628000823, 加速度奖励:-2164.9765813320932, 交通灯奖励:-5417.099999998887, 与前车进行交互的惩罚:0.0
Episode:52/100, Reward:-39454.8232093304
Episode:52/100, avg speed:10.606913410635363
Episode:52/100, avg halt num:0.22253226369026857
Episode:52/100, avg elec cons:0.7421143836778952
 Retrying in 1 seconds
Warning: Unused states in tlLogic 'J10', program '0' in phase 0 after tl-index 10
Simulation......
总奖励:-36522.18630865381, 速度奖励:-30035.836857961054, 加速度奖励:-1645.249450695926, 交通灯奖励:-4841.099999998985, 与前车进行交互的惩罚:0.0
Episode:53/100, Reward:-36522.18630865381
Episode:53/100, avg speed:11.319224508208476
Episode:53/100, avg halt num:0.27368951612903225
Episode:53/100, avg elec cons:0.7612801958866555
 Retrying in 1 seconds
Warning: Unused states in tlLogic 'J10', program '0' in phase 0 after tl-index 10
Simulation......
总奖励:-12089.510953303672, 速度奖励:-9412.066507680132, 加速度奖励:-1108.5444456237365, 交通灯奖励:-1568.9000000001006, 与前车进行交互的惩罚:0.0
Episode:54/100, Reward:-12089.510953303672
Episode:54/100, avg speed:14.56385119472625
Episode:54/100, avg halt num:0.04765680056377731
Episode:54/100, avg elec cons:1.8525061568256926
 Retrying in 1 seconds
Warning: Unused states in tlLogic 'J10', program '0' in phase 0 after tl-index 10
Simulation......
总奖励:-15104.04686159608, 速度奖励:-9270.689353020334, 加速度奖励:-1309.757508576191, 交通灯奖励:-4523.6000000001395, 与前车进行交互的惩罚:0.0
Episode:55/100, Reward:-15104.04686159608
Episode:55/100, avg speed:14.657724173135575
Episode:55/100, avg halt num:0.21081656346749225
Episode:55/100, avg elec cons:2.2615696770970377
 Retrying in 1 seconds
Warning: Unused states in tlLogic 'J10', program '0' in phase 0 after tl-index 10
Simulation......
总奖励:-16079.475724370137, 速度奖励:-10130.171309280271, 加速度奖励:-1071.7044150901213, 交通灯奖励:-4877.599999999781, 与前车进行交互的惩罚:0.0
Episode:56/100, Reward:-16079.475724370137
Episode:56/100, avg speed:14.48055315540804
Episode:56/100, avg halt num:0.17770319303338172
Episode:56/100, avg elec cons:1.6659354152873096
 Retrying in 1 seconds
Warning: Unused states in tlLogic 'J10', program '0' in phase 0 after tl-index 10
Simulation......
总奖励:-11895.252700917377, 速度奖励:-9443.658012840116, 加速度奖励:-971.0946880773445, 交通灯奖励:-1480.5000000001955, 与前车进行交互的惩罚:0.0
Episode:57/100, Reward:-11895.252700917377
Episode:57/100, avg speed:14.163161030244465
Episode:57/100, avg halt num:0.06585365853658537
Episode:57/100, avg elec cons:2.0037011000976124
 Retrying in 1 seconds
Warning: Unused states in tlLogic 'J10', program '0' in phase 0 after tl-index 10
Simulation......
总奖励:-10623.349783068497, 速度奖励:-8601.382180080063, 加速度奖励:-988.4676029885321, 交通灯奖励:-1033.4999999998604, 与前车进行交互的惩罚:0.0
Episode:58/100, Reward:-10623.349783068497
Episode:58/100, avg speed:14.576777378672316
Episode:58/100, avg halt num:0.02415506958250497
Episode:58/100, avg elec cons:2.060983786554143
 Retrying in 1 seconds
Warning: Unused states in tlLogic 'J10', program '0' in phase 0 after tl-index 10
Simulation......
总奖励:-11313.611194892937, 速度奖励:-9370.357795260052, 加速度奖励:-914.8533996329933, 交通灯奖励:-1028.3999999998932, 与前车进行交互的惩罚:0.0
Episode:59/100, Reward:-11313.611194892937
Episode:59/100, avg speed:14.52398837134024
Episode:59/100, avg halt num:0.01152516327314637
Episode:59/100, avg elec cons:2.0293614454053976
 Retrying in 1 seconds
Warning: Unused states in tlLogic 'J10', program '0' in phase 0 after tl-index 10
Simulation......
总奖励:-10759.211902102044, 速度奖励:-8640.694069380052, 加速度奖励:-956.0178327222634, 交通灯奖励:-1162.5000000000355, 与前车进行交互的惩罚:0.0
Episode:60/100, Reward:-10759.211902102044
Episode:60/100, avg speed:15.006239643284161
Episode:60/100, avg halt num:0.019745649263721552
Episode:60/100, avg elec cons:2.023707519912951
 Retrying in 1 seconds
Warning: Unused states in tlLogic 'J10', program '0' in phase 0 after tl-index 10
Simulation......
总奖励:-11413.405648012382, 速度奖励:-9208.54930500011, 加速度奖励:-1055.3563430124977, 交通灯奖励:-1149.4999999999154, 与前车进行交互的惩罚:0.0
Episode:61/100, Reward:-11413.405648012382
Episode:61/100, avg speed:14.256224944249782
Episode:61/100, avg halt num:0.03865877712031558
Episode:61/100, avg elec cons:2.256372908582158
 Retrying in 1 seconds
Warning: Unused states in tlLogic 'J10', program '0' in phase 0 after tl-index 10
Simulation......
总奖励:-11516.649690575146, 速度奖励:-9103.543324020102, 加速度奖励:-1076.206366555197, 交通灯奖励:-1336.9000000001092, 与前车进行交互的惩罚:0.0
Episode:62/100, Reward:-11516.649690575146
Episode:62/100, avg speed:14.55400745802843
Episode:62/100, avg halt num:0.03318197694725812
Episode:62/100, avg elec cons:2.1374535685644034
 Retrying in 1 seconds
Warning: Unused states in tlLogic 'J10', program '0' in phase 0 after tl-index 10
Simulation......
总奖励:-11069.642752398297, 速度奖励:-9126.188310960051, 加速度奖励:-1045.0544414383883, 交通灯奖励:-898.3999999998831, 与前车进行交互的惩罚:0.0
Episode:63/100, Reward:-11069.642752398297
Episode:63/100, avg speed:14.76875018358694
Episode:63/100, avg halt num:0.029511533242876527
Episode:63/100, avg elec cons:2.0782053200226684
 Retrying in 1 seconds
Warning: Unused states in tlLogic 'J10', program '0' in phase 0 after tl-index 10
Simulation......
总奖励:-10825.828481894476, 速度奖励:-9057.31557750006, 加速度奖励:-760.61290439454, 交通灯奖励:-1007.8999999998566, 与前车进行交互的惩罚:0.0
Episode:64/100, Reward:-10825.828481894476
Episode:64/100, avg speed:14.516178911376299
Episode:64/100, avg halt num:0.035835533760844966
Episode:64/100, avg elec cons:2.1245726262887596
 Retrying in 1 seconds
Warning: Unused states in tlLogic 'J10', program '0' in phase 0 after tl-index 10
Simulation......
总奖励:-9786.089387517073, 速度奖励:-8338.753128780052, 加速度奖励:-681.8362587371258, 交通灯奖励:-765.4999999998913, 与前车进行交互的惩罚:0.0
Episode:65/100, Reward:-9786.089387517073
Episode:65/100, avg speed:14.771045242225613
Episode:65/100, avg halt num:0.005991285403050109
Episode:65/100, avg elec cons:1.9340444782050301
 Retrying in 1 seconds
Warning: Unused states in tlLogic 'J10', program '0' in phase 0 after tl-index 10
Simulation......
总奖励:-10990.944140746029, 速度奖励:-9299.060694720056, 加速度奖励:-750.2834460260564, 交通灯奖励:-941.5999999998434, 与前车进行交互的惩罚:0.0
Episode:66/100, Reward:-10990.944140746029
Episode:66/100, avg speed:14.876648354312913
Episode:66/100, avg halt num:0.011109309114498865
Episode:66/100, avg elec cons:1.7325017355691312
 Retrying in 1 seconds
Warning: Unused states in tlLogic 'J10', program '0' in phase 0 after tl-index 10
Simulation......
总奖励:-10577.095104754066, 速度奖励:-9311.475060899988, 加速度奖励:-684.8200438540766, 交通灯奖励:-580.7999999998885, 与前车进行交互的惩罚:0.0
Episode:67/100, Reward:-10577.095104754066
Episode:67/100, avg speed:14.891259632572204
Episode:67/100, avg halt num:8.316699933466401e-05
Episode:67/100, avg elec cons:1.716496464413385
 Retrying in 1 seconds
Warning: Unused states in tlLogic 'J10', program '0' in phase 0 after tl-index 10
Simulation......
总奖励:-11154.514371914647, 速度奖励:-9664.974434520032, 加速度奖励:-717.5399373946447, 交通灯奖励:-771.999999999847, 与前车进行交互的惩罚:0.0
Episode:68/100, Reward:-11154.514371914647
Episode:68/100, avg speed:14.731032821381445
Episode:68/100, avg halt num:0.004130141604855023
Episode:68/100, avg elec cons:1.6063165804176547
 Retrying in 1 seconds
Warning: Unused states in tlLogic 'J10', program '0' in phase 0 after tl-index 10
Simulation......
总奖励:-13031.76257589533, 速度奖励:-11325.41938818001, 加速度奖励:-740.0431877153367, 交通灯奖励:-966.2999999998113, 与前车进行交互的惩罚:0.0
Episode:69/100, Reward:-13031.76257589533
Episode:69/100, avg speed:14.223771806457671
Episode:69/100, avg halt num:0.020781053952321205
Episode:69/100, avg elec cons:1.4645827718670756
 Retrying in 1 seconds
Warning: Unused states in tlLogic 'J10', program '0' in phase 0 after tl-index 10
Simulation......
总奖励:-12466.201482240775, 速度奖励:-10895.985014580001, 加速度奖励:-693.616467660849, 交通灯奖励:-876.5999999998347, 与前车进行交互的惩罚:0.0
Episode:70/100, Reward:-12466.201482240775
Episode:70/100, avg speed:14.018692677009465
Episode:70/100, avg halt num:0.02069857697283312
Episode:70/100, avg elec cons:1.503863933208351
 Retrying in 1 seconds
Warning: Unused states in tlLogic 'J10', program '0' in phase 0 after tl-index 10
Simulation......
总奖励:-11750.224714472455, 速度奖励:-10271.11332977995, 加速度奖励:-673.1113846924418, 交通灯奖励:-805.9999999998589, 与前车进行交互的惩罚:0.0
Episode:71/100, Reward:-11750.224714472455
Episode:71/100, avg speed:14.567342576400844
Episode:71/100, avg halt num:0.003375041159038525
Episode:71/100, avg elec cons:1.5066926940379695
 Retrying in 1 seconds
Warning: Unused states in tlLogic 'J10', program '0' in phase 0 after tl-index 10
Simulation......
总奖励:-13265.755501204118, 速度奖励:-11641.590489239972, 加速度奖励:-748.665011964113, 交通灯奖励:-875.4999999998355, 与前车进行交互的惩罚:0.0
Episode:72/100, Reward:-13265.755501204118
Episode:72/100, avg speed:13.08244681633895
Episode:72/100, avg halt num:0.008442776735459663
Episode:72/100, avg elec cons:1.3807846586045762
 Retrying in 1 seconds
Warning: Unused states in tlLogic 'J10', program '0' in phase 0 after tl-index 10
Simulation......
总奖励:-20623.985794089484, 速度奖励:-18417.394610460142, 加速度奖励:-1003.691183629742, 交通灯奖励:-1202.8999999999573, 与前车进行交互的惩罚:0.0
Episode:73/100, Reward:-20623.985794089484
Episode:73/100, avg speed:12.482604535542714
Episode:73/100, avg halt num:0.0701729106628242
Episode:73/100, avg elec cons:0.656781268366622
 Retrying in 1 seconds
Warning: Unused states in tlLogic 'J10', program '0' in phase 0 after tl-index 10
Simulation......
总奖励:-20874.11650692918, 速度奖励:-18768.90471210023, 加速度奖励:-943.3117948293348, 交通灯奖励:-1161.9000000000533, 与前车进行交互的惩罚:0.0
Episode:74/100, Reward:-20874.11650692918
Episode:74/100, avg speed:12.705563043243695
Episode:74/100, avg halt num:0.06929347826086957
Episode:74/100, avg elec cons:0.7521128675916585
 Retrying in 1 seconds
Warning: Unused states in tlLogic 'J10', program '0' in phase 0 after tl-index 10
Simulation......
总奖励:-23384.866120254617, 速度奖励:-21703.79776374013, 加速度奖励:-871.0683565147608, 交通灯奖励:-809.9999999998081, 与前车进行交互的惩罚:0.0
Episode:75/100, Reward:-23384.866120254617
Episode:75/100, avg speed:11.94794727928426
Episode:75/100, avg halt num:0.024443368828654406
Episode:75/100, avg elec cons:0.5912875788101772
 Retrying in 1 seconds
Warning: Unused states in tlLogic 'J10', program '0' in phase 0 after tl-index 10
Simulation......
总奖励:-28481.221031485886, 速度奖励:-24808.95897642063, 加速度奖励:-1092.9620550668712, 交通灯奖励:-2579.300000000694, 与前车进行交互的惩罚:0.0
Episode:76/100, Reward:-28481.221031485886
Episode:76/100, avg speed:10.678725732337128
Episode:76/100, avg halt num:0.1717133001149866
Episode:76/100, avg elec cons:0.6979070973242575
 Retrying in 1 seconds
Warning: Unused states in tlLogic 'J10', program '0' in phase 0 after tl-index 10
Simulation......
总奖励:-26503.982317683633, 速度奖励:-23637.180302640416, 加速度奖励:-976.2020150443612, 交通灯奖励:-1890.6000000005884, 与前车进行交互的惩罚:0.0
Episode:77/100, Reward:-26503.982317683633
Episode:77/100, avg speed:11.330004980130756
Episode:77/100, avg halt num:0.1411917098445596
Episode:77/100, avg elec cons:0.6142463954848905
 Retrying in 1 seconds
Warning: Unused states in tlLogic 'J10', program '0' in phase 0 after tl-index 10
Simulation......
总奖励:-30108.072264321196, 速度奖励:-26456.46172164062, 加速度奖励:-1111.1105426823524, 交通灯奖励:-2540.500000000843, 与前车进行交互的惩罚:0.0
Episode:78/100, Reward:-30108.072264321196
Episode:78/100, avg speed:10.20591544296104
Episode:78/100, avg halt num:0.18740685543964233
Episode:78/100, avg elec cons:0.5703192134678366
 Retrying in 1 seconds
Warning: Unused states in tlLogic 'J10', program '0' in phase 0 after tl-index 10
Simulation......
总奖励:-35217.20064561308, 速度奖励:-30564.936711900762, 加速度奖励:-1204.0639337148393, 交通灯奖励:-3448.200000001015, 与前车进行交互的惩罚:0.0
Episode:79/100, Reward:-35217.20064561308
Episode:79/100, avg speed:10.222173215120877
Episode:79/100, avg halt num:0.19679866765358994
Episode:79/100, avg elec cons:0.5216155106396988
 Retrying in 1 seconds
Warning: Unused states in tlLogic 'J10', program '0' in phase 0 after tl-index 10
Simulation......
总奖励:-21505.69228257505, 速度奖励:-18847.044502380195, 加速度奖励:-1047.1477801953627, 交通灯奖励:-1611.500000000292, 与前车进行交互的惩罚:0.0
Episode:80/100, Reward:-21505.69228257505
Episode:80/100, avg speed:11.897185817290584
Episode:80/100, avg halt num:0.08087225274725275
Episode:80/100, avg elec cons:0.7125994410323305
 Retrying in 1 seconds
Warning: Unused states in tlLogic 'J10', program '0' in phase 0 after tl-index 10
Simulation......
总奖励:-25062.867233207868, 速度奖励:-21131.737776720398, 加速度奖励:-1233.8294564882694, 交通灯奖励:-2697.3000000007705, 与前车进行交互的惩罚:0.0
Episode:81/100, Reward:-25062.867233207868
Episode:81/100, avg speed:11.640586304939795
Episode:81/100, avg halt num:0.1262092439985668
Episode:81/100, avg elec cons:0.7404336391749378
 Retrying in 1 seconds
Warning: Unused states in tlLogic 'J10', program '0' in phase 0 after tl-index 10
Simulation......
总奖励:-17881.701372045933, 速度奖励:-15454.12224438005, 加速度奖励:-869.0791276659645, 交通灯奖励:-1558.500000000242, 与前车进行交互的惩罚:0.0
Episode:82/100, Reward:-17881.701372045933
Episode:82/100, avg speed:12.502163282217246
Episode:82/100, avg halt num:0.056723522411741376
Episode:82/100, avg elec cons:1.0572990282114705
 Retrying in 1 seconds
Warning: Unused states in tlLogic 'J10', program '0' in phase 0 after tl-index 10
Simulation......
总奖励:-14595.579824045082, 速度奖励:-12412.543547340036, 加速度奖励:-972.8362767051249, 交通灯奖励:-1210.20000000023, 与前车进行交互的惩罚:0.0
Episode:83/100, Reward:-14595.579824045082
Episode:83/100, avg speed:13.752405015241598
Episode:83/100, avg halt num:0.02773937089526443
Episode:83/100, avg elec cons:1.2877949687449013
 Retrying in 1 seconds
Warning: Unused states in tlLogic 'J10', program '0' in phase 0 after tl-index 10
Simulation......
总奖励:-12933.614919584765, 速度奖励:-11263.052692440038, 加速度奖励:-864.0622271447281, 交通灯奖励:-806.4999999998626, 与前车进行交互的惩罚:0.0
Episode:84/100, Reward:-12933.614919584765
Episode:84/100, avg speed:13.51502904748687
Episode:84/100, avg halt num:0.03020464384100748
Episode:84/100, avg elec cons:1.5780596119414954
 Retrying in 1 seconds
Warning: Unused states in tlLogic 'J10', program '0' in phase 0 after tl-index 10
Simulation......
总奖励:-13358.00453442277, 速度奖励:-11564.625932279998, 加速度奖励:-915.1786021427962, 交通灯奖励:-878.1999999998471, 与前车进行交互的惩罚:0.0
Episode:85/100, Reward:-13358.00453442277
Episode:85/100, avg speed:14.161731000580774
Episode:85/100, avg halt num:0.01638655462184874
Episode:85/100, avg elec cons:1.4322564378557232
 Retrying in 1 seconds
Warning: Unused states in tlLogic 'J10', program '0' in phase 0 after tl-index 10
Simulation......
总奖励:-13670.009943096913, 速度奖励:-11383.803077580033, 加速度奖励:-934.1068655169578, 交通灯奖励:-1352.1000000001002, 与前车进行交互的惩罚:0.0
Episode:86/100, Reward:-13670.009943096913
Episode:86/100, avg speed:14.193241642259904
Episode:86/100, avg halt num:0.039012496190185916
Episode:86/100, avg elec cons:1.2856059837918592
 Retrying in 1 seconds
Warning: Unused states in tlLogic 'J10', program '0' in phase 0 after tl-index 10
Simulation......
总奖励:-12621.493777119065, 速度奖励:-10789.959694139954, 加速度奖励:-709.4340829790931, 交通灯奖励:-1122.0999999998885, 与前车进行交互的惩罚:0.0
Episode:87/100, Reward:-12621.493777119065
Episode:87/100, avg speed:13.69827269286187
Episode:87/100, avg halt num:0.015067650676506766
Episode:87/100, avg elec cons:1.7057385101647322
 Retrying in 1 seconds
Warning: Unused states in tlLogic 'J10', program '0' in phase 0 after tl-index 10
Simulation......
总奖励:-14733.187732752891, 速度奖励:-12836.2244225401, 加速度奖励:-807.4633102129235, 交通灯奖励:-1089.4999999999309, 与前车进行交互的惩罚:0.0
Episode:88/100, Reward:-14733.187732752891
Episode:88/100, avg speed:13.683946273111005
Episode:88/100, avg halt num:0.03846801346801347
Episode:88/100, avg elec cons:1.088510666992878
 Retrying in 1 seconds
Warning: Unused states in tlLogic 'J10', program '0' in phase 0 after tl-index 10
Simulation......
总奖励:-14803.589340376593, 速度奖励:-12866.756210460067, 加速度奖励:-839.6331299166337, 交通灯奖励:-1097.199999999886, 与前车进行交互的惩罚:0.0
Episode:89/100, Reward:-14803.589340376593
Episode:89/100, avg speed:13.240967898192872
Episode:89/100, avg halt num:0.049571375326127466
Episode:89/100, avg elec cons:1.233819627557357
 Retrying in 1 seconds
Warning: Unused states in tlLogic 'J10', program '0' in phase 0 after tl-index 10
Simulation......
总奖励:-12319.161327680085, 速度奖励:-10982.099601899994, 加速度奖励:-606.1617257800708, 交通灯奖励:-730.8999999998252, 与前车进行交互的惩罚:0.0
Episode:90/100, Reward:-12319.161327680085
Episode:90/100, avg speed:13.43117178079149
Episode:90/100, avg halt num:0.01949317738791423
Episode:90/100, avg elec cons:1.2609900082314862
 Retrying in 1 seconds
Warning: Unused states in tlLogic 'J10', program '0' in phase 0 after tl-index 10
Simulation......
总奖励:-12813.010493647314, 速度奖励:-11366.793861840035, 加速度奖励:-542.1166318072865, 交通灯奖励:-904.0999999998671, 与前车进行交互的惩罚:0.0
Episode:91/100, Reward:-12813.010493647314
Episode:91/100, avg speed:13.210923014088616
Episode:91/100, avg halt num:0.018285603715170278
Episode:91/100, avg elec cons:1.320179324602818
 Retrying in 1 seconds
Warning: Unused states in tlLogic 'J10', program '0' in phase 0 after tl-index 10
Simulation......
总奖励:-13036.843431947402, 速度奖励:-11823.927242219941, 加速度奖励:-523.2161897273991, 交通灯奖励:-689.6999999998541, 与前车进行交互的惩罚:0.0
Episode:92/100, Reward:-13036.843431947402
Episode:92/100, avg speed:13.23582830136339
Episode:92/100, avg halt num:0.0036889897843359817
Episode:92/100, avg elec cons:1.2815072077391474
 Retrying in 1 seconds
Warning: Unused states in tlLogic 'J10', program '0' in phase 0 after tl-index 10
Simulation......
总奖励:-12386.697946777233, 速度奖励:-11078.705063520012, 加速度奖励:-534.592883257218, 交通灯奖励:-773.3999999998802, 与前车进行交互的惩罚:0.0
Episode:93/100, Reward:-12386.697946777233
Episode:93/100, avg speed:13.453581083173622
Episode:93/100, avg halt num:0.010095753538717736
Episode:93/100, avg elec cons:1.518245711436103
 Retrying in 1 seconds
Warning: Unused states in tlLogic 'J10', program '0' in phase 0 after tl-index 10
Simulation......
总奖励:-13638.336892446876, 速度奖励:-11984.419705139995, 加速度奖励:-629.7171873068822, 交通灯奖励:-1024.199999999927, 与前车进行交互的惩罚:0.0
Episode:94/100, Reward:-13638.336892446876
Episode:94/100, avg speed:13.826469507649552
Episode:94/100, avg halt num:0.030888668648827222
Episode:94/100, avg elec cons:1.1278116571562762
 Retrying in 1 seconds
Warning: Unused states in tlLogic 'J10', program '0' in phase 0 after tl-index 10
Simulation......
总奖励:-14849.757672557482, 速度奖励:-12556.673126100064, 加速度奖励:-775.0845464574888, 交通灯奖励:-1518.0000000002522, 与前车进行交互的惩罚:0.0
Episode:95/100, Reward:-14849.757672557482
Episode:95/100, avg speed:13.161665973773843
Episode:95/100, avg halt num:0.04757318952234207
Episode:95/100, avg elec cons:1.3417412503970814
 Retrying in 1 seconds
Warning: Unused states in tlLogic 'J10', program '0' in phase 0 after tl-index 10
Simulation......
总奖励:-13574.583597574983, 速度奖励:-11911.533323759997, 加速度奖励:-740.2502738150438, 交通灯奖励:-922.7999999998251, 与前车进行交互的惩罚:0.0
Episode:96/100, Reward:-13574.583597574983
Episode:96/100, avg speed:13.383212405280247
Episode:96/100, avg halt num:0.024759152215799614
Episode:96/100, avg elec cons:1.2507795536039987
 Retrying in 1 seconds
Warning: Unused states in tlLogic 'J10', program '0' in phase 0 after tl-index 10
Simulation......
总奖励:-12335.255469020882, 速度奖励:-10837.734428160027, 加速度奖励:-636.5210408608586, 交通灯奖励:-860.9999999998053, 与前车进行交互的惩罚:0.0
Episode:97/100, Reward:-12335.255469020882
Episode:97/100, avg speed:13.752154297100182
Episode:97/100, avg halt num:0.017483208218095615
Episode:97/100, avg elec cons:1.4531194578283642
 Retrying in 1 seconds
Warning: Unused states in tlLogic 'J10', program '0' in phase 0 after tl-index 10
Simulation......
总奖励:-10561.905510295544, 速度奖励:-9288.181728359994, 加速度奖励:-531.2237819355669, 交通灯奖励:-742.4999999998264, 与前车进行交互的惩罚:0.0
Episode:98/100, Reward:-10561.905510295544
Episode:98/100, avg speed:13.93326971192652
Episode:98/100, avg halt num:0.013116370808678501
Episode:98/100, avg elec cons:1.6746873466164713
 Retrying in 1 seconds
Warning: Unused states in tlLogic 'J10', program '0' in phase 0 after tl-index 10
Simulation......
总奖励:-10483.178725512842, 速度奖励:-9281.286718920015, 加速度奖励:-585.9920065928654, 交通灯奖励:-615.8999999999215, 与前车进行交互的惩罚:0.0
Episode:99/100, Reward:-10483.178725512842
Episode:99/100, avg speed:14.872403970713744
Episode:99/100, avg halt num:0.008118016759776536
Episode:99/100, avg elec cons:1.5271419521439682
 Retrying in 1 seconds
Warning: Unused states in tlLogic 'J10', program '0' in phase 0 after tl-index 10
Simulation......
总奖励:-10695.663581568411, 速度奖励:-9454.61817450003, 加速度奖励:-567.2454070684038, 交通灯奖励:-673.7999999998287, 与前车进行交互的惩罚:0.0
Episode:100/100, Reward:-10695.663581568411
Episode:100/100, avg speed:14.736166744773266
Episode:100/100, avg halt num:0.0031260561000337954
Episode:100/100, avg elec cons:1.431549930639774
model saved successfully!
Complete training!
final reward list:[-153961.55609605272, -160043.89057050674, -58207.2922126018, -22870.291767986226, -13717.611787229369, -18081.46603785183, -18210.40165846438, -15546.63489907259, -16043.750036012667, -16649.90201507097, -14008.985095110133, -17587.860313997127, -13893.198891825057, -13307.030480397058, -16055.476605496267, -22812.262026806133, -18857.044235250105, -34444.14478864563, -21014.27918883577, -14786.400164439156, -13598.5123711925, -11980.952406449587, -11026.895368250409, -13618.318575078716, -13833.240748633725, -16117.641041438601, -15226.473959209163, -14900.530937283527, -11542.961976586537, -11490.165148243417, -14558.092054347453, -12065.419216027014, -10382.909538567787, -11249.411522346652, -13379.685923275349, -12937.018404733044, -12072.4132869536, -10661.080287606846, -14179.537665961925, -16256.69011350643, -15005.772689209261, -14579.53497825376, -16188.430853561205, -25087.906586083136, -15576.231042808338, -11036.331869038693, -12980.06492697022, -14313.196450647994, -15784.349674780738, -13247.286312168904, -14239.253736495195, -39454.8232093304, -36522.18630865381, -12089.510953303672, -15104.04686159608, -16079.475724370137, -11895.252700917377, -10623.349783068497, -11313.611194892937, -10759.211902102044, -11413.405648012382, -11516.649690575146, -11069.642752398297, -10825.828481894476, -9786.089387517073, -10990.944140746029, -10577.095104754066, -11154.514371914647, -13031.76257589533, -12466.201482240775, -11750.224714472455, -13265.755501204118, -20623.985794089484, -20874.11650692918, -23384.866120254617, -28481.221031485886, -26503.982317683633, -30108.072264321196, -35217.20064561308, -21505.69228257505, -25062.867233207868, -17881.701372045933, -14595.579824045082, -12933.614919584765, -13358.00453442277, -13670.009943096913, -12621.493777119065, -14733.187732752891, -14803.589340376593, -12319.161327680085, -12813.010493647314, -13036.843431947402, -12386.697946777233, -13638.336892446876, -14849.757672557482, -13574.583597574983, -12335.255469020882, -10561.905510295544, -10483.178725512842, -10695.663581568411]
final speed list:[6.738954190052325, 6.445550898876776, 12.312345672389812, 11.928100424774746, 14.457819251257119, 14.969548059709663, 14.263456329702555, 15.615400927531223, 14.69382919798209, 13.508753989374895, 15.437706821595729, 15.581166828366497, 14.873957583318433, 14.969361857337958, 15.21954892790348, 12.243913618390149, 13.42319261100768, 10.058297413593586, 12.58060309213264, 13.819027644659812, 14.187845877738026, 14.514351042181246, 15.23437736796128, 15.098542689319514, 15.318933919675425, 14.841303493843453, 14.61162702206762, 13.033156331344548, 14.109242371870238, 14.782027119688737, 13.781304698268306, 13.958453806711264, 14.541714904903891, 14.411708246357193, 13.890938611156114, 13.643272254054107, 13.487946322223307, 14.541739095350652, 15.068000186082614, 14.994636181847236, 15.158434952663612, 14.979445120923693, 12.949878071946943, 11.503233171394527, 12.666974419025292, 14.611421161831032, 13.672661195984382, 13.536222618773927, 13.85765830288297, 14.03275754580903, 13.979521056112329, 10.606913410635363, 11.319224508208476, 14.56385119472625, 14.657724173135575, 14.48055315540804, 14.163161030244465, 14.576777378672316, 14.52398837134024, 15.006239643284161, 14.256224944249782, 14.55400745802843, 14.76875018358694, 14.516178911376299, 14.771045242225613, 14.876648354312913, 14.891259632572204, 14.731032821381445, 14.223771806457671, 14.018692677009465, 14.567342576400844, 13.08244681633895, 12.482604535542714, 12.705563043243695, 11.94794727928426, 10.678725732337128, 11.330004980130756, 10.20591544296104, 10.222173215120877, 11.897185817290584, 11.640586304939795, 12.502163282217246, 13.752405015241598, 13.51502904748687, 14.161731000580774, 14.193241642259904, 13.69827269286187, 13.683946273111005, 13.240967898192872, 13.43117178079149, 13.210923014088616, 13.23582830136339, 13.453581083173622, 13.826469507649552, 13.161665973773843, 13.383212405280247, 13.752154297100182, 13.93326971192652, 14.872403970713744, 14.736166744773266]
final elec cons list:[0.6126084614373584, 0.6517442324500664, 1.371359381776759, 0.8862296270694259, 2.524465972048263, 1.9822380617468989, 1.9774403518475847, 1.9894701291385846, 1.5621904624246608, 1.3009687289913672, 2.056728577163558, 2.2380365026606848, 1.7835427680189968, 2.4139190625239193, 2.0747075268226594, 1.0630380132789776, 1.118075698911883, 0.7636463069150506, 0.9292592869704274, 1.2050639757935029, 1.8298563926209883, 2.1587560670187984, 2.074676600875602, 2.077499866427043, 2.170357620158917, 2.224550373175811, 1.7817725291886244, 1.5025563418056576, 2.1465827102088433, 1.8278346927267037, 1.485874369328214, 2.0644524797212638, 1.8808002120130936, 1.549167598023873, 1.276356243845688, 1.5034661159679557, 1.9447294020596444, 2.2729344150052477, 1.9911005949199674, 2.3224945333767644, 2.265120010849288, 2.2189574458872503, 1.274321419430354, 0.8804224770026293, 1.5421792351316, 1.6205991652211955, 1.536271093164688, 1.5854535772572083, 1.2562835936676644, 1.6939562116248428, 1.2877707098115796, 0.7421143836778952, 0.7612801958866555, 1.8525061568256926, 2.2615696770970377, 1.6659354152873096, 2.0037011000976124, 2.060983786554143, 2.0293614454053976, 2.023707519912951, 2.256372908582158, 2.1374535685644034, 2.0782053200226684, 2.1245726262887596, 1.9340444782050301, 1.7325017355691312, 1.716496464413385, 1.6063165804176547, 1.4645827718670756, 1.503863933208351, 1.5066926940379695, 1.3807846586045762, 0.656781268366622, 0.7521128675916585, 0.5912875788101772, 0.6979070973242575, 0.6142463954848905, 0.5703192134678366, 0.5216155106396988, 0.7125994410323305, 0.7404336391749378, 1.0572990282114705, 1.2877949687449013, 1.5780596119414954, 1.4322564378557232, 1.2856059837918592, 1.7057385101647322, 1.088510666992878, 1.233819627557357, 1.2609900082314862, 1.320179324602818, 1.2815072077391474, 1.518245711436103, 1.1278116571562762, 1.3417412503970814, 1.2507795536039987, 1.4531194578283642, 1.6746873466164713, 1.5271419521439682, 1.431549930639774]
final halt list:[0.4202755905511811, 0.5359825721153846, 0.2673015873015873, 0.12378550074738416, 0.07395076674737691, 0.20437039517749497, 0.13892686261107315, 0.17461441611583256, 0.1111111111111111, 0.06734094052558783, 0.08898729946524064, 0.21139958734525446, 0.08238725953957741, 0.11714589989350373, 0.1738854657484596, 0.1301256002955301, 0.08457464415756372, 0.3138446215139442, 0.06654867256637167, 0.03271186440677966, 0.04215342679127726, 0.03824981017463933, 0.03080448065173116, 0.101366930171278, 0.15194915254237287, 0.2066769587032034, 0.12993079584775086, 0.02925955414012739, 0.0056112224448897794, 0.02050610820244328, 0.031192151055164753, 0.002670736360167875, 0.002107481559536354, 0.004603891591382905, 0.027706422018348623, 0.007667031763417305, 0.012604166666666666, 0.0015509887553315238, 0.09837201246969172, 0.1826467371491068, 0.18727272727272729, 0.18838364539549102, 0.04828118964851294, 0.10574817518248175, 0.0140722049689441, 0.011281883584041858, 0.0006626277925028399, 0.007292882147024504, 0.01849878197320341, 0.0028715628263139576, 0.005124919923126201, 0.22253226369026857, 0.27368951612903225, 0.04765680056377731, 0.21081656346749225, 0.17770319303338172, 0.06585365853658537, 0.02415506958250497, 0.01152516327314637, 0.019745649263721552, 0.03865877712031558, 0.03318197694725812, 0.029511533242876527, 0.035835533760844966, 0.005991285403050109, 0.011109309114498865, 8.316699933466401e-05, 0.004130141604855023, 0.020781053952321205, 0.02069857697283312, 0.003375041159038525, 0.008442776735459663, 0.0701729106628242, 0.06929347826086957, 0.024443368828654406, 0.1717133001149866, 0.1411917098445596, 0.18740685543964233, 0.19679866765358994, 0.08087225274725275, 0.1262092439985668, 0.056723522411741376, 0.02773937089526443, 0.03020464384100748, 0.01638655462184874, 0.039012496190185916, 0.015067650676506766, 0.03846801346801347, 0.049571375326127466, 0.01949317738791423, 0.018285603715170278, 0.0036889897843359817, 0.010095753538717736, 0.030888668648827222, 0.04757318952234207, 0.024759152215799614, 0.017483208218095615, 0.013116370808678501, 0.008118016759776536, 0.0031260561000337954]
speed reward list:[-100153.04256971077, -104697.76894216814, -36874.63248641957, -17636.983929540245, -10250.355043800135, -11049.988600440442, -13087.973896200288, -9341.372293020475, -10487.766700080158, -13163.344932240074, -9342.209217600222, -10032.0582306604, -10195.040116620123, -9891.567381240231, -10734.715124640348, -17061.87022830029, -14739.299063100136, -28063.595732220892, -17342.308089540067, -12168.082362600066, -10641.649554000023, -9263.219855400112, -8581.288134420129, -9901.66939722018, -9509.489456220366, -10926.114669540424, -10536.132560400221, -12315.97975212, -9868.63403430003, -9149.094279720068, -11851.103293380009, -10033.136504100028, -8688.50351226004, -9600.513547140015, -11327.715934380009, -11189.223400679988, -10353.257229779965, -8997.92516447998, -9753.910726500317, -10890.69963714043, -9797.372433540404, -9934.744281660374, -13146.928956719996, -21084.697580940476, -13580.381217599937, -9255.900518460036, -11063.56603859996, -11949.40742723999, -13010.917597920065, -10987.902732959876, -12241.355728499944, -31872.746628000823, -30035.836857961054, -9412.066507680132, -9270.689353020334, -10130.171309280271, -9443.658012840116, -8601.382180080063, -9370.357795260052, -8640.694069380052, -9208.54930500011, -9103.543324020102, -9126.188310960051, -9057.31557750006, -8338.753128780052, -9299.060694720056, -9311.475060899988, -9664.974434520032, -11325.41938818001, -10895.985014580001, -10271.11332977995, -11641.590489239972, -18417.394610460142, -18768.90471210023, -21703.79776374013, -24808.95897642063, -23637.180302640416, -26456.46172164062, -30564.936711900762, -18847.044502380195, -21131.737776720398, -15454.12224438005, -12412.543547340036, -11263.052692440038, -11564.625932279998, -11383.803077580033, -10789.959694139954, -12836.2244225401, -12866.756210460067, -10982.099601899994, -11366.793861840035, -11823.927242219941, -11078.705063520012, -11984.419705139995, -12556.673126100064, -11911.533323759997, -10837.734428160027, -9288.181728359994, -9281.286718920015, -9454.61817450003]
accel reward list:[-15660.813526332404, -15562.521628325907, -5805.459726184635, -1212.807838446626, -1200.256743429595, -1466.7774374122857, -1399.327762264847, -1371.0626060528452, -1261.7833359326526, -1271.4570828310204, -1474.7758775104157, -1496.6020833375126, -1272.1587752050773, -1197.9630991574002, -1220.3614808564794, -1595.8917985067533, -1416.8451721502252, -1431.34905642809, -1083.6710992959393, -1105.2178018391473, -1267.862817192513, -1197.2325510497249, -1176.2072338306275, -1341.2491778590243, -1176.4512924139706, -1224.726371898853, -1360.9413988092833, -1358.5511851635822, -1114.927942286675, -1186.8708685234428, -1316.9887609673467, -1195.3827119271173, -912.9060263077914, -877.3979752066859, -1033.2699888953916, -939.1950040530191, -857.0560571736081, -953.0551231269266, -1254.72693946218, -1424.4904763667103, -1367.4002556695768, -1166.290696593986, -1553.9018968411758, -1893.2090051437553, -1204.3498252083712, -1032.1313505787157, -992.5988883702722, -1064.7890234080253, -1150.232076860682, -970.0835792089268, -905.4980079952205, -2164.9765813320932, -1645.249450695926, -1108.5444456237365, -1309.757508576191, -1071.7044150901213, -971.0946880773445, -988.4676029885321, -914.8533996329933, -956.0178327222634, -1055.3563430124977, -1076.206366555197, -1045.0544414383883, -760.61290439454, -681.8362587371258, -750.2834460260564, -684.8200438540766, -717.5399373946447, -740.0431877153367, -693.616467660849, -673.1113846924418, -748.665011964113, -1003.691183629742, -943.3117948293348, -871.0683565147608, -1092.9620550668712, -976.2020150443612, -1111.1105426823524, -1204.0639337148393, -1047.1477801953627, -1233.8294564882694, -869.0791276659645, -972.8362767051249, -864.0622271447281, -915.1786021427962, -934.1068655169578, -709.4340829790931, -807.4633102129235, -839.6331299166337, -606.1617257800708, -542.1166318072865, -523.2161897273991, -534.592883257218, -629.7171873068822, -775.0845464574888, -740.2502738150438, -636.5210408608586, -531.2237819355669, -585.9920065928654, -567.2454070684038]
tls reward list:[-38147.70000001995, -39783.60000002162, -15527.19999999652, -4020.5000000007426, -2267.0000000004216, -5564.699999999685, -3723.100000000663, -4834.20000000017, -4294.200000000326, -2215.100000000466, -3192.000000000253, -6059.199999999308, -2426.0000000004943, -2217.500000000334, -4100.400000000517, -4154.5000000006, -2700.900000000584, -4949.1999999994205, -2588.3000000006623, -1513.1000000001973, -1689.0000000003088, -1520.5000000002037, -1269.3999999999496, -2375.4000000005326, -3147.3000000004267, -3966.8000000005363, -3329.40000000062, -1226.0000000000177, -559.3999999998292, -1154.1999999999264, -1390.000000000186, -836.8999999998598, -781.4999999998943, -771.4999999998602, -1018.6999999998109, -808.5999999998114, -862.0999999998595, -710.0999999998761, -3170.900000000333, -3941.500000000517, -3841.000000000468, -3478.5000000005493, -1487.6000000002782, -2110.0000000003856, -791.4999999998016, -748.2999999998763, -923.8999999999069, -1299.0000000000693, -1623.2000000002377, -1289.300000000063, -1092.3999999998978, -5417.099999998887, -4841.099999998985, -1568.9000000001006, -4523.6000000001395, -4877.599999999781, -1480.5000000001955, -1033.4999999998604, -1028.3999999998932, -1162.5000000000355, -1149.4999999999154, -1336.9000000001092, -898.3999999998831, -1007.8999999998566, -765.4999999998913, -941.5999999998434, -580.7999999998885, -771.999999999847, -966.2999999998113, -876.5999999998347, -805.9999999998589, -875.4999999998355, -1202.8999999999573, -1161.9000000000533, -809.9999999998081, -2579.300000000694, -1890.6000000005884, -2540.500000000843, -3448.200000001015, -1611.500000000292, -2697.3000000007705, -1558.500000000242, -1210.20000000023, -806.4999999998626, -878.1999999998471, -1352.1000000001002, -1122.0999999998885, -1089.4999999999309, -1097.199999999886, -730.8999999998252, -904.0999999998671, -689.6999999998541, -773.3999999998802, -1024.199999999927, -1518.0000000002522, -922.7999999998251, -860.9999999998053, -742.4999999998264, -615.8999999999215, -673.7999999998287]
extra reward list:[0.0, 0.0, 0.0, 0.0, 0.0, 0.0, 0.0, 0.0, 0.0, 0.0, 0.0, 0.0, 0.0, 0.0, 0.0, 0.0, 0.0, 0.0, 0.0, 0.0, 0.0, 0.0, 0.0, 0.0, 0.0, 0.0, 0.0, 0.0, 0.0, 0.0, 0.0, 0.0, 0.0, 0.0, 0.0, 0.0, 0.0, 0.0, 0.0, 0.0, 0.0, 0.0, 0.0, 0.0, 0.0, 0.0, 0.0, 0.0, 0.0, 0.0, 0.0, 0.0, 0.0, 0.0, 0.0, 0.0, 0.0, 0.0, 0.0, 0.0, 0.0, 0.0, 0.0, 0.0, 0.0, 0.0, 0.0, 0.0, 0.0, 0.0, 0.0, 0.0, 0.0, 0.0, 0.0, 0.0, 0.0, 0.0, 0.0, 0.0, 0.0, 0.0, 0.0, 0.0, 0.0, 0.0, 0.0, 0.0, 0.0, 0.0, 0.0, 0.0, 0.0, 0.0, 0.0, 0.0, 0.0, 0.0, 0.0, 0.0]
