nohup: 忽略输入
Env:sumo, Algorithm:TD3, Device:cuda
-----------------------------------------
models/reward_s4e-2(-1, 1)_a4e-2_t(-2_2).pth
-----------------------------------------
 Retrying in 1 seconds
Warning: Unused states in tlLogic 'J10', program '0' in phase 0 after tl-index 10
Simulation......
总奖励:-11366.8983426796, 速度奖励:-439.16000000007705, 加速度奖励:-711.2383426792711, 交通灯奖励:-10216.49999999845, 与前车进行交互的惩罚:0.0
Episode:1/100, Reward:-11366.8983426796
Episode:1/100, avg speed:14.437917980568516
Episode:1/100, avg halt num:0.3433744722312439
Episode:1/100, avg elec cons:1.762902998089894
 Retrying in 1 seconds
Warning: Unused states in tlLogic 'J10', program '0' in phase 0 after tl-index 10
Simulation......
总奖励:-13384.693232250922, 速度奖励:-523.9600000001034, 加速度奖励:-681.333232250229, 交通灯奖励:-12179.39999999801, 与前车进行交互的惩罚:0.0
Episode:2/100, Reward:-13384.693232250922
Episode:2/100, avg speed:14.017458994774065
Episode:2/100, avg halt num:0.4596020761245675
Episode:2/100, avg elec cons:1.8991220424325361
 Retrying in 1 seconds
Warning: Unused states in tlLogic 'J10', program '0' in phase 0 after tl-index 10
Simulation......
总奖励:-9449.353526087936, 速度奖励:-361.6800000000374, 加速度奖励:-829.5735260881168, 交通灯奖励:-8258.099999998987, 与前车进行交互的惩罚:0.0
Episode:3/100, Reward:-9449.353526087936
Episode:3/100, avg speed:15.657481661000176
Episode:3/100, avg halt num:0.2687152664269369
Episode:3/100, avg elec cons:2.0400471460570326
 Retrying in 1 seconds
Warning: Unused states in tlLogic 'J10', program '0' in phase 0 after tl-index 10
Simulation......
总奖励:-8400.672888541707, 速度奖励:-332.64000000002255, 加速度奖励:-769.0328885424155, 交通灯奖励:-7298.999999999235, 与前车进行交互的惩罚:0.0
Episode:4/100, Reward:-8400.672888541707
Episode:4/100, avg speed:15.180946944438496
Episode:4/100, avg halt num:0.2661600615621393
Episode:4/100, avg elec cons:2.517761405001358
 Retrying in 1 seconds
Warning: Unused states in tlLogic 'J10', program '0' in phase 0 after tl-index 10
Simulation......
总奖励:-8533.6420924337, 速度奖励:-336.72000000002464, 加速度奖励:-787.8220924341422, 交通灯奖励:-7409.09999999926, 与前车进行交互的惩罚:0.0
Episode:5/100, Reward:-8533.6420924337
Episode:5/100, avg speed:15.442064003035668
Episode:5/100, avg halt num:0.27157258064516127
Episode:5/100, avg elec cons:2.595417889836701
 Retrying in 1 seconds
Warning: Unused states in tlLogic 'J10', program '0' in phase 0 after tl-index 10
Simulation......
总奖励:-8599.596011843227, 速度奖励:-345.96000000002937, 加速度奖励:-773.7360118438621, 交通灯奖励:-7479.89999999909, 与前车进行交互的惩罚:0.0
Episode:6/100, Reward:-8599.596011843227
Episode:6/100, avg speed:15.392720579554522
Episode:6/100, avg halt num:0.2700286123032904
Episode:6/100, avg elec cons:2.326385951692707
 Retrying in 1 seconds
Warning: Unused states in tlLogic 'J10', program '0' in phase 0 after tl-index 10
Simulation......
总奖励:-8831.007025706665, 速度奖励:-346.6400000000297, 加速度奖励:-794.0670257070905, 交通灯奖励:-7690.29999999918, 与前车进行交互的惩罚:0.0
Episode:7/100, Reward:-8831.007025706665
Episode:7/100, avg speed:15.671960660433209
Episode:7/100, avg halt num:0.25412371134020617
Episode:7/100, avg elec cons:2.2252208697171167
 Retrying in 1 seconds
Warning: Unused states in tlLogic 'J10', program '0' in phase 0 after tl-index 10
Simulation......
总奖励:-14005.344152984639, 速度奖励:-566.2400000000649, 加速度奖励:-1984.9041529838214, 交通灯奖励:-11454.199999998094, 与前车进行交互的惩罚:0.0
Episode:8/100, Reward:-14005.344152984639
Episode:8/100, avg speed:13.67057345096971
Episode:8/100, avg halt num:0.22461490097453632
Episode:8/100, avg elec cons:1.9390721612204493
 Retrying in 1 seconds
Warning: Unused states in tlLogic 'J10', program '0' in phase 0 after tl-index 10
Simulation......
总奖励:-11101.325868599868, 速度奖励:-524.8400000001026, 加速度奖励:-1389.3858686000103, 交通灯奖励:-9187.099999998532, 与前车进行交互的惩罚:0.0
Episode:9/100, Reward:-11101.325868599868
Episode:9/100, avg speed:12.685438744670602
Episode:9/100, avg halt num:0.17048710601719197
Episode:9/100, avg elec cons:2.0010411944561195
 Retrying in 1 seconds
Warning: Unused states in tlLogic 'J10', program '0' in phase 0 after tl-index 10
Simulation......
总奖励:-8949.405846815369, 速度奖励:-486.9600000001015, 加速度奖励:-1108.3458468157414, 交通灯奖励:-7354.0999999981095, 与前车进行交互的惩罚:0.0
Episode:10/100, Reward:-8949.405846815369
Episode:10/100, avg speed:13.493738305252993
Episode:10/100, avg halt num:0.1913993655269651
Episode:10/100, avg elec cons:2.0882204040429855
 Retrying in 1 seconds
Warning: Unused states in tlLogic 'J10', program '0' in phase 0 after tl-index 10
Simulation......
总奖励:-5449.9598494831425, 速度奖励:-357.84000000003545, 加速度奖励:-786.8198494834138, 交通灯奖励:-4305.300000000467, 与前车进行交互的惩罚:0.0
Episode:11/100, Reward:-5449.9598494831425
Episode:11/100, avg speed:15.442675687122238
Episode:11/100, avg halt num:0.1568758344459279
Episode:11/100, avg elec cons:2.339770139414762
 Retrying in 1 seconds
Warning: Unused states in tlLogic 'J10', program '0' in phase 0 after tl-index 10
Simulation......
总奖励:-5157.555237271491, 速度奖励:-345.0800000000289, 加速度奖励:-741.6752372717126, 交通灯奖励:-4070.800000000513, 与前车进行交互的惩罚:0.0
Episode:12/100, Reward:-5157.555237271491
Episode:12/100, avg speed:15.398468113600188
Episode:12/100, avg halt num:0.1618457300275482
Episode:12/100, avg elec cons:2.3798457215420696
 Retrying in 1 seconds
Warning: Unused states in tlLogic 'J10', program '0' in phase 0 after tl-index 10
Simulation......
总奖励:-5468.217561742627, 速度奖励:-336.72000000002464, 加速度奖励:-760.5975617428534, 交通灯奖励:-4370.900000000329, 与前车进行交互的惩罚:0.0
Episode:13/100, Reward:-5468.217561742627
Episode:13/100, avg speed:15.635089359855085
Episode:13/100, avg halt num:0.15671406003159558
Episode:13/100, avg elec cons:2.1720320372958315
 Retrying in 1 seconds
Warning: Unused states in tlLogic 'J10', program '0' in phase 0 after tl-index 10
Simulation......
总奖励:-4893.05064149456, 速度奖励:-444.28000000007967, 加速度奖励:-1021.770641494607, 交通灯奖励:-3427.00000000085, 与前车进行交互的惩罚:0.0
Episode:14/100, Reward:-4893.05064149456
Episode:14/100, avg speed:13.388106703165311
Episode:14/100, avg halt num:0.17484177215189872
Episode:14/100, avg elec cons:1.6187332926267304
 Retrying in 1 seconds
Warning: Unused states in tlLogic 'J10', program '0' in phase 0 after tl-index 10
Simulation......
总奖励:-3857.3987855247638, 速度奖励:-356.88000000003495, 加速度奖励:-816.9187855246967, 交通灯奖励:-2683.6000000005643, 与前车进行交互的惩罚:0.0
Episode:15/100, Reward:-3857.3987855247638
Episode:15/100, avg speed:14.582985829883933
Episode:15/100, avg halt num:0.14525909592061742
Episode:15/100, avg elec cons:2.4664972055389653
 Retrying in 1 seconds
Warning: Unused states in tlLogic 'J10', program '0' in phase 0 after tl-index 10
Simulation......
总奖励:-4856.594336093274, 速度奖励:-379.12000000004633, 加速度奖励:-1098.0743360932856, 交通灯奖励:-3379.4000000005567, 与前车进行交互的惩罚:0.0
Episode:16/100, Reward:-4856.594336093274
Episode:16/100, avg speed:13.469850229444916
Episode:16/100, avg halt num:0.11810506566604127
Episode:16/100, avg elec cons:2.573633531541848
 Retrying in 1 seconds
Warning: Unused states in tlLogic 'J10', program '0' in phase 0 after tl-index 10
Simulation......
总奖励:-4584.181637241668, 速度奖励:-402.3200000000582, 加速度奖励:-1148.9616372417122, 交通灯奖励:-3032.9000000005867, 与前车进行交互的惩罚:0.0
Episode:17/100, Reward:-4584.181637241668
Episode:17/100, avg speed:13.774716470119445
Episode:17/100, avg halt num:0.08898595409386777
Episode:17/100, avg elec cons:2.4600227285175347
 Retrying in 1 seconds
Warning: Unused states in tlLogic 'J10', program '0' in phase 0 after tl-index 10
Simulation......
总奖励:-4463.8129370875295, 速度奖励:-409.08000000006166, 加速度奖励:-1284.73293708755, 交通灯奖励:-2770.0000000006057, 与前车进行交互的惩罚:0.0
Episode:18/100, Reward:-4463.8129370875295
Episode:18/100, avg speed:12.399535137814969
Episode:18/100, avg halt num:0.05692276910764306
Episode:18/100, avg elec cons:2.8559717709869763
 Retrying in 1 seconds
Warning: Unused states in tlLogic 'J10', program '0' in phase 0 after tl-index 10
Simulation......
总奖励:-4483.242133168641, 速度奖励:-398.2400000000561, 加速度奖励:-1061.9021331686083, 交通灯奖励:-3023.1000000005765, 与前车进行交互的惩罚:0.0
Episode:19/100, Reward:-4483.242133168641
Episode:19/100, avg speed:14.161599621924674
Episode:19/100, avg halt num:0.12234224965706447
Episode:19/100, avg elec cons:2.3178254672599925
 Retrying in 1 seconds
Warning: Unused states in tlLogic 'J10', program '0' in phase 0 after tl-index 10
Simulation......
总奖励:-4270.628951721691, 速度奖励:-543.4000000000857, 加速度奖励:-1321.4289517217283, 交通灯奖励:-2405.800000000703, 与前车进行交互的惩罚:0.0
Episode:20/100, Reward:-4270.628951721691
Episode:20/100, avg speed:12.095231456606788
Episode:20/100, avg halt num:0.08765907568653718
Episode:20/100, avg elec cons:1.224207629826666
 Retrying in 1 seconds
Warning: Unused states in tlLogic 'J10', program '0' in phase 0 after tl-index 10
Simulation......
总奖励:-3806.520786055452, 速度奖励:-489.44000000010277, 加速度奖励:-1276.2807860554403, 交通灯奖励:-2040.800000000298, 与前车进行交互的惩罚:0.0
Episode:21/100, Reward:-3806.520786055452
Episode:21/100, avg speed:12.224233698901962
Episode:21/100, avg halt num:0.07895745496358758
Episode:21/100, avg elec cons:2.2612862378352014
 Retrying in 1 seconds
Warning: Unused states in tlLogic 'J10', program '0' in phase 0 after tl-index 10
Simulation......
总奖励:-2919.927698244469, 速度奖励:-406.6400000000604, 加速度奖励:-1194.9876982444703, 交通灯奖励:-1318.3000000000848, 与前车进行交互的惩罚:0.0
Episode:22/100, Reward:-2919.927698244469
Episode:22/100, avg speed:13.442559916629458
Episode:22/100, avg halt num:0.010600375234521576
Episode:22/100, avg elec cons:2.788928677925996
 Retrying in 1 seconds
Warning: Unused states in tlLogic 'J10', program '0' in phase 0 after tl-index 10
Simulation......
总奖励:-3277.8855249273875, 速度奖励:-412.7200000000635, 加速度奖励:-1179.965524927364, 交通灯奖励:-1685.2000000002704, 与前车进行交互的惩罚:0.0
Episode:23/100, Reward:-3277.8855249273875
Episode:23/100, avg speed:13.722550492116348
Episode:23/100, avg halt num:0.06430948419301165
Episode:23/100, avg elec cons:2.0462288941927596
 Retrying in 1 seconds
Warning: Unused states in tlLogic 'J10', program '0' in phase 0 after tl-index 10
Simulation......
总奖励:-2801.390286210438, 速度奖励:-410.2800000000623, 加速度奖励:-1231.510286210424, 交通灯奖励:-1159.5999999998442, 与前车进行交互的惩罚:0.0
Episode:24/100, Reward:-2801.390286210438
Episode:24/100, avg speed:13.878111878643614
Episode:24/100, avg halt num:0.028483072916666668
Episode:24/100, avg elec cons:2.4457416264862153
 Retrying in 1 seconds
Warning: Unused states in tlLogic 'J10', program '0' in phase 0 after tl-index 10
Simulation......
总奖励:-2910.132284055084, 速度奖励:-406.0400000000601, 加速度奖励:-1290.3922840550922, 交通灯奖励:-1213.699999999942, 与前车进行交互的惩罚:0.0
Episode:25/100, Reward:-2910.132284055084
Episode:25/100, avg speed:13.2891782653914
Episode:25/100, avg halt num:0.01709613478691774
Episode:25/100, avg elec cons:1.5441637338677667
 Retrying in 1 seconds
Warning: Unused states in tlLogic 'J10', program '0' in phase 0 after tl-index 10
Simulation......
总奖励:-3519.2670218610874, 速度奖励:-492.32000000010424, 加速度奖励:-1135.4470218611177, 交通灯奖励:-1891.5000000005152, 与前车进行交互的惩罚:0.0
Episode:26/100, Reward:-3519.2670218610874
Episode:26/100, avg speed:12.317115287005526
Episode:26/100, avg halt num:0.028788447111777943
Episode:26/100, avg elec cons:1.4178651533093345
 Retrying in 1 seconds
Warning: Unused states in tlLogic 'J10', program '0' in phase 0 after tl-index 10
Simulation......
总奖励:-3097.111121210501, 速度奖励:-542.0800000000869, 加速度奖励:-1215.1311212105159, 交通灯奖励:-1339.9000000000942, 与前车进行交互的惩罚:0.0
Episode:27/100, Reward:-3097.111121210501
Episode:27/100, avg speed:11.89903688887526
Episode:27/100, avg halt num:0.018213058419243987
Episode:27/100, avg elec cons:1.1669764213734142
 Retrying in 1 seconds
Warning: Unused states in tlLogic 'J10', program '0' in phase 0 after tl-index 10
Simulation......
总奖励:-5063.7386049343495, 速度奖励:-480.9200000000984, 加速度奖励:-1182.61860493437, 交通灯奖励:-3400.2000000006906, 与前车进行交互的惩罚:0.0
Episode:28/100, Reward:-5063.7386049343495
Episode:28/100, avg speed:11.54824692243705
Episode:28/100, avg halt num:0.06689162366018261
Episode:28/100, avg elec cons:1.7932154940490324
 Retrying in 1 seconds
Warning: Unused states in tlLogic 'J10', program '0' in phase 0 after tl-index 10
Simulation......
总奖励:-4529.661093116863, 速度奖励:-457.16000000008626, 加速度奖励:-1298.1010931168996, 交通灯奖励:-2774.4000000007018, 与前车进行交互的惩罚:0.0
Episode:29/100, Reward:-4529.661093116863
Episode:29/100, avg speed:11.974382685143624
Episode:29/100, avg halt num:0.028793238993710692
Episode:29/100, avg elec cons:1.854984192500607
 Retrying in 1 seconds
Warning: Unused states in tlLogic 'J10', program '0' in phase 0 after tl-index 10
Simulation......
总奖励:-5281.739104265868, 速度奖励:-437.00000000007594, 加速度奖励:-1382.5391042659612, 交通灯奖励:-3462.20000000061, 与前车进行交互的惩罚:0.0
Episode:30/100, Reward:-5281.739104265868
Episode:30/100, avg speed:12.802024687745481
Episode:30/100, avg halt num:0.041421653407125565
Episode:30/100, avg elec cons:1.7961357835973406
 Retrying in 1 seconds
Warning: Unused states in tlLogic 'J10', program '0' in phase 0 after tl-index 10
Simulation......
总奖励:-5251.154864506962, 速度奖励:-431.0800000000729, 加速度奖励:-1420.374864507017, 交通灯奖励:-3399.7000000005896, 与前车进行交互的惩罚:0.0
Episode:31/100, Reward:-5251.154864506962
Episode:31/100, avg speed:12.917851438291898
Episode:31/100, avg halt num:0.016625397948355148
Episode:31/100, avg elec cons:2.3857814827936155
 Retrying in 1 seconds
Warning: Unused states in tlLogic 'J10', program '0' in phase 0 after tl-index 10
Simulation......
总奖励:-4236.820237075251, 速度奖励:-436.20000000007553, 加速度奖励:-1644.820237075315, 交通灯奖励:-2155.800000000521, 与前车进行交互的惩罚:0.0
Episode:32/100, Reward:-4236.820237075251
Episode:32/100, avg speed:11.885251878675726
Episode:32/100, avg halt num:0.013315217391304347
Episode:32/100, avg elec cons:1.5788176337248667
 Retrying in 1 seconds
Warning: Unused states in tlLogic 'J10', program '0' in phase 0 after tl-index 10
Simulation......
总奖励:-4409.836822990561, 速度奖励:-430.3200000000725, 加速度奖励:-1362.5168229906071, 交通灯奖励:-2617.0000000004657, 与前车进行交互的惩罚:0.0
Episode:33/100, Reward:-4409.836822990561
Episode:33/100, avg speed:12.628366057990814
Episode:33/100, avg halt num:0.011694915254237288
Episode:33/100, avg elec cons:1.9042202604534273
 Retrying in 1 seconds
Warning: Unused states in tlLogic 'J10', program '0' in phase 0 after tl-index 10
Simulation......
总奖励:-5847.000947355079, 速度奖励:-470.360000000093, 加速度奖励:-1719.840947355211, 交通灯奖励:-3656.8000000005554, 与前车进行交互的惩罚:0.0
Episode:34/100, Reward:-5847.000947355079
Episode:34/100, avg speed:12.661735551360268
Episode:34/100, avg halt num:0.03909993155373032
Episode:34/100, avg elec cons:2.5177183545964055
 Retrying in 1 seconds
Warning: Unused states in tlLogic 'J10', program '0' in phase 0 after tl-index 10
Simulation......
总奖励:-9440.97223403086, 速度奖励:-625.7200000000108, 加速度奖励:-2504.552234030817, 交通灯奖励:-6310.69999999943, 与前车进行交互的惩罚:0.0
Episode:35/100, Reward:-9440.97223403086
Episode:35/100, avg speed:10.635952805335265
Episode:35/100, avg halt num:0.0649737302977233
Episode:35/100, avg elec cons:2.0622908149154764
 Retrying in 1 seconds
Warning: Unused states in tlLogic 'J10', program '0' in phase 0 after tl-index 10
Simulation......
总奖励:-3879.823110336845, 速度奖励:-437.24000000007607, 加速度奖励:-1769.3831103368884, 交通灯奖励:-1673.2000000004523, 与前车进行交互的惩罚:0.0
Episode:36/100, Reward:-3879.823110336845
Episode:36/100, avg speed:12.03440870077781
Episode:36/100, avg halt num:0.02064631956912029
Episode:36/100, avg elec cons:1.8514267219827631
 Retrying in 1 seconds
Warning: Unused states in tlLogic 'J10', program '0' in phase 0 after tl-index 10
Simulation......
总奖励:-2998.0461876505547, 速度奖励:-545.4800000000838, 加速度奖励:-1173.1661876505418, 交通灯奖励:-1279.4000000001774, 与前车进行交互的惩罚:0.0
Episode:37/100, Reward:-2998.0461876505547
Episode:37/100, avg speed:11.296301333342171
Episode:37/100, avg halt num:0.060590631364562116
Episode:37/100, avg elec cons:1.2469128880094027
 Retrying in 1 seconds
Warning: Unused states in tlLogic 'J10', program '0' in phase 0 after tl-index 10
Simulation......
总奖励:-2791.3781502428806, 速度奖励:-551.2800000000785, 加速度奖励:-994.798150242868, 交通灯奖励:-1245.3000000004686, 与前车进行交互的惩罚:0.0
Episode:38/100, Reward:-2791.3781502428806
Episode:38/100, avg speed:11.763618998738115
Episode:38/100, avg halt num:0.05067440989134507
Episode:38/100, avg elec cons:1.0230077685964127
 Retrying in 1 seconds
Warning: Unused states in tlLogic 'J10', program '0' in phase 0 after tl-index 10
Simulation......
总奖励:-2803.0423644076404, 速度奖励:-501.7600000001091, 加速度奖励:-1131.2823644076616, 交通灯奖励:-1170.0000000000562, 与前车进行交互的惩罚:0.0
Episode:39/100, Reward:-2803.0423644076404
Episode:39/100, avg speed:12.370944485395933
Episode:39/100, avg halt num:0.014791381668946649
Episode:39/100, avg elec cons:1.5109200073864968
 Retrying in 1 seconds
Warning: Unused states in tlLogic 'J10', program '0' in phase 0 after tl-index 10
Simulation......
总奖励:-1939.783045088274, 速度奖励:-457.8000000000866, 加速度奖励:-1010.0830450882582, 交通灯奖励:-471.89999999991255, 与前车进行交互的惩罚:0.0
Episode:40/100, Reward:-1939.783045088274
Episode:40/100, avg speed:12.662492882635638
Episode:40/100, avg halt num:0.008587110481586403
Episode:40/100, avg elec cons:1.708931160054075
 Retrying in 1 seconds
Warning: Unused states in tlLogic 'J10', program '0' in phase 0 after tl-index 10
Simulation......
总奖励:-1969.2102904176936, 速度奖励:-475.92000000009585, 加速度奖励:-1150.690290417694, 交通灯奖励:-342.59999999993335, 与前车进行交互的惩罚:0.0
Episode:41/100, Reward:-1969.2102904176936
Episode:41/100, avg speed:12.369784500189992
Episode:41/100, avg halt num:0.004840444603800645
Episode:41/100, avg elec cons:1.4971971375415316
 Retrying in 1 seconds
Warning: Unused states in tlLogic 'J10', program '0' in phase 0 after tl-index 10
Simulation......
总奖励:-2433.5715345907615, 速度奖励:-456.16000000008574, 加速度奖励:-1180.7115345907541, 交通灯奖励:-796.6999999997489, 与前车进行交互的惩罚:0.0
Episode:42/100, Reward:-2433.5715345907615
Episode:42/100, avg speed:12.530729539798578
Episode:42/100, avg halt num:0.008320867614061332
Episode:42/100, avg elec cons:1.9466763300131509
 Retrying in 1 seconds
Warning: Unused states in tlLogic 'J10', program '0' in phase 0 after tl-index 10
Simulation......
总奖励:-2314.1043886915095, 速度奖励:-447.96000000008155, 加速度奖励:-1260.5443886915157, 交通灯奖励:-605.5999999998714, 与前车进行交互的惩罚:0.0
Episode:43/100, Reward:-2314.1043886915095
Episode:43/100, avg speed:12.218558543990223
Episode:43/100, avg halt num:0.013335910320834943
Episode:43/100, avg elec cons:1.5264083223573188
 Retrying in 1 seconds
Warning: Unused states in tlLogic 'J10', program '0' in phase 0 after tl-index 10
Simulation......
总奖励:-2326.0690239395685, 速度奖励:-447.40000000008126, 加速度奖励:-1227.9690239395657, 交通灯奖励:-650.6999999999238, 与前车进行交互的惩罚:0.0
Episode:44/100, Reward:-2326.0690239395685
Episode:44/100, avg speed:12.547327236317804
Episode:44/100, avg halt num:0.006588579795021962
Episode:44/100, avg elec cons:1.7977238722869897
 Retrying in 1 seconds
Warning: Unused states in tlLogic 'J10', program '0' in phase 0 after tl-index 10
Simulation......
总奖励:-2017.9879414735915, 速度奖励:-459.52000000008746, 加速度奖励:-856.9679414735773, 交通灯奖励:-701.4999999997865, 与前车进行交互的惩罚:0.0
Episode:45/100, Reward:-2017.9879414735915
Episode:45/100, avg speed:12.005306521386654
Episode:45/100, avg halt num:0.00584515139900345
Episode:45/100, avg elec cons:1.8021582415125486
 Retrying in 1 seconds
Warning: Unused states in tlLogic 'J10', program '0' in phase 0 after tl-index 10
Simulation......
总奖励:-1663.5741027744073, 速度奖励:-490.8400000001035, 加速度奖励:-565.1341027743946, 交通灯奖励:-607.5999999998611, 与前车进行交互的惩罚:0.0
Episode:46/100, Reward:-1663.5741027744073
Episode:46/100, avg speed:13.030066349685015
Episode:46/100, avg halt num:0.012627877237851663
Episode:46/100, avg elec cons:0.8897837576929247
 Retrying in 1 seconds
Warning: Unused states in tlLogic 'J10', program '0' in phase 0 after tl-index 10
Simulation......
总奖励:-1872.5747535281337, 速度奖励:-516.4400000001102, 加速度奖励:-416.5347535281211, 交通灯奖励:-939.5999999997925, 与前车进行交互的惩罚:0.0
Episode:47/100, Reward:-1872.5747535281337
Episode:47/100, avg speed:11.982115197641175
Episode:47/100, avg halt num:0.03343889716840537
Episode:47/100, avg elec cons:0.9435532350554449
 Retrying in 1 seconds
Warning: Unused states in tlLogic 'J10', program '0' in phase 0 after tl-index 10
Simulation......
总奖励:-1766.1374689553875, 速度奖励:-530.4000000000975, 加速度奖励:-386.93746895536617, 交通灯奖励:-848.7999999998686, 与前车进行交互的惩罚:0.0
Episode:48/100, Reward:-1766.1374689553875
Episode:48/100, avg speed:11.666112486735424
Episode:48/100, avg halt num:0.021620568757304247
Episode:48/100, avg elec cons:0.9730778388653744
 Retrying in 1 seconds
Warning: Unused states in tlLogic 'J10', program '0' in phase 0 after tl-index 10
Simulation......
总奖励:-1161.3193624264052, 速度奖励:-442.960000000079, 加速度奖励:-325.05936242640547, 交通灯奖励:-393.2999999999209, 与前车进行交互的惩罚:0.0
Episode:49/100, Reward:-1161.3193624264052
Episode:49/100, avg speed:13.099811037950852
Episode:49/100, avg halt num:0.0033179012345679014
Episode:49/100, avg elec cons:0.9717483364070808
 Retrying in 1 seconds
Warning: Unused states in tlLogic 'J10', program '0' in phase 0 after tl-index 10
Simulation......
总奖励:-1448.0333006740984, 速度奖励:-487.1200000001016, 加速度奖励:-376.51330067409197, 交通灯奖励:-584.3999999998008, 与前车进行交互的惩罚:0.0
Episode:50/100, Reward:-1448.0333006740984
Episode:50/100, avg speed:12.192393755362751
Episode:50/100, avg halt num:0.020157243225158918
Episode:50/100, avg elec cons:0.7866587022698014
 Retrying in 1 seconds
Warning: Unused states in tlLogic 'J10', program '0' in phase 0 after tl-index 10
Simulation......
总奖励:-1887.3449287433955, 速度奖励:-460.64000000008804, 加速度奖励:-342.50492874338505, 交通灯奖励:-1084.2000000000685, 与前车进行交互的惩罚:0.0
Episode:51/100, Reward:-1887.3449287433955
Episode:51/100, avg speed:13.238393568070865
Episode:51/100, avg halt num:0.020960980328926154
Episode:51/100, avg elec cons:0.7957617560422613
 Retrying in 1 seconds
Warning: Unused states in tlLogic 'J10', program '0' in phase 0 after tl-index 10
Simulation......
总奖励:-1540.444043763805, 速度奖励:-448.00000000008157, 加速度奖励:-312.3440437637823, 交通灯奖励:-780.099999999812, 与前车进行交互的惩罚:0.0
Episode:52/100, Reward:-1540.444043763805
Episode:52/100, avg speed:12.812018498911096
Episode:52/100, avg halt num:0.0334781035106768
Episode:52/100, avg elec cons:1.0804553354489241
 Retrying in 1 seconds
Warning: Unused states in tlLogic 'J10', program '0' in phase 0 after tl-index 10
Simulation......
总奖励:-1641.704742408749, 速度奖励:-488.9200000001025, 加速度奖励:-347.3847424087416, 交通灯奖励:-805.3999999998744, 与前车进行交互的惩罚:0.0
Episode:53/100, Reward:-1641.704742408749
Episode:53/100, avg speed:12.423771320133618
Episode:53/100, avg halt num:0.018822553897180763
Episode:53/100, avg elec cons:0.84035948621723
 Retrying in 1 seconds
Warning: Unused states in tlLogic 'J10', program '0' in phase 0 after tl-index 10
Simulation......
总奖励:-2458.4985180460994, 速度奖励:-614.2400000000213, 加速度奖励:-447.4585180460647, 交通灯奖励:-1396.8000000000347, 与前车进行交互的惩罚:0.0
Episode:54/100, Reward:-2458.4985180460994
Episode:54/100, avg speed:11.467746939849043
Episode:54/100, avg halt num:0.10046407700240632
Episode:54/100, avg elec cons:0.6266769374147066
 Retrying in 1 seconds
Warning: Unused states in tlLogic 'J10', program '0' in phase 0 after tl-index 10
Simulation......
总奖励:-2029.7308647170441, 速度奖励:-492.2800000001042, 加速度奖励:-533.4508647170265, 交通灯奖励:-1003.9999999998211, 与前车进行交互的惩罚:0.0
Episode:55/100, Reward:-2029.7308647170441
Episode:55/100, avg speed:11.76454840114166
Episode:55/100, avg halt num:0.059245283018867924
Episode:55/100, avg elec cons:1.1250889249362481
 Retrying in 1 seconds
Warning: Unused states in tlLogic 'J10', program '0' in phase 0 after tl-index 10
Simulation......
总奖励:-3032.925832500265, 速度奖励:-558.1200000000723, 加速度奖励:-595.3058325002528, 交通灯奖励:-1879.5000000006567, 与前车进行交互的惩罚:0.0
Episode:56/100, Reward:-3032.925832500265
Episode:56/100, avg speed:11.553306363034599
Episode:56/100, avg halt num:0.08740404745289602
Episode:56/100, avg elec cons:0.8217414386655977
 Retrying in 1 seconds
Warning: Unused states in tlLogic 'J10', program '0' in phase 0 after tl-index 10
Simulation......
总奖励:-2128.462685450973, 速度奖励:-524.0000000001033, 加速度奖励:-547.1626854509559, 交通灯奖励:-1057.2999999999774, 与前车进行交互的惩罚:0.0
Episode:57/100, Reward:-2128.462685450973
Episode:57/100, avg speed:11.197328875938798
Episode:57/100, avg halt num:0.08139534883720931
Episode:57/100, avg elec cons:0.9264314060343936
 Retrying in 1 seconds
Warning: Unused states in tlLogic 'J10', program '0' in phase 0 after tl-index 10
Simulation......
总奖励:-2721.0193119000946, 速度奖励:-533.7200000000945, 加速度奖励:-646.09931190005, 交通灯奖励:-1541.2000000001635, 与前车进行交互的惩罚:0.0
Episode:58/100, Reward:-2721.0193119000946
Episode:58/100, avg speed:10.898036836880472
Episode:58/100, avg halt num:0.12673477255204318
Episode:58/100, avg elec cons:0.9938571236388398
 Retrying in 1 seconds
Warning: Unused states in tlLogic 'J10', program '0' in phase 0 after tl-index 10
Simulation......
总奖励:-3489.586479115594, 速度奖励:-627.2800000000094, 加速度奖励:-648.2064791155761, 交通灯奖励:-2214.1000000004997, 与前车进行交互的惩罚:0.0
Episode:59/100, Reward:-3489.586479115594
Episode:59/100, avg speed:10.942887586561888
Episode:59/100, avg halt num:0.1401501281581838
Episode:59/100, avg elec cons:0.7694185241855725
 Retrying in 1 seconds
Warning: Unused states in tlLogic 'J10', program '0' in phase 0 after tl-index 10
Simulation......
总奖励:-3062.0105335616577, 速度奖励:-592.2800000000412, 加速度奖励:-743.6305335616132, 交通灯奖励:-1726.1000000004467, 与前车进行交互的惩罚:0.0
Episode:60/100, Reward:-3062.0105335616577
Episode:60/100, avg speed:11.553543041686751
Episode:60/100, avg halt num:0.09860173577627772
Episode:60/100, avg elec cons:0.6476027278255777
 Retrying in 1 seconds
Warning: Unused states in tlLogic 'J10', program '0' in phase 0 after tl-index 10
Simulation......
总奖励:-3101.506602357687, 速度奖励:-584.6400000000482, 加速度奖励:-687.0666023576629, 交通灯奖励:-1829.8000000006318, 与前车进行交互的惩罚:0.0
Episode:61/100, Reward:-3101.506602357687
Episode:61/100, avg speed:10.722344672979835
Episode:61/100, avg halt num:0.12924055512721666
Episode:61/100, avg elec cons:0.9590458977723515
 Retrying in 1 seconds
Warning: Unused states in tlLogic 'J10', program '0' in phase 0 after tl-index 10
Simulation......
总奖励:-2511.8205638783593, 速度奖励:-465.6000000000906, 加速度奖励:-803.820563878336, 交通灯奖励:-1242.4000000001536, 与前车进行交互的惩罚:0.0
Episode:62/100, Reward:-2511.8205638783593
Episode:62/100, avg speed:12.28403228702636
Episode:62/100, avg halt num:0.05711318795430945
Episode:62/100, avg elec cons:1.290766100897925
 Retrying in 1 seconds
Warning: Unused states in tlLogic 'J10', program '0' in phase 0 after tl-index 10
Simulation......
总奖励:-1807.3478504812554, 速度奖励:-357.3600000000352, 加速度奖励:-780.7878504812447, 交通灯奖励:-669.199999999907, 与前车进行交互的惩罚:0.0
Episode:63/100, Reward:-1807.3478504812554
Episode:63/100, avg speed:13.479217259813609
Episode:63/100, avg halt num:0.02338548601864181
Episode:63/100, avg elec cons:1.5943141735183302
 Retrying in 1 seconds
Warning: Unused states in tlLogic 'J10', program '0' in phase 0 after tl-index 10
Simulation......
总奖励:-2506.354367472634, 速度奖励:-501.2000000001088, 加速度奖励:-798.4543674725976, 交通灯奖励:-1206.700000000144, 与前车进行交互的惩罚:0.0
Episode:64/100, Reward:-2506.354367472634
Episode:64/100, avg speed:12.12061169793555
Episode:64/100, avg halt num:0.09034519956850054
Episode:64/100, avg elec cons:0.9703929450877167
 Retrying in 1 seconds
Warning: Unused states in tlLogic 'J10', program '0' in phase 0 after tl-index 10
Simulation......
总奖励:-2061.8263875128396, 速度奖励:-521.4800000001056, 加速度奖励:-621.8463875128232, 交通灯奖励:-918.4999999997874, 与前车进行交互的惩罚:0.0
Episode:65/100, Reward:-2061.8263875128396
Episode:65/100, avg speed:12.035765000011288
Episode:65/100, avg halt num:0.04924108718672785
Episode:65/100, avg elec cons:0.7829728060447236
 Retrying in 1 seconds
Warning: Unused states in tlLogic 'J10', program '0' in phase 0 after tl-index 10
Simulation......
总奖励:-2116.7831778006703, 速度奖励:-541.4400000000875, 加速度奖励:-447.2431778006626, 交通灯奖励:-1128.099999999947, 与前车进行交互的惩罚:0.0
Episode:66/100, Reward:-2116.7831778006703
Episode:66/100, avg speed:12.788961748500576
Episode:66/100, avg halt num:0.026885910224438904
Episode:66/100, avg elec cons:0.6135859843884849
 Retrying in 1 seconds
Warning: Unused states in tlLogic 'J10', program '0' in phase 0 after tl-index 10
Simulation......
总奖励:-2265.802325416682, 速度奖励:-552.3200000000776, 加速度奖励:-458.48232541662674, 交通灯奖励:-1255.0000000001796, 与前车进行交互的惩罚:0.0
Episode:67/100, Reward:-2265.802325416682
Episode:67/100, avg speed:12.325549349155237
Episode:67/100, avg halt num:0.08087769328263625
Episode:67/100, avg elec cons:0.6039072607240201
 Retrying in 1 seconds
Warning: Unused states in tlLogic 'J10', program '0' in phase 0 after tl-index 10
Simulation......
总奖励:-2727.5428653149447, 速度奖励:-598.9200000000352, 加速度奖励:-459.2228653149212, 交通灯奖励:-1669.4000000005701, 与前车进行交互的惩罚:0.0
Episode:68/100, Reward:-2727.5428653149447
Episode:68/100, avg speed:11.829624729900475
Episode:68/100, avg halt num:0.0981012658227848
Episode:68/100, avg elec cons:0.563418721985785
 Retrying in 1 seconds
Warning: Unused states in tlLogic 'J10', program '0' in phase 0 after tl-index 10
Simulation......
总奖励:-2196.6897611863405, 速度奖励:-602.6000000000319, 加速度奖励:-442.68976118630474, 交通灯奖励:-1151.3999999999496, 与前车进行交互的惩罚:0.0
Episode:69/100, Reward:-2196.6897611863405
Episode:69/100, avg speed:11.351756951615958
Episode:69/100, avg halt num:0.07391109785202864
Episode:69/100, avg elec cons:0.5353950330979871
 Retrying in 1 seconds
Warning: Unused states in tlLogic 'J10', program '0' in phase 0 after tl-index 10
Simulation......
总奖励:-2108.5276532809094, 速度奖励:-581.2400000000513, 加速度奖励:-404.18765328088006, 交通灯奖励:-1123.1000000002082, 与前车进行交互的惩罚:0.0
Episode:70/100, Reward:-2108.5276532809094
Episode:70/100, avg speed:11.260902293429632
Episode:70/100, avg halt num:0.0799968223705116
Episode:70/100, avg elec cons:0.5766931774104741
 Retrying in 1 seconds
Warning: Unused states in tlLogic 'J10', program '0' in phase 0 after tl-index 10
Simulation......
总奖励:-5349.18980589356, 速度奖励:-748.2399999998994, 加速度奖励:-548.9498058939074, 交通灯奖励:-4052.000000000975, 与前车进行交互的惩罚:0.0
Episode:71/100, Reward:-5349.18980589356
Episode:71/100, avg speed:10.97027138688568
Episode:71/100, avg halt num:0.2481826801517067
Episode:71/100, avg elec cons:0.5255900140785463
 Retrying in 1 seconds
Warning: Unused states in tlLogic 'J10', program '0' in phase 0 after tl-index 10
Simulation......
总奖励:-3683.420256203353, 速度奖励:-765.5599999998836, 加速度奖励:-522.2602562032954, 交通灯奖励:-2395.6000000008703, 与前车进行交互的惩罚:0.0
Episode:72/100, Reward:-3683.420256203353
Episode:72/100, avg speed:9.374262873324179
Episode:72/100, avg halt num:0.23427152317880795
Episode:72/100, avg elec cons:0.4891595885795475
 Retrying in 1 seconds
Warning: Unused states in tlLogic 'J10', program '0' in phase 0 after tl-index 10
Simulation......
总奖励:-2956.6342699177967, 速度奖励:-640.5199999999974, 加速度奖励:-596.414269917783, 交通灯奖励:-1719.7000000005257, 与前车进行交互的惩罚:0.0
Episode:73/100, Reward:-2956.6342699177967
Episode:73/100, avg speed:11.191917193346862
Episode:73/100, avg halt num:0.09155231560891938
Episode:73/100, avg elec cons:0.4952581661536396
 Retrying in 1 seconds
Warning: Unused states in tlLogic 'J10', program '0' in phase 0 after tl-index 10
Simulation......
总奖励:-4233.539761344724, 速度奖励:-691.6799999999508, 加速度奖励:-553.2597613447008, 交通灯奖励:-2988.600000001073, 与前车进行交互的惩罚:0.0
Episode:74/100, Reward:-4233.539761344724
Episode:74/100, avg speed:11.458443115510914
Episode:74/100, avg halt num:0.17919551599076822
Episode:74/100, avg elec cons:0.5391703213047859
 Retrying in 1 seconds
Warning: Unused states in tlLogic 'J10', program '0' in phase 0 after tl-index 10
Simulation......
总奖励:-3744.332228124182, 速度奖励:-750.9599999998969, 加速度奖励:-484.2722281241176, 交通灯奖励:-2509.100000001009, 与前车进行交互的惩罚:0.0
Episode:75/100, Reward:-3744.332228124182
Episode:75/100, avg speed:10.80146032063638
Episode:75/100, avg halt num:0.1892399124178918
Episode:75/100, avg elec cons:0.4327743758120736
 Retrying in 1 seconds
Warning: Unused states in tlLogic 'J10', program '0' in phase 0 after tl-index 10
Simulation......
总奖励:-5879.467433685317, 速度奖励:-834.6399999998208, 加速度奖励:-631.2274336857722, 交通灯奖励:-4413.599999999685, 与前车进行交互的惩罚:0.0
Episode:76/100, Reward:-5879.467433685317
Episode:76/100, avg speed:9.312670729353634
Episode:76/100, avg halt num:0.4119092627599244
Episode:76/100, avg elec cons:0.5039997622863557
 Retrying in 1 seconds
Warning: Unused states in tlLogic 'J10', program '0' in phase 0 after tl-index 10
Simulation......
总奖励:-5540.732368707503, 速度奖励:-826.2399999998285, 加速度奖励:-565.5923687076531, 交通灯奖励:-4148.9000000002225, 与前车进行交互的惩罚:0.0
Episode:77/100, Reward:-5540.732368707503
Episode:77/100, avg speed:10.11746832966698
Episode:77/100, avg halt num:0.32875829034635223
Episode:77/100, avg elec cons:0.4792230536708511
 Retrying in 1 seconds
Warning: Unused states in tlLogic 'J10', program '0' in phase 0 after tl-index 10
Simulation......
总奖励:-4656.334262122887, 速度奖励:-698.1999999999449, 加速度奖励:-581.2342621230031, 交通灯奖励:-3376.900000001054, 与前车进行交互的惩罚:0.0
Episode:78/100, Reward:-4656.334262122887
Episode:78/100, avg speed:10.061471051007672
Episode:78/100, avg halt num:0.30135623869801087
Episode:78/100, avg elec cons:0.7651714042936244
 Retrying in 1 seconds
Warning: Unused states in tlLogic 'J10', program '0' in phase 0 after tl-index 10
Simulation......
总奖励:-3392.6940706479186, 速度奖励:-642.8799999999952, 加速度奖励:-578.5140706478429, 交通灯奖励:-2171.3000000007073, 与前车进行交互的惩罚:0.0
Episode:79/100, Reward:-3392.6940706479186
Episode:79/100, avg speed:10.625991956439226
Episode:79/100, avg halt num:0.21171256129762353
Episode:79/100, avg elec cons:0.7288720742670215
 Retrying in 1 seconds
Warning: Unused states in tlLogic 'J10', program '0' in phase 0 after tl-index 10
Simulation......
总奖励:-3904.4511497616118, 速度奖励:-691.5999999999509, 加速度奖励:-580.6511497615371, 交通灯奖励:-2632.2000000007506, 与前车进行交互的惩罚:0.0
Episode:80/100, Reward:-3904.4511497616118
Episode:80/100, avg speed:10.406351480628896
Episode:80/100, avg halt num:0.18220198675496688
Episode:80/100, avg elec cons:0.6158749398635283
 Retrying in 1 seconds
Warning: Unused states in tlLogic 'J10', program '0' in phase 0 after tl-index 10
Simulation......
总奖励:-8039.959727905545, 速度奖励:-920.3999999997428, 加速度奖励:-785.5597279061865, 交通灯奖励:-6333.999999997199, 与前车进行交互的惩罚:0.0
Episode:81/100, Reward:-8039.959727905545
Episode:81/100, avg speed:9.160477917883721
Episode:81/100, avg halt num:0.40384615384615385
Episode:81/100, avg elec cons:0.5157577392664133
 Retrying in 1 seconds
Warning: Unused states in tlLogic 'J10', program '0' in phase 0 after tl-index 10
Simulation......
总奖励:-7832.953986156425, 速度奖励:-951.7599999997143, 加速度奖励:-767.9939861569652, 交通灯奖励:-6113.199999997709, 与前车进行交互的惩罚:0.0
Episode:82/100, Reward:-7832.953986156425
Episode:82/100, avg speed:9.114674793627708
Episode:82/100, avg halt num:0.46612541993281076
Episode:82/100, avg elec cons:0.4743310172810945
 Retrying in 1 seconds
Warning: Unused states in tlLogic 'J10', program '0' in phase 0 after tl-index 10
Simulation......
总奖励:-3809.354460493563, 速度奖励:-793.3599999998584, 加速度奖励:-622.294460493479, 交通灯奖励:-2393.7000000008775, 与前车进行交互的惩罚:0.0
Episode:83/100, Reward:-3809.354460493563
Episode:83/100, avg speed:10.214197342368113
Episode:83/100, avg halt num:0.245349583066068
Episode:83/100, avg elec cons:0.41508451081254366
 Retrying in 1 seconds
Warning: Unused states in tlLogic 'J10', program '0' in phase 0 after tl-index 10
Simulation......
总奖励:-3691.016409480771, 速度奖励:-735.6399999999109, 加速度奖励:-572.1764094807411, 交通灯奖励:-2383.200000000956, 与前车进行交互的惩罚:0.0
Episode:84/100, Reward:-3691.016409480771
Episode:84/100, avg speed:9.442037166278558
Episode:84/100, avg halt num:0.2515191796429928
Episode:84/100, avg elec cons:0.49990658647230257
 Retrying in 1 seconds
Warning: Unused states in tlLogic 'J10', program '0' in phase 0 after tl-index 10
Simulation......
总奖励:-4983.795338990214, 速度奖励:-796.8799999998552, 加速度奖励:-617.4153389903651, 交通灯奖励:-3569.5000000009372, 与前车进行交互的惩罚:0.0
Episode:85/100, Reward:-4983.795338990214
Episode:85/100, avg speed:10.72629254090949
Episode:85/100, avg halt num:0.26517364492048034
Episode:85/100, avg elec cons:0.422366882903925
 Retrying in 1 seconds
Warning: Unused states in tlLogic 'J10', program '0' in phase 0 after tl-index 10
Simulation......
总奖励:-5436.734970925314, 速度奖励:-778.5999999998718, 加速度奖励:-657.9349709255471, 交通灯奖励:-4000.200000001221, 与前车进行交互的惩罚:0.0
Episode:86/100, Reward:-5436.734970925314
Episode:86/100, avg speed:10.447828071928328
Episode:86/100, avg halt num:0.24203965154701113
Episode:86/100, avg elec cons:0.4476317659856516
 Retrying in 1 seconds
Warning: Unused states in tlLogic 'J10', program '0' in phase 0 after tl-index 10
Simulation......
总奖励:-7100.31400798576, 速度奖励:-857.5199999998, 加速度奖励:-758.3940079861783, 交通灯奖励:-5484.399999998228, 与前车进行交互的惩罚:0.0
Episode:87/100, Reward:-7100.31400798576
Episode:87/100, avg speed:9.210470225918051
Episode:87/100, avg halt num:0.3351637380191693
Episode:87/100, avg elec cons:0.5746121752726708
 Retrying in 1 seconds
Warning: Unused states in tlLogic 'J10', program '0' in phase 0 after tl-index 10
Simulation......
总奖励:-4978.5428341609995, 速度奖励:-742.7999999999043, 加速度奖励:-621.0428341610758, 交通灯奖励:-3614.7000000010144, 与前车进行交互的惩罚:0.0
Episode:88/100, Reward:-4978.5428341609995
Episode:88/100, avg speed:10.778210644613022
Episode:88/100, avg halt num:0.15186991869918698
Episode:88/100, avg elec cons:0.4646435681824606
 Retrying in 1 seconds
Warning: Unused states in tlLogic 'J10', program '0' in phase 0 after tl-index 10
Simulation......
总奖励:-8196.154307049197, 速度奖励:-921.8799999997415, 加速度奖励:-863.5743070497922, 交通灯奖励:-6410.69999999645, 与前车进行交互的惩罚:0.0
Episode:89/100, Reward:-8196.154307049197
Episode:89/100, avg speed:9.276505102662881
Episode:89/100, avg halt num:0.38823632538569425
Episode:89/100, avg elec cons:0.4883765658999285
 Retrying in 1 seconds
Warning: Unused states in tlLogic 'J10', program '0' in phase 0 after tl-index 10
Simulation......
总奖励:-5942.679990022773, 速度奖励:-812.2399999998412, 加速度奖励:-791.7399900229583, 交通灯奖励:-4338.6999999992095, 与前车进行交互的惩罚:0.0
Episode:90/100, Reward:-5942.679990022773
Episode:90/100, avg speed:9.465563099823632
Episode:90/100, avg halt num:0.2705792682926829
Episode:90/100, avg elec cons:0.5290935603337938
 Retrying in 1 seconds
Warning: Unused states in tlLogic 'J10', program '0' in phase 0 after tl-index 10
Simulation......
总奖励:-9065.225905530373, 速度奖励:-867.6399999997908, 加速度奖励:-971.2859055305784, 交通灯奖励:-7226.299999997922, 与前车进行交互的惩罚:0.0
Episode:91/100, Reward:-9065.225905530373
Episode:91/100, avg speed:8.65102450561328
Episode:91/100, avg halt num:0.3049194991055456
Episode:91/100, avg elec cons:0.6455202840334068
 Retrying in 1 seconds
Warning: Unused states in tlLogic 'J10', program '0' in phase 0 after tl-index 10
Simulation......
总奖励:-9584.158833437508, 速度奖励:-1024.679999999648, 加速度奖励:-927.078833437902, 交通灯奖励:-7632.399999996267, 与前车进行交互的惩罚:0.0
Episode:92/100, Reward:-9584.158833437508
Episode:92/100, avg speed:8.350501838604055
Episode:92/100, avg halt num:0.512240886347391
Episode:92/100, avg elec cons:0.45936674246886355
 Retrying in 1 seconds
Warning: Unused states in tlLogic 'J10', program '0' in phase 0 after tl-index 10
Simulation......
总奖励:-14197.280778891212, 速度奖励:-1148.4799999995355, 加速度奖励:-1252.4007788903514, 交通灯奖励:-11796.399999994872, 与前车进行交互的惩罚:0.0
Episode:93/100, Reward:-14197.280778891212
Episode:93/100, avg speed:8.60028584118059
Episode:93/100, avg halt num:0.5918949771689498
Episode:93/100, avg elec cons:0.5177956661175684
 Retrying in 1 seconds
Warning: Unused states in tlLogic 'J10', program '0' in phase 0 after tl-index 10
Simulation......
总奖励:-10469.362090809, 速度奖励:-1167.4799999995182, 加速度奖励:-1017.2820908089951, 交通灯奖励:-8284.599999995264, 与前车进行交互的惩罚:0.0
Episode:94/100, Reward:-10469.362090809
Episode:94/100, avg speed:8.66548203823257
Episode:94/100, avg halt num:0.5310022201078338
Episode:94/100, avg elec cons:0.3601860661729387
 Retrying in 1 seconds
Warning: Unused states in tlLogic 'J10', program '0' in phase 0 after tl-index 10
Simulation......
总奖励:-10950.209599594782, 速度奖励:-1124.719999999557, 加速度奖励:-1024.1895995942818, 交通灯奖励:-8801.299999996156, 与前车进行交互的惩罚:0.0
Episode:95/100, Reward:-10950.209599594782
Episode:95/100, avg speed:7.9401281071157435
Episode:95/100, avg halt num:0.5449140139041346
Episode:95/100, avg elec cons:0.3695003620771396
 Retrying in 1 seconds
Warning: Unused states in tlLogic 'J10', program '0' in phase 0 after tl-index 10
Simulation......
总奖励:-10396.922685173931, 速度奖励:-1056.8799999996188, 加速度奖励:-1219.6426851737885, 交通灯奖励:-8120.399999997046, 与前车进行交互的惩罚:0.0
Episode:96/100, Reward:-10396.922685173931
Episode:96/100, avg speed:7.5649879753763845
Episode:96/100, avg halt num:0.4985865058424425
Episode:96/100, avg elec cons:0.412043621392446
 Retrying in 1 seconds
Warning: Unused states in tlLogic 'J10', program '0' in phase 0 after tl-index 10
Simulation......
总奖励:-17095.71492875463, 速度奖励:-1268.5199999994263, 加速度奖励:-1743.2949287536037, 交通灯奖励:-14083.89999999428, 与前车进行交互的惩罚:0.0
Episode:97/100, Reward:-17095.71492875463
Episode:97/100, avg speed:8.148942325769536
Episode:97/100, avg halt num:0.6085757271815446
Episode:97/100, avg elec cons:0.37351464546635466
 Retrying in 1 seconds
Warning: Unused states in tlLogic 'J10', program '0' in phase 0 after tl-index 10
Simulation......
总奖励:-13095.160499737707, 速度奖励:-1082.5999999995954, 加速度奖励:-1300.16049973717, 交通灯奖励:-10712.399999994908, 与前车进行交互的惩罚:0.0
Episode:98/100, Reward:-13095.160499737707
Episode:98/100, avg speed:7.4087030257187765
Episode:98/100, avg halt num:0.48816130225675175
Episode:98/100, avg elec cons:0.43380856579176835
 Retrying in 1 seconds
Warning: Unused states in tlLogic 'J10', program '0' in phase 0 after tl-index 10
Simulation......
总奖励:-7792.766300136172, 速度奖励:-929.9999999997341, 加速度奖励:-1010.766300136695, 交通灯奖励:-5851.99999999756, 与前车进行交互的惩罚:0.0
Episode:99/100, Reward:-7792.766300136172
Episode:99/100, avg speed:9.477999479251096
Episode:99/100, avg halt num:0.33384540750323416
Episode:99/100, avg elec cons:0.4166372516280463
 Retrying in 1 seconds
Warning: Unused states in tlLogic 'J10', program '0' in phase 0 after tl-index 10
Simulation......
总奖励:-9902.060027349398, 速度奖励:-1047.1199999996277, 加速度奖励:-1026.4400273492895, 交通灯奖励:-7828.499999996188, 与前车进行交互的惩罚:0.0
Episode:100/100, Reward:-9902.060027349398
Episode:100/100, avg speed:9.615350126858123
Episode:100/100, avg halt num:0.45033164876816173
Episode:100/100, avg elec cons:0.3849614829085851
model saved successfully!
Complete training!
final reward list:[-11366.8983426796, -13384.693232250922, -9449.353526087936, -8400.672888541707, -8533.6420924337, -8599.596011843227, -8831.007025706665, -14005.344152984639, -11101.325868599868, -8949.405846815369, -5449.9598494831425, -5157.555237271491, -5468.217561742627, -4893.05064149456, -3857.3987855247638, -4856.594336093274, -4584.181637241668, -4463.8129370875295, -4483.242133168641, -4270.628951721691, -3806.520786055452, -2919.927698244469, -3277.8855249273875, -2801.390286210438, -2910.132284055084, -3519.2670218610874, -3097.111121210501, -5063.7386049343495, -4529.661093116863, -5281.739104265868, -5251.154864506962, -4236.820237075251, -4409.836822990561, -5847.000947355079, -9440.97223403086, -3879.823110336845, -2998.0461876505547, -2791.3781502428806, -2803.0423644076404, -1939.783045088274, -1969.2102904176936, -2433.5715345907615, -2314.1043886915095, -2326.0690239395685, -2017.9879414735915, -1663.5741027744073, -1872.5747535281337, -1766.1374689553875, -1161.3193624264052, -1448.0333006740984, -1887.3449287433955, -1540.444043763805, -1641.704742408749, -2458.4985180460994, -2029.7308647170441, -3032.925832500265, -2128.462685450973, -2721.0193119000946, -3489.586479115594, -3062.0105335616577, -3101.506602357687, -2511.8205638783593, -1807.3478504812554, -2506.354367472634, -2061.8263875128396, -2116.7831778006703, -2265.802325416682, -2727.5428653149447, -2196.6897611863405, -2108.5276532809094, -5349.18980589356, -3683.420256203353, -2956.6342699177967, -4233.539761344724, -3744.332228124182, -5879.467433685317, -5540.732368707503, -4656.334262122887, -3392.6940706479186, -3904.4511497616118, -8039.959727905545, -7832.953986156425, -3809.354460493563, -3691.016409480771, -4983.795338990214, -5436.734970925314, -7100.31400798576, -4978.5428341609995, -8196.154307049197, -5942.679990022773, -9065.225905530373, -9584.158833437508, -14197.280778891212, -10469.362090809, -10950.209599594782, -10396.922685173931, -17095.71492875463, -13095.160499737707, -7792.766300136172, -9902.060027349398]
final speed list:[14.437917980568516, 14.017458994774065, 15.657481661000176, 15.180946944438496, 15.442064003035668, 15.392720579554522, 15.671960660433209, 13.67057345096971, 12.685438744670602, 13.493738305252993, 15.442675687122238, 15.398468113600188, 15.635089359855085, 13.388106703165311, 14.582985829883933, 13.469850229444916, 13.774716470119445, 12.399535137814969, 14.161599621924674, 12.095231456606788, 12.224233698901962, 13.442559916629458, 13.722550492116348, 13.878111878643614, 13.2891782653914, 12.317115287005526, 11.89903688887526, 11.54824692243705, 11.974382685143624, 12.802024687745481, 12.917851438291898, 11.885251878675726, 12.628366057990814, 12.661735551360268, 10.635952805335265, 12.03440870077781, 11.296301333342171, 11.763618998738115, 12.370944485395933, 12.662492882635638, 12.369784500189992, 12.530729539798578, 12.218558543990223, 12.547327236317804, 12.005306521386654, 13.030066349685015, 11.982115197641175, 11.666112486735424, 13.099811037950852, 12.192393755362751, 13.238393568070865, 12.812018498911096, 12.423771320133618, 11.467746939849043, 11.76454840114166, 11.553306363034599, 11.197328875938798, 10.898036836880472, 10.942887586561888, 11.553543041686751, 10.722344672979835, 12.28403228702636, 13.479217259813609, 12.12061169793555, 12.035765000011288, 12.788961748500576, 12.325549349155237, 11.829624729900475, 11.351756951615958, 11.260902293429632, 10.97027138688568, 9.374262873324179, 11.191917193346862, 11.458443115510914, 10.80146032063638, 9.312670729353634, 10.11746832966698, 10.061471051007672, 10.625991956439226, 10.406351480628896, 9.160477917883721, 9.114674793627708, 10.214197342368113, 9.442037166278558, 10.72629254090949, 10.447828071928328, 9.210470225918051, 10.778210644613022, 9.276505102662881, 9.465563099823632, 8.65102450561328, 8.350501838604055, 8.60028584118059, 8.66548203823257, 7.9401281071157435, 7.5649879753763845, 8.148942325769536, 7.4087030257187765, 9.477999479251096, 9.615350126858123]
final elec cons list:[1.762902998089894, 1.8991220424325361, 2.0400471460570326, 2.517761405001358, 2.595417889836701, 2.326385951692707, 2.2252208697171167, 1.9390721612204493, 2.0010411944561195, 2.0882204040429855, 2.339770139414762, 2.3798457215420696, 2.1720320372958315, 1.6187332926267304, 2.4664972055389653, 2.573633531541848, 2.4600227285175347, 2.8559717709869763, 2.3178254672599925, 1.224207629826666, 2.2612862378352014, 2.788928677925996, 2.0462288941927596, 2.4457416264862153, 1.5441637338677667, 1.4178651533093345, 1.1669764213734142, 1.7932154940490324, 1.854984192500607, 1.7961357835973406, 2.3857814827936155, 1.5788176337248667, 1.9042202604534273, 2.5177183545964055, 2.0622908149154764, 1.8514267219827631, 1.2469128880094027, 1.0230077685964127, 1.5109200073864968, 1.708931160054075, 1.4971971375415316, 1.9466763300131509, 1.5264083223573188, 1.7977238722869897, 1.8021582415125486, 0.8897837576929247, 0.9435532350554449, 0.9730778388653744, 0.9717483364070808, 0.7866587022698014, 0.7957617560422613, 1.0804553354489241, 0.84035948621723, 0.6266769374147066, 1.1250889249362481, 0.8217414386655977, 0.9264314060343936, 0.9938571236388398, 0.7694185241855725, 0.6476027278255777, 0.9590458977723515, 1.290766100897925, 1.5943141735183302, 0.9703929450877167, 0.7829728060447236, 0.6135859843884849, 0.6039072607240201, 0.563418721985785, 0.5353950330979871, 0.5766931774104741, 0.5255900140785463, 0.4891595885795475, 0.4952581661536396, 0.5391703213047859, 0.4327743758120736, 0.5039997622863557, 0.4792230536708511, 0.7651714042936244, 0.7288720742670215, 0.6158749398635283, 0.5157577392664133, 0.4743310172810945, 0.41508451081254366, 0.49990658647230257, 0.422366882903925, 0.4476317659856516, 0.5746121752726708, 0.4646435681824606, 0.4883765658999285, 0.5290935603337938, 0.6455202840334068, 0.45936674246886355, 0.5177956661175684, 0.3601860661729387, 0.3695003620771396, 0.412043621392446, 0.37351464546635466, 0.43380856579176835, 0.4166372516280463, 0.3849614829085851]
final halt list:[0.3433744722312439, 0.4596020761245675, 0.2687152664269369, 0.2661600615621393, 0.27157258064516127, 0.2700286123032904, 0.25412371134020617, 0.22461490097453632, 0.17048710601719197, 0.1913993655269651, 0.1568758344459279, 0.1618457300275482, 0.15671406003159558, 0.17484177215189872, 0.14525909592061742, 0.11810506566604127, 0.08898595409386777, 0.05692276910764306, 0.12234224965706447, 0.08765907568653718, 0.07895745496358758, 0.010600375234521576, 0.06430948419301165, 0.028483072916666668, 0.01709613478691774, 0.028788447111777943, 0.018213058419243987, 0.06689162366018261, 0.028793238993710692, 0.041421653407125565, 0.016625397948355148, 0.013315217391304347, 0.011694915254237288, 0.03909993155373032, 0.0649737302977233, 0.02064631956912029, 0.060590631364562116, 0.05067440989134507, 0.014791381668946649, 0.008587110481586403, 0.004840444603800645, 0.008320867614061332, 0.013335910320834943, 0.006588579795021962, 0.00584515139900345, 0.012627877237851663, 0.03343889716840537, 0.021620568757304247, 0.0033179012345679014, 0.020157243225158918, 0.020960980328926154, 0.0334781035106768, 0.018822553897180763, 0.10046407700240632, 0.059245283018867924, 0.08740404745289602, 0.08139534883720931, 0.12673477255204318, 0.1401501281581838, 0.09860173577627772, 0.12924055512721666, 0.05711318795430945, 0.02338548601864181, 0.09034519956850054, 0.04924108718672785, 0.026885910224438904, 0.08087769328263625, 0.0981012658227848, 0.07391109785202864, 0.0799968223705116, 0.2481826801517067, 0.23427152317880795, 0.09155231560891938, 0.17919551599076822, 0.1892399124178918, 0.4119092627599244, 0.32875829034635223, 0.30135623869801087, 0.21171256129762353, 0.18220198675496688, 0.40384615384615385, 0.46612541993281076, 0.245349583066068, 0.2515191796429928, 0.26517364492048034, 0.24203965154701113, 0.3351637380191693, 0.15186991869918698, 0.38823632538569425, 0.2705792682926829, 0.3049194991055456, 0.512240886347391, 0.5918949771689498, 0.5310022201078338, 0.5449140139041346, 0.4985865058424425, 0.6085757271815446, 0.48816130225675175, 0.33384540750323416, 0.45033164876816173]
speed reward list:[-439.16000000007705, -523.9600000001034, -361.6800000000374, -332.64000000002255, -336.72000000002464, -345.96000000002937, -346.6400000000297, -566.2400000000649, -524.8400000001026, -486.9600000001015, -357.84000000003545, -345.0800000000289, -336.72000000002464, -444.28000000007967, -356.88000000003495, -379.12000000004633, -402.3200000000582, -409.08000000006166, -398.2400000000561, -543.4000000000857, -489.44000000010277, -406.6400000000604, -412.7200000000635, -410.2800000000623, -406.0400000000601, -492.32000000010424, -542.0800000000869, -480.9200000000984, -457.16000000008626, -437.00000000007594, -431.0800000000729, -436.20000000007553, -430.3200000000725, -470.360000000093, -625.7200000000108, -437.24000000007607, -545.4800000000838, -551.2800000000785, -501.7600000001091, -457.8000000000866, -475.92000000009585, -456.16000000008574, -447.96000000008155, -447.40000000008126, -459.52000000008746, -490.8400000001035, -516.4400000001102, -530.4000000000975, -442.960000000079, -487.1200000001016, -460.64000000008804, -448.00000000008157, -488.9200000001025, -614.2400000000213, -492.2800000001042, -558.1200000000723, -524.0000000001033, -533.7200000000945, -627.2800000000094, -592.2800000000412, -584.6400000000482, -465.6000000000906, -357.3600000000352, -501.2000000001088, -521.4800000001056, -541.4400000000875, -552.3200000000776, -598.9200000000352, -602.6000000000319, -581.2400000000513, -748.2399999998994, -765.5599999998836, -640.5199999999974, -691.6799999999508, -750.9599999998969, -834.6399999998208, -826.2399999998285, -698.1999999999449, -642.8799999999952, -691.5999999999509, -920.3999999997428, -951.7599999997143, -793.3599999998584, -735.6399999999109, -796.8799999998552, -778.5999999998718, -857.5199999998, -742.7999999999043, -921.8799999997415, -812.2399999998412, -867.6399999997908, -1024.679999999648, -1148.4799999995355, -1167.4799999995182, -1124.719999999557, -1056.8799999996188, -1268.5199999994263, -1082.5999999995954, -929.9999999997341, -1047.1199999996277]
accel reward list:[-711.2383426792711, -681.333232250229, -829.5735260881168, -769.0328885424155, -787.8220924341422, -773.7360118438621, -794.0670257070905, -1984.9041529838214, -1389.3858686000103, -1108.3458468157414, -786.8198494834138, -741.6752372717126, -760.5975617428534, -1021.770641494607, -816.9187855246967, -1098.0743360932856, -1148.9616372417122, -1284.73293708755, -1061.9021331686083, -1321.4289517217283, -1276.2807860554403, -1194.9876982444703, -1179.965524927364, -1231.510286210424, -1290.3922840550922, -1135.4470218611177, -1215.1311212105159, -1182.61860493437, -1298.1010931168996, -1382.5391042659612, -1420.374864507017, -1644.820237075315, -1362.5168229906071, -1719.840947355211, -2504.552234030817, -1769.3831103368884, -1173.1661876505418, -994.798150242868, -1131.2823644076616, -1010.0830450882582, -1150.690290417694, -1180.7115345907541, -1260.5443886915157, -1227.9690239395657, -856.9679414735773, -565.1341027743946, -416.5347535281211, -386.93746895536617, -325.05936242640547, -376.51330067409197, -342.50492874338505, -312.3440437637823, -347.3847424087416, -447.4585180460647, -533.4508647170265, -595.3058325002528, -547.1626854509559, -646.09931190005, -648.2064791155761, -743.6305335616132, -687.0666023576629, -803.820563878336, -780.7878504812447, -798.4543674725976, -621.8463875128232, -447.2431778006626, -458.48232541662674, -459.2228653149212, -442.68976118630474, -404.18765328088006, -548.9498058939074, -522.2602562032954, -596.414269917783, -553.2597613447008, -484.2722281241176, -631.2274336857722, -565.5923687076531, -581.2342621230031, -578.5140706478429, -580.6511497615371, -785.5597279061865, -767.9939861569652, -622.294460493479, -572.1764094807411, -617.4153389903651, -657.9349709255471, -758.3940079861783, -621.0428341610758, -863.5743070497922, -791.7399900229583, -971.2859055305784, -927.078833437902, -1252.4007788903514, -1017.2820908089951, -1024.1895995942818, -1219.6426851737885, -1743.2949287536037, -1300.16049973717, -1010.766300136695, -1026.4400273492895]
tls reward list:[-10216.49999999845, -12179.39999999801, -8258.099999998987, -7298.999999999235, -7409.09999999926, -7479.89999999909, -7690.29999999918, -11454.199999998094, -9187.099999998532, -7354.0999999981095, -4305.300000000467, -4070.800000000513, -4370.900000000329, -3427.00000000085, -2683.6000000005643, -3379.4000000005567, -3032.9000000005867, -2770.0000000006057, -3023.1000000005765, -2405.800000000703, -2040.800000000298, -1318.3000000000848, -1685.2000000002704, -1159.5999999998442, -1213.699999999942, -1891.5000000005152, -1339.9000000000942, -3400.2000000006906, -2774.4000000007018, -3462.20000000061, -3399.7000000005896, -2155.800000000521, -2617.0000000004657, -3656.8000000005554, -6310.69999999943, -1673.2000000004523, -1279.4000000001774, -1245.3000000004686, -1170.0000000000562, -471.89999999991255, -342.59999999993335, -796.6999999997489, -605.5999999998714, -650.6999999999238, -701.4999999997865, -607.5999999998611, -939.5999999997925, -848.7999999998686, -393.2999999999209, -584.3999999998008, -1084.2000000000685, -780.099999999812, -805.3999999998744, -1396.8000000000347, -1003.9999999998211, -1879.5000000006567, -1057.2999999999774, -1541.2000000001635, -2214.1000000004997, -1726.1000000004467, -1829.8000000006318, -1242.4000000001536, -669.199999999907, -1206.700000000144, -918.4999999997874, -1128.099999999947, -1255.0000000001796, -1669.4000000005701, -1151.3999999999496, -1123.1000000002082, -4052.000000000975, -2395.6000000008703, -1719.7000000005257, -2988.600000001073, -2509.100000001009, -4413.599999999685, -4148.9000000002225, -3376.900000001054, -2171.3000000007073, -2632.2000000007506, -6333.999999997199, -6113.199999997709, -2393.7000000008775, -2383.200000000956, -3569.5000000009372, -4000.200000001221, -5484.399999998228, -3614.7000000010144, -6410.69999999645, -4338.6999999992095, -7226.299999997922, -7632.399999996267, -11796.399999994872, -8284.599999995264, -8801.299999996156, -8120.399999997046, -14083.89999999428, -10712.399999994908, -5851.99999999756, -7828.499999996188]
extra reward list:[0.0, 0.0, 0.0, 0.0, 0.0, 0.0, 0.0, 0.0, 0.0, 0.0, 0.0, 0.0, 0.0, 0.0, 0.0, 0.0, 0.0, 0.0, 0.0, 0.0, 0.0, 0.0, 0.0, 0.0, 0.0, 0.0, 0.0, 0.0, 0.0, 0.0, 0.0, 0.0, 0.0, 0.0, 0.0, 0.0, 0.0, 0.0, 0.0, 0.0, 0.0, 0.0, 0.0, 0.0, 0.0, 0.0, 0.0, 0.0, 0.0, 0.0, 0.0, 0.0, 0.0, 0.0, 0.0, 0.0, 0.0, 0.0, 0.0, 0.0, 0.0, 0.0, 0.0, 0.0, 0.0, 0.0, 0.0, 0.0, 0.0, 0.0, 0.0, 0.0, 0.0, 0.0, 0.0, 0.0, 0.0, 0.0, 0.0, 0.0, 0.0, 0.0, 0.0, 0.0, 0.0, 0.0, 0.0, 0.0, 0.0, 0.0, 0.0, 0.0, 0.0, 0.0, 0.0, 0.0, 0.0, 0.0, 0.0, 0.0]
