nohup: 忽略输入
Env:sumo, Algorithm:TD3, Device:cuda
-----------------------------------------
models/reward_s5e-2(-5, 1)_a4e-2_t(-2_0.1)_safe(3, -0.7)_1998_without_safe.pth
-----------------------------------------
 Retrying in 1 seconds
Warning: Unused states in tlLogic 'J10', program '0' in phase 0 after tl-index 10
Simulation......
总奖励:-61368.53634404656, 速度奖励:-11855.30000000033, 加速度奖励:-649.6363440405312, 交通灯奖励:-41995.90000002211, 与前车进行交互的惩罚:-6867.699999998842
Episode:1/100, Reward:-61368.53634404656
Episode:1/100, avg speed:10.19481598117426
Episode:1/100, avg halt num:1.3271780303030303
Episode:1/100, avg elec cons:1.0166747793583153
 Retrying in 1 seconds
Warning: Unused states in tlLogic 'J10', program '0' in phase 0 after tl-index 10
Simulation......
总奖励:-68389.04361632354, 速度奖励:-13639.40000000043, 加速度奖励:-618.3436163225732, 交通灯奖励:-46988.500000027525, 与前车进行交互的惩罚:-7142.7999999987705
Episode:2/100, Reward:-68389.04361632354
Episode:2/100, avg speed:9.970176499217418
Episode:2/100, avg halt num:1.5907123834886818
Episode:2/100, avg elec cons:1.1317581743773906
 Retrying in 1 seconds
Warning: Unused states in tlLogic 'J10', program '0' in phase 0 after tl-index 10
Simulation......
总奖励:-13406.315950370881, 速度奖励:-2416.600000000003, 加速度奖励:-828.0159503716195, 交通灯奖励:-8259.799999998986, 与前车进行交互的惩罚:-1901.9000000000844
Episode:3/100, Reward:-13406.315950370881
Episode:3/100, avg speed:15.654328969597103
Episode:3/100, avg halt num:0.2682249101013403
Episode:3/100, avg elec cons:2.036579833949945
 Retrying in 1 seconds
Warning: Unused states in tlLogic 'J10', program '0' in phase 0 after tl-index 10
Simulation......
总奖励:-23649.56240702222, 速度奖励:-5317.19999999985, 加速度奖励:-2215.762407020128, 交通灯奖励:-14468.099999996, 与前车进行交互的惩罚:-1648.500000000068
Episode:4/100, Reward:-23649.56240702222
Episode:4/100, avg speed:11.31199060145129
Episode:4/100, avg halt num:0.30758266818700114
Episode:4/100, avg elec cons:1.2746537669511349
 Retrying in 1 seconds
Warning: Unused states in tlLogic 'J10', program '0' in phase 0 after tl-index 10
Simulation......
总奖励:-8233.135444919822, 速度奖励:-2446.0000000000027, 加速度奖励:-1079.6354449200578, 交通灯奖励:-3684.8000000005363, 与前车进行交互的惩罚:-1022.7000000000273
Episode:5/100, Reward:-8233.135444919822
Episode:5/100, avg speed:14.056159292584578
Episode:5/100, avg halt num:0.11537686416767433
Episode:5/100, avg elec cons:2.8249801952250735
 Retrying in 1 seconds
Warning: Unused states in tlLogic 'J10', program '0' in phase 0 after tl-index 10
Simulation......
总奖励:-7875.265815666023, 速度奖励:-2540.4999999999936, 加速度奖励:-1069.7658156663854, 交通灯奖励:-3542.6000000006175, 与前车进行交互的惩罚:-722.4000000000078
Episode:6/100, Reward:-7875.265815666023
Episode:6/100, avg speed:13.994488714473146
Episode:6/100, avg halt num:0.14173789173789172
Episode:6/100, avg elec cons:2.563033985075916
 Retrying in 1 seconds
Warning: Unused states in tlLogic 'J10', program '0' in phase 0 after tl-index 10
Simulation......
总奖励:-7287.752783109615, 速度奖励:-2603.699999999988, 加速度奖励:-1026.3527831098775, 交通灯奖励:-2804.4000000005526, 与前车进行交互的惩罚:-853.3000000000163
Episode:7/100, Reward:-7287.752783109615
Episode:7/100, avg speed:14.327306734230099
Episode:7/100, avg halt num:0.10948158253751705
Episode:7/100, avg elec cons:2.5312220944504844
 Retrying in 1 seconds
Warning: Unused states in tlLogic 'J10', program '0' in phase 0 after tl-index 10
Simulation......
总奖励:-6814.221269210959, 速度奖励:-2580.499999999998, 加速度奖励:-890.921269211276, 交通灯奖励:-2731.0000000005125, 与前车进行交互的惩罚:-611.8000000000006
Episode:8/100, Reward:-6814.221269210959
Episode:8/100, avg speed:14.18014737007419
Episode:8/100, avg halt num:0.10502958579881656
Episode:8/100, avg elec cons:2.2614451480476463
 Retrying in 1 seconds
Warning: Unused states in tlLogic 'J10', program '0' in phase 0 after tl-index 10
Simulation......
总奖励:-6611.603391259446, 速度奖励:-2539.5000000000027, 加速度奖励:-787.7033912597332, 交通灯奖励:-2755.200000000412, 与前车进行交互的惩罚:-529.1999999999953
Episode:9/100, Reward:-6611.603391259446
Episode:9/100, avg speed:14.155816047892595
Episode:9/100, avg halt num:0.1010223953261928
Episode:9/100, avg elec cons:2.4069809788944045
 Retrying in 1 seconds
Warning: Unused states in tlLogic 'J10', program '0' in phase 0 after tl-index 10
Simulation......
总奖励:-6676.055008367873, 速度奖励:-2592.5999999999904, 加速度奖励:-857.4550083681302, 交通灯奖励:-2677.200000000601, 与前车进行交互的惩罚:-548.7999999999965
Episode:10/100, Reward:-6676.055008367873
Episode:10/100, avg speed:13.861613474844088
Episode:10/100, avg halt num:0.11199371508379888
Episode:10/100, avg elec cons:2.561249673137442
 Retrying in 1 seconds
Warning: Unused states in tlLogic 'J10', program '0' in phase 0 after tl-index 10
Simulation......
总奖励:-6709.178137724234, 速度奖励:-2638.5999999999885, 加速度奖励:-886.8781377244095, 交通灯奖励:-2535.5000000005134, 与前车进行交互的惩罚:-648.200000000003
Episode:11/100, Reward:-6709.178137724234
Episode:11/100, avg speed:14.34024649865027
Episode:11/100, avg halt num:0.08269993390614673
Episode:11/100, avg elec cons:2.423278490745568
 Retrying in 1 seconds
Warning: Unused states in tlLogic 'J10', program '0' in phase 0 after tl-index 10
Simulation......
总奖励:-10274.250283767073, 速度奖励:-3325.7999999999693, 加速度奖励:-1265.350283767543, 交通灯奖励:-4732.499999999685, 与前车进行交互的惩罚:-950.6000000000226
Episode:12/100, Reward:-10274.250283767073
Episode:12/100, avg speed:13.12613988691376
Episode:12/100, avg halt num:0.16273100616016428
Episode:12/100, avg elec cons:2.1383654789043094
 Retrying in 1 seconds
Warning: Unused states in tlLogic 'J10', program '0' in phase 0 after tl-index 10
Simulation......
总奖励:-6230.640883034082, 速度奖励:-2524.5499999999993, 加速度奖励:-855.290883034221, 交通灯奖励:-2442.700000000451, 与前车进行交互的惩罚:-408.0999999999958
Episode:13/100, Reward:-6230.640883034082
Episode:13/100, avg speed:14.386780274051572
Episode:13/100, avg halt num:0.06828848560700876
Episode:13/100, avg elec cons:2.3911009848853655
 Retrying in 1 seconds
Warning: Unused states in tlLogic 'J10', program '0' in phase 0 after tl-index 10
Simulation......
总奖励:-6594.126837076961, 速度奖励:-2608.2999999999965, 加速度奖励:-900.9268370771629, 交通灯奖励:-2611.700000000544, 与前车进行交互的惩罚:-473.19999999999476
Episode:14/100, Reward:-6594.126837076961
Episode:14/100, avg speed:13.810571348966247
Episode:14/100, avg halt num:0.0921792618629174
Episode:14/100, avg elec cons:2.6380226847758115
 Retrying in 1 seconds
Warning: Unused states in tlLogic 'J10', program '0' in phase 0 after tl-index 10
Simulation......
总奖励:-7099.841517332276, 速度奖励:-2743.3499999999763, 加速度奖励:-983.1915173325016, 交通灯奖励:-2746.8000000005777, 与前车进行交互的惩罚:-626.5000000000016
Episode:15/100, Reward:-7099.841517332276
Episode:15/100, avg speed:13.881613418897158
Episode:15/100, avg halt num:0.09259601181683899
Episode:15/100, avg elec cons:2.6725706591364435
 Retrying in 1 seconds
Warning: Unused states in tlLogic 'J10', program '0' in phase 0 after tl-index 10
Simulation......
总奖励:-7260.764033315284, 速度奖励:-2747.9999999999795, 加速度奖励:-915.5640333154912, 交通灯奖励:-2953.20000000057, 与前车进行交互的惩罚:-644.0000000000027
Episode:16/100, Reward:-7260.764033315284
Episode:16/100, avg speed:13.25413062805648
Episode:16/100, avg halt num:0.10400907715582451
Episode:16/100, avg elec cons:2.5165411603551164
 Retrying in 1 seconds
Warning: Unused states in tlLogic 'J10', program '0' in phase 0 after tl-index 10
Simulation......
总奖励:-6967.898918534088, 速度奖励:-2775.3999999999614, 加速度奖励:-939.7989185342443, 交通灯奖励:-2783.000000000605, 与前车进行交互的惩罚:-469.6999999999948
Episode:17/100, Reward:-6967.898918534088
Episode:17/100, avg speed:13.636489013860782
Episode:17/100, avg halt num:0.09887102292165584
Episode:17/100, avg elec cons:2.289134527151425
 Retrying in 1 seconds
Warning: Unused states in tlLogic 'J10', program '0' in phase 0 after tl-index 10
Simulation......
总奖励:-7338.2998282389035, 速度奖励:-2838.3499999999794, 加速度奖励:-1061.4498282391362, 交通灯奖励:-2898.1000000006784, 与前车进行交互的惩罚:-540.399999999996
Episode:18/100, Reward:-7338.2998282389035
Episode:18/100, avg speed:12.375298940319913
Episode:18/100, avg halt num:0.13279352226720648
Episode:18/100, avg elec cons:2.4600453962262216
 Retrying in 1 seconds
Warning: Unused states in tlLogic 'J10', program '0' in phase 0 after tl-index 10
Simulation......
总奖励:-7428.764548787116, 速度奖励:-2833.849999999983, 加速度奖励:-936.8145487873817, 交通灯奖励:-3014.8000000006055, 与前车进行交互的惩罚:-643.3000000000027
Episode:19/100, Reward:-7428.764548787116
Episode:19/100, avg speed:13.427172736382012
Episode:19/100, avg halt num:0.12437544610992149
Episode:19/100, avg elec cons:2.4005400549510436
 Retrying in 1 seconds
Warning: Unused states in tlLogic 'J10', program '0' in phase 0 after tl-index 10
Simulation......
总奖励:-5814.384189173334, 速度奖励:-2675.5999999999876, 加速度奖励:-891.7841891734453, 交通灯奖励:-1731.1000000003937, 与前车进行交互的惩罚:-515.8999999999944
Episode:20/100, Reward:-5814.384189173334
Episode:20/100, avg speed:13.924130115174254
Episode:20/100, avg halt num:0.05862646566164154
Episode:20/100, avg elec cons:2.4368974233553677
 Retrying in 1 seconds
Warning: Unused states in tlLogic 'J10', program '0' in phase 0 after tl-index 10
Simulation......
总奖励:-6590.322482748135, 速度奖励:-2785.9999999999873, 加速度奖励:-941.4224827482665, 交通灯奖励:-2183.2000000005783, 与前车进行交互的惩罚:-679.700000000005
Episode:21/100, Reward:-6590.322482748135
Episode:21/100, avg speed:13.249673488818651
Episode:21/100, avg halt num:0.0550423402617398
Episode:21/100, avg elec cons:2.6705334226383775
 Retrying in 1 seconds
Warning: Unused states in tlLogic 'J10', program '0' in phase 0 after tl-index 10
Simulation......
总奖励:-5808.7528864168125, 速度奖励:-2621.699999999994, 加速度奖励:-860.8528864168995, 交通灯奖励:-1610.1000000002311, 与前车进行交互的惩罚:-716.1000000000074
Episode:22/100, Reward:-5808.7528864168125
Episode:22/100, avg speed:13.475816434067822
Episode:22/100, avg halt num:0.0412448443944507
Episode:22/100, avg elec cons:2.746840796672145
 Retrying in 1 seconds
Warning: Unused states in tlLogic 'J10', program '0' in phase 0 after tl-index 10
Simulation......
总奖励:-5499.601657653578, 速度奖励:-2717.299999999983, 加速度奖励:-875.5016576536153, 交通灯奖励:-1195.5999999999897, 与前车进行交互的惩罚:-711.2000000000071
Episode:23/100, Reward:-5499.601657653578
Episode:23/100, avg speed:13.765335825914407
Episode:23/100, avg halt num:0.023327759197324414
Episode:23/100, avg elec cons:2.4411117241082465
 Retrying in 1 seconds
Warning: Unused states in tlLogic 'J10', program '0' in phase 0 after tl-index 10
Simulation......
总奖励:-5507.359410787161, 速度奖励:-2637.749999999982, 加速度奖励:-889.0094107872516, 交通灯奖励:-1283.4000000000588, 与前车进行交互的惩罚:-697.2000000000062
Episode:24/100, Reward:-5507.359410787161
Episode:24/100, avg speed:13.842368956945315
Episode:24/100, avg halt num:0.043904448105436575
Episode:24/100, avg elec cons:2.518483037665572
 Retrying in 1 seconds
Warning: Unused states in tlLogic 'J10', program '0' in phase 0 after tl-index 10
Simulation......
总奖励:-5439.0427618013755, 速度奖励:-2577.499999999992, 加速度奖励:-896.7427618014333, 交通灯奖励:-1282.3000000000247, 与前车进行交互的惩罚:-682.5000000000052
Episode:25/100, Reward:-5439.0427618013755
Episode:25/100, avg speed:14.042884643544253
Episode:25/100, avg halt num:0.029155495978552277
Episode:25/100, avg elec cons:2.5576266740812543
 Retrying in 1 seconds
Warning: Unused states in tlLogic 'J10', program '0' in phase 0 after tl-index 10
Simulation......
总奖励:-5938.388407053274, 速度奖励:-2738.4499999999784, 加速度奖励:-958.6384070533342, 交通灯奖励:-1500.7000000001735, 与前车进行交互的惩罚:-740.600000000009
Episode:26/100, Reward:-5938.388407053274
Episode:26/100, avg speed:13.2020412398338
Episode:26/100, avg halt num:0.03398617511520737
Episode:26/100, avg elec cons:2.8489277791871834
 Retrying in 1 seconds
Warning: Unused states in tlLogic 'J10', program '0' in phase 0 after tl-index 10
Simulation......
总奖励:-5168.425275575771, 速度奖励:-2600.9999999999927, 加速度奖励:-927.1252755757939, 交通灯奖励:-1004.699999999813, 与前车进行交互的惩罚:-635.6000000000022
Episode:27/100, Reward:-5168.425275575771
Episode:27/100, avg speed:13.635629960774322
Episode:27/100, avg halt num:0.020906228131560532
Episode:27/100, avg elec cons:2.6186112965043886
 Retrying in 1 seconds
Warning: Unused states in tlLogic 'J10', program '0' in phase 0 after tl-index 10
Simulation......
总奖励:-5606.880720749018, 速度奖励:-2691.7999999999965, 加速度奖励:-988.0807207490532, 交通灯奖励:-1213.0000000000264, 与前车进行交互的惩罚:-714.0000000000073
Episode:28/100, Reward:-5606.880720749018
Episode:28/100, avg speed:12.557909289205126
Episode:28/100, avg halt num:0.032777115613825986
Episode:28/100, avg elec cons:2.921788932752606
 Retrying in 1 seconds
Warning: Unused states in tlLogic 'J10', program '0' in phase 0 after tl-index 10
Simulation......
总奖励:-4998.212010318918, 速度奖励:-2745.799999999983, 加速度奖励:-879.4120103189729, 交通灯奖励:-586.8999999998055, 与前车进行交互的惩罚:-786.100000000012
Episode:29/100, Reward:-4998.212010318918
Episode:29/100, avg speed:12.917479901566555
Episode:29/100, avg halt num:0.012530072173215718
Episode:29/100, avg elec cons:2.8882934166333785
 Retrying in 1 seconds
Warning: Unused states in tlLogic 'J10', program '0' in phase 0 after tl-index 10
Simulation......
总奖励:-5650.170421428178, 速度奖励:-2779.7499999999723, 加速度奖励:-914.1204214282645, 交通灯奖励:-1235.3000000000989, 与前车进行交互的惩罚:-721.0000000000077
Episode:30/100, Reward:-5650.170421428178
Episode:30/100, avg speed:13.426696275739237
Episode:30/100, avg halt num:0.02653096729297147
Episode:30/100, avg elec cons:2.479016930588545
 Retrying in 1 seconds
Warning: Unused states in tlLogic 'J10', program '0' in phase 0 after tl-index 10
Simulation......
总奖励:-5826.29873730367, 速度奖励:-2764.4999999999827, 加速度奖励:-984.3987373037492, 交通灯奖励:-1215.0000000000198, 与前车进行交互的惩罚:-862.4000000000169
Episode:31/100, Reward:-5826.29873730367
Episode:31/100, avg speed:13.334411823585574
Episode:31/100, avg halt num:0.014002987303958178
Episode:31/100, avg elec cons:2.709552183038219
 Retrying in 1 seconds
Warning: Unused states in tlLogic 'J10', program '0' in phase 0 after tl-index 10
Simulation......
总奖励:-6245.52998008572, 速度奖励:-3023.6999999999853, 加速度奖励:-1050.1299800857896, 交通灯奖励:-1340.100000000119, 与前车进行交互的惩罚:-831.6000000000149
Episode:32/100, Reward:-6245.52998008572
Episode:32/100, avg speed:12.358569610278009
Episode:32/100, avg halt num:0.04189789123196448
Episode:32/100, avg elec cons:2.1987149756942395
 Retrying in 1 seconds
Warning: Unused states in tlLogic 'J10', program '0' in phase 0 after tl-index 10
Simulation......
总奖励:-4709.6841662373035, 速度奖励:-2672.8499999999913, 加速度奖励:-757.7341662373323, 交通灯奖励:-670.7999999998802, 与前车进行交互的惩罚:-608.3000000000004
Episode:33/100, Reward:-4709.6841662373035
Episode:33/100, avg speed:13.323901657537787
Episode:33/100, avg halt num:0.003737830319888734
Episode:33/100, avg elec cons:2.5274196601370886
 Retrying in 1 seconds
Warning: Unused states in tlLogic 'J10', program '0' in phase 0 after tl-index 10
Simulation......
总奖励:-4955.616483941961, 速度奖励:-2717.29999999997, 加速度奖励:-965.6164839419652, 交通灯奖励:-634.299999999873, 与前车进行交互的惩罚:-638.4000000000024
Episode:34/100, Reward:-4955.616483941961
Episode:34/100, avg speed:13.465556687284941
Episode:34/100, avg halt num:0.012650602409638554
Episode:34/100, avg elec cons:2.0683439074264576
 Retrying in 1 seconds
Warning: Unused states in tlLogic 'J10', program '0' in phase 0 after tl-index 10
Simulation......
总奖励:-5716.249494882611, 速度奖励:-3159.399999999967, 加速度奖励:-986.1494948825936, 交通灯奖励:-877.6999999998146, 与前车进行交互的惩罚:-693.0000000000059
Episode:35/100, Reward:-5716.249494882611
Episode:35/100, avg speed:12.61161949596965
Episode:35/100, avg halt num:0.034151076597246734
Episode:35/100, avg elec cons:1.4845522986751103
 Retrying in 1 seconds
Warning: Unused states in tlLogic 'J10', program '0' in phase 0 after tl-index 10
Simulation......
总奖励:-7770.907966672941, 速度奖励:-3941.7499999999213, 加速度奖励:-1038.9579666729312, 交通灯奖励:-1932.7000000008795, 与前车进行交互的惩罚:-857.5000000000166
Episode:36/100, Reward:-7770.907966672941
Episode:36/100, avg speed:11.112313220574867
Episode:36/100, avg halt num:0.08244015719899964
Episode:36/100, avg elec cons:1.0491556807664115
 Retrying in 1 seconds
Warning: Unused states in tlLogic 'J10', program '0' in phase 0 after tl-index 10
Simulation......
总奖励:-5859.353248685193, 速度奖励:-2909.9999999999613, 加速度奖励:-1001.4532486852327, 交通灯奖励:-1290.600000000154, 与前车进行交互的惩罚:-657.3000000000036
Episode:37/100, Reward:-5859.353248685193
Episode:37/100, avg speed:12.0699120298103
Episode:37/100, avg halt num:0.014383278145695365
Episode:37/100, avg elec cons:2.333237683507595
 Retrying in 1 seconds
Warning: Unused states in tlLogic 'J10', program '0' in phase 0 after tl-index 10
Simulation......
总奖励:-4690.553864410206, 速度奖励:-2646.699999999987, 加速度奖励:-867.3538644102096, 交通灯奖励:-678.7999999998575, 与前车进行交互的惩罚:-497.69999999999436
Episode:38/100, Reward:-4690.553864410206
Episode:38/100, avg speed:13.42641994323041
Episode:38/100, avg halt num:0.011891062523973917
Episode:38/100, avg elec cons:2.591270678065757
 Retrying in 1 seconds
Warning: Unused states in tlLogic 'J10', program '0' in phase 0 after tl-index 10
Simulation......
总奖励:-5765.2545692546855, 速度奖励:-2861.849999999975, 加速度奖励:-1082.904569254696, 交通灯奖励:-1131.0000000000023, 与前车进行交互的惩罚:-689.5000000000057
Episode:39/100, Reward:-5765.2545692546855
Episode:39/100, avg speed:13.120832270429284
Episode:39/100, avg halt num:0.01242289239204935
Episode:39/100, avg elec cons:2.3696397511559075
 Retrying in 1 seconds
Warning: Unused states in tlLogic 'J10', program '0' in phase 0 after tl-index 10
Simulation......
总奖励:-4828.228785735648, 速度奖励:-2660.1499999999905, 加速度奖励:-918.2787857356227, 交通灯奖励:-570.0999999998819, 与前车进行交互的惩罚:-679.700000000005
Episode:40/100, Reward:-4828.228785735648
Episode:40/100, avg speed:13.38373903818202
Episode:40/100, avg halt num:0.005403458213256484
Episode:40/100, avg elec cons:2.5110847997432035
 Retrying in 1 seconds
Warning: Unused states in tlLogic 'J10', program '0' in phase 0 after tl-index 10
Simulation......
总奖励:-4795.668027578686, 速度奖励:-2750.7999999999793, 加速度奖励:-892.468027578685, 交通灯奖励:-485.2999999999023, 与前车进行交互的惩罚:-667.1000000000042
Episode:41/100, Reward:-4795.668027578686
Episode:41/100, avg speed:13.084720045500617
Episode:41/100, avg halt num:0.007733812949640288
Episode:41/100, avg elec cons:2.4650937877122745
 Retrying in 1 seconds
Warning: Unused states in tlLogic 'J10', program '0' in phase 0 after tl-index 10
Simulation......
总奖励:-5134.947419092203, 速度奖励:-2846.3499999999754, 加速度奖励:-901.7974190922055, 交通灯奖励:-672.7999999997969, 与前车进行交互的惩罚:-714.0000000000073
Episode:42/100, Reward:-5134.947419092203
Episode:42/100, avg speed:12.724913835522443
Episode:42/100, avg halt num:0.015117157974300832
Episode:42/100, avg elec cons:2.5378278029385455
 Retrying in 1 seconds
Warning: Unused states in tlLogic 'J10', program '0' in phase 0 after tl-index 10
Simulation......
总奖励:-5080.20906205288, 速度奖励:-2697.9999999999845, 加速度奖励:-859.1090620528754, 交通灯奖励:-793.6999999998618, 与前车进行交互的惩罚:-729.4000000000083
Episode:43/100, Reward:-5080.20906205288
Episode:43/100, avg speed:12.733166635658446
Episode:43/100, avg halt num:0.012885591565794611
Episode:43/100, avg elec cons:2.719279341083913
 Retrying in 1 seconds
Warning: Unused states in tlLogic 'J10', program '0' in phase 0 after tl-index 10
Simulation......
总奖励:-4953.5068832733905, 速度奖励:-2691.899999999971, 加速度奖励:-886.3068832733923, 交通灯奖励:-658.4999999999433, 与前车进行交互的惩罚:-716.8000000000075
Episode:44/100, Reward:-4953.5068832733905
Episode:44/100, avg speed:13.082357231445295
Episode:44/100, avg halt num:0.009080800593031875
Episode:44/100, avg elec cons:2.5660339025874914
 Retrying in 1 seconds
Warning: Unused states in tlLogic 'J10', program '0' in phase 0 after tl-index 10
Simulation......
总奖励:-5322.079600262152, 速度奖励:-2825.849999999973, 加速度奖励:-943.4296002621426, 交通灯奖励:-805.1999999997976, 与前车进行交互的惩罚:-747.6000000000095
Episode:45/100, Reward:-5322.079600262152
Episode:45/100, avg speed:12.45806490185674
Episode:45/100, avg halt num:0.016939252336448597
Episode:45/100, avg elec cons:2.614274268754113
 Retrying in 1 seconds
Warning: Unused states in tlLogic 'J10', program '0' in phase 0 after tl-index 10
Simulation......
总奖励:-4760.503642256383, 速度奖励:-2576.2499999999773, 加速度奖励:-828.5536422564062, 交通灯奖励:-656.3999999998889, 与前车进行交互的惩罚:-699.3000000000063
Episode:46/100, Reward:-4760.503642256383
Episode:46/100, avg speed:13.948137822408773
Episode:46/100, avg halt num:0.007545931758530184
Episode:46/100, avg elec cons:2.406260832287681
 Retrying in 1 seconds
Warning: Unused states in tlLogic 'J10', program '0' in phase 0 after tl-index 10
Simulation......
总奖励:-5446.270338355911, 速度奖励:-2735.7499999999773, 加速度奖励:-962.8203383559423, 交通灯奖励:-898.5999999998681, 与前车进行交互的惩罚:-849.100000000016
Episode:47/100, Reward:-5446.270338355911
Episode:47/100, avg speed:12.960826331366949
Episode:47/100, avg halt num:0.0066112580279561765
Episode:47/100, avg elec cons:2.746193206346256
 Retrying in 1 seconds
Warning: Unused states in tlLogic 'J10', program '0' in phase 0 after tl-index 10
Simulation......
总奖励:-5197.911920376388, 速度奖励:-2780.0999999999785, 加速度奖励:-934.4119203763811, 交通灯奖励:-669.299999999862, 与前车进行交互的惩罚:-814.1000000000138
Episode:48/100, Reward:-5197.911920376388
Episode:48/100, avg speed:12.756941586976673
Episode:48/100, avg halt num:0.010621861722672847
Episode:48/100, avg elec cons:2.739052334517522
 Retrying in 1 seconds
Warning: Unused states in tlLogic 'J10', program '0' in phase 0 after tl-index 10
Simulation......
总奖励:-4720.343314288235, 速度奖励:-2647.0999999999785, 加速度奖励:-878.4433142882189, 交通灯奖励:-547.2999999999014, 与前车进行交互的惩罚:-647.500000000003
Episode:49/100, Reward:-4720.343314288235
Episode:49/100, avg speed:13.70149910815018
Episode:49/100, avg halt num:0.004436488169364882
Episode:49/100, avg elec cons:2.2971967018353463
 Retrying in 1 seconds
Warning: Unused states in tlLogic 'J10', program '0' in phase 0 after tl-index 10
Simulation......
总奖励:-5117.001531087191, 速度奖励:-2797.4499999999807, 加速度奖励:-912.8515310871967, 交通灯奖励:-603.7999999998391, 与前车进行交互的惩罚:-802.900000000013
Episode:50/100, Reward:-5117.001531087191
Episode:50/100, avg speed:12.957932633169104
Episode:50/100, avg halt num:0.00838466803559206
Episode:50/100, avg elec cons:2.42322193090449
 Retrying in 1 seconds
Warning: Unused states in tlLogic 'J10', program '0' in phase 0 after tl-index 10
Simulation......
总奖励:-5029.797612146603, 速度奖励:-2659.549999999973, 加速度奖励:-802.8476121466549, 交通灯奖励:-842.1999999998645, 与前车进行交互的惩罚:-725.200000000008
Episode:51/100, Reward:-5029.797612146603
Episode:51/100, avg speed:13.868250353700658
Episode:51/100, avg halt num:0.009802306425041186
Episode:51/100, avg elec cons:2.3507077444774453
 Retrying in 1 seconds
Warning: Unused states in tlLogic 'J10', program '0' in phase 0 after tl-index 10
Simulation......
总奖励:-5122.682399385963, 速度奖励:-2732.6999999999834, 加速度奖励:-817.9823993859964, 交通灯奖励:-780.2999999998218, 与前车进行交互的惩罚:-791.7000000000123
Episode:52/100, Reward:-5122.682399385963
Episode:52/100, avg speed:13.066011747277564
Episode:52/100, avg halt num:0.008525852585258526
Episode:52/100, avg elec cons:2.5029793139892322
 Retrying in 1 seconds
Warning: Unused states in tlLogic 'J10', program '0' in phase 0 after tl-index 10
Simulation......
总奖励:-4993.545363355152, 速度奖励:-2791.0499999999683, 加速度奖励:-828.4953633551634, 交通灯奖励:-649.4999999998992, 与前车进行交互的惩罚:-724.500000000008
Episode:53/100, Reward:-4993.545363355152
Episode:53/100, avg speed:13.126714008747298
Episode:53/100, avg halt num:0.004712218108381017
Episode:53/100, avg elec cons:2.3786558275056535
 Retrying in 1 seconds
Warning: Unused states in tlLogic 'J10', program '0' in phase 0 after tl-index 10
Simulation......
总奖励:-4934.201240772767, 速度奖励:-2832.699999999959, 加速度奖励:-803.7012407727616, 交通灯奖励:-530.5999999998766, 与前车进行交互的惩罚:-767.2000000000107
Episode:54/100, Reward:-4934.201240772767
Episode:54/100, avg speed:13.066675840011182
Episode:54/100, avg halt num:0.0037574274729115695
Episode:54/100, avg elec cons:2.4103460550960114
 Retrying in 1 seconds
Warning: Unused states in tlLogic 'J10', program '0' in phase 0 after tl-index 10
Simulation......
总奖励:-4926.348353742827, 速度奖励:-2707.5999999999813, 加速度奖励:-795.2483537428107, 交通灯奖励:-708.7999999998497, 与前车进行交互的惩罚:-714.7000000000073
Episode:55/100, Reward:-4926.348353742827
Episode:55/100, avg speed:12.663825834147781
Episode:55/100, avg halt num:0.007986913010007698
Episode:55/100, avg elec cons:2.738609728330232
 Retrying in 1 seconds
Warning: Unused states in tlLogic 'J10', program '0' in phase 0 after tl-index 10
Simulation......
总奖励:-5283.593520295623, 速度奖励:-2894.449999999979, 加速度奖励:-834.7435202956316, 交通灯奖励:-840.3999999998019, 与前车进行交互的惩罚:-714.0000000000073
Episode:56/100, Reward:-5283.593520295623
Episode:56/100, avg speed:12.760447435447999
Episode:56/100, avg halt num:0.010285095633345363
Episode:56/100, avg elec cons:2.4690153848906027
 Retrying in 1 seconds
Warning: Unused states in tlLogic 'J10', program '0' in phase 0 after tl-index 10
Simulation......
总奖励:-4802.714833929684, 速度奖励:-2794.9999999999436, 加速度奖励:-828.5148339296708, 交通灯奖励:-468.6999999999115, 与前车进行交互的惩罚:-710.500000000007
Episode:57/100, Reward:-4802.714833929684
Episode:57/100, avg speed:12.17592406009923
Episode:57/100, avg halt num:0.011491935483870968
Episode:57/100, avg elec cons:2.518440001898517
 Retrying in 1 seconds
Warning: Unused states in tlLogic 'J10', program '0' in phase 0 after tl-index 10
Simulation......
总奖励:-5028.194828474413, 速度奖励:-2789.6999999999816, 加速度奖励:-825.0948284744608, 交通灯奖励:-631.4999999998289, 与前车进行交互的惩罚:-781.9000000000117
Episode:58/100, Reward:-5028.194828474413
Episode:58/100, avg speed:12.891662310463895
Episode:58/100, avg halt num:0.017562794348508635
Episode:58/100, avg elec cons:2.6556151150356864
 Retrying in 1 seconds
Warning: Unused states in tlLogic 'J10', program '0' in phase 0 after tl-index 10
Simulation......
总奖励:-5267.739314375475, 速度奖励:-2890.0499999999806, 加速度奖励:-815.1893143754622, 交通灯奖励:-772.1999999999038, 与前车进行交互的惩罚:-790.3000000000122
Episode:59/100, Reward:-5267.739314375475
Episode:59/100, avg speed:12.887942964234384
Episode:59/100, avg halt num:0.007369614512471655
Episode:59/100, avg elec cons:2.54338403834857
 Retrying in 1 seconds
Warning: Unused states in tlLogic 'J10', program '0' in phase 0 after tl-index 10
Simulation......
总奖励:-5073.377669496033, 速度奖励:-2866.6499999999733, 加速度奖励:-810.1276694960412, 交通灯奖励:-637.7999999998524, 与前车进行交互的惩罚:-758.8000000000102
Episode:60/100, Reward:-5073.377669496033
Episode:60/100, avg speed:13.28011691197408
Episode:60/100, avg halt num:0.004194078947368421
Episode:60/100, avg elec cons:2.2941115183385006
 Retrying in 1 seconds
Warning: Unused states in tlLogic 'J10', program '0' in phase 0 after tl-index 10
Simulation......
总奖励:-5401.39200364284, 速度奖励:-2812.9999999999786, 加速度奖励:-731.2920036428948, 交通灯奖励:-1075.8999999998773, 与前车进行交互的惩罚:-781.2000000000116
Episode:61/100, Reward:-5401.39200364284
Episode:61/100, avg speed:12.597747032219097
Episode:61/100, avg halt num:0.012578003120124805
Episode:61/100, avg elec cons:2.684040988282453
 Retrying in 1 seconds
Warning: Unused states in tlLogic 'J10', program '0' in phase 0 after tl-index 10
Simulation......
总奖励:-5266.694279052662, 速度奖励:-2889.2999999999647, 加速度奖励:-808.1942790526911, 交通灯奖励:-797.0999999998455, 与前车进行交互的惩罚:-772.100000000011
Episode:62/100, Reward:-5266.694279052662
Episode:62/100, avg speed:13.030495334508599
Episode:62/100, avg halt num:0.004495159059474412
Episode:62/100, avg elec cons:2.35581840431134
 Retrying in 1 seconds
Warning: Unused states in tlLogic 'J10', program '0' in phase 0 after tl-index 10
Simulation......
总奖励:-5208.014702441386, 速度奖励:-2832.2499999999777, 加速度奖励:-768.6647024414256, 交通灯奖励:-793.6999999998659, 与前车进行交互的惩罚:-813.4000000000137
Episode:63/100, Reward:-5208.014702441386
Episode:63/100, avg speed:13.366513336187687
Episode:63/100, avg halt num:0.007512520868113523
Episode:63/100, avg elec cons:2.318560739193533
 Retrying in 1 seconds
Warning: Unused states in tlLogic 'J10', program '0' in phase 0 after tl-index 10
Simulation......
总奖励:-5115.484348130562, 速度奖励:-2732.5499999999756, 加速度奖励:-714.7343481305778, 交通灯奖励:-898.1999999998393, 与前车进行交互的惩罚:-770.0000000000109
Episode:64/100, Reward:-5115.484348130562
Episode:64/100, avg speed:13.108882861320344
Episode:64/100, avg halt num:0.0234375
Episode:64/100, avg elec cons:2.5418057920077293
 Retrying in 1 seconds
Warning: Unused states in tlLogic 'J10', program '0' in phase 0 after tl-index 10
Simulation......
总奖励:-5543.420400129071, 速度奖励:-3119.2499999999745, 加速度奖励:-756.0704001291291, 交通灯奖励:-947.099999999801, 与前车进行交互的惩罚:-721.0000000000077
Episode:65/100, Reward:-5543.420400129071
Episode:65/100, avg speed:12.454484626909354
Episode:65/100, avg halt num:0.017721300138312586
Episode:65/100, avg elec cons:1.488686682248354
 Retrying in 1 seconds
Warning: Unused states in tlLogic 'J10', program '0' in phase 0 after tl-index 10
Simulation......
总奖励:-7563.935790449927, 速度奖励:-3905.7499999999427, 加速度奖励:-864.5857904499668, 交通灯奖励:-1794.7000000005605, 与前车进行交互的惩罚:-998.9000000000258
Episode:66/100, Reward:-7563.935790449927
Episode:66/100, avg speed:12.26564478375234
Episode:66/100, avg halt num:0.06670350489422167
Episode:66/100, avg elec cons:1.0747945226214146
 Retrying in 1 seconds
Warning: Unused states in tlLogic 'J10', program '0' in phase 0 after tl-index 10
Simulation......
总奖励:-5237.72726621089, 速度奖励:-2814.6999999999853, 加速度奖励:-714.927266210939, 交通灯奖励:-765.1999999998266, 与前车进行交互的惩罚:-942.9000000000221
Episode:67/100, Reward:-5237.72726621089
Episode:67/100, avg speed:13.767689074975511
Episode:67/100, avg halt num:0.008388157894736842
Episode:67/100, avg elec cons:2.3663090173883172
 Retrying in 1 seconds
Warning: Unused states in tlLogic 'J10', program '0' in phase 0 after tl-index 10
Simulation......
总奖励:-7549.718053305774, 速度奖励:-3386.3999999999714, 加速度奖励:-903.8180533059872, 交通灯奖励:-2318.7000000004277, 与前车进行交互的惩罚:-940.800000000022
Episode:68/100, Reward:-7549.718053305774
Episode:68/100, avg speed:12.573790701364931
Episode:68/100, avg halt num:0.09711779448621553
Episode:68/100, avg elec cons:1.5925767476368144
 Retrying in 1 seconds
Warning: Unused states in tlLogic 'J10', program '0' in phase 0 after tl-index 10
Simulation......
总奖励:-10197.554763133494, 速度奖励:-4230.699999999881, 加速度奖励:-1240.454763133761, 交通灯奖励:-3999.800000001013, 与前车进行交互的惩罚:-726.6000000000081
Episode:69/100, Reward:-10197.554763133494
Episode:69/100, avg speed:10.957691802330348
Episode:69/100, avg halt num:0.10869565217391304
Episode:69/100, avg elec cons:0.7986858143450221
 Retrying in 1 seconds
Warning: Unused states in tlLogic 'J10', program '0' in phase 0 after tl-index 10
Simulation......
总奖励:-12395.186945269088, 速度奖励:-4556.599999999951, 加速度奖励:-1766.1869452694114, 交通灯奖励:-5058.100000000534, 与前车进行交互的惩罚:-1014.3000000000268
Episode:70/100, Reward:-12395.186945269088
Episode:70/100, avg speed:9.681029490625644
Episode:70/100, avg halt num:0.14311200744647842
Episode:70/100, avg elec cons:0.716131312133646
 Retrying in 1 seconds
Warning: Unused states in tlLogic 'J10', program '0' in phase 0 after tl-index 10
Simulation......
总奖励:-12594.617066017712, 速度奖励:-4093.449999999865, 加速度奖励:-1798.1670660178027, 交通灯奖励:-5731.399999997689, 与前车进行交互的惩罚:-971.600000000024
Episode:71/100, Reward:-12594.617066017712
Episode:71/100, avg speed:10.752206115241314
Episode:71/100, avg halt num:0.06922342457033737
Episode:71/100, avg elec cons:0.9459961127507932
 Retrying in 1 seconds
Warning: Unused states in tlLogic 'J10', program '0' in phase 0 after tl-index 10
Simulation......
总奖励:-11315.009413205204, 速度奖励:-4283.599999999945, 加速度奖励:-1616.6094132052679, 交通灯奖励:-4087.600000001036, 与前车进行交互的惩罚:-1327.200000000047
Episode:72/100, Reward:-11315.009413205204
Episode:72/100, avg speed:9.886267151905953
Episode:72/100, avg halt num:0.0445750452079566
Episode:72/100, avg elec cons:0.8843097122493794
 Retrying in 1 seconds
Warning: Unused states in tlLogic 'J10', program '0' in phase 0 after tl-index 10
Simulation......
总奖励:-24072.491146150685, 速度奖励:-6831.949999999962, 加速度奖励:-2838.9411461492496, 交通灯奖励:-12618.699999995357, 与前车进行交互的惩罚:-1782.9000000000767
Episode:73/100, Reward:-24072.491146150685
Episode:73/100, avg speed:8.064065630087661
Episode:73/100, avg halt num:0.29569508009153317
Episode:73/100, avg elec cons:0.5786287333860956
 Retrying in 1 seconds
Warning: Unused states in tlLogic 'J10', program '0' in phase 0 after tl-index 10
Simulation......
总奖励:-24149.61002908063, 速度奖励:-6514.24999999992, 加速度奖励:-2959.560029080037, 交通灯奖励:-12141.09999999488, 与前车进行交互的惩罚:-2534.6999999999675
Episode:74/100, Reward:-24149.61002908063
Episode:74/100, avg speed:9.671587486762625
Episode:74/100, avg halt num:0.2912967660114141
Episode:74/100, avg elec cons:0.7967654277547784
 Retrying in 1 seconds
Warning: Unused states in tlLogic 'J10', program '0' in phase 0 after tl-index 10
Simulation......
总奖励:-14375.66093190888, 速度奖励:-5005.749999999942, 加速度奖励:-2138.0109319092735, 交通灯奖励:-5636.599999998916, 与前车进行交互的惩罚:-1595.3000000000645
Episode:75/100, Reward:-14375.66093190888
Episode:75/100, avg speed:10.193462128835725
Episode:75/100, avg halt num:0.112969390975071
Episode:75/100, avg elec cons:0.8771995338108459
 Retrying in 1 seconds
Warning: Unused states in tlLogic 'J10', program '0' in phase 0 after tl-index 10
Simulation......
总奖励:-9446.537679958557, 速度奖励:-3437.2499999999095, 加速度奖励:-1537.8876799585616, 交通灯奖励:-3121.8000000006987, 与前车进行交互的惩罚:-1349.6000000000486
Episode:76/100, Reward:-9446.537679958557
Episode:76/100, avg speed:10.720236913518884
Episode:76/100, avg halt num:0.017644802454929037
Episode:76/100, avg elec cons:1.5424570708799712
 Retrying in 1 seconds
Warning: Unused states in tlLogic 'J10', program '0' in phase 0 after tl-index 10
Simulation......
总奖励:-6398.54374059642, 速度奖励:-3035.2499999999486, 加速度奖励:-1456.493740596413, 交通灯奖励:-963.8999999998201, 与前车进行交互的惩罚:-942.9000000000221
Episode:77/100, Reward:-6398.54374059642
Episode:77/100, avg speed:11.883499487622478
Episode:77/100, avg halt num:0.022710349962769917
Episode:77/100, avg elec cons:1.512369295437356
 Retrying in 1 seconds
Warning: Unused states in tlLogic 'J10', program '0' in phase 0 after tl-index 10
Simulation......
总奖励:-5309.226176653908, 速度奖励:-2338.800000000016, 加速度奖励:-1313.2261766539289, 交通灯奖励:-896.9999999998669, 与前车进行交互的惩罚:-760.2000000000103
Episode:78/100, Reward:-5309.226176653908
Episode:78/100, avg speed:12.947159353236508
Episode:78/100, avg halt num:0.017227877838684416
Episode:78/100, avg elec cons:2.0010409387075323
 Retrying in 1 seconds
Warning: Unused states in tlLogic 'J10', program '0' in phase 0 after tl-index 10
Simulation......
总奖励:-8927.867809840049, 速度奖励:-2511.450000000009, 加速度奖励:-1067.9178098404193, 交通灯奖励:-4423.800000000495, 与前车进行交互的惩罚:-924.700000000021
Episode:79/100, Reward:-8927.867809840049
Episode:79/100, avg speed:13.64927792552589
Episode:79/100, avg halt num:0.17510630073444144
Episode:79/100, avg elec cons:1.6726460499700266
 Retrying in 1 seconds
Warning: Unused states in tlLogic 'J10', program '0' in phase 0 after tl-index 10
Simulation......
总奖励:-14495.572419356027, 速度奖励:-4438.299999999922, 加速度奖励:-1447.1724193568436, 交通灯奖励:-7228.999999998225, 与前车进行交互的惩罚:-1381.1000000000506
Episode:80/100, Reward:-14495.572419356027
Episode:80/100, avg speed:10.953207287327006
Episode:80/100, avg halt num:0.2854012137559002
Episode:80/100, avg elec cons:0.7775295553507753
 Retrying in 1 seconds
Warning: Unused states in tlLogic 'J10', program '0' in phase 0 after tl-index 10
Simulation......
总奖励:-14153.097287408309, 速度奖励:-5068.19999999996, 加速度奖励:-1876.99728740879, 交通灯奖励:-6022.799999998277, 与前车进行交互的惩罚:-1185.1000000000379
Episode:81/100, Reward:-14153.097287408309
Episode:81/100, avg speed:9.686828929781123
Episode:81/100, avg halt num:0.2012046089385475
Episode:81/100, avg elec cons:0.7724085668811285
 Retrying in 1 seconds
Warning: Unused states in tlLogic 'J10', program '0' in phase 0 after tl-index 10
Simulation......
总奖励:-28344.88578875631, 速度奖励:-6695.4999999999645, 加速度奖励:-3303.885788755723, 交通灯奖励:-15930.49999999544, 与前车进行交互的惩罚:-2414.9999999999986
Episode:82/100, Reward:-28344.88578875631
Episode:82/100, avg speed:8.418126452608043
Episode:82/100, avg halt num:0.15092036063110442
Episode:82/100, avg elec cons:0.8813575596868576
 Retrying in 1 seconds
Warning: Unused states in tlLogic 'J10', program '0' in phase 0 after tl-index 10
Simulation......
总奖励:-42797.366634267055, 速度奖励:-8712.700000000012, 加速度奖励:-5706.3666342656725, 交通灯奖励:-25478.900000007958, 与前车进行交互的惩罚:-2899.3999999998728
Episode:83/100, Reward:-42797.366634267055
Episode:83/100, avg speed:7.7687145383949465
Episode:83/100, avg halt num:0.1569267515923567
Episode:83/100, avg elec cons:0.9535970020392949
 Retrying in 1 seconds
Warning: Unused states in tlLogic 'J10', program '0' in phase 0 after tl-index 10
Simulation......
总奖励:-8675.761350322296, 速度奖励:-2698.099999999982, 加速度奖励:-1340.8613503223175, 交通灯奖励:-3726.1000000005065, 与前车进行交互的惩罚:-910.70000000002
Episode:84/100, Reward:-8675.761350322296
Episode:84/100, avg speed:12.18391227458493
Episode:84/100, avg halt num:0.020209871745044693
Episode:84/100, avg elec cons:1.9746152800848058
 Retrying in 1 seconds
Warning: Unused states in tlLogic 'J10', program '0' in phase 0 after tl-index 10
Simulation......
总奖励:-10741.312868318193, 速度奖励:-2643.1999999999975, 加速度奖励:-1216.9128683183526, 交通灯奖励:-5535.09999999972, 与前车进行交互的惩罚:-1346.1000000000483
Episode:85/100, Reward:-10741.312868318193
Episode:85/100, avg speed:13.713035560358506
Episode:85/100, avg halt num:0.09181669394435352
Episode:85/100, avg elec cons:1.2974728626588634
 Retrying in 1 seconds
Warning: Unused states in tlLogic 'J10', program '0' in phase 0 after tl-index 10
Simulation......
总奖励:-11666.683023295802, 速度奖励:-4113.899999999942, 加速度奖励:-1588.8830232963553, 交通灯奖励:-4587.000000000133, 与前车进行交互的惩罚:-1376.9000000000503
Episode:86/100, Reward:-11666.683023295802
Episode:86/100, avg speed:11.00851603865266
Episode:86/100, avg halt num:0.193229794933655
Episode:86/100, avg elec cons:0.9422099999016014
 Retrying in 1 seconds
Warning: Unused states in tlLogic 'J10', program '0' in phase 0 after tl-index 10
Simulation......
总奖励:-10530.511838587772, 速度奖励:-4194.699999999919, 加速度奖励:-1793.6118385880488, 交通灯奖励:-3068.0000000008386, 与前车进行交互的惩罚:-1474.2000000000567
Episode:87/100, Reward:-10530.511838587772
Episode:87/100, avg speed:10.11363367375444
Episode:87/100, avg halt num:0.16070702966273873
Episode:87/100, avg elec cons:1.2154376247728615
 Retrying in 1 seconds
Warning: Unused states in tlLogic 'J10', program '0' in phase 0 after tl-index 10
Simulation......
总奖励:-17646.23607510677, 速度奖励:-4946.499999999951, 加速度奖励:-2629.036075106874, 交通灯奖励:-8471.899999998222, 与前车进行交互的惩罚:-1598.8000000000648
Episode:88/100, Reward:-17646.23607510677
Episode:88/100, avg speed:10.143264574566262
Episode:88/100, avg halt num:0.05918232772832179
Episode:88/100, avg elec cons:1.3886874439947618
 Retrying in 1 seconds
Warning: Unused states in tlLogic 'J10', program '0' in phase 0 after tl-index 10
Simulation......
总奖励:-22403.171503329577, 速度奖励:-4962.799999999874, 加速度奖励:-2715.971503328851, 交通灯奖励:-12426.9999999966, 与前车进行交互的惩罚:-2297.400000000029
Episode:89/100, Reward:-22403.171503329577
Episode:89/100, avg speed:10.653709905319069
Episode:89/100, avg halt num:0.0906203288490284
Episode:89/100, avg elec cons:1.41190500447235
 Retrying in 1 seconds
Warning: Unused states in tlLogic 'J10', program '0' in phase 0 after tl-index 10
Simulation......
总奖励:-7570.52594544846, 速度奖励:-3035.149999999954, 加速度奖励:-1326.8759454485541, 交通灯奖励:-2522.5000000007317, 与前车进行交互的惩罚:-686.0000000000055
Episode:90/100, Reward:-7570.52594544846
Episode:90/100, avg speed:12.16401439882268
Episode:90/100, avg halt num:0.11339217191097467
Episode:90/100, avg elec cons:1.4097431179902478
 Retrying in 1 seconds
Warning: Unused states in tlLogic 'J10', program '0' in phase 0 after tl-index 10
Simulation......
总奖励:-10806.118292201776, 速度奖励:-4500.099999999956, 加速度奖励:-1327.0182922022614, 交通灯奖励:-3456.500000000927, 与前车进行交互的惩罚:-1522.5000000000598
Episode:91/100, Reward:-10806.118292201776
Episode:91/100, avg speed:9.562097282234523
Episode:91/100, avg halt num:0.26420775310500566
Episode:91/100, avg elec cons:0.8453483320067346
 Retrying in 1 seconds
Warning: Unused states in tlLogic 'J10', program '0' in phase 0 after tl-index 10
Simulation......
总奖励:-9714.230135904258, 速度奖励:-4220.099999999949, 加速度奖励:-1376.7301359044343, 交通灯奖励:-2736.3000000007273, 与前车进行交互的惩罚:-1381.1000000000506
Episode:92/100, Reward:-9714.230135904258
Episode:92/100, avg speed:10.08009490121431
Episode:92/100, avg halt num:0.1597222222222222
Episode:92/100, avg elec cons:0.9696434545772072
 Retrying in 1 seconds
Warning: Unused states in tlLogic 'J10', program '0' in phase 0 after tl-index 10
Simulation......
总奖励:-9089.908121046345, 速度奖励:-4024.9499999999603, 加速度奖励:-1331.8581210464679, 交通灯奖励:-2406.6000000008607, 与前车进行交互的惩罚:-1326.500000000047
Episode:93/100, Reward:-9089.908121046345
Episode:93/100, avg speed:10.619294018279522
Episode:93/100, avg halt num:0.08274091627172196
Episode:93/100, avg elec cons:1.1284783936801996
 Retrying in 1 seconds
Warning: Unused states in tlLogic 'J10', program '0' in phase 0 after tl-index 10
Simulation......
总奖励:-9510.541367888507, 速度奖励:-4288.049999999961, 加速度奖励:-1492.7913678885998, 交通灯奖励:-2469.000000000889, 与前车进行交互的惩罚:-1260.7000000000428
Episode:94/100, Reward:-9510.541367888507
Episode:94/100, avg speed:10.682152759155302
Episode:94/100, avg halt num:0.048198636806231744
Episode:94/100, avg elec cons:0.8380392899541589
 Retrying in 1 seconds
Warning: Unused states in tlLogic 'J10', program '0' in phase 0 after tl-index 10
Simulation......
总奖励:-9776.61669751216, 速度奖励:-4316.599999999951, 加速度奖励:-1562.2166975122925, 交通灯奖励:-2750.500000000857, 与前车进行交互的惩罚:-1147.3000000000354
Episode:95/100, Reward:-9776.61669751216
Episode:95/100, avg speed:10.251876473915736
Episode:95/100, avg halt num:0.0761967090501122
Episode:95/100, avg elec cons:0.9286098725239895
 Retrying in 1 seconds
Warning: Unused states in tlLogic 'J10', program '0' in phase 0 after tl-index 10
Simulation......
总奖励:-6495.647750110794, 速度奖励:-3292.3499999999085, 加速度奖励:-1256.5977501108066, 交通灯奖励:-1249.5000000001573, 与前车进行交互的惩罚:-697.2000000000062
Episode:96/100, Reward:-6495.647750110794
Episode:96/100, avg speed:11.78787017480249
Episode:96/100, avg halt num:0.050329712955779676
Episode:96/100, avg elec cons:1.4895788720901892
 Retrying in 1 seconds
Warning: Unused states in tlLogic 'J10', program '0' in phase 0 after tl-index 10
Simulation......
总奖励:-4952.874982106626, 速度奖励:-2481.6999999999916, 加速度奖励:-1094.4749821066155, 交通灯奖励:-899.2999999998137, 与前车进行交互的惩罚:-477.3999999999947
Episode:97/100, Reward:-4952.874982106626
Episode:97/100, avg speed:13.310895509593534
Episode:97/100, avg halt num:0.01130952380952381
Episode:97/100, avg elec cons:2.4627733101840894
 Retrying in 1 seconds
Warning: Unused states in tlLogic 'J10', program '0' in phase 0 after tl-index 10
Simulation......
总奖励:-5049.2651383618895, 速度奖励:-2746.5499999999747, 加速度奖励:-1157.0151383618715, 交通灯奖励:-730.5999999998188, 与前车进行交互的惩罚:-415.0999999999957
Episode:98/100, Reward:-5049.2651383618895
Episode:98/100, avg speed:12.213294623386604
Episode:98/100, avg halt num:0.007335680751173709
Episode:98/100, avg elec cons:1.843623451839122
 Retrying in 1 seconds
Warning: Unused states in tlLogic 'J10', program '0' in phase 0 after tl-index 10
Simulation......
总奖励:-5853.601836898941, 速度奖励:-3150.1999999999534, 加速度奖励:-1289.1018368989075, 交通灯奖励:-941.7999999998377, 与前车进行交互的惩罚:-472.49999999999477
Episode:99/100, Reward:-5853.601836898941
Episode:99/100, avg speed:12.506293621324758
Episode:99/100, avg halt num:0.007033898305084746
Episode:99/100, avg elec cons:1.1948616678644322
 Retrying in 1 seconds
Warning: Unused states in tlLogic 'J10', program '0' in phase 0 after tl-index 10
Simulation......
总奖励:-6809.703443351075, 速度奖励:-3082.5999999999467, 加速度奖励:-1396.6034433510995, 交通灯奖励:-1741.100000000542, 与前车进行交互的惩罚:-589.3999999999992
Episode:100/100, Reward:-6809.703443351075
Episode:100/100, avg speed:12.750829330980434
Episode:100/100, avg halt num:0.04214402618657938
Episode:100/100, avg elec cons:1.4994865801319783
model saved successfully!
Complete training!
final reward list:[-61368.53634404656, -68389.04361632354, -13406.315950370881, -23649.56240702222, -8233.135444919822, -7875.265815666023, -7287.752783109615, -6814.221269210959, -6611.603391259446, -6676.055008367873, -6709.178137724234, -10274.250283767073, -6230.640883034082, -6594.126837076961, -7099.841517332276, -7260.764033315284, -6967.898918534088, -7338.2998282389035, -7428.764548787116, -5814.384189173334, -6590.322482748135, -5808.7528864168125, -5499.601657653578, -5507.359410787161, -5439.0427618013755, -5938.388407053274, -5168.425275575771, -5606.880720749018, -4998.212010318918, -5650.170421428178, -5826.29873730367, -6245.52998008572, -4709.6841662373035, -4955.616483941961, -5716.249494882611, -7770.907966672941, -5859.353248685193, -4690.553864410206, -5765.2545692546855, -4828.228785735648, -4795.668027578686, -5134.947419092203, -5080.20906205288, -4953.5068832733905, -5322.079600262152, -4760.503642256383, -5446.270338355911, -5197.911920376388, -4720.343314288235, -5117.001531087191, -5029.797612146603, -5122.682399385963, -4993.545363355152, -4934.201240772767, -4926.348353742827, -5283.593520295623, -4802.714833929684, -5028.194828474413, -5267.739314375475, -5073.377669496033, -5401.39200364284, -5266.694279052662, -5208.014702441386, -5115.484348130562, -5543.420400129071, -7563.935790449927, -5237.72726621089, -7549.718053305774, -10197.554763133494, -12395.186945269088, -12594.617066017712, -11315.009413205204, -24072.491146150685, -24149.61002908063, -14375.66093190888, -9446.537679958557, -6398.54374059642, -5309.226176653908, -8927.867809840049, -14495.572419356027, -14153.097287408309, -28344.88578875631, -42797.366634267055, -8675.761350322296, -10741.312868318193, -11666.683023295802, -10530.511838587772, -17646.23607510677, -22403.171503329577, -7570.52594544846, -10806.118292201776, -9714.230135904258, -9089.908121046345, -9510.541367888507, -9776.61669751216, -6495.647750110794, -4952.874982106626, -5049.2651383618895, -5853.601836898941, -6809.703443351075]
final speed list:[10.19481598117426, 9.970176499217418, 15.654328969597103, 11.31199060145129, 14.056159292584578, 13.994488714473146, 14.327306734230099, 14.18014737007419, 14.155816047892595, 13.861613474844088, 14.34024649865027, 13.12613988691376, 14.386780274051572, 13.810571348966247, 13.881613418897158, 13.25413062805648, 13.636489013860782, 12.375298940319913, 13.427172736382012, 13.924130115174254, 13.249673488818651, 13.475816434067822, 13.765335825914407, 13.842368956945315, 14.042884643544253, 13.2020412398338, 13.635629960774322, 12.557909289205126, 12.917479901566555, 13.426696275739237, 13.334411823585574, 12.358569610278009, 13.323901657537787, 13.465556687284941, 12.61161949596965, 11.112313220574867, 12.0699120298103, 13.42641994323041, 13.120832270429284, 13.38373903818202, 13.084720045500617, 12.724913835522443, 12.733166635658446, 13.082357231445295, 12.45806490185674, 13.948137822408773, 12.960826331366949, 12.756941586976673, 13.70149910815018, 12.957932633169104, 13.868250353700658, 13.066011747277564, 13.126714008747298, 13.066675840011182, 12.663825834147781, 12.760447435447999, 12.17592406009923, 12.891662310463895, 12.887942964234384, 13.28011691197408, 12.597747032219097, 13.030495334508599, 13.366513336187687, 13.108882861320344, 12.454484626909354, 12.26564478375234, 13.767689074975511, 12.573790701364931, 10.957691802330348, 9.681029490625644, 10.752206115241314, 9.886267151905953, 8.064065630087661, 9.671587486762625, 10.193462128835725, 10.720236913518884, 11.883499487622478, 12.947159353236508, 13.64927792552589, 10.953207287327006, 9.686828929781123, 8.418126452608043, 7.7687145383949465, 12.18391227458493, 13.713035560358506, 11.00851603865266, 10.11363367375444, 10.143264574566262, 10.653709905319069, 12.16401439882268, 9.562097282234523, 10.08009490121431, 10.619294018279522, 10.682152759155302, 10.251876473915736, 11.78787017480249, 13.310895509593534, 12.213294623386604, 12.506293621324758, 12.750829330980434]
final elec cons list:[1.0166747793583153, 1.1317581743773906, 2.036579833949945, 1.2746537669511349, 2.8249801952250735, 2.563033985075916, 2.5312220944504844, 2.2614451480476463, 2.4069809788944045, 2.561249673137442, 2.423278490745568, 2.1383654789043094, 2.3911009848853655, 2.6380226847758115, 2.6725706591364435, 2.5165411603551164, 2.289134527151425, 2.4600453962262216, 2.4005400549510436, 2.4368974233553677, 2.6705334226383775, 2.746840796672145, 2.4411117241082465, 2.518483037665572, 2.5576266740812543, 2.8489277791871834, 2.6186112965043886, 2.921788932752606, 2.8882934166333785, 2.479016930588545, 2.709552183038219, 2.1987149756942395, 2.5274196601370886, 2.0683439074264576, 1.4845522986751103, 1.0491556807664115, 2.333237683507595, 2.591270678065757, 2.3696397511559075, 2.5110847997432035, 2.4650937877122745, 2.5378278029385455, 2.719279341083913, 2.5660339025874914, 2.614274268754113, 2.406260832287681, 2.746193206346256, 2.739052334517522, 2.2971967018353463, 2.42322193090449, 2.3507077444774453, 2.5029793139892322, 2.3786558275056535, 2.4103460550960114, 2.738609728330232, 2.4690153848906027, 2.518440001898517, 2.6556151150356864, 2.54338403834857, 2.2941115183385006, 2.684040988282453, 2.35581840431134, 2.318560739193533, 2.5418057920077293, 1.488686682248354, 1.0747945226214146, 2.3663090173883172, 1.5925767476368144, 0.7986858143450221, 0.716131312133646, 0.9459961127507932, 0.8843097122493794, 0.5786287333860956, 0.7967654277547784, 0.8771995338108459, 1.5424570708799712, 1.512369295437356, 2.0010409387075323, 1.6726460499700266, 0.7775295553507753, 0.7724085668811285, 0.8813575596868576, 0.9535970020392949, 1.9746152800848058, 1.2974728626588634, 0.9422099999016014, 1.2154376247728615, 1.3886874439947618, 1.41190500447235, 1.4097431179902478, 0.8453483320067346, 0.9696434545772072, 1.1284783936801996, 0.8380392899541589, 0.9286098725239895, 1.4895788720901892, 2.4627733101840894, 1.843623451839122, 1.1948616678644322, 1.4994865801319783]
final halt list:[1.3271780303030303, 1.5907123834886818, 0.2682249101013403, 0.30758266818700114, 0.11537686416767433, 0.14173789173789172, 0.10948158253751705, 0.10502958579881656, 0.1010223953261928, 0.11199371508379888, 0.08269993390614673, 0.16273100616016428, 0.06828848560700876, 0.0921792618629174, 0.09259601181683899, 0.10400907715582451, 0.09887102292165584, 0.13279352226720648, 0.12437544610992149, 0.05862646566164154, 0.0550423402617398, 0.0412448443944507, 0.023327759197324414, 0.043904448105436575, 0.029155495978552277, 0.03398617511520737, 0.020906228131560532, 0.032777115613825986, 0.012530072173215718, 0.02653096729297147, 0.014002987303958178, 0.04189789123196448, 0.003737830319888734, 0.012650602409638554, 0.034151076597246734, 0.08244015719899964, 0.014383278145695365, 0.011891062523973917, 0.01242289239204935, 0.005403458213256484, 0.007733812949640288, 0.015117157974300832, 0.012885591565794611, 0.009080800593031875, 0.016939252336448597, 0.007545931758530184, 0.0066112580279561765, 0.010621861722672847, 0.004436488169364882, 0.00838466803559206, 0.009802306425041186, 0.008525852585258526, 0.004712218108381017, 0.0037574274729115695, 0.007986913010007698, 0.010285095633345363, 0.011491935483870968, 0.017562794348508635, 0.007369614512471655, 0.004194078947368421, 0.012578003120124805, 0.004495159059474412, 0.007512520868113523, 0.0234375, 0.017721300138312586, 0.06670350489422167, 0.008388157894736842, 0.09711779448621553, 0.10869565217391304, 0.14311200744647842, 0.06922342457033737, 0.0445750452079566, 0.29569508009153317, 0.2912967660114141, 0.112969390975071, 0.017644802454929037, 0.022710349962769917, 0.017227877838684416, 0.17510630073444144, 0.2854012137559002, 0.2012046089385475, 0.15092036063110442, 0.1569267515923567, 0.020209871745044693, 0.09181669394435352, 0.193229794933655, 0.16070702966273873, 0.05918232772832179, 0.0906203288490284, 0.11339217191097467, 0.26420775310500566, 0.1597222222222222, 0.08274091627172196, 0.048198636806231744, 0.0761967090501122, 0.050329712955779676, 0.01130952380952381, 0.007335680751173709, 0.007033898305084746, 0.04214402618657938]
speed reward list:[-11855.30000000033, -13639.40000000043, -2416.600000000003, -5317.19999999985, -2446.0000000000027, -2540.4999999999936, -2603.699999999988, -2580.499999999998, -2539.5000000000027, -2592.5999999999904, -2638.5999999999885, -3325.7999999999693, -2524.5499999999993, -2608.2999999999965, -2743.3499999999763, -2747.9999999999795, -2775.3999999999614, -2838.3499999999794, -2833.849999999983, -2675.5999999999876, -2785.9999999999873, -2621.699999999994, -2717.299999999983, -2637.749999999982, -2577.499999999992, -2738.4499999999784, -2600.9999999999927, -2691.7999999999965, -2745.799999999983, -2779.7499999999723, -2764.4999999999827, -3023.6999999999853, -2672.8499999999913, -2717.29999999997, -3159.399999999967, -3941.7499999999213, -2909.9999999999613, -2646.699999999987, -2861.849999999975, -2660.1499999999905, -2750.7999999999793, -2846.3499999999754, -2697.9999999999845, -2691.899999999971, -2825.849999999973, -2576.2499999999773, -2735.7499999999773, -2780.0999999999785, -2647.0999999999785, -2797.4499999999807, -2659.549999999973, -2732.6999999999834, -2791.0499999999683, -2832.699999999959, -2707.5999999999813, -2894.449999999979, -2794.9999999999436, -2789.6999999999816, -2890.0499999999806, -2866.6499999999733, -2812.9999999999786, -2889.2999999999647, -2832.2499999999777, -2732.5499999999756, -3119.2499999999745, -3905.7499999999427, -2814.6999999999853, -3386.3999999999714, -4230.699999999881, -4556.599999999951, -4093.449999999865, -4283.599999999945, -6831.949999999962, -6514.24999999992, -5005.749999999942, -3437.2499999999095, -3035.2499999999486, -2338.800000000016, -2511.450000000009, -4438.299999999922, -5068.19999999996, -6695.4999999999645, -8712.700000000012, -2698.099999999982, -2643.1999999999975, -4113.899999999942, -4194.699999999919, -4946.499999999951, -4962.799999999874, -3035.149999999954, -4500.099999999956, -4220.099999999949, -4024.9499999999603, -4288.049999999961, -4316.599999999951, -3292.3499999999085, -2481.6999999999916, -2746.5499999999747, -3150.1999999999534, -3082.5999999999467]
accel reward list:[-649.6363440405312, -618.3436163225732, -828.0159503716195, -2215.762407020128, -1079.6354449200578, -1069.7658156663854, -1026.3527831098775, -890.921269211276, -787.7033912597332, -857.4550083681302, -886.8781377244095, -1265.350283767543, -855.290883034221, -900.9268370771629, -983.1915173325016, -915.5640333154912, -939.7989185342443, -1061.4498282391362, -936.8145487873817, -891.7841891734453, -941.4224827482665, -860.8528864168995, -875.5016576536153, -889.0094107872516, -896.7427618014333, -958.6384070533342, -927.1252755757939, -988.0807207490532, -879.4120103189729, -914.1204214282645, -984.3987373037492, -1050.1299800857896, -757.7341662373323, -965.6164839419652, -986.1494948825936, -1038.9579666729312, -1001.4532486852327, -867.3538644102096, -1082.904569254696, -918.2787857356227, -892.468027578685, -901.7974190922055, -859.1090620528754, -886.3068832733923, -943.4296002621426, -828.5536422564062, -962.8203383559423, -934.4119203763811, -878.4433142882189, -912.8515310871967, -802.8476121466549, -817.9823993859964, -828.4953633551634, -803.7012407727616, -795.2483537428107, -834.7435202956316, -828.5148339296708, -825.0948284744608, -815.1893143754622, -810.1276694960412, -731.2920036428948, -808.1942790526911, -768.6647024414256, -714.7343481305778, -756.0704001291291, -864.5857904499668, -714.927266210939, -903.8180533059872, -1240.454763133761, -1766.1869452694114, -1798.1670660178027, -1616.6094132052679, -2838.9411461492496, -2959.560029080037, -2138.0109319092735, -1537.8876799585616, -1456.493740596413, -1313.2261766539289, -1067.9178098404193, -1447.1724193568436, -1876.99728740879, -3303.885788755723, -5706.3666342656725, -1340.8613503223175, -1216.9128683183526, -1588.8830232963553, -1793.6118385880488, -2629.036075106874, -2715.971503328851, -1326.8759454485541, -1327.0182922022614, -1376.7301359044343, -1331.8581210464679, -1492.7913678885998, -1562.2166975122925, -1256.5977501108066, -1094.4749821066155, -1157.0151383618715, -1289.1018368989075, -1396.6034433510995]
tls reward list:[-41995.90000002211, -46988.500000027525, -8259.799999998986, -14468.099999996, -3684.8000000005363, -3542.6000000006175, -2804.4000000005526, -2731.0000000005125, -2755.200000000412, -2677.200000000601, -2535.5000000005134, -4732.499999999685, -2442.700000000451, -2611.700000000544, -2746.8000000005777, -2953.20000000057, -2783.000000000605, -2898.1000000006784, -3014.8000000006055, -1731.1000000003937, -2183.2000000005783, -1610.1000000002311, -1195.5999999999897, -1283.4000000000588, -1282.3000000000247, -1500.7000000001735, -1004.699999999813, -1213.0000000000264, -586.8999999998055, -1235.3000000000989, -1215.0000000000198, -1340.100000000119, -670.7999999998802, -634.299999999873, -877.6999999998146, -1932.7000000008795, -1290.600000000154, -678.7999999998575, -1131.0000000000023, -570.0999999998819, -485.2999999999023, -672.7999999997969, -793.6999999998618, -658.4999999999433, -805.1999999997976, -656.3999999998889, -898.5999999998681, -669.299999999862, -547.2999999999014, -603.7999999998391, -842.1999999998645, -780.2999999998218, -649.4999999998992, -530.5999999998766, -708.7999999998497, -840.3999999998019, -468.6999999999115, -631.4999999998289, -772.1999999999038, -637.7999999998524, -1075.8999999998773, -797.0999999998455, -793.6999999998659, -898.1999999998393, -947.099999999801, -1794.7000000005605, -765.1999999998266, -2318.7000000004277, -3999.800000001013, -5058.100000000534, -5731.399999997689, -4087.600000001036, -12618.699999995357, -12141.09999999488, -5636.599999998916, -3121.8000000006987, -963.8999999998201, -896.9999999998669, -4423.800000000495, -7228.999999998225, -6022.799999998277, -15930.49999999544, -25478.900000007958, -3726.1000000005065, -5535.09999999972, -4587.000000000133, -3068.0000000008386, -8471.899999998222, -12426.9999999966, -2522.5000000007317, -3456.500000000927, -2736.3000000007273, -2406.6000000008607, -2469.000000000889, -2750.500000000857, -1249.5000000001573, -899.2999999998137, -730.5999999998188, -941.7999999998377, -1741.100000000542]
extra reward list:[-6867.699999998842, -7142.7999999987705, -1901.9000000000844, -1648.500000000068, -1022.7000000000273, -722.4000000000078, -853.3000000000163, -611.8000000000006, -529.1999999999953, -548.7999999999965, -648.200000000003, -950.6000000000226, -408.0999999999958, -473.19999999999476, -626.5000000000016, -644.0000000000027, -469.6999999999948, -540.399999999996, -643.3000000000027, -515.8999999999944, -679.700000000005, -716.1000000000074, -711.2000000000071, -697.2000000000062, -682.5000000000052, -740.600000000009, -635.6000000000022, -714.0000000000073, -786.100000000012, -721.0000000000077, -862.4000000000169, -831.6000000000149, -608.3000000000004, -638.4000000000024, -693.0000000000059, -857.5000000000166, -657.3000000000036, -497.69999999999436, -689.5000000000057, -679.700000000005, -667.1000000000042, -714.0000000000073, -729.4000000000083, -716.8000000000075, -747.6000000000095, -699.3000000000063, -849.100000000016, -814.1000000000138, -647.500000000003, -802.900000000013, -725.200000000008, -791.7000000000123, -724.500000000008, -767.2000000000107, -714.7000000000073, -714.0000000000073, -710.500000000007, -781.9000000000117, -790.3000000000122, -758.8000000000102, -781.2000000000116, -772.100000000011, -813.4000000000137, -770.0000000000109, -721.0000000000077, -998.9000000000258, -942.9000000000221, -940.800000000022, -726.6000000000081, -1014.3000000000268, -971.600000000024, -1327.200000000047, -1782.9000000000767, -2534.6999999999675, -1595.3000000000645, -1349.6000000000486, -942.9000000000221, -760.2000000000103, -924.700000000021, -1381.1000000000506, -1185.1000000000379, -2414.9999999999986, -2899.3999999998728, -910.70000000002, -1346.1000000000483, -1376.9000000000503, -1474.2000000000567, -1598.8000000000648, -2297.400000000029, -686.0000000000055, -1522.5000000000598, -1381.1000000000506, -1326.500000000047, -1260.7000000000428, -1147.3000000000354, -697.2000000000062, -477.3999999999947, -415.0999999999957, -472.49999999999477, -589.3999999999992]
