nohup: 忽略输入
Env:sumo, Algorithm:TD3, Device:cuda
-----------------------------------------
models/reward_s5e-2(-5, 1)_a4e-2_t(-2_1.3).pth
-----------------------------------------
 Retrying in 1 seconds
Warning: Unused states in tlLogic 'J10', program '0' in phase 0 after tl-index 10
Simulation......
总奖励:-4111.888342679005, 速度奖励:-3018.1499999999496, 加速度奖励:-711.2383426792711, 交通灯奖励:-382.4999999999611, 与前车进行交互的惩罚:0.0
Episode:1/100, Reward:-4111.888342679005
Episode:1/100, avg speed:14.437917980568516
Episode:1/100, avg halt num:0.3433744722312439
Episode:1/100, avg elec cons:1.762902998089894
 Retrying in 1 seconds
Warning: Unused states in tlLogic 'J10', program '0' in phase 0 after tl-index 10
Simulation......
总奖励:-5332.083232249743, 速度奖励:-3542.549999999914, 加速度奖励:-681.333232250229, 交通灯奖励:-1108.200000000196, 与前车进行交互的惩罚:0.0
Episode:2/100, Reward:-5332.083232249743
Episode:2/100, avg speed:14.017458994774065
Episode:2/100, avg halt num:0.4596020761245675
Episode:2/100, avg elec cons:1.8991220424325361
 Retrying in 1 seconds
Warning: Unused states in tlLogic 'J10', program '0' in phase 0 after tl-index 10
Simulation......
总奖励:-4112.739323694606, 速度奖励:-2415.9000000000024, 加速度奖励:-829.5393236949105, 交通灯奖励:-867.3000000002098, 与前车进行交互的惩罚:0.0
Episode:3/100, Reward:-4112.739323694606
Episode:3/100, avg speed:15.657443577063514
Episode:3/100, avg halt num:0.2687152664269369
Episode:3/100, avg elec cons:2.040001336595249
 Retrying in 1 seconds
Warning: Unused states in tlLogic 'J10', program '0' in phase 0 after tl-index 10
Simulation......
总奖励:-3274.6328885422145, 速度奖励:-2226.6000000000117, 加速度奖励:-769.0328885424155, 交通灯奖励:-278.99999999995623, 与前车进行交互的惩罚:0.0
Episode:4/100, Reward:-3274.6328885422145
Episode:4/100, avg speed:15.180946944438496
Episode:4/100, avg halt num:0.2661600615621393
Episode:4/100, avg elec cons:2.517761405001358
 Retrying in 1 seconds
Warning: Unused states in tlLogic 'J10', program '0' in phase 0 after tl-index 10
Simulation......
总奖励:-3337.8302637641204, 速度奖励:-2255.7000000000116, 加速度奖励:-787.8302637642464, 交通灯奖励:-294.2999999999925, 与前车进行交互的惩罚:0.0
Episode:5/100, Reward:-3337.8302637641204
Episode:5/100, avg speed:15.442064310202419
Episode:5/100, avg halt num:0.2716733870967742
Episode:5/100, avg elec cons:2.595418377939909
 Retrying in 1 seconds
Warning: Unused states in tlLogic 'J10', program '0' in phase 0 after tl-index 10
Simulation......
总奖励:-3310.085959345906, 速度奖励:-2305.650000000007, 加速度奖励:-773.7359593461617, 交通灯奖励:-230.69999999996213, 与前车进行交互的惩罚:0.0
Episode:6/100, Reward:-3310.085959345906
Episode:6/100, avg speed:15.392720590987073
Episode:6/100, avg halt num:0.2700286123032904
Episode:6/100, avg elec cons:2.326385897500639
 Retrying in 1 seconds
Warning: Unused states in tlLogic 'J10', program '0' in phase 0 after tl-index 10
Simulation......
总奖励:-3645.867025706873, 速度奖励:-2309.9000000000074, 加速度奖励:-794.0670257070905, 交通灯奖励:-541.9000000000092, 与前车进行交互的惩罚:0.0
Episode:7/100, Reward:-3645.867025706873
Episode:7/100, avg speed:15.671960660433209
Episode:7/100, avg halt num:0.25412371134020617
Episode:7/100, avg elec cons:2.2252208697171167
 Retrying in 1 seconds
Warning: Unused states in tlLogic 'J10', program '0' in phase 0 after tl-index 10
Simulation......
总奖励:-3025.8262022235162, 速度奖励:-2229.250000000012, 加速度奖励:-771.4762022236176, 交通灯奖励:-25.09999999997884, 与前车进行交互的惩罚:0.0
Episode:8/100, Reward:-3025.8262022235162
Episode:8/100, avg speed:15.716754610718901
Episode:8/100, avg halt num:0.22265994327135202
Episode:8/100, avg elec cons:2.0809409799729486
 Retrying in 1 seconds
Warning: Unused states in tlLogic 'J10', program '0' in phase 0 after tl-index 10
Simulation......
总奖励:-3445.156332233486, 速度奖励:-2260.9000000000106, 加速度奖励:-783.5563322337075, 交通灯奖励:-400.69999999994747, 与前车进行交互的惩罚:0.0
Episode:9/100, Reward:-3445.156332233486
Episode:9/100, avg speed:15.61238309868525
Episode:9/100, avg halt num:0.23314881146206448
Episode:9/100, avg elec cons:2.1335054483633873
 Retrying in 1 seconds
Warning: Unused states in tlLogic 'J10', program '0' in phase 0 after tl-index 10
Simulation......
总奖励:-2986.0966430668905, 速度奖励:-2343.750000000006, 加速度奖励:-795.946643066971, 交通灯奖励:153.60000000002992, 与前车进行交互的惩罚:0.0
Episode:10/100, Reward:-2986.0966430668905
Episode:10/100, avg speed:15.28533396776175
Episode:10/100, avg halt num:0.2730959097320169
Episode:10/100, avg elec cons:2.2581718163871645
 Retrying in 1 seconds
Warning: Unused states in tlLogic 'J10', program '0' in phase 0 after tl-index 10
Simulation......
总奖励:-3375.339787354562, 速度奖励:-2302.000000000009, 加速度奖励:-788.4397873547474, 交通灯奖励:-284.89999999996826, 与前车进行交互的惩罚:0.0
Episode:11/100, Reward:-3375.339787354562
Episode:11/100, avg speed:15.889266951644418
Episode:11/100, avg halt num:0.24048731642189586
Episode:11/100, avg elec cons:2.177565640018956
 Retrying in 1 seconds
Warning: Unused states in tlLogic 'J10', program '0' in phase 0 after tl-index 10
Simulation......
总奖励:-2905.385012514714, 速度奖励:-2246.600000000012, 加速度奖励:-778.3850125148099, 交通灯奖励:119.60000000003434, 与前车进行交互的惩罚:0.0
Episode:12/100, Reward:-2905.385012514714
Episode:12/100, avg speed:15.716433826903495
Episode:12/100, avg halt num:0.24145372928176795
Episode:12/100, avg elec cons:2.2313964467563956
 Retrying in 1 seconds
Warning: Unused states in tlLogic 'J10', program '0' in phase 0 after tl-index 10
Simulation......
总奖励:-3539.8107670547743, 速度奖励:-2224.1500000000115, 加速度奖励:-765.5607670549524, 交通灯奖励:-550.0999999999722, 与前车进行交互的惩罚:0.0
Episode:13/100, Reward:-3539.8107670547743
Episode:13/100, avg speed:15.855021704843617
Episode:13/100, avg halt num:0.21860170832015186
Episode:13/100, avg elec cons:2.0970288194655566
 Retrying in 1 seconds
Warning: Unused states in tlLogic 'J10', program '0' in phase 0 after tl-index 10
Simulation......
总奖励:-3373.5792326492697, 速度奖励:-2305.35000000001, 加速度奖励:-779.0292326495135, 交通灯奖励:-289.1999999999663, 与前车进行交互的惩罚:0.0
Episode:14/100, Reward:-3373.5792326492697
Episode:14/100, avg speed:15.509070916412451
Episode:14/100, avg halt num:0.26500355113636365
Episode:14/100, avg elec cons:2.333199837469124
 Retrying in 1 seconds
Warning: Unused states in tlLogic 'J10', program '0' in phase 0 after tl-index 10
Simulation......
总奖励:-3326.41540899084, 速度奖励:-2339.7500000000055, 加速度奖励:-807.1654089909375, 交通灯奖励:-179.49999999997104, 与前车进行交互的惩罚:0.0
Episode:15/100, Reward:-3326.41540899084
Episode:15/100, avg speed:15.563270050723267
Episode:15/100, avg halt num:0.2822850762932639
Episode:15/100, avg elec cons:2.3429350798849877
 Retrying in 1 seconds
Warning: Unused states in tlLogic 'J10', program '0' in phase 0 after tl-index 10
Simulation......
总奖励:-3852.1616931021226, 速度奖励:-2338.5500000000047, 加速度奖励:-790.5116931023952, 交通灯奖励:-723.1000000001366, 与前车进行交互的惩罚:0.0
Episode:16/100, Reward:-3852.1616931021226
Episode:16/100, avg speed:15.372720811931531
Episode:16/100, avg halt num:0.286910197869102
Episode:16/100, avg elec cons:2.460021109765329
 Retrying in 1 seconds
Warning: Unused states in tlLogic 'J10', program '0' in phase 0 after tl-index 10
Simulation......
总奖励:-3457.597150579628, 速度奖励:-2320.8000000000065, 加速度奖励:-776.4971505798458, 交通灯奖励:-360.29999999999836, 与前车进行交互的惩罚:0.0
Episode:17/100, Reward:-3457.597150579628
Episode:17/100, avg speed:15.588550935591098
Episode:17/100, avg halt num:0.2703993055555556
Episode:17/100, avg elec cons:2.25574014033815
 Retrying in 1 seconds
Warning: Unused states in tlLogic 'J10', program '0' in phase 0 after tl-index 10
Simulation......
总奖励:-3235.7827023143295, 速度奖励:-2291.6000000000104, 加速度奖励:-764.0827023145067, 交通灯奖励:-180.09999999995904, 与前车进行交互的惩罚:0.0
Episode:18/100, Reward:-3235.7827023143295
Episode:18/100, avg speed:14.74248497448636
Episode:18/100, avg halt num:0.30044570502431117
Episode:18/100, avg elec cons:2.637734756027152
 Retrying in 1 seconds
Warning: Unused states in tlLogic 'J10', program '0' in phase 0 after tl-index 10
Simulation......
总奖励:-3737.5293940808747, 速度奖励:-2395.400000000002, 加速度奖励:-810.429394081095, 交通灯奖励:-531.6999999999803, 与前车进行交互的惩罚:0.0
Episode:19/100, Reward:-3737.5293940808747
Episode:19/100, avg speed:15.313827785836164
Episode:19/100, avg halt num:0.28359826589595377
Episode:19/100, avg elec cons:2.3085044619687345
 Retrying in 1 seconds
Warning: Unused states in tlLogic 'J10', program '0' in phase 0 after tl-index 10
Simulation......
总奖励:-3258.196376567317, 速度奖励:-2291.500000000008, 加速度奖励:-792.7963765675042, 交通灯奖励:-173.8999999999611, 与前车进行交互的惩罚:0.0
Episode:20/100, Reward:-3258.196376567317
Episode:20/100, avg speed:15.632319785655913
Episode:20/100, avg halt num:0.247964031218188
Episode:20/100, avg elec cons:2.187757251100123
 Retrying in 1 seconds
Warning: Unused states in tlLogic 'J10', program '0' in phase 0 after tl-index 10
Simulation......
总奖励:-3344.905483769103, 速度奖励:-2391.950000000003, 加速度奖励:-797.7554837692763, 交通灯奖励:-155.19999999997543, 与前车进行交互的惩罚:0.0
Episode:21/100, Reward:-3344.905483769103
Episode:21/100, avg speed:15.26933517072161
Episode:21/100, avg halt num:0.31088992974238877
Episode:21/100, avg elec cons:2.5114359276183147
 Retrying in 1 seconds
Warning: Unused states in tlLogic 'J10', program '0' in phase 0 after tl-index 10
Simulation......
总奖励:-3027.4549937519937, 速度奖励:-2240.6000000000104, 加速度奖励:-754.9549937521718, 交通灯奖励:-31.899999999957412, 与前车进行交互的惩罚:0.0
Episode:22/100, Reward:-3027.4549937519937
Episode:22/100, avg speed:15.45798745383413
Episode:22/100, avg halt num:0.2641419893697798
Episode:22/100, avg elec cons:2.5135139078386355
 Retrying in 1 seconds
Warning: Unused states in tlLogic 'J10', program '0' in phase 0 after tl-index 10
Simulation......
总奖励:-2717.7120041992694, 速度奖励:-2264.1000000000104, 加速度奖励:-778.2120041994391, 交通灯奖励:324.60000000002066, 与前车进行交互的惩罚:0.0
Episode:23/100, Reward:-2717.7120041992694
Episode:23/100, avg speed:15.809533081404792
Episode:23/100, avg halt num:0.244579945799458
Episode:23/100, avg elec cons:2.1718776688294668
 Retrying in 1 seconds
Warning: Unused states in tlLogic 'J10', program '0' in phase 0 after tl-index 10
Simulation......
总奖励:-2756.412168999186, 速度奖励:-2298.500000000008, 加速度奖励:-766.8121689993867, 交通灯奖励:308.90000000003585, 与前车进行交互的惩罚:0.0
Episode:24/100, Reward:-2756.412168999186
Episode:24/100, avg speed:15.628897497842447
Episode:24/100, avg halt num:0.250743555849306
Episode:24/100, avg elec cons:2.175825407275956
 Retrying in 1 seconds
Warning: Unused states in tlLogic 'J10', program '0' in phase 0 after tl-index 10
Simulation......
总奖励:-2706.3238159722337, 速度奖励:-2247.00000000001, 加速度奖励:-756.9238159723548, 交通灯奖励:297.6000000000261, 与前车进行交互的惩罚:0.0
Episode:25/100, Reward:-2706.3238159722337
Episode:25/100, avg speed:15.746486903465735
Episode:25/100, avg halt num:0.2448340108401084
Episode:25/100, avg elec cons:2.23901313187479
 Retrying in 1 seconds
Warning: Unused states in tlLogic 'J10', program '0' in phase 0 after tl-index 10
Simulation......
总奖励:-13526.127213446694, 速度奖励:-6572.50000000001, 加速度奖励:-4250.12721344594, 交通灯奖励:-2703.4999999996435, 与前车进行交互的惩罚:0.0
Episode:26/100, Reward:-13526.127213446694
Episode:26/100, avg speed:9.995152198220637
Episode:26/100, avg halt num:0.3465506125080593
Episode:26/100, avg elec cons:1.4349749342830647
 Retrying in 1 seconds
Warning: Unused states in tlLogic 'J10', program '0' in phase 0 after tl-index 10
Simulation......
总奖励:-25036.32997620355, 速度奖励:-11510.0, 加速度奖励:-8312.229976201326, 交通灯奖励:-5214.099999996931, 与前车进行交互的惩罚:0.0
Episode:27/100, Reward:-25036.32997620355
Episode:27/100, avg speed:5.979203623539125
Episode:27/100, avg halt num:0.4273721503388786
Episode:27/100, avg elec cons:0.7062794674913889
 Retrying in 1 seconds
Warning: Unused states in tlLogic 'J10', program '0' in phase 0 after tl-index 10
Simulation......
总奖励:-25131.566494838702, 速度奖励:-11433.25, 加速度奖励:-8312.816494836983, 交通灯奖励:-5385.499999997088, 与前车进行交互的惩罚:0.0
Episode:28/100, Reward:-25131.566494838702
Episode:28/100, avg speed:5.073520816669875
Episode:28/100, avg halt num:0.46855800505963136
Episode:28/100, avg elec cons:0.8277869984364391
 Retrying in 1 seconds
Warning: Unused states in tlLogic 'J10', program '0' in phase 0 after tl-index 10
Simulation......
总奖励:-24570.08241675877, 速度奖励:-11415.75, 加速度奖励:-8294.932416756983, 交通灯奖励:-4859.399999997356, 与前车进行交互的惩罚:0.0
Episode:29/100, Reward:-24570.08241675877
Episode:29/100, avg speed:5.443080055054922
Episode:29/100, avg halt num:0.45686900958466453
Episode:29/100, avg elec cons:0.81476335921958
 Retrying in 1 seconds
Warning: Unused states in tlLogic 'J10', program '0' in phase 0 after tl-index 10
Simulation......
总奖励:-25546.344969683134, 速度奖励:-11598.5, 加速度奖励:-8289.744969680949, 交通灯奖励:-5658.09999999707, 与前车进行交互的惩罚:0.0
Episode:30/100, Reward:-25546.344969683134
Episode:30/100, avg speed:6.6227786201540715
Episode:30/100, avg halt num:0.4432399879554351
Episode:30/100, avg elec cons:0.6907511553028999
 Retrying in 1 seconds
Warning: Unused states in tlLogic 'J10', program '0' in phase 0 after tl-index 10
Simulation......
总奖励:-25197.867579507227, 速度奖励:-11517.25, 加速度奖励:-8302.91757950495, 交通灯奖励:-5377.699999997224, 与前车进行交互的惩罚:0.0
Episode:31/100, Reward:-25197.867579507227
Episode:31/100, avg speed:6.669360267115985
Episode:31/100, avg halt num:0.42732919254658386
Episode:31/100, avg elec cons:0.7109103117169426
 Retrying in 1 seconds
Warning: Unused states in tlLogic 'J10', program '0' in phase 0 after tl-index 10
Simulation......
总奖励:-25621.37086192718, 速度奖励:-11460.0, 加速度奖励:-8307.77086192511, 交通灯奖励:-5853.5999999969745, 与前车进行交互的惩罚:0.0
Episode:32/100, Reward:-25621.37086192718
Episode:32/100, avg speed:5.941499176863764
Episode:32/100, avg halt num:0.44427811044577514
Episode:32/100, avg elec cons:0.7655212556889995
 Retrying in 1 seconds
Warning: Unused states in tlLogic 'J10', program '0' in phase 0 after tl-index 10
Simulation......
总奖励:-25262.343945587272, 速度奖励:-11517.75, 加速度奖励:-8316.693945585583, 交通灯奖励:-5427.89999999702, 与前车进行交互的惩罚:0.0
Episode:33/100, Reward:-25262.343945587272
Episode:33/100, avg speed:6.488798766469306
Episode:33/100, avg halt num:0.4183026276049532
Episode:33/100, avg elec cons:0.692839548440059
 Retrying in 1 seconds
Warning: Unused states in tlLogic 'J10', program '0' in phase 0 after tl-index 10
Simulation......
总奖励:-24899.602814391397, 速度奖励:-11509.75, 加速度奖励:-8299.852814389327, 交通灯奖励:-5089.9999999969505, 与前车进行交互的惩罚:0.0
Episode:34/100, Reward:-24899.602814391397
Episode:34/100, avg speed:7.207192301030535
Episode:34/100, avg halt num:0.406966618287373
Episode:34/100, avg elec cons:0.6649986422070912
 Retrying in 1 seconds
Warning: Unused states in tlLogic 'J10', program '0' in phase 0 after tl-index 10
Simulation......
总奖励:-24793.36453240782, 速度奖励:-11519.25, 加速度奖励:-8286.314532406144, 交通灯奖励:-4987.799999997315, 与前车进行交互的惩罚:0.0
Episode:35/100, Reward:-24793.36453240782
Episode:35/100, avg speed:6.450443742805733
Episode:35/100, avg halt num:0.47026843357118586
Episode:35/100, avg elec cons:0.7780973435328228
 Retrying in 1 seconds
Warning: Unused states in tlLogic 'J10', program '0' in phase 0 after tl-index 10
Simulation......
总奖励:-25039.026876955955, 速度奖励:-11516.5, 加速度奖励:-8322.426876953996, 交通灯奖励:-5200.099999997299, 与前车进行交互的惩罚:0.0
Episode:36/100, Reward:-25039.026876955955
Episode:36/100, avg speed:6.357356676481951
Episode:36/100, avg halt num:0.4297976701410178
Episode:36/100, avg elec cons:0.7012714849931825
 Retrying in 1 seconds
Warning: Unused states in tlLogic 'J10', program '0' in phase 0 after tl-index 10
Simulation......
总奖励:-25370.43705227111, 速度奖励:-11577.5, 加速度奖励:-8289.637052269016, 交通灯奖励:-5503.299999997181, 与前车进行交互的惩罚:0.0
Episode:37/100, Reward:-25370.43705227111
Episode:37/100, avg speed:5.344966868024901
Episode:37/100, avg halt num:0.5033783783783784
Episode:37/100, avg elec cons:0.8138479759715874
 Retrying in 1 seconds
Warning: Unused states in tlLogic 'J10', program '0' in phase 0 after tl-index 10
Simulation......
总奖励:-25048.114433140294, 速度奖励:-11466.0, 加速度奖励:-8317.414433138101, 交通灯奖励:-5264.699999997047, 与前车进行交互的惩罚:0.0
Episode:38/100, Reward:-25048.114433140294
Episode:38/100, avg speed:5.882199248710299
Episode:38/100, avg halt num:0.44498005319148937
Episode:38/100, avg elec cons:0.7619746680121855
 Retrying in 1 seconds
Warning: Unused states in tlLogic 'J10', program '0' in phase 0 after tl-index 10
Simulation......
总奖励:-25411.84946898843, 速度奖励:-11430.75, 加速度奖励:-8305.399468986498, 交通灯奖励:-5675.699999997, 与前车进行交互的惩罚:0.0
Episode:39/100, Reward:-25411.84946898843
Episode:39/100, avg speed:5.582184316538298
Episode:39/100, avg halt num:0.4207606973058637
Episode:39/100, avg elec cons:0.728537509346791
 Retrying in 1 seconds
Warning: Unused states in tlLogic 'J10', program '0' in phase 0 after tl-index 10
Simulation......
总奖励:-24711.62476246256, 速度奖励:-11497.75, 加速度奖励:-8351.874762460531, 交通灯奖励:-4861.999999997381, 与前车进行交互的惩罚:0.0
Episode:40/100, Reward:-24711.62476246256
Episode:40/100, avg speed:6.131416820594688
Episode:40/100, avg halt num:0.43847874720357943
Episode:40/100, avg elec cons:0.7355883840610271
 Retrying in 1 seconds
Warning: Unused states in tlLogic 'J10', program '0' in phase 0 after tl-index 10
Simulation......
总奖励:-24732.102302785173, 速度奖励:-11536.0, 加速度奖励:-8318.502302783036, 交通灯奖励:-4877.599999996896, 与前车进行交互的惩罚:0.0
Episode:41/100, Reward:-24732.102302785173
Episode:41/100, avg speed:6.157622364794862
Episode:41/100, avg halt num:0.4245526235972096
Episode:41/100, avg elec cons:0.6955273513349922
 Retrying in 1 seconds
Warning: Unused states in tlLogic 'J10', program '0' in phase 0 after tl-index 10
Simulation......
总奖励:-24938.7070884504, 速度奖励:-11416.25, 加速度奖励:-8322.457088448326, 交通灯奖励:-5199.999999997014, 与前车进行交互的惩罚:0.0
Episode:42/100, Reward:-24938.7070884504
Episode:42/100, avg speed:5.931408268505042
Episode:42/100, avg halt num:0.4116282789507358
Episode:42/100, avg elec cons:0.7349409737637509
 Retrying in 1 seconds
Warning: Unused states in tlLogic 'J10', program '0' in phase 0 after tl-index 10
Simulation......
总奖励:-25365.670057288167, 速度奖励:-11565.75, 加速度奖励:-8308.120057286103, 交通灯奖励:-5491.7999999970725, 与前车进行交互的惩罚:0.0
Episode:43/100, Reward:-25365.670057288167
Episode:43/100, avg speed:5.445160009357431
Episode:43/100, avg halt num:0.48686938493434695
Episode:43/100, avg elec cons:0.7919312602791128
 Retrying in 1 seconds
Warning: Unused states in tlLogic 'J10', program '0' in phase 0 after tl-index 10
Simulation......
总奖励:-25638.766770495276, 速度奖励:-11582.0, 加速度奖励:-8319.466770493082, 交通灯奖励:-5737.299999996923, 与前车进行交互的惩罚:0.0
Episode:44/100, Reward:-25638.766770495276
Episode:44/100, avg speed:5.845200388459115
Episode:44/100, avg halt num:0.4745301681503462
Episode:44/100, avg elec cons:0.7565563976572522
 Retrying in 1 seconds
Warning: Unused states in tlLogic 'J10', program '0' in phase 0 after tl-index 10
Simulation......
总奖励:-25237.437404453456, 速度奖励:-11496.5, 加速度奖励:-8308.137404451436, 交通灯奖励:-5432.799999996792, 与前车进行交互的惩罚:0.0
Episode:45/100, Reward:-25237.437404453456
Episode:45/100, avg speed:6.073297020851883
Episode:45/100, avg halt num:0.4562104562104562
Episode:45/100, avg elec cons:0.7639097921956255
 Retrying in 1 seconds
Warning: Unused states in tlLogic 'J10', program '0' in phase 0 after tl-index 10
Simulation......
Error: tcpip::Socket::recvAndCheck @ recv: peer shutdown
Quitting (on error).
