nohup: 忽略输入
Env:sumo, Algorithm:TD3, Device:cuda
-----------------------------------------
models/reward_s5e-2(-5, 1)_a24e-2_t(-2_0.1)_safe(3, -0.7)_2040.pth
-----------------------------------------
 Retrying in 1 seconds
Warning: Unused states in tlLogic 'J10', program '0' in phase 0 after tl-index 10
Simulation......
总奖励:-95548.5924285046, 速度奖励:-16263.25, 加速度奖励:-18091.54242851019, 交通灯奖励:-52834.400000034366, 与前车进行交互的惩罚:-8359.399999998672
Episode:1/100, Reward:-95548.5924285046
Episode:1/100, avg speed:6.324865719620992
Episode:1/100, avg halt num:0.7802305961754781
Episode:1/100, avg elec cons:0.2561053217834632
 Retrying in 1 seconds
Warning: Unused states in tlLogic 'J10', program '0' in phase 0 after tl-index 10
Simulation......
总奖励:-98308.45380053301, 速度奖励:-16557.75, 加速度奖励:-17930.703800538602, 交通灯奖励:-54734.70000003517, 与前车进行交互的惩罚:-9085.299999999426
Episode:2/100, Reward:-98308.45380053301
Episode:2/100, avg speed:5.934100414149113
Episode:2/100, avg halt num:0.8198617788461539
Episode:2/100, avg elec cons:0.27471845849081905
 Retrying in 1 seconds
Warning: Unused states in tlLogic 'J10', program '0' in phase 0 after tl-index 10
Simulation......
总奖励:-89859.72911571027, 速度奖励:-11364.45, 加速度奖励:-36976.77911571008, 交通灯奖励:-36972.000000018066, 与前车进行交互的惩罚:-4546.499999999445
Episode:3/100, Reward:-89859.72911571027
Episode:3/100, avg speed:6.209009963078416
Episode:3/100, avg halt num:0.3896843950905903
Episode:3/100, avg elec cons:0.5647839912996909
 Retrying in 1 seconds
Warning: Unused states in tlLogic 'J10', program '0' in phase 0 after tl-index 10
Simulation......
总奖励:-60292.28259063428, 速度奖励:-11829.450000000055, 加速度奖励:-12612.832590633365, 交通灯奖励:-31790.700000019715, 与前车进行交互的惩罚:-4059.2999999995714
Episode:4/100, Reward:-60292.28259063428
Episode:4/100, avg speed:7.1710240503193114
Episode:4/100, avg halt num:0.18982333456017667
Episode:4/100, avg elec cons:0.5141604361388236
 Retrying in 1 seconds
Warning: Unused states in tlLogic 'J10', program '0' in phase 0 after tl-index 10
Simulation......
总奖励:-14923.44039841764, 速度奖励:-4479.899999999939, 加速度奖励:-4053.7403984178677, 交通灯奖励:-5763.299999998439, 与前车进行交互的惩罚:-626.5000000000016
Episode:5/100, Reward:-14923.44039841764
Episode:5/100, avg speed:10.269319479800634
Episode:5/100, avg halt num:0.07618953991348801
Episode:5/100, avg elec cons:1.0925556662046878
 Retrying in 1 seconds
Warning: Unused states in tlLogic 'J10', program '0' in phase 0 after tl-index 10
Simulation......
总奖励:-11400.141796085303, 速度奖励:-2896.7999999999547, 加速度奖励:-3339.3417960857305, 交通灯奖励:-4791.600000000059, 与前车进行交互的惩罚:-372.3999999999964
Episode:6/100, Reward:-11400.141796085303
Episode:6/100, avg speed:13.328149506377397
Episode:6/100, avg halt num:0.11744069495489476
Episode:6/100, avg elec cons:1.474448326683847
 Retrying in 1 seconds
Warning: Unused states in tlLogic 'J10', program '0' in phase 0 after tl-index 10
Simulation......
总奖励:-10103.68355291918, 速度奖励:-3960.3499999999503, 加速度奖励:-2281.3335529192245, 交通灯奖励:-3364.300000000926, 与前车进行交互的惩罚:-497.69999999999436
Episode:7/100, Reward:-10103.68355291918
Episode:7/100, avg speed:11.501758277752971
Episode:7/100, avg halt num:0.05886332882273342
Episode:7/100, avg elec cons:0.6987274774329494
 Retrying in 1 seconds
Warning: Unused states in tlLogic 'J10', program '0' in phase 0 after tl-index 10
Simulation......
总奖励:-8148.674405197592, 速度奖励:-3754.1499999999605, 加速度奖励:-1929.7244051976418, 交通灯奖励:-2060.900000000666, 与前车进行交互的惩罚:-403.8999999999959
Episode:8/100, Reward:-8148.674405197592
Episode:8/100, avg speed:12.327136760344214
Episode:8/100, avg halt num:0.03553921568627451
Episode:8/100, avg elec cons:0.7025488731351321
 Retrying in 1 seconds
Warning: Unused states in tlLogic 'J10', program '0' in phase 0 after tl-index 10
Simulation......
总奖励:-6110.066166671114, 速度奖励:-3440.0999999999694, 加速度奖励:-1412.2661666711717, 交通灯奖励:-969.2999999998356, 与前车进行交互的惩罚:-288.39999999999776
Episode:9/100, Reward:-6110.066166671114
Episode:9/100, avg speed:12.517464042369665
Episode:9/100, avg halt num:0.012980769230769231
Episode:9/100, avg elec cons:0.9119417534846088
 Retrying in 1 seconds
Warning: Unused states in tlLogic 'J10', program '0' in phase 0 after tl-index 10
Simulation......
总奖励:-6860.933226176956, 速度奖励:-3509.899999999954, 加速度奖励:-1743.2332261769648, 交通灯奖励:-1273.9000000003261, 与前车进行交互的惩罚:-333.899999999997
Episode:10/100, Reward:-6860.933226176956
Episode:10/100, avg speed:12.293014849961757
Episode:10/100, avg halt num:0.02847457627118644
Episode:10/100, avg elec cons:0.837211553758536
 Retrying in 1 seconds
Warning: Unused states in tlLogic 'J10', program '0' in phase 0 after tl-index 10
Simulation......
总奖励:-8366.66306429398, 速度奖励:-3768.9999999999695, 加速度奖励:-2183.2630642941426, 交通灯奖励:-1997.900000000605, 与前车进行交互的惩罚:-416.4999999999957
Episode:11/100, Reward:-8366.66306429398
Episode:11/100, avg speed:12.524612380282644
Episode:11/100, avg halt num:0.07146263910969794
Episode:11/100, avg elec cons:0.6501041363743424
 Retrying in 1 seconds
Warning: Unused states in tlLogic 'J10', program '0' in phase 0 after tl-index 10
Simulation......
总奖励:-8734.392957771504, 速度奖励:-4081.9999999999477, 加速度奖励:-2131.692957771758, 交通灯奖励:-2117.500000000694, 与前车进行交互的惩罚:-403.1999999999959
Episode:12/100, Reward:-8734.392957771504
Episode:12/100, avg speed:11.598400431046556
Episode:12/100, avg halt num:0.11353711790393013
Episode:12/100, avg elec cons:0.5906862188850096
 Retrying in 1 seconds
Warning: Unused states in tlLogic 'J10', program '0' in phase 0 after tl-index 10
Simulation......
总奖励:-6529.721599404164, 速度奖励:-3361.2499999999545, 加速度奖励:-1718.7715994041776, 交通灯奖励:-1168.2999999999697, 与前车进行交互的惩罚:-281.3999999999979
Episode:13/100, Reward:-6529.721599404164
Episode:13/100, avg speed:12.677659393418192
Episode:13/100, avg halt num:0.04583205167640726
Episode:13/100, avg elec cons:0.6909360186176219
 Retrying in 1 seconds
Warning: Unused states in tlLogic 'J10', program '0' in phase 0 after tl-index 10
Simulation......
总奖励:-5999.738397797534, 速度奖励:-3196.4499999999503, 加速度奖励:-1628.3883977975406, 交通灯奖励:-887.8999999997991, 与前车进行交互的惩罚:-286.9999999999978
Episode:14/100, Reward:-5999.738397797534
Episode:14/100, avg speed:12.627755312684968
Episode:14/100, avg halt num:0.0037542662116040954
Episode:14/100, avg elec cons:0.8423658119036457
 Retrying in 1 seconds
Warning: Unused states in tlLogic 'J10', program '0' in phase 0 after tl-index 10
Simulation......
总奖励:-7131.5866731578235, 速度奖励:-3632.4999999999636, 加速度奖励:-1786.486673157903, 交通灯奖励:-1298.9000000003325, 与前车进行交互的惩罚:-413.6999999999957
Episode:15/100, Reward:-7131.5866731578235
Episode:15/100, avg speed:12.337205134722234
Episode:15/100, avg halt num:0.05029048656499637
Episode:15/100, avg elec cons:0.7917157907689301
 Retrying in 1 seconds
Warning: Unused states in tlLogic 'J10', program '0' in phase 0 after tl-index 10
Simulation......
总奖励:-6616.76494180663, 速度奖励:-3384.199999999955, 加速度奖励:-1716.2649418066935, 交通灯奖励:-1184.499999999966, 与前车进行交互的惩罚:-331.79999999999706
Episode:16/100, Reward:-6616.76494180663
Episode:16/100, avg speed:11.9896132176749
Episode:16/100, avg halt num:0.010385479041916168
Episode:16/100, avg elec cons:1.0057139267462414
 Retrying in 1 seconds
Warning: Unused states in tlLogic 'J10', program '0' in phase 0 after tl-index 10
Simulation......
总奖励:-7613.0659392423995, 速度奖励:-3785.249999999941, 加速度奖励:-1938.5159392424814, 交通灯奖励:-1457.4000000005456, 与前车进行交互的惩罚:-431.89999999999543
Episode:17/100, Reward:-7613.0659392423995
Episode:17/100, avg speed:12.077148998666688
Episode:17/100, avg halt num:0.08271750083977158
Episode:17/100, avg elec cons:0.6912516289268619
 Retrying in 1 seconds
Warning: Unused states in tlLogic 'J10', program '0' in phase 0 after tl-index 10
Simulation......
总奖励:-7467.371452627596, 速度奖励:-3488.5999999999403, 加速度奖励:-1916.5714526276456, 交通灯奖励:-1735.3000000005331, 与前车进行交互的惩罚:-326.89999999999714
Episode:18/100, Reward:-7467.371452627596
Episode:18/100, avg speed:10.95670536739485
Episode:18/100, avg halt num:0.04728651237031125
Episode:18/100, avg elec cons:0.9922294704411031
 Retrying in 1 seconds
Warning: Unused states in tlLogic 'J10', program '0' in phase 0 after tl-index 10
Simulation......
总奖励:-6908.021973330957, 速度奖励:-3668.3499999999585, 加速度奖励:-1680.7719733309552, 交通灯奖励:-1211.0000000000455, 与前车进行交互的惩罚:-347.8999999999968
Episode:19/100, Reward:-6908.021973330957
Episode:19/100, avg speed:11.705682718802047
Episode:19/100, avg halt num:0.01090014064697609
Episode:19/100, avg elec cons:0.790918299580855
 Retrying in 1 seconds
Warning: Unused states in tlLogic 'J10', program '0' in phase 0 after tl-index 10
Simulation......
总奖励:-5729.950564472423, 速度奖励:-3344.4499999999407, 加速度奖励:-1401.8005644724747, 交通灯奖励:-639.9999999998199, 与前车进行交互的惩罚:-343.69999999999686
Episode:20/100, Reward:-5729.950564472423
Episode:20/100, avg speed:12.674424108892389
Episode:20/100, avg halt num:0.0005766062602965404
Episode:20/100, avg elec cons:0.8296315322352661
 Retrying in 1 seconds
Warning: Unused states in tlLogic 'J10', program '0' in phase 0 after tl-index 10
Simulation......
总奖励:-6791.597333903073, 速度奖励:-3485.349999999964, 加速度奖励:-1604.0473339030966, 交通灯奖励:-1277.300000000427, 与前车进行交互的惩罚:-424.89999999999554
Episode:21/100, Reward:-6791.597333903073
Episode:21/100, avg speed:12.074766357898332
Episode:21/100, avg halt num:0.029025504377617053
Episode:21/100, avg elec cons:0.8978568273472548
 Retrying in 1 seconds
Warning: Unused states in tlLogic 'J10', program '0' in phase 0 after tl-index 10
Simulation......
总奖励:-5964.520010253154, 速度奖励:-3310.6999999999684, 加速度奖励:-1417.9200102532234, 交通灯奖励:-836.1999999998138, 与前车进行交互的惩罚:-399.69999999999595
Episode:22/100, Reward:-5964.520010253154
Episode:22/100, avg speed:12.2844741050609
Episode:22/100, avg halt num:0.008281761922096833
Episode:22/100, avg elec cons:0.9271544751801701
 Retrying in 1 seconds
Warning: Unused states in tlLogic 'J10', program '0' in phase 0 after tl-index 10
Simulation......
总奖励:-5429.484565507646, 速度奖励:-3321.649999999948, 加速度奖励:-1313.5345655076421, 交通灯奖励:-472.299999999869, 与前车进行交互的惩罚:-321.9999999999972
Episode:23/100, Reward:-5429.484565507646
Episode:23/100, avg speed:12.77037246392388
Episode:23/100, avg halt num:0.0025426509186351706
Episode:23/100, avg elec cons:0.803273066826013
 Retrying in 1 seconds
Warning: Unused states in tlLogic 'J10', program '0' in phase 0 after tl-index 10
Simulation......
总奖励:-5843.458928783133, 速度奖励:-3307.1499999999414, 加速度奖励:-1376.70892878313, 交通灯奖励:-759.1999999997597, 与前车进行交互的惩罚:-400.39999999999594
Episode:24/100, Reward:-5843.458928783133
Episode:24/100, avg speed:12.66889305605712
Episode:24/100, avg halt num:0.004361873990306946
Episode:24/100, avg elec cons:0.8665211713413021
 Retrying in 1 seconds
Warning: Unused states in tlLogic 'J10', program '0' in phase 0 after tl-index 10
Simulation......
总奖励:-5814.165729718267, 速度奖励:-3303.3999999999505, 加速度奖励:-1329.1657297183028, 交通灯奖励:-830.8999999997984, 与前车进行交互的惩罚:-350.69999999999675
Episode:25/100, Reward:-5814.165729718267
Episode:25/100, avg speed:12.495898175723896
Episode:25/100, avg halt num:0.004774448468883767
Episode:25/100, avg elec cons:0.8605085713950213
 Retrying in 1 seconds
Warning: Unused states in tlLogic 'J10', program '0' in phase 0 after tl-index 10
Simulation......
总奖励:-9000.33742793104, 速度奖励:-4076.3499999999594, 加速度奖励:-2102.48742793114, 交通灯奖励:-1980.8000000006145, 与前车进行交互的惩罚:-840.7000000000155
Episode:26/100, Reward:-9000.33742793104
Episode:26/100, avg speed:11.319316313879566
Episode:26/100, avg halt num:0.07702349869451697
Episode:26/100, avg elec cons:0.7383039440845278
 Retrying in 1 seconds
Warning: Unused states in tlLogic 'J10', program '0' in phase 0 after tl-index 10
Simulation......
总奖励:-8171.19207278447, 速度奖励:-3933.54999999996, 加速度奖励:-1929.242072784572, 交通灯奖励:-1615.4000000007552, 与前车进行交互的惩罚:-693.0000000000059
Episode:27/100, Reward:-8171.19207278447
Episode:27/100, avg speed:11.406389312003048
Episode:27/100, avg halt num:0.05467402552604346
Episode:27/100, avg elec cons:0.6811011122657946
 Retrying in 1 seconds
Warning: Unused states in tlLogic 'J10', program '0' in phase 0 after tl-index 10
Simulation......
总奖励:-9843.161149312597, 速度奖励:-4419.599999999939, 加速度奖励:-2282.261149312726, 交通灯奖励:-2343.300000000903, 与前车进行交互的惩罚:-798.0000000000127
Episode:28/100, Reward:-9843.161149312597
Episode:28/100, avg speed:10.025765267876467
Episode:28/100, avg halt num:0.09371373307543521
Episode:28/100, avg elec cons:0.5665938279625788
 Retrying in 1 seconds
Warning: Unused states in tlLogic 'J10', program '0' in phase 0 after tl-index 10
Simulation......
总奖励:-8434.710014020035, 速度奖励:-4244.849999999971, 加速度奖励:-2022.8600140201427, 交通灯奖励:-1515.3000000006095, 与前车进行交互的惩罚:-651.7000000000032
Episode:29/100, Reward:-8434.710014020035
Episode:29/100, avg speed:10.637307030098833
Episode:29/100, avg halt num:0.07365549493374902
Episode:29/100, avg elec cons:0.6214026460087148
 Retrying in 1 seconds
Warning: Unused states in tlLogic 'J10', program '0' in phase 0 after tl-index 10
Simulation......
总奖励:-11136.161393893524, 速度奖励:-4693.449999999934, 加速度奖励:-2470.8113938937818, 交通灯奖励:-3089.9000000010915, 与前车进行交互的惩罚:-882.0000000000182
Episode:30/100, Reward:-11136.161393893524
Episode:30/100, avg speed:11.185294885695479
Episode:30/100, avg halt num:0.14126016260162602
Episode:30/100, avg elec cons:0.6036145085315126
 Retrying in 1 seconds
Warning: Unused states in tlLogic 'J10', program '0' in phase 0 after tl-index 10
Simulation......
总奖励:-9097.559260057762, 速度奖励:-4224.599999999962, 加速度奖励:-2341.5592600578443, 交通灯奖励:-2077.8000000005472, 与前车进行交互的惩罚:-453.5999999999951
Episode:31/100, Reward:-9097.559260057762
Episode:31/100, avg speed:11.25912016677616
Episode:31/100, avg halt num:0.03192982456140351
Episode:31/100, avg elec cons:0.6906005332326991
 Retrying in 1 seconds
Warning: Unused states in tlLogic 'J10', program '0' in phase 0 after tl-index 10
Simulation......
总奖励:-8138.898006035344, 速度奖励:-4215.4499999999325, 加速度奖励:-1692.6480060353247, 交通灯奖励:-1758.3000000006612, 与前车进行交互的惩罚:-472.49999999999477
Episode:32/100, Reward:-8138.898006035344
Episode:32/100, avg speed:11.00429934302017
Episode:32/100, avg halt num:0.05950666186532229
Episode:32/100, avg elec cons:0.653863764046084
 Retrying in 1 seconds
Warning: Unused states in tlLogic 'J10', program '0' in phase 0 after tl-index 10
Simulation......
总奖励:-10518.682750681337, 速度奖励:-4720.649999999949, 加速度奖励:-2440.3327506817295, 交通灯奖励:-2701.8000000007223, 与前车进行交互的惩罚:-655.9000000000035
Episode:33/100, Reward:-10518.682750681337
Episode:33/100, avg speed:10.273364022054807
Episode:33/100, avg halt num:0.15368784985182746
Episode:33/100, avg elec cons:0.40157838712433497
 Retrying in 1 seconds
Warning: Unused states in tlLogic 'J10', program '0' in phase 0 after tl-index 10
Simulation......
总奖励:-9163.741266372212, 速度奖励:-4329.299999999944, 加速度奖励:-2167.1412663723936, 交通灯奖励:-2283.0000000008354, 与前车进行交互的惩罚:-384.2999999999962
Episode:34/100, Reward:-9163.741266372212
Episode:34/100, avg speed:11.197507862044967
Episode:34/100, avg halt num:0.1309880239520958
Episode:34/100, avg elec cons:0.47890387397729134
 Retrying in 1 seconds
Warning: Unused states in tlLogic 'J10', program '0' in phase 0 after tl-index 10
Simulation......
总奖励:-9978.72621009197, 速度奖励:-4228.349999999951, 加速度奖励:-2601.6762100922206, 交通灯奖励:-2704.200000000931, 与前车进行交互的惩罚:-444.4999999999952
Episode:35/100, Reward:-9978.72621009197
Episode:35/100, avg speed:11.581014883395502
Episode:35/100, avg halt num:0.14349894291754756
Episode:35/100, avg elec cons:0.6275089122215451
 Retrying in 1 seconds
Warning: Unused states in tlLogic 'J10', program '0' in phase 0 after tl-index 10
Simulation......
总奖励:-8437.517742642089, 速度奖励:-4111.0999999999185, 加速度奖励:-1996.1177426422241, 交通灯奖励:-1985.2000000008084, 与前车进行交互的惩罚:-345.09999999999684
Episode:36/100, Reward:-8437.517742642089
Episode:36/100, avg speed:11.161051610818399
Episode:36/100, avg halt num:0.10743653914908831
Episode:36/100, avg elec cons:0.6435457095533653
 Retrying in 1 seconds
Warning: Unused states in tlLogic 'J10', program '0' in phase 0 after tl-index 10
Simulation......
总奖励:-7530.874233863751, 速度奖励:-3817.2999999999415, 加速度奖励:-1682.2742338638411, 交通灯奖励:-1757.600000000511, 与前车进行交互的惩罚:-273.699999999998
Episode:37/100, Reward:-7530.874233863751
Episode:37/100, avg speed:11.165655825036794
Episode:37/100, avg halt num:0.05964314354450682
Episode:37/100, avg elec cons:0.886058258765476
 Retrying in 1 seconds
Warning: Unused states in tlLogic 'J10', program '0' in phase 0 after tl-index 10
Simulation......
总奖励:-6056.874608230081, 速度奖励:-3318.149999999968, 加速度奖励:-1326.924608230123, 交通灯奖励:-1178.7000000002142, 与前车进行交互的惩罚:-233.09999999999866
Episode:38/100, Reward:-6056.874608230081
Episode:38/100, avg speed:12.312777915948471
Episode:38/100, avg halt num:0.007010231148162183
Episode:38/100, avg elec cons:1.1239054483840603
 Retrying in 1 seconds
Warning: Unused states in tlLogic 'J10', program '0' in phase 0 after tl-index 10
Simulation......
总奖励:-6860.7879367622845, 速度奖励:-3753.3499999999467, 加速度奖励:-1363.5379367622936, 交通灯奖励:-1398.1000000004374, 与前车进行交互的惩罚:-345.7999999999968
Episode:39/100, Reward:-6860.7879367622845
Episode:39/100, avg speed:11.912753224469837
Episode:39/100, avg halt num:0.008460236886632826
Episode:39/100, avg elec cons:0.7497558490140049
 Retrying in 1 seconds
Warning: Unused states in tlLogic 'J10', program '0' in phase 0 after tl-index 10
Simulation......
总奖励:-6156.163916774276, 速度奖励:-3619.29999999997, 加速度奖励:-1277.963916774288, 交通灯奖励:-942.4999999998228, 与前车进行交互的惩罚:-316.3999999999973
Episode:40/100, Reward:-6156.163916774276
Episode:40/100, avg speed:12.062394523203823
Episode:40/100, avg halt num:0.029730209442669506
Episode:40/100, avg elec cons:0.7850327845041328
 Retrying in 1 seconds
Warning: Unused states in tlLogic 'J10', program '0' in phase 0 after tl-index 10
Simulation......
总奖励:-6056.466364688631, 速度奖励:-3474.099999999961, 加速度奖励:-1502.466364688647, 交通灯奖励:-756.4999999997794, 与前车进行交互的惩罚:-323.3999999999972
Episode:41/100, Reward:-6056.466364688631
Episode:41/100, avg speed:11.865091871485678
Episode:41/100, avg halt num:0.014012061014544164
Episode:41/100, avg elec cons:0.8432310729730359
 Retrying in 1 seconds
Warning: Unused states in tlLogic 'J10', program '0' in phase 0 after tl-index 10
Simulation......
总奖励:-6540.940948883664, 速度奖励:-3606.1499999999455, 加速度奖励:-1578.0909488836323, 交通灯奖励:-975.8999999997326, 与前车进行交互的惩罚:-380.79999999999626
Episode:42/100, Reward:-6540.940948883664
Episode:42/100, avg speed:11.625216461819205
Episode:42/100, avg halt num:0.021985157699443415
Episode:42/100, avg elec cons:0.857849560012843
 Retrying in 1 seconds
Warning: Unused states in tlLogic 'J10', program '0' in phase 0 after tl-index 10
Simulation......
总奖励:-7095.963368798269, 速度奖励:-3538.649999999964, 加速度奖励:-1716.11336879834, 交通灯奖励:-1441.500000000387, 与前车进行交互的惩罚:-399.69999999999595
Episode:43/100, Reward:-7095.963368798269
Episode:43/100, avg speed:11.612167498138813
Episode:43/100, avg halt num:0.025405718701700154
Episode:43/100, avg elec cons:0.9749500479891725
 Retrying in 1 seconds
Warning: Unused states in tlLogic 'J10', program '0' in phase 0 after tl-index 10
Simulation......
总奖励:-6102.601569239782, 速度奖励:-3340.249999999934, 加速度奖励:-1496.2515692398078, 交通灯奖励:-860.7999999998689, 与前车进行交互的惩罚:-405.29999999999586
Episode:44/100, Reward:-6102.601569239782
Episode:44/100, avg speed:12.141568340248341
Episode:44/100, avg halt num:0.005624092888243832
Episode:44/100, avg elec cons:0.9925874754676605
 Retrying in 1 seconds
Warning: Unused states in tlLogic 'J10', program '0' in phase 0 after tl-index 10
Simulation......
总奖励:-7317.22058930593, 速度奖励:-3741.8499999999663, 加速度奖励:-1701.3705893058923, 交通灯奖励:-1424.600000000478, 与前车进行交互的惩罚:-449.39999999999515
Episode:45/100, Reward:-7317.22058930593
Episode:45/100, avg speed:11.243444691427324
Episode:45/100, avg halt num:0.011398176291793313
Episode:45/100, avg elec cons:0.8912156127702601
 Retrying in 1 seconds
Warning: Unused states in tlLogic 'J10', program '0' in phase 0 after tl-index 10
Simulation......
总奖励:-6373.400481650506, 速度奖励:-3462.5499999999474, 加速度奖励:-1489.0504816505297, 交通灯奖励:-1048.699999999986, 与前车进行交互的惩罚:-373.0999999999964
Episode:46/100, Reward:-6373.400481650506
Episode:46/100, avg speed:12.739341610831035
Episode:46/100, avg halt num:0.0064966313763233875
Episode:46/100, avg elec cons:0.854765748044849
 Retrying in 1 seconds
Warning: Unused states in tlLogic 'J10', program '0' in phase 0 after tl-index 10
Simulation......
总奖励:-7479.288392233679, 速度奖励:-3721.4499999999607, 加速度奖励:-1805.7383922336546, 交通灯奖励:-1449.500000000382, 与前车进行交互的惩罚:-502.5999999999943
Episode:47/100, Reward:-7479.288392233679
Episode:47/100, avg speed:11.469515267899657
Episode:47/100, avg halt num:0.008951883625512868
Episode:47/100, avg elec cons:0.932820930176551
 Retrying in 1 seconds
Warning: Unused states in tlLogic 'J10', program '0' in phase 0 after tl-index 10
Simulation......
总奖励:-8070.131016372071, 速度奖励:-3852.599999999964, 加速度奖励:-1933.0310163721063, 交通灯奖励:-1765.8000000005527, 与前车进行交互的惩罚:-518.6999999999946
Episode:48/100, Reward:-8070.131016372071
Episode:48/100, avg speed:10.997352143446575
Episode:48/100, avg halt num:0.025246772968868642
Episode:48/100, avg elec cons:0.9119895226733957
 Retrying in 1 seconds
Warning: Unused states in tlLogic 'J10', program '0' in phase 0 after tl-index 10
Simulation......
总奖励:-6188.467508964831, 速度奖励:-3600.249999999952, 加速度奖励:-1426.017508964838, 交通灯奖励:-758.2999999997562, 与前车进行交互的惩罚:-403.8999999999959
Episode:49/100, Reward:-6188.467508964831
Episode:49/100, avg speed:12.030022684573584
Episode:49/100, avg halt num:0.02057644882860666
Episode:49/100, avg elec cons:0.7437332203992568
 Retrying in 1 seconds
Warning: Unused states in tlLogic 'J10', program '0' in phase 0 after tl-index 10
Simulation......
总奖励:-7227.695641209072, 速度奖励:-3935.999999999958, 加速度奖励:-1651.095641209127, 交通灯奖励:-1135.199999999974, 与前车进行交互的惩罚:-505.39999999999424
Episode:50/100, Reward:-7227.695641209072
Episode:50/100, avg speed:11.297789573973674
Episode:50/100, avg halt num:0.0448654037886341
Episode:50/100, avg elec cons:0.6450130450814897
 Retrying in 1 seconds
Warning: Unused states in tlLogic 'J10', program '0' in phase 0 after tl-index 10
Simulation......
总奖励:-9892.481261317507, 速度奖励:-4278.149999999948, 加速度奖励:-2292.931261317601, 交通灯奖励:-2802.0000000008367, 与前车进行交互的惩罚:-519.3999999999946
Episode:51/100, Reward:-9892.481261317507
Episode:51/100, avg speed:11.682686427040446
Episode:51/100, avg halt num:0.05224236641221374
Episode:51/100, avg elec cons:0.6211780939455502
 Retrying in 1 seconds
Warning: Unused states in tlLogic 'J10', program '0' in phase 0 after tl-index 10
Simulation......
总奖励:-11313.214258466878, 速度奖励:-4585.249999999967, 加速度奖励:-2411.1642584671617, 交通灯奖励:-3670.0000000010245, 与前车进行交互的惩罚:-646.8000000000029
Episode:52/100, Reward:-11313.214258466878
Episode:52/100, avg speed:10.826508216382262
Episode:52/100, avg halt num:0.11160714285714286
Episode:52/100, avg elec cons:0.628004351493839
 Retrying in 1 seconds
Warning: Unused states in tlLogic 'J10', program '0' in phase 0 after tl-index 10
Simulation......
总奖励:-7984.682625994612, 速度奖励:-3946.499999999961, 加速度奖励:-1788.8826259946873, 交通灯奖励:-1756.5000000006562, 与前车进行交互的惩罚:-492.79999999999444
Episode:53/100, Reward:-7984.682625994612
Episode:53/100, avg speed:11.499305053563123
Episode:53/100, avg halt num:0.05509596293845136
Episode:53/100, avg elec cons:0.6865451132584932
 Retrying in 1 seconds
Warning: Unused states in tlLogic 'J10', program '0' in phase 0 after tl-index 10
Simulation......
总奖励:-8203.846194476397, 速度奖励:-4126.699999999937, 加速度奖励:-1807.446194476581, 交通灯奖励:-1620.1000000005972, 与前车进行交互的惩罚:-649.6000000000031
Episode:54/100, Reward:-8203.846194476397
Episode:54/100, avg speed:11.37473075239375
Episode:54/100, avg halt num:0.08050989600805099
Episode:54/100, avg elec cons:0.6112108508792795
 Retrying in 1 seconds
Warning: Unused states in tlLogic 'J10', program '0' in phase 0 after tl-index 10
Simulation......
总奖励:-8163.312669151162, 速度奖励:-4043.2999999999356, 加速度奖励:-1671.5126691513628, 交通灯奖励:-1803.1000000006675, 与前车进行交互的惩罚:-645.4000000000028
Episode:55/100, Reward:-8163.312669151162
Episode:55/100, avg speed:10.444334785978597
Episode:55/100, avg halt num:0.11200305810397554
Episode:55/100, avg elec cons:0.683593617984315
 Retrying in 1 seconds
Warning: Unused states in tlLogic 'J10', program '0' in phase 0 after tl-index 10
Simulation......
总奖励:-9166.21757629483, 速度奖励:-4391.549999999944, 加速度奖励:-1970.3675762949701, 交通灯奖励:-2206.5000000007453, 与前车进行交互的惩罚:-597.7999999999997
Episode:56/100, Reward:-9166.21757629483
Episode:56/100, avg speed:10.667856545054335
Episode:56/100, avg halt num:0.0784985935302391
Episode:56/100, avg elec cons:0.5376981405809654
 Retrying in 1 seconds
Warning: Unused states in tlLogic 'J10', program '0' in phase 0 after tl-index 10
Simulation......
总奖励:-8726.508449595958, 速度奖励:-4500.949999999954, 加速度奖励:-1641.7584495961842, 交通灯奖励:-1963.6000000006948, 与前车进行交互的惩罚:-620.2000000000012
Episode:57/100, Reward:-8726.508449595958
Episode:57/100, avg speed:9.817472520100495
Episode:57/100, avg halt num:0.10651828298887123
Episode:57/100, avg elec cons:0.5751551860755031
 Retrying in 1 seconds
Warning: Unused states in tlLogic 'J10', program '0' in phase 0 after tl-index 10
Simulation......
总奖励:-10113.574788120883, 速度奖励:-4454.799999999955, 加速度奖励:-2207.474788121032, 交通灯奖励:-2828.3000000010525, 与前车进行交互的惩罚:-623.0000000000014
Episode:58/100, Reward:-10113.574788120883
Episode:58/100, avg speed:10.174074220874008
Episode:58/100, avg halt num:0.08038801383019593
Episode:58/100, avg elec cons:0.6237130107979998
 Retrying in 1 seconds
Warning: Unused states in tlLogic 'J10', program '0' in phase 0 after tl-index 10
Simulation......
总奖励:-12889.898120549524, 速度奖励:-4876.94999999996, 加速度奖励:-3083.0481205497235, 交通灯奖励:-3953.4000000010096, 与前车进行交互的惩罚:-976.5000000000243
Episode:59/100, Reward:-12889.898120549524
Episode:59/100, avg speed:10.391712414137412
Episode:59/100, avg halt num:0.1344046749452155
Episode:59/100, avg elec cons:0.5338360560499141
 Retrying in 1 seconds
Warning: Unused states in tlLogic 'J10', program '0' in phase 0 after tl-index 10
Simulation......
总奖励:-10265.396961987017, 速度奖励:-4681.449999999957, 加速度奖励:-2313.3469619872026, 交通灯奖励:-2555.9000000009396, 与前车进行交互的惩罚:-714.7000000000073
Episode:60/100, Reward:-10265.396961987017
Episode:60/100, avg speed:11.077697333977845
Episode:60/100, avg halt num:0.08718720304086158
Episode:60/100, avg elec cons:0.4662761873261484
 Retrying in 1 seconds
Warning: Unused states in tlLogic 'J10', program '0' in phase 0 after tl-index 10
Simulation......
总奖励:-14146.337926823027, 速度奖励:-5053.949999999939, 加速度奖励:-3571.487926823515, 交通灯奖励:-4468.799999999943, 与前车进行交互的惩罚:-1052.1000000000292
Episode:61/100, Reward:-14146.337926823027
Episode:61/100, avg speed:9.64320528194644
Episode:61/100, avg halt num:0.1878053363397219
Episode:61/100, avg elec cons:0.599947406725687
 Retrying in 1 seconds
Warning: Unused states in tlLogic 'J10', program '0' in phase 0 after tl-index 10
Simulation......
总奖励:-11267.215969079185, 速度奖励:-4635.24999999996, 加速度奖励:-2706.5659690793873, 交通灯奖励:-3345.8000000009447, 与前车进行交互的惩罚:-579.5999999999985
Episode:62/100, Reward:-11267.215969079185
Episode:62/100, avg speed:10.587076607155035
Episode:62/100, avg halt num:0.06732723577235772
Episode:62/100, avg elec cons:0.7239192537480175
 Retrying in 1 seconds
Warning: Unused states in tlLogic 'J10', program '0' in phase 0 after tl-index 10
Simulation......
总奖励:-9229.240267842459, 速度奖励:-3644.8499999999403, 加速度奖励:-2535.0902678426187, 交通灯奖励:-2332.500000000753, 与前车进行交互的惩罚:-716.8000000000075
Episode:63/100, Reward:-9229.240267842459
Episode:63/100, avg speed:12.041449903002613
Episode:63/100, avg halt num:0.03089338115422237
Episode:63/100, avg elec cons:1.1447024762056752
 Retrying in 1 seconds
Warning: Unused states in tlLogic 'J10', program '0' in phase 0 after tl-index 10
Simulation......
总奖励:-9211.479304064327, 速度奖励:-4159.799999999953, 加速度奖励:-2221.479304064492, 交通灯奖励:-2170.8000000007933, 与前车进行交互的惩罚:-659.4000000000037
Episode:64/100, Reward:-9211.479304064327
Episode:64/100, avg speed:10.949059191446532
Episode:64/100, avg halt num:0.08637513552584027
Episode:64/100, avg elec cons:0.6805106202112644
 Retrying in 1 seconds
Warning: Unused states in tlLogic 'J10', program '0' in phase 0 after tl-index 10
Simulation......
总奖励:-12762.98179854342, 速度奖励:-4911.6999999999325, 加速度奖励:-2956.1817985438165, 交通灯奖励:-3976.700000001047, 与前车进行交互的惩罚:-918.4000000000206
Episode:65/100, Reward:-12762.98179854342
Episode:65/100, avg speed:10.671994194148185
Episode:65/100, avg halt num:0.15419004207573633
Episode:65/100, avg elec cons:0.5142836108365407
 Retrying in 1 seconds
Warning: Unused states in tlLogic 'J10', program '0' in phase 0 after tl-index 10
Simulation......
总奖励:-12129.100577647563, 速度奖励:-4933.749999999957, 加速度奖励:-2716.2505776478856, 交通灯奖励:-3740.600000001102, 与前车进行交互的惩罚:-738.5000000000089
Episode:66/100, Reward:-12129.100577647563
Episode:66/100, avg speed:11.012774073777093
Episode:66/100, avg halt num:0.13507072570725706
Episode:66/100, avg elec cons:0.4450950276862402
 Retrying in 1 seconds
Warning: Unused states in tlLogic 'J10', program '0' in phase 0 after tl-index 10
Simulation......
总奖励:-12114.315479143806, 速度奖励:-4606.249999999953, 加速度奖励:-2479.565479143871, 交通灯奖励:-4473.399999999445, 与前车进行交互的惩罚:-555.099999999997
Episode:67/100, Reward:-12114.315479143806
Episode:67/100, avg speed:11.408250696105073
Episode:67/100, avg halt num:0.0653145959757266
Episode:67/100, avg elec cons:0.6364248788573099
 Retrying in 1 seconds
Warning: Unused states in tlLogic 'J10', program '0' in phase 0 after tl-index 10
Simulation......
总奖励:-11886.013351748838, 速度奖励:-4628.399999999939, 加速度奖励:-2438.513351749163, 交通灯奖励:-4135.200000000908, 与前车进行交互的惩罚:-683.9000000000053
Episode:68/100, Reward:-11886.013351748838
Episode:68/100, avg speed:11.077767910158606
Episode:68/100, avg halt num:0.10751211631663975
Episode:68/100, avg elec cons:0.5338245002472853
 Retrying in 1 seconds
Warning: Unused states in tlLogic 'J10', program '0' in phase 0 after tl-index 10
Simulation......
总奖励:-8709.10116528035, 速度奖励:-4147.999999999927, 加速度奖励:-1816.9011652805254, 交通灯奖励:-2223.400000000857, 与前车进行交互的惩罚:-520.7999999999947
Episode:69/100, Reward:-8709.10116528035
Episode:69/100, avg speed:11.425896492881884
Episode:69/100, avg halt num:0.06654456654456654
Episode:69/100, avg elec cons:0.6063875441855373
 Retrying in 1 seconds
Warning: Unused states in tlLogic 'J10', program '0' in phase 0 after tl-index 10
Simulation......
总奖励:-8849.567187558563, 速度奖励:-4077.0499999999606, 加速度奖励:-2138.217187558642, 交通灯奖励:-1988.2000000008516, 与前车进行交互的惩罚:-646.1000000000029
Episode:70/100, Reward:-8849.567187558563
Episode:70/100, avg speed:11.124442061772307
Episode:70/100, avg halt num:0.0698856416772554
Episode:70/100, avg elec cons:0.6214432419179503
 Retrying in 1 seconds
Warning: Unused states in tlLogic 'J10', program '0' in phase 0 after tl-index 10
Simulation......
总奖励:-10838.635574365466, 速度奖励:-4219.499999999925, 加速度奖励:-2216.535574365583, 交通灯奖励:-3774.0000000009877, 与前车进行交互的惩罚:-628.6000000000017
Episode:71/100, Reward:-10838.635574365466
Episode:71/100, avg speed:12.14418904136702
Episode:71/100, avg halt num:0.08790245457443417
Episode:71/100, avg elec cons:0.6642689116392435
 Retrying in 1 seconds
Warning: Unused states in tlLogic 'J10', program '0' in phase 0 after tl-index 10
Simulation......
总奖励:-9061.951044989499, 速度奖励:-4244.099999999957, 加速度奖励:-1846.7510449896006, 交通灯奖励:-2396.40000000079, 与前车进行交互的惩罚:-574.6999999999982
Episode:72/100, Reward:-9061.951044989499
Episode:72/100, avg speed:9.934028510466092
Episode:72/100, avg halt num:0.09349593495934959
Episode:72/100, avg elec cons:0.6502532203644618
 Retrying in 1 seconds
Warning: Unused states in tlLogic 'J10', program '0' in phase 0 after tl-index 10
Simulation......
总奖励:-7774.205805281965, 速度奖励:-3918.9499999999516, 加速度奖励:-1583.2558052820646, 交通灯奖励:-1805.8000000006768, 与前车进行交互的惩罚:-466.1999999999949
Episode:73/100, Reward:-7774.205805281965
Episode:73/100, avg speed:11.525380134279539
Episode:73/100, avg halt num:0.05055849500293945
Episode:73/100, avg elec cons:0.5873560884689574
 Retrying in 1 seconds
Warning: Unused states in tlLogic 'J10', program '0' in phase 0 after tl-index 10
Simulation......
总奖励:-11180.525229127988, 速度奖励:-4452.299999999955, 加速度奖励:-2406.625229128213, 交通灯奖励:-3562.800000001124, 与前车进行交互的惩罚:-758.8000000000102
Episode:74/100, Reward:-11180.525229127988
Episode:74/100, avg speed:11.45915801092284
Episode:74/100, avg halt num:0.09763166611460748
Episode:74/100, avg elec cons:0.5647307001795016
 Retrying in 1 seconds
Warning: Unused states in tlLogic 'J10', program '0' in phase 0 after tl-index 10
Simulation......
总奖励:-10608.224589428733, 速度奖励:-4702.89999999997, 加速度奖励:-2199.224589428978, 交通灯奖励:-3078.200000001042, 与前车进行交互的惩罚:-627.9000000000017
Episode:75/100, Reward:-10608.224589428733
Episode:75/100, avg speed:10.84447732077917
Episode:75/100, avg halt num:0.08912073908888181
Episode:75/100, avg elec cons:0.4356133826013892
 Retrying in 1 seconds
Warning: Unused states in tlLogic 'J10', program '0' in phase 0 after tl-index 10
Simulation......
总奖励:-13868.076062680164, 速度奖励:-5004.149999999944, 加速度奖励:-2990.0260626805157, 交通灯奖励:-5028.2999999984495, 与前车进行交互的惩罚:-845.6000000000158
Episode:76/100, Reward:-13868.076062680164
Episode:76/100, avg speed:10.113933862808228
Episode:76/100, avg halt num:0.18100115964437571
Episode:76/100, avg elec cons:0.5745217631456978
 Retrying in 1 seconds
Warning: Unused states in tlLogic 'J10', program '0' in phase 0 after tl-index 10
Simulation......
总奖励:-9052.646970365118, 速度奖励:-4064.9999999999463, 加速度奖励:-1865.3469703650665, 交通灯奖励:-2715.600000000846, 与前车进行交互的惩罚:-406.69999999999584
Episode:77/100, Reward:-9052.646970365118
Episode:77/100, avg speed:11.293496728402369
Episode:77/100, avg halt num:0.010591603053435114
Episode:77/100, avg elec cons:0.8665755443981104
 Retrying in 1 seconds
Warning: Unused states in tlLogic 'J10', program '0' in phase 0 after tl-index 10
Simulation......
总奖励:-8180.8426847227265, 速度奖励:-3736.699999999959, 加速度奖励:-2017.54268472276, 交通灯奖励:-1938.7000000006146, 与前车进行交互的惩罚:-487.8999999999945
Episode:78/100, Reward:-8180.8426847227265
Episode:78/100, avg speed:11.035293725615057
Episode:78/100, avg halt num:0.05721864342553998
Episode:78/100, avg elec cons:0.7951681844642992
 Retrying in 1 seconds
Warning: Unused states in tlLogic 'J10', program '0' in phase 0 after tl-index 10
Simulation......
总奖励:-10568.822704399163, 速度奖励:-4428.849999999959, 加速度奖励:-2486.9727043992107, 交通灯奖励:-3073.4000000008177, 与前车进行交互的惩罚:-579.5999999999985
Episode:79/100, Reward:-10568.822704399163
Episode:79/100, avg speed:10.517827954369936
Episode:79/100, avg halt num:0.04906015037593985
Episode:79/100, avg elec cons:0.6594952653011814
 Retrying in 1 seconds
Warning: Unused states in tlLogic 'J10', program '0' in phase 0 after tl-index 10
Simulation......
总奖励:-9921.010700903424, 速度奖励:-4137.649999999938, 加速度奖励:-2407.860700903584, 交通灯奖励:-2875.000000000904, 与前车进行交互的惩罚:-500.4999999999943
Episode:80/100, Reward:-9921.010700903424
Episode:80/100, avg speed:11.036997867701496
Episode:80/100, avg halt num:0.05098908594815826
Episode:80/100, avg elec cons:0.7081309675492771
 Retrying in 1 seconds
Warning: Unused states in tlLogic 'J10', program '0' in phase 0 after tl-index 10
Simulation......
总奖励:-11296.114170031211, 速度奖励:-4418.449999999962, 加速度奖励:-2634.9641700313355, 交通灯奖励:-3753.4000000009637, 与前车进行交互的惩罚:-489.2999999999945
Episode:81/100, Reward:-11296.114170031211
Episode:81/100, avg speed:10.616194583964758
Episode:81/100, avg halt num:0.05245133381398702
Episode:81/100, avg elec cons:0.6683654505674672
 Retrying in 1 seconds
Warning: Unused states in tlLogic 'J10', program '0' in phase 0 after tl-index 10
Simulation......
总奖励:-13092.080018956694, 速度奖励:-4580.499999999958, 加速度奖励:-3409.680018956839, 交通灯奖励:-4462.099999999453, 与前车进行交互的惩罚:-639.8000000000025
Episode:82/100, Reward:-13092.080018956694
Episode:82/100, avg speed:10.49002056803894
Episode:82/100, avg halt num:0.054684512428298276
Episode:82/100, avg elec cons:0.6840590624398588
 Retrying in 1 seconds
Warning: Unused states in tlLogic 'J10', program '0' in phase 0 after tl-index 10
Simulation......
总奖励:-11021.061865975413, 速度奖励:-4375.849999999963, 加速度奖励:-2583.311865975508, 交通灯奖励:-3473.2000000009457, 与前车进行交互的惩罚:-588.6999999999991
Episode:83/100, Reward:-11021.061865975413
Episode:83/100, avg speed:11.077951942240778
Episode:83/100, avg halt num:0.049318030605455754
Episode:83/100, avg elec cons:0.6099564267736627
 Retrying in 1 seconds
Warning: Unused states in tlLogic 'J10', program '0' in phase 0 after tl-index 10
Simulation......
总奖励:-12368.470945127492, 速度奖励:-4460.449999999941, 加速度奖励:-2970.82094512765, 交通灯奖励:-4246.299999999939, 与前车进行交互的惩罚:-690.9000000000058
Episode:84/100, Reward:-12368.470945127492
Episode:84/100, avg speed:10.032256878526576
Episode:84/100, avg halt num:0.0745814307458143
Episode:84/100, avg elec cons:0.6542057082302623
 Retrying in 1 seconds
Warning: Unused states in tlLogic 'J10', program '0' in phase 0 after tl-index 10
Simulation......
总奖励:-11968.814096366326, 速度奖励:-4563.249999999952, 加速度奖励:-2875.364096366483, 交通灯奖励:-3786.8000000010625, 与前车进行交互的惩罚:-743.4000000000092
Episode:85/100, Reward:-11968.814096366326
Episode:85/100, avg speed:11.25337524906052
Episode:85/100, avg halt num:0.07363401228580665
Episode:85/100, avg elec cons:0.5632678795166309
 Retrying in 1 seconds
Warning: Unused states in tlLogic 'J10', program '0' in phase 0 after tl-index 10
Simulation......
总奖励:-9822.052415723609, 速度奖励:-4264.499999999936, 加速度奖励:-2092.7524157237644, 交通灯奖励:-2794.2000000009893, 与前车进行交互的惩罚:-670.6000000000045
Episode:86/100, Reward:-9822.052415723609
Episode:86/100, avg speed:11.35965706145804
Episode:86/100, avg halt num:0.07072220557386874
Episode:86/100, avg elec cons:0.5322892875767085
 Retrying in 1 seconds
Warning: Unused states in tlLogic 'J10', program '0' in phase 0 after tl-index 10
Simulation......
总奖励:-15060.393225452372, 速度奖励:-5150.3999999999605, 加速度奖励:-3148.993225452812, 交通灯奖励:-5854.499999997911, 与前车进行交互的惩罚:-906.5000000000198
Episode:87/100, Reward:-15060.393225452372
Episode:87/100, avg speed:9.68931802100942
Episode:87/100, avg halt num:0.18862635162194633
Episode:87/100, avg elec cons:0.5908596954992128
 Retrying in 1 seconds
Warning: Unused states in tlLogic 'J10', program '0' in phase 0 after tl-index 10
Simulation......
总奖励:-12974.206598276069, 速度奖励:-4914.999999999949, 加速度奖励:-3076.5065982765154, 交通灯奖励:-4068.50000000098, 与前车进行交互的惩罚:-914.2000000000203
Episode:88/100, Reward:-12974.206598276069
Episode:88/100, avg speed:10.81067156101709
Episode:88/100, avg halt num:0.13628953374633193
Episode:88/100, avg elec cons:0.487159962429238
 Retrying in 1 seconds
Warning: Unused states in tlLogic 'J10', program '0' in phase 0 after tl-index 10
Simulation......
总奖励:-11214.136803551979, 速度奖励:-4705.09999999996, 加速度奖励:-2589.7368035522345, 交通灯奖励:-3175.9000000010597, 与前车进行交互的惩罚:-743.4000000000092
Episode:89/100, Reward:-11214.136803551979
Episode:89/100, avg speed:10.163657395502515
Episode:89/100, avg halt num:0.13919213973799127
Episode:89/100, avg elec cons:0.523158611387465
 Retrying in 1 seconds
Warning: Unused states in tlLogic 'J10', program '0' in phase 0 after tl-index 10
Simulation......
总奖励:-10968.99567927096, 速度奖励:-4450.749999999947, 加速度奖励:-2639.3456792712223, 交通灯奖励:-3223.700000000991, 与前车进行交互的惩罚:-655.2000000000035
Episode:90/100, Reward:-10968.99567927096
Episode:90/100, avg speed:10.242741739227837
Episode:90/100, avg halt num:0.11494688922610015
Episode:90/100, avg elec cons:0.5909842997645524
 Retrying in 1 seconds
Warning: Unused states in tlLogic 'J10', program '0' in phase 0 after tl-index 10
Simulation......
总奖励:-11704.686515570893, 速度奖励:-4680.249999999956, 加速度奖励:-2697.0365155711365, 交通灯奖励:-3581.900000001023, 与前车进行交互的惩罚:-745.5000000000093
Episode:91/100, Reward:-11704.686515570893
Episode:91/100, avg speed:9.688969319964837
Episode:91/100, avg halt num:0.08427922814982974
Episode:91/100, avg elec cons:0.5643674122832156
 Retrying in 1 seconds
Warning: Unused states in tlLogic 'J10', program '0' in phase 0 after tl-index 10
Simulation......
总奖励:-9840.003706964562, 速度奖励:-4330.549999999963, 加速度奖励:-2264.053706964707, 交通灯奖励:-2544.7000000007474, 与前车进行交互的惩罚:-700.7000000000064
Episode:92/100, Reward:-9840.003706964562
Episode:92/100, avg speed:10.133276423096293
Episode:92/100, avg halt num:0.09577022534170669
Episode:92/100, avg elec cons:0.5964964247883768
 Retrying in 1 seconds
Warning: Unused states in tlLogic 'J10', program '0' in phase 0 after tl-index 10
Simulation......
总奖励:-13335.320941605058, 速度奖励:-4930.249999999945, 加速度奖励:-2956.2709416054454, 交通灯奖励:-4557.699999998825, 与前车进行交互的惩罚:-891.1000000000188
Episode:93/100, Reward:-13335.320941605058
Episode:93/100, avg speed:10.488743084205694
Episode:93/100, avg halt num:0.15817963111467523
Episode:93/100, avg elec cons:0.5437771727446506
 Retrying in 1 seconds
Warning: Unused states in tlLogic 'J10', program '0' in phase 0 after tl-index 10
Simulation......
总奖励:-8989.579174765582, 速度奖励:-4305.14999999995, 加速度奖励:-2035.7291747655936, 交通灯奖励:-2106.900000000835, 与前车进行交互的惩罚:-541.7999999999961
Episode:94/100, Reward:-8989.579174765582
Episode:94/100, avg speed:11.22558091747825
Episode:94/100, avg halt num:0.07134703196347032
Episode:94/100, avg elec cons:0.5516246113629575
 Retrying in 1 seconds
Warning: Unused states in tlLogic 'J10', program '0' in phase 0 after tl-index 10
Simulation......
总奖励:-9899.531476907743, 速度奖励:-4371.249999999952, 加速度奖励:-2054.48147690782, 交通灯奖励:-2909.6000000009044, 与前车进行交互的惩罚:-564.1999999999975
Episode:95/100, Reward:-9899.531476907743
Episode:95/100, avg speed:10.365322057087527
Episode:95/100, avg halt num:0.08730011156563779
Episode:95/100, avg elec cons:0.6488207075966431
 Retrying in 1 seconds
Warning: Unused states in tlLogic 'J10', program '0' in phase 0 after tl-index 10
Simulation......
总奖励:-7082.450927677771, 速度奖励:-3609.849999999947, 加速度奖励:-1627.0009276777694, 交通灯奖励:-1399.70000000044, 与前车进行交互的惩罚:-445.8999999999952
Episode:96/100, Reward:-7082.450927677771
Episode:96/100, avg speed:11.370825750166231
Episode:96/100, avg halt num:0.034613921643210345
Episode:96/100, avg elec cons:0.8929123879890363
 Retrying in 1 seconds
Warning: Unused states in tlLogic 'J10', program '0' in phase 0 after tl-index 10
Simulation......
总奖励:-8324.227086899842, 速度奖励:-3701.049999999937, 加速度奖励:-2115.077086899948, 交通灯奖励:-1971.2000000006697, 与前车进行交互的惩罚:-536.8999999999958
Episode:97/100, Reward:-8324.227086899842
Episode:97/100, avg speed:11.577518869845958
Episode:97/100, avg halt num:0.033661119515885025
Episode:97/100, avg elec cons:0.9137533513816721
 Retrying in 1 seconds
Warning: Unused states in tlLogic 'J10', program '0' in phase 0 after tl-index 10
Simulation......
总奖励:-7323.958552938557, 速度奖励:-3552.899999999964, 加速度奖励:-1907.6585529386125, 交通灯奖励:-1438.5000000004397, 与前车进行交互的惩罚:-424.89999999999554
Episode:98/100, Reward:-7323.958552938557
Episode:98/100, avg speed:10.844662571498658
Episode:98/100, avg halt num:0.03916474210931486
Episode:98/100, avg elec cons:0.9365501226441135
 Retrying in 1 seconds
Warning: Unused states in tlLogic 'J10', program '0' in phase 0 after tl-index 10
Simulation......
总奖励:-7883.318521467188, 速度奖励:-3691.0499999999547, 加速度奖励:-2197.4685214672295, 交通灯奖励:-1490.1000000002928, 与前车进行交互的惩罚:-504.69999999999425
Episode:99/100, Reward:-7883.318521467188
Episode:99/100, avg speed:11.930764026375781
Episode:99/100, avg halt num:0.02754380053908356
Episode:99/100, avg elec cons:0.7967701478459527
 Retrying in 1 seconds
Warning: Unused states in tlLogic 'J10', program '0' in phase 0 after tl-index 10
Simulation......
总奖励:-12573.299782688042, 速度奖励:-4760.04999999995, 加速度奖励:-2940.9497826884276, 交通灯奖励:-3985.4000000011283, 与前车进行交互的惩罚:-886.9000000000185
Episode:100/100, Reward:-12573.299782688042
Episode:100/100, avg speed:10.859803844645601
Episode:100/100, avg halt num:0.18095159151193635
Episode:100/100, avg elec cons:0.45940771820443344
model saved successfully!
Complete training!
final reward list:[-95548.5924285046, -98308.45380053301, -89859.72911571027, -60292.28259063428, -14923.44039841764, -11400.141796085303, -10103.68355291918, -8148.674405197592, -6110.066166671114, -6860.933226176956, -8366.66306429398, -8734.392957771504, -6529.721599404164, -5999.738397797534, -7131.5866731578235, -6616.76494180663, -7613.0659392423995, -7467.371452627596, -6908.021973330957, -5729.950564472423, -6791.597333903073, -5964.520010253154, -5429.484565507646, -5843.458928783133, -5814.165729718267, -9000.33742793104, -8171.19207278447, -9843.161149312597, -8434.710014020035, -11136.161393893524, -9097.559260057762, -8138.898006035344, -10518.682750681337, -9163.741266372212, -9978.72621009197, -8437.517742642089, -7530.874233863751, -6056.874608230081, -6860.7879367622845, -6156.163916774276, -6056.466364688631, -6540.940948883664, -7095.963368798269, -6102.601569239782, -7317.22058930593, -6373.400481650506, -7479.288392233679, -8070.131016372071, -6188.467508964831, -7227.695641209072, -9892.481261317507, -11313.214258466878, -7984.682625994612, -8203.846194476397, -8163.312669151162, -9166.21757629483, -8726.508449595958, -10113.574788120883, -12889.898120549524, -10265.396961987017, -14146.337926823027, -11267.215969079185, -9229.240267842459, -9211.479304064327, -12762.98179854342, -12129.100577647563, -12114.315479143806, -11886.013351748838, -8709.10116528035, -8849.567187558563, -10838.635574365466, -9061.951044989499, -7774.205805281965, -11180.525229127988, -10608.224589428733, -13868.076062680164, -9052.646970365118, -8180.8426847227265, -10568.822704399163, -9921.010700903424, -11296.114170031211, -13092.080018956694, -11021.061865975413, -12368.470945127492, -11968.814096366326, -9822.052415723609, -15060.393225452372, -12974.206598276069, -11214.136803551979, -10968.99567927096, -11704.686515570893, -9840.003706964562, -13335.320941605058, -8989.579174765582, -9899.531476907743, -7082.450927677771, -8324.227086899842, -7323.958552938557, -7883.318521467188, -12573.299782688042]
final speed list:[6.324865719620992, 5.934100414149113, 6.209009963078416, 7.1710240503193114, 10.269319479800634, 13.328149506377397, 11.501758277752971, 12.327136760344214, 12.517464042369665, 12.293014849961757, 12.524612380282644, 11.598400431046556, 12.677659393418192, 12.627755312684968, 12.337205134722234, 11.9896132176749, 12.077148998666688, 10.95670536739485, 11.705682718802047, 12.674424108892389, 12.074766357898332, 12.2844741050609, 12.77037246392388, 12.66889305605712, 12.495898175723896, 11.319316313879566, 11.406389312003048, 10.025765267876467, 10.637307030098833, 11.185294885695479, 11.25912016677616, 11.00429934302017, 10.273364022054807, 11.197507862044967, 11.581014883395502, 11.161051610818399, 11.165655825036794, 12.312777915948471, 11.912753224469837, 12.062394523203823, 11.865091871485678, 11.625216461819205, 11.612167498138813, 12.141568340248341, 11.243444691427324, 12.739341610831035, 11.469515267899657, 10.997352143446575, 12.030022684573584, 11.297789573973674, 11.682686427040446, 10.826508216382262, 11.499305053563123, 11.37473075239375, 10.444334785978597, 10.667856545054335, 9.817472520100495, 10.174074220874008, 10.391712414137412, 11.077697333977845, 9.64320528194644, 10.587076607155035, 12.041449903002613, 10.949059191446532, 10.671994194148185, 11.012774073777093, 11.408250696105073, 11.077767910158606, 11.425896492881884, 11.124442061772307, 12.14418904136702, 9.934028510466092, 11.525380134279539, 11.45915801092284, 10.84447732077917, 10.113933862808228, 11.293496728402369, 11.035293725615057, 10.517827954369936, 11.036997867701496, 10.616194583964758, 10.49002056803894, 11.077951942240778, 10.032256878526576, 11.25337524906052, 11.35965706145804, 9.68931802100942, 10.81067156101709, 10.163657395502515, 10.242741739227837, 9.688969319964837, 10.133276423096293, 10.488743084205694, 11.22558091747825, 10.365322057087527, 11.370825750166231, 11.577518869845958, 10.844662571498658, 11.930764026375781, 10.859803844645601]
final elec cons list:[0.2561053217834632, 0.27471845849081905, 0.5647839912996909, 0.5141604361388236, 1.0925556662046878, 1.474448326683847, 0.6987274774329494, 0.7025488731351321, 0.9119417534846088, 0.837211553758536, 0.6501041363743424, 0.5906862188850096, 0.6909360186176219, 0.8423658119036457, 0.7917157907689301, 1.0057139267462414, 0.6912516289268619, 0.9922294704411031, 0.790918299580855, 0.8296315322352661, 0.8978568273472548, 0.9271544751801701, 0.803273066826013, 0.8665211713413021, 0.8605085713950213, 0.7383039440845278, 0.6811011122657946, 0.5665938279625788, 0.6214026460087148, 0.6036145085315126, 0.6906005332326991, 0.653863764046084, 0.40157838712433497, 0.47890387397729134, 0.6275089122215451, 0.6435457095533653, 0.886058258765476, 1.1239054483840603, 0.7497558490140049, 0.7850327845041328, 0.8432310729730359, 0.857849560012843, 0.9749500479891725, 0.9925874754676605, 0.8912156127702601, 0.854765748044849, 0.932820930176551, 0.9119895226733957, 0.7437332203992568, 0.6450130450814897, 0.6211780939455502, 0.628004351493839, 0.6865451132584932, 0.6112108508792795, 0.683593617984315, 0.5376981405809654, 0.5751551860755031, 0.6237130107979998, 0.5338360560499141, 0.4662761873261484, 0.599947406725687, 0.7239192537480175, 1.1447024762056752, 0.6805106202112644, 0.5142836108365407, 0.4450950276862402, 0.6364248788573099, 0.5338245002472853, 0.6063875441855373, 0.6214432419179503, 0.6642689116392435, 0.6502532203644618, 0.5873560884689574, 0.5647307001795016, 0.4356133826013892, 0.5745217631456978, 0.8665755443981104, 0.7951681844642992, 0.6594952653011814, 0.7081309675492771, 0.6683654505674672, 0.6840590624398588, 0.6099564267736627, 0.6542057082302623, 0.5632678795166309, 0.5322892875767085, 0.5908596954992128, 0.487159962429238, 0.523158611387465, 0.5909842997645524, 0.5643674122832156, 0.5964964247883768, 0.5437771727446506, 0.5516246113629575, 0.6488207075966431, 0.8929123879890363, 0.9137533513816721, 0.9365501226441135, 0.7967701478459527, 0.45940771820443344]
final halt list:[0.7802305961754781, 0.8198617788461539, 0.3896843950905903, 0.18982333456017667, 0.07618953991348801, 0.11744069495489476, 0.05886332882273342, 0.03553921568627451, 0.012980769230769231, 0.02847457627118644, 0.07146263910969794, 0.11353711790393013, 0.04583205167640726, 0.0037542662116040954, 0.05029048656499637, 0.010385479041916168, 0.08271750083977158, 0.04728651237031125, 0.01090014064697609, 0.0005766062602965404, 0.029025504377617053, 0.008281761922096833, 0.0025426509186351706, 0.004361873990306946, 0.004774448468883767, 0.07702349869451697, 0.05467402552604346, 0.09371373307543521, 0.07365549493374902, 0.14126016260162602, 0.03192982456140351, 0.05950666186532229, 0.15368784985182746, 0.1309880239520958, 0.14349894291754756, 0.10743653914908831, 0.05964314354450682, 0.007010231148162183, 0.008460236886632826, 0.029730209442669506, 0.014012061014544164, 0.021985157699443415, 0.025405718701700154, 0.005624092888243832, 0.011398176291793313, 0.0064966313763233875, 0.008951883625512868, 0.025246772968868642, 0.02057644882860666, 0.0448654037886341, 0.05224236641221374, 0.11160714285714286, 0.05509596293845136, 0.08050989600805099, 0.11200305810397554, 0.0784985935302391, 0.10651828298887123, 0.08038801383019593, 0.1344046749452155, 0.08718720304086158, 0.1878053363397219, 0.06732723577235772, 0.03089338115422237, 0.08637513552584027, 0.15419004207573633, 0.13507072570725706, 0.0653145959757266, 0.10751211631663975, 0.06654456654456654, 0.0698856416772554, 0.08790245457443417, 0.09349593495934959, 0.05055849500293945, 0.09763166611460748, 0.08912073908888181, 0.18100115964437571, 0.010591603053435114, 0.05721864342553998, 0.04906015037593985, 0.05098908594815826, 0.05245133381398702, 0.054684512428298276, 0.049318030605455754, 0.0745814307458143, 0.07363401228580665, 0.07072220557386874, 0.18862635162194633, 0.13628953374633193, 0.13919213973799127, 0.11494688922610015, 0.08427922814982974, 0.09577022534170669, 0.15817963111467523, 0.07134703196347032, 0.08730011156563779, 0.034613921643210345, 0.033661119515885025, 0.03916474210931486, 0.02754380053908356, 0.18095159151193635]
speed reward list:[-16263.25, -16557.75, -11364.45, -11829.450000000055, -4479.899999999939, -2896.7999999999547, -3960.3499999999503, -3754.1499999999605, -3440.0999999999694, -3509.899999999954, -3768.9999999999695, -4081.9999999999477, -3361.2499999999545, -3196.4499999999503, -3632.4999999999636, -3384.199999999955, -3785.249999999941, -3488.5999999999403, -3668.3499999999585, -3344.4499999999407, -3485.349999999964, -3310.6999999999684, -3321.649999999948, -3307.1499999999414, -3303.3999999999505, -4076.3499999999594, -3933.54999999996, -4419.599999999939, -4244.849999999971, -4693.449999999934, -4224.599999999962, -4215.4499999999325, -4720.649999999949, -4329.299999999944, -4228.349999999951, -4111.0999999999185, -3817.2999999999415, -3318.149999999968, -3753.3499999999467, -3619.29999999997, -3474.099999999961, -3606.1499999999455, -3538.649999999964, -3340.249999999934, -3741.8499999999663, -3462.5499999999474, -3721.4499999999607, -3852.599999999964, -3600.249999999952, -3935.999999999958, -4278.149999999948, -4585.249999999967, -3946.499999999961, -4126.699999999937, -4043.2999999999356, -4391.549999999944, -4500.949999999954, -4454.799999999955, -4876.94999999996, -4681.449999999957, -5053.949999999939, -4635.24999999996, -3644.8499999999403, -4159.799999999953, -4911.6999999999325, -4933.749999999957, -4606.249999999953, -4628.399999999939, -4147.999999999927, -4077.0499999999606, -4219.499999999925, -4244.099999999957, -3918.9499999999516, -4452.299999999955, -4702.89999999997, -5004.149999999944, -4064.9999999999463, -3736.699999999959, -4428.849999999959, -4137.649999999938, -4418.449999999962, -4580.499999999958, -4375.849999999963, -4460.449999999941, -4563.249999999952, -4264.499999999936, -5150.3999999999605, -4914.999999999949, -4705.09999999996, -4450.749999999947, -4680.249999999956, -4330.549999999963, -4930.249999999945, -4305.14999999995, -4371.249999999952, -3609.849999999947, -3701.049999999937, -3552.899999999964, -3691.0499999999547, -4760.04999999995]
accel reward list:[-18091.54242851019, -17930.703800538602, -36976.77911571008, -12612.832590633365, -4053.7403984178677, -3339.3417960857305, -2281.3335529192245, -1929.7244051976418, -1412.2661666711717, -1743.2332261769648, -2183.2630642941426, -2131.692957771758, -1718.7715994041776, -1628.3883977975406, -1786.486673157903, -1716.2649418066935, -1938.5159392424814, -1916.5714526276456, -1680.7719733309552, -1401.8005644724747, -1604.0473339030966, -1417.9200102532234, -1313.5345655076421, -1376.70892878313, -1329.1657297183028, -2102.48742793114, -1929.242072784572, -2282.261149312726, -2022.8600140201427, -2470.8113938937818, -2341.5592600578443, -1692.6480060353247, -2440.3327506817295, -2167.1412663723936, -2601.6762100922206, -1996.1177426422241, -1682.2742338638411, -1326.924608230123, -1363.5379367622936, -1277.963916774288, -1502.466364688647, -1578.0909488836323, -1716.11336879834, -1496.2515692398078, -1701.3705893058923, -1489.0504816505297, -1805.7383922336546, -1933.0310163721063, -1426.017508964838, -1651.095641209127, -2292.931261317601, -2411.1642584671617, -1788.8826259946873, -1807.446194476581, -1671.5126691513628, -1970.3675762949701, -1641.7584495961842, -2207.474788121032, -3083.0481205497235, -2313.3469619872026, -3571.487926823515, -2706.5659690793873, -2535.0902678426187, -2221.479304064492, -2956.1817985438165, -2716.2505776478856, -2479.565479143871, -2438.513351749163, -1816.9011652805254, -2138.217187558642, -2216.535574365583, -1846.7510449896006, -1583.2558052820646, -2406.625229128213, -2199.224589428978, -2990.0260626805157, -1865.3469703650665, -2017.54268472276, -2486.9727043992107, -2407.860700903584, -2634.9641700313355, -3409.680018956839, -2583.311865975508, -2970.82094512765, -2875.364096366483, -2092.7524157237644, -3148.993225452812, -3076.5065982765154, -2589.7368035522345, -2639.3456792712223, -2697.0365155711365, -2264.053706964707, -2956.2709416054454, -2035.7291747655936, -2054.48147690782, -1627.0009276777694, -2115.077086899948, -1907.6585529386125, -2197.4685214672295, -2940.9497826884276]
tls reward list:[-52834.400000034366, -54734.70000003517, -36972.000000018066, -31790.700000019715, -5763.299999998439, -4791.600000000059, -3364.300000000926, -2060.900000000666, -969.2999999998356, -1273.9000000003261, -1997.900000000605, -2117.500000000694, -1168.2999999999697, -887.8999999997991, -1298.9000000003325, -1184.499999999966, -1457.4000000005456, -1735.3000000005331, -1211.0000000000455, -639.9999999998199, -1277.300000000427, -836.1999999998138, -472.299999999869, -759.1999999997597, -830.8999999997984, -1980.8000000006145, -1615.4000000007552, -2343.300000000903, -1515.3000000006095, -3089.9000000010915, -2077.8000000005472, -1758.3000000006612, -2701.8000000007223, -2283.0000000008354, -2704.200000000931, -1985.2000000008084, -1757.600000000511, -1178.7000000002142, -1398.1000000004374, -942.4999999998228, -756.4999999997794, -975.8999999997326, -1441.500000000387, -860.7999999998689, -1424.600000000478, -1048.699999999986, -1449.500000000382, -1765.8000000005527, -758.2999999997562, -1135.199999999974, -2802.0000000008367, -3670.0000000010245, -1756.5000000006562, -1620.1000000005972, -1803.1000000006675, -2206.5000000007453, -1963.6000000006948, -2828.3000000010525, -3953.4000000010096, -2555.9000000009396, -4468.799999999943, -3345.8000000009447, -2332.500000000753, -2170.8000000007933, -3976.700000001047, -3740.600000001102, -4473.399999999445, -4135.200000000908, -2223.400000000857, -1988.2000000008516, -3774.0000000009877, -2396.40000000079, -1805.8000000006768, -3562.800000001124, -3078.200000001042, -5028.2999999984495, -2715.600000000846, -1938.7000000006146, -3073.4000000008177, -2875.000000000904, -3753.4000000009637, -4462.099999999453, -3473.2000000009457, -4246.299999999939, -3786.8000000010625, -2794.2000000009893, -5854.499999997911, -4068.50000000098, -3175.9000000010597, -3223.700000000991, -3581.900000001023, -2544.7000000007474, -4557.699999998825, -2106.900000000835, -2909.6000000009044, -1399.70000000044, -1971.2000000006697, -1438.5000000004397, -1490.1000000002928, -3985.4000000011283]
extra reward list:[-8359.399999998672, -9085.299999999426, -4546.499999999445, -4059.2999999995714, -626.5000000000016, -372.3999999999964, -497.69999999999436, -403.8999999999959, -288.39999999999776, -333.899999999997, -416.4999999999957, -403.1999999999959, -281.3999999999979, -286.9999999999978, -413.6999999999957, -331.79999999999706, -431.89999999999543, -326.89999999999714, -347.8999999999968, -343.69999999999686, -424.89999999999554, -399.69999999999595, -321.9999999999972, -400.39999999999594, -350.69999999999675, -840.7000000000155, -693.0000000000059, -798.0000000000127, -651.7000000000032, -882.0000000000182, -453.5999999999951, -472.49999999999477, -655.9000000000035, -384.2999999999962, -444.4999999999952, -345.09999999999684, -273.699999999998, -233.09999999999866, -345.7999999999968, -316.3999999999973, -323.3999999999972, -380.79999999999626, -399.69999999999595, -405.29999999999586, -449.39999999999515, -373.0999999999964, -502.5999999999943, -518.6999999999946, -403.8999999999959, -505.39999999999424, -519.3999999999946, -646.8000000000029, -492.79999999999444, -649.6000000000031, -645.4000000000028, -597.7999999999997, -620.2000000000012, -623.0000000000014, -976.5000000000243, -714.7000000000073, -1052.1000000000292, -579.5999999999985, -716.8000000000075, -659.4000000000037, -918.4000000000206, -738.5000000000089, -555.099999999997, -683.9000000000053, -520.7999999999947, -646.1000000000029, -628.6000000000017, -574.6999999999982, -466.1999999999949, -758.8000000000102, -627.9000000000017, -845.6000000000158, -406.69999999999584, -487.8999999999945, -579.5999999999985, -500.4999999999943, -489.2999999999945, -639.8000000000025, -588.6999999999991, -690.9000000000058, -743.4000000000092, -670.6000000000045, -906.5000000000198, -914.2000000000203, -743.4000000000092, -655.2000000000035, -745.5000000000093, -700.7000000000064, -891.1000000000188, -541.7999999999961, -564.1999999999975, -445.8999999999952, -536.8999999999958, -424.89999999999554, -504.69999999999425, -886.9000000000185]
