nohup: 忽略输入
Env:sumo, Algorithm:TD3, Device:cuda
-----------------------------------------
models/reward_s9e-3_a4e-2_t(-0.2_0.1).pth
-----------------------------------------
 Retrying in 1 seconds
Warning: Unused states in tlLogic 'J10', program '0' in phase 0 after tl-index 10
Simulation......
总奖励:-1925.9958346613616, 速度奖励:-930.6574919819515, 加速度奖励:-711.2383426792711, 交通灯奖励:-284.09999999997814, 与前车进行交互的惩罚:0.0
Episode:1/100, Reward:-1925.9958346613616
Episode:1/100, avg speed:14.437917980568516
Episode:1/100, avg halt num:0.3433744722312439
Episode:1/100, avg elec cons:1.762902998089894
 Retrying in 1 seconds
Warning: Unused states in tlLogic 'J10', program '0' in phase 0 after tl-index 10
Simulation......
总奖励:-2253.5063046982364, 速度奖励:-1184.5730724479397, 加速度奖励:-681.333232250229, 交通灯奖励:-387.5999999998856, 与前车进行交互的惩罚:0.0
Episode:2/100, Reward:-2253.5063046982364
Episode:2/100, avg speed:14.017458994774065
Episode:2/100, avg halt num:0.4596020761245675
Episode:2/100, avg elec cons:1.8991220424325361
 Retrying in 1 seconds
Warning: Unused states in tlLogic 'J10', program '0' in phase 0 after tl-index 10
Simulation......
总奖励:-1683.6348587069463, 速度奖励:-584.0907120539675, 加速度奖励:-831.3441466528684, 交通灯奖励:-268.1999999999948, 与前车进行交互的惩罚:0.0
Episode:3/100, Reward:-1683.6348587069463
Episode:3/100, avg speed:15.592825737013944
Episode:3/100, avg halt num:0.2713305001634521
Episode:3/100, avg elec cons:2.0374737251161488
 Retrying in 1 seconds
Warning: Unused states in tlLogic 'J10', program '0' in phase 0 after tl-index 10
Simulation......
总奖励:-1455.797370738405, 速度奖励:-484.3132325549741, 加速度奖励:-769.7841381833573, 交通灯奖励:-201.70000000000738, 与前车进行交互的惩罚:0.0
Episode:4/100, Reward:-1455.797370738405
Episode:4/100, avg speed:15.18089793838594
Episode:4/100, avg halt num:0.2662562524047711
Episode:4/100, avg elec cons:2.5167596042204994
 Retrying in 1 seconds
Warning: Unused states in tlLogic 'J10', program '0' in phase 0 after tl-index 10
Simulation......
总奖励:-1492.1404469001243, 速度奖励:-498.32447804997634, 加速度奖励:-786.7159688500877, 交通灯奖励:-207.10000000000886, 与前车进行交互的惩罚:0.0
Episode:5/100, Reward:-1492.1404469001243
Episode:5/100, avg speed:15.444649942959616
Episode:5/100, avg halt num:0.2714717741935484
Episode:5/100, avg elec cons:2.5932440257604865
 Retrying in 1 seconds
Warning: Unused states in tlLogic 'J10', program '0' in phase 0 after tl-index 10
Simulation......
总奖励:-1495.3161347546206, 速度奖励:-519.8064337529705, 加速度奖励:-773.6097010015657, 交通灯奖励:-201.9000000000051, 与前车进行交互的惩罚:0.0
Episode:6/100, Reward:-1495.3161347546206
Episode:6/100, avg speed:15.388468885962126
Episode:6/100, avg halt num:0.2697603719599428
Episode:6/100, avg elec cons:2.328592632616586
 Retrying in 1 seconds
Warning: Unused states in tlLogic 'J10', program '0' in phase 0 after tl-index 10
Simulation......
总奖励:-1546.9388863565275, 速度奖励:-521.0103713399726, 加速度奖励:-791.928515016477, 交通灯奖励:-234.0000000000051, 与前车进行交互的惩罚:0.0
Episode:7/100, Reward:-1546.9388863565275
Episode:7/100, avg speed:15.67352840390377
Episode:7/100, avg halt num:0.25420962199312713
Episode:7/100, avg elec cons:2.220008776522275
 Retrying in 1 seconds
Warning: Unused states in tlLogic 'J10', program '0' in phase 0 after tl-index 10
Simulation......
总奖励:-1433.5163689469443, 速度奖励:-482.8885846919713, 加速度奖励:-770.22778425492, 交通灯奖励:-180.40000000001513, 与前车进行交互的惩罚:0.0
Episode:8/100, Reward:-1433.5163689469443
Episode:8/100, avg speed:15.721835998661456
Episode:8/100, avg halt num:0.2225023636936653
Episode:8/100, avg elec cons:2.0802040994291873
 Retrying in 1 seconds
Warning: Unused states in tlLogic 'J10', program '0' in phase 0 after tl-index 10
Simulation......
总奖励:-1498.1561382693542, 速度奖励:-499.3186477229718, 加速度奖励:-784.1374905463123, 交通灯奖励:-214.70000000000724, 与前车进行交互的惩罚:0.0
Episode:9/100, Reward:-1498.1561382693542
Episode:9/100, avg speed:15.611903004263048
Episode:9/100, avg halt num:0.23299153645833334
Episode:9/100, avg elec cons:2.134062761151202
 Retrying in 1 seconds
Warning: Unused states in tlLogic 'J10', program '0' in phase 0 after tl-index 10
Simulation......
总奖励:-1504.6643057849676, 速度奖励:-536.6889999629702, 加速度奖励:-794.9753058219317, 交通灯奖励:-173.00000000001833, 与前车进行交互的惩罚:0.0
Episode:10/100, Reward:-1504.6643057849676
Episode:10/100, avg speed:15.288740219646234
Episode:10/100, avg halt num:0.2730077574047955
Episode:10/100, avg elec cons:2.2573433850367044
 Retrying in 1 seconds
Warning: Unused states in tlLogic 'J10', program '0' in phase 0 after tl-index 10
Simulation......
总奖励:-1512.225665909969, 速度奖励:-515.6634152699733, 加速度奖励:-787.6622506399182, 交通灯奖励:-208.90000000000973, 与前车进行交互的惩罚:0.0
Episode:11/100, Reward:-1512.225665909969
Episode:11/100, avg speed:15.891293355925608
Episode:11/100, avg halt num:0.24040387182910547
Episode:11/100, avg elec cons:2.1761876555750734
 Retrying in 1 seconds
Warning: Unused states in tlLogic 'J10', program '0' in phase 0 after tl-index 10
Simulation......
总奖励:-1439.4709033359263, 速度奖励:-492.3390696389741, 加速度奖励:-777.9318336968932, 交通灯奖励:-169.20000000001318, 与前车进行交互的惩罚:0.0
Episode:12/100, Reward:-1439.4709033359263
Episode:12/100, avg speed:15.71614714323925
Episode:12/100, avg halt num:0.24136740331491713
Episode:12/100, avg elec cons:2.23148558320864
 Retrying in 1 seconds
Warning: Unused states in tlLogic 'J10', program '0' in phase 0 after tl-index 10
Simulation......
总奖励:-1474.66715187893, 速度奖励:-481.6689429869738, 加速度奖励:-766.4982088918939, 交通灯奖励:-226.50000000000978, 与前车进行交互的惩罚:0.0
Episode:13/100, Reward:-1474.66715187893
Episode:13/100, avg speed:15.852904041923741
Episode:13/100, avg halt num:0.21852261942423284
Episode:13/100, avg elec cons:2.096413318135692
 Retrying in 1 seconds
Warning: Unused states in tlLogic 'J10', program '0' in phase 0 after tl-index 10
Simulation......
总奖励:-1506.2215568234503, 速度奖励:-519.3896994899728, 加速度奖励:-779.0318573333828, 交通灯奖励:-207.80000000001027, 与前车进行交互的惩罚:0.0
Episode:14/100, Reward:-1506.2215568234503
Episode:14/100, avg speed:15.510675821842637
Episode:14/100, avg halt num:0.2649200710479574
Episode:14/100, avg elec cons:2.3326133444147317
 Retrying in 1 seconds
Warning: Unused states in tlLogic 'J10', program '0' in phase 0 after tl-index 10
Simulation......
总奖励:-1550.6685759339396, 速度奖励:-542.4819898409747, 加速度奖励:-807.6865860929053, 交通灯奖励:-200.50000000001825, 与前车进行交互的惩罚:0.0
Episode:15/100, Reward:-1550.6685759339396
Episode:15/100, avg speed:15.56044313480734
Episode:15/100, avg halt num:0.2823901712583768
Episode:15/100, avg elec cons:2.3466777122331863
 Retrying in 1 seconds
Warning: Unused states in tlLogic 'J10', program '0' in phase 0 after tl-index 10
Simulation......
总奖励:-1578.4059022079937, 速度奖励:-535.4560491209724, 加速度奖励:-790.5498530869226, 交通灯奖励:-252.39999999999853, 与前车进行交互的惩罚:0.0
Episode:16/100, Reward:-1578.4059022079937
Episode:16/100, avg speed:15.374214650465248
Episode:16/100, avg halt num:0.2868150684931507
Episode:16/100, avg elec cons:2.4628287446361052
 Retrying in 1 seconds
Warning: Unused states in tlLogic 'J10', program '0' in phase 0 after tl-index 10
Simulation......
总奖励:-1528.5308042221723, 速度奖励:-532.5664970969709, 加速度奖励:-777.2643071251143, 交通灯奖励:-218.7000000000112, 与前车进行交互的惩罚:0.0
Episode:17/100, Reward:-1528.5308042221723
Episode:17/100, avg speed:15.588416255190484
Episode:17/100, avg halt num:0.27031955540118097
Episode:17/100, avg elec cons:2.2574618061249607
 Retrying in 1 seconds
Warning: Unused states in tlLogic 'J10', program '0' in phase 0 after tl-index 10
Simulation......
总奖励:-1468.5155496570294, 速度奖励:-508.8241349189714, 加速度奖励:-761.5914147379822, 交通灯奖励:-198.1000000000101, 与前车进行交互的惩罚:0.0
Episode:18/100, Reward:-1468.5155496570294
Episode:18/100, avg speed:14.810011510302418
Episode:18/100, avg halt num:0.29734387672343876
Episode:18/100, avg elec cons:2.6439705076643536
 Retrying in 1 seconds
Warning: Unused states in tlLogic 'J10', program '0' in phase 0 after tl-index 10
Simulation......
总奖励:-1609.322898062826, 速度奖励:-562.1477529599731, 加速度奖励:-810.3751451027512, 交通灯奖励:-236.80000000000533, 与前车进行交互的惩罚:0.0
Episode:19/100, Reward:-1609.322898062826
Episode:19/100, avg speed:15.31334808126935
Episode:19/100, avg halt num:0.28379110950487896
Episode:19/100, avg elec cons:2.3066696256129022
 Retrying in 1 seconds
Warning: Unused states in tlLogic 'J10', program '0' in phase 0 after tl-index 10
Simulation......
总奖励:-1505.0657054500828, 速度奖励:-515.7911439359711, 加速度奖励:-791.9745615140259, 交通灯奖励:-197.3000000000133, 与前车进行交互的惩罚:0.0
Episode:20/100, Reward:-1505.0657054500828
Episode:20/100, avg speed:15.631879566108084
Episode:20/100, avg halt num:0.247794367153037
Episode:20/100, avg elec cons:2.189852497230451
 Retrying in 1 seconds
Warning: Unused states in tlLogic 'J10', program '0' in phase 0 after tl-index 10
Simulation......
总奖励:-1561.7942545702358, 速度奖励:-561.3192415349708, 加速度奖励:-797.7750130351935, 交通灯奖励:-202.70000000001622, 与前车进行交互的惩罚:0.0
Episode:21/100, Reward:-1561.7942545702358
Episode:21/100, avg speed:15.273582226785402
Episode:21/100, avg halt num:0.31086617245415527
Episode:21/100, avg elec cons:2.509696238253416
 Retrying in 1 seconds
Warning: Unused states in tlLogic 'J10', program '0' in phase 0 after tl-index 10
Simulation......
总奖励:-1426.775044920857, 速度奖励:-488.21207888697387, 加速度奖励:-756.5629660338084, 交通灯奖励:-182.00000000000307, 与前车进行交互的惩罚:0.0
Episode:22/100, Reward:-1426.775044920857
Episode:22/100, avg speed:15.461524365749346
Episode:22/100, avg halt num:0.2640470766894457
Episode:22/100, avg elec cons:2.5101251342005115
 Retrying in 1 seconds
Warning: Unused states in tlLogic 'J10', program '0' in phase 0 after tl-index 10
Simulation......
总奖励:-1429.1193974153111, 速度奖励:-499.60963993497364, 加速度奖励:-775.4097574802681, 交通灯奖励:-154.10000000001153, 与前车进行交互的惩罚:0.0
Episode:23/100, Reward:-1429.1193974153111
Episode:23/100, avg speed:15.85926914483442
Episode:23/100, avg halt num:0.24178801219099222
Episode:23/100, avg elec cons:2.1799058540220546
 Retrying in 1 seconds
Warning: Unused states in tlLogic 'J10', program '0' in phase 0 after tl-index 10
Simulation......
总奖励:-1446.2664435838074, 速度奖励:-524.496654944972, 加速度奖励:-769.6697886387501, 交通灯奖励:-152.1000000000155, 与前车进行交互的惩罚:0.0
Episode:24/100, Reward:-1446.2664435838074
Episode:24/100, avg speed:15.609345409574319
Episode:24/100, avg halt num:0.25297324083250744
Episode:24/100, avg elec cons:2.1708757576856765
 Retrying in 1 seconds
Warning: Unused states in tlLogic 'J10', program '0' in phase 0 after tl-index 10
Simulation......
总奖励:-1404.1799333207193, 速度奖励:-495.00257069697216, 加速度奖励:-755.4773626236812, 交通灯奖励:-153.70000000001846, 与前车进行交互的惩罚:0.0
Episode:25/100, Reward:-1404.1799333207193
Episode:25/100, avg speed:15.748478593870937
Episode:25/100, avg halt num:0.24492041991195396
Episode:25/100, avg elec cons:2.236835879134945
 Retrying in 1 seconds
Warning: Unused states in tlLogic 'J10', program '0' in phase 0 after tl-index 10
Simulation......
总奖励:-1636.9503694232837, 速度奖励:-580.5068848469692, 加速度奖励:-806.0434845762127, 交通灯奖励:-250.4000000000071, 与前车进行交互的惩罚:0.0
Episode:26/100, Reward:-1636.9503694232837
Episode:26/100, avg speed:15.060303441096188
Episode:26/100, avg halt num:0.3203817971461628
Episode:26/100, avg elec cons:2.44603337841861
 Retrying in 1 seconds
Warning: Unused states in tlLogic 'J10', program '0' in phase 0 after tl-index 10
Simulation......
总奖励:-1525.5732800756186, 速度奖励:-530.851099337971, 加速度奖励:-794.7221807375494, 交通灯奖励:-200.00000000001288, 与前车进行交互的惩罚:0.0
Episode:27/100, Reward:-1525.5732800756186
Episode:27/100, avg speed:15.39946880523603
Episode:27/100, avg halt num:0.2662565905096661
Episode:27/100, avg elec cons:2.260075561307246
 Retrying in 1 seconds
Warning: Unused states in tlLogic 'J10', program '0' in phase 0 after tl-index 10
Simulation......
总奖励:-1557.3538975778356, 速度奖励:-540.2477063249709, 加速度奖励:-799.2061912527755, 交通灯奖励:-217.90000000001345, 与前车进行交互的惩罚:0.0
Episode:28/100, Reward:-1557.3538975778356
Episode:28/100, avg speed:14.769766885976113
Episode:28/100, avg halt num:0.3139151914368053
Episode:28/100, avg elec cons:2.624076637857944
 Retrying in 1 seconds
Warning: Unused states in tlLogic 'J10', program '0' in phase 0 after tl-index 10
Simulation......
总奖励:-1678.0913893892555, 速度奖励:-571.9404728159715, 加速度奖励:-851.0509165731874, 交通灯奖励:-255.1000000000075, 与前车进行交互的惩罚:0.0
Episode:29/100, Reward:-1678.0913893892555
Episode:29/100, avg speed:15.048757376968398
Episode:29/100, avg halt num:0.31745871929118
Episode:29/100, avg elec cons:2.4639208251789193
 Retrying in 1 seconds
Warning: Unused states in tlLogic 'J10', program '0' in phase 0 after tl-index 10
Simulation......
总奖励:-1440.366537889313, 速度奖励:-505.58868137697306, 加速度奖励:-750.5778565122702, 交通灯奖励:-184.20000000000877, 与前车进行交互的惩罚:0.0
Episode:30/100, Reward:-1440.366537889313
Episode:30/100, avg speed:15.616963172594566
Episode:30/100, avg halt num:0.25612745098039214
Episode:30/100, avg elec cons:2.3479654049308887
 Retrying in 1 seconds
Warning: Unused states in tlLogic 'J10', program '0' in phase 0 after tl-index 10
Simulation......
总奖励:-1511.761138702739, 速度奖励:-497.4853361669739, 加速度奖励:-774.8758025356905, 交通灯奖励:-239.40000000001186, 与前车进行交互的惩罚:0.0
Episode:31/100, Reward:-1511.761138702739
Episode:31/100, avg speed:15.529671367699109
Episode:31/100, avg halt num:0.2671798723244461
Episode:31/100, avg elec cons:2.4444210595694993
 Retrying in 1 seconds
Warning: Unused states in tlLogic 'J10', program '0' in phase 0 after tl-index 10
Simulation......
总奖励:-1553.1897779340907, 速度奖励:-562.9311502919701, 加速度奖励:-796.7586276420295, 交通灯奖励:-193.50000000001853, 与前车进行交互的惩罚:0.0
Episode:32/100, Reward:-1553.1897779340907
Episode:32/100, avg speed:15.089813029897524
Episode:32/100, avg halt num:0.30847619047619046
Episode:32/100, avg elec cons:2.4305546330902676
 Retrying in 1 seconds
Warning: Unused states in tlLogic 'J10', program '0' in phase 0 after tl-index 10
Simulation......
总奖励:-1497.162652668063, 速度奖励:-507.7814889149735, 加速度奖励:-771.5811637530106, 交通灯奖励:-217.80000000001004, 与前车进行交互的惩罚:0.0
Episode:33/100, Reward:-1497.162652668063
Episode:33/100, avg speed:15.372393994921604
Episode:33/100, avg halt num:0.25771659066994035
Episode:33/100, avg elec cons:2.325923746588338
 Retrying in 1 seconds
Warning: Unused states in tlLogic 'J10', program '0' in phase 0 after tl-index 10
Simulation......
总奖励:-1444.3610358969086, 速度奖励:-512.0411363729731, 加速度奖励:-780.1198995238617, 交通灯奖励:-152.2000000000102, 与前车进行交互的惩罚:0.0
Episode:34/100, Reward:-1444.3610358969086
Episode:34/100, avg speed:15.6167988571684
Episode:34/100, avg halt num:0.256140350877193
Episode:34/100, avg elec cons:2.2761807548719992
 Retrying in 1 seconds
Warning: Unused states in tlLogic 'J10', program '0' in phase 0 after tl-index 10
Simulation......
总奖励:-1428.8708563992204, 速度奖励:-484.6607917469759, 加速度奖励:-774.4100646521733, 交通灯奖励:-169.8000000000079, 与前车进行交互的惩罚:0.0
Episode:35/100, Reward:-1428.8708563992204
Episode:35/100, avg speed:15.712270607032032
Episode:35/100, avg halt num:0.2523303504847129
Episode:35/100, avg elec cons:2.4264638662317
 Retrying in 1 seconds
Warning: Unused states in tlLogic 'J10', program '0' in phase 0 after tl-index 10
Simulation......
总奖励:-1534.736141446621, 速度奖励:-541.0942231859686, 加速度奖励:-796.1419182605614, 交通灯奖励:-197.50000000001071, 与前车进行交互的惩罚:0.0
Episode:36/100, Reward:-1534.736141446621
Episode:36/100, avg speed:15.276593567057462
Episode:36/100, avg halt num:0.2858610384759059
Episode:36/100, avg elec cons:2.3771166244789215
 Retrying in 1 seconds
Warning: Unused states in tlLogic 'J10', program '0' in phase 0 after tl-index 10
Simulation......
总奖励:-1611.1666914061907, 速度奖励:-555.1373468789695, 加速度奖励:-808.7293445271066, 交通灯奖励:-247.30000000000396, 与前车进行交互的惩罚:0.0
Episode:37/100, Reward:-1611.1666914061907
Episode:37/100, avg speed:14.943515466078168
Episode:37/100, avg halt num:0.323510773130545
Episode:37/100, avg elec cons:2.6773224832055065
 Retrying in 1 seconds
Warning: Unused states in tlLogic 'J10', program '0' in phase 0 after tl-index 10
Simulation......
总奖励:-1410.376630473401, 速度奖励:-467.2522794149787, 加速度奖励:-762.2243510583738, 交通灯奖励:-180.90000000002078, 与前车进行交互的惩罚:0.0
Episode:38/100, Reward:-1410.376630473401
Episode:38/100, avg speed:15.753421476106139
Episode:38/100, avg halt num:0.24941972920696326
Episode:38/100, avg elec cons:2.527110435342735
 Retrying in 1 seconds
Warning: Unused states in tlLogic 'J10', program '0' in phase 0 after tl-index 10
Simulation......
总奖励:-1595.6617558473142, 速度奖励:-563.5058100029697, 加速度奖励:-794.4559458442388, 交通灯奖励:-237.70000000000607, 与前车进行交互的惩罚:0.0
Episode:39/100, Reward:-1595.6617558473142
Episode:39/100, avg speed:15.340165934765258
Episode:39/100, avg halt num:0.2846885813148789
Episode:39/100, avg elec cons:2.2291592103363604
 Retrying in 1 seconds
Warning: Unused states in tlLogic 'J10', program '0' in phase 0 after tl-index 10
Simulation......
总奖励:-1551.2589019641614, 速度奖励:-521.0130288959733, 加速度奖励:-809.3458730681097, 交通灯奖励:-220.90000000000848, 与前车进行交互的惩罚:0.0
Episode:40/100, Reward:-1551.2589019641614
Episode:40/100, avg speed:15.404927952688345
Episode:40/100, avg halt num:0.26321545752825376
Episode:40/100, avg elec cons:2.303476931225816
 Retrying in 1 seconds
Warning: Unused states in tlLogic 'J10', program '0' in phase 0 after tl-index 10
Simulation......
总奖励:-1453.0609260665606, 速度奖励:-508.8936231629729, 加速度奖励:-772.4673029035218, 交通灯奖励:-171.70000000002094, 与前车进行交互的惩罚:0.0
Episode:41/100, Reward:-1453.0609260665606
Episode:41/100, avg speed:15.388579565223452
Episode:41/100, avg halt num:0.2671532846715328
Episode:41/100, avg elec cons:2.3968656371343458
 Retrying in 1 seconds
Warning: Unused states in tlLogic 'J10', program '0' in phase 0 after tl-index 10
Simulation......
总奖励:-1579.673366426337, 速度奖励:-535.6361817179724, 加速度奖励:-804.7371847082809, 交通灯奖励:-239.30000000000334, 与前车进行交互的惩罚:0.0
Episode:42/100, Reward:-1579.673366426337
Episode:42/100, avg speed:15.250268778465216
Episode:42/100, avg halt num:0.2898009950248756
Episode:42/100, avg elec cons:2.4329599284310444
 Retrying in 1 seconds
Warning: Unused states in tlLogic 'J10', program '0' in phase 0 after tl-index 10
Simulation......
总奖励:-1465.9527981678252, 速度奖励:-522.5810617349728, 加速度奖励:-771.2717364327689, 交通灯奖励:-172.10000000000977, 与前车进行交互的惩罚:0.0
Episode:43/100, Reward:-1465.9527981678252
Episode:43/100, avg speed:15.074735140842549
Episode:43/100, avg halt num:0.2918791683012946
Episode:43/100, avg elec cons:2.5982678947898803
 Retrying in 1 seconds
Warning: Unused states in tlLogic 'J10', program '0' in phase 0 after tl-index 10
Simulation......
总奖励:-1494.1720817267797, 速度奖励:-522.009586718972, 加速度奖励:-776.0624950077047, 交通灯奖励:-196.10000000000622, 与前车进行交互的惩罚:0.0
Episode:44/100, Reward:-1494.1720817267797
Episode:44/100, avg speed:15.406933682394206
Episode:44/100, avg halt num:0.2777049794084612
Episode:44/100, avg elec cons:2.4625647786206972
 Retrying in 1 seconds
Warning: Unused states in tlLogic 'J10', program '0' in phase 0 after tl-index 10
Simulation......
总奖励:-1553.2798466724746, 速度奖励:-557.6795845469702, 加速度奖励:-796.3002621254175, 交通灯奖励:-199.3000000000094, 与前车进行交互的惩罚:0.0
Episode:45/100, Reward:-1553.2798466724746
Episode:45/100, avg speed:14.85333839786902
Episode:45/100, avg halt num:0.312744714173845
Episode:45/100, avg elec cons:2.51152028289486
 Retrying in 1 seconds
Warning: Unused states in tlLogic 'J10', program '0' in phase 0 after tl-index 10
Simulation......
总奖励:-1436.4476155663067, 速度奖励:-485.5278241709751, 加速度奖励:-770.4197913952602, 交通灯奖励:-180.50000000001194, 与前车进行交互的惩罚:0.0
Episode:46/100, Reward:-1436.4476155663067
Episode:46/100, avg speed:15.900988515060119
Episode:46/100, avg halt num:0.2285123966942149
Episode:46/100, avg elec cons:2.1709715972097032
 Retrying in 1 seconds
Warning: Unused states in tlLogic 'J10', program '0' in phase 0 after tl-index 10
Simulation......
总奖励:-1594.7712679104886, 速度奖励:-553.0040535419653, 加速度奖励:-802.4672143684054, 交通灯奖励:-239.30000000000496, 与前车进行交互的惩罚:0.0
Episode:47/100, Reward:-1594.7712679104886
Episode:47/100, avg speed:15.068559195532455
Episode:47/100, avg halt num:0.2995238095238095
Episode:47/100, avg elec cons:2.4523747844734483
 Retrying in 1 seconds
Warning: Unused states in tlLogic 'J10', program '0' in phase 0 after tl-index 10
Simulation......
总奖励:-1547.5811288399727, 速度奖励:-533.2041357389708, 加速度奖励:-799.5769931009088, 交通灯奖励:-214.8000000000053, 与前车进行交互的惩罚:0.0
Episode:48/100, Reward:-1547.5811288399727
Episode:48/100, avg speed:15.11015818333488
Episode:48/100, avg halt num:0.2945935280189424
Episode:48/100, avg elec cons:2.539787058773219
 Retrying in 1 seconds
Warning: Unused states in tlLogic 'J10', program '0' in phase 0 after tl-index 10
Simulation......
总奖励:-1492.9267333210275, 速度奖励:-486.92992429797414, 加速度奖励:-773.9968090229793, 交通灯奖励:-232.00000000000952, 与前车进行交互的惩罚:0.0
Episode:49/100, Reward:-1492.9267333210275
Episode:49/100, avg speed:15.810315005759934
Episode:49/100, avg halt num:0.21985871271585558
Episode:49/100, avg elec cons:2.0983558630792096
 Retrying in 1 seconds
Warning: Unused states in tlLogic 'J10', program '0' in phase 0 after tl-index 10
Simulation......
总奖励:-1414.6623644314682, 速度奖励:-511.04697413396906, 加速度奖励:-775.2153902974419, 交通灯奖励:-128.40000000002965, 与前车进行交互的惩罚:0.0
Episode:50/100, Reward:-1414.6623644314682
Episode:50/100, avg speed:15.2719462106333
Episode:50/100, avg halt num:0.260722933241093
Episode:50/100, avg elec cons:2.239411496570347
 Retrying in 1 seconds
Warning: Unused states in tlLogic 'J10', program '0' in phase 0 after tl-index 10
Simulation......
总奖励:-1442.495987601379, 速度奖励:-502.47083543397343, 加速度奖励:-760.0251521673115, 交通灯奖励:-180.00000000000998, 与前车进行交互的惩罚:0.0
Episode:51/100, Reward:-1442.495987601379
Episode:51/100, avg speed:15.856497456485997
Episode:51/100, avg halt num:0.23710217755443885
Episode:51/100, avg elec cons:2.2151543268411036
 Retrying in 1 seconds
Warning: Unused states in tlLogic 'J10', program '0' in phase 0 after tl-index 10
Simulation......
总奖励:-1535.6706755323487, 速度奖励:-524.1335894549724, 加速度奖励:-789.9370860772974, 交通灯奖励:-221.60000000000701, 与前车进行交互的惩罚:0.0
Episode:52/100, Reward:-1535.6706755323487
Episode:52/100, avg speed:15.377370534500496
Episode:52/100, avg halt num:0.27016278209396966
Episode:52/100, avg elec cons:2.3821665904021447
 Retrying in 1 seconds
Warning: Unused states in tlLogic 'J10', program '0' in phase 0 after tl-index 10
Simulation......
总奖励:-1497.4985063658264, 速度奖励:-504.7602311249704, 加速度奖励:-776.6382752407746, 交通灯奖励:-216.10000000000346, 与前车进行交互的惩罚:0.0
Episode:53/100, Reward:-1497.4985063658264
Episode:53/100, avg speed:15.512714090383373
Episode:53/100, avg halt num:0.24493071983778303
Episode:53/100, avg elec cons:2.2068361402795773
 Retrying in 1 seconds
Warning: Unused states in tlLogic 'J10', program '0' in phase 0 after tl-index 10
Simulation......
总奖励:-1535.8614389051736, 速度奖励:-536.6489544089728, 加速度奖励:-802.6124844961086, 交通灯奖励:-196.60000000000994, 与前车进行交互的惩罚:0.0
Episode:54/100, Reward:-1535.8614389051736
Episode:54/100, avg speed:15.359156287525806
Episode:54/100, avg halt num:0.269502294387575
Episode:54/100, avg elec cons:2.2485393988918814
 Retrying in 1 seconds
Warning: Unused states in tlLogic 'J10', program '0' in phase 0 after tl-index 10
Simulation......
总奖励:-1369.9001718311902, 速度奖励:-486.75783797997656, 加速度奖励:-751.2423338511558, 交通灯奖励:-131.90000000002254, 与前车进行交互的惩罚:0.0
Episode:55/100, Reward:-1369.9001718311902
Episode:55/100, avg speed:15.118311854264089
Episode:55/100, avg halt num:0.27236638264910923
Episode:55/100, avg elec cons:2.5877994893277507
 Retrying in 1 seconds
Warning: Unused states in tlLogic 'J10', program '0' in phase 0 after tl-index 10
Simulation......
总奖励:-1537.3967416046914, 速度奖励:-542.91420842397, 加速度奖励:-804.4825331806388, 交通灯奖励:-190.00000000001288, 与前车进行交互的惩罚:0.0
Episode:56/100, Reward:-1537.3967416046914
Episode:56/100, avg speed:15.155251942086375
Episode:56/100, avg halt num:0.28010185522008
Episode:56/100, avg elec cons:2.2880158921635094
 Retrying in 1 seconds
Warning: Unused states in tlLogic 'J10', program '0' in phase 0 after tl-index 10
Simulation......
总奖励:-1528.8164703912375, 速度奖励:-541.947473063971, 加速度奖励:-788.2689973271764, 交通灯奖励:-198.60000000000377, 与前车进行交互的惩罚:0.0
Episode:57/100, Reward:-1528.8164703912375
Episode:57/100, avg speed:15.11839841604493
Episode:57/100, avg halt num:0.31290849673202614
Episode:57/100, avg elec cons:2.655199306879419
 Retrying in 1 seconds
Warning: Unused states in tlLogic 'J10', program '0' in phase 0 after tl-index 10
Simulation......
总奖励:-1524.6777764452474, 速度奖励:-512.0649357299739, 加速度奖励:-780.112840715201, 交通灯奖励:-232.50000000000392, 与前车进行交互的惩罚:0.0
Episode:58/100, Reward:-1524.6777764452474
Episode:58/100, avg speed:15.41686863719928
Episode:58/100, avg halt num:0.28205637157602226
Episode:58/100, avg elec cons:2.58745864858111
 Retrying in 1 seconds
Warning: Unused states in tlLogic 'J10', program '0' in phase 0 after tl-index 10
Simulation......
总奖励:-1631.0715612663867, 速度奖励:-559.0374891029717, 加速度奖励:-809.534072163298, 交通灯奖励:-262.49999999999426, 与前车进行交互的惩罚:0.0
Episode:59/100, Reward:-1631.0715612663867
Episode:59/100, avg speed:15.376375064958596
Episode:59/100, avg halt num:0.2977560414269275
Episode:59/100, avg elec cons:2.414218075385344
 Retrying in 1 seconds
Warning: Unused states in tlLogic 'J10', program '0' in phase 0 after tl-index 10
Simulation......
总奖励:-1482.4234011449232, 速度奖励:-500.4525414419723, 加速度奖励:-773.4708597028798, 交通灯奖励:-208.50000000000824, 与前车进行交互的惩罚:0.0
Episode:60/100, Reward:-1482.4234011449232
Episode:60/100, avg speed:15.61374461935098
Episode:60/100, avg halt num:0.24181696726786908
Episode:60/100, avg elec cons:2.185301355311203
 Retrying in 1 seconds
Warning: Unused states in tlLogic 'J10', program '0' in phase 0 after tl-index 10
Simulation......
总奖励:-1536.1068109704063, 速度奖励:-547.9991221409697, 加速度奖励:-790.7076888293486, 交通灯奖励:-197.40000000001478, 与前车进行交互的惩罚:0.0
Episode:61/100, Reward:-1536.1068109704063
Episode:61/100, avg speed:14.944295010716079
Episode:61/100, avg halt num:0.30779092702169625
Episode:61/100, avg elec cons:2.559373913862814
 Retrying in 1 seconds
Warning: Unused states in tlLogic 'J10', program '0' in phase 0 after tl-index 10
Simulation......
总奖励:-1578.3586269561679, 速度奖励:-520.7678944379703, 加速度奖励:-798.5907325181004, 交通灯奖励:-258.99999999999767, 与前车进行交互的惩罚:0.0
Episode:62/100, Reward:-1578.3586269561679
Episode:62/100, avg speed:15.327558403740548
Episode:62/100, avg halt num:0.2581824512534819
Episode:62/100, avg elec cons:2.2286098359483373
 Retrying in 1 seconds
Warning: Unused states in tlLogic 'J10', program '0' in phase 0 after tl-index 10
Simulation......
总奖励:-1486.4510540838269, 速度奖励:-520.8150207509685, 加速度奖励:-785.5360333327861, 交通灯奖励:-180.10000000001682, 与前车进行交互的惩罚:0.0
Episode:63/100, Reward:-1486.4510540838269
Episode:63/100, avg speed:15.542127150643962
Episode:63/100, avg halt num:0.2546721032959565
Episode:63/100, avg elec cons:2.173367245988397
 Retrying in 1 seconds
Warning: Unused states in tlLogic 'J10', program '0' in phase 0 after tl-index 10
Simulation......
总奖励:-1498.0941738966858, 速度奖励:-526.0826189789719, 加速度奖励:-777.511554917631, 交通灯奖励:-194.5000000000113, 与前车进行交互的惩罚:0.0
Episode:64/100, Reward:-1498.0941738966858
Episode:64/100, avg speed:15.312069309226105
Episode:64/100, avg halt num:0.28298153034300794
Episode:64/100, avg elec cons:2.4677696930495667
 Retrying in 1 seconds
Warning: Unused states in tlLogic 'J10', program '0' in phase 0 after tl-index 10
Simulation......
总奖励:-1443.116162730827, 速度奖励:-480.70365856197515, 加速度奖励:-776.2125041687872, 交通灯奖励:-186.20000000001153, 与前车进行交互的惩罚:0.0
Episode:65/100, Reward:-1443.116162730827
Episode:65/100, avg speed:15.698368497418027
Episode:65/100, avg halt num:0.24563159810702584
Episode:65/100, avg elec cons:2.372832410436475
 Retrying in 1 seconds
Warning: Unused states in tlLogic 'J10', program '0' in phase 0 after tl-index 10
Simulation......
总奖励:-1529.0108568473008, 速度奖励:-525.9735525869721, 加速度奖励:-780.4373042602609, 交通灯奖励:-222.60000000000565, 与前车进行交互的惩罚:0.0
Episode:66/100, Reward:-1529.0108568473008
Episode:66/100, avg speed:15.82419828288107
Episode:66/100, avg halt num:0.24724473257698543
Episode:66/100, avg elec cons:2.1129922796866585
 Retrying in 1 seconds
Warning: Unused states in tlLogic 'J10', program '0' in phase 0 after tl-index 10
Simulation......
总奖励:-1503.8668887002793, 速度奖励:-504.109622951974, 加速度奖励:-792.9572657482529, 交通灯奖励:-206.80000000002005, 与前车进行交互的惩罚:0.0
Episode:67/100, Reward:-1503.8668887002793
Episode:67/100, avg speed:15.933847498422248
Episode:67/100, avg halt num:0.23516738481935698
Episode:67/100, avg elec cons:2.119663415075545
 Retrying in 1 seconds
Warning: Unused states in tlLogic 'J10', program '0' in phase 0 after tl-index 10
Simulation......
总奖励:-1458.731896111483, 速度奖励:-480.27291282897687, 加速度奖励:-784.7589832824293, 交通灯奖励:-193.70000000000613, 与前车进行交互的惩罚:0.0
Episode:68/100, Reward:-1458.731896111483
Episode:68/100, avg speed:15.863817280810512
Episode:68/100, avg halt num:0.22918088737201364
Episode:68/100, avg elec cons:2.2155878074504183
 Retrying in 1 seconds
Warning: Unused states in tlLogic 'J10', program '0' in phase 0 after tl-index 10
Simulation......
总奖励:-1505.5807347288055, 速度奖励:-524.3707746719699, 加速度奖励:-774.1099600567576, 交通灯奖励:-207.10000000000576, 与前车进行交互的惩罚:0.0
Episode:69/100, Reward:-1505.5807347288055
Episode:69/100, avg speed:15.66049733686284
Episode:69/100, avg halt num:0.24311490978157646
Episode:69/100, avg elec cons:2.0916599467561503
 Retrying in 1 seconds
Warning: Unused states in tlLogic 'J10', program '0' in phase 0 after tl-index 10
Simulation......
总奖励:-1425.7042623227333, 速度奖励:-504.26653381197053, 加速度奖励:-765.1377285106993, 交通灯奖励:-156.30000000001442, 与前车进行交互的惩罚:0.0
Episode:70/100, Reward:-1425.7042623227333
Episode:70/100, avg speed:15.571668655319103
Episode:70/100, avg halt num:0.24319286871961102
Episode:70/100, avg elec cons:2.1339238064498565
 Retrying in 1 seconds
Warning: Unused states in tlLogic 'J10', program '0' in phase 0 after tl-index 10
Simulation......
总奖励:-1458.6378646961443, 速度奖励:-479.5479138599745, 加速度奖励:-770.0899508360961, 交通灯奖励:-209.0000000000067, 与前车进行交互的惩罚:0.0
Episode:71/100, Reward:-1458.6378646961443
Episode:71/100, avg speed:15.989226279702372
Episode:71/100, avg halt num:0.223202396804261
Episode:71/100, avg elec cons:2.1749166055204547
 Retrying in 1 seconds
Warning: Unused states in tlLogic 'J10', program '0' in phase 0 after tl-index 10
Simulation......
总奖励:-1546.4880386602756, 速度奖励:-525.7213846109712, 加速度奖励:-796.4666540492193, 交通灯奖励:-224.30000000000837, 与前车进行交互的惩罚:0.0
Episode:72/100, Reward:-1546.4880386602756
Episode:72/100, avg speed:14.810203857174923
Episode:72/100, avg halt num:0.2879160363086233
Episode:72/100, avg elec cons:2.4176532353565148
 Retrying in 1 seconds
Warning: Unused states in tlLogic 'J10', program '0' in phase 0 after tl-index 10
Simulation......
总奖励:-1462.7341519321355, 速度奖励:-483.95265529497055, 加速度奖励:-774.6814966370996, 交通灯奖励:-204.1000000000135, 与前车进行交互的惩罚:0.0
Episode:73/100, Reward:-1462.7341519321355
Episode:73/100, avg speed:15.675897913134628
Episode:73/100, avg halt num:0.21166013859596264
Episode:73/100, avg elec cons:1.9909463476424687
 Retrying in 1 seconds
Warning: Unused states in tlLogic 'J10', program '0' in phase 0 after tl-index 10
Simulation......
总奖励:-1589.2483921110652, 速度奖励:-562.7621400479698, 加速度奖励:-810.6862520630104, 交通灯奖励:-215.80000000000393, 与前车进行交互的惩罚:0.0
Episode:74/100, Reward:-1589.2483921110652
Episode:74/100, avg speed:15.360390346695803
Episode:74/100, avg halt num:0.2834101382488479
Episode:74/100, avg elec cons:2.2590313313396866
 Retrying in 1 seconds
Warning: Unused states in tlLogic 'J10', program '0' in phase 0 after tl-index 10
Simulation......
总奖励:-1661.9910010069646, 速度奖励:-588.4569604619659, 加速度奖励:-841.1340405449018, 交通灯奖励:-232.4000000000075, 与前车进行交互的惩罚:0.0
Episode:75/100, Reward:-1661.9910010069646
Episode:75/100, avg speed:15.386927740843358
Episode:75/100, avg halt num:0.2816783684386493
Episode:75/100, avg elec cons:2.0791800178704345
 Retrying in 1 seconds
Warning: Unused states in tlLogic 'J10', program '0' in phase 0 after tl-index 10
Simulation......
总奖励:-1400.5379981378915, 速度奖励:-458.0412300809778, 加速度奖励:-749.4967680568479, 交通灯奖励:-193.00000000001336, 与前车进行交互的惩罚:0.0
Episode:76/100, Reward:-1400.5379981378915
Episode:76/100, avg speed:15.626594579319757
Episode:76/100, avg halt num:0.2535627035830619
Episode:76/100, avg elec cons:2.710845497802658
 Retrying in 1 seconds
Warning: Unused states in tlLogic 'J10', program '0' in phase 0 after tl-index 10
Simulation......
总奖励:-1602.9344043914375, 速度奖励:-564.2260536329712, 加速度奖励:-804.8083507583832, 交通灯奖励:-233.9000000000048, 与前车进行交互的惩罚:0.0
Episode:77/100, Reward:-1602.9344043914375
Episode:77/100, avg speed:15.20734502000449
Episode:77/100, avg halt num:0.3154570970328789
Episode:77/100, avg elec cons:2.5303910243864225
 Retrying in 1 seconds
Warning: Unused states in tlLogic 'J10', program '0' in phase 0 after tl-index 10
Simulation......
总奖励:-1283.8541970424867, 速度奖励:-468.8930638349775, 加速度奖励:-738.7611332074749, 交通灯奖励:-76.20000000000076, 与前车进行交互的惩罚:0.0
Episode:78/100, Reward:-1283.8541970424867
Episode:78/100, avg speed:15.265471412990733
Episode:78/100, avg halt num:0.2643224022125642
Episode:78/100, avg elec cons:2.650080298145553
 Retrying in 1 seconds
Warning: Unused states in tlLogic 'J10', program '0' in phase 0 after tl-index 10
Simulation......
总奖励:-1569.7895871727903, 速度奖励:-558.3505520429717, 加速度奖励:-781.8390351297327, 交通灯奖励:-229.60000000000358, 与前车进行交互的惩罚:0.0
Episode:79/100, Reward:-1569.7895871727903
Episode:79/100, avg speed:15.053947016858293
Episode:79/100, avg halt num:0.3124515128006206
Episode:79/100, avg elec cons:2.5049435534450644
 Retrying in 1 seconds
Warning: Unused states in tlLogic 'J10', program '0' in phase 0 after tl-index 10
Simulation......
总奖励:-1441.8250681899385, 速度奖励:-512.3501704169678, 加速度奖励:-761.0748977728808, 交通灯奖励:-168.40000000001453, 与前车进行交互的惩罚:0.0
Episode:80/100, Reward:-1441.8250681899385
Episode:80/100, avg speed:15.276923656892931
Episode:80/100, avg halt num:0.26664280601288476
Episode:80/100, avg elec cons:2.4018214592335845
 Retrying in 1 seconds
Warning: Unused states in tlLogic 'J10', program '0' in phase 0 after tl-index 10
Simulation......
总奖励:-1399.0523040384464, 速度奖励:-498.97994900397407, 加速度奖励:-750.5723550344109, 交通灯奖励:-149.5000000000236, 与前车进行交互的惩罚:0.0
Episode:81/100, Reward:-1399.0523040384464
Episode:81/100, avg speed:15.479151567076189
Episode:81/100, avg halt num:0.2672286031863653
Episode:81/100, avg elec cons:2.4479030290788812
 Retrying in 1 seconds
Warning: Unused states in tlLogic 'J10', program '0' in phase 0 after tl-index 10
Simulation......
总奖励:-1532.673492139623, 速度奖励:-517.3951940819784, 加速度奖励:-776.8782980575702, 交通灯奖励:-238.40000000000416, 与前车进行交互的惩罚:0.0
Episode:82/100, Reward:-1532.673492139623
Episode:82/100, avg speed:15.242208392337114
Episode:82/100, avg halt num:0.29203629032258066
Episode:82/100, avg elec cons:2.6409734349459506
 Retrying in 1 seconds
Warning: Unused states in tlLogic 'J10', program '0' in phase 0 after tl-index 10
Simulation......
总奖励:-1517.2604769234495, 速度奖励:-528.7382318879716, 加速度奖励:-788.5222450353958, 交通灯奖励:-200.00000000000944, 与前车进行交互的惩罚:0.0
Episode:83/100, Reward:-1517.2604769234495
Episode:83/100, avg speed:15.452735826286995
Episode:83/100, avg halt num:0.2680944055944056
Episode:83/100, avg elec cons:2.264385232233155
 Retrying in 1 seconds
Warning: Unused states in tlLogic 'J10', program '0' in phase 0 after tl-index 10
Simulation......
总奖励:-1515.070368084634, 速度奖励:-501.53475922197566, 加速度奖励:-795.1356088625765, 交通灯奖励:-218.4000000000116, 与前车进行交互的惩罚:0.0
Episode:84/100, Reward:-1515.070368084634
Episode:84/100, avg speed:15.24096024556425
Episode:84/100, avg halt num:0.2762789768185452
Episode:84/100, avg elec cons:2.541620265852166
 Retrying in 1 seconds
Warning: Unused states in tlLogic 'J10', program '0' in phase 0 after tl-index 10
Simulation......
总奖励:-1566.987728302628, 速度奖励:-536.4614544299712, 加速度奖励:-796.1262738725566, 交通灯奖励:-234.4000000000046, 与前车进行交互的惩罚:0.0
Episode:85/100, Reward:-1566.987728302628
Episode:85/100, avg speed:15.653195965309983
Episode:85/100, avg halt num:0.26001017984390906
Episode:85/100, avg elec cons:2.162630972490151
 Retrying in 1 seconds
Warning: Unused states in tlLogic 'J10', program '0' in phase 0 after tl-index 10
Simulation......
总奖励:-1458.0081391938886, 速度奖励:-490.9873643369707, 加速度奖励:-757.2207748568399, 交通灯奖励:-209.8000000000082, 与前车进行交互的惩罚:0.0
Episode:86/100, Reward:-1458.0081391938886
Episode:86/100, avg speed:15.91098513766182
Episode:86/100, avg halt num:0.21984225177853386
Episode:86/100, avg elec cons:2.0606630381749067
 Retrying in 1 seconds
Warning: Unused states in tlLogic 'J10', program '0' in phase 0 after tl-index 10
Simulation......
总奖励:-1697.4371041389725, 速度奖励:-595.6327350359705, 加速度奖励:-827.2043691028897, 交通灯奖励:-274.5999999999895, 与前车进行交互的惩罚:0.0
Episode:87/100, Reward:-1697.4371041389725
Episode:87/100, avg speed:14.976099544392317
Episode:87/100, avg halt num:0.3488976705490849
Episode:87/100, avg elec cons:2.5887651916555616
 Retrying in 1 seconds
Warning: Unused states in tlLogic 'J10', program '0' in phase 0 after tl-index 10
Simulation......
总奖励:-1572.1888577679745, 速度奖励:-566.647362557968, 加速度奖励:-808.9414952099115, 交通灯奖励:-196.60000000000852, 与前车进行交互的惩罚:0.0
Episode:88/100, Reward:-1572.1888577679745
Episode:88/100, avg speed:15.36852959441712
Episode:88/100, avg halt num:0.2809065934065934
Episode:88/100, avg elec cons:2.1739815583010977
 Retrying in 1 seconds
Warning: Unused states in tlLogic 'J10', program '0' in phase 0 after tl-index 10
Simulation......
总奖励:-1567.0453611183768, 速度奖励:-563.0128269569693, 加速度奖励:-792.8325341613111, 交通灯奖励:-211.20000000001355, 与前车进行交互的惩罚:0.0
Episode:89/100, Reward:-1567.0453611183768
Episode:89/100, avg speed:15.036022299466358
Episode:89/100, avg halt num:0.30698599015524425
Episode:89/100, avg elec cons:2.4520841519672754
 Retrying in 1 seconds
Warning: Unused states in tlLogic 'J10', program '0' in phase 0 after tl-index 10
Simulation......
总奖励:-1412.4187345816665, 速度奖励:-483.9143121629773, 加速度奖励:-759.9044224186234, 交通灯奖励:-168.600000000014, 与前车进行交互的惩罚:0.0
Episode:90/100, Reward:-1412.4187345816665
Episode:90/100, avg speed:15.33469961302049
Episode:90/100, avg halt num:0.26869616288175413
Episode:90/100, avg elec cons:2.5864108699639123
 Retrying in 1 seconds
Warning: Unused states in tlLogic 'J10', program '0' in phase 0 after tl-index 10
Simulation......
总奖励:-1535.5282313026564, 速度奖励:-531.0279523889703, 加速度奖励:-788.5002789136047, 交通灯奖励:-216.00000000001057, 与前车进行交互的惩罚:0.0
Episode:91/100, Reward:-1535.5282313026564
Episode:91/100, avg speed:14.948727760101487
Episode:91/100, avg halt num:0.2980580619850922
Episode:91/100, avg elec cons:2.5363623783177456
 Retrying in 1 seconds
Warning: Unused states in tlLogic 'J10', program '0' in phase 0 after tl-index 10
Simulation......
总奖励:-1514.8185651961376, 速度奖励:-539.900532548971, 加速度奖励:-789.1180326470803, 交通灯奖励:-185.80000000000993, 与前车进行交互的惩罚:0.0
Episode:92/100, Reward:-1514.8185651961376
Episode:92/100, avg speed:15.06992982454251
Episode:92/100, avg halt num:0.2938163884673748
Episode:92/100, avg elec cons:2.444748001425344
 Retrying in 1 seconds
Warning: Unused states in tlLogic 'J10', program '0' in phase 0 after tl-index 10
Simulation......
总奖励:-1532.733839744947, 速度奖励:-548.0699670089698, 加速度奖励:-790.3638727358909, 交通灯奖励:-194.30000000001468, 与前车进行交互的惩罚:0.0
Episode:93/100, Reward:-1532.733839744947
Episode:93/100, avg speed:14.972480180001472
Episode:93/100, avg halt num:0.3279467680608365
Episode:93/100, avg elec cons:2.710708492936175
 Retrying in 1 seconds
Warning: Unused states in tlLogic 'J10', program '0' in phase 0 after tl-index 10
Simulation......
总奖励:-1465.7021919895085, 速度奖励:-509.43223113297137, 加速度奖励:-768.06996085646, 交通灯奖励:-188.2000000000095, 与前车进行交互的惩罚:0.0
Episode:94/100, Reward:-1465.7021919895085
Episode:94/100, avg speed:15.585938339481196
Episode:94/100, avg halt num:0.2511035653650255
Episode:94/100, avg elec cons:2.241087665757842
 Retrying in 1 seconds
Warning: Unused states in tlLogic 'J10', program '0' in phase 0 after tl-index 10
Simulation......
总奖励:-1529.599154080373, 速度奖励:-543.3848034479704, 加速度奖励:-786.4143506323121, 交通灯奖励:-199.80000000001493, 与前车进行交互的惩罚:0.0
Episode:95/100, Reward:-1529.599154080373
Episode:95/100, avg speed:14.833296707442061
Episode:95/100, avg halt num:0.30512820512820515
Episode:95/100, avg elec cons:2.5866950696217668
 Retrying in 1 seconds
Warning: Unused states in tlLogic 'J10', program '0' in phase 0 after tl-index 10
Simulation......
总奖励:-1398.641442873428, 速度奖励:-485.99456594397503, 加速度奖励:-752.3468769293739, 交通灯奖励:-160.30000000001323, 与前车进行交互的惩罚:0.0
Episode:96/100, Reward:-1398.641442873428
Episode:96/100, avg speed:15.324496169754122
Episode:96/100, avg halt num:0.26897625535227715
Episode:96/100, avg elec cons:2.6008141389759776
 Retrying in 1 seconds
Warning: Unused states in tlLogic 'J10', program '0' in phase 0 after tl-index 10
Simulation......
总奖励:-1507.5274524492334, 速度奖励:-544.0484645459718, 加速度奖励:-780.9789879031841, 交通灯奖励:-182.50000000001106, 与前车进行交互的惩罚:0.0
Episode:97/100, Reward:-1507.5274524492334
Episode:97/100, avg speed:15.137461352981335
Episode:97/100, avg halt num:0.3073394495412844
Episode:97/100, avg elec cons:2.5645816280837166
 Retrying in 1 seconds
Warning: Unused states in tlLogic 'J10', program '0' in phase 0 after tl-index 10
Simulation......
总奖励:-1418.717198108941, 速度奖励:-455.50649864698016, 加速度奖励:-762.8106994618922, 交通灯奖励:-200.40000000000953, 与前车进行交互的惩罚:0.0
Episode:98/100, Reward:-1418.717198108941
Episode:98/100, avg speed:15.348788816695583
Episode:98/100, avg halt num:0.25010016025641024
Episode:98/100, avg elec cons:2.681916547734311
 Retrying in 1 seconds
Warning: Unused states in tlLogic 'J10', program '0' in phase 0 after tl-index 10
Simulation......
总奖励:-1509.7437331772176, 速度奖励:-501.82806015897614, 加速度奖励:-783.8156730181822, 交通灯奖励:-224.10000000000898, 与前车进行交互的惩罚:0.0
Episode:99/100, Reward:-1509.7437331772176
Episode:99/100, avg speed:15.932946664842532
Episode:99/100, avg halt num:0.24559393725766654
Episode:99/100, avg elec cons:2.291996184762606
 Retrying in 1 seconds
Warning: Unused states in tlLogic 'J10', program '0' in phase 0 after tl-index 10
Simulation......
总奖励:-1437.6419539933158, 速度奖励:-478.8658445759774, 加速度奖励:-770.8761094172844, 交通灯奖励:-187.90000000001527, 与前车进行交互的惩罚:0.0
Episode:100/100, Reward:-1437.6419539933158
Episode:100/100, avg speed:15.93177267181008
Episode:100/100, avg halt num:0.22803418803418804
Episode:100/100, avg elec cons:2.226690428931657
model saved successfully!
Complete training!
final reward list:[-1925.9958346613616, -2253.5063046982364, -1683.6348587069463, -1455.797370738405, -1492.1404469001243, -1495.3161347546206, -1546.9388863565275, -1433.5163689469443, -1498.1561382693542, -1504.6643057849676, -1512.225665909969, -1439.4709033359263, -1474.66715187893, -1506.2215568234503, -1550.6685759339396, -1578.4059022079937, -1528.5308042221723, -1468.5155496570294, -1609.322898062826, -1505.0657054500828, -1561.7942545702358, -1426.775044920857, -1429.1193974153111, -1446.2664435838074, -1404.1799333207193, -1636.9503694232837, -1525.5732800756186, -1557.3538975778356, -1678.0913893892555, -1440.366537889313, -1511.761138702739, -1553.1897779340907, -1497.162652668063, -1444.3610358969086, -1428.8708563992204, -1534.736141446621, -1611.1666914061907, -1410.376630473401, -1595.6617558473142, -1551.2589019641614, -1453.0609260665606, -1579.673366426337, -1465.9527981678252, -1494.1720817267797, -1553.2798466724746, -1436.4476155663067, -1594.7712679104886, -1547.5811288399727, -1492.9267333210275, -1414.6623644314682, -1442.495987601379, -1535.6706755323487, -1497.4985063658264, -1535.8614389051736, -1369.9001718311902, -1537.3967416046914, -1528.8164703912375, -1524.6777764452474, -1631.0715612663867, -1482.4234011449232, -1536.1068109704063, -1578.3586269561679, -1486.4510540838269, -1498.0941738966858, -1443.116162730827, -1529.0108568473008, -1503.8668887002793, -1458.731896111483, -1505.5807347288055, -1425.7042623227333, -1458.6378646961443, -1546.4880386602756, -1462.7341519321355, -1589.2483921110652, -1661.9910010069646, -1400.5379981378915, -1602.9344043914375, -1283.8541970424867, -1569.7895871727903, -1441.8250681899385, -1399.0523040384464, -1532.673492139623, -1517.2604769234495, -1515.070368084634, -1566.987728302628, -1458.0081391938886, -1697.4371041389725, -1572.1888577679745, -1567.0453611183768, -1412.4187345816665, -1535.5282313026564, -1514.8185651961376, -1532.733839744947, -1465.7021919895085, -1529.599154080373, -1398.641442873428, -1507.5274524492334, -1418.717198108941, -1509.7437331772176, -1437.6419539933158]
final speed list:[14.437917980568516, 14.017458994774065, 15.592825737013944, 15.18089793838594, 15.444649942959616, 15.388468885962126, 15.67352840390377, 15.721835998661456, 15.611903004263048, 15.288740219646234, 15.891293355925608, 15.71614714323925, 15.852904041923741, 15.510675821842637, 15.56044313480734, 15.374214650465248, 15.588416255190484, 14.810011510302418, 15.31334808126935, 15.631879566108084, 15.273582226785402, 15.461524365749346, 15.85926914483442, 15.609345409574319, 15.748478593870937, 15.060303441096188, 15.39946880523603, 14.769766885976113, 15.048757376968398, 15.616963172594566, 15.529671367699109, 15.089813029897524, 15.372393994921604, 15.6167988571684, 15.712270607032032, 15.276593567057462, 14.943515466078168, 15.753421476106139, 15.340165934765258, 15.404927952688345, 15.388579565223452, 15.250268778465216, 15.074735140842549, 15.406933682394206, 14.85333839786902, 15.900988515060119, 15.068559195532455, 15.11015818333488, 15.810315005759934, 15.2719462106333, 15.856497456485997, 15.377370534500496, 15.512714090383373, 15.359156287525806, 15.118311854264089, 15.155251942086375, 15.11839841604493, 15.41686863719928, 15.376375064958596, 15.61374461935098, 14.944295010716079, 15.327558403740548, 15.542127150643962, 15.312069309226105, 15.698368497418027, 15.82419828288107, 15.933847498422248, 15.863817280810512, 15.66049733686284, 15.571668655319103, 15.989226279702372, 14.810203857174923, 15.675897913134628, 15.360390346695803, 15.386927740843358, 15.626594579319757, 15.20734502000449, 15.265471412990733, 15.053947016858293, 15.276923656892931, 15.479151567076189, 15.242208392337114, 15.452735826286995, 15.24096024556425, 15.653195965309983, 15.91098513766182, 14.976099544392317, 15.36852959441712, 15.036022299466358, 15.33469961302049, 14.948727760101487, 15.06992982454251, 14.972480180001472, 15.585938339481196, 14.833296707442061, 15.324496169754122, 15.137461352981335, 15.348788816695583, 15.932946664842532, 15.93177267181008]
final elec cons list:[1.762902998089894, 1.8991220424325361, 2.0374737251161488, 2.5167596042204994, 2.5932440257604865, 2.328592632616586, 2.220008776522275, 2.0802040994291873, 2.134062761151202, 2.2573433850367044, 2.1761876555750734, 2.23148558320864, 2.096413318135692, 2.3326133444147317, 2.3466777122331863, 2.4628287446361052, 2.2574618061249607, 2.6439705076643536, 2.3066696256129022, 2.189852497230451, 2.509696238253416, 2.5101251342005115, 2.1799058540220546, 2.1708757576856765, 2.236835879134945, 2.44603337841861, 2.260075561307246, 2.624076637857944, 2.4639208251789193, 2.3479654049308887, 2.4444210595694993, 2.4305546330902676, 2.325923746588338, 2.2761807548719992, 2.4264638662317, 2.3771166244789215, 2.6773224832055065, 2.527110435342735, 2.2291592103363604, 2.303476931225816, 2.3968656371343458, 2.4329599284310444, 2.5982678947898803, 2.4625647786206972, 2.51152028289486, 2.1709715972097032, 2.4523747844734483, 2.539787058773219, 2.0983558630792096, 2.239411496570347, 2.2151543268411036, 2.3821665904021447, 2.2068361402795773, 2.2485393988918814, 2.5877994893277507, 2.2880158921635094, 2.655199306879419, 2.58745864858111, 2.414218075385344, 2.185301355311203, 2.559373913862814, 2.2286098359483373, 2.173367245988397, 2.4677696930495667, 2.372832410436475, 2.1129922796866585, 2.119663415075545, 2.2155878074504183, 2.0916599467561503, 2.1339238064498565, 2.1749166055204547, 2.4176532353565148, 1.9909463476424687, 2.2590313313396866, 2.0791800178704345, 2.710845497802658, 2.5303910243864225, 2.650080298145553, 2.5049435534450644, 2.4018214592335845, 2.4479030290788812, 2.6409734349459506, 2.264385232233155, 2.541620265852166, 2.162630972490151, 2.0606630381749067, 2.5887651916555616, 2.1739815583010977, 2.4520841519672754, 2.5864108699639123, 2.5363623783177456, 2.444748001425344, 2.710708492936175, 2.241087665757842, 2.5866950696217668, 2.6008141389759776, 2.5645816280837166, 2.681916547734311, 2.291996184762606, 2.226690428931657]
final halt list:[0.3433744722312439, 0.4596020761245675, 0.2713305001634521, 0.2662562524047711, 0.2714717741935484, 0.2697603719599428, 0.25420962199312713, 0.2225023636936653, 0.23299153645833334, 0.2730077574047955, 0.24040387182910547, 0.24136740331491713, 0.21852261942423284, 0.2649200710479574, 0.2823901712583768, 0.2868150684931507, 0.27031955540118097, 0.29734387672343876, 0.28379110950487896, 0.247794367153037, 0.31086617245415527, 0.2640470766894457, 0.24178801219099222, 0.25297324083250744, 0.24492041991195396, 0.3203817971461628, 0.2662565905096661, 0.3139151914368053, 0.31745871929118, 0.25612745098039214, 0.2671798723244461, 0.30847619047619046, 0.25771659066994035, 0.256140350877193, 0.2523303504847129, 0.2858610384759059, 0.323510773130545, 0.24941972920696326, 0.2846885813148789, 0.26321545752825376, 0.2671532846715328, 0.2898009950248756, 0.2918791683012946, 0.2777049794084612, 0.312744714173845, 0.2285123966942149, 0.2995238095238095, 0.2945935280189424, 0.21985871271585558, 0.260722933241093, 0.23710217755443885, 0.27016278209396966, 0.24493071983778303, 0.269502294387575, 0.27236638264910923, 0.28010185522008, 0.31290849673202614, 0.28205637157602226, 0.2977560414269275, 0.24181696726786908, 0.30779092702169625, 0.2581824512534819, 0.2546721032959565, 0.28298153034300794, 0.24563159810702584, 0.24724473257698543, 0.23516738481935698, 0.22918088737201364, 0.24311490978157646, 0.24319286871961102, 0.223202396804261, 0.2879160363086233, 0.21166013859596264, 0.2834101382488479, 0.2816783684386493, 0.2535627035830619, 0.3154570970328789, 0.2643224022125642, 0.3124515128006206, 0.26664280601288476, 0.2672286031863653, 0.29203629032258066, 0.2680944055944056, 0.2762789768185452, 0.26001017984390906, 0.21984225177853386, 0.3488976705490849, 0.2809065934065934, 0.30698599015524425, 0.26869616288175413, 0.2980580619850922, 0.2938163884673748, 0.3279467680608365, 0.2511035653650255, 0.30512820512820515, 0.26897625535227715, 0.3073394495412844, 0.25010016025641024, 0.24559393725766654, 0.22803418803418804]
speed reward list:[-930.6574919819515, -1184.5730724479397, -584.0907120539675, -484.3132325549741, -498.32447804997634, -519.8064337529705, -521.0103713399726, -482.8885846919713, -499.3186477229718, -536.6889999629702, -515.6634152699733, -492.3390696389741, -481.6689429869738, -519.3896994899728, -542.4819898409747, -535.4560491209724, -532.5664970969709, -508.8241349189714, -562.1477529599731, -515.7911439359711, -561.3192415349708, -488.21207888697387, -499.60963993497364, -524.496654944972, -495.00257069697216, -580.5068848469692, -530.851099337971, -540.2477063249709, -571.9404728159715, -505.58868137697306, -497.4853361669739, -562.9311502919701, -507.7814889149735, -512.0411363729731, -484.6607917469759, -541.0942231859686, -555.1373468789695, -467.2522794149787, -563.5058100029697, -521.0130288959733, -508.8936231629729, -535.6361817179724, -522.5810617349728, -522.009586718972, -557.6795845469702, -485.5278241709751, -553.0040535419653, -533.2041357389708, -486.92992429797414, -511.04697413396906, -502.47083543397343, -524.1335894549724, -504.7602311249704, -536.6489544089728, -486.75783797997656, -542.91420842397, -541.947473063971, -512.0649357299739, -559.0374891029717, -500.4525414419723, -547.9991221409697, -520.7678944379703, -520.8150207509685, -526.0826189789719, -480.70365856197515, -525.9735525869721, -504.109622951974, -480.27291282897687, -524.3707746719699, -504.26653381197053, -479.5479138599745, -525.7213846109712, -483.95265529497055, -562.7621400479698, -588.4569604619659, -458.0412300809778, -564.2260536329712, -468.8930638349775, -558.3505520429717, -512.3501704169678, -498.97994900397407, -517.3951940819784, -528.7382318879716, -501.53475922197566, -536.4614544299712, -490.9873643369707, -595.6327350359705, -566.647362557968, -563.0128269569693, -483.9143121629773, -531.0279523889703, -539.900532548971, -548.0699670089698, -509.43223113297137, -543.3848034479704, -485.99456594397503, -544.0484645459718, -455.50649864698016, -501.82806015897614, -478.8658445759774]
accel reward list:[-711.2383426792711, -681.333232250229, -831.3441466528684, -769.7841381833573, -786.7159688500877, -773.6097010015657, -791.928515016477, -770.22778425492, -784.1374905463123, -794.9753058219317, -787.6622506399182, -777.9318336968932, -766.4982088918939, -779.0318573333828, -807.6865860929053, -790.5498530869226, -777.2643071251143, -761.5914147379822, -810.3751451027512, -791.9745615140259, -797.7750130351935, -756.5629660338084, -775.4097574802681, -769.6697886387501, -755.4773626236812, -806.0434845762127, -794.7221807375494, -799.2061912527755, -851.0509165731874, -750.5778565122702, -774.8758025356905, -796.7586276420295, -771.5811637530106, -780.1198995238617, -774.4100646521733, -796.1419182605614, -808.7293445271066, -762.2243510583738, -794.4559458442388, -809.3458730681097, -772.4673029035218, -804.7371847082809, -771.2717364327689, -776.0624950077047, -796.3002621254175, -770.4197913952602, -802.4672143684054, -799.5769931009088, -773.9968090229793, -775.2153902974419, -760.0251521673115, -789.9370860772974, -776.6382752407746, -802.6124844961086, -751.2423338511558, -804.4825331806388, -788.2689973271764, -780.112840715201, -809.534072163298, -773.4708597028798, -790.7076888293486, -798.5907325181004, -785.5360333327861, -777.511554917631, -776.2125041687872, -780.4373042602609, -792.9572657482529, -784.7589832824293, -774.1099600567576, -765.1377285106993, -770.0899508360961, -796.4666540492193, -774.6814966370996, -810.6862520630104, -841.1340405449018, -749.4967680568479, -804.8083507583832, -738.7611332074749, -781.8390351297327, -761.0748977728808, -750.5723550344109, -776.8782980575702, -788.5222450353958, -795.1356088625765, -796.1262738725566, -757.2207748568399, -827.2043691028897, -808.9414952099115, -792.8325341613111, -759.9044224186234, -788.5002789136047, -789.1180326470803, -790.3638727358909, -768.06996085646, -786.4143506323121, -752.3468769293739, -780.9789879031841, -762.8106994618922, -783.8156730181822, -770.8761094172844]
tls reward list:[-284.09999999997814, -387.5999999998856, -268.1999999999948, -201.70000000000738, -207.10000000000886, -201.9000000000051, -234.0000000000051, -180.40000000001513, -214.70000000000724, -173.00000000001833, -208.90000000000973, -169.20000000001318, -226.50000000000978, -207.80000000001027, -200.50000000001825, -252.39999999999853, -218.7000000000112, -198.1000000000101, -236.80000000000533, -197.3000000000133, -202.70000000001622, -182.00000000000307, -154.10000000001153, -152.1000000000155, -153.70000000001846, -250.4000000000071, -200.00000000001288, -217.90000000001345, -255.1000000000075, -184.20000000000877, -239.40000000001186, -193.50000000001853, -217.80000000001004, -152.2000000000102, -169.8000000000079, -197.50000000001071, -247.30000000000396, -180.90000000002078, -237.70000000000607, -220.90000000000848, -171.70000000002094, -239.30000000000334, -172.10000000000977, -196.10000000000622, -199.3000000000094, -180.50000000001194, -239.30000000000496, -214.8000000000053, -232.00000000000952, -128.40000000002965, -180.00000000000998, -221.60000000000701, -216.10000000000346, -196.60000000000994, -131.90000000002254, -190.00000000001288, -198.60000000000377, -232.50000000000392, -262.49999999999426, -208.50000000000824, -197.40000000001478, -258.99999999999767, -180.10000000001682, -194.5000000000113, -186.20000000001153, -222.60000000000565, -206.80000000002005, -193.70000000000613, -207.10000000000576, -156.30000000001442, -209.0000000000067, -224.30000000000837, -204.1000000000135, -215.80000000000393, -232.4000000000075, -193.00000000001336, -233.9000000000048, -76.20000000000076, -229.60000000000358, -168.40000000001453, -149.5000000000236, -238.40000000000416, -200.00000000000944, -218.4000000000116, -234.4000000000046, -209.8000000000082, -274.5999999999895, -196.60000000000852, -211.20000000001355, -168.600000000014, -216.00000000001057, -185.80000000000993, -194.30000000001468, -188.2000000000095, -199.80000000001493, -160.30000000001323, -182.50000000001106, -200.40000000000953, -224.10000000000898, -187.90000000001527]
extra reward list:[0.0, 0.0, 0.0, 0.0, 0.0, 0.0, 0.0, 0.0, 0.0, 0.0, 0.0, 0.0, 0.0, 0.0, 0.0, 0.0, 0.0, 0.0, 0.0, 0.0, 0.0, 0.0, 0.0, 0.0, 0.0, 0.0, 0.0, 0.0, 0.0, 0.0, 0.0, 0.0, 0.0, 0.0, 0.0, 0.0, 0.0, 0.0, 0.0, 0.0, 0.0, 0.0, 0.0, 0.0, 0.0, 0.0, 0.0, 0.0, 0.0, 0.0, 0.0, 0.0, 0.0, 0.0, 0.0, 0.0, 0.0, 0.0, 0.0, 0.0, 0.0, 0.0, 0.0, 0.0, 0.0, 0.0, 0.0, 0.0, 0.0, 0.0, 0.0, 0.0, 0.0, 0.0, 0.0, 0.0, 0.0, 0.0, 0.0, 0.0, 0.0, 0.0, 0.0, 0.0, 0.0, 0.0, 0.0, 0.0, 0.0, 0.0, 0.0, 0.0, 0.0, 0.0, 0.0, 0.0, 0.0, 0.0, 0.0, 0.0]
