nohup: 忽略输入
Env:sumo, Algorithm:TD3, Device:cuda
-----------------------------------------
models/reward_s9e-3_a4e-2_t(-5_1).pth
-----------------------------------------
 Retrying in 1 seconds
Warning: Unused states in tlLogic 'J10', program '0' in phase 0 after tl-index 10
Simulation......
总奖励:-14522.14295523673, 速度奖励:66.09538744258322, 加速度奖励:-711.2383426792711, 交通灯奖励:-13877, 与前车进行交互的惩罚:0.0
Episode:1/100, Reward:-14522.14295523673
Episode:1/100, avg speed:14.437917980568516
Episode:1/100, avg halt num:0.3433744722312439
Episode:1/100, avg elec cons:1.762902998089894
 Retrying in 1 seconds
Warning: Unused states in tlLogic 'J10', program '0' in phase 0 after tl-index 10
Simulation......
总奖励:-17573.85588853838, 速度奖励:85.4773437121005, 加速度奖励:-681.333232250229, 交通灯奖励:-16978, 与前车进行交互的惩罚:0.0
Episode:2/100, Reward:-17573.85588853838
Episode:2/100, avg speed:14.017458994774065
Episode:2/100, avg halt num:0.4596020761245675
Episode:2/100, avg elec cons:1.8991220424325361
 Retrying in 1 seconds
Warning: Unused states in tlLogic 'J10', program '0' in phase 0 after tl-index 10
Simulation......
总奖励:-11769.265542661951, 速度奖励:30.959377365485523, 加速度奖励:-871.2249200274965, 交通灯奖励:-10929, 与前车进行交互的惩罚:0.0
Episode:3/100, Reward:-11769.265542661951
Episode:3/100, avg speed:15.627750065284172
Episode:3/100, avg halt num:0.254086302713305
Episode:3/100, avg elec cons:2.05473108835141
 Retrying in 1 seconds
Warning: Unused states in tlLogic 'J10', program '0' in phase 0 after tl-index 10
Simulation......
总奖励:-10674.316241314446, 速度奖励:21.345457671291594, 加速度奖励:-768.661698985844, 交通灯奖励:-9927, 与前车进行交互的惩罚:0.0
Episode:4/100, Reward:-10674.316241314446
Episode:4/100, avg speed:15.18268222813031
Episode:4/100, avg halt num:0.26635244324740287
Episode:4/100, avg elec cons:2.5148981980973693
 Retrying in 1 seconds
Warning: Unused states in tlLogic 'J10', program '0' in phase 0 after tl-index 10
Simulation......
总奖励:-10788.640335921937, 速度奖励:23.500960108549595, 加速度奖励:-787.1412960305336, 交通灯奖励:-10025, 与前车进行交互的惩罚:0.0
Episode:5/100, Reward:-10788.640335921937
Episode:5/100, avg speed:15.442860740188426
Episode:5/100, avg halt num:0.2712615880693269
Episode:5/100, avg elec cons:2.593463477945725
 Retrying in 1 seconds
Warning: Unused states in tlLogic 'J10', program '0' in phase 0 after tl-index 10
Simulation......
总奖励:-10851.87648904175, 速度奖励:24.717531717581988, 加速度奖励:-775.5940207594141, 交通灯奖励:-10101, 与前车进行交互的惩罚:0.0
Episode:6/100, Reward:-10851.87648904175
Episode:6/100, avg speed:15.37955055537844
Episode:6/100, avg halt num:0.27280042918454933
Episode:6/100, avg elec cons:2.3244889947594762
 Retrying in 1 seconds
Warning: Unused states in tlLogic 'J10', program '0' in phase 0 after tl-index 10
Simulation......
总奖励:-11395.699124620958, 速度奖励:24.22939039548522, 加速度奖励:-791.928515016477, 交通灯奖励:-10628, 与前车进行交互的惩罚:0.0
Episode:7/100, Reward:-11395.699124620958
Episode:7/100, avg speed:15.67352840390377
Episode:7/100, avg halt num:0.25420962199312713
Episode:7/100, avg elec cons:2.220008776522275
 Retrying in 1 seconds
Warning: Unused states in tlLogic 'J10', program '0' in phase 0 after tl-index 10
Simulation......
总奖励:-10265.505914787553, 速度奖励:20.721869467259147, 加速度奖励:-770.22778425492, 交通灯奖励:-9516, 与前车进行交互的惩罚:0.0
Episode:8/100, Reward:-10265.505914787553
Episode:8/100, avg speed:15.721835998661456
Episode:8/100, avg halt num:0.2225023636936653
Episode:8/100, avg elec cons:2.0802040994291873
 Retrying in 1 seconds
Warning: Unused states in tlLogic 'J10', program '0' in phase 0 after tl-index 10
Simulation......
总奖励:-10945.024499313988, 速度奖励:22.112991232259326, 加速度奖励:-784.1374905463123, 交通灯奖励:-10183, 与前车进行交互的惩罚:0.0
Episode:9/100, Reward:-10945.024499313988
Episode:9/100, avg speed:15.611903004263048
Episode:9/100, avg halt num:0.23299153645833334
Episode:9/100, avg elec cons:2.134062761151202
 Retrying in 1 seconds
Warning: Unused states in tlLogic 'J10', program '0' in phase 0 after tl-index 10
Simulation......
总奖励:-10475.04648008792, 速度奖励:25.928825733872404, 加速度奖励:-794.9753058219317, 交通灯奖励:-9706, 与前车进行交互的惩罚:0.0
Episode:10/100, Reward:-10475.04648008792
Episode:10/100, avg speed:15.288740219646234
Episode:10/100, avg halt num:0.2730077574047955
Episode:10/100, avg elec cons:2.2573433850367044
 Retrying in 1 seconds
Warning: Unused states in tlLogic 'J10', program '0' in phase 0 after tl-index 10
Simulation......
总奖励:-10944.598693162907, 速度奖励:24.063557476936808, 加速度奖励:-787.6622506399182, 交通灯奖励:-10181, 与前车进行交互的惩罚:0.0
Episode:11/100, Reward:-10944.598693162907
Episode:11/100, avg speed:15.891293355925608
Episode:11/100, avg halt num:0.24040387182910547
Episode:11/100, avg elec cons:2.1761876555750734
 Retrying in 1 seconds
Warning: Unused states in tlLogic 'J10', program '0' in phase 0 after tl-index 10
Simulation......
总奖励:-10149.897664029058, 速度奖励:22.034169667743225, 加速度奖励:-777.9318336968932, 交通灯奖励:-9394, 与前车进行交互的惩罚:0.0
Episode:12/100, Reward:-10149.897664029058
Episode:12/100, avg speed:15.71614714323925
Episode:12/100, avg halt num:0.24136740331491713
Episode:12/100, avg elec cons:2.23148558320864
 Retrying in 1 seconds
Warning: Unused states in tlLogic 'J10', program '0' in phase 0 after tl-index 10
Simulation......
总奖励:-11022.951834216212, 速度奖励:20.546374675646412, 加速度奖励:-766.4982088918939, 交通灯奖励:-10277, 与前车进行交互的惩罚:0.0
Episode:13/100, Reward:-11022.951834216212
Episode:13/100, avg speed:15.852904041923741
Episode:13/100, avg halt num:0.21852261942423284
Episode:13/100, avg elec cons:2.096413318135692
 Retrying in 1 seconds
Warning: Unused states in tlLogic 'J10', program '0' in phase 0 after tl-index 10
Simulation......
总奖励:-10929.403835052082, 速度奖励:23.628022281291738, 加速度奖励:-779.0318573333828, 交通灯奖励:-10174, 与前车进行交互的惩罚:0.0
Episode:14/100, Reward:-10929.403835052082
Episode:14/100, avg speed:15.510675821842637
Episode:14/100, avg halt num:0.2649200710479574
Episode:14/100, avg elec cons:2.3326133444147317
 Retrying in 1 seconds
Warning: Unused states in tlLogic 'J10', program '0' in phase 0 after tl-index 10
Simulation......
总奖励:-10989.30342798523, 速度奖励:27.38315810758205, 加速度奖励:-807.6865860929053, 交通灯奖励:-10209, 与前车进行交互的惩罚:0.0
Episode:15/100, Reward:-10989.30342798523
Episode:15/100, avg speed:15.56044313480734
Episode:15/100, avg halt num:0.2823901712583768
Episode:15/100, avg elec cons:2.3466777122331863
 Retrying in 1 seconds
Warning: Unused states in tlLogic 'J10', program '0' in phase 0 after tl-index 10
Simulation......
总奖励:-11782.837031121393, 速度奖励:25.712821965485197, 加速度奖励:-790.5498530869226, 交通灯奖励:-11018, 与前车进行交互的惩罚:0.0
Episode:16/100, Reward:-11782.837031121393
Episode:16/100, avg speed:15.374214650465248
Episode:16/100, avg halt num:0.2868150684931507
Episode:16/100, avg elec cons:2.4628287446361052
 Retrying in 1 seconds
Warning: Unused states in tlLogic 'J10', program '0' in phase 0 after tl-index 10
Simulation......
总奖励:-11189.549062666005, 速度奖励:24.7152444590336, 加速度奖励:-777.2643071251143, 交通灯奖励:-10437, 与前车进行交互的惩罚:0.0
Episode:17/100, Reward:-11189.549062666005
Episode:17/100, avg speed:15.588416255190484
Episode:17/100, avg halt num:0.27031955540118097
Episode:17/100, avg elec cons:2.2574618061249607
 Retrying in 1 seconds
Warning: Unused states in tlLogic 'J10', program '0' in phase 0 after tl-index 10
Simulation......
总奖励:-10701.279040558231, 速度奖励:23.312374179678866, 加速度奖励:-761.5914147379822, 交通灯奖励:-9963, 与前车进行交互的惩罚:0.0
Episode:18/100, Reward:-10701.279040558231
Episode:18/100, avg speed:14.810011510302418
Episode:18/100, avg halt num:0.29734387672343876
Episode:18/100, avg elec cons:2.6439705076643536
 Retrying in 1 seconds
Warning: Unused states in tlLogic 'J10', program '0' in phase 0 after tl-index 10
Simulation......
总奖励:-11688.165399770149, 速度奖励:28.209745332582056, 加速度奖励:-810.3751451027512, 交通灯奖励:-10906, 与前车进行交互的惩罚:0.0
Episode:19/100, Reward:-11688.165399770149
Episode:19/100, avg speed:15.31334808126935
Episode:19/100, avg halt num:0.28379110950487896
Episode:19/100, avg elec cons:2.3066696256129022
 Retrying in 1 seconds
Warning: Unused states in tlLogic 'J10', program '0' in phase 0 after tl-index 10
Simulation......
总奖励:-10760.728459874912, 速度奖励:24.246101639033622, 加速度奖励:-791.9745615140259, 交通灯奖励:-9993, 与前车进行交互的惩罚:0.0
Episode:20/100, Reward:-10760.728459874912
Episode:20/100, avg speed:15.631879566108084
Episode:20/100, avg halt num:0.247794367153037
Episode:20/100, avg elec cons:2.189852497230451
 Retrying in 1 seconds
Warning: Unused states in tlLogic 'J10', program '0' in phase 0 after tl-index 10
Simulation......
总奖励:-11101.07168145317, 速度奖励:27.70333158193693, 加速度奖励:-797.7750130351935, 交通灯奖励:-10331, 与前车进行交互的惩罚:0.0
Episode:21/100, Reward:-11101.07168145317
Episode:21/100, avg speed:15.273582226785402
Episode:21/100, avg halt num:0.31086617245415527
Episode:21/100, avg elec cons:2.509696238253416
 Retrying in 1 seconds
Warning: Unused states in tlLogic 'J10', program '0' in phase 0 after tl-index 10
Simulation......
总奖励:-10307.293549002447, 速度奖励:21.26941703129141, 加速度奖励:-756.5629660338084, 交通灯奖励:-9572, 与前车进行交互的惩罚:0.0
Episode:22/100, Reward:-10307.293549002447
Episode:22/100, avg speed:15.461524365749346
Episode:22/100, avg halt num:0.2640470766894457
Episode:22/100, avg elec cons:2.5101251342005115
 Retrying in 1 seconds
Warning: Unused states in tlLogic 'J10', program '0' in phase 0 after tl-index 10
Simulation......
总奖励:-9939.450174254025, 速度奖励:22.959583226130267, 加速度奖励:-775.4097574802681, 交通灯奖励:-9187, 与前车进行交互的惩罚:0.0
Episode:23/100, Reward:-9939.450174254025
Episode:23/100, avg speed:15.85926914483442
Episode:23/100, avg halt num:0.24178801219099222
Episode:23/100, avg elec cons:2.1799058540220546
 Retrying in 1 seconds
Warning: Unused states in tlLogic 'J10', program '0' in phase 0 after tl-index 10
Simulation......
总奖励:-10020.798462894752, 速度奖励:23.871325743872305, 加速度奖励:-769.6697886387501, 交通灯奖励:-9275, 与前车进行交互的惩罚:0.0
Episode:24/100, Reward:-10020.798462894752
Episode:24/100, avg speed:15.609345409574319
Episode:24/100, avg halt num:0.25297324083250744
Episode:24/100, avg elec cons:2.1708757576856765
 Retrying in 1 seconds
Warning: Unused states in tlLogic 'J10', program '0' in phase 0 after tl-index 10
Simulation......
总奖励:-9874.449589045378, 速度奖励:22.027773578226984, 加速度奖励:-755.4773626236812, 交通灯奖励:-9141, 与前车进行交互的惩罚:0.0
Episode:25/100, Reward:-9874.449589045378
Episode:25/100, avg speed:15.748478593870937
Episode:25/100, avg halt num:0.24492041991195396
Episode:25/100, avg elec cons:2.236835879134945
 Retrying in 1 seconds
Warning: Unused states in tlLogic 'J10', program '0' in phase 0 after tl-index 10
Simulation......
总奖励:-12008.570079262945, 速度奖励:29.473405313227378, 加速度奖励:-806.0434845762127, 交通灯奖励:-11232, 与前车进行交互的惩罚:0.0
Episode:26/100, Reward:-12008.570079262945
Episode:26/100, avg speed:15.060303441096188
Episode:26/100, avg halt num:0.3203817971461628
Episode:26/100, avg elec cons:2.44603337841861
 Retrying in 1 seconds
Warning: Unused states in tlLogic 'J10', program '0' in phase 0 after tl-index 10
Simulation......
总奖励:-10891.266095358767, 速度奖励:25.4560853787111, 加速度奖励:-794.7221807375494, 交通灯奖励:-10122, 与前车进行交互的惩罚:0.0
Episode:27/100, Reward:-10891.266095358767
Episode:27/100, avg speed:15.39946880523603
Episode:27/100, avg halt num:0.2662565905096661
Episode:27/100, avg elec cons:2.260075561307246
 Retrying in 1 seconds
Warning: Unused states in tlLogic 'J10', program '0' in phase 0 after tl-index 10
Simulation......
总奖励:-11251.737607058494, 速度奖励:26.46858419419499, 加速度奖励:-799.2061912527755, 交通灯奖励:-10479, 与前车进行交互的惩罚:0.0
Episode:28/100, Reward:-11251.737607058494
Episode:28/100, avg speed:14.769766885976113
Episode:28/100, avg halt num:0.3139151914368053
Episode:28/100, avg elec cons:2.624076637857944
 Retrying in 1 seconds
Warning: Unused states in tlLogic 'J10', program '0' in phase 0 after tl-index 10
Simulation......
总奖励:-12108.017604325414, 速度奖励:30.033312247743538, 加速度奖励:-851.0509165731874, 交通灯奖励:-11287, 与前车进行交互的惩罚:0.0
Episode:29/100, Reward:-12108.017604325414
Episode:29/100, avg speed:15.048757376968398
Episode:29/100, avg halt num:0.31745871929118
Episode:29/100, avg elec cons:2.4639208251789193
 Retrying in 1 seconds
Warning: Unused states in tlLogic 'J10', program '0' in phase 0 after tl-index 10
Simulation......
总奖励:-10430.042224435081, 速度奖励:22.53563207709805, 加速度奖励:-750.5778565122702, 交通灯奖励:-9702, 与前车进行交互的惩罚:0.0
Episode:30/100, Reward:-10430.042224435081
Episode:30/100, avg speed:15.616963172594566
Episode:30/100, avg halt num:0.25612745098039214
Episode:30/100, avg elec cons:2.3479654049308887
 Retrying in 1 seconds
Warning: Unused states in tlLogic 'J10', program '0' in phase 0 after tl-index 10
Simulation......
总奖励:-11346.454470642859, 速度奖励:22.421331892743297, 加速度奖励:-774.8758025356905, 交通灯奖励:-10594, 与前车进行交互的惩罚:0.0
Episode:31/100, Reward:-11346.454470642859
Episode:31/100, avg speed:15.529671367699109
Episode:31/100, avg halt num:0.2671798723244461
Episode:31/100, avg elec cons:2.4444210595694993
 Retrying in 1 seconds
Warning: Unused states in tlLogic 'J10', program '0' in phase 0 after tl-index 10
Simulation......
总奖励:-10959.700105291264, 速度奖励:28.058522350646786, 加速度奖励:-796.7586276420295, 交通灯奖励:-10191, 与前车进行交互的惩罚:0.0
Episode:32/100, Reward:-10959.700105291264
Episode:32/100, avg speed:15.089813029897524
Episode:32/100, avg halt num:0.30847619047619046
Episode:32/100, avg elec cons:2.4305546330902676
 Retrying in 1 seconds
Warning: Unused states in tlLogic 'J10', program '0' in phase 0 after tl-index 10
Simulation......
总奖励:-11027.055661338387, 速度奖励:22.525502414517412, 加速度奖励:-771.5811637530106, 交通灯奖励:-10278, 与前车进行交互的惩罚:0.0
Episode:33/100, Reward:-11027.055661338387
Episode:33/100, avg speed:15.372393994921604
Episode:33/100, avg halt num:0.25771659066994035
Episode:33/100, avg elec cons:2.325923746588338
 Retrying in 1 seconds
Warning: Unused states in tlLogic 'J10', program '0' in phase 0 after tl-index 10
Simulation......
总奖励:-9976.236902710541, 速度奖励:23.88299681322717, 加速度奖励:-780.1198995238617, 交通灯奖励:-9220, 与前车进行交互的惩罚:0.0
Episode:34/100, Reward:-9976.236902710541
Episode:34/100, avg speed:15.6167988571684
Episode:34/100, avg halt num:0.256140350877193
Episode:34/100, avg elec cons:2.2761807548719992
 Retrying in 1 seconds
Warning: Unused states in tlLogic 'J10', program '0' in phase 0 after tl-index 10
Simulation......
总奖励:-10120.727679689977, 速度奖励:21.682384962097924, 加速度奖励:-774.4100646521733, 交通灯奖励:-9368, 与前车进行交互的惩罚:0.0
Episode:35/100, Reward:-10120.727679689977
Episode:35/100, avg speed:15.712270607032032
Episode:35/100, avg halt num:0.2523303504847129
Episode:35/100, avg elec cons:2.4264638662317
 Retrying in 1 seconds
Warning: Unused states in tlLogic 'J10', program '0' in phase 0 after tl-index 10
Simulation......
总奖励:-10910.742287641746, 速度奖励:26.39963061871119, 加速度奖励:-796.1419182605614, 交通灯奖励:-10141, 与前车进行交互的惩罚:0.0
Episode:36/100, Reward:-10910.742287641746
Episode:36/100, avg speed:15.276593567057462
Episode:36/100, avg halt num:0.2858610384759059
Episode:36/100, avg elec cons:2.3771166244789215
 Retrying in 1 seconds
Warning: Unused states in tlLogic 'J10', program '0' in phase 0 after tl-index 10
Simulation......
总奖励:-11835.531569553079, 速度奖励:28.197774974033642, 加速度奖励:-808.7293445271066, 交通灯奖励:-11055, 与前车进行交互的惩罚:0.0
Episode:37/100, Reward:-11835.531569553079
Episode:37/100, avg speed:14.943515466078168
Episode:37/100, avg halt num:0.323510773130545
Episode:37/100, avg elec cons:2.6773224832055065
 Retrying in 1 seconds
Warning: Unused states in tlLogic 'J10', program '0' in phase 0 after tl-index 10
Simulation......
总奖励:-10198.901663795064, 速度奖励:20.322687263226968, 加速度奖励:-762.2243510583738, 交通灯奖励:-9457, 与前车进行交互的惩罚:0.0
Episode:38/100, Reward:-10198.901663795064
Episode:38/100, avg speed:15.753421476106139
Episode:38/100, avg halt num:0.24941972920696326
Episode:38/100, avg elec cons:2.527110435342735
 Retrying in 1 seconds
Warning: Unused states in tlLogic 'J10', program '0' in phase 0 after tl-index 10
Simulation......
总奖励:-11689.873623434185, 速度奖励:27.582322410001446, 加速度奖励:-794.4559458442388, 交通灯奖励:-10923, 与前车进行交互的惩罚:0.0
Episode:39/100, Reward:-11689.873623434185
Episode:39/100, avg speed:15.340165934765258
Episode:39/100, avg halt num:0.2846885813148789
Episode:39/100, avg elec cons:2.2291592103363604
 Retrying in 1 seconds
Warning: Unused states in tlLogic 'J10', program '0' in phase 0 after tl-index 10
Simulation......
总奖励:-11209.373049202657, 速度奖励:24.972823865324035, 加速度奖励:-809.3458730681097, 交通灯奖励:-10425, 与前车进行交互的惩罚:0.0
Episode:40/100, Reward:-11209.373049202657
Episode:40/100, avg speed:15.404927952688345
Episode:40/100, avg halt num:0.26321545752825376
Episode:40/100, avg elec cons:2.303476931225816
 Retrying in 1 seconds
Warning: Unused states in tlLogic 'J10', program '0' in phase 0 after tl-index 10
Simulation......
总奖励:-10266.614251251804, 速度奖励:22.85305165161427, 加速度奖励:-772.4673029035218, 交通灯奖励:-9517, 与前车进行交互的惩罚:0.0
Episode:41/100, Reward:-10266.614251251804
Episode:41/100, avg speed:15.388579565223452
Episode:41/100, avg halt num:0.2671532846715328
Episode:41/100, avg elec cons:2.3968656371343458
 Retrying in 1 seconds
Warning: Unused states in tlLogic 'J10', program '0' in phase 0 after tl-index 10
Simulation......
总奖励:-11581.8747286266, 速度奖励:25.862456081614212, 加速度奖励:-804.7371847082809, 交通灯奖励:-10803, 与前车进行交互的惩罚:0.0
Episode:42/100, Reward:-11581.8747286266
Episode:42/100, avg speed:15.250268778465216
Episode:42/100, avg halt num:0.2898009950248756
Episode:42/100, avg elec cons:2.4329599284310444
 Retrying in 1 seconds
Warning: Unused states in tlLogic 'J10', program '0' in phase 0 after tl-index 10
Simulation......
总奖励:-10348.053367367558, 速度奖励:24.218369065162488, 加速度奖励:-771.2717364327689, 交通灯奖励:-9601, 与前车进行交互的惩罚:0.0
Episode:43/100, Reward:-10348.053367367558
Episode:43/100, avg speed:15.074735140842549
Episode:43/100, avg halt num:0.2918791683012946
Episode:43/100, avg elec cons:2.5982678947898803
 Retrying in 1 seconds
Warning: Unused states in tlLogic 'J10', program '0' in phase 0 after tl-index 10
Simulation......
总奖励:-10744.991785801209, 速度奖励:24.07070920645288, 加速度奖励:-776.0624950077047, 交通灯奖励:-9993, 与前车进行交互的惩罚:0.0
Episode:44/100, Reward:-10744.991785801209
Episode:44/100, avg speed:15.406933682394206
Episode:44/100, avg halt num:0.2777049794084612
Episode:44/100, avg elec cons:2.4625647786206972
 Retrying in 1 seconds
Warning: Unused states in tlLogic 'J10', program '0' in phase 0 after tl-index 10
Simulation......
总奖励:-11027.54825089632, 速度奖励:27.752011229033762, 加速度奖励:-796.3002621254175, 交通灯奖励:-10259, 与前车进行交互的惩罚:0.0
Episode:45/100, Reward:-11027.54825089632
Episode:45/100, avg speed:14.85333839786902
Episode:45/100, avg halt num:0.312744714173845
Episode:45/100, avg elec cons:2.51152028289486
 Retrying in 1 seconds
Warning: Unused states in tlLogic 'J10', program '0' in phase 0 after tl-index 10
Simulation......
总奖励:-10290.18788427792, 速度奖励:21.23190711725934, 加速度奖励:-770.4197913952602, 交通灯奖励:-9541, 与前车进行交互的惩罚:0.0
Episode:46/100, Reward:-10290.18788427792
Episode:46/100, avg speed:15.900988515060119
Episode:46/100, avg halt num:0.2285123966942149
Episode:46/100, avg elec cons:2.1709715972097032
 Retrying in 1 seconds
Warning: Unused states in tlLogic 'J10', program '0' in phase 0 after tl-index 10
Simulation......
总奖励:-11674.4117822767, 速度奖励:27.05543209161432, 加速度奖励:-802.4672143684054, 交通灯奖励:-10899, 与前车进行交互的惩罚:0.0
Episode:47/100, Reward:-11674.4117822767
Episode:47/100, avg speed:15.068559195532455
Episode:47/100, avg halt num:0.2995238095238095
Episode:47/100, avg elec cons:2.4523747844734483
 Retrying in 1 seconds
Warning: Unused states in tlLogic 'J10', program '0' in phase 0 after tl-index 10
Simulation......
总奖励:-11153.928859153591, 速度奖励:25.64813394725938, 加速度奖励:-799.5769931009088, 交通灯奖励:-10380, 与前车进行交互的惩罚:0.0
Episode:48/100, Reward:-11153.928859153591
Episode:48/100, avg speed:15.11015818333488
Episode:48/100, avg halt num:0.2945935280189424
Episode:48/100, avg elec cons:2.539787058773219
 Retrying in 1 seconds
Warning: Unused states in tlLogic 'J10', program '0' in phase 0 after tl-index 10
Simulation......
总奖励:-11139.761722108566, 速度奖励:20.23508691435616, 加速度奖励:-773.9968090229793, 交通灯奖励:-10386, 与前车进行交互的惩罚:0.0
Episode:49/100, Reward:-11139.761722108566
Episode:49/100, avg speed:15.810315005759934
Episode:49/100, avg halt num:0.21985871271585558
Episode:49/100, avg elec cons:2.0983558630792096
 Retrying in 1 seconds
Warning: Unused states in tlLogic 'J10', program '0' in phase 0 after tl-index 10
Simulation......
Error: tcpip::Socket::recvAndCheck @ recv: Connection reset by peer
Quitting (on error).
