nohup: 忽略输入
Env:sumo, Algorithm:TD3, Device:cuda
-----------------------------------------
models/reward_s4e-2(-6, 1)_a4e-2_t(-2_0.1).pth
-----------------------------------------
 Retrying in 1 seconds
Warning: Unused states in tlLogic 'J10', program '0' in phase 0 after tl-index 10
Simulation......
总奖励:-13836.09834267867, 速度奖励:-2908.3599999993135, 加速度奖励:-711.2383426792711, 交通灯奖励:-10216.49999999845, 与前车进行交互的惩罚:0.0
Episode:1/100, Reward:-13836.09834267867
Episode:1/100, avg speed:14.437917980568516
Episode:1/100, avg halt num:0.3433744722312439
Episode:1/100, avg elec cons:1.762902998089894
 Retrying in 1 seconds
Warning: Unused states in tlLogic 'J10', program '0' in phase 0 after tl-index 10
Simulation......
总奖励:-16272.29323224918, 速度奖励:-3411.5599999988476, 加速度奖励:-681.333232250229, 交通灯奖励:-12179.39999999801, 与前车进行交互的惩罚:0.0
Episode:2/100, Reward:-16272.29323224918
Episode:2/100, avg speed:14.017458994774065
Episode:2/100, avg halt num:0.4596020761245675
Episode:2/100, avg elec cons:1.8991220424325361
 Retrying in 1 seconds
Warning: Unused states in tlLogic 'J10', program '0' in phase 0 after tl-index 10
Simulation......
总奖励:-11413.0502656292, 速度奖励:-2325.199999999839, 加速度奖励:-829.7502656296622, 交通灯奖励:-8258.099999998987, 与前车进行交互的惩罚:0.0
Episode:3/100, Reward:-11413.0502656292
Episode:3/100, avg speed:15.656286810629165
Episode:3/100, avg halt num:0.2687152664269369
Episode:3/100, avg elec cons:2.0403206719987885
 Retrying in 1 seconds
Warning: Unused states in tlLogic 'J10', program '0' in phase 0 after tl-index 10
Simulation......
总奖励:-14889.558921423806, 速度奖励:-3256.4399999989832, 加速度奖励:-1033.6189214244862, 交通灯奖励:-10599.499999998243, 与前车进行交互的惩罚:0.0
Episode:4/100, Reward:-14889.558921423806
Episode:4/100, avg speed:13.343645457188185
Episode:4/100, avg halt num:0.3128565994674781
Episode:4/100, avg elec cons:1.9089338311790431
 Retrying in 1 seconds
Warning: Unused states in tlLogic 'J10', program '0' in phase 0 after tl-index 10
Simulation......
总奖励:-10074.278898593757, 速度奖励:-2257.039999999937, 加速度奖励:-575.8388985936708, 交通灯奖励:-7241.399999999187, 与前车进行交互的惩罚:0.0
Episode:5/100, Reward:-10074.278898593757
Episode:5/100, avg speed:13.822499264427595
Episode:5/100, avg halt num:0.2626658624849216
Episode:5/100, avg elec cons:1.517610374833676
 Retrying in 1 seconds
Warning: Unused states in tlLogic 'J10', program '0' in phase 0 after tl-index 10
Simulation......
总奖励:-7770.524981721199, 速度奖励:-2504.319999999683, 加速度奖励:-733.7049817207466, 交通灯奖励:-4532.5000000001855, 与前车进行交互的惩罚:0.0
Episode:6/100, Reward:-7770.524981721199
Episode:6/100, avg speed:14.167484090491008
Episode:6/100, avg halt num:0.24378023496890117
Episode:6/100, avg elec cons:1.755824643891385
 Retrying in 1 seconds
Warning: Unused states in tlLogic 'J10', program '0' in phase 0 after tl-index 10
Simulation......
总奖励:-13342.624752102818, 速度奖励:-5029.11999999737, 加速度奖励:-806.6047521035063, 交通灯奖励:-7506.899999997109, 与前车进行交互的惩罚:0.0
Episode:7/100, Reward:-13342.624752102818
Episode:7/100, avg speed:10.441979410483967
Episode:7/100, avg halt num:0.41486093143596375
Episode:7/100, avg elec cons:0.6605208400741277
 Retrying in 1 seconds
Warning: Unused states in tlLogic 'J10', program '0' in phase 0 after tl-index 10
Simulation......
总奖励:-12555.024687997935, 速度奖励:-4868.079999997516, 加速度奖励:-902.544687998565, 交通灯奖励:-6784.399999997009, 与前车进行交互的惩罚:0.0
Episode:8/100, Reward:-12555.024687997935
Episode:8/100, avg speed:10.699001636071023
Episode:8/100, avg halt num:0.31257396449704145
Episode:8/100, avg elec cons:0.5781835457202744
 Retrying in 1 seconds
Warning: Unused states in tlLogic 'J10', program '0' in phase 0 after tl-index 10
Simulation......
总奖励:-7890.986476249788, 速度奖励:-4253.959999998075, 加速度奖励:-1171.8264762495558, 交通灯奖励:-2465.200000000718, 与前车进行交互的惩罚:0.0
Episode:9/100, Reward:-7890.986476249788
Episode:9/100, avg speed:10.507457273986105
Episode:9/100, avg halt num:0.14477401129943504
Episode:9/100, avg elec cons:0.6316628614715217
 Retrying in 1 seconds
Warning: Unused states in tlLogic 'J10', program '0' in phase 0 after tl-index 10
Simulation......
总奖励:-6826.570354741666, 速度奖励:-3571.3999999987027, 加速度奖励:-1189.470354741368, 交通灯奖励:-2065.7000000006656, 与前车进行交互的惩罚:0.0
Episode:10/100, Reward:-6826.570354741666
Episode:10/100, avg speed:11.647967062177845
Episode:10/100, avg halt num:0.1255764163372859
Episode:10/100, avg elec cons:0.7789025408632755
 Retrying in 1 seconds
Warning: Unused states in tlLogic 'J10', program '0' in phase 0 after tl-index 10
Simulation......
总奖励:-8236.598540079962, 速度奖励:-4092.9999999982233, 加速度奖励:-1060.8985400796462, 交通灯奖励:-3082.7000000009607, 与前车进行交互的惩罚:0.0
Episode:11/100, Reward:-8236.598540079962
Episode:11/100, avg speed:11.457764863532477
Episode:11/100, avg halt num:0.2302793124616329
Episode:11/100, avg elec cons:0.6761734110330111
 Retrying in 1 seconds
Warning: Unused states in tlLogic 'J10', program '0' in phase 0 after tl-index 10
Simulation......
总奖励:-8841.094953629387, 速度奖励:-4419.07999999792, 加速度奖励:-979.1149536291957, 交通灯奖励:-3442.9000000009332, 与前车进行交互的惩罚:0.0
Episode:12/100, Reward:-8841.094953629387
Episode:12/100, avg speed:10.925074103617476
Episode:12/100, avg halt num:0.26712216002634176
Episode:12/100, avg elec cons:0.6074174293654079
 Retrying in 1 seconds
Warning: Unused states in tlLogic 'J10', program '0' in phase 0 after tl-index 10
Simulation......
总奖励:-13557.518246770069, 速度奖励:-5789.039999996678, 加速度奖励:-1219.8782467707276, 交通灯奖励:-6548.599999997472, 与前车进行交互的惩罚:0.0
Episode:13/100, Reward:-13557.518246770069
Episode:13/100, avg speed:9.762987824278675
Episode:13/100, avg halt num:0.4616923532898637
Episode:13/100, avg elec cons:0.5469812645310631
 Retrying in 1 seconds
Warning: Unused states in tlLogic 'J10', program '0' in phase 0 after tl-index 10
Simulation......
总奖励:-8908.267528540915, 速度奖励:-4535.399999997819, 加速度奖励:-992.6675285406683, 交通灯奖励:-3380.200000000989, 与前车进行交互的惩罚:0.0
Episode:14/100, Reward:-8908.267528540915
Episode:14/100, avg speed:10.722429834995918
Episode:14/100, avg halt num:0.23035477453580902
Episode:14/100, avg elec cons:0.5804818639704603
 Retrying in 1 seconds
Warning: Unused states in tlLogic 'J10', program '0' in phase 0 after tl-index 10
Simulation......
总奖励:-9544.938910639412, 速度奖励:-4319.839999998017, 加速度奖励:-1039.7989106393156, 交通灯奖励:-4185.300000000714, 与前车进行交互的惩罚:0.0
Episode:15/100, Reward:-9544.938910639412
Episode:15/100, avg speed:10.831395002950982
Episode:15/100, avg halt num:0.2442548746518106
Episode:15/100, avg elec cons:0.7433793023400309
 Retrying in 1 seconds
Warning: Unused states in tlLogic 'J10', program '0' in phase 0 after tl-index 10
Simulation......
总奖励:-13405.111380800745, 速度奖励:-3888.439999998411, 加速度奖励:-1158.4713808012261, 交通灯奖励:-8358.199999997458, 与前车进行交互的惩罚:0.0
Episode:16/100, Reward:-13405.111380800745
Episode:16/100, avg speed:10.635251537400082
Episode:16/100, avg halt num:0.36542004421518054
Episode:16/100, avg elec cons:1.116205895978494
 Retrying in 1 seconds
Warning: Unused states in tlLogic 'J10', program '0' in phase 0 after tl-index 10
Simulation......
总奖励:-6923.181705477537, 速度奖励:-3076.759999999156, 加速度奖励:-954.4217054773162, 交通灯奖励:-2892.0000000006935, 与前车进行交互的惩罚:0.0
Episode:17/100, Reward:-6923.181705477537
Episode:17/100, avg speed:12.86602080791338
Episode:17/100, avg halt num:0.1410073085478233
Episode:17/100, avg elec cons:1.0110092114251998
 Retrying in 1 seconds
Warning: Unused states in tlLogic 'J10', program '0' in phase 0 after tl-index 10
Simulation......
总奖励:-9303.386610571955, 速度奖励:-4349.19999999799, 加速度奖励:-1046.1866105719957, 交通灯奖励:-3908.000000001085, 与前车进行交互的惩罚:0.0
Episode:18/100, Reward:-9303.386610571955
Episode:18/100, avg speed:9.711472473264342
Episode:18/100, avg halt num:0.22825235109717867
Episode:18/100, avg elec cons:0.7436342790279837
 Retrying in 1 seconds
Warning: Unused states in tlLogic 'J10', program '0' in phase 0 after tl-index 10
Simulation......
总奖励:-5775.1692111077045, 速度奖励:-3423.7999999988306, 加速度奖励:-952.8692111076806, 交通灯奖励:-1398.5000000001314, 与前车进行交互的惩罚:0.0
Episode:19/100, Reward:-5775.1692111077045
Episode:19/100, avg speed:11.692295847356183
Episode:19/100, avg halt num:0.04868329868329868
Episode:19/100, avg elec cons:0.8490314588056186
 Retrying in 1 seconds
Warning: Unused states in tlLogic 'J10', program '0' in phase 0 after tl-index 10
Simulation......
总奖励:-3890.8340820596445, 速度奖励:-2350.4799999998336, 加速度奖励:-804.2540820596188, 交通灯奖励:-736.0999999998405, 与前车进行交互的惩罚:0.0
Episode:20/100, Reward:-3890.8340820596445
Episode:20/100, avg speed:13.890397154600219
Episode:20/100, avg halt num:0.006886126973463218
Episode:20/100, avg elec cons:1.3251355198890624
 Retrying in 1 seconds
Warning: Unused states in tlLogic 'J10', program '0' in phase 0 after tl-index 10
Simulation......
总奖励:-4136.774741550624, 速度奖励:-2676.8399999995167, 加速度奖励:-712.2347415506406, 交通灯奖励:-747.6999999998171, 与前车进行交互的惩罚:0.0
Episode:21/100, Reward:-4136.774741550624
Episode:21/100, avg speed:12.898004311464392
Episode:21/100, avg halt num:0.011918604651162791
Episode:21/100, avg elec cons:1.4015734190484266
 Retrying in 1 seconds
Warning: Unused states in tlLogic 'J10', program '0' in phase 0 after tl-index 10
Simulation......
总奖励:-4743.527838472366, 速度奖励:-2814.639999999392, 加速度奖励:-903.8878384723662, 交通灯奖励:-1024.99999999982, 与前车进行交互的惩罚:0.0
Episode:22/100, Reward:-4743.527838472366
Episode:22/100, avg speed:12.615057454805397
Episode:22/100, avg halt num:0.0689593086064098
Episode:22/100, avg elec cons:1.2649587633159214
 Retrying in 1 seconds
Warning: Unused states in tlLogic 'J10', program '0' in phase 0 after tl-index 10
Simulation......
总奖励:-4537.791813885655, 速度奖励:-2872.759999999339, 加速度奖励:-974.9318138855896, 交通灯奖励:-690.0999999998403, 与前车进行交互的惩罚:0.0
Episode:23/100, Reward:-4537.791813885655
Episode:23/100, avg speed:12.952924775702694
Episode:23/100, avg halt num:0.06529973649538867
Episode:23/100, avg elec cons:0.8976614033821354
 Retrying in 1 seconds
Warning: Unused states in tlLogic 'J10', program '0' in phase 0 after tl-index 10
Simulation......
总奖励:-4391.707126038769, 速度奖励:-2522.5199999996735, 加速度奖励:-1064.8871260387293, 交通灯奖励:-804.2999999997977, 与前车进行交互的惩罚:0.0
Episode:24/100, Reward:-4391.707126038769
Episode:24/100, avg speed:13.361128067735278
Episode:24/100, avg halt num:0.031643525992896354
Episode:24/100, avg elec cons:1.172459042384532
 Retrying in 1 seconds
Warning: Unused states in tlLogic 'J10', program '0' in phase 0 after tl-index 10
Simulation......
总奖励:-4885.562685666922, 速度奖励:-2895.8399999993185, 加速度奖励:-1153.0226856669083, 交通灯奖励:-836.699999999812, 与前车进行交互的惩罚:0.0
Episode:25/100, Reward:-4885.562685666922
Episode:25/100, avg speed:12.823356078286292
Episode:25/100, avg halt num:0.055232558139534885
Episode:25/100, avg elec cons:0.8894811102717658
 Retrying in 1 seconds
Warning: Unused states in tlLogic 'J10', program '0' in phase 0 after tl-index 10
Simulation......
总奖励:-5127.604992601623, 速度奖励:-3081.519999999148, 加速度奖励:-1075.584992601577, 交通灯奖励:-970.4999999997581, 与前车进行交互的惩罚:0.0
Episode:26/100, Reward:-5127.604992601623
Episode:26/100, avg speed:12.014070560409307
Episode:26/100, avg halt num:0.03640869233701868
Episode:26/100, avg elec cons:1.1205972294993418
 Retrying in 1 seconds
Warning: Unused states in tlLogic 'J10', program '0' in phase 0 after tl-index 10
Simulation......
总奖励:-3872.3151838054746, 速度奖励:-2195.999999999986, 加速度奖励:-979.9151838054702, 交通灯奖励:-696.3999999998254, 与前车进行交互的惩罚:0.0
Episode:27/100, Reward:-3872.3151838054746
Episode:27/100, avg speed:13.910796492245865
Episode:27/100, avg halt num:0.009397841977027498
Episode:27/100, avg elec cons:1.7492090568375016
 Retrying in 1 seconds
Warning: Unused states in tlLogic 'J10', program '0' in phase 0 after tl-index 10
Simulation......
总奖励:-4270.915566000351, 速度奖励:-2480.399999999712, 加速度奖励:-962.0155660003451, 交通灯奖励:-828.4999999998562, 与前车进行交互的惩罚:0.0
Episode:28/100, Reward:-4270.915566000351
Episode:28/100, avg speed:12.67371016415148
Episode:28/100, avg halt num:0.014259708737864078
Episode:28/100, avg elec cons:1.7501839064388411
 Retrying in 1 seconds
Warning: Unused states in tlLogic 'J10', program '0' in phase 0 after tl-index 10
Simulation......
总奖励:-3736.450712272351, 速度奖励:-2447.399999999736, 加速度奖励:-940.6507122723458, 交通灯奖励:-348.3999999998854, 与前车进行交互的惩罚:0.0
Episode:29/100, Reward:-3736.450712272351
Episode:29/100, avg speed:13.14613323462813
Episode:29/100, avg halt num:0.007506004803843075
Episode:29/100, avg elec cons:1.9354957309485181
 Retrying in 1 seconds
Warning: Unused states in tlLogic 'J10', program '0' in phase 0 after tl-index 10
Simulation......
总奖励:-4492.025512024346, 速度奖励:-2432.719999999757, 加速度奖励:-1001.4055120243024, 交通灯奖励:-1057.8999999998505, 与前车进行交互的惩罚:0.0
Episode:30/100, Reward:-4492.025512024346
Episode:30/100, avg speed:13.608178206090074
Episode:30/100, avg halt num:0.010724090597117365
Episode:30/100, avg elec cons:1.6952641698498847
 Retrying in 1 seconds
Warning: Unused states in tlLogic 'J10', program '0' in phase 0 after tl-index 10
Simulation......
总奖励:-4610.0519141037075, 速度奖励:-2579.4399999996185, 加速度奖励:-1046.2119141036792, 交通灯奖励:-984.3999999998235, 与前车进行交互的惩罚:0.0
Episode:31/100, Reward:-4610.0519141037075
Episode:31/100, avg speed:13.34766848474542
Episode:31/100, avg halt num:0.016734093416697314
Episode:31/100, avg elec cons:1.7508439223576107
 Retrying in 1 seconds
Warning: Unused states in tlLogic 'J10', program '0' in phase 0 after tl-index 10
Simulation......
总奖励:-5836.426351688022, 速度奖励:-3304.5199999989477, 加速度奖励:-1114.5063516879093, 交通灯奖励:-1417.4000000002939, 与前车进行交互的惩罚:0.0
Episode:32/100, Reward:-5836.426351688022
Episode:32/100, avg speed:11.603193775370334
Episode:32/100, avg halt num:0.0753216583273767
Episode:32/100, avg elec cons:1.0151093677473402
 Retrying in 1 seconds
Warning: Unused states in tlLogic 'J10', program '0' in phase 0 after tl-index 10
Simulation......
总奖励:-13803.906736994224, 速度奖励:-5943.679999996532, 加速度奖励:-1567.6267369949462, 交通灯奖励:-6292.5999999978485, 与前车进行交互的惩罚:0.0
Episode:33/100, Reward:-13803.906736994224
Episode:33/100, avg speed:8.752310094275101
Episode:33/100, avg halt num:0.4671849427168576
Episode:33/100, avg elec cons:0.5996957170920026
 Retrying in 1 seconds
Warning: Unused states in tlLogic 'J10', program '0' in phase 0 after tl-index 10
Simulation......
总奖励:-11168.198418929362, 速度奖励:-5129.8399999972735, 加速度奖励:-1389.058418929442, 交通灯奖励:-4649.299999999902, 与前车进行交互的惩罚:0.0
Episode:34/100, Reward:-11168.198418929362
Episode:34/100, avg speed:10.2375975218445
Episode:34/100, avg halt num:0.3020078999341672
Episode:34/100, avg elec cons:0.5652225136034519
 Retrying in 1 seconds
Warning: Unused states in tlLogic 'J10', program '0' in phase 0 after tl-index 10
Simulation......
总奖励:-6007.069009578425, 速度奖励:-3126.319999999107, 加速度奖励:-1077.2490095783583, 交通灯奖励:-1803.5000000005084, 与前车进行交互的惩罚:0.0
Episode:35/100, Reward:-6007.069009578425
Episode:35/100, avg speed:12.266102670456629
Episode:35/100, avg halt num:0.09816941852117732
Episode:35/100, avg elec cons:1.2611456338635998
 Retrying in 1 seconds
Warning: Unused states in tlLogic 'J10', program '0' in phase 0 after tl-index 10
Simulation......
总奖励:-4579.756808587641, 速度奖励:-2558.599999999638, 加速度奖励:-936.9568085876015, 交通灯奖励:-1084.2000000000075, 与前车进行交互的惩罚:0.0
Episode:36/100, Reward:-4579.756808587641
Episode:36/100, avg speed:13.160075418139243
Episode:36/100, avg halt num:0.024486856319769535
Episode:36/100, avg elec cons:1.2548166890499886
 Retrying in 1 seconds
Warning: Unused states in tlLogic 'J10', program '0' in phase 0 after tl-index 10
Simulation......
总奖励:-3909.0738788152808, 速度奖励:-2278.919999999901, 加速度奖励:-738.3538788152541, 交通灯奖励:-891.7999999998325, 与前车进行交互的惩罚:0.0
Episode:37/100, Reward:-3909.0738788152808
Episode:37/100, avg speed:13.011356117288718
Episode:37/100, avg halt num:0.008098006644518272
Episode:37/100, avg elec cons:1.8137781408514249
 Retrying in 1 seconds
Warning: Unused states in tlLogic 'J10', program '0' in phase 0 after tl-index 10
Simulation......
总奖励:-4304.5717726150715, 速度奖励:-2774.039999999432, 加速度奖励:-800.2317726150341, 交通灯奖励:-730.2999999998694, 与前车进行交互的惩罚:0.0
Episode:38/100, Reward:-4304.5717726150715
Episode:38/100, avg speed:12.7895294627354
Episode:38/100, avg halt num:0.021184815950920245
Episode:38/100, avg elec cons:1.3732593954126289
 Retrying in 1 seconds
Warning: Unused states in tlLogic 'J10', program '0' in phase 0 after tl-index 10
Simulation......
总奖励:-4836.256774882235, 速度奖励:-2703.999999999496, 加速度奖励:-951.9567748821892, 交通灯奖励:-1180.2999999999593, 与前车进行交互的惩罚:0.0
Episode:39/100, Reward:-4836.256774882235
Episode:39/100, avg speed:13.244424880228301
Episode:39/100, avg halt num:0.023405349794238684
Episode:39/100, avg elec cons:1.4129584563963902
 Retrying in 1 seconds
Warning: Unused states in tlLogic 'J10', program '0' in phase 0 after tl-index 10
Simulation......
总奖励:-5002.938314158936, 速度奖励:-2821.2399999993913, 加速度奖励:-975.6983141589158, 交通灯奖励:-1205.9999999999113, 与前车进行交互的惩罚:0.0
Episode:40/100, Reward:-5002.938314158936
Episode:40/100, avg speed:12.683148533116228
Episode:40/100, avg halt num:0.04287941787941788
Episode:40/100, avg elec cons:1.338515076732255
 Retrying in 1 seconds
Warning: Unused states in tlLogic 'J10', program '0' in phase 0 after tl-index 10
Simulation......
总奖励:-5649.055361391921, 速度奖励:-3368.4399999988937, 加速度奖励:-1117.1153613918436, 交通灯奖励:-1163.499999999995, 与前车进行交互的惩罚:0.0
Episode:41/100, Reward:-5649.055361391921
Episode:41/100, avg speed:11.479008542907547
Episode:41/100, avg halt num:0.08281032078103208
Episode:41/100, avg elec cons:0.9461269991295029
 Retrying in 1 seconds
Warning: Unused states in tlLogic 'J10', program '0' in phase 0 after tl-index 10
Simulation......
总奖励:-6835.504960453936, 速度奖励:-3918.1599999983764, 加速度奖励:-1163.5449604539053, 交通灯奖励:-1753.8000000008983, 与前车进行交互的惩罚:0.0
Episode:42/100, Reward:-6835.504960453936
Episode:42/100, avg speed:10.7424919307263
Episode:42/100, avg halt num:0.0888268156424581
Episode:42/100, avg elec cons:0.8194851285623325
 Retrying in 1 seconds
Warning: Unused states in tlLogic 'J10', program '0' in phase 0 after tl-index 10
Simulation......
总奖励:-5674.6754100396965, 速度奖励:-2970.6399999992504, 加速度奖励:-1034.9354100396677, 交通灯奖励:-1669.1000000003899, 与前车进行交互的惩罚:0.0
Episode:43/100, Reward:-5674.6754100396965
Episode:43/100, avg speed:12.00974631947334
Episode:43/100, avg halt num:0.04590856703803304
Episode:43/100, avg elec cons:1.2549112593805822
 Retrying in 1 seconds
Warning: Unused states in tlLogic 'J10', program '0' in phase 0 after tl-index 10
Simulation......
总奖励:-7631.974802739134, 速度奖励:-3207.959999999035, 加速度奖励:-1213.1148027389438, 交通灯奖励:-3210.9000000005744, 与前车进行交互的惩罚:0.0
Episode:44/100, Reward:-7631.974802739134
Episode:44/100, avg speed:11.755806474672479
Episode:44/100, avg halt num:0.08688073394495413
Episode:44/100, avg elec cons:1.4674099643173701
 Retrying in 1 seconds
Warning: Unused states in tlLogic 'J10', program '0' in phase 0 after tl-index 10
Simulation......
总奖励:-7146.0119544873105, 速度奖励:-3584.0399999986903, 加速度奖励:-1177.6719544871241, 交通灯奖励:-2384.3000000007987, 与前车进行交互的惩罚:0.0
Episode:45/100, Reward:-7146.0119544873105
Episode:45/100, avg speed:11.018567684475688
Episode:45/100, avg halt num:0.1458631805157593
Episode:45/100, avg elec cons:1.0144413913204628
 Retrying in 1 seconds
Warning: Unused states in tlLogic 'J10', program '0' in phase 0 after tl-index 10
Simulation......
总奖励:-15201.8397597076, 速度奖励:-5678.1599999967775, 加速度奖励:-1688.4797597087324, 交通灯奖励:-7835.199999996941, 与前车进行交互的惩罚:0.0
Episode:46/100, Reward:-15201.8397597076
Episode:46/100, avg speed:9.339279226881036
Episode:46/100, avg halt num:0.44014193150262265
Episode:46/100, avg elec cons:0.6242650146152104
 Retrying in 1 seconds
Warning: Unused states in tlLogic 'J10', program '0' in phase 0 after tl-index 10
Simulation......
总奖励:-24254.79250518213, 速度奖励:-7892.03999999476, 加速度奖励:-1797.9525051842259, 交通灯奖励:-14564.799999994048, 与前车进行交互的惩罚:0.0
Episode:47/100, Reward:-24254.79250518213
Episode:47/100, avg speed:8.092330441993113
Episode:47/100, avg halt num:0.9227873668747705
Episode:47/100, avg elec cons:0.640681465176161
 Retrying in 1 seconds
Warning: Unused states in tlLogic 'J10', program '0' in phase 0 after tl-index 10
Simulation......
总奖励:-14075.942579110244, 速度奖励:-5599.399999996847, 加速度奖励:-1407.3425791109628, 交通灯奖励:-7069.1999999974105, 与前车进行交互的惩罚:0.0
Episode:48/100, Reward:-14075.942579110244
Episode:48/100, avg speed:8.93071764574921
Episode:48/100, avg halt num:0.42933962264150943
Episode:48/100, avg elec cons:0.6476541372517545
 Retrying in 1 seconds
Warning: Unused states in tlLogic 'J10', program '0' in phase 0 after tl-index 10
Simulation......
总奖励:-7948.12985711209, 速度奖励:-4435.159999997908, 加速度奖励:-1257.669857111905, 交通灯奖励:-2255.300000000926, 与前车进行交互的惩罚:0.0
Episode:49/100, Reward:-7948.12985711209
Episode:49/100, avg speed:10.74305670262223
Episode:49/100, avg halt num:0.1512209473374522
Episode:49/100, avg elec cons:0.5180528692257744
 Retrying in 1 seconds
Warning: Unused states in tlLogic 'J10', program '0' in phase 0 after tl-index 10
Simulation......
总奖励:-12773.245379114025, 速度奖励:-5722.079999996737, 加速度奖励:-1519.7653791144064, 交通灯奖励:-5531.399999998615, 与前车进行交互的惩罚:0.0
Episode:50/100, Reward:-12773.245379114025
Episode:50/100, avg speed:9.300061048612287
Episode:50/100, avg halt num:0.3839256602543202
Episode:50/100, avg elec cons:0.5375320756954408
 Retrying in 1 seconds
Warning: Unused states in tlLogic 'J10', program '0' in phase 0 after tl-index 10
Simulation......
总奖励:-11708.09434637106, 速度奖励:-4857.759999997521, 加速度奖励:-1622.6343463714604, 交通灯奖励:-5227.699999999132, 与前车进行交互的惩罚:0.0
Episode:51/100, Reward:-11708.09434637106
Episode:51/100, avg speed:10.372480857485378
Episode:51/100, avg halt num:0.23866459627329192
Episode:51/100, avg elec cons:0.6483687041239459
 Retrying in 1 seconds
Warning: Unused states in tlLogic 'J10', program '0' in phase 0 after tl-index 10
Simulation......
总奖励:-11051.226802392006, 速度奖励:-4380.279999997959, 加速度奖励:-1430.146802392168, 交通灯奖励:-5240.799999999051, 与前车进行交互的惩罚:0.0
Episode:52/100, Reward:-11051.226802392006
Episode:52/100, avg speed:10.714366922557556
Episode:52/100, avg halt num:0.3073988644428673
Episode:52/100, avg elec cons:0.8425536994194305
 Retrying in 1 seconds
Warning: Unused states in tlLogic 'J10', program '0' in phase 0 after tl-index 10
Simulation......
总奖励:-8291.146817489891, 速度奖励:-2859.6799999993545, 加速度奖励:-1099.0668174897185, 交通灯奖励:-4332.400000000069, 与前车进行交互的惩罚:0.0
Episode:53/100, Reward:-8291.146817489891
Episode:53/100, avg speed:12.594595670513524
Episode:53/100, avg halt num:0.10513709943838784
Episode:53/100, avg elec cons:0.995982062543499
 Retrying in 1 seconds
Warning: Unused states in tlLogic 'J10', program '0' in phase 0 after tl-index 10
Simulation......
总奖励:-5859.109086326101, 速度奖励:-3146.1199999990854, 加速度奖励:-1128.7890863260288, 交通灯奖励:-1584.2000000003172, 与前车进行交互的惩罚:0.0
Episode:54/100, Reward:-5859.109086326101
Episode:54/100, avg speed:12.160375626239093
Episode:54/100, avg halt num:0.05606368563685637
Episode:54/100, avg elec cons:0.9905226350456265
 Retrying in 1 seconds
Warning: Unused states in tlLogic 'J10', program '0' in phase 0 after tl-index 10
Simulation......
总奖励:-7840.941497480502, 速度奖励:-3378.839999998871, 加速度奖励:-1423.2014974803872, 交通灯奖励:-3038.900000000675, 与前车进行交互的惩罚:0.0
Episode:55/100, Reward:-7840.941497480502
Episode:55/100, avg speed:11.421132900823554
Episode:55/100, avg halt num:0.08908918406072107
Episode:55/100, avg elec cons:1.2734798467775768
 Retrying in 1 seconds
Warning: Unused states in tlLogic 'J10', program '0' in phase 0 after tl-index 10
Simulation......
总奖励:-6364.304305692411, 速度奖励:-3090.879999999141, 加速度奖励:-1380.02430569222, 交通灯奖励:-1893.4000000005528, 与前车进行交互的惩罚:0.0
Episode:56/100, Reward:-6364.304305692411
Episode:56/100, avg speed:12.159296800393726
Episode:56/100, avg halt num:0.05463863794301598
Episode:56/100, avg elec cons:1.1214581766089684
 Retrying in 1 seconds
Warning: Unused states in tlLogic 'J10', program '0' in phase 0 after tl-index 10
Simulation......
总奖励:-10500.787993576521, 速度奖励:-5046.559999997353, 加速度奖励:-1593.427993576513, 交通灯奖励:-3860.800000001246, 与前车进行交互的惩罚:0.0
Episode:57/100, Reward:-10500.787993576521
Episode:57/100, avg speed:8.843624303772861
Episode:57/100, avg halt num:0.33948194662480374
Episode:57/100, avg elec cons:0.7088039830321141
 Retrying in 1 seconds
Warning: Unused states in tlLogic 'J10', program '0' in phase 0 after tl-index 10
Simulation......
总奖励:-9766.985552487478, 速度奖励:-4295.119999998034, 加速度奖励:-1459.6655524875118, 交通灯奖励:-4012.200000001084, 与前车进行交互的惩罚:0.0
Episode:58/100, Reward:-9766.985552487478
Episode:58/100, avg speed:9.960976192839235
Episode:58/100, avg halt num:0.1827371695178849
Episode:58/100, avg elec cons:0.9281976004547421
 Retrying in 1 seconds
Warning: Unused states in tlLogic 'J10', program '0' in phase 0 after tl-index 10
Simulation......
总奖励:-5152.752105879207, 速度奖励:-3001.759999999226, 加速度奖励:-1379.8921058791568, 交通灯奖励:-771.0999999997764, 与前车进行交互的惩罚:0.0
Episode:59/100, Reward:-5152.752105879207
Episode:59/100, avg speed:11.864227677482663
Episode:59/100, avg halt num:0.009102611254137551
Episode:59/100, avg elec cons:1.1456091299398292
 Retrying in 1 seconds
Warning: Unused states in tlLogic 'J10', program '0' in phase 0 after tl-index 10
Simulation......
总奖励:-5283.255381307474, 速度奖励:-2992.119999999227, 加速度奖励:-1328.5353813074762, 交通灯奖励:-962.5999999998138, 与前车进行交互的惩罚:0.0
Episode:60/100, Reward:-5283.255381307474
Episode:60/100, avg speed:12.65539442917963
Episode:60/100, avg halt num:0.0062397372742200325
Episode:60/100, avg elec cons:1.1089370457740666
 Retrying in 1 seconds
Warning: Unused states in tlLogic 'J10', program '0' in phase 0 after tl-index 10
Simulation......
总奖励:-5089.356804383291, 速度奖励:-3127.4799999991087, 加速度奖励:-1145.9768043832348, 交通灯奖励:-815.8999999997708, 与前车进行交互的惩罚:0.0
Episode:61/100, Reward:-5089.356804383291
Episode:61/100, avg speed:11.371351983162
Episode:61/100, avg halt num:0.015406976744186047
Episode:61/100, avg elec cons:1.1002258603926052
 Retrying in 1 seconds
Warning: Unused states in tlLogic 'J10', program '0' in phase 0 after tl-index 10
Simulation......
总奖励:-12485.31833665623, 速度奖励:-4990.119999997403, 加速度奖励:-1816.8983366566977, 交通灯奖励:-5678.299999999132, 与前车进行交互的惩罚:0.0
Episode:62/100, Reward:-12485.31833665623
Episode:62/100, avg speed:9.758323456587094
Episode:62/100, avg halt num:0.26513898080741233
Episode:62/100, avg elec cons:0.7460059876037992
 Retrying in 1 seconds
Warning: Unused states in tlLogic 'J10', program '0' in phase 0 after tl-index 10
Simulation......
总奖励:-7360.729726180576, 速度奖励:-3892.639999998403, 加速度奖励:-1215.289726180416, 交通灯奖励:-2252.8000000007073, 与前车进行交互的惩罚:0.0
Episode:63/100, Reward:-7360.729726180576
Episode:63/100, avg speed:11.465348780781781
Episode:63/100, avg halt num:0.1252302025782689
Episode:63/100, avg elec cons:0.6851244539632253
 Retrying in 1 seconds
Warning: Unused states in tlLogic 'J10', program '0' in phase 0 after tl-index 10
Simulation......
总奖励:-7736.979580351824, 速度奖励:-3958.3999999983453, 加速度奖励:-1263.3795803516725, 交通灯奖励:-2515.2000000010175, 与前车进行交互的惩罚:0.0
Episode:64/100, Reward:-7736.979580351824
Episode:64/100, avg speed:10.360227499593355
Episode:64/100, avg halt num:0.16469321851453175
Episode:64/100, avg elec cons:0.8248202126540131
 Retrying in 1 seconds
Warning: Unused states in tlLogic 'J10', program '0' in phase 0 after tl-index 10
Simulation......
总奖励:-5841.004045145832, 速度奖励:-3385.5599999988654, 加速度奖励:-1032.844045145706, 交通灯奖励:-1422.6000000004788, 与前车进行交互的惩罚:0.0
Episode:65/100, Reward:-5841.004045145832
Episode:65/100, avg speed:11.989383983031889
Episode:65/100, avg halt num:0.08577221438645981
Episode:65/100, avg elec cons:0.8454953105707348
 Retrying in 1 seconds
Warning: Unused states in tlLogic 'J10', program '0' in phase 0 after tl-index 10
Simulation......
总奖励:-8048.933417117729, 速度奖励:-4008.6399999982978, 加速度奖励:-1383.3934171175256, 交通灯奖励:-2656.9000000009055, 与前车进行交互的惩罚:0.0
Episode:66/100, Reward:-8048.933417117729
Episode:66/100, avg speed:11.89190138914891
Episode:66/100, avg halt num:0.16891263940520446
Episode:66/100, avg elec cons:0.6761228378996221
 Retrying in 1 seconds
Warning: Unused states in tlLogic 'J10', program '0' in phase 0 after tl-index 10
Simulation......
总奖励:-4621.843174881172, 速度奖励:-3045.399999999189, 加速度奖励:-1079.8431748811138, 交通灯奖励:-496.59999999984626, 与前车进行交互的惩罚:0.0
Episode:67/100, Reward:-4621.843174881172
Episode:67/100, avg speed:12.960458351042455
Episode:67/100, avg halt num:0.01836605446485117
Episode:67/100, avg elec cons:0.9509448023586281
 Retrying in 1 seconds
Warning: Unused states in tlLogic 'J10', program '0' in phase 0 after tl-index 10
Simulation......
总奖励:-10272.697901413123, 速度奖励:-4877.599999997506, 加速度奖励:-1307.7979014130367, 交通灯奖励:-4087.300000001112, 与前车进行交互的惩罚:0.0
Episode:68/100, Reward:-10272.697901413123
Episode:68/100, avg speed:10.913002626605488
Episode:68/100, avg halt num:0.29231898238747556
Episode:68/100, avg elec cons:0.6496724014100711
 Retrying in 1 seconds
Warning: Unused states in tlLogic 'J10', program '0' in phase 0 after tl-index 10
Simulation......
总奖励:-4819.047598485943, 速度奖励:-3279.2399999989652, 加速度奖励:-991.3075984859357, 交通灯奖励:-548.4999999997701, 与前车进行交互的惩罚:0.0
Episode:69/100, Reward:-4819.047598485943
Episode:69/100, avg speed:12.256987943212101
Episode:69/100, avg halt num:0.007010057909174032
Episode:69/100, avg elec cons:0.7714982119598982
 Retrying in 1 seconds
Warning: Unused states in tlLogic 'J10', program '0' in phase 0 after tl-index 10
Simulation......
总奖励:-8524.782651371183, 速度奖励:-4294.479999998038, 加速度奖励:-1398.5026513710245, 交通灯奖励:-2831.8000000009524, 与前车进行交互的惩罚:0.0
Episode:70/100, Reward:-8524.782651371183
Episode:70/100, avg speed:10.270810322690265
Episode:70/100, avg halt num:0.1477917981072555
Episode:70/100, avg elec cons:0.6548926638254384
 Retrying in 1 seconds
Warning: Unused states in tlLogic 'J10', program '0' in phase 0 after tl-index 10
Simulation......
总奖励:-6844.206613491566, 速度奖励:-3729.1999999985487, 加速度奖励:-1146.9066134914897, 交通灯奖励:-1968.100000000676, 与前车进行交互的惩罚:0.0
Episode:71/100, Reward:-6844.206613491566
Episode:71/100, avg speed:12.00053085078097
Episode:71/100, avg halt num:0.11404220779220779
Episode:71/100, avg elec cons:0.8306337227481065
 Retrying in 1 seconds
Warning: Unused states in tlLogic 'J10', program '0' in phase 0 after tl-index 10
Simulation......
总奖励:-4429.283662778197, 速度奖励:-2431.919999999765, 加速度奖励:-987.6636627781871, 交通灯奖励:-1009.6999999997872, 与前车进行交互的惩罚:0.0
Episode:72/100, Reward:-4429.283662778197
Episode:72/100, avg speed:12.64889070409835
Episode:72/100, avg halt num:0.015436746987951807
Episode:72/100, avg elec cons:1.7906215761845021
 Retrying in 1 seconds
Warning: Unused states in tlLogic 'J10', program '0' in phase 0 after tl-index 10
Simulation......
总奖励:-4597.545385274983, 速度奖励:-2734.239999999468, 加速度奖励:-978.4053852749216, 交通灯奖励:-884.899999999822, 与前车进行交互的惩罚:0.0
Episode:73/100, Reward:-4597.545385274983
Episode:73/100, avg speed:13.205365979150018
Episode:73/100, avg halt num:0.02232273125182375
Episode:73/100, avg elec cons:0.953453431397435
 Retrying in 1 seconds
Warning: Unused states in tlLogic 'J10', program '0' in phase 0 after tl-index 10
Simulation......
总奖励:-6148.773133579904, 速度奖励:-3578.559999998692, 加速度奖励:-1118.7131335798053, 交通灯奖励:-1451.5000000004538, 与前车进行交互的惩罚:0.0
Episode:74/100, Reward:-6148.773133579904
Episode:74/100, avg speed:12.177804772600501
Episode:74/100, avg halt num:0.11130536130536131
Episode:74/100, avg elec cons:0.8098047843810577
 Retrying in 1 seconds
Warning: Unused states in tlLogic 'J10', program '0' in phase 0 after tl-index 10
Simulation......
总奖励:-4884.688577624443, 速度奖励:-3358.71999999889, 加速度奖励:-939.7685776244235, 交通灯奖励:-586.1999999998945, 与前车进行交互的惩罚:0.0
Episode:75/100, Reward:-4884.688577624443
Episode:75/100, avg speed:12.296412708093714
Episode:75/100, avg halt num:0.04753066494512589
Episode:75/100, avg elec cons:0.7552325419394188
 Retrying in 1 seconds
Warning: Unused states in tlLogic 'J10', program '0' in phase 0 after tl-index 10
Simulation......
总奖励:-7819.50491557238, 速度奖励:-4015.959999998294, 加速度奖励:-1074.4449155721763, 交通灯奖励:-2729.100000000828, 与前车进行交互的惩罚:0.0
Episode:76/100, Reward:-7819.50491557238
Episode:76/100, avg speed:10.850178526836158
Episode:76/100, avg halt num:0.2054263565891473
Episode:76/100, avg elec cons:0.8535447494729262
 Retrying in 1 seconds
Warning: Unused states in tlLogic 'J10', program '0' in phase 0 after tl-index 10
Simulation......
总奖励:-7247.03376405751, 速度奖励:-4048.2399999982613, 加速度奖励:-984.6937640573472, 交通灯奖励:-2214.100000000747, 与前车进行交互的惩罚:0.0
Episode:77/100, Reward:-7247.03376405751
Episode:77/100, avg speed:10.96800431523381
Episode:77/100, avg halt num:0.18427095292766935
Episode:77/100, avg elec cons:0.7558230734915197
 Retrying in 1 seconds
Warning: Unused states in tlLogic 'J10', program '0' in phase 0 after tl-index 10
Simulation......
总奖励:-8205.12296541641, 速度奖励:-4301.239999998032, 加速度奖励:-1008.282965416186, 交通灯奖励:-2895.600000000907, 与前车进行交互的惩罚:0.0
Episode:78/100, Reward:-8205.12296541641
Episode:78/100, avg speed:10.412483704618278
Episode:78/100, avg halt num:0.2632638126600805
Episode:78/100, avg elec cons:0.6933523800019391
 Retrying in 1 seconds
Warning: Unused states in tlLogic 'J10', program '0' in phase 0 after tl-index 10
Simulation......
总奖励:-7356.47439390275, 速度奖励:-4249.679999998078, 加速度奖励:-881.8943939025528, 交通灯奖励:-2224.900000000836, 与前车进行交互的惩罚:0.0
Episode:79/100, Reward:-7356.47439390275
Episode:79/100, avg speed:10.498036930596983
Episode:79/100, avg halt num:0.20187216338880484
Episode:79/100, avg elec cons:0.7145343085410385
 Retrying in 1 seconds
Warning: Unused states in tlLogic 'J10', program '0' in phase 0 after tl-index 10
Simulation......
总奖励:-5865.019373983192, 速度奖励:-3588.3999999986795, 加速度奖励:-771.8193739832171, 交通灯奖励:-1504.80000000046, 与前车进行交互的惩罚:0.0
Episode:80/100, Reward:-5865.019373983192
Episode:80/100, avg speed:11.394516918513828
Episode:80/100, avg halt num:0.0891439420089748
Episode:80/100, avg elec cons:0.7896993703286108
 Retrying in 1 seconds
Warning: Unused states in tlLogic 'J10', program '0' in phase 0 after tl-index 10
Simulation......
总奖励:-5542.582592164422, 速度奖励:-3431.2799999988233, 加速度奖励:-755.7025921644516, 交通灯奖励:-1355.6000000003664, 与前车进行交互的惩罚:0.0
Episode:81/100, Reward:-5542.582592164422
Episode:81/100, avg speed:11.823475871084081
Episode:81/100, avg halt num:0.055858806404657936
Episode:81/100, avg elec cons:1.000404966308861
 Retrying in 1 seconds
Warning: Unused states in tlLogic 'J10', program '0' in phase 0 after tl-index 10
Simulation......
总奖励:-4495.4368225457665, 速度奖励:-2954.0799999992605, 加速度奖励:-780.9568225457326, 交通灯奖励:-760.3999999998747, 与前车进行交互的惩罚:0.0
Episode:82/100, Reward:-4495.4368225457665
Episode:82/100, avg speed:12.142914566949102
Episode:82/100, avg halt num:0.018427276310603074
Episode:82/100, avg elec cons:1.3316580862358507
 Retrying in 1 seconds
Warning: Unused states in tlLogic 'J10', program '0' in phase 0 after tl-index 10
Simulation......
总奖励:-4462.647357398073, 速度奖励:-2827.159999999383, 加速度奖励:-901.8873573980735, 交通灯奖励:-733.5999999998102, 与前车进行交互的惩罚:0.0
Episode:83/100, Reward:-4462.647357398073
Episode:83/100, avg speed:12.775170610020442
Episode:83/100, avg halt num:0.0369483407458091
Episode:83/100, avg elec cons:1.2569777616659012
 Retrying in 1 seconds
Warning: Unused states in tlLogic 'J10', program '0' in phase 0 after tl-index 10
Simulation......
总奖励:-4307.226609952277, 速度奖励:-2726.0399999994884, 加速度奖励:-1019.1866099522725, 交通灯奖励:-561.9999999999006, 与前车进行交互的惩罚:0.0
Episode:84/100, Reward:-4307.226609952277
Episode:84/100, avg speed:11.998615143807617
Episode:84/100, avg halt num:0.06803310238645112
Episode:84/100, avg elec cons:1.3141707470513406
 Retrying in 1 seconds
Warning: Unused states in tlLogic 'J10', program '0' in phase 0 after tl-index 10
Simulation......
总奖励:-5046.105563195596, 速度奖励:-3326.479999998922, 加速度奖励:-962.0255631955813, 交通灯奖励:-757.5999999997897, 与前车进行交互的惩罚:0.0
Episode:85/100, Reward:-5046.105563195596
Episode:85/100, avg speed:12.496858228904774
Episode:85/100, avg halt num:0.06200199203187251
Episode:85/100, avg elec cons:1.0916300281988163
 Retrying in 1 seconds
Warning: Unused states in tlLogic 'J10', program '0' in phase 0 after tl-index 10
Simulation......
总奖励:-4283.658722327683, 速度奖励:-2791.5599999994174, 加速度奖励:-755.098722327673, 交通灯奖励:-736.9999999998106, 与前车进行交互的惩罚:0.0
Episode:86/100, Reward:-4283.658722327683
Episode:86/100, avg speed:13.054069220359812
Episode:86/100, avg halt num:0.017026451809060504
Episode:86/100, avg elec cons:1.1367556026393282
 Retrying in 1 seconds
Warning: Unused states in tlLogic 'J10', program '0' in phase 0 after tl-index 10
Simulation......
总奖励:-5034.615848073181, 速度奖励:-3309.5599999989363, 加速度奖励:-701.75584807314, 交通灯奖励:-1023.2999999997865, 与前车进行交互的惩罚:0.0
Episode:87/100, Reward:-5034.615848073181
Episode:87/100, avg speed:11.43672365267843
Episode:87/100, avg halt num:0.04487179487179487
Episode:87/100, avg elec cons:1.2100399139817382
 Retrying in 1 seconds
Warning: Unused states in tlLogic 'J10', program '0' in phase 0 after tl-index 10
Simulation......
总奖励:-4205.105954617902, 速度奖励:-2884.679999999329, 加速度奖励:-682.4259546178997, 交通灯奖励:-637.9999999998179, 与前车进行交互的惩罚:0.0
Episode:88/100, Reward:-4205.105954617902
Episode:88/100, avg speed:12.83581590201093
Episode:88/100, avg halt num:0.02069956066238594
Episode:88/100, avg elec cons:1.1930348484249387
 Retrying in 1 seconds
Warning: Unused states in tlLogic 'J10', program '0' in phase 0 after tl-index 10
Simulation......
总奖励:-4196.347311135776, 速度奖励:-2707.999999999495, 加速度奖励:-759.3473111357583, 交通灯奖励:-728.9999999998405, 与前车进行交互的惩罚:0.0
Episode:89/100, Reward:-4196.347311135776
Episode:89/100, avg speed:12.393147781064547
Episode:89/100, avg halt num:0.02791307605844886
Episode:89/100, avg elec cons:1.5208346391558456
 Retrying in 1 seconds
Warning: Unused states in tlLogic 'J10', program '0' in phase 0 after tl-index 10
Simulation......
总奖励:-4487.148947584014, 速度奖励:-2793.3999999994217, 加速度奖励:-901.7489475840179, 交通灯奖励:-791.9999999997865, 与前车进行交互的惩罚:0.0
Episode:90/100, Reward:-4487.148947584014
Episode:90/100, avg speed:12.351555039741418
Episode:90/100, avg halt num:0.08993494068120934
Episode:90/100, avg elec cons:1.5128578819731169
 Retrying in 1 seconds
Warning: Unused states in tlLogic 'J10', program '0' in phase 0 after tl-index 10
Simulation......
总奖励:-5287.666799008218, 速度奖励:-3169.639999999066, 加速度奖励:-986.7267990081708, 交通灯奖励:-1131.300000000074, 与前车进行交互的惩罚:0.0
Episode:91/100, Reward:-5287.666799008218
Episode:91/100, avg speed:11.282570329577858
Episode:91/100, avg halt num:0.12388953263808421
Episode:91/100, avg elec cons:1.41332411165955
 Retrying in 1 seconds
Warning: Unused states in tlLogic 'J10', program '0' in phase 0 after tl-index 10
Simulation......
总奖励:-4490.775444029819, 速度奖励:-2717.5199999994957, 加速度奖励:-1008.5554440298339, 交通灯奖励:-764.6999999998064, 与前车进行交互的惩罚:0.0
Episode:92/100, Reward:-4490.775444029819
Episode:92/100, avg speed:12.048149934231452
Episode:92/100, avg halt num:0.06599407626804887
Episode:92/100, avg elec cons:1.5423835941608846
 Retrying in 1 seconds
Warning: Unused states in tlLogic 'J10', program '0' in phase 0 after tl-index 10
Simulation......
总奖励:-4988.523568588692, 速度奖励:-3078.7999999991453, 加速度奖励:-910.3235685886516, 交通灯奖励:-999.399999999793, 与前车进行交互的惩罚:0.0
Episode:93/100, Reward:-4988.523568588692
Episode:93/100, avg speed:12.196783283206603
Episode:93/100, avg halt num:0.10002051702913418
Episode:93/100, avg elec cons:1.3206161902464992
 Retrying in 1 seconds
Warning: Unused states in tlLogic 'J10', program '0' in phase 0 after tl-index 10
Simulation......
总奖励:-7286.8923125228375, 速度奖励:-3999.31999999831, 加速度奖励:-1231.4723125226924, 交通灯奖励:-2056.1000000007652, 与前车进行交互的惩罚:0.0
Episode:94/100, Reward:-7286.8923125228375
Episode:94/100, avg speed:11.11994503339613
Episode:94/100, avg halt num:0.14043724966622162
Episode:94/100, avg elec cons:0.7597469400120566
 Retrying in 1 seconds
Warning: Unused states in tlLogic 'J10', program '0' in phase 0 after tl-index 10
Simulation......
总奖励:-10597.948902226424, 速度奖励:-4702.479999997662, 加速度奖励:-1175.668902226681, 交通灯奖励:-4719.799999999521, 与前车进行交互的惩罚:0.0
Episode:95/100, Reward:-10597.948902226424
Episode:95/100, avg speed:10.033380797530818
Episode:95/100, avg halt num:0.34387869711718455
Episode:95/100, avg elec cons:0.8838555044089557
 Retrying in 1 seconds
Warning: Unused states in tlLogic 'J10', program '0' in phase 0 after tl-index 10
Simulation......
总奖励:-8335.835872489453, 速度奖励:-4252.799999998075, 加速度奖励:-864.7358724891616, 交通灯奖励:-3218.300000001003, 与前车进行交互的惩罚:0.0
Episode:96/100, Reward:-8335.835872489453
Episode:96/100, avg speed:10.173699750645149
Episode:96/100, avg halt num:0.22334593572778827
Episode:96/100, avg elec cons:0.7286323917511977
 Retrying in 1 seconds
Warning: Unused states in tlLogic 'J10', program '0' in phase 0 after tl-index 10
Simulation......
总奖励:-9175.437536434649, 速度奖励:-4551.759999997799, 加速度奖励:-779.7775364344493, 交通灯奖励:-3843.9000000011647, 与前车进行交互的惩罚:0.0
Episode:97/100, Reward:-9175.437536434649
Episode:97/100, avg speed:10.407129651001625
Episode:97/100, avg halt num:0.25037893141341416
Episode:97/100, avg elec cons:0.6758484250219362
 Retrying in 1 seconds
Warning: Unused states in tlLogic 'J10', program '0' in phase 0 after tl-index 10
Simulation......
总奖励:-6959.524713423549, 速度奖励:-4098.439999998218, 加速度奖励:-765.7847134234556, 交通灯奖励:-2095.300000000632, 与前车进行交互的惩罚:0.0
Episode:98/100, Reward:-6959.524713423549
Episode:98/100, avg speed:9.783679198488548
Episode:98/100, avg halt num:0.18709055876685934
Episode:98/100, avg elec cons:0.7213974385718638
 Retrying in 1 seconds
Warning: Unused states in tlLogic 'J10', program '0' in phase 0 after tl-index 10
Simulation......
总奖励:-5170.326647735108, 速度奖励:-3509.1999999987584, 加速度奖励:-684.0266477350451, 交通灯奖励:-977.0999999997747, 与前车进行交互的惩罚:0.0
Episode:99/100, Reward:-5170.326647735108
Episode:99/100, avg speed:11.9279973781513
Episode:99/100, avg halt num:0.09130658436213991
Episode:99/100, avg elec cons:0.836438326076289
 Retrying in 1 seconds
Warning: Unused states in tlLogic 'J10', program '0' in phase 0 after tl-index 10
Simulation......
总奖励:-5546.334600134434, 速度奖励:-3177.7999999990616, 加速度奖励:-855.6346001344086, 交通灯奖励:-1512.9000000003216, 与前车进行交互的惩罚:0.0
Episode:100/100, Reward:-5546.334600134434
Episode:100/100, avg speed:12.569214357296898
Episode:100/100, avg halt num:0.09207904350714048
Episode:100/100, avg elec cons:1.3252835245733494
model saved successfully!
Complete training!
final reward list:[-13836.09834267867, -16272.29323224918, -11413.0502656292, -14889.558921423806, -10074.278898593757, -7770.524981721199, -13342.624752102818, -12555.024687997935, -7890.986476249788, -6826.570354741666, -8236.598540079962, -8841.094953629387, -13557.518246770069, -8908.267528540915, -9544.938910639412, -13405.111380800745, -6923.181705477537, -9303.386610571955, -5775.1692111077045, -3890.8340820596445, -4136.774741550624, -4743.527838472366, -4537.791813885655, -4391.707126038769, -4885.562685666922, -5127.604992601623, -3872.3151838054746, -4270.915566000351, -3736.450712272351, -4492.025512024346, -4610.0519141037075, -5836.426351688022, -13803.906736994224, -11168.198418929362, -6007.069009578425, -4579.756808587641, -3909.0738788152808, -4304.5717726150715, -4836.256774882235, -5002.938314158936, -5649.055361391921, -6835.504960453936, -5674.6754100396965, -7631.974802739134, -7146.0119544873105, -15201.8397597076, -24254.79250518213, -14075.942579110244, -7948.12985711209, -12773.245379114025, -11708.09434637106, -11051.226802392006, -8291.146817489891, -5859.109086326101, -7840.941497480502, -6364.304305692411, -10500.787993576521, -9766.985552487478, -5152.752105879207, -5283.255381307474, -5089.356804383291, -12485.31833665623, -7360.729726180576, -7736.979580351824, -5841.004045145832, -8048.933417117729, -4621.843174881172, -10272.697901413123, -4819.047598485943, -8524.782651371183, -6844.206613491566, -4429.283662778197, -4597.545385274983, -6148.773133579904, -4884.688577624443, -7819.50491557238, -7247.03376405751, -8205.12296541641, -7356.47439390275, -5865.019373983192, -5542.582592164422, -4495.4368225457665, -4462.647357398073, -4307.226609952277, -5046.105563195596, -4283.658722327683, -5034.615848073181, -4205.105954617902, -4196.347311135776, -4487.148947584014, -5287.666799008218, -4490.775444029819, -4988.523568588692, -7286.8923125228375, -10597.948902226424, -8335.835872489453, -9175.437536434649, -6959.524713423549, -5170.326647735108, -5546.334600134434]
final speed list:[14.437917980568516, 14.017458994774065, 15.656286810629165, 13.343645457188185, 13.822499264427595, 14.167484090491008, 10.441979410483967, 10.699001636071023, 10.507457273986105, 11.647967062177845, 11.457764863532477, 10.925074103617476, 9.762987824278675, 10.722429834995918, 10.831395002950982, 10.635251537400082, 12.86602080791338, 9.711472473264342, 11.692295847356183, 13.890397154600219, 12.898004311464392, 12.615057454805397, 12.952924775702694, 13.361128067735278, 12.823356078286292, 12.014070560409307, 13.910796492245865, 12.67371016415148, 13.14613323462813, 13.608178206090074, 13.34766848474542, 11.603193775370334, 8.752310094275101, 10.2375975218445, 12.266102670456629, 13.160075418139243, 13.011356117288718, 12.7895294627354, 13.244424880228301, 12.683148533116228, 11.479008542907547, 10.7424919307263, 12.00974631947334, 11.755806474672479, 11.018567684475688, 9.339279226881036, 8.092330441993113, 8.93071764574921, 10.74305670262223, 9.300061048612287, 10.372480857485378, 10.714366922557556, 12.594595670513524, 12.160375626239093, 11.421132900823554, 12.159296800393726, 8.843624303772861, 9.960976192839235, 11.864227677482663, 12.65539442917963, 11.371351983162, 9.758323456587094, 11.465348780781781, 10.360227499593355, 11.989383983031889, 11.89190138914891, 12.960458351042455, 10.913002626605488, 12.256987943212101, 10.270810322690265, 12.00053085078097, 12.64889070409835, 13.205365979150018, 12.177804772600501, 12.296412708093714, 10.850178526836158, 10.96800431523381, 10.412483704618278, 10.498036930596983, 11.394516918513828, 11.823475871084081, 12.142914566949102, 12.775170610020442, 11.998615143807617, 12.496858228904774, 13.054069220359812, 11.43672365267843, 12.83581590201093, 12.393147781064547, 12.351555039741418, 11.282570329577858, 12.048149934231452, 12.196783283206603, 11.11994503339613, 10.033380797530818, 10.173699750645149, 10.407129651001625, 9.783679198488548, 11.9279973781513, 12.569214357296898]
final elec cons list:[1.762902998089894, 1.8991220424325361, 2.0403206719987885, 1.9089338311790431, 1.517610374833676, 1.755824643891385, 0.6605208400741277, 0.5781835457202744, 0.6316628614715217, 0.7789025408632755, 0.6761734110330111, 0.6074174293654079, 0.5469812645310631, 0.5804818639704603, 0.7433793023400309, 1.116205895978494, 1.0110092114251998, 0.7436342790279837, 0.8490314588056186, 1.3251355198890624, 1.4015734190484266, 1.2649587633159214, 0.8976614033821354, 1.172459042384532, 0.8894811102717658, 1.1205972294993418, 1.7492090568375016, 1.7501839064388411, 1.9354957309485181, 1.6952641698498847, 1.7508439223576107, 1.0151093677473402, 0.5996957170920026, 0.5652225136034519, 1.2611456338635998, 1.2548166890499886, 1.8137781408514249, 1.3732593954126289, 1.4129584563963902, 1.338515076732255, 0.9461269991295029, 0.8194851285623325, 1.2549112593805822, 1.4674099643173701, 1.0144413913204628, 0.6242650146152104, 0.640681465176161, 0.6476541372517545, 0.5180528692257744, 0.5375320756954408, 0.6483687041239459, 0.8425536994194305, 0.995982062543499, 0.9905226350456265, 1.2734798467775768, 1.1214581766089684, 0.7088039830321141, 0.9281976004547421, 1.1456091299398292, 1.1089370457740666, 1.1002258603926052, 0.7460059876037992, 0.6851244539632253, 0.8248202126540131, 0.8454953105707348, 0.6761228378996221, 0.9509448023586281, 0.6496724014100711, 0.7714982119598982, 0.6548926638254384, 0.8306337227481065, 1.7906215761845021, 0.953453431397435, 0.8098047843810577, 0.7552325419394188, 0.8535447494729262, 0.7558230734915197, 0.6933523800019391, 0.7145343085410385, 0.7896993703286108, 1.000404966308861, 1.3316580862358507, 1.2569777616659012, 1.3141707470513406, 1.0916300281988163, 1.1367556026393282, 1.2100399139817382, 1.1930348484249387, 1.5208346391558456, 1.5128578819731169, 1.41332411165955, 1.5423835941608846, 1.3206161902464992, 0.7597469400120566, 0.8838555044089557, 0.7286323917511977, 0.6758484250219362, 0.7213974385718638, 0.836438326076289, 1.3252835245733494]
final halt list:[0.3433744722312439, 0.4596020761245675, 0.2687152664269369, 0.3128565994674781, 0.2626658624849216, 0.24378023496890117, 0.41486093143596375, 0.31257396449704145, 0.14477401129943504, 0.1255764163372859, 0.2302793124616329, 0.26712216002634176, 0.4616923532898637, 0.23035477453580902, 0.2442548746518106, 0.36542004421518054, 0.1410073085478233, 0.22825235109717867, 0.04868329868329868, 0.006886126973463218, 0.011918604651162791, 0.0689593086064098, 0.06529973649538867, 0.031643525992896354, 0.055232558139534885, 0.03640869233701868, 0.009397841977027498, 0.014259708737864078, 0.007506004803843075, 0.010724090597117365, 0.016734093416697314, 0.0753216583273767, 0.4671849427168576, 0.3020078999341672, 0.09816941852117732, 0.024486856319769535, 0.008098006644518272, 0.021184815950920245, 0.023405349794238684, 0.04287941787941788, 0.08281032078103208, 0.0888268156424581, 0.04590856703803304, 0.08688073394495413, 0.1458631805157593, 0.44014193150262265, 0.9227873668747705, 0.42933962264150943, 0.1512209473374522, 0.3839256602543202, 0.23866459627329192, 0.3073988644428673, 0.10513709943838784, 0.05606368563685637, 0.08908918406072107, 0.05463863794301598, 0.33948194662480374, 0.1827371695178849, 0.009102611254137551, 0.0062397372742200325, 0.015406976744186047, 0.26513898080741233, 0.1252302025782689, 0.16469321851453175, 0.08577221438645981, 0.16891263940520446, 0.01836605446485117, 0.29231898238747556, 0.007010057909174032, 0.1477917981072555, 0.11404220779220779, 0.015436746987951807, 0.02232273125182375, 0.11130536130536131, 0.04753066494512589, 0.2054263565891473, 0.18427095292766935, 0.2632638126600805, 0.20187216338880484, 0.0891439420089748, 0.055858806404657936, 0.018427276310603074, 0.0369483407458091, 0.06803310238645112, 0.06200199203187251, 0.017026451809060504, 0.04487179487179487, 0.02069956066238594, 0.02791307605844886, 0.08993494068120934, 0.12388953263808421, 0.06599407626804887, 0.10002051702913418, 0.14043724966622162, 0.34387869711718455, 0.22334593572778827, 0.25037893141341416, 0.18709055876685934, 0.09130658436213991, 0.09207904350714048]
speed reward list:[-2908.3599999993135, -3411.5599999988476, -2325.199999999839, -3256.4399999989832, -2257.039999999937, -2504.319999999683, -5029.11999999737, -4868.079999997516, -4253.959999998075, -3571.3999999987027, -4092.9999999982233, -4419.07999999792, -5789.039999996678, -4535.399999997819, -4319.839999998017, -3888.439999998411, -3076.759999999156, -4349.19999999799, -3423.7999999988306, -2350.4799999998336, -2676.8399999995167, -2814.639999999392, -2872.759999999339, -2522.5199999996735, -2895.8399999993185, -3081.519999999148, -2195.999999999986, -2480.399999999712, -2447.399999999736, -2432.719999999757, -2579.4399999996185, -3304.5199999989477, -5943.679999996532, -5129.8399999972735, -3126.319999999107, -2558.599999999638, -2278.919999999901, -2774.039999999432, -2703.999999999496, -2821.2399999993913, -3368.4399999988937, -3918.1599999983764, -2970.6399999992504, -3207.959999999035, -3584.0399999986903, -5678.1599999967775, -7892.03999999476, -5599.399999996847, -4435.159999997908, -5722.079999996737, -4857.759999997521, -4380.279999997959, -2859.6799999993545, -3146.1199999990854, -3378.839999998871, -3090.879999999141, -5046.559999997353, -4295.119999998034, -3001.759999999226, -2992.119999999227, -3127.4799999991087, -4990.119999997403, -3892.639999998403, -3958.3999999983453, -3385.5599999988654, -4008.6399999982978, -3045.399999999189, -4877.599999997506, -3279.2399999989652, -4294.479999998038, -3729.1999999985487, -2431.919999999765, -2734.239999999468, -3578.559999998692, -3358.71999999889, -4015.959999998294, -4048.2399999982613, -4301.239999998032, -4249.679999998078, -3588.3999999986795, -3431.2799999988233, -2954.0799999992605, -2827.159999999383, -2726.0399999994884, -3326.479999998922, -2791.5599999994174, -3309.5599999989363, -2884.679999999329, -2707.999999999495, -2793.3999999994217, -3169.639999999066, -2717.5199999994957, -3078.7999999991453, -3999.31999999831, -4702.479999997662, -4252.799999998075, -4551.759999997799, -4098.439999998218, -3509.1999999987584, -3177.7999999990616]
accel reward list:[-711.2383426792711, -681.333232250229, -829.7502656296622, -1033.6189214244862, -575.8388985936708, -733.7049817207466, -806.6047521035063, -902.544687998565, -1171.8264762495558, -1189.470354741368, -1060.8985400796462, -979.1149536291957, -1219.8782467707276, -992.6675285406683, -1039.7989106393156, -1158.4713808012261, -954.4217054773162, -1046.1866105719957, -952.8692111076806, -804.2540820596188, -712.2347415506406, -903.8878384723662, -974.9318138855896, -1064.8871260387293, -1153.0226856669083, -1075.584992601577, -979.9151838054702, -962.0155660003451, -940.6507122723458, -1001.4055120243024, -1046.2119141036792, -1114.5063516879093, -1567.6267369949462, -1389.058418929442, -1077.2490095783583, -936.9568085876015, -738.3538788152541, -800.2317726150341, -951.9567748821892, -975.6983141589158, -1117.1153613918436, -1163.5449604539053, -1034.9354100396677, -1213.1148027389438, -1177.6719544871241, -1688.4797597087324, -1797.9525051842259, -1407.3425791109628, -1257.669857111905, -1519.7653791144064, -1622.6343463714604, -1430.146802392168, -1099.0668174897185, -1128.7890863260288, -1423.2014974803872, -1380.02430569222, -1593.427993576513, -1459.6655524875118, -1379.8921058791568, -1328.5353813074762, -1145.9768043832348, -1816.8983366566977, -1215.289726180416, -1263.3795803516725, -1032.844045145706, -1383.3934171175256, -1079.8431748811138, -1307.7979014130367, -991.3075984859357, -1398.5026513710245, -1146.9066134914897, -987.6636627781871, -978.4053852749216, -1118.7131335798053, -939.7685776244235, -1074.4449155721763, -984.6937640573472, -1008.282965416186, -881.8943939025528, -771.8193739832171, -755.7025921644516, -780.9568225457326, -901.8873573980735, -1019.1866099522725, -962.0255631955813, -755.098722327673, -701.75584807314, -682.4259546178997, -759.3473111357583, -901.7489475840179, -986.7267990081708, -1008.5554440298339, -910.3235685886516, -1231.4723125226924, -1175.668902226681, -864.7358724891616, -779.7775364344493, -765.7847134234556, -684.0266477350451, -855.6346001344086]
tls reward list:[-10216.49999999845, -12179.39999999801, -8258.099999998987, -10599.499999998243, -7241.399999999187, -4532.5000000001855, -7506.899999997109, -6784.399999997009, -2465.200000000718, -2065.7000000006656, -3082.7000000009607, -3442.9000000009332, -6548.599999997472, -3380.200000000989, -4185.300000000714, -8358.199999997458, -2892.0000000006935, -3908.000000001085, -1398.5000000001314, -736.0999999998405, -747.6999999998171, -1024.99999999982, -690.0999999998403, -804.2999999997977, -836.699999999812, -970.4999999997581, -696.3999999998254, -828.4999999998562, -348.3999999998854, -1057.8999999998505, -984.3999999998235, -1417.4000000002939, -6292.5999999978485, -4649.299999999902, -1803.5000000005084, -1084.2000000000075, -891.7999999998325, -730.2999999998694, -1180.2999999999593, -1205.9999999999113, -1163.499999999995, -1753.8000000008983, -1669.1000000003899, -3210.9000000005744, -2384.3000000007987, -7835.199999996941, -14564.799999994048, -7069.1999999974105, -2255.300000000926, -5531.399999998615, -5227.699999999132, -5240.799999999051, -4332.400000000069, -1584.2000000003172, -3038.900000000675, -1893.4000000005528, -3860.800000001246, -4012.200000001084, -771.0999999997764, -962.5999999998138, -815.8999999997708, -5678.299999999132, -2252.8000000007073, -2515.2000000010175, -1422.6000000004788, -2656.9000000009055, -496.59999999984626, -4087.300000001112, -548.4999999997701, -2831.8000000009524, -1968.100000000676, -1009.6999999997872, -884.899999999822, -1451.5000000004538, -586.1999999998945, -2729.100000000828, -2214.100000000747, -2895.600000000907, -2224.900000000836, -1504.80000000046, -1355.6000000003664, -760.3999999998747, -733.5999999998102, -561.9999999999006, -757.5999999997897, -736.9999999998106, -1023.2999999997865, -637.9999999998179, -728.9999999998405, -791.9999999997865, -1131.300000000074, -764.6999999998064, -999.399999999793, -2056.1000000007652, -4719.799999999521, -3218.300000001003, -3843.9000000011647, -2095.300000000632, -977.0999999997747, -1512.9000000003216]
extra reward list:[0.0, 0.0, 0.0, 0.0, 0.0, 0.0, 0.0, 0.0, 0.0, 0.0, 0.0, 0.0, 0.0, 0.0, 0.0, 0.0, 0.0, 0.0, 0.0, 0.0, 0.0, 0.0, 0.0, 0.0, 0.0, 0.0, 0.0, 0.0, 0.0, 0.0, 0.0, 0.0, 0.0, 0.0, 0.0, 0.0, 0.0, 0.0, 0.0, 0.0, 0.0, 0.0, 0.0, 0.0, 0.0, 0.0, 0.0, 0.0, 0.0, 0.0, 0.0, 0.0, 0.0, 0.0, 0.0, 0.0, 0.0, 0.0, 0.0, 0.0, 0.0, 0.0, 0.0, 0.0, 0.0, 0.0, 0.0, 0.0, 0.0, 0.0, 0.0, 0.0, 0.0, 0.0, 0.0, 0.0, 0.0, 0.0, 0.0, 0.0, 0.0, 0.0, 0.0, 0.0, 0.0, 0.0, 0.0, 0.0, 0.0, 0.0, 0.0, 0.0, 0.0, 0.0, 0.0, 0.0, 0.0, 0.0, 0.0, 0.0]
