nohup: 忽略输入
Env:sumo, Algorithm:TD3, Device:cuda
-----------------------------------------
models/reward_s0.18_a8e-2_t(-2_0.1)_safe(4.5,-0.5).pth
-----------------------------------------
 Retrying in 1 seconds
Warning: Unused states in tlLogic 'J10', program '0' in phase 0 after tl-index 10
Simulation......
总奖励:-157577.05609605223, 速度奖励:-100153.04256971077, 加速度奖励:-15660.813526332404, 交通灯奖励:-38147.70000001995, 与前车进行交互的惩罚:-3615.5
Episode:1/100, Reward:-157577.05609605223
Episode:1/100, avg speed:6.738954190052325
Episode:1/100, avg halt num:0.4202755905511811
Episode:1/100, avg elec cons:0.6126084614373584
 Retrying in 1 seconds
Warning: Unused states in tlLogic 'J10', program '0' in phase 0 after tl-index 10
Simulation......
总奖励:-164303.89057050672, 速度奖励:-104697.76894216814, 加速度奖励:-15562.521628325907, 交通灯奖励:-39783.60000002162, 与前车进行交互的惩罚:-4260.0
Episode:2/100, Reward:-164303.89057050672
Episode:2/100, avg speed:6.445550898876776
Episode:2/100, avg halt num:0.5359825721153846
Episode:2/100, avg elec cons:0.6517442324500664
 Retrying in 1 seconds
Warning: Unused states in tlLogic 'J10', program '0' in phase 0 after tl-index 10
Simulation......
总奖励:-78923.82338661952, 速度奖励:-48711.14493245683, 加速度奖励:-7983.478454156576, 交通灯奖励:-19820.700000003286, 与前车进行交互的惩罚:-2408.5
Episode:3/100, Reward:-78923.82338661952
Episode:3/100, avg speed:11.195194994655244
Episode:3/100, avg halt num:0.2603101023017903
Episode:3/100, avg elec cons:1.083550439976429
 Retrying in 1 seconds
Warning: Unused states in tlLogic 'J10', program '0' in phase 0 after tl-index 10
Simulation......
总奖励:-22257.23682738259, 速度奖励:-16118.230887540272, 加速度奖励:-1201.605939843235, 交通灯奖励:-4172.900000000576, 与前车进行交互的惩罚:-764.5
Episode:4/100, Reward:-22257.23682738259
Episode:4/100, avg speed:12.545212076047735
Episode:4/100, avg halt num:0.14325412035262552
Episode:4/100, avg elec cons:1.2736257988636677
 Retrying in 1 seconds
Warning: Unused states in tlLogic 'J10', program '0' in phase 0 after tl-index 10
Simulation......
总奖励:-17726.258640500473, 速度奖励:-11516.03501130032, 加速度奖励:-1404.9236292008604, 交通灯奖励:-3927.300000000426, 与前车进行交互的惩罚:-878.0
Episode:5/100, Reward:-17726.258640500473
Episode:5/100, avg speed:14.118671124181738
Episode:5/100, avg halt num:0.1410354015987819
Episode:5/100, avg elec cons:2.1788721278817795
 Retrying in 1 seconds
Warning: Unused states in tlLogic 'J10', program '0' in phase 0 after tl-index 10
Simulation......
总奖励:-20720.852588167534, 速度奖励:-14781.141785520282, 加速度奖励:-1374.310802648091, 交通灯奖励:-3740.9000000007172, 与前车进行交互的惩罚:-824.5
Episode:6/100, Reward:-20720.852588167534
Episode:6/100, avg speed:13.169974584744871
Episode:6/100, avg halt num:0.10880782918149466
Episode:6/100, avg elec cons:1.284881744395816
 Retrying in 1 seconds
Warning: Unused states in tlLogic 'J10', program '0' in phase 0 after tl-index 10
Simulation......
总奖励:-14988.838257306008, 速度奖励:-9615.759987600255, 加速度奖励:-1384.6782697063052, 交通灯奖励:-3224.400000000396, 与前车进行交互的惩罚:-764.0
Episode:7/100, Reward:-14988.838257306008
Episode:7/100, avg speed:15.330623605745558
Episode:7/100, avg halt num:0.13191343181037443
Episode:7/100, avg elec cons:2.1830298916769495
 Retrying in 1 seconds
Warning: Unused states in tlLogic 'J10', program '0' in phase 0 after tl-index 10
Simulation......
总奖励:-19531.469197034807, 速度奖励:-9956.929787280515, 加速度奖励:-1575.8394097557261, 交通灯奖励:-6944.6999999992695, 与前车进行交互的惩罚:-1054.0
Episode:8/100, Reward:-19531.469197034807
Episode:8/100, avg speed:15.525854816854023
Episode:8/100, avg halt num:0.21477132262051915
Episode:8/100, avg elec cons:1.9618701639345504
 Retrying in 1 seconds
Warning: Unused states in tlLogic 'J10', program '0' in phase 0 after tl-index 10
Simulation......
总奖励:-48357.16665302195, 速度奖励:-31014.5456615409, 加速度奖励:-2935.520991483567, 交通灯奖励:-13163.099999996959, 与前车进行交互的惩罚:-1244.0
Episode:9/100, Reward:-48357.16665302195
Episode:9/100, avg speed:10.330009913338328
Episode:9/100, avg halt num:0.19627642789523508
Episode:9/100, avg elec cons:1.0458076714849078
 Retrying in 1 seconds
Warning: Unused states in tlLogic 'J10', program '0' in phase 0 after tl-index 10
Simulation......
总奖励:-34101.86655226401, 速度奖励:-25679.758636440634, 加速度奖励:-2175.9079158255163, 交通灯奖励:-4386.200000000628, 与前车进行交互的惩罚:-1860.0
Episode:10/100, Reward:-34101.86655226401
Episode:10/100, avg speed:10.912090069161895
Episode:10/100, avg halt num:0.13634138381201044
Episode:10/100, avg elec cons:0.888369437016794
 Retrying in 1 seconds
Warning: Unused states in tlLogic 'J10', program '0' in phase 0 after tl-index 10
Simulation......
总奖励:-33855.963509624264, 速度奖励:-25697.365740360725, 加速度奖励:-1902.397769265509, 交通灯奖励:-4518.700000000716, 与前车进行交互的惩罚:-1737.5
Episode:11/100, Reward:-33855.963509624264
Episode:11/100, avg speed:11.598463341131346
Episode:11/100, avg halt num:0.17895247332686712
Episode:11/100, avg elec cons:0.9141476389249316
 Retrying in 1 seconds
Warning: Unused states in tlLogic 'J10', program '0' in phase 0 after tl-index 10
Simulation......
总奖励:-45924.66088741695, 速度奖励:-33825.19614282111, 加速度奖励:-1827.6647445994824, 交通灯奖励:-8232.799999997389, 与前车进行交互的惩罚:-2039.0
Episode:12/100, Reward:-45924.66088741695
Episode:12/100, avg speed:11.338592319972117
Episode:12/100, avg halt num:0.34730440499671267
Episode:12/100, avg elec cons:0.7466494033795738
 Retrying in 1 seconds
Warning: Unused states in tlLogic 'J10', program '0' in phase 0 after tl-index 10
Simulation......
总奖励:-23763.988394441243, 速度奖励:-18166.811674860088, 加速度奖励:-1273.8767195813693, 交通灯奖励:-3281.800000000813, 与前车进行交互的惩罚:-1041.5
Episode:13/100, Reward:-23763.988394441243
Episode:13/100, avg speed:12.608293450912265
Episode:13/100, avg halt num:0.08296634161686064
Episode:13/100, avg elec cons:1.111242469708171
 Retrying in 1 seconds
Warning: Unused states in tlLogic 'J10', program '0' in phase 0 after tl-index 10
Simulation......
总奖励:-15167.222294311678, 速度奖励:-11301.389810100272, 加速度奖励:-1234.032484211757, 交通灯奖励:-2098.8000000003885, 与前车进行交互的惩罚:-533.0
Episode:14/100, Reward:-15167.222294311678
Episode:14/100, avg speed:14.387987986329039
Episode:14/100, avg halt num:0.10126262626262626
Episode:14/100, avg elec cons:1.7830496328550378
 Retrying in 1 seconds
Warning: Unused states in tlLogic 'J10', program '0' in phase 0 after tl-index 10
Simulation......
总奖励:-94983.4733030354, 速度奖励:-71080.52448796981, 加速度奖励:-1832.5488150506255, 交通灯奖励:-18414.900000003254, 与前车进行交互的惩罚:-3655.5
Episode:15/100, Reward:-94983.4733030354
Episode:15/100, avg speed:8.857154306123789
Episode:15/100, avg halt num:1.069062720225511
Episode:15/100, avg elec cons:0.7194209595981242
 Retrying in 1 seconds
Warning: Unused states in tlLogic 'J10', program '0' in phase 0 after tl-index 10
Simulation......
总奖励:-31484.574661117094, 速度奖励:-24733.391171220374, 加速度奖励:-1869.8834898977811, 交通灯奖励:-3715.800000000967, 与前车进行交互的惩罚:-1165.5
Episode:16/100, Reward:-31484.574661117094
Episode:16/100, avg speed:10.639409664673718
Episode:16/100, avg halt num:0.11995597945707998
Episode:16/100, avg elec cons:0.6606067795086134
 Retrying in 1 seconds
Warning: Unused states in tlLogic 'J10', program '0' in phase 0 after tl-index 10
Simulation......
总奖励:-26220.749019650695, 速度奖励:-21610.984333320343, 加速度奖励:-1475.4646863312814, 交通灯奖励:-2059.300000000671, 与前车进行交互的惩罚:-1075.0
Episode:17/100, Reward:-26220.749019650695
Episode:17/100, avg speed:12.105766413257253
Episode:17/100, avg halt num:0.06870834655664869
Episode:17/100, avg elec cons:0.5839346342559621
 Retrying in 1 seconds
Warning: Unused states in tlLogic 'J10', program '0' in phase 0 after tl-index 10
Simulation......
总奖励:-30707.84715356349, 速度奖励:-25035.021539280722, 加速度奖励:-1336.625614284585, 交通灯奖励:-3129.7000000009634, 与前车进行交互的惩罚:-1206.5
Episode:18/100, Reward:-30707.84715356349
Episode:18/100, avg speed:10.522911071245291
Episode:18/100, avg halt num:0.20242874347651546
Episode:18/100, avg elec cons:0.8158618226115583
 Retrying in 1 seconds
Warning: Unused states in tlLogic 'J10', program '0' in phase 0 after tl-index 10
Simulation......
总奖励:-28883.136828359045, 速度奖励:-23877.20632032067, 加速度奖励:-1234.7305080400195, 交通灯奖励:-2720.700000000663, 与前车进行交互的惩罚:-1050.5
Episode:19/100, Reward:-28883.136828359045
Episode:19/100, avg speed:11.79817728788439
Episode:19/100, avg halt num:0.16804550155118925
Episode:19/100, avg elec cons:0.7603417238283837
 Retrying in 1 seconds
Warning: Unused states in tlLogic 'J10', program '0' in phase 0 after tl-index 10
Simulation......
总奖励:-27307.395655405977, 速度奖励:-22937.99709168053, 加速度奖励:-1154.8985637269047, 交通灯奖励:-2329.500000000721, 与前车进行交互的惩罚:-885.0
Episode:20/100, Reward:-27307.395655405977
Episode:20/100, avg speed:12.204233933691532
Episode:20/100, avg halt num:0.13919622518711358
Episode:20/100, avg elec cons:0.6276104649908301
 Retrying in 1 seconds
Warning: Unused states in tlLogic 'J10', program '0' in phase 0 after tl-index 10
Simulation......
总奖励:-21468.294493015957, 速度奖励:-18202.94611902014, 加速度奖励:-937.0483739961129, 交通灯奖励:-1693.8000000004592, 与前车进行交互的惩罚:-634.5
Episode:21/100, Reward:-21468.294493015957
Episode:21/100, avg speed:12.118709955882562
Episode:21/100, avg halt num:0.08688556067588325
Episode:21/100, avg elec cons:0.8627972948547987
 Retrying in 1 seconds
Warning: Unused states in tlLogic 'J10', program '0' in phase 0 after tl-index 10
Simulation......
总奖励:-16265.94431044211, 速度奖励:-13660.614420480053, 加速度奖励:-853.6298899621702, 交通灯奖励:-1193.6999999999664, 与前车进行交互的惩罚:-558.0
Episode:22/100, Reward:-16265.94431044211
Episode:22/100, avg speed:13.20058054555857
Episode:22/100, avg halt num:0.044019316493313525
Episode:22/100, avg elec cons:1.3641723888206185
 Retrying in 1 seconds
Warning: Unused states in tlLogic 'J10', program '0' in phase 0 after tl-index 10
Simulation......
总奖励:-14356.96970633041, 速度奖励:-12165.516513899987, 加速度奖励:-906.3531924304816, 交通灯奖励:-842.0999999998328, 与前车进行交互的惩罚:-443.0
Episode:23/100, Reward:-14356.96970633041
Episode:23/100, avg speed:13.943765849693351
Episode:23/100, avg halt num:0.009714380604450349
Episode:23/100, avg elec cons:1.2784009700896808
 Retrying in 1 seconds
Warning: Unused states in tlLogic 'J10', program '0' in phase 0 after tl-index 10
Simulation......
总奖励:-15470.823825332422, 速度奖励:-12823.592109299963, 加速度奖励:-1109.9317160324724, 交通灯奖励:-1164.7999999998997, 与前车进行交互的惩罚:-372.5
Episode:24/100, Reward:-15470.823825332422
Episode:24/100, avg speed:13.737531327730862
Episode:24/100, avg halt num:0.012104743083003952
Episode:24/100, avg elec cons:1.5047689297990299
 Retrying in 1 seconds
Warning: Unused states in tlLogic 'J10', program '0' in phase 0 after tl-index 10
Simulation......
总奖励:-13579.309888641463, 速度奖励:-10769.982290100079, 加速度奖励:-1034.1275985415955, 交通灯奖励:-1363.7000000001394, 与前车进行交互的惩罚:-411.5
Episode:25/100, Reward:-13579.309888641463
Episode:25/100, avg speed:14.410985939886436
Episode:25/100, avg halt num:0.03505067567567568
Episode:25/100, avg elec cons:1.814734354698416
 Retrying in 1 seconds
Warning: Unused states in tlLogic 'J10', program '0' in phase 0 after tl-index 10
Simulation......
总奖励:-14730.563540386696, 速度奖励:-11376.091983240038, 加速度奖励:-1140.1715571468042, 交通灯奖励:-1635.8000000002348, 与前车进行交互的惩罚:-578.5
Episode:26/100, Reward:-14730.563540386696
Episode:26/100, avg speed:13.970234511819184
Episode:26/100, avg halt num:0.04600461006530926
Episode:26/100, avg elec cons:1.9653273024984321
 Retrying in 1 seconds
Warning: Unused states in tlLogic 'J10', program '0' in phase 0 after tl-index 10
Simulation......
总奖励:-15090.852030223252, 速度奖励:-12284.007600959992, 加速度奖励:-1167.9444292633045, 交通灯奖励:-1017.3999999998038, 与前车进行交互的惩罚:-621.5
Episode:27/100, Reward:-15090.852030223252
Episode:27/100, avg speed:13.764030745053601
Episode:27/100, avg halt num:0.0138353765323993
Episode:27/100, avg elec cons:1.4444371757338426
 Retrying in 1 seconds
Warning: Unused states in tlLogic 'J10', program '0' in phase 0 after tl-index 10
Simulation......
总奖励:-13370.139789507719, 速度奖励:-10230.894837540054, 加速度奖励:-1274.9449519677623, 交通灯奖励:-1393.800000000136, 与前车进行交互的惩罚:-470.5
Episode:28/100, Reward:-13370.139789507719
Episode:28/100, avg speed:13.765844800479808
Episode:28/100, avg halt num:0.03443298969072165
Episode:28/100, avg elec cons:2.282348955563313
 Retrying in 1 seconds
Warning: Unused states in tlLogic 'J10', program '0' in phase 0 after tl-index 10
Simulation......
总奖励:-14232.105552768962, 速度奖励:-11574.602094060056, 加速度奖励:-1128.303458708987, 交通灯奖励:-857.1999999998216, 与前车进行交互的惩罚:-672.0
Episode:29/100, Reward:-14232.105552768962
Episode:29/100, avg speed:13.669068206749968
Episode:29/100, avg halt num:0.03669354838709677
Episode:29/100, avg elec cons:1.6662333390701347
 Retrying in 1 seconds
Warning: Unused states in tlLogic 'J10', program '0' in phase 0 after tl-index 10
Simulation......
总奖励:-13296.668804289055, 速度奖励:-9855.02103120012, 加速度奖励:-1065.0477730891985, 交通灯奖励:-1902.600000000394, 与前车进行交互的惩罚:-474.0
Episode:30/100, Reward:-13296.668804289055
Episode:30/100, avg speed:14.86587066960855
Episode:30/100, avg halt num:0.06094570928196147
Episode:30/100, avg elec cons:1.9780952289563538
 Retrying in 1 seconds
Warning: Unused states in tlLogic 'J10', program '0' in phase 0 after tl-index 10
Simulation......
总奖励:-18120.747419244668, 速度奖励:-13017.686973660333, 加速度奖励:-1336.5604455851046, 交通灯奖励:-2856.5000000004106, 与前车进行交互的惩罚:-910.0
Episode:31/100, Reward:-18120.747419244668
Episode:31/100, avg speed:13.760733361053628
Episode:31/100, avg halt num:0.14778694673668416
Episode:31/100, avg elec cons:1.6793093095828626
 Retrying in 1 seconds
Warning: Unused states in tlLogic 'J10', program '0' in phase 0 after tl-index 10
Simulation......
总奖励:-21663.313187275966, 速度奖励:-14759.620524000418, 加速度奖励:-1407.0926632767528, 交通灯奖励:-4664.100000000311, 与前车进行交互的惩罚:-832.5
Episode:32/100, Reward:-21663.313187275966
Episode:32/100, avg speed:13.219917977904474
Episode:32/100, avg halt num:0.21455016660496112
Episode:32/100, avg elec cons:1.560740136812825
 Retrying in 1 seconds
Warning: Unused states in tlLogic 'J10', program '0' in phase 0 after tl-index 10
Simulation......
总奖励:-15572.650451000263, 速度奖励:-10476.578949660365, 加速度奖励:-1160.971501340367, 交通灯奖励:-3213.100000000474, 与前车进行交互的惩罚:-722.0
Episode:33/100, Reward:-15572.650451000263
Episode:33/100, avg speed:14.435563489350505
Episode:33/100, avg halt num:0.14894736842105263
Episode:33/100, avg elec cons:2.0755216180192706
 Retrying in 1 seconds
Warning: Unused states in tlLogic 'J10', program '0' in phase 0 after tl-index 10
Simulation......
总奖励:-14594.941610024554, 速度奖励:-10200.802631940309, 加速度奖励:-1097.138978084687, 交通灯奖励:-2482.500000000496, 与前车进行交互的惩罚:-814.5
Episode:34/100, Reward:-14594.941610024554
Episode:34/100, avg speed:14.969231728274528
Episode:34/100, avg halt num:0.13984238178633976
Episode:34/100, avg elec cons:2.0473122767906027
 Retrying in 1 seconds
Warning: Unused states in tlLogic 'J10', program '0' in phase 0 after tl-index 10
Simulation......
总奖励:-14746.860930128903, 速度奖励:-11211.890286240154, 加速度奖励:-1174.4706438888986, 交通灯奖励:-1854.0000000002883, 与前车进行交互的惩罚:-506.5
Episode:35/100, Reward:-14746.860930128903
Episode:35/100, avg speed:14.178178119704988
Episode:35/100, avg halt num:0.08484203052893148
Episode:35/100, avg elec cons:1.874539813072316
 Retrying in 1 seconds
Warning: Unused states in tlLogic 'J10', program '0' in phase 0 after tl-index 10
Simulation......
总奖励:-19108.45333697278, 速度奖励:-16247.289766499882, 加速度奖励:-1323.563570472734, 交通灯奖励:-981.0999999997656, 与前车进行交互的惩罚:-556.5
Episode:36/100, Reward:-19108.45333697278
Episode:36/100, avg speed:12.385307916824312
Episode:36/100, avg halt num:0.016143578643578644
Episode:36/100, avg elec cons:1.389634709690433
 Retrying in 1 seconds
Warning: Unused states in tlLogic 'J10', program '0' in phase 0 after tl-index 10
Simulation......
总奖励:-18268.442884448374, 速度奖励:-13762.620281519992, 加速度奖励:-1452.2226029283556, 交通灯奖励:-2202.6000000004633, 与前车进行交互的惩罚:-851.0
Episode:37/100, Reward:-18268.442884448374
Episode:37/100, avg speed:12.854553613173529
Episode:37/100, avg halt num:0.04090341382181516
Episode:37/100, avg elec cons:2.1918120884832524
 Retrying in 1 seconds
Warning: Unused states in tlLogic 'J10', program '0' in phase 0 after tl-index 10
Simulation......
总奖励:-17361.602231421773, 速度奖励:-13769.767351619948, 加速度奖励:-1148.434879801685, 交通灯奖励:-1465.4000000002238, 与前车进行交互的惩罚:-978.0
Episode:38/100, Reward:-17361.602231421773
Episode:38/100, avg speed:13.098151688563936
Episode:38/100, avg halt num:0.021017274472168907
Episode:38/100, avg elec cons:1.7281153973492311
 Retrying in 1 seconds
Warning: Unused states in tlLogic 'J10', program '0' in phase 0 after tl-index 10
Simulation......
总奖励:-17918.71744982172, 速度奖励:-15028.865940599979, 加速度奖励:-1052.5515092217163, 交通灯奖励:-1291.300000000038, 与前车进行交互的惩罚:-546.0
Episode:39/100, Reward:-17918.71744982172
Episode:39/100, avg speed:13.104700847881007
Episode:39/100, avg halt num:0.015442690459849005
Episode:39/100, avg elec cons:1.3365330773562198
 Retrying in 1 seconds
Warning: Unused states in tlLogic 'J10', program '0' in phase 0 after tl-index 10
Simulation......
总奖励:-15926.87043663103, 速度奖励:-13660.103130300033, 加速度奖励:-874.5673063310077, 交通灯奖励:-887.1999999998061, 与前车进行交互的惩罚:-505.0
Episode:40/100, Reward:-15926.87043663103
Episode:40/100, avg speed:13.088665762440481
Episode:40/100, avg halt num:0.02084837545126354
Episode:40/100, avg elec cons:1.434892971476853
 Retrying in 1 seconds
Warning: Unused states in tlLogic 'J10', program '0' in phase 0 after tl-index 10
Simulation......
总奖励:-14553.074647154694, 速度奖励:-12596.43570264002, 加速度奖励:-808.5389445147773, 交通灯奖励:-768.0999999998429, 与前车进行交互的惩罚:-380.0
Episode:41/100, Reward:-14553.074647154694
Episode:41/100, avg speed:13.536472584672614
Episode:41/100, avg halt num:0.017259978425026967
Episode:41/100, avg elec cons:1.4999051521683857
 Retrying in 1 seconds
Warning: Unused states in tlLogic 'J10', program '0' in phase 0 after tl-index 10
Simulation......
总奖励:-15554.521993269027, 速度奖励:-12964.970102759968, 加速度奖励:-913.6518905090959, 交通灯奖励:-1155.3999999999778, 与前车进行交互的惩罚:-520.5
Episode:42/100, Reward:-15554.521993269027
Episode:42/100, avg speed:13.38224605350459
Episode:42/100, avg halt num:0.027322924600152322
Episode:42/100, avg elec cons:1.6934919072038157
 Retrying in 1 seconds
Warning: Unused states in tlLogic 'J10', program '0' in phase 0 after tl-index 10
Simulation......
总奖励:-14828.852515312281, 速度奖励:-12346.396325459982, 加速度奖励:-929.9561898522302, 交通灯奖励:-979.4999999998231, 与前车进行交互的惩罚:-573.0
Episode:43/100, Reward:-14828.852515312281
Episode:43/100, avg speed:13.402833734518644
Episode:43/100, avg halt num:0.031749123490455784
Episode:43/100, avg elec cons:1.624955265175639
 Retrying in 1 seconds
Warning: Unused states in tlLogic 'J10', program '0' in phase 0 after tl-index 10
Simulation......
总奖励:-13980.479073630926, 速度奖励:-11728.225188899965, 加速度奖励:-924.6538847310333, 交通灯奖励:-827.599999999886, 与前车进行交互的惩罚:-500.0
Episode:44/100, Reward:-13980.479073630926
Episode:44/100, avg speed:13.806055738987212
Episode:44/100, avg halt num:0.010897913561847989
Episode:44/100, avg elec cons:1.6833207905972218
 Retrying in 1 seconds
Warning: Unused states in tlLogic 'J10', program '0' in phase 0 after tl-index 10
Simulation......
总奖励:-14082.794164140489, 速度奖励:-11500.446262859952, 加速度奖励:-1064.7479012807228, 交通灯奖励:-991.0999999998185, 与前车进行交互的惩罚:-526.5
Episode:45/100, Reward:-14082.794164140489
Episode:45/100, avg speed:13.719818840357926
Episode:45/100, avg halt num:0.004917387883556255
Episode:45/100, avg elec cons:2.4625971451037563
 Retrying in 1 seconds
Warning: Unused states in tlLogic 'J10', program '0' in phase 0 after tl-index 10
Simulation......
总奖励:-11699.028071984396, 速度奖励:-9386.246739780101, 加速度奖励:-937.6813322045059, 交通灯奖励:-952.5999999998514, 与前车进行交互的惩罚:-422.5
Episode:46/100, Reward:-11699.028071984396
Episode:46/100, avg speed:14.987856857971202
Episode:46/100, avg halt num:0.02580484566876867
Episode:46/100, avg elec cons:1.889916384688513
 Retrying in 1 seconds
Warning: Unused states in tlLogic 'J10', program '0' in phase 0 after tl-index 10
Simulation......
总奖励:-13351.143025915253, 速度奖励:-10104.510488040094, 加速度奖励:-1170.932537875451, 交通灯奖励:-1431.7000000000517, 与前车进行交互的惩罚:-644.0
Episode:47/100, Reward:-13351.143025915253
Episode:47/100, avg speed:14.279855670562728
Episode:47/100, avg halt num:0.040620243531202437
Episode:47/100, avg elec cons:2.162510152561653
 Retrying in 1 seconds
Warning: Unused states in tlLogic 'J10', program '0' in phase 0 after tl-index 10
Simulation......
总奖励:-13352.154098862251, 速度奖励:-10275.539938740105, 加速度奖励:-1183.9141601223446, 交通灯奖励:-1276.7000000000605, 与前车进行交互的惩罚:-616.0
Episode:48/100, Reward:-13352.154098862251
Episode:48/100, avg speed:14.03508995332214
Episode:48/100, avg halt num:0.060549190043461085
Episode:48/100, avg elec cons:2.0151259561585344
 Retrying in 1 seconds
Warning: Unused states in tlLogic 'J10', program '0' in phase 0 after tl-index 10
Simulation......
总奖励:-13071.900429093095, 速度奖励:-8812.13307732004, 加速度奖励:-1380.4673517731605, 交通灯奖励:-2467.800000000298, 与前车进行交互的惩罚:-411.5
Episode:49/100, Reward:-13071.900429093095
Episode:49/100, avg speed:14.924293448845974
Episode:49/100, avg halt num:0.022406769037919147
Episode:49/100, avg elec cons:1.48125685990013
 Retrying in 1 seconds
Warning: Unused states in tlLogic 'J10', program '0' in phase 0 after tl-index 10
Simulation......
总奖励:-16468.178384022063, 速度奖励:-12684.237663779992, 加速度奖励:-1288.0407202420217, 交通灯奖励:-2013.9000000004635, 与前车进行交互的惩罚:-482.0
Episode:50/100, Reward:-16468.178384022063
Episode:50/100, avg speed:13.40819608504266
Episode:50/100, avg halt num:0.02549793956043956
Episode:50/100, avg elec cons:1.276938723911701
 Retrying in 1 seconds
Warning: Unused states in tlLogic 'J10', program '0' in phase 0 after tl-index 10
Simulation......
总奖励:-16474.05000943444, 速度奖励:-13875.120610740001, 加速度奖励:-842.7293986943845, 交通灯奖励:-1274.2000000000724, 与前车进行交互的惩罚:-482.0
Episode:51/100, Reward:-16474.05000943444
Episode:51/100, avg speed:13.439867288880508
Episode:51/100, avg halt num:0.014705882352941176
Episode:51/100, avg elec cons:1.3529246312618208
 Retrying in 1 seconds
Warning: Unused states in tlLogic 'J10', program '0' in phase 0 after tl-index 10
Simulation......
总奖励:-15026.858472642609, 速度奖励:-12899.333466719996, 加速度奖励:-737.8250059226148, 交通灯奖励:-899.1999999998158, 与前车进行交互的惩罚:-490.5
Episode:52/100, Reward:-15026.858472642609
Episode:52/100, avg speed:13.408989199767673
Episode:52/100, avg halt num:0.0033261416756562388
Episode:52/100, avg elec cons:1.3577462032601593
 Retrying in 1 seconds
Warning: Unused states in tlLogic 'J10', program '0' in phase 0 after tl-index 10
Simulation......
总奖励:-17185.192767393288, 速度奖励:-14569.681059900016, 加速度奖励:-910.111707493291, 交通灯奖励:-1108.9000000000126, 与前车进行交互的惩罚:-596.5
Episode:53/100, Reward:-17185.192767393288
Episode:53/100, avg speed:12.861245438966447
Episode:53/100, avg halt num:0.018450797872340427
Episode:53/100, avg elec cons:1.0444352885007577
 Retrying in 1 seconds
Warning: Unused states in tlLogic 'J10', program '0' in phase 0 after tl-index 10
Simulation......
总奖励:-20948.677145871876, 速度奖励:-17897.972524740166, 加速度奖励:-946.0046211322554, 交通灯奖励:-1335.1999999999505, 与前车进行交互的惩罚:-769.5
Episode:54/100, Reward:-20948.677145871876
Episode:54/100, avg speed:12.214250118789689
Episode:54/100, avg halt num:0.06888519134775374
Episode:54/100, avg elec cons:0.7567995171906815
 Retrying in 1 seconds
Warning: Unused states in tlLogic 'J10', program '0' in phase 0 after tl-index 10
Simulation......
总奖励:-27994.794987046644, 速度奖励:-23001.46656048062, 加速度奖励:-1214.828426567753, 交通灯奖励:-2768.500000000759, 与前车进行交互的惩罚:-1010.0
Episode:55/100, Reward:-27994.794987046644
Episode:55/100, avg speed:10.730690137843826
Episode:55/100, avg halt num:0.17029665790461884
Episode:55/100, avg elec cons:0.7250192366503104
 Retrying in 1 seconds
Warning: Unused states in tlLogic 'J10', program '0' in phase 0 after tl-index 10
Simulation......
总奖励:-27082.905341815345, 速度奖励:-22490.96081814034, 加速度奖励:-1110.44452367588, 交通灯奖励:-2530.5000000007817, 与前车进行交互的惩罚:-951.0
Episode:56/100, Reward:-27082.905341815345
Episode:56/100, avg speed:11.47290723383823
Episode:56/100, avg halt num:0.11295710267229254
Episode:56/100, avg elec cons:0.6936125510503698
 Retrying in 1 seconds
Warning: Unused states in tlLogic 'J10', program '0' in phase 0 after tl-index 10
Simulation......
总奖励:-26418.017527942982, 速度奖励:-23404.755614220252, 加速度奖励:-820.2619137236395, 交通灯奖励:-1036.5000000001492, 与前车进行交互的惩罚:-1156.5
Episode:57/100, Reward:-26418.017527942982
Episode:57/100, avg speed:10.2365866531777
Episode:57/100, avg halt num:0.07192050373868555
Episode:57/100, avg elec cons:0.5799531829248663
 Retrying in 1 seconds
Warning: Unused states in tlLogic 'J10', program '0' in phase 0 after tl-index 10
Simulation......
总奖励:-41375.986516657045, 速度奖励:-34606.33437240069, 加速度奖励:-1374.2521442592347, 交通灯奖励:-3858.4000000011424, 与前车进行交互的惩罚:-1537.0
Episode:58/100, Reward:-41375.986516657045
Episode:58/100, avg speed:8.770445565445984
Episode:58/100, avg halt num:0.25067230119093353
Episode:58/100, avg elec cons:0.4111040944045688
 Retrying in 1 seconds
Warning: Unused states in tlLogic 'J10', program '0' in phase 0 after tl-index 10
Simulation......
总奖励:-54040.28965277938, 速度奖励:-43656.149006459185, 加速度奖励:-1870.6406463230446, 交通灯奖励:-6508.499999997806, 与前车进行交互的惩罚:-2005.0
Episode:59/100, Reward:-54040.28965277938
Episode:59/100, avg speed:9.34665655747883
Episode:59/100, avg halt num:0.34969761650658127
Episode:59/100, avg elec cons:0.34375695710203813
 Retrying in 1 seconds
Warning: Unused states in tlLogic 'J10', program '0' in phase 0 after tl-index 10
Simulation......
总奖励:-40022.882431563245, 速度奖励:-33333.61113594077, 加速度奖励:-1506.471295625097, 交通灯奖励:-3962.8000000011325, 与前车进行交互的惩罚:-1220.0
Episode:60/100, Reward:-40022.882431563245
Episode:60/100, avg speed:10.13458520111673
Episode:60/100, avg halt num:0.1671904462602137
Episode:60/100, avg elec cons:0.3589574864135967
 Retrying in 1 seconds
Warning: Unused states in tlLogic 'J10', program '0' in phase 0 after tl-index 10
Simulation......
总奖励:-30997.94391747157, 速度奖励:-25637.77255086046, 加速度奖励:-1413.9713666121656, 交通灯奖励:-3067.200000001048, 与前车进行交互的惩罚:-879.0
Episode:61/100, Reward:-30997.94391747157
Episode:61/100, avg speed:9.859064860325631
Episode:61/100, avg halt num:0.1128001549186677
Episode:61/100, avg elec cons:0.7104102520114384
 Retrying in 1 seconds
Warning: Unused states in tlLogic 'J10', program '0' in phase 0 after tl-index 10
Simulation......
总奖励:-25516.9862213539, 速度奖励:-21879.128991600286, 加速度奖励:-979.5572297546198, 交通灯奖励:-1820.8000000003858, 与前车进行交互的惩罚:-837.5
Episode:62/100, Reward:-25516.9862213539
Episode:62/100, avg speed:11.372009787473011
Episode:62/100, avg halt num:0.09607508532423208
Episode:62/100, avg elec cons:0.598663553588008
 Retrying in 1 seconds
Warning: Unused states in tlLogic 'J10', program '0' in phase 0 after tl-index 10
Simulation......
总奖励:-24938.9534235861, 速度奖励:-20906.62828812039, 加速度奖励:-1106.1251354665205, 交通灯奖励:-2118.7000000003545, 与前车进行交互的惩罚:-807.5
Episode:63/100, Reward:-24938.9534235861
Episode:63/100, avg speed:12.358449228917461
Episode:63/100, avg halt num:0.10659391331079004
Episode:63/100, avg elec cons:0.621157761282557
 Retrying in 1 seconds
Warning: Unused states in tlLogic 'J10', program '0' in phase 0 after tl-index 10
Simulation......
总奖励:-27221.01142999503, 速度奖励:-22884.771047220558, 加速度奖励:-1166.3403827762077, 交通灯奖励:-2311.9000000006504, 与前车进行交互的惩罚:-858.0
Episode:64/100, Reward:-27221.01142999503
Episode:64/100, avg speed:10.950315909832264
Episode:64/100, avg halt num:0.1692857142857143
Episode:64/100, avg elec cons:0.6152715063035462
 Retrying in 1 seconds
Warning: Unused states in tlLogic 'J10', program '0' in phase 0 after tl-index 10
Simulation......
总奖励:-25447.928846259656, 速度奖励:-21258.702240480547, 加速度奖励:-1218.5266057804008, 交通灯奖励:-2127.2000000006283, 与前车进行交互的惩罚:-843.5
Episode:65/100, Reward:-25447.928846259656
Episode:65/100, avg speed:11.739913410818879
Episode:65/100, avg halt num:0.1437193841847446
Episode:65/100, avg elec cons:0.6842533172704987
 Retrying in 1 seconds
Warning: Unused states in tlLogic 'J10', program '0' in phase 0 after tl-index 10
Simulation......
总奖励:-21119.386786997467, 速度奖励:-18069.001349580205, 加速度奖励:-1131.2854374175884, 交通灯奖励:-1211.1000000000618, 与前车进行交互的惩罚:-708.0
Episode:66/100, Reward:-21119.386786997467
Episode:66/100, avg speed:13.177499535950405
Episode:66/100, avg halt num:0.051797540208136233
Episode:66/100, avg elec cons:0.7180606438537585
 Retrying in 1 seconds
Warning: Unused states in tlLogic 'J10', program '0' in phase 0 after tl-index 10
Simulation......
总奖励:-21495.79804500079, 速度奖励:-18319.951772280205, 加速度奖励:-1111.7462727211807, 交通灯奖励:-1375.6000000002018, 与前车进行交互的惩罚:-688.5
Episode:67/100, Reward:-21495.79804500079
Episode:67/100, avg speed:12.823457867454168
Episode:67/100, avg halt num:0.07906824146981627
Episode:67/100, avg elec cons:0.7750654708796831
 Retrying in 1 seconds
Warning: Unused states in tlLogic 'J10', program '0' in phase 0 after tl-index 10
Simulation......
总奖励:-19855.917507382634, 速度奖励:-17321.645248200202, 加速度奖励:-934.2722591829148, 交通灯奖励:-1082.4999999998367, 与前车进行交互的惩罚:-517.5
Episode:68/100, Reward:-19855.917507382634
Episode:68/100, avg speed:12.905294910529358
Episode:68/100, avg halt num:0.07498346560846561
Episode:68/100, avg elec cons:0.7981955620086719
 Retrying in 1 seconds
Warning: Unused states in tlLogic 'J10', program '0' in phase 0 after tl-index 10
Simulation......
总奖励:-18296.8753730726, 速度奖励:-15447.843158400103, 加速度奖励:-1040.2322146726576, 交通灯奖励:-1298.7999999999834, 与前车进行交互的惩罚:-510.0
Episode:69/100, Reward:-18296.8753730726
Episode:69/100, avg speed:13.046956484346607
Episode:69/100, avg halt num:0.04931297709923664
Episode:69/100, avg elec cons:0.9391449179475829
 Retrying in 1 seconds
Warning: Unused states in tlLogic 'J10', program '0' in phase 0 after tl-index 10
Simulation......
总奖励:-20347.71024595481, 速度奖励:-17148.85431731998, 加速度奖励:-1067.6559286349398, 交通灯奖励:-1515.200000000267, 与前车进行交互的惩罚:-616.0
Episode:70/100, Reward:-20347.71024595481
Episode:70/100, avg speed:12.424999733609205
Episode:70/100, avg halt num:0.05454545454545454
Episode:70/100, avg elec cons:0.7792979644798373
 Retrying in 1 seconds
Warning: Unused states in tlLogic 'J10', program '0' in phase 0 after tl-index 10
Simulation......
总奖励:-24763.07234412011, 速度奖励:-21191.080515840444, 加速度奖励:-1040.9918282808808, 交通灯奖励:-1771.0000000004623, 与前车进行交互的惩罚:-760.0
Episode:71/100, Reward:-24763.07234412011
Episode:71/100, avg speed:12.136226393013759
Episode:71/100, avg halt num:0.12115571382324376
Episode:71/100, avg elec cons:0.6358821811033064
 Retrying in 1 seconds
Warning: Unused states in tlLogic 'J10', program '0' in phase 0 after tl-index 10
Simulation......
总奖励:-19146.062148246107, 速度奖励:-16670.075131080037, 加速度奖励:-895.5870171661109, 交通灯奖励:-1203.4000000000156, 与前车进行交互的惩罚:-377.0
Episode:72/100, Reward:-19146.062148246107
Episode:72/100, avg speed:11.919023456205409
Episode:72/100, avg halt num:0.06153846153846154
Episode:72/100, avg elec cons:0.8937240352733717
 Retrying in 1 seconds
Warning: Unused states in tlLogic 'J10', program '0' in phase 0 after tl-index 10
Simulation......
总奖励:-19065.163255958923, 速度奖励:-16573.527732060043, 加速度奖励:-923.935523898981, 交通灯奖励:-1155.6999999999518, 与前车进行交互的惩罚:-412.0
Episode:73/100, Reward:-19065.163255958923
Episode:73/100, avg speed:12.827497346552871
Episode:73/100, avg halt num:0.04381517960602549
Episode:73/100, avg elec cons:0.6293577434441927
 Retrying in 1 seconds
Warning: Unused states in tlLogic 'J10', program '0' in phase 0 after tl-index 10
Simulation......
总奖励:-27834.72201253714, 速度奖励:-23772.629227320424, 加速度奖励:-1085.492785217898, 交通灯奖励:-2017.100000000567, 与前车进行交互的惩罚:-959.5
Episode:74/100, Reward:-27834.72201253714
Episode:74/100, avg speed:11.795023970208396
Episode:74/100, avg halt num:0.12391304347826088
Episode:74/100, avg elec cons:0.5730515431492441
 Retrying in 1 seconds
Warning: Unused states in tlLogic 'J10', program '0' in phase 0 after tl-index 10
Simulation......
总奖励:-23836.180877069568, 速度奖励:-20702.266066620257, 加速度奖励:-1028.2148104498397, 交通灯奖励:-1328.700000000228, 与前车进行交互的惩罚:-777.0
Episode:75/100, Reward:-23836.180877069568
Episode:75/100, avg speed:12.297519731646782
Episode:75/100, avg halt num:0.052931596091205214
Episode:75/100, avg elec cons:0.6889057799074927
 Retrying in 1 seconds
Warning: Unused states in tlLogic 'J10', program '0' in phase 0 after tl-index 10
Simulation......
总奖励:-17297.67614678758, 速度奖励:-14082.086405520256, 加速度奖励:-1018.4897412677428, 交通灯奖励:-1671.1000000000945, 与前车进行交互的惩罚:-526.0
Episode:76/100, Reward:-17297.67614678758
Episode:76/100, avg speed:12.735932748439284
Episode:76/100, avg halt num:0.10019685039370078
Episode:76/100, avg elec cons:1.2721754841372939
 Retrying in 1 seconds
Warning: Unused states in tlLogic 'J10', program '0' in phase 0 after tl-index 10
Simulation......
总奖励:-15881.199236691557, 速度奖励:-13887.633055320108, 加速度奖励:-768.1661813714992, 交通灯奖励:-794.8999999998563, 与前车进行交互的惩罚:-430.5
Episode:77/100, Reward:-15881.199236691557
Episode:77/100, avg speed:13.005910076015837
Episode:77/100, avg halt num:0.041903678422449755
Episode:77/100, avg elec cons:1.0915495906573243
 Retrying in 1 seconds
Warning: Unused states in tlLogic 'J10', program '0' in phase 0 after tl-index 10
Simulation......
总奖励:-19707.10316464098, 速度奖励:-17040.245293620108, 加速度奖励:-817.4578710209352, 交通灯奖励:-1135.900000000065, 与前车进行交互的惩罚:-713.5
Episode:78/100, Reward:-19707.10316464098
Episode:78/100, avg speed:11.965250171389009
Episode:78/100, avg halt num:0.07854406130268199
Episode:78/100, avg elec cons:0.8713794087290929
 Retrying in 1 seconds
Warning: Unused states in tlLogic 'J10', program '0' in phase 0 after tl-index 10
Simulation......
总奖励:-26485.743583141957, 速度奖励:-22448.116243440232, 加速度奖励:-920.0273397024715, 交通灯奖励:-2056.600000000637, 与前车进行交互的惩罚:-1061.0
Episode:79/100, Reward:-26485.743583141957
Episode:79/100, avg speed:11.212522727651326
Episode:79/100, avg halt num:0.08610474006116207
Episode:79/100, avg elec cons:0.7278546259220514
 Retrying in 1 seconds
Warning: Unused states in tlLogic 'J10', program '0' in phase 0 after tl-index 10
Simulation......
总奖励:-23974.280512506404, 速度奖励:-20556.849215880313, 加速度奖励:-903.131296626419, 交通灯奖励:-1656.8000000006136, 与前车进行交互的惩罚:-857.5
Episode:80/100, Reward:-23974.280512506404
Episode:80/100, avg speed:11.819372610252238
Episode:80/100, avg halt num:0.07294911734164071
Episode:80/100, avg elec cons:0.6847380475214727
 Retrying in 1 seconds
Warning: Unused states in tlLogic 'J10', program '0' in phase 0 after tl-index 10
Simulation......
总奖励:-20477.799822634446, 速度奖励:-18024.62812218013, 加速度奖励:-802.8717004547359, 交通灯奖励:-1078.2999999998517, 与前车进行交互的惩罚:-572.0
Episode:81/100, Reward:-20477.799822634446
Episode:81/100, avg speed:11.989775789637049
Episode:81/100, avg halt num:0.04516012954300108
Episode:81/100, avg elec cons:0.7560460806210958
 Retrying in 1 seconds
Warning: Unused states in tlLogic 'J10', program '0' in phase 0 after tl-index 10
Simulation......
总奖励:-26571.823580367807, 速度奖励:-23194.373731020547, 加速度奖励:-852.9498493485926, 交通灯奖励:-1562.5000000003793, 与前车进行交互的惩罚:-962.0
Episode:82/100, Reward:-26571.823580367807
Episode:82/100, avg speed:11.042888294835695
Episode:82/100, avg halt num:0.13249027237354086
Episode:82/100, avg elec cons:0.650146311557306
 Retrying in 1 seconds
Warning: Unused states in tlLogic 'J10', program '0' in phase 0 after tl-index 10
Simulation......
总奖励:-21920.990399083363, 速度奖励:-19744.17742116011, 加速度奖励:-817.8129779233348, 交通灯奖励:-644.9999999997844, 与前车进行交互的惩罚:-714.0
Episode:83/100, Reward:-21920.990399083363
Episode:83/100, avg speed:12.069821339596984
Episode:83/100, avg halt num:0.03589527027027027
Episode:83/100, avg elec cons:0.6646169520722495
 Retrying in 1 seconds
Warning: Unused states in tlLogic 'J10', program '0' in phase 0 after tl-index 10
Simulation......
总奖励:-18913.062230923253, 速度奖励:-17097.72736049999, 加速度奖励:-865.6348704232743, 交通灯奖励:-362.6999999999274, 与前车进行交互的惩罚:-587.0
Episode:84/100, Reward:-18913.062230923253
Episode:84/100, avg speed:11.940676265634178
Episode:84/100, avg halt num:0.027583527583527584
Episode:84/100, avg elec cons:0.7992608007303496
 Retrying in 1 seconds
Warning: Unused states in tlLogic 'J10', program '0' in phase 0 after tl-index 10
Simulation......
总奖励:-18206.199873732054, 速度奖励:-15696.470263139936, 加速度奖励:-952.0296105920752, 交通灯奖励:-914.1999999998167, 与前车进行交互的惩罚:-643.5
Episode:85/100, Reward:-18206.199873732054
Episode:85/100, avg speed:13.213015485081343
Episode:85/100, avg halt num:0.011068575233022637
Episode:85/100, avg elec cons:0.8259693417684255
 Retrying in 1 seconds
Warning: Unused states in tlLogic 'J10', program '0' in phase 0 after tl-index 10
Simulation......
总奖励:-14314.744624225641, 速度奖励:-12258.09396233991, 加速度奖励:-874.7506618856062, 交通灯奖励:-806.3999999998323, 与前车进行交互的惩罚:-375.5
Episode:86/100, Reward:-14314.744624225641
Episode:86/100, avg speed:13.846138529959779
Episode:86/100, avg halt num:0.007007921998781231
Episode:86/100, avg elec cons:1.1664126582426382
 Retrying in 1 seconds
Warning: Unused states in tlLogic 'J10', program '0' in phase 0 after tl-index 10
Simulation......
总奖励:-16388.33558850945, 速度奖励:-13796.513052299948, 加速度奖励:-1041.522536209479, 交通灯奖励:-1010.2999999997935, 与前车进行交互的惩罚:-540.0
Episode:87/100, Reward:-16388.33558850945
Episode:87/100, avg speed:12.727826263335515
Episode:87/100, avg halt num:0.03385842880523732
Episode:87/100, avg elec cons:1.3042177340297307
 Retrying in 1 seconds
Warning: Unused states in tlLogic 'J10', program '0' in phase 0 after tl-index 10
Simulation......
总奖励:-18216.885185094125, 速度奖励:-15665.021904060097, 加速度奖励:-883.8632810342235, 交通灯奖励:-1245.4999999999823, 与前车进行交互的惩罚:-422.5
Episode:88/100, Reward:-18216.885185094125
Episode:88/100, avg speed:12.931180719252078
Episode:88/100, avg halt num:0.05023403543965229
Episode:88/100, avg elec cons:0.8720126970699547
 Retrying in 1 seconds
Warning: Unused states in tlLogic 'J10', program '0' in phase 0 after tl-index 10
Simulation......
总奖励:-23618.108305950536, 速度奖励:-19110.064154220065, 加速度奖励:-1389.0441517308593, 交通灯奖励:-2348.500000000615, 与前车进行交互的惩罚:-770.5
Episode:89/100, Reward:-23618.108305950536
Episode:89/100, avg speed:11.786539204484244
Episode:89/100, avg halt num:0.06528322052012825
Episode:89/100, avg elec cons:1.2794730950555602
 Retrying in 1 seconds
Warning: Unused states in tlLogic 'J10', program '0' in phase 0 after tl-index 10
Simulation......
总奖励:-24190.39362540877, 速度奖励:-19846.24227720041, 加速度奖励:-1297.4513482095447, 交通灯奖励:-1975.2000000005612, 与前车进行交互的惩罚:-1071.5
Episode:90/100, Reward:-24190.39362540877
Episode:90/100, avg speed:11.423734285623897
Episode:90/100, avg halt num:0.13938814531548757
Episode:90/100, avg elec cons:1.0151483761416198
 Retrying in 1 seconds
Warning: Unused states in tlLogic 'J10', program '0' in phase 0 after tl-index 10
Simulation......
总奖励:-28645.749587212027, 速度奖励:-23621.419536840665, 加速度奖励:-1238.0300503735903, 交通灯奖励:-2388.3000000006246, 与前车进行交互的惩罚:-1398.0
Episode:91/100, Reward:-28645.749587212027
Episode:91/100, avg speed:10.840155997826527
Episode:91/100, avg halt num:0.22230798919336164
Episode:91/100, avg elec cons:0.8006040885560001
 Retrying in 1 seconds
Warning: Unused states in tlLogic 'J10', program '0' in phase 0 after tl-index 10
Simulation......
总奖励:-18350.545119618946, 速度奖励:-14234.09797332012, 加速度奖励:-1142.6471462990216, 交通灯奖励:-2207.800000000421, 与前车进行交互的惩罚:-766.0
Episode:92/100, Reward:-18350.545119618946
Episode:92/100, avg speed:12.834895724388996
Episode:92/100, avg halt num:0.08831217326362957
Episode:92/100, avg elec cons:1.0480271208543483
 Retrying in 1 seconds
Warning: Unused states in tlLogic 'J10', program '0' in phase 0 after tl-index 10
Simulation......
总奖励:-27475.06149466689, 速度奖励:-22394.417161140704, 加速度奖励:-1155.7443335282169, 交通灯奖励:-3079.90000000084, 与前车进行交互的惩罚:-845.0
Episode:93/100, Reward:-27475.06149466689
Episode:93/100, avg speed:11.527725257675023
Episode:93/100, avg halt num:0.20505733005733007
Episode:93/100, avg elec cons:0.8594790048467685
 Retrying in 1 seconds
Warning: Unused states in tlLogic 'J10', program '0' in phase 0 after tl-index 10
Simulation......
总奖励:-47133.59994716669, 速度奖励:-37474.4306113201, 加速度奖励:-1844.8693358499816, 交通灯奖励:-6180.799999998457, 与前车进行交互的惩罚:-1633.5
Episode:94/100, Reward:-47133.59994716669
Episode:94/100, avg speed:9.838349860355516
Episode:94/100, avg halt num:0.29348174247277387
Episode:94/100, avg elec cons:0.4867907060954964
 Retrying in 1 seconds
Warning: Unused states in tlLogic 'J10', program '0' in phase 0 after tl-index 10
Simulation......
总奖励:-90205.2934482651, 速度奖励:-64411.1305372712, 加速度奖励:-4940.362910982579, 交通灯奖励:-17365.799999997682, 与前车进行交互的惩罚:-3488.0
Episode:95/100, Reward:-90205.2934482651
Episode:95/100, avg speed:7.374224649587507
Episode:95/100, avg halt num:0.6631086803105152
Episode:95/100, avg elec cons:0.560236268789341
 Retrying in 1 seconds
Warning: Unused states in tlLogic 'J10', program '0' in phase 0 after tl-index 10
Simulation......
总奖励:-78022.81989611096, 速度奖励:-52313.49990413745, 加速度奖励:-5477.519991970858, 交通灯奖励:-17276.299999999188, 与前车进行交互的惩罚:-2955.5
Episode:96/100, Reward:-78022.81989611096
Episode:96/100, avg speed:7.510331146026724
Episode:96/100, avg halt num:0.3359226979916635
Episode:96/100, avg elec cons:0.6831636928520372
 Retrying in 1 seconds
Warning: Unused states in tlLogic 'J10', program '0' in phase 0 after tl-index 10
Simulation......
总奖励:-31678.335036792203, 速度奖励:-24082.087211460435, 加速度奖励:-2566.547825333202, 交通灯奖励:-3928.200000001062, 与前车进行交互的惩罚:-1101.5
Episode:97/100, Reward:-31678.335036792203
Episode:97/100, avg speed:11.13265791447099
Episode:97/100, avg halt num:0.1357685009487666
Episode:97/100, avg elec cons:0.9878372888716147
 Retrying in 1 seconds
Warning: Unused states in tlLogic 'J10', program '0' in phase 0 after tl-index 10
Simulation......
总奖励:-23494.71311758991, 速度奖励:-17936.20968786015, 加速度奖励:-1883.9034297302353, 交通灯奖励:-2705.100000000762, 与前车进行交互的惩罚:-969.5
Episode:98/100, Reward:-23494.71311758991
Episode:98/100, avg speed:11.573468679705226
Episode:98/100, avg halt num:0.1073343546533895
Episode:98/100, avg elec cons:1.0551451719636957
 Retrying in 1 seconds
Warning: Unused states in tlLogic 'J10', program '0' in phase 0 after tl-index 10
Simulation......
总奖励:-18834.71319845136, 速度奖励:-15086.99377548002, 加速度奖励:-1291.0194229713125, 交通灯奖励:-1745.7000000003259, 与前车进行交互的惩罚:-711.0
Episode:99/100, Reward:-18834.71319845136
Episode:99/100, avg speed:13.197051878851672
Episode:99/100, avg halt num:0.03546099290780142
Episode:99/100, avg elec cons:0.9639914153909807
 Retrying in 1 seconds
Warning: Unused states in tlLogic 'J10', program '0' in phase 0 after tl-index 10
Simulation......
总奖励:-52602.63768764336, 速度奖励:-38795.62051961959, 加速度奖励:-3002.717168027647, 交通灯奖励:-8525.299999996942, 与前车进行交互的惩罚:-2279.0
Episode:100/100, Reward:-52602.63768764336
Episode:100/100, avg speed:10.29420987001339
Episode:100/100, avg halt num:0.3414303918445365
Episode:100/100, avg elec cons:0.7344644694332813
model saved successfully!
Complete training!
final reward list:[-157577.05609605223, -164303.89057050672, -78923.82338661952, -22257.23682738259, -17726.258640500473, -20720.852588167534, -14988.838257306008, -19531.469197034807, -48357.16665302195, -34101.86655226401, -33855.963509624264, -45924.66088741695, -23763.988394441243, -15167.222294311678, -94983.4733030354, -31484.574661117094, -26220.749019650695, -30707.84715356349, -28883.136828359045, -27307.395655405977, -21468.294493015957, -16265.94431044211, -14356.96970633041, -15470.823825332422, -13579.309888641463, -14730.563540386696, -15090.852030223252, -13370.139789507719, -14232.105552768962, -13296.668804289055, -18120.747419244668, -21663.313187275966, -15572.650451000263, -14594.941610024554, -14746.860930128903, -19108.45333697278, -18268.442884448374, -17361.602231421773, -17918.71744982172, -15926.87043663103, -14553.074647154694, -15554.521993269027, -14828.852515312281, -13980.479073630926, -14082.794164140489, -11699.028071984396, -13351.143025915253, -13352.154098862251, -13071.900429093095, -16468.178384022063, -16474.05000943444, -15026.858472642609, -17185.192767393288, -20948.677145871876, -27994.794987046644, -27082.905341815345, -26418.017527942982, -41375.986516657045, -54040.28965277938, -40022.882431563245, -30997.94391747157, -25516.9862213539, -24938.9534235861, -27221.01142999503, -25447.928846259656, -21119.386786997467, -21495.79804500079, -19855.917507382634, -18296.8753730726, -20347.71024595481, -24763.07234412011, -19146.062148246107, -19065.163255958923, -27834.72201253714, -23836.180877069568, -17297.67614678758, -15881.199236691557, -19707.10316464098, -26485.743583141957, -23974.280512506404, -20477.799822634446, -26571.823580367807, -21920.990399083363, -18913.062230923253, -18206.199873732054, -14314.744624225641, -16388.33558850945, -18216.885185094125, -23618.108305950536, -24190.39362540877, -28645.749587212027, -18350.545119618946, -27475.06149466689, -47133.59994716669, -90205.2934482651, -78022.81989611096, -31678.335036792203, -23494.71311758991, -18834.71319845136, -52602.63768764336]
final speed list:[6.738954190052325, 6.445550898876776, 11.195194994655244, 12.545212076047735, 14.118671124181738, 13.169974584744871, 15.330623605745558, 15.525854816854023, 10.330009913338328, 10.912090069161895, 11.598463341131346, 11.338592319972117, 12.608293450912265, 14.387987986329039, 8.857154306123789, 10.639409664673718, 12.105766413257253, 10.522911071245291, 11.79817728788439, 12.204233933691532, 12.118709955882562, 13.20058054555857, 13.943765849693351, 13.737531327730862, 14.410985939886436, 13.970234511819184, 13.764030745053601, 13.765844800479808, 13.669068206749968, 14.86587066960855, 13.760733361053628, 13.219917977904474, 14.435563489350505, 14.969231728274528, 14.178178119704988, 12.385307916824312, 12.854553613173529, 13.098151688563936, 13.104700847881007, 13.088665762440481, 13.536472584672614, 13.38224605350459, 13.402833734518644, 13.806055738987212, 13.719818840357926, 14.987856857971202, 14.279855670562728, 14.03508995332214, 14.924293448845974, 13.40819608504266, 13.439867288880508, 13.408989199767673, 12.861245438966447, 12.214250118789689, 10.730690137843826, 11.47290723383823, 10.2365866531777, 8.770445565445984, 9.34665655747883, 10.13458520111673, 9.859064860325631, 11.372009787473011, 12.358449228917461, 10.950315909832264, 11.739913410818879, 13.177499535950405, 12.823457867454168, 12.905294910529358, 13.046956484346607, 12.424999733609205, 12.136226393013759, 11.919023456205409, 12.827497346552871, 11.795023970208396, 12.297519731646782, 12.735932748439284, 13.005910076015837, 11.965250171389009, 11.212522727651326, 11.819372610252238, 11.989775789637049, 11.042888294835695, 12.069821339596984, 11.940676265634178, 13.213015485081343, 13.846138529959779, 12.727826263335515, 12.931180719252078, 11.786539204484244, 11.423734285623897, 10.840155997826527, 12.834895724388996, 11.527725257675023, 9.838349860355516, 7.374224649587507, 7.510331146026724, 11.13265791447099, 11.573468679705226, 13.197051878851672, 10.29420987001339]
final elec cons list:[0.6126084614373584, 0.6517442324500664, 1.083550439976429, 1.2736257988636677, 2.1788721278817795, 1.284881744395816, 2.1830298916769495, 1.9618701639345504, 1.0458076714849078, 0.888369437016794, 0.9141476389249316, 0.7466494033795738, 1.111242469708171, 1.7830496328550378, 0.7194209595981242, 0.6606067795086134, 0.5839346342559621, 0.8158618226115583, 0.7603417238283837, 0.6276104649908301, 0.8627972948547987, 1.3641723888206185, 1.2784009700896808, 1.5047689297990299, 1.814734354698416, 1.9653273024984321, 1.4444371757338426, 2.282348955563313, 1.6662333390701347, 1.9780952289563538, 1.6793093095828626, 1.560740136812825, 2.0755216180192706, 2.0473122767906027, 1.874539813072316, 1.389634709690433, 2.1918120884832524, 1.7281153973492311, 1.3365330773562198, 1.434892971476853, 1.4999051521683857, 1.6934919072038157, 1.624955265175639, 1.6833207905972218, 2.4625971451037563, 1.889916384688513, 2.162510152561653, 2.0151259561585344, 1.48125685990013, 1.276938723911701, 1.3529246312618208, 1.3577462032601593, 1.0444352885007577, 0.7567995171906815, 0.7250192366503104, 0.6936125510503698, 0.5799531829248663, 0.4111040944045688, 0.34375695710203813, 0.3589574864135967, 0.7104102520114384, 0.598663553588008, 0.621157761282557, 0.6152715063035462, 0.6842533172704987, 0.7180606438537585, 0.7750654708796831, 0.7981955620086719, 0.9391449179475829, 0.7792979644798373, 0.6358821811033064, 0.8937240352733717, 0.6293577434441927, 0.5730515431492441, 0.6889057799074927, 1.2721754841372939, 1.0915495906573243, 0.8713794087290929, 0.7278546259220514, 0.6847380475214727, 0.7560460806210958, 0.650146311557306, 0.6646169520722495, 0.7992608007303496, 0.8259693417684255, 1.1664126582426382, 1.3042177340297307, 0.8720126970699547, 1.2794730950555602, 1.0151483761416198, 0.8006040885560001, 1.0480271208543483, 0.8594790048467685, 0.4867907060954964, 0.560236268789341, 0.6831636928520372, 0.9878372888716147, 1.0551451719636957, 0.9639914153909807, 0.7344644694332813]
final halt list:[0.4202755905511811, 0.5359825721153846, 0.2603101023017903, 0.14325412035262552, 0.1410354015987819, 0.10880782918149466, 0.13191343181037443, 0.21477132262051915, 0.19627642789523508, 0.13634138381201044, 0.17895247332686712, 0.34730440499671267, 0.08296634161686064, 0.10126262626262626, 1.069062720225511, 0.11995597945707998, 0.06870834655664869, 0.20242874347651546, 0.16804550155118925, 0.13919622518711358, 0.08688556067588325, 0.044019316493313525, 0.009714380604450349, 0.012104743083003952, 0.03505067567567568, 0.04600461006530926, 0.0138353765323993, 0.03443298969072165, 0.03669354838709677, 0.06094570928196147, 0.14778694673668416, 0.21455016660496112, 0.14894736842105263, 0.13984238178633976, 0.08484203052893148, 0.016143578643578644, 0.04090341382181516, 0.021017274472168907, 0.015442690459849005, 0.02084837545126354, 0.017259978425026967, 0.027322924600152322, 0.031749123490455784, 0.010897913561847989, 0.004917387883556255, 0.02580484566876867, 0.040620243531202437, 0.060549190043461085, 0.022406769037919147, 0.02549793956043956, 0.014705882352941176, 0.0033261416756562388, 0.018450797872340427, 0.06888519134775374, 0.17029665790461884, 0.11295710267229254, 0.07192050373868555, 0.25067230119093353, 0.34969761650658127, 0.1671904462602137, 0.1128001549186677, 0.09607508532423208, 0.10659391331079004, 0.1692857142857143, 0.1437193841847446, 0.051797540208136233, 0.07906824146981627, 0.07498346560846561, 0.04931297709923664, 0.05454545454545454, 0.12115571382324376, 0.06153846153846154, 0.04381517960602549, 0.12391304347826088, 0.052931596091205214, 0.10019685039370078, 0.041903678422449755, 0.07854406130268199, 0.08610474006116207, 0.07294911734164071, 0.04516012954300108, 0.13249027237354086, 0.03589527027027027, 0.027583527583527584, 0.011068575233022637, 0.007007921998781231, 0.03385842880523732, 0.05023403543965229, 0.06528322052012825, 0.13938814531548757, 0.22230798919336164, 0.08831217326362957, 0.20505733005733007, 0.29348174247277387, 0.6631086803105152, 0.3359226979916635, 0.1357685009487666, 0.1073343546533895, 0.03546099290780142, 0.3414303918445365]
speed reward list:[-100153.04256971077, -104697.76894216814, -48711.14493245683, -16118.230887540272, -11516.03501130032, -14781.141785520282, -9615.759987600255, -9956.929787280515, -31014.5456615409, -25679.758636440634, -25697.365740360725, -33825.19614282111, -18166.811674860088, -11301.389810100272, -71080.52448796981, -24733.391171220374, -21610.984333320343, -25035.021539280722, -23877.20632032067, -22937.99709168053, -18202.94611902014, -13660.614420480053, -12165.516513899987, -12823.592109299963, -10769.982290100079, -11376.091983240038, -12284.007600959992, -10230.894837540054, -11574.602094060056, -9855.02103120012, -13017.686973660333, -14759.620524000418, -10476.578949660365, -10200.802631940309, -11211.890286240154, -16247.289766499882, -13762.620281519992, -13769.767351619948, -15028.865940599979, -13660.103130300033, -12596.43570264002, -12964.970102759968, -12346.396325459982, -11728.225188899965, -11500.446262859952, -9386.246739780101, -10104.510488040094, -10275.539938740105, -8812.13307732004, -12684.237663779992, -13875.120610740001, -12899.333466719996, -14569.681059900016, -17897.972524740166, -23001.46656048062, -22490.96081814034, -23404.755614220252, -34606.33437240069, -43656.149006459185, -33333.61113594077, -25637.77255086046, -21879.128991600286, -20906.62828812039, -22884.771047220558, -21258.702240480547, -18069.001349580205, -18319.951772280205, -17321.645248200202, -15447.843158400103, -17148.85431731998, -21191.080515840444, -16670.075131080037, -16573.527732060043, -23772.629227320424, -20702.266066620257, -14082.086405520256, -13887.633055320108, -17040.245293620108, -22448.116243440232, -20556.849215880313, -18024.62812218013, -23194.373731020547, -19744.17742116011, -17097.72736049999, -15696.470263139936, -12258.09396233991, -13796.513052299948, -15665.021904060097, -19110.064154220065, -19846.24227720041, -23621.419536840665, -14234.09797332012, -22394.417161140704, -37474.4306113201, -64411.1305372712, -52313.49990413745, -24082.087211460435, -17936.20968786015, -15086.99377548002, -38795.62051961959]
accel reward list:[-15660.813526332404, -15562.521628325907, -7983.478454156576, -1201.605939843235, -1404.9236292008604, -1374.310802648091, -1384.6782697063052, -1575.8394097557261, -2935.520991483567, -2175.9079158255163, -1902.397769265509, -1827.6647445994824, -1273.8767195813693, -1234.032484211757, -1832.5488150506255, -1869.8834898977811, -1475.4646863312814, -1336.625614284585, -1234.7305080400195, -1154.8985637269047, -937.0483739961129, -853.6298899621702, -906.3531924304816, -1109.9317160324724, -1034.1275985415955, -1140.1715571468042, -1167.9444292633045, -1274.9449519677623, -1128.303458708987, -1065.0477730891985, -1336.5604455851046, -1407.0926632767528, -1160.971501340367, -1097.138978084687, -1174.4706438888986, -1323.563570472734, -1452.2226029283556, -1148.434879801685, -1052.5515092217163, -874.5673063310077, -808.5389445147773, -913.6518905090959, -929.9561898522302, -924.6538847310333, -1064.7479012807228, -937.6813322045059, -1170.932537875451, -1183.9141601223446, -1380.4673517731605, -1288.0407202420217, -842.7293986943845, -737.8250059226148, -910.111707493291, -946.0046211322554, -1214.828426567753, -1110.44452367588, -820.2619137236395, -1374.2521442592347, -1870.6406463230446, -1506.471295625097, -1413.9713666121656, -979.5572297546198, -1106.1251354665205, -1166.3403827762077, -1218.5266057804008, -1131.2854374175884, -1111.7462727211807, -934.2722591829148, -1040.2322146726576, -1067.6559286349398, -1040.9918282808808, -895.5870171661109, -923.935523898981, -1085.492785217898, -1028.2148104498397, -1018.4897412677428, -768.1661813714992, -817.4578710209352, -920.0273397024715, -903.131296626419, -802.8717004547359, -852.9498493485926, -817.8129779233348, -865.6348704232743, -952.0296105920752, -874.7506618856062, -1041.522536209479, -883.8632810342235, -1389.0441517308593, -1297.4513482095447, -1238.0300503735903, -1142.6471462990216, -1155.7443335282169, -1844.8693358499816, -4940.362910982579, -5477.519991970858, -2566.547825333202, -1883.9034297302353, -1291.0194229713125, -3002.717168027647]
tls reward list:[-38147.70000001995, -39783.60000002162, -19820.700000003286, -4172.900000000576, -3927.300000000426, -3740.9000000007172, -3224.400000000396, -6944.6999999992695, -13163.099999996959, -4386.200000000628, -4518.700000000716, -8232.799999997389, -3281.800000000813, -2098.8000000003885, -18414.900000003254, -3715.800000000967, -2059.300000000671, -3129.7000000009634, -2720.700000000663, -2329.500000000721, -1693.8000000004592, -1193.6999999999664, -842.0999999998328, -1164.7999999998997, -1363.7000000001394, -1635.8000000002348, -1017.3999999998038, -1393.800000000136, -857.1999999998216, -1902.600000000394, -2856.5000000004106, -4664.100000000311, -3213.100000000474, -2482.500000000496, -1854.0000000002883, -981.0999999997656, -2202.6000000004633, -1465.4000000002238, -1291.300000000038, -887.1999999998061, -768.0999999998429, -1155.3999999999778, -979.4999999998231, -827.599999999886, -991.0999999998185, -952.5999999998514, -1431.7000000000517, -1276.7000000000605, -2467.800000000298, -2013.9000000004635, -1274.2000000000724, -899.1999999998158, -1108.9000000000126, -1335.1999999999505, -2768.500000000759, -2530.5000000007817, -1036.5000000001492, -3858.4000000011424, -6508.499999997806, -3962.8000000011325, -3067.200000001048, -1820.8000000003858, -2118.7000000003545, -2311.9000000006504, -2127.2000000006283, -1211.1000000000618, -1375.6000000002018, -1082.4999999998367, -1298.7999999999834, -1515.200000000267, -1771.0000000004623, -1203.4000000000156, -1155.6999999999518, -2017.100000000567, -1328.700000000228, -1671.1000000000945, -794.8999999998563, -1135.900000000065, -2056.600000000637, -1656.8000000006136, -1078.2999999998517, -1562.5000000003793, -644.9999999997844, -362.6999999999274, -914.1999999998167, -806.3999999998323, -1010.2999999997935, -1245.4999999999823, -2348.500000000615, -1975.2000000005612, -2388.3000000006246, -2207.800000000421, -3079.90000000084, -6180.799999998457, -17365.799999997682, -17276.299999999188, -3928.200000001062, -2705.100000000762, -1745.7000000003259, -8525.299999996942]
extra reward list:[-3615.5, -4260.0, -2408.5, -764.5, -878.0, -824.5, -764.0, -1054.0, -1244.0, -1860.0, -1737.5, -2039.0, -1041.5, -533.0, -3655.5, -1165.5, -1075.0, -1206.5, -1050.5, -885.0, -634.5, -558.0, -443.0, -372.5, -411.5, -578.5, -621.5, -470.5, -672.0, -474.0, -910.0, -832.5, -722.0, -814.5, -506.5, -556.5, -851.0, -978.0, -546.0, -505.0, -380.0, -520.5, -573.0, -500.0, -526.5, -422.5, -644.0, -616.0, -411.5, -482.0, -482.0, -490.5, -596.5, -769.5, -1010.0, -951.0, -1156.5, -1537.0, -2005.0, -1220.0, -879.0, -837.5, -807.5, -858.0, -843.5, -708.0, -688.5, -517.5, -510.0, -616.0, -760.0, -377.0, -412.0, -959.5, -777.0, -526.0, -430.5, -713.5, -1061.0, -857.5, -572.0, -962.0, -714.0, -587.0, -643.5, -375.5, -540.0, -422.5, -770.5, -1071.5, -1398.0, -766.0, -845.0, -1633.5, -3488.0, -2955.5, -1101.5, -969.5, -711.0, -2279.0]
