nohup: 忽略输入
Env:sumo, Algorithm:TD3, Device:cuda
-----------------------------------------
models/reward_s3e-2(-4, 1)_a4e-2_t(-1_0.1).pth
-----------------------------------------
 Retrying in 1 seconds
Warning: Unused states in tlLogic 'J10', program '0' in phase 0 after tl-index 10
Simulation......
总奖励:-9057.44834268016, 速度奖励:-1440.5099999996771, 加速度奖励:-711.2383426792711, 交通灯奖励:-6905.69999999859, 与前车进行交互的惩罚:0.0
Episode:1/100, Reward:-9057.44834268016
Episode:1/100, avg speed:14.437917980568516
Episode:1/100, avg halt num:0.3433744722312439
Episode:1/100, avg elec cons:1.762902998089894
 Retrying in 1 seconds
Warning: Unused states in tlLogic 'J10', program '0' in phase 0 after tl-index 10
Simulation......
总奖励:-10622.523232251333, 速度奖励:-1692.3899999994421, 加速度奖励:-681.333232250229, 交通灯奖励:-8248.799999997547, 与前车进行交互的惩罚:0.0
Episode:2/100, Reward:-10622.523232251333
Episode:2/100, avg speed:14.017458994774065
Episode:2/100, avg halt num:0.4596020761245675
Episode:2/100, avg elec cons:1.8991220424325361
 Retrying in 1 seconds
Warning: Unused states in tlLogic 'J10', program '0' in phase 0 after tl-index 10
Simulation......
总奖励:-7580.418319248448, 速度奖励:-1154.969999999932, 加速度奖励:-829.548319247444, 交通灯奖励:-5595.89999999946, 与前车进行交互的惩罚:0.0
Episode:3/100, Reward:-7580.418319248448
Episode:3/100, avg speed:15.657441748050596
Episode:3/100, avg halt num:0.2687152664269369
Episode:3/100, avg elec cons:2.0400058796047706
 Retrying in 1 seconds
Warning: Unused states in tlLogic 'J10', program '0' in phase 0 after tl-index 10
Simulation......
总奖励:-6767.172888543246, 速度奖励:-1064.3400000000142, 加速度奖励:-769.0328885424155, 交通灯奖励:-4933.7999999998665, 与前车进行交互的惩罚:0.0
Episode:4/100, Reward:-6767.172888543246
Episode:4/100, avg speed:15.180946944438496
Episode:4/100, avg halt num:0.2661600615621393
Episode:4/100, avg elec cons:2.517761405001358
 Retrying in 1 seconds
Warning: Unused states in tlLogic 'J10', program '0' in phase 0 after tl-index 10
Simulation......
总奖励:-6874.522092434895, 速度奖励:-1078.200000000002, 加速度奖励:-787.8220924341422, 交通灯奖励:-5008.499999999926, 与前车进行交互的惩罚:0.0
Episode:5/100, Reward:-6874.522092434895
Episode:5/100, avg speed:15.442064003035668
Episode:5/100, avg halt num:0.27157258064516127
Episode:5/100, avg elec cons:2.595417889836701
 Retrying in 1 seconds
Warning: Unused states in tlLogic 'J10', program '0' in phase 0 after tl-index 10
Simulation......
总奖励:-6930.846011844807, 速度奖励:-1102.4099999999787, 加速度奖励:-773.7360118438621, 交通灯奖励:-5054.699999999804, 与前车进行交互的惩罚:0.0
Episode:6/100, Reward:-6930.846011844807
Episode:6/100, avg speed:15.392720579554522
Episode:6/100, avg halt num:0.2700286123032904
Episode:6/100, avg elec cons:2.326385951692707
 Retrying in 1 seconds
Warning: Unused states in tlLogic 'J10', program '0' in phase 0 after tl-index 10
Simulation......
总奖励:-7103.01702570794, 速度奖励:-1104.4499999999769, 加速度奖励:-794.0670257070905, 交通灯奖励:-5204.499999999688, 与前车进行交互的惩罚:0.0
Episode:7/100, Reward:-7103.01702570794
Episode:7/100, avg speed:15.671960660433209
Episode:7/100, avg halt num:0.25412371134020617
Episode:7/100, avg elec cons:2.2252208697171167
 Retrying in 1 seconds
Warning: Unused states in tlLogic 'J10', program '0' in phase 0 after tl-index 10
Simulation......
总奖励:-6644.356202224356, 速度奖励:-1065.7800000000125, 加速度奖励:-771.4762022236176, 交通灯奖励:-4807.100000000083, 与前车进行交互的惩罚:0.0
Episode:8/100, Reward:-6644.356202224356
Episode:8/100, avg speed:15.716754610718901
Episode:8/100, avg halt num:0.22265994327135202
Episode:8/100, avg elec cons:2.0809409799729486
 Retrying in 1 seconds
Warning: Unused states in tlLogic 'J10', program '0' in phase 0 after tl-index 10
Simulation......
总奖励:-6910.700875106452, 速度奖励:-1081.079999999999, 加速度奖励:-785.5208751056084, 交通灯奖励:-5044.099999999931, 与前车进行交互的惩罚:0.0
Episode:9/100, Reward:-6910.700875106452
Episode:9/100, avg speed:15.594839981264007
Episode:9/100, avg halt num:0.23322475570032572
Episode:9/100, avg elec cons:2.1254723340472585
 Retrying in 1 seconds
Warning: Unused states in tlLogic 'J10', program '0' in phase 0 after tl-index 10
Simulation......
总奖励:-38936.487601824556, 速度奖励:-5517.47999999595, 加速度奖励:-8312.407601824849, 交通灯奖励:-25106.600000015573, 与前车进行交互的惩罚:0.0
Episode:10/100, Reward:-38936.487601824556
Episode:10/100, avg speed:6.879847213895061
Episode:10/100, avg halt num:0.39783759929391
Episode:10/100, avg elec cons:0.6725694464603651
 Retrying in 1 seconds
Warning: Unused states in tlLogic 'J10', program '0' in phase 0 after tl-index 10
Simulation......
总奖励:-7282.733320615209, 速度奖励:-1146.8099999999386, 加速度奖励:-856.2233206143317, 交通灯奖励:-5279.699999999675, 与前车进行交互的惩罚:0.0
Episode:11/100, Reward:-7282.733320615209
Episode:11/100, avg speed:15.404379421189276
Episode:11/100, avg halt num:0.24699599465954605
Episode:11/100, avg elec cons:2.153709802554774
 Retrying in 1 seconds
Warning: Unused states in tlLogic 'J10', program '0' in phase 0 after tl-index 10
Simulation......
总奖励:-6635.56454996266, 速度奖励:-1073.6700000000053, 加速度奖励:-776.9945499619173, 交通灯奖励:-4784.900000000034, 与前车进行交互的惩罚:0.0
Episode:12/100, Reward:-6635.56454996266
Episode:12/100, avg speed:15.717767511045384
Episode:12/100, avg halt num:0.24136740331491713
Episode:12/100, avg elec cons:2.230880953508421
 Retrying in 1 seconds
Warning: Unused states in tlLogic 'J10', program '0' in phase 0 after tl-index 10
Simulation......
总奖励:-6857.559346537773, 速度奖励:-1063.5300000000148, 加速度奖励:-767.9293465370052, 交通灯奖励:-5026.099999999909, 与前车进行交互的惩罚:0.0
Episode:13/100, Reward:-6857.559346537773
Episode:13/100, avg speed:15.856347708482932
Episode:13/100, avg halt num:0.21837444655281468
Episode:13/100, avg elec cons:2.0975265344806364
 Retrying in 1 seconds
Warning: Unused states in tlLogic 'J10', program '0' in phase 0 after tl-index 10
Simulation......
总奖励:-14662.900788546469, 速度奖励:-2114.639999999056, 加速度奖励:-2539.4607885454857, 交通灯奖励:-10008.799999996758, 与前车进行交互的惩罚:0.0
Episode:14/100, Reward:-14662.900788546469
Episode:14/100, avg speed:12.003138831363165
Episode:14/100, avg halt num:0.25360230547550433
Episode:14/100, avg elec cons:1.5768813552437007
 Retrying in 1 seconds
Warning: Unused states in tlLogic 'J10', program '0' in phase 0 after tl-index 10
Simulation......
总奖励:-19160.7575247807, 速度奖励:-2799.3299999983215, 加速度奖励:-3459.327524778927, 交通灯奖励:-12902.099999994423, 与前车进行交互的惩罚:0.0
Episode:15/100, Reward:-19160.7575247807
Episode:15/100, avg speed:11.523618372634147
Episode:15/100, avg halt num:0.30920571010248904
Episode:15/100, avg elec cons:1.8496019478966357
 Retrying in 1 seconds
Warning: Unused states in tlLogic 'J10', program '0' in phase 0 after tl-index 10
Simulation......
总奖励:-7224.125058647459, 速度奖励:-1159.0499999999308, 加速度奖励:-933.575058646698, 交通灯奖励:-5131.499999999778, 与前车进行交互的惩罚:0.0
Episode:16/100, Reward:-7224.125058647459
Episode:16/100, avg speed:14.87211357118921
Episode:16/100, avg halt num:0.20283377710155953
Episode:16/100, avg elec cons:2.307545748697721
 Retrying in 1 seconds
Warning: Unused states in tlLogic 'J10', program '0' in phase 0 after tl-index 10
Simulation......
总奖励:-7654.470620405673, 速度奖励:-1137.4799999999502, 加速度奖励:-871.3906204048105, 交通灯奖励:-5645.599999999397, 与前车进行交互的惩罚:0.0
Episode:17/100, Reward:-7654.470620405673
Episode:17/100, avg speed:15.279318122435434
Episode:17/100, avg halt num:0.21201873048907388
Episode:17/100, avg elec cons:2.114048790494206
 Retrying in 1 seconds
Warning: Unused states in tlLogic 'J10', program '0' in phase 0 after tl-index 10
Simulation......
总奖励:-6737.747285211571, 速度奖励:-1087.319999999996, 加速度奖励:-856.527285210879, 交通灯奖励:-4793.89999999998, 与前车进行交互的惩罚:0.0
Episode:18/100, Reward:-6737.747285211571
Episode:18/100, avg speed:14.648081079881957
Episode:18/100, avg halt num:0.24249797242497972
Episode:18/100, avg elec cons:2.5780502513957035
 Retrying in 1 seconds
Warning: Unused states in tlLogic 'J10', program '0' in phase 0 after tl-index 10
Simulation......
总奖励:-7430.693051020327, 速度奖励:-1146.899999999938, 加速度奖励:-813.7930510194057, 交通灯奖励:-5469.999999999548, 与前车进行交互的惩罚:0.0
Episode:19/100, Reward:-7430.693051020327
Episode:19/100, avg speed:15.285514930167642
Episode:19/100, avg halt num:0.27699530516431925
Episode:19/100, avg elec cons:2.2919676812932517
 Retrying in 1 seconds
Warning: Unused states in tlLogic 'J10', program '0' in phase 0 after tl-index 10
Simulation......
总奖励:-7057.979042606382, 速度奖励:-1100.9099999999803, 加速度奖励:-802.3690426055053, 交通灯奖励:-5154.6999999997415, 与前车进行交互的惩罚:0.0
Episode:20/100, Reward:-7057.979042606382
Episode:20/100, avg speed:15.60925219184063
Episode:20/100, avg halt num:0.23931841302136317
Episode:20/100, avg elec cons:2.172015173172163
 Retrying in 1 seconds
Warning: Unused states in tlLogic 'J10', program '0' in phase 0 after tl-index 10
Simulation......
总奖励:-7251.0082631781515, 速度奖励:-1140.6899999999441, 加速度奖励:-797.0182631772468, 交通灯奖励:-5313.299999999618, 与前车进行交互的惩罚:0.0
Episode:21/100, Reward:-7251.0082631781515
Episode:21/100, avg speed:15.242581250611266
Episode:21/100, avg halt num:0.2978142076502732
Episode:21/100, avg elec cons:2.4883226419394924
 Retrying in 1 seconds
Warning: Unused states in tlLogic 'J10', program '0' in phase 0 after tl-index 10
Simulation......
总奖励:-6728.718740589642, 速度奖励:-1073.640000000005, 加速度奖励:-763.2787405888884, 交通灯奖励:-4891.79999999991, 与前车进行交互的惩罚:0.0
Episode:22/100, Reward:-6728.718740589642
Episode:22/100, avg speed:15.423438481694651
Episode:22/100, avg halt num:0.2603415559772296
Episode:22/100, avg elec cons:2.4998704570966286
 Retrying in 1 seconds
Warning: Unused states in tlLogic 'J10', program '0' in phase 0 after tl-index 10
Simulation......
总奖励:-6701.522886806228, 速度奖励:-1082.8199999999977, 加速度奖励:-787.8028868054014, 交通灯奖励:-4830.899999999954, 与前车进行交互的惩罚:0.0
Episode:23/100, Reward:-6701.522886806228
Episode:23/100, avg speed:15.817849161945151
Episode:23/100, avg halt num:0.23569251608533695
Episode:23/100, avg elec cons:2.1663215363277346
 Retrying in 1 seconds
Warning: Unused states in tlLogic 'J10', program '0' in phase 0 after tl-index 10
Simulation......
总奖励:-6772.480157133332, 速度奖励:-1107.1499999999744, 加速度奖励:-774.830157132478, 交通灯奖励:-4890.499999999827, 与前车进行交互的惩罚:0.0
Episode:24/100, Reward:-6772.480157133332
Episode:24/100, avg speed:15.585464344436895
Episode:24/100, avg halt num:0.24735624586913418
Episode:24/100, avg elec cons:2.158334954559049
 Retrying in 1 seconds
Warning: Unused states in tlLogic 'J10', program '0' in phase 0 after tl-index 10
Simulation......
总奖励:-6649.975525728487, 速度奖励:-1077.3000000000025, 加速度奖励:-766.1755257276902, 交通灯奖励:-4806.500000000013, 与前车进行交互的惩罚:0.0
Episode:25/100, Reward:-6649.975525728487
Episode:25/100, avg speed:15.719092007553458
Episode:25/100, avg halt num:0.23814764646122588
Episode:25/100, avg elec cons:2.219750884198631
 Retrying in 1 seconds
Warning: Unused states in tlLogic 'J10', program '0' in phase 0 after tl-index 10
Simulation......
总奖励:-7601.942135834882, 速度奖励:-1164.659999999922, 加速度奖励:-809.082135833964, 交通灯奖励:-5628.199999999438, 与前车进行交互的惩罚:0.0
Episode:26/100, Reward:-7601.942135834882
Episode:26/100, avg speed:15.023880986626695
Episode:26/100, avg halt num:0.3095834940223679
Episode:26/100, avg elec cons:2.424450918561843
 Retrying in 1 seconds
Warning: Unused states in tlLogic 'J10', program '0' in phase 0 after tl-index 10
Simulation......
总奖励:-7154.5931001957615, 速度奖励:-1116.239999999967, 加速度奖励:-810.053100194879, 交通灯奖励:-5228.299999999618, 与前车进行交互的惩罚:0.0
Episode:27/100, Reward:-7154.5931001957615
Episode:27/100, avg speed:15.364438907212035
Episode:27/100, avg halt num:0.2565858798735511
Episode:27/100, avg elec cons:2.2392140646227263
 Retrying in 1 seconds
Warning: Unused states in tlLogic 'J10', program '0' in phase 0 after tl-index 10
Simulation......
总奖励:-7225.005451139754, 速度奖励:-1125.179999999959, 加速度奖励:-804.2254511389153, 交通灯奖励:-5295.599999999655, 与前车进行交互的惩罚:0.0
Episode:28/100, Reward:-7225.005451139754
Episode:28/100, avg speed:14.722162123136679
Episode:28/100, avg halt num:0.3057842733635241
Episode:28/100, avg elec cons:2.6052240374877074
 Retrying in 1 seconds
Warning: Unused states in tlLogic 'J10', program '0' in phase 0 after tl-index 10
Simulation......
总奖励:-7611.614823812329, 速度奖励:-1156.6799999999298, 加速度奖励:-853.3348238114363, 交通灯奖励:-5601.5999999994765, 与前车进行交互的惩罚:0.0
Episode:29/100, Reward:-7611.614823812329
Episode:29/100, avg speed:15.004224036275113
Episode:29/100, avg halt num:0.308397100281917
Episode:29/100, avg elec cons:2.438846957811734
 Retrying in 1 seconds
Warning: Unused states in tlLogic 'J10', program '0' in phase 0 after tl-index 10
Simulation......
总奖励:-6902.4861840766525, 速度奖励:-1091.1599999999892, 加速度奖励:-760.1261840757883, 交通灯奖励:-5051.199999999744, 与前车进行交互的惩罚:0.0
Episode:30/100, Reward:-6902.4861840766525
Episode:30/100, avg speed:15.592541876095757
Episode:30/100, avg halt num:0.24641106442577032
Episode:30/100, avg elec cons:2.3357770952102377
 Retrying in 1 seconds
Warning: Unused states in tlLogic 'J10', program '0' in phase 0 after tl-index 10
Simulation......
总奖励:-7143.853567682415, 速度奖励:-1079.5200000000004, 加速度奖励:-786.433567681617, 交通灯奖励:-5277.899999999732, 与前车进行交互的惩罚:0.0
Episode:31/100, Reward:-7143.853567682415
Episode:31/100, avg speed:15.49968044537739
Episode:31/100, avg halt num:0.25957566654149455
Episode:31/100, avg elec cons:2.4316965961393953
 Retrying in 1 seconds
Warning: Unused states in tlLogic 'J10', program '0' in phase 0 after tl-index 10
Simulation......
总奖励:-7221.308343364191, 速度奖励:-1145.6399999999398, 加速度奖励:-803.368343363288, 交通灯奖励:-5272.299999999675, 与前车进行交互的惩罚:0.0
Episode:32/100, Reward:-7221.308343364191
Episode:32/100, avg speed:15.05838559922346
Episode:32/100, avg halt num:0.2993709492947007
Episode:32/100, avg elec cons:2.4145856923474107
 Retrying in 1 seconds
Warning: Unused states in tlLogic 'J10', program '0' in phase 0 after tl-index 10
Simulation......
总奖励:-7051.233289118057, 速度奖励:-1090.7399999999898, 加速度奖励:-777.1932891171948, 交通灯奖励:-5183.299999999693, 与前车进行交互的惩罚:0.0
Episode:33/100, Reward:-7051.233289118057
Episode:33/100, avg speed:15.349745993065891
Episode:33/100, avg halt num:0.25035075412136093
Episode:33/100, avg elec cons:2.312632109159122
 Retrying in 1 seconds
Warning: Unused states in tlLogic 'J10', program '0' in phase 0 after tl-index 10
Simulation......
总奖励:-6803.465604906681, 速度奖励:-1098.1199999999837, 加速度奖励:-791.4456049058922, 交通灯奖励:-4913.899999999864, 与前车进行交互的惩罚:0.0
Episode:34/100, Reward:-6803.465604906681
Episode:34/100, avg speed:15.583415197404497
Episode:34/100, avg halt num:0.24701858996843212
Episode:34/100, avg elec cons:2.25563367549393
 Retrying in 1 seconds
Warning: Unused states in tlLogic 'J10', program '0' in phase 0 after tl-index 10
Simulation......
总奖励:-6742.070439672497, 速度奖励:-1070.1000000000092, 加速度奖励:-782.4704396717983, 交通灯奖励:-4889.499999999951, 与前车进行交互的惩罚:0.0
Episode:35/100, Reward:-6742.070439672497
Episode:35/100, avg speed:15.679402374621617
Episode:35/100, avg halt num:0.24421857515852294
Episode:35/100, avg elec cons:2.4053943861432625
 Retrying in 1 seconds
Warning: Unused states in tlLogic 'J10', program '0' in phase 0 after tl-index 10
Simulation......
总奖励:-7094.7108894782505, 速度奖励:-1122.8099999999613, 加速度奖励:-804.7008894773538, 交通灯奖励:-5167.199999999698, 与前车进行交互的惩罚:0.0
Episode:36/100, Reward:-7094.7108894782505
Episode:36/100, avg speed:15.240888521271458
Episode:36/100, avg halt num:0.2808180799402316
Episode:36/100, avg elec cons:2.3640456945036195
 Retrying in 1 seconds
Warning: Unused states in tlLogic 'J10', program '0' in phase 0 after tl-index 10
Simulation......
总奖励:-7464.37526221164, 速度奖励:-1140.5699999999442, 加速度奖励:-810.9052622106612, 交通灯奖励:-5512.899999999415, 与前车进行交互的惩罚:0.0
Episode:37/100, Reward:-7464.37526221164
Episode:37/100, avg speed:14.899745231140992
Episode:37/100, avg halt num:0.31516687790452047
Episode:37/100, avg elec cons:2.655433659669962
 Retrying in 1 seconds
Warning: Unused states in tlLogic 'J10', program '0' in phase 0 after tl-index 10
Simulation......
总奖励:-6605.216383312507, 速度奖励:-1047.4800000000305, 加速度奖励:-770.1363833117892, 交通灯奖励:-4787.60000000004, 与前车进行交互的惩罚:0.0
Episode:38/100, Reward:-6605.216383312507
Episode:38/100, avg speed:15.724150126860472
Episode:38/100, avg halt num:0.2476798143851508
Episode:38/100, avg elec cons:2.5152724956628925
 Retrying in 1 seconds
Warning: Unused states in tlLogic 'J10', program '0' in phase 0 after tl-index 10
Simulation......
总奖励:-7410.282309624717, 速度奖励:-1145.759999999939, 加速度奖励:-799.8223096238045, 交通灯奖励:-5464.6999999995605, 与前车进行交互的惩罚:0.0
Episode:39/100, Reward:-7410.282309624717
Episode:39/100, avg speed:15.312541705433969
Episode:39/100, avg halt num:0.2782006920415225
Episode:39/100, avg elec cons:2.2122321524430957
 Retrying in 1 seconds
Warning: Unused states in tlLogic 'J10', program '0' in phase 0 after tl-index 10
Simulation......
总奖励:-7154.0716661332235, 速度奖励:-1104.689999999978, 加速度奖励:-815.5816661323621, 交通灯奖励:-5233.799999999755, 与前车进行交互的惩罚:0.0
Episode:40/100, Reward:-7154.0716661332235
Episode:40/100, avg speed:15.373769099926397
Episode:40/100, avg halt num:0.257655851257747
Episode:40/100, avg elec cons:2.293305728944287
 Retrying in 1 seconds
Warning: Unused states in tlLogic 'J10', program '0' in phase 0 after tl-index 10
Simulation......
总奖励:-6823.294926492853, 速度奖励:-1092.7199999999882, 加速度奖励:-785.17492649206, 交通灯奖励:-4945.399999999897, 与前车进行交互的惩罚:0.0
Episode:41/100, Reward:-6823.294926492853
Episode:41/100, avg speed:15.362747704087495
Episode:41/100, avg halt num:0.26030269876002915
Episode:41/100, avg elec cons:2.3812536658869
 Retrying in 1 seconds
Warning: Unused states in tlLogic 'J10', program '0' in phase 0 after tl-index 10
Simulation......
总奖励:-7291.072103953609, 速度奖励:-1118.6999999999643, 加速度奖励:-815.8721039527566, 交通灯奖励:-5356.499999999518, 与前车进行交互的惩罚:0.0
Episode:42/100, Reward:-7291.072103953609
Episode:42/100, avg speed:15.20414437304238
Episode:42/100, avg halt num:0.28415614236509756
Episode:42/100, avg elec cons:2.4240735418598143
 Retrying in 1 seconds
Warning: Unused states in tlLogic 'J10', program '0' in phase 0 after tl-index 10
Simulation......
总奖励:-6938.259497954852, 速度奖励:-1108.319999999973, 加速度奖励:-779.5394979540401, 交通灯奖励:-5050.39999999979, 与前车进行交互的惩罚:0.0
Episode:43/100, Reward:-6938.259497954852
Episode:43/100, avg speed:15.035277704526122
Episode:43/100, avg halt num:0.2804160125588697
Episode:43/100, avg elec cons:2.577987550142595
 Retrying in 1 seconds
Warning: Unused states in tlLogic 'J10', program '0' in phase 0 after tl-index 10
Simulation......
总奖励:-7037.805389718162, 速度奖励:-1107.7199999999737, 加速度奖励:-781.1853897172596, 交通灯奖励:-5148.89999999969, 与前车进行交互的惩罚:0.0
Episode:44/100, Reward:-7037.805389718162
Episode:44/100, avg speed:15.371488251652176
Episode:44/100, avg halt num:0.2696555597154624
Episode:44/100, avg elec cons:2.448380677749845
 Retrying in 1 seconds
Warning: Unused states in tlLogic 'J10', program '0' in phase 0 after tl-index 10
Simulation......
总奖励:-7226.404679649386, 速度奖励:-1142.0999999999428, 加速度奖励:-805.8046796484851, 交通灯奖励:-5278.499999999732, 与前车进行交互的惩罚:0.0
Episode:45/100, Reward:-7226.404679649386
Episode:45/100, avg speed:14.824956111063328
Episode:45/100, avg halt num:0.302956147220047
Episode:45/100, avg elec cons:2.4908920757001316
 Retrying in 1 seconds
Warning: Unused states in tlLogic 'J10', program '0' in phase 0 after tl-index 10
Simulation......
总奖励:-6766.9912216974, 速度奖励:-1070.970000000008, 加速度奖励:-776.6212216965489, 交通灯奖励:-4919.3999999998605, 与前车进行交互的惩罚:0.0
Episode:46/100, Reward:-6766.9912216974
Episode:46/100, avg speed:15.873552628911199
Episode:46/100, avg halt num:0.22337962962962962
Episode:46/100, avg elec cons:2.1570318998416753
 Retrying in 1 seconds
Warning: Unused states in tlLogic 'J10', program '0' in phase 0 after tl-index 10
Simulation......
总奖励:-7433.540204221597, 速度奖励:-1135.8899999999483, 加速度奖励:-808.350204220574, 交通灯奖励:-5489.2999999993945, 与前车进行交互的惩罚:0.0
Episode:47/100, Reward:-7433.540204221597
Episode:47/100, avg speed:15.041150424492804
Episode:47/100, avg halt num:0.28933333333333333
Episode:47/100, avg elec cons:2.43432302209577
 Retrying in 1 seconds
Warning: Unused states in tlLogic 'J10', program '0' in phase 0 after tl-index 10
Simulation......
总奖励:-7218.0847494933705, 速度奖励:-1121.519999999961, 加速度奖励:-805.1647494924362, 交通灯奖励:-5291.3999999996595, 与前车进行交互的惩罚:0.0
Episode:48/100, Reward:-7218.0847494933705
Episode:48/100, avg speed:15.068438137356193
Episode:48/100, avg halt num:0.2857142857142857
Episode:48/100, avg elec cons:2.5203229493873436
 Retrying in 1 seconds
Warning: Unused states in tlLogic 'J10', program '0' in phase 0 after tl-index 10
Simulation......
总奖励:-7032.585535163209, 速度奖励:-1071.9300000000067, 加速度奖励:-777.0555351623295, 交通灯奖励:-5183.599999999787, 与前车进行交互的惩罚:0.0
Episode:49/100, Reward:-7032.585535163209
Episode:49/100, avg speed:15.791301855032513
Episode:49/100, avg halt num:0.21381475667189953
Episode:49/100, avg elec cons:2.0866668530915935
 Retrying in 1 seconds
Warning: Unused states in tlLogic 'J10', program '0' in phase 0 after tl-index 10
Simulation......
总奖励:-6586.247955798854, 速度奖励:-1099.2299999999825, 加速度奖励:-794.9179557980632, 交通灯奖励:-4692.1000000001, 与前车进行交互的惩罚:0.0
Episode:50/100, Reward:-6586.247955798854
Episode:50/100, avg speed:15.225578668258816
Episode:50/100, avg halt num:0.260978561549101
Episode:50/100, avg elec cons:2.2294263627537503
 Retrying in 1 seconds
Warning: Unused states in tlLogic 'J10', program '0' in phase 0 after tl-index 10
Simulation......
总奖励:-6790.732447384932, 速度奖励:-1088.1899999999928, 加速度奖励:-769.7424473840771, 交通灯奖励:-4932.7999999998065, 与前车进行交互的惩罚:0.0
Episode:51/100, Reward:-6790.732447384932
Episode:51/100, avg speed:15.832783150182603
Episode:51/100, avg halt num:0.23283657066309443
Episode:51/100, avg elec cons:2.201868920432731
 Retrying in 1 seconds
Warning: Unused states in tlLogic 'J10', program '0' in phase 0 after tl-index 10
Simulation......
总奖励:-7142.750221099297, 速度奖励:-1107.3599999999758, 加速度奖励:-795.6902210985027, 交通灯奖励:-5239.699999999662, 与前车进行交互的惩罚:0.0
Episode:52/100, Reward:-7142.750221099297
Episode:52/100, avg speed:15.340964142408373
Episode:52/100, avg halt num:0.26480384900074017
Episode:52/100, avg elec cons:2.372796628027427
 Retrying in 1 seconds
Warning: Unused states in tlLogic 'J10', program '0' in phase 0 after tl-index 10
Simulation......
总奖励:-7071.424610177656, 速度奖励:-1089.9599999999903, 加速度奖励:-784.7646101768235, 交通灯奖励:-5196.699999999685, 与前车进行交互的惩罚:0.0
Episode:53/100, Reward:-7071.424610177656
Episode:53/100, avg speed:15.487377438069235
Episode:53/100, avg halt num:0.23698884758364314
Episode:53/100, avg elec cons:2.1914874042088623
 Retrying in 1 seconds
Warning: Unused states in tlLogic 'J10', program '0' in phase 0 after tl-index 10
Simulation......
总奖励:-7102.4429106808775, 速度奖励:-1125.3299999999588, 加速度奖励:-810.5129106799445, 交通灯奖励:-5166.599999999746, 与前车进行交互的惩罚:0.0
Episode:54/100, Reward:-7102.4429106808775
Episode:54/100, avg speed:15.320627025719764
Episode:54/100, avg halt num:0.26702540578687367
Episode:54/100, avg elec cons:2.2250276945584955
 Retrying in 1 seconds
Warning: Unused states in tlLogic 'J10', program '0' in phase 0 after tl-index 10
Simulation......
总奖励:-6488.199298638439, 速度奖励:-1069.2000000000103, 加速度奖励:-758.9992986377184, 交通灯奖励:-4660.000000000076, 与前车进行交互的惩罚:0.0
Episode:55/100, Reward:-6488.199298638439
Episode:55/100, avg speed:15.097038983375663
Episode:55/100, avg halt num:0.2668408826945412
Episode:55/100, avg elec cons:2.5736051315003197
 Retrying in 1 seconds
Warning: Unused states in tlLogic 'J10', program '0' in phase 0 after tl-index 10
Simulation......
总奖励:-7180.623247815557, 速度奖励:-1128.9299999999553, 加速度奖励:-814.5932478146652, 交通灯奖励:-5237.099999999676, 与前车进行交互的惩罚:0.0
Episode:56/100, Reward:-7180.623247815557
Episode:56/100, avg speed:15.124452619907206
Episode:56/100, avg halt num:0.26944747364594696
Episode:56/100, avg elec cons:2.269067788356518
 Retrying in 1 seconds
Warning: Unused states in tlLogic 'J10', program '0' in phase 0 after tl-index 10
Simulation......
总奖励:-7125.668631900073, 速度奖励:-1127.9699999999552, 加速度奖励:-795.2986318992142, 交通灯奖励:-5202.3999999996995, 与前车进行交互的惩罚:0.0
Episode:57/100, Reward:-7125.668631900073
Episode:57/100, avg speed:15.07678918830872
Episode:57/100, avg halt num:0.30471621069824417
Episode:57/100, avg elec cons:2.643392948744093
 Retrying in 1 seconds
Warning: Unused states in tlLogic 'J10', program '0' in phase 0 after tl-index 10
Simulation......
总奖励:-7186.7245223541795, 速度奖励:-1094.9699999999862, 加速度奖励:-787.3545223533498, 交通灯奖励:-5304.3999999997, 与前车进行交互的惩罚:0.0
Episode:58/100, Reward:-7186.7245223541795
Episode:58/100, avg speed:15.381976801569984
Episode:58/100, avg halt num:0.27242953552997223
Episode:58/100, avg elec cons:2.5687608981288235
 Retrying in 1 seconds
Warning: Unused states in tlLogic 'J10', program '0' in phase 0 after tl-index 10
Simulation......
总奖励:-7598.857741337616, 速度奖励:-1141.8299999999438, 加速度奖励:-811.927741336672, 交通灯奖励:-5645.099999999401, 与前车进行交互的惩罚:0.0
Episode:59/100, Reward:-7598.857741337616
Episode:59/100, avg speed:15.333586453010325
Episode:59/100, avg halt num:0.28656429942418427
Episode:59/100, avg elec cons:2.395452610993153
 Retrying in 1 seconds
Warning: Unused states in tlLogic 'J10', program '0' in phase 0 after tl-index 10
Simulation......
总奖励:-6926.746085823699, 速度奖励:-1087.1399999999924, 加速度奖励:-787.8060858228847, 交通灯奖励:-5051.7999999998265, 与前车进行交互的惩罚:0.0
Episode:60/100, Reward:-6926.746085823699
Episode:60/100, avg speed:15.587099974711407
Episode:60/100, avg halt num:0.2386439545758183
Episode:60/100, avg elec cons:2.180708543667182
 Retrying in 1 seconds
Warning: Unused states in tlLogic 'J10', program '0' in phase 0 after tl-index 10
Simulation......
总奖励:-7183.181258304489, 速度奖励:-1133.5799999999501, 加速度奖励:-798.0012583035945, 交通灯奖励:-5251.599999999763, 与前车进行交互的惩罚:0.0
Episode:61/100, Reward:-7183.181258304489
Episode:61/100, avg speed:14.904993521849494
Episode:61/100, avg halt num:0.29704142011834317
Episode:61/100, avg elec cons:2.537479326202593
 Retrying in 1 seconds
Warning: Unused states in tlLogic 'J10', program '0' in phase 0 after tl-index 10
Simulation......
总奖励:-7316.191992748717, 速度奖励:-1103.879999999978, 加速度奖励:-805.7119927477806, 交通灯奖励:-5406.599999999467, 与前车进行交互的惩罚:0.0
Episode:62/100, Reward:-7316.191992748717
Episode:62/100, avg speed:15.29854312635768
Episode:62/100, avg halt num:0.25357018460466735
Episode:62/100, avg elec cons:2.2194841257369764
 Retrying in 1 seconds
Warning: Unused states in tlLogic 'J10', program '0' in phase 0 after tl-index 10
Simulation......
总奖励:-6963.414528734697, 速度奖励:-1105.2599999999768, 加速度奖励:-790.9545287338337, 交通灯奖励:-5067.199999999807, 与前车进行交互的惩罚:0.0
Episode:63/100, Reward:-6963.414528734697
Episode:63/100, avg speed:15.511641702607305
Episode:63/100, avg halt num:0.2467709041468389
Episode:63/100, avg elec cons:2.163754198295688
 Retrying in 1 seconds
Warning: Unused states in tlLogic 'J10', program '0' in phase 0 after tl-index 10
Simulation......
总奖励:-6966.437349803803, 速度奖励:-1105.8599999999758, 加速度奖励:-780.8773498029733, 交通灯奖励:-5079.699999999734, 与前车进行交互的惩罚:0.0
Episode:64/100, Reward:-6966.437349803803
Episode:64/100, avg speed:15.29468726593438
Episode:64/100, avg halt num:0.27497173011684883
Episode:64/100, avg elec cons:2.465103403494754
 Retrying in 1 seconds
Warning: Unused states in tlLogic 'J10', program '0' in phase 0 after tl-index 10
Simulation......
总奖励:-6767.381748475469, 速度奖励:-1065.9300000000126, 加速度奖励:-785.3517484746876, 交通灯奖励:-4916.099999999879, 与前车进行交互的惩罚:0.0
Episode:65/100, Reward:-6767.381748475469
Episode:65/100, avg speed:15.671810262078106
Episode:65/100, avg halt num:0.24035311248634875
Episode:65/100, avg elec cons:2.362929411447128
 Retrying in 1 seconds
Warning: Unused states in tlLogic 'J10', program '0' in phase 0 after tl-index 10
Simulation......
总奖励:-7153.910099628879, 速度奖励:-1109.489999999972, 加速度奖励:-787.1200996280415, 交通灯奖励:-5257.299999999775, 与前车进行交互的惩罚:0.0
Episode:66/100, Reward:-7153.910099628879
Episode:66/100, avg speed:15.797661893079368
Episode:66/100, avg halt num:0.24197470817120623
Episode:66/100, avg elec cons:2.1037109079809078
 Retrying in 1 seconds
Warning: Unused states in tlLogic 'J10', program '0' in phase 0 after tl-index 10
Simulation......
总奖励:-7047.201375466383, 速度奖励:-1089.3599999999915, 加速度奖励:-803.1413754656331, 交通灯奖励:-5154.699999999811, 与前车进行交互的惩罚:0.0
Episode:67/100, Reward:-7047.201375466383
Episode:67/100, avg speed:15.897303155507094
Episode:67/100, avg halt num:0.22745358090185677
Episode:67/100, avg elec cons:2.104945440241724
 Retrying in 1 seconds
Warning: Unused states in tlLogic 'J10', program '0' in phase 0 after tl-index 10
Simulation......
总奖励:-6814.785301213844, 速度奖励:-1067.0400000000113, 加速度奖励:-798.9453012130502, 交通灯奖励:-4948.799999999848, 与前车进行交互的惩罚:0.0
Episode:68/100, Reward:-6814.785301213844
Episode:68/100, avg speed:15.823157665171042
Episode:68/100, avg halt num:0.22473540457494026
Episode:68/100, avg elec cons:2.204552297932507
 Retrying in 1 seconds
Warning: Unused states in tlLogic 'J10', program '0' in phase 0 after tl-index 10
Simulation......
总奖励:-6995.0223223489875, 速度奖励:-1108.5899999999729, 加速度奖励:-779.6323223480802, 交通灯奖励:-5106.799999999809, 与前车进行交互的惩罚:0.0
Episode:69/100, Reward:-6995.0223223489875
Episode:69/100, avg speed:15.639696890929555
Episode:69/100, avg halt num:0.2409781576448243
Episode:69/100, avg elec cons:2.086229277274305
 Retrying in 1 seconds
Warning: Unused states in tlLogic 'J10', program '0' in phase 0 after tl-index 10
Simulation......
总奖励:-6689.027998890152, 速度奖励:-1081.2599999999986, 加速度奖励:-768.0679988893788, 交通灯奖励:-4839.6999999999725, 与前车进行交互的惩罚:0.0
Episode:70/100, Reward:-6689.027998890152
Episode:70/100, avg speed:15.556142480888449
Episode:70/100, avg halt num:0.23477486232588274
Episode:70/100, avg elec cons:2.1228985600501664
 Retrying in 1 seconds
Warning: Unused states in tlLogic 'J10', program '0' in phase 0 after tl-index 10
Simulation......
总奖励:-6840.260102436645, 速度奖励:-1062.9000000000158, 加速度奖励:-778.860102435776, 交通灯奖励:-4998.4999999998445, 与前车进行交互的惩罚:0.0
Episode:71/100, Reward:-6840.260102436645
Episode:71/100, avg speed:15.966716647459913
Episode:71/100, avg halt num:0.2202896138482024
Episode:71/100, avg elec cons:2.164299977125411
 Retrying in 1 seconds
Warning: Unused states in tlLogic 'J10', program '0' in phase 0 after tl-index 10
Simulation......
总奖励:-7146.657773805386, 速度奖励:-1106.3699999999767, 加速度奖励:-804.8877738045192, 交通灯奖励:-5235.3999999996995, 与前车进行交互的惩罚:0.0
Episode:72/100, Reward:-7146.657773805386
Episode:72/100, avg speed:14.780249452457571
Episode:72/100, avg halt num:0.2842284417549168
Episode:72/100, avg elec cons:2.4013157948789674
 Retrying in 1 seconds
Warning: Unused states in tlLogic 'J10', program '0' in phase 0 after tl-index 10
Simulation......
总奖励:-6832.2775348065925, 速度奖励:-1065.2700000000127, 加速度奖励:-780.6075348058012, 交通灯奖励:-4986.399999999931, 与前车进行交互的惩罚:0.0
Episode:73/100, Reward:-6832.2775348065925
Episode:73/100, avg speed:15.68449270041309
Episode:73/100, avg halt num:0.20566094549834388
Episode:73/100, avg elec cons:1.9830752269783845
 Retrying in 1 seconds
Warning: Unused states in tlLogic 'J10', program '0' in phase 0 after tl-index 10
Simulation......
总奖励:-7326.591722768619, 速度奖励:-1146.1799999999391, 加速度奖励:-817.8117227677258, 交通灯奖励:-5362.599999999513, 与前车进行交互的惩罚:0.0
Episode:74/100, Reward:-7326.591722768619
Episode:74/100, avg speed:15.331623686303342
Episode:74/100, avg halt num:0.27677304964539007
Episode:74/100, avg elec cons:2.2400329988644847
 Retrying in 1 seconds
Warning: Unused states in tlLogic 'J10', program '0' in phase 0 after tl-index 10
Simulation......
总奖励:-7607.265318968659, 速度奖励:-1168.3199999999194, 加速度奖励:-847.0453189676817, 交通灯奖励:-5591.89999999941, 与前车进行交互的惩罚:0.0
Episode:75/100, Reward:-7607.265318968659
Episode:75/100, avg speed:15.359027054092378
Episode:75/100, avg halt num:0.27156469408224676
Episode:75/100, avg elec cons:2.0579437474884372
 Retrying in 1 seconds
Warning: Unused states in tlLogic 'J10', program '0' in phase 0 after tl-index 10
Simulation......
总奖励:-6622.3795803453895, 速度奖励:-1043.880000000033, 加速度奖励:-754.8995803446511, 交通灯奖励:-4823.599999999957, 与前车进行交互的惩罚:0.0
Episode:76/100, Reward:-6622.3795803453895
Episode:76/100, avg speed:15.595621971734335
Episode:76/100, avg halt num:0.25132382892057026
Episode:76/100, avg elec cons:2.6997376837161324
 Retrying in 1 seconds
Warning: Unused states in tlLogic 'J10', program '0' in phase 0 after tl-index 10
Simulation......
总奖励:-7435.618780945703, 速度奖励:-1144.8899999999414, 加速度奖励:-809.9287809448199, 交通灯奖励:-5480.7999999995345, 与前车进行交互的惩罚:0.0
Episode:77/100, Reward:-7435.618780945703
Episode:77/100, avg speed:15.170082555196762
Episode:77/100, avg halt num:0.30593424218123494
Episode:77/100, avg elec cons:2.5107683726044185
 Retrying in 1 seconds
Warning: Unused states in tlLogic 'J10', program '0' in phase 0 after tl-index 10
Simulation......
总奖励:-6128.000153742529, 速度奖励:-1065.5700000000122, 加速度奖励:-752.0301537419316, 交通灯奖励:-4310.40000000045, 与前车进行交互的惩罚:0.0
Episode:78/100, Reward:-6128.000153742529
Episode:78/100, avg speed:15.215311696414922
Episode:78/100, avg halt num:0.2634387351778656
Episode:78/100, avg elec cons:2.6314030546453924
 Retrying in 1 seconds
Warning: Unused states in tlLogic 'J10', program '0' in phase 0 after tl-index 10
Simulation......
总奖励:-7326.568326276991, 速度奖励:-1142.609999999942, 加速度奖励:-789.258326276117, 交通灯奖励:-5394.699999999595, 与前车进行交互的惩罚:0.0
Episode:79/100, Reward:-7326.568326276991
Episode:79/100, avg speed:15.020191697732432
Episode:79/100, avg halt num:0.30614817688130336
Episode:79/100, avg elec cons:2.491990411855622
 Retrying in 1 seconds
Warning: Unused states in tlLogic 'J10', program '0' in phase 0 after tl-index 10
Simulation......
总奖励:-6835.407896767671, 速度奖励:-1099.1699999999812, 加速度奖励:-768.8378967667343, 交通灯奖励:-4967.399999999815, 与前车进行交互的惩罚:0.0
Episode:80/100, Reward:-6835.407896767671
Episode:80/100, avg speed:15.245509525835242
Episode:80/100, avg halt num:0.25778453829634934
Episode:80/100, avg elec cons:2.3814386104906142
 Retrying in 1 seconds
Warning: Unused states in tlLogic 'J10', program '0' in phase 0 after tl-index 10
Simulation......
总奖励:-6685.239251735789, 速度奖励:-1083.089999999997, 加速度奖励:-760.8492517350239, 交通灯奖励:-4841.299999999977, 与前车进行交互的惩罚:0.0
Episode:81/100, Reward:-6685.239251735789
Episode:81/100, avg speed:15.452453295783569
Episode:81/100, avg halt num:0.25759540570581696
Episode:81/100, avg elec cons:2.4320030930829057
 Retrying in 1 seconds
Warning: Unused states in tlLogic 'J10', program '0' in phase 0 after tl-index 10
Simulation......
总奖励:-7198.7626368226665, 速度奖励:-1101.5699999999802, 加速度奖励:-781.2926368218829, 交通灯奖励:-5315.899999999638, 与前车进行交互的惩罚:0.0
Episode:82/100, Reward:-7198.7626368226665
Episode:82/100, avg speed:15.20667409352409
Episode:82/100, avg halt num:0.284375
Episode:82/100, avg elec cons:2.619419292981583
 Retrying in 1 seconds
Warning: Unused states in tlLogic 'J10', program '0' in phase 0 after tl-index 10
Simulation......
总奖励:-7080.709724918958, 速度奖励:-1112.1899999999703, 加速度奖励:-797.2197249181063, 交通灯奖励:-5171.299999999724, 与前车进行交互的惩罚:0.0
Episode:83/100, Reward:-7080.709724918958
Episode:83/100, avg speed:15.429596294751475
Episode:83/100, avg halt num:0.26136363636363635
Episode:83/100, avg elec cons:2.255050721428057
 Retrying in 1 seconds
Warning: Unused states in tlLogic 'J10', program '0' in phase 0 after tl-index 10
Simulation......
总奖励:-7003.397025946858, 速度奖励:-1085.5499999999954, 加速度奖励:-805.3470259460955, 交通灯奖励:-5112.499999999845, 与前车进行交互的惩罚:0.0
Episode:84/100, Reward:-7003.397025946858
Episode:84/100, avg speed:15.198952393281948
Episode:84/100, avg halt num:0.2723731522173392
Episode:84/100, avg elec cons:2.529175923000178
 Retrying in 1 seconds
Warning: Unused states in tlLogic 'J10', program '0' in phase 0 after tl-index 10
Simulation......
总奖励:-7304.0945005970225, 速度奖励:-1122.359999999961, 加速度奖励:-805.53450059618, 交通灯奖励:-5376.199999999467, 与前车进行交互的惩罚:0.0
Episode:85/100, Reward:-7304.0945005970225
Episode:85/100, avg speed:15.618081317995259
Episode:85/100, avg halt num:0.25212080081438754
Episode:85/100, avg elec cons:2.149099442885727
 Retrying in 1 seconds
Warning: Unused states in tlLogic 'J10', program '0' in phase 0 after tl-index 10
Simulation......
总奖励:-6901.405620974034, 速度奖励:-1076.100000000003, 加速度奖励:-759.8056209731301, 交通灯奖励:-5065.49999999978, 与前车进行交互的惩罚:0.0
Episode:86/100, Reward:-6901.405620974034
Episode:86/100, avg speed:15.889911730975884
Episode:86/100, avg halt num:0.21480507425742573
Episode:86/100, avg elec cons:2.0510138535889726
 Retrying in 1 seconds
Warning: Unused states in tlLogic 'J10', program '0' in phase 0 after tl-index 10
Simulation......
总奖励:-7792.477256159789, 速度奖励:-1177.3199999999115, 加速度奖励:-836.2572561588278, 交通灯奖励:-5778.899999999305, 与前车进行交互的惩罚:0.0
Episode:87/100, Reward:-7792.477256159789
Episode:87/100, avg speed:14.917233793768734
Episode:87/100, avg halt num:0.34016222961730447
Episode:87/100, avg elec cons:2.566285295263431
 Retrying in 1 seconds
Warning: Unused states in tlLogic 'J10', program '0' in phase 0 after tl-index 10
Simulation......
总奖励:-7293.721845602878, 速度奖励:-1150.2299999999354, 加速度奖励:-821.3918456018857, 交通灯奖励:-5322.099999999588, 与前车进行交互的惩罚:0.0
Episode:88/100, Reward:-7293.721845602878
Episode:88/100, avg speed:15.329896362237678
Episode:88/100, avg halt num:0.27163461538461536
Episode:88/100, avg elec cons:2.1493895695035166
 Retrying in 1 seconds
Warning: Unused states in tlLogic 'J10', program '0' in phase 0 after tl-index 10
Simulation......
总奖励:-7345.435588499197, 速度奖励:-1147.6799999999375, 加速度奖励:-800.155588498273, 交通灯奖励:-5397.599999999554, 与前车进行交互的惩罚:0.0
Episode:89/100, Reward:-7345.435588499197
Episode:89/100, avg speed:14.995165675491474
Episode:89/100, avg halt num:0.2951533510034078
Episode:89/100, avg elec cons:2.428699007507676
 Retrying in 1 seconds
Warning: Unused states in tlLogic 'J10', program '0' in phase 0 after tl-index 10
Simulation......
总奖励:-6671.9723299860425, 速度奖励:-1068.6000000000104, 加速度奖励:-767.372329985284, 交通灯奖励:-4836.000000000085, 与前车进行交互的惩罚:0.0
Episode:90/100, Reward:-6671.9723299860425
Episode:90/100, avg speed:15.304603338611928
Episode:90/100, avg halt num:0.2634103367267032
Episode:90/100, avg elec cons:2.5767058285329414
 Retrying in 1 seconds
Warning: Unused states in tlLogic 'J10', program '0' in phase 0 after tl-index 10
Simulation......
总奖励:-7147.066411938016, 速度奖励:-1115.6399999999662, 加速度奖励:-792.1264119371044, 交通灯奖励:-5239.299999999762, 与前车进行交互的惩罚:0.0
Episode:91/100, Reward:-7147.066411938016
Episode:91/100, avg speed:14.915946808270087
Episode:91/100, avg halt num:0.29168301294625343
Episode:91/100, avg elec cons:2.5197125720588787
 Retrying in 1 seconds
Warning: Unused states in tlLogic 'J10', program '0' in phase 0 after tl-index 10
Simulation......
总奖励:-7120.974227781474, 速度奖励:-1127.309999999957, 加速度奖励:-800.9642277806488, 交通灯奖励:-5192.699999999804, 与前车进行交互的惩罚:0.0
Episode:92/100, Reward:-7120.974227781474
Episode:92/100, avg speed:15.028867846114437
Episode:92/100, avg halt num:0.2857549317147193
Episode:92/100, avg elec cons:2.4172485710083005
 Retrying in 1 seconds
Warning: Unused states in tlLogic 'J10', program '0' in phase 0 after tl-index 10
Simulation......
总奖励:-7188.106048079287, 速度奖励:-1137.2099999999475, 加速度奖励:-801.1960480783365, 交通灯奖励:-5249.699999999732, 与前车进行交互的惩罚:0.0
Episode:93/100, Reward:-7188.106048079287
Episode:93/100, avg speed:14.924765983939427
Episode:93/100, avg halt num:0.32037193575655115
Episode:93/100, avg elec cons:2.687908270922459
 Retrying in 1 seconds
Warning: Unused states in tlLogic 'J10', program '0' in phase 0 after tl-index 10
Simulation......
总奖励:-6932.301069109367, 速度奖励:-1096.0199999999843, 加速度奖励:-775.38106910852, 交通灯奖励:-5060.899999999797, 与前车进行交互的惩罚:0.0
Episode:94/100, Reward:-6932.301069109367
Episode:94/100, avg speed:15.559261812337498
Episode:94/100, avg halt num:0.24347014925373134
Episode:94/100, avg elec cons:2.223078522768474
 Retrying in 1 seconds
Warning: Unused states in tlLogic 'J10', program '0' in phase 0 after tl-index 10
Simulation......
总奖励:-7204.900695630023, 速度奖励:-1129.829999999954, 加速度奖励:-794.470695629096, 交通灯奖励:-5280.59999999966, 与前车进行交互的惩罚:0.0
Episode:95/100, Reward:-7204.900695630023
Episode:95/100, avg speed:14.787372148631166
Episode:95/100, avg halt num:0.2930149960536701
Episode:95/100, avg elec cons:2.5666830402329412
 Retrying in 1 seconds
Warning: Unused states in tlLogic 'J10', program '0' in phase 0 after tl-index 10
Simulation......
总奖励:-6625.076463785315, 速度奖励:-1070.5800000000086, 加速度奖励:-763.8964637844914, 交通灯奖励:-4790.600000000053, 与前车进行交互的惩罚:0.0
Episode:96/100, Reward:-6625.076463785315
Episode:96/100, avg speed:15.294311873630779
Episode:96/100, avg halt num:0.26245620864149477
Episode:96/100, avg elec cons:2.5874342431623365
 Retrying in 1 seconds
Warning: Unused states in tlLogic 'J10', program '0' in phase 0 after tl-index 10
Simulation......
总奖励:-7074.373658653973, 速度奖励:-1124.8499999999588, 加速度奖励:-785.023658653157, 交通灯奖励:-5164.499999999739, 与前车进行交互的惩罚:0.0
Episode:97/100, Reward:-7074.373658653973
Episode:97/100, avg speed:15.15950166821333
Episode:97/100, avg halt num:0.2930793777423215
Episode:97/100, avg elec cons:2.5539885126567476
 Retrying in 1 seconds
Warning: Unused states in tlLogic 'J10', program '0' in phase 0 after tl-index 10
Simulation......
总奖励:-6671.698564483259, 速度奖励:-1039.4100000000365, 加速度奖励:-767.5885644825593, 交通灯奖励:-4864.700000000042, 与前车进行交互的惩罚:0.0
Episode:98/100, Reward:-6671.698564483259
Episode:98/100, avg speed:15.34685426057601
Episode:98/100, avg halt num:0.2421875
Episode:98/100, avg elec cons:2.669968021149053
 Retrying in 1 seconds
Warning: Unused states in tlLogic 'J10', program '0' in phase 0 after tl-index 10
Simulation......
总奖励:-7092.173690675533, 速度奖励:-1084.1999999999962, 加速度奖励:-789.4736906746914, 交通灯奖励:-5218.499999999715, 与前车进行交互的惩罚:0.0
Episode:99/100, Reward:-7092.173690675533
Episode:99/100, avg speed:15.906102025962252
Episode:99/100, avg halt num:0.236967241986615
Episode:99/100, avg elec cons:2.276136182218608
 Retrying in 1 seconds
Warning: Unused states in tlLogic 'J10', program '0' in phase 0 after tl-index 10
Simulation......
总奖励:-6724.907423823102, 速度奖励:-1065.0300000000136, 加速度奖励:-780.2774238223387, 交通灯奖励:-4879.599999999943, 与前车进行交互的惩罚:0.0
Episode:100/100, Reward:-6724.907423823102
Episode:100/100, avg speed:15.902938011039142
Episode:100/100, avg halt num:0.2252991452991453
Episode:100/100, avg elec cons:2.2175244943537975
model saved successfully!
Complete training!
final reward list:[-9057.44834268016, -10622.523232251333, -7580.418319248448, -6767.172888543246, -6874.522092434895, -6930.846011844807, -7103.01702570794, -6644.356202224356, -6910.700875106452, -38936.487601824556, -7282.733320615209, -6635.56454996266, -6857.559346537773, -14662.900788546469, -19160.7575247807, -7224.125058647459, -7654.470620405673, -6737.747285211571, -7430.693051020327, -7057.979042606382, -7251.0082631781515, -6728.718740589642, -6701.522886806228, -6772.480157133332, -6649.975525728487, -7601.942135834882, -7154.5931001957615, -7225.005451139754, -7611.614823812329, -6902.4861840766525, -7143.853567682415, -7221.308343364191, -7051.233289118057, -6803.465604906681, -6742.070439672497, -7094.7108894782505, -7464.37526221164, -6605.216383312507, -7410.282309624717, -7154.0716661332235, -6823.294926492853, -7291.072103953609, -6938.259497954852, -7037.805389718162, -7226.404679649386, -6766.9912216974, -7433.540204221597, -7218.0847494933705, -7032.585535163209, -6586.247955798854, -6790.732447384932, -7142.750221099297, -7071.424610177656, -7102.4429106808775, -6488.199298638439, -7180.623247815557, -7125.668631900073, -7186.7245223541795, -7598.857741337616, -6926.746085823699, -7183.181258304489, -7316.191992748717, -6963.414528734697, -6966.437349803803, -6767.381748475469, -7153.910099628879, -7047.201375466383, -6814.785301213844, -6995.0223223489875, -6689.027998890152, -6840.260102436645, -7146.657773805386, -6832.2775348065925, -7326.591722768619, -7607.265318968659, -6622.3795803453895, -7435.618780945703, -6128.000153742529, -7326.568326276991, -6835.407896767671, -6685.239251735789, -7198.7626368226665, -7080.709724918958, -7003.397025946858, -7304.0945005970225, -6901.405620974034, -7792.477256159789, -7293.721845602878, -7345.435588499197, -6671.9723299860425, -7147.066411938016, -7120.974227781474, -7188.106048079287, -6932.301069109367, -7204.900695630023, -6625.076463785315, -7074.373658653973, -6671.698564483259, -7092.173690675533, -6724.907423823102]
final speed list:[14.437917980568516, 14.017458994774065, 15.657441748050596, 15.180946944438496, 15.442064003035668, 15.392720579554522, 15.671960660433209, 15.716754610718901, 15.594839981264007, 6.879847213895061, 15.404379421189276, 15.717767511045384, 15.856347708482932, 12.003138831363165, 11.523618372634147, 14.87211357118921, 15.279318122435434, 14.648081079881957, 15.285514930167642, 15.60925219184063, 15.242581250611266, 15.423438481694651, 15.817849161945151, 15.585464344436895, 15.719092007553458, 15.023880986626695, 15.364438907212035, 14.722162123136679, 15.004224036275113, 15.592541876095757, 15.49968044537739, 15.05838559922346, 15.349745993065891, 15.583415197404497, 15.679402374621617, 15.240888521271458, 14.899745231140992, 15.724150126860472, 15.312541705433969, 15.373769099926397, 15.362747704087495, 15.20414437304238, 15.035277704526122, 15.371488251652176, 14.824956111063328, 15.873552628911199, 15.041150424492804, 15.068438137356193, 15.791301855032513, 15.225578668258816, 15.832783150182603, 15.340964142408373, 15.487377438069235, 15.320627025719764, 15.097038983375663, 15.124452619907206, 15.07678918830872, 15.381976801569984, 15.333586453010325, 15.587099974711407, 14.904993521849494, 15.29854312635768, 15.511641702607305, 15.29468726593438, 15.671810262078106, 15.797661893079368, 15.897303155507094, 15.823157665171042, 15.639696890929555, 15.556142480888449, 15.966716647459913, 14.780249452457571, 15.68449270041309, 15.331623686303342, 15.359027054092378, 15.595621971734335, 15.170082555196762, 15.215311696414922, 15.020191697732432, 15.245509525835242, 15.452453295783569, 15.20667409352409, 15.429596294751475, 15.198952393281948, 15.618081317995259, 15.889911730975884, 14.917233793768734, 15.329896362237678, 14.995165675491474, 15.304603338611928, 14.915946808270087, 15.028867846114437, 14.924765983939427, 15.559261812337498, 14.787372148631166, 15.294311873630779, 15.15950166821333, 15.34685426057601, 15.906102025962252, 15.902938011039142]
final elec cons list:[1.762902998089894, 1.8991220424325361, 2.0400058796047706, 2.517761405001358, 2.595417889836701, 2.326385951692707, 2.2252208697171167, 2.0809409799729486, 2.1254723340472585, 0.6725694464603651, 2.153709802554774, 2.230880953508421, 2.0975265344806364, 1.5768813552437007, 1.8496019478966357, 2.307545748697721, 2.114048790494206, 2.5780502513957035, 2.2919676812932517, 2.172015173172163, 2.4883226419394924, 2.4998704570966286, 2.1663215363277346, 2.158334954559049, 2.219750884198631, 2.424450918561843, 2.2392140646227263, 2.6052240374877074, 2.438846957811734, 2.3357770952102377, 2.4316965961393953, 2.4145856923474107, 2.312632109159122, 2.25563367549393, 2.4053943861432625, 2.3640456945036195, 2.655433659669962, 2.5152724956628925, 2.2122321524430957, 2.293305728944287, 2.3812536658869, 2.4240735418598143, 2.577987550142595, 2.448380677749845, 2.4908920757001316, 2.1570318998416753, 2.43432302209577, 2.5203229493873436, 2.0866668530915935, 2.2294263627537503, 2.201868920432731, 2.372796628027427, 2.1914874042088623, 2.2250276945584955, 2.5736051315003197, 2.269067788356518, 2.643392948744093, 2.5687608981288235, 2.395452610993153, 2.180708543667182, 2.537479326202593, 2.2194841257369764, 2.163754198295688, 2.465103403494754, 2.362929411447128, 2.1037109079809078, 2.104945440241724, 2.204552297932507, 2.086229277274305, 2.1228985600501664, 2.164299977125411, 2.4013157948789674, 1.9830752269783845, 2.2400329988644847, 2.0579437474884372, 2.6997376837161324, 2.5107683726044185, 2.6314030546453924, 2.491990411855622, 2.3814386104906142, 2.4320030930829057, 2.619419292981583, 2.255050721428057, 2.529175923000178, 2.149099442885727, 2.0510138535889726, 2.566285295263431, 2.1493895695035166, 2.428699007507676, 2.5767058285329414, 2.5197125720588787, 2.4172485710083005, 2.687908270922459, 2.223078522768474, 2.5666830402329412, 2.5874342431623365, 2.5539885126567476, 2.669968021149053, 2.276136182218608, 2.2175244943537975]
final halt list:[0.3433744722312439, 0.4596020761245675, 0.2687152664269369, 0.2661600615621393, 0.27157258064516127, 0.2700286123032904, 0.25412371134020617, 0.22265994327135202, 0.23322475570032572, 0.39783759929391, 0.24699599465954605, 0.24136740331491713, 0.21837444655281468, 0.25360230547550433, 0.30920571010248904, 0.20283377710155953, 0.21201873048907388, 0.24249797242497972, 0.27699530516431925, 0.23931841302136317, 0.2978142076502732, 0.2603415559772296, 0.23569251608533695, 0.24735624586913418, 0.23814764646122588, 0.3095834940223679, 0.2565858798735511, 0.3057842733635241, 0.308397100281917, 0.24641106442577032, 0.25957566654149455, 0.2993709492947007, 0.25035075412136093, 0.24701858996843212, 0.24421857515852294, 0.2808180799402316, 0.31516687790452047, 0.2476798143851508, 0.2782006920415225, 0.257655851257747, 0.26030269876002915, 0.28415614236509756, 0.2804160125588697, 0.2696555597154624, 0.302956147220047, 0.22337962962962962, 0.28933333333333333, 0.2857142857142857, 0.21381475667189953, 0.260978561549101, 0.23283657066309443, 0.26480384900074017, 0.23698884758364314, 0.26702540578687367, 0.2668408826945412, 0.26944747364594696, 0.30471621069824417, 0.27242953552997223, 0.28656429942418427, 0.2386439545758183, 0.29704142011834317, 0.25357018460466735, 0.2467709041468389, 0.27497173011684883, 0.24035311248634875, 0.24197470817120623, 0.22745358090185677, 0.22473540457494026, 0.2409781576448243, 0.23477486232588274, 0.2202896138482024, 0.2842284417549168, 0.20566094549834388, 0.27677304964539007, 0.27156469408224676, 0.25132382892057026, 0.30593424218123494, 0.2634387351778656, 0.30614817688130336, 0.25778453829634934, 0.25759540570581696, 0.284375, 0.26136363636363635, 0.2723731522173392, 0.25212080081438754, 0.21480507425742573, 0.34016222961730447, 0.27163461538461536, 0.2951533510034078, 0.2634103367267032, 0.29168301294625343, 0.2857549317147193, 0.32037193575655115, 0.24347014925373134, 0.2930149960536701, 0.26245620864149477, 0.2930793777423215, 0.2421875, 0.236967241986615, 0.2252991452991453]
speed reward list:[-1440.5099999996771, -1692.3899999994421, -1154.969999999932, -1064.3400000000142, -1078.200000000002, -1102.4099999999787, -1104.4499999999769, -1065.7800000000125, -1081.079999999999, -5517.47999999595, -1146.8099999999386, -1073.6700000000053, -1063.5300000000148, -2114.639999999056, -2799.3299999983215, -1159.0499999999308, -1137.4799999999502, -1087.319999999996, -1146.899999999938, -1100.9099999999803, -1140.6899999999441, -1073.640000000005, -1082.8199999999977, -1107.1499999999744, -1077.3000000000025, -1164.659999999922, -1116.239999999967, -1125.179999999959, -1156.6799999999298, -1091.1599999999892, -1079.5200000000004, -1145.6399999999398, -1090.7399999999898, -1098.1199999999837, -1070.1000000000092, -1122.8099999999613, -1140.5699999999442, -1047.4800000000305, -1145.759999999939, -1104.689999999978, -1092.7199999999882, -1118.6999999999643, -1108.319999999973, -1107.7199999999737, -1142.0999999999428, -1070.970000000008, -1135.8899999999483, -1121.519999999961, -1071.9300000000067, -1099.2299999999825, -1088.1899999999928, -1107.3599999999758, -1089.9599999999903, -1125.3299999999588, -1069.2000000000103, -1128.9299999999553, -1127.9699999999552, -1094.9699999999862, -1141.8299999999438, -1087.1399999999924, -1133.5799999999501, -1103.879999999978, -1105.2599999999768, -1105.8599999999758, -1065.9300000000126, -1109.489999999972, -1089.3599999999915, -1067.0400000000113, -1108.5899999999729, -1081.2599999999986, -1062.9000000000158, -1106.3699999999767, -1065.2700000000127, -1146.1799999999391, -1168.3199999999194, -1043.880000000033, -1144.8899999999414, -1065.5700000000122, -1142.609999999942, -1099.1699999999812, -1083.089999999997, -1101.5699999999802, -1112.1899999999703, -1085.5499999999954, -1122.359999999961, -1076.100000000003, -1177.3199999999115, -1150.2299999999354, -1147.6799999999375, -1068.6000000000104, -1115.6399999999662, -1127.309999999957, -1137.2099999999475, -1096.0199999999843, -1129.829999999954, -1070.5800000000086, -1124.8499999999588, -1039.4100000000365, -1084.1999999999962, -1065.0300000000136]
accel reward list:[-711.2383426792711, -681.333232250229, -829.548319247444, -769.0328885424155, -787.8220924341422, -773.7360118438621, -794.0670257070905, -771.4762022236176, -785.5208751056084, -8312.407601824849, -856.2233206143317, -776.9945499619173, -767.9293465370052, -2539.4607885454857, -3459.327524778927, -933.575058646698, -871.3906204048105, -856.527285210879, -813.7930510194057, -802.3690426055053, -797.0182631772468, -763.2787405888884, -787.8028868054014, -774.830157132478, -766.1755257276902, -809.082135833964, -810.053100194879, -804.2254511389153, -853.3348238114363, -760.1261840757883, -786.433567681617, -803.368343363288, -777.1932891171948, -791.4456049058922, -782.4704396717983, -804.7008894773538, -810.9052622106612, -770.1363833117892, -799.8223096238045, -815.5816661323621, -785.17492649206, -815.8721039527566, -779.5394979540401, -781.1853897172596, -805.8046796484851, -776.6212216965489, -808.350204220574, -805.1647494924362, -777.0555351623295, -794.9179557980632, -769.7424473840771, -795.6902210985027, -784.7646101768235, -810.5129106799445, -758.9992986377184, -814.5932478146652, -795.2986318992142, -787.3545223533498, -811.927741336672, -787.8060858228847, -798.0012583035945, -805.7119927477806, -790.9545287338337, -780.8773498029733, -785.3517484746876, -787.1200996280415, -803.1413754656331, -798.9453012130502, -779.6323223480802, -768.0679988893788, -778.860102435776, -804.8877738045192, -780.6075348058012, -817.8117227677258, -847.0453189676817, -754.8995803446511, -809.9287809448199, -752.0301537419316, -789.258326276117, -768.8378967667343, -760.8492517350239, -781.2926368218829, -797.2197249181063, -805.3470259460955, -805.53450059618, -759.8056209731301, -836.2572561588278, -821.3918456018857, -800.155588498273, -767.372329985284, -792.1264119371044, -800.9642277806488, -801.1960480783365, -775.38106910852, -794.470695629096, -763.8964637844914, -785.023658653157, -767.5885644825593, -789.4736906746914, -780.2774238223387]
tls reward list:[-6905.69999999859, -8248.799999997547, -5595.89999999946, -4933.7999999998665, -5008.499999999926, -5054.699999999804, -5204.499999999688, -4807.100000000083, -5044.099999999931, -25106.600000015573, -5279.699999999675, -4784.900000000034, -5026.099999999909, -10008.799999996758, -12902.099999994423, -5131.499999999778, -5645.599999999397, -4793.89999999998, -5469.999999999548, -5154.6999999997415, -5313.299999999618, -4891.79999999991, -4830.899999999954, -4890.499999999827, -4806.500000000013, -5628.199999999438, -5228.299999999618, -5295.599999999655, -5601.5999999994765, -5051.199999999744, -5277.899999999732, -5272.299999999675, -5183.299999999693, -4913.899999999864, -4889.499999999951, -5167.199999999698, -5512.899999999415, -4787.60000000004, -5464.6999999995605, -5233.799999999755, -4945.399999999897, -5356.499999999518, -5050.39999999979, -5148.89999999969, -5278.499999999732, -4919.3999999998605, -5489.2999999993945, -5291.3999999996595, -5183.599999999787, -4692.1000000001, -4932.7999999998065, -5239.699999999662, -5196.699999999685, -5166.599999999746, -4660.000000000076, -5237.099999999676, -5202.3999999996995, -5304.3999999997, -5645.099999999401, -5051.7999999998265, -5251.599999999763, -5406.599999999467, -5067.199999999807, -5079.699999999734, -4916.099999999879, -5257.299999999775, -5154.699999999811, -4948.799999999848, -5106.799999999809, -4839.6999999999725, -4998.4999999998445, -5235.3999999996995, -4986.399999999931, -5362.599999999513, -5591.89999999941, -4823.599999999957, -5480.7999999995345, -4310.40000000045, -5394.699999999595, -4967.399999999815, -4841.299999999977, -5315.899999999638, -5171.299999999724, -5112.499999999845, -5376.199999999467, -5065.49999999978, -5778.899999999305, -5322.099999999588, -5397.599999999554, -4836.000000000085, -5239.299999999762, -5192.699999999804, -5249.699999999732, -5060.899999999797, -5280.59999999966, -4790.600000000053, -5164.499999999739, -4864.700000000042, -5218.499999999715, -4879.599999999943]
extra reward list:[0.0, 0.0, 0.0, 0.0, 0.0, 0.0, 0.0, 0.0, 0.0, 0.0, 0.0, 0.0, 0.0, 0.0, 0.0, 0.0, 0.0, 0.0, 0.0, 0.0, 0.0, 0.0, 0.0, 0.0, 0.0, 0.0, 0.0, 0.0, 0.0, 0.0, 0.0, 0.0, 0.0, 0.0, 0.0, 0.0, 0.0, 0.0, 0.0, 0.0, 0.0, 0.0, 0.0, 0.0, 0.0, 0.0, 0.0, 0.0, 0.0, 0.0, 0.0, 0.0, 0.0, 0.0, 0.0, 0.0, 0.0, 0.0, 0.0, 0.0, 0.0, 0.0, 0.0, 0.0, 0.0, 0.0, 0.0, 0.0, 0.0, 0.0, 0.0, 0.0, 0.0, 0.0, 0.0, 0.0, 0.0, 0.0, 0.0, 0.0, 0.0, 0.0, 0.0, 0.0, 0.0, 0.0, 0.0, 0.0, 0.0, 0.0, 0.0, 0.0, 0.0, 0.0, 0.0, 0.0, 0.0, 0.0, 0.0, 0.0]
