nohup: 忽略输入
Env:sumo, Algorithm:TD3, Device:cuda
-----------------------------------------
models/reward_s5e-2(-5, 1)_a24e-2_t(-2_0.1)_safe(3, -0.7)_47.pth
-----------------------------------------
 Retrying in 1 seconds
Warning: Unused states in tlLogic 'J10', program '0' in phase 0 after tl-index 10
Simulation......
总奖励:-28441.109286138155, 速度奖励:-4668.849999999919, 加速度奖励:-4731.359286135893, 交通灯奖励:-15722.89999999723, 与前车进行交互的惩罚:-3317.999999999764
Episode:1/100, Reward:-28441.109286138155
Episode:1/100, avg speed:13.37278927500111
Episode:1/100, avg halt num:0.591321243523316
Episode:1/100, avg elec cons:1.7438434686977136
 Retrying in 1 seconds
Warning: Unused states in tlLogic 'J10', program '0' in phase 0 after tl-index 10
Simulation......
总奖励:-25954.287144234648, 速度奖励:-4187.699999999919, 加速度奖励:-4612.0871442325715, 交通灯奖励:-14042.99999999756, 与前车进行交互的惩罚:-3111.4999999998176
Episode:2/100, Reward:-25954.287144234648
Episode:2/100, avg speed:13.303176357930443
Episode:2/100, avg halt num:0.5567028351417571
Episode:2/100, avg elec cons:1.9432303804893254
 Retrying in 1 seconds
Warning: Unused states in tlLogic 'J10', program '0' in phase 0 after tl-index 10
Simulation......
总奖励:-17878.422393825826, 速度奖励:-2498.449999999998, 加速度奖励:-4962.172393825994, 交通灯奖励:-8450.799999998935, 与前车进行交互的惩罚:-1967.0000000000887
Episode:3/100, Reward:-17878.422393825826
Episode:3/100, avg speed:15.471688285791963
Episode:3/100, avg halt num:0.27066993464052286
Episode:3/100, avg elec cons:1.995083906955107
 Retrying in 1 seconds
Warning: Unused states in tlLogic 'J10', program '0' in phase 0 after tl-index 10
Simulation......
总奖励:-16079.795737328659, 速度奖励:-2386.6000000000013, 加速度奖励:-4591.895737329391, 交通灯奖励:-7318.399999999181, 与前车进行交互的惩罚:-1782.9000000000767
Episode:4/100, Reward:-16079.795737328659
Episode:4/100, avg speed:14.740420340429617
Episode:4/100, avg halt num:0.2639637904468413
Episode:4/100, avg elec cons:2.409571808351291
 Retrying in 1 seconds
Warning: Unused states in tlLogic 'J10', program '0' in phase 0 after tl-index 10
Simulation......
总奖励:-15181.193753436952, 速度奖励:-3477.899999999896, 加速度奖励:-3550.1937534373346, 交通灯奖励:-6825.8999999979815, 与前车进行交互的惩罚:-1327.200000000047
Episode:5/100, Reward:-15181.193753436952
Episode:5/100, avg speed:11.551090971868943
Episode:5/100, avg halt num:0.17323529411764707
Episode:5/100, avg elec cons:1.2835582029480626
 Retrying in 1 seconds
Warning: Unused states in tlLogic 'J10', program '0' in phase 0 after tl-index 10
Simulation......
总奖励:-10474.887532648683, 速度奖励:-3184.349999999916, 加速度奖励:-3220.137532649138, 交通灯奖励:-3041.4000000007245, 与前车进行交互的惩罚:-1029.0000000000277
Episode:6/100, Reward:-10474.887532648683
Episode:6/100, avg speed:12.39460473155035
Episode:6/100, avg halt num:0.17621067515022976
Episode:6/100, avg elec cons:1.2298448044238763
 Retrying in 1 seconds
Warning: Unused states in tlLogic 'J10', program '0' in phase 0 after tl-index 10
Simulation......
总奖励:-11225.453876953043, 速度奖励:-3844.3499999999344, 加速度奖励:-3231.603876953511, 交通灯奖励:-2953.2000000008093, 与前车进行交互的惩罚:-1196.3000000000386
Episode:7/100, Reward:-11225.453876953043
Episode:7/100, avg speed:11.807935865977122
Episode:7/100, avg halt num:0.2037285858246557
Episode:7/100, avg elec cons:0.7609229239466594
 Retrying in 1 seconds
Warning: Unused states in tlLogic 'J10', program '0' in phase 0 after tl-index 10
Simulation......
总奖励:-13023.061773368912, 速度奖励:-4311.899999999943, 加速度奖励:-3292.3617733693663, 交通灯奖励:-4337.99999999996, 与前车进行交互的惩罚:-1080.800000000031
Episode:8/100, Reward:-13023.061773368912
Episode:8/100, avg speed:11.502778795065902
Episode:8/100, avg halt num:0.1884266263237519
Episode:8/100, avg elec cons:0.5053560801749094
 Retrying in 1 seconds
Warning: Unused states in tlLogic 'J10', program '0' in phase 0 after tl-index 10
Simulation......
总奖励:-8204.389549144356, 速度奖励:-3592.3499999999403, 加速度奖励:-2254.5395491444137, 交通灯奖励:-1957.8000000004677, 与前车进行交互的惩罚:-399.69999999999595
Episode:9/100, Reward:-8204.389549144356
Episode:9/100, avg speed:11.946641693072737
Episode:9/100, avg halt num:0.05810082435003171
Episode:9/100, avg elec cons:0.627003615537435
 Retrying in 1 seconds
Warning: Unused states in tlLogic 'J10', program '0' in phase 0 after tl-index 10
Simulation......
总奖励:-7996.423906239061, 速度奖励:-3677.6499999999623, 加速度奖励:-2264.673906239096, 交通灯奖励:-1593.500000000809, 与前车进行交互的惩罚:-460.59999999999496
Episode:10/100, Reward:-7996.423906239061
Episode:10/100, avg speed:11.735460220226669
Episode:10/100, avg halt num:0.03690436521159614
Episode:10/100, avg elec cons:0.572977559954769
 Retrying in 1 seconds
Warning: Unused states in tlLogic 'J10', program '0' in phase 0 after tl-index 10
Simulation......
总奖励:-11954.49127793361, 速度奖励:-4791.849999999965, 加速度奖励:-2885.9412779339496, 交通灯奖励:-3457.700000001035, 与前车进行交互的惩罚:-819.0000000000141
Episode:11/100, Reward:-11954.49127793361
Episode:11/100, avg speed:11.124697537113555
Episode:11/100, avg halt num:0.1647640791476408
Episode:11/100, avg elec cons:0.34273971489671784
 Retrying in 1 seconds
Warning: Unused states in tlLogic 'J10', program '0' in phase 0 after tl-index 10
Simulation......
总奖励:-14520.266779014788, 速度奖励:-5237.549999999955, 加速度奖励:-3267.816779015207, 交通灯奖励:-4957.199999999002, 与前车进行交互的惩罚:-1057.7000000000296
Episode:12/100, Reward:-14520.266779014788
Episode:12/100, avg speed:10.346288519581115
Episode:12/100, avg halt num:0.15433843085106383
Episode:12/100, avg elec cons:0.3743609904982226
 Retrying in 1 seconds
Warning: Unused states in tlLogic 'J10', program '0' in phase 0 after tl-index 10
Simulation......
总奖励:-18860.83337336432, 速度奖励:-5491.549999999955, 加速度奖励:-5325.68337336458, 交通灯奖励:-6666.699999997021, 与前车进行交互的惩罚:-1376.9000000000503
Episode:13/100, Reward:-18860.83337336432
Episode:13/100, avg speed:10.515013984481437
Episode:13/100, avg halt num:0.22933452700686363
Episode:13/100, avg elec cons:0.37879156915373885
 Retrying in 1 seconds
Warning: Unused states in tlLogic 'J10', program '0' in phase 0 after tl-index 10
Simulation......
总奖励:-9190.156235654706, 速度奖励:-3763.74999999993, 加速度奖励:-3046.706235654686, 交通灯奖励:-1786.1000000005965, 与前车进行交互的惩罚:-593.5999999999995
Episode:14/100, Reward:-9190.156235654706
Episode:14/100, avg speed:11.571018279938743
Episode:14/100, avg halt num:0.019083969465648856
Episode:14/100, avg elec cons:0.9735909383241645
 Retrying in 1 seconds
Warning: Unused states in tlLogic 'J10', program '0' in phase 0 after tl-index 10
Simulation......
总奖励:-7525.455423367707, 速度奖励:-2893.0499999999643, 加速度奖励:-2847.7054233678036, 交通灯奖励:-1261.7999999999088, 与前车进行交互的惩罚:-522.8999999999949
Episode:15/100, Reward:-7525.455423367707
Episode:15/100, avg speed:13.540967175448149
Episode:15/100, avg halt num:0.0271978021978022
Episode:15/100, avg elec cons:1.4521494615277513
 Retrying in 1 seconds
Warning: Unused states in tlLogic 'J10', program '0' in phase 0 after tl-index 10
Simulation......
总奖励:-21856.357103635866, 速度奖励:-6335.399999999929, 加速度奖励:-3906.657103635511, 交通灯奖励:-9036.899999996758, 与前车进行交互的惩罚:-2577.3999999999564
Episode:16/100, Reward:-21856.357103635866
Episode:16/100, avg speed:10.305170939454792
Episode:16/100, avg halt num:0.5429843693202472
Episode:16/100, avg elec cons:0.5905087487676223
 Retrying in 1 seconds
Warning: Unused states in tlLogic 'J10', program '0' in phase 0 after tl-index 10
Simulation......
总奖励:-19101.38968420684, 速度奖励:-6544.399999999935, 加速度奖励:-3526.7896842071823, 交通灯奖励:-6591.399999996689, 与前车进行交互的惩罚:-2438.7999999999925
Episode:17/100, Reward:-19101.38968420684
Episode:17/100, avg speed:9.651583373506039
Episode:17/100, avg halt num:0.47722945096794667
Episode:17/100, avg elec cons:0.319834188202006
 Retrying in 1 seconds
Warning: Unused states in tlLogic 'J10', program '0' in phase 0 after tl-index 10
Simulation......
总奖励:-17570.68747070288, 速度奖励:-5824.299999999932, 加速度奖励:-3811.987470703317, 交通灯奖励:-5776.999999997347, 与前车进行交互的惩罚:-2157.4000000000656
Episode:18/100, Reward:-17570.68747070288
Episode:18/100, avg speed:8.615358807878012
Episode:18/100, avg halt num:0.5075698757763976
Episode:18/100, avg elec cons:0.4875697566594681
 Retrying in 1 seconds
Warning: Unused states in tlLogic 'J10', program '0' in phase 0 after tl-index 10
Simulation......
总奖励:-15137.028318237137, 速度奖励:-5455.4999999999545, 加速度奖励:-3401.9283182376917, 交通灯奖励:-4717.199999999239, 与前车进行交互的惩罚:-1562.4000000000624
Episode:19/100, Reward:-15137.028318237137
Episode:19/100, avg speed:9.904354266405768
Episode:19/100, avg halt num:0.28743500866551125
Episode:19/100, avg elec cons:0.3940911622173938
 Retrying in 1 seconds
Warning: Unused states in tlLogic 'J10', program '0' in phase 0 after tl-index 10
Simulation......
总奖励:-14024.385493149824, 速度奖励:-4937.499999999949, 加速度奖励:-3978.7854931502015, 交通灯奖励:-3950.300000001112, 与前车进行交互的惩罚:-1157.800000000036
Episode:20/100, Reward:-14024.385493149824
Episode:20/100, avg speed:10.897027956326642
Episode:20/100, avg halt num:0.14787066246056782
Episode:20/100, avg elec cons:0.40507145504787534
 Retrying in 1 seconds
Warning: Unused states in tlLogic 'J10', program '0' in phase 0 after tl-index 10
Simulation......
总奖励:-20448.511621494436, 速度奖励:-6045.449999999941, 加速度奖励:-5134.861621494464, 交通灯奖励:-7546.199999996994, 与前车进行交互的惩罚:-1722.0000000000728
Episode:21/100, Reward:-20448.511621494436
Episode:21/100, avg speed:9.175558084932632
Episode:21/100, avg halt num:0.3538173385658223
Episode:21/100, avg elec cons:0.39239980210934355
 Retrying in 1 seconds
Warning: Unused states in tlLogic 'J10', program '0' in phase 0 after tl-index 10
Simulation......
总奖励:-14585.894660815688, 速度奖励:-5004.6499999999405, 加速度奖励:-3478.044660816206, 交通灯奖励:-4520.500000000664, 与前车进行交互的惩罚:-1582.7000000000637
Episode:22/100, Reward:-14585.894660815688
Episode:22/100, avg speed:9.638158478589883
Episode:22/100, avg halt num:0.25668073136427566
Episode:22/100, avg elec cons:0.5317838930141496
 Retrying in 1 seconds
Warning: Unused states in tlLogic 'J10', program '0' in phase 0 after tl-index 10
Simulation......
总奖励:-15929.38353445947, 速度奖励:-5693.9499999999425, 加速度奖励:-3764.1335344603053, 交通灯奖励:-4479.7999999999865, 与前车进行交互的惩罚:-1991.5000000000903
Episode:23/100, Reward:-15929.38353445947
Episode:23/100, avg speed:10.11233816570999
Episode:23/100, avg halt num:0.3422314578005115
Episode:23/100, avg elec cons:0.3531482673471096
 Retrying in 1 seconds
Warning: Unused states in tlLogic 'J10', program '0' in phase 0 after tl-index 10
Simulation......
总奖励:-9047.931493961536, 速度奖励:-3975.4499999999334, 加速度奖励:-2406.681493961594, 交通灯奖励:-1853.1000000009342, 与前车进行交互的惩罚:-812.7000000000137
Episode:24/100, Reward:-9047.931493961536
Episode:24/100, avg speed:11.56985343050162
Episode:24/100, avg halt num:0.042717981475566914
Episode:24/100, avg elec cons:0.5941263593280393
 Retrying in 1 seconds
Warning: Unused states in tlLogic 'J10', program '0' in phase 0 after tl-index 10
Simulation......
总奖励:-8243.04586856136, 速度奖励:-3893.949999999941, 加速度奖励:-2122.5958685614105, 交通灯奖励:-1560.8000000005914, 与前车进行交互的惩罚:-665.7000000000041
Episode:25/100, Reward:-8243.04586856136
Episode:25/100, avg speed:11.654379697886851
Episode:25/100, avg halt num:0.06047221329906842
Episode:25/100, avg elec cons:0.5253164538240764
 Retrying in 1 seconds
Warning: Unused states in tlLogic 'J10', program '0' in phase 0 after tl-index 10
Simulation......
总奖励:-15781.615705972134, 速度奖励:-6077.999999999952, 加速度奖励:-3111.215705973026, 交通灯奖励:-4976.099999999124, 与前车进行交互的惩罚:-1616.300000000066
Episode:26/100, Reward:-15781.615705972134
Episode:26/100, avg speed:9.148177482402934
Episode:26/100, avg halt num:0.41801918111398007
Episode:26/100, avg elec cons:0.3367074203753303
 Retrying in 1 seconds
Warning: Unused states in tlLogic 'J10', program '0' in phase 0 after tl-index 10
Simulation......
总奖励:-8525.079280950375, 速度奖励:-4102.999999999962, 加速度奖励:-2180.779280950469, 交通灯奖励:-1662.400000000593, 与前车进行交互的惩罚:-578.8999999999985
Episode:27/100, Reward:-8525.079280950375
Episode:27/100, avg speed:10.805216230381486
Episode:27/100, avg halt num:0.05805491233873635
Episode:27/100, avg elec cons:0.5467047101542526
 Retrying in 1 seconds
Warning: Unused states in tlLogic 'J10', program '0' in phase 0 after tl-index 10
Simulation......
总奖励:-15399.795226848006, 速度奖励:-5226.2499999999545, 加速度奖励:-3950.3452268485735, 交通灯奖励:-5092.699999999717, 与前车进行交互的惩罚:-1130.5000000000343
Episode:28/100, Reward:-15399.795226848006
Episode:28/100, avg speed:8.630774305037543
Episode:28/100, avg halt num:0.25164092664092663
Episode:28/100, avg elec cons:0.5407511943839669
 Retrying in 1 seconds
Warning: Unused states in tlLogic 'J10', program '0' in phase 0 after tl-index 10
Simulation......
总奖励:-15970.680922210973, 速度奖励:-5310.549999999957, 加速度奖励:-3574.630922211475, 交通灯奖励:-5548.999999997486, 与前车进行交互的惩罚:-1536.5000000000607
Episode:29/100, Reward:-15970.680922210973
Episode:29/100, avg speed:9.457914772787205
Episode:29/100, avg halt num:0.24680851063829787
Episode:29/100, avg elec cons:0.5119728776028193
 Retrying in 1 seconds
Warning: Unused states in tlLogic 'J10', program '0' in phase 0 after tl-index 10
Simulation......
总奖励:-7942.3213181851515, 速度奖励:-3620.1999999999252, 加速度奖励:-2117.6213181851344, 交通灯奖励:-1770.5000000006658, 与前车进行交互的惩罚:-433.9999999999954
Episode:30/100, Reward:-7942.3213181851515
Episode:30/100, avg speed:11.951981035400298
Episode:30/100, avg halt num:0.028351387948544346
Episode:30/100, avg elec cons:0.8317182334224233
 Retrying in 1 seconds
Warning: Unused states in tlLogic 'J10', program '0' in phase 0 after tl-index 10
Simulation......
总奖励:-9980.342467622004, 速度奖励:-4513.949999999959, 加速度奖励:-2467.192467622267, 交通灯奖励:-2547.000000000663, 与前车进行交互的惩罚:-452.1999999999951
Episode:31/100, Reward:-9980.342467622004
Episode:31/100, avg speed:10.80543794703189
Episode:31/100, avg halt num:0.11605890603085554
Episode:31/100, avg elec cons:0.46511185880231304
 Retrying in 1 seconds
Warning: Unused states in tlLogic 'J10', program '0' in phase 0 after tl-index 10
Simulation......
总奖励:-13632.6718213364, 速度奖励:-5180.299999999951, 加速度奖励:-3191.571821336816, 交通灯奖励:-4658.799999999404, 与前车进行交互的惩罚:-602.0
Episode:32/100, Reward:-13632.6718213364
Episode:32/100, avg speed:9.98396093437932
Episode:32/100, avg halt num:0.20154826958105646
Episode:32/100, avg elec cons:0.5533743026808478
 Retrying in 1 seconds
Warning: Unused states in tlLogic 'J10', program '0' in phase 0 after tl-index 10
Simulation......
总奖励:-16601.184759873195, 速度奖励:-6264.149999999974, 加速度奖励:-3223.134759873977, 交通灯奖励:-6208.799999997757, 与前车进行交互的惩罚:-905.1000000000197
Episode:33/100, Reward:-16601.184759873195
Episode:33/100, avg speed:8.9048360626067
Episode:33/100, avg halt num:0.31196930111038534
Episode:33/100, avg elec cons:0.27909725912191297
 Retrying in 1 seconds
Warning: Unused states in tlLogic 'J10', program '0' in phase 0 after tl-index 10
Simulation......
总奖励:-21690.91038961495, 速度奖励:-7185.699999999965, 加速度奖励:-4110.510389614029, 交通灯奖励:-8728.699999995562, 与前车进行交互的惩罚:-1666.0000000000691
Episode:34/100, Reward:-21690.91038961495
Episode:34/100, avg speed:9.43752268807546
Episode:34/100, avg halt num:0.4629944375772559
Episode:34/100, avg elec cons:0.22820739148326388
 Retrying in 1 seconds
Warning: Unused states in tlLogic 'J10', program '0' in phase 0 after tl-index 10
Simulation......
总奖励:-25269.13014709924, 速度奖励:-7657.54999999998, 加速度奖励:-4152.88014709734, 交通灯奖励:-11129.799999994513, 与前车进行交互的惩罚:-2328.900000000021
Episode:35/100, Reward:-25269.13014709924
Episode:35/100, avg speed:8.597743930270113
Episode:35/100, avg halt num:0.5888695652173913
Episode:35/100, avg elec cons:0.2635744652924237
 Retrying in 1 seconds
Warning: Unused states in tlLogic 'J10', program '0' in phase 0 after tl-index 10
Simulation......
总奖励:-13842.930558762508, 速度奖励:-5101.549999999951, 加速度奖励:-2980.180558762775, 交通灯奖励:-4695.099999998845, 与前车进行交互的惩罚:-1066.1000000000301
Episode:36/100, Reward:-13842.930558762508
Episode:36/100, avg speed:9.644067248262145
Episode:36/100, avg halt num:0.14705363443895553
Episode:36/100, avg elec cons:0.4289887591191108
 Retrying in 1 seconds
Warning: Unused states in tlLogic 'J10', program '0' in phase 0 after tl-index 10
Simulation......
总奖励:-10164.49404892034, 速度奖励:-4660.299999999934, 加速度奖励:-1908.194048920563, 交通灯奖励:-2854.7000000009807, 与前车进行交互的惩罚:-741.300000000009
Episode:37/100, Reward:-10164.49404892034
Episode:37/100, avg speed:10.013574387417833
Episode:37/100, avg halt num:0.13819444444444445
Episode:37/100, avg elec cons:0.49501880261312176
 Retrying in 1 seconds
Warning: Unused states in tlLogic 'J10', program '0' in phase 0 after tl-index 10
Simulation......
总奖励:-11074.598024037856, 速度奖励:-4603.549999999942, 加速度奖励:-2166.2480240381365, 交通灯奖励:-3540.400000001018, 与前车进行交互的惩罚:-764.4000000000106
Episode:38/100, Reward:-11074.598024037856
Episode:38/100, avg speed:10.70565762461232
Episode:38/100, avg halt num:0.15282983508245876
Episode:38/100, avg elec cons:0.47797148445466897
 Retrying in 1 seconds
Warning: Unused states in tlLogic 'J10', program '0' in phase 0 after tl-index 10
Simulation......
总奖励:-10302.238082191214, 速度奖励:-4469.649999999945, 加速度奖励:-2101.9880821913175, 交通灯奖励:-3132.800000000856, 与前车进行交互的惩罚:-597.7999999999997
Episode:39/100, Reward:-10302.238082191214
Episode:39/100, avg speed:10.712656378984738
Episode:39/100, avg halt num:0.06893351333108336
Episode:39/100, avg elec cons:0.46787064990589905
 Retrying in 1 seconds
Warning: Unused states in tlLogic 'J10', program '0' in phase 0 after tl-index 10
Simulation......
总奖励:-6003.623702784101, 速度奖励:-3445.9499999999634, 加速度奖励:-1487.2737027840913, 交通灯奖励:-795.2999999997934, 与前车进行交互的惩罚:-275.099999999998
Episode:40/100, Reward:-6003.623702784101
Episode:40/100, avg speed:12.046597547387499
Episode:40/100, avg halt num:0.012121212121212121
Episode:40/100, avg elec cons:0.8111703063772115
 Retrying in 1 seconds
Warning: Unused states in tlLogic 'J10', program '0' in phase 0 after tl-index 10
Simulation......
总奖励:-7246.356899384109, 速度奖励:-3820.2499999999627, 加速度奖励:-1914.2068993842367, 交通灯奖励:-1116.400000000163, 与前车进行交互的惩罚:-395.499999999996
Episode:41/100, Reward:-7246.356899384109
Episode:41/100, avg speed:11.56578413430327
Episode:41/100, avg halt num:0.05970020675396279
Episode:41/100, avg elec cons:0.6001662758886679
 Retrying in 1 seconds
Warning: Unused states in tlLogic 'J10', program '0' in phase 0 after tl-index 10
Simulation......
总奖励:-15512.484078186326, 速度奖励:-5184.199999999913, 加速度奖励:-3664.284078186888, 交通灯奖励:-5448.099999997077, 与前车进行交互的惩罚:-1215.9000000000399
Episode:42/100, Reward:-15512.484078186326
Episode:42/100, avg speed:10.609338788008422
Episode:42/100, avg halt num:0.273089762611276
Episode:42/100, avg elec cons:0.9211560458671443
 Retrying in 1 seconds
Warning: Unused states in tlLogic 'J10', program '0' in phase 0 after tl-index 10
Simulation......
总奖励:-13713.154261253769, 速度奖励:-4820.449999999935, 加速度奖励:-4271.404261254308, 交通灯奖励:-3598.600000000823, 与前车进行交互的惩罚:-1022.7000000000273
Episode:43/100, Reward:-13713.154261253769
Episode:43/100, avg speed:10.044488581139602
Episode:43/100, avg halt num:0.2757352941176471
Episode:43/100, avg elec cons:0.7077389715187047
 Retrying in 1 seconds
Warning: Unused states in tlLogic 'J10', program '0' in phase 0 after tl-index 10
Simulation......
总奖励:-11845.772895256172, 速度奖励:-5076.099999999924, 加速度奖励:-2369.572895256788, 交通灯奖励:-3418.7000000009416, 与前车进行交互的惩罚:-981.4000000000246
Episode:44/100, Reward:-11845.772895256172
Episode:44/100, avg speed:10.322571148936575
Episode:44/100, avg halt num:0.30886654478976233
Episode:44/100, avg elec cons:0.5110366104194375
 Retrying in 1 seconds
Warning: Unused states in tlLogic 'J10', program '0' in phase 0 after tl-index 10
Simulation......
总奖励:-9224.946288756455, 速度奖励:-4157.499999999938, 加速度奖励:-2379.046288756672, 交通灯奖励:-2126.300000000698, 与前车进行交互的惩罚:-562.0999999999974
Episode:45/100, Reward:-9224.946288756455
Episode:45/100, avg speed:10.846050745306938
Episode:45/100, avg halt num:0.17486548808608762
Episode:45/100, avg elec cons:0.8161035094022984
 Retrying in 1 seconds
Warning: Unused states in tlLogic 'J10', program '0' in phase 0 after tl-index 10
Simulation......
总奖励:-8598.043952499433, 速度奖励:-4101.699999999928, 加速度奖励:-2222.443952499772, 交通灯奖励:-1776.2000000004205, 与前车进行交互的惩罚:-497.69999999999436
Episode:46/100, Reward:-8598.043952499433
Episode:46/100, avg speed:11.773589555633038
Episode:46/100, avg halt num:0.15636014098045498
Episode:46/100, avg elec cons:0.5072708474444283
 Retrying in 1 seconds
Warning: Unused states in tlLogic 'J10', program '0' in phase 0 after tl-index 10
Simulation......
总奖励:-11719.027272347685, 速度奖励:-5130.099999999934, 加速度奖励:-2013.627272348335, 交通灯奖励:-3648.500000001238, 与前车进行交互的惩罚:-926.8000000000211
Episode:47/100, Reward:-11719.027272347685
Episode:47/100, avg speed:10.182161942261164
Episode:47/100, avg halt num:0.2989413075780089
Episode:47/100, avg elec cons:0.4147438631618638
 Retrying in 1 seconds
Warning: Unused states in tlLogic 'J10', program '0' in phase 0 after tl-index 10
Simulation......
总奖励:-9900.117441134304, 速度奖励:-4637.249999999952, 加速度奖励:-2072.167441134659, 交通灯奖励:-2450.1000000006843, 与前车进行交互的惩罚:-740.600000000009
Episode:48/100, Reward:-9900.117441134304
Episode:48/100, avg speed:10.314856601751249
Episode:48/100, avg halt num:0.18433484504913075
Episode:48/100, avg elec cons:0.4533900166982842
 Retrying in 1 seconds
Warning: Unused states in tlLogic 'J10', program '0' in phase 0 after tl-index 10
Simulation......
总奖励:-9343.949194633862, 速度奖励:-4464.899999999946, 加速度奖励:-2525.849194634145, 交通灯奖励:-1733.7000000007538, 与前车进行交互的惩罚:-619.5000000000011
Episode:49/100, Reward:-9343.949194633862
Episode:49/100, avg speed:11.131514950990326
Episode:49/100, avg halt num:0.1448198198198198
Episode:49/100, avg elec cons:0.38162986545275407
 Retrying in 1 seconds
Warning: Unused states in tlLogic 'J10', program '0' in phase 0 after tl-index 10
Simulation......
总奖励:-9455.833139152388, 速度奖励:-4553.449999999954, 加速度奖励:-2072.6831391526807, 交通灯奖励:-2210.2000000006756, 与前车进行交互的惩罚:-619.5000000000011
Episode:50/100, Reward:-9455.833139152388
Episode:50/100, avg speed:10.555569110290255
Episode:50/100, avg halt num:0.133605220228385
Episode:50/100, avg elec cons:0.3700441445889274
 Retrying in 1 seconds
Warning: Unused states in tlLogic 'J10', program '0' in phase 0 after tl-index 10
Simulation......
总奖励:-25929.375129473025, 速度奖励:-7362.299999999947, 加速度奖励:-5414.375129471366, 交通灯奖励:-11068.799999995266, 与前车进行交互的惩罚:-2083.9000000000847
Episode:51/100, Reward:-25929.375129473025
Episode:51/100, avg speed:9.258602071533398
Episode:51/100, avg halt num:0.4549722906403941
Episode:51/100, avg elec cons:0.2781384012597064
 Retrying in 1 seconds
Warning: Unused states in tlLogic 'J10', program '0' in phase 0 after tl-index 10
Simulation......
总奖励:-14499.107788115105, 速度奖励:-5216.399999999939, 加速度奖励:-3037.7077881154783, 交通灯奖励:-5092.799999998336, 与前车进行交互的惩罚:-1152.2000000000357
Episode:52/100, Reward:-14499.107788115105
Episode:52/100, avg speed:10.069204848585432
Episode:52/100, avg halt num:0.23256227758007117
Episode:52/100, avg elec cons:0.4218295638592703
 Retrying in 1 seconds
Warning: Unused states in tlLogic 'J10', program '0' in phase 0 after tl-index 10
Simulation......
总奖励:-7161.1081379465795, 速度奖励:-3356.799999999971, 加速度奖励:-2300.2081379466063, 交通灯奖励:-1258.4000000000638, 与前车进行交互的惩罚:-245.69999999999845
Episode:53/100, Reward:-7161.1081379465795
Episode:53/100, avg speed:12.098064558444056
Episode:53/100, avg halt num:0.00727994705493051
Episode:53/100, avg elec cons:0.8559923252040375
 Retrying in 1 seconds
Warning: Unused states in tlLogic 'J10', program '0' in phase 0 after tl-index 10
Simulation......
总奖励:-18272.596249134276, 速度奖励:-5661.799999999946, 加速度奖励:-5814.396249134539, 交通灯奖励:-5859.099999998547, 与前车进行交互的惩罚:-937.3000000000218
Episode:54/100, Reward:-18272.596249134276
Episode:54/100, avg speed:9.538778337958822
Episode:54/100, avg halt num:0.22165367121507473
Episode:54/100, avg elec cons:0.3512748298110132
 Retrying in 1 seconds
Warning: Unused states in tlLogic 'J10', program '0' in phase 0 after tl-index 10
Simulation......
总奖励:-15815.460751211995, 速度奖励:-5397.899999999931, 加速度奖励:-3778.5607512126567, 交通灯奖励:-5418.899999998761, 与前车进行交互的惩罚:-1220.1000000000402
Episode:55/100, Reward:-15815.460751211995
Episode:55/100, avg speed:8.273432871360228
Episode:55/100, avg halt num:0.2946927374301676
Episode:55/100, avg elec cons:0.37029716174424177
 Retrying in 1 seconds
Warning: Unused states in tlLogic 'J10', program '0' in phase 0 after tl-index 10
Simulation......
总奖励:-17379.058579994555, 速度奖励:-6098.299999999915, 加速度奖励:-2564.5585799951596, 交通灯奖励:-7171.299999996653, 与前车进行交互的惩罚:-1544.9000000000613
Episode:56/100, Reward:-17379.058579994555
Episode:56/100, avg speed:8.865652417910844
Episode:56/100, avg halt num:0.36115947075208915
Episode:56/100, avg elec cons:0.31689105133126505
 Retrying in 1 seconds
Warning: Unused states in tlLogic 'J10', program '0' in phase 0 after tl-index 10
Simulation......
总奖励:-19610.20865089755, 速度奖励:-6223.899999999928, 加速度奖励:-3475.5086508973795, 交通灯奖励:-7394.299999996603, 与前车进行交互的惩罚:-2516.4999999999723
Episode:57/100, Reward:-19610.20865089755
Episode:57/100, avg speed:8.128205507947952
Episode:57/100, avg halt num:0.47386895475819035
Episode:57/100, avg elec cons:0.4049633656006549
 Retrying in 1 seconds
Warning: Unused states in tlLogic 'J10', program '0' in phase 0 after tl-index 10
Simulation......
总奖励:-32924.9660004224, 速度奖励:-7046.69999999994, 加速度奖励:-10571.066000420187, 交通灯奖励:-12092.099999995888, 与前车进行交互的惩罚:-3215.0999999997907
Episode:58/100, Reward:-32924.9660004224
Episode:58/100, avg speed:7.60030078199711
Episode:58/100, avg halt num:0.5564423076923077
Episode:58/100, avg elec cons:0.5203545563765974
 Retrying in 1 seconds
Warning: Unused states in tlLogic 'J10', program '0' in phase 0 after tl-index 10
Simulation......
总奖励:-13107.252888436316, 速度奖励:-5103.79999999992, 加速度奖励:-2040.8528884367822, 交通灯奖励:-4908.399999998663, 与前车进行交互的惩罚:-1054.2000000000294
Episode:59/100, Reward:-13107.252888436316
Episode:59/100, avg speed:10.693208078699111
Episode:59/100, avg halt num:0.23516870596959585
Episode:59/100, avg elec cons:0.3886663514246203
 Retrying in 1 seconds
Warning: Unused states in tlLogic 'J10', program '0' in phase 0 after tl-index 10
Simulation......
总奖励:-7943.051248897294, 速度奖励:-3856.099999999924, 加速度奖励:-1681.351248897397, 交通灯奖励:-1819.0000000004168, 与前车进行交互的惩罚:-586.599999999999
Episode:60/100, Reward:-7943.051248897294
Episode:60/100, avg speed:11.867107450996713
Episode:60/100, avg halt num:0.09907497565725414
Episode:60/100, avg elec cons:0.4990213157040722
 Retrying in 1 seconds
Warning: Unused states in tlLogic 'J10', program '0' in phase 0 after tl-index 10
Simulation......
总奖励:-11468.761385498545, 速度奖励:-4362.8499999999285, 加速度奖励:-2610.81138549889, 交通灯奖励:-3968.00000000096, 与前车进行交互的惩罚:-527.0999999999951
Episode:61/100, Reward:-11468.761385498545
Episode:61/100, avg speed:10.221034739348221
Episode:61/100, avg halt num:0.1816436251920123
Episode:61/100, avg elec cons:0.5740056089320649
 Retrying in 1 seconds
Warning: Unused states in tlLogic 'J10', program '0' in phase 0 after tl-index 10
Simulation......
总奖励:-19851.0401984976, 速度奖励:-6469.3499999999485, 加速度奖励:-4641.790198497731, 交通灯奖励:-7181.699999997898, 与前车进行交互的惩罚:-1558.2000000000621
Episode:62/100, Reward:-19851.0401984976
Episode:62/100, avg speed:8.8507723952763
Episode:62/100, avg halt num:0.43177290836653387
Episode:62/100, avg elec cons:0.27466999154637756
 Retrying in 1 seconds
Warning: Unused states in tlLogic 'J10', program '0' in phase 0 after tl-index 10
Simulation......
总奖励:-7131.335769412245, 速度奖励:-3618.3499999999194, 加速度奖励:-1927.8857694123537, 交通灯奖励:-1265.200000000004, 与前车进行交互的惩罚:-319.89999999999725
Episode:63/100, Reward:-7131.335769412245
Episode:63/100, avg speed:12.485602379904188
Episode:63/100, avg halt num:0.08139163740823492
Episode:63/100, avg elec cons:0.5734781389233428
 Retrying in 1 seconds
Warning: Unused states in tlLogic 'J10', program '0' in phase 0 after tl-index 10
Simulation......
总奖励:-7064.721442413473, 速度奖励:-3289.449999999926, 加速度奖励:-2048.4714424136414, 交通灯奖励:-1236.7999999999574, 与前车进行交互的惩罚:-489.9999999999945
Episode:64/100, Reward:-7064.721442413473
Episode:64/100, avg speed:12.411003356136373
Episode:64/100, avg halt num:0.0710267229254571
Episode:64/100, avg elec cons:0.6503678516730174
 Retrying in 1 seconds
Warning: Unused states in tlLogic 'J10', program '0' in phase 0 after tl-index 10
Simulation......
总奖励:-15273.504430401657, 速度奖励:-5504.049999999944, 加速度奖励:-3460.654430402306, 交通灯奖励:-5167.099999998607, 与前车进行交互的惩罚:-1141.700000000035
Episode:65/100, Reward:-15273.504430401657
Episode:65/100, avg speed:9.827664305232496
Episode:65/100, avg halt num:0.3350706713780919
Episode:65/100, avg elec cons:0.3986975121212177
 Retrying in 1 seconds
Warning: Unused states in tlLogic 'J10', program '0' in phase 0 after tl-index 10
Simulation......
总奖励:-8070.552261879247, 速度奖励:-3931.24999999996, 加速度奖励:-1969.2022618792748, 交通灯奖励:-1726.3000000005486, 与前车进行交互的惩罚:-443.79999999999524
Episode:66/100, Reward:-8070.552261879247
Episode:66/100, avg speed:12.529821246868847
Episode:66/100, avg halt num:0.042675259352404904
Episode:66/100, avg elec cons:0.5756730918203832
 Retrying in 1 seconds
Warning: Unused states in tlLogic 'J10', program '0' in phase 0 after tl-index 10
Simulation......
总奖励:-8017.252431540662, 速度奖励:-3982.7499999999372, 加速度奖励:-1875.4024315407205, 交通灯奖励:-1694.30000000054, 与前车进行交互的惩罚:-464.7999999999949
Episode:67/100, Reward:-8017.252431540662
Episode:67/100, avg speed:12.01379500562296
Episode:67/100, avg halt num:0.08222116301239275
Episode:67/100, avg elec cons:0.5707560275409282
 Retrying in 1 seconds
Warning: Unused states in tlLogic 'J10', program '0' in phase 0 after tl-index 10
Simulation......
总奖励:-8258.87140943921, 速度奖励:-4135.74999999992, 加速度奖励:-1749.121409439202, 交通灯奖励:-1717.4000000006758, 与前车进行交互的惩罚:-656.6000000000035
Episode:68/100, Reward:-8258.87140943921
Episode:68/100, avg speed:11.591805423517934
Episode:68/100, avg halt num:0.05801551389786684
Episode:68/100, avg elec cons:0.4506712585258016
 Retrying in 1 seconds
Warning: Unused states in tlLogic 'J10', program '0' in phase 0 after tl-index 10
Simulation......
总奖励:-8160.4428505554515, 速度奖励:-4377.949999999939, 加速度奖励:-1721.492850555746, 交通灯奖励:-1345.600000000207, 与前车进行交互的惩罚:-715.4000000000074
Episode:69/100, Reward:-8160.4428505554515
Episode:69/100, avg speed:11.026866696137443
Episode:69/100, avg halt num:0.12972482612639855
Episode:69/100, avg elec cons:0.38437409477581813
 Retrying in 1 seconds
Warning: Unused states in tlLogic 'J10', program '0' in phase 0 after tl-index 10
Simulation......
总奖励:-17453.790285057537, 速度奖励:-6671.249999999959, 加速度奖励:-3039.440285058463, 交通灯奖励:-6035.099999998263, 与前车进行交互的惩罚:-1708.0000000000719
Episode:70/100, Reward:-17453.790285057537
Episode:70/100, avg speed:8.004079927674013
Episode:70/100, avg halt num:0.5040867651681861
Episode:70/100, avg elec cons:0.2633361853235724
 Retrying in 1 seconds
Warning: Unused states in tlLogic 'J10', program '0' in phase 0 after tl-index 10
Simulation......
总奖励:-15252.241427006655, 速度奖励:-5600.599999999945, 加速度奖励:-3160.641427007306, 交通灯奖励:-5253.399999997557, 与前车进行交互的惩罚:-1237.6000000000413
Episode:71/100, Reward:-15252.241427006655
Episode:71/100, avg speed:9.987162396743093
Episode:71/100, avg halt num:0.2592063492063492
Episode:71/100, avg elec cons:0.293061202471931
 Retrying in 1 seconds
Warning: Unused states in tlLogic 'J10', program '0' in phase 0 after tl-index 10
Simulation......
总奖励:-12375.875755587265, 速度奖励:-5374.849999999969, 加速度奖励:-2563.9257555880113, 交通灯奖励:-3311.500000001096, 与前车进行交互的惩罚:-1125.600000000034
Episode:72/100, Reward:-12375.875755587265
Episode:72/100, avg speed:8.720250161671
Episode:72/100, avg halt num:0.2937847866419295
Episode:72/100, avg elec cons:0.3715814275541705
 Retrying in 1 seconds
Warning: Unused states in tlLogic 'J10', program '0' in phase 0 after tl-index 10
Simulation......
总奖励:-10025.702224955483, 速度奖励:-4935.44999999995, 加速度奖励:-1928.6522249559225, 交通灯奖励:-2305.500000000933, 与前车进行交互的惩罚:-856.1000000000165
Episode:73/100, Reward:-10025.702224955483
Episode:73/100, avg speed:10.43157601608776
Episode:73/100, avg halt num:0.1915927938232771
Episode:73/100, avg elec cons:0.30485922524932574
 Retrying in 1 seconds
Warning: Unused states in tlLogic 'J10', program '0' in phase 0 after tl-index 10
Simulation......
总奖励:-16128.508238913653, 速度奖励:-5715.899999999926, 加速度奖励:-2611.3082389142905, 交通灯奖励:-6156.2999999973335, 与前车进行交互的惩罚:-1645.0000000000678
Episode:74/100, Reward:-16128.508238913653
Episode:74/100, avg speed:10.585345397807735
Episode:74/100, avg halt num:0.29476994372724263
Episode:74/100, avg elec cons:0.3358420670420801
 Retrying in 1 seconds
Warning: Unused states in tlLogic 'J10', program '0' in phase 0 after tl-index 10
Simulation......
总奖励:-8762.503101641356, 速度奖励:-4440.099999999962, 加速度奖励:-1897.7031016415744, 交通灯奖励:-1705.1000000005965, 与前车进行交互的惩罚:-719.6000000000076
Episode:75/100, Reward:-8762.503101641356
Episode:75/100, avg speed:11.21491021171008
Episode:75/100, avg halt num:0.11299840510366826
Episode:75/100, avg elec cons:0.34638227161474705
 Retrying in 1 seconds
Warning: Unused states in tlLogic 'J10', program '0' in phase 0 after tl-index 10
Simulation......
总奖励:-20770.62359754753, 速度奖励:-6355.199999999948, 加速度奖励:-5302.923597547458, 交通灯奖励:-7476.599999997459, 与前车进行交互的惩罚:-1635.9000000000672
Episode:76/100, Reward:-20770.62359754753
Episode:76/100, avg speed:8.237476982586209
Episode:76/100, avg halt num:0.4339924670433145
Episode:76/100, avg elec cons:0.36168625485475675
 Retrying in 1 seconds
Warning: Unused states in tlLogic 'J10', program '0' in phase 0 after tl-index 10
Simulation......
总奖励:-34170.74359212449, 速度奖励:-8103.549999999973, 加速度奖励:-8785.993592121526, 交通灯奖励:-14527.399999994264, 与前车进行交互的惩罚:-2753.7999999999106
Episode:77/100, Reward:-34170.74359212449
Episode:77/100, avg speed:8.232358858340364
Episode:77/100, avg halt num:0.6101946552292973
Episode:77/100, avg elec cons:0.31569373118597105
 Retrying in 1 seconds
Warning: Unused states in tlLogic 'J10', program '0' in phase 0 after tl-index 10
Simulation......
总奖励:-49569.20472172455, 速度奖励:-9360.85, 加速度奖励:-14533.154721719195, 交通灯奖励:-21852.50000000613, 与前车进行交互的惩罚:-3822.699999999633
Episode:78/100, Reward:-49569.20472172455
Episode:78/100, avg speed:6.829954224574152
Episode:78/100, avg halt num:0.7166723783413297
Episode:78/100, avg elec cons:0.39142229395484057
 Retrying in 1 seconds
Warning: Unused states in tlLogic 'J10', program '0' in phase 0 after tl-index 10
Simulation......
总奖励:-38068.365290331356, 速度奖励:-8010.69999999996, 加速度奖励:-11040.465290327229, 交通灯奖励:-15873.499999994285, 与前车进行交互的惩罚:-3143.6999999998093
Episode:79/100, Reward:-38068.365290331356
Episode:79/100, avg speed:8.024927474440107
Episode:79/100, avg halt num:0.618000751597144
Episode:79/100, avg elec cons:0.5870090159155777
 Retrying in 1 seconds
Warning: Unused states in tlLogic 'J10', program '0' in phase 0 after tl-index 10
Simulation......
总奖励:-14754.534878684844, 速度奖励:-4132.699999999848, 加速度奖励:-4583.634878685384, 交通灯奖励:-4711.000000000487, 与前车进行交互的惩罚:-1327.200000000047
Episode:80/100, Reward:-14754.534878684844
Episode:80/100, avg speed:11.213931642629289
Episode:80/100, avg halt num:0.16294718909710393
Episode:80/100, avg elec cons:0.7238396968908494
 Retrying in 1 seconds
Warning: Unused states in tlLogic 'J10', program '0' in phase 0 after tl-index 10
Simulation......
总奖励:-16456.27129771592, 速度奖励:-5523.899999999945, 加速度奖励:-3596.5712977164685, 交通灯奖励:-5998.799999998142, 与前车进行交互的惩罚:-1337.0000000000477
Episode:81/100, Reward:-16456.27129771592
Episode:81/100, avg speed:9.430313244461466
Episode:81/100, avg halt num:0.24345279117849758
Episode:81/100, avg elec cons:0.34363952712677814
 Retrying in 1 seconds
Warning: Unused states in tlLogic 'J10', program '0' in phase 0 after tl-index 10
Simulation......
总奖励:-39661.36506157866, 速度奖励:-8772.749999999989, 加速度奖励:-9943.715061573886, 交通灯奖励:-17435.099999995982, 与前车进行交互的惩罚:-3509.799999999714
Episode:82/100, Reward:-39661.36506157866
Episode:82/100, avg speed:6.976730288638034
Episode:82/100, avg halt num:0.7473858487277797
Episode:82/100, avg elec cons:0.3188496279362966
 Retrying in 1 seconds
Warning: Unused states in tlLogic 'J10', program '0' in phase 0 after tl-index 10
Simulation......
总奖励:-40065.55686205068, 速度奖励:-8712.249999999993, 加速度奖励:-10067.306862047768, 交通灯奖励:-18019.09999999513, 与前车进行交互的惩罚:-3266.8999999997773
Episode:83/100, Reward:-40065.55686205068
Episode:83/100, avg speed:7.485295566125057
Episode:83/100, avg halt num:0.5589678762641285
Episode:83/100, avg elec cons:0.259628857616308
 Retrying in 1 seconds
Warning: Unused states in tlLogic 'J10', program '0' in phase 0 after tl-index 10
Simulation......
总奖励:-26394.908794381263, 速度奖励:-6518.599999999993, 加速度奖励:-8140.708794381213, 交通灯奖励:-10080.099999995387, 与前车进行交互的惩罚:-1655.5000000000684
Episode:84/100, Reward:-26394.908794381263
Episode:84/100, avg speed:7.926774388378648
Episode:84/100, avg halt num:0.17046296296296296
Episode:84/100, avg elec cons:0.4241714684291244
 Retrying in 1 seconds
Warning: Unused states in tlLogic 'J10', program '0' in phase 0 after tl-index 10
Simulation......
总奖励:-21833.4795255627, 速度奖励:-6576.8999999999605, 加速度奖励:-5093.47952556219, 交通灯奖励:-8623.799999996878, 与前车进行交互的惩罚:-1539.300000000061
Episode:85/100, Reward:-21833.4795255627
Episode:85/100, avg speed:8.641311466657752
Episode:85/100, avg halt num:0.35624387054593004
Episode:85/100, avg elec cons:0.2956475617247435
 Retrying in 1 seconds
Warning: Unused states in tlLogic 'J10', program '0' in phase 0 after tl-index 10
Simulation......
总奖励:-18814.91578632036, 速度奖励:-5881.749999999944, 加速度奖励:-4191.865786320889, 交通灯奖励:-7582.099999996875, 与前车进行交互的惩罚:-1159.2000000000362
Episode:86/100, Reward:-18814.91578632036
Episode:86/100, avg speed:9.734578116820117
Episode:86/100, avg halt num:0.2817879794623981
Episode:86/100, avg elec cons:0.33435243743326676
 Retrying in 1 seconds
Warning: Unused states in tlLogic 'J10', program '0' in phase 0 after tl-index 10
Simulation......
总奖励:-19806.361413465194, 速度奖励:-6307.999999999957, 加速度奖励:-4671.261413465116, 交通灯奖励:-7301.799999997339, 与前车进行交互的惩罚:-1525.30000000006
Episode:87/100, Reward:-19806.361413465194
Episode:87/100, avg speed:8.308685076173045
Episode:87/100, avg halt num:0.49443770226537215
Episode:87/100, avg elec cons:0.43056075164151636
 Retrying in 1 seconds
Warning: Unused states in tlLogic 'J10', program '0' in phase 0 after tl-index 10
Simulation......
总奖励:-15372.525249239667, 速度奖励:-5654.749999999931, 加速度奖励:-3885.1752492404753, 交通灯奖励:-4707.699999999767, 与前车进行交互的惩罚:-1124.900000000034
Episode:88/100, Reward:-15372.525249239667
Episode:88/100, avg speed:9.498534233059539
Episode:88/100, avg halt num:0.3128688524590164
Episode:88/100, avg elec cons:0.3315481975667424
 Retrying in 1 seconds
Warning: Unused states in tlLogic 'J10', program '0' in phase 0 after tl-index 10
Simulation......
总奖励:-11637.41232399792, 速度奖励:-4652.99999999994, 加速度奖励:-3301.7123239981847, 交通灯奖励:-2843.4000000011174, 与前车进行交互的惩罚:-839.3000000000154
Episode:89/100, Reward:-11637.41232399792
Episode:89/100, avg speed:10.005694258404276
Episode:89/100, avg halt num:0.15681326604181686
Episode:89/100, avg elec cons:0.49014468396637917
 Retrying in 1 seconds
Warning: Unused states in tlLogic 'J10', program '0' in phase 0 after tl-index 10
Simulation......
总奖励:-31209.689661887838, 速度奖励:-8670.55, 加速度奖励:-5770.639661884522, 交通灯奖励:-14125.999999994447, 与前车进行交互的惩罚:-2642.4999999999395
Episode:90/100, Reward:-31209.689661887838
Episode:90/100, avg speed:7.874640173733326
Episode:90/100, avg halt num:0.9042269611576542
Episode:90/100, avg elec cons:0.3440446435382593
 Retrying in 1 seconds
Warning: Unused states in tlLogic 'J10', program '0' in phase 0 after tl-index 10
Simulation......
总奖励:-25973.099097813247, 速度奖励:-7724.449999999973, 加速度奖励:-5828.149097811311, 交通灯奖励:-10258.899999995117, 与前车进行交互的惩罚:-2161.6000000000645
Episode:91/100, Reward:-25973.099097813247
Episode:91/100, avg speed:7.823169615896996
Episode:91/100, avg halt num:0.6489208633093525
Episode:91/100, avg elec cons:0.2782731608219818
 Retrying in 1 seconds
Warning: Unused states in tlLogic 'J10', program '0' in phase 0 after tl-index 10
Simulation......
总奖励:-15134.588836250821, 速度奖励:-5994.749999999942, 加速度奖励:-2886.23883625168, 交通灯奖励:-4887.899999998988, 与前车进行交互的惩罚:-1365.7000000000496
Episode:92/100, Reward:-15134.588836250821
Episode:92/100, avg speed:8.438137313341425
Episode:92/100, avg halt num:0.3984831871345029
Episode:92/100, avg elec cons:0.29218545136347246
 Retrying in 1 seconds
Warning: Unused states in tlLogic 'J10', program '0' in phase 0 after tl-index 10
Simulation......
总奖励:-15808.191899200443, 速度奖励:-5495.799999999929, 加速度奖励:-3244.5918992011975, 交通灯奖励:-5665.699999997218, 与前车进行交互的惩罚:-1402.100000000052
Episode:93/100, Reward:-15808.191899200443
Episode:93/100, avg speed:9.97147900582412
Episode:93/100, avg halt num:0.3532849657396211
Episode:93/100, avg elec cons:0.4627317226888245
 Retrying in 1 seconds
Warning: Unused states in tlLogic 'J10', program '0' in phase 0 after tl-index 10
Simulation......
总奖励:-9499.676088033983, 速度奖励:-4404.449999999958, 加速度奖励:-2199.1260880341274, 交通灯奖励:-2308.8000000007687, 与前车进行交互的惩罚:-587.299999999999
Episode:94/100, Reward:-9499.676088033983
Episode:94/100, avg speed:10.858791642276508
Episode:94/100, avg halt num:0.12284412626098275
Episode:94/100, avg elec cons:0.4071946907304494
 Retrying in 1 seconds
Warning: Unused states in tlLogic 'J10', program '0' in phase 0 after tl-index 10
Simulation......
总奖励:-16123.70733906579, 速度奖励:-5787.999999999946, 加速度奖励:-3461.607339066671, 交通灯奖励:-5622.499999997981, 与前车进行交互的惩罚:-1251.6000000000422
Episode:95/100, Reward:-16123.70733906579
Episode:95/100, avg speed:8.909331007320665
Episode:95/100, avg halt num:0.35412224591329067
Episode:95/100, avg elec cons:0.33123307060187474
 Retrying in 1 seconds
Warning: Unused states in tlLogic 'J10', program '0' in phase 0 after tl-index 10
Simulation......
总奖励:-14699.813134451882, 速度奖励:-5771.2499999999345, 加速度奖励:-3046.463134452777, 交通灯奖励:-4504.499999999191, 与前车进行交互的惩罚:-1377.6000000000504
Episode:96/100, Reward:-14699.813134451882
Episode:96/100, avg speed:8.378762591687403
Episode:96/100, avg halt num:0.4002824858757062
Episode:96/100, avg elec cons:0.32222655303030245
 Retrying in 1 seconds
Warning: Unused states in tlLogic 'J10', program '0' in phase 0 after tl-index 10
Simulation......
总奖励:-14969.961977255829, 速度奖励:-5541.949999999929, 加速度奖励:-3095.9119772566864, 交通灯奖励:-4885.899999998192, 与前车进行交互的惩罚:-1446.2000000000548
Episode:97/100, Reward:-14969.961977255829
Episode:97/100, avg speed:9.704248677713926
Episode:97/100, avg halt num:0.3503623188405797
Episode:97/100, avg elec cons:0.32649193223251216
 Retrying in 1 seconds
Warning: Unused states in tlLogic 'J10', program '0' in phase 0 after tl-index 10
Simulation......
总奖励:-19646.082122724267, 速度奖励:-6649.6499999999405, 加速度奖励:-3257.9321227240616, 交通灯奖励:-7550.999999996922, 与前车进行交互的惩罚:-2187.5000000000578
Episode:98/100, Reward:-19646.082122724267
Episode:98/100, avg speed:8.086015001887436
Episode:98/100, avg halt num:0.5483840661405487
Episode:98/100, avg elec cons:0.31394496632382285
 Retrying in 1 seconds
Warning: Unused states in tlLogic 'J10', program '0' in phase 0 after tl-index 10
Simulation......
总奖励:-10811.867452204375, 速度奖励:-5023.899999999933, 加速度奖励:-1824.967452204933, 交通灯奖励:-2943.800000001028, 与前车进行交互的惩罚:-1019.2000000000271
Episode:99/100, Reward:-10811.867452204375
Episode:99/100, avg speed:10.104553361513508
Episode:99/100, avg halt num:0.23803146970204217
Episode:99/100, avg elec cons:0.297152439566565
 Retrying in 1 seconds
Warning: Unused states in tlLogic 'J10', program '0' in phase 0 after tl-index 10
Simulation......
总奖励:-10091.851950752898, 速度奖励:-3966.599999999935, 加速度奖励:-2471.2519507529796, 交通灯奖励:-2874.900000000871, 与前车进行交互的惩罚:-779.1000000000115
Episode:100/100, Reward:-10091.851950752898
Episode:100/100, avg speed:12.142409890416847
Episode:100/100, avg halt num:0.07961034598589184
Episode:100/100, avg elec cons:0.7432962470989176
model saved successfully!
Complete training!
final reward list:[-28441.109286138155, -25954.287144234648, -17878.422393825826, -16079.795737328659, -15181.193753436952, -10474.887532648683, -11225.453876953043, -13023.061773368912, -8204.389549144356, -7996.423906239061, -11954.49127793361, -14520.266779014788, -18860.83337336432, -9190.156235654706, -7525.455423367707, -21856.357103635866, -19101.38968420684, -17570.68747070288, -15137.028318237137, -14024.385493149824, -20448.511621494436, -14585.894660815688, -15929.38353445947, -9047.931493961536, -8243.04586856136, -15781.615705972134, -8525.079280950375, -15399.795226848006, -15970.680922210973, -7942.3213181851515, -9980.342467622004, -13632.6718213364, -16601.184759873195, -21690.91038961495, -25269.13014709924, -13842.930558762508, -10164.49404892034, -11074.598024037856, -10302.238082191214, -6003.623702784101, -7246.356899384109, -15512.484078186326, -13713.154261253769, -11845.772895256172, -9224.946288756455, -8598.043952499433, -11719.027272347685, -9900.117441134304, -9343.949194633862, -9455.833139152388, -25929.375129473025, -14499.107788115105, -7161.1081379465795, -18272.596249134276, -15815.460751211995, -17379.058579994555, -19610.20865089755, -32924.9660004224, -13107.252888436316, -7943.051248897294, -11468.761385498545, -19851.0401984976, -7131.335769412245, -7064.721442413473, -15273.504430401657, -8070.552261879247, -8017.252431540662, -8258.87140943921, -8160.4428505554515, -17453.790285057537, -15252.241427006655, -12375.875755587265, -10025.702224955483, -16128.508238913653, -8762.503101641356, -20770.62359754753, -34170.74359212449, -49569.20472172455, -38068.365290331356, -14754.534878684844, -16456.27129771592, -39661.36506157866, -40065.55686205068, -26394.908794381263, -21833.4795255627, -18814.91578632036, -19806.361413465194, -15372.525249239667, -11637.41232399792, -31209.689661887838, -25973.099097813247, -15134.588836250821, -15808.191899200443, -9499.676088033983, -16123.70733906579, -14699.813134451882, -14969.961977255829, -19646.082122724267, -10811.867452204375, -10091.851950752898]
final speed list:[13.37278927500111, 13.303176357930443, 15.471688285791963, 14.740420340429617, 11.551090971868943, 12.39460473155035, 11.807935865977122, 11.502778795065902, 11.946641693072737, 11.735460220226669, 11.124697537113555, 10.346288519581115, 10.515013984481437, 11.571018279938743, 13.540967175448149, 10.305170939454792, 9.651583373506039, 8.615358807878012, 9.904354266405768, 10.897027956326642, 9.175558084932632, 9.638158478589883, 10.11233816570999, 11.56985343050162, 11.654379697886851, 9.148177482402934, 10.805216230381486, 8.630774305037543, 9.457914772787205, 11.951981035400298, 10.80543794703189, 9.98396093437932, 8.9048360626067, 9.43752268807546, 8.597743930270113, 9.644067248262145, 10.013574387417833, 10.70565762461232, 10.712656378984738, 12.046597547387499, 11.56578413430327, 10.609338788008422, 10.044488581139602, 10.322571148936575, 10.846050745306938, 11.773589555633038, 10.182161942261164, 10.314856601751249, 11.131514950990326, 10.555569110290255, 9.258602071533398, 10.069204848585432, 12.098064558444056, 9.538778337958822, 8.273432871360228, 8.865652417910844, 8.128205507947952, 7.60030078199711, 10.693208078699111, 11.867107450996713, 10.221034739348221, 8.8507723952763, 12.485602379904188, 12.411003356136373, 9.827664305232496, 12.529821246868847, 12.01379500562296, 11.591805423517934, 11.026866696137443, 8.004079927674013, 9.987162396743093, 8.720250161671, 10.43157601608776, 10.585345397807735, 11.21491021171008, 8.237476982586209, 8.232358858340364, 6.829954224574152, 8.024927474440107, 11.213931642629289, 9.430313244461466, 6.976730288638034, 7.485295566125057, 7.926774388378648, 8.641311466657752, 9.734578116820117, 8.308685076173045, 9.498534233059539, 10.005694258404276, 7.874640173733326, 7.823169615896996, 8.438137313341425, 9.97147900582412, 10.858791642276508, 8.909331007320665, 8.378762591687403, 9.704248677713926, 8.086015001887436, 10.104553361513508, 12.142409890416847]
final elec cons list:[1.7438434686977136, 1.9432303804893254, 1.995083906955107, 2.409571808351291, 1.2835582029480626, 1.2298448044238763, 0.7609229239466594, 0.5053560801749094, 0.627003615537435, 0.572977559954769, 0.34273971489671784, 0.3743609904982226, 0.37879156915373885, 0.9735909383241645, 1.4521494615277513, 0.5905087487676223, 0.319834188202006, 0.4875697566594681, 0.3940911622173938, 0.40507145504787534, 0.39239980210934355, 0.5317838930141496, 0.3531482673471096, 0.5941263593280393, 0.5253164538240764, 0.3367074203753303, 0.5467047101542526, 0.5407511943839669, 0.5119728776028193, 0.8317182334224233, 0.46511185880231304, 0.5533743026808478, 0.27909725912191297, 0.22820739148326388, 0.2635744652924237, 0.4289887591191108, 0.49501880261312176, 0.47797148445466897, 0.46787064990589905, 0.8111703063772115, 0.6001662758886679, 0.9211560458671443, 0.7077389715187047, 0.5110366104194375, 0.8161035094022984, 0.5072708474444283, 0.4147438631618638, 0.4533900166982842, 0.38162986545275407, 0.3700441445889274, 0.2781384012597064, 0.4218295638592703, 0.8559923252040375, 0.3512748298110132, 0.37029716174424177, 0.31689105133126505, 0.4049633656006549, 0.5203545563765974, 0.3886663514246203, 0.4990213157040722, 0.5740056089320649, 0.27466999154637756, 0.5734781389233428, 0.6503678516730174, 0.3986975121212177, 0.5756730918203832, 0.5707560275409282, 0.4506712585258016, 0.38437409477581813, 0.2633361853235724, 0.293061202471931, 0.3715814275541705, 0.30485922524932574, 0.3358420670420801, 0.34638227161474705, 0.36168625485475675, 0.31569373118597105, 0.39142229395484057, 0.5870090159155777, 0.7238396968908494, 0.34363952712677814, 0.3188496279362966, 0.259628857616308, 0.4241714684291244, 0.2956475617247435, 0.33435243743326676, 0.43056075164151636, 0.3315481975667424, 0.49014468396637917, 0.3440446435382593, 0.2782731608219818, 0.29218545136347246, 0.4627317226888245, 0.4071946907304494, 0.33123307060187474, 0.32222655303030245, 0.32649193223251216, 0.31394496632382285, 0.297152439566565, 0.7432962470989176]
final halt list:[0.591321243523316, 0.5567028351417571, 0.27066993464052286, 0.2639637904468413, 0.17323529411764707, 0.17621067515022976, 0.2037285858246557, 0.1884266263237519, 0.05810082435003171, 0.03690436521159614, 0.1647640791476408, 0.15433843085106383, 0.22933452700686363, 0.019083969465648856, 0.0271978021978022, 0.5429843693202472, 0.47722945096794667, 0.5075698757763976, 0.28743500866551125, 0.14787066246056782, 0.3538173385658223, 0.25668073136427566, 0.3422314578005115, 0.042717981475566914, 0.06047221329906842, 0.41801918111398007, 0.05805491233873635, 0.25164092664092663, 0.24680851063829787, 0.028351387948544346, 0.11605890603085554, 0.20154826958105646, 0.31196930111038534, 0.4629944375772559, 0.5888695652173913, 0.14705363443895553, 0.13819444444444445, 0.15282983508245876, 0.06893351333108336, 0.012121212121212121, 0.05970020675396279, 0.273089762611276, 0.2757352941176471, 0.30886654478976233, 0.17486548808608762, 0.15636014098045498, 0.2989413075780089, 0.18433484504913075, 0.1448198198198198, 0.133605220228385, 0.4549722906403941, 0.23256227758007117, 0.00727994705493051, 0.22165367121507473, 0.2946927374301676, 0.36115947075208915, 0.47386895475819035, 0.5564423076923077, 0.23516870596959585, 0.09907497565725414, 0.1816436251920123, 0.43177290836653387, 0.08139163740823492, 0.0710267229254571, 0.3350706713780919, 0.042675259352404904, 0.08222116301239275, 0.05801551389786684, 0.12972482612639855, 0.5040867651681861, 0.2592063492063492, 0.2937847866419295, 0.1915927938232771, 0.29476994372724263, 0.11299840510366826, 0.4339924670433145, 0.6101946552292973, 0.7166723783413297, 0.618000751597144, 0.16294718909710393, 0.24345279117849758, 0.7473858487277797, 0.5589678762641285, 0.17046296296296296, 0.35624387054593004, 0.2817879794623981, 0.49443770226537215, 0.3128688524590164, 0.15681326604181686, 0.9042269611576542, 0.6489208633093525, 0.3984831871345029, 0.3532849657396211, 0.12284412626098275, 0.35412224591329067, 0.4002824858757062, 0.3503623188405797, 0.5483840661405487, 0.23803146970204217, 0.07961034598589184]
speed reward list:[-4668.849999999919, -4187.699999999919, -2498.449999999998, -2386.6000000000013, -3477.899999999896, -3184.349999999916, -3844.3499999999344, -4311.899999999943, -3592.3499999999403, -3677.6499999999623, -4791.849999999965, -5237.549999999955, -5491.549999999955, -3763.74999999993, -2893.0499999999643, -6335.399999999929, -6544.399999999935, -5824.299999999932, -5455.4999999999545, -4937.499999999949, -6045.449999999941, -5004.6499999999405, -5693.9499999999425, -3975.4499999999334, -3893.949999999941, -6077.999999999952, -4102.999999999962, -5226.2499999999545, -5310.549999999957, -3620.1999999999252, -4513.949999999959, -5180.299999999951, -6264.149999999974, -7185.699999999965, -7657.54999999998, -5101.549999999951, -4660.299999999934, -4603.549999999942, -4469.649999999945, -3445.9499999999634, -3820.2499999999627, -5184.199999999913, -4820.449999999935, -5076.099999999924, -4157.499999999938, -4101.699999999928, -5130.099999999934, -4637.249999999952, -4464.899999999946, -4553.449999999954, -7362.299999999947, -5216.399999999939, -3356.799999999971, -5661.799999999946, -5397.899999999931, -6098.299999999915, -6223.899999999928, -7046.69999999994, -5103.79999999992, -3856.099999999924, -4362.8499999999285, -6469.3499999999485, -3618.3499999999194, -3289.449999999926, -5504.049999999944, -3931.24999999996, -3982.7499999999372, -4135.74999999992, -4377.949999999939, -6671.249999999959, -5600.599999999945, -5374.849999999969, -4935.44999999995, -5715.899999999926, -4440.099999999962, -6355.199999999948, -8103.549999999973, -9360.85, -8010.69999999996, -4132.699999999848, -5523.899999999945, -8772.749999999989, -8712.249999999993, -6518.599999999993, -6576.8999999999605, -5881.749999999944, -6307.999999999957, -5654.749999999931, -4652.99999999994, -8670.55, -7724.449999999973, -5994.749999999942, -5495.799999999929, -4404.449999999958, -5787.999999999946, -5771.2499999999345, -5541.949999999929, -6649.6499999999405, -5023.899999999933, -3966.599999999935]
accel reward list:[-4731.359286135893, -4612.0871442325715, -4962.172393825994, -4591.895737329391, -3550.1937534373346, -3220.137532649138, -3231.603876953511, -3292.3617733693663, -2254.5395491444137, -2264.673906239096, -2885.9412779339496, -3267.816779015207, -5325.68337336458, -3046.706235654686, -2847.7054233678036, -3906.657103635511, -3526.7896842071823, -3811.987470703317, -3401.9283182376917, -3978.7854931502015, -5134.861621494464, -3478.044660816206, -3764.1335344603053, -2406.681493961594, -2122.5958685614105, -3111.215705973026, -2180.779280950469, -3950.3452268485735, -3574.630922211475, -2117.6213181851344, -2467.192467622267, -3191.571821336816, -3223.134759873977, -4110.510389614029, -4152.88014709734, -2980.180558762775, -1908.194048920563, -2166.2480240381365, -2101.9880821913175, -1487.2737027840913, -1914.2068993842367, -3664.284078186888, -4271.404261254308, -2369.572895256788, -2379.046288756672, -2222.443952499772, -2013.627272348335, -2072.167441134659, -2525.849194634145, -2072.6831391526807, -5414.375129471366, -3037.7077881154783, -2300.2081379466063, -5814.396249134539, -3778.5607512126567, -2564.5585799951596, -3475.5086508973795, -10571.066000420187, -2040.8528884367822, -1681.351248897397, -2610.81138549889, -4641.790198497731, -1927.8857694123537, -2048.4714424136414, -3460.654430402306, -1969.2022618792748, -1875.4024315407205, -1749.121409439202, -1721.492850555746, -3039.440285058463, -3160.641427007306, -2563.9257555880113, -1928.6522249559225, -2611.3082389142905, -1897.7031016415744, -5302.923597547458, -8785.993592121526, -14533.154721719195, -11040.465290327229, -4583.634878685384, -3596.5712977164685, -9943.715061573886, -10067.306862047768, -8140.708794381213, -5093.47952556219, -4191.865786320889, -4671.261413465116, -3885.1752492404753, -3301.7123239981847, -5770.639661884522, -5828.149097811311, -2886.23883625168, -3244.5918992011975, -2199.1260880341274, -3461.607339066671, -3046.463134452777, -3095.9119772566864, -3257.9321227240616, -1824.967452204933, -2471.2519507529796]
tls reward list:[-15722.89999999723, -14042.99999999756, -8450.799999998935, -7318.399999999181, -6825.8999999979815, -3041.4000000007245, -2953.2000000008093, -4337.99999999996, -1957.8000000004677, -1593.500000000809, -3457.700000001035, -4957.199999999002, -6666.699999997021, -1786.1000000005965, -1261.7999999999088, -9036.899999996758, -6591.399999996689, -5776.999999997347, -4717.199999999239, -3950.300000001112, -7546.199999996994, -4520.500000000664, -4479.7999999999865, -1853.1000000009342, -1560.8000000005914, -4976.099999999124, -1662.400000000593, -5092.699999999717, -5548.999999997486, -1770.5000000006658, -2547.000000000663, -4658.799999999404, -6208.799999997757, -8728.699999995562, -11129.799999994513, -4695.099999998845, -2854.7000000009807, -3540.400000001018, -3132.800000000856, -795.2999999997934, -1116.400000000163, -5448.099999997077, -3598.600000000823, -3418.7000000009416, -2126.300000000698, -1776.2000000004205, -3648.500000001238, -2450.1000000006843, -1733.7000000007538, -2210.2000000006756, -11068.799999995266, -5092.799999998336, -1258.4000000000638, -5859.099999998547, -5418.899999998761, -7171.299999996653, -7394.299999996603, -12092.099999995888, -4908.399999998663, -1819.0000000004168, -3968.00000000096, -7181.699999997898, -1265.200000000004, -1236.7999999999574, -5167.099999998607, -1726.3000000005486, -1694.30000000054, -1717.4000000006758, -1345.600000000207, -6035.099999998263, -5253.399999997557, -3311.500000001096, -2305.500000000933, -6156.2999999973335, -1705.1000000005965, -7476.599999997459, -14527.399999994264, -21852.50000000613, -15873.499999994285, -4711.000000000487, -5998.799999998142, -17435.099999995982, -18019.09999999513, -10080.099999995387, -8623.799999996878, -7582.099999996875, -7301.799999997339, -4707.699999999767, -2843.4000000011174, -14125.999999994447, -10258.899999995117, -4887.899999998988, -5665.699999997218, -2308.8000000007687, -5622.499999997981, -4504.499999999191, -4885.899999998192, -7550.999999996922, -2943.800000001028, -2874.900000000871]
extra reward list:[-3317.999999999764, -3111.4999999998176, -1967.0000000000887, -1782.9000000000767, -1327.200000000047, -1029.0000000000277, -1196.3000000000386, -1080.800000000031, -399.69999999999595, -460.59999999999496, -819.0000000000141, -1057.7000000000296, -1376.9000000000503, -593.5999999999995, -522.8999999999949, -2577.3999999999564, -2438.7999999999925, -2157.4000000000656, -1562.4000000000624, -1157.800000000036, -1722.0000000000728, -1582.7000000000637, -1991.5000000000903, -812.7000000000137, -665.7000000000041, -1616.300000000066, -578.8999999999985, -1130.5000000000343, -1536.5000000000607, -433.9999999999954, -452.1999999999951, -602.0, -905.1000000000197, -1666.0000000000691, -2328.900000000021, -1066.1000000000301, -741.300000000009, -764.4000000000106, -597.7999999999997, -275.099999999998, -395.499999999996, -1215.9000000000399, -1022.7000000000273, -981.4000000000246, -562.0999999999974, -497.69999999999436, -926.8000000000211, -740.600000000009, -619.5000000000011, -619.5000000000011, -2083.9000000000847, -1152.2000000000357, -245.69999999999845, -937.3000000000218, -1220.1000000000402, -1544.9000000000613, -2516.4999999999723, -3215.0999999997907, -1054.2000000000294, -586.599999999999, -527.0999999999951, -1558.2000000000621, -319.89999999999725, -489.9999999999945, -1141.700000000035, -443.79999999999524, -464.7999999999949, -656.6000000000035, -715.4000000000074, -1708.0000000000719, -1237.6000000000413, -1125.600000000034, -856.1000000000165, -1645.0000000000678, -719.6000000000076, -1635.9000000000672, -2753.7999999999106, -3822.699999999633, -3143.6999999998093, -1327.200000000047, -1337.0000000000477, -3509.799999999714, -3266.8999999997773, -1655.5000000000684, -1539.300000000061, -1159.2000000000362, -1525.30000000006, -1124.900000000034, -839.3000000000154, -2642.4999999999395, -2161.6000000000645, -1365.7000000000496, -1402.100000000052, -587.299999999999, -1251.6000000000422, -1377.6000000000504, -1446.2000000000548, -2187.5000000000578, -1019.2000000000271, -779.1000000000115]
danger count list:[4740, 4445, 2810, 2547, 1896, 1470, 1709, 1544, 571, 658, 1170, 1511, 1967, 848, 747, 3682, 3484, 3082, 2232, 1654, 2460, 2261, 2845, 1161, 951, 2309, 827, 1615, 2195, 620, 646, 860, 1293, 2380, 3327, 1523, 1059, 1092, 854, 393, 565, 1737, 1461, 1402, 803, 711, 1324, 1058, 885, 885, 2977, 1646, 351, 1339, 1743, 2207, 3595, 4593, 1506, 838, 753, 2226, 457, 700, 1631, 634, 664, 938, 1022, 2440, 1768, 1608, 1223, 2350, 1028, 2337, 3934, 5461, 4491, 1896, 1910, 5014, 4667, 2365, 2199, 1656, 2179, 1607, 1199, 3775, 3088, 1951, 2003, 839, 1788, 1968, 2066, 3125, 1456, 1113]
