nohup: 忽略输入
Env:sumo, Algorithm:TD3, Device:cuda
-----------------------------------------
models/reward_s9e-3_a4e-2_t(-0.6_0.03).pth
-----------------------------------------
 Retrying in 1 seconds
Warning: Unused states in tlLogic 'J10', program '0' in phase 0 after tl-index 10
Simulation......
总奖励:-4706.84583466113, 速度奖励:-930.6574919819515, 加速度奖励:-711.2383426792711, 交通灯奖励:-3064.949999999259, 与前车进行交互的惩罚:0.0
Episode:1/100, Reward:-4706.84583466113
Episode:1/100, avg speed:14.437917980568516
Episode:1/100, avg halt num:0.3433744722312439
Episode:1/100, avg elec cons:1.762902998089894
 Retrying in 1 seconds
Warning: Unused states in tlLogic 'J10', program '0' in phase 0 after tl-index 10
Simulation......
总奖励:-5519.726304698002, 速度奖励:-1184.5730724479397, 加速度奖励:-681.333232250229, 交通灯奖励:-3653.8199999988833, 与前车进行交互的惩罚:0.0
Episode:2/100, Reward:-5519.726304698002
Episode:2/100, avg speed:14.017458994774065
Episode:2/100, avg halt num:0.4596020761245675
Episode:2/100, avg elec cons:1.8991220424325361
 Retrying in 1 seconds
Warning: Unused states in tlLogic 'J10', program '0' in phase 0 after tl-index 10
Simulation......
总奖励:-4385.923834228381, 速度奖励:-671.9371865909739, 加速度奖励:-1006.336647637572, 交通灯奖励:-2707.649999999533, 与前车进行交互的惩罚:0.0
Episode:3/100, Reward:-4385.923834228381
Episode:3/100, avg speed:15.317496444556761
Episode:3/100, avg halt num:0.2682249101013403
Episode:3/100, avg elec cons:2.0493476618036817
 Retrying in 1 seconds
Warning: Unused states in tlLogic 'J10', program '0' in phase 0 after tl-index 10
Simulation......
总奖励:-5027.119390019221, 速度奖励:-1102.15539350099, 加速度奖励:-1274.163996518261, 交通灯奖励:-2650.799999998948, 与前车进行交互的惩罚:0.0
Episode:4/100, Reward:-5027.119390019221
Episode:4/100, avg speed:13.528358306724705
Episode:4/100, avg halt num:0.20302334481438958
Episode:4/100, avg elec cons:2.1502174463261805
 Retrying in 1 seconds
Warning: Unused states in tlLogic 'J10', program '0' in phase 0 after tl-index 10
Simulation......
总奖励:-1819.0981486441367, 速度奖励:-481.6768915169924, 加速度奖励:-659.2712571271397, 交通灯奖励:-678.1500000001711, 与前车进行交互的惩罚:0.0
Episode:5/100, Reward:-1819.0981486441367
Episode:5/100, avg speed:14.123187687733639
Episode:5/100, avg halt num:0.1031650641025641
Episode:5/100, avg elec cons:2.1762127289531215
 Retrying in 1 seconds
Warning: Unused states in tlLogic 'J10', program '0' in phase 0 after tl-index 10
Simulation......
总奖励:-2660.0685371451395, 速度奖励:-660.9621112109796, 加速度奖励:-918.8064259341515, 交通灯奖励:-1080.3000000002246, 与前车进行交互的惩罚:0.0
Episode:6/100, Reward:-2660.0685371451395
Episode:6/100, avg speed:13.699189901961637
Episode:6/100, avg halt num:0.16216216216216217
Episode:6/100, avg elec cons:1.9301700348486317
 Retrying in 1 seconds
Warning: Unused states in tlLogic 'J10', program '0' in phase 0 after tl-index 10
Simulation......
总奖励:-3297.310339319881, 速度奖励:-836.1864332819813, 加速度奖励:-1141.423906037946, 交通灯奖励:-1319.7000000001954, 与前车进行交互的惩罚:0.0
Episode:7/100, Reward:-3297.310339319881
Episode:7/100, avg speed:13.55771614162999
Episode:7/100, avg halt num:0.1522517911975435
Episode:7/100, avg elec cons:2.050364149651998
 Retrying in 1 seconds
Warning: Unused states in tlLogic 'J10', program '0' in phase 0 after tl-index 10
Simulation......
总奖励:-3053.6898897785077, 速度奖励:-796.9828986359778, 加速度奖励:-965.8069911425283, 交通灯奖励:-1290.900000000198, 与前车进行交互的惩罚:0.0
Episode:8/100, Reward:-3053.6898897785077
Episode:8/100, avg speed:13.546045154250335
Episode:8/100, avg halt num:0.13356901321856748
Episode:8/100, avg elec cons:1.801986049191412
 Retrying in 1 seconds
Warning: Unused states in tlLogic 'J10', program '0' in phase 0 after tl-index 10
Simulation......
总奖励:-3175.951870026582, 速度奖励:-806.9249983409935, 加速度奖励:-1244.236871685651, 交通灯奖励:-1124.790000000218, 与前车进行交互的惩罚:0.0
Episode:9/100, Reward:-3175.951870026582
Episode:9/100, avg speed:13.216149295947222
Episode:9/100, avg halt num:0.07498378728923476
Episode:9/100, avg elec cons:2.32364891121456
 Retrying in 1 seconds
Warning: Unused states in tlLogic 'J10', program '0' in phase 0 after tl-index 10
Simulation......
总奖励:-2987.979377684477, 速度奖励:-761.1990083459859, 加速度奖励:-1068.8403693385017, 交通灯奖励:-1157.940000000237, 与前车进行交互的惩罚:0.0
Episode:10/100, Reward:-2987.979377684477
Episode:10/100, avg speed:13.35910543498438
Episode:10/100, avg halt num:0.1247429746401645
Episode:10/100, avg elec cons:2.346243605414214
 Retrying in 1 seconds
Warning: Unused states in tlLogic 'J10', program '0' in phase 0 after tl-index 10
Simulation......
总奖励:-3413.925269169752, 速度奖励:-873.131390748001, 加速度奖励:-1482.363878421826, 交通灯奖励:-1058.430000000264, 与前车进行交互的惩罚:0.0
Episode:11/100, Reward:-3413.925269169752
Episode:11/100, avg speed:13.256412449501559
Episode:11/100, avg halt num:0.03077788492446159
Episode:11/100, avg elec cons:2.2932881366645885
 Retrying in 1 seconds
Warning: Unused states in tlLogic 'J10', program '0' in phase 0 after tl-index 10
Simulation......
总奖励:-4193.669777846489, 速度奖励:-1122.203256965989, 加速度奖励:-1590.1565208805753, 交通灯奖励:-1481.3100000002053, 与前车进行交互的惩罚:0.0
Episode:12/100, Reward:-4193.669777846489
Episode:12/100, avg speed:12.544247049131224
Episode:12/100, avg halt num:0.1412200876306033
Episode:12/100, avg elec cons:1.8108917044290405
 Retrying in 1 seconds
Warning: Unused states in tlLogic 'J10', program '0' in phase 0 after tl-index 10
Simulation......
总奖励:-3854.9998314428085, 速度奖励:-1011.5847821700097, 加速度奖励:-1753.2450492728801, 交通灯奖励:-1090.1700000002827, 与前车进行交互的惩罚:0.0
Episode:13/100, Reward:-3854.9998314428085
Episode:13/100, avg speed:12.353176389773912
Episode:13/100, avg halt num:0.025060386473429952
Episode:13/100, avg elec cons:2.0366988172595284
 Retrying in 1 seconds
Warning: Unused states in tlLogic 'J10', program '0' in phase 0 after tl-index 10
Simulation......
总奖励:-3989.9324288238395, 速度奖励:-1028.6865741240135, 加速度奖励:-1733.3758546999331, 交通灯奖励:-1227.8700000002507, 与前车进行交互的惩罚:0.0
Episode:14/100, Reward:-3989.9324288238395
Episode:14/100, avg speed:11.923069775888758
Episode:14/100, avg halt num:0.010506372717878057
Episode:14/100, avg elec cons:2.5075403964066947
 Retrying in 1 seconds
Warning: Unused states in tlLogic 'J10', program '0' in phase 0 after tl-index 10
Simulation......
总奖励:-3475.371482359894, 速度奖励:-868.2933383730118, 加速度奖励:-1471.278143987001, 交通灯奖励:-1135.8000000002341, 与前车进行交互的惩罚:0.0
Episode:15/100, Reward:-3475.371482359894
Episode:15/100, avg speed:12.976931984686935
Episode:15/100, avg halt num:0.01238615664845173
Episode:15/100, avg elec cons:2.731856273664642
 Retrying in 1 seconds
Warning: Unused states in tlLogic 'J10', program '0' in phase 0 after tl-index 10
Simulation......
总奖励:-3233.632810505497, 速度奖励:-848.4249346020067, 加速度奖励:-1450.7978759036014, 交通灯奖励:-934.4100000002393, 与前车进行交互的惩罚:0.0
Episode:16/100, Reward:-3233.632810505497
Episode:16/100, avg speed:12.42282393893353
Episode:16/100, avg halt num:0.021600300525920362
Episode:16/100, avg elec cons:2.754570487119036
 Retrying in 1 seconds
Warning: Unused states in tlLogic 'J10', program '0' in phase 0 after tl-index 10
Simulation......
总奖励:-3419.9944807328948, 速度奖励:-938.8357305390086, 加速度奖励:-1527.818750193942, 交通灯奖励:-953.340000000267, 与前车进行交互的惩罚:0.0
Episode:17/100, Reward:-3419.9944807328948
Episode:17/100, avg speed:12.632869393562281
Episode:17/100, avg halt num:0.028308321964529332
Episode:17/100, avg elec cons:2.0566190994864635
 Retrying in 1 seconds
Warning: Unused states in tlLogic 'J10', program '0' in phase 0 after tl-index 10
Simulation......
总奖励:-3513.5729494549055, 速度奖励:-1061.8188740730075, 加速度奖励:-1314.0340753819116, 交通灯奖励:-1137.720000000293, 与前车进行交互的惩罚:0.0
Episode:18/100, Reward:-3513.5729494549055
Episode:18/100, avg speed:10.900048137042894
Episode:18/100, avg halt num:0.049364322606277315
Episode:18/100, avg elec cons:1.5268156076158224
 Retrying in 1 seconds
Warning: Unused states in tlLogic 'J10', program '0' in phase 0 after tl-index 10
Simulation......
总奖励:-3794.510762103122, 速度奖励:-1136.0707558650147, 加速度奖励:-1386.650006238172, 交通灯奖励:-1271.790000000272, 与前车进行交互的惩罚:0.0
Episode:19/100, Reward:-3794.510762103122
Episode:19/100, avg speed:11.956163096020052
Episode:19/100, avg halt num:0.04798158640226629
Episode:19/100, avg elec cons:1.5741583824826364
 Retrying in 1 seconds
Warning: Unused states in tlLogic 'J10', program '0' in phase 0 after tl-index 10
Simulation......
总奖励:-3273.6634001085795, 速度奖励:-1005.3941879250073, 加速度奖励:-1338.269212183615, 交通灯奖励:-930.0000000002831, 与前车进行交互的惩罚:0.0
Episode:20/100, Reward:-3273.6634001085795
Episode:20/100, avg speed:12.610183129378967
Episode:20/100, avg halt num:0.02705977382875606
Episode:20/100, avg elec cons:1.6298298044320834
 Retrying in 1 seconds
Warning: Unused states in tlLogic 'J10', program '0' in phase 0 after tl-index 10
Simulation......
总奖励:-3392.186541850876, 速度奖励:-1031.0277636900103, 加速度奖励:-1240.6587781609303, 交通灯奖励:-1120.5000000003001, 与前车进行交互的惩罚:0.0
Episode:21/100, Reward:-3392.186541850876
Episode:21/100, avg speed:12.216857016568081
Episode:21/100, avg halt num:0.03589156166475754
Episode:21/100, avg elec cons:1.9314695587678656
 Retrying in 1 seconds
Warning: Unused states in tlLogic 'J10', program '0' in phase 0 after tl-index 10
Simulation......
总奖励:-2791.2908795302865, 速度奖励:-886.7954969730093, 加速度奖励:-1122.1853825573096, 交通灯奖励:-782.3100000002572, 与前车进行交互的惩罚:0.0
Episode:22/100, Reward:-2791.2908795302865
Episode:22/100, avg speed:12.296970330761036
Episode:22/100, avg halt num:0.011623683254631312
Episode:22/100, avg elec cons:1.982129899488689
 Retrying in 1 seconds
Warning: Unused states in tlLogic 'J10', program '0' in phase 0 after tl-index 10
Simulation......
总奖励:-6176.930776106757, 速度奖励:-1799.127832670969, 加速度奖励:-1828.852943436172, 交通灯奖励:-2548.9499999993695, 与前车进行交互的惩罚:0.0
Episode:23/100, Reward:-6176.930776106757
Episode:23/100, avg speed:10.4359965136789
Episode:23/100, avg halt num:0.20871200250705108
Episode:23/100, avg elec cons:1.0060000121427763
 Retrying in 1 seconds
Warning: Unused states in tlLogic 'J10', program '0' in phase 0 after tl-index 10
Simulation......
总奖励:-5047.265014749397, 速度奖励:-1738.4687756999704, 加速度奖励:-1596.0962390495818, 交通灯奖励:-1712.7000000003216, 与前车进行交互的惩罚:0.0
Episode:24/100, Reward:-5047.265014749397
Episode:24/100, avg speed:9.862004450531973
Episode:24/100, avg halt num:0.2190306596469495
Episode:24/100, avg elec cons:0.5537985720401306
 Retrying in 1 seconds
Warning: Unused states in tlLogic 'J10', program '0' in phase 0 after tl-index 10
Simulation......
总奖励:-3233.9554396017106, 速度奖励:-1215.7585240409903, 加速度奖励:-1020.1569155607111, 交通灯奖励:-998.0400000003461, 与前车进行交互的惩罚:0.0
Episode:25/100, Reward:-3233.9554396017106
Episode:25/100, avg speed:11.56484607636318
Episode:25/100, avg halt num:0.09554439912143081
Episode:25/100, avg elec cons:0.6016244412954208
 Retrying in 1 seconds
Warning: Unused states in tlLogic 'J10', program '0' in phase 0 after tl-index 10
Simulation......
总奖励:-7012.227175090164, 速度奖励:-2258.3567064240406, 加速度奖励:-1548.7904686668091, 交通灯奖励:-3205.0799999987453, 与前车进行交互的惩罚:0.0
Episode:26/100, Reward:-7012.227175090164
Episode:26/100, avg speed:9.099864617886574
Episode:26/100, avg halt num:0.34147364887546156
Episode:26/100, avg elec cons:0.5601477387079548
 Retrying in 1 seconds
Warning: Unused states in tlLogic 'J10', program '0' in phase 0 after tl-index 10
Simulation......
总奖励:-6460.026638538594, 速度奖励:-2094.93075697199, 加速度奖励:-1363.8058815669042, 交通灯奖励:-3001.2899999984047, 与前车进行交互的惩罚:0.0
Episode:27/100, Reward:-6460.026638538594
Episode:27/100, avg speed:9.529344003744676
Episode:27/100, avg halt num:0.27324809033543673
Episode:27/100, avg elec cons:0.6368439361078163
 Retrying in 1 seconds
Warning: Unused states in tlLogic 'J10', program '0' in phase 0 after tl-index 10
Simulation......
总奖励:-3113.3747922670073, 速度奖励:-1129.1138727749894, 加速度奖励:-790.8309194920236, 交通灯奖励:-1193.43000000024, 与前车进行交互的惩罚:0.0
Episode:28/100, Reward:-3113.3747922670073
Episode:28/100, avg speed:11.155646948968062
Episode:28/100, avg halt num:0.13081973736569838
Episode:28/100, avg elec cons:1.1449595045154823
 Retrying in 1 seconds
Warning: Unused states in tlLogic 'J10', program '0' in phase 0 after tl-index 10
Simulation......
总奖励:-2201.1174888035725, 速度奖励:-716.8837051170016, 加速度奖励:-795.0137836865675, 交通灯奖励:-689.22000000021, 与前车进行交互的惩罚:0.0
Episode:29/100, Reward:-2201.1174888035725
Episode:29/100, avg speed:13.036929024371434
Episode:29/100, avg halt num:0.03854581673306773
Episode:29/100, avg elec cons:2.002342310890283
 Retrying in 1 seconds
Warning: Unused states in tlLogic 'J10', program '0' in phase 0 after tl-index 10
Simulation......
总奖励:-2431.603733992517, 速度奖励:-766.8570303989899, 加速度奖励:-682.0967035935159, 交通灯奖励:-982.6500000002565, 与前车进行交互的惩罚:0.0
Episode:30/100, Reward:-2431.603733992517
Episode:30/100, avg speed:13.10791982620379
Episode:30/100, avg halt num:0.10677705701604644
Episode:30/100, avg elec cons:1.2525681454370325
 Retrying in 1 seconds
Warning: Unused states in tlLogic 'J10', program '0' in phase 0 after tl-index 10
Simulation......
总奖励:-5594.29323295192, 速度奖励:-1804.1076776699394, 加速度奖励:-1118.2355552822455, 交通灯奖励:-2671.949999999667, 与前车进行交互的惩罚:0.0
Episode:31/100, Reward:-5594.29323295192
Episode:31/100, avg speed:9.9312452456278
Episode:31/100, avg halt num:0.328076525336091
Episode:31/100, avg elec cons:0.666285308803457
 Retrying in 1 seconds
Warning: Unused states in tlLogic 'J10', program '0' in phase 0 after tl-index 10
Simulation......
总奖励:-6109.325761079279, 速度奖励:-1563.8188186889806, 加速度奖励:-1544.8769423904498, 交通灯奖励:-3000.629999998551, 与前车进行交互的惩罚:0.0
Episode:32/100, Reward:-6109.325761079279
Episode:32/100, avg speed:11.257838639718047
Episode:32/100, avg halt num:0.2508548632218845
Episode:32/100, avg elec cons:1.9352279814785172
 Retrying in 1 seconds
Warning: Unused states in tlLogic 'J10', program '0' in phase 0 after tl-index 10
Simulation......
总奖励:-7704.509402375812, 速度奖励:-2545.055935326098, 加速度奖励:-1356.1734670505411, 交通灯奖励:-3803.2799999976673, 与前车进行交互的惩罚:0.0
Episode:33/100, Reward:-7704.509402375812
Episode:33/100, avg speed:8.541946058621352
Episode:33/100, avg halt num:0.5436818801089919
Episode:33/100, avg elec cons:0.5193049864183309
 Retrying in 1 seconds
Warning: Unused states in tlLogic 'J10', program '0' in phase 0 after tl-index 10
Simulation......
总奖励:-2639.4616262133372, 速度奖励:-1096.3482187050079, 加速度奖励:-714.4234075083476, 交通灯奖励:-828.6900000002877, 与前车进行交互的惩罚:0.0
Episode:34/100, Reward:-2639.4616262133372
Episode:34/100, avg speed:12.09336437202835
Episode:34/100, avg halt num:0.049041811846689896
Episode:34/100, avg elec cons:0.8566772084801836
 Retrying in 1 seconds
Warning: Unused states in tlLogic 'J10', program '0' in phase 0 after tl-index 10
Simulation......
总奖励:-1525.1783482951496, 速度奖励:-640.5512501699984, 加速度奖励:-604.997098125146, 交通灯奖励:-279.63000000000113, 与前车进行交互的惩罚:0.0
Episode:35/100, Reward:-1525.1783482951496
Episode:35/100, avg speed:13.77376397358672
Episode:35/100, avg halt num:0.015011119347664937
Episode:35/100, avg elec cons:1.9519817705598894
 Retrying in 1 seconds
Warning: Unused states in tlLogic 'J10', program '0' in phase 0 after tl-index 10
Simulation......
总奖励:-1644.3481031995523, 速度奖励:-645.8448072150067, 加速度奖励:-717.7632959845371, 交通灯奖励:-280.7400000000306, 与前车进行交互的惩罚:0.0
Episode:36/100, Reward:-1644.3481031995523
Episode:36/100, avg speed:13.494780996326751
Episode:36/100, avg halt num:0.013987318164863857
Episode:36/100, avg elec cons:2.265444377387706
 Retrying in 1 seconds
Warning: Unused states in tlLogic 'J10', program '0' in phase 0 after tl-index 10
Simulation......
总奖励:-2055.0756249261367, 速度奖励:-785.1821346809933, 加速度奖励:-794.6634902451297, 交通灯奖励:-475.2300000001462, 与前车进行交互的惩罚:0.0
Episode:37/100, Reward:-2055.0756249261367
Episode:37/100, avg speed:12.525230126003937
Episode:37/100, avg halt num:0.07968168664737495
Episode:37/100, avg elec cons:2.3719310205967643
 Retrying in 1 seconds
Warning: Unused states in tlLogic 'J10', program '0' in phase 0 after tl-index 10
Simulation......
总奖励:-1910.779800734034, 速度奖励:-660.3850930680038, 加速度奖励:-852.2347076660102, 交通灯奖励:-398.1600000001556, 与前车进行交互的惩罚:0.0
Episode:38/100, Reward:-1910.779800734034
Episode:38/100, avg speed:13.561873907877608
Episode:38/100, avg halt num:0.01943907156673114
Episode:38/100, avg elec cons:2.294172751134154
 Retrying in 1 seconds
Warning: Unused states in tlLogic 'J10', program '0' in phase 0 after tl-index 10
Simulation......
总奖励:-2061.4819728963635, 速度奖励:-702.9374412239993, 加速度奖励:-852.3245316723549, 交通灯奖励:-506.22000000016027, 与前车进行交互的惩罚:0.0
Episode:39/100, Reward:-2061.4819728963635
Episode:39/100, avg speed:13.741609424325778
Episode:39/100, avg halt num:0.04549378453038674
Episode:39/100, avg elec cons:2.345976453351332
 Retrying in 1 seconds
Warning: Unused states in tlLogic 'J10', program '0' in phase 0 after tl-index 10
Simulation......
总奖励:-1849.5241672211941, 速度奖励:-680.3625971970016, 加速度奖励:-902.2815700241761, 交通灯奖励:-266.8799999999984, 与前车进行交互的惩罚:0.0
Episode:40/100, Reward:-1849.5241672211941
Episode:40/100, avg speed:13.53259026340119
Episode:40/100, avg halt num:0.013913986266714853
Episode:40/100, avg elec cons:2.1699802097369094
 Retrying in 1 seconds
Warning: Unused states in tlLogic 'J10', program '0' in phase 0 after tl-index 10
Simulation......
总奖励:-1866.5655895965358, 速度奖励:-716.4945629190044, 加速度奖励:-967.4610266775159, 交通灯奖励:-182.60999999998495, 与前车进行交互的惩罚:0.0
Episode:41/100, Reward:-1866.5655895965358
Episode:41/100, avg speed:13.251523686237919
Episode:41/100, avg halt num:0.011164701679171133
Episode:41/100, avg elec cons:2.058795371653147
 Retrying in 1 seconds
Warning: Unused states in tlLogic 'J10', program '0' in phase 0 after tl-index 10
Simulation......
总奖励:-2075.9190592029204, 速度奖励:-784.2163147290071, 加速度奖励:-967.6727444739167, 交通灯奖励:-324.03000000016834, 与前车进行交互的惩罚:0.0
Episode:42/100, Reward:-2075.9190592029204
Episode:42/100, avg speed:12.762986268632629
Episode:42/100, avg halt num:0.014672472548277167
Episode:42/100, avg elec cons:2.067706648183081
 Retrying in 1 seconds
Warning: Unused states in tlLogic 'J10', program '0' in phase 0 after tl-index 10
Simulation......
总奖励:-2053.619720441038, 速度奖励:-722.6580885120065, 加速度奖励:-984.9716319290255, 交通灯奖励:-345.9900000001022, 与前车进行交互的惩罚:0.0
Episode:43/100, Reward:-2053.619720441038
Episode:43/100, avg speed:12.867466529419213
Episode:43/100, avg halt num:0.003813062182244818
Episode:43/100, avg elec cons:2.092095563857797
 Retrying in 1 seconds
Warning: Unused states in tlLogic 'J10', program '0' in phase 0 after tl-index 10
Simulation......
总奖励:-2680.217283387869, 速度奖励:-1162.1778613559852, 加速度奖励:-994.9594220318688, 交通灯奖励:-523.0800000001899, 与前车进行交互的惩罚:0.0
Episode:44/100, Reward:-2680.217283387869
Episode:44/100, avg speed:11.44765074611258
Episode:44/100, avg halt num:0.13866618075801748
Episode:44/100, avg elec cons:0.91912777822018
 Retrying in 1 seconds
Warning: Unused states in tlLogic 'J10', program '0' in phase 0 after tl-index 10
Simulation......
总奖励:-2275.792521616532, 速度奖励:-936.1271038950032, 加速度奖励:-994.965417721528, 交通灯奖励:-344.70000000009213, 与前车进行交互的惩罚:0.0
Episode:45/100, Reward:-2275.792521616532
Episode:45/100, avg speed:11.736400327220695
Episode:45/100, avg halt num:0.024922720247295208
Episode:45/100, avg elec cons:1.438084515429623
 Retrying in 1 seconds
Warning: Unused states in tlLogic 'J10', program '0' in phase 0 after tl-index 10
Simulation......
总奖励:-2594.6418592246737, 速度奖励:-775.4435900010059, 加速度奖励:-961.1982692236762, 交通灯奖励:-858.0000000001718, 与前车进行交互的惩罚:0.0
Episode:46/100, Reward:-2594.6418592246737
Episode:46/100, avg speed:13.518096643866782
Episode:46/100, avg halt num:0.021636185499673416
Episode:46/100, avg elec cons:1.4265955661754794
 Retrying in 1 seconds
Warning: Unused states in tlLogic 'J10', program '0' in phase 0 after tl-index 10
Simulation......
总奖励:-3890.110041202458, 速度奖励:-733.5881117369885, 加速度奖励:-1283.8919294655248, 交通灯奖励:-1872.6300000001202, 与前车进行交互的惩罚:0.0
Episode:47/100, Reward:-3890.110041202458
Episode:47/100, avg speed:13.334169195224373
Episode:47/100, avg halt num:0.07165907365223993
Episode:47/100, avg elec cons:1.5528936460454155
 Retrying in 1 seconds
Warning: Unused states in tlLogic 'J10', program '0' in phase 0 after tl-index 10
Simulation......
总奖励:-3640.4533546525927, 速度奖励:-660.4322930639829, 加速度奖励:-1176.361061588577, 交通灯奖励:-1803.6600000001058, 与前车进行交互的惩罚:0.0
Episode:48/100, Reward:-3640.4533546525927
Episode:48/100, avg speed:13.727415616949479
Episode:48/100, avg halt num:0.16181102362204725
Episode:48/100, avg elec cons:1.9620884405644106
 Retrying in 1 seconds
Warning: Unused states in tlLogic 'J10', program '0' in phase 0 after tl-index 10
Simulation......
总奖励:-3078.347599592536, 速度奖励:-526.5556226819806, 加速度奖励:-974.6019769105912, 交通灯奖励:-1577.1900000001256, 与前车进行交互的惩罚:0.0
Episode:49/100, Reward:-3078.347599592536
Episode:49/100, avg speed:14.869347504739322
Episode:49/100, avg halt num:0.13457313245448838
Episode:49/100, avg elec cons:1.7144040928212934
 Retrying in 1 seconds
Warning: Unused states in tlLogic 'J10', program '0' in phase 0 after tl-index 10
Simulation......
总奖励:-3020.8106390100315, 速度奖励:-587.6637429599732, 加速度奖励:-957.5068960500874, 交通灯奖励:-1475.640000000149, 与前车进行交互的惩罚:0.0
Episode:50/100, Reward:-3020.8106390100315
Episode:50/100, avg speed:14.480237903126127
Episode:50/100, avg halt num:0.1929310344827586
Episode:50/100, avg elec cons:2.31209119889636
 Retrying in 1 seconds
Warning: Unused states in tlLogic 'J10', program '0' in phase 0 after tl-index 10
Simulation......
总奖励:-3118.5734501288525, 速度奖励:-590.3767386449805, 加速度奖励:-1043.2867114839316, 交通灯奖励:-1484.910000000142, 与前车进行交互的惩罚:0.0
Episode:51/100, Reward:-3118.5734501288525
Episode:51/100, avg speed:15.011517226690817
Episode:51/100, avg halt num:0.14989956478071645
Episode:51/100, avg elec cons:2.3599321378468834
 Retrying in 1 seconds
Warning: Unused states in tlLogic 'J10', program '0' in phase 0 after tl-index 10
Simulation......
总奖励:-3387.668494894553, 速度奖励:-755.8868210129785, 加速度奖励:-1200.001673881549, 交通灯奖励:-1431.7800000001937, 与前车进行交互的惩罚:0.0
Episode:52/100, Reward:-3387.668494894553
Episode:52/100, avg speed:13.543001735436192
Episode:52/100, avg halt num:0.19125183016105418
Episode:52/100, avg elec cons:1.46085295959666
 Retrying in 1 seconds
Warning: Unused states in tlLogic 'J10', program '0' in phase 0 after tl-index 10
Simulation......
总奖励:-3522.7249711991085, 速度奖励:-851.6695662809907, 加速度奖励:-1258.655404918113, 交通灯奖励:-1412.4000000002193, 与前车进行交互的惩罚:0.0
Episode:53/100, Reward:-3522.7249711991085
Episode:53/100, avg speed:12.748897268531717
Episode:53/100, avg halt num:0.10838634081017744
Episode:53/100, avg elec cons:1.0883531613895632
 Retrying in 1 seconds
Warning: Unused states in tlLogic 'J10', program '0' in phase 0 after tl-index 10
Simulation......
总奖励:-3505.8319827069945, 速度奖励:-1083.0932653679913, 加速度奖励:-1311.7787173390034, 交通灯奖励:-1110.960000000316, 与前车进行交互的惩罚:0.0
Episode:54/100, Reward:-3505.8319827069945
Episode:54/100, avg speed:12.121123023313253
Episode:54/100, avg halt num:0.11870503597122302
Episode:54/100, avg elec cons:0.9702556203945045
 Retrying in 1 seconds
Warning: Unused states in tlLogic 'J10', program '0' in phase 0 after tl-index 10
Simulation......
总奖励:-3136.799544016262, 速度奖励:-1089.9116830169921, 加速度奖励:-1111.1878609992718, 交通灯奖励:-935.7000000002676, 与前车进行交互的惩罚:0.0
Episode:55/100, Reward:-3136.799544016262
Episode:55/100, avg speed:11.120214116019742
Episode:55/100, avg halt num:0.14730290456431536
Episode:55/100, avg elec cons:1.0041061518343295
 Retrying in 1 seconds
Warning: Unused states in tlLogic 'J10', program '0' in phase 0 after tl-index 10
Simulation......
总奖励:-3731.7675959098688, 速度奖励:-1438.9432510409704, 加速度奖励:-1166.0543448688766, 交通灯奖励:-1126.7700000003235, 与前车进行交互的惩罚:0.0
Episode:56/100, Reward:-3731.7675959098688
Episode:56/100, avg speed:10.458504603527366
Episode:56/100, avg halt num:0.1984016678248784
Episode:56/100, avg elec cons:0.675974579072463
 Retrying in 1 seconds
Warning: Unused states in tlLogic 'J10', program '0' in phase 0 after tl-index 10
Simulation......
总奖励:-3266.3170856707643, 速度奖励:-1170.8883682200078, 加速度奖励:-1199.7487174507735, 交通灯奖励:-895.6800000003263, 与前车进行交互的惩罚:0.0
Episode:57/100, Reward:-3266.3170856707643
Episode:57/100, avg speed:10.311370312751155
Episode:57/100, avg halt num:0.0566094249201278
Episode:57/100, avg elec cons:0.9841253107340932
 Retrying in 1 seconds
Warning: Unused states in tlLogic 'J10', program '0' in phase 0 after tl-index 10
Simulation......
总奖励:-3079.5538749783523, 速度奖励:-934.2757429560032, 加速度奖励:-1392.6981320223663, 交通灯奖励:-752.5800000002697, 与前车进行交互的惩罚:0.0
Episode:58/100, Reward:-3079.5538749783523
Episode:58/100, avg speed:11.209184453803365
Episode:58/100, avg halt num:0.044653123802223076
Episode:58/100, avg elec cons:1.4824359122154764
 Retrying in 1 seconds
Warning: Unused states in tlLogic 'J10', program '0' in phase 0 after tl-index 10
Simulation......
总奖励:-5131.207568094931, 速度奖励:-1787.5032784199684, 加速度奖励:-1745.2742896751442, 交通灯奖励:-1598.4300000003047, 与前车进行交互的惩罚:0.0
Episode:59/100, Reward:-5131.207568094931
Episode:59/100, avg speed:9.749808110442071
Episode:59/100, avg halt num:0.2573990250696379
Episode:59/100, avg elec cons:0.6588342649192482
 Retrying in 1 seconds
Warning: Unused states in tlLogic 'J10', program '0' in phase 0 after tl-index 10
Simulation......
总奖励:-4431.556058477838, 速度奖励:-1510.2410579999873, 加速度奖励:-1592.6750004778821, 交通灯奖励:-1328.6400000003075, 与前车进行交互的惩罚:0.0
Episode:60/100, Reward:-4431.556058477838
Episode:60/100, avg speed:10.956739780836841
Episode:60/100, avg halt num:0.19898124191461836
Episode:60/100, avg elec cons:0.7462491917109474
 Retrying in 1 seconds
Warning: Unused states in tlLogic 'J10', program '0' in phase 0 after tl-index 10
Simulation......
总奖励:-2808.448501499228, 速度奖励:-1007.9959596749952, 加速度奖励:-1008.152541824223, 交通灯奖励:-792.3000000002896, 与前车进行交互的惩罚:0.0
Episode:61/100, Reward:-2808.448501499228
Episode:61/100, avg speed:11.32742436973897
Episode:61/100, avg halt num:0.09941465256797583
Episode:61/100, avg elec cons:1.2540494550088825
 Retrying in 1 seconds
Warning: Unused states in tlLogic 'J10', program '0' in phase 0 after tl-index 10
Simulation......
总奖励:-2851.93628720171, 速度奖励:-1245.438105858, 加速度奖励:-946.9181813437204, 交通灯奖励:-659.5800000002359, 与前车进行交互的惩罚:0.0
Episode:62/100, Reward:-2851.93628720171
Episode:62/100, avg speed:10.828501981212636
Episode:62/100, avg halt num:0.0863255033557047
Episode:62/100, avg elec cons:0.727582061228472
 Retrying in 1 seconds
Warning: Unused states in tlLogic 'J10', program '0' in phase 0 after tl-index 10
Simulation......
总奖励:-2204.9244063973, 速度奖励:-1007.1313974360038, 加速度奖励:-741.9430089612988, 交通灯奖励:-455.8500000002084, 与前车进行交互的惩罚:0.0
Episode:63/100, Reward:-2204.9244063973
Episode:63/100, avg speed:12.148094837630891
Episode:63/100, avg halt num:0.029630214917825536
Episode:63/100, avg elec cons:0.8744863941181477
 Retrying in 1 seconds
Warning: Unused states in tlLogic 'J10', program '0' in phase 0 after tl-index 10
Simulation......
总奖励:-2189.971691055798, 速度奖励:-912.8217670199978, 加速度奖励:-833.6899240357817, 交通灯奖励:-443.4600000001073, 与前车进行交互的惩罚:0.0
Episode:64/100, Reward:-2189.971691055798
Episode:64/100, avg speed:11.784188713955311
Episode:64/100, avg halt num:0.0699244060475162
Episode:64/100, avg elec cons:1.0805052097104535
 Retrying in 1 seconds
Warning: Unused states in tlLogic 'J10', program '0' in phase 0 after tl-index 10
Simulation......
总奖励:-1955.072822815606, 速度奖励:-818.6493821129999, 加速度奖励:-809.2734407026026, 交通灯奖励:-327.1500000000817, 与前车进行交互的惩罚:0.0
Episode:65/100, Reward:-1955.072822815606
Episode:65/100, avg speed:12.304539366629138
Episode:65/100, avg halt num:0.03634909349448987
Episode:65/100, avg elec cons:1.143025360385358
 Retrying in 1 seconds
Warning: Unused states in tlLogic 'J10', program '0' in phase 0 after tl-index 10
Simulation......
总奖励:-1805.6031142731824, 速度奖励:-779.4858788010071, 加速度奖励:-807.3872354721747, 交通灯奖励:-218.7299999999835, 与前车进行交互的惩罚:0.0
Episode:66/100, Reward:-1805.6031142731824
Episode:66/100, avg speed:13.503239474890709
Episode:66/100, avg halt num:0.010828327537148278
Episode:66/100, avg elec cons:0.9683034183796361
 Retrying in 1 seconds
Warning: Unused states in tlLogic 'J10', program '0' in phase 0 after tl-index 10
Simulation......
总奖励:-1475.5886989422381, 速度奖励:-679.4049688920027, 加速度奖励:-621.4937300502427, 交通灯奖励:-174.68999999998505, 与前车进行交互的惩罚:0.0
Episode:67/100, Reward:-1475.5886989422381
Episode:67/100, avg speed:13.632327108731605
Episode:67/100, avg halt num:0.012928194993412384
Episode:67/100, avg elec cons:0.9899353286781357
 Retrying in 1 seconds
Warning: Unused states in tlLogic 'J10', program '0' in phase 0 after tl-index 10
Simulation......
总奖励:-1441.254081612038, 速度奖励:-540.4074719220002, 加速度奖励:-656.6166096900187, 交通灯奖励:-244.22999999998552, 与前车进行交互的惩罚:0.0
Episode:68/100, Reward:-1441.254081612038
Episode:68/100, avg speed:14.37980660260593
Episode:68/100, avg halt num:0.024437353039973127
Episode:68/100, avg elec cons:1.4789547669470666
 Retrying in 1 seconds
Warning: Unused states in tlLogic 'J10', program '0' in phase 0 after tl-index 10
Simulation......
总奖励:-1817.8124208516658, 速度奖励:-764.2569099600079, 加速度奖励:-737.1155108916613, 交通灯奖励:-316.44000000006, 与前车进行交互的惩罚:0.0
Episode:69/100, Reward:-1817.8124208516658
Episode:69/100, avg speed:13.224591681638046
Episode:69/100, avg halt num:0.008939486552567237
Episode:69/100, avg elec cons:1.431606013486203
 Retrying in 1 seconds
Warning: Unused states in tlLogic 'J10', program '0' in phase 0 after tl-index 10
Simulation......
总奖励:-2487.9222645148657, 速度奖励:-1002.4854821460071, 加速度奖励:-865.036782368857, 交通灯奖励:-620.4000000002422, 与前车进行交互的惩罚:0.0
Episode:70/100, Reward:-2487.9222645148657
Episode:70/100, avg speed:11.690246107216689
Episode:70/100, avg halt num:0.022842238381283592
Episode:70/100, avg elec cons:1.0219786739991248
 Retrying in 1 seconds
Warning: Unused states in tlLogic 'J10', program '0' in phase 0 after tl-index 10
Simulation......
总奖励:-3286.899330260223, 速度奖励:-1206.4753970819897, 加速度奖励:-962.9239331782206, 交通灯奖励:-1117.5000000002758, 与前车进行交互的惩罚:0.0
Episode:71/100, Reward:-3286.899330260223
Episode:71/100, avg speed:11.267213461218766
Episode:71/100, avg halt num:0.09838969404186795
Episode:71/100, avg elec cons:0.7521536917076959
 Retrying in 1 seconds
Warning: Unused states in tlLogic 'J10', program '0' in phase 0 after tl-index 10
Simulation......
总奖励:-8664.816712518328, 速度奖励:-2917.649501937277, 加速度奖励:-1586.9172105825282, 交通灯奖励:-4160.249999997948, 与前车进行交互的惩罚:0.0
Episode:72/100, Reward:-8664.816712518328
Episode:72/100, avg speed:7.756061537847039
Episode:72/100, avg halt num:0.7514814814814815
Episode:72/100, avg elec cons:0.6068708173503972
 Retrying in 1 seconds
Warning: Unused states in tlLogic 'J10', program '0' in phase 0 after tl-index 10
Simulation......
总奖励:-2719.388087768647, 速度奖励:-1102.7489415930017, 加速度奖励:-976.4991461756528, 交通灯奖励:-640.1400000002994, 与前车进行交互的惩罚:0.0
Episode:73/100, Reward:-2719.388087768647
Episode:73/100, avg speed:11.813134822863262
Episode:73/100, avg halt num:0.07091836734693878
Episode:73/100, avg elec cons:1.0765118141627947
 Retrying in 1 seconds
Warning: Unused states in tlLogic 'J10', program '0' in phase 0 after tl-index 10
Simulation......
总奖励:-2112.274462068327, 速度奖励:-821.1519095039984, 加速度奖励:-798.4925525643123, 交通灯奖励:-492.6300000001461, 与前车进行交互的惩罚:0.0
Episode:74/100, Reward:-2112.274462068327
Episode:74/100, avg speed:13.06437989905372
Episode:74/100, avg halt num:0.04210160055671538
Episode:74/100, avg elec cons:1.6105797623764402
 Retrying in 1 seconds
Warning: Unused states in tlLogic 'J10', program '0' in phase 0 after tl-index 10
Simulation......
总奖励:-2981.0548166599747, 速度奖励:-1033.4784579750049, 加速度奖励:-1165.6263586849896, 交通灯奖励:-781.9500000002804, 与前车进行交互的惩罚:0.0
Episode:75/100, Reward:-2981.0548166599747
Episode:75/100, avg speed:12.086936209033386
Episode:75/100, avg halt num:0.03026692087702574
Episode:75/100, avg elec cons:1.3194704634040164
 Retrying in 1 seconds
Warning: Unused states in tlLogic 'J10', program '0' in phase 0 after tl-index 10
Simulation......
总奖励:-5125.320386953535, 速度奖励:-1624.9447688129824, 加速度奖励:-1605.2756181406285, 交通灯奖励:-1895.1000000002264, 与前车进行交互的惩罚:0.0
Episode:76/100, Reward:-5125.320386953535
Episode:76/100, avg speed:9.65114174987163
Episode:76/100, avg halt num:0.1725119353654058
Episode:76/100, avg elec cons:0.9144622795854779
 Retrying in 1 seconds
Warning: Unused states in tlLogic 'J10', program '0' in phase 0 after tl-index 10
Simulation......
总奖励:-4082.857758536971, 速度奖励:-1196.6259673980032, 加速度奖励:-1486.7317911389855, 交通灯奖励:-1399.5000000002901, 与前车进行交互的惩罚:0.0
Episode:77/100, Reward:-4082.857758536971
Episode:77/100, avg speed:10.74216838155571
Episode:77/100, avg halt num:0.08433171096967428
Episode:77/100, avg elec cons:1.0291076220834259
 Retrying in 1 seconds
Warning: Unused states in tlLogic 'J10', program '0' in phase 0 after tl-index 10
Simulation......
总奖励:-2793.460030695277, 速度奖励:-964.524950703006, 加速度奖励:-1304.2050799922783, 交通灯奖励:-524.730000000227, 与前车进行交互的惩罚:0.0
Episode:78/100, Reward:-2793.460030695277
Episode:78/100, avg speed:11.375907214052887
Episode:78/100, avg halt num:0.06369309838472834
Episode:78/100, avg elec cons:1.0318708918990207
 Retrying in 1 seconds
Warning: Unused states in tlLogic 'J10', program '0' in phase 0 after tl-index 10
Simulation......
总奖励:-3621.0520930575176, 速度奖励:-1279.9436167709885, 加速度奖励:-1483.408476286533, 交通灯奖励:-857.7000000002815, 与前车进行交互的惩罚:0.0
Episode:79/100, Reward:-3621.0520930575176
Episode:79/100, avg speed:10.54784762732718
Episode:79/100, avg halt num:0.15208034433285508
Episode:79/100, avg elec cons:0.8795837327148812
 Retrying in 1 seconds
Warning: Unused states in tlLogic 'J10', program '0' in phase 0 after tl-index 10
Simulation......
总奖励:-7150.425025519327, 速度奖励:-2413.9542381660567, 加速度奖励:-1723.030787354247, 交通灯奖励:-3013.439999998289, 与前车进行交互的惩罚:0.0
Episode:80/100, Reward:-7150.425025519327
Episode:80/100, avg speed:9.094211448917319
Episode:80/100, avg halt num:0.5562584345479082
Episode:80/100, avg elec cons:0.6520898683344551
 Retrying in 1 seconds
Warning: Unused states in tlLogic 'J10', program '0' in phase 0 after tl-index 10
Simulation......
总奖励:-4843.86105995047, 速度奖励:-1764.2567009609475, 加速度奖励:-1363.9943589896, 交通灯奖励:-1715.6100000002978, 与前车进行交互的惩罚:0.0
Episode:81/100, Reward:-4843.86105995047
Episode:81/100, avg speed:9.933916704430102
Episode:81/100, avg halt num:0.3624685591088753
Episode:81/100, avg elec cons:0.7352476535172583
 Retrying in 1 seconds
Warning: Unused states in tlLogic 'J10', program '0' in phase 0 after tl-index 10
Simulation......
总奖励:-2395.5485856865516, 速度奖励:-873.6759986939918, 加速度奖励:-1011.8125869925316, 交通灯奖励:-510.0600000001437, 与前车进行交互的惩罚:0.0
Episode:82/100, Reward:-2395.5485856865516
Episode:82/100, avg speed:11.882829463238107
Episode:82/100, avg halt num:0.06688511950655358
Episode:82/100, avg elec cons:1.2179736240339496
 Retrying in 1 seconds
Warning: Unused states in tlLogic 'J10', program '0' in phase 0 after tl-index 10
Simulation......
总奖励:-2377.2422700783573, 速度奖励:-803.1254200200049, 加速度奖励:-1156.6368500583524, 交通灯奖励:-417.48000000016253, 与前车进行交互的惩罚:0.0
Episode:83/100, Reward:-2377.2422700783573
Episode:83/100, avg speed:12.910941804163437
Episode:83/100, avg halt num:0.028306698401904116
Episode:83/100, avg elec cons:1.26179535614312
 Retrying in 1 seconds
Warning: Unused states in tlLogic 'J10', program '0' in phase 0 after tl-index 10
Simulation......
总奖励:-2088.4409387556625, 速度奖励:-810.0265972589942, 加速度奖励:-957.9243414966473, 交通灯奖励:-320.4900000000444, 与前车进行交互的惩罚:0.0
Episode:84/100, Reward:-2088.4409387556625
Episode:84/100, avg speed:11.949142860514437
Episode:84/100, avg halt num:0.06768849961919268
Episode:84/100, avg elec cons:1.2779561090393567
 Retrying in 1 seconds
Warning: Unused states in tlLogic 'J10', program '0' in phase 0 after tl-index 10
Simulation......
总奖励:-3699.130475681016, 速度奖励:-1486.805582726994, 加速度奖励:-1198.8648929540152, 交通灯奖励:-1013.46000000032, 与前车进行交互的惩罚:0.0
Episode:85/100, Reward:-3699.130475681016
Episode:85/100, avg speed:10.392007990947869
Episode:85/100, avg halt num:0.1440787350758309
Episode:85/100, avg elec cons:0.649907935373892
 Retrying in 1 seconds
Warning: Unused states in tlLogic 'J10', program '0' in phase 0 after tl-index 10
Simulation......
总奖励:-3513.837203433368, 速度奖励:-1371.3595572599872, 加速度奖励:-1360.8576461733776, 交通灯奖励:-781.6200000002833, 与前车进行交互的惩罚:0.0
Episode:86/100, Reward:-3513.837203433368
Episode:86/100, avg speed:10.677642646432503
Episode:86/100, avg halt num:0.10590692124105013
Episode:86/100, avg elec cons:0.6042299292430067
 Retrying in 1 seconds
Warning: Unused states in tlLogic 'J10', program '0' in phase 0 after tl-index 10
Simulation......
总奖励:-3594.921889109724, 速度奖励:-1395.403435539, 加速度奖励:-1286.738453570718, 交通灯奖励:-912.780000000393, 与前车进行交互的惩罚:0.0
Episode:87/100, Reward:-3594.921889109724
Episode:87/100, avg speed:9.91858039827863
Episode:87/100, avg halt num:0.09339430894308944
Episode:87/100, avg elec cons:0.8555212237670686
 Retrying in 1 seconds
Warning: Unused states in tlLogic 'J10', program '0' in phase 0 after tl-index 10
Simulation......
总奖励:-2796.2779893065062, 速度奖励:-927.0903860730078, 加速度奖励:-1451.9776032335053, 交通灯奖励:-417.2100000001321, 与前车进行交互的惩罚:0.0
Episode:88/100, Reward:-2796.2779893065062
Episode:88/100, avg speed:12.205698645787328
Episode:88/100, avg halt num:0.015839758632249415
Episode:88/100, avg elec cons:1.2359403493251448
 Retrying in 1 seconds
Warning: Unused states in tlLogic 'J10', program '0' in phase 0 after tl-index 10
Simulation......
总奖励:-3483.599936989967, 速度奖励:-1173.8878470089955, 加速度奖励:-1420.782089980988, 交通灯奖励:-888.9300000002904, 与前车进行交互的惩罚:0.0
Episode:89/100, Reward:-3483.599936989967
Episode:89/100, avg speed:10.811860141540112
Episode:89/100, avg halt num:0.08424939883201649
Episode:89/100, avg elec cons:0.7793609556816383
 Retrying in 1 seconds
Warning: Unused states in tlLogic 'J10', program '0' in phase 0 after tl-index 10
Simulation......
总奖励:-4602.975121387785, 速度奖励:-1442.23897436998, 加速度奖励:-1534.2561470178466, 交通灯奖励:-1626.4800000002615, 与前车进行交互的惩罚:0.0
Episode:90/100, Reward:-4602.975121387785
Episode:90/100, avg speed:9.80832374306063
Episode:90/100, avg halt num:0.16857841293719444
Episode:90/100, avg elec cons:0.8077727544879156
 Retrying in 1 seconds
Warning: Unused states in tlLogic 'J10', program '0' in phase 0 after tl-index 10
Simulation......
总奖励:-4811.183375668765, 速度奖励:-1490.5872883349755, 加速度奖励:-1512.136087333856, 交通灯奖励:-1808.460000000246, 与前车进行交互的惩罚:0.0
Episode:91/100, Reward:-4811.183375668765
Episode:91/100, avg speed:10.065320187299337
Episode:91/100, avg halt num:0.22238974745571052
Episode:91/100, avg elec cons:0.8498479269403657
 Retrying in 1 seconds
Warning: Unused states in tlLogic 'J10', program '0' in phase 0 after tl-index 10
Simulation......
总奖励:-3411.3464032224038, 速度奖励:-1298.529961658995, 加速度奖励:-1346.7664415634165, 交通灯奖励:-766.0500000003318, 与前车进行交互的惩罚:0.0
Episode:92/100, Reward:-3411.3464032224038
Episode:92/100, avg speed:10.014773245893194
Episode:92/100, avg halt num:0.09973118279569892
Episode:92/100, avg elec cons:0.6972823560569733
 Retrying in 1 seconds
Warning: Unused states in tlLogic 'J10', program '0' in phase 0 after tl-index 10
Simulation......
总奖励:-4596.597303126964, 速度奖励:-1384.8675043770081, 加速度奖励:-1708.3997987500236, 交通灯奖励:-1503.3300000002594, 与前车进行交互的惩罚:0.0
Episode:93/100, Reward:-4596.597303126964
Episode:93/100, avg speed:10.672126653898033
Episode:93/100, avg halt num:0.11509851226377162
Episode:93/100, avg elec cons:1.5048476549240755
 Retrying in 1 seconds
Warning: Unused states in tlLogic 'J10', program '0' in phase 0 after tl-index 10
Simulation......
总奖励:-2927.281486676283, 速度奖励:-749.4637904010049, 加速度奖励:-1311.9576962752983, 交通灯奖励:-865.8600000002267, 与前车进行交互的惩罚:0.0
Episode:94/100, Reward:-2927.281486676283
Episode:94/100, avg speed:12.91599518271315
Episode:94/100, avg halt num:0.01841312353531972
Episode:94/100, avg elec cons:1.4293492667686996
 Retrying in 1 seconds
Warning: Unused states in tlLogic 'J10', program '0' in phase 0 after tl-index 10
Simulation......
总奖励:-2782.1050542106836, 速度奖励:-893.0040224310018, 加速度奖励:-1292.6710317797103, 交通灯奖励:-596.4300000002072, 与前车进行交互的惩罚:0.0
Episode:95/100, Reward:-2782.1050542106836
Episode:95/100, avg speed:11.401843530465655
Episode:95/100, avg halt num:0.021961378265808407
Episode:95/100, avg elec cons:1.754969924777646
 Retrying in 1 seconds
Warning: Unused states in tlLogic 'J10', program '0' in phase 0 after tl-index 10
Simulation......
总奖励:-3390.605368031141, 速度奖励:-949.7472064920032, 加速度奖励:-1581.9581615391648, 交通灯奖励:-858.9000000002465, 与前车进行交互的惩罚:0.0
Episode:96/100, Reward:-3390.605368031141
Episode:96/100, avg speed:11.40395045075244
Episode:96/100, avg halt num:0.039468690702087285
Episode:96/100, avg elec cons:1.7523258028391844
 Retrying in 1 seconds
Warning: Unused states in tlLogic 'J10', program '0' in phase 0 after tl-index 10
Simulation......
总奖励:-9978.327299247074, 速度奖励:-2854.7817954482416, 加速度奖励:-2891.865503800371, 交通灯奖励:-4231.6799999977175, 与前车进行交互的惩罚:0.0
Episode:97/100, Reward:-9978.327299247074
Episode:97/100, avg speed:8.199820951474392
Episode:97/100, avg halt num:0.5943210318882121
Episode:97/100, avg elec cons:0.724932928877487
 Retrying in 1 seconds
Warning: Unused states in tlLogic 'J10', program '0' in phase 0 after tl-index 10
Simulation......
总奖励:-12741.03829164773, 速度奖励:-3190.2073223672164, 加速度奖励:-2756.490969282005, 交通灯奖励:-6794.34000000229, 与前车进行交互的惩罚:0.0
Episode:98/100, Reward:-12741.03829164773
Episode:98/100, avg speed:7.6093301753764315
Episode:98/100, avg halt num:0.6342455621301775
Episode:98/100, avg elec cons:0.7394461307122993
 Retrying in 1 seconds
Warning: Unused states in tlLogic 'J10', program '0' in phase 0 after tl-index 10
Simulation......
总奖励:-3882.5483256267994, 速度奖励:-939.6953308529902, 加速度奖励:-1431.7529947737937, 交通灯奖励:-1511.100000000203, 与前车进行交互的惩罚:0.0
Episode:99/100, Reward:-3882.5483256267994
Episode:99/100, avg speed:12.43552409363244
Episode:99/100, avg halt num:0.07854019508913555
Episode:99/100, avg elec cons:1.096914221563442
 Retrying in 1 seconds
Warning: Unused states in tlLogic 'J10', program '0' in phase 0 after tl-index 10
Simulation......
总奖励:-3721.1485879961488, 速度奖励:-1003.258769642984, 加速度奖励:-1309.1498183531462, 交通灯奖励:-1408.7400000002413, 与前车进行交互的惩罚:0.0
Episode:100/100, Reward:-3721.1485879961488
Episode:100/100, avg speed:12.645942929143155
Episode:100/100, avg halt num:0.13130638155696625
Episode:100/100, avg elec cons:1.0503662184207392
model saved successfully!
Complete training!
final reward list:[-4706.84583466113, -5519.726304698002, -4385.923834228381, -5027.119390019221, -1819.0981486441367, -2660.0685371451395, -3297.310339319881, -3053.6898897785077, -3175.951870026582, -2987.979377684477, -3413.925269169752, -4193.669777846489, -3854.9998314428085, -3989.9324288238395, -3475.371482359894, -3233.632810505497, -3419.9944807328948, -3513.5729494549055, -3794.510762103122, -3273.6634001085795, -3392.186541850876, -2791.2908795302865, -6176.930776106757, -5047.265014749397, -3233.9554396017106, -7012.227175090164, -6460.026638538594, -3113.3747922670073, -2201.1174888035725, -2431.603733992517, -5594.29323295192, -6109.325761079279, -7704.509402375812, -2639.4616262133372, -1525.1783482951496, -1644.3481031995523, -2055.0756249261367, -1910.779800734034, -2061.4819728963635, -1849.5241672211941, -1866.5655895965358, -2075.9190592029204, -2053.619720441038, -2680.217283387869, -2275.792521616532, -2594.6418592246737, -3890.110041202458, -3640.4533546525927, -3078.347599592536, -3020.8106390100315, -3118.5734501288525, -3387.668494894553, -3522.7249711991085, -3505.8319827069945, -3136.799544016262, -3731.7675959098688, -3266.3170856707643, -3079.5538749783523, -5131.207568094931, -4431.556058477838, -2808.448501499228, -2851.93628720171, -2204.9244063973, -2189.971691055798, -1955.072822815606, -1805.6031142731824, -1475.5886989422381, -1441.254081612038, -1817.8124208516658, -2487.9222645148657, -3286.899330260223, -8664.816712518328, -2719.388087768647, -2112.274462068327, -2981.0548166599747, -5125.320386953535, -4082.857758536971, -2793.460030695277, -3621.0520930575176, -7150.425025519327, -4843.86105995047, -2395.5485856865516, -2377.2422700783573, -2088.4409387556625, -3699.130475681016, -3513.837203433368, -3594.921889109724, -2796.2779893065062, -3483.599936989967, -4602.975121387785, -4811.183375668765, -3411.3464032224038, -4596.597303126964, -2927.281486676283, -2782.1050542106836, -3390.605368031141, -9978.327299247074, -12741.03829164773, -3882.5483256267994, -3721.1485879961488]
final speed list:[14.437917980568516, 14.017458994774065, 15.317496444556761, 13.528358306724705, 14.123187687733639, 13.699189901961637, 13.55771614162999, 13.546045154250335, 13.216149295947222, 13.35910543498438, 13.256412449501559, 12.544247049131224, 12.353176389773912, 11.923069775888758, 12.976931984686935, 12.42282393893353, 12.632869393562281, 10.900048137042894, 11.956163096020052, 12.610183129378967, 12.216857016568081, 12.296970330761036, 10.4359965136789, 9.862004450531973, 11.56484607636318, 9.099864617886574, 9.529344003744676, 11.155646948968062, 13.036929024371434, 13.10791982620379, 9.9312452456278, 11.257838639718047, 8.541946058621352, 12.09336437202835, 13.77376397358672, 13.494780996326751, 12.525230126003937, 13.561873907877608, 13.741609424325778, 13.53259026340119, 13.251523686237919, 12.762986268632629, 12.867466529419213, 11.44765074611258, 11.736400327220695, 13.518096643866782, 13.334169195224373, 13.727415616949479, 14.869347504739322, 14.480237903126127, 15.011517226690817, 13.543001735436192, 12.748897268531717, 12.121123023313253, 11.120214116019742, 10.458504603527366, 10.311370312751155, 11.209184453803365, 9.749808110442071, 10.956739780836841, 11.32742436973897, 10.828501981212636, 12.148094837630891, 11.784188713955311, 12.304539366629138, 13.503239474890709, 13.632327108731605, 14.37980660260593, 13.224591681638046, 11.690246107216689, 11.267213461218766, 7.756061537847039, 11.813134822863262, 13.06437989905372, 12.086936209033386, 9.65114174987163, 10.74216838155571, 11.375907214052887, 10.54784762732718, 9.094211448917319, 9.933916704430102, 11.882829463238107, 12.910941804163437, 11.949142860514437, 10.392007990947869, 10.677642646432503, 9.91858039827863, 12.205698645787328, 10.811860141540112, 9.80832374306063, 10.065320187299337, 10.014773245893194, 10.672126653898033, 12.91599518271315, 11.401843530465655, 11.40395045075244, 8.199820951474392, 7.6093301753764315, 12.43552409363244, 12.645942929143155]
final elec cons list:[1.762902998089894, 1.8991220424325361, 2.0493476618036817, 2.1502174463261805, 2.1762127289531215, 1.9301700348486317, 2.050364149651998, 1.801986049191412, 2.32364891121456, 2.346243605414214, 2.2932881366645885, 1.8108917044290405, 2.0366988172595284, 2.5075403964066947, 2.731856273664642, 2.754570487119036, 2.0566190994864635, 1.5268156076158224, 1.5741583824826364, 1.6298298044320834, 1.9314695587678656, 1.982129899488689, 1.0060000121427763, 0.5537985720401306, 0.6016244412954208, 0.5601477387079548, 0.6368439361078163, 1.1449595045154823, 2.002342310890283, 1.2525681454370325, 0.666285308803457, 1.9352279814785172, 0.5193049864183309, 0.8566772084801836, 1.9519817705598894, 2.265444377387706, 2.3719310205967643, 2.294172751134154, 2.345976453351332, 2.1699802097369094, 2.058795371653147, 2.067706648183081, 2.092095563857797, 0.91912777822018, 1.438084515429623, 1.4265955661754794, 1.5528936460454155, 1.9620884405644106, 1.7144040928212934, 2.31209119889636, 2.3599321378468834, 1.46085295959666, 1.0883531613895632, 0.9702556203945045, 1.0041061518343295, 0.675974579072463, 0.9841253107340932, 1.4824359122154764, 0.6588342649192482, 0.7462491917109474, 1.2540494550088825, 0.727582061228472, 0.8744863941181477, 1.0805052097104535, 1.143025360385358, 0.9683034183796361, 0.9899353286781357, 1.4789547669470666, 1.431606013486203, 1.0219786739991248, 0.7521536917076959, 0.6068708173503972, 1.0765118141627947, 1.6105797623764402, 1.3194704634040164, 0.9144622795854779, 1.0291076220834259, 1.0318708918990207, 0.8795837327148812, 0.6520898683344551, 0.7352476535172583, 1.2179736240339496, 1.26179535614312, 1.2779561090393567, 0.649907935373892, 0.6042299292430067, 0.8555212237670686, 1.2359403493251448, 0.7793609556816383, 0.8077727544879156, 0.8498479269403657, 0.6972823560569733, 1.5048476549240755, 1.4293492667686996, 1.754969924777646, 1.7523258028391844, 0.724932928877487, 0.7394461307122993, 1.096914221563442, 1.0503662184207392]
final halt list:[0.3433744722312439, 0.4596020761245675, 0.2682249101013403, 0.20302334481438958, 0.1031650641025641, 0.16216216216216217, 0.1522517911975435, 0.13356901321856748, 0.07498378728923476, 0.1247429746401645, 0.03077788492446159, 0.1412200876306033, 0.025060386473429952, 0.010506372717878057, 0.01238615664845173, 0.021600300525920362, 0.028308321964529332, 0.049364322606277315, 0.04798158640226629, 0.02705977382875606, 0.03589156166475754, 0.011623683254631312, 0.20871200250705108, 0.2190306596469495, 0.09554439912143081, 0.34147364887546156, 0.27324809033543673, 0.13081973736569838, 0.03854581673306773, 0.10677705701604644, 0.328076525336091, 0.2508548632218845, 0.5436818801089919, 0.049041811846689896, 0.015011119347664937, 0.013987318164863857, 0.07968168664737495, 0.01943907156673114, 0.04549378453038674, 0.013913986266714853, 0.011164701679171133, 0.014672472548277167, 0.003813062182244818, 0.13866618075801748, 0.024922720247295208, 0.021636185499673416, 0.07165907365223993, 0.16181102362204725, 0.13457313245448838, 0.1929310344827586, 0.14989956478071645, 0.19125183016105418, 0.10838634081017744, 0.11870503597122302, 0.14730290456431536, 0.1984016678248784, 0.0566094249201278, 0.044653123802223076, 0.2573990250696379, 0.19898124191461836, 0.09941465256797583, 0.0863255033557047, 0.029630214917825536, 0.0699244060475162, 0.03634909349448987, 0.010828327537148278, 0.012928194993412384, 0.024437353039973127, 0.008939486552567237, 0.022842238381283592, 0.09838969404186795, 0.7514814814814815, 0.07091836734693878, 0.04210160055671538, 0.03026692087702574, 0.1725119353654058, 0.08433171096967428, 0.06369309838472834, 0.15208034433285508, 0.5562584345479082, 0.3624685591088753, 0.06688511950655358, 0.028306698401904116, 0.06768849961919268, 0.1440787350758309, 0.10590692124105013, 0.09339430894308944, 0.015839758632249415, 0.08424939883201649, 0.16857841293719444, 0.22238974745571052, 0.09973118279569892, 0.11509851226377162, 0.01841312353531972, 0.021961378265808407, 0.039468690702087285, 0.5943210318882121, 0.6342455621301775, 0.07854019508913555, 0.13130638155696625]
speed reward list:[-930.6574919819515, -1184.5730724479397, -671.9371865909739, -1102.15539350099, -481.6768915169924, -660.9621112109796, -836.1864332819813, -796.9828986359778, -806.9249983409935, -761.1990083459859, -873.131390748001, -1122.203256965989, -1011.5847821700097, -1028.6865741240135, -868.2933383730118, -848.4249346020067, -938.8357305390086, -1061.8188740730075, -1136.0707558650147, -1005.3941879250073, -1031.0277636900103, -886.7954969730093, -1799.127832670969, -1738.4687756999704, -1215.7585240409903, -2258.3567064240406, -2094.93075697199, -1129.1138727749894, -716.8837051170016, -766.8570303989899, -1804.1076776699394, -1563.8188186889806, -2545.055935326098, -1096.3482187050079, -640.5512501699984, -645.8448072150067, -785.1821346809933, -660.3850930680038, -702.9374412239993, -680.3625971970016, -716.4945629190044, -784.2163147290071, -722.6580885120065, -1162.1778613559852, -936.1271038950032, -775.4435900010059, -733.5881117369885, -660.4322930639829, -526.5556226819806, -587.6637429599732, -590.3767386449805, -755.8868210129785, -851.6695662809907, -1083.0932653679913, -1089.9116830169921, -1438.9432510409704, -1170.8883682200078, -934.2757429560032, -1787.5032784199684, -1510.2410579999873, -1007.9959596749952, -1245.438105858, -1007.1313974360038, -912.8217670199978, -818.6493821129999, -779.4858788010071, -679.4049688920027, -540.4074719220002, -764.2569099600079, -1002.4854821460071, -1206.4753970819897, -2917.649501937277, -1102.7489415930017, -821.1519095039984, -1033.4784579750049, -1624.9447688129824, -1196.6259673980032, -964.524950703006, -1279.9436167709885, -2413.9542381660567, -1764.2567009609475, -873.6759986939918, -803.1254200200049, -810.0265972589942, -1486.805582726994, -1371.3595572599872, -1395.403435539, -927.0903860730078, -1173.8878470089955, -1442.23897436998, -1490.5872883349755, -1298.529961658995, -1384.8675043770081, -749.4637904010049, -893.0040224310018, -949.7472064920032, -2854.7817954482416, -3190.2073223672164, -939.6953308529902, -1003.258769642984]
accel reward list:[-711.2383426792711, -681.333232250229, -1006.336647637572, -1274.163996518261, -659.2712571271397, -918.8064259341515, -1141.423906037946, -965.8069911425283, -1244.236871685651, -1068.8403693385017, -1482.363878421826, -1590.1565208805753, -1753.2450492728801, -1733.3758546999331, -1471.278143987001, -1450.7978759036014, -1527.818750193942, -1314.0340753819116, -1386.650006238172, -1338.269212183615, -1240.6587781609303, -1122.1853825573096, -1828.852943436172, -1596.0962390495818, -1020.1569155607111, -1548.7904686668091, -1363.8058815669042, -790.8309194920236, -795.0137836865675, -682.0967035935159, -1118.2355552822455, -1544.8769423904498, -1356.1734670505411, -714.4234075083476, -604.997098125146, -717.7632959845371, -794.6634902451297, -852.2347076660102, -852.3245316723549, -902.2815700241761, -967.4610266775159, -967.6727444739167, -984.9716319290255, -994.9594220318688, -994.965417721528, -961.1982692236762, -1283.8919294655248, -1176.361061588577, -974.6019769105912, -957.5068960500874, -1043.2867114839316, -1200.001673881549, -1258.655404918113, -1311.7787173390034, -1111.1878609992718, -1166.0543448688766, -1199.7487174507735, -1392.6981320223663, -1745.2742896751442, -1592.6750004778821, -1008.152541824223, -946.9181813437204, -741.9430089612988, -833.6899240357817, -809.2734407026026, -807.3872354721747, -621.4937300502427, -656.6166096900187, -737.1155108916613, -865.036782368857, -962.9239331782206, -1586.9172105825282, -976.4991461756528, -798.4925525643123, -1165.6263586849896, -1605.2756181406285, -1486.7317911389855, -1304.2050799922783, -1483.408476286533, -1723.030787354247, -1363.9943589896, -1011.8125869925316, -1156.6368500583524, -957.9243414966473, -1198.8648929540152, -1360.8576461733776, -1286.738453570718, -1451.9776032335053, -1420.782089980988, -1534.2561470178466, -1512.136087333856, -1346.7664415634165, -1708.3997987500236, -1311.9576962752983, -1292.6710317797103, -1581.9581615391648, -2891.865503800371, -2756.490969282005, -1431.7529947737937, -1309.1498183531462]
tls reward list:[-3064.949999999259, -3653.8199999988833, -2707.649999999533, -2650.799999998948, -678.1500000001711, -1080.3000000002246, -1319.7000000001954, -1290.900000000198, -1124.790000000218, -1157.940000000237, -1058.430000000264, -1481.3100000002053, -1090.1700000002827, -1227.8700000002507, -1135.8000000002341, -934.4100000002393, -953.340000000267, -1137.720000000293, -1271.790000000272, -930.0000000002831, -1120.5000000003001, -782.3100000002572, -2548.9499999993695, -1712.7000000003216, -998.0400000003461, -3205.0799999987453, -3001.2899999984047, -1193.43000000024, -689.22000000021, -982.6500000002565, -2671.949999999667, -3000.629999998551, -3803.2799999976673, -828.6900000002877, -279.63000000000113, -280.7400000000306, -475.2300000001462, -398.1600000001556, -506.22000000016027, -266.8799999999984, -182.60999999998495, -324.03000000016834, -345.9900000001022, -523.0800000001899, -344.70000000009213, -858.0000000001718, -1872.6300000001202, -1803.6600000001058, -1577.1900000001256, -1475.640000000149, -1484.910000000142, -1431.7800000001937, -1412.4000000002193, -1110.960000000316, -935.7000000002676, -1126.7700000003235, -895.6800000003263, -752.5800000002697, -1598.4300000003047, -1328.6400000003075, -792.3000000002896, -659.5800000002359, -455.8500000002084, -443.4600000001073, -327.1500000000817, -218.7299999999835, -174.68999999998505, -244.22999999998552, -316.44000000006, -620.4000000002422, -1117.5000000002758, -4160.249999997948, -640.1400000002994, -492.6300000001461, -781.9500000002804, -1895.1000000002264, -1399.5000000002901, -524.730000000227, -857.7000000002815, -3013.439999998289, -1715.6100000002978, -510.0600000001437, -417.48000000016253, -320.4900000000444, -1013.46000000032, -781.6200000002833, -912.780000000393, -417.2100000001321, -888.9300000002904, -1626.4800000002615, -1808.460000000246, -766.0500000003318, -1503.3300000002594, -865.8600000002267, -596.4300000002072, -858.9000000002465, -4231.6799999977175, -6794.34000000229, -1511.100000000203, -1408.7400000002413]
extra reward list:[0.0, 0.0, 0.0, 0.0, 0.0, 0.0, 0.0, 0.0, 0.0, 0.0, 0.0, 0.0, 0.0, 0.0, 0.0, 0.0, 0.0, 0.0, 0.0, 0.0, 0.0, 0.0, 0.0, 0.0, 0.0, 0.0, 0.0, 0.0, 0.0, 0.0, 0.0, 0.0, 0.0, 0.0, 0.0, 0.0, 0.0, 0.0, 0.0, 0.0, 0.0, 0.0, 0.0, 0.0, 0.0, 0.0, 0.0, 0.0, 0.0, 0.0, 0.0, 0.0, 0.0, 0.0, 0.0, 0.0, 0.0, 0.0, 0.0, 0.0, 0.0, 0.0, 0.0, 0.0, 0.0, 0.0, 0.0, 0.0, 0.0, 0.0, 0.0, 0.0, 0.0, 0.0, 0.0, 0.0, 0.0, 0.0, 0.0, 0.0, 0.0, 0.0, 0.0, 0.0, 0.0, 0.0, 0.0, 0.0, 0.0, 0.0, 0.0, 0.0, 0.0, 0.0, 0.0, 0.0, 0.0, 0.0, 0.0, 0.0]
