nohup: 忽略输入
Env:sumo, Algorithm:TD3, Device:cuda
-----------------------------------------
models/reward_s5e-2(-5, 1)_a8e-2_t(-2_0.1)_safe(3, -0.7)_2033.pth
-----------------------------------------
 Retrying in 1 seconds
Warning: Unused states in tlLogic 'J10', program '0' in phase 0 after tl-index 10
Simulation......
总奖励:-54549.12860455659, 速度奖励:-10585.300000000112, 加速度奖励:-910.2286045513189, 交通灯奖励:-36786.500000017215, 与前车进行交互的惩罚:-6267.099999998998
Episode:1/100, Reward:-54549.12860455659
Episode:1/100, avg speed:10.06294466437934
Episode:1/100, avg halt num:1.0890945243193637
Episode:1/100, avg elec cons:0.513552889594596
 Retrying in 1 seconds
Warning: Unused states in tlLogic 'J10', program '0' in phase 0 after tl-index 10
Simulation......
总奖励:-66626.59277993397, 速度奖励:-13275.750000000155, 加速度奖励:-935.7427799306158, 交通灯奖励:-45296.100000025945, 与前车进行交互的惩罚:-7118.999999998777
Episode:2/100, Reward:-66626.59277993397
Episode:2/100, avg speed:9.379069696992445
Episode:2/100, avg halt num:1.3754074315514992
Episode:2/100, avg elec cons:0.5793193810345086
 Retrying in 1 seconds
Warning: Unused states in tlLogic 'J10', program '0' in phase 0 after tl-index 10
Simulation......
总奖励:-14317.208849707422, 速度奖励:-2430.250000000002, 加速度奖励:-1690.2588497084357, 交通灯奖励:-8266.099999998969, 与前车进行交互的惩罚:-1930.6000000000863
Episode:3/100, Reward:-14317.208849707422
Episode:3/100, avg speed:15.580677763451055
Episode:3/100, avg halt num:0.2689604445897352
Episode:3/100, avg elec cons:2.0404763628501286
 Retrying in 1 seconds
Warning: Unused states in tlLogic 'J10', program '0' in phase 0 after tl-index 10
Simulation......
总奖励:-13071.142980477036, 速度奖励:-2255.6500000000106, 加速度奖励:-1645.3929804779043, 交通灯奖励:-7378.099999999218, 与前车进行交互的惩罚:-1792.0000000000773
Episode:4/100, Reward:-13071.142980477036
Episode:4/100, avg speed:15.108089185756214
Episode:4/100, avg halt num:0.2604646697388633
Episode:4/100, avg elec cons:2.5051738218240076
 Retrying in 1 seconds
Warning: Unused states in tlLogic 'J10', program '0' in phase 0 after tl-index 10
Simulation......
总奖励:-31254.29724013898, 速度奖励:-5191.54999999993, 加速度奖励:-6966.7472401365785, 交通灯奖励:-16416.39999999676, 与前车进行交互的惩罚:-2679.59999999993
Episode:5/100, Reward:-31254.29724013898
Episode:5/100, avg speed:11.846949294994415
Episode:5/100, avg halt num:0.2904070939137445
Episode:5/100, avg elec cons:2.269764204426489
 Retrying in 1 seconds
Warning: Unused states in tlLogic 'J10', program '0' in phase 0 after tl-index 10
Simulation......
总奖励:-13092.230511497237, 速度奖励:-2315.1000000000063, 加速度奖励:-1552.43051149813, 交通灯奖励:-7481.699999999078, 与前车进行交互的惩罚:-1743.0000000000741
Episode:6/100, Reward:-13092.230511497237
Episode:6/100, avg speed:15.380618864497155
Episode:6/100, avg halt num:0.27262160228898424
Episode:6/100, avg elec cons:2.3237792262685355
 Retrying in 1 seconds
Warning: Unused states in tlLogic 'J10', program '0' in phase 0 after tl-index 10
Simulation......
总奖励:-16925.33777553986, 速度奖励:-2894.8500000000167, 加速度奖励:-2598.387775540651, 交通灯奖励:-9674.399999998726, 与前车进行交互的惩罚:-1757.700000000075
Episode:7/100, Reward:-16925.33777553986
Episode:7/100, avg speed:13.79766607277455
Episode:7/100, avg halt num:0.23048185422384873
Episode:7/100, avg elec cons:1.8858282814123928
 Retrying in 1 seconds
Warning: Unused states in tlLogic 'J10', program '0' in phase 0 after tl-index 10
Simulation......
总奖励:-29304.843008543507, 速度奖励:-4988.499999999889, 加速度奖励:-6365.743008540422, 交通灯奖励:-15844.999999996746, 与前车进行交互的惩罚:-2105.600000000079
Episode:8/100, Reward:-29304.843008543507
Episode:8/100, avg speed:11.696630948560998
Episode:8/100, avg halt num:0.24506887914840325
Episode:8/100, avg elec cons:1.7955776691242349
 Retrying in 1 seconds
Warning: Unused states in tlLogic 'J10', program '0' in phase 0 after tl-index 10
Simulation......
总奖励:-14293.840760098159, 速度奖励:-2482.4000000000005, 加速度奖励:-2002.6407600991092, 交通灯奖励:-8186.1999999990785, 与前车进行交互的惩罚:-1622.6000000000663
Episode:9/100, Reward:-14293.840760098159
Episode:9/100, avg speed:14.965929359653847
Episode:9/100, avg halt num:0.21334379905808476
Episode:9/100, avg elec cons:2.0176904972980565
 Retrying in 1 seconds
Warning: Unused states in tlLogic 'J10', program '0' in phase 0 after tl-index 10
Simulation......
总奖励:-25493.13823335679, 速度奖励:-4118.999999999908, 加速度奖励:-3674.7382333545265, 交通灯奖励:-13369.199999997621, 与前车进行交互的惩罚:-4330.199999999501
Episode:10/100, Reward:-25493.13823335679
Episode:10/100, avg speed:11.883277469999925
Episode:10/100, avg halt num:0.24155227032734952
Episode:10/100, avg elec cons:1.8709379680163765
 Retrying in 1 seconds
Warning: Unused states in tlLogic 'J10', program '0' in phase 0 after tl-index 10
Simulation......
总奖励:-12657.0334134363, 速度奖励:-2248.450000000017, 加速度奖励:-1691.7834134370778, 交通灯奖励:-7128.499999999317, 与前车进行交互的惩罚:-1588.300000000064
Episode:11/100, Reward:-12657.0334134363
Episode:11/100, avg speed:15.853392863196309
Episode:11/100, avg halt num:0.18414023372287144
Episode:11/100, avg elec cons:2.0933232733777523
 Retrying in 1 seconds
Warning: Unused states in tlLogic 'J10', program '0' in phase 0 after tl-index 10
Simulation......
总奖励:-20561.50411687687, 速度奖励:-3824.1999999999225, 加速度奖励:-3643.8041168760815, 交通灯奖励:-10438.39999999781, 与前车进行交互的惩罚:-2655.0999999999362
Episode:12/100, Reward:-20561.50411687687
Episode:12/100, avg speed:12.228358013641676
Episode:12/100, avg halt num:0.18316326530612245
Episode:12/100, avg elec cons:1.9140562780925636
 Retrying in 1 seconds
Warning: Unused states in tlLogic 'J10', program '0' in phase 0 after tl-index 10
Simulation......
总奖励:-20625.953790030373, 速度奖励:-3666.3499999999303, 加速度奖励:-3884.1037900300207, 交通灯奖励:-10669.599999997865, 与前车进行交互的惩罚:-2405.900000000001
Episode:13/100, Reward:-20625.953790030373
Episode:13/100, avg speed:11.885675807003937
Episode:13/100, avg halt num:0.15343347639484978
Episode:13/100, avg elec cons:1.7590930152181241
 Retrying in 1 seconds
Warning: Unused states in tlLogic 'J10', program '0' in phase 0 after tl-index 10
Simulation......
总奖励:-27756.627383343814, 速度奖励:-4855.599999999928, 加速度奖励:-5008.327383342415, 交通灯奖励:-13932.799999997073, 与前车进行交互的惩罚:-3959.899999999597
Episode:14/100, Reward:-27756.627383343814
Episode:14/100, avg speed:10.661833903727906
Episode:14/100, avg halt num:0.18877064803049556
Episode:14/100, avg elec cons:1.4152244741877507
 Retrying in 1 seconds
Warning: Unused states in tlLogic 'J10', program '0' in phase 0 after tl-index 10
Simulation......
总奖励:-34423.64891900547, 速度奖励:-6495.2999999999665, 加速度奖励:-5723.048919003511, 交通灯奖励:-18274.799999998293, 与前车进行交互的惩罚:-3930.499999999605
Episode:15/100, Reward:-34423.64891900547
Episode:15/100, avg speed:8.53264150585109
Episode:15/100, avg halt num:0.241871921182266
Episode:15/100, avg elec cons:1.1610973319331823
 Retrying in 1 seconds
Warning: Unused states in tlLogic 'J10', program '0' in phase 0 after tl-index 10
Simulation......
总奖励:-48510.547859827595, 速度奖励:-8907.5, 加速度奖励:-8457.747859824527, 交通灯奖励:-27095.800000008407, 与前车进行交互的惩罚:-4049.499999999574
Episode:16/100, Reward:-48510.547859827595
Episode:16/100, avg speed:6.422691501337955
Episode:16/100, avg halt num:0.4091139668583023
Episode:16/100, avg elec cons:0.697633676861878
 Retrying in 1 seconds
Warning: Unused states in tlLogic 'J10', program '0' in phase 0 after tl-index 10
Simulation......
总奖励:-47877.74979247837, 速度奖励:-9038.75, 加速度奖励:-8684.299792475758, 交通灯奖励:-25903.60000000739, 与前车进行交互的惩罚:-4251.099999999522
Episode:17/100, Reward:-47877.74979247837
Episode:17/100, avg speed:7.429981572766104
Episode:17/100, avg halt num:0.35293679189028027
Episode:17/100, avg elec cons:0.5419057425541023
 Retrying in 1 seconds
Warning: Unused states in tlLogic 'J10', program '0' in phase 0 after tl-index 10
Simulation......
总奖励:-38237.867808181174, 速度奖励:-8214.499999999949, 加速度奖励:-5640.067808177161, 交通灯奖励:-19611.40000000214, 与前车进行交互的惩罚:-4771.899999999387
Episode:18/100, Reward:-38237.867808181174
Episode:18/100, avg speed:7.192615426233252
Episode:18/100, avg halt num:0.6831545490663489
Episode:18/100, avg elec cons:0.7189772369912236
 Retrying in 1 seconds
Warning: Unused states in tlLogic 'J10', program '0' in phase 0 after tl-index 10
Simulation......
总奖励:-11526.631914129151, 速度奖励:-3458.249999999911, 加速度奖励:-2506.981914129398, 交通灯奖励:-3833.1000000008285, 与前车进行交互的惩罚:-1728.3000000000732
Episode:19/100, Reward:-11526.631914129151
Episode:19/100, avg speed:12.183586762595066
Episode:19/100, avg halt num:0.06765851930570316
Episode:19/100, avg elec cons:1.550762620547118
 Retrying in 1 seconds
Warning: Unused states in tlLogic 'J10', program '0' in phase 0 after tl-index 10
Simulation......
总奖励:-8926.107933589832, 速度奖励:-2837.899999999972, 加速度奖励:-2435.3079335900616, 交通灯奖励:-2277.4000000005876, 与前车进行交互的惩罚:-1375.5000000000502
Episode:20/100, Reward:-8926.107933589832
Episode:20/100, avg speed:13.156230894659625
Episode:20/100, avg halt num:0.03227680053103219
Episode:20/100, avg elec cons:2.3522609732511377
 Retrying in 1 seconds
Warning: Unused states in tlLogic 'J10', program '0' in phase 0 after tl-index 10
Simulation......
总奖励:-9513.8881065684, 速度奖励:-2891.399999999976, 加速度奖励:-2425.4881065685945, 交通灯奖励:-2727.0000000006166, 与前车进行交互的惩罚:-1470.0000000000564
Episode:21/100, Reward:-9513.8881065684
Episode:21/100, avg speed:12.6832316844102
Episode:21/100, avg halt num:0.06089866156787763
Episode:21/100, avg elec cons:2.554723592703585
 Retrying in 1 seconds
Warning: Unused states in tlLogic 'J10', program '0' in phase 0 after tl-index 10
Simulation......
总奖励:-9773.953186273578, 速度奖励:-3002.149999999975, 加速度奖励:-2485.8031862738344, 交通灯奖励:-2641.0000000006385, 与前车进行交互的惩罚:-1645.0000000000678
Episode:22/100, Reward:-9773.953186273578
Episode:22/100, avg speed:12.671696691558843
Episode:22/100, avg halt num:0.03110135382363703
Episode:22/100, avg elec cons:2.523185008019216
 Retrying in 1 seconds
Warning: Unused states in tlLogic 'J10', program '0' in phase 0 after tl-index 10
Simulation......
总奖励:-9609.51251649906, 速度奖励:-3242.1499999999655, 加速度奖励:-2478.962516499245, 交通灯奖励:-2704.0000000004593, 与前车进行交互的惩罚:-1184.4000000000378
Episode:23/100, Reward:-9609.51251649906
Episode:23/100, avg speed:12.41837651099185
Episode:23/100, avg halt num:0.05428384565075212
Episode:23/100, avg elec cons:1.8458642705986998
 Retrying in 1 seconds
Warning: Unused states in tlLogic 'J10', program '0' in phase 0 after tl-index 10
Simulation......
总奖励:-9393.07944742266, 速度奖励:-3099.3499999999494, 加速度奖励:-2432.429447422925, 交通灯奖励:-2595.700000000596, 与前车进行交互的惩罚:-1265.600000000043
Episode:24/100, Reward:-9393.07944742266
Episode:24/100, avg speed:12.909475311086121
Episode:24/100, avg halt num:0.05736497545008183
Episode:24/100, avg elec cons:1.9258081275936167
 Retrying in 1 seconds
Warning: Unused states in tlLogic 'J10', program '0' in phase 0 after tl-index 10
Simulation......
总奖励:-7071.186774992708, 速度奖励:-2856.1499999999764, 加速度奖励:-1898.0367749928237, 交通灯奖励:-1549.8000000002212, 与前车进行交互的惩罚:-767.2000000000107
Episode:25/100, Reward:-7071.186774992708
Episode:25/100, avg speed:13.557908122968914
Episode:25/100, avg halt num:0.04145895646394151
Episode:25/100, avg elec cons:2.235475711908251
 Retrying in 1 seconds
Warning: Unused states in tlLogic 'J10', program '0' in phase 0 after tl-index 10
Simulation......
总奖励:-7848.902098689678, 速度奖励:-2912.6499999999796, 加速度奖励:-1729.852098689814, 交通灯奖励:-2435.0000000004998, 与前车进行交互的惩罚:-771.400000000011
Episode:26/100, Reward:-7848.902098689678
Episode:26/100, avg speed:13.148827066337706
Episode:26/100, avg halt num:0.10028625954198474
Episode:26/100, avg elec cons:2.5520004000974432
 Retrying in 1 seconds
Warning: Unused states in tlLogic 'J10', program '0' in phase 0 after tl-index 10
Simulation......
总奖励:-6354.417713784305, 速度奖励:-2784.24999999998, 加速度奖励:-1628.167713784459, 交通灯奖励:-1335.8000000000807, 与前车进行交互的惩罚:-606.2000000000003
Episode:27/100, Reward:-6354.417713784305
Episode:27/100, avg speed:13.471261117837946
Episode:27/100, avg halt num:0.0525305410122164
Episode:27/100, avg elec cons:2.3157587049224793
 Retrying in 1 seconds
Warning: Unused states in tlLogic 'J10', program '0' in phase 0 after tl-index 10
Simulation......
总奖励:-6738.117319615928, 速度奖励:-2817.849999999982, 加速度奖励:-1731.7673196160442, 交通灯奖励:-1570.4000000002666, 与前车进行交互的惩罚:-618.100000000001
Episode:28/100, Reward:-6738.117319615928
Episode:28/100, avg speed:12.480472323981443
Episode:28/100, avg halt num:0.04797047970479705
Episode:28/100, avg elec cons:2.723452909677607
 Retrying in 1 seconds
Warning: Unused states in tlLogic 'J10', program '0' in phase 0 after tl-index 10
Simulation......
总奖励:-6483.719738978817, 速度奖励:-2878.0999999999813, 加速度奖励:-1772.619738978857, 交通灯奖励:-1147.0000000000398, 与前车进行交互的惩罚:-686.0000000000055
Episode:29/100, Reward:-6483.719738978817
Episode:29/100, avg speed:12.853640040197302
Episode:29/100, avg halt num:0.05312375646637485
Episode:29/100, avg elec cons:2.639599133767421
 Retrying in 1 seconds
Warning: Unused states in tlLogic 'J10', program '0' in phase 0 after tl-index 10
Simulation......
总奖励:-6508.484984038495, 速度奖励:-2720.5499999999856, 加速度奖励:-1668.934984038617, 交通灯奖励:-1542.9000000003566, 与前车进行交互的惩罚:-576.0999999999983
Episode:30/100, Reward:-6508.484984038495
Episode:30/100, avg speed:13.84557814027984
Episode:30/100, avg halt num:0.05416231278300244
Episode:30/100, avg elec cons:2.4207716804328383
 Retrying in 1 seconds
Warning: Unused states in tlLogic 'J10', program '0' in phase 0 after tl-index 10
Simulation......
总奖励:-6190.867014102573, 速度奖励:-2737.649999999986, 加速度奖励:-1544.0170141027493, 交通灯奖励:-1335.9000000000221, 与前车进行交互的惩罚:-573.2999999999981
Episode:31/100, Reward:-6190.867014102573
Episode:31/100, avg speed:13.598877324973772
Episode:31/100, avg halt num:0.046103896103896105
Episode:31/100, avg elec cons:2.5241132967959117
 Retrying in 1 seconds
Warning: Unused states in tlLogic 'J10', program '0' in phase 0 after tl-index 10
Simulation......
总奖励:-6550.194776129832, 速度奖励:-2828.9999999999877, 加速度奖励:-1608.794776129998, 交通灯奖励:-1479.60000000017, 与前车进行交互的惩罚:-632.800000000002
Episode:32/100, Reward:-6550.194776129832
Episode:32/100, avg speed:13.139911286501135
Episode:32/100, avg halt num:0.07062146892655367
Episode:32/100, avg elec cons:2.494219448501062
 Retrying in 1 seconds
Warning: Unused states in tlLogic 'J10', program '0' in phase 0 after tl-index 10
Simulation......
总奖励:-5618.123787820971, 速度奖励:-2678.049999999989, 加速度奖励:-1631.1737878210422, 交通灯奖励:-875.5999999998729, 与前车进行交互的惩罚:-433.2999999999954
Episode:33/100, Reward:-5618.123787820971
Episode:33/100, avg speed:13.49053250329898
Episode:33/100, avg halt num:0.012277951933124347
Episode:33/100, avg elec cons:2.3500426980964733
 Retrying in 1 seconds
Warning: Unused states in tlLogic 'J10', program '0' in phase 0 after tl-index 10
Simulation......
总奖励:-5921.834340452576, 速度奖励:-2815.749999999977, 加速度奖励:-1652.984340452631, 交通灯奖励:-930.1999999998274, 与前车进行交互的惩罚:-522.8999999999949
Episode:34/100, Reward:-5921.834340452576
Episode:34/100, avg speed:13.540927275364954
Episode:34/100, avg halt num:0.018810679611650484
Episode:34/100, avg elec cons:2.2484427392173156
 Retrying in 1 seconds
Warning: Unused states in tlLogic 'J10', program '0' in phase 0 after tl-index 10
Simulation......
总奖励:-6094.537665495743, 速度奖励:-2813.399999999978, 加速度奖励:-1641.3376654958108, 交通灯奖励:-1045.4999999998217, 与前车进行交互的惩罚:-594.2999999999995
Episode:35/100, Reward:-6094.537665495743
Episode:35/100, avg speed:13.566725196592806
Episode:35/100, avg halt num:0.014338235294117646
Episode:35/100, avg elec cons:2.3613383646468376
 Retrying in 1 seconds
Warning: Unused states in tlLogic 'J10', program '0' in phase 0 after tl-index 10
Simulation......
总奖励:-6044.199714446166, 速度奖励:-2841.5999999999835, 加速度奖励:-1818.4997144462063, 交通灯奖励:-857.6999999998171, 与前车进行交互的惩罚:-526.3999999999951
Episode:36/100, Reward:-6044.199714446166
Episode:36/100, avg speed:13.172001702301426
Episode:36/100, avg halt num:0.008770310192023633
Episode:36/100, avg elec cons:2.414700555255671
 Retrying in 1 seconds
Warning: Unused states in tlLogic 'J10', program '0' in phase 0 after tl-index 10
Simulation......
总奖励:-6291.047788481599, 速度奖励:-2749.899999999972, 加速度奖励:-1729.3477884817125, 交通灯奖励:-1123.6999999998723, 与前车进行交互的惩罚:-688.1000000000056
Episode:37/100, Reward:-6291.047788481599
Episode:37/100, avg speed:12.924639790893094
Episode:37/100, avg halt num:0.04625366262034324
Episode:37/100, avg elec cons:2.817807922171043
 Retrying in 1 seconds
Warning: Unused states in tlLogic 'J10', program '0' in phase 0 after tl-index 10
Simulation......
总奖励:-6211.1225562645595, 速度奖励:-2685.399999999984, 加速度奖励:-1658.622556264598, 交通灯奖励:-1371.5000000002901, 与前车进行交互的惩罚:-495.5999999999944
Episode:38/100, Reward:-6211.1225562645595
Episode:38/100, avg speed:13.688175568062148
Episode:38/100, avg halt num:0.024261603375527425
Episode:38/100, avg elec cons:2.470890949729054
 Retrying in 1 seconds
Warning: Unused states in tlLogic 'J10', program '0' in phase 0 after tl-index 10
Simulation......
总奖励:-7788.81165772393, 速度奖励:-3072.7999999999706, 加速度奖励:-2027.7116577239103, 交通灯奖励:-1954.000000000478, 与前车进行交互的惩罚:-734.3000000000086
Episode:39/100, Reward:-7788.81165772393
Episode:39/100, avg speed:12.870762396267317
Episode:39/100, avg halt num:0.023604060913705583
Episode:39/100, avg elec cons:2.1346430993209387
 Retrying in 1 seconds
Warning: Unused states in tlLogic 'J10', program '0' in phase 0 after tl-index 10
Simulation......
总奖励:-7058.17255967248, 速度奖励:-3164.249999999958, 加速度奖励:-1960.8225596725033, 交通灯奖励:-1368.9000000003175, 与前车进行交互的惩罚:-564.1999999999975
Episode:40/100, Reward:-7058.17255967248
Episode:40/100, avg speed:12.499370697714166
Episode:40/100, avg halt num:0.03580357142857143
Episode:40/100, avg elec cons:1.6248393307584137
 Retrying in 1 seconds
Warning: Unused states in tlLogic 'J10', program '0' in phase 0 after tl-index 10
Simulation......
总奖励:-7414.217648727549, 速度奖励:-3052.94999999997, 加速度奖励:-2179.0676487276064, 交通灯奖励:-1398.9000000001981, 与前车进行交互的惩罚:-783.3000000000118
Episode:41/100, Reward:-7414.217648727549
Episode:41/100, avg speed:12.649453159249024
Episode:41/100, avg halt num:0.00992489270386266
Episode:41/100, avg elec cons:2.327636193353017
 Retrying in 1 seconds
Warning: Unused states in tlLogic 'J10', program '0' in phase 0 after tl-index 10
Simulation......
总奖励:-8130.429077976809, 速度奖励:-3172.199999999969, 加速度奖励:-2256.929077976905, 交通灯奖励:-1705.2000000003543, 与前车进行交互的惩罚:-996.1000000000256
Episode:42/100, Reward:-8130.429077976809
Episode:42/100, avg speed:12.216744196230632
Episode:42/100, avg halt num:0.019346356123215627
Episode:42/100, avg elec cons:2.5073310274678433
 Retrying in 1 seconds
Warning: Unused states in tlLogic 'J10', program '0' in phase 0 after tl-index 10
Simulation......
总奖励:-8200.85071267059, 速度奖励:-3069.799999999967, 加速度奖励:-2260.8507126706663, 交通灯奖励:-1952.5000000004056, 与前车进行交互的惩罚:-917.7000000000205
Episode:43/100, Reward:-8200.85071267059
Episode:43/100, avg speed:12.097602127961666
Episode:43/100, avg halt num:0.013445050662509743
Episode:43/100, avg elec cons:2.5971549736992396
 Retrying in 1 seconds
Warning: Unused states in tlLogic 'J10', program '0' in phase 0 after tl-index 10
Simulation......
总奖励:-9125.982221404427, 速度奖励:-3328.399999999928, 加速度奖励:-2257.082221404727, 交通灯奖励:-2708.200000000518, 与前车进行交互的惩罚:-832.300000000015
Episode:44/100, Reward:-9125.982221404427
Episode:44/100, avg speed:12.148266500273131
Episode:44/100, avg halt num:0.10997794928335171
Episode:44/100, avg elec cons:1.958026233899343
 Retrying in 1 seconds
Warning: Unused states in tlLogic 'J10', program '0' in phase 0 after tl-index 10
Simulation......
总奖励:-8682.375801868657, 速度奖励:-3080.5499999999697, 加速度奖励:-2389.525801868905, 交通灯奖励:-2148.3000000004513, 与前车进行交互的惩罚:-1064.00000000003
Episode:45/100, Reward:-8682.375801868657
Episode:45/100, avg speed:12.144567693465318
Episode:45/100, avg halt num:0.03674490188534051
Episode:45/100, avg elec cons:2.754367117085973
 Retrying in 1 seconds
Warning: Unused states in tlLogic 'J10', program '0' in phase 0 after tl-index 10
Simulation......
总奖励:-8032.652230302511, 速度奖励:-2738.1999999999734, 加速度奖励:-1991.6522303027816, 交通灯奖励:-2459.3000000004677, 与前车进行交互的惩罚:-843.5000000000157
Episode:46/100, Reward:-8032.652230302511
Episode:46/100, avg speed:14.05341452008173
Episode:46/100, avg halt num:0.06735197368421053
Episode:46/100, avg elec cons:2.365644319782717
 Retrying in 1 seconds
Warning: Unused states in tlLogic 'J10', program '0' in phase 0 after tl-index 10
Simulation......
总奖励:-10198.913815751095, 速度奖励:-3210.9999999999463, 加速度奖励:-2207.513815751463, 交通灯奖励:-3990.8000000007214, 与前车进行交互的惩罚:-789.6000000000122
Episode:47/100, Reward:-10198.913815751095
Episode:47/100, avg speed:12.636641468043747
Episode:47/100, avg halt num:0.1221622627465575
Episode:47/100, avg elec cons:1.8221687086056413
 Retrying in 1 seconds
Warning: Unused states in tlLogic 'J10', program '0' in phase 0 after tl-index 10
Simulation......
总奖励:-11265.55123576899, 速度奖励:-3422.0499999999515, 加速度奖励:-2353.2012357693397, 交通灯奖励:-4445.900000000304, 与前车进行交互的惩罚:-1044.4000000000287
Episode:48/100, Reward:-11265.55123576899
Episode:48/100, avg speed:12.179304300238345
Episode:48/100, avg halt num:0.0966785290628707
Episode:48/100, avg elec cons:2.301802731395034
 Retrying in 1 seconds
Warning: Unused states in tlLogic 'J10', program '0' in phase 0 after tl-index 10
Simulation......
总奖励:-9313.547939669774, 速度奖励:-2378.3000000000065, 加速度奖励:-1750.947939670257, 交通灯奖励:-4536.100000000312, 与前车进行交互的惩罚:-648.200000000003
Episode:49/100, Reward:-9313.547939669774
Episode:49/100, avg speed:15.048292439041687
Episode:49/100, avg halt num:0.1149199874490116
Episode:49/100, avg elec cons:2.0227659825785347
 Retrying in 1 seconds
Warning: Unused states in tlLogic 'J10', program '0' in phase 0 after tl-index 10
Simulation......
总奖励:-8897.830147376477, 速度奖励:-2535.95, 加速度奖励:-1829.2801473768031, 交通灯奖励:-3916.6000000005815, 与前车进行交互的惩罚:-616.0000000000009
Episode:50/100, Reward:-8897.830147376477
Episode:50/100, avg speed:14.14909915152664
Episode:50/100, avg halt num:0.13776559287183002
Episode:50/100, avg elec cons:2.299068803986399
 Retrying in 1 seconds
Warning: Unused states in tlLogic 'J10', program '0' in phase 0 after tl-index 10
Simulation......
总奖励:-10643.037015713891, 速度奖励:-3238.4999999999345, 加速度奖励:-2228.2370157142273, 交通灯奖励:-4299.9000000006035, 与前车进行交互的惩罚:-876.4000000000178
Episode:51/100, Reward:-10643.037015713891
Episode:51/100, avg speed:13.374466236805569
Episode:51/100, avg halt num:0.1035073409461664
Episode:51/100, avg elec cons:1.6663438629390601
 Retrying in 1 seconds
Warning: Unused states in tlLogic 'J10', program '0' in phase 0 after tl-index 10
Simulation......
总奖励:-15241.726110363585, 速度奖励:-3810.3999999999332, 加速度奖励:-2641.326110364124, 交通灯奖励:-7432.699999998401, 与前车进行交互的惩罚:-1357.300000000049
Episode:52/100, Reward:-15241.726110363585
Episode:52/100, avg speed:12.040903058798097
Episode:52/100, avg halt num:0.1169019182048498
Episode:52/100, avg elec cons:1.8273904668229437
 Retrying in 1 seconds
Warning: Unused states in tlLogic 'J10', program '0' in phase 0 after tl-index 10
Simulation......
总奖励:-9011.126738687197, 速度奖励:-2452.9999999999927, 加速度奖励:-1700.82673868764, 交通灯奖励:-4282.600000000399, 与前车进行交互的惩罚:-574.6999999999982
Episode:53/100, Reward:-9011.126738687197
Episode:53/100, avg speed:14.697520389200331
Episode:53/100, avg halt num:0.15413851351351351
Episode:53/100, avg elec cons:2.2766300258673646
 Retrying in 1 seconds
Warning: Unused states in tlLogic 'J10', program '0' in phase 0 after tl-index 10
Simulation......
总奖励:-9033.523790969353, 速度奖励:-2547.7499999999873, 加速度奖励:-1773.1737909697017, 交通灯奖励:-4068.600000000644, 与前车进行交互的惩罚:-644.0000000000027
Episode:54/100, Reward:-9033.523790969353
Episode:54/100, avg speed:14.428098407331275
Episode:54/100, avg halt num:0.13608374384236452
Episode:54/100, avg elec cons:2.3081902071388223
 Retrying in 1 seconds
Warning: Unused states in tlLogic 'J10', program '0' in phase 0 after tl-index 10
Simulation......
总奖励:-9467.747365709565, 速度奖励:-2519.849999999991, 加速度奖励:-1753.9973657100195, 交通灯奖励:-4444.200000000261, 与前车进行交互的惩罚:-749.7000000000096
Episode:55/100, Reward:-9467.747365709565
Episode:55/100, avg speed:14.006809784135497
Episode:55/100, avg halt num:0.16624758220502903
Episode:55/100, avg elec cons:2.723356199045227
 Retrying in 1 seconds
Warning: Unused states in tlLogic 'J10', program '0' in phase 0 after tl-index 10
Simulation......
总奖励:-9881.069792471417, 速度奖励:-2665.1499999999814, 加速度奖励:-1861.8197924719248, 交通灯奖励:-4599.5000000003965, 与前车进行交互的惩罚:-754.6000000000099
Episode:56/100, Reward:-9881.069792471417
Episode:56/100, avg speed:14.081531413900585
Episode:56/100, avg halt num:0.14593908629441624
Episode:56/100, avg elec cons:2.35303766110211
 Retrying in 1 seconds
Warning: Unused states in tlLogic 'J10', program '0' in phase 0 after tl-index 10
Simulation......
总奖励:-9240.523458026835, 速度奖励:-2614.299999999981, 加速度奖励:-1854.9234580272205, 交通灯奖励:-3984.500000000563, 与前车进行交互的惩罚:-786.800000000012
Episode:57/100, Reward:-9240.523458026835
Episode:57/100, avg speed:13.785615978131371
Episode:57/100, avg halt num:0.14922638436482086
Episode:57/100, avg elec cons:2.5797331852576013
 Retrying in 1 seconds
Warning: Unused states in tlLogic 'J10', program '0' in phase 0 after tl-index 10
Simulation......
总奖励:-9583.223417287905, 速度奖励:-2725.6499999999805, 加速度奖励:-1922.673417288223, 交通灯奖励:-4028.4000000005854, 与前车进行交互的惩罚:-906.5000000000198
Episode:58/100, Reward:-9583.223417287905
Episode:58/100, avg speed:13.778048347723308
Episode:58/100, avg halt num:0.13748519542045007
Episode:58/100, avg elec cons:1.9585798659409412
 Retrying in 1 seconds
Warning: Unused states in tlLogic 'J10', program '0' in phase 0 after tl-index 10
Simulation......
总奖励:-9939.971866179076, 速度奖励:-3132.6999999999275, 加速度奖励:-1928.2718661794484, 交通灯奖励:-3966.2000000007215, 与前车进行交互的惩罚:-912.8000000000202
Episode:59/100, Reward:-9939.971866179076
Episode:59/100, avg speed:13.532604679246967
Episode:59/100, avg halt num:0.16879866518353726
Episode:59/100, avg elec cons:1.5881885966640628
 Retrying in 1 seconds
Warning: Unused states in tlLogic 'J10', program '0' in phase 0 after tl-index 10
Simulation......
总奖励:-8773.161729172623, 速度奖励:-2987.6499999999787, 加速度奖励:-2219.91172917288, 交通灯奖励:-2531.000000000513, 与前车进行交互的惩罚:-1034.600000000028
Episode:60/100, Reward:-8773.161729172623
Episode:60/100, avg speed:13.112233902669814
Episode:60/100, avg halt num:0.058919803600654665
Episode:60/100, avg elec cons:2.1895861069861287
 Retrying in 1 seconds
Warning: Unused states in tlLogic 'J10', program '0' in phase 0 after tl-index 10
Simulation......
总奖励:-9707.508187806396, 速度奖励:-3018.8499999999685, 加速度奖励:-2407.9581878067092, 交通灯奖励:-3108.2000000005996, 与前车进行交互的惩罚:-1172.500000000037
Episode:61/100, Reward:-9707.508187806396
Episode:61/100, avg speed:12.223621173417307
Episode:61/100, avg halt num:0.052875337707448865
Episode:61/100, avg elec cons:2.8620063748489892
 Retrying in 1 seconds
Warning: Unused states in tlLogic 'J10', program '0' in phase 0 after tl-index 10
Simulation......
总奖励:-11345.25120959163, 速度奖励:-3797.149999999958, 加速度奖励:-2521.001209592099, 交通灯奖励:-3809.800000000828, 与前车进行交互的惩罚:-1217.30000000004
Episode:62/100, Reward:-11345.25120959163
Episode:62/100, avg speed:11.301788500744895
Episode:62/100, avg halt num:0.1251246261216351
Episode:62/100, avg elec cons:1.6717143008617936
 Retrying in 1 seconds
Warning: Unused states in tlLogic 'J10', program '0' in phase 0 after tl-index 10
Simulation......
总奖励:-12265.842527823395, 速度奖励:-4284.9499999999125, 加速度奖励:-2737.792527823659, 交通灯奖励:-4313.5000000006785, 与前车进行交互的惩罚:-929.6000000000213
Episode:63/100, Reward:-12265.842527823395
Episode:63/100, avg speed:11.050960614892507
Episode:63/100, avg halt num:0.07678896300788357
Episode:63/100, avg elec cons:0.8490846054615852
 Retrying in 1 seconds
Warning: Unused states in tlLogic 'J10', program '0' in phase 0 after tl-index 10
Simulation......
总奖励:-8533.767205044243, 速度奖励:-3293.799999999944, 加速度奖励:-2276.0672050443472, 交通灯奖励:-2235.200000000588, 与前车进行交互的惩罚:-728.7000000000082
Episode:64/100, Reward:-8533.767205044243
Episode:64/100, avg speed:11.88351820872161
Episode:64/100, avg halt num:0.032668881506090805
Episode:64/100, avg elec cons:2.014184542291565
 Retrying in 1 seconds
Warning: Unused states in tlLogic 'J10', program '0' in phase 0 after tl-index 10
Simulation......
总奖励:-7147.991574691749, 速度奖励:-2680.29999999999, 加速度奖励:-2120.2915746919107, 交通灯奖励:-1415.0000000001496, 与前车进行交互的惩罚:-932.4000000000215
Episode:65/100, Reward:-7147.991574691749
Episode:65/100, avg speed:13.531961244380392
Episode:65/100, avg halt num:0.017080186983099606
Episode:65/100, avg elec cons:2.7073734376168552
 Retrying in 1 seconds
Warning: Unused states in tlLogic 'J10', program '0' in phase 0 after tl-index 10
Simulation......
总奖励:-8805.489658293756, 速度奖励:-2979.199999999978, 加速度奖励:-2487.889658294, 交通灯奖励:-2266.0000000004734, 与前车进行交互的惩罚:-1072.4000000000306
Episode:66/100, Reward:-8805.489658293756
Episode:66/100, avg speed:13.451083204528128
Episode:66/100, avg halt num:0.03880407124681934
Episode:66/100, avg elec cons:2.407868698275976
 Retrying in 1 seconds
Warning: Unused states in tlLogic 'J10', program '0' in phase 0 after tl-index 10
Simulation......
总奖励:-9380.075108096777, 速度奖励:-3058.549999999977, 加速度奖励:-2516.1251080970646, 交通灯奖励:-2611.9000000005967, 与前车进行交互的惩罚:-1193.5000000000384
Episode:67/100, Reward:-9380.075108096777
Episode:67/100, avg speed:13.23513944501341
Episode:67/100, avg halt num:0.027262369791666668
Episode:67/100, avg elec cons:2.460354971528944
 Retrying in 1 seconds
Warning: Unused states in tlLogic 'J10', program '0' in phase 0 after tl-index 10
Simulation......
总奖励:-9014.604900188195, 速度奖励:-3014.9499999999707, 加速度奖励:-2347.654900188455, 交通灯奖励:-2518.7000000005532, 与前车进行交互的惩罚:-1133.3000000000345
Episode:68/100, Reward:-9014.604900188195
Episode:68/100, avg speed:13.093906361889541
Episode:68/100, avg halt num:0.0318015318015318
Episode:68/100, avg elec cons:2.4538224832651143
 Retrying in 1 seconds
Warning: Unused states in tlLogic 'J10', program '0' in phase 0 after tl-index 10
Simulation......
总奖励:-9092.849281638277, 速度奖励:-2988.6499999999714, 加速度奖励:-2388.0992816385124, 交通灯奖励:-2580.7000000006515, 与前车进行交互的惩罚:-1135.4000000000347
Episode:69/100, Reward:-9092.849281638277
Episode:69/100, avg speed:13.22464674994209
Episode:69/100, avg halt num:0.043660658794282166
Episode:69/100, avg elec cons:2.382851805997197
 Retrying in 1 seconds
Warning: Unused states in tlLogic 'J10', program '0' in phase 0 after tl-index 10
Simulation......
总奖励:-8422.8052707715, 速度奖励:-2941.899999999976, 加速度奖励:-2141.8052707716824, 交通灯奖励:-2308.70000000053, 与前车进行交互的惩罚:-1030.4000000000278
Episode:70/100, Reward:-8422.8052707715
Episode:70/100, avg speed:13.020186023676391
Episode:70/100, avg halt num:0.03765156349712827
Episode:70/100, avg elec cons:2.342074903877239
 Retrying in 1 seconds
Warning: Unused states in tlLogic 'J10', program '0' in phase 0 after tl-index 10
Simulation......
总奖励:-8093.0192826016255, 速度奖励:-2904.0999999999694, 加速度奖励:-1974.0192826017073, 交通灯奖励:-2331.5000000005243, 与前车进行交互的惩罚:-883.4000000000183
Episode:71/100, Reward:-8093.0192826016255
Episode:71/100, avg speed:13.656855831934832
Episode:71/100, avg halt num:0.018400392541707555
Episode:71/100, avg elec cons:2.2006162651171937
 Retrying in 1 seconds
Warning: Unused states in tlLogic 'J10', program '0' in phase 0 after tl-index 10
Simulation......
总奖励:-7349.000206429064, 速度奖励:-2943.6999999999625, 加速度奖励:-2176.2002064290696, 交通灯奖励:-1446.5000000002092, 与前车进行交互的惩罚:-782.6000000000117
Episode:72/100, Reward:-7349.000206429064
Episode:72/100, avg speed:12.059206017697123
Episode:72/100, avg halt num:0.026029962546816478
Episode:72/100, avg elec cons:2.410706759420719
 Retrying in 1 seconds
Warning: Unused states in tlLogic 'J10', program '0' in phase 0 after tl-index 10
Simulation......
总奖励:-7167.927061539909, 速度奖励:-2891.04999999996, 加速度奖励:-2172.277061539952, 交通灯奖励:-1450.100000000166, 与前车进行交互的惩罚:-654.5000000000034
Episode:73/100, Reward:-7167.927061539909
Episode:73/100, avg speed:13.075769323121834
Episode:73/100, avg halt num:0.025913275913275913
Episode:73/100, avg elec cons:1.910562639892651
 Retrying in 1 seconds
Warning: Unused states in tlLogic 'J10', program '0' in phase 0 after tl-index 10
Simulation......
总奖励:-8399.412893358833, 速度奖励:-3124.5499999999533, 加速度奖励:-2287.462893358869, 交通灯奖励:-2087.2000000007006, 与前车进行交互的惩罚:-900.2000000000194
Episode:74/100, Reward:-8399.412893358833
Episode:74/100, avg speed:12.858623404401774
Episode:74/100, avg halt num:0.04036998616874136
Episode:74/100, avg elec cons:2.098773032336148
 Retrying in 1 seconds
Warning: Unused states in tlLogic 'J10', program '0' in phase 0 after tl-index 10
Simulation......
总奖励:-7991.112274030654, 速度奖励:-3112.4499999999584, 加速度奖励:-2605.762274030689, 交通灯奖励:-1521.8000000003449, 与前车进行交互的惩罚:-751.1000000000097
Episode:75/100, Reward:-7991.112274030654
Episode:75/100, avg speed:12.596226521128122
Episode:75/100, avg halt num:0.034113219895287955
Episode:75/100, avg elec cons:1.9374556877606095
 Retrying in 1 seconds
Warning: Unused states in tlLogic 'J10', program '0' in phase 0 after tl-index 10
Simulation......
总奖励:-7300.45408828178, 速度奖励:-2763.2999999999815, 加速度奖励:-2140.254088281817, 交通灯奖励:-1687.8000000003658, 与前车进行交互的惩罚:-709.100000000007
Episode:76/100, Reward:-7300.45408828178
Episode:76/100, avg speed:12.914003543285746
Episode:76/100, avg halt num:0.03859857482185273
Episode:76/100, avg elec cons:2.334537339439207
 Retrying in 1 seconds
Warning: Unused states in tlLogic 'J10', program '0' in phase 0 after tl-index 10
Simulation......
总奖励:-7402.144989405228, 速度奖励:-2881.3999999999755, 加速度奖励:-2265.744989405241, 交通灯奖励:-1521.4000000002825, 与前车进行交互的惩罚:-733.6000000000085
Episode:77/100, Reward:-7402.144989405228
Episode:77/100, avg speed:12.653222386714033
Episode:77/100, avg halt num:0.03078721745908028
Episode:77/100, avg elec cons:2.4598251199585945
 Retrying in 1 seconds
Warning: Unused states in tlLogic 'J10', program '0' in phase 0 after tl-index 10
Simulation......
总奖励:-7091.514477351787, 速度奖励:-2729.5499999999906, 加速度奖励:-2195.7644773518164, 交通灯奖励:-1576.8000000002162, 与前车进行交互的惩罚:-589.3999999999992
Episode:78/100, Reward:-7091.514477351787
Episode:78/100, avg speed:12.471873610353938
Episode:78/100, avg halt num:0.029530588687956907
Episode:78/100, avg elec cons:2.3059780538774155
 Retrying in 1 seconds
Warning: Unused states in tlLogic 'J10', program '0' in phase 0 after tl-index 10
Simulation......
总奖励:-8025.706701532331, 速度奖励:-2964.799999999963, 加速度奖励:-2510.60670153237, 交通灯奖励:-1822.3000000004772, 与前车进行交互的惩罚:-728.0000000000082
Episode:79/100, Reward:-8025.706701532331
Episode:79/100, avg speed:12.29038696415255
Episode:79/100, avg halt num:0.0304364471669219
Episode:79/100, avg elec cons:2.465694750770783
 Retrying in 1 seconds
Warning: Unused states in tlLogic 'J10', program '0' in phase 0 after tl-index 10
Simulation......
总奖励:-7753.744146701373, 速度奖励:-2832.5499999999674, 加速度奖励:-2429.9941467014714, 交通灯奖励:-1873.1000000004103, 与前车进行交互的惩罚:-618.100000000001
Episode:80/100, Reward:-7753.744146701373
Episode:80/100, avg speed:12.653658614120332
Episode:80/100, avg halt num:0.019499825113676112
Episode:80/100, avg elec cons:2.4189154528001517
 Retrying in 1 seconds
Warning: Unused states in tlLogic 'J10', program '0' in phase 0 after tl-index 10
Simulation......
总奖励:-8044.311035729163, 速度奖励:-2845.3999999999637, 加速度奖励:-2502.511035729229, 交通灯奖励:-2071.300000000502, 与前车进行交互的惩罚:-625.1000000000015
Episode:81/100, Reward:-8044.311035729163
Episode:81/100, avg speed:12.827186092786253
Episode:81/100, avg halt num:0.02544691718350967
Episode:81/100, avg elec cons:2.5198829344319242
 Retrying in 1 seconds
Warning: Unused states in tlLogic 'J10', program '0' in phase 0 after tl-index 10
Simulation......
总奖励:-7611.624275418136, 速度奖励:-2756.74999999997, 加速度奖励:-2481.8742754181985, 交通灯奖励:-1823.5000000003033, 与前车进行交互的惩罚:-549.4999999999966
Episode:82/100, Reward:-7611.624275418136
Episode:82/100, avg speed:12.728679490970313
Episode:82/100, avg halt num:0.012219156484036263
Episode:82/100, avg elec cons:2.7775430440676527
 Retrying in 1 seconds
Warning: Unused states in tlLogic 'J10', program '0' in phase 0 after tl-index 10
Simulation......
总奖励:-7461.020191230474, 速度奖励:-2854.099999999963, 加速度奖励:-2476.8201912305485, 交通灯奖励:-1548.4000000003161, 与前车进行交互的惩罚:-581.6999999999987
Episode:83/100, Reward:-7461.020191230474
Episode:83/100, avg speed:13.12914400480089
Episode:83/100, avg halt num:0.01686541737649063
Episode:83/100, avg elec cons:2.4923547684639558
 Retrying in 1 seconds
Warning: Unused states in tlLogic 'J10', program '0' in phase 0 after tl-index 10
Simulation......
总奖励:-6912.936727921282, 速度奖励:-2813.949999999976, 加速度奖励:-2281.98672792133, 交通灯奖励:-1126.0999999999347, 与前车进行交互的惩罚:-690.9000000000058
Episode:84/100, Reward:-6912.936727921282
Episode:84/100, avg speed:12.529448040926118
Episode:84/100, avg halt num:0.010584084672677381
Episode:84/100, avg elec cons:2.747827380450474
 Retrying in 1 seconds
Warning: Unused states in tlLogic 'J10', program '0' in phase 0 after tl-index 10
Simulation......
总奖励:-7594.285039746223, 速度奖励:-2948.649999999961, 加速度奖励:-2447.6350397462757, 交通灯奖励:-1433.600000000125, 与前车进行交互的惩罚:-764.4000000000106
Episode:85/100, Reward:-7594.285039746223
Episode:85/100, avg speed:13.266982913812837
Episode:85/100, avg halt num:0.012325116588940706
Episode:85/100, avg elec cons:2.3482593759158177
 Retrying in 1 seconds
Warning: Unused states in tlLogic 'J10', program '0' in phase 0 after tl-index 10
Simulation......
总奖励:-7328.103578815642, 速度奖励:-2774.299999999972, 加速度奖励:-2347.7035788156936, 交通灯奖励:-1491.400000000151, 与前车进行交互的惩罚:-714.7000000000073
Episode:86/100, Reward:-7328.103578815642
Episode:86/100, avg speed:13.483255595632727
Episode:86/100, avg halt num:0.01587663324217563
Episode:86/100, avg elec cons:2.215719015216915
 Retrying in 1 seconds
Warning: Unused states in tlLogic 'J10', program '0' in phase 0 after tl-index 10
Simulation......
总奖励:-7870.88647862109, 速度奖励:-3075.649999999947, 加速度奖励:-2376.136478621102, 交通灯奖励:-1395.7000000002427, 与前车进行交互的惩罚:-1023.4000000000274
Episode:87/100, Reward:-7870.88647862109
Episode:87/100, avg speed:12.276135657196189
Episode:87/100, avg halt num:0.018790849673202614
Episode:87/100, avg elec cons:2.6508946476593547
 Retrying in 1 seconds
Warning: Unused states in tlLogic 'J10', program '0' in phase 0 after tl-index 10
Simulation......
总奖励:-7702.714614132193, 速度奖励:-3030.5999999999544, 加速度奖励:-2363.114614132296, 交通灯奖励:-1385.7000000001738, 与前车进行交互的惩罚:-923.3000000000209
Episode:88/100, Reward:-7702.714614132193
Episode:88/100, avg speed:13.001701049927982
Episode:88/100, avg halt num:0.02051109616677875
Episode:88/100, avg elec cons:2.2448572738515296
 Retrying in 1 seconds
Warning: Unused states in tlLogic 'J10', program '0' in phase 0 after tl-index 10
Simulation......
总奖励:-7489.657589456708, 速度奖励:-2939.999999999969, 加速度奖励:-2273.957589456779, 交通灯奖励:-1373.400000000111, 与前车进行交互的惩罚:-902.3000000000195
Episode:89/100, Reward:-7489.657589456708
Episode:89/100, avg speed:12.463727978900398
Episode:89/100, avg halt num:0.016809063893016344
Episode:89/100, avg elec cons:2.5601727848897906
 Retrying in 1 seconds
Warning: Unused states in tlLogic 'J10', program '0' in phase 0 after tl-index 10
Simulation......
总奖励:-6788.9235002848245, 速度奖励:-2803.349999999975, 加速度奖励:-2066.273500284796, 交通灯奖励:-1063.1999999998384, 与前车进行交互的惩罚:-856.1000000000165
Episode:90/100, Reward:-6788.9235002848245
Episode:90/100, avg speed:12.60039061604103
Episode:90/100, avg halt num:0.006081081081081081
Episode:90/100, avg elec cons:2.4118717322499488
 Retrying in 1 seconds
Warning: Unused states in tlLogic 'J10', program '0' in phase 0 after tl-index 10
Simulation......
总奖励:-7293.4530868582415, 速度奖励:-2840.3499999999794, 加速度奖励:-2193.40308685829, 交通灯奖励:-1405.7000000002713, 与前车进行交互的惩罚:-854.0000000000164
Episode:91/100, Reward:-7293.4530868582415
Episode:91/100, avg speed:12.316392986365763
Episode:91/100, avg halt num:0.016082434514637905
Episode:91/100, avg elec cons:2.5118821917348813
 Retrying in 1 seconds
Warning: Unused states in tlLogic 'J10', program '0' in phase 0 after tl-index 10
Simulation......
总奖励:-7199.768130912622, 速度奖励:-2929.1999999999753, 加速度奖励:-2211.3681309126378, 交通灯奖励:-1206.6000000000781, 与前车进行交互的惩罚:-852.6000000000163
Episode:92/100, Reward:-7199.768130912622
Episode:92/100, avg speed:12.438855747009336
Episode:92/100, avg halt num:0.012837331334332834
Episode:92/100, avg elec cons:2.498575705103936
 Retrying in 1 seconds
Warning: Unused states in tlLogic 'J10', program '0' in phase 0 after tl-index 10
Simulation......
总奖励:-7245.802301344618, 速度奖励:-2930.999999999969, 加速度奖励:-2190.0023013446576, 交通灯奖励:-1308.6000000001125, 与前车进行交互的惩罚:-816.2000000000139
Episode:93/100, Reward:-7245.802301344618
Episode:93/100, avg speed:12.46182109990536
Episode:93/100, avg halt num:0.01457816377171216
Episode:93/100, avg elec cons:2.7081562184804597
 Retrying in 1 seconds
Warning: Unused states in tlLogic 'J10', program '0' in phase 0 after tl-index 10
Simulation......
总奖励:-7647.536832060397, 速度奖励:-2916.299999999961, 加速度奖励:-2373.836832060414, 交通灯奖励:-1490.1000000001518, 与前车进行交互的惩罚:-867.3000000000172
Episode:94/100, Reward:-7647.536832060397
Episode:94/100, avg speed:13.045612943874586
Episode:94/100, avg halt num:0.020508136831617403
Episode:94/100, avg elec cons:2.289492034521899
 Retrying in 1 seconds
Warning: Unused states in tlLogic 'J10', program '0' in phase 0 after tl-index 10
Simulation......
总奖励:-7892.626763717965, 速度奖励:-2959.399999999967, 加速度奖励:-2468.5267637179895, 交通灯奖励:-1806.7000000004164, 与前车进行交互的惩罚:-658.0000000000036
Episode:95/100, Reward:-7892.626763717965
Episode:95/100, avg speed:12.13134659692722
Episode:95/100, avg halt num:0.020768933539412674
Episode:95/100, avg elec cons:2.626397105227702
 Retrying in 1 seconds
Warning: Unused states in tlLogic 'J10', program '0' in phase 0 after tl-index 10
Simulation......
总奖励:-7142.105033178719, 速度奖励:-2812.5499999999643, 加速度奖励:-2308.25503317874, 交通灯奖励:-1243.5999999999226, 与前车进行交互的惩罚:-777.7000000000114
Episode:96/100, Reward:-7142.105033178719
Episode:96/100, avg speed:12.684980056676215
Episode:96/100, avg halt num:0.00928407350689127
Episode:96/100, avg elec cons:2.6205608278290926
 Retrying in 1 seconds
Warning: Unused states in tlLogic 'J10', program '0' in phase 0 after tl-index 10
Simulation......
总奖励:-7342.329869995223, 速度奖励:-2895.199999999976, 加速度奖励:-2373.2298699952876, 交通灯奖励:-1308.1000000002075, 与前车进行交互的惩罚:-765.8000000000106
Episode:97/100, Reward:-7342.329869995223
Episode:97/100, avg speed:12.561925245179754
Episode:97/100, avg halt num:0.011270890011659542
Episode:97/100, avg elec cons:2.606049058479464
 Retrying in 1 seconds
Warning: Unused states in tlLogic 'J10', program '0' in phase 0 after tl-index 10
Simulation......
总奖励:-7329.207267589404, 速度奖励:-2911.049999999974, 加速度奖励:-2450.3572675894416, 交通灯奖励:-1116.5999999998323, 与前车进行交互的惩罚:-851.2000000000162
Episode:98/100, Reward:-7329.207267589404
Episode:98/100, avg speed:11.829179477919611
Episode:98/100, avg halt num:0.008333333333333333
Episode:98/100, avg elec cons:2.5098323613931024
 Retrying in 1 seconds
Warning: Unused states in tlLogic 'J10', program '0' in phase 0 after tl-index 10
Simulation......
总奖励:-7533.6369159418255, 速度奖励:-2983.999999999973, 加速度奖励:-2428.6369159418573, 交通灯奖励:-1178.799999999999, 与前车进行交互的惩罚:-942.2000000000221
Episode:99/100, Reward:-7533.6369159418255
Episode:99/100, avg speed:12.920451715567854
Episode:99/100, avg halt num:0.013315124615909868
Episode:99/100, avg elec cons:2.218329924905669
 Retrying in 1 seconds
Warning: Unused states in tlLogic 'J10', program '0' in phase 0 after tl-index 10
Simulation......
总奖励:-7938.042183879945, 速度奖励:-2971.0999999999767, 加速度奖励:-2465.24218387999, 交通灯奖励:-1576.3000000004463, 与前车进行交互的惩罚:-925.400000000021
Episode:100/100, Reward:-7938.042183879945
Episode:100/100, avg speed:13.173305637704415
Episode:100/100, avg halt num:0.016610738255033557
Episode:100/100, avg elec cons:2.103357624285009
model saved successfully!
Complete training!
final reward list:[-54549.12860455659, -66626.59277993397, -14317.208849707422, -13071.142980477036, -31254.29724013898, -13092.230511497237, -16925.33777553986, -29304.843008543507, -14293.840760098159, -25493.13823335679, -12657.0334134363, -20561.50411687687, -20625.953790030373, -27756.627383343814, -34423.64891900547, -48510.547859827595, -47877.74979247837, -38237.867808181174, -11526.631914129151, -8926.107933589832, -9513.8881065684, -9773.953186273578, -9609.51251649906, -9393.07944742266, -7071.186774992708, -7848.902098689678, -6354.417713784305, -6738.117319615928, -6483.719738978817, -6508.484984038495, -6190.867014102573, -6550.194776129832, -5618.123787820971, -5921.834340452576, -6094.537665495743, -6044.199714446166, -6291.047788481599, -6211.1225562645595, -7788.81165772393, -7058.17255967248, -7414.217648727549, -8130.429077976809, -8200.85071267059, -9125.982221404427, -8682.375801868657, -8032.652230302511, -10198.913815751095, -11265.55123576899, -9313.547939669774, -8897.830147376477, -10643.037015713891, -15241.726110363585, -9011.126738687197, -9033.523790969353, -9467.747365709565, -9881.069792471417, -9240.523458026835, -9583.223417287905, -9939.971866179076, -8773.161729172623, -9707.508187806396, -11345.25120959163, -12265.842527823395, -8533.767205044243, -7147.991574691749, -8805.489658293756, -9380.075108096777, -9014.604900188195, -9092.849281638277, -8422.8052707715, -8093.0192826016255, -7349.000206429064, -7167.927061539909, -8399.412893358833, -7991.112274030654, -7300.45408828178, -7402.144989405228, -7091.514477351787, -8025.706701532331, -7753.744146701373, -8044.311035729163, -7611.624275418136, -7461.020191230474, -6912.936727921282, -7594.285039746223, -7328.103578815642, -7870.88647862109, -7702.714614132193, -7489.657589456708, -6788.9235002848245, -7293.4530868582415, -7199.768130912622, -7245.802301344618, -7647.536832060397, -7892.626763717965, -7142.105033178719, -7342.329869995223, -7329.207267589404, -7533.6369159418255, -7938.042183879945]
final speed list:[10.06294466437934, 9.379069696992445, 15.580677763451055, 15.108089185756214, 11.846949294994415, 15.380618864497155, 13.79766607277455, 11.696630948560998, 14.965929359653847, 11.883277469999925, 15.853392863196309, 12.228358013641676, 11.885675807003937, 10.661833903727906, 8.53264150585109, 6.422691501337955, 7.429981572766104, 7.192615426233252, 12.183586762595066, 13.156230894659625, 12.6832316844102, 12.671696691558843, 12.41837651099185, 12.909475311086121, 13.557908122968914, 13.148827066337706, 13.471261117837946, 12.480472323981443, 12.853640040197302, 13.84557814027984, 13.598877324973772, 13.139911286501135, 13.49053250329898, 13.540927275364954, 13.566725196592806, 13.172001702301426, 12.924639790893094, 13.688175568062148, 12.870762396267317, 12.499370697714166, 12.649453159249024, 12.216744196230632, 12.097602127961666, 12.148266500273131, 12.144567693465318, 14.05341452008173, 12.636641468043747, 12.179304300238345, 15.048292439041687, 14.14909915152664, 13.374466236805569, 12.040903058798097, 14.697520389200331, 14.428098407331275, 14.006809784135497, 14.081531413900585, 13.785615978131371, 13.778048347723308, 13.532604679246967, 13.112233902669814, 12.223621173417307, 11.301788500744895, 11.050960614892507, 11.88351820872161, 13.531961244380392, 13.451083204528128, 13.23513944501341, 13.093906361889541, 13.22464674994209, 13.020186023676391, 13.656855831934832, 12.059206017697123, 13.075769323121834, 12.858623404401774, 12.596226521128122, 12.914003543285746, 12.653222386714033, 12.471873610353938, 12.29038696415255, 12.653658614120332, 12.827186092786253, 12.728679490970313, 13.12914400480089, 12.529448040926118, 13.266982913812837, 13.483255595632727, 12.276135657196189, 13.001701049927982, 12.463727978900398, 12.60039061604103, 12.316392986365763, 12.438855747009336, 12.46182109990536, 13.045612943874586, 12.13134659692722, 12.684980056676215, 12.561925245179754, 11.829179477919611, 12.920451715567854, 13.173305637704415]
final elec cons list:[0.513552889594596, 0.5793193810345086, 2.0404763628501286, 2.5051738218240076, 2.269764204426489, 2.3237792262685355, 1.8858282814123928, 1.7955776691242349, 2.0176904972980565, 1.8709379680163765, 2.0933232733777523, 1.9140562780925636, 1.7590930152181241, 1.4152244741877507, 1.1610973319331823, 0.697633676861878, 0.5419057425541023, 0.7189772369912236, 1.550762620547118, 2.3522609732511377, 2.554723592703585, 2.523185008019216, 1.8458642705986998, 1.9258081275936167, 2.235475711908251, 2.5520004000974432, 2.3157587049224793, 2.723452909677607, 2.639599133767421, 2.4207716804328383, 2.5241132967959117, 2.494219448501062, 2.3500426980964733, 2.2484427392173156, 2.3613383646468376, 2.414700555255671, 2.817807922171043, 2.470890949729054, 2.1346430993209387, 1.6248393307584137, 2.327636193353017, 2.5073310274678433, 2.5971549736992396, 1.958026233899343, 2.754367117085973, 2.365644319782717, 1.8221687086056413, 2.301802731395034, 2.0227659825785347, 2.299068803986399, 1.6663438629390601, 1.8273904668229437, 2.2766300258673646, 2.3081902071388223, 2.723356199045227, 2.35303766110211, 2.5797331852576013, 1.9585798659409412, 1.5881885966640628, 2.1895861069861287, 2.8620063748489892, 1.6717143008617936, 0.8490846054615852, 2.014184542291565, 2.7073734376168552, 2.407868698275976, 2.460354971528944, 2.4538224832651143, 2.382851805997197, 2.342074903877239, 2.2006162651171937, 2.410706759420719, 1.910562639892651, 2.098773032336148, 1.9374556877606095, 2.334537339439207, 2.4598251199585945, 2.3059780538774155, 2.465694750770783, 2.4189154528001517, 2.5198829344319242, 2.7775430440676527, 2.4923547684639558, 2.747827380450474, 2.3482593759158177, 2.215719015216915, 2.6508946476593547, 2.2448572738515296, 2.5601727848897906, 2.4118717322499488, 2.5118821917348813, 2.498575705103936, 2.7081562184804597, 2.289492034521899, 2.626397105227702, 2.6205608278290926, 2.606049058479464, 2.5098323613931024, 2.218329924905669, 2.103357624285009]
final halt list:[1.0890945243193637, 1.3754074315514992, 0.2689604445897352, 0.2604646697388633, 0.2904070939137445, 0.27262160228898424, 0.23048185422384873, 0.24506887914840325, 0.21334379905808476, 0.24155227032734952, 0.18414023372287144, 0.18316326530612245, 0.15343347639484978, 0.18877064803049556, 0.241871921182266, 0.4091139668583023, 0.35293679189028027, 0.6831545490663489, 0.06765851930570316, 0.03227680053103219, 0.06089866156787763, 0.03110135382363703, 0.05428384565075212, 0.05736497545008183, 0.04145895646394151, 0.10028625954198474, 0.0525305410122164, 0.04797047970479705, 0.05312375646637485, 0.05416231278300244, 0.046103896103896105, 0.07062146892655367, 0.012277951933124347, 0.018810679611650484, 0.014338235294117646, 0.008770310192023633, 0.04625366262034324, 0.024261603375527425, 0.023604060913705583, 0.03580357142857143, 0.00992489270386266, 0.019346356123215627, 0.013445050662509743, 0.10997794928335171, 0.03674490188534051, 0.06735197368421053, 0.1221622627465575, 0.0966785290628707, 0.1149199874490116, 0.13776559287183002, 0.1035073409461664, 0.1169019182048498, 0.15413851351351351, 0.13608374384236452, 0.16624758220502903, 0.14593908629441624, 0.14922638436482086, 0.13748519542045007, 0.16879866518353726, 0.058919803600654665, 0.052875337707448865, 0.1251246261216351, 0.07678896300788357, 0.032668881506090805, 0.017080186983099606, 0.03880407124681934, 0.027262369791666668, 0.0318015318015318, 0.043660658794282166, 0.03765156349712827, 0.018400392541707555, 0.026029962546816478, 0.025913275913275913, 0.04036998616874136, 0.034113219895287955, 0.03859857482185273, 0.03078721745908028, 0.029530588687956907, 0.0304364471669219, 0.019499825113676112, 0.02544691718350967, 0.012219156484036263, 0.01686541737649063, 0.010584084672677381, 0.012325116588940706, 0.01587663324217563, 0.018790849673202614, 0.02051109616677875, 0.016809063893016344, 0.006081081081081081, 0.016082434514637905, 0.012837331334332834, 0.01457816377171216, 0.020508136831617403, 0.020768933539412674, 0.00928407350689127, 0.011270890011659542, 0.008333333333333333, 0.013315124615909868, 0.016610738255033557]
speed reward list:[-10585.300000000112, -13275.750000000155, -2430.250000000002, -2255.6500000000106, -5191.54999999993, -2315.1000000000063, -2894.8500000000167, -4988.499999999889, -2482.4000000000005, -4118.999999999908, -2248.450000000017, -3824.1999999999225, -3666.3499999999303, -4855.599999999928, -6495.2999999999665, -8907.5, -9038.75, -8214.499999999949, -3458.249999999911, -2837.899999999972, -2891.399999999976, -3002.149999999975, -3242.1499999999655, -3099.3499999999494, -2856.1499999999764, -2912.6499999999796, -2784.24999999998, -2817.849999999982, -2878.0999999999813, -2720.5499999999856, -2737.649999999986, -2828.9999999999877, -2678.049999999989, -2815.749999999977, -2813.399999999978, -2841.5999999999835, -2749.899999999972, -2685.399999999984, -3072.7999999999706, -3164.249999999958, -3052.94999999997, -3172.199999999969, -3069.799999999967, -3328.399999999928, -3080.5499999999697, -2738.1999999999734, -3210.9999999999463, -3422.0499999999515, -2378.3000000000065, -2535.95, -3238.4999999999345, -3810.3999999999332, -2452.9999999999927, -2547.7499999999873, -2519.849999999991, -2665.1499999999814, -2614.299999999981, -2725.6499999999805, -3132.6999999999275, -2987.6499999999787, -3018.8499999999685, -3797.149999999958, -4284.9499999999125, -3293.799999999944, -2680.29999999999, -2979.199999999978, -3058.549999999977, -3014.9499999999707, -2988.6499999999714, -2941.899999999976, -2904.0999999999694, -2943.6999999999625, -2891.04999999996, -3124.5499999999533, -3112.4499999999584, -2763.2999999999815, -2881.3999999999755, -2729.5499999999906, -2964.799999999963, -2832.5499999999674, -2845.3999999999637, -2756.74999999997, -2854.099999999963, -2813.949999999976, -2948.649999999961, -2774.299999999972, -3075.649999999947, -3030.5999999999544, -2939.999999999969, -2803.349999999975, -2840.3499999999794, -2929.1999999999753, -2930.999999999969, -2916.299999999961, -2959.399999999967, -2812.5499999999643, -2895.199999999976, -2911.049999999974, -2983.999999999973, -2971.0999999999767]
accel reward list:[-910.2286045513189, -935.7427799306158, -1690.2588497084357, -1645.3929804779043, -6966.7472401365785, -1552.43051149813, -2598.387775540651, -6365.743008540422, -2002.6407600991092, -3674.7382333545265, -1691.7834134370778, -3643.8041168760815, -3884.1037900300207, -5008.327383342415, -5723.048919003511, -8457.747859824527, -8684.299792475758, -5640.067808177161, -2506.981914129398, -2435.3079335900616, -2425.4881065685945, -2485.8031862738344, -2478.962516499245, -2432.429447422925, -1898.0367749928237, -1729.852098689814, -1628.167713784459, -1731.7673196160442, -1772.619738978857, -1668.934984038617, -1544.0170141027493, -1608.794776129998, -1631.1737878210422, -1652.984340452631, -1641.3376654958108, -1818.4997144462063, -1729.3477884817125, -1658.622556264598, -2027.7116577239103, -1960.8225596725033, -2179.0676487276064, -2256.929077976905, -2260.8507126706663, -2257.082221404727, -2389.525801868905, -1991.6522303027816, -2207.513815751463, -2353.2012357693397, -1750.947939670257, -1829.2801473768031, -2228.2370157142273, -2641.326110364124, -1700.82673868764, -1773.1737909697017, -1753.9973657100195, -1861.8197924719248, -1854.9234580272205, -1922.673417288223, -1928.2718661794484, -2219.91172917288, -2407.9581878067092, -2521.001209592099, -2737.792527823659, -2276.0672050443472, -2120.2915746919107, -2487.889658294, -2516.1251080970646, -2347.654900188455, -2388.0992816385124, -2141.8052707716824, -1974.0192826017073, -2176.2002064290696, -2172.277061539952, -2287.462893358869, -2605.762274030689, -2140.254088281817, -2265.744989405241, -2195.7644773518164, -2510.60670153237, -2429.9941467014714, -2502.511035729229, -2481.8742754181985, -2476.8201912305485, -2281.98672792133, -2447.6350397462757, -2347.7035788156936, -2376.136478621102, -2363.114614132296, -2273.957589456779, -2066.273500284796, -2193.40308685829, -2211.3681309126378, -2190.0023013446576, -2373.836832060414, -2468.5267637179895, -2308.25503317874, -2373.2298699952876, -2450.3572675894416, -2428.6369159418573, -2465.24218387999]
tls reward list:[-36786.500000017215, -45296.100000025945, -8266.099999998969, -7378.099999999218, -16416.39999999676, -7481.699999999078, -9674.399999998726, -15844.999999996746, -8186.1999999990785, -13369.199999997621, -7128.499999999317, -10438.39999999781, -10669.599999997865, -13932.799999997073, -18274.799999998293, -27095.800000008407, -25903.60000000739, -19611.40000000214, -3833.1000000008285, -2277.4000000005876, -2727.0000000006166, -2641.0000000006385, -2704.0000000004593, -2595.700000000596, -1549.8000000002212, -2435.0000000004998, -1335.8000000000807, -1570.4000000002666, -1147.0000000000398, -1542.9000000003566, -1335.9000000000221, -1479.60000000017, -875.5999999998729, -930.1999999998274, -1045.4999999998217, -857.6999999998171, -1123.6999999998723, -1371.5000000002901, -1954.000000000478, -1368.9000000003175, -1398.9000000001981, -1705.2000000003543, -1952.5000000004056, -2708.200000000518, -2148.3000000004513, -2459.3000000004677, -3990.8000000007214, -4445.900000000304, -4536.100000000312, -3916.6000000005815, -4299.9000000006035, -7432.699999998401, -4282.600000000399, -4068.600000000644, -4444.200000000261, -4599.5000000003965, -3984.500000000563, -4028.4000000005854, -3966.2000000007215, -2531.000000000513, -3108.2000000005996, -3809.800000000828, -4313.5000000006785, -2235.200000000588, -1415.0000000001496, -2266.0000000004734, -2611.9000000005967, -2518.7000000005532, -2580.7000000006515, -2308.70000000053, -2331.5000000005243, -1446.5000000002092, -1450.100000000166, -2087.2000000007006, -1521.8000000003449, -1687.8000000003658, -1521.4000000002825, -1576.8000000002162, -1822.3000000004772, -1873.1000000004103, -2071.300000000502, -1823.5000000003033, -1548.4000000003161, -1126.0999999999347, -1433.600000000125, -1491.400000000151, -1395.7000000002427, -1385.7000000001738, -1373.400000000111, -1063.1999999998384, -1405.7000000002713, -1206.6000000000781, -1308.6000000001125, -1490.1000000001518, -1806.7000000004164, -1243.5999999999226, -1308.1000000002075, -1116.5999999998323, -1178.799999999999, -1576.3000000004463]
extra reward list:[-6267.099999998998, -7118.999999998777, -1930.6000000000863, -1792.0000000000773, -2679.59999999993, -1743.0000000000741, -1757.700000000075, -2105.600000000079, -1622.6000000000663, -4330.199999999501, -1588.300000000064, -2655.0999999999362, -2405.900000000001, -3959.899999999597, -3930.499999999605, -4049.499999999574, -4251.099999999522, -4771.899999999387, -1728.3000000000732, -1375.5000000000502, -1470.0000000000564, -1645.0000000000678, -1184.4000000000378, -1265.600000000043, -767.2000000000107, -771.400000000011, -606.2000000000003, -618.100000000001, -686.0000000000055, -576.0999999999983, -573.2999999999981, -632.800000000002, -433.2999999999954, -522.8999999999949, -594.2999999999995, -526.3999999999951, -688.1000000000056, -495.5999999999944, -734.3000000000086, -564.1999999999975, -783.3000000000118, -996.1000000000256, -917.7000000000205, -832.300000000015, -1064.00000000003, -843.5000000000157, -789.6000000000122, -1044.4000000000287, -648.200000000003, -616.0000000000009, -876.4000000000178, -1357.300000000049, -574.6999999999982, -644.0000000000027, -749.7000000000096, -754.6000000000099, -786.800000000012, -906.5000000000198, -912.8000000000202, -1034.600000000028, -1172.500000000037, -1217.30000000004, -929.6000000000213, -728.7000000000082, -932.4000000000215, -1072.4000000000306, -1193.5000000000384, -1133.3000000000345, -1135.4000000000347, -1030.4000000000278, -883.4000000000183, -782.6000000000117, -654.5000000000034, -900.2000000000194, -751.1000000000097, -709.100000000007, -733.6000000000085, -589.3999999999992, -728.0000000000082, -618.100000000001, -625.1000000000015, -549.4999999999966, -581.6999999999987, -690.9000000000058, -764.4000000000106, -714.7000000000073, -1023.4000000000274, -923.3000000000209, -902.3000000000195, -856.1000000000165, -854.0000000000164, -852.6000000000163, -816.2000000000139, -867.3000000000172, -658.0000000000036, -777.7000000000114, -765.8000000000106, -851.2000000000162, -942.2000000000221, -925.400000000021]
