nohup: 忽略输入
Env:sumo, Algorithm:TD3, Device:cuda
-----------------------------------------
models/reward_s5e-2(-5, 1)_a4e-2_t(-2_0.2).pth
-----------------------------------------
 Retrying in 1 seconds
Warning: Unused states in tlLogic 'J10', program '0' in phase 0 after tl-index 10
Simulation......
总奖励:-13126.38834267863, 速度奖励:-3018.1499999999496, 加速度奖励:-711.2383426792711, 交通灯奖励:-9397.000000000095, 与前车进行交互的惩罚:0.0
Episode:1/100, Reward:-13126.38834267863
Episode:1/100, avg speed:14.437917980568516
Episode:1/100, avg halt num:0.3433744722312439
Episode:1/100, avg elec cons:1.762902998089894
 Retrying in 1 seconds
Warning: Unused states in tlLogic 'J10', program '0' in phase 0 after tl-index 10
Simulation......
总奖励:-15480.683232249077, 速度奖励:-3542.549999999914, 加速度奖励:-681.333232250229, 交通灯奖励:-11256.79999999862, 与前车进行交互的惩罚:0.0
Episode:2/100, Reward:-15480.683232249077
Episode:2/100, avg speed:14.017458994774065
Episode:2/100, avg halt num:0.4596020761245675
Episode:2/100, avg elec cons:1.8991220424325361
 Retrying in 1 seconds
Warning: Unused states in tlLogic 'J10', program '0' in phase 0 after tl-index 10
Simulation......
总奖励:-10887.663938529182, 速度奖励:-2415.9000000000024, 加速度奖励:-829.5639385296249, 交通灯奖励:-7642.200000000839, 与前车进行交互的惩罚:0.0
Episode:3/100, Reward:-10887.663938529182
Episode:3/100, avg speed:15.657470023287727
Episode:3/100, avg halt num:0.2687152664269369
Episode:3/100, avg elec cons:2.0400374167853363
 Retrying in 1 seconds
Warning: Unused states in tlLogic 'J10', program '0' in phase 0 after tl-index 10
Simulation......
总奖励:-9709.632888542179, 速度奖励:-2226.6000000000117, 加速度奖励:-769.0328885424155, 交通灯奖励:-6714.000000000664, 与前车进行交互的惩罚:0.0
Episode:4/100, Reward:-9709.632888542179
Episode:4/100, avg speed:15.180946944438496
Episode:4/100, avg halt num:0.2661600615621393
Episode:4/100, avg elec cons:2.517761405001358
 Retrying in 1 seconds
Warning: Unused states in tlLogic 'J10', program '0' in phase 0 after tl-index 10
Simulation......
总奖励:-9859.722092433969, 速度奖励:-2255.7000000000116, 加速度奖励:-787.8220924341422, 交通灯奖励:-6816.200000000673, 与前车进行交互的惩罚:0.0
Episode:5/100, Reward:-9859.722092433969
Episode:5/100, avg speed:15.442064003035668
Episode:5/100, avg halt num:0.27157258064516127
Episode:5/100, avg elec cons:2.595417889836701
 Retrying in 1 seconds
Warning: Unused states in tlLogic 'J10', program '0' in phase 0 after tl-index 10
Simulation......
总奖励:-9955.186011843638, 速度奖励:-2305.650000000007, 加速度奖励:-773.7360118438621, 交通灯奖励:-6875.800000000739, 与前车进行交互的惩罚:0.0
Episode:6/100, Reward:-9955.186011843638
Episode:6/100, avg speed:15.392720579554522
Episode:6/100, avg halt num:0.2700286123032904
Episode:6/100, avg elec cons:2.326385951692707
 Retrying in 1 seconds
Warning: Unused states in tlLogic 'J10', program '0' in phase 0 after tl-index 10
Simulation......
总奖励:-10198.567025706816, 速度奖励:-2309.9000000000074, 加速度奖励:-794.0670257070905, 交通灯奖励:-7094.600000000696, 与前车进行交互的惩罚:0.0
Episode:7/100, Reward:-10198.567025706816
Episode:7/100, avg speed:15.671960660433209
Episode:7/100, avg halt num:0.25412371134020617
Episode:7/100, avg elec cons:2.2252208697171167
 Retrying in 1 seconds
Warning: Unused states in tlLogic 'J10', program '0' in phase 0 after tl-index 10
Simulation......
总奖励:-9530.126202223611, 速度奖励:-2229.250000000012, 加速度奖励:-771.4762022236176, 交通灯奖励:-6529.4000000006545, 与前车进行交互的惩罚:0.0
Episode:8/100, Reward:-9530.126202223611
Episode:8/100, avg speed:15.716754610718901
Episode:8/100, avg halt num:0.22265994327135202
Episode:8/100, avg elec cons:2.0809409799729486
 Retrying in 1 seconds
Warning: Unused states in tlLogic 'J10', program '0' in phase 0 after tl-index 10
Simulation......
总奖励:-9914.25633223352, 速度奖励:-2260.9000000000106, 加速度奖励:-783.5563322337075, 交通灯奖励:-6869.800000000681, 与前车进行交互的惩罚:0.0
Episode:9/100, Reward:-9914.25633223352
Episode:9/100, avg speed:15.61238309868525
Episode:9/100, avg halt num:0.23314881146206448
Episode:9/100, avg elec cons:2.1335054483633873
 Retrying in 1 seconds
Warning: Unused states in tlLogic 'J10', program '0' in phase 0 after tl-index 10
Simulation......
总奖励:-9863.296643066762, 速度奖励:-2343.750000000006, 加速度奖励:-795.946643066971, 交通灯奖励:-6723.600000000724, 与前车进行交互的惩罚:0.0
Episode:10/100, Reward:-9863.296643066762
Episode:10/100, avg speed:15.28533396776175
Episode:10/100, avg halt num:0.2730959097320169
Episode:10/100, avg elec cons:2.2581718163871645
 Retrying in 1 seconds
Warning: Unused states in tlLogic 'J10', program '0' in phase 0 after tl-index 10
Simulation......
总奖励:-9983.039787354483, 速度奖励:-2302.000000000009, 加速度奖励:-788.4397873547474, 交通灯奖励:-6892.600000000713, 与前车进行交互的惩罚:0.0
Episode:11/100, Reward:-9983.039787354483
Episode:11/100, avg speed:15.889266951644418
Episode:11/100, avg halt num:0.24048731642189586
Episode:11/100, avg elec cons:2.177565640018956
 Retrying in 1 seconds
Warning: Unused states in tlLogic 'J10', program '0' in phase 0 after tl-index 10
Simulation......
总奖励:-9518.585012514686, 速度奖励:-2246.600000000012, 加速度奖励:-778.3850125148099, 交通灯奖励:-6493.600000000662, 与前车进行交互的惩罚:0.0
Episode:12/100, Reward:-9518.585012514686
Episode:12/100, avg speed:15.716433826903495
Episode:12/100, avg halt num:0.24145372928176795
Episode:12/100, avg elec cons:2.2313964467563956
 Retrying in 1 seconds
Warning: Unused states in tlLogic 'J10', program '0' in phase 0 after tl-index 10
Simulation......
总奖励:-9857.11076705484, 速度奖励:-2224.1500000000115, 加速度奖励:-765.5607670549524, 交通灯奖励:-6867.400000000677, 与前车进行交互的惩罚:0.0
Episode:13/100, Reward:-9857.11076705484
Episode:13/100, avg speed:15.855021704843617
Episode:13/100, avg halt num:0.21860170832015186
Episode:13/100, avg elec cons:2.0970288194655566
 Retrying in 1 seconds
Warning: Unused states in tlLogic 'J10', program '0' in phase 0 after tl-index 10
Simulation......
总奖励:-9991.179232649165, 速度奖励:-2305.35000000001, 加速度奖励:-779.0292326495135, 交通灯奖励:-6906.800000000747, 与前车进行交互的惩罚:0.0
Episode:14/100, Reward:-9991.179232649165
Episode:14/100, avg speed:15.509070916412451
Episode:14/100, avg halt num:0.26500355113636365
Episode:14/100, avg elec cons:2.333199837469124
 Retrying in 1 seconds
Warning: Unused states in tlLogic 'J10', program '0' in phase 0 after tl-index 10
Simulation......
总奖励:-10129.915408990812, 速度奖励:-2339.7500000000055, 加速度奖励:-807.1654089909375, 交通灯奖励:-6983.00000000075, 与前车进行交互的惩罚:0.0
Episode:15/100, Reward:-10129.915408990812
Episode:15/100, avg speed:15.563270050723267
Episode:15/100, avg halt num:0.2822850762932639
Episode:15/100, avg elec cons:2.3429350798849877
 Retrying in 1 seconds
Warning: Unused states in tlLogic 'J10', program '0' in phase 0 after tl-index 10
Simulation......
总奖励:-10422.461693101983, 速度奖励:-2338.5500000000047, 加速度奖励:-790.5116931023952, 交通灯奖励:-7293.400000000737, 与前车进行交互的惩罚:0.0
Episode:16/100, Reward:-10422.461693101983
Episode:16/100, avg speed:15.372720811931531
Episode:16/100, avg halt num:0.286910197869102
Episode:16/100, avg elec cons:2.460021109765329
 Retrying in 1 seconds
Warning: Unused states in tlLogic 'J10', program '0' in phase 0 after tl-index 10
Simulation......
总奖励:-10133.49715057956, 速度奖励:-2320.8000000000065, 加速度奖励:-776.4971505798458, 交通灯奖励:-7036.200000000796, 与前车进行交互的惩罚:0.0
Episode:17/100, Reward:-10133.49715057956
Episode:17/100, avg speed:15.588550935591098
Episode:17/100, avg halt num:0.2703993055555556
Episode:17/100, avg elec cons:2.25574014033815
 Retrying in 1 seconds
Warning: Unused states in tlLogic 'J10', program '0' in phase 0 after tl-index 10
Simulation......
总奖励:-9861.08270231426, 速度奖励:-2291.6000000000104, 加速度奖励:-764.0827023145067, 交通灯奖励:-6805.400000000703, 与前车进行交互的惩罚:0.0
Episode:18/100, Reward:-9861.08270231426
Episode:18/100, avg speed:14.74248497448636
Episode:18/100, avg halt num:0.30044570502431117
Episode:18/100, avg elec cons:2.637734756027152
 Retrying in 1 seconds
Warning: Unused states in tlLogic 'J10', program '0' in phase 0 after tl-index 10
Simulation......
总奖励:-10525.629394080679, 速度奖励:-2395.400000000002, 加速度奖励:-810.429394081095, 交通灯奖励:-7319.800000000737, 与前车进行交互的惩罚:0.0
Episode:19/100, Reward:-10525.629394080679
Episode:19/100, avg speed:15.313827785836164
Episode:19/100, avg halt num:0.28359826589595377
Episode:19/100, avg elec cons:2.3085044619687345
 Retrying in 1 seconds
Warning: Unused states in tlLogic 'J10', program '0' in phase 0 after tl-index 10
Simulation......
总奖励:-9898.896376567274, 速度奖励:-2291.500000000008, 加速度奖励:-792.7963765675042, 交通灯奖励:-6814.60000000075, 与前车进行交互的惩罚:0.0
Episode:20/100, Reward:-9898.896376567274
Episode:20/100, avg speed:15.632319785655913
Episode:20/100, avg halt num:0.247964031218188
Episode:20/100, avg elec cons:2.187757251100123
 Retrying in 1 seconds
Warning: Unused states in tlLogic 'J10', program '0' in phase 0 after tl-index 10
Simulation......
总奖励:-10248.50548376903, 速度奖励:-2391.950000000003, 加速度奖励:-797.7554837692763, 交通灯奖励:-7058.8000000008005, 与前车进行交互的惩罚:0.0
Episode:21/100, Reward:-10248.50548376903
Episode:21/100, avg speed:15.26933517072161
Episode:21/100, avg halt num:0.31088992974238877
Episode:21/100, avg elec cons:2.5114359276183147
 Retrying in 1 seconds
Warning: Unused states in tlLogic 'J10', program '0' in phase 0 after tl-index 10
Simulation......
总奖励:-9558.154993751961, 速度奖励:-2240.6000000000104, 加速度奖励:-754.9549937521718, 交通灯奖励:-6562.60000000064, 与前车进行交互的惩罚:0.0
Episode:22/100, Reward:-9558.154993751961
Episode:22/100, avg speed:15.45798745383413
Episode:22/100, avg halt num:0.2641419893697798
Episode:22/100, avg elec cons:2.5135139078386355
 Retrying in 1 seconds
Warning: Unused states in tlLogic 'J10', program '0' in phase 0 after tl-index 10
Simulation......
总奖励:-9473.912004199336, 速度奖励:-2264.1000000000104, 加速度奖励:-778.2120041994391, 交通灯奖励:-6431.600000000714, 与前车进行交互的惩罚:0.0
Episode:23/100, Reward:-9473.912004199336
Episode:23/100, avg speed:15.809533081404792
Episode:23/100, avg halt num:0.244579945799458
Episode:23/100, avg elec cons:2.1718776688294668
 Retrying in 1 seconds
Warning: Unused states in tlLogic 'J10', program '0' in phase 0 after tl-index 10
Simulation......
总奖励:-9568.71216899914, 速度奖励:-2298.500000000008, 加速度奖励:-766.8121689993867, 交通灯奖励:-6503.400000000778, 与前车进行交互的惩罚:0.0
Episode:24/100, Reward:-9568.71216899914
Episode:24/100, avg speed:15.628897497842447
Episode:24/100, avg halt num:0.250743555849306
Episode:24/100, avg elec cons:2.175825407275956
 Retrying in 1 seconds
Warning: Unused states in tlLogic 'J10', program '0' in phase 0 after tl-index 10
Simulation......
总奖励:-9385.523815972263, 速度奖励:-2247.00000000001, 加速度奖励:-756.9238159723548, 交通灯奖励:-6381.600000000704, 与前车进行交互的惩罚:0.0
Episode:25/100, Reward:-9385.523815972263
Episode:25/100, avg speed:15.746486903465735
Episode:25/100, avg halt num:0.2448340108401084
Episode:25/100, avg elec cons:2.23901313187479
 Retrying in 1 seconds
Warning: Unused states in tlLogic 'J10', program '0' in phase 0 after tl-index 10
Simulation......
总奖励:-29606.92197361693, 速度奖励:-6345.600000000011, 加速度奖励:-4108.321973617977, 交通灯奖励:-19152.99999999474, 与前车进行交互的惩罚:0.0
Episode:26/100, Reward:-29606.92197361693
Episode:26/100, avg speed:10.051851175101213
Episode:26/100, avg halt num:0.3287459283387622
Episode:26/100, avg elec cons:1.4657989786625636
 Retrying in 1 seconds
Warning: Unused states in tlLogic 'J10', program '0' in phase 0 after tl-index 10
Simulation......
总奖励:-49704.22059147717, 速度奖励:-10609.200000000048, 加速度奖励:-7573.620591472897, 交通灯奖励:-31521.39999998738, 与前车进行交互的惩罚:0.0
Episode:27/100, Reward:-49704.22059147717
Episode:27/100, avg speed:6.633136633126237
Episode:27/100, avg halt num:0.4613492621222769
Episode:27/100, avg elec cons:0.961664323701194
 Retrying in 1 seconds
Warning: Unused states in tlLogic 'J10', program '0' in phase 0 after tl-index 10
Simulation......
总奖励:-23938.053414222373, 速度奖励:-5183.6000000000095, 加速度奖励:-3037.053414223337, 交通灯奖励:-15717.399999996558, 与前车进行交互的惩罚:0.0
Episode:28/100, Reward:-23938.053414222373
Episode:28/100, avg speed:9.88750507204608
Episode:28/100, avg halt num:0.36099585062240663
Episode:28/100, avg elec cons:1.8651500314773843
 Retrying in 1 seconds
Warning: Unused states in tlLogic 'J10', program '0' in phase 0 after tl-index 10
Simulation......
总奖励:-24060.04969053163, 速度奖励:-5764.399999999885, 加速度奖励:-1600.4496905334972, 交通灯奖励:-16695.199999995122, 与前车进行交互的惩罚:0.0
Episode:29/100, Reward:-24060.04969053163
Episode:29/100, avg speed:8.684947023612766
Episode:29/100, avg halt num:0.4974829198130169
Episode:29/100, avg elec cons:0.8709397133350852
 Retrying in 1 seconds
Warning: Unused states in tlLogic 'J10', program '0' in phase 0 after tl-index 10
Simulation......
总奖励:-27774.37202672754, 速度奖励:-7199.949999999884, 加速度奖励:-2054.8220267294073, 交通灯奖励:-18519.599999993017, 与前车进行交互的惩罚:0.0
Episode:30/100, Reward:-27774.37202672754
Episode:30/100, avg speed:8.346308183646359
Episode:30/100, avg halt num:0.47391975308641976
Episode:30/100, avg elec cons:0.6092559923501951
 Retrying in 1 seconds
Warning: Unused states in tlLogic 'J10', program '0' in phase 0 after tl-index 10
Simulation......
总奖励:-22268.515758014164, 速度奖励:-6573.999999999886, 加速度奖励:-1999.5157580155867, 交通灯奖励:-13694.999999996817, 与前车进行交互的惩罚:0.0
Episode:31/100, Reward:-22268.515758014164
Episode:31/100, avg speed:8.694602864166647
Episode:31/100, avg halt num:0.37142857142857144
Episode:31/100, avg elec cons:0.5521122804537744
 Retrying in 1 seconds
Warning: Unused states in tlLogic 'J10', program '0' in phase 0 after tl-index 10
Simulation......
总奖励:-22507.03146853978, 速度奖励:-7319.699999999942, 加速度奖励:-2082.331468541437, 交通灯奖励:-13104.999999996558, 与前车进行交互的惩罚:0.0
Episode:32/100, Reward:-22507.03146853978
Episode:32/100, avg speed:7.648774091904123
Episode:32/100, avg halt num:0.441909060514878
Episode:32/100, avg elec cons:0.523554389998715
 Retrying in 1 seconds
Warning: Unused states in tlLogic 'J10', program '0' in phase 0 after tl-index 10
Simulation......
总奖励:-24696.638785788575, 速度奖励:-7255.549999999943, 加速度奖励:-2264.6887857900642, 交通灯奖励:-15176.399999996089, 与前车进行交互的惩罚:0.0
Episode:33/100, Reward:-24696.638785788575
Episode:33/100, avg speed:8.021043467951428
Episode:33/100, avg halt num:0.3429632999696694
Episode:33/100, avg elec cons:0.503626298616109
 Retrying in 1 seconds
Warning: Unused states in tlLogic 'J10', program '0' in phase 0 after tl-index 10
Simulation......
总奖励:-21824.502215887413, 速度奖励:-6897.099999999927, 加速度奖励:-2016.002215888895, 交通灯奖励:-12911.399999996953, 与前车进行交互的惩罚:0.0
Episode:34/100, Reward:-21824.502215887413
Episode:34/100, avg speed:9.178791181195495
Episode:34/100, avg halt num:0.3475161669606114
Episode:34/100, avg elec cons:0.5244859633816759
 Retrying in 1 seconds
Warning: Unused states in tlLogic 'J10', program '0' in phase 0 after tl-index 10
Simulation......
总奖励:-18922.19601207512, 速度奖励:-5848.94999999988, 加速度奖励:-1915.0460120763798, 交通灯奖励:-11158.199999999882, 与前车进行交互的惩罚:0.0
Episode:35/100, Reward:-18922.19601207512
Episode:35/100, avg speed:9.201010491711216
Episode:35/100, avg halt num:0.36245321537938074
Episode:35/100, avg elec cons:0.7445551118955993
 Retrying in 1 seconds
Warning: Unused states in tlLogic 'J10', program '0' in phase 0 after tl-index 10
Simulation......
总奖励:-17589.0919520954, 速度奖励:-5399.79999999991, 加速度奖励:-2084.09195209645, 交通灯奖励:-10105.199999999759, 与前车进行交互的惩罚:0.0
Episode:36/100, Reward:-17589.0919520954
Episode:36/100, avg speed:9.296683292288733
Episode:36/100, avg halt num:0.2890600440113172
Episode:36/100, avg elec cons:0.7728663357079582
 Retrying in 1 seconds
Warning: Unused states in tlLogic 'J10', program '0' in phase 0 after tl-index 10
Simulation......
总奖励:-21116.799237376217, 速度奖励:-6762.899999999916, 加速度奖励:-2312.8992373777332, 交通灯奖励:-12040.999999998443, 与前车进行交互的惩罚:0.0
Episode:37/100, Reward:-21116.799237376217
Episode:37/100, avg speed:7.441735578463353
Episode:37/100, avg halt num:0.5448438634713144
Episode:37/100, avg elec cons:0.8057011016958371
 Retrying in 1 seconds
Warning: Unused states in tlLogic 'J10', program '0' in phase 0 after tl-index 10
Simulation......
总奖励:-27425.240337829644, 速度奖励:-7615.949999999892, 加速度奖励:-2619.4903378317035, 交通灯奖励:-17189.799999993684, 与前车进行交互的惩罚:0.0
Episode:38/100, Reward:-27425.240337829644
Episode:38/100, avg speed:7.645631901286268
Episode:38/100, avg halt num:0.5872539205872539
Episode:38/100, avg elec cons:0.6815978256806368
 Retrying in 1 seconds
Warning: Unused states in tlLogic 'J10', program '0' in phase 0 after tl-index 10
Simulation......
总奖励:-23989.150328483516, 速度奖励:-6702.699999999897, 加速度奖励:-2518.0503284850843, 交通灯奖励:-14768.39999999581, 与前车进行交互的惩罚:0.0
Episode:39/100, Reward:-23989.150328483516
Episode:39/100, avg speed:7.810514073603903
Episode:39/100, avg halt num:0.3551294657489348
Episode:39/100, avg elec cons:0.7140842938390983
 Retrying in 1 seconds
Warning: Unused states in tlLogic 'J10', program '0' in phase 0 after tl-index 10
Simulation......
总奖励:-18483.2449341188, 速度奖励:-5259.349999999925, 加速度奖励:-1957.2949341197418, 交通灯奖励:-11266.599999999064, 与前车进行交互的惩罚:0.0
Episode:40/100, Reward:-18483.2449341188
Episode:40/100, avg speed:9.66246749275945
Episode:40/100, avg halt num:0.21403420523138833
Episode:40/100, avg elec cons:1.15444348614419
 Retrying in 1 seconds
Warning: Unused states in tlLogic 'J10', program '0' in phase 0 after tl-index 10
Simulation......
总奖励:-11181.791173627395, 速度奖励:-3050.199999999946, 加速度奖励:-1125.391173627921, 交通灯奖励:-7006.200000001088, 与前车进行交互的惩罚:0.0
Episode:41/100, Reward:-11181.791173627395
Episode:41/100, avg speed:13.003143742127994
Episode:41/100, avg halt num:0.20970068517850704
Episode:41/100, avg elec cons:2.058458956653977
 Retrying in 1 seconds
Warning: Unused states in tlLogic 'J10', program '0' in phase 0 after tl-index 10
Simulation......
总奖励:-9565.32626442586, 速度奖励:-2416.900000000004, 加速度奖励:-838.026264426019, 交通灯奖励:-6310.4000000008255, 与前车进行交互的惩罚:0.0
Episode:42/100, Reward:-9565.32626442586
Episode:42/100, avg speed:14.760648617637681
Episode:42/100, avg halt num:0.2989483747609943
Episode:42/100, avg elec cons:2.464493273185091
 Retrying in 1 seconds
Warning: Unused states in tlLogic 'J10', program '0' in phase 0 after tl-index 10
Simulation......
总奖励:-9467.346499155645, 速度奖励:-2439.100000000002, 加速度奖励:-839.4464991557765, 交通灯奖励:-6188.800000000731, 与前车进行交互的惩罚:0.0
Episode:43/100, Reward:-9467.346499155645
Episode:43/100, avg speed:14.448176243706618
Episode:43/100, avg halt num:0.319297212406753
Episode:43/100, avg elec cons:2.349304394471479
 Retrying in 1 seconds
Warning: Unused states in tlLogic 'J10', program '0' in phase 0 after tl-index 10
Simulation......
总奖励:-9464.659739539526, 速度奖励:-2475.749999999997, 加速度奖励:-897.509739539644, 交通灯奖励:-6091.400000000881, 与前车进行交互的惩罚:0.0
Episode:44/100, Reward:-9464.659739539526
Episode:44/100, avg speed:14.536069087231093
Episode:44/100, avg halt num:0.24878595442659693
Episode:44/100, avg elec cons:2.168146655074138
 Retrying in 1 seconds
Warning: Unused states in tlLogic 'J10', program '0' in phase 0 after tl-index 10
Simulation......
总奖励:-8967.147940010333, 速度奖励:-2423.0000000000027, 加速度奖励:-827.7479400102394, 交通灯奖励:-5716.400000000769, 与前车进行交互的惩罚:0.0
Episode:45/100, Reward:-8967.147940010333
Episode:45/100, avg speed:14.409349585164412
Episode:45/100, avg halt num:0.2822769953051643
Episode:45/100, avg elec cons:2.412222304623011
 Retrying in 1 seconds
Warning: Unused states in tlLogic 'J10', program '0' in phase 0 after tl-index 10
Simulation......
总奖励:-8520.348241696718, 速度奖励:-2304.0000000000114, 加速度奖励:-868.9482416965402, 交通灯奖励:-5347.400000000698, 与前车进行交互的惩罚:0.0
Episode:46/100, Reward:-8520.348241696718
Episode:46/100, avg speed:15.262693514869582
Episode:46/100, avg halt num:0.20143944407677036
Episode:46/100, avg elec cons:2.0336430595795876
 Retrying in 1 seconds
Warning: Unused states in tlLogic 'J10', program '0' in phase 0 after tl-index 10
Simulation......
总奖励:-9304.625623920387, 速度奖励:-2470.949999999996, 加速度奖励:-944.8756239205371, 交通灯奖励:-5888.800000000774, 与前车进行交互的惩罚:0.0
Episode:47/100, Reward:-9304.625623920387
Episode:47/100, avg speed:14.438891538198355
Episode:47/100, avg halt num:0.2601827179291968
Episode:47/100, avg elec cons:2.1619462527280127
 Retrying in 1 seconds
Warning: Unused states in tlLogic 'J10', program '0' in phase 0 after tl-index 10
Simulation......
总奖励:-9134.762704884748, 速度奖励:-2367.1500000000087, 加速度奖励:-921.0127048847426, 交通灯奖励:-5846.600000000806, 与前车进行交互的惩罚:0.0
Episode:48/100, Reward:-9134.762704884748
Episode:48/100, avg speed:14.449618699691467
Episode:48/100, avg halt num:0.24309664694280078
Episode:48/100, avg elec cons:2.2526538619440437
 Retrying in 1 seconds
Warning: Unused states in tlLogic 'J10', program '0' in phase 0 after tl-index 10
Simulation......
总奖励:-8903.151666696638, 速度奖励:-2298.8500000000176, 加速度奖励:-880.901666696615, 交通灯奖励:-5723.400000000681, 与前车进行交互的惩罚:0.0
Episode:49/100, Reward:-8903.151666696638
Episode:49/100, avg speed:15.299318804711802
Episode:49/100, avg halt num:0.19932538437401945
Episode:49/100, avg elec cons:1.9976765255989224
 Retrying in 1 seconds
Warning: Unused states in tlLogic 'J10', program '0' in phase 0 after tl-index 10
Simulation......
总奖励:-8765.012545035406, 速度奖励:-2321.6000000000104, 加速度奖励:-842.4125450352732, 交通灯奖励:-5601.000000000804, 与前车进行交互的惩罚:0.0
Episode:50/100, Reward:-8765.012545035406
Episode:50/100, avg speed:14.955193460460995
Episode:50/100, avg halt num:0.2237750172532781
Episode:50/100, avg elec cons:2.3079243559506395
 Retrying in 1 seconds
Warning: Unused states in tlLogic 'J10', program '0' in phase 0 after tl-index 10
Simulation......
总奖励:-8701.68928699803, 速度奖励:-2278.1000000000104, 加速度奖励:-776.5892869979594, 交通灯奖励:-5647.000000000745, 与前车进行交互的惩罚:0.0
Episode:51/100, Reward:-8701.68928699803
Episode:51/100, avg speed:15.715152351538508
Episode:51/100, avg halt num:0.1934513865686602
Episode:51/100, avg elec cons:2.2462169820244107
 Retrying in 1 seconds
Warning: Unused states in tlLogic 'J10', program '0' in phase 0 after tl-index 10
Simulation......
总奖励:-8344.442557016115, 速度奖励:-2322.300000000013, 加速度奖励:-775.1425570158625, 交通灯奖励:-5247.000000000664, 与前车进行交互的惩罚:0.0
Episode:52/100, Reward:-8344.442557016115
Episode:52/100, avg speed:15.1869423630146
Episode:52/100, avg halt num:0.231680236861584
Episode:52/100, avg elec cons:2.481822478439463
 Retrying in 1 seconds
Warning: Unused states in tlLogic 'J10', program '0' in phase 0 after tl-index 10
Simulation......
总奖励:-8341.735612422664, 速度奖励:-2315.0000000000114, 加速度奖励:-788.5356124224745, 交通灯奖励:-5238.200000000653, 与前车进行交互的惩罚:0.0
Episode:53/100, Reward:-8341.735612422664
Episode:53/100, avg speed:15.217787007115794
Episode:53/100, avg halt num:0.20478363759296822
Episode:53/100, avg elec cons:2.35691689296849
 Retrying in 1 seconds
Warning: Unused states in tlLogic 'J10', program '0' in phase 0 after tl-index 10
Simulation......
总奖励:-8775.017124460053, 速度奖励:-2388.100000000003, 加速度奖励:-794.3171244600841, 交通灯奖励:-5592.600000000823, 与前车进行交互的惩罚:0.0
Episode:54/100, Reward:-8775.017124460053
Episode:54/100, avg speed:15.072277784185593
Episode:54/100, avg halt num:0.23510750793091292
Episode:54/100, avg elec cons:2.3626195611919085
 Retrying in 1 seconds
Warning: Unused states in tlLogic 'J10', program '0' in phase 0 after tl-index 10
Simulation......
总奖励:-8269.84365692664, 速度奖励:-2268.500000000012, 加速度奖励:-731.5436569263488, 交通灯奖励:-5269.8000000007005, 与前车进行交互的惩罚:0.0
Episode:55/100, Reward:-8269.84365692664
Episode:55/100, avg speed:14.962031900278673
Episode:55/100, avg halt num:0.2456445993031359
Episode:55/100, avg elec cons:2.6599636053784694
 Retrying in 1 seconds
Warning: Unused states in tlLogic 'J10', program '0' in phase 0 after tl-index 10
Simulation......
总奖励:-8667.16423854957, 速度奖励:-2319.200000000009, 加速度奖励:-762.7642385495072, 交通灯奖励:-5585.200000000745, 与前车进行交互的惩罚:0.0
Episode:56/100, Reward:-8667.16423854957
Episode:56/100, avg speed:15.01487429292963
Episode:56/100, avg halt num:0.2402691887959258
Episode:56/100, avg elec cons:2.3711242539594592
 Retrying in 1 seconds
Warning: Unused states in tlLogic 'J10', program '0' in phase 0 after tl-index 10
Simulation......
总奖励:-8601.337796435973, 速度奖励:-2346.2000000000016, 加速度奖励:-745.7377964358576, 交通灯奖励:-5509.400000000671, 与前车进行交互的惩罚:0.0
Episode:57/100, Reward:-8601.337796435973
Episode:57/100, avg speed:14.961149424882713
Episode:57/100, avg halt num:0.2777777777777778
Episode:57/100, avg elec cons:2.740202130617341
 Retrying in 1 seconds
Warning: Unused states in tlLogic 'J10', program '0' in phase 0 after tl-index 10
Simulation......
总奖励:-8670.012348049848, 速度奖励:-2286.450000000008, 加速度奖励:-741.5623480497543, 交通灯奖励:-5642.00000000065, 与前车进行交互的惩罚:0.0
Episode:58/100, Reward:-8670.012348049848
Episode:58/100, avg speed:15.283649034538884
Episode:58/100, avg halt num:0.25009920634920635
Episode:58/100, avg elec cons:2.634999843634416
 Retrying in 1 seconds
Warning: Unused states in tlLogic 'J10', program '0' in phase 0 after tl-index 10
Simulation......
总奖励:-9626.63726640911, 速度奖励:-2368.6500000000096, 加速度奖励:-766.9872664092755, 交通灯奖励:-6491.000000000697, 与前车进行交互的惩罚:0.0
Episode:59/100, Reward:-9626.63726640911
Episode:59/100, avg speed:15.274280363357136
Episode:59/100, avg halt num:0.2611238971998466
Episode:59/100, avg elec cons:2.4137434673271096
 Retrying in 1 seconds
Warning: Unused states in tlLogic 'J10', program '0' in phase 0 after tl-index 10
Simulation......
总奖励:-8904.628578465441, 速度奖励:-2249.2500000000155, 加速度奖励:-731.1785784653933, 交通灯奖励:-5924.200000000674, 与前车进行交互的惩罚:0.0
Episode:60/100, Reward:-8904.628578465441
Episode:60/100, avg speed:15.531134613161388
Episode:60/100, avg halt num:0.22996661101836394
Episode:60/100, avg elec cons:2.197507714267964
 Retrying in 1 seconds
Warning: Unused states in tlLogic 'J10', program '0' in phase 0 after tl-index 10
Simulation......
总奖励:-8788.695641984366, 速度奖励:-2328.3500000000104, 加速度奖励:-743.745641984225, 交通灯奖励:-5716.600000000839, 与前车进行交互的惩罚:0.0
Episode:61/100, Reward:-8788.695641984366
Episode:61/100, avg speed:14.862504818310564
Episode:61/100, avg halt num:0.2854043392504931
Episode:61/100, avg elec cons:2.582141592260229
 Retrying in 1 seconds
Warning: Unused states in tlLogic 'J10', program '0' in phase 0 after tl-index 10
Simulation......
总奖励:-8725.417651337562, 速度奖励:-2281.9000000000156, 加速度奖励:-760.1176513374215, 交通灯奖励:-5683.400000000719, 与前车进行交互的惩罚:0.0
Episode:62/100, Reward:-8725.417651337562
Episode:62/100, avg speed:15.215003331490601
Episode:62/100, avg halt num:0.23423894113549287
Episode:62/100, avg elec cons:2.25172241434358
 Retrying in 1 seconds
Warning: Unused states in tlLogic 'J10', program '0' in phase 0 after tl-index 10
Simulation......
总奖励:-7871.679035951335, 速度奖励:-2301.4000000000115, 加速度奖励:-749.2790359510357, 交通灯奖励:-4821.000000000639, 与前车进行交互的惩罚:0.0
Episode:63/100, Reward:-7871.679035951335
Episode:63/100, avg speed:15.302328169548021
Episode:63/100, avg halt num:0.21390964673913043
Episode:63/100, avg elec cons:2.1842375696219807
 Retrying in 1 seconds
Warning: Unused states in tlLogic 'J10', program '0' in phase 0 after tl-index 10
Simulation......
总奖励:-7883.660208913463, 速度奖励:-2304.600000000012, 加速度奖励:-778.4602089131532, 交通灯奖励:-4800.600000000611, 与前车进行交互的惩罚:0.0
Episode:64/100, Reward:-7883.660208913463
Episode:64/100, avg speed:15.072033493646034
Episode:64/100, avg halt num:0.2146217538577343
Episode:64/100, avg elec cons:2.461525752012011
 Retrying in 1 seconds
Warning: Unused states in tlLogic 'J10', program '0' in phase 0 after tl-index 10
Simulation......
总奖励:-8020.605389509156, 速度奖励:-2201.9000000000187, 加速度奖励:-741.1053895088642, 交通灯奖励:-5077.600000000593, 与前车进行交互的惩罚:0.0
Episode:65/100, Reward:-8020.605389509156
Episode:65/100, avg speed:15.55086802953013
Episode:65/100, avg halt num:0.2102438136826783
Episode:65/100, avg elec cons:2.38570860771563
 Retrying in 1 seconds
Warning: Unused states in tlLogic 'J10', program '0' in phase 0 after tl-index 10
Simulation......
总奖励:-8391.465072332114, 速度奖励:-2296.4500000000144, 加速度奖励:-797.6150723319096, 交通灯奖励:-5297.400000000698, 与前车进行交互的惩罚:0.0
Episode:66/100, Reward:-8391.465072332114
Episode:66/100, avg speed:15.636414673012705
Episode:66/100, avg halt num:0.19185293164885
Episode:66/100, avg elec cons:2.107598129745288
 Retrying in 1 seconds
Warning: Unused states in tlLogic 'J10', program '0' in phase 0 after tl-index 10
Simulation......
总奖励:-8457.654070072604, 速度奖励:-2228.100000000022, 加速度奖励:-813.7540700724242, 交通灯奖励:-5415.800000000594, 与前车进行交互的惩罚:0.0
Episode:67/100, Reward:-8457.654070072604
Episode:67/100, avg speed:15.76826530075737
Episode:67/100, avg halt num:0.1898209549071618
Episode:67/100, avg elec cons:2.1216324946562226
 Retrying in 1 seconds
Warning: Unused states in tlLogic 'J10', program '0' in phase 0 after tl-index 10
Simulation......
总奖励:-7974.334689283293, 速度奖励:-2175.1000000000217, 加速度奖励:-764.4346892830137, 交通灯奖励:-5034.800000000608, 与前车进行交互的惩罚:0.0
Episode:68/100, Reward:-7974.334689283293
Episode:68/100, avg speed:15.728300866119787
Episode:68/100, avg halt num:0.2010071696824855
Episode:68/100, avg elec cons:2.212379447602902
 Retrying in 1 seconds
Warning: Unused states in tlLogic 'J10', program '0' in phase 0 after tl-index 10
Simulation......
总奖励:-8845.222390649262, 速度奖励:-2265.700000000017, 加速度奖励:-738.3223906492393, 交通灯奖励:-5841.200000000784, 与前车进行交互的惩罚:0.0
Episode:69/100, Reward:-8845.222390649262
Episode:69/100, avg speed:15.59202242902723
Episode:69/100, avg halt num:0.22832964251819043
Episode:69/100, avg elec cons:2.0661177542539026
 Retrying in 1 seconds
Warning: Unused states in tlLogic 'J10', program '0' in phase 0 after tl-index 10
Simulation......
总奖励:-8630.27595903067, 速度奖励:-2211.6000000000217, 加速度奖励:-736.075959030549, 交通灯奖励:-5682.600000000658, 与前车进行交互的惩罚:0.0
Episode:70/100, Reward:-8630.27595903067
Episode:70/100, avg speed:15.48861252681137
Episode:70/100, avg halt num:0.22880258899676376
Episode:70/100, avg elec cons:2.1142286773795926
 Retrying in 1 seconds
Warning: Unused states in tlLogic 'J10', program '0' in phase 0 after tl-index 10
Simulation......
总奖励:-9028.784541883195, 速度奖励:-2161.2500000000273, 加速度奖励:-749.5345418831693, 交通灯奖励:-6118.000000000702, 与前车进行交互的惩罚:0.0
Episode:71/100, Reward:-9028.784541883195
Episode:71/100, avg speed:15.946444676653769
Episode:71/100, avg halt num:0.21621171770972036
Episode:71/100, avg elec cons:2.147677397025719
 Retrying in 1 seconds
Warning: Unused states in tlLogic 'J10', program '0' in phase 0 after tl-index 10
Simulation......
总奖励:-9619.237221231455, 速度奖励:-2255.7500000000173, 加速度奖励:-773.2872212315807, 交通灯奖励:-6590.20000000074, 与前车进行交互的惩罚:0.0
Episode:72/100, Reward:-9619.237221231455
Episode:72/100, avg speed:14.769757817531454
Episode:72/100, avg halt num:0.2815809379727685
Episode:72/100, avg elec cons:2.4109258105395495
 Retrying in 1 seconds
Warning: Unused states in tlLogic 'J10', program '0' in phase 0 after tl-index 10
Simulation......
总奖励:-8486.58171777059, 速度奖励:-2164.9500000000235, 加速度奖励:-735.6317177703079, 交通灯奖励:-5586.000000000656, 与前车进行交互的惩罚:0.0
Episode:73/100, Reward:-8486.58171777059
Episode:73/100, avg speed:15.63898240364298
Episode:73/100, avg halt num:0.1991563724013257
Episode:73/100, avg elec cons:1.9941017067404267
 Retrying in 1 seconds
Warning: Unused states in tlLogic 'J10', program '0' in phase 0 after tl-index 10
Simulation......
总奖励:-9079.83491776013, 速度奖励:-2330.600000000012, 加速度奖励:-781.6349177602169, 交通灯奖励:-5967.600000000594, 与前车进行交互的惩罚:0.0
Episode:74/100, Reward:-9079.83491776013
Episode:74/100, avg speed:15.264615338904681
Episode:74/100, avg halt num:0.2565556343019135
Episode:74/100, avg elec cons:2.2371888610012145
 Retrying in 1 seconds
Warning: Unused states in tlLogic 'J10', program '0' in phase 0 after tl-index 10
Simulation......
总奖励:-9205.784155179374, 速度奖励:-2384.4000000000096, 加速度奖励:-839.3841551794102, 交通灯奖励:-5982.00000000079, 与前车进行交互的惩罚:0.0
Episode:75/100, Reward:-9205.784155179374
Episode:75/100, avg speed:15.270153007557845
Episode:75/100, avg halt num:0.24858002004677582
Episode:75/100, avg elec cons:2.088691425869348
 Retrying in 1 seconds
Warning: Unused states in tlLogic 'J10', program '0' in phase 0 after tl-index 10
Simulation......
总奖励:-7948.718491191255, 速度奖励:-2109.450000000029, 加速度奖励:-802.4684911909706, 交通灯奖励:-5036.800000000699, 与前车进行交互的惩罚:0.0
Episode:76/100, Reward:-7948.718491191255
Episode:76/100, avg speed:15.439613382352475
Episode:76/100, avg halt num:0.20734934853420195
Episode:76/100, avg elec cons:2.6856116917095543
 Retrying in 1 seconds
Warning: Unused states in tlLogic 'J10', program '0' in phase 0 after tl-index 10
Simulation......
总奖励:-8849.264737861557, 速度奖励:-2329.950000000012, 加速度奖励:-914.1147378615553, 交通灯奖励:-5605.200000000717, 与前车进行交互的惩罚:0.0
Episode:77/100, Reward:-8849.264737861557
Episode:77/100, avg speed:14.989366245013564
Episode:77/100, avg halt num:0.22482952266345768
Episode:77/100, avg elec cons:2.522787226593204
 Retrying in 1 seconds
Warning: Unused states in tlLogic 'J10', program '0' in phase 0 after tl-index 10
Simulation......
总奖励:-6905.247479110314, 速度奖励:-2209.950000000025, 加速度奖励:-961.2974791100677, 交通灯奖励:-3734.000000000323, 与前车进行交互的惩罚:0.0
Episode:78/100, Reward:-6905.247479110314
Episode:78/100, avg speed:14.614786979402123
Episode:78/100, avg halt num:0.16159620703279337
Episode:78/100, avg elec cons:2.654749670089734
 Retrying in 1 seconds
Warning: Unused states in tlLogic 'J10', program '0' in phase 0 after tl-index 10
Simulation......
总奖励:-7765.898638256635, 速度奖励:-2395.8000000000043, 加速度奖励:-976.0986382564099, 交通灯奖励:-4394.000000000617, 与前车进行交互的惩罚:0.0
Episode:79/100, Reward:-7765.898638256635
Episode:79/100, avg speed:14.679595432162282
Episode:79/100, avg halt num:0.17895962732919254
Episode:79/100, avg elec cons:2.6260934908553386
 Retrying in 1 seconds
Warning: Unused states in tlLogic 'J10', program '0' in phase 0 after tl-index 10
Simulation......
总奖励:-7576.893548636965, 速度奖励:-2383.900000000005, 加速度奖励:-932.7935486366441, 交通灯奖励:-4260.200000000542, 与前车进行交互的惩罚:0.0
Episode:80/100, Reward:-7576.893548636965
Episode:80/100, avg speed:14.887269770840316
Episode:80/100, avg halt num:0.18278512692170182
Episode:80/100, avg elec cons:2.497266348906938
 Retrying in 1 seconds
Warning: Unused states in tlLogic 'J10', program '0' in phase 0 after tl-index 10
Simulation......
总奖励:-8058.794648264431, 速度奖励:-2413.250000000001, 加速度奖励:-941.3446482641634, 交通灯奖励:-4704.200000000691, 与前车进行交互的惩罚:0.0
Episode:81/100, Reward:-8058.794648264431
Episode:81/100, avg speed:15.055891709571748
Episode:81/100, avg halt num:0.1954427565765098
Episode:81/100, avg elec cons:2.524698673206506
 Retrying in 1 seconds
Warning: Unused states in tlLogic 'J10', program '0' in phase 0 after tl-index 10
Simulation......
总奖励:-8015.033852769863, 速度奖励:-2377.900000000004, 加速度奖励:-965.9338527695891, 交通灯奖励:-4671.200000000523, 与前车进行交互的惩罚:0.0
Episode:82/100, Reward:-8015.033852769863
Episode:82/100, avg speed:14.826050997757191
Episode:82/100, avg halt num:0.19501614205004036
Episode:82/100, avg elec cons:2.6605301194467406
 Retrying in 1 seconds
Warning: Unused states in tlLogic 'J10', program '0' in phase 0 after tl-index 10
Simulation......
总奖励:-7962.576424889757, 速度奖励:-2410.4500000000057, 加速度奖励:-946.7264248894602, 交通灯奖励:-4605.400000000713, 与前车进行交互的惩罚:0.0
Episode:83/100, Reward:-7962.576424889757
Episode:83/100, avg speed:15.060229873598452
Episode:83/100, avg halt num:0.1878698224852071
Episode:83/100, avg elec cons:2.3580155392915447
 Retrying in 1 seconds
Warning: Unused states in tlLogic 'J10', program '0' in phase 0 after tl-index 10
Simulation......
总奖励:-7462.757654414124, 速度奖励:-2385.899999999999, 加速度奖励:-984.4576544138408, 交通灯奖励:-4092.4000000004826, 与前车进行交互的惩罚:0.0
Episode:84/100, Reward:-7462.757654414124
Episode:84/100, avg speed:14.663969820980846
Episode:84/100, avg halt num:0.19608626198083068
Episode:84/100, avg elec cons:2.714574262037514
 Retrying in 1 seconds
Warning: Unused states in tlLogic 'J10', program '0' in phase 0 after tl-index 10
Simulation......
总奖励:-8161.807933374456, 速度奖励:-2425.000000000002, 加速度奖励:-933.6079333741715, 交通灯奖励:-4803.2000000007565, 与前车进行交互的惩罚:0.0
Episode:85/100, Reward:-8161.807933374456
Episode:85/100, avg speed:15.306336133624065
Episode:85/100, avg halt num:0.19059322033898304
Episode:85/100, avg elec cons:2.263357478359815
 Retrying in 1 seconds
Warning: Unused states in tlLogic 'J10', program '0' in phase 0 after tl-index 10
Simulation......
总奖励:-7929.945037105165, 速度奖励:-2318.35000000001, 加速度奖励:-919.9950371048552, 交通灯奖励:-4691.600000000629, 与前车进行交互的惩罚:0.0
Episode:86/100, Reward:-7929.945037105165
Episode:86/100, avg speed:15.636034435513444
Episode:86/100, avg halt num:0.17018815545959284
Episode:86/100, avg elec cons:2.128836883239675
 Retrying in 1 seconds
Warning: Unused states in tlLogic 'J10', program '0' in phase 0 after tl-index 10
Simulation......
总奖励:-8516.223795340655, 速度奖励:-2580.9999999999886, 加速度奖励:-1058.8237953404523, 交通灯奖励:-4876.400000000772, 与前车进行交互的惩罚:0.0
Episode:87/100, Reward:-8516.223795340655
Episode:87/100, avg speed:14.184646995445423
Episode:87/100, avg halt num:0.23223192019950126
Episode:87/100, avg elec cons:2.779625689324984
 Retrying in 1 seconds
Warning: Unused states in tlLogic 'J10', program '0' in phase 0 after tl-index 10
Simulation......
总奖励:-8409.795640949895, 速度奖励:-2396.9500000000035, 加速度奖励:-882.2456409496368, 交通灯奖励:-5130.600000000818, 与前车进行交互的惩罚:0.0
Episode:88/100, Reward:-8409.795640949895
Episode:88/100, avg speed:15.090377914910867
Episode:88/100, avg halt num:0.2382905982905983
Episode:88/100, avg elec cons:2.2333957194410976
 Retrying in 1 seconds
Warning: Unused states in tlLogic 'J10', program '0' in phase 0 after tl-index 10
Simulation......
总奖励:-8745.309643147844, 速度奖励:-2412.100000000005, 加速度奖励:-852.2096431478117, 交通灯奖励:-5481.000000000776, 与前车进行交互的惩罚:0.0
Episode:89/100, Reward:-8745.309643147844
Episode:89/100, avg speed:14.599458508947412
Episode:89/100, avg halt num:0.2877269288956127
Episode:89/100, avg elec cons:2.4738317662327813
 Retrying in 1 seconds
Warning: Unused states in tlLogic 'J10', program '0' in phase 0 after tl-index 10
Simulation......
总奖励:-9450.466022183298, 速度奖励:-2272.6500000000124, 加速度奖励:-789.6160221832741, 交通灯奖励:-6388.200000000678, 与前车进行交互的惩罚:0.0
Episode:90/100, Reward:-9450.466022183298
Episode:90/100, avg speed:15.22870947197025
Episode:90/100, avg halt num:0.2778974158183242
Episode:90/100, avg elec cons:2.569388858766929
 Retrying in 1 seconds
Warning: Unused states in tlLogic 'J10', program '0' in phase 0 after tl-index 10
Simulation......
总奖励:-10692.715065938537, 速度奖励:-2409.600000000001, 加速度奖励:-824.7150659388942, 交通灯奖励:-7458.400000000755, 与前车进行交互的惩罚:0.0
Episode:91/100, Reward:-10692.715065938537
Episode:91/100, avg speed:14.693579523491083
Episode:91/100, avg halt num:0.3216947822675559
Episode:91/100, avg elec cons:2.4795077231102582
 Retrying in 1 seconds
Warning: Unused states in tlLogic 'J10', program '0' in phase 0 after tl-index 10
Simulation......
总奖励:-11586.552302976696, 速度奖励:-2520.8999999999937, 加速度奖励:-907.0523029771609, 交通灯奖励:-8158.600000000759, 与前车进行交互的惩罚:0.0
Episode:92/100, Reward:-11586.552302976696
Episode:92/100, avg speed:14.526666330736663
Episode:92/100, avg halt num:0.30533235938641345
Episode:92/100, avg elec cons:2.216145788503933
 Retrying in 1 seconds
Warning: Unused states in tlLogic 'J10', program '0' in phase 0 after tl-index 10
Simulation......
总奖励:-21101.204590681253, 速度奖励:-3852.7499999998918, 加速度奖励:-1482.6545906822962, 交通灯奖励:-15765.799999997444, 与前车进行交互的惩罚:0.0
Episode:93/100, Reward:-21101.204590681253
Episode:93/100, avg speed:11.118897421180757
Episode:93/100, avg halt num:0.40192228193468377
Episode:93/100, avg elec cons:1.5418643843154674
 Retrying in 1 seconds
Warning: Unused states in tlLogic 'J10', program '0' in phase 0 after tl-index 10
Simulation......
总奖励:-22347.406644717546, 速度奖励:-4499.049999999926, 加速度奖励:-1986.7566447186484, 交通灯奖励:-15861.599999996874, 与前车进行交互的惩罚:0.0
Episode:94/100, Reward:-22347.406644717546
Episode:94/100, avg speed:11.420379746910656
Episode:94/100, avg halt num:0.23986037234042554
Episode:94/100, avg elec cons:1.5622255910978418
 Retrying in 1 seconds
Warning: Unused states in tlLogic 'J10', program '0' in phase 0 after tl-index 10
Simulation......
总奖励:-25235.03048528838, 速度奖励:-5144.249999999938, 加速度奖励:-2220.380485289497, 交通灯奖励:-17870.39999999567, 与前车进行交互的惩罚:0.0
Episode:95/100, Reward:-25235.03048528838
Episode:95/100, avg speed:10.510726837432433
Episode:95/100, avg halt num:0.32919621749408984
Episode:95/100, avg elec cons:1.75747935639619
 Retrying in 1 seconds
Warning: Unused states in tlLogic 'J10', program '0' in phase 0 after tl-index 10
Simulation......
总奖励:-10840.611399137235, 速度奖励:-2830.1499999999623, 加速度奖励:-1122.661399137885, 交通灯奖励:-6887.800000000945, 与前车进行交互的惩罚:0.0
Episode:96/100, Reward:-10840.611399137235
Episode:96/100, avg speed:13.438589552540922
Episode:96/100, avg halt num:0.286144578313253
Episode:96/100, avg elec cons:2.0599659125464544
 Retrying in 1 seconds
Warning: Unused states in tlLogic 'J10', program '0' in phase 0 after tl-index 10
Simulation......
总奖励:-25202.08282882273, 速度奖励:-5151.449999999922, 加速度奖励:-2125.0328288241844, 交通灯奖励:-17925.59999999618, 与前车进行交互的惩罚:0.0
Episode:97/100, Reward:-25202.08282882273
Episode:97/100, avg speed:10.400678937349161
Episode:97/100, avg halt num:0.36450795947901593
Episode:97/100, avg elec cons:1.3133132529097344
 Retrying in 1 seconds
Warning: Unused states in tlLogic 'J10', program '0' in phase 0 after tl-index 10
Simulation......
总奖励:-15237.474917294765, 速度奖励:-3602.599999999943, 加速度奖励:-1802.874917295656, 交通灯奖励:-9832.00000000015, 与前车进行交互的惩罚:0.0
Episode:98/100, Reward:-15237.474917294765
Episode:98/100, avg speed:10.659596774019459
Episode:98/100, avg halt num:0.270369671821954
Episode:98/100, avg elec cons:1.833926183073229
 Retrying in 1 seconds
Warning: Unused states in tlLogic 'J10', program '0' in phase 0 after tl-index 10
Simulation......
总奖励:-13934.312631345721, 速度奖励:-3414.5499999999447, 加速度奖励:-1548.7626313465796, 交通灯奖励:-8970.999999999793, 与前车进行交互的惩罚:0.0
Episode:99/100, Reward:-13934.312631345721
Episode:99/100, avg speed:12.199499640176008
Episode:99/100, avg halt num:0.2564252336448598
Episode:99/100, avg elec cons:1.3899117140949737
 Retrying in 1 seconds
Warning: Unused states in tlLogic 'J10', program '0' in phase 0 after tl-index 10
Simulation......
总奖励:-13874.994384142823, 速度奖励:-3542.499999999934, 加速度奖励:-1727.2943841435779, 交通灯奖励:-8605.200000000976, 与前车进行交互的惩罚:0.0
Episode:100/100, Reward:-13874.994384142823
Episode:100/100, avg speed:12.069154183929603
Episode:100/100, avg halt num:0.22126969416126044
Episode:100/100, avg elec cons:1.3535529230350605
model saved successfully!
Complete training!
final reward list:[-13126.38834267863, -15480.683232249077, -10887.663938529182, -9709.632888542179, -9859.722092433969, -9955.186011843638, -10198.567025706816, -9530.126202223611, -9914.25633223352, -9863.296643066762, -9983.039787354483, -9518.585012514686, -9857.11076705484, -9991.179232649165, -10129.915408990812, -10422.461693101983, -10133.49715057956, -9861.08270231426, -10525.629394080679, -9898.896376567274, -10248.50548376903, -9558.154993751961, -9473.912004199336, -9568.71216899914, -9385.523815972263, -29606.92197361693, -49704.22059147717, -23938.053414222373, -24060.04969053163, -27774.37202672754, -22268.515758014164, -22507.03146853978, -24696.638785788575, -21824.502215887413, -18922.19601207512, -17589.0919520954, -21116.799237376217, -27425.240337829644, -23989.150328483516, -18483.2449341188, -11181.791173627395, -9565.32626442586, -9467.346499155645, -9464.659739539526, -8967.147940010333, -8520.348241696718, -9304.625623920387, -9134.762704884748, -8903.151666696638, -8765.012545035406, -8701.68928699803, -8344.442557016115, -8341.735612422664, -8775.017124460053, -8269.84365692664, -8667.16423854957, -8601.337796435973, -8670.012348049848, -9626.63726640911, -8904.628578465441, -8788.695641984366, -8725.417651337562, -7871.679035951335, -7883.660208913463, -8020.605389509156, -8391.465072332114, -8457.654070072604, -7974.334689283293, -8845.222390649262, -8630.27595903067, -9028.784541883195, -9619.237221231455, -8486.58171777059, -9079.83491776013, -9205.784155179374, -7948.718491191255, -8849.264737861557, -6905.247479110314, -7765.898638256635, -7576.893548636965, -8058.794648264431, -8015.033852769863, -7962.576424889757, -7462.757654414124, -8161.807933374456, -7929.945037105165, -8516.223795340655, -8409.795640949895, -8745.309643147844, -9450.466022183298, -10692.715065938537, -11586.552302976696, -21101.204590681253, -22347.406644717546, -25235.03048528838, -10840.611399137235, -25202.08282882273, -15237.474917294765, -13934.312631345721, -13874.994384142823]
final speed list:[14.437917980568516, 14.017458994774065, 15.657470023287727, 15.180946944438496, 15.442064003035668, 15.392720579554522, 15.671960660433209, 15.716754610718901, 15.61238309868525, 15.28533396776175, 15.889266951644418, 15.716433826903495, 15.855021704843617, 15.509070916412451, 15.563270050723267, 15.372720811931531, 15.588550935591098, 14.74248497448636, 15.313827785836164, 15.632319785655913, 15.26933517072161, 15.45798745383413, 15.809533081404792, 15.628897497842447, 15.746486903465735, 10.051851175101213, 6.633136633126237, 9.88750507204608, 8.684947023612766, 8.346308183646359, 8.694602864166647, 7.648774091904123, 8.021043467951428, 9.178791181195495, 9.201010491711216, 9.296683292288733, 7.441735578463353, 7.645631901286268, 7.810514073603903, 9.66246749275945, 13.003143742127994, 14.760648617637681, 14.448176243706618, 14.536069087231093, 14.409349585164412, 15.262693514869582, 14.438891538198355, 14.449618699691467, 15.299318804711802, 14.955193460460995, 15.715152351538508, 15.1869423630146, 15.217787007115794, 15.072277784185593, 14.962031900278673, 15.01487429292963, 14.961149424882713, 15.283649034538884, 15.274280363357136, 15.531134613161388, 14.862504818310564, 15.215003331490601, 15.302328169548021, 15.072033493646034, 15.55086802953013, 15.636414673012705, 15.76826530075737, 15.728300866119787, 15.59202242902723, 15.48861252681137, 15.946444676653769, 14.769757817531454, 15.63898240364298, 15.264615338904681, 15.270153007557845, 15.439613382352475, 14.989366245013564, 14.614786979402123, 14.679595432162282, 14.887269770840316, 15.055891709571748, 14.826050997757191, 15.060229873598452, 14.663969820980846, 15.306336133624065, 15.636034435513444, 14.184646995445423, 15.090377914910867, 14.599458508947412, 15.22870947197025, 14.693579523491083, 14.526666330736663, 11.118897421180757, 11.420379746910656, 10.510726837432433, 13.438589552540922, 10.400678937349161, 10.659596774019459, 12.199499640176008, 12.069154183929603]
final elec cons list:[1.762902998089894, 1.8991220424325361, 2.0400374167853363, 2.517761405001358, 2.595417889836701, 2.326385951692707, 2.2252208697171167, 2.0809409799729486, 2.1335054483633873, 2.2581718163871645, 2.177565640018956, 2.2313964467563956, 2.0970288194655566, 2.333199837469124, 2.3429350798849877, 2.460021109765329, 2.25574014033815, 2.637734756027152, 2.3085044619687345, 2.187757251100123, 2.5114359276183147, 2.5135139078386355, 2.1718776688294668, 2.175825407275956, 2.23901313187479, 1.4657989786625636, 0.961664323701194, 1.8651500314773843, 0.8709397133350852, 0.6092559923501951, 0.5521122804537744, 0.523554389998715, 0.503626298616109, 0.5244859633816759, 0.7445551118955993, 0.7728663357079582, 0.8057011016958371, 0.6815978256806368, 0.7140842938390983, 1.15444348614419, 2.058458956653977, 2.464493273185091, 2.349304394471479, 2.168146655074138, 2.412222304623011, 2.0336430595795876, 2.1619462527280127, 2.2526538619440437, 1.9976765255989224, 2.3079243559506395, 2.2462169820244107, 2.481822478439463, 2.35691689296849, 2.3626195611919085, 2.6599636053784694, 2.3711242539594592, 2.740202130617341, 2.634999843634416, 2.4137434673271096, 2.197507714267964, 2.582141592260229, 2.25172241434358, 2.1842375696219807, 2.461525752012011, 2.38570860771563, 2.107598129745288, 2.1216324946562226, 2.212379447602902, 2.0661177542539026, 2.1142286773795926, 2.147677397025719, 2.4109258105395495, 1.9941017067404267, 2.2371888610012145, 2.088691425869348, 2.6856116917095543, 2.522787226593204, 2.654749670089734, 2.6260934908553386, 2.497266348906938, 2.524698673206506, 2.6605301194467406, 2.3580155392915447, 2.714574262037514, 2.263357478359815, 2.128836883239675, 2.779625689324984, 2.2333957194410976, 2.4738317662327813, 2.569388858766929, 2.4795077231102582, 2.216145788503933, 1.5418643843154674, 1.5622255910978418, 1.75747935639619, 2.0599659125464544, 1.3133132529097344, 1.833926183073229, 1.3899117140949737, 1.3535529230350605]
final halt list:[0.3433744722312439, 0.4596020761245675, 0.2687152664269369, 0.2661600615621393, 0.27157258064516127, 0.2700286123032904, 0.25412371134020617, 0.22265994327135202, 0.23314881146206448, 0.2730959097320169, 0.24048731642189586, 0.24145372928176795, 0.21860170832015186, 0.26500355113636365, 0.2822850762932639, 0.286910197869102, 0.2703993055555556, 0.30044570502431117, 0.28359826589595377, 0.247964031218188, 0.31088992974238877, 0.2641419893697798, 0.244579945799458, 0.250743555849306, 0.2448340108401084, 0.3287459283387622, 0.4613492621222769, 0.36099585062240663, 0.4974829198130169, 0.47391975308641976, 0.37142857142857144, 0.441909060514878, 0.3429632999696694, 0.3475161669606114, 0.36245321537938074, 0.2890600440113172, 0.5448438634713144, 0.5872539205872539, 0.3551294657489348, 0.21403420523138833, 0.20970068517850704, 0.2989483747609943, 0.319297212406753, 0.24878595442659693, 0.2822769953051643, 0.20143944407677036, 0.2601827179291968, 0.24309664694280078, 0.19932538437401945, 0.2237750172532781, 0.1934513865686602, 0.231680236861584, 0.20478363759296822, 0.23510750793091292, 0.2456445993031359, 0.2402691887959258, 0.2777777777777778, 0.25009920634920635, 0.2611238971998466, 0.22996661101836394, 0.2854043392504931, 0.23423894113549287, 0.21390964673913043, 0.2146217538577343, 0.2102438136826783, 0.19185293164885, 0.1898209549071618, 0.2010071696824855, 0.22832964251819043, 0.22880258899676376, 0.21621171770972036, 0.2815809379727685, 0.1991563724013257, 0.2565556343019135, 0.24858002004677582, 0.20734934853420195, 0.22482952266345768, 0.16159620703279337, 0.17895962732919254, 0.18278512692170182, 0.1954427565765098, 0.19501614205004036, 0.1878698224852071, 0.19608626198083068, 0.19059322033898304, 0.17018815545959284, 0.23223192019950126, 0.2382905982905983, 0.2877269288956127, 0.2778974158183242, 0.3216947822675559, 0.30533235938641345, 0.40192228193468377, 0.23986037234042554, 0.32919621749408984, 0.286144578313253, 0.36450795947901593, 0.270369671821954, 0.2564252336448598, 0.22126969416126044]
speed reward list:[-3018.1499999999496, -3542.549999999914, -2415.9000000000024, -2226.6000000000117, -2255.7000000000116, -2305.650000000007, -2309.9000000000074, -2229.250000000012, -2260.9000000000106, -2343.750000000006, -2302.000000000009, -2246.600000000012, -2224.1500000000115, -2305.35000000001, -2339.7500000000055, -2338.5500000000047, -2320.8000000000065, -2291.6000000000104, -2395.400000000002, -2291.500000000008, -2391.950000000003, -2240.6000000000104, -2264.1000000000104, -2298.500000000008, -2247.00000000001, -6345.600000000011, -10609.200000000048, -5183.6000000000095, -5764.399999999885, -7199.949999999884, -6573.999999999886, -7319.699999999942, -7255.549999999943, -6897.099999999927, -5848.94999999988, -5399.79999999991, -6762.899999999916, -7615.949999999892, -6702.699999999897, -5259.349999999925, -3050.199999999946, -2416.900000000004, -2439.100000000002, -2475.749999999997, -2423.0000000000027, -2304.0000000000114, -2470.949999999996, -2367.1500000000087, -2298.8500000000176, -2321.6000000000104, -2278.1000000000104, -2322.300000000013, -2315.0000000000114, -2388.100000000003, -2268.500000000012, -2319.200000000009, -2346.2000000000016, -2286.450000000008, -2368.6500000000096, -2249.2500000000155, -2328.3500000000104, -2281.9000000000156, -2301.4000000000115, -2304.600000000012, -2201.9000000000187, -2296.4500000000144, -2228.100000000022, -2175.1000000000217, -2265.700000000017, -2211.6000000000217, -2161.2500000000273, -2255.7500000000173, -2164.9500000000235, -2330.600000000012, -2384.4000000000096, -2109.450000000029, -2329.950000000012, -2209.950000000025, -2395.8000000000043, -2383.900000000005, -2413.250000000001, -2377.900000000004, -2410.4500000000057, -2385.899999999999, -2425.000000000002, -2318.35000000001, -2580.9999999999886, -2396.9500000000035, -2412.100000000005, -2272.6500000000124, -2409.600000000001, -2520.8999999999937, -3852.7499999998918, -4499.049999999926, -5144.249999999938, -2830.1499999999623, -5151.449999999922, -3602.599999999943, -3414.5499999999447, -3542.499999999934]
accel reward list:[-711.2383426792711, -681.333232250229, -829.5639385296249, -769.0328885424155, -787.8220924341422, -773.7360118438621, -794.0670257070905, -771.4762022236176, -783.5563322337075, -795.946643066971, -788.4397873547474, -778.3850125148099, -765.5607670549524, -779.0292326495135, -807.1654089909375, -790.5116931023952, -776.4971505798458, -764.0827023145067, -810.429394081095, -792.7963765675042, -797.7554837692763, -754.9549937521718, -778.2120041994391, -766.8121689993867, -756.9238159723548, -4108.321973617977, -7573.620591472897, -3037.053414223337, -1600.4496905334972, -2054.8220267294073, -1999.5157580155867, -2082.331468541437, -2264.6887857900642, -2016.002215888895, -1915.0460120763798, -2084.09195209645, -2312.8992373777332, -2619.4903378317035, -2518.0503284850843, -1957.2949341197418, -1125.391173627921, -838.026264426019, -839.4464991557765, -897.509739539644, -827.7479400102394, -868.9482416965402, -944.8756239205371, -921.0127048847426, -880.901666696615, -842.4125450352732, -776.5892869979594, -775.1425570158625, -788.5356124224745, -794.3171244600841, -731.5436569263488, -762.7642385495072, -745.7377964358576, -741.5623480497543, -766.9872664092755, -731.1785784653933, -743.745641984225, -760.1176513374215, -749.2790359510357, -778.4602089131532, -741.1053895088642, -797.6150723319096, -813.7540700724242, -764.4346892830137, -738.3223906492393, -736.075959030549, -749.5345418831693, -773.2872212315807, -735.6317177703079, -781.6349177602169, -839.3841551794102, -802.4684911909706, -914.1147378615553, -961.2974791100677, -976.0986382564099, -932.7935486366441, -941.3446482641634, -965.9338527695891, -946.7264248894602, -984.4576544138408, -933.6079333741715, -919.9950371048552, -1058.8237953404523, -882.2456409496368, -852.2096431478117, -789.6160221832741, -824.7150659388942, -907.0523029771609, -1482.6545906822962, -1986.7566447186484, -2220.380485289497, -1122.661399137885, -2125.0328288241844, -1802.874917295656, -1548.7626313465796, -1727.2943841435779]
tls reward list:[-9397.000000000095, -11256.79999999862, -7642.200000000839, -6714.000000000664, -6816.200000000673, -6875.800000000739, -7094.600000000696, -6529.4000000006545, -6869.800000000681, -6723.600000000724, -6892.600000000713, -6493.600000000662, -6867.400000000677, -6906.800000000747, -6983.00000000075, -7293.400000000737, -7036.200000000796, -6805.400000000703, -7319.800000000737, -6814.60000000075, -7058.8000000008005, -6562.60000000064, -6431.600000000714, -6503.400000000778, -6381.600000000704, -19152.99999999474, -31521.39999998738, -15717.399999996558, -16695.199999995122, -18519.599999993017, -13694.999999996817, -13104.999999996558, -15176.399999996089, -12911.399999996953, -11158.199999999882, -10105.199999999759, -12040.999999998443, -17189.799999993684, -14768.39999999581, -11266.599999999064, -7006.200000001088, -6310.4000000008255, -6188.800000000731, -6091.400000000881, -5716.400000000769, -5347.400000000698, -5888.800000000774, -5846.600000000806, -5723.400000000681, -5601.000000000804, -5647.000000000745, -5247.000000000664, -5238.200000000653, -5592.600000000823, -5269.8000000007005, -5585.200000000745, -5509.400000000671, -5642.00000000065, -6491.000000000697, -5924.200000000674, -5716.600000000839, -5683.400000000719, -4821.000000000639, -4800.600000000611, -5077.600000000593, -5297.400000000698, -5415.800000000594, -5034.800000000608, -5841.200000000784, -5682.600000000658, -6118.000000000702, -6590.20000000074, -5586.000000000656, -5967.600000000594, -5982.00000000079, -5036.800000000699, -5605.200000000717, -3734.000000000323, -4394.000000000617, -4260.200000000542, -4704.200000000691, -4671.200000000523, -4605.400000000713, -4092.4000000004826, -4803.2000000007565, -4691.600000000629, -4876.400000000772, -5130.600000000818, -5481.000000000776, -6388.200000000678, -7458.400000000755, -8158.600000000759, -15765.799999997444, -15861.599999996874, -17870.39999999567, -6887.800000000945, -17925.59999999618, -9832.00000000015, -8970.999999999793, -8605.200000000976]
extra reward list:[0.0, 0.0, 0.0, 0.0, 0.0, 0.0, 0.0, 0.0, 0.0, 0.0, 0.0, 0.0, 0.0, 0.0, 0.0, 0.0, 0.0, 0.0, 0.0, 0.0, 0.0, 0.0, 0.0, 0.0, 0.0, 0.0, 0.0, 0.0, 0.0, 0.0, 0.0, 0.0, 0.0, 0.0, 0.0, 0.0, 0.0, 0.0, 0.0, 0.0, 0.0, 0.0, 0.0, 0.0, 0.0, 0.0, 0.0, 0.0, 0.0, 0.0, 0.0, 0.0, 0.0, 0.0, 0.0, 0.0, 0.0, 0.0, 0.0, 0.0, 0.0, 0.0, 0.0, 0.0, 0.0, 0.0, 0.0, 0.0, 0.0, 0.0, 0.0, 0.0, 0.0, 0.0, 0.0, 0.0, 0.0, 0.0, 0.0, 0.0, 0.0, 0.0, 0.0, 0.0, 0.0, 0.0, 0.0, 0.0, 0.0, 0.0, 0.0, 0.0, 0.0, 0.0, 0.0, 0.0, 0.0, 0.0, 0.0, 0.0]
