nohup: 忽略输入
Env:sumo, Algorithm:TD3, Device:cuda
-----------------------------------------
models/reward_s8e-3_a4e-2_t(-0.3_0.06).pth
-----------------------------------------
 Retrying in 1 seconds
Warning: Unused states in tlLogic 'J10', program '0' in phase 0 after tl-index 10
Simulation......
总奖励:-2702.1894466634167, 速度奖励:-827.2511039840475, 加速度奖励:-711.2383426792711, 交通灯奖励:-1163.7000000001258, 与前车进行交互的惩罚:0.0
Episode:1/100, Reward:-2702.1894466634167
Episode:1/100, avg speed:14.437917980568516
Episode:1/100, avg halt num:0.3433744722312439
Episode:1/100, avg elec cons:1.762902998089894
 Retrying in 1 seconds
Warning: Unused states in tlLogic 'J10', program '0' in phase 0 after tl-index 10
Simulation......
总奖励:-3146.027074426447, 速度奖励:-1052.9538421760685, 加速度奖励:-681.333232250229, 交通灯奖励:-1411.7400000001433, 与前车进行交互的惩罚:0.0
Episode:2/100, Reward:-3146.027074426447
Episode:2/100, avg speed:14.017458994774065
Episode:2/100, avg halt num:0.4596020761245675
Episode:2/100, avg elec cons:1.8991220424325361
 Retrying in 1 seconds
Warning: Unused states in tlLogic 'J10', program '0' in phase 0 after tl-index 10
Simulation......
总奖励:-2319.512877145473, 速度奖励:-521.6600628240346, 加速度奖励:-832.8728143213374, 交通灯奖励:-964.9800000000845, 与前车进行交互的惩罚:0.0
Episode:3/100, Reward:-2319.512877145473
Episode:3/100, avg speed:15.582693562804954
Episode:3/100, avg halt num:0.27108532200065383
Episode:3/100, avg elec cons:2.0370255693763393
 Retrying in 1 seconds
Warning: Unused states in tlLogic 'J10', program '0' in phase 0 after tl-index 10
Simulation......
总奖励:-2029.0326927643998, 速度奖励:-430.41198057602253, 加速度奖励:-768.640712188317, 交通灯奖励:-829.9800000000708, 与前车进行交互的惩罚:0.0
Episode:4/100, Reward:-2029.0326927643998
Episode:4/100, avg speed:15.183377519532812
Episode:4/100, avg halt num:0.26625
Episode:4/100, avg elec cons:2.513581038338294
 Retrying in 1 seconds
Warning: Unused states in tlLogic 'J10', program '0' in phase 0 after tl-index 10
Simulation......
总奖励:-2074.8826531283994, 速度奖励:-443.21254033602276, 加速度奖励:-788.0101127923265, 交通灯奖励:-843.6600000000586, 与前车进行交互的惩罚:0.0
Episode:5/100, Reward:-2074.8826531283994
Episode:5/100, avg speed:15.446339910516745
Episode:5/100, avg halt num:0.2713537469782433
Episode:5/100, avg elec cons:2.5926961820826597
 Retrying in 1 seconds
Warning: Unused states in tlLogic 'J10', program '0' in phase 0 after tl-index 10
Simulation......
总奖励:-2085.4611846444195, 速度奖励:-462.0685005040279, 加速度奖励:-774.4526841403197, 交通灯奖励:-848.9400000000891, 与前车进行交互的惩罚:0.0
Episode:6/100, Reward:-2085.4611846444195
Episode:6/100, avg speed:15.393072385393523
Episode:6/100, avg halt num:0.2696639256346085
Episode:6/100, avg elec cons:2.327208023501135
 Retrying in 1 seconds
Warning: Unused states in tlLogic 'J10', program '0' in phase 0 after tl-index 10
Simulation......
总奖励:-2139.734528716601, 速度奖励:-462.73015408802473, 加速度奖励:-792.1843746285077, 交通灯奖励:-884.8200000000737, 与前车进行交互的惩罚:0.0
Episode:7/100, Reward:-2139.734528716601
Episode:7/100, avg speed:15.67708078283714
Episode:7/100, avg halt num:0.25412371134020617
Episode:7/100, avg elec cons:2.220683353603775
 Retrying in 1 seconds
Warning: Unused states in tlLogic 'J10', program '0' in phase 0 after tl-index 10
Simulation......
总奖励:-2002.0465284352438, 速度奖励:-428.87015027202415, 加速度奖励:-770.2563781631593, 交通灯奖励:-802.9200000000527, 与前车进行交互的惩罚:0.0
Episode:8/100, Reward:-2002.0465284352438
Episode:8/100, avg speed:15.72476220280169
Episode:8/100, avg halt num:0.22244094488188976
Episode:8/100, avg elec cons:2.0789886146442145
 Retrying in 1 seconds
Warning: Unused states in tlLogic 'J10', program '0' in phase 0 after tl-index 10
Simulation......
总奖励:-2987.102712205607, 速度奖励:-667.2091504960263, 加速度奖励:-1243.4335617095032, 交通灯奖励:-1076.4600000000842, 与前车进行交互的惩罚:0.0
Episode:9/100, Reward:-2987.102712205607
Episode:9/100, avg speed:14.357834068688195
Episode:9/100, avg halt num:0.2199259259259259
Episode:9/100, avg elec cons:1.8488562378782216
 Retrying in 1 seconds
Warning: Unused states in tlLogic 'J10', program '0' in phase 0 after tl-index 10
Simulation......
总奖励:-16951.67194946285, 速度奖励:-4291.273296272007, 加速度奖励:-8319.458653190337, 交通灯奖励:-4340.940000002255, 与前车进行交互的惩罚:0.0
Episode:10/100, Reward:-16951.67194946285
Episode:10/100, avg speed:6.8565902413879956
Episode:10/100, avg halt num:0.41597877358490565
Episode:10/100, avg elec cons:0.6760277411618284
 Retrying in 1 seconds
Warning: Unused states in tlLogic 'J10', program '0' in phase 0 after tl-index 10
Simulation......
总奖励:-16975.433427268785, 速度奖励:-4278.765871152024, 加速度奖励:-8332.327556116312, 交通灯奖励:-4364.340000002191, 与前车进行交互的惩罚:0.0
Episode:11/100, Reward:-16975.433427268785
Episode:11/100, avg speed:7.01970631905007
Episode:11/100, avg halt num:0.3894176136363636
Episode:11/100, avg elec cons:0.6498084561965219
 Retrying in 1 seconds
Warning: Unused states in tlLogic 'J10', program '0' in phase 0 after tl-index 10
Simulation......
总奖励:-16936.930649215454, 速度奖励:-4280.081120328046, 加速度奖励:-8304.44952888697, 交通灯奖励:-4352.400000002239, 与前车进行交互的惩罚:0.0
Episode:12/100, Reward:-16936.930649215454
Episode:12/100, avg speed:6.731203732193796
Episode:12/100, avg halt num:0.4089369846878681
Episode:12/100, avg elec cons:0.6753204922478385
 Retrying in 1 seconds
Warning: Unused states in tlLogic 'J10', program '0' in phase 0 after tl-index 10
Simulation......
总奖励:-16890.122637201373, 速度奖励:-4245.252908264069, 加速度奖励:-8283.709728936876, 交通灯奖励:-4361.160000002164, 与前车进行交互的惩罚:0.0
Episode:13/100, Reward:-16890.122637201373
Episode:13/100, avg speed:6.066030127320851
Episode:13/100, avg halt num:0.3813273340832396
Episode:13/100, avg elec cons:0.6414466094874687
 Retrying in 1 seconds
Warning: Unused states in tlLogic 'J10', program '0' in phase 0 after tl-index 10
Simulation......
总奖励:-11371.930755882706, 速度奖励:-2830.1616549360983, 加速度奖励:-5521.669100946247, 交通灯奖励:-3020.1000000013737, 与前车进行交互的惩罚:0.0
Episode:14/100, Reward:-11371.930755882706
Episode:14/100, avg speed:11.164690326990232
Episode:14/100, avg halt num:0.35611449864498645
Episode:14/100, avg elec cons:1.340458537439401
 Retrying in 1 seconds
Warning: Unused states in tlLogic 'J10', program '0' in phase 0 after tl-index 10
Simulation......
总奖励:-16415.576652301857, 速度奖励:-4139.152818352013, 加速度奖励:-8063.043833949446, 交通灯奖励:-4213.380000002456, 与前车进行交互的惩罚:0.0
Episode:15/100, Reward:-16415.576652301857
Episode:15/100, avg speed:5.4312147805734705
Episode:15/100, avg halt num:0.4863883847549909
Episode:15/100, avg elec cons:0.8808082527444095
 Retrying in 1 seconds
Warning: Unused states in tlLogic 'J10', program '0' in phase 0 after tl-index 10
Simulation......
总奖励:-11601.756317056912, 速度奖励:-3266.6799272240864, 加速度奖励:-4960.49638983249, 交通灯奖励:-3374.5800000017502, 与前车进行交互的惩罚:0.0
Episode:16/100, Reward:-11601.756317056912
Episode:16/100, avg speed:8.417376006279062
Episode:16/100, avg halt num:0.4771613580679034
Episode:16/100, avg elec cons:0.9623937863493962
 Retrying in 1 seconds
Warning: Unused states in tlLogic 'J10', program '0' in phase 0 after tl-index 10
Simulation......
总奖励:-9306.131506217658, 速度奖励:-2843.4768919040844, 加速度奖励:-3860.5146143132574, 交通灯奖励:-2602.1400000010185, 与前车进行交互的惩罚:0.0
Episode:17/100, Reward:-9306.131506217658
Episode:17/100, avg speed:7.975194974564317
Episode:17/100, avg halt num:0.3100267777447188
Episode:17/100, avg elec cons:0.5600274626293215
 Retrying in 1 seconds
Warning: Unused states in tlLogic 'J10', program '0' in phase 0 after tl-index 10
Simulation......
总奖励:-11352.582477300708, 速度奖励:-3673.2478312081644, 加速度奖励:-3803.0346460922124, 交通灯奖励:-3876.300000002295, 与前车进行交互的惩罚:0.0
Episode:18/100, Reward:-11352.582477300708
Episode:18/100, avg speed:5.307531446830324
Episode:18/100, avg halt num:0.713335796084226
Episode:18/100, avg elec cons:0.6540730490988923
 Retrying in 1 seconds
Warning: Unused states in tlLogic 'J10', program '0' in phase 0 after tl-index 10
Simulation......
总奖励:-12800.012866911977, 速度奖励:-4073.313975704166, 加速度奖励:-4452.298891207561, 交通灯奖励:-4274.400000002246, 与前车进行交互的惩罚:0.0
Episode:19/100, Reward:-12800.012866911977
Episode:19/100, avg speed:6.670832240707319
Episode:19/100, avg halt num:0.6178660049627791
Episode:19/100, avg elec cons:0.5517835032584262
 Retrying in 1 seconds
Warning: Unused states in tlLogic 'J10', program '0' in phase 0 after tl-index 10
Simulation......
总奖励:-13623.26806374761, 速度奖励:-4422.154552680013, 加速度奖励:-4539.233511067062, 交通灯奖励:-4661.880000001575, 与前车进行交互的惩罚:0.0
Episode:20/100, Reward:-13623.26806374761
Episode:20/100, avg speed:6.44277748872328
Episode:20/100, avg halt num:0.5584444444444444
Episode:20/100, avg elec cons:0.49761899772340407
 Retrying in 1 seconds
Warning: Unused states in tlLogic 'J10', program '0' in phase 0 after tl-index 10
Simulation......
总奖励:-15164.4777247201, 速度奖励:-4642.642743999861, 加速度奖励:-5805.174980719562, 交通灯奖励:-4716.660000001564, 与前车进行交互的惩罚:0.0
Episode:21/100, Reward:-15164.4777247201
Episode:21/100, avg speed:5.541304389884724
Episode:21/100, avg halt num:0.44888698630136986
Episode:21/100, avg elec cons:0.6245700376926182
 Retrying in 1 seconds
Warning: Unused states in tlLogic 'J10', program '0' in phase 0 after tl-index 10
Simulation......
总奖励:-14857.96066457781, 速度奖励:-4869.59182078385, 加速度奖励:-5119.848843793583, 交通灯奖励:-4868.520000001452, 与前车进行交互的惩罚:0.0
Episode:22/100, Reward:-14857.96066457781
Episode:22/100, avg speed:5.365292391276771
Episode:22/100, avg halt num:0.428956228956229
Episode:22/100, avg elec cons:0.565751099002014
 Retrying in 1 seconds
Warning: Unused states in tlLogic 'J10', program '0' in phase 0 after tl-index 10
Simulation......
总奖励:-13319.519866141569, 速度奖励:-4338.8793470639575, 加速度奖励:-4394.6005190772785, 交通灯奖励:-4586.040000001911, 与前车进行交互的惩罚:0.0
Episode:23/100, Reward:-13319.519866141569
Episode:23/100, avg speed:7.146359548201492
Episode:23/100, avg halt num:0.38435273159144895
Episode:23/100, avg elec cons:0.47013346455503613
 Retrying in 1 seconds
Warning: Unused states in tlLogic 'J10', program '0' in phase 0 after tl-index 10
Simulation......
总奖励:-13822.736590553906, 速度奖励:-4549.8623387038515, 加速度奖励:-4504.4942518495645, 交通灯奖励:-4768.380000001476, 与前车进行交互的惩罚:0.0
Episode:24/100, Reward:-13822.736590553906
Episode:24/100, avg speed:6.143152728265613
Episode:24/100, avg halt num:0.45624622812311405
Episode:24/100, avg elec cons:0.49587101021832314
 Retrying in 1 seconds
Warning: Unused states in tlLogic 'J10', program '0' in phase 0 after tl-index 10
Simulation......
总奖励:-10731.555737323086, 速度奖励:-3693.3195946001197, 加速度奖励:-3507.1161427228417, 交通灯奖励:-3531.1200000021113, 与前车进行交互的惩罚:0.0
Episode:25/100, Reward:-10731.555737323086
Episode:25/100, avg speed:9.015100873246533
Episode:25/100, avg halt num:0.39588709677419354
Episode:25/100, avg elec cons:0.647729982120354
 Retrying in 1 seconds
Warning: Unused states in tlLogic 'J10', program '0' in phase 0 after tl-index 10
Simulation......
总奖励:-9901.476807508601, 速度奖励:-3354.093741168148, 加速度奖励:-2791.143066340337, 交通灯奖励:-3756.2400000019798, 与前车进行交互的惩罚:0.0
Episode:26/100, Reward:-9901.476807508601
Episode:26/100, avg speed:7.964443347928463
Episode:26/100, avg halt num:0.457181328545781
Episode:26/100, avg elec cons:0.5864110856942025
 Retrying in 1 seconds
Warning: Unused states in tlLogic 'J10', program '0' in phase 0 after tl-index 10
Simulation......
总奖励:-9686.633377444054, 速度奖励:-3229.0644019200645, 加速度奖励:-3446.888975523845, 交通灯奖励:-3010.6800000015505, 与前车进行交互的惩罚:0.0
Episode:27/100, Reward:-9686.633377444054
Episode:27/100, avg speed:7.018681965150018
Episode:27/100, avg halt num:0.2547066206463759
Episode:27/100, avg elec cons:0.4630568006135847
 Retrying in 1 seconds
Warning: Unused states in tlLogic 'J10', program '0' in phase 0 after tl-index 10
Simulation......
总奖励:-11874.170197762765, 速度奖励:-4232.33372163202, 加速度奖励:-3874.49647613045, 交通灯奖励:-3767.3400000024753, 与前车进行交互的惩罚:0.0
Episode:28/100, Reward:-11874.170197762765
Episode:28/100, avg speed:5.496026051475352
Episode:28/100, avg halt num:0.44498556998557
Episode:28/100, avg elec cons:0.4994802070625143
 Retrying in 1 seconds
Warning: Unused states in tlLogic 'J10', program '0' in phase 0 after tl-index 10
Simulation......
总奖励:-12233.106749623132, 速度奖励:-4228.167105184053, 加速度奖励:-3949.119644438889, 交通灯奖励:-4055.8200000026754, 与前车进行交互的惩罚:0.0
Episode:29/100, Reward:-12233.106749623132
Episode:29/100, avg speed:5.338097433661757
Episode:29/100, avg halt num:0.5007987220447284
Episode:29/100, avg elec cons:0.5001166125635275
 Retrying in 1 seconds
Warning: Unused states in tlLogic 'J10', program '0' in phase 0 after tl-index 10
Simulation......
总奖励:-15965.462335258471, 速度奖励:-5364.296174447647, 加速度奖励:-5446.5661608101, 交通灯奖励:-5154.600000001136, 与前车进行交互的惩罚:0.0
Episode:30/100, Reward:-15965.462335258471
Episode:30/100, avg speed:6.186102177709504
Episode:30/100, avg halt num:0.5241498645801986
Episode:30/100, avg elec cons:0.5003500998393386
 Retrying in 1 seconds
Warning: Unused states in tlLogic 'J10', program '0' in phase 0 after tl-index 10
Simulation......
总奖励:-16516.30253452492, 速度奖励:-5476.723679119554, 加速度奖励:-5721.6588554045575, 交通灯奖励:-5317.920000000706, 与前车进行交互的惩罚:0.0
Episode:31/100, Reward:-16516.30253452492
Episode:31/100, avg speed:6.414285523799316
Episode:31/100, avg halt num:0.4828173374613003
Episode:31/100, avg elec cons:0.5441682105346214
 Retrying in 1 seconds
Warning: Unused states in tlLogic 'J10', program '0' in phase 0 after tl-index 10
Simulation......
总奖励:-16035.173999246985, 速度奖励:-5638.866274631668, 加速度奖励:-5065.067724614653, 交通灯奖励:-5331.240000000609, 与前车进行交互的惩罚:0.0
Episode:32/100, Reward:-16035.173999246985
Episode:32/100, avg speed:5.418168783779813
Episode:32/100, avg halt num:0.46316225165562913
Episode:32/100, avg elec cons:0.524632670547605
 Retrying in 1 seconds
Warning: Unused states in tlLogic 'J10', program '0' in phase 0 after tl-index 10
Simulation......
总奖励:-15818.33772574336, 速度奖励:-5884.677810607515, 加速度奖励:-4593.9599151351, 交通灯奖励:-5339.7000000004755, 与前车进行交互的惩罚:0.0
Episode:33/100, Reward:-15818.33772574336
Episode:33/100, avg speed:6.017042733286031
Episode:33/100, avg halt num:0.39955223880597013
Episode:33/100, avg elec cons:0.43862577930733954
 Retrying in 1 seconds
Warning: Unused states in tlLogic 'J10', program '0' in phase 0 after tl-index 10
Simulation......
总奖励:-17208.543340541928, 速度奖励:-6079.190351175472, 加速度奖励:-5450.952989365728, 交通灯奖励:-5678.400000000286, 与前车进行交互的惩罚:0.0
Episode:34/100, Reward:-17208.543340541928
Episode:34/100, avg speed:6.234056963145534
Episode:34/100, avg halt num:0.3878985507246377
Episode:34/100, avg elec cons:0.4916345404511114
 Retrying in 1 seconds
Warning: Unused states in tlLogic 'J10', program '0' in phase 0 after tl-index 10
Simulation......
总奖励:-18406.27296178771, 速度奖励:-6110.996319023584, 加速度奖励:-6035.956642763433, 交通灯奖励:-6259.319999999419, 与前车进行交互的惩罚:0.0
Episode:35/100, Reward:-18406.27296178771
Episode:35/100, avg speed:5.523002528886195
Episode:35/100, avg halt num:0.4257071547420965
Episode:35/100, avg elec cons:0.6148419353297897
 Retrying in 1 seconds
Warning: Unused states in tlLogic 'J10', program '0' in phase 0 after tl-index 10
Simulation......
总奖励:-17578.36341938873, 速度奖励:-6224.913614615333, 加速度奖励:-5008.269804772415, 交通灯奖励:-6345.17999999924, 与前车进行交互的惩罚:0.0
Episode:36/100, Reward:-17578.36341938873
Episode:36/100, avg speed:5.5962883041572615
Episode:36/100, avg halt num:0.4271206690561529
Episode:36/100, avg elec cons:0.5084227823263052
 Retrying in 1 seconds
Warning: Unused states in tlLogic 'J10', program '0' in phase 0 after tl-index 10
Simulation......
总奖励:-16917.76128591004, 速度奖励:-6054.856555727514, 加速度奖励:-5079.684730181829, 交通灯奖励:-5783.219999999887, 与前车进行交互的惩罚:0.0
Episode:37/100, Reward:-16917.76128591004
Episode:37/100, avg speed:4.776894687884551
Episode:37/100, avg halt num:0.48749119097956306
Episode:37/100, avg elec cons:0.5954123123512809
 Retrying in 1 seconds
Warning: Unused states in tlLogic 'J10', program '0' in phase 0 after tl-index 10
Simulation......
总奖励:-15863.605029911843, 速度奖励:-5913.696940303516, 加速度奖励:-4387.728089607558, 交通灯奖励:-5562.180000000244, 与前车进行交互的惩罚:0.0
Episode:38/100, Reward:-15863.605029911843
Episode:38/100, avg speed:5.108114069543606
Episode:38/100, avg halt num:0.3666066164428431
Episode:38/100, avg elec cons:0.4461051378308705
 Retrying in 1 seconds
Warning: Unused states in tlLogic 'J10', program '0' in phase 0 after tl-index 10
Simulation......
总奖励:-15379.830390520421, 速度奖励:-6039.183479887519, 加速度奖励:-3876.3869106321204, 交通灯奖励:-5464.26000000032, 与前车进行交互的惩罚:0.0
Episode:39/100, Reward:-15379.830390520421
Episode:39/100, avg speed:4.8803053998121335
Episode:39/100, avg halt num:0.395925457991156
Episode:39/100, avg elec cons:0.38214407112555693
 Retrying in 1 seconds
Warning: Unused states in tlLogic 'J10', program '0' in phase 0 after tl-index 10
Simulation......
总奖励:-15729.808342132515, 速度奖励:-6116.787141623531, 加速度奖励:-3947.2212005082397, 交通灯奖励:-5665.79999999987, 与前车进行交互的惩罚:0.0
Episode:40/100, Reward:-15729.808342132515
Episode:40/100, avg speed:5.307334437736696
Episode:40/100, avg halt num:0.4375199744327261
Episode:40/100, avg elec cons:0.38146350148496555
 Retrying in 1 seconds
Warning: Unused states in tlLogic 'J10', program '0' in phase 0 after tl-index 10
Simulation......
总奖励:-16878.4221714203, 速度奖励:-6315.670961679464, 加速度奖励:-4419.7712097401745, 交通灯奖励:-6142.979999999261, 与前车进行交互的惩罚:0.0
Episode:41/100, Reward:-16878.4221714203
Episode:41/100, avg speed:5.5055473635071275
Episode:41/100, avg halt num:0.4238310708898944
Episode:41/100, avg elec cons:0.39459583551879596
 Retrying in 1 seconds
Warning: Unused states in tlLogic 'J10', program '0' in phase 0 after tl-index 10
Simulation......
总奖励:-16444.385837725265, 速度奖励:-6344.816954679431, 加速度奖励:-4071.3088830448833, 交通灯奖励:-6028.259999999443, 与前车进行交互的惩罚:0.0
Episode:42/100, Reward:-16444.385837725265
Episode:42/100, avg speed:5.1286157255909695
Episode:42/100, avg halt num:0.5415109034267913
Episode:42/100, avg elec cons:0.3909527652980184
 Retrying in 1 seconds
Warning: Unused states in tlLogic 'J10', program '0' in phase 0 after tl-index 10
Simulation......
总奖励:-16865.397715786614, 速度奖励:-6508.742846879353, 加速度奖励:-4053.8348689063305, 交通灯奖励:-6302.819999999106, 与前车进行交互的惩罚:0.0
Episode:43/100, Reward:-16865.397715786614
Episode:43/100, avg speed:4.632626927308248
Episode:43/100, avg halt num:0.5770020533880903
Episode:43/100, avg elec cons:0.42669669368233665
 Retrying in 1 seconds
Warning: Unused states in tlLogic 'J10', program '0' in phase 0 after tl-index 10
Simulation......
总奖励:-17218.445183551852, 速度奖励:-6659.124756495404, 加速度奖励:-4199.380427055684, 交通灯奖励:-6359.939999999009, 与前车进行交互的惩罚:0.0
Episode:44/100, Reward:-17218.445183551852
Episode:44/100, avg speed:4.799967314475777
Episode:44/100, avg halt num:0.5208744247205785
Episode:44/100, avg elec cons:0.42386751000408757
 Retrying in 1 seconds
Warning: Unused states in tlLogic 'J10', program '0' in phase 0 after tl-index 10
Simulation......
总奖励:-18300.693685080107, 速度奖励:-7040.493283895493, 加速度奖励:-4597.500401184043, 交通灯奖励:-6662.699999998335, 与前车进行交互的惩罚:0.0
Episode:45/100, Reward:-18300.693685080107
Episode:45/100, avg speed:5.062908697886237
Episode:45/100, avg halt num:0.5066942148760331
Episode:45/100, avg elec cons:0.4523997538433428
 Retrying in 1 seconds
Warning: Unused states in tlLogic 'J10', program '0' in phase 0 after tl-index 10
Simulation......
总奖励:-16951.401469260818, 速度奖励:-6502.531056335358, 加速度奖励:-4194.950412924707, 交通灯奖励:-6253.919999999386, 与前车进行交互的惩罚:0.0
Episode:46/100, Reward:-16951.401469260818
Episode:46/100, avg speed:5.94602141232723
Episode:46/100, avg halt num:0.4116125323368784
Episode:46/100, avg elec cons:0.3659285154542981
 Retrying in 1 seconds
Warning: Unused states in tlLogic 'J10', program '0' in phase 0 after tl-index 10
Simulation......
总奖励:-16454.27797209414, 速度奖励:-6453.695734783306, 加速度奖励:-3963.982237309843, 交通灯奖励:-6036.599999999437, 与前车进行交互的惩罚:0.0
Episode:47/100, Reward:-16454.27797209414
Episode:47/100, avg speed:5.26546578754798
Episode:47/100, avg halt num:0.466744263385434
Episode:47/100, avg elec cons:0.44170977644326576
 Retrying in 1 seconds
Warning: Unused states in tlLogic 'J10', program '0' in phase 0 after tl-index 10
Simulation......
总奖励:-15734.406827216751, 速度奖励:-6262.88687628728, 加速度奖励:-3348.5799509285225, 交通灯奖励:-6122.939999999327, 与前车进行交互的惩罚:0.0
Episode:48/100, Reward:-15734.406827216751
Episode:48/100, avg speed:5.3126758517835935
Episode:48/100, avg halt num:0.5033772081745757
Episode:48/100, avg elec cons:0.4341146524530627
 Retrying in 1 seconds
Warning: Unused states in tlLogic 'J10', program '0' in phase 0 after tl-index 10
Simulation......
总奖励:-11301.887802019608, 速度奖励:-4687.76967594371, 加速度奖励:-2113.638126075511, 交通灯奖励:-4500.480000001955, 与前车进行交互的惩罚:0.0
Episode:49/100, Reward:-11301.887802019608
Episode:49/100, avg speed:5.6543485628020145
Episode:49/100, avg halt num:0.29617974238875877
Episode:49/100, avg elec cons:0.3875210426215705
 Retrying in 1 seconds
Warning: Unused states in tlLogic 'J10', program '0' in phase 0 after tl-index 10
Simulation......
总奖励:-6318.521377392826, 速度奖励:-2709.8165891040608, 加速度奖励:-1275.244788288717, 交通灯奖励:-2333.4600000008, 与前车进行交互的惩罚:0.0
Episode:50/100, Reward:-6318.521377392826
Episode:50/100, avg speed:7.903397936559957
Episode:50/100, avg halt num:0.1599903474903475
Episode:50/100, avg elec cons:0.5922723999513597
 Retrying in 1 seconds
Warning: Unused states in tlLogic 'J10', program '0' in phase 0 after tl-index 10
Simulation......
总奖励:-2952.4328324847875, 速度奖励:-1159.4871827600234, 加速度奖励:-1004.1856497247244, 交通灯奖励:-788.7600000002116, 与前车进行交互的惩罚:0.0
Episode:51/100, Reward:-2952.4328324847875
Episode:51/100, avg speed:11.720367804956497
Episode:51/100, avg halt num:0.10344277972585272
Episode:51/100, avg elec cons:0.8708311870515806
 Retrying in 1 seconds
Warning: Unused states in tlLogic 'J10', program '0' in phase 0 after tl-index 10
Simulation......
总奖励:-1943.9731805905699, 速度奖励:-899.4715469520247, 加速度奖励:-707.6616336385337, 交通灯奖励:-336.84000000000043, 与前车进行交互的惩罚:0.0
Episode:52/100, Reward:-1943.9731805905699
Episode:52/100, avg speed:12.499507914622228
Episode:52/100, avg halt num:0.15264380135762773
Episode:52/100, avg elec cons:0.8558903554903553
 Retrying in 1 seconds
Warning: Unused states in tlLogic 'J10', program '0' in phase 0 after tl-index 10
Simulation......
总奖励:-1359.2867209654682, 速度奖励:-731.5007350320153, 加速度奖励:-614.1659859334611, 交通灯奖励:-13.620000000003616, 与前车进行交互的惩罚:0.0
Episode:53/100, Reward:-1359.2867209654682
Episode:53/100, avg speed:12.911012061394324
Episode:53/100, avg halt num:0.07476557267247154
Episode:53/100, avg elec cons:0.8699883350581141
 Retrying in 1 seconds
Warning: Unused states in tlLogic 'J10', program '0' in phase 0 after tl-index 10
Simulation......
总奖励:-1219.713224618465, 速度奖励:-759.0753748080165, 加速度奖励:-540.317849810467, 交通灯奖励:79.68000000001224, 与前车进行交互的惩罚:0.0
Episode:54/100, Reward:-1219.713224618465
Episode:54/100, avg speed:12.879797261119823
Episode:54/100, avg halt num:0.0806891845786421
Episode:54/100, avg elec cons:0.8227369600823891
 Retrying in 1 seconds
Warning: Unused states in tlLogic 'J10', program '0' in phase 0 after tl-index 10
Simulation......
总奖励:-1291.4373937946261, 速度奖励:-717.7642687680086, 加速度奖励:-575.8331250266183, 交通灯奖励:2.159999999998807, 与前车进行交互的惩罚:0.0
Episode:55/100, Reward:-1291.4373937946261
Episode:55/100, avg speed:12.368813705153935
Episode:55/100, avg halt num:0.07688679245283019
Episode:55/100, avg elec cons:1.0252647426910737
 Retrying in 1 seconds
Warning: Unused states in tlLogic 'J10', program '0' in phase 0 after tl-index 10
Simulation......
总奖励:-1948.7130765267245, 速度奖励:-1264.5779733600439, 加速度奖励:-713.3551031666731, 交通灯奖励:29.219999999994904, 与前车进行交互的惩罚:0.0
Episode:56/100, Reward:-1948.7130765267245
Episode:56/100, avg speed:10.733049100376743
Episode:56/100, avg halt num:0.21686005625879043
Episode:56/100, avg elec cons:0.6267583529881547
 Retrying in 1 seconds
Warning: Unused states in tlLogic 'J10', program '0' in phase 0 after tl-index 10
Simulation......
总奖励:-1625.335736388376, 速度奖励:-1275.6199443280452, 加速度奖励:-530.1357920603497, 交通灯奖励:180.42000000003148, 与前车进行交互的惩罚:0.0
Episode:57/100, Reward:-1625.335736388376
Episode:57/100, avg speed:9.788556637095867
Episode:57/100, avg halt num:0.2323
Episode:57/100, avg elec cons:0.6498359100991966
 Retrying in 1 seconds
Warning: Unused states in tlLogic 'J10', program '0' in phase 0 after tl-index 10
Simulation......
总奖励:-1066.5052186606188, 速度奖励:-852.9032571920128, 加速度奖励:-458.46196146861604, 交通灯奖励:244.8600000000148, 与前车进行交互的惩罚:0.0
Episode:58/100, Reward:-1066.5052186606188
Episode:58/100, avg speed:11.472396542855355
Episode:58/100, avg halt num:0.08785101404056163
Episode:58/100, avg elec cons:0.9110152352653517
 Retrying in 1 seconds
Warning: Unused states in tlLogic 'J10', program '0' in phase 0 after tl-index 10
Simulation......
总奖励:-1080.8816768188672, 速度奖励:-894.5939254320132, 加速度奖励:-486.46775138687906, 交通灯奖励:300.18000000001683, 与前车进行交互的惩罚:0.0
Episode:59/100, Reward:-1080.8816768188672
Episode:59/100, avg speed:11.8640604453977
Episode:59/100, avg halt num:0.08348932983901161
Episode:59/100, avg elec cons:0.8629346737750441
 Retrying in 1 seconds
Warning: Unused states in tlLogic 'J10', program '0' in phase 0 after tl-index 10
Simulation......
总奖励:-953.6734020706878, 速度奖励:-769.9188927680136, 加速度奖励:-437.19450930269346, 交通灯奖励:253.4400000000178, 与前车进行交互的惩罚:0.0
Episode:60/100, Reward:-953.6734020706878
Episode:60/100, avg speed:12.867559606288987
Episode:60/100, avg halt num:0.0842311459353575
Episode:60/100, avg elec cons:0.7964867733991631
 Retrying in 1 seconds
Warning: Unused states in tlLogic 'J10', program '0' in phase 0 after tl-index 10
Simulation......
总奖励:-1112.8035137005857, 速度奖励:-733.8482532960076, 加速度奖励:-495.4152604045822, 交通灯奖励:116.46000000001216, 与前车进行交互的惩罚:0.0
Episode:61/100, Reward:-1112.8035137005857
Episode:61/100, avg speed:12.284947879034846
Episode:61/100, avg halt num:0.08557767369242779
Episode:61/100, avg elec cons:0.9854129637823184
 Retrying in 1 seconds
Warning: Unused states in tlLogic 'J10', program '0' in phase 0 after tl-index 10
Simulation......
总奖励:-851.2405058461873, 速度奖励:-662.6942078240083, 加速度奖励:-400.10629802218637, 交通灯奖励:211.5600000000192, 与前车进行交互的惩罚:0.0
Episode:62/100, Reward:-851.2405058461873
Episode:62/100, avg speed:13.040416230910687
Episode:62/100, avg halt num:0.06405386740331492
Episode:62/100, avg elec cons:0.8836737914226495
 Retrying in 1 seconds
Warning: Unused states in tlLogic 'J10', program '0' in phase 0 after tl-index 10
Simulation......
总奖励:-569.2678054777983, 速度奖励:-635.5785417760019, 加速度奖励:-292.3092637017981, 交通灯奖励:358.62000000001484, 与前车进行交互的惩罚:0.0
Episode:63/100, Reward:-569.2678054777983
Episode:63/100, avg speed:13.44390894324125
Episode:63/100, avg halt num:0.03363814500326584
Episode:63/100, avg elec cons:0.8693908262818834
 Retrying in 1 seconds
Warning: Unused states in tlLogic 'J10', program '0' in phase 0 after tl-index 10
Simulation......
总奖励:-765.9046817192601, 速度奖励:-722.1203382479974, 加速度奖励:-340.6643434712622, 交通灯奖励:296.88000000001534, 与前车进行交互的惩罚:0.0
Episode:64/100, Reward:-765.9046817192601
Episode:64/100, avg speed:12.461910872917842
Episode:64/100, avg halt num:0.0331281679942071
Episode:64/100, avg elec cons:0.905165768757485
 Retrying in 1 seconds
Warning: Unused states in tlLogic 'J10', program '0' in phase 0 after tl-index 10
Simulation......
总奖励:-1051.873573079753, 速度奖励:-901.0483492240078, 加速度奖励:-418.4852238557487, 交通灯奖励:267.6600000000237, 与前车进行交互的惩罚:0.0
Episode:65/100, Reward:-1051.873573079753
Episode:65/100, avg speed:11.98994170645799
Episode:65/100, avg halt num:0.0640597539543058
Episode:65/100, avg elec cons:0.644568940728345
 Retrying in 1 seconds
Warning: Unused states in tlLogic 'J10', program '0' in phase 0 after tl-index 10
Simulation......
总奖励:-1155.786584802169, 速度奖励:-1006.4670644400087, 加速度奖励:-414.69952036217745, 交通灯奖励:265.3800000000192, 与前车进行交互的惩罚:0.0
Episode:66/100, Reward:-1155.786584802169
Episode:66/100, avg speed:12.659510056995005
Episode:66/100, avg halt num:0.08555862492326581
Episode:66/100, avg elec cons:0.4890230030733838
 Retrying in 1 seconds
Warning: Unused states in tlLogic 'J10', program '0' in phase 0 after tl-index 10
Simulation......
总奖励:-936.3198073922532, 速度奖励:-892.1071664800071, 加速度奖励:-339.2926409122625, 交通灯奖励:295.08000000001834, 与前车进行交互的惩罚:0.0
Episode:67/100, Reward:-936.3198073922532
Episode:67/100, avg speed:12.82002647391042
Episode:67/100, avg halt num:0.07958199356913183
Episode:67/100, avg elec cons:0.6439825391448135
 Retrying in 1 seconds
Warning: Unused states in tlLogic 'J10', program '0' in phase 0 after tl-index 10
Simulation......
总奖励:-766.8491691027198, 速度奖励:-744.6316963120057, 加速度奖励:-314.83747279072884, 交通灯奖励:292.6200000000157, 与前车进行交互的惩罚:0.0
Episode:68/100, Reward:-766.8491691027198
Episode:68/100, avg speed:13.116371520930109
Episode:68/100, avg halt num:0.056975593667546176
Episode:68/100, avg elec cons:0.8024123977457224
 Retrying in 1 seconds
Warning: Unused states in tlLogic 'J10', program '0' in phase 0 after tl-index 10
Simulation......
总奖励:-855.6742981874155, 速度奖励:-742.4404274880061, 加速度奖励:-368.2938706994154, 交通灯奖励:255.06000000001444, 与前车进行交互的惩罚:0.0
Episode:69/100, Reward:-855.6742981874155
Episode:69/100, avg speed:12.923045239055869
Episode:69/100, avg halt num:0.05667892156862745
Episode:69/100, avg elec cons:0.72500935182424
 Retrying in 1 seconds
Warning: Unused states in tlLogic 'J10', program '0' in phase 0 after tl-index 10
Simulation......
总奖励:-668.8826189029185, 速度奖励:-646.7109912320025, 加速度奖励:-311.3116276709151, 交通灯奖励:289.140000000014, 与前车进行交互的惩罚:0.0
Episode:70/100, Reward:-668.8826189029185
Episode:70/100, avg speed:13.254402089536008
Episode:70/100, avg halt num:0.05259781911481719
Episode:70/100, avg elec cons:0.8935431898120271
 Retrying in 1 seconds
Warning: Unused states in tlLogic 'J10', program '0' in phase 0 after tl-index 10
Simulation......
总奖励:-645.1345963728565, 速度奖励:-610.7701531920054, 加速度奖励:-310.96444318085656, 交通灯奖励:276.6000000000137, 与前车进行交互的惩罚:0.0
Episode:71/100, Reward:-645.1345963728565
Episode:71/100, avg speed:13.808344202355013
Episode:71/100, avg halt num:0.04730169050715215
Episode:71/100, avg elec cons:0.8604210168544877
 Retrying in 1 seconds
Warning: Unused states in tlLogic 'J10', program '0' in phase 0 after tl-index 10
Simulation......
总奖励:-579.3492739809036, 速度奖励:-719.1837508159999, 加速度奖励:-286.105523164899, 交通灯奖励:425.9400000000199, 与前车进行交互的惩罚:0.0
Episode:72/100, Reward:-579.3492739809036
Episode:72/100, avg speed:12.014509965322237
Episode:72/100, avg halt num:0.036421367202091895
Episode:72/100, avg elec cons:0.7846261487654843
 Retrying in 1 seconds
Warning: Unused states in tlLogic 'J10', program '0' in phase 0 after tl-index 10
Simulation......
总奖励:-566.842673146761, 速度奖励:-692.3036839119952, 加速度奖励:-288.95898923476017, 交通灯奖励:414.42000000001764, 与前车进行交互的惩罚:0.0
Episode:73/100, Reward:-566.842673146761
Episode:73/100, avg speed:13.080713131414292
Episode:73/100, avg halt num:0.010535557506584723
Episode:73/100, avg elec cons:0.6247750798591716
 Retrying in 1 seconds
Warning: Unused states in tlLogic 'J10', program '0' in phase 0 after tl-index 10
Simulation......
总奖励:-635.8884478157846, 速度奖励:-739.2228992000091, 加速度奖励:-285.4055486157862, 交通灯奖励:388.7400000000173, 与前车进行交互的惩罚:0.0
Episode:74/100, Reward:-635.8884478157846
Episode:74/100, avg speed:13.056007524233998
Episode:74/100, avg halt num:0.04211864406779661
Episode:74/100, avg elec cons:0.7631022298639825
 Retrying in 1 seconds
Warning: Unused states in tlLogic 'J10', program '0' in phase 0 after tl-index 10
Simulation......
总奖励:-871.5862850077159, 速度奖励:-968.5631399120105, 加速度奖励:-307.06314509570996, 交通灯奖励:404.0400000000171, 与前车进行交互的惩罚:0.0
Episode:75/100, Reward:-871.5862850077159
Episode:75/100, avg speed:12.385779276266785
Episode:75/100, avg halt num:0.10145758270553554
Episode:75/100, avg elec cons:0.5014183564797615
 Retrying in 1 seconds
Warning: Unused states in tlLogic 'J10', program '0' in phase 0 after tl-index 10
Simulation......
总奖励:-594.1238470803244, 速度奖励:-638.6740997200033, 加速度奖励:-273.20974736032053, 交通灯奖励:317.76000000001477, 与前车进行交互的惩罚:0.0
Episode:76/100, Reward:-594.1238470803244
Episode:76/100, avg speed:12.816195986408099
Episode:76/100, avg halt num:0.0514268727705113
Episode:76/100, avg elec cons:0.9692529691481188
 Retrying in 1 seconds
Warning: Unused states in tlLogic 'J10', program '0' in phase 0 after tl-index 10
Simulation......
总奖励:-514.3909019662918, 速度奖励:-669.1453732640041, 加速度奖励:-242.08552870228604, 交通灯奖励:396.84000000001635, 与前车进行交互的惩罚:0.0
Episode:77/100, Reward:-514.3909019662918
Episode:77/100, avg speed:12.909471101224337
Episode:77/100, avg halt num:0.04872047244094488
Episode:77/100, avg elec cons:0.9093721979377115
 Retrying in 1 seconds
Warning: Unused states in tlLogic 'J10', program '0' in phase 0 after tl-index 10
Simulation......
总奖励:-568.0500323317483, 速度奖励:-624.0853745439996, 加速度奖励:-271.024657787742, 交通灯奖励:327.06000000001734, 与前车进行交互的惩罚:0.0
Episode:78/100, Reward:-568.0500323317483
Episode:78/100, avg speed:12.725750042236736
Episode:78/100, avg halt num:0.03721964423820572
Episode:78/100, avg elec cons:0.9898166433656185
 Retrying in 1 seconds
Warning: Unused states in tlLogic 'J10', program '0' in phase 0 after tl-index 10
Simulation......
总奖励:-671.9633859304613, 速度奖励:-717.1032565519976, 加速度奖励:-276.2201293784576, 交通灯奖励:321.36000000001985, 与前车进行交互的惩罚:0.0
Episode:79/100, Reward:-671.9633859304613
Episode:79/100, avg speed:12.694870344458586
Episode:79/100, avg halt num:0.038580246913580245
Episode:79/100, avg elec cons:0.869330338458746
 Retrying in 1 seconds
Warning: Unused states in tlLogic 'J10', program '0' in phase 0 after tl-index 10
Simulation......
总奖励:-566.959180092902, 速度奖励:-619.4910265040077, 加速度奖励:-290.24815358889475, 交通灯奖励:342.7800000000157, 与前车进行交互的惩罚:0.0
Episode:80/100, Reward:-566.959180092902
Episode:80/100, avg speed:13.150323937975337
Episode:80/100, avg halt num:0.04038192011212333
Episode:80/100, avg elec cons:0.9436240302309721
 Retrying in 1 seconds
Warning: Unused states in tlLogic 'J10', program '0' in phase 0 after tl-index 10
Simulation......
总奖励:-490.83424387662706, 速度奖励:-610.6669606960008, 加速度奖励:-257.7472831806204, 交通灯奖励:377.58000000001664, 与前车进行交互的惩罚:0.0
Episode:81/100, Reward:-490.83424387662706
Episode:81/100, avg speed:13.014250043583724
Episode:81/100, avg halt num:0.01872934263679765
Episode:81/100, avg elec cons:1.02758189116144
 Retrying in 1 seconds
Warning: Unused states in tlLogic 'J10', program '0' in phase 0 after tl-index 10
Simulation......
总奖励:-443.96277260441616, 速度奖励:-620.2801181519984, 加速度奖励:-226.5826544524145, 交通灯奖励:402.9000000000155, 与前车进行交互的惩罚:0.0
Episode:82/100, Reward:-443.96277260441616
Episode:82/100, avg speed:12.852689222389692
Episode:82/100, avg halt num:0.007326732673267326
Episode:82/100, avg elec cons:1.1281856527175231
 Retrying in 1 seconds
Warning: Unused states in tlLogic 'J10', program '0' in phase 0 after tl-index 10
Simulation......
总奖励:-388.4199653990843, 速度奖励:-550.1381124399991, 加速度奖励:-223.90185295908603, 交通灯奖励:385.62000000001564, 与前车进行交互的惩罚:0.0
Episode:83/100, Reward:-388.4199653990843
Episode:83/100, avg speed:13.668201654916789
Episode:83/100, avg halt num:0.008381799521040028
Episode:83/100, avg elec cons:0.962849098874014
 Retrying in 1 seconds
Warning: Unused states in tlLogic 'J10', program '0' in phase 0 after tl-index 10
Simulation......
总奖励:-417.5220875239845, 速度奖励:-668.7095750880032, 加速度奖励:-224.91251243598367, 交通灯奖励:476.1000000000179, 与前车进行交互的惩罚:0.0
Episode:84/100, Reward:-417.5220875239845
Episode:84/100, avg speed:12.495447485969219
Episode:84/100, avg halt num:0.03563151796060255
Episode:84/100, avg elec cons:0.7896554219705078
 Retrying in 1 seconds
Warning: Unused states in tlLogic 'J10', program '0' in phase 0 after tl-index 10
Simulation......
总奖励:-502.84952644177, 速度奖励:-680.3573459439967, 加速度奖励:-251.9721804977667, 交通灯奖励:429.4800000000186, 与前车进行交互的惩罚:0.0
Episode:85/100, Reward:-502.84952644177
Episode:85/100, avg speed:13.300856565004455
Episode:85/100, avg halt num:0.013682822288163534
Episode:85/100, avg elec cons:0.7575921226004877
 Retrying in 1 seconds
Warning: Unused states in tlLogic 'J10', program '0' in phase 0 after tl-index 10
Simulation......
总奖励:-3238.736666648611, 速度奖励:-1180.19599067201, 加速度奖励:-1900.6806759766118, 交通灯奖励:-157.85999999999615, 与前车进行交互的惩罚:0.0
Episode:86/100, Reward:-3238.736666648611
Episode:86/100, avg speed:11.267077269876074
Episode:86/100, avg halt num:0.07329803328290468
Episode:86/100, avg elec cons:0.8939462224965848
 Retrying in 1 seconds
Warning: Unused states in tlLogic 'J10', program '0' in phase 0 after tl-index 10
Simulation......
总奖励:-802.0473880890506, 速度奖励:-1017.1788321040043, 加速度奖励:-299.36855598504565, 交通灯奖励:514.5000000000194, 与前车进行交互的惩罚:0.0
Episode:87/100, Reward:-802.0473880890506
Episode:87/100, avg speed:10.795782998685794
Episode:87/100, avg halt num:0.05425963488843814
Episode:87/100, avg elec cons:0.6741825690117719
 Retrying in 1 seconds
Warning: Unused states in tlLogic 'J10', program '0' in phase 0 after tl-index 10
Simulation......
总奖励:-716.1603744121803, 速度奖励:-946.5559161920079, 加速度奖励:-254.46445822017688, 交通灯奖励:484.8600000000195, 与前车进行交互的惩罚:0.0
Episode:88/100, Reward:-716.1603744121803
Episode:88/100, avg speed:12.172974578369093
Episode:88/100, avg halt num:0.06716045272969375
Episode:88/100, avg elec cons:0.5630353997354643
 Retrying in 1 seconds
Warning: Unused states in tlLogic 'J10', program '0' in phase 0 after tl-index 10
Simulation......
总奖励:-755.4455347649804, 速度奖励:-1043.7821509760108, 加速度奖励:-225.2633837889744, 交通灯奖励:513.6000000000206, 与前车进行交互的惩罚:0.0
Episode:89/100, Reward:-755.4455347649804
Episode:89/100, avg speed:11.203224924006175
Episode:89/100, avg halt num:0.07435185185185185
Episode:89/100, avg elec cons:0.5757858514917132
 Retrying in 1 seconds
Warning: Unused states in tlLogic 'J10', program '0' in phase 0 after tl-index 10
Simulation......
总奖励:-603.0593857578556, 速度奖励:-892.2688576160059, 加速度奖励:-205.79052814184968, 交通灯奖励:495.0000000000217, 与前车进行交互的惩罚:0.0
Episode:90/100, Reward:-603.0593857578556
Episode:90/100, avg speed:11.605489838760349
Episode:90/100, avg halt num:0.06794525828835775
Episode:90/100, avg elec cons:0.6664167380700845
 Retrying in 1 seconds
Warning: Unused states in tlLogic 'J10', program '0' in phase 0 after tl-index 10
Simulation......
总奖励:-572.4742881455495, 速度奖励:-844.3810872240068, 加速度奖励:-189.79320092154472, 交通灯奖励:461.7000000000183, 与前车进行交互的惩罚:0.0
Episode:91/100, Reward:-572.4742881455495
Episode:91/100, avg speed:11.485074705482301
Episode:91/100, avg halt num:0.06381957773512476
Episode:91/100, avg elec cons:0.7203537717178287
 Retrying in 1 seconds
Warning: Unused states in tlLogic 'J10', program '0' in phase 0 after tl-index 10
Simulation......
总奖励:-373.54970408511394, 速度奖励:-688.5217952160011, 加速度奖励:-152.1879088691144, 交通灯奖励:467.1600000000187, 与前车进行交互的惩罚:0.0
Episode:92/100, Reward:-373.54970408511394
Episode:92/100, avg speed:12.45402003708546
Episode:92/100, avg halt num:0.003145817912657291
Episode:92/100, avg elec cons:0.8127728898313649
 Retrying in 1 seconds
Warning: Unused states in tlLogic 'J10', program '0' in phase 0 after tl-index 10
Simulation......
总奖励:-575.421585622355, 速度奖励:-822.2651788000069, 加速度奖励:-201.5964068223488, 交通灯奖励:448.4400000000193, 与前车进行交互的惩罚:0.0
Episode:93/100, Reward:-575.421585622355
Episode:93/100, avg speed:12.13214522394392
Episode:93/100, avg halt num:0.06139291465378422
Episode:93/100, avg elec cons:0.7494874846599403
 Retrying in 1 seconds
Warning: Unused states in tlLogic 'J10', program '0' in phase 0 after tl-index 10
Simulation......
总奖励:-610.1994286033107, 速度奖励:-919.1669572800047, 加速度奖励:-203.37247132330717, 交通灯奖励:512.3400000000205, 与前车进行交互的惩罚:0.0
Episode:94/100, Reward:-610.1994286033107
Episode:94/100, avg speed:12.137742088074182
Episode:94/100, avg halt num:0.046793193717277484
Episode:94/100, avg elec cons:0.4931653342975286
 Retrying in 1 seconds
Warning: Unused states in tlLogic 'J10', program '0' in phase 0 after tl-index 10
Simulation......
总奖励:-866.9882499947992, 速度奖励:-1054.298904480015, 加速度奖励:-227.169345514802, 交通灯奖励:414.48000000001804, 与前车进行交互的惩罚:0.0
Episode:95/100, Reward:-866.9882499947992
Episode:95/100, avg speed:11.080537383466213
Episode:95/100, avg halt num:0.11578947368421053
Episode:95/100, avg elec cons:0.5578063657776123
 Retrying in 1 seconds
Warning: Unused states in tlLogic 'J10', program '0' in phase 0 after tl-index 10
Simulation......
总奖励:-654.1232310688044, 速度奖励:-936.9223380560152, 加速度奖励:-209.56089301279877, 交通灯奖励:492.3600000000206, 与前车进行交互的惩罚:0.0
Episode:96/100, Reward:-654.1232310688044
Episode:96/100, avg speed:11.516255283396841
Episode:96/100, avg halt num:0.08598484848484848
Episode:96/100, avg elec cons:0.5687581230644785
 Retrying in 1 seconds
Warning: Unused states in tlLogic 'J10', program '0' in phase 0 after tl-index 10
Simulation......
总奖励:-850.9782784590118, 速度奖励:-1069.9272531600232, 加速度奖励:-234.95102529901015, 交通灯奖励:453.9000000000259, 与前车进行交互的惩罚:0.0
Episode:97/100, Reward:-850.9782784590118
Episode:97/100, avg speed:11.412759067596932
Episode:97/100, avg halt num:0.13996546431312357
Episode:97/100, avg elec cons:0.5411245071330102
 Retrying in 1 seconds
Warning: Unused states in tlLogic 'J10', program '0' in phase 0 after tl-index 10
Simulation......
总奖励:-472.6335601986334, 速度奖励:-804.763509536009, 加速度奖励:-197.31005066262608, 交通灯奖励:529.4399999999961, 与前车进行交互的惩罚:0.0
Episode:98/100, Reward:-472.6335601986334
Episode:98/100, avg speed:11.356566244490311
Episode:98/100, avg halt num:0.04793854531310774
Episode:98/100, avg elec cons:0.6214293496225349
 Retrying in 1 seconds
Warning: Unused states in tlLogic 'J10', program '0' in phase 0 after tl-index 10
Simulation......
总奖励:-436.0095922827458, 速度奖励:-797.4558278800042, 加速度奖励:-185.4537644027451, 交通灯奖励:546.8999999999701, 与前车进行交互的惩罚:0.0
Episode:99/100, Reward:-436.0095922827458
Episode:99/100, avg speed:12.720974874638099
Episode:99/100, avg halt num:0.026240296996287545
Episode:99/100, avg elec cons:0.5386198038148128
 Retrying in 1 seconds
Warning: Unused states in tlLogic 'J10', program '0' in phase 0 after tl-index 10
Simulation......
总奖励:-597.4478962764844, 速度奖励:-868.1269944160163, 加速度奖励:-228.88090186047214, 交通灯奖励:499.5600000000202, 与前车进行交互的惩罚:0.0
Episode:100/100, Reward:-597.4478962764844
Episode:100/100, avg speed:12.56236916392025
Episode:100/100, avg halt num:0.08688874302592714
Episode:100/100, avg elec cons:0.5379237229178792
model saved successfully!
Complete training!
final reward list:[-2702.1894466634167, -3146.027074426447, -2319.512877145473, -2029.0326927643998, -2074.8826531283994, -2085.4611846444195, -2139.734528716601, -2002.0465284352438, -2987.102712205607, -16951.67194946285, -16975.433427268785, -16936.930649215454, -16890.122637201373, -11371.930755882706, -16415.576652301857, -11601.756317056912, -9306.131506217658, -11352.582477300708, -12800.012866911977, -13623.26806374761, -15164.4777247201, -14857.96066457781, -13319.519866141569, -13822.736590553906, -10731.555737323086, -9901.476807508601, -9686.633377444054, -11874.170197762765, -12233.106749623132, -15965.462335258471, -16516.30253452492, -16035.173999246985, -15818.33772574336, -17208.543340541928, -18406.27296178771, -17578.36341938873, -16917.76128591004, -15863.605029911843, -15379.830390520421, -15729.808342132515, -16878.4221714203, -16444.385837725265, -16865.397715786614, -17218.445183551852, -18300.693685080107, -16951.401469260818, -16454.27797209414, -15734.406827216751, -11301.887802019608, -6318.521377392826, -2952.4328324847875, -1943.9731805905699, -1359.2867209654682, -1219.713224618465, -1291.4373937946261, -1948.7130765267245, -1625.335736388376, -1066.5052186606188, -1080.8816768188672, -953.6734020706878, -1112.8035137005857, -851.2405058461873, -569.2678054777983, -765.9046817192601, -1051.873573079753, -1155.786584802169, -936.3198073922532, -766.8491691027198, -855.6742981874155, -668.8826189029185, -645.1345963728565, -579.3492739809036, -566.842673146761, -635.8884478157846, -871.5862850077159, -594.1238470803244, -514.3909019662918, -568.0500323317483, -671.9633859304613, -566.959180092902, -490.83424387662706, -443.96277260441616, -388.4199653990843, -417.5220875239845, -502.84952644177, -3238.736666648611, -802.0473880890506, -716.1603744121803, -755.4455347649804, -603.0593857578556, -572.4742881455495, -373.54970408511394, -575.421585622355, -610.1994286033107, -866.9882499947992, -654.1232310688044, -850.9782784590118, -472.6335601986334, -436.0095922827458, -597.4478962764844]
final speed list:[14.437917980568516, 14.017458994774065, 15.582693562804954, 15.183377519532812, 15.446339910516745, 15.393072385393523, 15.67708078283714, 15.72476220280169, 14.357834068688195, 6.8565902413879956, 7.01970631905007, 6.731203732193796, 6.066030127320851, 11.164690326990232, 5.4312147805734705, 8.417376006279062, 7.975194974564317, 5.307531446830324, 6.670832240707319, 6.44277748872328, 5.541304389884724, 5.365292391276771, 7.146359548201492, 6.143152728265613, 9.015100873246533, 7.964443347928463, 7.018681965150018, 5.496026051475352, 5.338097433661757, 6.186102177709504, 6.414285523799316, 5.418168783779813, 6.017042733286031, 6.234056963145534, 5.523002528886195, 5.5962883041572615, 4.776894687884551, 5.108114069543606, 4.8803053998121335, 5.307334437736696, 5.5055473635071275, 5.1286157255909695, 4.632626927308248, 4.799967314475777, 5.062908697886237, 5.94602141232723, 5.26546578754798, 5.3126758517835935, 5.6543485628020145, 7.903397936559957, 11.720367804956497, 12.499507914622228, 12.911012061394324, 12.879797261119823, 12.368813705153935, 10.733049100376743, 9.788556637095867, 11.472396542855355, 11.8640604453977, 12.867559606288987, 12.284947879034846, 13.040416230910687, 13.44390894324125, 12.461910872917842, 11.98994170645799, 12.659510056995005, 12.82002647391042, 13.116371520930109, 12.923045239055869, 13.254402089536008, 13.808344202355013, 12.014509965322237, 13.080713131414292, 13.056007524233998, 12.385779276266785, 12.816195986408099, 12.909471101224337, 12.725750042236736, 12.694870344458586, 13.150323937975337, 13.014250043583724, 12.852689222389692, 13.668201654916789, 12.495447485969219, 13.300856565004455, 11.267077269876074, 10.795782998685794, 12.172974578369093, 11.203224924006175, 11.605489838760349, 11.485074705482301, 12.45402003708546, 12.13214522394392, 12.137742088074182, 11.080537383466213, 11.516255283396841, 11.412759067596932, 11.356566244490311, 12.720974874638099, 12.56236916392025]
final elec cons list:[1.762902998089894, 1.8991220424325361, 2.0370255693763393, 2.513581038338294, 2.5926961820826597, 2.327208023501135, 2.220683353603775, 2.0789886146442145, 1.8488562378782216, 0.6760277411618284, 0.6498084561965219, 0.6753204922478385, 0.6414466094874687, 1.340458537439401, 0.8808082527444095, 0.9623937863493962, 0.5600274626293215, 0.6540730490988923, 0.5517835032584262, 0.49761899772340407, 0.6245700376926182, 0.565751099002014, 0.47013346455503613, 0.49587101021832314, 0.647729982120354, 0.5864110856942025, 0.4630568006135847, 0.4994802070625143, 0.5001166125635275, 0.5003500998393386, 0.5441682105346214, 0.524632670547605, 0.43862577930733954, 0.4916345404511114, 0.6148419353297897, 0.5084227823263052, 0.5954123123512809, 0.4461051378308705, 0.38214407112555693, 0.38146350148496555, 0.39459583551879596, 0.3909527652980184, 0.42669669368233665, 0.42386751000408757, 0.4523997538433428, 0.3659285154542981, 0.44170977644326576, 0.4341146524530627, 0.3875210426215705, 0.5922723999513597, 0.8708311870515806, 0.8558903554903553, 0.8699883350581141, 0.8227369600823891, 1.0252647426910737, 0.6267583529881547, 0.6498359100991966, 0.9110152352653517, 0.8629346737750441, 0.7964867733991631, 0.9854129637823184, 0.8836737914226495, 0.8693908262818834, 0.905165768757485, 0.644568940728345, 0.4890230030733838, 0.6439825391448135, 0.8024123977457224, 0.72500935182424, 0.8935431898120271, 0.8604210168544877, 0.7846261487654843, 0.6247750798591716, 0.7631022298639825, 0.5014183564797615, 0.9692529691481188, 0.9093721979377115, 0.9898166433656185, 0.869330338458746, 0.9436240302309721, 1.02758189116144, 1.1281856527175231, 0.962849098874014, 0.7896554219705078, 0.7575921226004877, 0.8939462224965848, 0.6741825690117719, 0.5630353997354643, 0.5757858514917132, 0.6664167380700845, 0.7203537717178287, 0.8127728898313649, 0.7494874846599403, 0.4931653342975286, 0.5578063657776123, 0.5687581230644785, 0.5411245071330102, 0.6214293496225349, 0.5386198038148128, 0.5379237229178792]
final halt list:[0.3433744722312439, 0.4596020761245675, 0.27108532200065383, 0.26625, 0.2713537469782433, 0.2696639256346085, 0.25412371134020617, 0.22244094488188976, 0.2199259259259259, 0.41597877358490565, 0.3894176136363636, 0.4089369846878681, 0.3813273340832396, 0.35611449864498645, 0.4863883847549909, 0.4771613580679034, 0.3100267777447188, 0.713335796084226, 0.6178660049627791, 0.5584444444444444, 0.44888698630136986, 0.428956228956229, 0.38435273159144895, 0.45624622812311405, 0.39588709677419354, 0.457181328545781, 0.2547066206463759, 0.44498556998557, 0.5007987220447284, 0.5241498645801986, 0.4828173374613003, 0.46316225165562913, 0.39955223880597013, 0.3878985507246377, 0.4257071547420965, 0.4271206690561529, 0.48749119097956306, 0.3666066164428431, 0.395925457991156, 0.4375199744327261, 0.4238310708898944, 0.5415109034267913, 0.5770020533880903, 0.5208744247205785, 0.5066942148760331, 0.4116125323368784, 0.466744263385434, 0.5033772081745757, 0.29617974238875877, 0.1599903474903475, 0.10344277972585272, 0.15264380135762773, 0.07476557267247154, 0.0806891845786421, 0.07688679245283019, 0.21686005625879043, 0.2323, 0.08785101404056163, 0.08348932983901161, 0.0842311459353575, 0.08557767369242779, 0.06405386740331492, 0.03363814500326584, 0.0331281679942071, 0.0640597539543058, 0.08555862492326581, 0.07958199356913183, 0.056975593667546176, 0.05667892156862745, 0.05259781911481719, 0.04730169050715215, 0.036421367202091895, 0.010535557506584723, 0.04211864406779661, 0.10145758270553554, 0.0514268727705113, 0.04872047244094488, 0.03721964423820572, 0.038580246913580245, 0.04038192011212333, 0.01872934263679765, 0.007326732673267326, 0.008381799521040028, 0.03563151796060255, 0.013682822288163534, 0.07329803328290468, 0.05425963488843814, 0.06716045272969375, 0.07435185185185185, 0.06794525828835775, 0.06381957773512476, 0.003145817912657291, 0.06139291465378422, 0.046793193717277484, 0.11578947368421053, 0.08598484848484848, 0.13996546431312357, 0.04793854531310774, 0.026240296996287545, 0.08688874302592714]
speed reward list:[-827.2511039840475, -1052.9538421760685, -521.6600628240346, -430.41198057602253, -443.21254033602276, -462.0685005040279, -462.73015408802473, -428.87015027202415, -667.2091504960263, -4291.273296272007, -4278.765871152024, -4280.081120328046, -4245.252908264069, -2830.1616549360983, -4139.152818352013, -3266.6799272240864, -2843.4768919040844, -3673.2478312081644, -4073.313975704166, -4422.154552680013, -4642.642743999861, -4869.59182078385, -4338.8793470639575, -4549.8623387038515, -3693.3195946001197, -3354.093741168148, -3229.0644019200645, -4232.33372163202, -4228.167105184053, -5364.296174447647, -5476.723679119554, -5638.866274631668, -5884.677810607515, -6079.190351175472, -6110.996319023584, -6224.913614615333, -6054.856555727514, -5913.696940303516, -6039.183479887519, -6116.787141623531, -6315.670961679464, -6344.816954679431, -6508.742846879353, -6659.124756495404, -7040.493283895493, -6502.531056335358, -6453.695734783306, -6262.88687628728, -4687.76967594371, -2709.8165891040608, -1159.4871827600234, -899.4715469520247, -731.5007350320153, -759.0753748080165, -717.7642687680086, -1264.5779733600439, -1275.6199443280452, -852.9032571920128, -894.5939254320132, -769.9188927680136, -733.8482532960076, -662.6942078240083, -635.5785417760019, -722.1203382479974, -901.0483492240078, -1006.4670644400087, -892.1071664800071, -744.6316963120057, -742.4404274880061, -646.7109912320025, -610.7701531920054, -719.1837508159999, -692.3036839119952, -739.2228992000091, -968.5631399120105, -638.6740997200033, -669.1453732640041, -624.0853745439996, -717.1032565519976, -619.4910265040077, -610.6669606960008, -620.2801181519984, -550.1381124399991, -668.7095750880032, -680.3573459439967, -1180.19599067201, -1017.1788321040043, -946.5559161920079, -1043.7821509760108, -892.2688576160059, -844.3810872240068, -688.5217952160011, -822.2651788000069, -919.1669572800047, -1054.298904480015, -936.9223380560152, -1069.9272531600232, -804.763509536009, -797.4558278800042, -868.1269944160163]
accel reward list:[-711.2383426792711, -681.333232250229, -832.8728143213374, -768.640712188317, -788.0101127923265, -774.4526841403197, -792.1843746285077, -770.2563781631593, -1243.4335617095032, -8319.458653190337, -8332.327556116312, -8304.44952888697, -8283.709728936876, -5521.669100946247, -8063.043833949446, -4960.49638983249, -3860.5146143132574, -3803.0346460922124, -4452.298891207561, -4539.233511067062, -5805.174980719562, -5119.848843793583, -4394.6005190772785, -4504.4942518495645, -3507.1161427228417, -2791.143066340337, -3446.888975523845, -3874.49647613045, -3949.119644438889, -5446.5661608101, -5721.6588554045575, -5065.067724614653, -4593.9599151351, -5450.952989365728, -6035.956642763433, -5008.269804772415, -5079.684730181829, -4387.728089607558, -3876.3869106321204, -3947.2212005082397, -4419.7712097401745, -4071.3088830448833, -4053.8348689063305, -4199.380427055684, -4597.500401184043, -4194.950412924707, -3963.982237309843, -3348.5799509285225, -2113.638126075511, -1275.244788288717, -1004.1856497247244, -707.6616336385337, -614.1659859334611, -540.317849810467, -575.8331250266183, -713.3551031666731, -530.1357920603497, -458.46196146861604, -486.46775138687906, -437.19450930269346, -495.4152604045822, -400.10629802218637, -292.3092637017981, -340.6643434712622, -418.4852238557487, -414.69952036217745, -339.2926409122625, -314.83747279072884, -368.2938706994154, -311.3116276709151, -310.96444318085656, -286.105523164899, -288.95898923476017, -285.4055486157862, -307.06314509570996, -273.20974736032053, -242.08552870228604, -271.024657787742, -276.2201293784576, -290.24815358889475, -257.7472831806204, -226.5826544524145, -223.90185295908603, -224.91251243598367, -251.9721804977667, -1900.6806759766118, -299.36855598504565, -254.46445822017688, -225.2633837889744, -205.79052814184968, -189.79320092154472, -152.1879088691144, -201.5964068223488, -203.37247132330717, -227.169345514802, -209.56089301279877, -234.95102529901015, -197.31005066262608, -185.4537644027451, -228.88090186047214]
tls reward list:[-1163.7000000001258, -1411.7400000001433, -964.9800000000845, -829.9800000000708, -843.6600000000586, -848.9400000000891, -884.8200000000737, -802.9200000000527, -1076.4600000000842, -4340.940000002255, -4364.340000002191, -4352.400000002239, -4361.160000002164, -3020.1000000013737, -4213.380000002456, -3374.5800000017502, -2602.1400000010185, -3876.300000002295, -4274.400000002246, -4661.880000001575, -4716.660000001564, -4868.520000001452, -4586.040000001911, -4768.380000001476, -3531.1200000021113, -3756.2400000019798, -3010.6800000015505, -3767.3400000024753, -4055.8200000026754, -5154.600000001136, -5317.920000000706, -5331.240000000609, -5339.7000000004755, -5678.400000000286, -6259.319999999419, -6345.17999999924, -5783.219999999887, -5562.180000000244, -5464.26000000032, -5665.79999999987, -6142.979999999261, -6028.259999999443, -6302.819999999106, -6359.939999999009, -6662.699999998335, -6253.919999999386, -6036.599999999437, -6122.939999999327, -4500.480000001955, -2333.4600000008, -788.7600000002116, -336.84000000000043, -13.620000000003616, 79.68000000001224, 2.159999999998807, 29.219999999994904, 180.42000000003148, 244.8600000000148, 300.18000000001683, 253.4400000000178, 116.46000000001216, 211.5600000000192, 358.62000000001484, 296.88000000001534, 267.6600000000237, 265.3800000000192, 295.08000000001834, 292.6200000000157, 255.06000000001444, 289.140000000014, 276.6000000000137, 425.9400000000199, 414.42000000001764, 388.7400000000173, 404.0400000000171, 317.76000000001477, 396.84000000001635, 327.06000000001734, 321.36000000001985, 342.7800000000157, 377.58000000001664, 402.9000000000155, 385.62000000001564, 476.1000000000179, 429.4800000000186, -157.85999999999615, 514.5000000000194, 484.8600000000195, 513.6000000000206, 495.0000000000217, 461.7000000000183, 467.1600000000187, 448.4400000000193, 512.3400000000205, 414.48000000001804, 492.3600000000206, 453.9000000000259, 529.4399999999961, 546.8999999999701, 499.5600000000202]
extra reward list:[0.0, 0.0, 0.0, 0.0, 0.0, 0.0, 0.0, 0.0, 0.0, 0.0, 0.0, 0.0, 0.0, 0.0, 0.0, 0.0, 0.0, 0.0, 0.0, 0.0, 0.0, 0.0, 0.0, 0.0, 0.0, 0.0, 0.0, 0.0, 0.0, 0.0, 0.0, 0.0, 0.0, 0.0, 0.0, 0.0, 0.0, 0.0, 0.0, 0.0, 0.0, 0.0, 0.0, 0.0, 0.0, 0.0, 0.0, 0.0, 0.0, 0.0, 0.0, 0.0, 0.0, 0.0, 0.0, 0.0, 0.0, 0.0, 0.0, 0.0, 0.0, 0.0, 0.0, 0.0, 0.0, 0.0, 0.0, 0.0, 0.0, 0.0, 0.0, 0.0, 0.0, 0.0, 0.0, 0.0, 0.0, 0.0, 0.0, 0.0, 0.0, 0.0, 0.0, 0.0, 0.0, 0.0, 0.0, 0.0, 0.0, 0.0, 0.0, 0.0, 0.0, 0.0, 0.0, 0.0, 0.0, 0.0, 0.0, 0.0]
