nohup: 忽略输入
Env:sumo, Algorithm:TD3, Device:cuda
-----------------------------------------
models/reward_s9e-3_a4e-2_t(-0.3_0.04)_c.pth
-----------------------------------------
 Retrying in 1 seconds
Warning: Unused states in tlLogic 'J10', program '0' in phase 0 after tl-index 10
Simulation......
总奖励:-3085.0158346614535, 速度奖励:-930.6574919819515, 加速度奖励:-711.2383426792711, 交通灯奖励:-1443.1199999999506, 与前车进行交互的惩罚:0.0
Episode:1/100, Reward:-3085.0158346614535
Episode:1/100, avg speed:14.437917980568516
Episode:1/100, avg halt num:0.3433744722312439
Episode:1/100, avg elec cons:1.762902998089894
 Retrying in 1 seconds
Warning: Unused states in tlLogic 'J10', program '0' in phase 0 after tl-index 10
Simulation......
总奖励:-3594.4063046985125, 速度奖励:-1184.5730724479397, 加速度奖励:-681.333232250229, 交通灯奖励:-1728.499999999942, 与前车进行交互的惩罚:0.0
Episode:2/100, Reward:-3594.4063046985125
Episode:2/100, avg speed:14.017458994774065
Episode:2/100, avg halt num:0.4596020761245675
Episode:2/100, avg elec cons:1.8991220424325361
 Retrying in 1 seconds
Warning: Unused states in tlLogic 'J10', program '0' in phase 0 after tl-index 10
Simulation......
总奖励:-2584.483069644045, 速度奖励:-580.8518367929694, 加速度奖励:-827.4512328509248, 交通灯奖励:-1176.1799999999703, 与前车进行交互的惩罚:0.0
Episode:3/100, Reward:-2584.483069644045
Episode:3/100, avg speed:15.64474275275041
Episode:3/100, avg halt num:0.2686335403726708
Episode:3/100, avg elec cons:2.0398951514253745
 Retrying in 1 seconds
Warning: Unused states in tlLogic 'J10', program '0' in phase 0 after tl-index 10
Simulation......
总奖励:-2283.0222772565717, 速度奖励:-484.22468720697447, 加速度奖励:-769.4175900495227, 交通灯奖励:-1029.379999999982, 与前车进行交互的惩罚:0.0
Episode:4/100, Reward:-2283.0222772565717
Episode:4/100, avg speed:15.183398228676529
Episode:4/100, avg halt num:0.26625
Episode:4/100, avg elec cons:2.514465670669595
 Retrying in 1 seconds
Warning: Unused states in tlLogic 'J10', program '0' in phase 0 after tl-index 10
Simulation......
总奖励:-2820.2580063562887, 速度奖励:-684.8128275029768, 加速度奖励:-994.3851788532597, 交通灯奖励:-1141.0599999999927, 与前车进行交互的惩罚:0.0
Episode:5/100, Reward:-2820.2580063562887
Episode:5/100, avg speed:13.761622137125295
Episode:5/100, avg halt num:0.2493682310469314
Episode:5/100, avg elec cons:2.164432772997165
 Retrying in 1 seconds
Warning: Unused states in tlLogic 'J10', program '0' in phase 0 after tl-index 10
Simulation......
总奖励:-2378.255901016935, 速度奖励:-820.5922384829825, 加速度奖励:-782.0036625338607, 交通灯奖励:-775.6600000000723, 与前车进行交互的惩罚:0.0
Episode:6/100, Reward:-2378.255901016935
Episode:6/100, avg speed:13.004842458556004
Episode:6/100, avg halt num:0.1269121309142654
Episode:6/100, avg elec cons:2.0045980412936544
 Retrying in 1 seconds
Warning: Unused states in tlLogic 'J10', program '0' in phase 0 after tl-index 10
Simulation......
总奖励:-1352.743993249446, 速度奖励:-627.4395651689846, 加速度奖励:-535.9444280804757, 交通灯奖励:-189.36000000003273, 与前车进行交互的惩罚:0.0
Episode:7/100, Reward:-1352.743993249446
Episode:7/100, avg speed:14.147683137787471
Episode:7/100, avg halt num:0.11712328767123288
Episode:7/100, avg elec cons:1.863315508541175
 Retrying in 1 seconds
Warning: Unused states in tlLogic 'J10', program '0' in phase 0 after tl-index 10
Simulation......
总奖励:-1353.234494907113, 速度奖励:-604.5781531949849, 加速度奖励:-589.1363417121403, 交通灯奖励:-159.51999999999518, 与前车进行交互的惩罚:0.0
Episode:8/100, Reward:-1353.234494907113
Episode:8/100, avg speed:14.319492455864342
Episode:8/100, avg halt num:0.09957493702770781
Episode:8/100, avg elec cons:1.8254376045207434
 Retrying in 1 seconds
Warning: Unused states in tlLogic 'J10', program '0' in phase 0 after tl-index 10
Simulation......
总奖励:-1537.2013846581804, 速度奖励:-635.5417682159836, 加速度奖励:-678.4796164422091, 交通灯奖励:-223.18000000002235, 与前车进行交互的惩罚:0.0
Episode:9/100, Reward:-1537.2013846581804
Episode:9/100, avg speed:14.219482352833841
Episode:9/100, avg halt num:0.09771986970684039
Episode:9/100, avg elec cons:2.117406925751494
 Retrying in 1 seconds
Warning: Unused states in tlLogic 'J10', program '0' in phase 0 after tl-index 10
Simulation......
总奖励:-1647.5571305858352, 速度奖励:-684.6861778739817, 加速度奖励:-696.0709527118604, 交通灯奖励:-266.8000000000208, 与前车进行交互的惩罚:0.0
Episode:10/100, Reward:-1647.5571305858352
Episode:10/100, avg speed:13.838788762806463
Episode:10/100, avg halt num:0.12637931034482758
Episode:10/100, avg elec cons:1.9784893918742756
 Retrying in 1 seconds
Warning: Unused states in tlLogic 'J10', program '0' in phase 0 after tl-index 10
Simulation......
总奖励:-4115.764545347431, 速度奖励:-1793.0778726959702, 加速度奖励:-1201.0466726512834, 交通灯奖励:-1121.6400000001274, 与前车进行交互的惩罚:0.0
Episode:11/100, Reward:-4115.764545347431
Episode:11/100, avg speed:11.099775631998646
Episode:11/100, avg halt num:0.23711742660836976
Episode:11/100, avg elec cons:0.5785817530378268
 Retrying in 1 seconds
Warning: Unused states in tlLogic 'J10', program '0' in phase 0 after tl-index 10
Simulation......
总奖励:-3444.9628224195876, 速度奖励:-1325.5339139369787, 加速度奖励:-1437.0889084824832, 交通灯奖励:-682.3400000000254, 与前车进行交互的惩罚:0.0
Episode:12/100, Reward:-3444.9628224195876
Episode:12/100, avg speed:11.273919646356488
Episode:12/100, avg halt num:0.17102598717516032
Episode:12/100, avg elec cons:0.8133492864906157
 Retrying in 1 seconds
Warning: Unused states in tlLogic 'J10', program '0' in phase 0 after tl-index 10
Simulation......
总奖励:-4188.977702682168, 速度奖励:-1735.8556854599565, 加速度奖励:-1502.3620172219635, 交通灯奖励:-950.7600000000119, 与前车进行交互的惩罚:0.0
Episode:13/100, Reward:-4188.977702682168
Episode:13/100, avg speed:10.878077959705376
Episode:13/100, avg halt num:0.2769113149847095
Episode:13/100, avg elec cons:1.0755319706222508
 Retrying in 1 seconds
Warning: Unused states in tlLogic 'J10', program '0' in phase 0 after tl-index 10
Simulation......
总奖励:-1646.891215783481, 速度奖励:-999.5680972439943, 加速度奖励:-418.74311853950826, 交通灯奖励:-228.58000000006783, 与前车进行交互的惩罚:0.0
Episode:14/100, Reward:-1646.891215783481
Episode:14/100, avg speed:12.491781594819026
Episode:14/100, avg halt num:0.10499139414802065
Episode:14/100, avg elec cons:1.129789563421214
 Retrying in 1 seconds
Warning: Unused states in tlLogic 'J10', program '0' in phase 0 after tl-index 10
Simulation......
总奖励:-1220.9071821402454, 速度奖励:-980.8091762219938, 加速度奖励:-265.81800591825555, 交通灯奖励:25.71999999999116, 与前车进行交互的惩罚:0.0
Episode:15/100, Reward:-1220.9071821402454
Episode:15/100, avg speed:12.500063826094124
Episode:15/100, avg halt num:0.053532410779315365
Episode:15/100, avg elec cons:0.9357416905945672
 Retrying in 1 seconds
Warning: Unused states in tlLogic 'J10', program '0' in phase 0 after tl-index 10
Simulation......
总奖励:-1092.9950049571164, 速度奖励:-963.7408303740013, 加速度奖励:-251.95417458312434, 交通灯奖励:122.70000000003755, 与前车进行交互的惩罚:0.0
Episode:16/100, Reward:-1092.9950049571164
Episode:16/100, avg speed:12.07485391376868
Episode:16/100, avg halt num:0.045655375552282766
Episode:16/100, avg elec cons:0.9004129042257599
 Retrying in 1 seconds
Warning: Unused states in tlLogic 'J10', program '0' in phase 0 after tl-index 10
Simulation......
总奖励:-1092.0230015640836, 速度奖励:-937.7011002510029, 加速度奖励:-263.38190131308716, 交通灯奖励:109.06000000001254, 与前车进行交互的惩罚:0.0
Episode:17/100, Reward:-1092.0230015640836
Episode:17/100, avg speed:12.654708191598985
Episode:17/100, avg halt num:0.04995102840352596
Episode:17/100, avg elec cons:0.7231947929881235
 Retrying in 1 seconds
Warning: Unused states in tlLogic 'J10', program '0' in phase 0 after tl-index 10
Simulation......
总奖励:-1505.5642329101902, 速度奖励:-1175.290133336991, 加速度奖励:-332.9540995732092, 交通灯奖励:2.6800000000099713, 与前车进行交互的惩罚:0.0
Episode:18/100, Reward:-1505.5642329101902
Episode:18/100, avg speed:10.444314913122355
Episode:18/100, avg halt num:0.10221048513302035
Episode:18/100, avg elec cons:0.6278898040489653
 Retrying in 1 seconds
Warning: Unused states in tlLogic 'J10', program '0' in phase 0 after tl-index 10
Simulation......
总奖励:-1208.3602444081864, 速度奖励:-845.8314966270032, 加速度奖励:-411.1087477811849, 交通灯奖励:48.57999999999333, 与前车进行交互的惩罚:0.0
Episode:19/100, Reward:-1208.3602444081864
Episode:19/100, avg speed:12.797852457871702
Episode:19/100, avg halt num:0.015894396551724137
Episode:19/100, avg elec cons:1.6148571795077435
 Retrying in 1 seconds
Warning: Unused states in tlLogic 'J10', program '0' in phase 0 after tl-index 10
Simulation......
总奖励:-1450.1742706736609, 速度奖励:-508.2572535119762, 加速度奖励:-619.0770171616847, 交通灯奖励:-322.8400000000075, 与前车进行交互的惩罚:0.0
Episode:20/100, Reward:-1450.1742706736609
Episode:20/100, avg speed:15.1432203278228
Episode:20/100, avg halt num:0.09905341446923598
Episode:20/100, avg elec cons:2.1327672708710557
 Retrying in 1 seconds
Warning: Unused states in tlLogic 'J10', program '0' in phase 0 after tl-index 10
Simulation......
总奖励:-1808.058914289973, 速度奖励:-568.7423006759716, 加速度奖励:-669.1566136140092, 交通灯奖励:-570.1599999999806, 与前车进行交互的惩罚:0.0
Episode:21/100, Reward:-1808.058914289973
Episode:21/100, avg speed:14.91028991905274
Episode:21/100, avg halt num:0.19225516972298087
Episode:21/100, avg elec cons:2.4410068982336006
 Retrying in 1 seconds
Warning: Unused states in tlLogic 'J10', program '0' in phase 0 after tl-index 10
Simulation......
总奖励:-1721.4049992082641, 速度奖励:-528.6986839169746, 加速度奖励:-646.3863152913071, 交通灯奖励:-546.3199999999702, 与前车进行交互的惩罚:0.0
Episode:22/100, Reward:-1721.4049992082641
Episode:22/100, avg speed:14.90885198284276
Episode:22/100, avg halt num:0.1839265429761454
Episode:22/100, avg elec cons:2.4453987849577294
 Retrying in 1 seconds
Warning: Unused states in tlLogic 'J10', program '0' in phase 0 after tl-index 10
Simulation......
总奖励:-1801.483356057171, 速度奖励:-572.4172661939757, 加速度奖励:-666.9060898632126, 交通灯奖励:-562.1599999999778, 与前车进行交互的惩罚:0.0
Episode:23/100, Reward:-1801.483356057171
Episode:23/100, avg speed:15.146017095143613
Episode:23/100, avg halt num:0.16767983789260385
Episode:23/100, avg elec cons:2.1129462146356075
 Retrying in 1 seconds
Warning: Unused states in tlLogic 'J10', program '0' in phase 0 after tl-index 10
Simulation......
总奖励:-2179.698490296074, 速度奖励:-673.8558831719748, 加速度奖励:-693.182607124099, 交通灯奖励:-812.6600000000184, 与前车进行交互的惩罚:0.0
Episode:24/100, Reward:-2179.698490296074
Episode:24/100, avg speed:14.206800722244227
Episode:24/100, avg halt num:0.17448080553807427
Episode:24/100, avg elec cons:1.3907544274089296
 Retrying in 1 seconds
Warning: Unused states in tlLogic 'J10', program '0' in phase 0 after tl-index 10
Simulation......
总奖励:-6169.016988548173, 速度奖励:-2689.591085811068, 加速度奖励:-1064.9259027368573, 交通灯奖励:-2414.5000000004916, 与前车进行交互的惩罚:0.0
Episode:25/100, Reward:-6169.016988548173
Episode:25/100, avg speed:10.029273175087214
Episode:25/100, avg halt num:0.3442880794701987
Episode:25/100, avg elec cons:0.697557814818769
 Retrying in 1 seconds
Warning: Unused states in tlLogic 'J10', program '0' in phase 0 after tl-index 10
Simulation......
总奖励:-2532.0129957163235, 速度奖励:-873.7715266199725, 加速度奖励:-864.321469096249, 交通灯奖励:-793.9200000000063, 与前车进行交互的惩罚:0.0
Episode:26/100, Reward:-2532.0129957163235
Episode:26/100, avg speed:13.185233857514373
Episode:26/100, avg halt num:0.1804064417177914
Episode:26/100, avg elec cons:2.18669603063262
 Retrying in 1 seconds
Warning: Unused states in tlLogic 'J10', program '0' in phase 0 after tl-index 10
Simulation......
总奖励:-1892.4859679304832, 速度奖励:-578.6541765269694, 加速度奖励:-683.8517914035165, 交通灯奖励:-629.9799999999782, 与前车进行交互的惩罚:0.0
Episode:27/100, Reward:-1892.4859679304832
Episode:27/100, avg speed:14.998293135968312
Episode:27/100, avg halt num:0.18947645818692901
Episode:27/100, avg elec cons:2.318453951589117
 Retrying in 1 seconds
Warning: Unused states in tlLogic 'J10', program '0' in phase 0 after tl-index 10
Simulation......
总奖励:-2227.2043933805085, 速度奖励:-531.3066684389707, 加速度奖励:-757.0577249414886, 交通灯奖励:-938.8399999999722, 与前车进行交互的惩罚:0.0
Episode:28/100, Reward:-2227.2043933805085
Episode:28/100, avg speed:14.73236670787187
Episode:28/100, avg halt num:0.2979621243310004
Episode:28/100, avg elec cons:2.5703585717901687
 Retrying in 1 seconds
Warning: Unused states in tlLogic 'J10', program '0' in phase 0 after tl-index 10
Simulation......
总奖励:-2565.6218451655336, 速度奖励:-571.5639299699711, 加速度奖励:-848.0579151954436, 交通灯奖励:-1145.9999999999661, 与前车进行交互的惩罚:0.0
Episode:29/100, Reward:-2565.6218451655336
Episode:29/100, avg speed:15.044784978861518
Episode:29/100, avg halt num:0.31745871929118
Episode:29/100, avg elec cons:2.4618617988931857
 Retrying in 1 seconds
Warning: Unused states in tlLogic 'J10', program '0' in phase 0 after tl-index 10
Simulation......
总奖励:-2283.63160445523, 速度奖励:-505.17560107797186, 加速度奖励:-750.8560033771944, 交通灯奖励:-1027.59999999998, 与前车进行交互的惩罚:0.0
Episode:30/100, Reward:-2283.63160445523
Episode:30/100, avg speed:15.616181037759857
Episode:30/100, avg halt num:0.25586484593837533
Episode:30/100, avg elec cons:2.347492063735796
 Retrying in 1 seconds
Warning: Unused states in tlLogic 'J10', program '0' in phase 0 after tl-index 10
Simulation......
总奖励:-2352.2509484728444, 速度奖励:-496.8389800529738, 加速度奖励:-775.1519684197848, 交通灯奖励:-1080.2599999999668, 与前车进行交互的惩罚:0.0
Episode:31/100, Reward:-2352.2509484728444
Episode:31/100, avg speed:15.531728138497638
Episode:31/100, avg halt num:0.2673676304919264
Episode:31/100, avg elec cons:2.442858457869202
 Retrying in 1 seconds
Warning: Unused states in tlLogic 'J10', program '0' in phase 0 after tl-index 10
Simulation......
总奖励:-2437.022981148728, 速度奖励:-563.0793130979692, 加速度奖励:-797.7236680506395, 交通灯奖励:-1076.2199999999686, 与前车进行交互的惩罚:0.0
Episode:32/100, Reward:-2437.022981148728
Episode:32/100, avg speed:15.090542007711548
Episode:32/100, avg halt num:0.3084032012195122
Episode:32/100, avg elec cons:2.4329391847720916
 Retrying in 1 seconds
Warning: Unused states in tlLogic 'J10', program '0' in phase 0 after tl-index 10
Simulation......
总奖励:-3514.9515575094974, 速度奖励:-822.4688942909738, 加速度奖励:-1340.4426632184648, 交通灯奖励:-1352.0399999999734, 与前车进行交互的惩罚:0.0
Episode:33/100, Reward:-3514.9515575094974
Episode:33/100, avg speed:14.21827687167358
Episode:33/100, avg halt num:0.2333080424886191
Episode:33/100, avg elec cons:1.9072785470994795
 Retrying in 1 seconds
Warning: Unused states in tlLogic 'J10', program '0' in phase 0 after tl-index 10
Simulation......
总奖励:-9293.603831328646, 速度奖励:-2624.2968244682684, 加速度奖励:-3540.1270068597664, 交通灯奖励:-3129.180000000859, 与前车进行交互的惩罚:0.0
Episode:34/100, Reward:-9293.603831328646
Episode:34/100, avg speed:9.569372867432502
Episode:34/100, avg halt num:0.5024567943070146
Episode:34/100, avg elec cons:0.8485849002014705
 Retrying in 1 seconds
Warning: Unused states in tlLogic 'J10', program '0' in phase 0 after tl-index 10
Simulation......
总奖励:-2828.247098367179, 速度奖励:-691.3985702669723, 加速度奖励:-1087.668528100048, 交通灯奖励:-1049.1800000000198, 与前车进行交互的惩罚:0.0
Episode:35/100, Reward:-2828.247098367179
Episode:35/100, avg speed:14.289910135720564
Episode:35/100, avg halt num:0.2441515038989974
Episode:35/100, avg elec cons:1.7735467839455608
 Retrying in 1 seconds
Warning: Unused states in tlLogic 'J10', program '0' in phase 0 after tl-index 10
Simulation......
总奖励:-2006.951185778331, 速度奖励:-552.6769092299712, 加速度奖励:-807.3342765483718, 交通灯奖励:-646.9399999999907, 与前车进行交互的惩罚:0.0
Episode:36/100, Reward:-2006.951185778331
Episode:36/100, avg speed:14.562522043109949
Episode:36/100, avg halt num:0.20679357969391565
Episode:36/100, avg elec cons:1.8618273425080087
 Retrying in 1 seconds
Warning: Unused states in tlLogic 'J10', program '0' in phase 0 after tl-index 10
Simulation......
总奖励:-1912.3570736002828, 速度奖励:-559.441272230976, 加速度奖励:-781.0358013693201, 交通灯奖励:-571.8799999999864, 与前车进行交互的惩罚:0.0
Episode:37/100, Reward:-1912.3570736002828
Episode:37/100, avg speed:14.260779117274572
Episode:37/100, avg halt num:0.2101602023608769
Episode:37/100, avg elec cons:2.268715019661446
 Retrying in 1 seconds
Warning: Unused states in tlLogic 'J10', program '0' in phase 0 after tl-index 10
Simulation......
总奖励:-1730.332952154978, 速度奖励:-496.4825854529775, 加速度奖励:-778.4103667020097, 交通灯奖励:-455.43999999999266, 与前车进行交互的惩罚:0.0
Episode:38/100, Reward:-1730.332952154978
Episode:38/100, avg speed:15.015683555403628
Episode:38/100, avg halt num:0.17174835970667696
Episode:38/100, avg elec cons:2.1356769911429403
 Retrying in 1 seconds
Warning: Unused states in tlLogic 'J10', program '0' in phase 0 after tl-index 10
Simulation......
总奖励:-2200.7334549064913, 速度奖励:-633.6988786799739, 加速度奖励:-824.5745762264862, 交通灯奖励:-742.4599999999714, 与前车进行交互的惩罚:0.0
Episode:39/100, Reward:-2200.7334549064913
Episode:39/100, avg speed:14.660337591273162
Episode:39/100, avg halt num:0.19755003450655625
Episode:39/100, avg elec cons:2.0942747005938203
 Retrying in 1 seconds
Warning: Unused states in tlLogic 'J10', program '0' in phase 0 after tl-index 10
Simulation......
总奖励:-1964.4941262167854, 速度奖励:-533.8372134419739, 加速度奖励:-759.3569127748237, 交通灯奖励:-671.2999999999771, 与前车进行交互的惩罚:0.0
Episode:40/100, Reward:-1964.4941262167854
Episode:40/100, avg speed:15.124559935119327
Episode:40/100, avg halt num:0.1854280510018215
Episode:40/100, avg elec cons:2.3274606752291533
 Retrying in 1 seconds
Warning: Unused states in tlLogic 'J10', program '0' in phase 0 after tl-index 10
Simulation......
总奖励:-1919.977401793637, 速度奖励:-488.3975803529762, 加速度奖励:-748.119821440675, 交通灯奖励:-683.459999999981, 与前车进行交互的惩罚:0.0
Episode:41/100, Reward:-1919.977401793637
Episode:41/100, avg speed:15.299296543823582
Episode:41/100, avg halt num:0.20195113056163386
Episode:41/100, avg elec cons:2.294456139213016
 Retrying in 1 seconds
Warning: Unused states in tlLogic 'J10', program '0' in phase 0 after tl-index 10
Simulation......
总奖励:-2204.5207659403213, 速度奖励:-638.9568580679764, 加速度奖励:-914.7639078723346, 交通灯奖励:-650.7999999999598, 与前车进行交互的惩罚:0.0
Episode:42/100, Reward:-2204.5207659403213
Episode:42/100, avg speed:14.242042888266415
Episode:42/100, avg halt num:0.17323109097246428
Episode:42/100, avg elec cons:1.8752876387534645
 Retrying in 1 seconds
Warning: Unused states in tlLogic 'J10', program '0' in phase 0 after tl-index 10
Simulation......
总奖励:-9241.300243382833, 速度奖励:-3336.998497929335, 加速度奖励:-2386.0417454532057, 交通灯奖励:-3518.260000001277, 与前车进行交互的惩罚:0.0
Episode:43/100, Reward:-9241.300243382833
Episode:43/100, avg speed:6.288319004088116
Episode:43/100, avg halt num:0.6615411195577056
Episode:43/100, avg elec cons:0.582094632373544
 Retrying in 1 seconds
Warning: Unused states in tlLogic 'J10', program '0' in phase 0 after tl-index 10
Simulation......
总奖励:-8450.99857116706, 速度奖励:-2861.9184631592275, 加速度奖励:-2151.060108007728, 交通灯奖励:-3438.02000000115, 与前车进行交互的惩罚:0.0
Episode:44/100, Reward:-8450.99857116706
Episode:44/100, avg speed:8.117495316169498
Episode:44/100, avg halt num:0.5262192885955262
Episode:44/100, avg elec cons:0.7537975643978365
 Retrying in 1 seconds
Warning: Unused states in tlLogic 'J10', program '0' in phase 0 after tl-index 10
Simulation......
总奖励:-2566.4510052642354, 速度奖励:-724.1839525799672, 加速度奖励:-874.9070526841697, 交通灯奖励:-967.3599999999997, 与前车进行交互的惩罚:0.0
Episode:45/100, Reward:-2566.4510052642354
Episode:45/100, avg speed:13.484329327655022
Episode:45/100, avg halt num:0.26495308835027365
Episode:45/100, avg elec cons:1.7961996520547086
 Retrying in 1 seconds
Warning: Unused states in tlLogic 'J10', program '0' in phase 0 after tl-index 10
Simulation......
总奖励:-2689.7677428784114, 速度奖励:-618.9390500309702, 加速度奖励:-932.2486928473184, 交通灯奖励:-1138.5799999999738, 与前车进行交互的惩罚:0.0
Episode:46/100, Reward:-2689.7677428784114
Episode:46/100, avg speed:14.921736272704944
Episode:46/100, avg halt num:0.25533661740558294
Episode:46/100, avg elec cons:1.6424366620506012
 Retrying in 1 seconds
Warning: Unused states in tlLogic 'J10', program '0' in phase 0 after tl-index 10
Simulation......
总奖励:-3652.909773106178, 速度奖励:-873.0134894519587, 加速度奖励:-1064.7362836539098, 交通灯奖励:-1715.1599999999191, 与前车进行交互的惩罚:0.0
Episode:47/100, Reward:-3652.909773106178
Episode:47/100, avg speed:12.958490780478522
Episode:47/100, avg halt num:0.35121862495452894
Episode:47/100, avg elec cons:1.5279552462953319
 Retrying in 1 seconds
Warning: Unused states in tlLogic 'J10', program '0' in phase 0 after tl-index 10
Simulation......
总奖励:-6548.803609611047, 速度奖励:-1843.7807306879731, 加速度奖励:-1900.782878922865, 交通灯奖励:-2804.2400000005423, 与前车进行交互的惩罚:0.0
Episode:48/100, Reward:-6548.803609611047
Episode:48/100, avg speed:9.347741060030607
Episode:48/100, avg halt num:0.3746878344630753
Episode:48/100, avg elec cons:1.0327308437301679
 Retrying in 1 seconds
Warning: Unused states in tlLogic 'J10', program '0' in phase 0 after tl-index 10
Simulation......
总奖励:-9556.096500308095, 速度奖励:-2934.1954758152, 加速度奖励:-2748.401024492721, 交通灯奖励:-3873.5000000013915, 与前车进行交互的惩罚:0.0
Episode:49/100, Reward:-9556.096500308095
Episode:49/100, avg speed:7.205457619052723
Episode:49/100, avg halt num:0.275
Episode:49/100, avg elec cons:0.5742175084218689
 Retrying in 1 seconds
Warning: Unused states in tlLogic 'J10', program '0' in phase 0 after tl-index 10
Simulation......
总奖励:-9151.526039385037, 速度奖励:-2923.968739491201, 加速度奖励:-2833.0172998934745, 交通灯奖励:-3394.5400000010954, 与前车进行交互的惩罚:0.0
Episode:50/100, Reward:-9151.526039385037
Episode:50/100, avg speed:8.031830105755917
Episode:50/100, avg halt num:0.4947579401788467
Episode:50/100, avg elec cons:0.7672312749132879
 Retrying in 1 seconds
Warning: Unused states in tlLogic 'J10', program '0' in phase 0 after tl-index 10
Simulation......
总奖励:-9401.653442735935, 速度奖励:-3096.180240390227, 加速度奖励:-2828.353202345339, 交通灯奖励:-3477.120000001183, 与前车进行交互的惩罚:0.0
Episode:51/100, Reward:-9401.653442735935
Episode:51/100, avg speed:8.03801931878431
Episode:51/100, avg halt num:0.5619218143837661
Episode:51/100, avg elec cons:0.8008272235915632
 Retrying in 1 seconds
Warning: Unused states in tlLogic 'J10', program '0' in phase 0 after tl-index 10
Simulation......
总奖励:-11419.992269029277, 速度奖励:-3979.0073716023103, 加速度奖励:-3046.704897426781, 交通灯奖励:-4394.280000001997, 与前车进行交互的惩罚:0.0
Episode:52/100, Reward:-11419.992269029277
Episode:52/100, avg speed:6.414111109025684
Episode:52/100, avg halt num:0.5744174597965211
Episode:52/100, avg elec cons:0.6438945082224409
 Retrying in 1 seconds
Warning: Unused states in tlLogic 'J10', program '0' in phase 0 after tl-index 10
Simulation......
总奖励:-11103.44842140919, 速度奖励:-3754.5283765802455, 加速度奖励:-3015.96004482888, 交通灯奖励:-4332.9600000019345, 与前车进行交互的惩罚:0.0
Episode:53/100, Reward:-11103.44842140919
Episode:53/100, avg speed:6.776935309521236
Episode:53/100, avg halt num:0.36553565818410305
Episode:53/100, avg elec cons:0.5243085056662988
 Retrying in 1 seconds
Warning: Unused states in tlLogic 'J10', program '0' in phase 0 after tl-index 10
Simulation......
总奖励:-11736.61215889956, 速度奖励:-3827.0348499692077, 加速度奖励:-3381.2173089301714, 交通灯奖励:-4528.360000002078, 与前车进行交互的惩罚:0.0
Episode:54/100, Reward:-11736.61215889956
Episode:54/100, avg speed:6.9698786189835
Episode:54/100, avg halt num:0.35290097205346294
Episode:54/100, avg elec cons:0.5039600962831093
 Retrying in 1 seconds
Warning: Unused states in tlLogic 'J10', program '0' in phase 0 after tl-index 10
Simulation......
总奖励:-11883.088435662237, 速度奖励:-3926.868269463279, 加速度奖励:-3479.3001661988774, 交通灯奖励:-4476.920000002052, 与前车进行交互的惩罚:0.0
Episode:55/100, Reward:-11883.088435662237
Episode:55/100, avg speed:5.118198372657326
Episode:55/100, avg halt num:0.4832740213523132
Episode:55/100, avg elec cons:0.6025981188234778
 Retrying in 1 seconds
Warning: Unused states in tlLogic 'J10', program '0' in phase 0 after tl-index 10
Simulation......
总奖励:-12077.713093282928, 速度奖励:-4025.020989447253, 加速度奖励:-3911.7521038353702, 交通灯奖励:-4140.940000001932, 与前车进行交互的惩罚:0.0
Episode:56/100, Reward:-12077.713093282928
Episode:56/100, avg speed:6.475408832614694
Episode:56/100, avg halt num:0.398227287116176
Episode:56/100, avg elec cons:0.5294263245051011
 Retrying in 1 seconds
Warning: Unused states in tlLogic 'J10', program '0' in phase 0 after tl-index 10
Simulation......
总奖励:-10395.774062434357, 速度奖励:-3741.2085408394355, 加速度奖励:-3501.185521594419, 交通灯奖励:-3153.380000001094, 与前车进行交互的惩罚:0.0
Episode:57/100, Reward:-10395.774062434357
Episode:57/100, avg speed:6.285946837647948
Episode:57/100, avg halt num:0.6640869565217391
Episode:57/100, avg elec cons:0.6078838804729825
 Retrying in 1 seconds
Warning: Unused states in tlLogic 'J10', program '0' in phase 0 after tl-index 10
Simulation......
总奖励:-8914.3153737882, 速度奖励:-3250.6113695852755, 加速度奖励:-2763.1440042026093, 交通灯奖励:-2900.560000000861, 与前车进行交互的惩罚:0.0
Episode:58/100, Reward:-8914.3153737882
Episode:58/100, avg speed:5.687142195935139
Episode:58/100, avg halt num:0.5726989365603227
Episode:58/100, avg elec cons:0.6470779593745599
 Retrying in 1 seconds
Warning: Unused states in tlLogic 'J10', program '0' in phase 0 after tl-index 10
Simulation......
总奖励:-9176.402750893243, 速度奖励:-3275.0952985712206, 加速度奖励:-2701.4674523216913, 交通灯奖励:-3199.8400000010643, 与前车进行交互的惩罚:0.0
Episode:59/100, Reward:-9176.402750893243
Episode:59/100, avg speed:7.515512497427131
Episode:59/100, avg halt num:0.5474967907573812
Episode:59/100, avg elec cons:0.6111495389430261
 Retrying in 1 seconds
Warning: Unused states in tlLogic 'J10', program '0' in phase 0 after tl-index 10
Simulation......
总奖励:-9881.557236829423, 速度奖励:-3152.355365349173, 加速度奖励:-3004.681871479872, 交通灯奖励:-3724.520000001392, 与前车进行交互的惩罚:0.0
Episode:60/100, Reward:-9881.557236829423
Episode:60/100, avg speed:7.411826187956291
Episode:60/100, avg halt num:0.4224495848161329
Episode:60/100, avg elec cons:0.555017376001813
 Retrying in 1 seconds
Warning: Unused states in tlLogic 'J10', program '0' in phase 0 after tl-index 10
Simulation......
总奖励:-10954.626462366976, 速度奖励:-3618.5770792442095, 加速度奖励:-2938.169383122411, 交通灯奖励:-4397.8800000019155, 与前车进行交互的惩罚:0.0
Episode:61/100, Reward:-10954.626462366976
Episode:61/100, avg speed:6.579982257914416
Episode:61/100, avg halt num:0.5754488950276243
Episode:61/100, avg elec cons:0.5774025617845238
 Retrying in 1 seconds
Warning: Unused states in tlLogic 'J10', program '0' in phase 0 after tl-index 10
Simulation......
总奖励:-10351.15374900501, 速度奖励:-3329.61981048023, 加速度奖励:-2901.573938524571, 交通灯奖励:-4119.960000001683, 与前车进行交互的惩罚:0.0
Episode:62/100, Reward:-10351.15374900501
Episode:62/100, avg speed:7.168145648693597
Episode:62/100, avg halt num:0.40641993957703926
Episode:62/100, avg elec cons:0.5086166815058623
 Retrying in 1 seconds
Warning: Unused states in tlLogic 'J10', program '0' in phase 0 after tl-index 10
Simulation......
总奖励:-10371.135112849995, 速度奖励:-3430.890675153232, 加速度奖励:-2885.7044376963936, 交通灯奖励:-4054.54000000167, 与前车进行交互的惩罚:0.0
Episode:63/100, Reward:-10371.135112849995
Episode:63/100, avg speed:8.038012702824089
Episode:63/100, avg halt num:0.42722971035273877
Episode:63/100, avg elec cons:0.5163928153010459
 Retrying in 1 seconds
Warning: Unused states in tlLogic 'J10', program '0' in phase 0 after tl-index 10
Simulation......
总奖励:-10952.027411532921, 速度奖励:-3592.2855805652825, 加速度奖励:-3091.4018309673834, 交通灯奖励:-4268.34000000184, 与前车进行交互的惩罚:0.0
Episode:64/100, Reward:-10952.027411532921
Episode:64/100, avg speed:6.114320061710958
Episode:64/100, avg halt num:0.5423166279455692
Episode:64/100, avg elec cons:0.6101858911569896
 Retrying in 1 seconds
Warning: Unused states in tlLogic 'J10', program '0' in phase 0 after tl-index 10
Simulation......
总奖励:-10332.419808121722, 速度奖励:-3403.9141462081766, 加速度奖励:-3120.9256619132375, 交通灯奖励:-3807.5800000015233, 与前车进行交互的惩罚:0.0
Episode:65/100, Reward:-10332.419808121722
Episode:65/100, avg speed:6.925974107932444
Episode:65/100, avg halt num:0.45596450870851135
Episode:65/100, avg elec cons:0.5803075393988659
 Retrying in 1 seconds
Warning: Unused states in tlLogic 'J10', program '0' in phase 0 after tl-index 10
Simulation......
总奖励:-9387.012489906447, 速度奖励:-3179.742939504234, 加速度奖励:-2598.8695504019433, 交通灯奖励:-3608.4000000013466, 与前车进行交互的惩罚:0.0
Episode:66/100, Reward:-9387.012489906447
Episode:66/100, avg speed:8.727345873736164
Episode:66/100, avg halt num:0.5108797745773325
Episode:66/100, avg elec cons:0.6486637697323925
 Retrying in 1 seconds
Warning: Unused states in tlLogic 'J10', program '0' in phase 0 after tl-index 10
Simulation......
总奖励:-4076.859602656512, 速度奖励:-1037.3587039619663, 加速度奖励:-1287.2808986943478, 交通灯奖励:-1752.2199999999473, 与前车进行交互的惩罚:0.0
Episode:67/100, Reward:-4076.859602656512
Episode:67/100, avg speed:12.681843614300961
Episode:67/100, avg halt num:0.25781738586616637
Episode:67/100, avg elec cons:0.9893189274186605
 Retrying in 1 seconds
Warning: Unused states in tlLogic 'J10', program '0' in phase 0 after tl-index 10
Simulation......
总奖励:-7310.908669862852, 速度奖励:-2304.446372234981, 加速度奖励:-1760.3222976275058, 交通灯奖励:-3246.140000000856, 与前车进行交互的惩罚:0.0
Episode:68/100, Reward:-7310.908669862852
Episode:68/100, avg speed:9.623427912584862
Episode:68/100, avg halt num:0.47335329341317367
Episode:68/100, avg elec cons:0.668355753562947
 Retrying in 1 seconds
Warning: Unused states in tlLogic 'J10', program '0' in phase 0 after tl-index 10
Simulation......
总奖励:-6982.457038162416, 速度奖励:-2190.828289986, 加速度奖励:-1817.308748175868, 交通灯奖励:-2974.32000000068, 与前车进行交互的惩罚:0.0
Episode:69/100, Reward:-6982.457038162416
Episode:69/100, avg speed:8.936891644798173
Episode:69/100, avg halt num:0.4578751857355126
Episode:69/100, avg elec cons:0.6123229432401956
 Retrying in 1 seconds
Warning: Unused states in tlLogic 'J10', program '0' in phase 0 after tl-index 10
Simulation......
总奖励:-5692.463995934257, 速度奖励:-1790.5829496119218, 加速度奖励:-1708.3810463217105, 交通灯奖励:-2193.500000000086, 与前车进行交互的惩罚:0.0
Episode:70/100, Reward:-5692.463995934257
Episode:70/100, avg speed:9.076443721709104
Episode:70/100, avg halt num:0.4917005950516755
Episode:70/100, avg elec cons:0.7914336120375632
 Retrying in 1 seconds
Warning: Unused states in tlLogic 'J10', program '0' in phase 0 after tl-index 10
Simulation......
总奖励:-5275.417243056103, 速度奖励:-1711.6125842429217, 加速度奖励:-1590.1246588127105, 交通灯奖励:-1973.6799999999837, 与前车进行交互的惩罚:0.0
Episode:71/100, Reward:-5275.417243056103
Episode:71/100, avg speed:10.552630461493784
Episode:71/100, avg halt num:0.4962875197472354
Episode:71/100, avg elec cons:0.9879089295246439
 Retrying in 1 seconds
Warning: Unused states in tlLogic 'J10', program '0' in phase 0 after tl-index 10
Simulation......
总奖励:-5457.218046177313, 速度奖励:-1928.2106698469338, 加速度奖励:-1574.1873763298836, 交通灯奖励:-1954.820000000014, 与前车进行交互的惩罚:0.0
Episode:72/100, Reward:-5457.218046177313
Episode:72/100, avg speed:8.7421982778344
Episode:72/100, avg halt num:0.5842361863488624
Episode:72/100, avg elec cons:0.965310580572097
 Retrying in 1 seconds
Warning: Unused states in tlLogic 'J10', program '0' in phase 0 after tl-index 10
Simulation......
总奖励:-6188.388865775577, 速度奖励:-2032.0779928499212, 加速度奖励:-1891.6308729251446, 交通灯奖励:-2264.680000000154, 与前车进行交互的惩罚:0.0
Episode:73/100, Reward:-6188.388865775577
Episode:73/100, avg speed:8.98893361725609
Episode:73/100, avg halt num:0.47075606276747506
Episode:73/100, avg elec cons:0.8185583360869587
 Retrying in 1 seconds
Warning: Unused states in tlLogic 'J10', program '0' in phase 0 after tl-index 10
Simulation......
总奖励:-6933.386964857336, 速度奖励:-2381.663288457061, 加速度奖励:-2074.803676399777, 交通灯奖励:-2476.920000000404, 与前车进行交互的惩罚:0.0
Episode:74/100, Reward:-6933.386964857336
Episode:74/100, avg speed:9.977952178997004
Episode:74/100, avg halt num:0.5596634763815993
Episode:74/100, avg elec cons:0.8801879346809433
 Retrying in 1 seconds
Warning: Unused states in tlLogic 'J10', program '0' in phase 0 after tl-index 10
Simulation......
总奖励:-4910.875162075663, 速度奖励:-1481.880868802965, 加速度奖励:-1762.5342932724661, 交通灯奖励:-1666.460000000034, 与前车进行交互的惩罚:0.0
Episode:75/100, Reward:-4910.875162075663
Episode:75/100, avg speed:11.22663881527117
Episode:75/100, avg halt num:0.2666977322149736
Episode:75/100, avg elec cons:0.9783242082441342
 Retrying in 1 seconds
Warning: Unused states in tlLogic 'J10', program '0' in phase 0 after tl-index 10
Simulation......
总奖励:-3858.840994587969, 速度奖励:-1156.7312459009768, 加速度奖励:-1477.3297486868776, 交通灯奖励:-1224.7800000000423, 与前车进行交互的惩罚:0.0
Episode:76/100, Reward:-3858.840994587969
Episode:76/100, avg speed:11.456436581727743
Episode:76/100, avg halt num:0.27564596991901275
Episode:76/100, avg elec cons:1.4504403783383402
 Retrying in 1 seconds
Warning: Unused states in tlLogic 'J10', program '0' in phase 0 after tl-index 10
Simulation......
总奖励:-3961.7436704223555, 速度奖励:-1205.7903684629753, 加速度奖励:-1594.2533019592217, 交通灯奖励:-1161.7000000000617, 与前车进行交互的惩罚:0.0
Episode:77/100, Reward:-3961.7436704223555
Episode:77/100, avg speed:11.524284654940784
Episode:77/100, avg halt num:0.23184702150158618
Episode:77/100, avg elec cons:1.216105255746119
 Retrying in 1 seconds
Warning: Unused states in tlLogic 'J10', program '0' in phase 0 after tl-index 10
Simulation......
总奖励:-4619.199277280665, 速度奖励:-1561.300757234949, 加速度奖励:-1814.5785200454275, 交通灯奖励:-1243.3200000000813, 与前车进行交互的惩罚:0.0
Episode:78/100, Reward:-4619.199277280665
Episode:78/100, avg speed:9.896496591909699
Episode:78/100, avg halt num:0.4227583723442564
Episode:78/100, avg elec cons:1.2235988451267088
 Retrying in 1 seconds
Warning: Unused states in tlLogic 'J10', program '0' in phase 0 after tl-index 10
Simulation......
总奖励:-4726.042418399167, 速度奖励:-1710.445654079931, 加速度奖励:-1777.3567643188178, 交通灯奖励:-1238.2400000000848, 与前车进行交互的惩罚:0.0
Episode:79/100, Reward:-4726.042418399167
Episode:79/100, avg speed:9.957614608044176
Episode:79/100, avg halt num:0.5337183308494784
Episode:79/100, avg elec cons:1.180515080333579
 Retrying in 1 seconds
Warning: Unused states in tlLogic 'J10', program '0' in phase 0 after tl-index 10
Simulation......
总奖励:-3360.9127619749106, 速度奖励:-950.4549880469685, 加速度奖励:-1338.7377739277563, 交通灯奖励:-1071.7199999999984, 与前车进行交互的惩罚:0.0
Episode:80/100, Reward:-3360.9127619749106
Episode:80/100, avg speed:12.769386991946629
Episode:80/100, avg halt num:0.2823684210526316
Episode:80/100, avg elec cons:1.4097217994794158
 Retrying in 1 seconds
Warning: Unused states in tlLogic 'J10', program '0' in phase 0 after tl-index 10
Simulation......
总奖励:-3049.7158645651784, 速度奖励:-834.920167400964, 加速度奖励:-1118.3556971640671, 交通灯奖励:-1096.4400000000026, 与前车进行交互的惩罚:0.0
Episode:81/100, Reward:-3049.7158645651784
Episode:81/100, avg speed:12.982685475961517
Episode:81/100, avg halt num:0.318825194621373
Episode:81/100, avg elec cons:1.410411866085284
 Retrying in 1 seconds
Warning: Unused states in tlLogic 'J10', program '0' in phase 0 after tl-index 10
Simulation......
总奖励:-3466.3326206451525, 速度奖励:-1113.52385925896, 加速度奖励:-1429.5687613860225, 交通灯奖励:-923.2400000000355, 与前车进行交互的惩罚:0.0
Episode:82/100, Reward:-3466.3326206451525
Episode:82/100, avg speed:11.393973381703216
Episode:82/100, avg halt num:0.3237673343605547
Episode:82/100, avg elec cons:1.2457596171711094
 Retrying in 1 seconds
Warning: Unused states in tlLogic 'J10', program '0' in phase 0 after tl-index 10
Simulation......
总奖励:-3632.140061497359, 速度奖励:-1244.9005602029606, 加速度奖励:-1620.8995012941934, 交通灯奖励:-766.3400000000074, 与前车进行交互的惩罚:0.0
Episode:83/100, Reward:-3632.140061497359
Episode:83/100, avg speed:11.800102491308227
Episode:83/100, avg halt num:0.26672800267648045
Episode:83/100, avg elec cons:1.0041985709130685
 Retrying in 1 seconds
Warning: Unused states in tlLogic 'J10', program '0' in phase 0 after tl-index 10
Simulation......
总奖励:-2355.910478946908, 速度奖励:-682.0770933989711, 加速度奖励:-1118.033385547887, 交通灯奖励:-555.7999999999575, 与前车进行交互的惩罚:0.0
Episode:84/100, Reward:-2355.910478946908
Episode:84/100, avg speed:13.479037958123218
Episode:84/100, avg halt num:0.2066536203522505
Episode:84/100, avg elec cons:1.6011940394365203
 Retrying in 1 seconds
Warning: Unused states in tlLogic 'J10', program '0' in phase 0 after tl-index 10
Simulation......
总奖励:-2744.5320718739217, 速度奖励:-827.8291420739669, 加速度奖励:-1205.3229297998446, 交通灯奖励:-711.3799999999567, 与前车进行交互的惩罚:0.0
Episode:85/100, Reward:-2744.5320718739217
Episode:85/100, avg speed:13.21823052462841
Episode:85/100, avg halt num:0.23904018598472268
Episode:85/100, avg elec cons:1.2259510524201263
 Retrying in 1 seconds
Warning: Unused states in tlLogic 'J10', program '0' in phase 0 after tl-index 10
Simulation......
总奖励:-2572.7733962476905, 速度奖励:-829.0984664879594, 加速度奖励:-1203.654929759629, 交通灯奖励:-540.0199999999683, 与前车进行交互的惩罚:0.0
Episode:86/100, Reward:-2572.7733962476905
Episode:86/100, avg speed:13.500658609924603
Episode:86/100, avg halt num:0.22152862362971987
Episode:86/100, avg elec cons:1.183353454863877
 Retrying in 1 seconds
Warning: Unused states in tlLogic 'J10', program '0' in phase 0 after tl-index 10
Simulation......
总奖励:-2367.359676853675, 速度奖励:-730.6745159249681, 加速度奖励:-1081.2651609286181, 交通灯奖励:-555.4199999999603, 与前车进行交互的惩罚:0.0
Episode:87/100, Reward:-2367.359676853675
Episode:87/100, avg speed:13.452492010268648
Episode:87/100, avg halt num:0.2656955272876487
Episode:87/100, avg elec cons:1.8079967410286903
 Retrying in 1 seconds
Warning: Unused states in tlLogic 'J10', program '0' in phase 0 after tl-index 10
Simulation......
总奖励:-2523.7386908269254, 速度奖励:-753.5964906179602, 加速度奖励:-1154.1422002088402, 交通灯奖励:-615.9999999999883, 与前车进行交互的惩罚:0.0
Episode:88/100, Reward:-2523.7386908269254
Episode:88/100, avg speed:13.93926878140706
Episode:88/100, avg halt num:0.24334120026972353
Episode:88/100, avg elec cons:1.3496077879747141
 Retrying in 1 seconds
Warning: Unused states in tlLogic 'J10', program '0' in phase 0 after tl-index 10
Simulation......
总奖励:-2420.9055418550815, 速度奖励:-787.8244134689763, 加速度奖励:-1228.3211283861015, 交通灯奖励:-404.7599999999746, 与前车进行交互的惩罚:0.0
Episode:89/100, Reward:-2420.9055418550815
Episode:89/100, avg speed:12.920668717351859
Episode:89/100, avg halt num:0.20692536204975864
Episode:89/100, avg elec cons:1.5604036363671192
 Retrying in 1 seconds
Warning: Unused states in tlLogic 'J10', program '0' in phase 0 after tl-index 10
Simulation......
总奖励:-2200.183168041543, 速度奖励:-821.6329752359848, 加速度奖励:-1280.3101928055587, 交通灯奖励:-98.23999999994976, 与前车进行交互的惩罚:0.0
Episode:90/100, Reward:-2200.183168041543
Episode:90/100, avg speed:12.273307921638096
Episode:90/100, avg halt num:0.1276902382782475
Episode:90/100, avg elec cons:1.385480712296573
 Retrying in 1 seconds
Warning: Unused states in tlLogic 'J10', program '0' in phase 0 after tl-index 10
Simulation......
总奖励:-2383.582350909823, 速度奖励:-922.0381186139784, 加速度奖励:-1226.5442322958122, 交通灯奖励:-235.00000000003493, 与前车进行交互的惩罚:0.0
Episode:91/100, Reward:-2383.582350909823
Episode:91/100, avg speed:11.800672206699135
Episode:91/100, avg halt num:0.19095092024539878
Episode:91/100, avg elec cons:1.2998489094807657
 Retrying in 1 seconds
Warning: Unused states in tlLogic 'J10', program '0' in phase 0 after tl-index 10
Simulation......
总奖励:-2264.8447796454225, 速度奖励:-782.4260676509683, 加速度奖励:-1139.4787119943967, 交通灯奖励:-342.94000000001733, 与前车进行交互的惩罚:0.0
Episode:92/100, Reward:-2264.8447796454225
Episode:92/100, avg speed:12.954362736893634
Episode:92/100, avg halt num:0.20134478894284646
Episode:92/100, avg elec cons:1.5113881557849542
 Retrying in 1 seconds
Warning: Unused states in tlLogic 'J10', program '0' in phase 0 after tl-index 10
Simulation......
总奖励:-3295.7554027289575, 速度奖励:-1289.7582065999502, 加速度奖励:-1340.8771961287885, 交通灯奖励:-665.1200000000011, 与前车进行交互的惩罚:0.0
Episode:93/100, Reward:-3295.7554027289575
Episode:93/100, avg speed:11.175042895106463
Episode:93/100, avg halt num:0.3533203125
Episode:93/100, avg elec cons:1.1647866389538188
 Retrying in 1 seconds
Warning: Unused states in tlLogic 'J10', program '0' in phase 0 after tl-index 10
Simulation......
总奖励:-3146.085705735561, 速度奖励:-1362.6216932759721, 加速度奖励:-1479.6640124594692, 交通灯奖励:-303.79999999999205, 与前车进行交互的惩罚:0.0
Episode:94/100, Reward:-3146.085705735561
Episode:94/100, avg speed:10.740633046777546
Episode:94/100, avg halt num:0.19606413994169097
Episode:94/100, avg elec cons:0.7847879853989507
 Retrying in 1 seconds
Warning: Unused states in tlLogic 'J10', program '0' in phase 0 after tl-index 10
Simulation......
总奖励:-3111.1157404554324, 速度奖励:-1423.5743708999673, 加速度奖励:-1409.3213695553204, 交通灯奖励:-278.22000000004044, 与前车进行交互的惩罚:0.0
Episode:95/100, Reward:-3111.1157404554324
Episode:95/100, avg speed:10.21948956740853
Episode:95/100, avg halt num:0.21958592891168927
Episode:95/100, avg elec cons:0.870013144214461
 Retrying in 1 seconds
Warning: Unused states in tlLogic 'J10', program '0' in phase 0 after tl-index 10
Simulation......
总奖励:-3431.4756894864818, 速度奖励:-1769.77480606194, 加速度奖励:-1297.560883424256, 交通灯奖励:-364.13999999994104, 与前车进行交互的惩罚:0.0
Episode:96/100, Reward:-3431.4756894864818
Episode:96/100, avg speed:9.077354272740104
Episode:96/100, avg halt num:0.4079841449603624
Episode:96/100, avg elec cons:0.7568955547585121
 Retrying in 1 seconds
Warning: Unused states in tlLogic 'J10', program '0' in phase 0 after tl-index 10
Simulation......
总奖励:-2460.07880973366, 速度奖励:-1319.5206271079774, 加速度奖励:-1026.2981826256557, 交通灯奖励:-114.2600000000238, 与前车进行交互的惩罚:0.0
Episode:97/100, Reward:-2460.07880973366
Episode:97/100, avg speed:10.849981408599922
Episode:97/100, avg halt num:0.18702579666160848
Episode:97/100, avg elec cons:0.7554523855868459
 Retrying in 1 seconds
Warning: Unused states in tlLogic 'J10', program '0' in phase 0 after tl-index 10
Simulation......
总奖励:-1962.169243153601, 速度奖励:-1069.6430206890075, 加速度奖励:-963.4862224646023, 交通灯奖励:70.96000000000177, 与前车进行交互的惩罚:0.0
Episode:98/100, Reward:-1962.169243153601
Episode:98/100, avg speed:10.490055399407797
Episode:98/100, avg halt num:0.03917486752460257
Episode:98/100, avg elec cons:0.828674813816483
 Retrying in 1 seconds
Warning: Unused states in tlLogic 'J10', program '0' in phase 0 after tl-index 10
Simulation......
总奖励:-1387.2188974384078, 速度奖励:-949.5736937640064, 加速度奖励:-693.2052036744138, 交通灯奖励:255.55999999997695, 与前车进行交互的惩罚:0.0
Episode:99/100, Reward:-1387.2188974384078
Episode:99/100, avg speed:12.231385573931032
Episode:99/100, avg halt num:0.020882452004041766
Episode:99/100, avg elec cons:0.686910363403164
 Retrying in 1 seconds
Warning: Unused states in tlLogic 'J10', program '0' in phase 0 after tl-index 10
Simulation......
总奖励:-1620.5055484379607, 速度奖励:-1098.0084204179905, 加速度奖励:-650.0971280199908, 交通灯奖励:127.6000000000345, 与前车进行交互的惩罚:0.0
Episode:100/100, Reward:-1620.5055484379607
Episode:100/100, avg speed:12.022168605829366
Episode:100/100, avg halt num:0.08306911857958148
Episode:100/100, avg elec cons:0.5916238725640836
model saved successfully!
Complete training!
final reward list:[-3085.0158346614535, -3594.4063046985125, -2584.483069644045, -2283.0222772565717, -2820.2580063562887, -2378.255901016935, -1352.743993249446, -1353.234494907113, -1537.2013846581804, -1647.5571305858352, -4115.764545347431, -3444.9628224195876, -4188.977702682168, -1646.891215783481, -1220.9071821402454, -1092.9950049571164, -1092.0230015640836, -1505.5642329101902, -1208.3602444081864, -1450.1742706736609, -1808.058914289973, -1721.4049992082641, -1801.483356057171, -2179.698490296074, -6169.016988548173, -2532.0129957163235, -1892.4859679304832, -2227.2043933805085, -2565.6218451655336, -2283.63160445523, -2352.2509484728444, -2437.022981148728, -3514.9515575094974, -9293.603831328646, -2828.247098367179, -2006.951185778331, -1912.3570736002828, -1730.332952154978, -2200.7334549064913, -1964.4941262167854, -1919.977401793637, -2204.5207659403213, -9241.300243382833, -8450.99857116706, -2566.4510052642354, -2689.7677428784114, -3652.909773106178, -6548.803609611047, -9556.096500308095, -9151.526039385037, -9401.653442735935, -11419.992269029277, -11103.44842140919, -11736.61215889956, -11883.088435662237, -12077.713093282928, -10395.774062434357, -8914.3153737882, -9176.402750893243, -9881.557236829423, -10954.626462366976, -10351.15374900501, -10371.135112849995, -10952.027411532921, -10332.419808121722, -9387.012489906447, -4076.859602656512, -7310.908669862852, -6982.457038162416, -5692.463995934257, -5275.417243056103, -5457.218046177313, -6188.388865775577, -6933.386964857336, -4910.875162075663, -3858.840994587969, -3961.7436704223555, -4619.199277280665, -4726.042418399167, -3360.9127619749106, -3049.7158645651784, -3466.3326206451525, -3632.140061497359, -2355.910478946908, -2744.5320718739217, -2572.7733962476905, -2367.359676853675, -2523.7386908269254, -2420.9055418550815, -2200.183168041543, -2383.582350909823, -2264.8447796454225, -3295.7554027289575, -3146.085705735561, -3111.1157404554324, -3431.4756894864818, -2460.07880973366, -1962.169243153601, -1387.2188974384078, -1620.5055484379607]
final speed list:[14.437917980568516, 14.017458994774065, 15.64474275275041, 15.183398228676529, 13.761622137125295, 13.004842458556004, 14.147683137787471, 14.319492455864342, 14.219482352833841, 13.838788762806463, 11.099775631998646, 11.273919646356488, 10.878077959705376, 12.491781594819026, 12.500063826094124, 12.07485391376868, 12.654708191598985, 10.444314913122355, 12.797852457871702, 15.1432203278228, 14.91028991905274, 14.90885198284276, 15.146017095143613, 14.206800722244227, 10.029273175087214, 13.185233857514373, 14.998293135968312, 14.73236670787187, 15.044784978861518, 15.616181037759857, 15.531728138497638, 15.090542007711548, 14.21827687167358, 9.569372867432502, 14.289910135720564, 14.562522043109949, 14.260779117274572, 15.015683555403628, 14.660337591273162, 15.124559935119327, 15.299296543823582, 14.242042888266415, 6.288319004088116, 8.117495316169498, 13.484329327655022, 14.921736272704944, 12.958490780478522, 9.347741060030607, 7.205457619052723, 8.031830105755917, 8.03801931878431, 6.414111109025684, 6.776935309521236, 6.9698786189835, 5.118198372657326, 6.475408832614694, 6.285946837647948, 5.687142195935139, 7.515512497427131, 7.411826187956291, 6.579982257914416, 7.168145648693597, 8.038012702824089, 6.114320061710958, 6.925974107932444, 8.727345873736164, 12.681843614300961, 9.623427912584862, 8.936891644798173, 9.076443721709104, 10.552630461493784, 8.7421982778344, 8.98893361725609, 9.977952178997004, 11.22663881527117, 11.456436581727743, 11.524284654940784, 9.896496591909699, 9.957614608044176, 12.769386991946629, 12.982685475961517, 11.393973381703216, 11.800102491308227, 13.479037958123218, 13.21823052462841, 13.500658609924603, 13.452492010268648, 13.93926878140706, 12.920668717351859, 12.273307921638096, 11.800672206699135, 12.954362736893634, 11.175042895106463, 10.740633046777546, 10.21948956740853, 9.077354272740104, 10.849981408599922, 10.490055399407797, 12.231385573931032, 12.022168605829366]
final elec cons list:[1.762902998089894, 1.8991220424325361, 2.0398951514253745, 2.514465670669595, 2.164432772997165, 2.0045980412936544, 1.863315508541175, 1.8254376045207434, 2.117406925751494, 1.9784893918742756, 0.5785817530378268, 0.8133492864906157, 1.0755319706222508, 1.129789563421214, 0.9357416905945672, 0.9004129042257599, 0.7231947929881235, 0.6278898040489653, 1.6148571795077435, 2.1327672708710557, 2.4410068982336006, 2.4453987849577294, 2.1129462146356075, 1.3907544274089296, 0.697557814818769, 2.18669603063262, 2.318453951589117, 2.5703585717901687, 2.4618617988931857, 2.347492063735796, 2.442858457869202, 2.4329391847720916, 1.9072785470994795, 0.8485849002014705, 1.7735467839455608, 1.8618273425080087, 2.268715019661446, 2.1356769911429403, 2.0942747005938203, 2.3274606752291533, 2.294456139213016, 1.8752876387534645, 0.582094632373544, 0.7537975643978365, 1.7961996520547086, 1.6424366620506012, 1.5279552462953319, 1.0327308437301679, 0.5742175084218689, 0.7672312749132879, 0.8008272235915632, 0.6438945082224409, 0.5243085056662988, 0.5039600962831093, 0.6025981188234778, 0.5294263245051011, 0.6078838804729825, 0.6470779593745599, 0.6111495389430261, 0.555017376001813, 0.5774025617845238, 0.5086166815058623, 0.5163928153010459, 0.6101858911569896, 0.5803075393988659, 0.6486637697323925, 0.9893189274186605, 0.668355753562947, 0.6123229432401956, 0.7914336120375632, 0.9879089295246439, 0.965310580572097, 0.8185583360869587, 0.8801879346809433, 0.9783242082441342, 1.4504403783383402, 1.216105255746119, 1.2235988451267088, 1.180515080333579, 1.4097217994794158, 1.410411866085284, 1.2457596171711094, 1.0041985709130685, 1.6011940394365203, 1.2259510524201263, 1.183353454863877, 1.8079967410286903, 1.3496077879747141, 1.5604036363671192, 1.385480712296573, 1.2998489094807657, 1.5113881557849542, 1.1647866389538188, 0.7847879853989507, 0.870013144214461, 0.7568955547585121, 0.7554523855868459, 0.828674813816483, 0.686910363403164, 0.5916238725640836]
final halt list:[0.3433744722312439, 0.4596020761245675, 0.2686335403726708, 0.26625, 0.2493682310469314, 0.1269121309142654, 0.11712328767123288, 0.09957493702770781, 0.09771986970684039, 0.12637931034482758, 0.23711742660836976, 0.17102598717516032, 0.2769113149847095, 0.10499139414802065, 0.053532410779315365, 0.045655375552282766, 0.04995102840352596, 0.10221048513302035, 0.015894396551724137, 0.09905341446923598, 0.19225516972298087, 0.1839265429761454, 0.16767983789260385, 0.17448080553807427, 0.3442880794701987, 0.1804064417177914, 0.18947645818692901, 0.2979621243310004, 0.31745871929118, 0.25586484593837533, 0.2673676304919264, 0.3084032012195122, 0.2333080424886191, 0.5024567943070146, 0.2441515038989974, 0.20679357969391565, 0.2101602023608769, 0.17174835970667696, 0.19755003450655625, 0.1854280510018215, 0.20195113056163386, 0.17323109097246428, 0.6615411195577056, 0.5262192885955262, 0.26495308835027365, 0.25533661740558294, 0.35121862495452894, 0.3746878344630753, 0.275, 0.4947579401788467, 0.5619218143837661, 0.5744174597965211, 0.36553565818410305, 0.35290097205346294, 0.4832740213523132, 0.398227287116176, 0.6640869565217391, 0.5726989365603227, 0.5474967907573812, 0.4224495848161329, 0.5754488950276243, 0.40641993957703926, 0.42722971035273877, 0.5423166279455692, 0.45596450870851135, 0.5108797745773325, 0.25781738586616637, 0.47335329341317367, 0.4578751857355126, 0.4917005950516755, 0.4962875197472354, 0.5842361863488624, 0.47075606276747506, 0.5596634763815993, 0.2666977322149736, 0.27564596991901275, 0.23184702150158618, 0.4227583723442564, 0.5337183308494784, 0.2823684210526316, 0.318825194621373, 0.3237673343605547, 0.26672800267648045, 0.2066536203522505, 0.23904018598472268, 0.22152862362971987, 0.2656955272876487, 0.24334120026972353, 0.20692536204975864, 0.1276902382782475, 0.19095092024539878, 0.20134478894284646, 0.3533203125, 0.19606413994169097, 0.21958592891168927, 0.4079841449603624, 0.18702579666160848, 0.03917486752460257, 0.020882452004041766, 0.08306911857958148]
speed reward list:[-930.6574919819515, -1184.5730724479397, -580.8518367929694, -484.22468720697447, -684.8128275029768, -820.5922384829825, -627.4395651689846, -604.5781531949849, -635.5417682159836, -684.6861778739817, -1793.0778726959702, -1325.5339139369787, -1735.8556854599565, -999.5680972439943, -980.8091762219938, -963.7408303740013, -937.7011002510029, -1175.290133336991, -845.8314966270032, -508.2572535119762, -568.7423006759716, -528.6986839169746, -572.4172661939757, -673.8558831719748, -2689.591085811068, -873.7715266199725, -578.6541765269694, -531.3066684389707, -571.5639299699711, -505.17560107797186, -496.8389800529738, -563.0793130979692, -822.4688942909738, -2624.2968244682684, -691.3985702669723, -552.6769092299712, -559.441272230976, -496.4825854529775, -633.6988786799739, -533.8372134419739, -488.3975803529762, -638.9568580679764, -3336.998497929335, -2861.9184631592275, -724.1839525799672, -618.9390500309702, -873.0134894519587, -1843.7807306879731, -2934.1954758152, -2923.968739491201, -3096.180240390227, -3979.0073716023103, -3754.5283765802455, -3827.0348499692077, -3926.868269463279, -4025.020989447253, -3741.2085408394355, -3250.6113695852755, -3275.0952985712206, -3152.355365349173, -3618.5770792442095, -3329.61981048023, -3430.890675153232, -3592.2855805652825, -3403.9141462081766, -3179.742939504234, -1037.3587039619663, -2304.446372234981, -2190.828289986, -1790.5829496119218, -1711.6125842429217, -1928.2106698469338, -2032.0779928499212, -2381.663288457061, -1481.880868802965, -1156.7312459009768, -1205.7903684629753, -1561.300757234949, -1710.445654079931, -950.4549880469685, -834.920167400964, -1113.52385925896, -1244.9005602029606, -682.0770933989711, -827.8291420739669, -829.0984664879594, -730.6745159249681, -753.5964906179602, -787.8244134689763, -821.6329752359848, -922.0381186139784, -782.4260676509683, -1289.7582065999502, -1362.6216932759721, -1423.5743708999673, -1769.77480606194, -1319.5206271079774, -1069.6430206890075, -949.5736937640064, -1098.0084204179905]
accel reward list:[-711.2383426792711, -681.333232250229, -827.4512328509248, -769.4175900495227, -994.3851788532597, -782.0036625338607, -535.9444280804757, -589.1363417121403, -678.4796164422091, -696.0709527118604, -1201.0466726512834, -1437.0889084824832, -1502.3620172219635, -418.74311853950826, -265.81800591825555, -251.95417458312434, -263.38190131308716, -332.9540995732092, -411.1087477811849, -619.0770171616847, -669.1566136140092, -646.3863152913071, -666.9060898632126, -693.182607124099, -1064.9259027368573, -864.321469096249, -683.8517914035165, -757.0577249414886, -848.0579151954436, -750.8560033771944, -775.1519684197848, -797.7236680506395, -1340.4426632184648, -3540.1270068597664, -1087.668528100048, -807.3342765483718, -781.0358013693201, -778.4103667020097, -824.5745762264862, -759.3569127748237, -748.119821440675, -914.7639078723346, -2386.0417454532057, -2151.060108007728, -874.9070526841697, -932.2486928473184, -1064.7362836539098, -1900.782878922865, -2748.401024492721, -2833.0172998934745, -2828.353202345339, -3046.704897426781, -3015.96004482888, -3381.2173089301714, -3479.3001661988774, -3911.7521038353702, -3501.185521594419, -2763.1440042026093, -2701.4674523216913, -3004.681871479872, -2938.169383122411, -2901.573938524571, -2885.7044376963936, -3091.4018309673834, -3120.9256619132375, -2598.8695504019433, -1287.2808986943478, -1760.3222976275058, -1817.308748175868, -1708.3810463217105, -1590.1246588127105, -1574.1873763298836, -1891.6308729251446, -2074.803676399777, -1762.5342932724661, -1477.3297486868776, -1594.2533019592217, -1814.5785200454275, -1777.3567643188178, -1338.7377739277563, -1118.3556971640671, -1429.5687613860225, -1620.8995012941934, -1118.033385547887, -1205.3229297998446, -1203.654929759629, -1081.2651609286181, -1154.1422002088402, -1228.3211283861015, -1280.3101928055587, -1226.5442322958122, -1139.4787119943967, -1340.8771961287885, -1479.6640124594692, -1409.3213695553204, -1297.560883424256, -1026.2981826256557, -963.4862224646023, -693.2052036744138, -650.0971280199908]
tls reward list:[-1443.1199999999506, -1728.499999999942, -1176.1799999999703, -1029.379999999982, -1141.0599999999927, -775.6600000000723, -189.36000000003273, -159.51999999999518, -223.18000000002235, -266.8000000000208, -1121.6400000001274, -682.3400000000254, -950.7600000000119, -228.58000000006783, 25.71999999999116, 122.70000000003755, 109.06000000001254, 2.6800000000099713, 48.57999999999333, -322.8400000000075, -570.1599999999806, -546.3199999999702, -562.1599999999778, -812.6600000000184, -2414.5000000004916, -793.9200000000063, -629.9799999999782, -938.8399999999722, -1145.9999999999661, -1027.59999999998, -1080.2599999999668, -1076.2199999999686, -1352.0399999999734, -3129.180000000859, -1049.1800000000198, -646.9399999999907, -571.8799999999864, -455.43999999999266, -742.4599999999714, -671.2999999999771, -683.459999999981, -650.7999999999598, -3518.260000001277, -3438.02000000115, -967.3599999999997, -1138.5799999999738, -1715.1599999999191, -2804.2400000005423, -3873.5000000013915, -3394.5400000010954, -3477.120000001183, -4394.280000001997, -4332.9600000019345, -4528.360000002078, -4476.920000002052, -4140.940000001932, -3153.380000001094, -2900.560000000861, -3199.8400000010643, -3724.520000001392, -4397.8800000019155, -4119.960000001683, -4054.54000000167, -4268.34000000184, -3807.5800000015233, -3608.4000000013466, -1752.2199999999473, -3246.140000000856, -2974.32000000068, -2193.500000000086, -1973.6799999999837, -1954.820000000014, -2264.680000000154, -2476.920000000404, -1666.460000000034, -1224.7800000000423, -1161.7000000000617, -1243.3200000000813, -1238.2400000000848, -1071.7199999999984, -1096.4400000000026, -923.2400000000355, -766.3400000000074, -555.7999999999575, -711.3799999999567, -540.0199999999683, -555.4199999999603, -615.9999999999883, -404.7599999999746, -98.23999999994976, -235.00000000003493, -342.94000000001733, -665.1200000000011, -303.79999999999205, -278.22000000004044, -364.13999999994104, -114.2600000000238, 70.96000000000177, 255.55999999997695, 127.6000000000345]
extra reward list:[0.0, 0.0, 0.0, 0.0, 0.0, 0.0, 0.0, 0.0, 0.0, 0.0, 0.0, 0.0, 0.0, 0.0, 0.0, 0.0, 0.0, 0.0, 0.0, 0.0, 0.0, 0.0, 0.0, 0.0, 0.0, 0.0, 0.0, 0.0, 0.0, 0.0, 0.0, 0.0, 0.0, 0.0, 0.0, 0.0, 0.0, 0.0, 0.0, 0.0, 0.0, 0.0, 0.0, 0.0, 0.0, 0.0, 0.0, 0.0, 0.0, 0.0, 0.0, 0.0, 0.0, 0.0, 0.0, 0.0, 0.0, 0.0, 0.0, 0.0, 0.0, 0.0, 0.0, 0.0, 0.0, 0.0, 0.0, 0.0, 0.0, 0.0, 0.0, 0.0, 0.0, 0.0, 0.0, 0.0, 0.0, 0.0, 0.0, 0.0, 0.0, 0.0, 0.0, 0.0, 0.0, 0.0, 0.0, 0.0, 0.0, 0.0, 0.0, 0.0, 0.0, 0.0, 0.0, 0.0, 0.0, 0.0, 0.0, 0.0]
