nohup: 忽略输入
Env:sumo, Algorithm:TD3, Device:cuda
-----------------------------------------
models/reward_s9e-3_a4e-2_t(-1_0.1).pth
-----------------------------------------
 Retrying in 1 seconds
Warning: Unused states in tlLogic 'J10', program '0' in phase 0 after tl-index 10
Simulation......
总奖励:70194.39183732441, 速度奖励:-8.36981999999813, 加速度奖励:-711.2383426792711, 交通灯奖励:70914, 与前车进行交互的惩罚:0.0
Episode:1/100, Reward:70194.39183732441
Episode:1/100, avg speed:14.437917980568516
Episode:1/100, avg halt num:0.3433744722312439
Episode:1/100, avg elec cons:1.762902998089894
 Retrying in 1 seconds
Warning: Unused states in tlLogic 'J10', program '0' in phase 0 after tl-index 10
Simulation......
总奖励:78466.40865775364, 速度奖励:-10.258109999997512, 加速度奖励:-681.333232250229, 交通灯奖励:79158, 与前车进行交互的惩罚:0.0
Episode:2/100, Reward:78466.40865775364
Episode:2/100, avg speed:14.017458994774065
Episode:2/100, avg halt num:0.4596020761245675
Episode:2/100, avg elec cons:1.8991220424325361
 Retrying in 1 seconds
Warning: Unused states in tlLogic 'J10', program '0' in phase 0 after tl-index 10
Simulation......
总奖励:52829.0621201487, 速度奖励:-5.361929999999249, 加速度奖励:-855.5759498549841, 交通灯奖励:53690, 与前车进行交互的惩罚:0.0
Episode:3/100, Reward:52829.0621201487
Episode:3/100, avg speed:15.551308187786198
Episode:3/100, avg halt num:0.26536952256376717
Episode:3/100, avg elec cons:2.043289944611837
 Retrying in 1 seconds
Warning: Unused states in tlLogic 'J10', program '0' in phase 0 after tl-index 10
Simulation......
总奖励:50147.3659801279, 速度奖励:-4.505759999999696, 加速度奖励:-770.1282598755333, 交通灯奖励:50922, 与前车进行交互的惩罚:0.0
Episode:4/100, Reward:50147.3659801279
Episode:4/100, avg speed:15.161627429177143
Episode:4/100, avg halt num:0.2693343593689881
Episode:4/100, avg elec cons:2.5116848907029476
 Retrying in 1 seconds
Warning: Unused states in tlLogic 'J10', program '0' in phase 0 after tl-index 10
Simulation......
总奖励:50365.49065274895, 速度奖励:-4.622129999999643, 加速度奖励:-785.887217254176, 交通灯奖励:51156, 与前车进行交互的惩罚:0.0
Episode:5/100, Reward:50365.49065274895
Episode:5/100, avg speed:15.441705854380785
Episode:5/100, avg halt num:0.27157258064516127
Episode:5/100, avg elec cons:2.5916861623211274
 Retrying in 1 seconds
Warning: Unused states in tlLogic 'J10', program '0' in phase 0 after tl-index 10
Simulation......
总奖励:51594.94348514583, 速度奖励:-4.717709999999576, 加速度奖励:-774.338804857499, 交通灯奖励:52374, 与前车进行交互的惩罚:0.0
Episode:6/100, Reward:51594.94348514583
Episode:6/100, avg speed:15.3911025401803
Episode:6/100, avg halt num:0.2697533071147658
Episode:6/100, avg elec cons:2.3255731716132457
 Retrying in 1 seconds
Warning: Unused states in tlLogic 'J10', program '0' in phase 0 after tl-index 10
Simulation......
总奖励:50443.33711207291, 速度奖励:-4.742729999999623, 加速度奖励:-793.9201579306736, 交通灯奖励:51242, 与前车进行交互的惩罚:0.0
Episode:7/100, Reward:50443.33711207291
Episode:7/100, avg speed:15.67719672913307
Episode:7/100, avg halt num:0.25420962199312713
Episode:7/100, avg elec cons:2.2241230807861743
 Retrying in 1 seconds
Warning: Unused states in tlLogic 'J10', program '0' in phase 0 after tl-index 10
Simulation......
总奖励:50664.23543780002, 速度奖励:-4.43798999999974, 加速度奖励:-771.3265722032388, 交通灯奖励:51440, 与前车进行交互的惩罚:0.0
Episode:8/100, Reward:50664.23543780002
Episode:8/100, avg speed:15.716487580634862
Episode:8/100, avg halt num:0.22265994327135202
Episode:8/100, avg elec cons:2.080308575195326
 Retrying in 1 seconds
Warning: Unused states in tlLogic 'J10', program '0' in phase 0 after tl-index 10
Simulation......
总奖励:50033.02123012428, 速度奖励:-4.553549999999692, 加速度奖励:-784.4252198792166, 交通灯奖励:50822, 与前车进行交互的惩罚:0.0
Episode:9/100, Reward:50033.02123012428
Episode:9/100, avg speed:15.611446762779465
Episode:9/100, avg halt num:0.23306740475415175
Episode:9/100, avg elec cons:2.1343546497810917
 Retrying in 1 seconds
Warning: Unused states in tlLogic 'J10', program '0' in phase 0 after tl-index 10
Simulation......
总奖励:53770.95010291096, 速度奖励:-4.889879999999508, 加速度奖励:-796.1600170925323, 交通灯奖励:54572, 与前车进行交互的惩罚:0.0
Episode:10/100, Reward:53770.95010291096
Episode:10/100, avg speed:15.289372284393869
Episode:10/100, avg halt num:0.27291152626013393
Episode:10/100, avg elec cons:2.256990037890317
 Retrying in 1 seconds
Warning: Unused states in tlLogic 'J10', program '0' in phase 0 after tl-index 10
Simulation......
总奖励:51176.490700635455, 速度奖励:-4.724999999999605, 加速度奖励:-786.7842993678365, 交通灯奖励:51968, 与前车进行交互的惩罚:0.0
Episode:11/100, Reward:51176.490700635455
Episode:11/100, avg speed:15.894975494619077
Episode:11/100, avg halt num:0.24015682349015682
Episode:11/100, avg elec cons:2.1746651066838405
 Retrying in 1 seconds
Warning: Unused states in tlLogic 'J10', program '0' in phase 0 after tl-index 10
Simulation......
总奖励:51684.61787402378, 速度奖励:-4.538519999999683, 加速度奖励:-776.8436059795664, 交通灯奖励:52466, 与前车进行交互的惩罚:0.0
Episode:12/100, Reward:51684.61787402378
Episode:12/100, avg speed:15.715193435074791
Episode:12/100, avg halt num:0.24145372928176795
Episode:12/100, avg elec cons:2.2313130253889932
 Retrying in 1 seconds
Warning: Unused states in tlLogic 'J10', program '0' in phase 0 after tl-index 10
Simulation......
总奖励:48821.585862279615, 速度奖励:-4.409909999999754, 加速度奖励:-768.0042277238477, 交通灯奖励:49594, 与前车进行交互的惩罚:0.0
Episode:13/100, Reward:48821.585862279615
Episode:13/100, avg speed:15.852047160294958
Episode:13/100, avg halt num:0.21859177215189873
Episode:13/100, avg elec cons:2.1010008702051155
 Retrying in 1 seconds
Warning: Unused states in tlLogic 'J10', program '0' in phase 0 after tl-index 10
Simulation......
总奖励:51259.0759629151, 速度奖励:-4.713029999999573, 加速度奖励:-778.2110070882411, 交通灯奖励:52042, 与前车进行交互的惩罚:0.0
Episode:14/100, Reward:51259.0759629151
Episode:14/100, avg speed:15.509340640066817
Episode:14/100, avg halt num:0.2649147727272727
Episode:14/100, avg elec cons:2.332432261568231
 Retrying in 1 seconds
Warning: Unused states in tlLogic 'J10', program '0' in phase 0 after tl-index 10
Simulation......
总奖励:52828.79977421278, 速度奖励:-4.995539999999457, 加速度奖励:-806.2046857904453, 交通灯奖励:53640, 与前车进行交互的惩罚:0.0
Episode:15/100, Reward:52828.79977421278
Episode:15/100, avg speed:15.564082835894757
Episode:15/100, avg halt num:0.2822850762932639
Episode:15/100, avg elec cons:2.3441028844106064
 Retrying in 1 seconds
Warning: Unused states in tlLogic 'J10', program '0' in phase 0 after tl-index 10
Simulation......
总奖励:50355.59592132592, 速度奖励:-4.8627899999995075, 加速度奖励:-789.5412886772074, 交通灯奖励:51150, 与前车进行交互的惩罚:0.0
Episode:16/100, Reward:50355.59592132592
Episode:16/100, avg speed:15.37534659873814
Episode:16/100, avg halt num:0.286910197869102
Episode:16/100, avg elec cons:2.457444383480852
 Retrying in 1 seconds
Warning: Unused states in tlLogic 'J10', program '0' in phase 0 after tl-index 10
Simulation......
总奖励:51663.09983809312, 速度奖励:-4.7989799999995695, 加速度奖励:-776.1011819102245, 交通灯奖励:52444, 与前车进行交互的惩罚:0.0
Episode:17/100, Reward:51663.09983809312
Episode:17/100, avg speed:15.585515651830484
Episode:17/100, avg halt num:0.2705003474635163
Episode:17/100, avg elec cons:2.2579416283471927
 Retrying in 1 seconds
Warning: Unused states in tlLogic 'J10', program '0' in phase 0 after tl-index 10
Simulation......
总奖励:51219.83080515172, 速度奖励:-4.637519999999651, 加速度奖励:-761.5316748513575, 交通灯奖励:51986, 与前车进行交互的惩罚:0.0
Episode:18/100, Reward:51219.83080515172
Episode:18/100, avg speed:14.81176787093056
Episode:18/100, avg halt num:0.29744525547445255
Episode:18/100, avg elec cons:2.6447256114174915
 Retrying in 1 seconds
Warning: Unused states in tlLogic 'J10', program '0' in phase 0 after tl-index 10
Simulation......
总奖励:52314.35247081015, 速度奖励:-5.099129999999417, 加速度奖励:-810.5483991932605, 交通灯奖励:53130, 与前车进行交互的惩罚:0.0
Episode:19/100, Reward:52314.35247081015
Episode:19/100, avg speed:15.311269303243902
Episode:19/100, avg halt num:0.28371294287780185
Episode:19/100, avg elec cons:2.3093675841044914
 Retrying in 1 seconds
Warning: Unused states in tlLogic 'J10', program '0' in phase 0 after tl-index 10
Simulation......
总奖励:51674.67468017124, 速度奖励:-4.739759999999561, 加速度奖励:-792.5855598320875, 交通灯奖励:52472, 与前车进行交互的惩罚:0.0
Episode:20/100, Reward:51674.67468017124
Episode:20/100, avg speed:15.63328546865251
Episode:20/100, avg halt num:0.24771108850457782
Episode:20/100, avg elec cons:2.188381858139405
 Retrying in 1 seconds
Warning: Unused states in tlLogic 'J10', program '0' in phase 0 after tl-index 10
Simulation......
总奖励:53600.24471288356, 速度奖励:-5.054759999999442, 加速度奖励:-798.7005271200286, 交通灯奖励:54404, 与前车进行交互的惩罚:0.0
Episode:21/100, Reward:53600.24471288356
Episode:21/100, avg speed:15.272925839010778
Episode:21/100, avg halt num:0.31086617245415527
Episode:21/100, avg elec cons:2.5097252751285963
 Retrying in 1 seconds
Warning: Unused states in tlLogic 'J10', program '0' in phase 0 after tl-index 10
Simulation......
总奖励:50706.70531441553, 速度奖励:-4.452209999999788, 加速度奖励:-756.8424755878307, 交通灯奖励:51468, 与前车进行交互的惩罚:0.0
Episode:22/100, Reward:50706.70531441553
Episode:22/100, avg speed:15.460540079432624
Episode:22/100, avg halt num:0.2640417457305503
Episode:22/100, avg elec cons:2.5121180314255187
 Retrying in 1 seconds
Warning: Unused states in tlLogic 'J10', program '0' in phase 0 after tl-index 10
Simulation......
总奖励:52651.51365488943, 速度奖励:-4.604579999999636, 加速度奖励:-775.8817651138268, 交通灯奖励:53432, 与前车进行交互的惩罚:0.0
Episode:23/100, Reward:52651.51365488943
Episode:23/100, avg speed:15.856874090639565
Episode:23/100, avg halt num:0.2418726718591263
Episode:23/100, avg elec cons:2.179348952716257
 Retrying in 1 seconds
Warning: Unused states in tlLogic 'J10', program '0' in phase 0 after tl-index 10
Simulation......
总奖励:53524.43717006564, 速度奖励:-4.711949999999575, 加速度奖励:-766.8508799380495, 交通灯奖励:54296, 与前车进行交互的惩罚:0.0
Episode:24/100, Reward:53524.43717006564
Episode:24/100, avg speed:15.628040193428037
Episode:24/100, avg halt num:0.25049570389953735
Episode:24/100, avg elec cons:2.176772953365822
 Retrying in 1 seconds
Warning: Unused states in tlLogic 'J10', program '0' in phase 0 after tl-index 10
Simulation......
总奖励:52342.63998795572, 速度奖励:-4.5024299999996895, 加速度奖励:-756.857582047627, 交通灯奖励:53104, 与前车进行交互的惩罚:0.0
Episode:25/100, Reward:52342.63998795572
Episode:25/100, avg speed:15.747406337121964
Episode:25/100, avg halt num:0.24491869918699186
Episode:25/100, avg elec cons:2.2378036724903034
 Retrying in 1 seconds
Warning: Unused states in tlLogic 'J10', program '0' in phase 0 after tl-index 10
Simulation......
总奖励:52663.44905857143, 速度奖励:-5.235479999999405, 加速度奖励:-805.3154614320562, 交通灯奖励:53474, 与前车进行交互的惩罚:0.0
Episode:26/100, Reward:52663.44905857143
Episode:26/100, avg speed:15.055428616819883
Episode:26/100, avg halt num:0.32009255688391824
Episode:26/100, avg elec cons:2.445713277528368
 Retrying in 1 seconds
Warning: Unused states in tlLogic 'J10', program '0' in phase 0 after tl-index 10
Simulation......
总奖励:52180.5432308035, 速度奖励:-4.841999999999555, 加速度奖励:-794.6147691998676, 交通灯奖励:52980, 与前车进行交互的惩罚:0.0
Episode:27/100, Reward:52180.5432308035
Episode:27/100, avg speed:15.40486788991206
Episode:27/100, avg halt num:0.2660751932536894
Episode:27/100, avg elec cons:2.257686055117178
 Retrying in 1 seconds
Warning: Unused states in tlLogic 'J10', program '0' in phase 0 after tl-index 10
Simulation......
总奖励:52087.16682473258, 速度奖励:-4.915889999999519, 加速度奖励:-799.9172852708103, 交通灯奖励:52892, 与前车进行交互的惩罚:0.0
Episode:28/100, Reward:52087.16682473258
Episode:28/100, avg speed:14.771901586249331
Episode:28/100, avg halt num:0.3138122684232194
Episode:28/100, avg elec cons:2.624544664470256
 Retrying in 1 seconds
Warning: Unused states in tlLogic 'J10', program '0' in phase 0 after tl-index 10
Simulation......
总奖励:52253.92265992618, 速度奖励:-5.234129999999366, 加速度奖励:-850.8432100769156, 交通灯奖励:53110, 与前车进行交互的惩罚:0.0
Episode:29/100, Reward:52253.92265992618
Episode:29/100, avg speed:15.048332711578864
Episode:29/100, avg halt num:0.3174315619967794
Episode:29/100, avg elec cons:2.4613457776235164
 Retrying in 1 seconds
Warning: Unused states in tlLogic 'J10', program '0' in phase 0 after tl-index 10
Simulation......
总奖励:51613.31954794599, 速度奖励:-4.609529999999642, 加速度奖励:-750.0709220573312, 交通灯奖励:52368, 与前车进行交互的惩罚:0.0
Episode:30/100, Reward:51613.31954794599
Episode:30/100, avg speed:15.614757703470051
Episode:30/100, avg halt num:0.25603991596638653
Episode:30/100, avg elec cons:2.349196351537927
 Retrying in 1 seconds
Warning: Unused states in tlLogic 'J10', program '0' in phase 0 after tl-index 10
Simulation......
总奖励:49056.63157348876, 速度奖励:-4.5658799999996855, 加速度奖励:-774.8025465144519, 交通灯奖励:49836, 与前车进行交互的惩罚:0.0
Episode:31/100, Reward:49056.63157348876
Episode:31/100, avg speed:15.528117048363235
Episode:31/100, avg halt num:0.26747463359639234
Episode:31/100, avg elec cons:2.4454963373466594
 Retrying in 1 seconds
Warning: Unused states in tlLogic 'J10', program '0' in phase 0 after tl-index 10
Simulation......
总奖励:54136.246979359494, 速度奖励:-5.078699999999395, 加速度奖励:-798.6743206439992, 交通灯奖励:54940, 与前车进行交互的惩罚:0.0
Episode:32/100, Reward:54136.246979359494
Episode:32/100, avg speed:15.089627018234047
Episode:32/100, avg halt num:0.30859375
Episode:32/100, avg elec cons:2.4326074113921714
 Retrying in 1 seconds
Warning: Unused states in tlLogic 'J10', program '0' in phase 0 after tl-index 10
Simulation......
总奖励:50344.653153444284, 速度奖励:-4.606919999999643, 加速度奖励:-770.7399265593381, 交通灯奖励:51120, 与前车进行交互的惩罚:0.0
Episode:33/100, Reward:50344.653153444284
Episode:33/100, avg speed:15.371444406837275
Episode:33/100, avg halt num:0.25771659066994035
Episode:33/100, avg elec cons:2.32546157287782
 Retrying in 1 seconds
Warning: Unused states in tlLogic 'J10', program '0' in phase 0 after tl-index 10
Simulation......
总奖励:53330.473758582346, 速度奖励:-4.728959999999591, 加速度奖励:-778.7972814209188, 交通灯奖励:54114, 与前车进行交互的惩罚:0.0
Episode:34/100, Reward:53330.473758582346
Episode:34/100, avg speed:15.617044359378474
Episode:34/100, avg halt num:0.25569975447211507
Episode:34/100, avg elec cons:2.2762455710496576
 Retrying in 1 seconds
Warning: Unused states in tlLogic 'J10', program '0' in phase 0 after tl-index 10
Simulation......
总奖励:51147.96509420281, 速度奖励:-4.484069999999729, 加速度奖励:-773.5508358003173, 交通灯奖励:51926, 与前车进行交互的惩罚:0.0
Episode:35/100, Reward:51147.96509420281
Episode:35/100, avg speed:15.714893253576374
Episode:35/100, avg halt num:0.2523303504847129
Episode:35/100, avg elec cons:2.422281703671319
 Retrying in 1 seconds
Warning: Unused states in tlLogic 'J10', program '0' in phase 0 after tl-index 10
Simulation......
总奖励:53009.737934239885, 速度奖励:-4.918049999999481, 加速度奖励:-795.3440157635711, 交通灯奖励:53810, 与前车进行交互的惩罚:0.0
Episode:36/100, Reward:53009.737934239885
Episode:36/100, avg speed:15.276779288579894
Episode:36/100, avg halt num:0.2858610384759059
Episode:36/100, avg elec cons:2.3766950455011675
 Retrying in 1 seconds
Warning: Unused states in tlLogic 'J10', program '0' in phase 0 after tl-index 10
Simulation......
总奖励:51538.61253735859, 速度奖励:-5.055569999999453, 加速度奖励:-808.3318926445506, 交通灯奖励:52352, 与前车进行交互的惩罚:0.0
Episode:37/100, Reward:51538.61253735859
Episode:37/100, avg speed:14.953708112880355
Episode:37/100, avg halt num:0.3232685810810811
Episode:37/100, avg elec cons:2.6728811266835257
 Retrying in 1 seconds
Warning: Unused states in tlLogic 'J10', program '0' in phase 0 after tl-index 10
Simulation......
总奖励:50058.91733005877, 速度奖励:-4.333229999999818, 加速度奖励:-762.7494399440668, 交通灯奖励:50826, 与前车进行交互的惩罚:0.0
Episode:38/100, Reward:50058.91733005877
Episode:38/100, avg speed:15.753905357419606
Episode:38/100, avg halt num:0.249323279195669
Episode:38/100, avg elec cons:2.5265827135895855
 Retrying in 1 seconds
Warning: Unused states in tlLogic 'J10', program '0' in phase 0 after tl-index 10
Simulation......
总奖励:52281.07926644385, 速度奖励:-5.045129999999455, 加速度奖励:-793.8756035597785, 交通灯奖励:53080, 与前车进行交互的惩罚:0.0
Episode:39/100, Reward:52281.07926644385
Episode:39/100, avg speed:15.338110979469374
Episode:39/100, avg halt num:0.28496019383869853
Episode:39/100, avg elec cons:2.2291988278185455
 Retrying in 1 seconds
Warning: Unused states in tlLogic 'J10', program '0' in phase 0 after tl-index 10
Simulation......
总奖励:50998.71715969721, 速度奖励:-4.786379999999539, 加速度奖励:-808.4964603058238, 交通灯奖励:51812, 与前车进行交互的惩罚:0.0
Episode:40/100, Reward:50998.71715969721
Episode:40/100, avg speed:15.403260408934344
Episode:40/100, avg halt num:0.26348888078745897
Episode:40/100, avg elec cons:2.3023444823564634
 Retrying in 1 seconds
Warning: Unused states in tlLogic 'J10', program '0' in phase 0 after tl-index 10
Simulation......
总奖励:52178.11433338567, 速度奖励:-4.641929999999638, 加速度奖励:-771.2437366177679, 交通灯奖励:52954, 与前车进行交互的惩罚:0.0
Episode:41/100, Reward:52178.11433338567
Episode:41/100, avg speed:15.391585722606658
Episode:41/100, avg halt num:0.26714702663261586
Episode:41/100, avg elec cons:2.393484429298723
 Retrying in 1 seconds
Warning: Unused states in tlLogic 'J10', program '0' in phase 0 after tl-index 10
Simulation......
总奖励:50927.27541041446, 速度奖励:-4.866659999999518, 加速度奖励:-805.8579295888353, 交通灯奖励:51738, 与前车进行交互的惩罚:0.0
Episode:42/100, Reward:50927.27541041446
Episode:42/100, avg speed:15.248039425621837
Episode:42/100, avg halt num:0.28978576893649577
Episode:42/100, avg elec cons:2.4331287629260694
 Retrying in 1 seconds
Warning: Unused states in tlLogic 'J10', program '0' in phase 0 after tl-index 10
Simulation......
总奖励:52946.26214998683, 速度奖励:-4.74497999999963, 加速度奖励:-770.9928700167083, 交通灯奖励:53722, 与前车进行交互的惩罚:0.0
Episode:43/100, Reward:52946.26214998683
Episode:43/100, avg speed:15.070964418373572
Episode:43/100, avg halt num:0.29220651747153514
Episode:43/100, avg elec cons:2.6006209008579027
 Retrying in 1 seconds
Warning: Unused states in tlLogic 'J10', program '0' in phase 0 after tl-index 10
Simulation......
总奖励:51958.57149822432, 速度奖励:-4.710959999999579, 加速度奖励:-776.7175417786898, 交通灯奖励:52740, 与前车进行交互的惩罚:0.0
Episode:44/100, Reward:51958.57149822432
Episode:44/100, avg speed:15.406875509892629
Episode:44/100, avg halt num:0.2777985773118682
Episode:44/100, avg elec cons:2.4634918485059436
 Retrying in 1 seconds
Warning: Unused states in tlLogic 'J10', program '0' in phase 0 after tl-index 10
Simulation......
总奖励:53655.2526108235, 速度奖励:-5.046299999999482, 加速度奖励:-797.7010891800128, 交通灯奖励:54458, 与前车进行交互的惩罚:0.0
Episode:45/100, Reward:53655.2526108235
Episode:45/100, avg speed:14.853258470789736
Episode:45/100, avg halt num:0.3128425998433829
Episode:45/100, avg elec cons:2.5116420870521217
 Retrying in 1 seconds
Warning: Unused states in tlLogic 'J10', program '0' in phase 0 after tl-index 10
Simulation......
总奖励:50716.67740996474, 速度奖励:-4.451309999999695, 加速度奖励:-770.8712800387443, 交通灯奖励:51492, 与前车进行交互的惩罚:0.0
Episode:46/100, Reward:50716.67740996474
Episode:46/100, avg speed:15.901953602479992
Episode:46/100, avg halt num:0.22859504132231406
Episode:46/100, avg elec cons:2.171195653096225
 Retrying in 1 seconds
Warning: Unused states in tlLogic 'J10', program '0' in phase 0 after tl-index 10
Simulation......
总奖励:51662.70098434865, 速度奖励:-4.997339999999451, 加速度奖励:-802.3016756549108, 交通灯奖励:52470, 与前车进行交互的惩罚:0.0
Episode:47/100, Reward:51662.70098434865
Episode:47/100, avg speed:15.074927231634412
Episode:47/100, avg halt num:0.2993145468392993
Episode:47/100, avg elec cons:2.448958192851921
 Retrying in 1 seconds
Warning: Unused states in tlLogic 'J10', program '0' in phase 0 after tl-index 10
Simulation......
总奖励:51765.82164196059, 速度奖励:-4.873409999999545, 加速度奖励:-799.3049480426572, 交通灯奖励:52570, 与前车进行交互的惩罚:0.0
Episode:48/100, Reward:51765.82164196059
Episode:48/100, avg speed:15.112089329958783
Episode:48/100, avg halt num:0.2944948697711129
Episode:48/100, avg elec cons:2.541584256753197
 Retrying in 1 seconds
Warning: Unused states in tlLogic 'J10', program '0' in phase 0 after tl-index 10
Simulation......
总奖励:48579.50233283246, 速度奖励:-4.425299999999722, 加速度奖励:-774.0723671709204, 交通灯奖励:49358, 与前车进行交互的惩罚:0.0
Episode:49/100, Reward:48579.50233283246
Episode:49/100, avg speed:15.807806109527318
Episode:49/100, avg halt num:0.22008479899497488
Episode:49/100, avg elec cons:2.100364158035975
 Retrying in 1 seconds
Warning: Unused states in tlLogic 'J10', program '0' in phase 0 after tl-index 10
Simulation......
总奖励:54302.88055925969, 速度奖励:-4.66505999999962, 加速度奖励:-774.4543807439134, 交通灯奖励:55082, 与前车进行交互的惩罚:0.0
Episode:50/100, Reward:54302.88055925969
Episode:50/100, avg speed:15.271120834811187
Episode:50/100, avg halt num:0.26063278008298757
Episode:50/100, avg elec cons:2.2399343184502443
 Retrying in 1 seconds
Warning: Unused states in tlLogic 'J10', program '0' in phase 0 after tl-index 10
Simulation......
总奖励:51686.94287605084, 速度奖励:-4.616999999999608, 加速度奖励:-760.4401239528066, 交通灯奖励:52452, 与前车进行交互的惩罚:0.0
Episode:51/100, Reward:51686.94287605084
Episode:51/100, avg speed:15.853752718921848
Episode:51/100, avg halt num:0.23718163538873996
Episode:51/100, avg elec cons:2.2152564893378517
 Retrying in 1 seconds
Warning: Unused states in tlLogic 'J10', program '0' in phase 0 after tl-index 10
Simulation......
总奖励:51272.47102090305, 速度奖励:-4.7907899999995855, 加速度奖励:-790.7381891004545, 交通灯奖励:52068, 与前车进行交互的惩罚:0.0
Episode:52/100, Reward:51272.47102090305
Episode:52/100, avg speed:15.375314192877573
Episode:52/100, avg halt num:0.2701702442635085
Episode:52/100, avg elec cons:2.386124367929322
 Retrying in 1 seconds
Warning: Unused states in tlLogic 'J10', program '0' in phase 0 after tl-index 10
Simulation......
总奖励:50253.19408282005, 速度奖励:-4.570379999999667, 加速度奖励:-776.2355371834575, 交通灯奖励:51034, 与前车进行交互的惩罚:0.0
Episode:53/100, Reward:50253.19408282005
Episode:53/100, avg speed:15.516060530500122
Episode:53/100, avg halt num:0.24484623183507942
Episode:53/100, avg elec cons:2.2047217689284486
 Retrying in 1 seconds
Warning: Unused states in tlLogic 'J10', program '0' in phase 0 after tl-index 10
Simulation......
总奖励:53180.88829828867, 速度奖励:-4.950179999999451, 加速度奖励:-804.1615217149634, 交通灯奖励:53990, 与前车进行交互的惩罚:0.0
Episode:54/100, Reward:53180.88829828867
Episode:54/100, avg speed:15.353357663465713
Episode:54/100, avg halt num:0.2723261560183551
Episode:54/100, avg elec cons:2.242942691809028
 Retrying in 1 seconds
Warning: Unused states in tlLogic 'J10', program '0' in phase 0 after tl-index 10
Simulation......
总奖励:52792.422398837436, 速度奖励:-4.445009999999702, 加速度奖励:-751.1325911659495, 交通灯奖励:53548, 与前车进行交互的惩罚:0.0
Episode:55/100, Reward:52792.422398837436
Episode:55/100, avg speed:15.118056246412396
Episode:55/100, avg halt num:0.27256003098373355
Episode:55/100, avg elec cons:2.588932875427805
 Retrying in 1 seconds
Warning: Unused states in tlLogic 'J10', program '0' in phase 0 after tl-index 10
Simulation......
总奖励:53361.15101649437, 速度奖励:-4.960079999999486, 加速度奖励:-805.8889035090461, 交通灯奖励:54172, 与前车进行交互的惩罚:0.0
Episode:56/100, Reward:53361.15101649437
Episode:56/100, avg speed:15.155946839847527
Episode:56/100, avg halt num:0.2801927973808658
Episode:56/100, avg elec cons:2.287236808011299
 Retrying in 1 seconds
Warning: Unused states in tlLogic 'J10', program '0' in phase 0 after tl-index 10
Simulation......
总奖励:52828.89527786053, 速度奖励:-4.917329999999517, 加速度奖励:-788.1873921429354, 交通灯奖励:53622, 与前车进行交互的惩罚:0.0
Episode:57/100, Reward:52828.89527786053
Episode:57/100, avg speed:15.113862318029128
Episode:57/100, avg halt num:0.31290849673202614
Episode:57/100, avg elec cons:2.65780378751943
 Retrying in 1 seconds
Warning: Unused states in tlLogic 'J10', program '0' in phase 0 after tl-index 10
Simulation......
总奖励:50005.14614893384, 速度奖励:-4.685039999999618, 加速度奖励:-780.1688110692812, 交通灯奖励:50790, 与前车进行交互的惩罚:0.0
Episode:58/100, Reward:50005.14614893384
Episode:58/100, avg speed:15.419266351132295
Episode:58/100, avg halt num:0.28215561730845573
Episode:58/100, avg elec cons:2.586333177051367
 Retrying in 1 seconds
Warning: Unused states in tlLogic 'J10', program '0' in phase 0 after tl-index 10
Simulation......
总奖励:51243.0556746598, 速度奖励:-5.138999999999406, 加速度奖励:-807.8053253435473, 交通灯奖励:52056, 与前车进行交互的惩罚:0.0
Episode:59/100, Reward:51243.0556746598
Episode:59/100, avg speed:15.367733906861048
Episode:59/100, avg halt num:0.29819508448540705
Episode:59/100, avg elec cons:2.4194137877443986
 Retrying in 1 seconds
Warning: Unused states in tlLogic 'J10', program '0' in phase 0 after tl-index 10
Simulation......
总奖励:50420.750886645656, 速度奖励:-4.586309999999673, 加速度奖励:-772.662803357945, 交通灯奖励:51198, 与前车进行交互的惩罚:0.0
Episode:60/100, Reward:50420.750886645656
Episode:60/100, avg speed:15.6128185461754
Episode:60/100, avg halt num:0.24181696726786908
Episode:60/100, avg elec cons:2.1851339543856847
 Retrying in 1 seconds
Warning: Unused states in tlLogic 'J10', program '0' in phase 0 after tl-index 10
Simulation......
总奖励:53099.37322202855, 速度奖励:-4.986629999999481, 加速度奖励:-789.64014797487, 交通灯奖励:53894, 与前车进行交互的惩罚:0.0
Episode:61/100, Reward:53099.37322202855
Episode:61/100, avg speed:14.945712498242518
Episode:61/100, avg halt num:0.3076923076923077
Episode:61/100, avg elec cons:2.555779477550669
 Retrying in 1 seconds
Warning: Unused states in tlLogic 'J10', program '0' in phase 0 after tl-index 10
Simulation......
总奖励:49473.69351020288, 速度奖励:-4.763789999999552, 加速度奖励:-799.5426998006449, 交通灯奖励:50278, 与前车进行交互的惩罚:0.0
Episode:62/100, Reward:49473.69351020288
Episode:62/100, avg speed:15.3299301803633
Episode:62/100, avg halt num:0.25809540389972147
Episode:62/100, avg elec cons:2.228470441219096
 Retrying in 1 seconds
Warning: Unused states in tlLogic 'J10', program '0' in phase 0 after tl-index 10
Simulation......
总奖励:52925.00137904719, 速度奖励:-4.780169999999552, 加速度奖励:-788.2184509561051, 交通灯奖励:53718, 与前车进行交互的惩罚:0.0
Episode:63/100, Reward:52925.00137904719
Episode:63/100, avg speed:15.477035020029952
Episode:63/100, avg halt num:0.2573054706082229
Episode:63/100, avg elec cons:2.169241221292343
 Retrying in 1 seconds
Warning: Unused states in tlLogic 'J10', program '0' in phase 0 after tl-index 10
Simulation......
总奖励:52054.85513213045, 速度奖励:-4.758299999999539, 加速度奖励:-776.386567873103, 交通灯奖励:52836, 与前车进行交互的惩罚:0.0
Episode:64/100, Reward:52054.85513213045
Episode:64/100, avg speed:15.312838362149641
Episode:64/100, avg halt num:0.2829691032403919
Episode:64/100, avg elec cons:2.466412792342758
 Retrying in 1 seconds
Warning: Unused states in tlLogic 'J10', program '0' in phase 0 after tl-index 10
Simulation......
总奖励:50240.178446172424, 速度奖励:-4.427279999999712, 加速度奖励:-777.3942738308359, 交通灯奖励:51022, 与前车进行交互的惩罚:0.0
Episode:65/100, Reward:50240.178446172424
Episode:65/100, avg speed:15.699379827177422
Episode:65/100, avg halt num:0.24581361485256645
Episode:65/100, avg elec cons:2.375042023708276
 Retrying in 1 seconds
Warning: Unused states in tlLogic 'J10', program '0' in phase 0 after tl-index 10
Simulation......
总奖励:51080.78269234482, 速度奖励:-4.763249999999585, 加速度奖励:-780.4540576586772, 交通灯奖励:51866, 与前车进行交互的惩罚:0.0
Episode:66/100, Reward:51080.78269234482
Episode:66/100, avg speed:15.8256725316306
Episode:66/100, avg halt num:0.24716369529983792
Episode:66/100, avg elec cons:2.113491632284801
 Retrying in 1 seconds
Warning: Unused states in tlLogic 'J10', program '0' in phase 0 after tl-index 10
Simulation......
总奖励:50823.90113863994, 速度奖励:-4.6484099999996475, 加速度奖励:-793.4504513632086, 交通灯奖励:51622, 与前车进行交互的惩罚:0.0
Episode:67/100, Reward:50823.90113863994
Episode:67/100, avg speed:15.930896226625542
Episode:67/100, avg halt num:0.23524535809018568
Episode:67/100, avg elec cons:2.121427277233763
 Retrying in 1 seconds
Warning: Unused states in tlLogic 'J10', program '0' in phase 0 after tl-index 10
Simulation......
总奖励:50303.35652098242, 速度奖励:-4.481009999999717, 加速度奖励:-788.1624690207407, 交通灯奖励:51096, 与前车进行交互的惩罚:0.0
Episode:68/100, Reward:50303.35652098242
Episode:68/100, avg speed:15.839716007112589
Episode:68/100, avg halt num:0.2318259385665529
Episode:68/100, avg elec cons:2.210273879947169
 Retrying in 1 seconds
Warning: Unused states in tlLogic 'J10', program '0' in phase 0 after tl-index 10
Simulation......
总奖励:51566.19326845072, 速度奖励:-4.71941999999957, 加速度奖励:-775.0873115529703, 交通灯奖励:52346, 与前车进行交互的惩罚:0.0
Episode:69/100, Reward:51566.19326845072
Episode:69/100, avg speed:15.656228017056595
Episode:69/100, avg halt num:0.24335022165927803
Episode:69/100, avg elec cons:2.0928632748551244
 Retrying in 1 seconds
Warning: Unused states in tlLogic 'J10', program '0' in phase 0 after tl-index 10
Simulation......
总奖励:52616.95208066487, 速度奖励:-4.539779999999716, 加速度奖励:-764.50813933881, 交通灯奖励:53386, 与前车进行交互的惩罚:0.0
Episode:70/100, Reward:52616.95208066487
Episode:70/100, avg speed:15.575555042303346
Episode:70/100, avg halt num:0.2431162941367023
Episode:70/100, avg elec cons:2.1315141555933375
 Retrying in 1 seconds
Warning: Unused states in tlLogic 'J10', program '0' in phase 0 after tl-index 10
Simulation......
总奖励:49424.8958678749, 速度奖励:-4.4398799999997225, 加速度奖励:-770.664252128327, 交通灯奖励:50200, 与前车进行交互的惩罚:0.0
Episode:71/100, Reward:49424.8958678749
Episode:71/100, avg speed:15.98937873068131
Episode:71/100, avg halt num:0.22311917443408788
Episode:71/100, avg elec cons:2.177044139487025
 Retrying in 1 seconds
Warning: Unused states in tlLogic 'J10', program '0' in phase 0 after tl-index 10
Simulation......
总奖励:51048.65849617627, 速度奖励:-4.800599999999549, 加速度奖励:-796.540903827074, 交通灯奖励:51850, 与前车进行交互的惩罚:0.0
Episode:72/100, Reward:51048.65849617627
Episode:72/100, avg speed:14.812920737627316
Episode:72/100, avg halt num:0.2879160363086233
Episode:72/100, avg elec cons:2.416578673599918
 Retrying in 1 seconds
Warning: Unused states in tlLogic 'J10', program '0' in phase 0 after tl-index 10
Simulation......
总奖励:49690.6881597238, 速度奖励:-4.431599999999717, 加速度奖励:-774.8802402797287, 交通灯奖励:50470, 与前车进行交互的惩罚:0.0
Episode:73/100, Reward:49690.6881597238
Episode:73/100, avg speed:15.677892152806164
Episode:73/100, avg halt num:0.21166013859596264
Episode:73/100, avg elec cons:1.9909453322077661
 Retrying in 1 seconds
Warning: Unused states in tlLogic 'J10', program '0' in phase 0 after tl-index 10
Simulation......
总奖励:53160.217764170455, 速度奖励:-5.114159999999428, 加速度奖励:-808.6680758333102, 交通灯奖励:53974, 与前车进行交互的惩罚:0.0
Episode:74/100, Reward:53160.217764170455
Episode:74/100, avg speed:15.35991534529979
Episode:74/100, avg halt num:0.2834101382488479
Episode:74/100, avg elec cons:2.2564333599601505
 Retrying in 1 seconds
Warning: Unused states in tlLogic 'J10', program '0' in phase 0 after tl-index 10
Simulation......
总奖励:53745.53504775386, 速度奖励:-5.288489999999324, 加速度奖励:-841.1764622498165, 交通灯奖励:54592, 与前车进行交互的惩罚:0.0
Episode:75/100, Reward:53745.53504775386
Episode:75/100, avg speed:15.396363227489337
Episode:75/100, avg halt num:0.2818455366098295
Episode:75/100, avg elec cons:2.0756747095420667
 Retrying in 1 seconds
Warning: Unused states in tlLogic 'J10', program '0' in phase 0 after tl-index 10
Simulation......
总奖励:48842.30556547544, 速度奖励:-4.244669999999829, 加速度奖励:-749.4497645275195, 交通灯奖励:49596, 与前车进行交互的惩罚:0.0
Episode:76/100, Reward:48842.30556547544
Episode:76/100, avg speed:15.627563485309167
Episode:76/100, avg halt num:0.2535627035830619
Episode:76/100, avg elec cons:2.7104473052978006
 Retrying in 1 seconds
Warning: Unused states in tlLogic 'J10', program '0' in phase 0 after tl-index 10
Simulation......
总奖励:52816.22962536038, 速度奖励:-5.145029999999413, 加速度奖励:-804.6253446428806, 交通灯奖励:53626, 与前车进行交互的惩罚:0.0
Episode:77/100, Reward:52816.22962536038
Episode:77/100, avg speed:15.205374753727465
Episode:77/100, avg halt num:0.3156839149618933
Episode:77/100, avg elec cons:2.531412029713691
 Retrying in 1 seconds
Warning: Unused states in tlLogic 'J10', program '0' in phase 0 after tl-index 10
Simulation......
总奖励:54450.91675768859, 速度奖励:-4.344029999999762, 加速度奖励:-742.7392123145723, 交通灯奖励:55198, 与前车进行交互的惩罚:0.0
Episode:78/100, Reward:54450.91675768859
Episode:78/100, avg speed:15.25096521803185
Episode:78/100, avg halt num:0.2677935943060498
Episode:78/100, avg elec cons:2.648390027943649
 Retrying in 1 seconds
Warning: Unused states in tlLogic 'J10', program '0' in phase 0 after tl-index 10
Simulation......
总奖励:52600.05640625409, 速度奖励:-5.055569999999446, 加速度奖励:-782.8880237492633, 交通灯奖励:53388, 与前车进行交互的惩罚:0.0
Episode:79/100, Reward:52600.05640625409
Episode:79/100, avg speed:15.050900348303232
Episode:79/100, avg halt num:0.31276678308110206
Episode:79/100, avg elec cons:2.507302604253454
 Retrying in 1 seconds
Warning: Unused states in tlLogic 'J10', program '0' in phase 0 after tl-index 10
Simulation......
总奖励:52523.492488071395, 速度奖励:-4.627439999999624, 加速度奖励:-761.8800719320959, 交通灯奖励:53290, 与前车进行交互的惩罚:0.0
Episode:80/100, Reward:52523.492488071395
Episode:80/100, avg speed:15.279452050729834
Episode:80/100, avg halt num:0.26654740608228983
Episode:80/100, avg elec cons:2.4012989694859757
 Retrying in 1 seconds
Warning: Unused states in tlLogic 'J10', program '0' in phase 0 after tl-index 10
Simulation......
总奖励:52695.044305593874, 速度奖励:-4.567859999999628, 加速度奖励:-750.3878344094242, 交通灯奖励:53450, 与前车进行交互的惩罚:0.0
Episode:81/100, Reward:52695.044305593874
Episode:81/100, avg speed:15.47912024592772
Episode:81/100, avg halt num:0.2671359762875139
Episode:81/100, avg elec cons:2.4491056943102905
 Retrying in 1 seconds
Warning: Unused states in tlLogic 'J10', program '0' in phase 0 after tl-index 10
Simulation......
总奖励:50136.573918065835, 速度奖励:-4.73498999999956, 加速度奖励:-776.6910919374324, 交通灯奖励:50918, 与前车进行交互的惩罚:0.0
Episode:82/100, Reward:50136.573918065835
Episode:82/100, avg speed:15.242445365351282
Episode:82/100, avg halt num:0.29203629032258066
Episode:82/100, avg elec cons:2.639851704266795
 Retrying in 1 seconds
Warning: Unused states in tlLogic 'J10', program '0' in phase 0 after tl-index 10
Simulation......
总奖励:52101.779855631554, 速度奖励:-4.7817899999995745, 加速度奖励:-789.4383543720045, 交通灯奖励:52896, 与前车进行交互的惩罚:0.0
Episode:83/100, Reward:52101.779855631554
Episode:83/100, avg speed:15.453994502917457
Episode:83/100, avg halt num:0.2680944055944056
Episode:83/100, avg elec cons:2.263425090295222
 Retrying in 1 seconds
Warning: Unused states in tlLogic 'J10', program '0' in phase 0 after tl-index 10
Simulation......
总奖励:50237.53122612574, 速度奖励:-4.638779999999642, 加速度奖励:-795.8299938774197, 交通灯奖励:51038, 与前车进行交互的惩罚:0.0
Episode:84/100, Reward:50237.53122612574
Episode:84/100, avg speed:15.236271225420698
Episode:84/100, avg halt num:0.276378896882494
Episode:84/100, avg elec cons:2.543490006583782
 Retrying in 1 seconds
Warning: Unused states in tlLogic 'J10', program '0' in phase 0 after tl-index 10
Simulation......
总奖励:51271.67819953422, 速度奖励:-4.882859999999491, 加速度奖励:-797.4389404691602, 交通灯奖励:52074, 与前车进行交互的惩罚:0.0
Episode:85/100, Reward:51271.67819953422
Episode:85/100, avg speed:15.653611449460309
Episode:85/100, avg halt num:0.2599253478113336
Episode:85/100, avg elec cons:2.1642685744895322
 Retrying in 1 seconds
Warning: Unused states in tlLogic 'J10', program '0' in phase 0 after tl-index 10
Simulation......
总奖励:49756.562639871365, 速度奖励:-4.471289999999685, 加速度奖励:-756.9660701322747, 交通灯奖励:50518, 与前车进行交互的惩罚:0.0
Episode:86/100, Reward:49756.562639871365
Episode:86/100, avg speed:15.911878427411045
Episode:86/100, avg halt num:0.21984225177853386
Episode:86/100, avg elec cons:2.0597321975697453
 Retrying in 1 seconds
Warning: Unused states in tlLogic 'J10', program '0' in phase 0 after tl-index 10
Simulation......
总奖励:52538.654960751526, 速度奖励:-5.382629999999312, 加速度奖励:-827.9624092516822, 交通灯奖励:53372, 与前车进行交互的惩罚:0.0
Episode:87/100, Reward:52538.654960751526
Episode:87/100, avg speed:14.979987257393017
Episode:87/100, avg halt num:0.3488976705490849
Episode:87/100, avg elec cons:2.5903498082342673
 Retrying in 1 seconds
Warning: Unused states in tlLogic 'J10', program '0' in phase 0 after tl-index 10
Simulation......
总奖励:54170.02241520765, 速度奖励:-5.133779999999376, 加速度奖励:-808.843804795773, 交通灯奖励:54984, 与前车进行交互的惩罚:0.0
Episode:88/100, Reward:54170.02241520765
Episode:88/100, avg speed:15.368990334160307
Episode:88/100, avg halt num:0.2809172105805565
Episode:88/100, avg elec cons:2.1731891273044757
 Retrying in 1 seconds
Warning: Unused states in tlLogic 'J10', program '0' in phase 0 after tl-index 10
Simulation......
总奖励:53364.765909890775, 速度奖励:-5.089769999999401, 加速度奖励:-792.144320112702, 交通灯奖励:54162, 与前车进行交互的惩罚:0.0
Episode:89/100, Reward:53364.765909890775
Episode:89/100, avg speed:15.03256913942961
Episode:89/100, avg halt num:0.3071753123816736
Episode:89/100, avg elec cons:2.4524474376982615
 Retrying in 1 seconds
Warning: Unused states in tlLogic 'J10', program '0' in phase 0 after tl-index 10
Simulation......
总奖励:51051.52244170394, 速度奖励:-4.448519999999704, 加速度奖励:-760.0290382994638, 交通灯奖励:51816, 与前车进行交互的惩罚:0.0
Episode:90/100, Reward:51051.52244170394
Episode:90/100, avg speed:15.337422066679038
Episode:90/100, avg halt num:0.26850039154267813
Episode:90/100, avg elec cons:2.5857704543925863
 Retrying in 1 seconds
Warning: Unused states in tlLogic 'J10', program '0' in phase 0 after tl-index 10
Simulation......
总奖励:51657.32808985843, 速度奖励:-4.826069999999573, 加速度奖励:-787.8458401448662, 交通灯奖励:52450, 与前车进行交互的惩罚:0.0
Episode:91/100, Reward:51657.32808985843
Episode:91/100, avg speed:14.948753964755415
Episode:91/100, avg halt num:0.2980580619850922
Episode:91/100, avg elec cons:2.534377124575923
 Retrying in 1 seconds
Warning: Unused states in tlLogic 'J10', program '0' in phase 0 after tl-index 10
Simulation......
总奖励:53711.63520473077, 速度奖励:-4.954139999999475, 加速度奖励:-791.4106552727836, 交通灯奖励:54508, 与前车进行交互的惩罚:0.0
Episode:92/100, Reward:53711.63520473077
Episode:92/100, avg speed:15.067028402964619
Episode:92/100, avg halt num:0.2968512898330804
Episode:92/100, avg elec cons:2.440791382815363
 Retrying in 1 seconds
Warning: Unused states in tlLogic 'J10', program '0' in phase 0 after tl-index 10
Simulation......
总奖励:53670.510016623804, 速度奖励:-5.002469999999467, 加速度奖励:-792.4875133795106, 交通灯奖励:54468, 与前车进行交互的惩罚:0.0
Episode:93/100, Reward:53670.510016623804
Episode:93/100, avg speed:14.961508478658384
Episode:93/100, avg halt num:0.3314321926489227
Episode:93/100, avg elec cons:2.707427488083002
 Retrying in 1 seconds
Warning: Unused states in tlLogic 'J10', program '0' in phase 0 after tl-index 10
Simulation......
总奖励:51565.666498223865, 速度奖励:-4.617989999999661, 加速度奖励:-767.7155117796289, 交通灯奖励:52338, 与前车进行交互的惩罚:0.0
Episode:94/100, Reward:51565.666498223865
Episode:94/100, avg speed:15.5866334618538
Episode:94/100, avg halt num:0.251187648456057
Episode:94/100, avg elec cons:2.239849030481765
 Retrying in 1 seconds
Warning: Unused states in tlLogic 'J10', program '0' in phase 0 after tl-index 10
Simulation......
总奖励:52904.70082839873, 速度奖励:-4.949459999999499, 加速度奖励:-786.3497116048193, 交通灯奖励:53696, 与前车进行交互的惩罚:0.0
Episode:95/100, Reward:52904.70082839873
Episode:95/100, avg speed:14.829348134762935
Episode:95/100, avg halt num:0.3052704303197789
Episode:95/100, avg elec cons:2.5891289638724078
 Retrying in 1 seconds
Warning: Unused states in tlLogic 'J10', program '0' in phase 0 after tl-index 10
Simulation......
总奖励:51618.56618211005, 速度奖励:-4.440329999999725, 加速度奖励:-752.9934878933194, 交通灯奖励:52376, 与前车进行交互的惩罚:0.0
Episode:96/100, Reward:51618.56618211005
Episode:96/100, avg speed:15.325063634978939
Episode:96/100, avg halt num:0.26897625535227715
Episode:96/100, avg elec cons:2.6008120724692
 Retrying in 1 seconds
Warning: Unused states in tlLogic 'J10', program '0' in phase 0 after tl-index 10
Simulation......
总奖励:53704.250830985475, 速度奖励:-4.925159999999508, 加速度奖励:-780.824009017956, 交通灯奖励:54490, 与前车进行交互的惩罚:0.0
Episode:97/100, Reward:53704.250830985475
Episode:97/100, avg speed:15.141762354876503
Episode:97/100, avg halt num:0.30704028719585164
Episode:97/100, avg elec cons:2.563356443152174
 Retrying in 1 seconds
Warning: Unused states in tlLogic 'J10', program '0' in phase 0 after tl-index 10
Simulation......
总奖励:48068.851636373125, 速度奖励:-4.201289999999819, 加速度奖励:-758.9470736299211, 交通灯奖励:48832, 与前车进行交互的惩罚:0.0
Episode:98/100, Reward:48068.851636373125
Episode:98/100, avg speed:15.374972529968097
Episode:98/100, avg halt num:0.24669603524229075
Episode:98/100, avg elec cons:2.6828595406038445
 Retrying in 1 seconds
Warning: Unused states in tlLogic 'J10', program '0' in phase 0 after tl-index 10
Simulation......
总奖励:49767.43554406951, 速度奖励:-4.598369999999662, 加速度奖励:-783.9660859339095, 交通灯奖励:50556, 与前车进行交互的惩罚:0.0
Episode:99/100, Reward:49767.43554406951
Episode:99/100, avg speed:15.93420879366553
Episode:99/100, avg halt num:0.2454176947479732
Episode:99/100, avg elec cons:2.2923029772715626
 Retrying in 1 seconds
Warning: Unused states in tlLogic 'J10', program '0' in phase 0 after tl-index 10
Simulation......
总奖励:50153.467474897916, 速度奖励:-4.435829999999746, 加速度奖励:-770.0966951051046, 交通灯奖励:50928, 与前车进行交互的惩罚:0.0
Episode:100/100, Reward:50153.467474897916
Episode:100/100, avg speed:15.92892917377798
Episode:100/100, avg halt num:0.22794871794871796
Episode:100/100, avg elec cons:2.2261092139171734
model saved successfully!
Complete training!
final reward list:[70194.39183732441, 78466.40865775364, 52829.0621201487, 50147.3659801279, 50365.49065274895, 51594.94348514583, 50443.33711207291, 50664.23543780002, 50033.02123012428, 53770.95010291096, 51176.490700635455, 51684.61787402378, 48821.585862279615, 51259.0759629151, 52828.79977421278, 50355.59592132592, 51663.09983809312, 51219.83080515172, 52314.35247081015, 51674.67468017124, 53600.24471288356, 50706.70531441553, 52651.51365488943, 53524.43717006564, 52342.63998795572, 52663.44905857143, 52180.5432308035, 52087.16682473258, 52253.92265992618, 51613.31954794599, 49056.63157348876, 54136.246979359494, 50344.653153444284, 53330.473758582346, 51147.96509420281, 53009.737934239885, 51538.61253735859, 50058.91733005877, 52281.07926644385, 50998.71715969721, 52178.11433338567, 50927.27541041446, 52946.26214998683, 51958.57149822432, 53655.2526108235, 50716.67740996474, 51662.70098434865, 51765.82164196059, 48579.50233283246, 54302.88055925969, 51686.94287605084, 51272.47102090305, 50253.19408282005, 53180.88829828867, 52792.422398837436, 53361.15101649437, 52828.89527786053, 50005.14614893384, 51243.0556746598, 50420.750886645656, 53099.37322202855, 49473.69351020288, 52925.00137904719, 52054.85513213045, 50240.178446172424, 51080.78269234482, 50823.90113863994, 50303.35652098242, 51566.19326845072, 52616.95208066487, 49424.8958678749, 51048.65849617627, 49690.6881597238, 53160.217764170455, 53745.53504775386, 48842.30556547544, 52816.22962536038, 54450.91675768859, 52600.05640625409, 52523.492488071395, 52695.044305593874, 50136.573918065835, 52101.779855631554, 50237.53122612574, 51271.67819953422, 49756.562639871365, 52538.654960751526, 54170.02241520765, 53364.765909890775, 51051.52244170394, 51657.32808985843, 53711.63520473077, 53670.510016623804, 51565.666498223865, 52904.70082839873, 51618.56618211005, 53704.250830985475, 48068.851636373125, 49767.43554406951, 50153.467474897916]
final speed list:[14.437917980568516, 14.017458994774065, 15.551308187786198, 15.161627429177143, 15.441705854380785, 15.3911025401803, 15.67719672913307, 15.716487580634862, 15.611446762779465, 15.289372284393869, 15.894975494619077, 15.715193435074791, 15.852047160294958, 15.509340640066817, 15.564082835894757, 15.37534659873814, 15.585515651830484, 14.81176787093056, 15.311269303243902, 15.63328546865251, 15.272925839010778, 15.460540079432624, 15.856874090639565, 15.628040193428037, 15.747406337121964, 15.055428616819883, 15.40486788991206, 14.771901586249331, 15.048332711578864, 15.614757703470051, 15.528117048363235, 15.089627018234047, 15.371444406837275, 15.617044359378474, 15.714893253576374, 15.276779288579894, 14.953708112880355, 15.753905357419606, 15.338110979469374, 15.403260408934344, 15.391585722606658, 15.248039425621837, 15.070964418373572, 15.406875509892629, 14.853258470789736, 15.901953602479992, 15.074927231634412, 15.112089329958783, 15.807806109527318, 15.271120834811187, 15.853752718921848, 15.375314192877573, 15.516060530500122, 15.353357663465713, 15.118056246412396, 15.155946839847527, 15.113862318029128, 15.419266351132295, 15.367733906861048, 15.6128185461754, 14.945712498242518, 15.3299301803633, 15.477035020029952, 15.312838362149641, 15.699379827177422, 15.8256725316306, 15.930896226625542, 15.839716007112589, 15.656228017056595, 15.575555042303346, 15.98937873068131, 14.812920737627316, 15.677892152806164, 15.35991534529979, 15.396363227489337, 15.627563485309167, 15.205374753727465, 15.25096521803185, 15.050900348303232, 15.279452050729834, 15.47912024592772, 15.242445365351282, 15.453994502917457, 15.236271225420698, 15.653611449460309, 15.911878427411045, 14.979987257393017, 15.368990334160307, 15.03256913942961, 15.337422066679038, 14.948753964755415, 15.067028402964619, 14.961508478658384, 15.5866334618538, 14.829348134762935, 15.325063634978939, 15.141762354876503, 15.374972529968097, 15.93420879366553, 15.92892917377798]
final elec cons list:[1.762902998089894, 1.8991220424325361, 2.043289944611837, 2.5116848907029476, 2.5916861623211274, 2.3255731716132457, 2.2241230807861743, 2.080308575195326, 2.1343546497810917, 2.256990037890317, 2.1746651066838405, 2.2313130253889932, 2.1010008702051155, 2.332432261568231, 2.3441028844106064, 2.457444383480852, 2.2579416283471927, 2.6447256114174915, 2.3093675841044914, 2.188381858139405, 2.5097252751285963, 2.5121180314255187, 2.179348952716257, 2.176772953365822, 2.2378036724903034, 2.445713277528368, 2.257686055117178, 2.624544664470256, 2.4613457776235164, 2.349196351537927, 2.4454963373466594, 2.4326074113921714, 2.32546157287782, 2.2762455710496576, 2.422281703671319, 2.3766950455011675, 2.6728811266835257, 2.5265827135895855, 2.2291988278185455, 2.3023444823564634, 2.393484429298723, 2.4331287629260694, 2.6006209008579027, 2.4634918485059436, 2.5116420870521217, 2.171195653096225, 2.448958192851921, 2.541584256753197, 2.100364158035975, 2.2399343184502443, 2.2152564893378517, 2.386124367929322, 2.2047217689284486, 2.242942691809028, 2.588932875427805, 2.287236808011299, 2.65780378751943, 2.586333177051367, 2.4194137877443986, 2.1851339543856847, 2.555779477550669, 2.228470441219096, 2.169241221292343, 2.466412792342758, 2.375042023708276, 2.113491632284801, 2.121427277233763, 2.210273879947169, 2.0928632748551244, 2.1315141555933375, 2.177044139487025, 2.416578673599918, 1.9909453322077661, 2.2564333599601505, 2.0756747095420667, 2.7104473052978006, 2.531412029713691, 2.648390027943649, 2.507302604253454, 2.4012989694859757, 2.4491056943102905, 2.639851704266795, 2.263425090295222, 2.543490006583782, 2.1642685744895322, 2.0597321975697453, 2.5903498082342673, 2.1731891273044757, 2.4524474376982615, 2.5857704543925863, 2.534377124575923, 2.440791382815363, 2.707427488083002, 2.239849030481765, 2.5891289638724078, 2.6008120724692, 2.563356443152174, 2.6828595406038445, 2.2923029772715626, 2.2261092139171734]
final halt list:[0.3433744722312439, 0.4596020761245675, 0.26536952256376717, 0.2693343593689881, 0.27157258064516127, 0.2697533071147658, 0.25420962199312713, 0.22265994327135202, 0.23306740475415175, 0.27291152626013393, 0.24015682349015682, 0.24145372928176795, 0.21859177215189873, 0.2649147727272727, 0.2822850762932639, 0.286910197869102, 0.2705003474635163, 0.29744525547445255, 0.28371294287780185, 0.24771108850457782, 0.31086617245415527, 0.2640417457305503, 0.2418726718591263, 0.25049570389953735, 0.24491869918699186, 0.32009255688391824, 0.2660751932536894, 0.3138122684232194, 0.3174315619967794, 0.25603991596638653, 0.26747463359639234, 0.30859375, 0.25771659066994035, 0.25569975447211507, 0.2523303504847129, 0.2858610384759059, 0.3232685810810811, 0.249323279195669, 0.28496019383869853, 0.26348888078745897, 0.26714702663261586, 0.28978576893649577, 0.29220651747153514, 0.2777985773118682, 0.3128425998433829, 0.22859504132231406, 0.2993145468392993, 0.2944948697711129, 0.22008479899497488, 0.26063278008298757, 0.23718163538873996, 0.2701702442635085, 0.24484623183507942, 0.2723261560183551, 0.27256003098373355, 0.2801927973808658, 0.31290849673202614, 0.28215561730845573, 0.29819508448540705, 0.24181696726786908, 0.3076923076923077, 0.25809540389972147, 0.2573054706082229, 0.2829691032403919, 0.24581361485256645, 0.24716369529983792, 0.23524535809018568, 0.2318259385665529, 0.24335022165927803, 0.2431162941367023, 0.22311917443408788, 0.2879160363086233, 0.21166013859596264, 0.2834101382488479, 0.2818455366098295, 0.2535627035830619, 0.3156839149618933, 0.2677935943060498, 0.31276678308110206, 0.26654740608228983, 0.2671359762875139, 0.29203629032258066, 0.2680944055944056, 0.276378896882494, 0.2599253478113336, 0.21984225177853386, 0.3488976705490849, 0.2809172105805565, 0.3071753123816736, 0.26850039154267813, 0.2980580619850922, 0.2968512898330804, 0.3314321926489227, 0.251187648456057, 0.3052704303197789, 0.26897625535227715, 0.30704028719585164, 0.24669603524229075, 0.2454176947479732, 0.22794871794871796]
speed reward list:[-8.36981999999813, -10.258109999997512, -5.361929999999249, -4.505759999999696, -4.622129999999643, -4.717709999999576, -4.742729999999623, -4.43798999999974, -4.553549999999692, -4.889879999999508, -4.724999999999605, -4.538519999999683, -4.409909999999754, -4.713029999999573, -4.995539999999457, -4.8627899999995075, -4.7989799999995695, -4.637519999999651, -5.099129999999417, -4.739759999999561, -5.054759999999442, -4.452209999999788, -4.604579999999636, -4.711949999999575, -4.5024299999996895, -5.235479999999405, -4.841999999999555, -4.915889999999519, -5.234129999999366, -4.609529999999642, -4.5658799999996855, -5.078699999999395, -4.606919999999643, -4.728959999999591, -4.484069999999729, -4.918049999999481, -5.055569999999453, -4.333229999999818, -5.045129999999455, -4.786379999999539, -4.641929999999638, -4.866659999999518, -4.74497999999963, -4.710959999999579, -5.046299999999482, -4.451309999999695, -4.997339999999451, -4.873409999999545, -4.425299999999722, -4.66505999999962, -4.616999999999608, -4.7907899999995855, -4.570379999999667, -4.950179999999451, -4.445009999999702, -4.960079999999486, -4.917329999999517, -4.685039999999618, -5.138999999999406, -4.586309999999673, -4.986629999999481, -4.763789999999552, -4.780169999999552, -4.758299999999539, -4.427279999999712, -4.763249999999585, -4.6484099999996475, -4.481009999999717, -4.71941999999957, -4.539779999999716, -4.4398799999997225, -4.800599999999549, -4.431599999999717, -5.114159999999428, -5.288489999999324, -4.244669999999829, -5.145029999999413, -4.344029999999762, -5.055569999999446, -4.627439999999624, -4.567859999999628, -4.73498999999956, -4.7817899999995745, -4.638779999999642, -4.882859999999491, -4.471289999999685, -5.382629999999312, -5.133779999999376, -5.089769999999401, -4.448519999999704, -4.826069999999573, -4.954139999999475, -5.002469999999467, -4.617989999999661, -4.949459999999499, -4.440329999999725, -4.925159999999508, -4.201289999999819, -4.598369999999662, -4.435829999999746]
accel reward list:[-711.2383426792711, -681.333232250229, -855.5759498549841, -770.1282598755333, -785.887217254176, -774.338804857499, -793.9201579306736, -771.3265722032388, -784.4252198792166, -796.1600170925323, -786.7842993678365, -776.8436059795664, -768.0042277238477, -778.2110070882411, -806.2046857904453, -789.5412886772074, -776.1011819102245, -761.5316748513575, -810.5483991932605, -792.5855598320875, -798.7005271200286, -756.8424755878307, -775.8817651138268, -766.8508799380495, -756.857582047627, -805.3154614320562, -794.6147691998676, -799.9172852708103, -850.8432100769156, -750.0709220573312, -774.8025465144519, -798.6743206439992, -770.7399265593381, -778.7972814209188, -773.5508358003173, -795.3440157635711, -808.3318926445506, -762.7494399440668, -793.8756035597785, -808.4964603058238, -771.2437366177679, -805.8579295888353, -770.9928700167083, -776.7175417786898, -797.7010891800128, -770.8712800387443, -802.3016756549108, -799.3049480426572, -774.0723671709204, -774.4543807439134, -760.4401239528066, -790.7381891004545, -776.2355371834575, -804.1615217149634, -751.1325911659495, -805.8889035090461, -788.1873921429354, -780.1688110692812, -807.8053253435473, -772.662803357945, -789.64014797487, -799.5426998006449, -788.2184509561051, -776.386567873103, -777.3942738308359, -780.4540576586772, -793.4504513632086, -788.1624690207407, -775.0873115529703, -764.50813933881, -770.664252128327, -796.540903827074, -774.8802402797287, -808.6680758333102, -841.1764622498165, -749.4497645275195, -804.6253446428806, -742.7392123145723, -782.8880237492633, -761.8800719320959, -750.3878344094242, -776.6910919374324, -789.4383543720045, -795.8299938774197, -797.4389404691602, -756.9660701322747, -827.9624092516822, -808.843804795773, -792.144320112702, -760.0290382994638, -787.8458401448662, -791.4106552727836, -792.4875133795106, -767.7155117796289, -786.3497116048193, -752.9934878933194, -780.824009017956, -758.9470736299211, -783.9660859339095, -770.0966951051046]
tls reward list:[70914, 79158, 53690, 50922, 51156, 52374, 51242, 51440, 50822, 54572, 51968, 52466, 49594, 52042, 53640, 51150, 52444, 51986, 53130, 52472, 54404, 51468, 53432, 54296, 53104, 53474, 52980, 52892, 53110, 52368, 49836, 54940, 51120, 54114, 51926, 53810, 52352, 50826, 53080, 51812, 52954, 51738, 53722, 52740, 54458, 51492, 52470, 52570, 49358, 55082, 52452, 52068, 51034, 53990, 53548, 54172, 53622, 50790, 52056, 51198, 53894, 50278, 53718, 52836, 51022, 51866, 51622, 51096, 52346, 53386, 50200, 51850, 50470, 53974, 54592, 49596, 53626, 55198, 53388, 53290, 53450, 50918, 52896, 51038, 52074, 50518, 53372, 54984, 54162, 51816, 52450, 54508, 54468, 52338, 53696, 52376, 54490, 48832, 50556, 50928]
extra reward list:[0.0, 0.0, 0.0, 0.0, 0.0, 0.0, 0.0, 0.0, 0.0, 0.0, 0.0, 0.0, 0.0, 0.0, 0.0, 0.0, 0.0, 0.0, 0.0, 0.0, 0.0, 0.0, 0.0, 0.0, 0.0, 0.0, 0.0, 0.0, 0.0, 0.0, 0.0, 0.0, 0.0, 0.0, 0.0, 0.0, 0.0, 0.0, 0.0, 0.0, 0.0, 0.0, 0.0, 0.0, 0.0, 0.0, 0.0, 0.0, 0.0, 0.0, 0.0, 0.0, 0.0, 0.0, 0.0, 0.0, 0.0, 0.0, 0.0, 0.0, 0.0, 0.0, 0.0, 0.0, 0.0, 0.0, 0.0, 0.0, 0.0, 0.0, 0.0, 0.0, 0.0, 0.0, 0.0, 0.0, 0.0, 0.0, 0.0, 0.0, 0.0, 0.0, 0.0, 0.0, 0.0, 0.0, 0.0, 0.0, 0.0, 0.0, 0.0, 0.0, 0.0, 0.0, 0.0, 0.0, 0.0, 0.0, 0.0, 0.0]
