nohup: 忽略输入
Env:sumo, Algorithm:TD3, Device:cuda
-----------------------------------------
models/reward_s1e-2(-90, 0.1)_a4e-2_t(-2_0.5).pth
-----------------------------------------
 Retrying in 1 seconds
Warning: Unused states in tlLogic 'J10', program '0' in phase 0 after tl-index 10
Simulation......
总奖励:-18759.771342679313, 速度奖励:-11110.03299999724, 加速度奖励:-711.2383426792711, 交通灯奖励:-6938.5, 与前车进行交互的惩罚:0.0
Episode:1/100, Reward:-18759.771342679313
Episode:1/100, avg speed:14.437917980568516
Episode:1/100, avg halt num:0.3433744722312439
Episode:1/100, avg elec cons:1.762902998089894
 Retrying in 1 seconds
Warning: Unused states in tlLogic 'J10', program '0' in phase 0 after tl-index 10
Simulation......
总奖励:-22163.19423225158, 速度奖励:-12992.860999996483, 加速度奖励:-681.333232250229, 交通灯奖励:-8489.0, 与前车进行交互的惩罚:0.0
Episode:2/100, Reward:-22163.19423225158
Episode:2/100, avg speed:14.017458994774065
Episode:2/100, avg halt num:0.4596020761245675
Episode:2/100, avg elec cons:1.8991220424325361
 Retrying in 1 seconds
Warning: Unused states in tlLogic 'J10', program '0' in phase 0 after tl-index 10
Simulation......
总奖励:-19205.198368714868, 速度奖励:-11244.71599999728, 加速度奖励:-1162.4823687151077, 交通灯奖励:-6798.0, 与前车进行交互的惩罚:0.0
Episode:3/100, Reward:-19205.198368714868
Episode:3/100, avg speed:14.067631912825385
Episode:3/100, avg halt num:0.2872771474878444
Episode:3/100, avg elec cons:1.7956576473982804
 Retrying in 1 seconds
Warning: Unused states in tlLogic 'J10', program '0' in phase 0 after tl-index 10
Simulation......
总奖励:-17426.842752566423, 速度奖励:-13535.417999996253, 加速度奖励:-842.9247525668476, 交通灯奖励:-3048.5, 与前车进行交互的惩罚:0.0
Episode:4/100, Reward:-17426.842752566423
Episode:4/100, avg speed:11.446625047209947
Episode:4/100, avg halt num:0.29713648196355524
Episode:4/100, avg elec cons:0.8514331381057
 Retrying in 1 seconds
Warning: Unused states in tlLogic 'J10', program '0' in phase 0 after tl-index 10
Simulation......
总奖励:-19125.421109983643, 速度奖励:-18357.25699999836, 加速度奖励:-756.1641099836311, 交通灯奖励:-12.0, 与前车进行交互的惩罚:0.0
Episode:5/100, Reward:-19125.421109983643
Episode:5/100, avg speed:9.73212529147107
Episode:5/100, avg halt num:0.4678933533608712
Episode:5/100, avg elec cons:0.6910972075948354
 Retrying in 1 seconds
Warning: Unused states in tlLogic 'J10', program '0' in phase 0 after tl-index 10
Simulation......
总奖励:-25001.39589016285, 速度奖励:-22770.82100000548, 加速度奖励:-941.0748901603826, 交通灯奖励:-1289.5, 与前车进行交互的惩罚:0.0
Episode:6/100, Reward:-25001.39589016285
Episode:6/100, avg speed:9.34447915636204
Episode:6/100, avg halt num:0.5084955460244144
Episode:6/100, avg elec cons:0.5305122603560685
 Retrying in 1 seconds
Warning: Unused states in tlLogic 'J10', program '0' in phase 0 after tl-index 10
Simulation......
总奖励:-45028.24241493067, 速度奖励:-34802.20700002515, 加速度奖励:-1027.5354149242658, 交通灯奖励:-9198.5, 与前车进行交互的惩罚:0.0
Episode:7/100, Reward:-45028.24241493067
Episode:7/100, avg speed:8.38437597679999
Episode:7/100, avg halt num:0.9950758798837585
Episode:7/100, avg elec cons:0.4921379351330745
 Retrying in 1 seconds
Warning: Unused states in tlLogic 'J10', program '0' in phase 0 after tl-index 10
Simulation......
总奖励:-18613.20355819637, 速度奖励:-18868.52999999919, 加速度奖励:-1110.1735581964026, 交通灯奖励:1365.5, 与前车进行交互的惩罚:0.0
Episode:8/100, Reward:-18613.20355819637
Episode:8/100, avg speed:10.597939378511947
Episode:8/100, avg halt num:0.2554154302670623
Episode:8/100, avg elec cons:0.47115776597517534
 Retrying in 1 seconds
Warning: Unused states in tlLogic 'J10', program '0' in phase 0 after tl-index 10
Simulation......
总奖励:-11592.690776604075, 速度奖励:-13977.743999996124, 加速度奖励:-1053.9467766044113, 交通灯奖励:3439.0, 与前车进行交互的惩罚:0.0
Episode:9/100, Reward:-11592.690776604075
Episode:9/100, avg speed:11.404173126578034
Episode:9/100, avg halt num:0.12399567367119901
Episode:9/100, avg elec cons:0.6425385427930405
 Retrying in 1 seconds
Warning: Unused states in tlLogic 'J10', program '0' in phase 0 after tl-index 10
Simulation......
总奖励:-14930.02913495846, 速度奖励:-16452.886999995277, 加速度奖励:-964.6421349590772, 交通灯奖励:2487.5, 与前车进行交互的惩罚:0.0
Episode:10/100, Reward:-14930.02913495846
Episode:10/100, avg speed:10.579080971632756
Episode:10/100, avg halt num:0.2352253756260434
Episode:10/100, avg elec cons:0.6567298552895627
 Retrying in 1 seconds
Warning: Unused states in tlLogic 'J10', program '0' in phase 0 after tl-index 10
Simulation......
总奖励:-8391.614336577342, 速度奖励:-10762.545999997363, 加速度奖励:-921.0683365774346, 交通灯奖励:3292.0, 与前车进行交互的惩罚:0.0
Episode:11/100, Reward:-8391.614336577342
Episode:11/100, avg speed:13.325314536981978
Episode:11/100, avg halt num:0.038554801163918524
Episode:11/100, avg elec cons:0.9620133697084453
 Retrying in 1 seconds
Warning: Unused states in tlLogic 'J10', program '0' in phase 0 after tl-index 10
Simulation......
总奖励:-8765.656422228767, 速度奖励:-11489.072999997114, 加速度奖励:-766.083422228888, 交通灯奖励:3489.5, 与前车进行交互的惩罚:0.0
Episode:12/100, Reward:-8765.656422228767
Episode:12/100, avg speed:12.980534604524921
Episode:12/100, avg halt num:0.0639155799588195
Episode:12/100, avg elec cons:0.9011394938953458
 Retrying in 1 seconds
Warning: Unused states in tlLogic 'J10', program '0' in phase 0 after tl-index 10
Simulation......
总奖励:-5801.963672258408, 速度奖励:-8193.664999998375, 加速度奖励:-768.7986722584654, 交通灯奖励:3160.5, 与前车进行交互的惩罚:0.0
Episode:13/100, Reward:-5801.963672258408
Episode:13/100, avg speed:14.457609903273779
Episode:13/100, avg halt num:0.024284816095567433
Episode:13/100, avg elec cons:1.4324932624225502
 Retrying in 1 seconds
Warning: Unused states in tlLogic 'J10', program '0' in phase 0 after tl-index 10
Simulation......
总奖励:-7105.417499378094, 速度奖励:-9424.410999997943, 加速度奖励:-787.0064993781612, 交通灯奖励:3106.0, 与前车进行交互的惩罚:0.0
Episode:14/100, Reward:-7105.417499378094
Episode:14/100, avg speed:13.80506662418571
Episode:14/100, avg halt num:0.06376689189189189
Episode:14/100, avg elec cons:1.6356637236504572
 Retrying in 1 seconds
Warning: Unused states in tlLogic 'J10', program '0' in phase 0 after tl-index 10
Simulation......
总奖励:-5831.451348979286, 速度奖励:-8278.116999998296, 加速度奖励:-649.8343489792526, 交通灯奖励:3096.5, 与前车进行交互的惩罚:0.0
Episode:15/100, Reward:-5831.451348979286
Episode:15/100, avg speed:14.263296310581383
Episode:15/100, avg halt num:0.03537125969708164
Episode:15/100, avg elec cons:1.6361728769144872
 Retrying in 1 seconds
Warning: Unused states in tlLogic 'J10', program '0' in phase 0 after tl-index 10
Simulation......
总奖励:-6435.935732028107, 速度奖励:-8963.52999999813, 加速度奖励:-615.4057320281553, 交通灯奖励:3143.0, 与前车进行交互的惩罚:0.0
Episode:16/100, Reward:-6435.935732028107
Episode:16/100, avg speed:13.663003367962226
Episode:16/100, avg halt num:0.031908885542168676
Episode:16/100, avg elec cons:1.2677279050530945
 Retrying in 1 seconds
Warning: Unused states in tlLogic 'J10', program '0' in phase 0 after tl-index 10
Simulation......
总奖励:-5986.807173067141, 速度奖励:-8591.746999998248, 加速度奖励:-628.0601730671245, 交通灯奖励:3233.0, 与前车进行交互的惩罚:0.0
Episode:17/100, Reward:-5986.807173067141
Episode:17/100, avg speed:14.457313262974784
Episode:17/100, avg halt num:0.0013778849466069584
Episode:17/100, avg elec cons:1.744308376134886
 Retrying in 1 seconds
Warning: Unused states in tlLogic 'J10', program '0' in phase 0 after tl-index 10
Simulation......
总奖励:-8598.452360826006, 速度奖励:-10832.139999997398, 加速度奖励:-894.812360826042, 交通灯奖励:3128.5, 与前车进行交互的惩罚:0.0
Episode:18/100, Reward:-8598.452360826006
Episode:18/100, avg speed:11.964777650678238
Episode:18/100, avg halt num:0.07099609375
Episode:18/100, avg elec cons:1.2108535516642018
 Retrying in 1 seconds
Warning: Unused states in tlLogic 'J10', program '0' in phase 0 after tl-index 10
Simulation......
总奖励:-8706.723201732579, 速度奖励:-11797.104999997011, 加速度奖励:-761.618201732591, 交通灯奖励:3852.0, 与前车进行交互的惩罚:0.0
Episode:19/100, Reward:-8706.723201732579
Episode:19/100, avg speed:12.33338385582899
Episode:19/100, avg halt num:0.02518492426910884
Episode:19/100, avg elec cons:1.0594391558395182
 Retrying in 1 seconds
Warning: Unused states in tlLogic 'J10', program '0' in phase 0 after tl-index 10
Simulation......
总奖励:-7411.473276302887, 速度奖励:-10352.130999997538, 加速度奖励:-778.3422763029283, 交通灯奖励:3719.0, 与前车进行交互的惩罚:0.0
Episode:20/100, Reward:-7411.473276302887
Episode:20/100, avg speed:13.273509944268323
Episode:20/100, avg halt num:0.06308037143772013
Episode:20/100, avg elec cons:1.0373380785650321
 Retrying in 1 seconds
Warning: Unused states in tlLogic 'J10', program '0' in phase 0 after tl-index 10
Simulation......
总奖励:-14905.652629183234, 速度奖励:-16861.590999995966, 加速度奖励:-856.561629183861, 交通灯奖励:2812.5, 与前车进行交互的惩罚:0.0
Episode:21/100, Reward:-14905.652629183234
Episode:21/100, avg speed:10.088385674459365
Episode:21/100, avg halt num:0.2422509225092251
Episode:21/100, avg elec cons:0.6925356988913135
 Retrying in 1 seconds
Warning: Unused states in tlLogic 'J10', program '0' in phase 0 after tl-index 10
Simulation......
总奖励:-18737.96894826459, 速度奖励:-20674.163000002158, 加速度奖励:-1038.3059482645856, 交通灯奖励:2974.5, 与前车进行交互的惩罚:0.0
Episode:22/100, Reward:-18737.96894826459
Episode:22/100, avg speed:9.352448854598657
Episode:22/100, avg halt num:0.4552491103202847
Episode:22/100, avg elec cons:0.535400607058252
 Retrying in 1 seconds
Warning: Unused states in tlLogic 'J10', program '0' in phase 0 after tl-index 10
Simulation......
总奖励:-14324.662673758314, 速度奖励:-17370.842999996752, 加速度奖励:-840.8196737592626, 交通灯奖励:3887.0, 与前车进行交互的惩罚:0.0
Episode:23/100, Reward:-14324.662673758314
Episode:23/100, avg speed:10.689658227061006
Episode:23/100, avg halt num:0.291005291005291
Episode:23/100, avg elec cons:0.5525167138464689
 Retrying in 1 seconds
Warning: Unused states in tlLogic 'J10', program '0' in phase 0 after tl-index 10
Simulation......
总奖励:-12946.19166528371, 速度奖励:-16336.11699999523, 加速度奖励:-867.5746652840746, 交通灯奖励:4257.5, 与前车进行交互的惩罚:0.0
Episode:24/100, Reward:-12946.19166528371
Episode:24/100, avg speed:10.690969924720264
Episode:24/100, avg halt num:0.15082644628099173
Episode:24/100, avg elec cons:0.5386650274348102
 Retrying in 1 seconds
Warning: Unused states in tlLogic 'J10', program '0' in phase 0 after tl-index 10
Simulation......
总奖励:-17080.953348304145, 速度奖励:-18696.76699999894, 加速度奖励:-1070.686348304665, 交通灯奖励:2686.5, 与前车进行交互的惩罚:0.0
Episode:25/100, Reward:-17080.953348304145
Episode:25/100, avg speed:9.933521651486966
Episode:25/100, avg halt num:0.26266918476550205
Episode:25/100, avg elec cons:0.6243308345698736
 Retrying in 1 seconds
Warning: Unused states in tlLogic 'J10', program '0' in phase 0 after tl-index 10
Simulation......
总奖励:-15345.646237405785, 速度奖励:-17025.353999996216, 加速度奖励:-1009.7922374063842, 交通灯奖励:2689.5, 与前车进行交互的惩罚:0.0
Episode:26/100, Reward:-15345.646237405785
Episode:26/100, avg speed:10.026860333079155
Episode:26/100, avg halt num:0.21190651453809348
Episode:26/100, avg elec cons:0.6639965342122303
 Retrying in 1 seconds
Warning: Unused states in tlLogic 'J10', program '0' in phase 0 after tl-index 10
Simulation......
总奖励:-13573.820432573511, 速度奖励:-17032.631999996236, 加速度奖励:-903.1884325739879, 交通灯奖励:4362.0, 与前车进行交互的惩罚:0.0
Episode:27/100, Reward:-13573.820432573511
Episode:27/100, avg speed:10.28566573415026
Episode:27/100, avg halt num:0.16561040693795864
Episode:27/100, avg elec cons:0.540241244697922
 Retrying in 1 seconds
Warning: Unused states in tlLogic 'J10', program '0' in phase 0 after tl-index 10
Simulation......
总奖励:-17712.404302779305, 速度奖励:-19222.386999999788, 加速度奖励:-983.5173027797373, 交通灯奖励:2493.5, 与前车进行交互的惩罚:0.0
Episode:28/100, Reward:-17712.404302779305
Episode:28/100, avg speed:8.957180011548203
Episode:28/100, avg halt num:0.32216494845360827
Episode:28/100, avg elec cons:0.6084401528970893
 Retrying in 1 seconds
Warning: Unused states in tlLogic 'J10', program '0' in phase 0 after tl-index 10
Simulation......
总奖励:-11827.175586120922, 速度奖励:-14779.133999995862, 加速度奖励:-1002.0415861210386, 交通灯奖励:3954.0, 与前车进行交互的惩罚:0.0
Episode:29/100, Reward:-11827.175586120922
Episode:29/100, avg speed:10.562132307519585
Episode:29/100, avg halt num:0.05381739472648563
Episode:29/100, avg elec cons:0.7958941293592967
 Retrying in 1 seconds
Warning: Unused states in tlLogic 'J10', program '0' in phase 0 after tl-index 10
Simulation......
总奖励:-8413.473524238054, 速度奖励:-10721.11499999736, 加速度奖励:-1054.358524238065, 交通灯奖励:3362.0, 与前车进行交互的惩罚:0.0
Episode:30/100, Reward:-8413.473524238054
Episode:30/100, avg speed:12.7951426251755
Episode:30/100, avg halt num:0.03326035702256652
Episode:30/100, avg elec cons:1.132735580745034
 Retrying in 1 seconds
Warning: Unused states in tlLogic 'J10', program '0' in phase 0 after tl-index 10
Simulation......
总奖励:-11597.85461757869, 速度奖励:-14559.371999995925, 加速度奖励:-978.9826175789634, 交通灯奖励:3940.5, 与前车进行交互的惩罚:0.0
Episode:31/100, Reward:-11597.85461757869
Episode:31/100, avg speed:11.511313369078986
Episode:31/100, avg halt num:0.14301036825169824
Episode:31/100, avg elec cons:0.8459757908706655
 Retrying in 1 seconds
Warning: Unused states in tlLogic 'J10', program '0' in phase 0 after tl-index 10
Simulation......
总奖励:-10866.339685329423, 速度奖励:-13384.649999996354, 加速度奖励:-1050.6896853296241, 交通灯奖励:3569.0, 与前车进行交互的惩罚:0.0
Episode:32/100, Reward:-10866.339685329423
Episode:32/100, avg speed:11.356566587340538
Episode:32/100, avg halt num:0.08924731182795699
Episode:32/100, avg elec cons:0.9784061270634853
 Retrying in 1 seconds
Warning: Unused states in tlLogic 'J10', program '0' in phase 0 after tl-index 10
Simulation......
总奖励:-12704.019781375962, 速度奖励:-15455.753999995564, 加速度奖励:-988.2657813764059, 交通灯奖励:3740.0, 与前车进行交互的惩罚:0.0
Episode:33/100, Reward:-12704.019781375962
Episode:33/100, avg speed:10.867437185131969
Episode:33/100, avg halt num:0.15900886117492616
Episode:33/100, avg elec cons:0.6529950832946634
 Retrying in 1 seconds
Warning: Unused states in tlLogic 'J10', program '0' in phase 0 after tl-index 10
Simulation......
总奖励:-8377.654864845888, 速度奖励:-11559.326999997083, 加速度奖励:-822.3278648459617, 交通灯奖励:4004.0, 与前车进行交互的惩罚:0.0
Episode:34/100, Reward:-8377.654864845888
Episode:34/100, avg speed:12.44605728716568
Episode:34/100, avg halt num:0.052768166089965395
Episode:34/100, avg elec cons:1.0185532489720963
 Retrying in 1 seconds
Warning: Unused states in tlLogic 'J10', program '0' in phase 0 after tl-index 10
Simulation......
总奖励:-7200.158664440776, 速度奖励:-9999.069999997653, 加速度奖励:-834.588664440781, 交通灯奖励:3633.5, 与前车进行交互的惩罚:0.0
Episode:35/100, Reward:-7200.158664440776
Episode:35/100, avg speed:13.443017344974075
Episode:35/100, avg halt num:0.03926369241929634
Episode:35/100, avg elec cons:1.2446973765879805
 Retrying in 1 seconds
Warning: Unused states in tlLogic 'J10', program '0' in phase 0 after tl-index 10
Simulation......
总奖励:-7140.5339713506655, 速度奖励:-10163.30099999762, 加速度奖励:-833.7329713507032, 交通灯奖励:3856.5, 与前车进行交互的惩罚:0.0
Episode:36/100, Reward:-7140.5339713506655
Episode:36/100, avg speed:13.176337756847385
Episode:36/100, avg halt num:0.026041666666666668
Episode:36/100, avg elec cons:1.1704217515812905
 Retrying in 1 seconds
Warning: Unused states in tlLogic 'J10', program '0' in phase 0 after tl-index 10
Simulation......
总奖励:-6768.814890553985, 速度奖励:-9188.559999998044, 加速度奖励:-755.7548905540622, 交通灯奖励:3175.5, 与前车进行交互的惩罚:0.0
Episode:37/100, Reward:-6768.814890553985
Episode:37/100, avg speed:13.374148378227995
Episode:37/100, avg halt num:0.04873496474491912
Episode:37/100, avg elec cons:1.525665656455552
 Retrying in 1 seconds
Warning: Unused states in tlLogic 'J10', program '0' in phase 0 after tl-index 10
Simulation......
总奖励:-6367.136856194436, 速度奖励:-8970.475999998065, 加速度奖励:-773.1608561944264, 交通灯奖励:3376.5, 与前车进行交互的惩罚:0.0
Episode:38/100, Reward:-6367.136856194436
Episode:38/100, avg speed:13.789739525579547
Episode:38/100, avg halt num:0.05495772482705611
Episode:38/100, avg elec cons:1.4679059349924946
 Retrying in 1 seconds
Warning: Unused states in tlLogic 'J10', program '0' in phase 0 after tl-index 10
Simulation......
总奖励:-7473.2879850498475, 速度奖励:-9998.585999997731, 加速度奖励:-849.7019850498954, 交通灯奖励:3375.0, 与前车进行交互的惩罚:0.0
Episode:39/100, Reward:-7473.2879850498475
Episode:39/100, avg speed:13.36271397371133
Episode:39/100, avg halt num:0.022333559782608696
Episode:39/100, avg elec cons:1.1789512807459661
 Retrying in 1 seconds
Warning: Unused states in tlLogic 'J10', program '0' in phase 0 after tl-index 10
Simulation......
总奖励:-7719.332393608445, 速度奖励:-11131.860999997265, 加速度奖励:-751.9713936084293, 交通灯奖励:4164.5, 与前车进行交互的惩罚:0.0
Episode:40/100, Reward:-7719.332393608445
Episode:40/100, avg speed:12.627001075219576
Episode:40/100, avg halt num:0.016879090595935238
Episode:40/100, avg elec cons:1.0180229520454285
 Retrying in 1 seconds
Warning: Unused states in tlLogic 'J10', program '0' in phase 0 after tl-index 10
Simulation......
总奖励:-13041.964407570187, 速度奖励:-15259.41099999561, 加速度奖励:-1102.5534075705743, 交通灯奖励:3320.0, 与前车进行交互的惩罚:0.0
Episode:41/100, Reward:-13041.964407570187
Episode:41/100, avg speed:10.620979433343836
Episode:41/100, avg halt num:0.15538674033149172
Episode:41/100, avg elec cons:0.7851111817000698
 Retrying in 1 seconds
Warning: Unused states in tlLogic 'J10', program '0' in phase 0 after tl-index 10
Simulation......
总奖励:-12666.403630415365, 速度奖励:-16483.694999995365, 加速度奖励:-908.2086304157461, 交通灯奖励:4725.5, 与前车进行交互的惩罚:0.0
Episode:42/100, Reward:-12666.403630415365
Episode:42/100, avg speed:10.352300645945094
Episode:42/100, avg halt num:0.17613636363636365
Episode:42/100, avg elec cons:0.6131554388531756
 Retrying in 1 seconds
Warning: Unused states in tlLogic 'J10', program '0' in phase 0 after tl-index 10
Simulation......
总奖励:-10037.696301412865, 速度奖励:-12911.026999996513, 加速度奖励:-861.669301412962, 交通灯奖励:3735.0, 与前车进行交互的惩罚:0.0
Episode:43/100, Reward:-10037.696301412865
Episode:43/100, avg speed:11.204089060421504
Episode:43/100, avg halt num:0.0853328173374613
Episode:43/100, avg elec cons:1.0071554393610078
 Retrying in 1 seconds
Warning: Unused states in tlLogic 'J10', program '0' in phase 0 after tl-index 10
Simulation......
总奖励:-9089.01685371856, 速度奖励:-12383.509999996748, 加速度奖励:-873.5068537186169, 交通灯奖励:4168.0, 与前车进行交互的惩罚:0.0
Episode:44/100, Reward:-9089.01685371856
Episode:44/100, avg speed:11.799521778833125
Episode:44/100, avg halt num:0.047752808988764044
Episode:44/100, avg elec cons:1.0452628893169307
 Retrying in 1 seconds
Warning: Unused states in tlLogic 'J10', program '0' in phase 0 after tl-index 10
Simulation......
总奖励:-9375.861054612671, 速度奖励:-12705.114999996636, 加速度奖励:-737.2460546127668, 交通灯奖励:4066.5, 与前车进行交互的惩罚:0.0
Episode:45/100, Reward:-9375.861054612671
Episode:45/100, avg speed:11.317818213859415
Episode:45/100, avg halt num:0.05047801147227533
Episode:45/100, avg elec cons:1.0879176229998218
 Retrying in 1 seconds
Warning: Unused states in tlLogic 'J10', program '0' in phase 0 after tl-index 10
Simulation......
总奖励:-7227.439996796596, 速度奖励:-10104.645999997616, 加速度奖励:-674.2939967966286, 交通灯奖励:3551.5, 与前车进行交互的惩罚:0.0
Episode:46/100, Reward:-7227.439996796596
Episode:46/100, avg speed:13.669591595935561
Episode:46/100, avg halt num:0.02484421121679239
Episode:46/100, avg elec cons:1.2947617808932177
 Retrying in 1 seconds
Warning: Unused states in tlLogic 'J10', program '0' in phase 0 after tl-index 10
Simulation......
总奖励:-5558.063540328638, 速度奖励:-8230.092999998322, 加速度奖励:-689.970540328607, 交通灯奖励:3362.0, 与前车进行交互的惩罚:0.0
Episode:47/100, Reward:-5558.063540328638
Episode:47/100, avg speed:13.83038610890584
Episode:47/100, avg halt num:0.0014209928003031452
Episode:47/100, avg elec cons:1.7213970266845773
 Retrying in 1 seconds
Warning: Unused states in tlLogic 'J10', program '0' in phase 0 after tl-index 10
Simulation......
总奖励:-6947.47922030346, 速度奖励:-9939.013999997716, 加速度奖励:-703.9652203034626, 交通灯奖励:3695.5, 与前车进行交互的惩罚:0.0
Episode:48/100, Reward:-6947.47922030346
Episode:48/100, avg speed:12.993318437256345
Episode:48/100, avg halt num:0.012882603641999226
Episode:48/100, avg elec cons:1.4414149266445806
 Retrying in 1 seconds
Warning: Unused states in tlLogic 'J10', program '0' in phase 0 after tl-index 10
Simulation......
总奖励:-7958.37626426933, 速度奖励:-11008.13699999725, 加速度奖励:-813.239264269343, 交通灯奖励:3863.0, 与前车进行交互的惩罚:0.0
Episode:49/100, Reward:-7958.37626426933
Episode:49/100, avg speed:13.202532007448228
Episode:49/100, avg halt num:0.07838589981447125
Episode:49/100, avg elec cons:1.0809295296192705
 Retrying in 1 seconds
Warning: Unused states in tlLogic 'J10', program '0' in phase 0 after tl-index 10
Simulation......
总奖励:-6617.110632130919, 速度奖励:-9403.517999997926, 加速度奖励:-839.592632130932, 交通灯奖励:3626.0, 与前车进行交互的惩罚:0.0
Episode:50/100, Reward:-6617.110632130919
Episode:50/100, avg speed:13.52040096245088
Episode:50/100, avg halt num:0.01678023850085179
Episode:50/100, avg elec cons:1.1810834165638695
 Retrying in 1 seconds
Warning: Unused states in tlLogic 'J10', program '0' in phase 0 after tl-index 10
Simulation......
总奖励:-8182.26732255359, 速度奖励:-10313.079999997493, 加速度奖励:-894.6873225536793, 交通灯奖励:3025.5, 与前车进行交互的惩罚:0.0
Episode:51/100, Reward:-8182.26732255359
Episode:51/100, avg speed:13.131069050177512
Episode:51/100, avg halt num:0.07525923525599482
Episode:51/100, avg elec cons:1.2232330108069478
 Retrying in 1 seconds
Warning: Unused states in tlLogic 'J10', program '0' in phase 0 after tl-index 10
Simulation......
总奖励:-9186.728085258766, 速度奖励:-11592.356999997055, 加速度奖励:-1074.3710852588695, 交通灯奖励:3480.0, 与前车进行交互的惩罚:0.0
Episode:52/100, Reward:-9186.728085258766
Episode:52/100, avg speed:11.970663401884577
Episode:52/100, avg halt num:0.10251117991056072
Episode:52/100, avg elec cons:1.2157452518050968
 Retrying in 1 seconds
Warning: Unused states in tlLogic 'J10', program '0' in phase 0 after tl-index 10
Simulation......
总奖励:-20481.142437130296, 速度奖励:-20287.056000001518, 加速度奖励:-1477.086437130182, 交通灯奖励:1283.0, 与前车进行交互的惩罚:0.0
Episode:53/100, Reward:-20481.142437130296
Episode:53/100, avg speed:9.569486424006964
Episode:53/100, avg halt num:0.3433968356474007
Episode:53/100, avg elec cons:0.6012159482888538
 Retrying in 1 seconds
Warning: Unused states in tlLogic 'J10', program '0' in phase 0 after tl-index 10
Simulation......
总奖励:-12292.560127601853, 速度奖励:-15481.161999995578, 加速度奖励:-1306.3981276022346, 交通灯奖励:4495.0, 与前车进行交互的惩罚:0.0
Episode:54/100, Reward:-12292.560127601853
Episode:54/100, avg speed:10.817736471622982
Episode:54/100, avg halt num:0.14229873586161013
Episode:54/100, avg elec cons:0.7363960019756395
 Retrying in 1 seconds
Warning: Unused states in tlLogic 'J10', program '0' in phase 0 after tl-index 10
Simulation......
总奖励:-11232.523852198576, 速度奖励:-12948.17399999655, 加速度奖励:-1078.8498521988759, 交通灯奖励:2794.5, 与前车进行交互的惩罚:0.0
Episode:55/100, Reward:-11232.523852198576
Episode:55/100, avg speed:10.891208186942922
Episode:55/100, avg halt num:0.1132181749906121
Episode:55/100, avg elec cons:1.0244244192185383
 Retrying in 1 seconds
Warning: Unused states in tlLogic 'J10', program '0' in phase 0 after tl-index 10
Simulation......
总奖励:-23112.828706547487, 速度奖励:-22462.278000005008, 加速度奖励:-1268.5507065463057, 交通灯奖励:618.0, 与前车进行交互的惩罚:0.0
Episode:56/100, Reward:-23112.828706547487
Episode:56/100, avg speed:8.848694519785155
Episode:56/100, avg halt num:0.463743676222597
Episode:56/100, avg elec cons:0.48581344058039594
 Retrying in 1 seconds
Warning: Unused states in tlLogic 'J10', program '0' in phase 0 after tl-index 10
Simulation......
总奖励:-10997.011057194979, 速度奖励:-14871.571999995773, 加速度奖励:-996.9390571952761, 交通灯奖励:4871.5, 与前车进行交互的惩罚:0.0
Episode:57/100, Reward:-10997.011057194979
Episode:57/100, avg speed:10.151295390603824
Episode:57/100, avg halt num:0.19007191370355572
Episode:57/100, avg elec cons:0.8023793855783661
 Retrying in 1 seconds
Warning: Unused states in tlLogic 'J10', program '0' in phase 0 after tl-index 10
Simulation......
总奖励:-9361.682398363846, 速度奖励:-12665.508999996664, 加速度奖励:-976.1733983640778, 交通灯奖励:4280.0, 与前车进行交互的惩罚:0.0
Episode:58/100, Reward:-9361.682398363846
Episode:58/100, avg speed:11.068903850655692
Episode:58/100, avg halt num:0.11304934464148034
Episode:58/100, avg elec cons:0.9922830722744114
 Retrying in 1 seconds
Warning: Unused states in tlLogic 'J10', program '0' in phase 0 after tl-index 10
Simulation......
总奖励:-13186.382708244508, 速度奖励:-16293.570999995196, 加速度奖励:-1062.3117082451085, 交通灯奖励:4169.5, 与前车进行交互的惩罚:0.0
Episode:59/100, Reward:-13186.382708244508
Episode:59/100, avg speed:10.400368544584657
Episode:59/100, avg halt num:0.2366055692633063
Episode:59/100, avg elec cons:0.7088145587526423
 Retrying in 1 seconds
Warning: Unused states in tlLogic 'J10', program '0' in phase 0 after tl-index 10
Simulation......
总奖励:-11913.148095177314, 速度奖励:-16054.966999995284, 加速度奖励:-1057.1810951776556, 交通灯奖励:5199.0, 与前车进行交互的惩罚:0.0
Episode:60/100, Reward:-11913.148095177314
Episode:60/100, avg speed:10.866915538759587
Episode:60/100, avg halt num:0.16405500479692997
Episode:60/100, avg elec cons:0.5838282695131723
 Retrying in 1 seconds
Warning: Unused states in tlLogic 'J10', program '0' in phase 0 after tl-index 10
Simulation......
总奖励:-13838.96756408365, 速度奖励:-16318.578999995167, 加速度奖励:-1017.3885640842158, 交通灯奖励:3497.0, 与前车进行交互的惩罚:0.0
Episode:61/100, Reward:-13838.96756408365
Episode:61/100, avg speed:10.06038523687382
Episode:61/100, avg halt num:0.2766859344894027
Episode:61/100, avg elec cons:0.7354086691250145
 Retrying in 1 seconds
Warning: Unused states in tlLogic 'J10', program '0' in phase 0 after tl-index 10
Simulation......
总奖励:-11561.484415550858, 速度奖励:-14642.839999995855, 加速度奖励:-1034.144415551203, 交通灯奖励:4115.5, 与前车进行交互的惩罚:0.0
Episode:62/100, Reward:-11561.484415550858
Episode:62/100, avg speed:11.219741180851141
Episode:62/100, avg halt num:0.1573474258438459
Episode:62/100, avg elec cons:0.7573851143683844
 Retrying in 1 seconds
Warning: Unused states in tlLogic 'J10', program '0' in phase 0 after tl-index 10
Simulation......
总奖励:-9243.36829763704, 速度奖励:-12213.250999996753, 加速度奖励:-1058.1172976372181, 交通灯奖励:4028.0, 与前车进行交互的惩罚:0.0
Episode:63/100, Reward:-9243.36829763704
Episode:63/100, avg speed:12.430424624650943
Episode:63/100, avg halt num:0.10369955156950672
Episode:63/100, avg elec cons:0.8341208467322787
 Retrying in 1 seconds
Warning: Unused states in tlLogic 'J10', program '0' in phase 0 after tl-index 10
Simulation......
总奖励:-6560.885379362994, 速度奖励:-7686.445999998511, 加速度奖励:-900.4393793630893, 交通灯奖励:2026.0, 与前车进行交互的惩罚:0.0
Episode:64/100, Reward:-6560.885379362994
Episode:64/100, avg speed:14.071687672985703
Episode:64/100, avg halt num:0.055222763010108575
Episode:64/100, avg elec cons:1.7040680521463818
 Retrying in 1 seconds
Warning: Unused states in tlLogic 'J10', program '0' in phase 0 after tl-index 10
Simulation......
总奖励:-16722.140725655507, 速度奖励:-17510.89599999697, 加速度奖励:-1224.7447256566732, 交通灯奖励:2013.5, 与前车进行交互的惩罚:0.0
Episode:65/100, Reward:-16722.140725655507
Episode:65/100, avg speed:10.357784234592778
Episode:65/100, avg halt num:0.43389215347390253
Episode:65/100, avg elec cons:0.8404954642153902
 Retrying in 1 seconds
Warning: Unused states in tlLogic 'J10', program '0' in phase 0 after tl-index 10
Simulation......
总奖励:-18358.27919013618, 速度奖励:-20183.32200000131, 加速度奖励:-1197.45719013665, 交通灯奖励:3022.5, 与前车进行交互的惩罚:0.0
Episode:66/100, Reward:-18358.27919013618
Episode:66/100, avg speed:10.783111816078232
Episode:66/100, avg halt num:0.3732195845697329
Episode:66/100, avg elec cons:0.5126873861621766
 Retrying in 1 seconds
Warning: Unused states in tlLogic 'J10', program '0' in phase 0 after tl-index 10
Simulation......
总奖励:-8621.73543825665, 速度奖励:-11972.060999996818, 加速度奖励:-823.6744382568928, 交通灯奖励:4174.0, 与前车进行交互的惩罚:0.0
Episode:67/100, Reward:-8621.73543825665
Episode:67/100, avg speed:12.766309480440086
Episode:67/100, avg halt num:0.13493758212877793
Episode:67/100, avg elec cons:0.958927140302372
 Retrying in 1 seconds
Warning: Unused states in tlLogic 'J10', program '0' in phase 0 after tl-index 10
Simulation......
总奖励:-8463.160384416526, 速度奖励:-8577.27799999826, 加速度奖励:-930.3823844165332, 交通灯奖励:1044.5, 与前车进行交互的惩罚:0.0
Episode:68/100, Reward:-8463.160384416526
Episode:68/100, avg speed:14.510394574965005
Episode:68/100, avg halt num:0.029737903225806453
Episode:68/100, avg elec cons:1.292004570150292
 Retrying in 1 seconds
Warning: Unused states in tlLogic 'J10', program '0' in phase 0 after tl-index 10
Simulation......
总奖励:-7537.32492043245, 速度奖励:-9896.603999997691, 加速度奖励:-935.2209204325324, 交通灯奖励:3294.5, 与前车进行交互的惩罚:0.0
Episode:69/100, Reward:-7537.32492043245
Episode:69/100, avg speed:13.278153810312082
Episode:69/100, avg halt num:0.07485398094067015
Episode:69/100, avg elec cons:1.1682256594634781
 Retrying in 1 seconds
Warning: Unused states in tlLogic 'J10', program '0' in phase 0 after tl-index 10
Simulation......
总奖励:-10492.835523175156, 速度奖励:-13408.425999996292, 加速度奖励:-978.9095231754925, 交通灯奖励:3894.5, 与前车进行交互的惩罚:0.0
Episode:70/100, Reward:-10492.835523175156
Episode:70/100, avg speed:11.301561612587644
Episode:70/100, avg halt num:0.16975015812776723
Episode:70/100, avg elec cons:0.8731031199108112
 Retrying in 1 seconds
Warning: Unused states in tlLogic 'J10', program '0' in phase 0 after tl-index 10
Simulation......
总奖励:-12904.070142607285, 速度奖励:-14573.254999995836, 加速度奖励:-907.8151426076724, 交通灯奖励:2577.0, 与前车进行交互的惩罚:0.0
Episode:71/100, Reward:-12904.070142607285
Episode:71/100, avg speed:11.842741272691155
Episode:71/100, avg halt num:0.21789439374185138
Episode:71/100, avg elec cons:0.9196359515625677
 Retrying in 1 seconds
Warning: Unused states in tlLogic 'J10', program '0' in phase 0 after tl-index 10
Simulation......
总奖励:-9018.019142613492, 速度奖励:-12306.019999996723, 加速度奖励:-746.9991426135676, 交通灯奖励:4035.0, 与前车进行交互的惩罚:0.0
Episode:72/100, Reward:-9018.019142613492
Episode:72/100, avg speed:11.35923888848717
Episode:72/100, avg halt num:0.08259749816041206
Episode:72/100, avg elec cons:0.9200319244228401
 Retrying in 1 seconds
Warning: Unused states in tlLogic 'J10', program '0' in phase 0 after tl-index 10
Simulation......
总奖励:-9902.980404710472, 速度奖励:-12966.666999996472, 加速度奖励:-902.3134047107216, 交通灯奖励:3966.0, 与前车进行交互的惩罚:0.0
Episode:73/100, Reward:-9902.980404710472
Episode:73/100, avg speed:11.944125153998572
Episode:73/100, avg halt num:0.10056554524361949
Episode:73/100, avg elec cons:0.6857926302732328
 Retrying in 1 seconds
Warning: Unused states in tlLogic 'J10', program '0' in phase 0 after tl-index 10
Simulation......
总奖励:-10588.5052749494, 速度奖励:-13522.61899999619, 加速度奖励:-957.3862749496369, 交通灯奖励:3891.5, 与前车进行交互的惩罚:0.0
Episode:74/100, Reward:-10588.5052749494
Episode:74/100, avg speed:12.08178313180665
Episode:74/100, avg halt num:0.14805084745762712
Episode:74/100, avg elec cons:0.7385511190515512
 Retrying in 1 seconds
Warning: Unused states in tlLogic 'J10', program '0' in phase 0 after tl-index 10
Simulation......
总奖励:-7735.184496992828, 速度奖励:-10756.41899999725, 加速度奖励:-846.2654969928489, 交通灯奖励:3867.5, 与前车进行交互的惩罚:0.0
Episode:75/100, Reward:-7735.184496992828
Episode:75/100, avg speed:12.78573732609242
Episode:75/100, avg halt num:0.05560944067248626
Episode:75/100, avg elec cons:0.7861830478182174
 Retrying in 1 seconds
Warning: Unused states in tlLogic 'J10', program '0' in phase 0 after tl-index 10
Simulation......
总奖励:-7856.4282066050555, 速度奖励:-10180.463999997472, 加速度奖励:-798.4642066051159, 交通灯奖励:3122.5, 与前车进行交互的惩罚:0.0
Episode:76/100, Reward:-7856.4282066050555
Episode:76/100, avg speed:12.242163261620815
Episode:76/100, avg halt num:0.08296986518636003
Episode:76/100, avg elec cons:1.1746372459632388
 Retrying in 1 seconds
Warning: Unused states in tlLogic 'J10', program '0' in phase 0 after tl-index 10
Simulation......
总奖励:-6121.067653452231, 速度奖励:-8565.509999998118, 加速度奖励:-750.557653452289, 交通灯奖励:3195.0, 与前车进行交互的惩罚:0.0
Episode:77/100, Reward:-6121.067653452231
Episode:77/100, avg speed:13.19978952843305
Episode:77/100, avg halt num:0.04665492957746479
Episode:77/100, avg elec cons:1.5898927013281263
 Retrying in 1 seconds
Warning: Unused states in tlLogic 'J10', program '0' in phase 0 after tl-index 10
Simulation......
总奖励:-6848.801920887249, 速度奖励:-8609.508999998085, 加速度奖励:-886.7929208872566, 交通灯奖励:2647.5, 与前车进行交互的惩罚:0.0
Episode:78/100, Reward:-6848.801920887249
Episode:78/100, avg speed:13.066755537785626
Episode:78/100, avg halt num:0.04996186117467582
Episode:78/100, avg elec cons:1.5274522283742988
 Retrying in 1 seconds
Warning: Unused states in tlLogic 'J10', program '0' in phase 0 after tl-index 10
Simulation......
总奖励:-7485.629125952432, 速度奖励:-8939.832999997954, 加速度奖励:-909.7961259524288, 交通灯奖励:2364.0, 与前车进行交互的惩罚:0.0
Episode:79/100, Reward:-7485.629125952432
Episode:79/100, avg speed:13.033900322217688
Episode:79/100, avg halt num:0.05533980582524272
Episode:79/100, avg elec cons:1.6646920354434427
 Retrying in 1 seconds
Warning: Unused states in tlLogic 'J10', program '0' in phase 0 after tl-index 10
Simulation......
总奖励:-7564.371042050169, 速度奖励:-8852.413999997967, 加速度奖励:-951.9570420502058, 交通灯奖励:2240.0, 与前车进行交互的惩罚:0.0
Episode:80/100, Reward:-7564.371042050169
Episode:80/100, avg speed:13.070437405853776
Episode:80/100, avg halt num:0.0932144106330885
Episode:80/100, avg elec cons:1.4292788732358497
 Retrying in 1 seconds
Warning: Unused states in tlLogic 'J10', program '0' in phase 0 after tl-index 10
Simulation......
总奖励:-7409.581824163815, 速度奖励:-9113.553999997854, 加速度奖励:-853.52782416385, 交通灯奖励:2557.5, 与前车进行交互的惩罚:0.0
Episode:81/100, Reward:-7409.581824163815
Episode:81/100, avg speed:12.691402623728113
Episode:81/100, avg halt num:0.09987300435413643
Episode:81/100, avg elec cons:1.481232183621613
 Retrying in 1 seconds
Warning: Unused states in tlLogic 'J10', program '0' in phase 0 after tl-index 10
Simulation......
总奖励:-8454.730576529158, 速度奖励:-11192.199999997101, 加速度奖励:-821.5305765293069, 交通灯奖励:3559.0, 与前车进行交互的惩罚:0.0
Episode:82/100, Reward:-8454.730576529158
Episode:82/100, avg speed:12.2053927493296
Episode:82/100, avg halt num:0.12061232449297972
Episode:82/100, avg elec cons:1.2236364507550888
 Retrying in 1 seconds
Warning: Unused states in tlLogic 'J10', program '0' in phase 0 after tl-index 10
Simulation......
总奖励:-7293.868669611183, 速度奖励:-10117.81099999744, 加速度奖励:-770.5576696112419, 交通灯奖励:3594.5, 与前车进行交互的惩罚:0.0
Episode:83/100, Reward:-7293.868669611183
Episode:83/100, avg speed:12.796548448194745
Episode:83/100, avg halt num:0.08322068266306185
Episode:83/100, avg elec cons:1.1380571882560644
 Retrying in 1 seconds
Warning: Unused states in tlLogic 'J10', program '0' in phase 0 after tl-index 10
Simulation......
总奖励:-5467.2138594859825, 速度奖励:-8520.438999997985, 加速度奖励:-730.2748594859987, 交通灯奖励:3783.5, 与前车进行交互的惩罚:0.0
Episode:84/100, Reward:-5467.2138594859825
Episode:84/100, avg speed:12.388711170437254
Episode:84/100, avg halt num:0.07679416403785488
Episode:84/100, avg elec cons:1.5780412013955856
 Retrying in 1 seconds
Warning: Unused states in tlLogic 'J10', program '0' in phase 0 after tl-index 10
Simulation......
总奖励:-6748.63833923353, 速度奖励:-8908.51399999782, 加速度奖励:-751.6243392335123, 交通灯奖励:2911.5, 与前车进行交互的惩罚:0.0
Episode:85/100, Reward:-6748.63833923353
Episode:85/100, avg speed:13.28435100287665
Episode:85/100, avg halt num:0.04204355108877722
Episode:85/100, avg elec cons:1.3795024476247122
 Retrying in 1 seconds
Warning: Unused states in tlLogic 'J10', program '0' in phase 0 after tl-index 10
Simulation......
总奖励:-7021.225995280844, 速度奖励:-8710.290999998044, 加速度奖励:-888.4349952808758, 交通灯奖励:2577.5, 与前车进行交互的惩罚:0.0
Episode:86/100, Reward:-7021.225995280844
Episode:86/100, avg speed:13.605944474166328
Episode:86/100, avg halt num:0.04479072568503463
Episode:86/100, avg elec cons:1.3848943129218214
 Retrying in 1 seconds
Warning: Unused states in tlLogic 'J10', program '0' in phase 0 after tl-index 10
Simulation......
总奖励:-9381.729667567475, 速度奖励:-10291.513999997498, 加速度奖励:-1064.2156675675274, 交通灯奖励:1974.0, 与前车进行交互的惩罚:0.0
Episode:87/100, Reward:-9381.729667567475
Episode:87/100, avg speed:12.331158972626696
Episode:87/100, avg halt num:0.05267489711934156
Episode:87/100, avg elec cons:1.8819960468633843
 Retrying in 1 seconds
Warning: Unused states in tlLogic 'J10', program '0' in phase 0 after tl-index 10
Simulation......
总奖励:-11053.74801958415, 速度奖励:-11078.368999997258, 加速度奖励:-1238.879019584465, 交通灯奖励:1263.5, 与前车进行交互的惩罚:0.0
Episode:88/100, Reward:-11053.74801958415
Episode:88/100, avg speed:12.960729981318355
Episode:88/100, avg halt num:0.11096014492753623
Episode:88/100, avg elec cons:1.3474949919204953
 Retrying in 1 seconds
Warning: Unused states in tlLogic 'J10', program '0' in phase 0 after tl-index 10
Simulation......
总奖励:-38258.846345951126, 速度奖励:-28514.108000014832, 加速度奖励:-2677.2383459464663, 交通灯奖励:-7067.5, 与前车进行交互的惩罚:0.0
Episode:89/100, Reward:-38258.846345951126
Episode:89/100, avg speed:7.363922856592604
Episode:89/100, avg halt num:0.6965358784022623
Episode:89/100, avg elec cons:0.6883609090521906
 Retrying in 1 seconds
Warning: Unused states in tlLogic 'J10', program '0' in phase 0 after tl-index 10
Simulation......
总奖励:-30449.490768433414, 速度奖励:-24498.95700000831, 加速度奖励:-2353.0337684301912, 交通灯奖励:-3597.5, 与前车进行交互的惩罚:0.0
Episode:90/100, Reward:-30449.490768433414
Episode:90/100, avg speed:8.243328914061253
Episode:90/100, avg halt num:0.6185304117869286
Episode:90/100, avg elec cons:0.7709908429611609
 Retrying in 1 seconds
Warning: Unused states in tlLogic 'J10', program '0' in phase 0 after tl-index 10
Simulation......
总奖励:-21270.333248057806, 速度奖励:-21107.821000002834, 加速度奖励:-1556.5122480575342, 交通灯奖励:1394.0, 与前车进行交互的惩罚:0.0
Episode:91/100, Reward:-21270.333248057806
Episode:91/100, avg speed:8.765290111187113
Episode:91/100, avg halt num:0.4578630549285177
Episode:91/100, avg elec cons:0.6963683732054542
 Retrying in 1 seconds
Warning: Unused states in tlLogic 'J10', program '0' in phase 0 after tl-index 10
Simulation......
总奖励:-20740.238469600965, 速度奖励:-19653.245000000446, 加速度奖励:-1383.4934696008036, 交通灯奖励:296.5, 与前车进行交互的惩罚:0.0
Episode:92/100, Reward:-20740.238469600965
Episode:92/100, avg speed:10.016659543392553
Episode:92/100, avg halt num:0.4020674646354733
Episode:92/100, avg elec cons:0.6822172039431896
 Retrying in 1 seconds
Warning: Unused states in tlLogic 'J10', program '0' in phase 0 after tl-index 10
Simulation......
总奖励:-16058.438087371214, 速度奖励:-16744.54699999577, 加速度奖励:-1480.891087371825, 交通灯奖励:2167.0, 与前车进行交互的惩罚:0.0
Episode:93/100, Reward:-16058.438087371214
Episode:93/100, avg speed:9.946657067740333
Episode:93/100, avg halt num:0.22192410885396704
Episode:93/100, avg elec cons:0.802390943168114
 Retrying in 1 seconds
Warning: Unused states in tlLogic 'J10', program '0' in phase 0 after tl-index 10
Simulation......
总奖励:-21977.941906957745, 速度奖励:-21180.819000002964, 加速度奖励:-1927.62290695684, 交通灯奖励:1130.5, 与前车进行交互的惩罚:0.0
Episode:94/100, Reward:-21977.941906957745
Episode:94/100, avg speed:9.044896509988838
Episode:94/100, avg halt num:0.33163585083046065
Episode:94/100, avg elec cons:0.5824822633069613
 Retrying in 1 seconds
Warning: Unused states in tlLogic 'J10', program '0' in phase 0 after tl-index 10
Simulation......
总奖励:-13738.475038128487, 速度奖励:-14864.268999995766, 加速度奖励:-1458.2060381287044, 交通灯奖励:2584.0, 与前车进行交互的惩罚:0.0
Episode:95/100, Reward:-13738.475038128487
Episode:95/100, avg speed:9.954827751241965
Episode:95/100, avg halt num:0.11054673069818988
Episode:95/100, avg elec cons:0.9430098625454462
 Retrying in 1 seconds
Warning: Unused states in tlLogic 'J10', program '0' in phase 0 after tl-index 10
Simulation......
总奖励:-15420.511481184034, 速度奖励:-17346.671999996735, 加速度奖励:-1317.8394811847731, 交通灯奖励:3244.0, 与前车进行交互的惩罚:0.0
Episode:96/100, Reward:-15420.511481184034
Episode:96/100, avg speed:9.386907446024374
Episode:96/100, avg halt num:0.27894042232277527
Episode:96/100, avg elec cons:0.7402458247874866
 Retrying in 1 seconds
Warning: Unused states in tlLogic 'J10', program '0' in phase 0 after tl-index 10
Simulation......
总奖励:-15191.092308979845, 速度奖励:-17388.085999996816, 加速度奖励:-1320.5063089804937, 交通灯奖励:3517.5, 与前车进行交互的惩罚:0.0
Episode:97/100, Reward:-15191.092308979845
Episode:97/100, avg speed:10.226011717879219
Episode:97/100, avg halt num:0.2855679702048417
Episode:97/100, avg elec cons:0.7135077885703998
 Retrying in 1 seconds
Warning: Unused states in tlLogic 'J10', program '0' in phase 0 after tl-index 10
Simulation......
总奖励:-11436.500414337517, 速度奖励:-14872.532999995788, 加速度奖励:-1157.9674143379225, 交通灯奖励:4594.0, 与前车进行交互的惩罚:0.0
Episode:98/100, Reward:-11436.500414337517
Episode:98/100, avg speed:9.85044721686996
Episode:98/100, avg halt num:0.15709395207303156
Episode:98/100, avg elec cons:0.762423138789932
 Retrying in 1 seconds
Warning: Unused states in tlLogic 'J10', program '0' in phase 0 after tl-index 10
Simulation......
总奖励:-11738.30342673856, 速度奖励:-14571.474999995815, 加速度奖励:-1262.8284267388608, 交通灯奖励:4096.0, 与前车进行交互的惩罚:0.0
Episode:99/100, Reward:-11738.30342673856
Episode:99/100, avg speed:11.000088607613941
Episode:99/100, avg halt num:0.13587317397078352
Episode:99/100, avg elec cons:0.7568976703413621
 Retrying in 1 seconds
Warning: Unused states in tlLogic 'J10', program '0' in phase 0 after tl-index 10
Simulation......
总奖励:-13836.770836586664, 速度奖励:-15512.981999995476, 加速度奖励:-1424.2888365870983, 交通灯奖励:3100.5, 与前车进行交互的惩罚:0.0
Episode:100/100, Reward:-13836.770836586664
Episode:100/100, avg speed:11.148854865910275
Episode:100/100, avg halt num:0.16126140808344197
Episode:100/100, avg elec cons:0.6647885613684156
model saved successfully!
Complete training!
final reward list:[-18759.771342679313, -22163.19423225158, -19205.198368714868, -17426.842752566423, -19125.421109983643, -25001.39589016285, -45028.24241493067, -18613.20355819637, -11592.690776604075, -14930.02913495846, -8391.614336577342, -8765.656422228767, -5801.963672258408, -7105.417499378094, -5831.451348979286, -6435.935732028107, -5986.807173067141, -8598.452360826006, -8706.723201732579, -7411.473276302887, -14905.652629183234, -18737.96894826459, -14324.662673758314, -12946.19166528371, -17080.953348304145, -15345.646237405785, -13573.820432573511, -17712.404302779305, -11827.175586120922, -8413.473524238054, -11597.85461757869, -10866.339685329423, -12704.019781375962, -8377.654864845888, -7200.158664440776, -7140.5339713506655, -6768.814890553985, -6367.136856194436, -7473.2879850498475, -7719.332393608445, -13041.964407570187, -12666.403630415365, -10037.696301412865, -9089.01685371856, -9375.861054612671, -7227.439996796596, -5558.063540328638, -6947.47922030346, -7958.37626426933, -6617.110632130919, -8182.26732255359, -9186.728085258766, -20481.142437130296, -12292.560127601853, -11232.523852198576, -23112.828706547487, -10997.011057194979, -9361.682398363846, -13186.382708244508, -11913.148095177314, -13838.96756408365, -11561.484415550858, -9243.36829763704, -6560.885379362994, -16722.140725655507, -18358.27919013618, -8621.73543825665, -8463.160384416526, -7537.32492043245, -10492.835523175156, -12904.070142607285, -9018.019142613492, -9902.980404710472, -10588.5052749494, -7735.184496992828, -7856.4282066050555, -6121.067653452231, -6848.801920887249, -7485.629125952432, -7564.371042050169, -7409.581824163815, -8454.730576529158, -7293.868669611183, -5467.2138594859825, -6748.63833923353, -7021.225995280844, -9381.729667567475, -11053.74801958415, -38258.846345951126, -30449.490768433414, -21270.333248057806, -20740.238469600965, -16058.438087371214, -21977.941906957745, -13738.475038128487, -15420.511481184034, -15191.092308979845, -11436.500414337517, -11738.30342673856, -13836.770836586664]
final speed list:[14.437917980568516, 14.017458994774065, 14.067631912825385, 11.446625047209947, 9.73212529147107, 9.34447915636204, 8.38437597679999, 10.597939378511947, 11.404173126578034, 10.579080971632756, 13.325314536981978, 12.980534604524921, 14.457609903273779, 13.80506662418571, 14.263296310581383, 13.663003367962226, 14.457313262974784, 11.964777650678238, 12.33338385582899, 13.273509944268323, 10.088385674459365, 9.352448854598657, 10.689658227061006, 10.690969924720264, 9.933521651486966, 10.026860333079155, 10.28566573415026, 8.957180011548203, 10.562132307519585, 12.7951426251755, 11.511313369078986, 11.356566587340538, 10.867437185131969, 12.44605728716568, 13.443017344974075, 13.176337756847385, 13.374148378227995, 13.789739525579547, 13.36271397371133, 12.627001075219576, 10.620979433343836, 10.352300645945094, 11.204089060421504, 11.799521778833125, 11.317818213859415, 13.669591595935561, 13.83038610890584, 12.993318437256345, 13.202532007448228, 13.52040096245088, 13.131069050177512, 11.970663401884577, 9.569486424006964, 10.817736471622982, 10.891208186942922, 8.848694519785155, 10.151295390603824, 11.068903850655692, 10.400368544584657, 10.866915538759587, 10.06038523687382, 11.219741180851141, 12.430424624650943, 14.071687672985703, 10.357784234592778, 10.783111816078232, 12.766309480440086, 14.510394574965005, 13.278153810312082, 11.301561612587644, 11.842741272691155, 11.35923888848717, 11.944125153998572, 12.08178313180665, 12.78573732609242, 12.242163261620815, 13.19978952843305, 13.066755537785626, 13.033900322217688, 13.070437405853776, 12.691402623728113, 12.2053927493296, 12.796548448194745, 12.388711170437254, 13.28435100287665, 13.605944474166328, 12.331158972626696, 12.960729981318355, 7.363922856592604, 8.243328914061253, 8.765290111187113, 10.016659543392553, 9.946657067740333, 9.044896509988838, 9.954827751241965, 9.386907446024374, 10.226011717879219, 9.85044721686996, 11.000088607613941, 11.148854865910275]
final elec cons list:[1.762902998089894, 1.8991220424325361, 1.7956576473982804, 0.8514331381057, 0.6910972075948354, 0.5305122603560685, 0.4921379351330745, 0.47115776597517534, 0.6425385427930405, 0.6567298552895627, 0.9620133697084453, 0.9011394938953458, 1.4324932624225502, 1.6356637236504572, 1.6361728769144872, 1.2677279050530945, 1.744308376134886, 1.2108535516642018, 1.0594391558395182, 1.0373380785650321, 0.6925356988913135, 0.535400607058252, 0.5525167138464689, 0.5386650274348102, 0.6243308345698736, 0.6639965342122303, 0.540241244697922, 0.6084401528970893, 0.7958941293592967, 1.132735580745034, 0.8459757908706655, 0.9784061270634853, 0.6529950832946634, 1.0185532489720963, 1.2446973765879805, 1.1704217515812905, 1.525665656455552, 1.4679059349924946, 1.1789512807459661, 1.0180229520454285, 0.7851111817000698, 0.6131554388531756, 1.0071554393610078, 1.0452628893169307, 1.0879176229998218, 1.2947617808932177, 1.7213970266845773, 1.4414149266445806, 1.0809295296192705, 1.1810834165638695, 1.2232330108069478, 1.2157452518050968, 0.6012159482888538, 0.7363960019756395, 1.0244244192185383, 0.48581344058039594, 0.8023793855783661, 0.9922830722744114, 0.7088145587526423, 0.5838282695131723, 0.7354086691250145, 0.7573851143683844, 0.8341208467322787, 1.7040680521463818, 0.8404954642153902, 0.5126873861621766, 0.958927140302372, 1.292004570150292, 1.1682256594634781, 0.8731031199108112, 0.9196359515625677, 0.9200319244228401, 0.6857926302732328, 0.7385511190515512, 0.7861830478182174, 1.1746372459632388, 1.5898927013281263, 1.5274522283742988, 1.6646920354434427, 1.4292788732358497, 1.481232183621613, 1.2236364507550888, 1.1380571882560644, 1.5780412013955856, 1.3795024476247122, 1.3848943129218214, 1.8819960468633843, 1.3474949919204953, 0.6883609090521906, 0.7709908429611609, 0.6963683732054542, 0.6822172039431896, 0.802390943168114, 0.5824822633069613, 0.9430098625454462, 0.7402458247874866, 0.7135077885703998, 0.762423138789932, 0.7568976703413621, 0.6647885613684156]
final halt list:[0.3433744722312439, 0.4596020761245675, 0.2872771474878444, 0.29713648196355524, 0.4678933533608712, 0.5084955460244144, 0.9950758798837585, 0.2554154302670623, 0.12399567367119901, 0.2352253756260434, 0.038554801163918524, 0.0639155799588195, 0.024284816095567433, 0.06376689189189189, 0.03537125969708164, 0.031908885542168676, 0.0013778849466069584, 0.07099609375, 0.02518492426910884, 0.06308037143772013, 0.2422509225092251, 0.4552491103202847, 0.291005291005291, 0.15082644628099173, 0.26266918476550205, 0.21190651453809348, 0.16561040693795864, 0.32216494845360827, 0.05381739472648563, 0.03326035702256652, 0.14301036825169824, 0.08924731182795699, 0.15900886117492616, 0.052768166089965395, 0.03926369241929634, 0.026041666666666668, 0.04873496474491912, 0.05495772482705611, 0.022333559782608696, 0.016879090595935238, 0.15538674033149172, 0.17613636363636365, 0.0853328173374613, 0.047752808988764044, 0.05047801147227533, 0.02484421121679239, 0.0014209928003031452, 0.012882603641999226, 0.07838589981447125, 0.01678023850085179, 0.07525923525599482, 0.10251117991056072, 0.3433968356474007, 0.14229873586161013, 0.1132181749906121, 0.463743676222597, 0.19007191370355572, 0.11304934464148034, 0.2366055692633063, 0.16405500479692997, 0.2766859344894027, 0.1573474258438459, 0.10369955156950672, 0.055222763010108575, 0.43389215347390253, 0.3732195845697329, 0.13493758212877793, 0.029737903225806453, 0.07485398094067015, 0.16975015812776723, 0.21789439374185138, 0.08259749816041206, 0.10056554524361949, 0.14805084745762712, 0.05560944067248626, 0.08296986518636003, 0.04665492957746479, 0.04996186117467582, 0.05533980582524272, 0.0932144106330885, 0.09987300435413643, 0.12061232449297972, 0.08322068266306185, 0.07679416403785488, 0.04204355108877722, 0.04479072568503463, 0.05267489711934156, 0.11096014492753623, 0.6965358784022623, 0.6185304117869286, 0.4578630549285177, 0.4020674646354733, 0.22192410885396704, 0.33163585083046065, 0.11054673069818988, 0.27894042232277527, 0.2855679702048417, 0.15709395207303156, 0.13587317397078352, 0.16126140808344197]
speed reward list:[-11110.03299999724, -12992.860999996483, -11244.71599999728, -13535.417999996253, -18357.25699999836, -22770.82100000548, -34802.20700002515, -18868.52999999919, -13977.743999996124, -16452.886999995277, -10762.545999997363, -11489.072999997114, -8193.664999998375, -9424.410999997943, -8278.116999998296, -8963.52999999813, -8591.746999998248, -10832.139999997398, -11797.104999997011, -10352.130999997538, -16861.590999995966, -20674.163000002158, -17370.842999996752, -16336.11699999523, -18696.76699999894, -17025.353999996216, -17032.631999996236, -19222.386999999788, -14779.133999995862, -10721.11499999736, -14559.371999995925, -13384.649999996354, -15455.753999995564, -11559.326999997083, -9999.069999997653, -10163.30099999762, -9188.559999998044, -8970.475999998065, -9998.585999997731, -11131.860999997265, -15259.41099999561, -16483.694999995365, -12911.026999996513, -12383.509999996748, -12705.114999996636, -10104.645999997616, -8230.092999998322, -9939.013999997716, -11008.13699999725, -9403.517999997926, -10313.079999997493, -11592.356999997055, -20287.056000001518, -15481.161999995578, -12948.17399999655, -22462.278000005008, -14871.571999995773, -12665.508999996664, -16293.570999995196, -16054.966999995284, -16318.578999995167, -14642.839999995855, -12213.250999996753, -7686.445999998511, -17510.89599999697, -20183.32200000131, -11972.060999996818, -8577.27799999826, -9896.603999997691, -13408.425999996292, -14573.254999995836, -12306.019999996723, -12966.666999996472, -13522.61899999619, -10756.41899999725, -10180.463999997472, -8565.509999998118, -8609.508999998085, -8939.832999997954, -8852.413999997967, -9113.553999997854, -11192.199999997101, -10117.81099999744, -8520.438999997985, -8908.51399999782, -8710.290999998044, -10291.513999997498, -11078.368999997258, -28514.108000014832, -24498.95700000831, -21107.821000002834, -19653.245000000446, -16744.54699999577, -21180.819000002964, -14864.268999995766, -17346.671999996735, -17388.085999996816, -14872.532999995788, -14571.474999995815, -15512.981999995476]
accel reward list:[-711.2383426792711, -681.333232250229, -1162.4823687151077, -842.9247525668476, -756.1641099836311, -941.0748901603826, -1027.5354149242658, -1110.1735581964026, -1053.9467766044113, -964.6421349590772, -921.0683365774346, -766.083422228888, -768.7986722584654, -787.0064993781612, -649.8343489792526, -615.4057320281553, -628.0601730671245, -894.812360826042, -761.618201732591, -778.3422763029283, -856.561629183861, -1038.3059482645856, -840.8196737592626, -867.5746652840746, -1070.686348304665, -1009.7922374063842, -903.1884325739879, -983.5173027797373, -1002.0415861210386, -1054.358524238065, -978.9826175789634, -1050.6896853296241, -988.2657813764059, -822.3278648459617, -834.588664440781, -833.7329713507032, -755.7548905540622, -773.1608561944264, -849.7019850498954, -751.9713936084293, -1102.5534075705743, -908.2086304157461, -861.669301412962, -873.5068537186169, -737.2460546127668, -674.2939967966286, -689.970540328607, -703.9652203034626, -813.239264269343, -839.592632130932, -894.6873225536793, -1074.3710852588695, -1477.086437130182, -1306.3981276022346, -1078.8498521988759, -1268.5507065463057, -996.9390571952761, -976.1733983640778, -1062.3117082451085, -1057.1810951776556, -1017.3885640842158, -1034.144415551203, -1058.1172976372181, -900.4393793630893, -1224.7447256566732, -1197.45719013665, -823.6744382568928, -930.3823844165332, -935.2209204325324, -978.9095231754925, -907.8151426076724, -746.9991426135676, -902.3134047107216, -957.3862749496369, -846.2654969928489, -798.4642066051159, -750.557653452289, -886.7929208872566, -909.7961259524288, -951.9570420502058, -853.52782416385, -821.5305765293069, -770.5576696112419, -730.2748594859987, -751.6243392335123, -888.4349952808758, -1064.2156675675274, -1238.879019584465, -2677.2383459464663, -2353.0337684301912, -1556.5122480575342, -1383.4934696008036, -1480.891087371825, -1927.62290695684, -1458.2060381287044, -1317.8394811847731, -1320.5063089804937, -1157.9674143379225, -1262.8284267388608, -1424.2888365870983]
tls reward list:[-6938.5, -8489.0, -6798.0, -3048.5, -12.0, -1289.5, -9198.5, 1365.5, 3439.0, 2487.5, 3292.0, 3489.5, 3160.5, 3106.0, 3096.5, 3143.0, 3233.0, 3128.5, 3852.0, 3719.0, 2812.5, 2974.5, 3887.0, 4257.5, 2686.5, 2689.5, 4362.0, 2493.5, 3954.0, 3362.0, 3940.5, 3569.0, 3740.0, 4004.0, 3633.5, 3856.5, 3175.5, 3376.5, 3375.0, 4164.5, 3320.0, 4725.5, 3735.0, 4168.0, 4066.5, 3551.5, 3362.0, 3695.5, 3863.0, 3626.0, 3025.5, 3480.0, 1283.0, 4495.0, 2794.5, 618.0, 4871.5, 4280.0, 4169.5, 5199.0, 3497.0, 4115.5, 4028.0, 2026.0, 2013.5, 3022.5, 4174.0, 1044.5, 3294.5, 3894.5, 2577.0, 4035.0, 3966.0, 3891.5, 3867.5, 3122.5, 3195.0, 2647.5, 2364.0, 2240.0, 2557.5, 3559.0, 3594.5, 3783.5, 2911.5, 2577.5, 1974.0, 1263.5, -7067.5, -3597.5, 1394.0, 296.5, 2167.0, 1130.5, 2584.0, 3244.0, 3517.5, 4594.0, 4096.0, 3100.5]
extra reward list:[0.0, 0.0, 0.0, 0.0, 0.0, 0.0, 0.0, 0.0, 0.0, 0.0, 0.0, 0.0, 0.0, 0.0, 0.0, 0.0, 0.0, 0.0, 0.0, 0.0, 0.0, 0.0, 0.0, 0.0, 0.0, 0.0, 0.0, 0.0, 0.0, 0.0, 0.0, 0.0, 0.0, 0.0, 0.0, 0.0, 0.0, 0.0, 0.0, 0.0, 0.0, 0.0, 0.0, 0.0, 0.0, 0.0, 0.0, 0.0, 0.0, 0.0, 0.0, 0.0, 0.0, 0.0, 0.0, 0.0, 0.0, 0.0, 0.0, 0.0, 0.0, 0.0, 0.0, 0.0, 0.0, 0.0, 0.0, 0.0, 0.0, 0.0, 0.0, 0.0, 0.0, 0.0, 0.0, 0.0, 0.0, 0.0, 0.0, 0.0, 0.0, 0.0, 0.0, 0.0, 0.0, 0.0, 0.0, 0.0, 0.0, 0.0, 0.0, 0.0, 0.0, 0.0, 0.0, 0.0, 0.0, 0.0, 0.0, 0.0]
