nohup: 忽略输入
Env:sumo, Algorithm:SAC, Device:cuda
-----------------------------------------
models/reward_s0.08_a8e-2_t(-2_0.1).pth
-----------------------------------------
 Retrying in 1 seconds
Warning: Unused states in tlLogic 'J10', program '0' in phase 0 after tl-index 10
Simulation......
总奖励:-35371.23444569658, 速度奖励:-16691.449576158757, 加速度奖励:-982.8848695343578, 交通灯奖励:-17696.89999999837, 与前车进行交互的惩罚:0.0
Episode:1/100, Reward:-35371.23444569658
Episode:1/100, avg speed:11.423751381269637
Episode:1/100, avg halt num:0.465284178187404
Episode:1/100, avg elec cons:0.5009418632318553
 Retrying in 1 seconds
Warning: Unused states in tlLogic 'J10', program '0' in phase 0 after tl-index 10
Simulation......
总奖励:-17856.53594109014, 速度奖励:-7196.5221383203, 加速度奖励:-919.8138027691722, 交通灯奖励:-9740.199999998636, 与前车进行交互的惩罚:0.0
Episode:2/100, Reward:-17856.53594109014
Episode:2/100, avg speed:13.983426902025682
Episode:2/100, avg halt num:0.27443162538174415
Episode:2/100, avg elec cons:1.1913138913587562
 Retrying in 1 seconds
Warning: Unused states in tlLogic 'J10', program '0' in phase 0 after tl-index 10
Simulation......
总奖励:-16281.344181617515, 速度奖励:-5905.730400800158, 加速度奖励:-1179.5137808165953, 交通灯奖励:-9196.099999998674, 与前车进行交互的惩罚:0.0
Episode:3/100, Reward:-16281.344181617515
Episode:3/100, avg speed:14.45504226734579
Episode:3/100, avg halt num:0.2679606958762887
Episode:3/100, avg elec cons:1.4803322453566767
 Retrying in 1 seconds
Warning: Unused states in tlLogic 'J10', program '0' in phase 0 after tl-index 10
Simulation......
总奖励:-15679.75042576335, 速度奖励:-5829.7990196001565, 加速度奖励:-1028.351406162493, 交通灯奖励:-8821.599999998773, 与前车进行交互的惩罚:0.0
Episode:4/100, Reward:-15679.75042576335
Episode:4/100, avg speed:13.4282397929314
Episode:4/100, avg halt num:0.30533484676503975
Episode:4/100, avg elec cons:1.6110344254160567
 Retrying in 1 seconds
Warning: Unused states in tlLogic 'J10', program '0' in phase 0 after tl-index 10
Simulation......
总奖励:-17114.822987214375, 速度奖励:-6900.177123360248, 加速度奖励:-917.3458638534416, 交通灯奖励:-9297.299999998655, 与前车进行交互的惩罚:0.0
Episode:5/100, Reward:-17114.822987214375
Episode:5/100, avg speed:13.21650549479442
Episode:5/100, avg halt num:0.3235578784359272
Episode:5/100, avg elec cons:1.3321791586844254
 Retrying in 1 seconds
Warning: Unused states in tlLogic 'J10', program '0' in phase 0 after tl-index 10
Simulation......
总奖励:-17096.109798666293, 速度奖励:-6942.939949520287, 加速度奖励:-847.9698491452216, 交通灯奖励:-9305.199999998418, 与前车进行交互的惩罚:0.0
Episode:6/100, Reward:-17096.109798666293
Episode:6/100, avg speed:13.521174416976494
Episode:6/100, avg halt num:0.292715676401477
Episode:6/100, avg elec cons:1.0391793637941027
 Retrying in 1 seconds
Warning: Unused states in tlLogic 'J10', program '0' in phase 0 after tl-index 10
Simulation......
总奖励:-16283.693913810823, 速度奖励:-6486.802354160183, 加速度奖励:-844.6915596499938, 交通灯奖励:-8952.199999998673, 与前车进行交互的惩罚:0.0
Episode:7/100, Reward:-16283.693913810823
Episode:7/100, avg speed:13.714360272296954
Episode:7/100, avg halt num:0.2658905506458192
Episode:7/100, avg elec cons:1.038926658079752
 Retrying in 1 seconds
Warning: Unused states in tlLogic 'J10', program '0' in phase 0 after tl-index 10
Simulation......
总奖励:-14687.99959386846, 速度奖励:-5914.180429760106, 加速度奖励:-768.4191641078419, 交通灯奖励:-8005.399999998845, 与前车进行交互的惩罚:0.0
Episode:8/100, Reward:-14687.99959386846
Episode:8/100, avg speed:13.931485684334717
Episode:8/100, avg halt num:0.21577243293246995
Episode:8/100, avg elec cons:0.9434766157952577
 Retrying in 1 seconds
Warning: Unused states in tlLogic 'J10', program '0' in phase 0 after tl-index 10
Simulation......
总奖励:-15105.379555889407, 速度奖励:-6224.254309680176, 加速度奖励:-743.0252462086306, 交通灯奖励:-8138.099999998754, 与前车进行交互的惩罚:0.0
Episode:9/100, Reward:-15105.379555889407
Episode:9/100, avg speed:13.516155784864585
Episode:9/100, avg halt num:0.21780363404526618
Episode:9/100, avg elec cons:0.9000244024336042
 Retrying in 1 seconds
Warning: Unused states in tlLogic 'J10', program '0' in phase 0 after tl-index 10
Simulation......
总奖励:-15296.463810596832, 速度奖励:-6662.024315280184, 加速度奖励:-706.6394953161794, 交通灯奖励:-7927.799999998788, 与前车进行交互的惩罚:0.0
Episode:10/100, Reward:-15296.463810596832
Episode:10/100, avg speed:13.269958644830986
Episode:10/100, avg halt num:0.24066780821917808
Episode:10/100, avg elec cons:0.9038912252116053
 Retrying in 1 seconds
Warning: Unused states in tlLogic 'J10', program '0' in phase 0 after tl-index 10
Simulation......
总奖励:-13757.221555208258, 速度奖励:-6310.68566168018, 加速度奖励:-671.1358935275989, 交通灯奖励:-6775.399999998999, 与前车进行交互的惩罚:0.0
Episode:11/100, Reward:-13757.221555208258
Episode:11/100, avg speed:13.84654027124531
Episode:11/100, avg halt num:0.2000480307396734
Episode:11/100, avg elec cons:0.8858141106199297
 Retrying in 1 seconds
Warning: Unused states in tlLogic 'J10', program '0' in phase 0 after tl-index 10
Simulation......
总奖励:-13738.642581338298, 速度奖励:-6108.450988720146, 加速度奖励:-657.4915926177728, 交通灯奖励:-6972.699999999069, 与前车进行交互的惩罚:0.0
Episode:12/100, Reward:-13738.642581338298
Episode:12/100, avg speed:13.70537588558051
Episode:12/100, avg halt num:0.19920284938941654
Episode:12/100, avg elec cons:0.9373681502040829
 Retrying in 1 seconds
Warning: Unused states in tlLogic 'J10', program '0' in phase 0 after tl-index 10
Simulation......
总奖励:-13630.512062640812, 速度奖励:-6543.827917360142, 加速度奖励:-624.6841452803301, 交通灯奖励:-6461.999999999161, 与前车进行交互的惩罚:0.0
Episode:13/100, Reward:-13630.512062640812
Episode:13/100, avg speed:13.580389449879894
Episode:13/100, avg halt num:0.17744164619164618
Episode:13/100, avg elec cons:0.8312001970715621
 Retrying in 1 seconds
Warning: Unused states in tlLogic 'J10', program '0' in phase 0 after tl-index 10
Simulation......
总奖励:-14352.378082273528, 速度奖励:-7420.3180436002585, 加速度奖励:-649.96003867285, 交通灯奖励:-6282.0999999989035, 与前车进行交互的惩罚:0.0
Episode:14/100, Reward:-14352.378082273528
Episode:14/100, avg speed:12.902063796116042
Episode:14/100, avg halt num:0.21675257731958764
Episode:14/100, avg elec cons:0.8819516727351738
 Retrying in 1 seconds
Warning: Unused states in tlLogic 'J10', program '0' in phase 0 after tl-index 10
Simulation......
总奖励:-14714.49439442536, 速度奖励:-8033.818412000208, 加速度奖励:-653.675982424822, 交通灯奖励:-6026.999999998756, 与前车进行交互的惩罚:0.0
Episode:15/100, Reward:-14714.49439442536
Episode:15/100, avg speed:12.951748594175346
Episode:15/100, avg halt num:0.21721020914569303
Episode:15/100, avg elec cons:0.829755660408903
 Retrying in 1 seconds
Warning: Unused states in tlLogic 'J10', program '0' in phase 0 after tl-index 10
Simulation......
总奖励:-14365.590054424565, 速度奖励:-7874.1267680802175, 加速度奖励:-642.3632863439568, 交通灯奖励:-5849.099999999288, 与前车进行交互的惩罚:0.0
Episode:16/100, Reward:-14365.590054424565
Episode:16/100, avg speed:12.233782623533191
Episode:16/100, avg halt num:0.21875
Episode:16/100, avg elec cons:0.9192719225962875
 Retrying in 1 seconds
Warning: Unused states in tlLogic 'J10', program '0' in phase 0 after tl-index 10
Simulation......
总奖励:-13685.4128263736, 速度奖励:-7313.76777224016, 加速度奖励:-636.9450541330411, 交通灯奖励:-5734.6999999990085, 与前车进行交互的惩罚:0.0
Episode:17/100, Reward:-13685.4128263736
Episode:17/100, avg speed:13.121452374802185
Episode:17/100, avg halt num:0.20356662180349933
Episode:17/100, avg elec cons:0.8778493788972952
 Retrying in 1 seconds
Warning: Unused states in tlLogic 'J10', program '0' in phase 0 after tl-index 10
Simulation......
总奖励:-14254.971719604957, 速度奖励:-7862.97716064015, 加速度奖励:-644.0945589644451, 交通灯奖励:-5747.899999999057, 与前车进行交互的惩罚:0.0
Episode:18/100, Reward:-14254.971719604957
Episode:18/100, avg speed:11.635413574318688
Episode:18/100, avg halt num:0.2349939975990396
Episode:18/100, avg elec cons:1.0061477903877691
 Retrying in 1 seconds
Warning: Unused states in tlLogic 'J10', program '0' in phase 0 after tl-index 10
Simulation......
总奖励:-15675.672248683926, 速度奖励:-8832.824882640096, 加速度奖励:-672.8473660433524, 交通灯奖励:-6169.999999999067, 与前车进行交互的惩罚:0.0
Episode:19/100, Reward:-15675.672248683926
Episode:19/100, avg speed:12.407736460911806
Episode:19/100, avg halt num:0.22381284916201116
Episode:19/100, avg elec cons:0.7836617192927853
 Retrying in 1 seconds
Warning: Unused states in tlLogic 'J10', program '0' in phase 0 after tl-index 10
Simulation......
总奖励:-13836.590026614149, 速度奖励:-8191.552131440233, 加速度奖励:-592.03789517364, 交通灯奖励:-5052.999999999542, 与前车进行交互的惩罚:0.0
Episode:20/100, Reward:-13836.590026614149
Episode:20/100, avg speed:12.84367519314601
Episode:20/100, avg halt num:0.17645150827116446
Episode:20/100, avg elec cons:0.7413549305441922
 Retrying in 1 seconds
Warning: Unused states in tlLogic 'J10', program '0' in phase 0 after tl-index 10
Simulation......
总奖励:-16386.214299100026, 速度奖励:-9230.872735680134, 加速度奖励:-642.2415634193619, 交通灯奖励:-6513.099999998463, 与前车进行交互的惩罚:0.0
Episode:21/100, Reward:-16386.214299100026
Episode:21/100, avg speed:12.256573833429778
Episode:21/100, avg halt num:0.2674618320610687
Episode:21/100, avg elec cons:0.8751692227767238
 Retrying in 1 seconds
Warning: Unused states in tlLogic 'J10', program '0' in phase 0 after tl-index 10
Simulation......
总奖励:-13601.823463070765, 速度奖励:-8097.818039520239, 加速度奖励:-611.9054235503218, 交通灯奖励:-4892.099999999651, 与前车进行交互的惩罚:0.0
Episode:22/100, Reward:-13601.823463070765
Episode:22/100, avg speed:12.428823062595702
Episode:22/100, avg halt num:0.19043321299638988
Episode:22/100, avg elec cons:0.8645458698902632
 Retrying in 1 seconds
Warning: Unused states in tlLogic 'J10', program '0' in phase 0 after tl-index 10
Simulation......
总奖励:-12664.697229487907, 速度奖励:-7655.111834160121, 加速度奖励:-575.68539532754, 交通灯奖励:-4433.90000000022, 与前车进行交互的惩罚:0.0
Episode:23/100, Reward:-12664.697229487907
Episode:23/100, avg speed:13.075406343072443
Episode:23/100, avg halt num:0.14573110893032384
Episode:23/100, avg elec cons:0.7804290690467303
 Retrying in 1 seconds
Warning: Unused states in tlLogic 'J10', program '0' in phase 0 after tl-index 10
Simulation......
总奖励:-12146.420749506959, 速度奖励:-7400.152101920148, 加速度奖励:-558.8686475866851, 交通灯奖励:-4187.400000000679, 与前车进行交互的惩罚:0.0
Episode:24/100, Reward:-12146.420749506959
Episode:24/100, avg speed:12.911248089248817
Episode:24/100, avg halt num:0.13470245795601551
Episode:24/100, avg elec cons:0.7905873449353399
 Retrying in 1 seconds
Warning: Unused states in tlLogic 'J10', program '0' in phase 0 after tl-index 10
Simulation......
总奖励:-12977.019552742922, 速度奖励:-8298.119972560113, 加速度奖励:-550.7995801826874, 交通灯奖励:-4128.100000000666, 与前车进行交互的惩罚:0.0
Episode:25/100, Reward:-12977.019552742922
Episode:25/100, avg speed:12.701365595995414
Episode:25/100, avg halt num:0.1320445609436435
Episode:25/100, avg elec cons:0.7210075942684456
 Retrying in 1 seconds
Warning: Unused states in tlLogic 'J10', program '0' in phase 0 after tl-index 10
Simulation......
总奖励:-14648.48310022266, 速度奖励:-9377.80400800004, 加速度奖励:-592.0790922223158, 交通灯奖励:-4678.599999999883, 与前车进行交互的惩罚:0.0
Episode:26/100, Reward:-14648.48310022266
Episode:26/100, avg speed:11.728901078666944
Episode:26/100, avg halt num:0.15258652772608858
Episode:26/100, avg elec cons:0.7458440102570918
 Retrying in 1 seconds
Warning: Unused states in tlLogic 'J10', program '0' in phase 0 after tl-index 10
Simulation......
总奖励:-13480.925283192792, 速度奖励:-9154.433956720088, 加速度奖励:-521.4913264725338, 交通灯奖励:-3805.00000000092, 与前车进行交互的惩罚:0.0
Episode:27/100, Reward:-13480.925283192792
Episode:27/100, avg speed:11.984639920298505
Episode:27/100, avg halt num:0.1109888249238063
Episode:27/100, avg elec cons:0.6847283596254282
 Retrying in 1 seconds
Warning: Unused states in tlLogic 'J10', program '0' in phase 0 after tl-index 10
Simulation......
总奖励:-13615.059400247035, 速度奖励:-9729.705408800088, 加速度奖励:-542.9539914467616, 交通灯奖励:-3342.4000000008596, 与前车进行交互的惩罚:0.0
Episode:28/100, Reward:-13615.059400247035
Episode:28/100, avg speed:10.858170065372374
Episode:28/100, avg halt num:0.11402653140850566
Episode:28/100, avg elec cons:0.7162820873076908
 Retrying in 1 seconds
Warning: Unused states in tlLogic 'J10', program '0' in phase 0 after tl-index 10
Simulation......
总奖励:-13076.824579358678, 速度奖励:-9714.171683919987, 加速度奖励:-529.3528954385706, 交通灯奖励:-2833.300000000909, 与前车进行交互的惩罚:0.0
Episode:29/100, Reward:-13076.824579358678
Episode:29/100, avg speed:11.242724334959288
Episode:29/100, avg halt num:0.08863104524180968
Episode:29/100, avg elec cons:0.6903816602895273
 Retrying in 1 seconds
Warning: Unused states in tlLogic 'J10', program '0' in phase 0 after tl-index 10
Simulation......
总奖励:-16377.770806131333, 速度奖励:-11067.843972079867, 加速度奖励:-592.326834050997, 交通灯奖励:-4717.599999999473, 与前车进行交互的惩罚:0.0
Episode:30/100, Reward:-16377.770806131333
Episode:30/100, avg speed:11.718066998273647
Episode:30/100, avg halt num:0.15210740992522093
Episode:30/100, avg elec cons:0.640100565121415
 Retrying in 1 seconds
Warning: Unused states in tlLogic 'J10', program '0' in phase 0 after tl-index 10
Simulation......
总奖励:-14353.06887106804, 速度奖励:-10249.492207440118, 加速度奖励:-537.2766636278081, 交通灯奖励:-3566.30000000065, 与前车进行交互的惩罚:0.0
Episode:31/100, Reward:-14353.06887106804
Episode:31/100, avg speed:11.552278764583958
Episode:31/100, avg halt num:0.10154310039020929
Episode:31/100, avg elec cons:0.5911106077417033
 Retrying in 1 seconds
Warning: Unused states in tlLogic 'J10', program '0' in phase 0 after tl-index 10
Simulation......
总奖励:-15629.380657923528, 速度奖励:-11153.949313359955, 加速度奖励:-560.6313445633805, 交通灯奖励:-3914.8000000009924, 与前车进行交互的惩罚:0.0
Episode:32/100, Reward:-15629.380657923528
Episode:32/100, avg speed:11.11340559046877
Episode:32/100, avg halt num:0.11251362150381403
Episode:32/100, avg elec cons:0.5753220212584996
 Retrying in 1 seconds
Warning: Unused states in tlLogic 'J10', program '0' in phase 0 after tl-index 10
Simulation......
总奖励:-14985.640821636136, 速度奖励:-10964.357402640118, 加速度奖励:-539.0834189958447, 交通灯奖励:-3482.2000000006597, 与前车进行交互的惩罚:0.0
Episode:33/100, Reward:-14985.640821636136
Episode:33/100, avg speed:11.493526149873968
Episode:33/100, avg halt num:0.09486459709379128
Episode:33/100, avg elec cons:0.5587536124391367
 Retrying in 1 seconds
Warning: Unused states in tlLogic 'J10', program '0' in phase 0 after tl-index 10
Simulation......
总奖励:-14315.675536026954, 速度奖励:-11126.863331760054, 加速度奖励:-526.1122042667362, 交通灯奖励:-2662.7000000008097, 与前车进行交互的惩罚:0.0
Episode:34/100, Reward:-14315.675536026954
Episode:34/100, avg speed:11.547218778042923
Episode:34/100, avg halt num:0.09245220830586684
Episode:34/100, avg elec cons:0.4790671250397732
 Retrying in 1 seconds
Warning: Unused states in tlLogic 'J10', program '0' in phase 0 after tl-index 10
Simulation......
总奖励:-16972.23304432267, 速度奖励:-12565.369127119833, 加速度奖励:-567.463917202238, 交通灯奖励:-3839.4000000010496, 与前车进行交互的惩罚:0.0
Episode:35/100, Reward:-16972.23304432267
Episode:35/100, avg speed:11.473166127820356
Episode:35/100, avg halt num:0.1452998947737636
Episode:35/100, avg elec cons:0.4791526991950201
 Retrying in 1 seconds
Warning: Unused states in tlLogic 'J10', program '0' in phase 0 after tl-index 10
Simulation......
总奖励:-14091.438875368667, 速度奖励:-10991.947203199948, 加速度奖励:-500.39167216850103, 交通灯奖励:-2599.1000000009294, 与前车进行交互的惩罚:0.0
Episode:36/100, Reward:-14091.438875368667
Episode:36/100, avg speed:11.040527882325055
Episode:36/100, avg halt num:0.08083303918108013
Episode:36/100, avg elec cons:0.5029909613197893
 Retrying in 1 seconds
Warning: Unused states in tlLogic 'J10', program '0' in phase 0 after tl-index 10
Simulation......
总奖励:-17350.47250041333, 速度奖励:-12753.534024559945, 加速度奖励:-568.7384758528175, 交通灯奖励:-4028.20000000104, 与前车进行交互的惩罚:0.0
Episode:37/100, Reward:-17350.47250041333
Episode:37/100, avg speed:10.375709951609974
Episode:37/100, avg halt num:0.1855877616747182
Episode:37/100, avg elec cons:0.5393523277009789
 Retrying in 1 seconds
Warning: Unused states in tlLogic 'J10', program '0' in phase 0 after tl-index 10
Simulation......
总奖励:-15399.094509963601, 速度奖励:-11356.984793200045, 加速度奖励:-520.6097167632272, 交通灯奖励:-3521.5000000008117, 与前车进行交互的惩罚:0.0
Episode:38/100, Reward:-15399.094509963601
Episode:38/100, avg speed:11.233951159975158
Episode:38/100, avg halt num:0.1539984911354206
Episode:38/100, avg elec cons:0.5711511345638902
 Retrying in 1 seconds
Warning: Unused states in tlLogic 'J10', program '0' in phase 0 after tl-index 10
Simulation......
总奖励:-14514.821813087505, 速度奖励:-10876.758806800148, 加速度奖励:-515.5630062873535, 交通灯奖励:-3122.5000000008285, 与前车进行交互的惩罚:0.0
Episode:39/100, Reward:-14514.821813087505
Episode:39/100, avg speed:11.445915827250479
Episode:39/100, avg halt num:0.07349966284558328
Episode:39/100, avg elec cons:0.518878539310692
 Retrying in 1 seconds
Warning: Unused states in tlLogic 'J10', program '0' in phase 0 after tl-index 10
Simulation......
总奖励:-13514.86909541527, 速度奖励:-10080.075800080083, 加速度奖励:-497.693295335148, 交通灯奖励:-2937.1000000008626, 与前车进行交互的惩罚:0.0
Episode:40/100, Reward:-13514.86909541527
Episode:40/100, avg speed:11.65407806075523
Episode:40/100, avg halt num:0.07370900209351011
Episode:40/100, avg elec cons:0.5712259522058353
 Retrying in 1 seconds
Warning: Unused states in tlLogic 'J10', program '0' in phase 0 after tl-index 10
Simulation......
总奖励:-10982.631714274054, 速度奖励:-8765.558266960077, 加速度奖励:-462.7734473140277, 交通灯奖励:-1754.30000000041, 与前车进行交互的惩罚:0.0
Episode:41/100, Reward:-10982.631714274054
Episode:41/100, avg speed:12.032986522977355
Episode:41/100, avg halt num:0.03710868800562786
Episode:41/100, avg elec cons:0.6218746403156269
 Retrying in 1 seconds
Warning: Unused states in tlLogic 'J10', program '0' in phase 0 after tl-index 10
Simulation......
总奖励:-12058.66728769015, 速度奖励:-9275.137877039944, 加速度奖励:-474.4294106500903, 交通灯奖励:-2309.100000000719, 与前车进行交互的惩罚:0.0
Episode:42/100, Reward:-12058.66728769015
Episode:42/100, avg speed:11.74629052999864
Episode:42/100, avg halt num:0.04318013343217198
Episode:42/100, avg elec cons:0.629857273887736
 Retrying in 1 seconds
Warning: Unused states in tlLogic 'J10', program '0' in phase 0 after tl-index 10
Simulation......
总奖励:-11073.975953758474, 速度奖励:-8345.871578000031, 加速度奖励:-449.6043757584872, 交通灯奖励:-2278.5000000005857, 与前车进行交互的惩罚:0.0
Episode:43/100, Reward:-11073.975953758474
Episode:43/100, avg speed:11.826239132211894
Episode:43/100, avg halt num:0.03895102198225993
Episode:43/100, avg elec cons:0.7806779392489491
 Retrying in 1 seconds
Warning: Unused states in tlLogic 'J10', program '0' in phase 0 after tl-index 10
Simulation......
总奖励:-10632.888142827931, 速度奖励:-7937.868755280066, 加速度奖励:-450.3193875479217, 交通灯奖励:-2244.7000000004005, 与前车进行交互的惩罚:0.0
Episode:44/100, Reward:-10632.888142827931
Episode:44/100, avg speed:12.304379607242081
Episode:44/100, avg halt num:0.03257299270072993
Episode:44/100, avg elec cons:0.8054410023742717
 Retrying in 1 seconds
Warning: Unused states in tlLogic 'J10', program '0' in phase 0 after tl-index 10
Simulation......
总奖励:-11969.267401565396, 速度奖励:-8721.347468479984, 加速度奖励:-492.91993308537707, 交通灯奖励:-2755.000000000835, 与前车进行交互的惩罚:0.0
Episode:45/100, Reward:-11969.267401565396
Episode:45/100, avg speed:11.64027460849722
Episode:45/100, avg halt num:0.06748759068346698
Episode:45/100, avg elec cons:0.7657910171580102
 Retrying in 1 seconds
Warning: Unused states in tlLogic 'J10', program '0' in phase 0 after tl-index 10
Simulation......
总奖励:-9760.115370036563, 速度奖励:-7235.7197656000935, 加速度奖励:-436.1956044365554, 交通灯奖励:-2088.2000000003422, 与前车进行交互的惩罚:0.0
Episode:46/100, Reward:-9760.115370036563
Episode:46/100, avg speed:13.176276052631918
Episode:46/100, avg halt num:0.03492114579980689
Episode:46/100, avg elec cons:0.744818708651071
 Retrying in 1 seconds
Warning: Unused states in tlLogic 'J10', program '0' in phase 0 after tl-index 10
Simulation......
总奖励:-11607.103486104554, 速度奖励:-8372.64833640009, 加速度奖励:-473.35514970441955, 交通灯奖励:-2761.100000000576, 与前车进行交互的惩罚:0.0
Episode:47/100, Reward:-11607.103486104554
Episode:47/100, avg speed:11.950275683485797
Episode:47/100, avg halt num:0.062053403535163594
Episode:47/100, avg elec cons:0.8029569283304253
 Retrying in 1 seconds
Warning: Unused states in tlLogic 'J10', program '0' in phase 0 after tl-index 10
Simulation......
总奖励:-10920.24321681253, 速度奖励:-8312.937161760123, 加速度奖励:-471.90605505239046, 交通灯奖励:-2135.400000000473, 与前车进行交互的惩罚:0.0
Episode:48/100, Reward:-10920.24321681253
Episode:48/100, avg speed:11.842542027525681
Episode:48/100, avg halt num:0.04782942758355743
Episode:48/100, avg elec cons:0.7936282180341492
 Retrying in 1 seconds
Warning: Unused states in tlLogic 'J10', program '0' in phase 0 after tl-index 10
Simulation......
总奖励:-9574.755903522746, 速度奖励:-7155.990286240084, 加速度奖励:-437.0656172826599, 交通灯奖励:-1981.7000000004625, 与前车进行交互的惩罚:0.0
Episode:49/100, Reward:-9574.755903522746
Episode:49/100, avg speed:13.159927432167352
Episode:49/100, avg halt num:0.030885959534028205
Episode:49/100, avg elec cons:0.7135171891800497
 Retrying in 1 seconds
Warning: Unused states in tlLogic 'J10', program '0' in phase 0 after tl-index 10
Simulation......
总奖励:-9592.617158307585, 速度奖励:-7167.300206320095, 加速度奖励:-436.6169519875049, 交通灯奖励:-1988.7000000004223, 与前车进行交互的惩罚:0.0
Episode:50/100, Reward:-9592.617158307585
Episode:50/100, avg speed:12.808969983192915
Episode:50/100, avg halt num:0.03576259722691918
Episode:50/100, avg elec cons:0.7836957545746029
 Retrying in 1 seconds
Warning: Unused states in tlLogic 'J10', program '0' in phase 0 after tl-index 10
Simulation......
总奖励:-10765.58172373039, 速度奖励:-8115.420325760139, 加速度奖励:-462.4613979703444, 交通灯奖励:-2187.7000000005714, 与前车进行交互的惩罚:0.0
Episode:51/100, Reward:-10765.58172373039
Episode:51/100, avg speed:12.785249532037831
Episode:51/100, avg halt num:0.0490070467648943
Episode:51/100, avg elec cons:0.7105373564254132
 Retrying in 1 seconds
Warning: Unused states in tlLogic 'J10', program '0' in phase 0 after tl-index 10
Simulation......
总奖励:-10684.093852020707, 速度奖励:-7825.78595984005, 加速度奖励:-468.00789218070446, 交通灯奖励:-2390.300000000703, 与前车进行交互的惩罚:0.0
Episode:52/100, Reward:-10684.093852020707
Episode:52/100, avg speed:12.552113683311104
Episode:52/100, avg halt num:0.06632105827672506
Episode:52/100, avg elec cons:0.8166518889602765
 Retrying in 1 seconds
Warning: Unused states in tlLogic 'J10', program '0' in phase 0 after tl-index 10
Simulation......
总奖励:-10442.448461294993, 速度奖励:-7854.115161839996, 加速度奖励:-455.0332994549354, 交通灯奖励:-2133.3000000004554, 与前车进行交互的惩罚:0.0
Episode:53/100, Reward:-10442.448461294993
Episode:53/100, avg speed:12.398334689257254
Episode:53/100, avg halt num:0.03420006624710169
Episode:53/100, avg elec cons:0.7397058308624305
 Retrying in 1 seconds
Warning: Unused states in tlLogic 'J10', program '0' in phase 0 after tl-index 10
Simulation......
总奖励:-9898.865485086166, 速度奖励:-7390.665155600055, 加速度奖励:-439.5003294861679, 交通灯奖励:-2068.700000000534, 与前车进行交互的惩罚:0.0
Episode:54/100, Reward:-9898.865485086166
Episode:54/100, avg speed:12.675040252786083
Episode:54/100, avg halt num:0.029609806629834253
Episode:54/100, avg elec cons:0.8039696111107889
 Retrying in 1 seconds
Warning: Unused states in tlLogic 'J10', program '0' in phase 0 after tl-index 10
Simulation......
总奖励:-9115.695627650404, 速度奖励:-6689.041462080056, 加速度奖励:-422.65416557044426, 交通灯奖励:-2004.0000000005025, 与前车进行交互的惩罚:0.0
Episode:55/100, Reward:-9115.695627650404
Episode:55/100, avg speed:12.32124482486143
Episode:55/100, avg halt num:0.031226486079759218
Episode:55/100, avg elec cons:1.0333610020259558
 Retrying in 1 seconds
Warning: Unused states in tlLogic 'J10', program '0' in phase 0 after tl-index 10
Simulation......
总奖励:-9590.840528325109, 速度奖励:-7174.242006560032, 加速度奖励:-414.69852176506066, 交通灯奖励:-2001.9000000005292, 与前车进行交互的惩罚:0.0
Episode:56/100, Reward:-9590.840528325109
Episode:56/100, avg speed:12.648627490274599
Episode:56/100, avg halt num:0.02434325744308231
Episode:56/100, avg elec cons:0.9130157977134469
 Retrying in 1 seconds
Warning: Unused states in tlLogic 'J10', program '0' in phase 0 after tl-index 10
Simulation......
总奖励:-8985.368427753416, 速度奖励:-6906.953823680071, 加速度奖励:-427.01460407337845, 交通灯奖励:-1651.4000000002825, 与前车进行交互的惩罚:0.0
Episode:57/100, Reward:-8985.368427753416
Episode:57/100, avg speed:12.21407507162516
Episode:57/100, avg halt num:0.03341336534613846
Episode:57/100, avg elec cons:1.070957840018614
 Retrying in 1 seconds
Warning: Unused states in tlLogic 'J10', program '0' in phase 0 after tl-index 10
Simulation......
总奖励:-9228.18767908865, 速度奖励:-7075.055362640072, 加速度奖励:-421.83231644866447, 交通灯奖励:-1731.3000000004236, 与前车进行交互的惩罚:0.0
Episode:58/100, Reward:-9228.18767908865
Episode:58/100, avg speed:12.253629752534549
Episode:58/100, avg halt num:0.02537080405932865
Episode:58/100, avg elec cons:1.0368627904834569
 Retrying in 1 seconds
Warning: Unused states in tlLogic 'J10', program '0' in phase 0 after tl-index 10
Simulation......
总奖励:-10592.994812329209, 速度奖励:-8027.3725917600295, 加速度奖励:-445.8222205692526, 交通灯奖励:-2119.800000000373, 与前车进行交互的惩罚:0.0
Episode:59/100, Reward:-10592.994812329209
Episode:59/100, avg speed:12.437639751630382
Episode:59/100, avg halt num:0.03889515219842165
Episode:59/100, avg elec cons:0.8906883374766371
 Retrying in 1 seconds
Warning: Unused states in tlLogic 'J10', program '0' in phase 0 after tl-index 10
Simulation......
总奖励:-9612.849120346758, 速度奖励:-7052.951558160019, 加速度奖励:-431.59756218677006, 交通灯奖励:-2128.300000000586, 与前车进行交互的惩罚:0.0
Episode:60/100, Reward:-9612.849120346758
Episode:60/100, avg speed:13.116920786410953
Episode:60/100, avg halt num:0.024047931713722916
Episode:60/100, avg elec cons:0.9028709899233807
 Retrying in 1 seconds
Warning: Unused states in tlLogic 'J10', program '0' in phase 0 after tl-index 10
Simulation......
总奖励:-9494.961102299347, 速度奖励:-6979.894329440114, 加速度奖励:-444.0667728594237, 交通灯奖励:-2071.000000000428, 与前车进行交互的惩罚:0.0
Episode:61/100, Reward:-9494.961102299347
Episode:61/100, avg speed:12.289093118797613
Episode:61/100, avg halt num:0.036616161616161616
Episode:61/100, avg elec cons:1.0832974286320176
 Retrying in 1 seconds
Warning: Unused states in tlLogic 'J10', program '0' in phase 0 after tl-index 10
Simulation......
总奖励:-9195.634474549704, 速度奖励:-6593.086037280043, 加速度奖励:-449.04843726975315, 交通灯奖励:-2153.5000000003483, 与前车进行交互的惩罚:0.0
Episode:62/100, Reward:-9195.634474549704
Episode:62/100, avg speed:13.124987392342687
Episode:62/100, avg halt num:0.032989690721649485
Episode:62/100, avg elec cons:1.06656476104714
 Retrying in 1 seconds
Warning: Unused states in tlLogic 'J10', program '0' in phase 0 after tl-index 10
Simulation......
总奖励:-8702.411732425555, 速度奖励:-6037.269989040023, 加速度奖励:-445.8417433856095, 交通灯奖励:-2219.3000000003576, 与前车进行交互的惩罚:0.0
Episode:63/100, Reward:-8702.411732425555
Episode:63/100, avg speed:13.574260001487918
Episode:63/100, avg halt num:0.04419568822553897
Episode:63/100, avg elec cons:1.1155881879925629
 Retrying in 1 seconds
Warning: Unused states in tlLogic 'J10', program '0' in phase 0 after tl-index 10
Simulation......
总奖励:-8874.5627439312, 速度奖励:-5974.355831680011, 加速度奖励:-441.80691225123815, 交通灯奖励:-2458.4000000005017, 与前车进行交互的惩罚:0.0
Episode:64/100, Reward:-8874.5627439312
Episode:64/100, avg speed:13.27919487028798
Episode:64/100, avg halt num:0.04805555555555555
Episode:64/100, avg elec cons:1.2972800307197945
 Retrying in 1 seconds
Warning: Unused states in tlLogic 'J10', program '0' in phase 0 after tl-index 10
Simulation......
总奖励:-9012.23454234084, 速度奖励:-6356.590913440019, 加速度奖励:-440.1436289008736, 交通灯奖励:-2215.500000000497, 与前车进行交互的惩罚:0.0
Episode:65/100, Reward:-9012.23454234084
Episode:65/100, avg speed:13.217965796267748
Episode:65/100, avg halt num:0.039473684210526314
Episode:65/100, avg elec cons:1.197935799731022
 Retrying in 1 seconds
Warning: Unused states in tlLogic 'J10', program '0' in phase 0 after tl-index 10
Simulation......
总奖励:-10054.220602634423, 速度奖励:-7625.613207520049, 加速度奖励:-448.80739511446336, 交通灯奖励:-1979.8000000004695, 与前车进行交互的惩罚:0.0
Episode:66/100, Reward:-10054.220602634423
Episode:66/100, avg speed:13.599542154309473
Episode:66/100, avg halt num:0.035058562836340616
Episode:66/100, avg elec cons:0.855828760007395
 Retrying in 1 seconds
Warning: Unused states in tlLogic 'J10', program '0' in phase 0 after tl-index 10
Simulation......
总奖励:-9743.111728067175, 速度奖励:-7308.660331679975, 加速度奖励:-417.15139638725196, 交通灯奖励:-2017.3000000004731, 与前车进行交互的惩罚:0.0
Episode:67/100, Reward:-9743.111728067175
Episode:67/100, avg speed:13.468305976819481
Episode:67/100, avg halt num:0.026587041884816753
Episode:67/100, avg elec cons:0.9012749661578932
 Retrying in 1 seconds
Warning: Unused states in tlLogic 'J10', program '0' in phase 0 after tl-index 10
Simulation......
总奖励:-8000.617162598471, 速度奖励:-5823.017338640041, 加速度奖励:-389.29982395852176, 交通灯奖励:-1788.3000000002994, 与前车进行交互的惩罚:0.0
Episode:68/100, Reward:-8000.617162598471
Episode:68/100, avg speed:13.967858749081765
Episode:68/100, avg halt num:0.01451559389515594
Episode:68/100, avg elec cons:1.1167671552756324
 Retrying in 1 seconds
Warning: Unused states in tlLogic 'J10', program '0' in phase 0 after tl-index 10
Simulation......
总奖励:-8296.48981709048, 速度奖励:-5984.034644480039, 加速度奖励:-416.95517261048576, 交通灯奖励:-1895.5000000003233, 与前车进行交互的惩罚:0.0
Episode:69/100, Reward:-8296.48981709048
Episode:69/100, avg speed:13.641274519222943
Episode:69/100, avg halt num:0.020672631903733415
Episode:69/100, avg elec cons:1.1403636506937804
 Retrying in 1 seconds
Warning: Unused states in tlLogic 'J10', program '0' in phase 0 after tl-index 10
Simulation......
总奖励:-8634.221708721385, 速度奖励:-6337.988633760062, 加速度奖励:-420.33307496139986, 交通灯奖励:-1875.9000000005192, 与前车进行交互的惩罚:0.0
Episode:70/100, Reward:-8634.221708721385
Episode:70/100, avg speed:13.178248269379578
Episode:70/100, avg halt num:0.028071017274472167
Episode:70/100, avg elec cons:1.01937740056035
 Retrying in 1 seconds
Warning: Unused states in tlLogic 'J10', program '0' in phase 0 after tl-index 10
Simulation......
总奖励:-23457.15451110134, 速度奖励:-15877.852101439643, 加速度奖励:-673.1024096607124, 交通灯奖励:-6906.199999997503, 与前车进行交互的惩罚:0.0
Episode:71/100, Reward:-23457.15451110134
Episode:71/100, avg speed:11.257142334711784
Episode:71/100, avg halt num:0.24732923276141147
Episode:71/100, avg elec cons:0.5051222258975459
 Retrying in 1 seconds
Warning: Unused states in tlLogic 'J10', program '0' in phase 0 after tl-index 10
Simulation......
总奖励:-12285.849802657187, 速度奖励:-9306.65453944005, 加速度奖励:-477.49526321714563, 交通灯奖励:-2501.70000000081, 与前车进行交互的惩罚:0.0
Episode:72/100, Reward:-12285.849802657187
Episode:72/100, avg speed:11.455882108032002
Episode:72/100, avg halt num:0.03895981975215922
Episode:72/100, avg elec cons:0.8329582002220748
 Retrying in 1 seconds
Warning: Unused states in tlLogic 'J10', program '0' in phase 0 after tl-index 10
Simulation......
总奖励:-8777.778155149777, 速度奖励:-6562.923508000022, 加速度奖励:-402.35464714979196, 交通灯奖励:-1812.5000000003238, 与前车进行交互的惩罚:0.0
Episode:73/100, Reward:-8777.778155149777
Episode:73/100, avg speed:13.340634034856912
Episode:73/100, avg halt num:0.0024045467793646167
Episode:73/100, avg elec cons:0.8900336759426938
 Retrying in 1 seconds
Warning: Unused states in tlLogic 'J10', program '0' in phase 0 after tl-index 10
Simulation......
总奖励:-10353.289159635631, 速度奖励:-7374.329365360055, 加速度奖励:-450.6597942755801, 交通灯奖励:-2528.3000000007, 与前车进行交互的惩罚:0.0
Episode:74/100, Reward:-10353.289159635631
Episode:74/100, avg speed:13.189398117072619
Episode:74/100, avg halt num:0.02409533750869868
Episode:74/100, avg elec cons:1.0403602076621343
 Retrying in 1 seconds
Warning: Unused states in tlLogic 'J10', program '0' in phase 0 after tl-index 10
Simulation......
总奖励:-8914.269175157468, 速度奖励:-6610.247737519996, 加速度奖励:-417.82143763741544, 交通灯奖励:-1886.200000000364, 与前车进行交互的惩罚:0.0
Episode:75/100, Reward:-8914.269175157468
Episode:75/100, avg speed:13.612230006238459
Episode:75/100, avg halt num:0.014424662050774811
Episode:75/100, avg elec cons:1.0730096637780377
 Retrying in 1 seconds
Warning: Unused states in tlLogic 'J10', program '0' in phase 0 after tl-index 10
Simulation......
总奖励:-8046.860525114472, 速度奖励:-5482.828392720029, 加速度奖励:-413.6321323944915, 交通灯奖励:-2150.4000000003675, 与前车进行交互的惩罚:0.0
Episode:76/100, Reward:-8046.860525114472
Episode:76/100, avg speed:13.444507378167513
Episode:76/100, avg halt num:0.033339968152866245
Episode:76/100, avg elec cons:1.4915338926353225
 Retrying in 1 seconds
Warning: Unused states in tlLogic 'J10', program '0' in phase 0 after tl-index 10
Simulation......
总奖励:-8069.346205262815, 速度奖励:-5774.02932832, 加速度奖励:-410.21687694281053, 交通灯奖励:-1885.100000000392, 与前车进行交互的惩罚:0.0
Episode:77/100, Reward:-8069.346205262815
Episode:77/100, avg speed:13.526262370460033
Episode:77/100, avg halt num:0.024515618821668642
Episode:77/100, avg elec cons:1.448214512605887
 Retrying in 1 seconds
Warning: Unused states in tlLogic 'J10', program '0' in phase 0 after tl-index 10
Simulation......
总奖励:-8310.121975335955, 速度奖励:-6185.918818480054, 加速度奖励:-405.60315685594895, 交通灯奖励:-1718.6000000003964, 与前车进行交互的惩罚:0.0
Episode:78/100, Reward:-8310.121975335955
Episode:78/100, avg speed:12.623718069588076
Episode:78/100, avg halt num:0.01714175654853621
Episode:78/100, avg elec cons:1.1741911691959108
 Retrying in 1 seconds
Warning: Unused states in tlLogic 'J10', program '0' in phase 0 after tl-index 10
Simulation......
总奖励:-51014.277072762095, 速度奖励:-32301.06393023777, 加速度奖励:-1143.113142519459, 交通灯奖励:-17570.09999999973, 与前车进行交互的惩罚:0.0
Episode:79/100, Reward:-51014.277072762095
Episode:79/100, avg speed:8.055173355298603
Episode:79/100, avg halt num:0.8742641648270787
Episode:79/100, avg elec cons:0.3544448945348948
 Retrying in 1 seconds
Warning: Unused states in tlLogic 'J10', program '0' in phase 0 after tl-index 10
Simulation......
总奖励:-27869.191890824583, 速度奖励:-19758.43512647911, 加速度奖励:-757.8567643434841, 交通灯奖励:-7352.899999996076, 与前车进行交互的惩罚:0.0
Episode:80/100, Reward:-27869.191890824583
Episode:80/100, avg speed:9.20877808564319
Episode:80/100, avg halt num:0.3271267792121814
Episode:80/100, avg elec cons:0.302095677597437
 Retrying in 1 seconds
Warning: Unused states in tlLogic 'J10', program '0' in phase 0 after tl-index 10
Simulation......
总奖励:-24158.825475812966, 速度奖励:-17065.51026847963, 加速度奖励:-738.7152073321313, 交通灯奖励:-6354.599999996972, 与前车进行交互的惩罚:0.0
Episode:81/100, Reward:-24158.825475812966
Episode:81/100, avg speed:9.83581343585919
Episode:81/100, avg halt num:0.24396853146853148
Episode:81/100, avg elec cons:0.37769274901352934
 Retrying in 1 seconds
Warning: Unused states in tlLogic 'J10', program '0' in phase 0 after tl-index 10
Simulation......
总奖励:-27088.33102770974, 速度奖励:-18698.42836359923, 加速度奖励:-834.1026641087354, 交通灯奖励:-7555.799999997185, 与前车进行交互的惩罚:0.0
Episode:82/100, Reward:-27088.33102770974
Episode:82/100, avg speed:9.778183650343356
Episode:82/100, avg halt num:0.29903628117913833
Episode:82/100, avg elec cons:0.3746967209360732
 Retrying in 1 seconds
Warning: Unused states in tlLogic 'J10', program '0' in phase 0 after tl-index 10
Simulation......
总奖励:-17390.92371655592, 速度奖励:-13301.011729279857, 加速度奖励:-604.6119872754996, 交通灯奖励:-3485.3000000009242, 与前车进行交互的惩罚:0.0
Episode:83/100, Reward:-17390.92371655592
Episode:83/100, avg speed:10.906310702260388
Episode:83/100, avg halt num:0.0865009746588694
Episode:83/100, avg elec cons:0.3563276823316081
 Retrying in 1 seconds
Warning: Unused states in tlLogic 'J10', program '0' in phase 0 after tl-index 10
Simulation......
总奖励:-15898.88135410887, 速度奖励:-12390.845641120028, 加速度奖励:-569.7357129884961, 交通灯奖励:-2938.300000000949, 与前车进行交互的惩罚:0.0
Episode:84/100, Reward:-15898.88135410887
Episode:84/100, avg speed:9.945786262269147
Episode:84/100, avg halt num:0.10156847742922724
Episode:84/100, avg elec cons:0.4390456168129081
 Retrying in 1 seconds
Warning: Unused states in tlLogic 'J10', program '0' in phase 0 after tl-index 10
Simulation......
总奖励:-17473.306132251793, 速度奖励:-13138.948068960022, 加速度奖励:-625.6580632914136, 交通灯奖励:-3708.7000000010685, 与前车进行交互的惩罚:0.0
Episode:85/100, Reward:-17473.306132251793
Episode:85/100, avg speed:11.122357991631846
Episode:85/100, avg halt num:0.09137761780104713
Episode:85/100, avg elec cons:0.39525043042425256
 Retrying in 1 seconds
Warning: Unused states in tlLogic 'J10', program '0' in phase 0 after tl-index 10
Simulation......
总奖励:-14009.127817607567, 速度奖励:-10674.45730439995, 加速度奖励:-522.1705132075018, 交通灯奖励:-2812.5000000007144, 与前车进行交互的惩罚:0.0
Episode:86/100, Reward:-14009.127817607567
Episode:86/100, avg speed:11.631444053862312
Episode:86/100, avg halt num:0.04458172075022328
Episode:86/100, avg elec cons:0.43482371122879626
 Retrying in 1 seconds
Warning: Unused states in tlLogic 'J10', program '0' in phase 0 after tl-index 10
Simulation......
总奖励:-16959.424833557292, 速度奖励:-12346.314046479996, 加速度奖励:-598.8107870772766, 交通灯奖励:-4014.300000001129, 与前车进行交互的惩罚:0.0
Episode:87/100, Reward:-16959.424833557292
Episode:87/100, avg speed:10.420268519273737
Episode:87/100, avg halt num:0.08003633427533306
Episode:87/100, avg elec cons:0.5144467515340395
 Retrying in 1 seconds
Warning: Unused states in tlLogic 'J10', program '0' in phase 0 after tl-index 10
Simulation......
总奖励:-12845.997873797158, 速度奖励:-9962.559765599988, 加速度奖励:-491.1381081971342, 交通灯奖励:-2392.3000000007146, 与前车进行交互的惩罚:0.0
Episode:88/100, Reward:-12845.997873797158
Episode:88/100, avg speed:11.949656416491626
Episode:88/100, avg halt num:0.025933267261314834
Episode:88/100, avg elec cons:0.5388854495782935
 Retrying in 1 seconds
Warning: Unused states in tlLogic 'J10', program '0' in phase 0 after tl-index 10
Simulation......
总奖励:-14424.725650291679, 速度奖励:-10971.727590319973, 加速度奖励:-545.2980599715942, 交通灯奖励:-2907.700000000887, 与前车进行交互的惩罚:0.0
Episode:89/100, Reward:-14424.725650291679
Episode:89/100, avg speed:10.869581831482721
Episode:89/100, avg halt num:0.04841327082582041
Episode:89/100, avg elec cons:0.5851305475353081
 Retrying in 1 seconds
Warning: Unused states in tlLogic 'J10', program '0' in phase 0 after tl-index 10
Simulation......
总奖励:-12062.12359794867, 速度奖励:-9106.148014160093, 加速度奖励:-497.5755837886312, 交通灯奖励:-2458.4000000007677, 与前车进行交互的惩罚:0.0
Episode:90/100, Reward:-12062.12359794867
Episode:90/100, avg speed:11.627433834363284
Episode:90/100, avg halt num:0.04387133612485725
Episode:90/100, avg elec cons:0.6612929737056548
 Retrying in 1 seconds
Warning: Unused states in tlLogic 'J10', program '0' in phase 0 after tl-index 10
Simulation......
总奖励:-13664.455517788349, 速度奖励:-10115.0992605601, 加速度奖励:-544.3562572281925, 交通灯奖励:-3005.000000000634, 与前车进行交互的惩罚:0.0
Episode:91/100, Reward:-13664.455517788349
Episode:91/100, avg speed:10.825445554561446
Episode:91/100, avg halt num:0.04748603351955307
Episode:91/100, avg elec cons:0.5996071694236453
 Retrying in 1 seconds
Warning: Unused states in tlLogic 'J10', program '0' in phase 0 after tl-index 10
Simulation......
总奖励:-25943.99578550611, 速度奖励:-17195.445779679423, 加速度奖励:-917.6500058251164, 交通灯奖励:-7830.899999997317, 与前车进行交互的惩罚:0.0
Episode:92/100, Reward:-25943.99578550611
Episode:92/100, avg speed:8.994775589367952
Episode:92/100, avg halt num:0.2699314574314574
Episode:92/100, avg elec cons:0.3991311435904074
 Retrying in 1 seconds
Warning: Unused states in tlLogic 'J10', program '0' in phase 0 after tl-index 10
Simulation......
总奖励:-49571.66386772273, 速度奖励:-29505.905066158197, 加速度奖励:-1297.3588015604234, 交通灯奖励:-18768.40000000401, 与前车进行交互的惩罚:0.0
Episode:93/100, Reward:-49571.66386772273
Episode:93/100, avg speed:8.68161181581411
Episode:93/100, avg halt num:0.7841086786551994
Episode:93/100, avg elec cons:0.39321169009333806
 Retrying in 1 seconds
Warning: Unused states in tlLogic 'J10', program '0' in phase 0 after tl-index 10
Simulation......
总奖励:-20413.780297958412, 速度奖励:-14239.912453839723, 加速度奖励:-749.567844117921, 交通灯奖励:-5424.2999999991935, 与前车进行交互的惩罚:0.0
Episode:94/100, Reward:-20413.780297958412
Episode:94/100, avg speed:10.51992896923936
Episode:94/100, avg halt num:0.15724352671255326
Episode:94/100, avg elec cons:0.39246197584121895
 Retrying in 1 seconds
Warning: Unused states in tlLogic 'J10', program '0' in phase 0 after tl-index 10
Simulation......
总奖励:-25280.924967078052, 速度奖励:-16460.10470583952, 加速度奖励:-826.3202612374146, 交通灯奖励:-7994.499999997672, 与前车进行交互的惩罚:0.0
Episode:95/100, Reward:-25280.924967078052
Episode:95/100, avg speed:9.465805930069676
Episode:95/100, avg halt num:0.25241905470785264
Episode:95/100, avg elec cons:0.45531367766697883
 Retrying in 1 seconds
Warning: Unused states in tlLogic 'J10', program '0' in phase 0 after tl-index 10
Simulation......
总奖励:-24043.07437354198, 速度奖励:-16694.14653199936, 加速度奖励:-738.427841540931, 交通灯奖励:-6610.499999997993, 与前车进行交互的惩罚:0.0
Episode:96/100, Reward:-24043.07437354198
Episode:96/100, avg speed:9.597821233145165
Episode:96/100, avg halt num:0.3119984715322889
Episode:96/100, avg elec cons:0.4566197069256679
 Retrying in 1 seconds
Warning: Unused states in tlLogic 'J10', program '0' in phase 0 after tl-index 10
Simulation......
总奖励:-22436.806011689714, 速度奖励:-15395.077155599654, 加速度奖励:-711.4288560889606, 交通灯奖励:-6330.299999997413, 与前车进行交互的惩罚:0.0
Episode:97/100, Reward:-22436.806011689714
Episode:97/100, avg speed:10.587209810242252
Episode:97/100, avg halt num:0.1893939393939394
Episode:97/100, avg elec cons:0.4704119016197878
 Retrying in 1 seconds
Warning: Unused states in tlLogic 'J10', program '0' in phase 0 after tl-index 10
Simulation......
总奖励:-18340.205900761575, 速度奖励:-13101.627377599876, 加速度奖励:-633.4785231612126, 交通灯奖励:-4605.099999999633, 与前车进行交互的惩罚:0.0
Episode:98/100, Reward:-18340.205900761575
Episode:98/100, avg speed:10.200380309760503
Episode:98/100, avg halt num:0.17162059825823553
Episode:98/100, avg elec cons:0.5271355334932825
 Retrying in 1 seconds
Warning: Unused states in tlLogic 'J10', program '0' in phase 0 after tl-index 10
Simulation......
总奖励:-14087.106078632793, 速度奖励:-10515.482380159969, 加速度奖励:-522.7236984725411, 交通灯奖励:-3048.900000000835, 与前车进行交互的惩罚:0.0
Episode:99/100, Reward:-14087.106078632793
Episode:99/100, avg speed:11.91182066563133
Episode:99/100, avg halt num:0.08776685869196882
Episode:99/100, avg elec cons:0.5090231625245257
 Retrying in 1 seconds
Warning: Unused states in tlLogic 'J10', program '0' in phase 0 after tl-index 10
Simulation......
总奖励:-14334.017075255131, 速度奖励:-10559.048311520057, 加速度奖励:-512.6687637349946, 交通灯奖励:-3262.300000000778, 与前车进行交互的惩罚:0.0
Episode:100/100, Reward:-14334.017075255131
Episode:100/100, avg speed:12.114998449483775
Episode:100/100, avg halt num:0.06671530479896239
Episode:100/100, avg elec cons:0.5179873674759112
model saved successfully!
Complete training!
final reward list:[-35371.23444569658, -17856.53594109014, -16281.344181617515, -15679.75042576335, -17114.822987214375, -17096.109798666293, -16283.693913810823, -14687.99959386846, -15105.379555889407, -15296.463810596832, -13757.221555208258, -13738.642581338298, -13630.512062640812, -14352.378082273528, -14714.49439442536, -14365.590054424565, -13685.4128263736, -14254.971719604957, -15675.672248683926, -13836.590026614149, -16386.214299100026, -13601.823463070765, -12664.697229487907, -12146.420749506959, -12977.019552742922, -14648.48310022266, -13480.925283192792, -13615.059400247035, -13076.824579358678, -16377.770806131333, -14353.06887106804, -15629.380657923528, -14985.640821636136, -14315.675536026954, -16972.23304432267, -14091.438875368667, -17350.47250041333, -15399.094509963601, -14514.821813087505, -13514.86909541527, -10982.631714274054, -12058.66728769015, -11073.975953758474, -10632.888142827931, -11969.267401565396, -9760.115370036563, -11607.103486104554, -10920.24321681253, -9574.755903522746, -9592.617158307585, -10765.58172373039, -10684.093852020707, -10442.448461294993, -9898.865485086166, -9115.695627650404, -9590.840528325109, -8985.368427753416, -9228.18767908865, -10592.994812329209, -9612.849120346758, -9494.961102299347, -9195.634474549704, -8702.411732425555, -8874.5627439312, -9012.23454234084, -10054.220602634423, -9743.111728067175, -8000.617162598471, -8296.48981709048, -8634.221708721385, -23457.15451110134, -12285.849802657187, -8777.778155149777, -10353.289159635631, -8914.269175157468, -8046.860525114472, -8069.346205262815, -8310.121975335955, -51014.277072762095, -27869.191890824583, -24158.825475812966, -27088.33102770974, -17390.92371655592, -15898.88135410887, -17473.306132251793, -14009.127817607567, -16959.424833557292, -12845.997873797158, -14424.725650291679, -12062.12359794867, -13664.455517788349, -25943.99578550611, -49571.66386772273, -20413.780297958412, -25280.924967078052, -24043.07437354198, -22436.806011689714, -18340.205900761575, -14087.106078632793, -14334.017075255131]
final speed list:[11.423751381269637, 13.983426902025682, 14.45504226734579, 13.4282397929314, 13.21650549479442, 13.521174416976494, 13.714360272296954, 13.931485684334717, 13.516155784864585, 13.269958644830986, 13.84654027124531, 13.70537588558051, 13.580389449879894, 12.902063796116042, 12.951748594175346, 12.233782623533191, 13.121452374802185, 11.635413574318688, 12.407736460911806, 12.84367519314601, 12.256573833429778, 12.428823062595702, 13.075406343072443, 12.911248089248817, 12.701365595995414, 11.728901078666944, 11.984639920298505, 10.858170065372374, 11.242724334959288, 11.718066998273647, 11.552278764583958, 11.11340559046877, 11.493526149873968, 11.547218778042923, 11.473166127820356, 11.040527882325055, 10.375709951609974, 11.233951159975158, 11.445915827250479, 11.65407806075523, 12.032986522977355, 11.74629052999864, 11.826239132211894, 12.304379607242081, 11.64027460849722, 13.176276052631918, 11.950275683485797, 11.842542027525681, 13.159927432167352, 12.808969983192915, 12.785249532037831, 12.552113683311104, 12.398334689257254, 12.675040252786083, 12.32124482486143, 12.648627490274599, 12.21407507162516, 12.253629752534549, 12.437639751630382, 13.116920786410953, 12.289093118797613, 13.124987392342687, 13.574260001487918, 13.27919487028798, 13.217965796267748, 13.599542154309473, 13.468305976819481, 13.967858749081765, 13.641274519222943, 13.178248269379578, 11.257142334711784, 11.455882108032002, 13.340634034856912, 13.189398117072619, 13.612230006238459, 13.444507378167513, 13.526262370460033, 12.623718069588076, 8.055173355298603, 9.20877808564319, 9.83581343585919, 9.778183650343356, 10.906310702260388, 9.945786262269147, 11.122357991631846, 11.631444053862312, 10.420268519273737, 11.949656416491626, 10.869581831482721, 11.627433834363284, 10.825445554561446, 8.994775589367952, 8.68161181581411, 10.51992896923936, 9.465805930069676, 9.597821233145165, 10.587209810242252, 10.200380309760503, 11.91182066563133, 12.114998449483775]
final elec cons list:[0.5009418632318553, 1.1913138913587562, 1.4803322453566767, 1.6110344254160567, 1.3321791586844254, 1.0391793637941027, 1.038926658079752, 0.9434766157952577, 0.9000244024336042, 0.9038912252116053, 0.8858141106199297, 0.9373681502040829, 0.8312001970715621, 0.8819516727351738, 0.829755660408903, 0.9192719225962875, 0.8778493788972952, 1.0061477903877691, 0.7836617192927853, 0.7413549305441922, 0.8751692227767238, 0.8645458698902632, 0.7804290690467303, 0.7905873449353399, 0.7210075942684456, 0.7458440102570918, 0.6847283596254282, 0.7162820873076908, 0.6903816602895273, 0.640100565121415, 0.5911106077417033, 0.5753220212584996, 0.5587536124391367, 0.4790671250397732, 0.4791526991950201, 0.5029909613197893, 0.5393523277009789, 0.5711511345638902, 0.518878539310692, 0.5712259522058353, 0.6218746403156269, 0.629857273887736, 0.7806779392489491, 0.8054410023742717, 0.7657910171580102, 0.744818708651071, 0.8029569283304253, 0.7936282180341492, 0.7135171891800497, 0.7836957545746029, 0.7105373564254132, 0.8166518889602765, 0.7397058308624305, 0.8039696111107889, 1.0333610020259558, 0.9130157977134469, 1.070957840018614, 1.0368627904834569, 0.8906883374766371, 0.9028709899233807, 1.0832974286320176, 1.06656476104714, 1.1155881879925629, 1.2972800307197945, 1.197935799731022, 0.855828760007395, 0.9012749661578932, 1.1167671552756324, 1.1403636506937804, 1.01937740056035, 0.5051222258975459, 0.8329582002220748, 0.8900336759426938, 1.0403602076621343, 1.0730096637780377, 1.4915338926353225, 1.448214512605887, 1.1741911691959108, 0.3544448945348948, 0.302095677597437, 0.37769274901352934, 0.3746967209360732, 0.3563276823316081, 0.4390456168129081, 0.39525043042425256, 0.43482371122879626, 0.5144467515340395, 0.5388854495782935, 0.5851305475353081, 0.6612929737056548, 0.5996071694236453, 0.3991311435904074, 0.39321169009333806, 0.39246197584121895, 0.45531367766697883, 0.4566197069256679, 0.4704119016197878, 0.5271355334932825, 0.5090231625245257, 0.5179873674759112]
final halt list:[0.465284178187404, 0.27443162538174415, 0.2679606958762887, 0.30533484676503975, 0.3235578784359272, 0.292715676401477, 0.2658905506458192, 0.21577243293246995, 0.21780363404526618, 0.24066780821917808, 0.2000480307396734, 0.19920284938941654, 0.17744164619164618, 0.21675257731958764, 0.21721020914569303, 0.21875, 0.20356662180349933, 0.2349939975990396, 0.22381284916201116, 0.17645150827116446, 0.2674618320610687, 0.19043321299638988, 0.14573110893032384, 0.13470245795601551, 0.1320445609436435, 0.15258652772608858, 0.1109888249238063, 0.11402653140850566, 0.08863104524180968, 0.15210740992522093, 0.10154310039020929, 0.11251362150381403, 0.09486459709379128, 0.09245220830586684, 0.1452998947737636, 0.08083303918108013, 0.1855877616747182, 0.1539984911354206, 0.07349966284558328, 0.07370900209351011, 0.03710868800562786, 0.04318013343217198, 0.03895102198225993, 0.03257299270072993, 0.06748759068346698, 0.03492114579980689, 0.062053403535163594, 0.04782942758355743, 0.030885959534028205, 0.03576259722691918, 0.0490070467648943, 0.06632105827672506, 0.03420006624710169, 0.029609806629834253, 0.031226486079759218, 0.02434325744308231, 0.03341336534613846, 0.02537080405932865, 0.03889515219842165, 0.024047931713722916, 0.036616161616161616, 0.032989690721649485, 0.04419568822553897, 0.04805555555555555, 0.039473684210526314, 0.035058562836340616, 0.026587041884816753, 0.01451559389515594, 0.020672631903733415, 0.028071017274472167, 0.24732923276141147, 0.03895981975215922, 0.0024045467793646167, 0.02409533750869868, 0.014424662050774811, 0.033339968152866245, 0.024515618821668642, 0.01714175654853621, 0.8742641648270787, 0.3271267792121814, 0.24396853146853148, 0.29903628117913833, 0.0865009746588694, 0.10156847742922724, 0.09137761780104713, 0.04458172075022328, 0.08003633427533306, 0.025933267261314834, 0.04841327082582041, 0.04387133612485725, 0.04748603351955307, 0.2699314574314574, 0.7841086786551994, 0.15724352671255326, 0.25241905470785264, 0.3119984715322889, 0.1893939393939394, 0.17162059825823553, 0.08776685869196882, 0.06671530479896239]
speed reward list:[-16691.449576158757, -7196.5221383203, -5905.730400800158, -5829.7990196001565, -6900.177123360248, -6942.939949520287, -6486.802354160183, -5914.180429760106, -6224.254309680176, -6662.024315280184, -6310.68566168018, -6108.450988720146, -6543.827917360142, -7420.3180436002585, -8033.818412000208, -7874.1267680802175, -7313.76777224016, -7862.97716064015, -8832.824882640096, -8191.552131440233, -9230.872735680134, -8097.818039520239, -7655.111834160121, -7400.152101920148, -8298.119972560113, -9377.80400800004, -9154.433956720088, -9729.705408800088, -9714.171683919987, -11067.843972079867, -10249.492207440118, -11153.949313359955, -10964.357402640118, -11126.863331760054, -12565.369127119833, -10991.947203199948, -12753.534024559945, -11356.984793200045, -10876.758806800148, -10080.075800080083, -8765.558266960077, -9275.137877039944, -8345.871578000031, -7937.868755280066, -8721.347468479984, -7235.7197656000935, -8372.64833640009, -8312.937161760123, -7155.990286240084, -7167.300206320095, -8115.420325760139, -7825.78595984005, -7854.115161839996, -7390.665155600055, -6689.041462080056, -7174.242006560032, -6906.953823680071, -7075.055362640072, -8027.3725917600295, -7052.951558160019, -6979.894329440114, -6593.086037280043, -6037.269989040023, -5974.355831680011, -6356.590913440019, -7625.613207520049, -7308.660331679975, -5823.017338640041, -5984.034644480039, -6337.988633760062, -15877.852101439643, -9306.65453944005, -6562.923508000022, -7374.329365360055, -6610.247737519996, -5482.828392720029, -5774.02932832, -6185.918818480054, -32301.06393023777, -19758.43512647911, -17065.51026847963, -18698.42836359923, -13301.011729279857, -12390.845641120028, -13138.948068960022, -10674.45730439995, -12346.314046479996, -9962.559765599988, -10971.727590319973, -9106.148014160093, -10115.0992605601, -17195.445779679423, -29505.905066158197, -14239.912453839723, -16460.10470583952, -16694.14653199936, -15395.077155599654, -13101.627377599876, -10515.482380159969, -10559.048311520057]
accel reward list:[-982.8848695343578, -919.8138027691722, -1179.5137808165953, -1028.351406162493, -917.3458638534416, -847.9698491452216, -844.6915596499938, -768.4191641078419, -743.0252462086306, -706.6394953161794, -671.1358935275989, -657.4915926177728, -624.6841452803301, -649.96003867285, -653.675982424822, -642.3632863439568, -636.9450541330411, -644.0945589644451, -672.8473660433524, -592.03789517364, -642.2415634193619, -611.9054235503218, -575.68539532754, -558.8686475866851, -550.7995801826874, -592.0790922223158, -521.4913264725338, -542.9539914467616, -529.3528954385706, -592.326834050997, -537.2766636278081, -560.6313445633805, -539.0834189958447, -526.1122042667362, -567.463917202238, -500.39167216850103, -568.7384758528175, -520.6097167632272, -515.5630062873535, -497.693295335148, -462.7734473140277, -474.4294106500903, -449.6043757584872, -450.3193875479217, -492.91993308537707, -436.1956044365554, -473.35514970441955, -471.90605505239046, -437.0656172826599, -436.6169519875049, -462.4613979703444, -468.00789218070446, -455.0332994549354, -439.5003294861679, -422.65416557044426, -414.69852176506066, -427.01460407337845, -421.83231644866447, -445.8222205692526, -431.59756218677006, -444.0667728594237, -449.04843726975315, -445.8417433856095, -441.80691225123815, -440.1436289008736, -448.80739511446336, -417.15139638725196, -389.29982395852176, -416.95517261048576, -420.33307496139986, -673.1024096607124, -477.49526321714563, -402.35464714979196, -450.6597942755801, -417.82143763741544, -413.6321323944915, -410.21687694281053, -405.60315685594895, -1143.113142519459, -757.8567643434841, -738.7152073321313, -834.1026641087354, -604.6119872754996, -569.7357129884961, -625.6580632914136, -522.1705132075018, -598.8107870772766, -491.1381081971342, -545.2980599715942, -497.5755837886312, -544.3562572281925, -917.6500058251164, -1297.3588015604234, -749.567844117921, -826.3202612374146, -738.427841540931, -711.4288560889606, -633.4785231612126, -522.7236984725411, -512.6687637349946]
tls reward list:[-17696.89999999837, -9740.199999998636, -9196.099999998674, -8821.599999998773, -9297.299999998655, -9305.199999998418, -8952.199999998673, -8005.399999998845, -8138.099999998754, -7927.799999998788, -6775.399999998999, -6972.699999999069, -6461.999999999161, -6282.0999999989035, -6026.999999998756, -5849.099999999288, -5734.6999999990085, -5747.899999999057, -6169.999999999067, -5052.999999999542, -6513.099999998463, -4892.099999999651, -4433.90000000022, -4187.400000000679, -4128.100000000666, -4678.599999999883, -3805.00000000092, -3342.4000000008596, -2833.300000000909, -4717.599999999473, -3566.30000000065, -3914.8000000009924, -3482.2000000006597, -2662.7000000008097, -3839.4000000010496, -2599.1000000009294, -4028.20000000104, -3521.5000000008117, -3122.5000000008285, -2937.1000000008626, -1754.30000000041, -2309.100000000719, -2278.5000000005857, -2244.7000000004005, -2755.000000000835, -2088.2000000003422, -2761.100000000576, -2135.400000000473, -1981.7000000004625, -1988.7000000004223, -2187.7000000005714, -2390.300000000703, -2133.3000000004554, -2068.700000000534, -2004.0000000005025, -2001.9000000005292, -1651.4000000002825, -1731.3000000004236, -2119.800000000373, -2128.300000000586, -2071.000000000428, -2153.5000000003483, -2219.3000000003576, -2458.4000000005017, -2215.500000000497, -1979.8000000004695, -2017.3000000004731, -1788.3000000002994, -1895.5000000003233, -1875.9000000005192, -6906.199999997503, -2501.70000000081, -1812.5000000003238, -2528.3000000007, -1886.200000000364, -2150.4000000003675, -1885.100000000392, -1718.6000000003964, -17570.09999999973, -7352.899999996076, -6354.599999996972, -7555.799999997185, -3485.3000000009242, -2938.300000000949, -3708.7000000010685, -2812.5000000007144, -4014.300000001129, -2392.3000000007146, -2907.700000000887, -2458.4000000007677, -3005.000000000634, -7830.899999997317, -18768.40000000401, -5424.2999999991935, -7994.499999997672, -6610.499999997993, -6330.299999997413, -4605.099999999633, -3048.900000000835, -3262.300000000778]
