nohup: 忽略输入
Env:sumo, Algorithm:SAC, Device:cuda
-----------------------------------------
models/reward_s0.11_a8e-2_t(-2_0.1)_safe(3, 0.9).pth
-----------------------------------------
 Retrying in 1 seconds
Warning: Unused states in tlLogic 'J10', program '0' in phase 0 after tl-index 10
Simulation......
总奖励:-44011.157827474286, 速度奖励:-22013.208598260204, 加速度奖励:-968.4492292149972, 交通灯奖励:-17398.89999999774, 与前车进行交互的惩罚:-3630.600000000245
Episode:1/100, Reward:-44011.157827474286
Episode:1/100, avg speed:11.032690065944585
Episode:1/100, avg halt num:0.43259878419452885
Episode:1/100, avg elec cons:0.45167046154159696
 Retrying in 1 seconds
Warning: Unused states in tlLogic 'J10', program '0' in phase 0 after tl-index 10
Simulation......
总奖励:-94316.14917305151, 速度奖励:-51356.376005873986, 加速度奖励:-3669.973167164802, 交通灯奖励:-33085.200000014294, 与前车进行交互的惩罚:-6204.59999999944
Episode:2/100, Reward:-94316.14917305151
Episode:2/100, avg speed:8.471950831557002
Episode:2/100, avg halt num:0.41734461438333875
Episode:2/100, avg elec cons:0.4157300588457793
 Retrying in 1 seconds
Warning: Unused states in tlLogic 'J10', program '0' in phase 0 after tl-index 10
Simulation......
总奖励:-23609.812100956246, 速度奖励:-9775.444072569959, 加速度奖励:-1262.7680283852635, 交通灯奖励:-9856.299999998466, 与前车进行交互的惩罚:-2715.3000000001525
Episode:3/100, Reward:-23609.812100956246
Episode:3/100, avg speed:14.189263693871885
Episode:3/100, avg halt num:0.2557276540819619
Episode:3/100, avg elec cons:1.4119706524745972
 Retrying in 1 seconds
Warning: Unused states in tlLogic 'J10', program '0' in phase 0 after tl-index 10
Simulation......
总奖励:-19932.93300486284, 速度奖励:-7937.953482360002, 加速度奖励:-836.9795225025076, 交通灯奖励:-9316.599999998718, 与前车进行交互的惩罚:-1841.4000000000644
Episode:4/100, Reward:-19932.93300486284
Episode:4/100, avg speed:13.294375125106985
Episode:4/100, avg halt num:0.2711414486158513
Episode:4/100, avg elec cons:1.442060874158605
 Retrying in 1 seconds
Warning: Unused states in tlLogic 'J10', program '0' in phase 0 after tl-index 10
Simulation......
总奖励:-19403.997983488425, 速度奖励:-7686.044506249992, 加速度奖励:-971.3534772382459, 交通灯奖励:-8650.499999999027, 与前车进行交互的惩罚:-2096.10000000009
Episode:5/100, Reward:-19403.997983488425
Episode:5/100, avg speed:13.685909661334899
Episode:5/100, avg halt num:0.258461235733963
Episode:5/100, avg elec cons:1.55272706085255
 Retrying in 1 seconds
Warning: Unused states in tlLogic 'J10', program '0' in phase 0 after tl-index 10
Simulation......
总奖励:-20413.685304805338, 速度奖励:-8477.24581121, 加速度奖励:-851.9394935946813, 交通灯奖励:-9113.49999999853, 与前车进行交互的惩罚:-1971.0000000000775
Episode:6/100, Reward:-20413.685304805338
Episode:6/100, avg speed:13.910510732320905
Episode:6/100, avg halt num:0.25797421106209706
Episode:6/100, avg elec cons:1.2221557330948642
 Retrying in 1 seconds
Warning: Unused states in tlLogic 'J10', program '0' in phase 0 after tl-index 10
Simulation......
总奖励:-21406.646248608038, 速度奖励:-10944.554428499949, 加速度奖励:-686.5918201077908, 交通灯奖励:-8325.59999999829, 与前车进行交互的惩罚:-1449.9000000000249
Episode:7/100, Reward:-21406.646248608038
Episode:7/100, avg speed:13.012017026615851
Episode:7/100, avg halt num:0.21042798913043478
Episode:7/100, avg elec cons:0.8127679029779761
 Retrying in 1 seconds
Warning: Unused states in tlLogic 'J10', program '0' in phase 0 after tl-index 10
Simulation......
总奖励:-22338.871202298185, 速度奖励:-13145.293719139976, 加速度奖励:-663.9774831577647, 交通灯奖励:-7483.799999998138, 与前车进行交互的惩罚:-1045.799999999984
Episode:8/100, Reward:-22338.871202298185
Episode:8/100, avg speed:12.767602523636413
Episode:8/100, avg halt num:0.17545065688970363
Episode:8/100, avg elec cons:0.6467375032155686
 Retrying in 1 seconds
Warning: Unused states in tlLogic 'J10', program '0' in phase 0 after tl-index 10
Simulation......
总奖励:-19841.41988367643, 速度奖励:-12650.38545429996, 加速度奖励:-581.634429376266, 交通灯奖励:-5960.499999999297, 与前车进行交互的惩罚:-648.8999999999912
Episode:9/100, Reward:-19841.41988367643
Episode:9/100, avg speed:12.263976765776823
Episode:9/100, avg halt num:0.1210292249047014
Episode:9/100, avg elec cons:0.6328000197165551
 Retrying in 1 seconds
Warning: Unused states in tlLogic 'J10', program '0' in phase 0 after tl-index 10
Simulation......
总奖励:-17013.304150555763, 速度奖励:-10863.822580379969, 加速度奖励:-511.28157017586403, 交通灯奖励:-5078.399999999662, 与前车进行交互的惩罚:-559.7999999999935
Episode:10/100, Reward:-17013.304150555763
Episode:10/100, avg speed:12.654634577614972
Episode:10/100, avg halt num:0.09456484930579072
Episode:10/100, avg elec cons:0.8342486717783042
 Retrying in 1 seconds
Warning: Unused states in tlLogic 'J10', program '0' in phase 0 after tl-index 10
Simulation......
总奖励:-15636.565943931839, 速度奖励:-10393.106016369973, 加速度奖励:-491.4599275620078, 交通灯奖励:-3935.700000000787, 与前车进行交互的惩罚:-816.299999999987
Episode:11/100, Reward:-15636.565943931839
Episode:11/100, avg speed:13.470568781289629
Episode:11/100, avg halt num:0.0691233140655106
Episode:11/100, avg elec cons:0.9048296846412542
 Retrying in 1 seconds
Warning: Unused states in tlLogic 'J10', program '0' in phase 0 after tl-index 10
Simulation......
总奖励:-16985.812541214702, 速度奖励:-11292.892066389966, 加速度奖励:-524.1204748248406, 交通灯奖励:-4177.9000000005335, 与前车进行交互的惩罚:-990.8999999999826
Episode:12/100, Reward:-16985.812541214702
Episode:12/100, avg speed:12.842608240369723
Episode:12/100, avg halt num:0.07817725752508362
Episode:12/100, avg elec cons:0.8722280255354156
 Retrying in 1 seconds
Warning: Unused states in tlLogic 'J10', program '0' in phase 0 after tl-index 10
Simulation......
总奖励:-17357.733556986837, 速度奖励:-12260.613235529901, 加速度奖励:-530.4203214569627, 交通灯奖励:-3584.8000000008824, 与前车进行交互的惩罚:-981.8999999999828
Episode:13/100, Reward:-17357.733556986837
Episode:13/100, avg speed:12.56933379585698
Episode:13/100, avg halt num:0.06500765696784074
Episode:13/100, avg elec cons:0.7384665681647198
 Retrying in 1 seconds
Warning: Unused states in tlLogic 'J10', program '0' in phase 0 after tl-index 10
Simulation......
总奖励:-16299.796363159765, 速度奖励:-11530.852231139952, 加速度奖励:-482.9441320199225, 交通灯奖励:-3383.300000000652, 与前车进行交互的惩罚:-902.6999999999848
Episode:14/100, Reward:-16299.796363159765
Episode:14/100, avg speed:12.478605872836141
Episode:14/100, avg halt num:0.060588035350101974
Episode:14/100, avg elec cons:0.8425233742608772
 Retrying in 1 seconds
Warning: Unused states in tlLogic 'J10', program '0' in phase 0 after tl-index 10
Simulation......
总奖励:-17967.93626266814, 速度奖励:-12734.991639919921, 加速度奖励:-520.0446227482691, 交通灯奖励:-3592.4000000007445, 与前车进行交互的惩罚:-1120.4999999999916
Episode:15/100, Reward:-17967.93626266814
Episode:15/100, avg speed:12.61858457871001
Episode:15/100, avg halt num:0.089087656529517
Episode:15/100, avg elec cons:0.8355753929786621
 Retrying in 1 seconds
Warning: Unused states in tlLogic 'J10', program '0' in phase 0 after tl-index 10
Simulation......
总奖励:-16225.564856019848, 速度奖励:-11641.816626109954, 加速度奖励:-479.74822991005976, 交通灯奖励:-3108.6000000007093, 与前车进行交互的惩罚:-995.3999999999825
Episode:16/100, Reward:-16225.564856019848
Episode:16/100, avg speed:11.99290148295445
Episode:16/100, avg halt num:0.05974264705882353
Episode:16/100, avg elec cons:0.9242380112989325
 Retrying in 1 seconds
Warning: Unused states in tlLogic 'J10', program '0' in phase 0 after tl-index 10
Simulation......
总奖励:-14095.639035135155, 速度奖励:-10029.911034329942, 加速度奖励:-459.82800080526977, 交通灯奖励:-2666.300000000617, 与前车进行交互的惩罚:-939.5999999999839
Episode:17/100, Reward:-14095.639035135155
Episode:17/100, avg speed:13.107292756378005
Episode:17/100, avg halt num:0.032233502538071064
Episode:17/100, avg elec cons:0.9322129021974471
 Retrying in 1 seconds
Warning: Unused states in tlLogic 'J10', program '0' in phase 0 after tl-index 10
Simulation......
总奖励:-14847.531717415288, 速度奖励:-10492.632047479889, 加速度奖励:-516.9996699353619, 交通灯奖励:-2644.500000000764, 与前车进行交互的惩罚:-1193.399999999999
Episode:18/100, Reward:-14847.531717415288
Episode:18/100, avg speed:11.686235659803735
Episode:18/100, avg halt num:0.07315112540192927
Episode:18/100, avg elec cons:1.1566147698241558
 Retrying in 1 seconds
Warning: Unused states in tlLogic 'J10', program '0' in phase 0 after tl-index 10
Simulation......
总奖励:-16843.016563446312, 速度奖励:-10908.845590499932, 加速度奖励:-600.6709729465125, 交通灯奖励:-3753.1000000007784, 与前车进行交互的惩罚:-1580.400000000038
Episode:19/100, Reward:-16843.016563446312
Episode:19/100, avg speed:12.627284939723262
Episode:19/100, avg halt num:0.12394440534834623
Episode:19/100, avg elec cons:0.9726655150870345
 Retrying in 1 seconds
Warning: Unused states in tlLogic 'J10', program '0' in phase 0 after tl-index 10
Simulation......
总奖励:-15272.742516094288, 速度奖励:-9013.661694839979, 加速度奖励:-594.6808212545482, 交通灯奖励:-4167.700000000552, 与前车进行交互的惩罚:-1496.7000000000296
Episode:20/100, Reward:-15272.742516094288
Episode:20/100, avg speed:13.62185180952297
Episode:20/100, avg halt num:0.10515480895915678
Episode:20/100, avg elec cons:1.097408385909351
 Retrying in 1 seconds
Warning: Unused states in tlLogic 'J10', program '0' in phase 0 after tl-index 10
Simulation......
总奖励:-15063.331832887503, 速度奖励:-9705.734450939954, 加速度奖励:-578.7973819476534, 交通灯奖励:-3326.200000000818, 与前车进行交互的惩罚:-1452.6000000000251
Episode:21/100, Reward:-15063.331832887503
Episode:21/100, avg speed:12.918984405158467
Episode:21/100, avg halt num:0.11595866819747416
Episode:21/100, avg elec cons:1.1912577439605925
 Retrying in 1 seconds
Warning: Unused states in tlLogic 'J10', program '0' in phase 0 after tl-index 10
Simulation......
总奖励:-14485.138251023815, 速度奖励:-9542.559270529984, 加速度奖励:-549.9789804940092, 交通灯奖励:-3196.5000000005875, 与前车进行交互的惩罚:-1196.0999999999992
Episode:22/100, Reward:-14485.138251023815
Episode:22/100, avg speed:12.886024573254174
Episode:22/100, avg halt num:0.10516805204192266
Episode:22/100, avg elec cons:1.164947424777047
 Retrying in 1 seconds
Warning: Unused states in tlLogic 'J10', program '0' in phase 0 after tl-index 10
Simulation......
总奖励:-14281.711945236024, 速度奖励:-10132.365791789922, 加速度奖励:-507.846153446202, 交通灯奖励:-2350.0000000005075, 与前车进行交互的惩罚:-1291.5000000000089
Episode:23/100, Reward:-14281.711945236024
Episode:23/100, avg speed:13.153373860687653
Episode:23/100, avg halt num:0.0564621409921671
Episode:23/100, avg elec cons:0.904019806581058
 Retrying in 1 seconds
Warning: Unused states in tlLogic 'J10', program '0' in phase 0 after tl-index 10
Simulation......
总奖励:-14727.053847552672, 速度奖励:-10026.419742459997, 加速度奖励:-529.2341050927477, 交通灯奖励:-2923.1000000007107, 与前车进行交互的惩罚:-1248.3000000000045
Episode:24/100, Reward:-14727.053847552672
Episode:24/100, avg speed:12.983876546293189
Episode:24/100, avg halt num:0.07020103761348898
Episode:24/100, avg elec cons:0.9611783304524452
 Retrying in 1 seconds
Warning: Unused states in tlLogic 'J10', program '0' in phase 0 after tl-index 10
Simulation......
总奖励:-14006.617002543411, 速度奖励:-9722.805467429991, 加速度奖励:-524.7115351135191, 交通灯奖励:-2595.400000000672, 与前车进行交互的惩罚:-1163.699999999996
Episode:25/100, Reward:-14006.617002543411
Episode:25/100, avg speed:13.233699908800446
Episode:25/100, avg halt num:0.0775347912524851
Episode:25/100, avg elec cons:1.0407790915492912
 Retrying in 1 seconds
Warning: Unused states in tlLogic 'J10', program '0' in phase 0 after tl-index 10
Simulation......
总奖励:-16758.74814376358, 速度奖励:-10980.128990929907, 加速度奖励:-614.4191528337631, 交通灯奖励:-3702.600000000768, 与前车进行交互的惩罚:-1461.600000000026
Episode:26/100, Reward:-16758.74814376358
Episode:26/100, avg speed:12.38952339784502
Episode:26/100, avg halt num:0.12537678975131877
Episode:26/100, avg elec cons:1.1517430026155642
 Retrying in 1 seconds
Warning: Unused states in tlLogic 'J10', program '0' in phase 0 after tl-index 10
Simulation......
总奖励:-14233.870810249697, 速度奖励:-9918.083414469967, 加速度奖励:-526.9873957798244, 交通灯奖励:-2593.6000000007384, 与前车进行交互的惩罚:-1195.1999999999991
Episode:27/100, Reward:-14233.870810249697
Episode:27/100, avg speed:13.059435454358148
Episode:27/100, avg halt num:0.07848736587054345
Episode:27/100, avg elec cons:1.0589497898242366
 Retrying in 1 seconds
Warning: Unused states in tlLogic 'J10', program '0' in phase 0 after tl-index 10
Simulation......
总奖励:-13686.903759688948, 速度奖励:-9786.770965619891, 加速度奖励:-509.93279406908175, 交通灯奖励:-2338.1000000004656, 与前车进行交互的惩罚:-1052.0999999999847
Episode:28/100, Reward:-13686.903759688948
Episode:28/100, avg speed:12.206538526643326
Episode:28/100, avg halt num:0.06709233791748527
Episode:28/100, avg elec cons:1.2320426404297398
 Retrying in 1 seconds
Warning: Unused states in tlLogic 'J10', program '0' in phase 0 after tl-index 10
Simulation......
总奖励:-14533.639993462824, 速度奖励:-10141.555207300018, 加速度奖励:-539.084786162946, 交通灯奖励:-2521.900000000636, 与前车进行交互的惩罚:-1331.1000000000129
Episode:29/100, Reward:-14533.639993462824
Episode:29/100, avg speed:12.470392372888838
Episode:29/100, avg halt num:0.07883939038686986
Episode:29/100, avg elec cons:1.1323984887179692
 Retrying in 1 seconds
Warning: Unused states in tlLogic 'J10', program '0' in phase 0 after tl-index 10
Simulation......
总奖励:-14996.11737745747, 速度奖励:-9794.838616969948, 加速度奖励:-551.6787604876569, 交通灯奖励:-3347.3000000006386, 与前车进行交互的惩罚:-1302.30000000001
Episode:30/100, Reward:-14996.11737745747
Episode:30/100, avg speed:13.114932637249943
Episode:30/100, avg halt num:0.07593856655290103
Episode:30/100, avg elec cons:1.1158165840946823
 Retrying in 1 seconds
Warning: Unused states in tlLogic 'J10', program '0' in phase 0 after tl-index 10
Simulation......
总奖励:-14915.56702321701, 速度奖励:-10147.619874479962, 加速度奖励:-536.7471487372194, 交通灯奖励:-2984.7000000005196, 与前车进行交互的惩罚:-1246.5000000000043
Episode:31/100, Reward:-14915.56702321701
Episode:31/100, avg speed:12.870590936785561
Episode:31/100, avg halt num:0.08523334520840756
Episode:31/100, avg elec cons:1.0599179414823683
 Retrying in 1 seconds
Warning: Unused states in tlLogic 'J10', program '0' in phase 0 after tl-index 10
Simulation......
总奖励:-16213.303429374193, 速度奖励:-11655.679515479946, 加速度奖励:-530.3239138944062, 交通灯奖励:-2828.5000000005994, 与前车进行交互的惩罚:-1198.7999999999995
Episode:32/100, Reward:-16213.303429374193
Episode:32/100, avg speed:12.114718598558943
Episode:32/100, avg halt num:0.07683943457774556
Episode:32/100, avg elec cons:0.9409673613191946
 Retrying in 1 seconds
Warning: Unused states in tlLogic 'J10', program '0' in phase 0 after tl-index 10
Simulation......
总奖励:-15273.251095949458, 速度奖励:-11132.108067189942, 加速度奖励:-514.1430287595904, 交通灯奖励:-2487.600000000554, 与前车进行交互的惩罚:-1139.3999999999935
Episode:33/100, Reward:-15273.251095949458
Episode:33/100, avg speed:12.395813141778742
Episode:33/100, avg halt num:0.06347062795408508
Episode:33/100, avg elec cons:0.9457351582351692
 Retrying in 1 seconds
Warning: Unused states in tlLogic 'J10', program '0' in phase 0 after tl-index 10
Simulation......
总奖励:-17408.817203045197, 速度奖励:-12948.807566089976, 加速度奖励:-509.3096369553563, 交通灯奖励:-2627.700000000838, 与前车进行交互的惩罚:-1323.000000000012
Episode:34/100, Reward:-17408.817203045197
Episode:34/100, avg speed:12.161883324176369
Episode:34/100, avg halt num:0.0554706082229018
Episode:34/100, avg elec cons:0.7919223896453754
 Retrying in 1 seconds
Warning: Unused states in tlLogic 'J10', program '0' in phase 0 after tl-index 10
Simulation......
总奖励:-17340.601255907277, 速度奖励:-12121.166838659925, 加速度奖励:-562.7344172473742, 交通灯奖励:-3141.100000000856, 与前车进行交互的惩罚:-1515.6000000000315
Episode:35/100, Reward:-17340.601255907277
Episode:35/100, avg speed:12.287327379522901
Episode:35/100, avg halt num:0.07848941514172945
Episode:35/100, avg elec cons:0.8663260124131739
 Retrying in 1 seconds
Warning: Unused states in tlLogic 'J10', program '0' in phase 0 after tl-index 10
Simulation......
总奖励:-21501.23114323772, 速度奖励:-15326.347943279987, 加速度奖励:-588.2831999576321, 交通灯奖励:-3716.4000000009432, 与前车进行交互的惩罚:-1870.2000000000673
Episode:36/100, Reward:-21501.23114323772
Episode:36/100, avg speed:11.2209267809656
Episode:36/100, avg halt num:0.11015761821366024
Episode:36/100, avg elec cons:0.6576338311940416
 Retrying in 1 seconds
Warning: Unused states in tlLogic 'J10', program '0' in phase 0 after tl-index 10
Simulation......
总奖励:-27601.24412572627, 速度奖励:-18570.388323410094, 加速度奖励:-655.8558023155595, 交通灯奖励:-5996.299999998866, 与前车进行交互的惩罚:-2378.7000000001185
Episode:37/100, Reward:-27601.24412572627
Episode:37/100, avg speed:10.167057836728173
Episode:37/100, avg halt num:0.22272018706157443
Episode:37/100, avg elec cons:0.6835984862338057
 Retrying in 1 seconds
Warning: Unused states in tlLogic 'J10', program '0' in phase 0 after tl-index 10
Simulation......
总奖励:-31515.415053396257, 速度奖励:-20663.01548993028, 加速度奖励:-716.2995634648038, 交通灯奖励:-7299.299999997451, 与前车进行交互的惩罚:-2836.800000000165
Episode:38/100, Reward:-31515.415053396257
Episode:38/100, avg speed:10.565649020334394
Episode:38/100, avg halt num:0.30268022181146026
Episode:38/100, avg elec cons:0.5966238069632052
early stop!!!
model saved successfully!
Complete training!
final reward list:[-44011.157827474286, -94316.14917305151, -23609.812100956246, -19932.93300486284, -19403.997983488425, -20413.685304805338, -21406.646248608038, -22338.871202298185, -19841.41988367643, -17013.304150555763, -15636.565943931839, -16985.812541214702, -17357.733556986837, -16299.796363159765, -17967.93626266814, -16225.564856019848, -14095.639035135155, -14847.531717415288, -16843.016563446312, -15272.742516094288, -15063.331832887503, -14485.138251023815, -14281.711945236024, -14727.053847552672, -14006.617002543411, -16758.74814376358, -14233.870810249697, -13686.903759688948, -14533.639993462824, -14996.11737745747, -14915.56702321701, -16213.303429374193, -15273.251095949458, -17408.817203045197, -17340.601255907277, -21501.23114323772, -27601.24412572627, -31515.415053396257]
final speed list:[11.032690065944585, 8.471950831557002, 14.189263693871885, 13.294375125106985, 13.685909661334899, 13.910510732320905, 13.012017026615851, 12.767602523636413, 12.263976765776823, 12.654634577614972, 13.470568781289629, 12.842608240369723, 12.56933379585698, 12.478605872836141, 12.61858457871001, 11.99290148295445, 13.107292756378005, 11.686235659803735, 12.627284939723262, 13.62185180952297, 12.918984405158467, 12.886024573254174, 13.153373860687653, 12.983876546293189, 13.233699908800446, 12.38952339784502, 13.059435454358148, 12.206538526643326, 12.470392372888838, 13.114932637249943, 12.870590936785561, 12.114718598558943, 12.395813141778742, 12.161883324176369, 12.287327379522901, 11.2209267809656, 10.167057836728173, 10.565649020334394]
final elec cons list:[0.45167046154159696, 0.4157300588457793, 1.4119706524745972, 1.442060874158605, 1.55272706085255, 1.2221557330948642, 0.8127679029779761, 0.6467375032155686, 0.6328000197165551, 0.8342486717783042, 0.9048296846412542, 0.8722280255354156, 0.7384665681647198, 0.8425233742608772, 0.8355753929786621, 0.9242380112989325, 0.9322129021974471, 1.1566147698241558, 0.9726655150870345, 1.097408385909351, 1.1912577439605925, 1.164947424777047, 0.904019806581058, 0.9611783304524452, 1.0407790915492912, 1.1517430026155642, 1.0589497898242366, 1.2320426404297398, 1.1323984887179692, 1.1158165840946823, 1.0599179414823683, 0.9409673613191946, 0.9457351582351692, 0.7919223896453754, 0.8663260124131739, 0.6576338311940416, 0.6835984862338057, 0.5966238069632052]
final halt list:[0.43259878419452885, 0.41734461438333875, 0.2557276540819619, 0.2711414486158513, 0.258461235733963, 0.25797421106209706, 0.21042798913043478, 0.17545065688970363, 0.1210292249047014, 0.09456484930579072, 0.0691233140655106, 0.07817725752508362, 0.06500765696784074, 0.060588035350101974, 0.089087656529517, 0.05974264705882353, 0.032233502538071064, 0.07315112540192927, 0.12394440534834623, 0.10515480895915678, 0.11595866819747416, 0.10516805204192266, 0.0564621409921671, 0.07020103761348898, 0.0775347912524851, 0.12537678975131877, 0.07848736587054345, 0.06709233791748527, 0.07883939038686986, 0.07593856655290103, 0.08523334520840756, 0.07683943457774556, 0.06347062795408508, 0.0554706082229018, 0.07848941514172945, 0.11015761821366024, 0.22272018706157443, 0.30268022181146026]
speed reward list:[-22013.208598260204, -51356.376005873986, -9775.444072569959, -7937.953482360002, -7686.044506249992, -8477.24581121, -10944.554428499949, -13145.293719139976, -12650.38545429996, -10863.822580379969, -10393.106016369973, -11292.892066389966, -12260.613235529901, -11530.852231139952, -12734.991639919921, -11641.816626109954, -10029.911034329942, -10492.632047479889, -10908.845590499932, -9013.661694839979, -9705.734450939954, -9542.559270529984, -10132.365791789922, -10026.419742459997, -9722.805467429991, -10980.128990929907, -9918.083414469967, -9786.770965619891, -10141.555207300018, -9794.838616969948, -10147.619874479962, -11655.679515479946, -11132.108067189942, -12948.807566089976, -12121.166838659925, -15326.347943279987, -18570.388323410094, -20663.01548993028]
accel reward list:[-968.4492292149972, -3669.973167164802, -1262.7680283852635, -836.9795225025076, -971.3534772382459, -851.9394935946813, -686.5918201077908, -663.9774831577647, -581.634429376266, -511.28157017586403, -491.4599275620078, -524.1204748248406, -530.4203214569627, -482.9441320199225, -520.0446227482691, -479.74822991005976, -459.82800080526977, -516.9996699353619, -600.6709729465125, -594.6808212545482, -578.7973819476534, -549.9789804940092, -507.846153446202, -529.2341050927477, -524.7115351135191, -614.4191528337631, -526.9873957798244, -509.93279406908175, -539.084786162946, -551.6787604876569, -536.7471487372194, -530.3239138944062, -514.1430287595904, -509.3096369553563, -562.7344172473742, -588.2831999576321, -655.8558023155595, -716.2995634648038]
tls reward list:[-17398.89999999774, -33085.200000014294, -9856.299999998466, -9316.599999998718, -8650.499999999027, -9113.49999999853, -8325.59999999829, -7483.799999998138, -5960.499999999297, -5078.399999999662, -3935.700000000787, -4177.9000000005335, -3584.8000000008824, -3383.300000000652, -3592.4000000007445, -3108.6000000007093, -2666.300000000617, -2644.500000000764, -3753.1000000007784, -4167.700000000552, -3326.200000000818, -3196.5000000005875, -2350.0000000005075, -2923.1000000007107, -2595.400000000672, -3702.600000000768, -2593.6000000007384, -2338.1000000004656, -2521.900000000636, -3347.3000000006386, -2984.7000000005196, -2828.5000000005994, -2487.600000000554, -2627.700000000838, -3141.100000000856, -3716.4000000009432, -5996.299999998866, -7299.299999997451]
