nohup: 忽略输入
Env:sumo, Algorithm:SAC, Device:cuda
-----------------------------------------
models/reward_s0.11_a8e-2_t(-2_0.1)_safe(3, 0.7).pth
-----------------------------------------
 Retrying in 1 seconds
Warning: Unused states in tlLogic 'J10', program '0' in phase 0 after tl-index 10
Simulation......
总奖励:-45588.50749613034, 速度奖励:-23093.910800400197, 加速度奖励:-969.1966957315891, 交通灯奖励:-18422.29999999909, 与前车进行交互的惩罚:-3103.09999999982
Episode:1/100, Reward:-45588.50749613034
Episode:1/100, avg speed:11.199867402160729
Episode:1/100, avg halt num:0.4709515096065874
Episode:1/100, avg elec cons:0.48441930787350834
 Retrying in 1 seconds
Warning: Unused states in tlLogic 'J10', program '0' in phase 0 after tl-index 10
Simulation......
总奖励:-50694.92647209357, 速度奖励:-26586.261175320426, 加速度奖励:-1395.7652967758052, 交通灯奖励:-19322.10000000078, 与前车进行交互的惩罚:-3390.799999999745
Episode:2/100, Reward:-50694.92647209357
Episode:2/100, avg speed:11.42650118885015
Episode:2/100, avg halt num:0.3534106182795699
Episode:2/100, avg elec cons:0.7971852789504632
 Retrying in 1 seconds
Warning: Unused states in tlLogic 'J10', program '0' in phase 0 after tl-index 10
Simulation......
总奖励:-20809.41176308375, 速度奖励:-8413.898085559986, 加速度奖励:-1230.213677523389, 交通灯奖励:-9371.199999998671, 与前车进行交互的惩罚:-1794.1000000000774
Episode:3/100, Reward:-20809.41176308375
Episode:3/100, avg speed:14.320336175451443
Episode:3/100, avg halt num:0.2777061855670103
Episode:3/100, avg elec cons:1.4854907870960226
 Retrying in 1 seconds
Warning: Unused states in tlLogic 'J10', program '0' in phase 0 after tl-index 10
Simulation......
总奖励:-19111.172154766067, 速度奖励:-7766.588853650011, 加速度奖励:-1075.3833011158567, 交通灯奖励:-8645.899999998772, 与前车进行交互的惩罚:-1623.3000000000663
Episode:4/100, Reward:-19111.172154766067
Episode:4/100, avg speed:13.489668597990665
Episode:4/100, avg halt num:0.2961523881728582
Episode:4/100, avg elec cons:1.7208923845099227
 Retrying in 1 seconds
Warning: Unused states in tlLogic 'J10', program '0' in phase 0 after tl-index 10
Simulation......
总奖励:-20924.06175104801, 速度奖励:-8891.487189529991, 加速度奖励:-1084.9745615175125, 交通灯奖励:-9045.699999998724, 与前车进行交互的惩罚:-1901.9000000000844
Episode:5/100, Reward:-20924.06175104801
Episode:5/100, avg speed:13.261216213418423
Episode:5/100, avg halt num:0.3093964858670741
Episode:5/100, avg elec cons:1.4695595622046864
 Retrying in 1 seconds
Warning: Unused states in tlLogic 'J10', program '0' in phase 0 after tl-index 10
Simulation......
总奖励:-27818.286086220483, 速度奖励:-13637.929936179986, 加速度奖励:-811.6561500387276, 交通灯奖励:-11212.699999997854, 与前车进行交互的惩罚:-2156.000000000066
Episode:6/100, Reward:-27818.286086220483
Episode:6/100, avg speed:12.354491665223124
Episode:6/100, avg halt num:0.3605
Episode:6/100, avg elec cons:0.725622770250146
 Retrying in 1 seconds
Warning: Unused states in tlLogic 'J10', program '0' in phase 0 after tl-index 10
Simulation......
总奖励:-28595.057553615065, 速度奖励:-15767.783803639952, 加速度奖励:-668.1737499735932, 交通灯奖励:-10912.399999997426, 与前车进行交互的惩罚:-1246.7000000000419
Episode:7/100, Reward:-28595.057553615065
Episode:7/100, avg speed:11.683426195192139
Episode:7/100, avg halt num:0.28006901084456126
Episode:7/100, avg elec cons:0.4748231621552724
 Retrying in 1 seconds
Warning: Unused states in tlLogic 'J10', program '0' in phase 0 after tl-index 10
Simulation......
总奖励:-25133.57119682682, 速度奖励:-15690.42339567994, 加速度奖励:-611.1478011459463, 交通灯奖励:-8078.7999999979465, 与前车进行交互的惩罚:-753.2000000000098
Episode:8/100, Reward:-25133.57119682682
Episode:8/100, avg speed:11.258531916791524
Episode:8/100, avg halt num:0.22030221424296828
Episode:8/100, avg elec cons:0.4056783700428107
 Retrying in 1 seconds
Warning: Unused states in tlLogic 'J10', program '0' in phase 0 after tl-index 10
Simulation......
总奖励:-25983.688169477387, 速度奖励:-16635.183516270026, 加速度奖励:-621.704653206312, 交通灯奖励:-7862.299999998026, 与前车进行交互的惩罚:-864.500000000017
Episode:9/100, Reward:-25983.688169477387
Episode:9/100, avg speed:10.746094821559009
Episode:9/100, avg halt num:0.21114759224515323
Episode:9/100, avg elec cons:0.4242624463427087
 Retrying in 1 seconds
Warning: Unused states in tlLogic 'J10', program '0' in phase 0 after tl-index 10
Simulation......
总奖励:-21171.202931506952, 速度奖励:-13586.883635379916, 加速度奖励:-538.7192961267097, 交通灯奖励:-6278.3999999988455, 与前车进行交互的惩罚:-767.2000000000107
Episode:10/100, Reward:-21171.202931506952
Episode:10/100, avg speed:11.71717987951343
Episode:10/100, avg halt num:0.12491683300066533
Episode:10/100, avg elec cons:0.5379446004372466
 Retrying in 1 seconds
Warning: Unused states in tlLogic 'J10', program '0' in phase 0 after tl-index 10
Simulation......
总奖励:-19599.165717679898, 速度奖励:-13061.912951119912, 加速度奖励:-513.2527665598919, 交通灯奖励:-5090.200000000086, 与前车进行交互的惩罚:-933.8000000000216
Episode:11/100, Reward:-19599.165717679898
Episode:11/100, avg speed:12.740282337661307
Episode:11/100, avg halt num:0.10819850653391412
Episode:11/100, avg elec cons:0.5330120360682602
 Retrying in 1 seconds
Warning: Unused states in tlLogic 'J10', program '0' in phase 0 after tl-index 10
Simulation......
总奖励:-18509.019604164376, 速度奖励:-12224.31494448997, 加速度奖励:-524.8046596744845, 交通灯奖励:-4774.300000000003, 与前车进行交互的惩罚:-985.6000000000249
Episode:12/100, Reward:-18509.019604164376
Episode:12/100, avg speed:12.253322847567915
Episode:12/100, avg halt num:0.10326449033977349
Episode:12/100, avg elec cons:0.6321153553659111
 Retrying in 1 seconds
Warning: Unused states in tlLogic 'J10', program '0' in phase 0 after tl-index 10
Simulation......
总奖励:-16984.65842360114, 速度奖励:-11041.789982959881, 加速度奖励:-493.76844064143177, 交通灯奖励:-4524.400000000198, 与前车进行交互的惩罚:-924.700000000021
Episode:13/100, Reward:-16984.65842360114
Episode:13/100, avg speed:12.68011216818573
Episode:13/100, avg halt num:0.07766990291262135
Episode:13/100, avg elec cons:0.6413483820970675
 Retrying in 1 seconds
Warning: Unused states in tlLogic 'J10', program '0' in phase 0 after tl-index 10
Simulation......
总奖励:-16806.608483708085, 速度奖励:-11275.834763049934, 加速度奖励:-501.67372065829045, 交通灯奖励:-4035.8000000007955, 与前车进行交互的惩罚:-993.3000000000254
Episode:14/100, Reward:-16806.608483708085
Episode:14/100, avg speed:12.405982654532606
Episode:14/100, avg halt num:0.05236656596173213
Episode:14/100, avg elec cons:0.7157740357790465
 Retrying in 1 seconds
Warning: Unused states in tlLogic 'J10', program '0' in phase 0 after tl-index 10
Simulation......
总奖励:-18840.01412469497, 速度奖励:-12983.779369219996, 加速度奖励:-521.9347554749095, 交通灯奖励:-4166.000000000619, 与前车进行交互的惩罚:-1168.3000000000368
Episode:15/100, Reward:-18840.01412469497
Episode:15/100, avg speed:12.223159871686937
Episode:15/100, avg halt num:0.06967067988668556
Episode:15/100, avg elec cons:0.6609067389895442
 Retrying in 1 seconds
Warning: Unused states in tlLogic 'J10', program '0' in phase 0 after tl-index 10
Simulation......
总奖励:-20152.67674835718, 速度奖励:-13663.355153359951, 加速度奖励:-572.5215949972059, 交通灯奖励:-4448.200000000007, 与前车进行交互的惩罚:-1468.6000000000563
Episode:16/100, Reward:-20152.67674835718
Episode:16/100, avg speed:11.316225918424037
Episode:16/100, avg halt num:0.09818840579710145
Episode:16/100, avg elec cons:0.7298156700347527
 Retrying in 1 seconds
Warning: Unused states in tlLogic 'J10', program '0' in phase 0 after tl-index 10
Simulation......
总奖励:-21034.92195621954, 速度奖励:-13723.282049729996, 加速度奖励:-616.5399064896394, 交通灯奖励:-4992.699999998816, 与前车进行交互的惩罚:-1702.4000000000715
Episode:17/100, Reward:-21034.92195621954
Episode:17/100, avg speed:12.174456791628367
Episode:17/100, avg halt num:0.1046550016507098
Episode:17/100, avg elec cons:0.6724838182774328
 Retrying in 1 seconds
Warning: Unused states in tlLogic 'J10', program '0' in phase 0 after tl-index 10
Simulation......
总奖励:-22163.8485291822, 速度奖励:-14196.96472776993, 加速度奖励:-682.2838014119986, 交通灯奖励:-5428.199999998901, 与前车进行交互的惩罚:-1856.4000000000815
Episode:18/100, Reward:-22163.8485291822
Episode:18/100, avg speed:10.760719799091135
Episode:18/100, avg halt num:0.13721292331646556
Episode:18/100, avg elec cons:0.793268313188658
 Retrying in 1 seconds
Warning: Unused states in tlLogic 'J10', program '0' in phase 0 after tl-index 10
Simulation......
总奖励:-21867.886070440432, 速度奖励:-14843.68612385985, 加速度奖励:-592.499946580433, 交通灯奖励:-4835.699999999366, 与前车进行交互的惩罚:-1596.0000000000646
Episode:19/100, Reward:-21867.886070440432
Episode:19/100, avg speed:11.440680365157869
Episode:19/100, avg halt num:0.06698685540950455
Episode:19/100, avg elec cons:0.5907221086811983
 Retrying in 1 seconds
Warning: Unused states in tlLogic 'J10', program '0' in phase 0 after tl-index 10
Simulation......
总奖励:-18402.283280360356, 速度奖励:-13111.377874209926, 加速度奖励:-576.3054061504887, 交通灯奖励:-3227.8000000007514, 与前车进行交互的惩罚:-1486.8000000000575
Episode:20/100, Reward:-18402.283280360356
Episode:20/100, avg speed:12.211181517390221
Episode:20/100, avg halt num:0.03927540878486695
Episode:20/100, avg elec cons:0.6171927264792707
 Retrying in 1 seconds
Warning: Unused states in tlLogic 'J10', program '0' in phase 0 after tl-index 10
Simulation......
总奖励:-19297.963749348844, 速度奖励:-13345.894234639902, 加速度奖励:-563.8695147089087, 交通灯奖励:-3916.800000000959, 与前车进行交互的惩罚:-1471.4000000000565
Episode:21/100, Reward:-19297.963749348844
Episode:21/100, avg speed:11.518490824836164
Episode:21/100, avg halt num:0.05588124054462935
Episode:21/100, avg elec cons:0.7294557597449834
 Retrying in 1 seconds
Warning: Unused states in tlLogic 'J10', program '0' in phase 0 after tl-index 10
Simulation......
总奖励:-17840.38829580084, 速度奖励:-12410.53301586995, 加速度奖励:-546.9552799309163, 交通灯奖励:-3559.200000000769, 与前车进行交互的惩罚:-1323.7000000000469
Episode:22/100, Reward:-17840.38829580084
Episode:22/100, avg speed:11.999916382844226
Episode:22/100, avg halt num:0.05291383625312835
Episode:22/100, avg elec cons:0.747304281462039
 Retrying in 1 seconds
Warning: Unused states in tlLogic 'J10', program '0' in phase 0 after tl-index 10
Simulation......
总奖励:-16004.032429619097, 速度奖励:-11690.018993399948, 加速度奖励:-523.8134362191377, 交通灯奖励:-2467.2000000007097, 与前车进行交互的惩罚:-1323.0000000000468
Episode:23/100, Reward:-16004.032429619097
Episode:23/100, avg speed:12.509831984906269
Episode:23/100, avg halt num:0.017487046632124352
Episode:23/100, avg elec cons:0.6649801367665661
 Retrying in 1 seconds
Warning: Unused states in tlLogic 'J10', program '0' in phase 0 after tl-index 10
Simulation......
总奖励:-15471.721254937087, 速度奖励:-11310.775224429899, 加速度奖励:-492.2460305071176, 交通灯奖励:-2636.9000000007177, 与前车进行交互的惩罚:-1031.800000000028
Episode:24/100, Reward:-15471.721254937087
Episode:24/100, avg speed:12.504647594541334
Episode:24/100, avg halt num:0.020012808197246237
Episode:24/100, avg elec cons:0.7042508391970825
 Retrying in 1 seconds
Warning: Unused states in tlLogic 'J10', program '0' in phase 0 after tl-index 10
Simulation......
总奖励:-15363.447165364103, 速度奖励:-11251.799602999952, 加速度奖励:-498.9475623641181, 交通灯奖励:-2491.3000000007296, 与前车进行交互的惩罚:-1121.4000000000337
Episode:25/100, Reward:-15363.447165364103
Episode:25/100, avg speed:12.483985808584709
Episode:25/100, avg halt num:0.026045068582625733
Episode:25/100, avg elec cons:0.7119193245652834
 Retrying in 1 seconds
Warning: Unused states in tlLogic 'J10', program '0' in phase 0 after tl-index 10
Simulation......
总奖励:-16966.632792282042, 速度奖励:-12231.38104891999, 加速度奖励:-548.8517433621333, 交通灯奖励:-2859.2000000006938, 与前车进行交互的惩罚:-1327.200000000047
Episode:26/100, Reward:-16966.632792282042
Episode:26/100, avg speed:11.889653405859947
Episode:26/100, avg halt num:0.04317418873554644
Episode:26/100, avg elec cons:0.8264659400969249
 Retrying in 1 seconds
Warning: Unused states in tlLogic 'J10', program '0' in phase 0 after tl-index 10
Simulation......
总奖励:-14826.497273122404, 速度奖励:-11404.805912389947, 加速度奖励:-489.39136073235386, 交通灯奖励:-1885.8000000006068, 与前车进行交互的惩罚:-1046.5000000000289
Episode:27/100, Reward:-14826.497273122404
Episode:27/100, avg speed:12.365251213212805
Episode:27/100, avg halt num:0.01335559265442404
Episode:27/100, avg elec cons:0.7327064244157461
 Retrying in 1 seconds
Warning: Unused states in tlLogic 'J10', program '0' in phase 0 after tl-index 10
Simulation......
总奖励:-15231.011422262824, 速度奖励:-11819.449321129912, 加速度奖励:-474.4621011329089, 交通灯奖励:-1934.7000000004448, 与前车进行交互的惩罚:-1002.400000000026
Episode:28/100, Reward:-15231.011422262824
Episode:28/100, avg speed:11.172492218553858
Episode:28/100, avg halt num:0.021216269065310912
Episode:28/100, avg elec cons:0.8114158980902214
 Retrying in 1 seconds
Warning: Unused states in tlLogic 'J10', program '0' in phase 0 after tl-index 10
Simulation......
总奖励:-14823.601811792541, 速度奖励:-11353.756467019928, 加速度奖励:-462.44534477254155, 交通灯奖励:-1922.4000000005622, 与前车进行交互的惩罚:-1085.0000000000314
Episode:29/100, Reward:-14823.601811792541
Episode:29/100, avg speed:11.804518140029527
Episode:29/100, avg halt num:0.013392857142857142
Episode:29/100, avg elec cons:0.7972451987309215
 Retrying in 1 seconds
Warning: Unused states in tlLogic 'J10', program '0' in phase 0 after tl-index 10
Simulation......
总奖励:-14600.249635573982, 速度奖励:-11054.954268819929, 加速度奖励:-463.9953667539528, 交通灯奖励:-2136.3000000005095, 与前车进行交互的惩罚:-945.0000000000223
Episode:30/100, Reward:-14600.249635573982
Episode:30/100, avg speed:12.433066322827147
Episode:30/100, avg halt num:0.017984998295260825
Episode:30/100, avg elec cons:0.812738531995419
 Retrying in 1 seconds
Warning: Unused states in tlLogic 'J10', program '0' in phase 0 after tl-index 10
Simulation......
总奖励:-15728.22226798689, 速度奖励:-11682.683355309928, 加速度奖励:-504.23891267699537, 交通灯奖励:-2363.9000000005035, 与前车进行交互的惩罚:-1177.4000000000374
Episode:31/100, Reward:-15728.22226798689
Episode:31/100, avg speed:12.2848569328121
Episode:31/100, avg halt num:0.03509393831974477
Episode:31/100, avg elec cons:0.737536110430905
 Retrying in 1 seconds
Warning: Unused states in tlLogic 'J10', program '0' in phase 0 after tl-index 10
Simulation......
总奖励:-15958.548557334603, 速度奖励:-12259.959882169946, 加速度奖励:-487.38867516461386, 交通灯奖励:-2105.2000000005014, 与前车进行交互的惩罚:-1106.0000000000327
Episode:32/100, Reward:-15958.548557334603
Episode:32/100, avg speed:11.873498741598222
Episode:32/100, avg halt num:0.024427896839811114
Episode:32/100, avg elec cons:0.7268011608287055
 Retrying in 1 seconds
Warning: Unused states in tlLogic 'J10', program '0' in phase 0 after tl-index 10
Simulation......
总奖励:-14718.634204068752, 速度奖励:-11168.068897039917, 加速度奖励:-472.4653070288123, 交通灯奖励:-2125.4000000004844, 与前车进行交互的惩罚:-952.7000000000228
Episode:33/100, Reward:-14718.634204068752
Episode:33/100, avg speed:12.101938187876614
Episode:33/100, avg halt num:0.019441674975074777
Episode:33/100, avg elec cons:0.7550008222074358
 Retrying in 1 seconds
Warning: Unused states in tlLogic 'J10', program '0' in phase 0 after tl-index 10
Simulation......
总奖励:-13306.245090044707, 速度奖励:-10409.372792609942, 加速度奖励:-444.07229743463745, 交通灯奖励:-1506.400000000146, 与前车进行交互的惩罚:-946.4000000000224
Episode:34/100, Reward:-13306.245090044707
Episode:34/100, avg speed:12.70719499592675
Episode:34/100, avg halt num:0.005280528052805281
Episode:34/100, avg elec cons:0.7414563865205683
 Retrying in 1 seconds
Warning: Unused states in tlLogic 'J10', program '0' in phase 0 after tl-index 10
Simulation......
总奖励:-14131.180698467873, 速度奖励:-10736.429580799962, 加速度奖励:-465.6511176678693, 交通灯奖励:-1881.2000000005119, 与前车进行交互的惩罚:-1047.900000000029
Episode:35/100, Reward:-14131.180698467873
Episode:35/100, avg speed:12.539302893715865
Episode:35/100, avg halt num:0.007535460992907801
Episode:35/100, avg elec cons:0.8031071763100217
 Retrying in 1 seconds
Warning: Unused states in tlLogic 'J10', program '0' in phase 0 after tl-index 10
Simulation......
总奖励:-13880.93901676176, 速度奖励:-10910.755243409898, 加速度奖励:-434.78377335184933, 交通灯奖励:-1656.900000000357, 与前车进行交互的惩罚:-878.500000000018
Episode:36/100, Reward:-13880.93901676176
Episode:36/100, avg speed:12.080918100689848
Episode:36/100, avg halt num:0.015519086692829111
Episode:36/100, avg elec cons:0.7792722902579993
 Retrying in 1 seconds
Warning: Unused states in tlLogic 'J10', program '0' in phase 0 after tl-index 10
Simulation......
总奖励:-14772.263234756632, 速度奖励:-11176.45271720994, 加速度奖励:-465.5105175467184, 交通灯奖励:-2180.4000000006904, 与前车进行交互的惩罚:-949.9000000000226
Episode:37/100, Reward:-14772.263234756632
Episode:37/100, avg speed:11.582962279565061
Episode:37/100, avg halt num:0.041666666666666664
Episode:37/100, avg elec cons:0.8898675136474569
 Retrying in 1 seconds
Warning: Unused states in tlLogic 'J10', program '0' in phase 0 after tl-index 10
Simulation......
总奖励:-12430.812285194106, 速度奖励:-9455.646307139912, 加速度奖励:-426.965978054127, 交通灯奖励:-1771.9000000003944, 与前车进行交互的惩罚:-776.3000000000113
Episode:38/100, Reward:-12430.812285194106
Episode:38/100, avg speed:12.626975161227374
Episode:38/100, avg halt num:0.02358848048503221
Episode:38/100, avg elec cons:0.9935970497240245
 Retrying in 1 seconds
Warning: Unused states in tlLogic 'J10', program '0' in phase 0 after tl-index 10
Simulation......
总奖励:-13883.963346573983, 速度奖励:-10597.263255919925, 加速度奖励:-443.90009065408765, 交通灯奖励:-2065.800000000497, 与前车进行交互的惩罚:-777.0000000000114
Episode:39/100, Reward:-13883.963346573983
Episode:39/100, avg speed:12.355368494175906
Episode:39/100, avg halt num:0.013345800748044883
Episode:39/100, avg elec cons:0.8564527537880341
 Retrying in 1 seconds
Warning: Unused states in tlLogic 'J10', program '0' in phase 0 after tl-index 10
Simulation......
总奖励:-12223.675818109718, 速度奖励:-9439.311742629958, 加速度奖励:-408.7640754798177, 交通灯奖励:-1728.8000000003099, 与前车进行交互的惩罚:-646.8000000000029
Episode:40/100, Reward:-12223.675818109718
Episode:40/100, avg speed:12.843139477662932
Episode:40/100, avg halt num:0.018417342262953825
Episode:40/100, avg elec cons:0.9188507296904805
 Retrying in 1 seconds
Warning: Unused states in tlLogic 'J10', program '0' in phase 0 after tl-index 10
Simulation......
总奖励:-10977.086790134423, 速度奖励:-8665.52863076991, 加速度奖励:-398.1581593644565, 交通灯奖励:-1384.2000000002192, 与前车进行交互的惩罚:-529.1999999999953
Episode:41/100, Reward:-10977.086790134423
Episode:41/100, avg speed:13.201320961330797
Episode:41/100, avg halt num:0.010014306151645207
Episode:41/100, avg elec cons:1.133222206755685
 Retrying in 1 seconds
Warning: Unused states in tlLogic 'J10', program '0' in phase 0 after tl-index 10
Simulation......
总奖励:-11592.513270872572, 速度奖励:-7383.663231009943, 加速度奖励:-536.9500398627677, 交通灯奖励:-2859.20000000059, 与前车进行交互的惩罚:-812.7000000000137
Episode:42/100, Reward:-11592.513270872572
Episode:42/100, avg speed:13.825578792726635
Episode:42/100, avg halt num:0.08311068702290077
Episode:42/100, avg elec cons:1.7666263650654401
 Retrying in 1 seconds
Warning: Unused states in tlLogic 'J10', program '0' in phase 0 after tl-index 10
Simulation......
总奖励:-35419.57154558881, 速度奖励:-19806.95104421005, 加速度奖励:-1151.7205013769649, 交通灯奖励:-12155.099999997012, 与前车进行交互的惩罚:-2305.800000000027
Episode:43/100, Reward:-35419.57154558881
Episode:43/100, avg speed:10.24687749134574
Episode:43/100, avg halt num:0.4846153846153846
Episode:43/100, avg elec cons:1.1401207272120615
 Retrying in 1 seconds
Warning: Unused states in tlLogic 'J10', program '0' in phase 0 after tl-index 10
Simulation......
总奖励:-105662.5582679037, 速度奖励:-62940.7760877438, 加速度奖励:-3198.6821801491324, 交通灯奖励:-34723.2000000188, 与前车进行交互的惩罚:-4799.899999999379
Episode:44/100, Reward:-105662.5582679037
Episode:44/100, avg speed:6.483697844817053
Episode:44/100, avg halt num:0.4935677530017153
Episode:44/100, avg elec cons:0.257892639349196
 Retrying in 1 seconds
Warning: Unused states in tlLogic 'J10', program '0' in phase 0 after tl-index 10
Simulation......
总奖励:-45868.40233310373, 速度奖励:-29518.38377653019, 加速度奖励:-1102.418556574861, 交通灯奖励:-13187.499999995247, 与前车进行交互的惩罚:-2060.100000000091
Episode:45/100, Reward:-45868.40233310373
Episode:45/100, avg speed:8.628590603539866
Episode:45/100, avg halt num:0.259024934871604
Episode:45/100, avg elec cons:0.3381935227422511
 Retrying in 1 seconds
Warning: Unused states in tlLogic 'J10', program '0' in phase 0 after tl-index 10
Simulation......
总奖励:-22275.752441422654, 速度奖励:-17061.00995961992, 加速度奖励:-590.5424818024468, 交通灯奖励:-3735.9000000009996, 与前车进行交互的惩罚:-888.3000000000186
Episode:46/100, Reward:-22275.752441422654
Episode:46/100, avg speed:11.2216783180035
Episode:46/100, avg halt num:0.0627965833596963
Episode:46/100, avg elec cons:0.4088499002375177
 Retrying in 1 seconds
Warning: Unused states in tlLogic 'J10', program '0' in phase 0 after tl-index 10
Simulation......
总奖励:-27331.459166708348, 速度奖励:-20012.17382593013, 加速度奖励:-689.6853407780218, 交通灯奖励:-5252.69999999894, 与前车进行交互的惩罚:-1376.9000000000503
Episode:47/100, Reward:-27331.459166708348
Episode:47/100, avg speed:10.196785661569667
Episode:47/100, avg halt num:0.11337209302325581
Episode:47/100, avg elec cons:0.4393696319028572
 Retrying in 1 seconds
Warning: Unused states in tlLogic 'J10', program '0' in phase 0 after tl-index 10
Simulation......
总奖励:-24848.249350978615, 速度奖励:-18378.771004550046, 加速度奖励:-662.3783464284888, 交通灯奖励:-4581.39999999975, 与前车进行交互的惩罚:-1225.7000000000405
Episode:48/100, Reward:-24848.249350978615
Episode:48/100, avg speed:10.098251201272458
Episode:48/100, avg halt num:0.09843272171253822
Episode:48/100, avg elec cons:0.4895573285917683
 Retrying in 1 seconds
Warning: Unused states in tlLogic 'J10', program '0' in phase 0 after tl-index 10
Simulation......
总奖励:-16221.148529352831, 速度奖励:-12559.044981559899, 加速度奖励:-476.70354779285174, 交通灯奖励:-2471.400000000837, 与前车进行交互的惩罚:-714.0000000000073
Episode:49/100, Reward:-16221.148529352831
Episode:49/100, avg speed:12.72904724547179
Episode:49/100, avg halt num:0.027320359281437126
Episode:49/100, avg elec cons:0.5938396732559826
 Retrying in 1 seconds
Warning: Unused states in tlLogic 'J10', program '0' in phase 0 after tl-index 10
Simulation......
总奖励:-15272.815437909168, 速度奖励:-12372.202388149954, 加速度奖励:-443.913049759243, 交通灯奖励:-1763.0000000002874, 与前车进行交互的惩罚:-693.700000000006
Episode:50/100, Reward:-15272.815437909168
Episode:50/100, avg speed:12.047472808757906
Episode:50/100, avg halt num:0.012575452716297788
Episode:50/100, avg elec cons:0.6266232851402996
 Retrying in 1 seconds
Warning: Unused states in tlLogic 'J10', program '0' in phase 0 after tl-index 10
Simulation......
总奖励:-16650.89005458087, 速度奖励:-12615.424217989974, 加速度奖励:-495.76583659096264, 交通灯奖励:-2736.8000000006764, 与前车进行交互的惩罚:-802.900000000013
Episode:51/100, Reward:-16650.89005458087
Episode:51/100, avg speed:12.496594317604876
Episode:51/100, avg halt num:0.03238508518161363
Episode:51/100, avg elec cons:0.7133335178980191
early stop!!!
model saved successfully!
Complete training!
final reward list:[-45588.50749613034, -50694.92647209357, -20809.41176308375, -19111.172154766067, -20924.06175104801, -27818.286086220483, -28595.057553615065, -25133.57119682682, -25983.688169477387, -21171.202931506952, -19599.165717679898, -18509.019604164376, -16984.65842360114, -16806.608483708085, -18840.01412469497, -20152.67674835718, -21034.92195621954, -22163.8485291822, -21867.886070440432, -18402.283280360356, -19297.963749348844, -17840.38829580084, -16004.032429619097, -15471.721254937087, -15363.447165364103, -16966.632792282042, -14826.497273122404, -15231.011422262824, -14823.601811792541, -14600.249635573982, -15728.22226798689, -15958.548557334603, -14718.634204068752, -13306.245090044707, -14131.180698467873, -13880.93901676176, -14772.263234756632, -12430.812285194106, -13883.963346573983, -12223.675818109718, -10977.086790134423, -11592.513270872572, -35419.57154558881, -105662.5582679037, -45868.40233310373, -22275.752441422654, -27331.459166708348, -24848.249350978615, -16221.148529352831, -15272.815437909168, -16650.89005458087]
final speed list:[11.199867402160729, 11.42650118885015, 14.320336175451443, 13.489668597990665, 13.261216213418423, 12.354491665223124, 11.683426195192139, 11.258531916791524, 10.746094821559009, 11.71717987951343, 12.740282337661307, 12.253322847567915, 12.68011216818573, 12.405982654532606, 12.223159871686937, 11.316225918424037, 12.174456791628367, 10.760719799091135, 11.440680365157869, 12.211181517390221, 11.518490824836164, 11.999916382844226, 12.509831984906269, 12.504647594541334, 12.483985808584709, 11.889653405859947, 12.365251213212805, 11.172492218553858, 11.804518140029527, 12.433066322827147, 12.2848569328121, 11.873498741598222, 12.101938187876614, 12.70719499592675, 12.539302893715865, 12.080918100689848, 11.582962279565061, 12.626975161227374, 12.355368494175906, 12.843139477662932, 13.201320961330797, 13.825578792726635, 10.24687749134574, 6.483697844817053, 8.628590603539866, 11.2216783180035, 10.196785661569667, 10.098251201272458, 12.72904724547179, 12.047472808757906, 12.496594317604876]
final elec cons list:[0.48441930787350834, 0.7971852789504632, 1.4854907870960226, 1.7208923845099227, 1.4695595622046864, 0.725622770250146, 0.4748231621552724, 0.4056783700428107, 0.4242624463427087, 0.5379446004372466, 0.5330120360682602, 0.6321153553659111, 0.6413483820970675, 0.7157740357790465, 0.6609067389895442, 0.7298156700347527, 0.6724838182774328, 0.793268313188658, 0.5907221086811983, 0.6171927264792707, 0.7294557597449834, 0.747304281462039, 0.6649801367665661, 0.7042508391970825, 0.7119193245652834, 0.8264659400969249, 0.7327064244157461, 0.8114158980902214, 0.7972451987309215, 0.812738531995419, 0.737536110430905, 0.7268011608287055, 0.7550008222074358, 0.7414563865205683, 0.8031071763100217, 0.7792722902579993, 0.8898675136474569, 0.9935970497240245, 0.8564527537880341, 0.9188507296904805, 1.133222206755685, 1.7666263650654401, 1.1401207272120615, 0.257892639349196, 0.3381935227422511, 0.4088499002375177, 0.4393696319028572, 0.4895573285917683, 0.5938396732559826, 0.6266232851402996, 0.7133335178980191]
final halt list:[0.4709515096065874, 0.3534106182795699, 0.2777061855670103, 0.2961523881728582, 0.3093964858670741, 0.3605, 0.28006901084456126, 0.22030221424296828, 0.21114759224515323, 0.12491683300066533, 0.10819850653391412, 0.10326449033977349, 0.07766990291262135, 0.05236656596173213, 0.06967067988668556, 0.09818840579710145, 0.1046550016507098, 0.13721292331646556, 0.06698685540950455, 0.03927540878486695, 0.05588124054462935, 0.05291383625312835, 0.017487046632124352, 0.020012808197246237, 0.026045068582625733, 0.04317418873554644, 0.01335559265442404, 0.021216269065310912, 0.013392857142857142, 0.017984998295260825, 0.03509393831974477, 0.024427896839811114, 0.019441674975074777, 0.005280528052805281, 0.007535460992907801, 0.015519086692829111, 0.041666666666666664, 0.02358848048503221, 0.013345800748044883, 0.018417342262953825, 0.010014306151645207, 0.08311068702290077, 0.4846153846153846, 0.4935677530017153, 0.259024934871604, 0.0627965833596963, 0.11337209302325581, 0.09843272171253822, 0.027320359281437126, 0.012575452716297788, 0.03238508518161363]
speed reward list:[-23093.910800400197, -26586.261175320426, -8413.898085559986, -7766.588853650011, -8891.487189529991, -13637.929936179986, -15767.783803639952, -15690.42339567994, -16635.183516270026, -13586.883635379916, -13061.912951119912, -12224.31494448997, -11041.789982959881, -11275.834763049934, -12983.779369219996, -13663.355153359951, -13723.282049729996, -14196.96472776993, -14843.68612385985, -13111.377874209926, -13345.894234639902, -12410.53301586995, -11690.018993399948, -11310.775224429899, -11251.799602999952, -12231.38104891999, -11404.805912389947, -11819.449321129912, -11353.756467019928, -11054.954268819929, -11682.683355309928, -12259.959882169946, -11168.068897039917, -10409.372792609942, -10736.429580799962, -10910.755243409898, -11176.45271720994, -9455.646307139912, -10597.263255919925, -9439.311742629958, -8665.52863076991, -7383.663231009943, -19806.95104421005, -62940.7760877438, -29518.38377653019, -17061.00995961992, -20012.17382593013, -18378.771004550046, -12559.044981559899, -12372.202388149954, -12615.424217989974]
accel reward list:[-969.1966957315891, -1395.7652967758052, -1230.213677523389, -1075.3833011158567, -1084.9745615175125, -811.6561500387276, -668.1737499735932, -611.1478011459463, -621.704653206312, -538.7192961267097, -513.2527665598919, -524.8046596744845, -493.76844064143177, -501.67372065829045, -521.9347554749095, -572.5215949972059, -616.5399064896394, -682.2838014119986, -592.499946580433, -576.3054061504887, -563.8695147089087, -546.9552799309163, -523.8134362191377, -492.2460305071176, -498.9475623641181, -548.8517433621333, -489.39136073235386, -474.4621011329089, -462.44534477254155, -463.9953667539528, -504.23891267699537, -487.38867516461386, -472.4653070288123, -444.07229743463745, -465.6511176678693, -434.78377335184933, -465.5105175467184, -426.965978054127, -443.90009065408765, -408.7640754798177, -398.1581593644565, -536.9500398627677, -1151.7205013769649, -3198.6821801491324, -1102.418556574861, -590.5424818024468, -689.6853407780218, -662.3783464284888, -476.70354779285174, -443.913049759243, -495.76583659096264]
tls reward list:[-18422.29999999909, -19322.10000000078, -9371.199999998671, -8645.899999998772, -9045.699999998724, -11212.699999997854, -10912.399999997426, -8078.7999999979465, -7862.299999998026, -6278.3999999988455, -5090.200000000086, -4774.300000000003, -4524.400000000198, -4035.8000000007955, -4166.000000000619, -4448.200000000007, -4992.699999998816, -5428.199999998901, -4835.699999999366, -3227.8000000007514, -3916.800000000959, -3559.200000000769, -2467.2000000007097, -2636.9000000007177, -2491.3000000007296, -2859.2000000006938, -1885.8000000006068, -1934.7000000004448, -1922.4000000005622, -2136.3000000005095, -2363.9000000005035, -2105.2000000005014, -2125.4000000004844, -1506.400000000146, -1881.2000000005119, -1656.900000000357, -2180.4000000006904, -1771.9000000003944, -2065.800000000497, -1728.8000000003099, -1384.2000000002192, -2859.20000000059, -12155.099999997012, -34723.2000000188, -13187.499999995247, -3735.9000000009996, -5252.69999999894, -4581.39999999975, -2471.400000000837, -1763.0000000002874, -2736.8000000006764]
