nohup: 忽略输入
Env:sumo, Algorithm:SAC, Device:cuda
-----------------------------------------
models/reward_s0.11_a8e-2_t(-2_0.1)_safe(4, 0.5).pth
-----------------------------------------
 Retrying in 1 seconds
Warning: Unused states in tlLogic 'J10', program '0' in phase 0 after tl-index 10
Simulation......
总奖励:-42483.43987972992, 速度奖励:-21338.023375130186, 加速度奖励:-973.0165046001389, 交通灯奖励:-17821.89999999813, 与前车进行交互的惩罚:-2350.5
Episode:1/100, Reward:-42483.43987972992
Episode:1/100, avg speed:11.045223216276648
Episode:1/100, avg halt num:0.4283973187081048
Episode:1/100, avg elec cons:0.46650593103245647
 Retrying in 1 seconds
Warning: Unused states in tlLogic 'J10', program '0' in phase 0 after tl-index 10
Simulation......
总奖励:-60866.79850062391, 速度奖励:-33013.27419169991, 加速度奖励:-1424.4243089267043, 交通灯奖励:-23123.6000000051, 与前车进行交互的惩罚:-3305.5
Episode:2/100, Reward:-60866.79850062391
Episode:2/100, avg speed:10.541222866380838
Episode:2/100, avg halt num:0.3819986426874788
Episode:2/100, avg elec cons:0.6645602191946152
 Retrying in 1 seconds
Warning: Unused states in tlLogic 'J10', program '0' in phase 0 after tl-index 10
Simulation......
总奖励:-19723.51038657381, 速度奖励:-8067.301241559978, 加速度奖励:-1274.709145013482, 交通灯奖励:-9011.999999998747, 与前车进行交互的惩罚:-1369.5
Episode:3/100, Reward:-19723.51038657381
Episode:3/100, avg speed:14.571463496991864
Episode:3/100, avg halt num:0.2696030977734753
Episode:3/100, avg elec cons:1.627377956134851
 Retrying in 1 seconds
Warning: Unused states in tlLogic 'J10', program '0' in phase 0 after tl-index 10
Simulation......
总奖励:-18281.9523418381, 速度奖励:-7384.059903769992, 加速度奖励:-1060.9924380679772, 交通灯奖励:-8639.899999998826, 与前车进行交互的惩罚:-1197.0
Episode:4/100, Reward:-18281.9523418381
Episode:4/100, avg speed:13.734560608371918
Episode:4/100, avg halt num:0.28337125521425865
Episode:4/100, avg elec cons:1.795246996294983
 Retrying in 1 seconds
Warning: Unused states in tlLogic 'J10', program '0' in phase 0 after tl-index 10
Simulation......
总奖励:-18214.453337874966, 速度奖励:-7675.340939750008, 加速度奖励:-951.8123981248849, 交通灯奖励:-8313.29999999899, 与前车进行交互的惩罚:-1274.0
Episode:5/100, Reward:-18214.453337874966
Episode:5/100, avg speed:13.790121859584586
Episode:5/100, avg halt num:0.2678149606299213
Episode:5/100, avg elec cons:1.5969614200085993
 Retrying in 1 seconds
Warning: Unused states in tlLogic 'J10', program '0' in phase 0 after tl-index 10
Simulation......
总奖励:-19334.804290568412, 速度奖励:-8304.919716940003, 加速度奖励:-967.7845736280653, 交通灯奖励:-8772.099999998652, 与前车进行交互的惩罚:-1290.0
Episode:6/100, Reward:-19334.804290568412
Episode:6/100, avg speed:14.161606403707419
Episode:6/100, avg halt num:0.2763556753115527
Episode:6/100, avg elec cons:1.4315003861442304
 Retrying in 1 seconds
Warning: Unused states in tlLogic 'J10', program '0' in phase 0 after tl-index 10
Simulation......
总奖励:-20140.29040207611, 速度奖励:-8922.145192290041, 加速度奖励:-830.0452097858071, 交通灯奖励:-9147.099999998625, 与前车进行交互的惩罚:-1241.0
Episode:7/100, Reward:-20140.29040207611
Episode:7/100, avg speed:13.728742990733027
Episode:7/100, avg halt num:0.2589800067773636
Episode:7/100, avg elec cons:1.0834164801643342
 Retrying in 1 seconds
Warning: Unused states in tlLogic 'J10', program '0' in phase 0 after tl-index 10
Simulation......
总奖励:-17706.235571872567, 速度奖励:-8390.675169909991, 加速度奖励:-700.1604019628555, 交通灯奖励:-7790.899999998834, 与前车进行交互的惩罚:-824.5
Episode:8/100, Reward:-17706.235571872567
Episode:8/100, avg speed:13.849851346412462
Episode:8/100, avg halt num:0.20394326683291772
Episode:8/100, avg elec cons:0.9460031425837119
 Retrying in 1 seconds
Warning: Unused states in tlLogic 'J10', program '0' in phase 0 after tl-index 10
Simulation......
总奖励:-17936.677898760845, 速度奖励:-9068.055761379985, 加速度奖励:-667.9221373810509, 交通灯奖励:-7424.199999998635, 与前车进行交互的惩罚:-776.5
Episode:9/100, Reward:-17936.677898760845
Episode:9/100, avg speed:13.494091404435782
Episode:9/100, avg halt num:0.19570063694267517
Episode:9/100, avg elec cons:0.8924638984894371
 Retrying in 1 seconds
Warning: Unused states in tlLogic 'J10', program '0' in phase 0 after tl-index 10
Simulation......
总奖励:-15795.631118074423, 速度奖励:-8644.604604570002, 加速度奖励:-618.126513504816, 交通灯奖励:-5915.899999999534, 与前车进行交互的惩罚:-617.0
Episode:10/100, Reward:-15795.631118074423
Episode:10/100, avg speed:13.473460139070601
Episode:10/100, avg halt num:0.16615067079463364
Episode:10/100, avg elec cons:1.019873434039184
 Retrying in 1 seconds
Warning: Unused states in tlLogic 'J10', program '0' in phase 0 after tl-index 10
Simulation......
总奖励:-15246.533292432454, 速度奖励:-8463.18492789, 加速度奖励:-626.7483645428686, 交通灯奖励:-5487.5999999998085, 与前车进行交互的惩罚:-669.0
Episode:11/100, Reward:-15246.533292432454
Episode:11/100, avg speed:14.143826918384645
Episode:11/100, avg halt num:0.15388997395833334
Episode:11/100, avg elec cons:1.0101670830815408
 Retrying in 1 seconds
Warning: Unused states in tlLogic 'J10', program '0' in phase 0 after tl-index 10
Simulation......
总奖励:-14131.483056380572, 速度奖励:-7670.15466623999, 加速度奖励:-654.6283901410459, 交通灯奖励:-5143.699999999897, 与前车进行交互的惩罚:-663.0
Episode:12/100, Reward:-14131.483056380572
Episode:12/100, avg speed:13.997837328208012
Episode:12/100, avg halt num:0.17404306220095694
Episode:12/100, avg elec cons:1.181954379249093
 Retrying in 1 seconds
Warning: Unused states in tlLogic 'J10', program '0' in phase 0 after tl-index 10
Simulation......
总奖励:-14374.084852051068, 速度奖励:-7581.813424569977, 加速度奖励:-639.7714274814435, 交通灯奖励:-5589.499999999768, 与前车进行交互的惩罚:-563.0
Episode:13/100, Reward:-14374.084852051068
Episode:13/100, avg speed:14.195418878942101
Episode:13/100, avg halt num:0.14805675508945096
Episode:13/100, avg elec cons:1.0842274617544594
 Retrying in 1 seconds
Warning: Unused states in tlLogic 'J10', program '0' in phase 0 after tl-index 10
Simulation......
总奖励:-14197.04184474277, 速度奖励:-8346.133178789958, 加速度奖励:-604.1086659531991, 交通灯奖励:-4676.800000000323, 与前车进行交互的惩罚:-570.0
Episode:14/100, Reward:-14197.04184474277
Episode:14/100, avg speed:13.538489779423477
Episode:14/100, avg halt num:0.15789473684210525
Episode:14/100, avg elec cons:1.097034588413847
 Retrying in 1 seconds
Warning: Unused states in tlLogic 'J10', program '0' in phase 0 after tl-index 10
Simulation......
总奖励:-15455.423087135643, 速度奖励:-9871.998137979945, 加速度奖励:-599.9249491561206, 交通灯奖励:-4241.0000000006385, 与前车进行交互的惩罚:-742.5
Episode:15/100, Reward:-15455.423087135643
Episode:15/100, avg speed:13.251935378278791
Episode:15/100, avg halt num:0.16763530693788595
Episode:15/100, avg elec cons:0.9746499397581441
 Retrying in 1 seconds
Warning: Unused states in tlLogic 'J10', program '0' in phase 0 after tl-index 10
Simulation......
总奖励:-14839.512071713965, 速度奖励:-9301.06901910997, 加速度奖励:-598.2430526044371, 交通灯奖励:-4218.200000000575, 与前车进行交互的惩罚:-722.0
Episode:16/100, Reward:-14839.512071713965
Episode:16/100, avg speed:13.010388451910943
Episode:16/100, avg halt num:0.16768631813125695
Episode:16/100, avg elec cons:1.1505715694080134
 Retrying in 1 seconds
Warning: Unused states in tlLogic 'J10', program '0' in phase 0 after tl-index 10
Simulation......
总奖励:-14092.51751366094, 速度奖励:-8480.878913319993, 加速度奖励:-644.8386003413079, 交通灯奖励:-4233.800000000472, 与前车进行交互的惩罚:-733.0
Episode:17/100, Reward:-14092.51751366094
Episode:17/100, avg speed:13.873437742040963
Episode:17/100, avg halt num:0.16726129799524295
Episode:17/100, avg elec cons:1.1938823563691903
 Retrying in 1 seconds
Warning: Unused states in tlLogic 'J10', program '0' in phase 0 after tl-index 10
Simulation......
总奖励:-13861.160341051807, 速度奖励:-7635.305847179987, 加速度奖励:-667.9544938722705, 交通灯奖励:-4863.40000000008, 与前车进行交互的惩罚:-694.5
Episode:18/100, Reward:-13861.160341051807
Episode:18/100, avg speed:13.151289239671192
Episode:18/100, avg halt num:0.20605390185036201
Episode:18/100, avg elec cons:1.6320613802419643
 Retrying in 1 seconds
Warning: Unused states in tlLogic 'J10', program '0' in phase 0 after tl-index 10
Simulation......
总奖励:-15050.927883721968, 速度奖励:-8641.986751640005, 加速度奖励:-738.4411320824813, 交通灯奖励:-4811.0000000000855, 与前车进行交互的惩罚:-859.5
Episode:19/100, Reward:-15050.927883721968
Episode:19/100, avg speed:13.596076322703526
Episode:19/100, avg halt num:0.23193950177935943
Episode:19/100, avg elec cons:1.3492207753445364
 Retrying in 1 seconds
Warning: Unused states in tlLogic 'J10', program '0' in phase 0 after tl-index 10
Simulation......
总奖励:-13735.659879215646, 速度奖励:-7528.258027839972, 加速度奖励:-691.7018513760739, 交通灯奖励:-4761.200000000226, 与前车进行交互的惩罚:-754.5
Episode:20/100, Reward:-13735.659879215646
Episode:20/100, avg speed:14.382449925850926
Episode:20/100, avg halt num:0.18245055313442843
Episode:20/100, avg elec cons:1.4263771446268687
 Retrying in 1 seconds
Warning: Unused states in tlLogic 'J10', program '0' in phase 0 after tl-index 10
Simulation......
总奖励:-13466.366814234669, 速度奖励:-7717.934668730043, 加速度奖励:-697.3321455051197, 交通灯奖励:-4233.100000000533, 与前车进行交互的惩罚:-818.0
Episode:21/100, Reward:-13466.366814234669
Episode:21/100, avg speed:13.90980692478525
Episode:21/100, avg halt num:0.21490719257540603
Episode:21/100, avg elec cons:1.653505834263077
 Retrying in 1 seconds
Warning: Unused states in tlLogic 'J10', program '0' in phase 0 after tl-index 10
Simulation......
总奖励:-13110.817167928371, 速度奖励:-7186.291040830014, 加速度奖励:-701.6261270988507, 交通灯奖励:-4477.900000000374, 与前车进行交互的惩罚:-745.0
Episode:22/100, Reward:-13110.817167928371
Episode:22/100, avg speed:14.182275740076495
Episode:22/100, avg halt num:0.20636397469296613
Episode:22/100, avg elec cons:1.6999267281783665
 Retrying in 1 seconds
Warning: Unused states in tlLogic 'J10', program '0' in phase 0 after tl-index 10
Simulation......
总奖励:-12736.830902889014, 速度奖励:-6856.2502687800115, 加速度奖励:-708.2806341094537, 交通灯奖励:-4417.300000000294, 与前车进行交互的惩罚:-755.0
Episode:23/100, Reward:-12736.830902889014
Episode:23/100, avg speed:14.702446536544883
Episode:23/100, avg halt num:0.18479355488418933
Episode:23/100, avg elec cons:1.5640341860490312
 Retrying in 1 seconds
Warning: Unused states in tlLogic 'J10', program '0' in phase 0 after tl-index 10
Simulation......
总奖励:-12786.689376545117, 速度奖励:-6928.1772875700035, 加速度奖励:-713.0120889755817, 交通灯奖励:-4448.00000000024, 与前车进行交互的惩罚:-697.5
Episode:24/100, Reward:-12786.689376545117
Episode:24/100, avg speed:14.556648072681053
Episode:24/100, avg halt num:0.18055555555555555
Episode:24/100, avg elec cons:1.6153853503062368
 Retrying in 1 seconds
Warning: Unused states in tlLogic 'J10', program '0' in phase 0 after tl-index 10
Simulation......
总奖励:-12708.750986501416, 速度奖励:-6995.417536029981, 加速度奖励:-711.8334504718923, 交通灯奖励:-4291.0000000002965, 与前车进行交互的惩罚:-710.5
Episode:25/100, Reward:-12708.750986501416
Episode:25/100, avg speed:14.54748808274546
Episode:25/100, avg halt num:0.19022834116856951
Episode:25/100, avg elec cons:1.6287336118187168
 Retrying in 1 seconds
Warning: Unused states in tlLogic 'J10', program '0' in phase 0 after tl-index 10
Simulation......
总奖励:-14838.958113970366, 速度奖励:-8248.37474263001, 加速度奖励:-789.0833713408704, 交通灯奖励:-4867.500000000235, 与前车进行交互的惩罚:-934.0
Episode:26/100, Reward:-14838.958113970366
Episode:26/100, avg speed:13.811420155551874
Episode:26/100, avg halt num:0.2458047292143402
Episode:26/100, avg elec cons:1.670509492423774
 Retrying in 1 seconds
Warning: Unused states in tlLogic 'J10', program '0' in phase 0 after tl-index 10
Simulation......
总奖励:-12764.100385097641, 速度奖励:-7059.829211380032, 加速度奖励:-724.571173718039, 交通灯奖励:-4247.200000000423, 与前车进行交互的惩罚:-732.5
Episode:27/100, Reward:-12764.100385097641
Episode:27/100, avg speed:14.349662574721634
Episode:27/100, avg halt num:0.18981481481481483
Episode:27/100, avg elec cons:1.633478421940446
 Retrying in 1 seconds
Warning: Unused states in tlLogic 'J10', program '0' in phase 0 after tl-index 10
Simulation......
总奖励:-13498.51859070327, 速度奖励:-7603.530199210034, 加速度奖励:-761.4883914938872, 交通灯奖励:-4322.000000000458, 与前车进行交互的惩罚:-811.5
Episode:28/100, Reward:-13498.51859070327
Episode:28/100, avg speed:13.518519441986985
Episode:28/100, avg halt num:0.2356858846918489
Episode:28/100, avg elec cons:1.766209012456589
 Retrying in 1 seconds
Warning: Unused states in tlLogic 'J10', program '0' in phase 0 after tl-index 10
Simulation......
总奖励:-12495.87473232246, 速度奖励:-7308.370686869997, 加速度奖励:-678.1040454528685, 交通灯奖励:-3703.900000000602, 与前车进行交互的惩罚:-805.5
Episode:29/100, Reward:-12495.87473232246
Episode:29/100, avg speed:13.961618459249378
Episode:29/100, avg halt num:0.18514811849479584
Episode:29/100, avg elec cons:1.7704237686620565
 Retrying in 1 seconds
Warning: Unused states in tlLogic 'J10', program '0' in phase 0 after tl-index 10
Simulation......
总奖励:-12935.295193566903, 速度奖励:-7057.934030510001, 加速度奖励:-744.6611630574048, 交通灯奖励:-4398.200000000481, 与前车进行交互的惩罚:-734.5
Episode:30/100, Reward:-12935.295193566903
Episode:30/100, avg speed:14.391542198045885
Episode:30/100, avg halt num:0.1937240663900415
Episode:30/100, avg elec cons:1.6940172406758343
 Retrying in 1 seconds
Warning: Unused states in tlLogic 'J10', program '0' in phase 0 after tl-index 10
Simulation......
总奖励:-12754.264329274247, 速度奖励:-7153.83460330001, 加速度奖励:-693.029725974672, 交通灯奖励:-4145.400000000516, 与前车进行交互的惩罚:-762.0
Episode:31/100, Reward:-12754.264329274247
Episode:31/100, avg speed:14.38998994154835
Episode:31/100, avg halt num:0.1863986784140969
Episode:31/100, avg elec cons:1.715954439186714
 Retrying in 1 seconds
Warning: Unused states in tlLogic 'J10', program '0' in phase 0 after tl-index 10
Simulation......
总奖励:-13003.690834554354, 速度奖励:-7452.021157460005, 加速度奖励:-718.7696770948565, 交通灯奖励:-4151.400000000563, 与前车进行交互的惩罚:-681.5
Episode:32/100, Reward:-13003.690834554354
Episode:32/100, avg speed:13.948798643284606
Episode:32/100, avg halt num:0.20052473763118442
Episode:32/100, avg elec cons:1.7069266279215163
 Retrying in 1 seconds
Warning: Unused states in tlLogic 'J10', program '0' in phase 0 after tl-index 10
Simulation......
总奖励:-12222.873372139362, 速度奖励:-6810.52866868001, 加速度奖励:-696.7447034597379, 交通灯奖励:-4009.6000000005797, 与前车进行交互的惩罚:-706.0
Episode:33/100, Reward:-12222.873372139362
Episode:33/100, avg speed:14.292790547941463
Episode:33/100, avg halt num:0.16775749224939718
Episode:33/100, avg elec cons:1.670776583362093
 Retrying in 1 seconds
Warning: Unused states in tlLogic 'J10', program '0' in phase 0 after tl-index 10
Simulation......
总奖励:-12124.781209979348, 速度奖励:-7091.045474260007, 加速度奖励:-681.4357357197463, 交通灯奖励:-3617.8000000005927, 与前车进行交互的惩罚:-734.5
Episode:34/100, Reward:-12124.781209979348
Episode:34/100, avg speed:14.398415443216244
Episode:34/100, avg halt num:0.16727493917274938
Episode:34/100, avg elec cons:1.5843668735080838
 Retrying in 1 seconds
Warning: Unused states in tlLogic 'J10', program '0' in phase 0 after tl-index 10
Simulation......
总奖励:-12012.01039578738, 速度奖励:-7055.947656340001, 加速度奖励:-650.1627394477661, 交通灯奖励:-3570.9000000005326, 与前车进行交互的惩罚:-735.0
Episode:35/100, Reward:-12012.01039578738
Episode:35/100, avg speed:14.440396749840147
Episode:35/100, avg halt num:0.1698008849557522
Episode:35/100, avg elec cons:1.6526850531267943
 Retrying in 1 seconds
Warning: Unused states in tlLogic 'J10', program '0' in phase 0 after tl-index 10
Simulation......
总奖励:-12468.668520950587, 速度奖励:-7344.543218100021, 加速度奖励:-684.8253028510317, 交通灯奖励:-3714.300000000555, 与前车进行交互的惩罚:-725.0
Episode:36/100, Reward:-12468.668520950587
Episode:36/100, avg speed:14.136830095139734
Episode:36/100, avg halt num:0.18487394957983194
Episode:36/100, avg elec cons:1.6275215375037784
 Retrying in 1 seconds
Warning: Unused states in tlLogic 'J10', program '0' in phase 0 after tl-index 10
Simulation......
总奖励:-12519.399665774175, 速度奖励:-7514.497075029996, 加速度奖励:-634.5025907445838, 交通灯奖励:-3619.400000000553, 与前车进行交互的惩罚:-751.0
Episode:37/100, Reward:-12519.399665774175
Episode:37/100, avg speed:13.473745662999333
Episode:37/100, avg halt num:0.1865934521342727
Episode:37/100, avg elec cons:1.702328605485849
 Retrying in 1 seconds
Warning: Unused states in tlLogic 'J10', program '0' in phase 0 after tl-index 10
Simulation......
总奖励:-11563.454261094394, 速度奖励:-7285.250999179998, 加速度奖励:-563.3032619146543, 交通灯奖励:-3081.9000000005954, 与前车进行交互的惩罚:-633.0
Episode:38/100, Reward:-11563.454261094394
Episode:38/100, avg speed:13.987042550066063
Episode:38/100, avg halt num:0.142243026366068
Episode:38/100, avg elec cons:1.4437304634271584
 Retrying in 1 seconds
Warning: Unused states in tlLogic 'J10', program '0' in phase 0 after tl-index 10
Simulation......
总奖励:-15752.341940715436, 速度奖励:-10470.810928489971, 加速度奖励:-606.5310122257828, 交通灯奖励:-3885.0000000008026, 与前车进行交互的惩罚:-790.0
Episode:39/100, Reward:-15752.341940715436
Episode:39/100, avg speed:12.849092459175283
Episode:39/100, avg halt num:0.160221465076661
Episode:39/100, avg elec cons:0.9544926885193853
 Retrying in 1 seconds
Warning: Unused states in tlLogic 'J10', program '0' in phase 0 after tl-index 10
Simulation......
总奖励:-14085.159063637442, 速度奖励:-9357.317649129951, 加速度奖励:-564.5414145077978, 交通灯奖励:-3487.3000000006427, 与前车进行交互的惩罚:-676.0
Episode:40/100, Reward:-14085.159063637442
Episode:40/100, avg speed:13.079439017959151
Episode:40/100, avg halt num:0.14373198847262247
Episode:40/100, avg elec cons:1.036342603616149
 Retrying in 1 seconds
Warning: Unused states in tlLogic 'J10', program '0' in phase 0 after tl-index 10
Simulation......
总奖励:-12205.242401481373, 速度奖励:-7847.47594091998, 加速度奖励:-546.5664605616814, 交通灯奖励:-3113.700000000597, 与前车进行交互的惩罚:-697.5
Episode:41/100, Reward:-12205.242401481373
Episode:41/100, avg speed:13.625858396285413
Episode:41/100, avg halt num:0.13803956834532374
Episode:41/100, avg elec cons:1.2136879158144573
 Retrying in 1 seconds
Warning: Unused states in tlLogic 'J10', program '0' in phase 0 after tl-index 10
Simulation......
总奖励:-12437.015222265813, 速度奖励:-7569.551377629949, 加速度奖励:-598.9638446361946, 交通灯奖励:-3608.500000000669, 与前车进行交互的惩罚:-660.0
Episode:42/100, Reward:-12437.015222265813
Episode:42/100, avg speed:13.770843216478514
Episode:42/100, avg halt num:0.1660952380952381
Episode:42/100, avg elec cons:1.4839652272961388
 Retrying in 1 seconds
Warning: Unused states in tlLogic 'J10', program '0' in phase 0 after tl-index 10
Simulation......
总奖励:-12125.076799522478, 速度奖励:-7265.519223929985, 加速度奖励:-607.057575592876, 交通灯奖励:-3597.0000000005166, 与前车进行交互的惩罚:-655.5
Episode:43/100, Reward:-12125.076799522478
Episode:43/100, avg speed:13.677578263692512
Episode:43/100, avg halt num:0.17574931880108993
Episode:43/100, avg elec cons:1.6732539949770766
 Retrying in 1 seconds
Warning: Unused states in tlLogic 'J10', program '0' in phase 0 after tl-index 10
Simulation......
总奖励:-11823.345502688384, 速度奖励:-7348.508921269989, 加速度奖励:-582.6365814187589, 交通灯奖励:-3267.700000000567, 与前车进行交互的惩罚:-624.5
Episode:44/100, Reward:-11823.345502688384
Episode:44/100, avg speed:13.895068473424823
Episode:44/100, avg halt num:0.14635958395245172
Episode:44/100, avg elec cons:1.5947207255488018
 Retrying in 1 seconds
Warning: Unused states in tlLogic 'J10', program '0' in phase 0 after tl-index 10
Simulation......
总奖励:-12610.422360626299, 速度奖励:-7900.395763040001, 加速度奖励:-615.526597586638, 交通灯奖励:-3401.5000000006853, 与前车进行交互的惩罚:-693.0
Episode:45/100, Reward:-12610.422360626299
Episode:45/100, avg speed:13.386445148178442
Episode:45/100, avg halt num:0.1745025360905189
Episode:45/100, avg elec cons:1.552644154443867
 Retrying in 1 seconds
Warning: Unused states in tlLogic 'J10', program '0' in phase 0 after tl-index 10
Simulation......
总奖励:-10853.961580476054, 速度奖励:-6763.401752800003, 加速度奖励:-540.6598276763538, 交通灯奖励:-2999.9000000005312, 与前车进行交互的惩罚:-550.0
Episode:46/100, Reward:-10853.961580476054
Episode:46/100, avg speed:14.623839240205136
Episode:46/100, avg halt num:0.11084595128373931
Episode:46/100, avg elec cons:1.453032723116007
 Retrying in 1 seconds
Warning: Unused states in tlLogic 'J10', program '0' in phase 0 after tl-index 10
Simulation......
总奖励:-12533.285420618004, 速度奖励:-7912.252931109973, 加速度奖励:-585.6324895083198, 交通灯奖励:-3353.400000000452, 与前车进行交互的惩罚:-682.0
Episode:47/100, Reward:-12533.285420618004
Episode:47/100, avg speed:13.786927012212082
Episode:47/100, avg halt num:0.15206283118849356
Episode:47/100, avg elec cons:1.5502713684774674
 Retrying in 1 seconds
Warning: Unused states in tlLogic 'J10', program '0' in phase 0 after tl-index 10
Simulation......
总奖励:-12191.306297824398, 速度奖励:-7720.445333700014, 加速度奖励:-580.3609641247713, 交通灯奖励:-3193.5000000004934, 与前车进行交互的惩罚:-697.0
Episode:48/100, Reward:-12191.306297824398
Episode:48/100, avg speed:13.596970178012866
Episode:48/100, avg halt num:0.15290697674418605
Episode:48/100, avg elec cons:1.5129290646682456
 Retrying in 1 seconds
Warning: Unused states in tlLogic 'J10', program '0' in phase 0 after tl-index 10
Simulation......
总奖励:-10412.39076386976, 速度奖励:-6838.070553709995, 加速度奖励:-493.12021016004724, 交通灯奖励:-2614.2000000004605, 与前车进行交互的惩罚:-467.0
Episode:49/100, Reward:-10412.39076386976
Episode:49/100, avg speed:14.316933169501667
Episode:49/100, avg halt num:0.0816932208684786
Episode:49/100, avg elec cons:1.3127501607137704
 Retrying in 1 seconds
Warning: Unused states in tlLogic 'J10', program '0' in phase 0 after tl-index 10
Simulation......
总奖励:-10894.678134674286, 速度奖励:-6960.439722279962, 加速度奖励:-528.7384123945832, 交通灯奖励:-2900.500000000543, 与前车进行交互的惩罚:-505.0
Episode:50/100, Reward:-10894.678134674286
Episode:50/100, avg speed:13.982723901477506
Episode:50/100, avg halt num:0.11624093890231274
Episode:50/100, avg elec cons:1.4600009737143644
 Retrying in 1 seconds
Warning: Unused states in tlLogic 'J10', program '0' in phase 0 after tl-index 10
Simulation......
总奖励:-11073.862618887202, 速度奖励:-7097.671147709987, 加速度奖励:-534.5914711774707, 交通灯奖励:-2872.1000000004897, 与前车进行交互的惩罚:-569.5
Episode:51/100, Reward:-11073.862618887202
Episode:51/100, avg speed:14.62478943104096
Episode:51/100, avg halt num:0.10396039603960396
Episode:51/100, avg elec cons:1.416232401643251
 Retrying in 1 seconds
Warning: Unused states in tlLogic 'J10', program '0' in phase 0 after tl-index 10
Simulation......
总奖励:-11609.694087389043, 速度奖励:-7513.680867989979, 加速度奖励:-571.4132193993858, 交通灯奖励:-2912.600000000542, 与前车进行交互的惩罚:-612.0
Episode:52/100, Reward:-11609.694087389043
Episode:52/100, avg speed:13.873347039647246
Episode:52/100, avg halt num:0.14552650957290134
Episode:52/100, avg elec cons:1.4905670253924195
 Retrying in 1 seconds
Warning: Unused states in tlLogic 'J10', program '0' in phase 0 after tl-index 10
Simulation......
总奖励:-11759.218602719484, 速度奖励:-7348.836947319986, 加速度奖励:-572.2816553998338, 交通灯奖励:-3272.6000000005, 与前车进行交互的惩罚:-565.5
Episode:53/100, Reward:-11759.218602719484
Episode:53/100, avg speed:14.010102993095467
Episode:53/100, avg halt num:0.13437081659973227
Episode:53/100, avg elec cons:1.3770830073571527
 Retrying in 1 seconds
Warning: Unused states in tlLogic 'J10', program '0' in phase 0 after tl-index 10
Simulation......
总奖励:-11349.70254817932, 速度奖励:-7608.297230049945, 加速度奖励:-511.00531812950436, 交通灯奖励:-2589.4000000005794, 与前车进行交互的惩罚:-641.0
Episode:54/100, Reward:-11349.70254817932
Episode:54/100, avg speed:13.805644686403822
Episode:54/100, avg halt num:0.09965156794425087
Episode:54/100, avg elec cons:1.3230868296232885
 Retrying in 1 seconds
Warning: Unused states in tlLogic 'J10', program '0' in phase 0 after tl-index 10
Simulation......
总奖励:-11098.440321040225, 速度奖励:-7442.18351381998, 加速度奖励:-487.4568072204978, 交通灯奖励:-2625.800000000551, 与前车进行交互的惩罚:-543.0
Episode:55/100, Reward:-11098.440321040225
Episode:55/100, avg speed:13.307647469359809
Episode:55/100, avg halt num:0.10519332827899924
Episode:55/100, avg elec cons:1.4524921297435769
 Retrying in 1 seconds
Warning: Unused states in tlLogic 'J10', program '0' in phase 0 after tl-index 10
Simulation......
总奖励:-11999.296625061006, 速度奖励:-8687.363241699954, 加速度奖励:-454.9333833611359, 交通灯奖励:-2260.0000000005375, 与前车进行交互的惩罚:-597.0
Episode:56/100, Reward:-11999.296625061006
Episode:56/100, avg speed:13.120654713007745
Episode:56/100, avg halt num:0.07586393088552916
Episode:56/100, avg elec cons:1.1607719509086354
 Retrying in 1 seconds
Warning: Unused states in tlLogic 'J10', program '0' in phase 0 after tl-index 10
Simulation......
总奖励:-11699.406740186661, 速度奖励:-8896.666277069953, 加速度奖励:-435.74046311674806, 交通灯奖励:-1759.0000000003067, 与前车进行交互的惩罚:-608.0
Episode:57/100, Reward:-11699.406740186661
Episode:57/100, avg speed:12.476690167628437
Episode:57/100, avg halt num:0.05293290478103656
Episode:57/100, avg elec cons:1.1877674500667976
 Retrying in 1 seconds
Warning: Unused states in tlLogic 'J10', program '0' in phase 0 after tl-index 10
Simulation......
总奖励:-13111.061327245485, 速度奖励:-9996.553695039924, 加速度奖励:-445.60763220562234, 交通灯奖励:-2005.4000000005697, 与前车进行交互的惩罚:-663.5
Episode:58/100, Reward:-13111.061327245485
Episode:58/100, avg speed:12.380154265408624
Episode:58/100, avg halt num:0.05594679186228482
Episode:58/100, avg elec cons:1.0457815824704197
 Retrying in 1 seconds
Warning: Unused states in tlLogic 'J10', program '0' in phase 0 after tl-index 10
Simulation......
总奖励:-15287.28588164087, 速度奖励:-11862.169119789949, 加速度奖励:-464.61676185098685, 交通灯奖励:-2020.5000000004036, 与前车进行交互的惩罚:-940.0
Episode:59/100, Reward:-15287.28588164087
Episode:59/100, avg speed:12.159192536751158
Episode:59/100, avg halt num:0.038577342867896124
Episode:59/100, avg elec cons:0.8708058660104749
 Retrying in 1 seconds
Warning: Unused states in tlLogic 'J10', program '0' in phase 0 after tl-index 10
Simulation......
总奖励:-12479.426327881501, 速度奖励:-10012.05365016993, 加速度奖励:-412.2726777115263, 交通灯奖励:-1469.100000000175, 与前车进行交互的惩罚:-586.0
Episode:60/100, Reward:-12479.426327881501
Episode:60/100, avg speed:12.861547597416923
Episode:60/100, avg halt num:0.005802549852893102
Episode:60/100, avg elec cons:0.8362859892763386
 Retrying in 1 seconds
Warning: Unused states in tlLogic 'J10', program '0' in phase 0 after tl-index 10
Simulation......
总奖励:-13338.860433373506, 速度奖励:-10457.993174089866, 加速度奖励:-437.3672592834552, 交通灯奖励:-1736.0000000003247, 与前车进行交互的惩罚:-707.5
Episode:61/100, Reward:-13338.860433373506
Episode:61/100, avg speed:11.973665392941616
Episode:61/100, avg halt num:0.018983644859813083
Episode:61/100, avg elec cons:1.016827286358416
 Retrying in 1 seconds
Warning: Unused states in tlLogic 'J10', program '0' in phase 0 after tl-index 10
Simulation......
总奖励:-12304.250703016476, 速度奖励:-9752.445467599913, 加速度奖励:-411.4052354165428, 交通灯奖励:-1498.9000000002393, 与前车进行交互的惩罚:-641.5
Episode:62/100, Reward:-12304.250703016476
Episode:62/100, avg speed:12.808578318573828
Episode:62/100, avg halt num:0.0032758620689655174
Episode:62/100, avg elec cons:0.9439501621182868
 Retrying in 1 seconds
Warning: Unused states in tlLogic 'J10', program '0' in phase 0 after tl-index 10
Simulation......
总奖励:-11718.796547054562, 速度奖励:-9382.405847759966, 加速度奖励:-397.99069929459705, 交通灯奖励:-1400.400000000106, 与前车进行交互的惩罚:-538.0
Episode:63/100, Reward:-11718.796547054562
Episode:63/100, avg speed:13.121921859036563
Episode:63/100, avg halt num:8.302889405513119e-05
Episode:63/100, avg elec cons:0.9119429336391823
 Retrying in 1 seconds
Warning: Unused states in tlLogic 'J10', program '0' in phase 0 after tl-index 10
Simulation......
总奖励:-11763.588274683942, 速度奖励:-9186.786509009962, 加速度奖励:-398.00176567396517, 交通灯奖励:-1607.8000000002312, 与前车进行交互的惩罚:-571.0
Episode:64/100, Reward:-11763.588274683942
Episode:64/100, avg speed:12.819955973657908
Episode:64/100, avg halt num:0.003783684016242156
Episode:64/100, avg elec cons:1.0802417934416395
 Retrying in 1 seconds
Warning: Unused states in tlLogic 'J10', program '0' in phase 0 after tl-index 10
Simulation......
总奖励:-11303.264548716641, 速度奖励:-8660.679604389928, 加速度奖励:-383.3849443265964, 交通灯奖励:-1697.200000000372, 与前车进行交互的惩罚:-562.0
Episode:65/100, Reward:-11303.264548716641
Episode:65/100, avg speed:13.205899334446565
Episode:65/100, avg halt num:0.00792943692088382
Episode:65/100, avg elec cons:1.1008389030810881
 Retrying in 1 seconds
Warning: Unused states in tlLogic 'J10', program '0' in phase 0 after tl-index 10
Simulation......
总奖励:-11235.148514400707, 速度奖励:-8756.164115159956, 加速度奖励:-401.98439924075603, 交通灯奖励:-1495.5000000002578, 与前车进行交互的惩罚:-581.5
Episode:66/100, Reward:-11235.148514400707
Episode:66/100, avg speed:13.879645525445664
Episode:66/100, avg halt num:0.0077753094255791815
Episode:66/100, avg elec cons:0.9840978180335908
 Retrying in 1 seconds
Warning: Unused states in tlLogic 'J10', program '0' in phase 0 after tl-index 10
Simulation......
总奖励:-10832.627064617647, 速度奖励:-8355.223824639972, 加速度奖励:-391.8032399777621, 交通灯奖励:-1528.1000000002293, 与前车进行交互的惩罚:-557.5
Episode:67/100, Reward:-10832.627064617647
Episode:67/100, avg speed:13.882088847862954
Episode:67/100, avg halt num:0.005676209279368213
Episode:67/100, avg elec cons:1.0315525360115163
 Retrying in 1 seconds
Warning: Unused states in tlLogic 'J10', program '0' in phase 0 after tl-index 10
Simulation......
总奖励:-10377.452512874781, 速度奖励:-8057.483990819919, 加速度奖励:-373.86852205476464, 交通灯奖励:-1443.6000000001038, 与前车进行交互的惩罚:-502.5
Episode:68/100, Reward:-10377.452512874781
Episode:68/100, avg speed:13.76228160830798
Episode:68/100, avg halt num:0.002749083638787071
Episode:68/100, avg elec cons:1.0544035102389813
 Retrying in 1 seconds
Warning: Unused states in tlLogic 'J10', program '0' in phase 0 after tl-index 10
Simulation......
总奖励:-10898.6975371317, 速度奖励:-8551.457988039936, 加速度奖励:-385.1395490917341, 交通灯奖励:-1549.600000000207, 与前车进行交互的惩罚:-412.5
Episode:69/100, Reward:-10898.6975371317
Episode:69/100, avg speed:13.316447525737601
Episode:69/100, avg halt num:0.00015446400988569664
Episode:69/100, avg elec cons:0.9388697349441975
 Retrying in 1 seconds
Warning: Unused states in tlLogic 'J10', program '0' in phase 0 after tl-index 10
Simulation......
总奖励:-10429.896399745163, 速度奖励:-8212.09385853995, 加速度奖励:-378.30254120517105, 交通灯奖励:-1460.500000000227, 与前车进行交互的惩罚:-379.0
Episode:70/100, Reward:-10429.896399745163
Episode:70/100, avg speed:13.2571881188316
Episode:70/100, avg halt num:8.025682182985554e-05
Episode:70/100, avg elec cons:1.0188416481581275
 Retrying in 1 seconds
Warning: Unused states in tlLogic 'J10', program '0' in phase 0 after tl-index 10
Simulation......
总奖励:-10282.264345038639, 速度奖励:-7753.883165049967, 加速度奖励:-376.18117998864835, 交通灯奖励:-1694.7000000002183, 与前车进行交互的惩罚:-457.5
Episode:71/100, Reward:-10282.264345038639
Episode:71/100, avg speed:13.826593361258336
Episode:71/100, avg halt num:0.0029431000654022237
Episode:71/100, avg elec cons:1.1129057431803309
 Retrying in 1 seconds
Warning: Unused states in tlLogic 'J10', program '0' in phase 0 after tl-index 10
Simulation......
总奖励:-10754.601165936841, 速度奖励:-8393.101255329952, 加速度奖励:-385.5999106068426, 交通灯奖励:-1495.9000000002593, 与前车进行交互的惩罚:-480.0
Episode:72/100, Reward:-10754.601165936841
Episode:72/100, avg speed:12.62727078044085
Episode:72/100, avg halt num:0.003495842781557067
Episode:72/100, avg elec cons:1.1842342639974246
 Retrying in 1 seconds
Warning: Unused states in tlLogic 'J10', program '0' in phase 0 after tl-index 10
Simulation......
总奖励:-10650.900253699694, 速度奖励:-8227.208650979948, 加速度奖励:-387.09160271968966, 交通灯奖励:-1643.6000000002275, 与前车进行交互的惩罚:-393.0
Episode:73/100, Reward:-10650.900253699694
Episode:73/100, avg speed:13.579272128839186
Episode:73/100, avg halt num:0.0001478852410529429
Episode:73/100, avg elec cons:0.9503627224784537
 Retrying in 1 seconds
Warning: Unused states in tlLogic 'J10', program '0' in phase 0 after tl-index 10
Simulation......
总奖励:-12069.63158363548, 速度奖励:-9415.845193259915, 加速度奖励:-403.8863903755816, 交通灯奖励:-1702.9000000003393, 与前车进行交互的惩罚:-547.0
Episode:74/100, Reward:-12069.63158363548
Episode:74/100, avg speed:13.274407095575944
Episode:74/100, avg halt num:0.003397212543554007
Episode:74/100, avg elec cons:1.017084616099065
 Retrying in 1 seconds
Warning: Unused states in tlLogic 'J10', program '0' in phase 0 after tl-index 10
Simulation......
总奖励:-11411.467930209863, 速度奖励:-9012.892536229938, 加速度奖励:-397.4753939798944, 交通灯奖励:-1486.1000000001968, 与前车进行交互的惩罚:-515.0
Episode:75/100, Reward:-11411.467930209863
Episode:75/100, avg speed:13.571820242828826
Episode:75/100, avg halt num:0.002553542009884679
Episode:75/100, avg elec cons:1.0046026505366916
 Retrying in 1 seconds
Warning: Unused states in tlLogic 'J10', program '0' in phase 0 after tl-index 10
Simulation......
总奖励:-9821.416823652335, 速度奖励:-7392.578044499954, 加速度奖励:-379.13877915230876, 交通灯奖励:-1599.7000000001053, 与前车进行交互的惩罚:-450.0
Episode:76/100, Reward:-9821.416823652335
Episode:76/100, avg speed:13.364240219106613
Episode:76/100, avg halt num:0.0034
Episode:76/100, avg elec cons:1.4887101123887485
 Retrying in 1 seconds
Warning: Unused states in tlLogic 'J10', program '0' in phase 0 after tl-index 10
Simulation......
总奖励:-9580.92410559999, 速度奖励:-7283.103632199897, 加速度奖励:-384.5204734000617, 交通灯奖励:-1446.800000000169, 与前车进行交互的惩罚:-466.5
Episode:77/100, Reward:-9580.92410559999
Episode:77/100, avg speed:13.745882619202865
Episode:77/100, avg halt num:0.0034846674631620867
Episode:77/100, avg elec cons:1.5469360749515053
 Retrying in 1 seconds
Warning: Unused states in tlLogic 'J10', program '0' in phase 0 after tl-index 10
Simulation......
总奖励:-8648.267060766162, 速度奖励:-6087.8758678099775, 加速度奖励:-407.39119295620253, 交通灯奖励:-1755.000000000317, 与前车进行交互的惩罚:-398.0
Episode:78/100, Reward:-8648.267060766162
Episode:78/100, avg speed:13.792176005148976
Episode:78/100, avg halt num:0.023665757693805998
Episode:78/100, avg elec cons:1.7581403803994002
 Retrying in 1 seconds
Warning: Unused states in tlLogic 'J10', program '0' in phase 0 after tl-index 10
Simulation......
总奖励:-10950.780586673118, 速度奖励:-7465.0662894499455, 加速度奖励:-465.0142972231906, 交通灯奖励:-2433.200000000559, 与前车进行交互的惩罚:-587.5
Episode:79/100, Reward:-10950.780586673118
Episode:79/100, avg speed:13.646260750653886
Episode:79/100, avg halt num:0.054963164017060875
Episode:79/100, avg elec cons:1.6189078754105195
 Retrying in 1 seconds
Warning: Unused states in tlLogic 'J10', program '0' in phase 0 after tl-index 10
Simulation......
总奖励:-9864.690421335883, 速度奖励:-7142.358642759936, 加速度奖励:-415.4317785759609, 交通灯奖励:-1879.900000000315, 与前车进行交互的惩罚:-427.0
Episode:80/100, Reward:-9864.690421335883
Episode:80/100, avg speed:13.841126938408886
Episode:80/100, avg halt num:0.029151943462897525
Episode:80/100, avg elec cons:1.4847055513098875
 Retrying in 1 seconds
Warning: Unused states in tlLogic 'J10', program '0' in phase 0 after tl-index 10
Simulation......
总奖励:-9381.944223738079, 速度奖励:-6751.400933639936, 加速度奖励:-414.8432900981108, 交通灯奖励:-1834.2000000002668, 与前车进行交互的惩罚:-381.5
Episode:81/100, Reward:-9381.944223738079
Episode:81/100, avg speed:13.878170110845888
Episode:81/100, avg halt num:0.017534145441122185
Episode:81/100, avg elec cons:1.6062284318631805
 Retrying in 1 seconds
Warning: Unused states in tlLogic 'J10', program '0' in phase 0 after tl-index 10
Simulation......
总奖励:-9981.666555155149, 速度奖励:-6341.223556359967, 加速度奖励:-532.6429987953696, 交通灯奖励:-2610.300000000345, 与前车进行交互的惩罚:-497.5
Episode:82/100, Reward:-9981.666555155149
Episode:82/100, avg speed:14.260675667077672
Episode:82/100, avg halt num:0.0966091492776886
Episode:82/100, avg elec cons:2.020764851187422
 Retrying in 1 seconds
Warning: Unused states in tlLogic 'J10', program '0' in phase 0 after tl-index 10
Simulation......
总奖励:-14149.557708454688, 速度奖励:-6780.86036804001, 加速度奖励:-877.9973404151837, 交通灯奖励:-5510.199999999544, 与前车进行交互的惩罚:-980.5
Episode:83/100, Reward:-14149.557708454688
Episode:83/100, avg speed:14.70803594640644
Episode:83/100, avg halt num:0.21407497396737243
Episode:83/100, avg elec cons:1.8973013882928342
 Retrying in 1 seconds
Warning: Unused states in tlLogic 'J10', program '0' in phase 0 after tl-index 10
Simulation......
总奖励:-15561.167353750196, 速度奖励:-6618.338160499999, 加速度奖励:-1038.129193250757, 交通灯奖励:-6661.199999999234, 与前车进行交互的惩罚:-1243.5
Episode:84/100, Reward:-15561.167353750196
Episode:84/100, avg speed:14.5353718190848
Episode:84/100, avg halt num:0.2513795821836815
Episode:84/100, avg elec cons:2.135195405473061
 Retrying in 1 seconds
Warning: Unused states in tlLogic 'J10', program '0' in phase 0 after tl-index 10
Simulation......
总奖励:-17352.30848557948, 速度奖励:-7336.076016390005, 加速度奖励:-1149.1324691898117, 交通灯奖励:-7599.099999998853, 与前车进行交互的惩罚:-1268.0
Episode:85/100, Reward:-17352.30848557948
Episode:85/100, avg speed:14.94897008345867
Episode:85/100, avg halt num:0.25970873786407767
Episode:85/100, avg elec cons:1.8399825710150408
 Retrying in 1 seconds
Warning: Unused states in tlLogic 'J10', program '0' in phase 0 after tl-index 10
Simulation......
总奖励:-16417.817954575163, 速度奖励:-6578.385234410006, 加速度奖励:-1148.5327201658067, 交通灯奖励:-7655.399999999054, 与前车进行交互的惩罚:-1035.5
Episode:86/100, Reward:-16417.817954575163
Episode:86/100, avg speed:15.165702352889149
Episode:86/100, avg halt num:0.22091243110838946
Episode:86/100, avg elec cons:1.8052957392967064
 Retrying in 1 seconds
Warning: Unused states in tlLogic 'J10', program '0' in phase 0 after tl-index 10
Simulation......
总奖励:-19458.383791045013, 速度奖励:-7832.311602939989, 加速度奖励:-1269.072188104549, 交通灯奖励:-8802.499999998854, 与前车进行交互的惩罚:-1554.5
Episode:87/100, Reward:-19458.383791045013
Episode:87/100, avg speed:14.352034292441676
Episode:87/100, avg halt num:0.33807053941908716
Episode:87/100, avg elec cons:2.238038982328251
 Retrying in 1 seconds
Warning: Unused states in tlLogic 'J10', program '0' in phase 0 after tl-index 10
Simulation......
总奖励:-18035.966101695536, 速度奖励:-7528.273091790013, 加速度奖励:-1235.893009905616, 交通灯奖励:-7915.799999998902, 与前车进行交互的惩罚:-1356.0
Episode:88/100, Reward:-18035.966101695536
Episode:88/100, avg speed:14.808547303571938
Episode:88/100, avg halt num:0.27848101265822783
Episode:88/100, avg elec cons:1.8852829406817775
 Retrying in 1 seconds
Warning: Unused states in tlLogic 'J10', program '0' in phase 0 after tl-index 10
Simulation......
总奖励:-18728.952439840057, 速度奖励:-7645.505045420006, 加速度奖励:-1256.9473944197164, 交通灯奖励:-8408.999999998967, 与前车进行交互的惩罚:-1417.5
Episode:89/100, Reward:-18728.952439840057
Episode:89/100, avg speed:14.33788104593706
Episode:89/100, avg halt num:0.3143582988332706
Episode:89/100, avg elec cons:2.1561843608006046
 Retrying in 1 seconds
Warning: Unused states in tlLogic 'J10', program '0' in phase 0 after tl-index 10
Simulation......
总奖励:-16289.217968220359, 速度奖励:-6399.034311780019, 加速度奖励:-1197.0836564410188, 交通灯奖励:-7495.0999999992, 与前车进行交互的惩罚:-1198.0
Episode:90/100, Reward:-16289.217968220359
Episode:90/100, avg speed:14.757510957861818
Episode:90/100, avg halt num:0.265990639625585
Episode:90/100, avg elec cons:2.322474325215097
 Retrying in 1 seconds
Warning: Unused states in tlLogic 'J10', program '0' in phase 0 after tl-index 10
Simulation......
总奖励:-17634.500234051167, 速度奖励:-6994.955721710012, 加速度奖励:-1241.0445123414265, 交通灯奖励:-8099.499999999043, 与前车进行交互的惩罚:-1299.0
Episode:91/100, Reward:-17634.500234051167
Episode:91/100, avg speed:14.431680083890214
Episode:91/100, avg halt num:0.2944053208137715
Episode:91/100, avg elec cons:2.272007382481401
 Retrying in 1 seconds
Warning: Unused states in tlLogic 'J10', program '0' in phase 0 after tl-index 10
Simulation......
总奖励:-17376.737074466328, 速度奖励:-7028.161993379997, 加速度奖励:-1250.8750810866586, 交通灯奖励:-7807.1999999991185, 与前车进行交互的惩罚:-1290.5
Episode:92/100, Reward:-17376.737074466328
Episode:92/100, avg speed:14.560168295084592
Episode:92/100, avg halt num:0.2872400756143667
Episode:92/100, avg elec cons:2.1909928522359543
 Retrying in 1 seconds
Warning: Unused states in tlLogic 'J10', program '0' in phase 0 after tl-index 10
Simulation......
总奖励:-18194.359609651387, 速度奖励:-7302.777638309994, 加速度奖励:-1255.2819713415026, 交通灯奖励:-8215.799999998937, 与前车进行交互的惩罚:-1420.5
Episode:93/100, Reward:-18194.359609651387
Episode:93/100, avg speed:14.431809663957695
Episode:93/100, avg halt num:0.32859249894648124
Episode:93/100, avg elec cons:2.414589335833369
 Retrying in 1 seconds
Warning: Unused states in tlLogic 'J10', program '0' in phase 0 after tl-index 10
Simulation......
总奖励:-17434.357279430482, 速度奖励:-6983.138153310019, 加速度奖励:-1232.219126120939, 交通灯奖励:-7973.999999999138, 与前车进行交互的惩罚:-1245.0
Episode:94/100, Reward:-17434.357279430482
Episode:94/100, avg speed:15.042965156980754
Episode:94/100, avg halt num:0.25877192982456143
Episode:94/100, avg elec cons:1.994624486936282
 Retrying in 1 seconds
Warning: Unused states in tlLogic 'J10', program '0' in phase 0 after tl-index 10
Simulation......
总奖励:-18314.77034094478, 速度奖励:-7429.70569517003, 加速度奖励:-1252.4646457747674, 交通灯奖励:-8294.099999999018, 与前车进行交互的惩罚:-1338.5
Episode:95/100, Reward:-18314.77034094478
Episode:95/100, avg speed:14.137219479403596
Episode:95/100, avg halt num:0.307346619773349
Episode:95/100, avg elec cons:2.2990866683726403
 Retrying in 1 seconds
Warning: Unused states in tlLogic 'J10', program '0' in phase 0 after tl-index 10
Simulation......
总奖励:-16482.81464765637, 速度奖励:-6437.950720079994, 加速度奖励:-1201.4639275770328, 交通灯奖励:-7611.399999999025, 与前车进行交互的惩罚:-1232.0
Episode:96/100, Reward:-16482.81464765637
Episode:96/100, avg speed:14.761852442584033
Episode:96/100, avg halt num:0.25826205287713844
Episode:96/100, avg elec cons:2.3348174851752117
 Retrying in 1 seconds
Warning: Unused states in tlLogic 'J10', program '0' in phase 0 after tl-index 10
Simulation......
总奖励:-91294.77134445359, 速度奖励:-48859.032729316445, 加速度奖励:-7021.338615129295, 交通灯奖励:-30143.900000013273, 与前车进行交互的惩罚:-5270.5
Episode:97/100, Reward:-91294.77134445359
Episode:97/100, avg speed:8.196208667789612
Episode:97/100, avg halt num:0.35250762453405626
Episode:97/100, avg elec cons:0.8743157587203761
 Retrying in 1 seconds
Warning: Unused states in tlLogic 'J10', program '0' in phase 0 after tl-index 10
Simulation......
总奖励:-110691.99649236316, 速度奖励:-59691.60510312491, 加速度奖励:-8664.29138922571, 交通灯奖励:-37326.60000001871, 与前车进行交互的惩罚:-5009.5
Episode:98/100, Reward:-110691.99649236316
Episode:98/100, avg speed:4.387511280712188
Episode:98/100, avg halt num:0.3748223169864961
Episode:98/100, avg elec cons:0.6580269953033798
 Retrying in 1 seconds
Warning: Unused states in tlLogic 'J10', program '0' in phase 0 after tl-index 10
Simulation......
总奖励:-131600.89387889855, 速度奖励:-72100.1247460907, 加速度奖励:-9872.569132788147, 交通灯奖励:-43680.20000002544, 与前车进行交互的惩罚:-5948.0
Episode:99/100, Reward:-131600.89387889855
Episode:99/100, avg speed:5.959583505053986
Episode:99/100, avg halt num:0.5634139062966279
Episode:99/100, avg elec cons:0.4166898669135045
 Retrying in 1 seconds
Warning: Unused states in tlLogic 'J10', program '0' in phase 0 after tl-index 10
Simulation......
总奖励:-134127.99680151258, 速度奖励:-72924.48028106004, 加速度奖励:-9849.91652043116, 交通灯奖励:-44947.60000002645, 与前车进行交互的惩罚:-6406.0
Episode:100/100, Reward:-134127.99680151258
Episode:100/100, avg speed:6.221578740026427
Episode:100/100, avg halt num:0.5791186039633245
Episode:100/100, avg elec cons:0.41097620017003467
model saved successfully!
Complete training!
final reward list:[-42483.43987972992, -60866.79850062391, -19723.51038657381, -18281.9523418381, -18214.453337874966, -19334.804290568412, -20140.29040207611, -17706.235571872567, -17936.677898760845, -15795.631118074423, -15246.533292432454, -14131.483056380572, -14374.084852051068, -14197.04184474277, -15455.423087135643, -14839.512071713965, -14092.51751366094, -13861.160341051807, -15050.927883721968, -13735.659879215646, -13466.366814234669, -13110.817167928371, -12736.830902889014, -12786.689376545117, -12708.750986501416, -14838.958113970366, -12764.100385097641, -13498.51859070327, -12495.87473232246, -12935.295193566903, -12754.264329274247, -13003.690834554354, -12222.873372139362, -12124.781209979348, -12012.01039578738, -12468.668520950587, -12519.399665774175, -11563.454261094394, -15752.341940715436, -14085.159063637442, -12205.242401481373, -12437.015222265813, -12125.076799522478, -11823.345502688384, -12610.422360626299, -10853.961580476054, -12533.285420618004, -12191.306297824398, -10412.39076386976, -10894.678134674286, -11073.862618887202, -11609.694087389043, -11759.218602719484, -11349.70254817932, -11098.440321040225, -11999.296625061006, -11699.406740186661, -13111.061327245485, -15287.28588164087, -12479.426327881501, -13338.860433373506, -12304.250703016476, -11718.796547054562, -11763.588274683942, -11303.264548716641, -11235.148514400707, -10832.627064617647, -10377.452512874781, -10898.6975371317, -10429.896399745163, -10282.264345038639, -10754.601165936841, -10650.900253699694, -12069.63158363548, -11411.467930209863, -9821.416823652335, -9580.92410559999, -8648.267060766162, -10950.780586673118, -9864.690421335883, -9381.944223738079, -9981.666555155149, -14149.557708454688, -15561.167353750196, -17352.30848557948, -16417.817954575163, -19458.383791045013, -18035.966101695536, -18728.952439840057, -16289.217968220359, -17634.500234051167, -17376.737074466328, -18194.359609651387, -17434.357279430482, -18314.77034094478, -16482.81464765637, -91294.77134445359, -110691.99649236316, -131600.89387889855, -134127.99680151258]
final speed list:[11.045223216276648, 10.541222866380838, 14.571463496991864, 13.734560608371918, 13.790121859584586, 14.161606403707419, 13.728742990733027, 13.849851346412462, 13.494091404435782, 13.473460139070601, 14.143826918384645, 13.997837328208012, 14.195418878942101, 13.538489779423477, 13.251935378278791, 13.010388451910943, 13.873437742040963, 13.151289239671192, 13.596076322703526, 14.382449925850926, 13.90980692478525, 14.182275740076495, 14.702446536544883, 14.556648072681053, 14.54748808274546, 13.811420155551874, 14.349662574721634, 13.518519441986985, 13.961618459249378, 14.391542198045885, 14.38998994154835, 13.948798643284606, 14.292790547941463, 14.398415443216244, 14.440396749840147, 14.136830095139734, 13.473745662999333, 13.987042550066063, 12.849092459175283, 13.079439017959151, 13.625858396285413, 13.770843216478514, 13.677578263692512, 13.895068473424823, 13.386445148178442, 14.623839240205136, 13.786927012212082, 13.596970178012866, 14.316933169501667, 13.982723901477506, 14.62478943104096, 13.873347039647246, 14.010102993095467, 13.805644686403822, 13.307647469359809, 13.120654713007745, 12.476690167628437, 12.380154265408624, 12.159192536751158, 12.861547597416923, 11.973665392941616, 12.808578318573828, 13.121921859036563, 12.819955973657908, 13.205899334446565, 13.879645525445664, 13.882088847862954, 13.76228160830798, 13.316447525737601, 13.2571881188316, 13.826593361258336, 12.62727078044085, 13.579272128839186, 13.274407095575944, 13.571820242828826, 13.364240219106613, 13.745882619202865, 13.792176005148976, 13.646260750653886, 13.841126938408886, 13.878170110845888, 14.260675667077672, 14.70803594640644, 14.5353718190848, 14.94897008345867, 15.165702352889149, 14.352034292441676, 14.808547303571938, 14.33788104593706, 14.757510957861818, 14.431680083890214, 14.560168295084592, 14.431809663957695, 15.042965156980754, 14.137219479403596, 14.761852442584033, 8.196208667789612, 4.387511280712188, 5.959583505053986, 6.221578740026427]
final elec cons list:[0.46650593103245647, 0.6645602191946152, 1.627377956134851, 1.795246996294983, 1.5969614200085993, 1.4315003861442304, 1.0834164801643342, 0.9460031425837119, 0.8924638984894371, 1.019873434039184, 1.0101670830815408, 1.181954379249093, 1.0842274617544594, 1.097034588413847, 0.9746499397581441, 1.1505715694080134, 1.1938823563691903, 1.6320613802419643, 1.3492207753445364, 1.4263771446268687, 1.653505834263077, 1.6999267281783665, 1.5640341860490312, 1.6153853503062368, 1.6287336118187168, 1.670509492423774, 1.633478421940446, 1.766209012456589, 1.7704237686620565, 1.6940172406758343, 1.715954439186714, 1.7069266279215163, 1.670776583362093, 1.5843668735080838, 1.6526850531267943, 1.6275215375037784, 1.702328605485849, 1.4437304634271584, 0.9544926885193853, 1.036342603616149, 1.2136879158144573, 1.4839652272961388, 1.6732539949770766, 1.5947207255488018, 1.552644154443867, 1.453032723116007, 1.5502713684774674, 1.5129290646682456, 1.3127501607137704, 1.4600009737143644, 1.416232401643251, 1.4905670253924195, 1.3770830073571527, 1.3230868296232885, 1.4524921297435769, 1.1607719509086354, 1.1877674500667976, 1.0457815824704197, 0.8708058660104749, 0.8362859892763386, 1.016827286358416, 0.9439501621182868, 0.9119429336391823, 1.0802417934416395, 1.1008389030810881, 0.9840978180335908, 1.0315525360115163, 1.0544035102389813, 0.9388697349441975, 1.0188416481581275, 1.1129057431803309, 1.1842342639974246, 0.9503627224784537, 1.017084616099065, 1.0046026505366916, 1.4887101123887485, 1.5469360749515053, 1.7581403803994002, 1.6189078754105195, 1.4847055513098875, 1.6062284318631805, 2.020764851187422, 1.8973013882928342, 2.135195405473061, 1.8399825710150408, 1.8052957392967064, 2.238038982328251, 1.8852829406817775, 2.1561843608006046, 2.322474325215097, 2.272007382481401, 2.1909928522359543, 2.414589335833369, 1.994624486936282, 2.2990866683726403, 2.3348174851752117, 0.8743157587203761, 0.6580269953033798, 0.4166898669135045, 0.41097620017003467]
final halt list:[0.4283973187081048, 0.3819986426874788, 0.2696030977734753, 0.28337125521425865, 0.2678149606299213, 0.2763556753115527, 0.2589800067773636, 0.20394326683291772, 0.19570063694267517, 0.16615067079463364, 0.15388997395833334, 0.17404306220095694, 0.14805675508945096, 0.15789473684210525, 0.16763530693788595, 0.16768631813125695, 0.16726129799524295, 0.20605390185036201, 0.23193950177935943, 0.18245055313442843, 0.21490719257540603, 0.20636397469296613, 0.18479355488418933, 0.18055555555555555, 0.19022834116856951, 0.2458047292143402, 0.18981481481481483, 0.2356858846918489, 0.18514811849479584, 0.1937240663900415, 0.1863986784140969, 0.20052473763118442, 0.16775749224939718, 0.16727493917274938, 0.1698008849557522, 0.18487394957983194, 0.1865934521342727, 0.142243026366068, 0.160221465076661, 0.14373198847262247, 0.13803956834532374, 0.1660952380952381, 0.17574931880108993, 0.14635958395245172, 0.1745025360905189, 0.11084595128373931, 0.15206283118849356, 0.15290697674418605, 0.0816932208684786, 0.11624093890231274, 0.10396039603960396, 0.14552650957290134, 0.13437081659973227, 0.09965156794425087, 0.10519332827899924, 0.07586393088552916, 0.05293290478103656, 0.05594679186228482, 0.038577342867896124, 0.005802549852893102, 0.018983644859813083, 0.0032758620689655174, 8.302889405513119e-05, 0.003783684016242156, 0.00792943692088382, 0.0077753094255791815, 0.005676209279368213, 0.002749083638787071, 0.00015446400988569664, 8.025682182985554e-05, 0.0029431000654022237, 0.003495842781557067, 0.0001478852410529429, 0.003397212543554007, 0.002553542009884679, 0.0034, 0.0034846674631620867, 0.023665757693805998, 0.054963164017060875, 0.029151943462897525, 0.017534145441122185, 0.0966091492776886, 0.21407497396737243, 0.2513795821836815, 0.25970873786407767, 0.22091243110838946, 0.33807053941908716, 0.27848101265822783, 0.3143582988332706, 0.265990639625585, 0.2944053208137715, 0.2872400756143667, 0.32859249894648124, 0.25877192982456143, 0.307346619773349, 0.25826205287713844, 0.35250762453405626, 0.3748223169864961, 0.5634139062966279, 0.5791186039633245]
speed reward list:[-21338.023375130186, -33013.27419169991, -8067.301241559978, -7384.059903769992, -7675.340939750008, -8304.919716940003, -8922.145192290041, -8390.675169909991, -9068.055761379985, -8644.604604570002, -8463.18492789, -7670.15466623999, -7581.813424569977, -8346.133178789958, -9871.998137979945, -9301.06901910997, -8480.878913319993, -7635.305847179987, -8641.986751640005, -7528.258027839972, -7717.934668730043, -7186.291040830014, -6856.2502687800115, -6928.1772875700035, -6995.417536029981, -8248.37474263001, -7059.829211380032, -7603.530199210034, -7308.370686869997, -7057.934030510001, -7153.83460330001, -7452.021157460005, -6810.52866868001, -7091.045474260007, -7055.947656340001, -7344.543218100021, -7514.497075029996, -7285.250999179998, -10470.810928489971, -9357.317649129951, -7847.47594091998, -7569.551377629949, -7265.519223929985, -7348.508921269989, -7900.395763040001, -6763.401752800003, -7912.252931109973, -7720.445333700014, -6838.070553709995, -6960.439722279962, -7097.671147709987, -7513.680867989979, -7348.836947319986, -7608.297230049945, -7442.18351381998, -8687.363241699954, -8896.666277069953, -9996.553695039924, -11862.169119789949, -10012.05365016993, -10457.993174089866, -9752.445467599913, -9382.405847759966, -9186.786509009962, -8660.679604389928, -8756.164115159956, -8355.223824639972, -8057.483990819919, -8551.457988039936, -8212.09385853995, -7753.883165049967, -8393.101255329952, -8227.208650979948, -9415.845193259915, -9012.892536229938, -7392.578044499954, -7283.103632199897, -6087.8758678099775, -7465.0662894499455, -7142.358642759936, -6751.400933639936, -6341.223556359967, -6780.86036804001, -6618.338160499999, -7336.076016390005, -6578.385234410006, -7832.311602939989, -7528.273091790013, -7645.505045420006, -6399.034311780019, -6994.955721710012, -7028.161993379997, -7302.777638309994, -6983.138153310019, -7429.70569517003, -6437.950720079994, -48859.032729316445, -59691.60510312491, -72100.1247460907, -72924.48028106004]
accel reward list:[-973.0165046001389, -1424.4243089267043, -1274.709145013482, -1060.9924380679772, -951.8123981248849, -967.7845736280653, -830.0452097858071, -700.1604019628555, -667.9221373810509, -618.126513504816, -626.7483645428686, -654.6283901410459, -639.7714274814435, -604.1086659531991, -599.9249491561206, -598.2430526044371, -644.8386003413079, -667.9544938722705, -738.4411320824813, -691.7018513760739, -697.3321455051197, -701.6261270988507, -708.2806341094537, -713.0120889755817, -711.8334504718923, -789.0833713408704, -724.571173718039, -761.4883914938872, -678.1040454528685, -744.6611630574048, -693.029725974672, -718.7696770948565, -696.7447034597379, -681.4357357197463, -650.1627394477661, -684.8253028510317, -634.5025907445838, -563.3032619146543, -606.5310122257828, -564.5414145077978, -546.5664605616814, -598.9638446361946, -607.057575592876, -582.6365814187589, -615.526597586638, -540.6598276763538, -585.6324895083198, -580.3609641247713, -493.12021016004724, -528.7384123945832, -534.5914711774707, -571.4132193993858, -572.2816553998338, -511.00531812950436, -487.4568072204978, -454.9333833611359, -435.74046311674806, -445.60763220562234, -464.61676185098685, -412.2726777115263, -437.3672592834552, -411.4052354165428, -397.99069929459705, -398.00176567396517, -383.3849443265964, -401.98439924075603, -391.8032399777621, -373.86852205476464, -385.1395490917341, -378.30254120517105, -376.18117998864835, -385.5999106068426, -387.09160271968966, -403.8863903755816, -397.4753939798944, -379.13877915230876, -384.5204734000617, -407.39119295620253, -465.0142972231906, -415.4317785759609, -414.8432900981108, -532.6429987953696, -877.9973404151837, -1038.129193250757, -1149.1324691898117, -1148.5327201658067, -1269.072188104549, -1235.893009905616, -1256.9473944197164, -1197.0836564410188, -1241.0445123414265, -1250.8750810866586, -1255.2819713415026, -1232.219126120939, -1252.4646457747674, -1201.4639275770328, -7021.338615129295, -8664.29138922571, -9872.569132788147, -9849.91652043116]
tls reward list:[-17821.89999999813, -23123.6000000051, -9011.999999998747, -8639.899999998826, -8313.29999999899, -8772.099999998652, -9147.099999998625, -7790.899999998834, -7424.199999998635, -5915.899999999534, -5487.5999999998085, -5143.699999999897, -5589.499999999768, -4676.800000000323, -4241.0000000006385, -4218.200000000575, -4233.800000000472, -4863.40000000008, -4811.0000000000855, -4761.200000000226, -4233.100000000533, -4477.900000000374, -4417.300000000294, -4448.00000000024, -4291.0000000002965, -4867.500000000235, -4247.200000000423, -4322.000000000458, -3703.900000000602, -4398.200000000481, -4145.400000000516, -4151.400000000563, -4009.6000000005797, -3617.8000000005927, -3570.9000000005326, -3714.300000000555, -3619.400000000553, -3081.9000000005954, -3885.0000000008026, -3487.3000000006427, -3113.700000000597, -3608.500000000669, -3597.0000000005166, -3267.700000000567, -3401.5000000006853, -2999.9000000005312, -3353.400000000452, -3193.5000000004934, -2614.2000000004605, -2900.500000000543, -2872.1000000004897, -2912.600000000542, -3272.6000000005, -2589.4000000005794, -2625.800000000551, -2260.0000000005375, -1759.0000000003067, -2005.4000000005697, -2020.5000000004036, -1469.100000000175, -1736.0000000003247, -1498.9000000002393, -1400.400000000106, -1607.8000000002312, -1697.200000000372, -1495.5000000002578, -1528.1000000002293, -1443.6000000001038, -1549.600000000207, -1460.500000000227, -1694.7000000002183, -1495.9000000002593, -1643.6000000002275, -1702.9000000003393, -1486.1000000001968, -1599.7000000001053, -1446.800000000169, -1755.000000000317, -2433.200000000559, -1879.900000000315, -1834.2000000002668, -2610.300000000345, -5510.199999999544, -6661.199999999234, -7599.099999998853, -7655.399999999054, -8802.499999998854, -7915.799999998902, -8408.999999998967, -7495.0999999992, -8099.499999999043, -7807.1999999991185, -8215.799999998937, -7973.999999999138, -8294.099999999018, -7611.399999999025, -30143.900000013273, -37326.60000001871, -43680.20000002544, -44947.60000002645]
