nohup: 忽略输入
Env:sumo, Algorithm:SAC, Device:cuda
-----------------------------------------
models/reward_s0.11_a8e-2_t(-2_0.1)_safe(3, 0.6).pth
-----------------------------------------
 Retrying in 1 seconds
Warning: Unused states in tlLogic 'J10', program '0' in phase 0 after tl-index 10
Simulation......
总奖励:-41687.05015915951, 速度奖励:-20798.801454970253, 加速度奖励:-944.1487041903957, 交通灯奖励:-17538.699999998185, 与前车进行交互的惩罚:-2405.399999999818
Episode:1/100, Reward:-41687.05015915951
Episode:1/100, avg speed:11.571891994765664
Episode:1/100, avg halt num:0.43525957972805934
Episode:1/100, avg elec cons:0.5118727312341393
 Retrying in 1 seconds
Warning: Unused states in tlLogic 'J10', program '0' in phase 0 after tl-index 10
Simulation......
总奖励:-30149.2662090558, 速度奖励:-14731.741349380045, 加速度奖励:-953.4248596737366, 交通灯奖励:-12891.499999997854, 与前车进行交互的惩罚:-1572.5999999999442
Episode:2/100, Reward:-30149.2662090558
Episode:2/100, avg speed:12.617762779208249
Episode:2/100, avg halt num:0.32556760420196545
Episode:2/100, avg elec cons:0.9450684984371064
 Retrying in 1 seconds
Warning: Unused states in tlLogic 'J10', program '0' in phase 0 after tl-index 10
Simulation......
总奖励:-20073.337925189247, 速度奖励:-8176.746892930006, 加速度奖励:-1240.791032258885, 交通灯奖励:-9167.799999998719, 与前车进行交互的惩罚:-1487.999999999957
Episode:3/100, Reward:-20073.337925189247
Episode:3/100, avg speed:14.449345831187207
Episode:3/100, avg halt num:0.27225806451612905
Episode:3/100, avg elec cons:1.5559871373586047
 Retrying in 1 seconds
Warning: Unused states in tlLogic 'J10', program '0' in phase 0 after tl-index 10
Simulation......
总奖励:-20463.99269024908, 速度奖励:-8773.319654989993, 加速度奖励:-1076.2730352586732, 交通灯奖励:-9065.199999998671, 与前车进行交互的惩罚:-1549.1999999999477
Episode:4/100, Reward:-20463.99269024908
Episode:4/100, avg speed:13.029057030718473
Episode:4/100, avg halt num:0.3221990915972748
Episode:4/100, avg elec cons:1.507058391395189
 Retrying in 1 seconds
Warning: Unused states in tlLogic 'J10', program '0' in phase 0 after tl-index 10
Simulation......
总奖励:-20103.696416674105, 速度奖励:-8808.06720265997, 加速度奖励:-952.3292140137575, 交通灯奖励:-8909.299999998831, 与前车进行交互的惩罚:-1433.9999999999652
Episode:5/100, Reward:-20103.696416674105
Episode:5/100, avg speed:13.085995728650138
Episode:5/100, avg halt num:0.3022432113341204
Episode:5/100, avg elec cons:1.3842754564404414
 Retrying in 1 seconds
Warning: Unused states in tlLogic 'J10', program '0' in phase 0 after tl-index 10
Simulation......
总奖励:-21110.6959949988, 速度奖励:-9138.17213496002, 加速度奖励:-1015.8238600380625, 交通灯奖励:-9426.699999998507, 与前车进行交互的惩罚:-1529.9999999999507
Episode:6/100, Reward:-21110.6959949988
Episode:6/100, avg speed:13.705568665040877
Episode:6/100, avg halt num:0.2969335604770017
Episode:6/100, avg elec cons:1.3135393104175908
 Retrying in 1 seconds
Warning: Unused states in tlLogic 'J10', program '0' in phase 0 after tl-index 10
Simulation......
总奖励:-21463.146844986884, 速度奖励:-9853.540295390003, 加速度奖励:-893.2065495964142, 交通灯奖励:-9365.199999998542, 与前车进行交互的惩罚:-1351.1999999999778
Episode:7/100, Reward:-21463.146844986884
Episode:7/100, avg speed:13.484821457138898
Episode:7/100, avg halt num:0.2922750424448217
Episode:7/100, avg elec cons:1.0970755676368056
 Retrying in 1 seconds
Warning: Unused states in tlLogic 'J10', program '0' in phase 0 after tl-index 10
Simulation......
总奖励:-20121.18886874848, 速度奖励:-9673.47939514001, 加速度奖励:-812.0094736081086, 交通灯奖励:-8627.099999998441, 与前车进行交互的惩罚:-1008.6000000000267
Episode:8/100, Reward:-20121.18886874848
Episode:8/100, avg speed:13.433093496299518
Episode:8/100, avg halt num:0.2493008079552517
Episode:8/100, avg elec cons:0.8856969893077805
 Retrying in 1 seconds
Warning: Unused states in tlLogic 'J10', program '0' in phase 0 after tl-index 10
Simulation......
总奖励:-19768.777532818673, 速度奖励:-9275.48031047001, 加速度奖励:-789.9972223483592, 交通灯奖励:-8670.099999998663, 与前车进行交互的惩罚:-1033.200000000026
Episode:9/100, Reward:-19768.777532818673
Episode:9/100, avg speed:13.499761546642848
Episode:9/100, avg halt num:0.24010533035429302
Episode:9/100, avg elec cons:0.969857408352883
 Retrying in 1 seconds
Warning: Unused states in tlLogic 'J10', program '0' in phase 0 after tl-index 10
Simulation......
总奖励:-19248.537047583315, 速度奖励:-8950.235975339976, 加速度奖励:-774.1010722431914, 交通灯奖励:-8492.199999998797, 与前车进行交互的惩罚:-1032.0000000000261
Episode:10/100, Reward:-19248.537047583315
Episode:10/100, avg speed:13.392259356590404
Episode:10/100, avg halt num:0.24432599724896836
Episode:10/100, avg elec cons:1.0656175149770442
 Retrying in 1 seconds
Warning: Unused states in tlLogic 'J10', program '0' in phase 0 after tl-index 10
Simulation......
总奖励:-17787.590072637737, 速度奖励:-8627.445766389981, 加速度奖励:-718.0443062479254, 交通灯奖励:-7534.8999999988455, 与前车进行交互的惩罚:-907.2000000000229
Episode:11/100, Reward:-17787.590072637737
Episode:11/100, avg speed:14.060961507318222
Episode:11/100, avg halt num:0.1992200194995125
Episode:11/100, avg elec cons:0.9896482520420525
 Retrying in 1 seconds
Warning: Unused states in tlLogic 'J10', program '0' in phase 0 after tl-index 10
Simulation......
总奖励:-17565.28532734291, 速度奖励:-8270.628909179999, 加速度奖励:-735.556418163092, 交通灯奖励:-7645.299999999054, 与前车进行交互的惩罚:-913.8000000000231
Episode:12/100, Reward:-17565.28532734291
Episode:12/100, avg speed:13.840818564420077
Episode:12/100, avg halt num:0.2072941578407926
Episode:12/100, avg elec cons:1.0847895883358305
 Retrying in 1 seconds
Warning: Unused states in tlLogic 'J10', program '0' in phase 0 after tl-index 10
Simulation......
总奖励:-16090.531984101328, 速度奖励:-7751.520320829986, 加速度奖励:-675.0116632717388, 交通灯奖励:-6974.599999999193, 与前车进行交互的惩罚:-689.4000000000146
Episode:13/100, Reward:-16090.531984101328
Episode:13/100, avg speed:14.023112850486688
Episode:13/100, avg halt num:0.16895859085290482
Episode:13/100, avg elec cons:1.0018554833231823
 Retrying in 1 seconds
Warning: Unused states in tlLogic 'J10', program '0' in phase 0 after tl-index 10
Simulation......
总奖励:-16680.356158645172, 速度奖励:-8558.60562666998, 加速度奖励:-670.8505319754985, 交通灯奖励:-6642.699999998986, 与前车进行交互的惩罚:-808.2000000000191
Episode:14/100, Reward:-16680.356158645172
Episode:14/100, avg speed:13.47900522402031
Episode:14/100, avg halt num:0.19616443068455452
Episode:14/100, avg elec cons:1.0183088216571021
 Retrying in 1 seconds
Warning: Unused states in tlLogic 'J10', program '0' in phase 0 after tl-index 10
Simulation......
总奖励:-18395.301158291226, 速度奖励:-9867.549064999987, 加速度奖励:-692.9520932913297, 交通灯奖励:-6763.799999998868, 与前车进行交互的惩罚:-1071.0000000000202
Episode:15/100, Reward:-18395.301158291226
Episode:15/100, avg speed:13.321807120320802
Episode:15/100, avg halt num:0.23390557939914164
Episode:15/100, avg elec cons:0.913753134314502
 Retrying in 1 seconds
Warning: Unused states in tlLogic 'J10', program '0' in phase 0 after tl-index 10
Simulation......
总奖励:-18301.270611431664, 速度奖励:-9891.08661859999, 加速度奖励:-669.3839928316398, 交通灯奖励:-6841.39999999891, 与前车进行交互的惩罚:-899.4000000000226
Episode:16/100, Reward:-18301.270611431664
Episode:16/100, avg speed:12.708169424789434
Episode:16/100, avg halt num:0.22128440366972477
Episode:16/100, avg elec cons:0.9610117331619599
 Retrying in 1 seconds
Warning: Unused states in tlLogic 'J10', program '0' in phase 0 after tl-index 10
Simulation......
总奖励:-18360.7870643184, 速度奖励:-10211.676915990005, 加速度奖励:-669.510148328473, 交通灯奖励:-6466.199999998687, 与前车进行交互的惩罚:-1013.4000000000269
Episode:17/100, Reward:-18360.7870643184
Episode:17/100, avg speed:13.165985877716832
Episode:17/100, avg halt num:0.22151045178691842
Episode:17/100, avg elec cons:0.8888633253432979
 Retrying in 1 seconds
Warning: Unused states in tlLogic 'J10', program '0' in phase 0 after tl-index 10
Simulation......
总奖励:-17595.55547632992, 速度奖励:-9787.893190679986, 加速度奖励:-671.9622856499169, 交通灯奖励:-6202.099999998934, 与前车进行交互的惩罚:-933.6000000000239
Episode:18/100, Reward:-17595.55547632992
Episode:18/100, avg speed:11.998923264853644
Episode:18/100, avg halt num:0.24398315282791816
Episode:18/100, avg elec cons:1.0614159846436606
 Retrying in 1 seconds
Warning: Unused states in tlLogic 'J10', program '0' in phase 0 after tl-index 10
Simulation......
总奖励:-19024.405475939602, 速度奖励:-11056.034482240015, 加速度奖励:-689.47099369952, 交通灯奖励:-6273.299999999219, 与前车进行交互的惩罚:-1005.6000000000266
Episode:19/100, Reward:-19024.405475939602
Episode:19/100, avg speed:12.571056721003908
Episode:19/100, avg halt num:0.24469195962408632
Episode:19/100, avg elec cons:0.8465361138089541
 Retrying in 1 seconds
Warning: Unused states in tlLogic 'J10', program '0' in phase 0 after tl-index 10
Simulation......
总奖励:-15391.244509568123, 速度奖励:-9537.440792989973, 加速度奖励:-619.5037165785113, 交通灯奖励:-4442.9000000003, 与前车进行交互的惩罚:-791.4000000000185
Episode:20/100, Reward:-15391.244509568123
Episode:20/100, avg speed:13.368163388198264
Episode:20/100, avg halt num:0.16777813923227067
Episode:20/100, avg elec cons:0.8446283833595304
 Retrying in 1 seconds
Warning: Unused states in tlLogic 'J10', program '0' in phase 0 after tl-index 10
Simulation......
总奖励:-16612.727618989225, 速度奖励:-9786.334016469997, 加速度奖励:-674.8936025195762, 交通灯奖励:-5164.499999999804, 与前车进行交互的惩罚:-987.0000000000259
Episode:21/100, Reward:-16612.727618989225
Episode:21/100, avg speed:12.748943445912277
Episode:21/100, avg halt num:0.23479923518164436
Episode:21/100, avg elec cons:1.0252790779679835
 Retrying in 1 seconds
Warning: Unused states in tlLogic 'J10', program '0' in phase 0 after tl-index 10
Simulation......
总奖励:-16874.82069736315, 速度奖励:-10134.610180750002, 加速度奖励:-644.2105166134128, 交通灯奖励:-5203.1999999995805, 与前车进行交互的惩罚:-892.8000000000224
Episode:22/100, Reward:-16874.82069736315
Episode:22/100, avg speed:12.786461619745884
Episode:22/100, avg halt num:0.22542618788538266
Episode:22/100, avg elec cons:0.9597461532941025
 Retrying in 1 seconds
Warning: Unused states in tlLogic 'J10', program '0' in phase 0 after tl-index 10
Simulation......
总奖励:-14230.946865279424, 速度奖励:-8605.976666649998, 加速度奖励:-607.270198629846, 交通灯奖励:-4226.300000000478, 与前车进行交互的惩罚:-791.4000000000185
Episode:23/100, Reward:-14230.946865279424
Episode:23/100, avg speed:13.574897042280634
Episode:23/100, avg halt num:0.15367574663603545
Episode:23/100, avg elec cons:0.9448099567292644
 Retrying in 1 seconds
Warning: Unused states in tlLogic 'J10', program '0' in phase 0 after tl-index 10
Simulation......
总奖励:-14530.227683036788, 速度奖励:-8833.47490619001, 加速度奖励:-616.152776847208, 交通灯奖励:-4340.200000000521, 与前车进行交互的惩罚:-740.4000000000166
Episode:24/100, Reward:-14530.227683036788
Episode:24/100, avg speed:13.282753585136794
Episode:24/100, avg halt num:0.16986034426761937
Episode:24/100, avg elec cons:0.9157971448474893
 Retrying in 1 seconds
Warning: Unused states in tlLogic 'J10', program '0' in phase 0 after tl-index 10
Simulation......
总奖励:-16514.966533084713, 速度奖励:-10883.699560580013, 加速度奖励:-588.7669725050841, 交通灯奖励:-4291.900000000444, 与前车进行交互的惩罚:-750.600000000017
Episode:25/100, Reward:-16514.966533084713
Episode:25/100, avg speed:12.854131556883418
Episode:25/100, avg halt num:0.18710743801652893
Episode:25/100, avg elec cons:0.7730509354407257
 Retrying in 1 seconds
Warning: Unused states in tlLogic 'J10', program '0' in phase 0 after tl-index 10
Simulation......
总奖励:-17119.50060981167, 速度奖励:-10376.326473699992, 加速度奖励:-720.8741361119378, 交通灯奖励:-4948.299999999897, 与前车进行交互的惩罚:-1074.0000000000198
Episode:26/100, Reward:-17119.50060981167
Episode:26/100, avg speed:12.561368104062137
Episode:26/100, avg halt num:0.2456766917293233
Episode:26/100, avg elec cons:1.0422515020694618
 Retrying in 1 seconds
Warning: Unused states in tlLogic 'J10', program '0' in phase 0 after tl-index 10
Simulation......
总奖励:-16004.347053403348, 速度奖励:-10432.739098099933, 加速度奖励:-577.7079553038003, 交通灯奖励:-4271.500000000497, 与前车进行交互的惩罚:-722.4000000000159
Episode:27/100, Reward:-16004.347053403348
Episode:27/100, avg speed:12.625948510156412
Episode:27/100, avg halt num:0.17750170183798503
Episode:27/100, avg elec cons:0.8159632714592551
 Retrying in 1 seconds
Warning: Unused states in tlLogic 'J10', program '0' in phase 0 after tl-index 10
Simulation......
总奖励:-15349.31046760063, 速度奖励:-9897.846062389955, 加速度奖励:-603.0644052110771, 交通灯奖励:-4134.400000000699, 与前车进行交互的惩罚:-714.0000000000156
Episode:28/100, Reward:-15349.31046760063
Episode:28/100, avg speed:12.15806351347687
Episode:28/100, avg halt num:0.2058706862356208
Episode:28/100, avg elec cons:1.058639261630257
 Retrying in 1 seconds
Warning: Unused states in tlLogic 'J10', program '0' in phase 0 after tl-index 10
Simulation......
总奖励:-14817.891792113778, 速度奖励:-9720.574570959956, 加速度奖励:-601.4172211541317, 交通灯奖励:-3690.700000000755, 与前车进行交互的惩罚:-805.200000000019
Episode:29/100, Reward:-14817.891792113778
Episode:29/100, avg speed:12.693872673700692
Episode:29/100, avg halt num:0.19031176006314127
Episode:29/100, avg elec cons:1.052345951118377
 Retrying in 1 seconds
Warning: Unused states in tlLogic 'J10', program '0' in phase 0 after tl-index 10
Simulation......
总奖励:-17290.160275802336, 速度奖励:-11024.707503369975, 加速度奖励:-619.0527724326051, 交通灯奖励:-4869.399999999674, 与前车进行交互的惩罚:-777.000000000018
Episode:30/100, Reward:-17290.160275802336
Episode:30/100, avg speed:12.890411462615168
Episode:30/100, avg halt num:0.23137388926862612
Episode:30/100, avg elec cons:0.8847483209774114
 Retrying in 1 seconds
Warning: Unused states in tlLogic 'J10', program '0' in phase 0 after tl-index 10
Simulation......
总奖励:-14301.409371755452, 速度奖励:-9013.718880100016, 加速度奖励:-628.690491655898, 交通灯奖励:-3900.600000000651, 与前车进行交互的惩罚:-758.4000000000173
Episode:31/100, Reward:-14301.409371755452
Episode:31/100, avg speed:13.290530953687409
Episode:31/100, avg halt num:0.20423697725605283
Episode:31/100, avg elec cons:1.1762810511523445
 Retrying in 1 seconds
Warning: Unused states in tlLogic 'J10', program '0' in phase 0 after tl-index 10
Simulation......
总奖励:-16049.013369145816, 速度奖励:-9746.13891470999, 加速度奖励:-666.8744544363493, 交通灯奖励:-4831.399999999994, 与前车进行交互的惩罚:-804.600000000019
Episode:32/100, Reward:-16049.013369145816
Episode:32/100, avg speed:12.918132692619116
Episode:32/100, avg halt num:0.23918269230769232
Episode:32/100, avg elec cons:1.155928474158784
 Retrying in 1 seconds
Warning: Unused states in tlLogic 'J10', program '0' in phase 0 after tl-index 10
Simulation......
总奖励:-13238.640757621091, 速度奖励:-8228.190560480003, 加速度奖励:-587.8501971414686, 交通灯奖励:-3859.8000000006346, 与前车进行交互的惩罚:-562.8000000000098
Episode:33/100, Reward:-13238.640757621091
Episode:33/100, avg speed:13.37401407825275
Episode:33/100, avg halt num:0.1574931412894376
Episode:33/100, avg elec cons:1.2012236493021151
 Retrying in 1 seconds
Warning: Unused states in tlLogic 'J10', program '0' in phase 0 after tl-index 10
Simulation......
总奖励:-13942.734673413377, 速度奖励:-8912.523706130023, 加速度奖励:-615.4109672837626, 交通灯奖励:-3739.2000000006983, 与前车进行交互的惩罚:-675.6000000000141
Episode:34/100, Reward:-13942.734673413377
Episode:34/100, avg speed:13.479365648242052
Episode:34/100, avg halt num:0.17647560559535994
Episode:34/100, avg elec cons:1.092765094319886
 Retrying in 1 seconds
Warning: Unused states in tlLogic 'J10', program '0' in phase 0 after tl-index 10
Simulation......
总奖励:-14909.537026626213, 速度奖励:-9849.687977029944, 加速度奖励:-601.3490495965949, 交通灯奖励:-3807.5000000006835, 与前车进行交互的惩罚:-651.0000000000132
Episode:35/100, Reward:-14909.537026626213
Episode:35/100, avg speed:13.231970644573291
Episode:35/100, avg halt num:0.20050946142649198
Episode:35/100, avg elec cons:1.0138682118282962
 Retrying in 1 seconds
Warning: Unused states in tlLogic 'J10', program '0' in phase 0 after tl-index 10
Simulation......
总奖励:-13592.0083788215, 速度奖励:-8768.199058189986, 加速度奖励:-588.209320631844, 交通灯奖励:-3647.600000000666, 与前车进行交互的惩罚:-588.0000000000108
Episode:36/100, Reward:-13592.0083788215
Episode:36/100, avg speed:13.169688166349408
Episode:36/100, avg halt num:0.18023255813953487
Episode:36/100, avg elec cons:1.1684124304744596
 Retrying in 1 seconds
Warning: Unused states in tlLogic 'J10', program '0' in phase 0 after tl-index 10
Simulation......
总奖励:-17150.31201715675, 速度奖励:-11524.115213929988, 加速度奖励:-587.4968032269127, 交通灯奖励:-4229.9000000007, 与前车进行交互的惩罚:-808.8000000000192
Episode:37/100, Reward:-17150.31201715675
Episode:37/100, avg speed:11.921890825417904
Episode:37/100, avg halt num:0.22629399585921325
Episode:37/100, avg elec cons:1.037429555481947
 Retrying in 1 seconds
Warning: Unused states in tlLogic 'J10', program '0' in phase 0 after tl-index 10
Simulation......
总奖励:-14999.066039204195, 速度奖励:-10349.625564519898, 加速度奖励:-536.040474684538, 交通灯奖励:-3573.400000000683, 与前车进行交互的惩罚:-540.000000000009
Episode:38/100, Reward:-14999.066039204195
Episode:38/100, avg speed:12.862123325367955
Episode:38/100, avg halt num:0.18733307897748952
Episode:38/100, avg elec cons:1.0545024002689738
 Retrying in 1 seconds
Warning: Unused states in tlLogic 'J10', program '0' in phase 0 after tl-index 10
Simulation......
总奖励:-15049.332937122255, 速度奖励:-9781.187726089993, 加速度奖励:-592.3452110326139, 交通灯奖励:-4126.200000000689, 与前车进行交互的惩罚:-549.6000000000093
Episode:39/100, Reward:-15049.332937122255
Episode:39/100, avg speed:13.11000989966572
Episode:39/100, avg halt num:0.1716672349130583
Episode:39/100, avg elec cons:0.9880980630874259
 Retrying in 1 seconds
Warning: Unused states in tlLogic 'J10', program '0' in phase 0 after tl-index 10
Simulation......
总奖励:-14536.498830759956, 速度奖励:-10119.50523990997, 加速度奖励:-546.2935908503031, 交通灯奖励:-3372.700000000703, 与前车进行交互的惩罚:-498.00000000000745
Episode:40/100, Reward:-14536.498830759956
Episode:40/100, avg speed:12.813361796167504
Episode:40/100, avg halt num:0.15113146551724138
Episode:40/100, avg elec cons:0.9433645493911931
 Retrying in 1 seconds
Warning: Unused states in tlLogic 'J10', program '0' in phase 0 after tl-index 10
Simulation......
总奖励:-13170.292839932086, 速度奖励:-9362.628794419978, 加速度奖励:-527.2640455123545, 交通灯奖励:-2846.0000000006607, 与前车进行交互的惩罚:-434.40000000000504
Episode:41/100, Reward:-13170.292839932086
Episode:41/100, avg speed:12.88896233813657
Episode:41/100, avg halt num:0.12945304066210866
Episode:41/100, avg elec cons:1.037436803833142
 Retrying in 1 seconds
Warning: Unused states in tlLogic 'J10', program '0' in phase 0 after tl-index 10
Simulation......
总奖励:-14646.69636243621, 速度奖励:-10107.49517700995, 加速度奖励:-557.1011854265101, 交通灯奖励:-3429.500000000794, 与前车进行交互的惩罚:-552.6000000000095
Episode:42/100, Reward:-14646.69636243621
Episode:42/100, avg speed:12.638841114086505
Episode:42/100, avg halt num:0.15984072810011377
Episode:42/100, avg elec cons:1.029555980507947
 Retrying in 1 seconds
Warning: Unused states in tlLogic 'J10', program '0' in phase 0 after tl-index 10
Simulation......
总奖励:-15135.681859227576, 速度奖励:-10314.35122508996, 加速度奖励:-545.8306341378197, 交通灯奖励:-3636.5000000006457, 与前车进行交互的惩罚:-639.0000000000127
Episode:43/100, Reward:-15135.681859227576
Episode:43/100, avg speed:12.47156185091159
Episode:43/100, avg halt num:0.15298797050834304
Episode:43/100, avg elec cons:1.1242293006698216
 Retrying in 1 seconds
Warning: Unused states in tlLogic 'J10', program '0' in phase 0 after tl-index 10
Simulation......
总奖励:-13805.677574035475, 速度奖励:-9587.837993249917, 加速度奖励:-528.8395807858091, 交通灯奖励:-3248.6000000005847, 与前车进行交互的惩罚:-440.40000000000526
Episode:44/100, Reward:-13805.677574035475
Episode:44/100, avg speed:12.837898913688397
Episode:44/100, avg halt num:0.12312887915297553
Episode:44/100, avg elec cons:1.051178570780044
 Retrying in 1 seconds
Warning: Unused states in tlLogic 'J10', program '0' in phase 0 after tl-index 10
Simulation......
总奖励:-19716.674702171822, 速度奖励:-14224.948600280077, 加速度奖励:-586.4261018918019, 交通灯奖励:-4061.700000000997, 与前车进行交互的惩罚:-843.6000000000205
Episode:45/100, Reward:-19716.674702171822
Episode:45/100, avg speed:11.147925618928332
Episode:45/100, avg halt num:0.19696132596685084
Episode:45/100, avg elec cons:0.6607980474893341
 Retrying in 1 seconds
Warning: Unused states in tlLogic 'J10', program '0' in phase 0 after tl-index 10
Simulation......
总奖励:-29969.917854150674, 速度奖励:-21170.52139367009, 加速度奖励:-700.9964604792489, 交通灯奖励:-6499.399999997517, 与前车进行交互的惩罚:-1598.9999999999402
Episode:46/100, Reward:-29969.917854150674
Episode:46/100, avg speed:10.954029063629566
Episode:46/100, avg halt num:0.286339058524173
Episode:46/100, avg elec cons:0.46571903885762755
 Retrying in 1 seconds
Warning: Unused states in tlLogic 'J10', program '0' in phase 0 after tl-index 10
Simulation......
总奖励:-18758.997656287946, 速度奖励:-13486.125619339917, 加速度奖励:-570.4720369479194, 交通灯奖励:-3621.2000000007743, 与前车进行交互的惩罚:-1081.2000000000187
Episode:47/100, Reward:-18758.997656287946
Episode:47/100, avg speed:11.723765550859108
Episode:47/100, avg halt num:0.11400742115027829
Episode:47/100, avg elec cons:0.8201983823864216
 Retrying in 1 seconds
Warning: Unused states in tlLogic 'J10', program '0' in phase 0 after tl-index 10
Simulation......
总奖励:-17248.64091910413, 速度奖励:-11812.018164319927, 加速度奖励:-615.2227547842418, 交通灯奖励:-3561.4000000007595, 与前车进行交互的惩罚:-1259.9999999999916
Episode:48/100, Reward:-17248.64091910413
Episode:48/100, avg speed:11.873621918350647
Episode:48/100, avg halt num:0.11005015432098765
Episode:48/100, avg elec cons:0.9721618693848701
 Retrying in 1 seconds
Warning: Unused states in tlLogic 'J10', program '0' in phase 0 after tl-index 10
Simulation......
总奖励:-12915.144520605274, 速度奖励:-8714.211576399974, 加速度奖励:-557.3329442054895, 交通灯奖励:-2871.40000000053, 与前车进行交互的惩罚:-772.2000000000178
Episode:49/100, Reward:-12915.144520605274
Episode:49/100, avg speed:13.684909247697398
Episode:49/100, avg halt num:0.081547064305685
Episode:49/100, avg elec cons:1.1806448765251918
 Retrying in 1 seconds
Warning: Unused states in tlLogic 'J10', program '0' in phase 0 after tl-index 10
Simulation......
总奖励:-13574.053920614093, 速度奖励:-7237.343118499975, 加速度奖励:-729.9108021143744, 交通灯奖励:-4592.800000000072, 与前车进行交互的惩罚:-1014.000000000027
Episode:50/100, Reward:-13574.053920614093
Episode:50/100, avg speed:14.07818465670886
Episode:50/100, avg halt num:0.16623667010663915
Episode:50/100, avg elec cons:1.6324412212616766
 Retrying in 1 seconds
Warning: Unused states in tlLogic 'J10', program '0' in phase 0 after tl-index 10
Simulation......
总奖励:-15432.904631766422, 速度奖励:-8318.515159679999, 加速度奖励:-793.5894720868347, 交通灯奖励:-5144.19999999939, 与前车进行交互的惩罚:-1176.6000000000042
Episode:51/100, Reward:-15432.904631766422
Episode:51/100, avg speed:14.227355683635253
Episode:51/100, avg halt num:0.17642249836494442
Episode:51/100, avg elec cons:1.3945231682904335
 Retrying in 1 seconds
Warning: Unused states in tlLogic 'J10', program '0' in phase 0 after tl-index 10
Simulation......
总奖励:-21451.157311752766, 速度奖励:-12630.746739820011, 加速度奖励:-809.4105719325881, 交通灯奖励:-6492.99999999824, 与前车进行交互的惩罚:-1517.9999999999525
Episode:52/100, Reward:-21451.157311752766
Episode:52/100, avg speed:12.62945199566351
Episode:52/100, avg halt num:0.24420849420849422
Episode:52/100, avg elec cons:1.166783458351658
 Retrying in 1 seconds
Warning: Unused states in tlLogic 'J10', program '0' in phase 0 after tl-index 10
Simulation......
总奖励:-19513.54793851327, 速度奖励:-13082.684269709964, 加速度奖励:-677.7636688034262, 交通灯奖励:-4344.900000000205, 与前车进行交互的惩罚:-1408.1999999999691
Episode:53/100, Reward:-19513.54793851327
Episode:53/100, avg speed:11.871861426073407
Episode:53/100, avg halt num:0.12450331125827814
Episode:53/100, avg elec cons:0.8234114765018932
 Retrying in 1 seconds
Warning: Unused states in tlLogic 'J10', program '0' in phase 0 after tl-index 10
Simulation......
总奖励:-19194.29301578636, 速度奖励:-13288.054795949896, 加速度奖励:-636.3382198362805, 交通灯奖励:-3985.3000000008824, 与前车进行交互的惩罚:-1284.5999999999879
Episode:54/100, Reward:-19194.29301578636
Episode:54/100, avg speed:12.069090433637255
Episode:54/100, avg halt num:0.11572498298162015
Episode:54/100, avg elec cons:0.8129055858126907
 Retrying in 1 seconds
Warning: Unused states in tlLogic 'J10', program '0' in phase 0 after tl-index 10
Simulation......
总奖励:-17178.754030528235, 速度奖励:-11825.08446185002, 加速度奖励:-589.2695686785037, 交通灯奖励:-3585.4000000007045, 与前车进行交互的惩罚:-1179.0000000000039
Episode:55/100, Reward:-17178.754030528235
Episode:55/100, avg speed:11.508878105333837
Episode:55/100, avg halt num:0.15007555723460522
Episode:55/100, avg elec cons:1.0033477147858862
 Retrying in 1 seconds
Warning: Unused states in tlLogic 'J10', program '0' in phase 0 after tl-index 10
Simulation......
总奖励:-16824.921423048156, 速度奖励:-11980.086174429973, 加速度奖励:-574.9352486183806, 交通灯奖励:-3200.7000000008343, 与前车进行交互的惩罚:-1069.2000000000205
Episode:56/100, Reward:-16824.921423048156
Episode:56/100, avg speed:12.122166815548729
Episode:56/100, avg halt num:0.08676001417936902
Episode:56/100, avg elec cons:0.9192296641124789
 Retrying in 1 seconds
Warning: Unused states in tlLogic 'J10', program '0' in phase 0 after tl-index 10
Simulation......
总奖励:-15978.482087920176, 速度奖励:-11376.962823159949, 加速度奖励:-588.1192647604196, 交通灯奖励:-2841.600000000589, 与前车进行交互的惩罚:-1171.800000000005
Episode:57/100, Reward:-15978.482087920176
Episode:57/100, avg speed:11.761492435649972
Episode:57/100, avg halt num:0.11750599520383694
Episode:57/100, avg elec cons:1.0734681947740004
 Retrying in 1 seconds
Warning: Unused states in tlLogic 'J10', program '0' in phase 0 after tl-index 10
Simulation......
总奖励:-15166.532648148614, 速度奖励:-11044.438653929987, 加速度奖励:-559.6939942187204, 交通灯奖励:-2549.6000000007825, 与前车进行交互的惩罚:-1012.8000000000269
Episode:58/100, Reward:-15166.532648148614
Episode:58/100, avg speed:11.862784780726459
Episode:58/100, avg halt num:0.08530209140201395
Episode:58/100, avg elec cons:1.0105272176126563
 Retrying in 1 seconds
Warning: Unused states in tlLogic 'J10', program '0' in phase 0 after tl-index 10
Simulation......
总奖励:-20604.90119309879, 速度奖励:-13991.213869929965, 加速度奖励:-708.8873231687667, 交通灯奖励:-4356.79999999965, 与前车进行交互的惩罚:-1547.999999999948
Episode:59/100, Reward:-20604.90119309879
Episode:59/100, avg speed:11.917009648975572
Episode:59/100, avg halt num:0.13191881918819187
Episode:59/100, avg elec cons:0.8536724903446338
 Retrying in 1 seconds
Warning: Unused states in tlLogic 'J10', program '0' in phase 0 after tl-index 10
Simulation......
总奖励:-15825.562778719126, 速度奖励:-11256.571722109953, 加速度奖励:-569.7910566092683, 交通灯奖励:-2991.8000000007046, 与前车进行交互的惩罚:-1007.4000000000267
Episode:60/100, Reward:-15825.562778719126
Episode:60/100, avg speed:12.58987352962978
Episode:60/100, avg halt num:0.08078778135048231
Episode:60/100, avg elec cons:0.8282756517923839
 Retrying in 1 seconds
Warning: Unused states in tlLogic 'J10', program '0' in phase 0 after tl-index 10
Simulation......
总奖励:-17226.147134074392, 速度奖励:-12147.196843649948, 加速度奖励:-581.1502904245065, 交通灯奖励:-3375.8000000008306, 与前车进行交互的惩罚:-1122.0000000000125
Episode:61/100, Reward:-17226.147134074392
Episode:61/100, avg speed:11.594973643421003
Episode:61/100, avg halt num:0.07501904036557502
Episode:61/100, avg elec cons:0.9359382530760106
 Retrying in 1 seconds
Warning: Unused states in tlLogic 'J10', program '0' in phase 0 after tl-index 10
Simulation......
总奖励:-14768.683790622206, 速度奖励:-11218.625851179859, 加速度奖励:-502.15793944236464, 交通灯奖励:-2263.700000000472, 与前车进行交互的惩罚:-784.2000000000182
Episode:62/100, Reward:-14768.683790622206
Episode:62/100, avg speed:12.253138281581776
Episode:62/100, avg halt num:0.03877412800541822
Episode:62/100, avg elec cons:0.8571201950887423
 Retrying in 1 seconds
Warning: Unused states in tlLogic 'J10', program '0' in phase 0 after tl-index 10
Simulation......
总奖励:-13957.398754507338, 速度奖励:-10656.753288719905, 加速度奖励:-471.84546578741913, 交通灯奖励:-2051.2000000003636, 与前车进行交互的惩罚:-777.600000000018
Episode:63/100, Reward:-13957.398754507338
Episode:63/100, avg speed:12.866529167711738
Episode:63/100, avg halt num:0.03472882968601332
Episode:63/100, avg elec cons:0.8136799652243214
 Retrying in 1 seconds
Warning: Unused states in tlLogic 'J10', program '0' in phase 0 after tl-index 10
Simulation......
总奖励:-15342.745298305292, 速度奖励:-11913.529567389949, 加速度奖励:-484.0157309152977, 交通灯奖励:-2191.600000000611, 与前车进行交互的惩罚:-753.6000000000171
Episode:64/100, Reward:-15342.745298305292
Episode:64/100, avg speed:11.75772795403477
Episode:64/100, avg halt num:0.03501980554555276
Episode:64/100, avg elec cons:0.8312017943267502
 Retrying in 1 seconds
Warning: Unused states in tlLogic 'J10', program '0' in phase 0 after tl-index 10
Simulation......
总奖励:-14568.146220741546, 速度奖励:-11598.1071256599, 加速度奖励:-453.9390950816035, 交通灯奖励:-1876.500000000452, 与前车进行交互的惩罚:-639.6000000000128
Episode:65/100, Reward:-14568.146220741546
Episode:65/100, avg speed:12.037991945478371
Episode:65/100, avg halt num:0.02169677647892313
Episode:65/100, avg elec cons:0.7742949282051804
 Retrying in 1 seconds
Warning: Unused states in tlLogic 'J10', program '0' in phase 0 after tl-index 10
Simulation......
总奖励:-15724.228482309954, 速度奖励:-12535.569938980005, 加速度奖励:-479.15854332996946, 交通灯奖励:-2002.7000000005119, 与前车进行交互的惩罚:-706.8000000000153
Episode:66/100, Reward:-15724.228482309954
Episode:66/100, avg speed:12.877362805912343
Episode:66/100, avg halt num:0.024517434620174347
Episode:66/100, avg elec cons:0.5984812848486809
 Retrying in 1 seconds
Warning: Unused states in tlLogic 'J10', program '0' in phase 0 after tl-index 10
Simulation......
总奖励:-19796.640978682382, 速度奖励:-15438.89728050994, 加速度奖励:-560.6436981722607, 交通灯奖励:-2987.100000000966, 与前车进行交互的惩罚:-810.0000000000192
Episode:67/100, Reward:-19796.640978682382
Episode:67/100, avg speed:11.871303081499523
Episode:67/100, avg halt num:0.06330303979943591
Episode:67/100, avg elec cons:0.4361455246357141
 Retrying in 1 seconds
Warning: Unused states in tlLogic 'J10', program '0' in phase 0 after tl-index 10
Simulation......
总奖励:-22526.657723935805, 速度奖励:-17247.027077719966, 加速度奖励:-613.8306462158463, 交通灯奖励:-3712.4000000011056, 与前车进行交互的惩罚:-953.4000000000246
Episode:68/100, Reward:-22526.657723935805
Episode:68/100, avg speed:11.293356086460973
Episode:68/100, avg halt num:0.12491909385113269
Episode:68/100, avg elec cons:0.4038665513764696
 Retrying in 1 seconds
Warning: Unused states in tlLogic 'J10', program '0' in phase 0 after tl-index 10
Simulation......
总奖励:-22455.927906758356, 速度奖励:-17344.12150459988, 加速度奖励:-591.9064021580816, 交通灯奖励:-3536.50000000108, 与前车进行交互的惩罚:-983.4000000000258
Episode:69/100, Reward:-22455.927906758356
Episode:69/100, avg speed:10.781263042065278
Episode:69/100, avg halt num:0.11013412816691505
Episode:69/100, avg elec cons:0.37971352365005007
 Retrying in 1 seconds
Warning: Unused states in tlLogic 'J10', program '0' in phase 0 after tl-index 10
Simulation......
总奖励:-21597.871785448875, 速度奖励:-16779.483014029935, 加速度奖励:-579.9887714186838, 交通灯奖励:-3346.8000000009615, 与前车进行交互的惩罚:-891.6000000000223
Episode:70/100, Reward:-21597.871785448875
Episode:70/100, avg speed:11.044922672034023
Episode:70/100, avg halt num:0.11001887385970431
Episode:70/100, avg elec cons:0.4026700394896572
 Retrying in 1 seconds
Warning: Unused states in tlLogic 'J10', program '0' in phase 0 after tl-index 10
Simulation......
总奖励:-24255.26369661573, 速度奖励:-18206.630202640117, 加速度奖励:-644.7334939755237, 交通灯奖励:-4275.300000000484, 与前车进行交互的惩罚:-1128.6000000000115
Episode:71/100, Reward:-24255.26369661573
Episode:71/100, avg speed:11.02227419165331
Episode:71/100, avg halt num:0.14691791759821143
Episode:71/100, avg elec cons:0.4143895577512964
 Retrying in 1 seconds
Warning: Unused states in tlLogic 'J10', program '0' in phase 0 after tl-index 10
Simulation......
总奖励:-24320.754235109915, 速度奖励:-18685.845828980066, 加速度奖励:-627.4084061295355, 交通灯奖励:-3959.90000000096, 与前车进行交互的惩罚:-1047.6000000000238
Episode:72/100, Reward:-24320.754235109915
Episode:72/100, avg speed:9.83343090807406
Episode:72/100, avg halt num:0.16984450203628285
Episode:72/100, avg elec cons:0.45132460339909125
 Retrying in 1 seconds
Warning: Unused states in tlLogic 'J10', program '0' in phase 0 after tl-index 10
Simulation......
总奖励:-20232.479352012633, 速度奖励:-16099.963790789929, 加速度奖励:-548.4155612225371, 交通灯奖励:-2819.1000000009094, 与前车进行交互的惩罚:-765.0000000000175
Episode:73/100, Reward:-20232.479352012633
Episode:73/100, avg speed:11.17025567561353
Episode:73/100, avg halt num:0.06568287037037036
Episode:73/100, avg elec cons:0.3725061362352741
 Retrying in 1 seconds
Warning: Unused states in tlLogic 'J10', program '0' in phase 0 after tl-index 10
Simulation......
总奖励:-23851.10448623788, 速度奖励:-18151.847867120032, 加速度奖励:-611.0566191178974, 交通灯奖励:-3975.200000001189, 与前车进行交互的惩罚:-1113.0000000000139
Episode:74/100, Reward:-23851.10448623788
Episode:74/100, avg speed:11.30959337181598
Episode:74/100, avg halt num:0.1275323812686815
Episode:74/100, avg elec cons:0.4447292690410277
 Retrying in 1 seconds
Warning: Unused states in tlLogic 'J10', program '0' in phase 0 after tl-index 10
Simulation......
总奖励:-21148.40793428999, 速度奖励:-16876.058149060016, 加速度奖励:-568.149785230026, 交通灯奖励:-2827.000000000871, 与前车进行交互的惩罚:-877.2000000000218
Episode:75/100, Reward:-21148.40793428999
Episode:75/100, avg speed:11.541256979252621
Episode:75/100, avg halt num:0.09291893623838514
Episode:75/100, avg elec cons:0.4284111482740432
 Retrying in 1 seconds
Warning: Unused states in tlLogic 'J10', program '0' in phase 0 after tl-index 10
Simulation......
总奖励:-23332.6597132697, 速度奖励:-17738.988627359893, 加速度奖励:-600.1710859097047, 交通灯奖励:-3889.5000000011123, 与前车进行交互的惩罚:-1104.0000000000152
Episode:76/100, Reward:-23332.6597132697
Episode:76/100, avg speed:10.548826019894392
Episode:76/100, avg halt num:0.16003427265803502
Episode:76/100, avg elec cons:0.5260242043638653
 Retrying in 1 seconds
Warning: Unused states in tlLogic 'J10', program '0' in phase 0 after tl-index 10
Simulation......
总奖励:-22355.181880214088, 速度奖励:-16948.12449341, 加速度奖励:-584.2573868039849, 交通灯奖励:-3743.400000001015, 与前车进行交互的惩罚:-1079.400000000019
Episode:77/100, Reward:-22355.181880214088
Episode:77/100, avg speed:11.302651907069425
Episode:77/100, avg halt num:0.12384728882331243
Episode:77/100, avg elec cons:0.5638487663326097
 Retrying in 1 seconds
Warning: Unused states in tlLogic 'J10', program '0' in phase 0 after tl-index 10
Simulation......
总奖励:-18369.986113947478, 速度奖励:-14378.360309719925, 加速度奖励:-507.82580422759173, 交通灯奖励:-2740.400000000717, 与前车进行交互的惩罚:-743.4000000000167
Episode:78/100, Reward:-18369.986113947478
Episode:78/100, avg speed:11.209643565703761
Episode:78/100, avg halt num:0.07487877657590451
Episode:78/100, avg elec cons:0.637882321581804
 Retrying in 1 seconds
Warning: Unused states in tlLogic 'J10', program '0' in phase 0 after tl-index 10
Simulation......
总奖励:-18624.334177065117, 速度奖励:-14794.00826716991, 加速度奖励:-523.8259098952224, 交通灯奖励:-2517.5000000007526, 与前车进行交互的惩罚:-789.0000000000184
Episode:79/100, Reward:-18624.334177065117
Episode:79/100, avg speed:11.110146761836093
Episode:79/100, avg halt num:0.07374856706152083
Episode:79/100, avg elec cons:0.6518806091746202
 Retrying in 1 seconds
Warning: Unused states in tlLogic 'J10', program '0' in phase 0 after tl-index 10
Simulation......
总奖励:-17985.054121070847, 速度奖励:-13832.924396609942, 加速度奖励:-496.4297244609776, 交通灯奖励:-2998.700000000826, 与前车进行交互的惩罚:-657.0000000000134
Episode:80/100, Reward:-17985.054121070847
Episode:80/100, avg speed:11.640961549599956
Episode:80/100, avg halt num:0.06318870523415977
Episode:80/100, avg elec cons:0.6898543757800755
 Retrying in 1 seconds
Warning: Unused states in tlLogic 'J10', program '0' in phase 0 after tl-index 10
Simulation......
总奖励:-14505.810753838767, 速度奖励:-11426.63297797993, 加速度奖励:-445.07777585874726, 交通灯奖励:-2095.9000000006495, 与前车进行交互的惩罚:-538.2000000000089
Episode:81/100, Reward:-14505.810753838767
Episode:81/100, avg speed:12.001238904510265
Episode:81/100, avg halt num:0.022074659009332375
Episode:81/100, avg elec cons:0.8327094392630756
 Retrying in 1 seconds
Warning: Unused states in tlLogic 'J10', program '0' in phase 0 after tl-index 10
Simulation......
总奖励:-13086.21867528371, 速度奖励:-10524.073121209929, 加速度奖励:-417.94555407366255, 交通灯奖励:-1766.2000000003486, 与前车进行交互的惩罚:-378.0000000000029
Episode:82/100, Reward:-13086.21867528371
Episode:82/100, avg speed:12.170284692576107
Episode:82/100, avg halt num:0.003823529411764706
Episode:82/100, avg elec cons:1.0186028148860429
 Retrying in 1 seconds
Warning: Unused states in tlLogic 'J10', program '0' in phase 0 after tl-index 10
Simulation......
总奖励:-13322.56509420417, 速度奖励:-10781.66247377996, 加速度奖励:-428.30262042422964, 交通灯奖励:-1596.0000000003447, 与前车进行交互的惩罚:-516.6000000000081
Episode:83/100, Reward:-13322.56509420417
Episode:83/100, avg speed:12.709841692110592
Episode:83/100, avg halt num:0.012153950033760972
Episode:83/100, avg elec cons:0.8431181673881777
 Retrying in 1 seconds
Warning: Unused states in tlLogic 'J10', program '0' in phase 0 after tl-index 10
Simulation......
总奖励:-11597.230132829136, 速度奖励:-9570.317023849924, 加速度奖励:-405.1131089792222, 交通灯奖励:-1194.5999999999965, 与前车进行交互的惩罚:-427.20000000000476
Episode:84/100, Reward:-11597.230132829136
Episode:84/100, avg speed:12.527285489248472
Episode:84/100, avg halt num:0.005845674201091193
Episode:84/100, avg elec cons:1.0639549761578408
 Retrying in 1 seconds
Warning: Unused states in tlLogic 'J10', program '0' in phase 0 after tl-index 10
Simulation......
总奖励:-12816.00349190378, 速度奖励:-10406.42936948996, 加速度奖励:-418.87412241373426, 交通灯奖励:-1553.3000000002094, 与前车进行交互的惩罚:-437.40000000000515
Episode:85/100, Reward:-12816.00349190378
Episode:85/100, avg speed:13.006011082632032
Episode:85/100, avg halt num:0.008388704318936877
Episode:85/100, avg elec cons:0.8763517427818209
 Retrying in 1 seconds
Warning: Unused states in tlLogic 'J10', program '0' in phase 0 after tl-index 10
Simulation......
总奖励:-11353.720308698217, 速度奖励:-9031.918835389875, 加速度奖励:-386.40147330813164, 交通灯奖励:-1672.6000000003048, 与前车进行交互的惩罚:-262.79999999999853
Episode:86/100, Reward:-11353.720308698217
Episode:86/100, avg speed:13.271088276852193
Episode:86/100, avg halt num:7.601094557616297e-05
Episode:86/100, avg elec cons:0.936301419257121
 Retrying in 1 seconds
Warning: Unused states in tlLogic 'J10', program '0' in phase 0 after tl-index 10
Simulation......
总奖励:-13453.582743517045, 速度奖励:-10859.706705649916, 加速度奖励:-433.3760378670463, 交通灯奖励:-1708.1000000003405, 与前车进行交互的惩罚:-452.4000000000057
Episode:87/100, Reward:-13453.582743517045
Episode:87/100, avg speed:12.049113170172827
Episode:87/100, avg halt num:0.006753990994678674
Episode:87/100, avg elec cons:1.102003081375159
 Retrying in 1 seconds
Warning: Unused states in tlLogic 'J10', program '0' in phase 0 after tl-index 10
Simulation......
总奖励:-13102.463991844366, 速度奖励:-10428.146609759953, 加速度奖励:-420.5173820843925, 交通灯奖励:-1904.6000000005022, 与前车进行交互的惩罚:-349.2000000000018
Episode:88/100, Reward:-13102.463991844366
Episode:88/100, avg speed:13.018838085596078
Episode:88/100, avg halt num:0.003524672708962739
Episode:88/100, avg elec cons:0.94667346464292
 Retrying in 1 seconds
Warning: Unused states in tlLogic 'J10', program '0' in phase 0 after tl-index 10
Simulation......
总奖励:-12928.391082460517, 速度奖励:-10503.00440496993, 加速度奖励:-424.28667749052016, 交通灯奖励:-1633.9000000003293, 与前车进行交互的惩罚:-367.2000000000025
Episode:89/100, Reward:-12928.391082460517
Episode:89/100, avg speed:12.286611135207211
Episode:89/100, avg halt num:0.000368052999631947
Episode:89/100, avg elec cons:1.0289781933038538
 Retrying in 1 seconds
Warning: Unused states in tlLogic 'J10', program '0' in phase 0 after tl-index 10
Simulation......
总奖励:-13672.444900304048, 速度奖励:-11206.090434439917, 加速度奖励:-437.9544658640997, 交通灯奖励:-1609.0000000003506, 与前车进行交互的惩罚:-419.40000000000447
Episode:90/100, Reward:-13672.444900304048
Episode:90/100, avg speed:11.79143079480809
Episode:90/100, avg halt num:0.02584204413472706
Episode:90/100, avg elec cons:0.9459893233676724
 Retrying in 1 seconds
Warning: Unused states in tlLogic 'J10', program '0' in phase 0 after tl-index 10
Simulation......
总奖励:-16109.548841541304, 速度奖励:-12731.589510309916, 加速度奖励:-486.35933123135385, 交通灯奖励:-2384.6000000006247, 与前车进行交互的惩罚:-507.0000000000078
Episode:91/100, Reward:-16109.548841541304
Episode:91/100, avg speed:11.269492614605223
Episode:91/100, avg halt num:0.025633749527052593
Episode:91/100, avg elec cons:0.8273114478430684
 Retrying in 1 seconds
Warning: Unused states in tlLogic 'J10', program '0' in phase 0 after tl-index 10
Simulation......
总奖励:-14748.170377671195, 速度奖励:-12218.30206431996, 加速度奖励:-452.66831335124857, 交通灯奖励:-1671.000000000503, 与前车进行交互的惩罚:-406.20000000000397
Episode:92/100, Reward:-14748.170377671195
Episode:92/100, avg speed:11.627113462620592
Episode:92/100, avg halt num:0.03647949759881788
Episode:92/100, avg elec cons:0.7944343607085814
 Retrying in 1 seconds
Warning: Unused states in tlLogic 'J10', program '0' in phase 0 after tl-index 10
Simulation......
总奖励:-21208.91943515431, 速度奖励:-16129.15147348993, 加速度奖励:-581.6679616643976, 交通灯奖励:-3595.1000000009276, 与前车进行交互的惩罚:-903.0000000000227
Episode:93/100, Reward:-21208.91943515431
Episode:93/100, avg speed:11.393622632368313
Episode:93/100, avg halt num:0.11347949654892407
Episode:93/100, avg elec cons:0.7687452988542868
 Retrying in 1 seconds
Warning: Unused states in tlLogic 'J10', program '0' in phase 0 after tl-index 10
Simulation......
总奖励:-16501.006209157327, 速度奖励:-13255.507306799946, 加速度奖励:-482.398902357364, 交通灯奖励:-2262.70000000051, 与前车进行交互的惩罚:-500.40000000000754
Episode:94/100, Reward:-16501.006209157327
Episode:94/100, avg speed:12.020391826090796
Episode:94/100, avg halt num:0.03185869924067349
Episode:94/100, avg elec cons:0.6747059223920369
 Retrying in 1 seconds
Warning: Unused states in tlLogic 'J10', program '0' in phase 0 after tl-index 10
Simulation......
总奖励:-20561.470125253436, 速度奖励:-15552.557146499908, 加速度奖励:-537.6129787533677, 交通灯奖励:-3846.1000000007734, 与前车进行交互的惩罚:-625.2000000000122
Episode:95/100, Reward:-20561.470125253436
Episode:95/100, avg speed:10.984332201961308
Episode:95/100, avg halt num:0.06270965337308983
Episode:95/100, avg elec cons:0.7286005644900977
 Retrying in 1 seconds
Warning: Unused states in tlLogic 'J10', program '0' in phase 0 after tl-index 10
Simulation......
总奖励:-18173.691937848267, 速度奖励:-14319.159681969964, 加速度奖励:-506.3322558783992, 交通灯奖励:-2750.600000000781, 与前车进行交互的惩罚:-597.6000000000112
Episode:96/100, Reward:-18173.691937848267
Episode:96/100, avg speed:11.366594086091451
Episode:96/100, avg halt num:0.0752371916508539
Episode:96/100, avg elec cons:0.7635032065868567
 Retrying in 1 seconds
Warning: Unused states in tlLogic 'J10', program '0' in phase 0 after tl-index 10
Simulation......
总奖励:-16122.046946801931, 速度奖励:-12839.860293039888, 加速度奖励:-471.58665376201225, 交通灯奖励:-2214.800000000706, 与前车进行交互的惩罚:-595.8000000000111
Episode:97/100, Reward:-16122.046946801931
Episode:97/100, avg speed:11.816624958064546
Episode:97/100, avg halt num:0.038834951456310676
Episode:97/100, avg elec cons:0.8393656052978099
 Retrying in 1 seconds
Warning: Unused states in tlLogic 'J10', program '0' in phase 0 after tl-index 10
Simulation......
总奖励:-13606.931649264607, 速度奖励:-11310.840730419939, 加速度奖励:-431.1909188445323, 交通灯奖励:-1507.3000000002116, 与前车进行交互的惩罚:-357.6000000000021
Episode:98/100, Reward:-13606.931649264607
Episode:98/100, avg speed:11.409157339249825
Episode:98/100, avg halt num:0.013883532587736213
Episode:98/100, avg elec cons:0.8751799154430528
 Retrying in 1 seconds
Warning: Unused states in tlLogic 'J10', program '0' in phase 0 after tl-index 10
Simulation......
总奖励:-14619.332426464556, 速度奖励:-12028.254530049988, 加速度奖励:-453.27789641466666, 交通灯奖励:-1681.8000000002535, 与前车进行交互的惩罚:-456.00000000000585
Episode:99/100, Reward:-14619.332426464556
Episode:99/100, avg speed:12.647074566244221
Episode:99/100, avg halt num:0.03699932111337407
Episode:99/100, avg elec cons:0.706162838387767
 Retrying in 1 seconds
Warning: Unused states in tlLogic 'J10', program '0' in phase 0 after tl-index 10
Simulation......
总奖励:-18339.174181619608, 速度奖励:-14495.804467539885, 加速度奖励:-509.06971407966637, 交通灯奖励:-2693.500000000687, 与前车进行交互的惩罚:-640.8000000000128
Episode:100/100, Reward:-18339.174181619608
Episode:100/100, avg speed:12.102568139754107
Episode:100/100, avg halt num:0.06469911213416639
Episode:100/100, avg elec cons:0.6164969749874784
model saved successfully!
Complete training!
final reward list:[-41687.05015915951, -30149.2662090558, -20073.337925189247, -20463.99269024908, -20103.696416674105, -21110.6959949988, -21463.146844986884, -20121.18886874848, -19768.777532818673, -19248.537047583315, -17787.590072637737, -17565.28532734291, -16090.531984101328, -16680.356158645172, -18395.301158291226, -18301.270611431664, -18360.7870643184, -17595.55547632992, -19024.405475939602, -15391.244509568123, -16612.727618989225, -16874.82069736315, -14230.946865279424, -14530.227683036788, -16514.966533084713, -17119.50060981167, -16004.347053403348, -15349.31046760063, -14817.891792113778, -17290.160275802336, -14301.409371755452, -16049.013369145816, -13238.640757621091, -13942.734673413377, -14909.537026626213, -13592.0083788215, -17150.31201715675, -14999.066039204195, -15049.332937122255, -14536.498830759956, -13170.292839932086, -14646.69636243621, -15135.681859227576, -13805.677574035475, -19716.674702171822, -29969.917854150674, -18758.997656287946, -17248.64091910413, -12915.144520605274, -13574.053920614093, -15432.904631766422, -21451.157311752766, -19513.54793851327, -19194.29301578636, -17178.754030528235, -16824.921423048156, -15978.482087920176, -15166.532648148614, -20604.90119309879, -15825.562778719126, -17226.147134074392, -14768.683790622206, -13957.398754507338, -15342.745298305292, -14568.146220741546, -15724.228482309954, -19796.640978682382, -22526.657723935805, -22455.927906758356, -21597.871785448875, -24255.26369661573, -24320.754235109915, -20232.479352012633, -23851.10448623788, -21148.40793428999, -23332.6597132697, -22355.181880214088, -18369.986113947478, -18624.334177065117, -17985.054121070847, -14505.810753838767, -13086.21867528371, -13322.56509420417, -11597.230132829136, -12816.00349190378, -11353.720308698217, -13453.582743517045, -13102.463991844366, -12928.391082460517, -13672.444900304048, -16109.548841541304, -14748.170377671195, -21208.91943515431, -16501.006209157327, -20561.470125253436, -18173.691937848267, -16122.046946801931, -13606.931649264607, -14619.332426464556, -18339.174181619608]
final speed list:[11.571891994765664, 12.617762779208249, 14.449345831187207, 13.029057030718473, 13.085995728650138, 13.705568665040877, 13.484821457138898, 13.433093496299518, 13.499761546642848, 13.392259356590404, 14.060961507318222, 13.840818564420077, 14.023112850486688, 13.47900522402031, 13.321807120320802, 12.708169424789434, 13.165985877716832, 11.998923264853644, 12.571056721003908, 13.368163388198264, 12.748943445912277, 12.786461619745884, 13.574897042280634, 13.282753585136794, 12.854131556883418, 12.561368104062137, 12.625948510156412, 12.15806351347687, 12.693872673700692, 12.890411462615168, 13.290530953687409, 12.918132692619116, 13.37401407825275, 13.479365648242052, 13.231970644573291, 13.169688166349408, 11.921890825417904, 12.862123325367955, 13.11000989966572, 12.813361796167504, 12.88896233813657, 12.638841114086505, 12.47156185091159, 12.837898913688397, 11.147925618928332, 10.954029063629566, 11.723765550859108, 11.873621918350647, 13.684909247697398, 14.07818465670886, 14.227355683635253, 12.62945199566351, 11.871861426073407, 12.069090433637255, 11.508878105333837, 12.122166815548729, 11.761492435649972, 11.862784780726459, 11.917009648975572, 12.58987352962978, 11.594973643421003, 12.253138281581776, 12.866529167711738, 11.75772795403477, 12.037991945478371, 12.877362805912343, 11.871303081499523, 11.293356086460973, 10.781263042065278, 11.044922672034023, 11.02227419165331, 9.83343090807406, 11.17025567561353, 11.30959337181598, 11.541256979252621, 10.548826019894392, 11.302651907069425, 11.209643565703761, 11.110146761836093, 11.640961549599956, 12.001238904510265, 12.170284692576107, 12.709841692110592, 12.527285489248472, 13.006011082632032, 13.271088276852193, 12.049113170172827, 13.018838085596078, 12.286611135207211, 11.79143079480809, 11.269492614605223, 11.627113462620592, 11.393622632368313, 12.020391826090796, 10.984332201961308, 11.366594086091451, 11.816624958064546, 11.409157339249825, 12.647074566244221, 12.102568139754107]
final elec cons list:[0.5118727312341393, 0.9450684984371064, 1.5559871373586047, 1.507058391395189, 1.3842754564404414, 1.3135393104175908, 1.0970755676368056, 0.8856969893077805, 0.969857408352883, 1.0656175149770442, 0.9896482520420525, 1.0847895883358305, 1.0018554833231823, 1.0183088216571021, 0.913753134314502, 0.9610117331619599, 0.8888633253432979, 1.0614159846436606, 0.8465361138089541, 0.8446283833595304, 1.0252790779679835, 0.9597461532941025, 0.9448099567292644, 0.9157971448474893, 0.7730509354407257, 1.0422515020694618, 0.8159632714592551, 1.058639261630257, 1.052345951118377, 0.8847483209774114, 1.1762810511523445, 1.155928474158784, 1.2012236493021151, 1.092765094319886, 1.0138682118282962, 1.1684124304744596, 1.037429555481947, 1.0545024002689738, 0.9880980630874259, 0.9433645493911931, 1.037436803833142, 1.029555980507947, 1.1242293006698216, 1.051178570780044, 0.6607980474893341, 0.46571903885762755, 0.8201983823864216, 0.9721618693848701, 1.1806448765251918, 1.6324412212616766, 1.3945231682904335, 1.166783458351658, 0.8234114765018932, 0.8129055858126907, 1.0033477147858862, 0.9192296641124789, 1.0734681947740004, 1.0105272176126563, 0.8536724903446338, 0.8282756517923839, 0.9359382530760106, 0.8571201950887423, 0.8136799652243214, 0.8312017943267502, 0.7742949282051804, 0.5984812848486809, 0.4361455246357141, 0.4038665513764696, 0.37971352365005007, 0.4026700394896572, 0.4143895577512964, 0.45132460339909125, 0.3725061362352741, 0.4447292690410277, 0.4284111482740432, 0.5260242043638653, 0.5638487663326097, 0.637882321581804, 0.6518806091746202, 0.6898543757800755, 0.8327094392630756, 1.0186028148860429, 0.8431181673881777, 1.0639549761578408, 0.8763517427818209, 0.936301419257121, 1.102003081375159, 0.94667346464292, 1.0289781933038538, 0.9459893233676724, 0.8273114478430684, 0.7944343607085814, 0.7687452988542868, 0.6747059223920369, 0.7286005644900977, 0.7635032065868567, 0.8393656052978099, 0.8751799154430528, 0.706162838387767, 0.6164969749874784]
final halt list:[0.43525957972805934, 0.32556760420196545, 0.27225806451612905, 0.3221990915972748, 0.3022432113341204, 0.2969335604770017, 0.2922750424448217, 0.2493008079552517, 0.24010533035429302, 0.24432599724896836, 0.1992200194995125, 0.2072941578407926, 0.16895859085290482, 0.19616443068455452, 0.23390557939914164, 0.22128440366972477, 0.22151045178691842, 0.24398315282791816, 0.24469195962408632, 0.16777813923227067, 0.23479923518164436, 0.22542618788538266, 0.15367574663603545, 0.16986034426761937, 0.18710743801652893, 0.2456766917293233, 0.17750170183798503, 0.2058706862356208, 0.19031176006314127, 0.23137388926862612, 0.20423697725605283, 0.23918269230769232, 0.1574931412894376, 0.17647560559535994, 0.20050946142649198, 0.18023255813953487, 0.22629399585921325, 0.18733307897748952, 0.1716672349130583, 0.15113146551724138, 0.12945304066210866, 0.15984072810011377, 0.15298797050834304, 0.12312887915297553, 0.19696132596685084, 0.286339058524173, 0.11400742115027829, 0.11005015432098765, 0.081547064305685, 0.16623667010663915, 0.17642249836494442, 0.24420849420849422, 0.12450331125827814, 0.11572498298162015, 0.15007555723460522, 0.08676001417936902, 0.11750599520383694, 0.08530209140201395, 0.13191881918819187, 0.08078778135048231, 0.07501904036557502, 0.03877412800541822, 0.03472882968601332, 0.03501980554555276, 0.02169677647892313, 0.024517434620174347, 0.06330303979943591, 0.12491909385113269, 0.11013412816691505, 0.11001887385970431, 0.14691791759821143, 0.16984450203628285, 0.06568287037037036, 0.1275323812686815, 0.09291893623838514, 0.16003427265803502, 0.12384728882331243, 0.07487877657590451, 0.07374856706152083, 0.06318870523415977, 0.022074659009332375, 0.003823529411764706, 0.012153950033760972, 0.005845674201091193, 0.008388704318936877, 7.601094557616297e-05, 0.006753990994678674, 0.003524672708962739, 0.000368052999631947, 0.02584204413472706, 0.025633749527052593, 0.03647949759881788, 0.11347949654892407, 0.03185869924067349, 0.06270965337308983, 0.0752371916508539, 0.038834951456310676, 0.013883532587736213, 0.03699932111337407, 0.06469911213416639]
speed reward list:[-20798.801454970253, -14731.741349380045, -8176.746892930006, -8773.319654989993, -8808.06720265997, -9138.17213496002, -9853.540295390003, -9673.47939514001, -9275.48031047001, -8950.235975339976, -8627.445766389981, -8270.628909179999, -7751.520320829986, -8558.60562666998, -9867.549064999987, -9891.08661859999, -10211.676915990005, -9787.893190679986, -11056.034482240015, -9537.440792989973, -9786.334016469997, -10134.610180750002, -8605.976666649998, -8833.47490619001, -10883.699560580013, -10376.326473699992, -10432.739098099933, -9897.846062389955, -9720.574570959956, -11024.707503369975, -9013.718880100016, -9746.13891470999, -8228.190560480003, -8912.523706130023, -9849.687977029944, -8768.199058189986, -11524.115213929988, -10349.625564519898, -9781.187726089993, -10119.50523990997, -9362.628794419978, -10107.49517700995, -10314.35122508996, -9587.837993249917, -14224.948600280077, -21170.52139367009, -13486.125619339917, -11812.018164319927, -8714.211576399974, -7237.343118499975, -8318.515159679999, -12630.746739820011, -13082.684269709964, -13288.054795949896, -11825.08446185002, -11980.086174429973, -11376.962823159949, -11044.438653929987, -13991.213869929965, -11256.571722109953, -12147.196843649948, -11218.625851179859, -10656.753288719905, -11913.529567389949, -11598.1071256599, -12535.569938980005, -15438.89728050994, -17247.027077719966, -17344.12150459988, -16779.483014029935, -18206.630202640117, -18685.845828980066, -16099.963790789929, -18151.847867120032, -16876.058149060016, -17738.988627359893, -16948.12449341, -14378.360309719925, -14794.00826716991, -13832.924396609942, -11426.63297797993, -10524.073121209929, -10781.66247377996, -9570.317023849924, -10406.42936948996, -9031.918835389875, -10859.706705649916, -10428.146609759953, -10503.00440496993, -11206.090434439917, -12731.589510309916, -12218.30206431996, -16129.15147348993, -13255.507306799946, -15552.557146499908, -14319.159681969964, -12839.860293039888, -11310.840730419939, -12028.254530049988, -14495.804467539885]
accel reward list:[-944.1487041903957, -953.4248596737366, -1240.791032258885, -1076.2730352586732, -952.3292140137575, -1015.8238600380625, -893.2065495964142, -812.0094736081086, -789.9972223483592, -774.1010722431914, -718.0443062479254, -735.556418163092, -675.0116632717388, -670.8505319754985, -692.9520932913297, -669.3839928316398, -669.510148328473, -671.9622856499169, -689.47099369952, -619.5037165785113, -674.8936025195762, -644.2105166134128, -607.270198629846, -616.152776847208, -588.7669725050841, -720.8741361119378, -577.7079553038003, -603.0644052110771, -601.4172211541317, -619.0527724326051, -628.690491655898, -666.8744544363493, -587.8501971414686, -615.4109672837626, -601.3490495965949, -588.209320631844, -587.4968032269127, -536.040474684538, -592.3452110326139, -546.2935908503031, -527.2640455123545, -557.1011854265101, -545.8306341378197, -528.8395807858091, -586.4261018918019, -700.9964604792489, -570.4720369479194, -615.2227547842418, -557.3329442054895, -729.9108021143744, -793.5894720868347, -809.4105719325881, -677.7636688034262, -636.3382198362805, -589.2695686785037, -574.9352486183806, -588.1192647604196, -559.6939942187204, -708.8873231687667, -569.7910566092683, -581.1502904245065, -502.15793944236464, -471.84546578741913, -484.0157309152977, -453.9390950816035, -479.15854332996946, -560.6436981722607, -613.8306462158463, -591.9064021580816, -579.9887714186838, -644.7334939755237, -627.4084061295355, -548.4155612225371, -611.0566191178974, -568.149785230026, -600.1710859097047, -584.2573868039849, -507.82580422759173, -523.8259098952224, -496.4297244609776, -445.07777585874726, -417.94555407366255, -428.30262042422964, -405.1131089792222, -418.87412241373426, -386.40147330813164, -433.3760378670463, -420.5173820843925, -424.28667749052016, -437.9544658640997, -486.35933123135385, -452.66831335124857, -581.6679616643976, -482.398902357364, -537.6129787533677, -506.3322558783992, -471.58665376201225, -431.1909188445323, -453.27789641466666, -509.06971407966637]
tls reward list:[-17538.699999998185, -12891.499999997854, -9167.799999998719, -9065.199999998671, -8909.299999998831, -9426.699999998507, -9365.199999998542, -8627.099999998441, -8670.099999998663, -8492.199999998797, -7534.8999999988455, -7645.299999999054, -6974.599999999193, -6642.699999998986, -6763.799999998868, -6841.39999999891, -6466.199999998687, -6202.099999998934, -6273.299999999219, -4442.9000000003, -5164.499999999804, -5203.1999999995805, -4226.300000000478, -4340.200000000521, -4291.900000000444, -4948.299999999897, -4271.500000000497, -4134.400000000699, -3690.700000000755, -4869.399999999674, -3900.600000000651, -4831.399999999994, -3859.8000000006346, -3739.2000000006983, -3807.5000000006835, -3647.600000000666, -4229.9000000007, -3573.400000000683, -4126.200000000689, -3372.700000000703, -2846.0000000006607, -3429.500000000794, -3636.5000000006457, -3248.6000000005847, -4061.700000000997, -6499.399999997517, -3621.2000000007743, -3561.4000000007595, -2871.40000000053, -4592.800000000072, -5144.19999999939, -6492.99999999824, -4344.900000000205, -3985.3000000008824, -3585.4000000007045, -3200.7000000008343, -2841.600000000589, -2549.6000000007825, -4356.79999999965, -2991.8000000007046, -3375.8000000008306, -2263.700000000472, -2051.2000000003636, -2191.600000000611, -1876.500000000452, -2002.7000000005119, -2987.100000000966, -3712.4000000011056, -3536.50000000108, -3346.8000000009615, -4275.300000000484, -3959.90000000096, -2819.1000000009094, -3975.200000001189, -2827.000000000871, -3889.5000000011123, -3743.400000001015, -2740.400000000717, -2517.5000000007526, -2998.700000000826, -2095.9000000006495, -1766.2000000003486, -1596.0000000003447, -1194.5999999999965, -1553.3000000002094, -1672.6000000003048, -1708.1000000003405, -1904.6000000005022, -1633.9000000003293, -1609.0000000003506, -2384.6000000006247, -1671.000000000503, -3595.1000000009276, -2262.70000000051, -3846.1000000007734, -2750.600000000781, -2214.800000000706, -1507.3000000002116, -1681.8000000002535, -2693.500000000687]
