nohup: 忽略输入
Env:sumo, Algorithm:SAC, Device:cuda
-----------------------------------------
models/reward_s0.11_a8e-2_t(-2_0.1)_safe(3, 0.9).pth
-----------------------------------------
 Retrying in 1 seconds
Warning: Unused states in tlLogic 'J10', program '0' in phase 0 after tl-index 10
Simulation......
总奖励:-44011.157827474286, 速度奖励:-22013.208598260204, 加速度奖励:-968.4492292149972, 交通灯奖励:-17398.89999999774, 与前车进行交互的惩罚:-3630.600000000245
Episode:1/100, Reward:-44011.157827474286
Episode:1/100, avg speed:11.032690065944585
Episode:1/100, avg halt num:0.43259878419452885
Episode:1/100, avg elec cons:0.45167046154159696
 Retrying in 1 seconds
Warning: Unused states in tlLogic 'J10', program '0' in phase 0 after tl-index 10
Simulation......
总奖励:-94316.14917305151, 速度奖励:-51356.376005873986, 加速度奖励:-3669.973167164802, 交通灯奖励:-33085.200000014294, 与前车进行交互的惩罚:-6204.59999999944
Episode:2/100, Reward:-94316.14917305151
Episode:2/100, avg speed:8.471950831557002
Episode:2/100, avg halt num:0.41734461438333875
Episode:2/100, avg elec cons:0.4157300588457793
 Retrying in 1 seconds
Warning: Unused states in tlLogic 'J10', program '0' in phase 0 after tl-index 10
Simulation......
总奖励:-23609.812100956246, 速度奖励:-9775.444072569959, 加速度奖励:-1262.7680283852635, 交通灯奖励:-9856.299999998466, 与前车进行交互的惩罚:-2715.3000000001525
Episode:3/100, Reward:-23609.812100956246
Episode:3/100, avg speed:14.189263693871885
Episode:3/100, avg halt num:0.2557276540819619
Episode:3/100, avg elec cons:1.4119706524745972
 Retrying in 1 seconds
Warning: Unused states in tlLogic 'J10', program '0' in phase 0 after tl-index 10
Simulation......
总奖励:-19932.93300486284, 速度奖励:-7937.953482360002, 加速度奖励:-836.9795225025076, 交通灯奖励:-9316.599999998718, 与前车进行交互的惩罚:-1841.4000000000644
Episode:4/100, Reward:-19932.93300486284
Episode:4/100, avg speed:13.294375125106985
Episode:4/100, avg halt num:0.2711414486158513
Episode:4/100, avg elec cons:1.442060874158605
 Retrying in 1 seconds
Warning: Unused states in tlLogic 'J10', program '0' in phase 0 after tl-index 10
Simulation......
总奖励:-19403.997983488425, 速度奖励:-7686.044506249992, 加速度奖励:-971.3534772382459, 交通灯奖励:-8650.499999999027, 与前车进行交互的惩罚:-2096.10000000009
Episode:5/100, Reward:-19403.997983488425
Episode:5/100, avg speed:13.685909661334899
Episode:5/100, avg halt num:0.258461235733963
Episode:5/100, avg elec cons:1.55272706085255
 Retrying in 1 seconds
Warning: Unused states in tlLogic 'J10', program '0' in phase 0 after tl-index 10
Simulation......
总奖励:-20413.685304805338, 速度奖励:-8477.24581121, 加速度奖励:-851.9394935946813, 交通灯奖励:-9113.49999999853, 与前车进行交互的惩罚:-1971.0000000000775
Episode:6/100, Reward:-20413.685304805338
Episode:6/100, avg speed:13.910510732320905
Episode:6/100, avg halt num:0.25797421106209706
Episode:6/100, avg elec cons:1.2221557330948642
 Retrying in 1 seconds
Warning: Unused states in tlLogic 'J10', program '0' in phase 0 after tl-index 10
Simulation......
总奖励:-21406.646248608038, 速度奖励:-10944.554428499949, 加速度奖励:-686.5918201077908, 交通灯奖励:-8325.59999999829, 与前车进行交互的惩罚:-1449.9000000000249
Episode:7/100, Reward:-21406.646248608038
Episode:7/100, avg speed:13.012017026615851
Episode:7/100, avg halt num:0.21042798913043478
Episode:7/100, avg elec cons:0.8127679029779761
 Retrying in 1 seconds
Warning: Unused states in tlLogic 'J10', program '0' in phase 0 after tl-index 10
Simulation......
总奖励:-22338.871202298185, 速度奖励:-13145.293719139976, 加速度奖励:-663.9774831577647, 交通灯奖励:-7483.799999998138, 与前车进行交互的惩罚:-1045.799999999984
Episode:8/100, Reward:-22338.871202298185
Episode:8/100, avg speed:12.767602523636413
Episode:8/100, avg halt num:0.17545065688970363
Episode:8/100, avg elec cons:0.6467375032155686
 Retrying in 1 seconds
Warning: Unused states in tlLogic 'J10', program '0' in phase 0 after tl-index 10
Simulation......
总奖励:-19841.41988367643, 速度奖励:-12650.38545429996, 加速度奖励:-581.634429376266, 交通灯奖励:-5960.499999999297, 与前车进行交互的惩罚:-648.8999999999912
Episode:9/100, Reward:-19841.41988367643
Episode:9/100, avg speed:12.263976765776823
Episode:9/100, avg halt num:0.1210292249047014
Episode:9/100, avg elec cons:0.6328000197165551
 Retrying in 1 seconds
Warning: Unused states in tlLogic 'J10', program '0' in phase 0 after tl-index 10
Simulation......
总奖励:-17013.304150555763, 速度奖励:-10863.822580379969, 加速度奖励:-511.28157017586403, 交通灯奖励:-5078.399999999662, 与前车进行交互的惩罚:-559.7999999999935
Episode:10/100, Reward:-17013.304150555763
Episode:10/100, avg speed:12.654634577614972
Episode:10/100, avg halt num:0.09456484930579072
Episode:10/100, avg elec cons:0.8342486717783042
 Retrying in 1 seconds
Warning: Unused states in tlLogic 'J10', program '0' in phase 0 after tl-index 10
Simulation......
总奖励:-15636.565943931839, 速度奖励:-10393.106016369973, 加速度奖励:-491.4599275620078, 交通灯奖励:-3935.700000000787, 与前车进行交互的惩罚:-816.299999999987
Episode:11/100, Reward:-15636.565943931839
Episode:11/100, avg speed:13.470568781289629
Episode:11/100, avg halt num:0.0691233140655106
Episode:11/100, avg elec cons:0.9048296846412542
 Retrying in 1 seconds
Warning: Unused states in tlLogic 'J10', program '0' in phase 0 after tl-index 10
Simulation......
总奖励:-16985.812541214702, 速度奖励:-11292.892066389966, 加速度奖励:-524.1204748248406, 交通灯奖励:-4177.9000000005335, 与前车进行交互的惩罚:-990.8999999999826
Episode:12/100, Reward:-16985.812541214702
Episode:12/100, avg speed:12.842608240369723
Episode:12/100, avg halt num:0.07817725752508362
Episode:12/100, avg elec cons:0.8722280255354156
 Retrying in 1 seconds
Warning: Unused states in tlLogic 'J10', program '0' in phase 0 after tl-index 10
Simulation......
总奖励:-17357.733556986837, 速度奖励:-12260.613235529901, 加速度奖励:-530.4203214569627, 交通灯奖励:-3584.8000000008824, 与前车进行交互的惩罚:-981.8999999999828
Episode:13/100, Reward:-17357.733556986837
Episode:13/100, avg speed:12.56933379585698
Episode:13/100, avg halt num:0.06500765696784074
Episode:13/100, avg elec cons:0.7384665681647198
 Retrying in 1 seconds
Warning: Unused states in tlLogic 'J10', program '0' in phase 0 after tl-index 10
Simulation......
总奖励:-16299.796363159765, 速度奖励:-11530.852231139952, 加速度奖励:-482.9441320199225, 交通灯奖励:-3383.300000000652, 与前车进行交互的惩罚:-902.6999999999848
Episode:14/100, Reward:-16299.796363159765
Episode:14/100, avg speed:12.478605872836141
Episode:14/100, avg halt num:0.060588035350101974
Episode:14/100, avg elec cons:0.8425233742608772
 Retrying in 1 seconds
Warning: Unused states in tlLogic 'J10', program '0' in phase 0 after tl-index 10
Simulation......
总奖励:-17967.93626266814, 速度奖励:-12734.991639919921, 加速度奖励:-520.0446227482691, 交通灯奖励:-3592.4000000007445, 与前车进行交互的惩罚:-1120.4999999999916
Episode:15/100, Reward:-17967.93626266814
Episode:15/100, avg speed:12.61858457871001
Episode:15/100, avg halt num:0.089087656529517
Episode:15/100, avg elec cons:0.8355753929786621
 Retrying in 1 seconds
Warning: Unused states in tlLogic 'J10', program '0' in phase 0 after tl-index 10
Simulation......
总奖励:-16225.564856019848, 速度奖励:-11641.816626109954, 加速度奖励:-479.74822991005976, 交通灯奖励:-3108.6000000007093, 与前车进行交互的惩罚:-995.3999999999825
Episode:16/100, Reward:-16225.564856019848
Episode:16/100, avg speed:11.99290148295445
Episode:16/100, avg halt num:0.05974264705882353
Episode:16/100, avg elec cons:0.9242380112989325
 Retrying in 1 seconds
Warning: Unused states in tlLogic 'J10', program '0' in phase 0 after tl-index 10
Simulation......
总奖励:-14095.639035135155, 速度奖励:-10029.911034329942, 加速度奖励:-459.82800080526977, 交通灯奖励:-2666.300000000617, 与前车进行交互的惩罚:-939.5999999999839
Episode:17/100, Reward:-14095.639035135155
Episode:17/100, avg speed:13.107292756378005
Episode:17/100, avg halt num:0.032233502538071064
Episode:17/100, avg elec cons:0.9322129021974471
 Retrying in 1 seconds
Warning: Unused states in tlLogic 'J10', program '0' in phase 0 after tl-index 10
Simulation......
总奖励:-14847.531717415288, 速度奖励:-10492.632047479889, 加速度奖励:-516.9996699353619, 交通灯奖励:-2644.500000000764, 与前车进行交互的惩罚:-1193.399999999999
Episode:18/100, Reward:-14847.531717415288
Episode:18/100, avg speed:11.686235659803735
Episode:18/100, avg halt num:0.07315112540192927
Episode:18/100, avg elec cons:1.1566147698241558
 Retrying in 1 seconds
Warning: Unused states in tlLogic 'J10', program '0' in phase 0 after tl-index 10
Simulation......
总奖励:-16843.016563446312, 速度奖励:-10908.845590499932, 加速度奖励:-600.6709729465125, 交通灯奖励:-3753.1000000007784, 与前车进行交互的惩罚:-1580.400000000038
Episode:19/100, Reward:-16843.016563446312
Episode:19/100, avg speed:12.627284939723262
Episode:19/100, avg halt num:0.12394440534834623
Episode:19/100, avg elec cons:0.9726655150870345
 Retrying in 1 seconds
Warning: Unused states in tlLogic 'J10', program '0' in phase 0 after tl-index 10
Simulation......
总奖励:-15272.742516094288, 速度奖励:-9013.661694839979, 加速度奖励:-594.6808212545482, 交通灯奖励:-4167.700000000552, 与前车进行交互的惩罚:-1496.7000000000296
Episode:20/100, Reward:-15272.742516094288
Episode:20/100, avg speed:13.62185180952297
Episode:20/100, avg halt num:0.10515480895915678
Episode:20/100, avg elec cons:1.097408385909351
 Retrying in 1 seconds
Warning: Unused states in tlLogic 'J10', program '0' in phase 0 after tl-index 10
Simulation......
总奖励:-15063.331832887503, 速度奖励:-9705.734450939954, 加速度奖励:-578.7973819476534, 交通灯奖励:-3326.200000000818, 与前车进行交互的惩罚:-1452.6000000000251
Episode:21/100, Reward:-15063.331832887503
Episode:21/100, avg speed:12.918984405158467
Episode:21/100, avg halt num:0.11595866819747416
Episode:21/100, avg elec cons:1.1912577439605925
 Retrying in 1 seconds
Warning: Unused states in tlLogic 'J10', program '0' in phase 0 after tl-index 10
Simulation......
总奖励:-14485.138251023815, 速度奖励:-9542.559270529984, 加速度奖励:-549.9789804940092, 交通灯奖励:-3196.5000000005875, 与前车进行交互的惩罚:-1196.0999999999992
Episode:22/100, Reward:-14485.138251023815
Episode:22/100, avg speed:12.886024573254174
Episode:22/100, avg halt num:0.10516805204192266
Episode:22/100, avg elec cons:1.164947424777047
 Retrying in 1 seconds
Warning: Unused states in tlLogic 'J10', program '0' in phase 0 after tl-index 10
Simulation......
总奖励:-14281.711945236024, 速度奖励:-10132.365791789922, 加速度奖励:-507.846153446202, 交通灯奖励:-2350.0000000005075, 与前车进行交互的惩罚:-1291.5000000000089
Episode:23/100, Reward:-14281.711945236024
Episode:23/100, avg speed:13.153373860687653
Episode:23/100, avg halt num:0.0564621409921671
Episode:23/100, avg elec cons:0.904019806581058
 Retrying in 1 seconds
Warning: Unused states in tlLogic 'J10', program '0' in phase 0 after tl-index 10
Simulation......
总奖励:-14727.053847552672, 速度奖励:-10026.419742459997, 加速度奖励:-529.2341050927477, 交通灯奖励:-2923.1000000007107, 与前车进行交互的惩罚:-1248.3000000000045
Episode:24/100, Reward:-14727.053847552672
Episode:24/100, avg speed:12.983876546293189
Episode:24/100, avg halt num:0.07020103761348898
Episode:24/100, avg elec cons:0.9611783304524452
 Retrying in 1 seconds
Warning: Unused states in tlLogic 'J10', program '0' in phase 0 after tl-index 10
Simulation......
总奖励:-14006.617002543411, 速度奖励:-9722.805467429991, 加速度奖励:-524.7115351135191, 交通灯奖励:-2595.400000000672, 与前车进行交互的惩罚:-1163.699999999996
Episode:25/100, Reward:-14006.617002543411
Episode:25/100, avg speed:13.233699908800446
Episode:25/100, avg halt num:0.0775347912524851
Episode:25/100, avg elec cons:1.0407790915492912
 Retrying in 1 seconds
Warning: Unused states in tlLogic 'J10', program '0' in phase 0 after tl-index 10
Simulation......
总奖励:-16758.74814376358, 速度奖励:-10980.128990929907, 加速度奖励:-614.4191528337631, 交通灯奖励:-3702.600000000768, 与前车进行交互的惩罚:-1461.600000000026
Episode:26/100, Reward:-16758.74814376358
Episode:26/100, avg speed:12.38952339784502
Episode:26/100, avg halt num:0.12537678975131877
Episode:26/100, avg elec cons:1.1517430026155642
 Retrying in 1 seconds
Warning: Unused states in tlLogic 'J10', program '0' in phase 0 after tl-index 10
Simulation......
总奖励:-14233.870810249697, 速度奖励:-9918.083414469967, 加速度奖励:-526.9873957798244, 交通灯奖励:-2593.6000000007384, 与前车进行交互的惩罚:-1195.1999999999991
Episode:27/100, Reward:-14233.870810249697
Episode:27/100, avg speed:13.059435454358148
Episode:27/100, avg halt num:0.07848736587054345
Episode:27/100, avg elec cons:1.0589497898242366
 Retrying in 1 seconds
Warning: Unused states in tlLogic 'J10', program '0' in phase 0 after tl-index 10
Simulation......
总奖励:-13686.903759688948, 速度奖励:-9786.770965619891, 加速度奖励:-509.93279406908175, 交通灯奖励:-2338.1000000004656, 与前车进行交互的惩罚:-1052.0999999999847
Episode:28/100, Reward:-13686.903759688948
Episode:28/100, avg speed:12.206538526643326
Episode:28/100, avg halt num:0.06709233791748527
Episode:28/100, avg elec cons:1.2320426404297398
 Retrying in 1 seconds
Warning: Unused states in tlLogic 'J10', program '0' in phase 0 after tl-index 10
Simulation......
总奖励:-14533.639993462824, 速度奖励:-10141.555207300018, 加速度奖励:-539.084786162946, 交通灯奖励:-2521.900000000636, 与前车进行交互的惩罚:-1331.1000000000129
Episode:29/100, Reward:-14533.639993462824
Episode:29/100, avg speed:12.470392372888838
Episode:29/100, avg halt num:0.07883939038686986
Episode:29/100, avg elec cons:1.1323984887179692
 Retrying in 1 seconds
Warning: Unused states in tlLogic 'J10', program '0' in phase 0 after tl-index 10
Simulation......
总奖励:-14996.11737745747, 速度奖励:-9794.838616969948, 加速度奖励:-551.6787604876569, 交通灯奖励:-3347.3000000006386, 与前车进行交互的惩罚:-1302.30000000001
Episode:30/100, Reward:-14996.11737745747
Episode:30/100, avg speed:13.114932637249943
Episode:30/100, avg halt num:0.07593856655290103
Episode:30/100, avg elec cons:1.1158165840946823
 Retrying in 1 seconds
Warning: Unused states in tlLogic 'J10', program '0' in phase 0 after tl-index 10
Simulation......
总奖励:-14915.56702321701, 速度奖励:-10147.619874479962, 加速度奖励:-536.7471487372194, 交通灯奖励:-2984.7000000005196, 与前车进行交互的惩罚:-1246.5000000000043
Episode:31/100, Reward:-14915.56702321701
Episode:31/100, avg speed:12.870590936785561
Episode:31/100, avg halt num:0.08523334520840756
Episode:31/100, avg elec cons:1.0599179414823683
 Retrying in 1 seconds
Warning: Unused states in tlLogic 'J10', program '0' in phase 0 after tl-index 10
Simulation......
总奖励:-16213.303429374193, 速度奖励:-11655.679515479946, 加速度奖励:-530.3239138944062, 交通灯奖励:-2828.5000000005994, 与前车进行交互的惩罚:-1198.7999999999995
Episode:32/100, Reward:-16213.303429374193
Episode:32/100, avg speed:12.114718598558943
Episode:32/100, avg halt num:0.07683943457774556
Episode:32/100, avg elec cons:0.9409673613191946
 Retrying in 1 seconds
Warning: Unused states in tlLogic 'J10', program '0' in phase 0 after tl-index 10
Simulation......
总奖励:-15273.251095949458, 速度奖励:-11132.108067189942, 加速度奖励:-514.1430287595904, 交通灯奖励:-2487.600000000554, 与前车进行交互的惩罚:-1139.3999999999935
Episode:33/100, Reward:-15273.251095949458
Episode:33/100, avg speed:12.395813141778742
Episode:33/100, avg halt num:0.06347062795408508
Episode:33/100, avg elec cons:0.9457351582351692
 Retrying in 1 seconds
Warning: Unused states in tlLogic 'J10', program '0' in phase 0 after tl-index 10
Simulation......
总奖励:-17408.817203045197, 速度奖励:-12948.807566089976, 加速度奖励:-509.3096369553563, 交通灯奖励:-2627.700000000838, 与前车进行交互的惩罚:-1323.000000000012
Episode:34/100, Reward:-17408.817203045197
Episode:34/100, avg speed:12.161883324176369
Episode:34/100, avg halt num:0.0554706082229018
Episode:34/100, avg elec cons:0.7919223896453754
 Retrying in 1 seconds
Warning: Unused states in tlLogic 'J10', program '0' in phase 0 after tl-index 10
Simulation......
总奖励:-17340.601255907277, 速度奖励:-12121.166838659925, 加速度奖励:-562.7344172473742, 交通灯奖励:-3141.100000000856, 与前车进行交互的惩罚:-1515.6000000000315
Episode:35/100, Reward:-17340.601255907277
Episode:35/100, avg speed:12.287327379522901
Episode:35/100, avg halt num:0.07848941514172945
Episode:35/100, avg elec cons:0.8663260124131739
 Retrying in 1 seconds
Warning: Unused states in tlLogic 'J10', program '0' in phase 0 after tl-index 10
Simulation......
总奖励:-21501.23114323772, 速度奖励:-15326.347943279987, 加速度奖励:-588.2831999576321, 交通灯奖励:-3716.4000000009432, 与前车进行交互的惩罚:-1870.2000000000673
Episode:36/100, Reward:-21501.23114323772
Episode:36/100, avg speed:11.2209267809656
Episode:36/100, avg halt num:0.11015761821366024
Episode:36/100, avg elec cons:0.6576338311940416
 Retrying in 1 seconds
Warning: Unused states in tlLogic 'J10', program '0' in phase 0 after tl-index 10
Simulation......
总奖励:-27601.24412572627, 速度奖励:-18570.388323410094, 加速度奖励:-655.8558023155595, 交通灯奖励:-5996.299999998866, 与前车进行交互的惩罚:-2378.7000000001185
Episode:37/100, Reward:-27601.24412572627
Episode:37/100, avg speed:10.167057836728173
Episode:37/100, avg halt num:0.22272018706157443
Episode:37/100, avg elec cons:0.6835984862338057
 Retrying in 1 seconds
Warning: Unused states in tlLogic 'J10', program '0' in phase 0 after tl-index 10
Simulation......
总奖励:-31515.415053396257, 速度奖励:-20663.01548993028, 加速度奖励:-716.2995634648038, 交通灯奖励:-7299.299999997451, 与前车进行交互的惩罚:-2836.800000000165
Episode:38/100, Reward:-31515.415053396257
Episode:38/100, avg speed:10.565649020334394
Episode:38/100, avg halt num:0.30268022181146026
Episode:38/100, avg elec cons:0.5966238069632052
 Retrying in 1 seconds
Warning: Unused states in tlLogic 'J10', program '0' in phase 0 after tl-index 10
Simulation......
总奖励:-26802.5971935741, 速度奖励:-17847.853802570004, 加速度奖励:-667.043391003464, 交通灯奖励:-5815.399999998193, 与前车进行交互的惩罚:-2472.300000000128
Episode:39/100, Reward:-26802.5971935741
Episode:39/100, avg speed:10.814825504378634
Episode:39/100, avg halt num:0.17837928715534634
Episode:39/100, avg elec cons:0.5761626817530943
 Retrying in 1 seconds
Warning: Unused states in tlLogic 'J10', program '0' in phase 0 after tl-index 10
Simulation......
总奖励:-29462.597112205465, 速度奖励:-19351.552906180103, 加速度奖励:-706.1442060247473, 交通灯奖励:-6676.0999999980095, 与前车进行交互的惩罚:-2728.800000000154
Episode:40/100, Reward:-29462.597112205465
Episode:40/100, avg speed:10.57832523894736
Episode:40/100, avg halt num:0.2617241379310345
Episode:40/100, avg elec cons:0.6013448548170545
 Retrying in 1 seconds
Warning: Unused states in tlLogic 'J10', program '0' in phase 0 after tl-index 10
Simulation......
总奖励:-20433.570362564424, 速度奖励:-13669.036603199973, 加速度奖励:-631.1337593644115, 交通灯奖励:-3904.1000000009217, 与前车进行交互的惩罚:-2229.3000000001034
Episode:41/100, Reward:-20433.570362564424
Episode:41/100, avg speed:11.725473962802429
Episode:41/100, avg halt num:0.11349262122276879
Episode:41/100, avg elec cons:0.7470810516888458
 Retrying in 1 seconds
Warning: Unused states in tlLogic 'J10', program '0' in phase 0 after tl-index 10
Simulation......
总奖励:-23497.302758265916, 速度奖励:-15944.374838589976, 加速度奖励:-652.327919675625, 交通灯奖励:-4636.199999999673, 与前车进行交互的惩罚:-2264.400000000107
Episode:42/100, Reward:-23497.302758265916
Episode:42/100, avg speed:11.094217691721056
Episode:42/100, avg halt num:0.14037575327897908
Episode:42/100, avg elec cons:0.6744529943381774
 Retrying in 1 seconds
Warning: Unused states in tlLogic 'J10', program '0' in phase 0 after tl-index 10
Simulation......
总奖励:-27157.34477332289, 速度奖励:-17558.95763853002, 加速度奖励:-723.6871347925396, 交通灯奖励:-6041.499999998618, 与前车进行交互的惩罚:-2833.2000000001644
Episode:43/100, Reward:-27157.34477332289
Episode:43/100, avg speed:10.489154518635562
Episode:43/100, avg halt num:0.24488829988640667
Episode:43/100, avg elec cons:0.7211474986013932
 Retrying in 1 seconds
Warning: Unused states in tlLogic 'J10', program '0' in phase 0 after tl-index 10
Simulation......
总奖励:-28789.469247267894, 速度奖励:-18613.919362830104, 加速度奖励:-700.549884436837, 交通灯奖励:-6727.299999998185, 与前车进行交互的惩罚:-2747.700000000156
Episode:44/100, Reward:-28789.469247267894
Episode:44/100, avg speed:10.424008442740009
Episode:44/100, avg halt num:0.261148769175883
Episode:44/100, avg elec cons:0.6896375715369703
 Retrying in 1 seconds
Warning: Unused states in tlLogic 'J10', program '0' in phase 0 after tl-index 10
Simulation......
总奖励:-32521.799982923814, 速度奖励:-20764.93296801005, 加速度奖励:-788.1670149126595, 交通灯奖励:-7454.1999999977315, 与前车进行交互的惩罚:-3514.5000000002333
Episode:45/100, Reward:-32521.799982923814
Episode:45/100, avg speed:10.060166283202246
Episode:45/100, avg halt num:0.3383998508019396
Episode:45/100, avg elec cons:0.6314081300910556
 Retrying in 1 seconds
Warning: Unused states in tlLogic 'J10', program '0' in phase 0 after tl-index 10
Simulation......
总奖励:-28869.981580538046, 速度奖励:-17979.598813659963, 加速度奖励:-768.5827668775353, 交通灯奖励:-6985.299999997732, 与前车进行交互的惩罚:-3136.500000000195
Episode:46/100, Reward:-28869.981580538046
Episode:46/100, avg speed:11.63104841282438
Episode:46/100, avg halt num:0.24723276407337128
Episode:46/100, avg elec cons:0.6683717562713626
 Retrying in 1 seconds
Warning: Unused states in tlLogic 'J10', program '0' in phase 0 after tl-index 10
Simulation......
总奖励:-30778.776695252483, 速度奖励:-18781.90703939017, 加速度奖励:-848.8696558615463, 交通灯奖励:-7790.999999997366, 与前车进行交互的惩罚:-3357.0000000002174
Episode:47/100, Reward:-30778.776695252483
Episode:47/100, avg speed:10.393058204279951
Episode:47/100, avg halt num:0.26601295430010796
Episode:47/100, avg elec cons:0.7370606625417929
 Retrying in 1 seconds
Warning: Unused states in tlLogic 'J10', program '0' in phase 0 after tl-index 10
Simulation......
总奖励:-37275.517944795014, 速度奖励:-21808.521613010307, 加速度奖励:-979.4963317843428, 交通灯奖励:-10283.599999996435, 与前车进行交互的惩罚:-4203.900000000249
Episode:48/100, Reward:-37275.517944795014
Episode:48/100, avg speed:9.613575790944388
Episode:48/100, avg halt num:0.39669811320754716
Episode:48/100, avg elec cons:0.7533253789142735
 Retrying in 1 seconds
Warning: Unused states in tlLogic 'J10', program '0' in phase 0 after tl-index 10
Simulation......
总奖励:-35702.53445388282, 速度奖励:-21579.788635790046, 加速度奖励:-999.6458180922593, 交通灯奖励:-9310.699999997036, 与前车进行交互的惩罚:-3812.4000000002634
Episode:49/100, Reward:-35702.53445388282
Episode:49/100, avg speed:9.978809909603173
Episode:49/100, avg halt num:0.33264033264033266
Episode:49/100, avg elec cons:0.6034945959496644
 Retrying in 1 seconds
Warning: Unused states in tlLogic 'J10', program '0' in phase 0 after tl-index 10
Simulation......
总奖励:-36514.219620696706, 速度奖励:-21588.34738126017, 加速度奖励:-965.0722394360879, 交通灯奖励:-9855.899999996946, 与前车进行交互的惩罚:-4104.900000000289
Episode:50/100, Reward:-36514.219620696706
Episode:50/100, avg speed:10.370979999239646
Episode:50/100, avg halt num:0.3534876140808344
Episode:50/100, avg elec cons:0.5965819974758115
 Retrying in 1 seconds
Warning: Unused states in tlLogic 'J10', program '0' in phase 0 after tl-index 10
Simulation......
总奖励:-43029.62377087512, 速度奖励:-25160.063001040122, 加速度奖励:-969.6607698356801, 交通灯奖励:-12561.899999996305, 与前车进行交互的惩罚:-4338.000000000195
Episode:51/100, Reward:-43029.62377087512
Episode:51/100, avg speed:10.193381784317577
Episode:51/100, avg halt num:0.39388992537313433
Episode:51/100, avg elec cons:0.5094288244344493
 Retrying in 1 seconds
Warning: Unused states in tlLogic 'J10', program '0' in phase 0 after tl-index 10
Simulation......
总奖励:-40562.33934533208, 速度奖励:-23110.218742050292, 加速度奖励:-944.3206032821881, 交通灯奖励:-12401.099999996348, 与前车进行交互的惩罚:-4106.700000000288
Episode:52/100, Reward:-40562.33934533208
Episode:52/100, avg speed:9.941497424078076
Episode:52/100, avg halt num:0.3733913043478261
Episode:52/100, avg elec cons:0.5981649304170206
 Retrying in 1 seconds
Warning: Unused states in tlLogic 'J10', program '0' in phase 0 after tl-index 10
Simulation......
总奖励:-37262.411318698585, 速度奖励:-22169.57809814026, 加速度奖励:-913.3332205581252, 交通灯奖励:-10395.899999996587, 与前车进行交互的惩罚:-3783.6000000002605
Episode:53/100, Reward:-37262.411318698585
Episode:53/100, avg speed:9.742819739782119
Episode:53/100, avg halt num:0.31580234833659493
Episode:53/100, avg elec cons:0.5133318534256043
 Retrying in 1 seconds
Warning: Unused states in tlLogic 'J10', program '0' in phase 0 after tl-index 10
Simulation......
总奖励:-38185.45327474023, 速度奖励:-22917.455999900103, 加速度奖励:-940.1972748398316, 交通灯奖励:-10590.099999996632, 与前车进行交互的惩罚:-3737.700000000256
Episode:54/100, Reward:-38185.45327474023
Episode:54/100, avg speed:9.67256048046741
Episode:54/100, avg halt num:0.3240232483048111
Episode:54/100, avg elec cons:0.4759238159121584
 Retrying in 1 seconds
Warning: Unused states in tlLogic 'J10', program '0' in phase 0 after tl-index 10
Simulation......
总奖励:-35380.97044420994, 速度奖励:-20936.904406770165, 加速度奖励:-851.8660374384845, 交通灯奖励:-10128.099999997043, 与前车进行交互的惩罚:-3464.100000000228
Episode:55/100, Reward:-35380.97044420994
Episode:55/100, avg speed:9.131925820837795
Episode:55/100, avg halt num:0.35554114158636024
Episode:55/100, avg elec cons:0.5615608086082657
 Retrying in 1 seconds
Warning: Unused states in tlLogic 'J10', program '0' in phase 0 after tl-index 10
Simulation......
总奖励:-35430.51160384356, 速度奖励:-21829.156916050255, 加速度奖励:-822.2546877924249, 交通灯奖励:-9403.199999996772, 与前车进行交互的惩罚:-3375.9000000002193
Episode:56/100, Reward:-35430.51160384356
Episode:56/100, avg speed:9.92079257458032
Episode:56/100, avg halt num:0.32947077135939123
Episode:56/100, avg elec cons:0.48970315484389765
 Retrying in 1 seconds
Warning: Unused states in tlLogic 'J10', program '0' in phase 0 after tl-index 10
Simulation......
总奖励:-27946.505202037813, 速度奖励:-18019.82435176, 加速度奖励:-717.0808502774455, 交通灯奖励:-6419.599999997827, 与前车进行交互的惩罚:-2790.00000000016
Episode:57/100, Reward:-27946.505202037813
Episode:57/100, avg speed:9.747740049976727
Episode:57/100, avg halt num:0.24451840250587314
Episode:57/100, avg elec cons:0.5370404529808874
 Retrying in 1 seconds
Warning: Unused states in tlLogic 'J10', program '0' in phase 0 after tl-index 10
Simulation......
总奖励:-29167.48920048897, 速度奖励:-19349.964427859883, 加速度奖励:-704.3247726282641, 交通灯奖励:-6375.399999997851, 与前车进行交互的惩罚:-2737.800000000155
Episode:58/100, Reward:-29167.48920048897
Episode:58/100, avg speed:9.624291879704751
Episode:58/100, avg halt num:0.23787528868360278
Episode:58/100, avg elec cons:0.5013301260963314
 Retrying in 1 seconds
Warning: Unused states in tlLogic 'J10', program '0' in phase 0 after tl-index 10
Simulation......
总奖励:-34269.07068264928, 速度奖励:-23647.954933130233, 加速度奖励:-692.0157495183989, 交通灯奖励:-7054.499999997415, 与前车进行交互的惩罚:-2874.6000000001686
Episode:59/100, Reward:-34269.07068264928
Episode:59/100, avg speed:10.198993805693485
Episode:59/100, avg halt num:0.3318198005698006
Episode:59/100, avg elec cons:0.3869364721506487
 Retrying in 1 seconds
Warning: Unused states in tlLogic 'J10', program '0' in phase 0 after tl-index 10
Simulation......
总奖励:-24384.025719058438, 速度奖励:-19083.83652373006, 加速度奖励:-593.4891953283188, 交通灯奖励:-3405.300000000942, 与前车进行交互的惩罚:-1301.4000000000099
Episode:60/100, Reward:-24384.025719058438
Episode:60/100, avg speed:10.557683170969632
Episode:60/100, avg halt num:0.11226777706598334
Episode:60/100, avg elec cons:0.3308004709884473
 Retrying in 1 seconds
Warning: Unused states in tlLogic 'J10', program '0' in phase 0 after tl-index 10
Simulation......
总奖励:-25247.43830301926, 速度奖励:-19133.869073989976, 加速度奖励:-631.5692290290534, 交通灯奖励:-4073.500000001212, 与前车进行交互的惩罚:-1408.5000000000207
Episode:61/100, Reward:-25247.43830301926
Episode:61/100, avg speed:9.893269688259679
Episode:61/100, avg halt num:0.12748779571911378
Episode:61/100, avg elec cons:0.4383072654255393
 Retrying in 1 seconds
Warning: Unused states in tlLogic 'J10', program '0' in phase 0 after tl-index 10
Simulation......
总奖励:-26456.22289363291, 速度奖励:-20609.249683549984, 加速度奖励:-636.3732100822547, 交通灯奖励:-3848.900000000975, 与前车进行交互的惩罚:-1361.700000000016
Episode:62/100, Reward:-26456.22289363291
Episode:62/100, avg speed:9.60262432020529
Episode:62/100, avg halt num:0.13598084544253633
Episode:62/100, avg elec cons:0.3268727921368613
 Retrying in 1 seconds
Warning: Unused states in tlLogic 'J10', program '0' in phase 0 after tl-index 10
Simulation......
总奖励:-31379.83075701658, 速度奖励:-23419.799092360143, 加速度奖励:-698.6316646557484, 交通灯奖励:-5500.999999999518, 与前车进行交互的惩罚:-1760.4000000000563
Episode:63/100, Reward:-31379.83075701658
Episode:63/100, avg speed:10.57773571819864
Episode:63/100, avg halt num:0.19479447944794478
Episode:63/100, avg elec cons:0.2918579806657899
 Retrying in 1 seconds
Warning: Unused states in tlLogic 'J10', program '0' in phase 0 after tl-index 10
Simulation......
总奖励:-28891.904440177037, 速度奖励:-21933.951147130152, 加速度奖励:-677.7532930463733, 交通灯奖励:-4905.899999999223, 与前车进行交互的惩罚:-1374.3000000000172
Episode:64/100, Reward:-28891.904440177037
Episode:64/100, avg speed:9.209748781931332
Episode:64/100, avg halt num:0.17615658362989323
Episode:64/100, avg elec cons:0.35390329030388523
 Retrying in 1 seconds
Warning: Unused states in tlLogic 'J10', program '0' in phase 0 after tl-index 10
Simulation......
总奖励:-26833.065981287455, 速度奖励:-20674.276659190207, 加速度奖励:-643.6893220967987, 交通灯奖励:-4092.200000001115, 与前车进行交互的惩罚:-1422.9000000000221
Episode:65/100, Reward:-26833.065981287455
Episode:65/100, avg speed:10.27941859630146
Episode:65/100, avg halt num:0.15272407732864676
Episode:65/100, avg elec cons:0.3645370685901582
 Retrying in 1 seconds
Warning: Unused states in tlLogic 'J10', program '0' in phase 0 after tl-index 10
Simulation......
总奖励:-26587.871185337804, 速度奖励:-20646.241651750053, 加速度奖励:-643.5295335871978, 交通灯奖励:-3880.6000000011736, 与前车进行交互的惩罚:-1417.5000000000216
Episode:66/100, Reward:-26587.871185337804
Episode:66/100, avg speed:11.044551321182183
Episode:66/100, avg halt num:0.13766816143497757
Episode:66/100, avg elec cons:0.3211756230171789
 Retrying in 1 seconds
Warning: Unused states in tlLogic 'J10', program '0' in phase 0 after tl-index 10
Simulation......
总奖励:-27868.34671807751, 速度奖励:-21303.545901110185, 加速度奖励:-667.3008169668512, 交通灯奖励:-4347.700000000887, 与前车进行交互的惩罚:-1549.800000000035
Episode:67/100, Reward:-27868.34671807751
Episode:67/100, avg speed:10.895227422844034
Episode:67/100, avg halt num:0.15264606913429182
Episode:67/100, avg elec cons:0.32310871870602714
 Retrying in 1 seconds
Warning: Unused states in tlLogic 'J10', program '0' in phase 0 after tl-index 10
Simulation......
总奖励:-25902.918418307163, 速度奖励:-20056.07545809998, 加速度奖励:-638.8429602067005, 交通灯奖励:-3739.2000000011967, 与前车进行交互的惩罚:-1468.8000000000268
Episode:68/100, Reward:-25902.918418307163
Episode:68/100, avg speed:10.764114141061738
Episode:68/100, avg halt num:0.15388333870447954
Episode:68/100, avg elec cons:0.3654007967531316
 Retrying in 1 seconds
Warning: Unused states in tlLogic 'J10', program '0' in phase 0 after tl-index 10
Simulation......
总奖励:-22935.63255431271, 速度奖励:-18249.408771109975, 加速度奖励:-581.1237832023694, 交通灯奖励:-2972.9000000010096, 与前车进行交互的惩罚:-1132.1999999999928
Episode:69/100, Reward:-22935.63255431271
Episode:69/100, avg speed:10.656061360383315
Episode:69/100, avg halt num:0.07787492590397155
Episode:69/100, avg elec cons:0.3592727396698624
 Retrying in 1 seconds
Warning: Unused states in tlLogic 'J10', program '0' in phase 0 after tl-index 10
Simulation......
总奖励:-22696.299438989037, 速度奖励:-17847.46519533992, 加速度奖励:-586.0342436490203, 交通灯奖励:-2964.100000001043, 与前车进行交互的惩罚:-1298.7000000000096
Episode:70/100, Reward:-22696.299438989037
Episode:70/100, avg speed:10.47758098179709
Episode:70/100, avg halt num:0.08738625666771259
Episode:70/100, avg elec cons:0.3949255291895325
 Retrying in 1 seconds
Warning: Unused states in tlLogic 'J10', program '0' in phase 0 after tl-index 10
Simulation......
总奖励:-27686.419718480007, 速度奖励:-20334.089452599954, 加速度奖励:-672.6302658795779, 交通灯奖励:-4875.199999998369, 与前车进行交互的惩罚:-1804.5000000000607
Episode:71/100, Reward:-27686.419718480007
Episode:71/100, avg speed:10.775662398671225
Episode:71/100, avg halt num:0.12611181702668361
Episode:71/100, avg elec cons:0.41088838299823716
 Retrying in 1 seconds
Warning: Unused states in tlLogic 'J10', program '0' in phase 0 after tl-index 10
Simulation......
总奖励:-22284.774538852424, 速度奖励:-17716.757979910064, 加速度奖励:-579.5165589423567, 交通灯奖励:-2742.000000000923, 与前车进行交互的惩罚:-1246.5000000000043
Episode:72/100, Reward:-22284.774538852424
Episode:72/100, avg speed:9.887014532168115
Episode:72/100, avg halt num:0.10291943828529194
Episode:72/100, avg elec cons:0.4742654615963983
 Retrying in 1 seconds
Warning: Unused states in tlLogic 'J10', program '0' in phase 0 after tl-index 10
Simulation......
总奖励:-20745.892209976133, 速度奖励:-16713.96980758989, 加速度奖励:-547.0224023860695, 交通灯奖励:-2638.0000000008904, 与前车进行交互的惩罚:-846.8999999999862
Episode:73/100, Reward:-20745.892209976133
Episode:73/100, avg speed:10.94686835191628
Episode:73/100, avg halt num:0.05807570066454782
Episode:73/100, avg elec cons:0.4081376670842869
 Retrying in 1 seconds
Warning: Unused states in tlLogic 'J10', program '0' in phase 0 after tl-index 10
Simulation......
总奖励:-30947.28136430434, 速度奖励:-22615.915176690098, 加速度奖励:-732.2661876133536, 交通灯奖励:-5587.599999997987, 与前车进行交互的惩罚:-2011.5000000000816
Episode:74/100, Reward:-30947.28136430434
Episode:74/100, avg speed:10.784291466714393
Episode:74/100, avg halt num:0.1801190869996692
Episode:74/100, avg elec cons:0.4159943123511899
 Retrying in 1 seconds
Warning: Unused states in tlLogic 'J10', program '0' in phase 0 after tl-index 10
Simulation......
总奖励:-26222.82869518432, 速度奖励:-20188.37102700017, 加速度奖励:-651.0576681838628, 交通灯奖励:-3914.6000000010467, 与前车进行交互的惩罚:-1468.8000000000268
Episode:75/100, Reward:-26222.82869518432
Episode:75/100, avg speed:10.86177690177306
Episode:75/100, avg halt num:0.1194888178913738
Episode:75/100, avg elec cons:0.3960223020707936
 Retrying in 1 seconds
Warning: Unused states in tlLogic 'J10', program '0' in phase 0 after tl-index 10
Simulation......
总奖励:-27251.070669035562, 速度奖励:-20514.226677450057, 加速度奖励:-668.0439915850602, 交通灯奖励:-4445.200000000408, 与前车进行交互的惩罚:-1623.6000000000424
Episode:76/100, Reward:-27251.070669035562
Episode:76/100, avg speed:9.808558217422211
Episode:76/100, avg halt num:0.1800415407854985
Episode:76/100, avg elec cons:0.4907234879531147
 Retrying in 1 seconds
Warning: Unused states in tlLogic 'J10', program '0' in phase 0 after tl-index 10
Simulation......
总奖励:-28551.162149522657, 速度奖励:-21243.16024226025, 加速度奖励:-687.0019072621084, 交通灯奖励:-4945.199999999181, 与前车进行交互的惩罚:-1675.8000000000477
Episode:77/100, Reward:-28551.162149522657
Episode:77/100, avg speed:10.436010686097436
Episode:77/100, avg halt num:0.1753472222222222
Episode:77/100, avg elec cons:0.45962088741833146
 Retrying in 1 seconds
Warning: Unused states in tlLogic 'J10', program '0' in phase 0 after tl-index 10
Simulation......
总奖励:-24683.9617295037, 速度奖励:-18874.345692729956, 加速度奖励:-614.9160367733914, 交通灯奖励:-3974.3000000009806, 与前车进行交互的惩罚:-1220.4000000000017
Episode:78/100, Reward:-24683.9617295037
Episode:78/100, avg speed:10.28468913096812
Episode:78/100, avg halt num:0.15971196454948303
Episode:78/100, avg elec cons:0.5011106460791291
 Retrying in 1 seconds
Warning: Unused states in tlLogic 'J10', program '0' in phase 0 after tl-index 10
Simulation......
总奖励:-28500.609536724874, 速度奖励:-21245.045568450096, 加速度奖励:-681.4639682744405, 交通灯奖励:-5006.299999998381, 与前车进行交互的惩罚:-1567.8000000000368
Episode:79/100, Reward:-28500.609536724874
Episode:79/100, avg speed:10.159238220623774
Episode:79/100, avg halt num:0.15538519072550486
Episode:79/100, avg elec cons:0.46648193201720156
 Retrying in 1 seconds
Warning: Unused states in tlLogic 'J10', program '0' in phase 0 after tl-index 10
Simulation......
总奖励:-25031.828849782, 速度奖励:-19176.817531740227, 加速度奖励:-611.0113180417677, 交通灯奖励:-4000.2000000011185, 与前车进行交互的惩罚:-1243.800000000004
Episode:80/100, Reward:-25031.828849782
Episode:80/100, avg speed:10.410236794689107
Episode:80/100, avg halt num:0.11469594594594594
Episode:80/100, avg elec cons:0.456083593731041
 Retrying in 1 seconds
Warning: Unused states in tlLogic 'J10', program '0' in phase 0 after tl-index 10
Simulation......
总奖励:-27470.678312169068, 速度奖励:-20510.959908560144, 加速度奖励:-661.4184036084374, 交通灯奖励:-4859.199999998558, 与前车进行交互的惩罚:-1439.1000000000238
Episode:81/100, Reward:-27470.678312169068
Episode:81/100, avg speed:9.938640837174527
Episode:81/100, avg halt num:0.1530630311614731
Episode:81/100, avg elec cons:0.46676810361540283
 Retrying in 1 seconds
Warning: Unused states in tlLogic 'J10', program '0' in phase 0 after tl-index 10
Simulation......
总奖励:-24934.84920250648, 速度奖励:-18800.70553140997, 加速度奖励:-615.0436710962296, 交通灯奖励:-4322.100000000233, 与前车进行交互的惩罚:-1196.9999999999993
Episode:82/100, Reward:-24934.84920250648
Episode:82/100, avg speed:10.299376325064797
Episode:82/100, avg halt num:0.11239414934565051
Episode:82/100, avg elec cons:0.5356854219415831
 Retrying in 1 seconds
Warning: Unused states in tlLogic 'J10', program '0' in phase 0 after tl-index 10
Simulation......
总奖励:-21201.735282825244, 速度奖励:-17226.56107050992, 加速度奖励:-548.4742123152251, 交通灯奖励:-2626.600000000879, 与前车进行交互的惩罚:-800.0999999999874
Episode:83/100, Reward:-21201.735282825244
Episode:83/100, avg speed:11.198045983149338
Episode:83/100, avg halt num:0.06885796545105566
Episode:83/100, avg elec cons:0.4341186652143888
 Retrying in 1 seconds
Warning: Unused states in tlLogic 'J10', program '0' in phase 0 after tl-index 10
Simulation......
总奖励:-22327.467045746434, 速度奖励:-17913.468378300047, 加速度奖励:-571.798667446474, 交通灯奖励:-2880.1000000008476, 与前车进行交互的惩罚:-962.0999999999833
Episode:84/100, Reward:-22327.467045746434
Episode:84/100, avg speed:10.21486512347776
Episode:84/100, avg halt num:0.13198163733741392
Episode:84/100, avg elec cons:0.5106505417354336
 Retrying in 1 seconds
Warning: Unused states in tlLogic 'J10', program '0' in phase 0 after tl-index 10
Simulation......
总奖励:-24516.3483561727, 速度奖励:-18955.08116931008, 加速度奖励:-599.8671868625711, 交通灯奖励:-3803.100000001063, 与前车进行交互的惩罚:-1158.2999999999954
Episode:85/100, Reward:-24516.3483561727
Episode:85/100, avg speed:11.05324315861738
Episode:85/100, avg halt num:0.1135474404955983
Episode:85/100, avg elec cons:0.4331791508479576
 Retrying in 1 seconds
Warning: Unused states in tlLogic 'J10', program '0' in phase 0 after tl-index 10
Simulation......
总奖励:-21910.702936314978, 速度奖励:-17209.197792710005, 加速度奖励:-582.0051436048591, 交通灯奖励:-3129.500000001007, 与前车进行交互的惩罚:-989.9999999999826
Episode:86/100, Reward:-21910.702936314978
Episode:86/100, avg speed:11.186304423661722
Episode:86/100, avg halt num:0.0777526395173454
Episode:86/100, avg elec cons:0.44438366144158203
 Retrying in 1 seconds
Warning: Unused states in tlLogic 'J10', program '0' in phase 0 after tl-index 10
Simulation......
总奖励:-28643.891767965782, 速度奖励:-21438.80937198012, 加速度奖励:-667.8823959852765, 交通灯奖励:-5075.599999999147, 与前车进行交互的惩罚:-1461.600000000026
Episode:87/100, Reward:-28643.891767965782
Episode:87/100, avg speed:9.508824446179696
Episode:87/100, avg halt num:0.1797820823244552
Episode:87/100, avg elec cons:0.5087423627307494
 Retrying in 1 seconds
Warning: Unused states in tlLogic 'J10', program '0' in phase 0 after tl-index 10
Simulation......
总奖励:-23246.530922268732, 速度奖励:-18155.720629310035, 加速度奖励:-590.9102929587019, 交通灯奖励:-3570.200000000997, 与前车进行交互的惩罚:-929.6999999999841
Episode:88/100, Reward:-23246.530922268732
Episode:88/100, avg speed:11.145099490924295
Episode:88/100, avg halt num:0.08352272727272728
Episode:88/100, avg elec cons:0.42865102285406537
 Retrying in 1 seconds
Warning: Unused states in tlLogic 'J10', program '0' in phase 0 after tl-index 10
Simulation......
总奖励:-22574.271827932476, 速度奖励:-17822.60521084994, 加速度奖励:-572.466617082351, 交通灯奖励:-3294.5000000010214, 与前车进行交互的惩罚:-884.6999999999853
Episode:89/100, Reward:-22574.271827932476
Episode:89/100, avg speed:10.444402073169417
Episode:89/100, avg halt num:0.07318814709032488
Episode:89/100, avg elec cons:0.4761411312597594
 Retrying in 1 seconds
Warning: Unused states in tlLogic 'J10', program '0' in phase 0 after tl-index 10
Simulation......
总奖励:-22223.272434581333, 速度奖励:-17319.646287789907, 加速度奖励:-578.9261467911127, 交通灯奖励:-3325.7000000010125, 与前车进行交互的惩罚:-998.9999999999824
Episode:90/100, Reward:-22223.272434581333
Episode:90/100, avg speed:10.448404969955458
Episode:90/100, avg halt num:0.11481411941419452
Episode:90/100, avg elec cons:0.5359971990094492
 Retrying in 1 seconds
Warning: Unused states in tlLogic 'J10', program '0' in phase 0 after tl-index 10
Simulation......
总奖励:-22752.821599460167, 速度奖励:-17600.12624942005, 加速度奖励:-596.4953500401512, 交通灯奖励:-3525.700000000978, 与前车进行交互的惩罚:-1030.4999999999825
Episode:91/100, Reward:-22752.821599460167
Episode:91/100, avg speed:10.267631850899175
Episode:91/100, avg halt num:0.09817436661698957
Episode:91/100, avg elec cons:0.5203477912872345
 Retrying in 1 seconds
Warning: Unused states in tlLogic 'J10', program '0' in phase 0 after tl-index 10
Simulation......
总奖励:-21372.909334750835, 速度奖励:-17318.715790640086, 加速度奖励:-553.393544110967, 交通灯奖励:-2629.600000000758, 与前车进行交互的惩罚:-871.1999999999856
Episode:92/100, Reward:-21372.909334750835
Episode:92/100, avg speed:9.990140121852058
Episode:92/100, avg halt num:0.11352876911871813
Episode:92/100, avg elec cons:0.49048556717501574
 Retrying in 1 seconds
Warning: Unused states in tlLogic 'J10', program '0' in phase 0 after tl-index 10
Simulation......
总奖励:-27791.394170964326, 速度奖励:-20544.43679167006, 加速度奖励:-706.2573792939191, 交通灯奖励:-5053.899999998294, 与前车进行交互的惩罚:-1486.8000000000286
Episode:93/100, Reward:-27791.394170964326
Episode:93/100, avg speed:10.217908136403594
Episode:93/100, avg halt num:0.1554461414790997
Episode:93/100, avg elec cons:0.4991101385067533
 Retrying in 1 seconds
Warning: Unused states in tlLogic 'J10', program '0' in phase 0 after tl-index 10
Simulation......
总奖励:-22528.969861185302, 速度奖励:-18031.67955402004, 加速度奖励:-573.090307165196, 交通灯奖励:-3122.300000000972, 与前车进行交互的惩罚:-801.8999999999874
Episode:94/100, Reward:-22528.969861185302
Episode:94/100, avg speed:10.812903978483767
Episode:94/100, avg halt num:0.08225910409281341
Episode:94/100, avg elec cons:0.4063416210498749
 Retrying in 1 seconds
Warning: Unused states in tlLogic 'J10', program '0' in phase 0 after tl-index 10
Simulation......
总奖励:-27024.273813556385, 速度奖励:-20222.02261816, 加速度奖励:-653.3511953959693, 交通灯奖励:-5043.699999998445, 与前车进行交互的惩罚:-1105.19999999999
Episode:95/100, Reward:-27024.273813556385
Episode:95/100, avg speed:9.991205267303885
Episode:95/100, avg halt num:0.12090842221404928
Episode:95/100, avg elec cons:0.44642643215209465
 Retrying in 1 seconds
Warning: Unused states in tlLogic 'J10', program '0' in phase 0 after tl-index 10
Simulation......
总奖励:-23074.58482782999, 速度奖励:-18047.082645680006, 加速度奖励:-575.1021821496886, 交通灯奖励:-3425.5000000009068, 与前车进行交互的惩罚:-1026.8999999999821
Episode:96/100, Reward:-23074.58482782999
Episode:96/100, avg speed:10.211975604587352
Episode:96/100, avg halt num:0.12120924943138742
Episode:96/100, avg elec cons:0.47840372382526825
 Retrying in 1 seconds
Warning: Unused states in tlLogic 'J10', program '0' in phase 0 after tl-index 10
Simulation......
总奖励:-26269.04708844966, 速度奖励:-19737.991001190123, 加速度奖励:-643.85608725923, 交通灯奖励:-4654.199999998976, 与前车进行交互的惩罚:-1233.000000000003
Episode:97/100, Reward:-26269.04708844966
Episode:97/100, avg speed:10.64282058470419
Episode:97/100, avg halt num:0.13619541080680977
Episode:97/100, avg elec cons:0.4732490856743322
 Retrying in 1 seconds
Warning: Unused states in tlLogic 'J10', program '0' in phase 0 after tl-index 10
Simulation......
总奖励:-20582.191032127528, 速度奖励:-16514.97485032997, 加速度奖励:-548.1161817975243, 交通灯奖励:-2701.900000000783, 与前车进行交互的惩罚:-817.199999999987
Episode:98/100, Reward:-20582.191032127528
Episode:98/100, avg speed:10.200546697588086
Episode:98/100, avg halt num:0.11492846385542169
Episode:98/100, avg elec cons:0.5108094509118699
 Retrying in 1 seconds
Warning: Unused states in tlLogic 'J10', program '0' in phase 0 after tl-index 10
Simulation......
总奖励:-19550.186660370997, 速度奖励:-15741.981131580005, 加速度奖励:-552.3055287909632, 交通灯奖励:-2515.200000000849, 与前车进行交互的惩罚:-740.6999999999889
Episode:99/100, Reward:-19550.186660370997
Episode:99/100, avg speed:11.409011397021002
Episode:99/100, avg halt num:0.06931931931931933
Episode:99/100, avg elec cons:0.4633475496291033
 Retrying in 1 seconds
Warning: Unused states in tlLogic 'J10', program '0' in phase 0 after tl-index 10
Simulation......
总奖励:-26032.36714403161, 速度奖励:-19750.326109470094, 加速度奖励:-629.5410345611831, 交通灯奖励:-4513.09999999989, 与前车进行交互的惩罚:-1139.3999999999935
Episode:100/100, Reward:-26032.36714403161
Episode:100/100, avg speed:10.967766355834563
Episode:100/100, avg halt num:0.13516554162648667
Episode:100/100, avg elec cons:0.3818558961287959
model saved successfully!
Complete training!
final reward list:[-44011.157827474286, -94316.14917305151, -23609.812100956246, -19932.93300486284, -19403.997983488425, -20413.685304805338, -21406.646248608038, -22338.871202298185, -19841.41988367643, -17013.304150555763, -15636.565943931839, -16985.812541214702, -17357.733556986837, -16299.796363159765, -17967.93626266814, -16225.564856019848, -14095.639035135155, -14847.531717415288, -16843.016563446312, -15272.742516094288, -15063.331832887503, -14485.138251023815, -14281.711945236024, -14727.053847552672, -14006.617002543411, -16758.74814376358, -14233.870810249697, -13686.903759688948, -14533.639993462824, -14996.11737745747, -14915.56702321701, -16213.303429374193, -15273.251095949458, -17408.817203045197, -17340.601255907277, -21501.23114323772, -27601.24412572627, -31515.415053396257, -26802.5971935741, -29462.597112205465, -20433.570362564424, -23497.302758265916, -27157.34477332289, -28789.469247267894, -32521.799982923814, -28869.981580538046, -30778.776695252483, -37275.517944795014, -35702.53445388282, -36514.219620696706, -43029.62377087512, -40562.33934533208, -37262.411318698585, -38185.45327474023, -35380.97044420994, -35430.51160384356, -27946.505202037813, -29167.48920048897, -34269.07068264928, -24384.025719058438, -25247.43830301926, -26456.22289363291, -31379.83075701658, -28891.904440177037, -26833.065981287455, -26587.871185337804, -27868.34671807751, -25902.918418307163, -22935.63255431271, -22696.299438989037, -27686.419718480007, -22284.774538852424, -20745.892209976133, -30947.28136430434, -26222.82869518432, -27251.070669035562, -28551.162149522657, -24683.9617295037, -28500.609536724874, -25031.828849782, -27470.678312169068, -24934.84920250648, -21201.735282825244, -22327.467045746434, -24516.3483561727, -21910.702936314978, -28643.891767965782, -23246.530922268732, -22574.271827932476, -22223.272434581333, -22752.821599460167, -21372.909334750835, -27791.394170964326, -22528.969861185302, -27024.273813556385, -23074.58482782999, -26269.04708844966, -20582.191032127528, -19550.186660370997, -26032.36714403161]
final speed list:[11.032690065944585, 8.471950831557002, 14.189263693871885, 13.294375125106985, 13.685909661334899, 13.910510732320905, 13.012017026615851, 12.767602523636413, 12.263976765776823, 12.654634577614972, 13.470568781289629, 12.842608240369723, 12.56933379585698, 12.478605872836141, 12.61858457871001, 11.99290148295445, 13.107292756378005, 11.686235659803735, 12.627284939723262, 13.62185180952297, 12.918984405158467, 12.886024573254174, 13.153373860687653, 12.983876546293189, 13.233699908800446, 12.38952339784502, 13.059435454358148, 12.206538526643326, 12.470392372888838, 13.114932637249943, 12.870590936785561, 12.114718598558943, 12.395813141778742, 12.161883324176369, 12.287327379522901, 11.2209267809656, 10.167057836728173, 10.565649020334394, 10.814825504378634, 10.57832523894736, 11.725473962802429, 11.094217691721056, 10.489154518635562, 10.424008442740009, 10.060166283202246, 11.63104841282438, 10.393058204279951, 9.613575790944388, 9.978809909603173, 10.370979999239646, 10.193381784317577, 9.941497424078076, 9.742819739782119, 9.67256048046741, 9.131925820837795, 9.92079257458032, 9.747740049976727, 9.624291879704751, 10.198993805693485, 10.557683170969632, 9.893269688259679, 9.60262432020529, 10.57773571819864, 9.209748781931332, 10.27941859630146, 11.044551321182183, 10.895227422844034, 10.764114141061738, 10.656061360383315, 10.47758098179709, 10.775662398671225, 9.887014532168115, 10.94686835191628, 10.784291466714393, 10.86177690177306, 9.808558217422211, 10.436010686097436, 10.28468913096812, 10.159238220623774, 10.410236794689107, 9.938640837174527, 10.299376325064797, 11.198045983149338, 10.21486512347776, 11.05324315861738, 11.186304423661722, 9.508824446179696, 11.145099490924295, 10.444402073169417, 10.448404969955458, 10.267631850899175, 9.990140121852058, 10.217908136403594, 10.812903978483767, 9.991205267303885, 10.211975604587352, 10.64282058470419, 10.200546697588086, 11.409011397021002, 10.967766355834563]
final elec cons list:[0.45167046154159696, 0.4157300588457793, 1.4119706524745972, 1.442060874158605, 1.55272706085255, 1.2221557330948642, 0.8127679029779761, 0.6467375032155686, 0.6328000197165551, 0.8342486717783042, 0.9048296846412542, 0.8722280255354156, 0.7384665681647198, 0.8425233742608772, 0.8355753929786621, 0.9242380112989325, 0.9322129021974471, 1.1566147698241558, 0.9726655150870345, 1.097408385909351, 1.1912577439605925, 1.164947424777047, 0.904019806581058, 0.9611783304524452, 1.0407790915492912, 1.1517430026155642, 1.0589497898242366, 1.2320426404297398, 1.1323984887179692, 1.1158165840946823, 1.0599179414823683, 0.9409673613191946, 0.9457351582351692, 0.7919223896453754, 0.8663260124131739, 0.6576338311940416, 0.6835984862338057, 0.5966238069632052, 0.5761626817530943, 0.6013448548170545, 0.7470810516888458, 0.6744529943381774, 0.7211474986013932, 0.6896375715369703, 0.6314081300910556, 0.6683717562713626, 0.7370606625417929, 0.7533253789142735, 0.6034945959496644, 0.5965819974758115, 0.5094288244344493, 0.5981649304170206, 0.5133318534256043, 0.4759238159121584, 0.5615608086082657, 0.48970315484389765, 0.5370404529808874, 0.5013301260963314, 0.3869364721506487, 0.3308004709884473, 0.4383072654255393, 0.3268727921368613, 0.2918579806657899, 0.35390329030388523, 0.3645370685901582, 0.3211756230171789, 0.32310871870602714, 0.3654007967531316, 0.3592727396698624, 0.3949255291895325, 0.41088838299823716, 0.4742654615963983, 0.4081376670842869, 0.4159943123511899, 0.3960223020707936, 0.4907234879531147, 0.45962088741833146, 0.5011106460791291, 0.46648193201720156, 0.456083593731041, 0.46676810361540283, 0.5356854219415831, 0.4341186652143888, 0.5106505417354336, 0.4331791508479576, 0.44438366144158203, 0.5087423627307494, 0.42865102285406537, 0.4761411312597594, 0.5359971990094492, 0.5203477912872345, 0.49048556717501574, 0.4991101385067533, 0.4063416210498749, 0.44642643215209465, 0.47840372382526825, 0.4732490856743322, 0.5108094509118699, 0.4633475496291033, 0.3818558961287959]
final halt list:[0.43259878419452885, 0.41734461438333875, 0.2557276540819619, 0.2711414486158513, 0.258461235733963, 0.25797421106209706, 0.21042798913043478, 0.17545065688970363, 0.1210292249047014, 0.09456484930579072, 0.0691233140655106, 0.07817725752508362, 0.06500765696784074, 0.060588035350101974, 0.089087656529517, 0.05974264705882353, 0.032233502538071064, 0.07315112540192927, 0.12394440534834623, 0.10515480895915678, 0.11595866819747416, 0.10516805204192266, 0.0564621409921671, 0.07020103761348898, 0.0775347912524851, 0.12537678975131877, 0.07848736587054345, 0.06709233791748527, 0.07883939038686986, 0.07593856655290103, 0.08523334520840756, 0.07683943457774556, 0.06347062795408508, 0.0554706082229018, 0.07848941514172945, 0.11015761821366024, 0.22272018706157443, 0.30268022181146026, 0.17837928715534634, 0.2617241379310345, 0.11349262122276879, 0.14037575327897908, 0.24488829988640667, 0.261148769175883, 0.3383998508019396, 0.24723276407337128, 0.26601295430010796, 0.39669811320754716, 0.33264033264033266, 0.3534876140808344, 0.39388992537313433, 0.3733913043478261, 0.31580234833659493, 0.3240232483048111, 0.35554114158636024, 0.32947077135939123, 0.24451840250587314, 0.23787528868360278, 0.3318198005698006, 0.11226777706598334, 0.12748779571911378, 0.13598084544253633, 0.19479447944794478, 0.17615658362989323, 0.15272407732864676, 0.13766816143497757, 0.15264606913429182, 0.15388333870447954, 0.07787492590397155, 0.08738625666771259, 0.12611181702668361, 0.10291943828529194, 0.05807570066454782, 0.1801190869996692, 0.1194888178913738, 0.1800415407854985, 0.1753472222222222, 0.15971196454948303, 0.15538519072550486, 0.11469594594594594, 0.1530630311614731, 0.11239414934565051, 0.06885796545105566, 0.13198163733741392, 0.1135474404955983, 0.0777526395173454, 0.1797820823244552, 0.08352272727272728, 0.07318814709032488, 0.11481411941419452, 0.09817436661698957, 0.11352876911871813, 0.1554461414790997, 0.08225910409281341, 0.12090842221404928, 0.12120924943138742, 0.13619541080680977, 0.11492846385542169, 0.06931931931931933, 0.13516554162648667]
speed reward list:[-22013.208598260204, -51356.376005873986, -9775.444072569959, -7937.953482360002, -7686.044506249992, -8477.24581121, -10944.554428499949, -13145.293719139976, -12650.38545429996, -10863.822580379969, -10393.106016369973, -11292.892066389966, -12260.613235529901, -11530.852231139952, -12734.991639919921, -11641.816626109954, -10029.911034329942, -10492.632047479889, -10908.845590499932, -9013.661694839979, -9705.734450939954, -9542.559270529984, -10132.365791789922, -10026.419742459997, -9722.805467429991, -10980.128990929907, -9918.083414469967, -9786.770965619891, -10141.555207300018, -9794.838616969948, -10147.619874479962, -11655.679515479946, -11132.108067189942, -12948.807566089976, -12121.166838659925, -15326.347943279987, -18570.388323410094, -20663.01548993028, -17847.853802570004, -19351.552906180103, -13669.036603199973, -15944.374838589976, -17558.95763853002, -18613.919362830104, -20764.93296801005, -17979.598813659963, -18781.90703939017, -21808.521613010307, -21579.788635790046, -21588.34738126017, -25160.063001040122, -23110.218742050292, -22169.57809814026, -22917.455999900103, -20936.904406770165, -21829.156916050255, -18019.82435176, -19349.964427859883, -23647.954933130233, -19083.83652373006, -19133.869073989976, -20609.249683549984, -23419.799092360143, -21933.951147130152, -20674.276659190207, -20646.241651750053, -21303.545901110185, -20056.07545809998, -18249.408771109975, -17847.46519533992, -20334.089452599954, -17716.757979910064, -16713.96980758989, -22615.915176690098, -20188.37102700017, -20514.226677450057, -21243.16024226025, -18874.345692729956, -21245.045568450096, -19176.817531740227, -20510.959908560144, -18800.70553140997, -17226.56107050992, -17913.468378300047, -18955.08116931008, -17209.197792710005, -21438.80937198012, -18155.720629310035, -17822.60521084994, -17319.646287789907, -17600.12624942005, -17318.715790640086, -20544.43679167006, -18031.67955402004, -20222.02261816, -18047.082645680006, -19737.991001190123, -16514.97485032997, -15741.981131580005, -19750.326109470094]
accel reward list:[-968.4492292149972, -3669.973167164802, -1262.7680283852635, -836.9795225025076, -971.3534772382459, -851.9394935946813, -686.5918201077908, -663.9774831577647, -581.634429376266, -511.28157017586403, -491.4599275620078, -524.1204748248406, -530.4203214569627, -482.9441320199225, -520.0446227482691, -479.74822991005976, -459.82800080526977, -516.9996699353619, -600.6709729465125, -594.6808212545482, -578.7973819476534, -549.9789804940092, -507.846153446202, -529.2341050927477, -524.7115351135191, -614.4191528337631, -526.9873957798244, -509.93279406908175, -539.084786162946, -551.6787604876569, -536.7471487372194, -530.3239138944062, -514.1430287595904, -509.3096369553563, -562.7344172473742, -588.2831999576321, -655.8558023155595, -716.2995634648038, -667.043391003464, -706.1442060247473, -631.1337593644115, -652.327919675625, -723.6871347925396, -700.549884436837, -788.1670149126595, -768.5827668775353, -848.8696558615463, -979.4963317843428, -999.6458180922593, -965.0722394360879, -969.6607698356801, -944.3206032821881, -913.3332205581252, -940.1972748398316, -851.8660374384845, -822.2546877924249, -717.0808502774455, -704.3247726282641, -692.0157495183989, -593.4891953283188, -631.5692290290534, -636.3732100822547, -698.6316646557484, -677.7532930463733, -643.6893220967987, -643.5295335871978, -667.3008169668512, -638.8429602067005, -581.1237832023694, -586.0342436490203, -672.6302658795779, -579.5165589423567, -547.0224023860695, -732.2661876133536, -651.0576681838628, -668.0439915850602, -687.0019072621084, -614.9160367733914, -681.4639682744405, -611.0113180417677, -661.4184036084374, -615.0436710962296, -548.4742123152251, -571.798667446474, -599.8671868625711, -582.0051436048591, -667.8823959852765, -590.9102929587019, -572.466617082351, -578.9261467911127, -596.4953500401512, -553.393544110967, -706.2573792939191, -573.090307165196, -653.3511953959693, -575.1021821496886, -643.85608725923, -548.1161817975243, -552.3055287909632, -629.5410345611831]
tls reward list:[-17398.89999999774, -33085.200000014294, -9856.299999998466, -9316.599999998718, -8650.499999999027, -9113.49999999853, -8325.59999999829, -7483.799999998138, -5960.499999999297, -5078.399999999662, -3935.700000000787, -4177.9000000005335, -3584.8000000008824, -3383.300000000652, -3592.4000000007445, -3108.6000000007093, -2666.300000000617, -2644.500000000764, -3753.1000000007784, -4167.700000000552, -3326.200000000818, -3196.5000000005875, -2350.0000000005075, -2923.1000000007107, -2595.400000000672, -3702.600000000768, -2593.6000000007384, -2338.1000000004656, -2521.900000000636, -3347.3000000006386, -2984.7000000005196, -2828.5000000005994, -2487.600000000554, -2627.700000000838, -3141.100000000856, -3716.4000000009432, -5996.299999998866, -7299.299999997451, -5815.399999998193, -6676.0999999980095, -3904.1000000009217, -4636.199999999673, -6041.499999998618, -6727.299999998185, -7454.1999999977315, -6985.299999997732, -7790.999999997366, -10283.599999996435, -9310.699999997036, -9855.899999996946, -12561.899999996305, -12401.099999996348, -10395.899999996587, -10590.099999996632, -10128.099999997043, -9403.199999996772, -6419.599999997827, -6375.399999997851, -7054.499999997415, -3405.300000000942, -4073.500000001212, -3848.900000000975, -5500.999999999518, -4905.899999999223, -4092.200000001115, -3880.6000000011736, -4347.700000000887, -3739.2000000011967, -2972.9000000010096, -2964.100000001043, -4875.199999998369, -2742.000000000923, -2638.0000000008904, -5587.599999997987, -3914.6000000010467, -4445.200000000408, -4945.199999999181, -3974.3000000009806, -5006.299999998381, -4000.2000000011185, -4859.199999998558, -4322.100000000233, -2626.600000000879, -2880.1000000008476, -3803.100000001063, -3129.500000001007, -5075.599999999147, -3570.200000000997, -3294.5000000010214, -3325.7000000010125, -3525.700000000978, -2629.600000000758, -5053.899999998294, -3122.300000000972, -5043.699999998445, -3425.5000000009068, -4654.199999998976, -2701.900000000783, -2515.200000000849, -4513.09999999989]
