nohup: 忽略输入
Env:SUMO, Algorithm:DDPG, Device:cuda
-----------------------------------------
models/reward_s0.05_a7e-2_t(-2_2)_safe(4,-0.4).pth
-----------------------------------------
 Retrying in 1 seconds
Warning: Unused states in tlLogic 'J10', program '0' in phase 0 after tl-index 10
Simulation......
交通灯最大奖励:0.5, 交通灯最小奖励:-2.0
总奖励:-11914.529103670044, 速度奖励:-3702.5457860001266, 加速度奖励:-1504.7833176699935, 交通灯奖励:-5436.0, 与前车进行交互的惩罚:-1271.200000000015
Episode:1/100, Reward:-11914.529103670044
Episode:1/100, avg speed:14.886181153875459
Episode:1/100, avg halt num:0.23873148744365744
Episode:1/100, avg elec cons:1.920861663115031
 Retrying in 1 seconds
Warning: Unused states in tlLogic 'J10', program '0' in phase 0 after tl-index 10
Simulation......
交通灯最大奖励:0.5, 交通灯最小奖励:-2.0
总奖励:-6862.9414047784685, 速度奖励:-2708.254721800105, 加速度奖励:-1155.7866829787868, 交通灯奖励:-2284.5, 与前车进行交互的惩罚:-714.3999999999766
Episode:2/100, Reward:-6862.9414047784685
Episode:2/100, avg speed:15.699786495708416
Episode:2/100, avg halt num:0.18327464788732395
Episode:2/100, avg elec cons:2.2510783111546315
 Retrying in 1 seconds
Warning: Unused states in tlLogic 'J10', program '0' in phase 0 after tl-index 10
Simulation......
交通灯最大奖励:0.5, 交通灯最小奖励:-2.0
总奖励:-7009.411541496916, 速度奖励:-3081.924910450121, 加速度奖励:-1249.5866310472006, 交通灯奖励:-1981.5, 与前车进行交互的惩罚:-696.3999999999776
Episode:3/100, Reward:-7009.411541496916
Episode:3/100, avg speed:15.43757183078196
Episode:3/100, avg halt num:0.1896439072198628
Episode:3/100, avg elec cons:1.846549595840422
 Retrying in 1 seconds
Warning: Unused states in tlLogic 'J10', program '0' in phase 0 after tl-index 10
Simulation......
交通灯最大奖励:0.5, 交通灯最小奖励:-2.0
总奖励:-6753.862694372902, 速度奖励:-2689.0863371001183, 加速度奖励:-1188.7763572731885, 交通灯奖励:-2146.0, 与前车进行交互的惩罚:-729.9999999999757
Episode:4/100, Reward:-6753.862694372902
Episode:4/100, avg speed:14.830557002410506
Episode:4/100, avg halt num:0.21033422973492125
Episode:4/100, avg elec cons:2.299194326274825
 Retrying in 1 seconds
Warning: Unused states in tlLogic 'J10', program '0' in phase 0 after tl-index 10
Simulation......
交通灯最大奖励:0.5, 交通灯最小奖励:-2.0
总奖励:-6033.7434062863795, 速度奖励:-2685.5478305500906, 加速度奖励:-1125.295575736546, 交通灯奖励:-1436.5, 与前车进行交互的惩罚:-786.3999999999725
Episode:5/100, Reward:-6033.7434062863795
Episode:5/100, avg speed:15.188995364196987
Episode:5/100, avg halt num:0.1996975806451613
Episode:5/100, avg elec cons:2.3518023179048893
 Retrying in 1 seconds
Warning: Unused states in tlLogic 'J10', program '0' in phase 0 after tl-index 10
Simulation......
交通灯最大奖励:0.5, 交通灯最小奖励:-2.0
总奖励:-6800.827797475961, 速度奖励:-2892.5955540001237, 加速度奖励:-1182.732243476296, 交通灯奖励:-2071.5, 与前车进行交互的惩罚:-653.99999999998
Episode:6/100, Reward:-6800.827797475961
Episode:6/100, avg speed:15.157974162952515
Episode:6/100, avg halt num:0.22297538351765964
Episode:6/100, avg elec cons:2.1982415071129324
 Retrying in 1 seconds
Warning: Unused states in tlLogic 'J10', program '0' in phase 0 after tl-index 10
Simulation......
交通灯最大奖励:0.5, 交通灯最小奖励:-2.0
总奖励:-6216.552571088774, 速度奖励:-3033.233840250115, 加速度奖励:-1211.9187308389799, 交通灯奖励:-1475.0, 与前车进行交互的惩罚:-496.3999999999889
Episode:7/100, Reward:-6216.552571088774
Episode:7/100, avg speed:15.306468027453615
Episode:7/100, avg halt num:0.19460666437650292
Episode:7/100, avg elec cons:2.2340179602998878
 Retrying in 1 seconds
Warning: Unused states in tlLogic 'J10', program '0' in phase 0 after tl-index 10
Simulation......
交通灯最大奖励:0.5, 交通灯最小奖励:-2.0
总奖励:-7401.081308559234, 速度奖励:-2663.2306493001083, 加速度奖励:-1273.8506592596036, 交通灯奖励:-2818.0, 与前车进行交互的惩罚:-645.9999999999804
Episode:8/100, Reward:-7401.081308559234
Episode:8/100, avg speed:15.53900665161265
Episode:8/100, avg halt num:0.19193192562243933
Episode:8/100, avg elec cons:1.9678282363338249
 Retrying in 1 seconds
Warning: Unused states in tlLogic 'J10', program '0' in phase 0 after tl-index 10
Simulation......
交通灯最大奖励:0.5, 交通灯最小奖励:-2.0
总奖励:-7127.0605553721925, 速度奖励:-3050.5944649001135, 加速度奖励:-1252.0660904724693, 交通灯奖励:-2108.0, 与前车进行交互的惩罚:-716.3999999999764
Episode:9/100, Reward:-7127.0605553721925
Episode:9/100, avg speed:15.060097537591066
Episode:9/100, avg halt num:0.19858444516758866
Episode:9/100, avg elec cons:1.8192136622143111
 Retrying in 1 seconds
Warning: Unused states in tlLogic 'J10', program '0' in phase 0 after tl-index 10
Simulation......
交通灯最大奖励:0.5, 交通灯最小奖励:-2.0
总奖励:-7915.642914071154, 速度奖励:-2888.379864700114, 加速度奖励:-1274.4630493715488, 交通灯奖励:-2886.0, 与前车进行交互的惩罚:-866.7999999999679
Episode:10/100, Reward:-7915.642914071154
Episode:10/100, avg speed:15.150114809813838
Episode:10/100, avg halt num:0.23776839141147482
Episode:10/100, avg elec cons:2.0880028673445303
 Retrying in 1 seconds
Warning: Unused states in tlLogic 'J10', program '0' in phase 0 after tl-index 10
Simulation......
交通灯最大奖励:0.5, 交通灯最小奖励:-2.0
总奖励:-6320.109857149868, 速度奖励:-2692.185092300109, 加速度奖励:-1214.8247648500603, 交通灯奖励:-1671.5, 与前车进行交互的惩罚:-741.599999999975
Episode:11/100, Reward:-6320.109857149868
Episode:11/100, avg speed:15.80036418725652
Episode:11/100, avg halt num:0.1748916305435145
Episode:11/100, avg elec cons:1.9871862113193015
 Retrying in 1 seconds
Warning: Unused states in tlLogic 'J10', program '0' in phase 0 after tl-index 10
Simulation......
交通灯最大奖励:0.5, 交通灯最小奖励:-2.0
总奖励:-8870.503969604402, 速度奖励:-2724.057496700094, 加速度奖励:-1299.446472904611, 交通灯奖励:-3889.0, 与前车进行交互的惩罚:-957.9999999999627
Episode:12/100, Reward:-8870.503969604402
Episode:12/100, avg speed:15.65028570713733
Episode:12/100, avg halt num:0.22783718523628838
Episode:12/100, avg elec cons:2.192989341245405
 Retrying in 1 seconds
Warning: Unused states in tlLogic 'J10', program '0' in phase 0 after tl-index 10
Simulation......
交通灯最大奖励:0.5, 交通灯最小奖励:-2.0
总奖励:-6753.765572969974, 速度奖励:-2566.6895374000997, 加速度奖励:-1186.2760355702512, 交通灯奖励:-2356.0, 与前车进行交互的惩罚:-644.7999999999805
Episode:13/100, Reward:-6753.765572969974
Episode:13/100, avg speed:15.766303127564981
Episode:13/100, avg halt num:0.17722819216182048
Episode:13/100, avg elec cons:1.969136052592954
 Retrying in 1 seconds
Warning: Unused states in tlLogic 'J10', program '0' in phase 0 after tl-index 10
Simulation......
交通灯最大奖励:0.5, 交通灯最小奖励:-2.0
总奖励:-6331.1595923692, 速度奖励:-2858.8973283001064, 加速度奖励:-1229.9622640693908, 交通灯奖励:-1631.5, 与前车进行交互的惩罚:-610.7999999999824
Episode:14/100, Reward:-6331.1595923692
Episode:14/100, avg speed:15.175956716991875
Episode:14/100, avg halt num:0.1901791988756149
Episode:14/100, avg elec cons:2.1643534045098884
 Retrying in 1 seconds
Warning: Unused states in tlLogic 'J10', program '0' in phase 0 after tl-index 10
Simulation......
交通灯最大奖励:0.5, 交通灯最小奖励:-2.0
总奖励:-9080.888212053262, 速度奖励:-3892.528464900092, 加速度奖励:-1817.659747153407, 交通灯奖励:-2779.5, 与前车进行交互的惩罚:-591.1999999999836
Episode:15/100, Reward:-9080.888212053262
Episode:15/100, avg speed:14.631144432124252
Episode:15/100, avg halt num:0.18025631500742942
Episode:15/100, avg elec cons:2.268712349964671
 Retrying in 1 seconds
Warning: Unused states in tlLogic 'J10', program '0' in phase 0 after tl-index 10
Simulation......
交通灯最大奖励:0.5, 交通灯最小奖励:-2.0
总奖励:-6029.01838042126, 速度奖励:-2830.77582330008, 加速度奖励:-1273.5425571214355, 交通灯奖励:-1313.5, 与前车进行交互的惩罚:-611.1999999999824
Episode:16/100, Reward:-6029.01838042126
Episode:16/100, avg speed:14.832108962594454
Episode:16/100, avg halt num:0.15491088357982555
Episode:16/100, avg elec cons:2.167650802763843
 Retrying in 1 seconds
Warning: Unused states in tlLogic 'J10', program '0' in phase 0 after tl-index 10
Simulation......
交通灯最大奖励:0.5, 交通灯最小奖励:-2.0
总奖励:-7170.186513675614, 速度奖励:-3392.069768350114, 加速度奖励:-1430.7167453259121, 交通灯奖励:-1665.0, 与前车进行交互的惩罚:-682.3999999999784
Episode:17/100, Reward:-7170.186513675614
Episode:17/100, avg speed:14.56971157154599
Episode:17/100, avg halt num:0.18038079470198676
Episode:17/100, avg elec cons:1.7195536263131725
 Retrying in 1 seconds
Warning: Unused states in tlLogic 'J10', program '0' in phase 0 after tl-index 10
Simulation......
交通灯最大奖励:0.5, 交通灯最小奖励:-2.0
总奖励:-6969.96641544087, 速度奖励:-3395.9555748001308, 加速度奖励:-1410.3108406412218, 交通灯奖励:-1380.5, 与前车进行交互的惩罚:-783.1999999999726
Episode:18/100, Reward:-6969.96641544087
Episode:18/100, avg speed:13.353220700924837
Episode:18/100, avg halt num:0.2198989898989899
Episode:18/100, avg elec cons:1.8303760663581492
 Retrying in 1 seconds
Warning: Unused states in tlLogic 'J10', program '0' in phase 0 after tl-index 10
Simulation......
交通灯最大奖励:0.5, 交通灯最小奖励:-2.0
总奖励:-7214.339821522022, 速度奖励:-4330.28595095004, 加速度奖励:-1509.7538705722961, 交通灯奖励:-527.5, 与前车进行交互的惩罚:-846.799999999969
Episode:19/100, Reward:-7214.339821522022
Episode:19/100, avg speed:13.149903258089976
Episode:19/100, avg halt num:0.1759131633356306
Episode:19/100, avg elec cons:1.2289816513436114
 Retrying in 1 seconds
Warning: Unused states in tlLogic 'J10', program '0' in phase 0 after tl-index 10
Simulation......
交通灯最大奖励:0.5, 交通灯最小奖励:-2.0
总奖励:-16944.24839091171, 速度奖励:-10872.451406449969, 加速度奖励:-2192.296984461063, 交通灯奖励:-1745.5, 与前车进行交互的惩罚:-2134.000000000211
Episode:20/100, Reward:-16944.24839091171
Episode:20/100, avg speed:9.542933495955646
Episode:20/100, avg halt num:0.4426531921719602
Episode:20/100, avg elec cons:0.6490025170911882
 Retrying in 1 seconds
Warning: Unused states in tlLogic 'J10', program '0' in phase 0 after tl-index 10
Simulation......
交通灯最大奖励:0.5, 交通灯最小奖励:-2.0
总奖励:-9338.984484512415, 速度奖励:-6762.333579549829, 加速度奖励:-1643.8509049626018, 交通灯奖励:348.0, 与前车进行交互的惩罚:-1280.8000000000172
Episode:21/100, Reward:-9338.984484512415
Episode:21/100, avg speed:11.390325953332148
Episode:21/100, avg halt num:0.14922928709055877
Episode:21/100, avg elec cons:1.0585388501443949
 Retrying in 1 seconds
Warning: Unused states in tlLogic 'J10', program '0' in phase 0 after tl-index 10
Simulation......
交通灯最大奖励:0.5, 交通灯最小奖励:-2.0
总奖励:-4461.444373661026, 速度奖励:-3751.6950575500473, 加速度奖励:-1476.5493161110223, 交通灯奖励:1682.0, 与前车进行交互的惩罚:-915.1999999999651
Episode:22/100, Reward:-4461.444373661026
Episode:22/100, avg speed:13.344527964120836
Episode:22/100, avg halt num:0.04932609509546986
Episode:22/100, avg elec cons:2.3050234426944427
 Retrying in 1 seconds
Warning: Unused states in tlLogic 'J10', program '0' in phase 0 after tl-index 10
Simulation......
交通灯最大奖励:0.5, 交通灯最小奖励:-2.0
总奖励:-8230.465480054761, 速度奖励:-7028.612518599814, 加速度奖励:-1555.1529614550088, 交通灯奖励:1820.5, 与前车进行交互的惩罚:-1467.2000000000596
Episode:23/100, Reward:-8230.465480054761
Episode:23/100, avg speed:11.525600043027554
Episode:23/100, avg halt num:0.1210201429499675
Episode:23/100, avg elec cons:0.8928019771327924
 Retrying in 1 seconds
Warning: Unused states in tlLogic 'J10', program '0' in phase 0 after tl-index 10
Simulation......
交通灯最大奖励:0.5, 交通灯最小奖励:-2.0
总奖励:-27345.72951967057, 速度奖励:-12402.41396190023, 加速度奖励:-3337.6155577716136, 交通灯奖励:-8676.5, 与前车进行交互的惩罚:-2929.200000000392
Episode:24/100, Reward:-27345.72951967057
Episode:24/100, avg speed:9.79046817769824
Episode:24/100, avg halt num:0.24083148909263358
Episode:24/100, avg elec cons:0.9392107220689028
 Retrying in 1 seconds
Warning: Unused states in tlLogic 'J10', program '0' in phase 0 after tl-index 10
Simulation......
交通灯最大奖励:0.5, 交通灯最小奖励:-2.0
总奖励:-6363.888751324942, 速度奖励:-6349.979127699966, 加速度奖励:-1548.8096236249316, 交通灯奖励:2826.5, 与前车进行交互的惩罚:-1291.6000000000197
Episode:25/100, Reward:-6363.888751324942
Episode:25/100, avg speed:12.0259633777295
Episode:25/100, avg halt num:0.05225225225225225
Episode:25/100, avg elec cons:0.8506412325342114
 Retrying in 1 seconds
Warning: Unused states in tlLogic 'J10', program '0' in phase 0 after tl-index 10
Simulation......
交通灯最大奖励:0.5, 交通灯最小奖励:-2.0
总奖励:-14208.435295308016, 速度奖励:-10116.319668149821, 加速度奖励:-2325.615627157954, 交通灯奖励:-186.5, 与前车进行交互的惩罚:-1580.0000000000853
Episode:26/100, Reward:-14208.435295308016
Episode:26/100, avg speed:9.05509141461371
Episode:26/100, avg halt num:0.2575009147457007
Episode:26/100, avg elec cons:0.7510920652897501
 Retrying in 1 seconds
Warning: Unused states in tlLogic 'J10', program '0' in phase 0 after tl-index 10
Simulation......
交通灯最大奖励:0.5, 交通灯最小奖励:-2.0
总奖励:-5835.612801971239, 速度奖励:-5329.57385024995, 加速度奖励:-1478.5389517212798, 交通灯奖励:1906.5, 与前车进行交互的惩罚:-933.9999999999641
Episode:27/100, Reward:-5835.612801971239
Episode:27/100, avg speed:12.492454659301881
Episode:27/100, avg halt num:0.012683694891532541
Episode:27/100, avg elec cons:1.7865154702871378
 Retrying in 1 seconds
Warning: Unused states in tlLogic 'J10', program '0' in phase 0 after tl-index 10
Simulation......
交通灯最大奖励:0.5, 交通灯最小奖励:-2.0
总奖励:-2456.3714800954563, 速度奖励:-2638.5571369000327, 加速度奖励:-1167.5143431954461, 交通灯奖励:1914.5, 与前车进行交互的惩罚:-564.7999999999851
Episode:28/100, Reward:-2456.3714800954563
Episode:28/100, avg speed:13.96652967270663
Episode:28/100, avg halt num:0.034874122988031366
Episode:28/100, avg elec cons:2.356843196293037
 Retrying in 1 seconds
Warning: Unused states in tlLogic 'J10', program '0' in phase 0 after tl-index 10
Simulation......
交通灯最大奖励:0.5, 交通灯最小奖励:-2.0
总奖励:-3470.2676786612533, 速度奖励:-3716.724501150051, 加速度奖励:-1445.043177511201, 交通灯奖励:2575.5, 与前车进行交互的惩罚:-883.9999999999669
Episode:29/100, Reward:-3470.2676786612533
Episode:29/100, avg speed:13.043250218785602
Episode:29/100, avg halt num:0.07046714172604909
Episode:29/100, avg elec cons:1.7676494336414423
 Retrying in 1 seconds
Warning: Unused states in tlLogic 'J10', program '0' in phase 0 after tl-index 10
Simulation......
交通灯最大奖励:0.5, 交通灯最小奖励:-2.0
总奖励:-4731.604238408365, 速度奖励:-4465.193123749969, 加速度奖励:-1520.4111146583753, 交通灯奖励:1970.0, 与前车进行交互的惩罚:-715.9999999999765
Episode:30/100, Reward:-4731.604238408365
Episode:30/100, avg speed:13.07010350360391
Episode:30/100, avg halt num:0.06377111340916926
Episode:30/100, avg elec cons:1.3296066695861475
 Retrying in 1 seconds
Warning: Unused states in tlLogic 'J10', program '0' in phase 0 after tl-index 10
Simulation......
交通灯最大奖励:0.5, 交通灯最小奖励:-2.0
总奖励:-5991.012819872907, 速度奖励:-4896.139804599921, 加速度奖励:-1904.9730152729783, 交通灯奖励:1724.5, 与前车进行交互的惩罚:-914.3999999999652
Episode:31/100, Reward:-5991.012819872907
Episode:31/100, avg speed:11.85096923429326
Episode:31/100, avg halt num:0.04796355841371919
Episode:31/100, avg elec cons:1.5054109660035682
 Retrying in 1 seconds
Warning: Unused states in tlLogic 'J10', program '0' in phase 0 after tl-index 10
Simulation......
交通灯最大奖励:0.5, 交通灯最小奖励:-2.0
总奖励:-3900.564394928083, 速度奖励:-3923.574954650014, 加速度奖励:-1530.0894402780425, 交通灯奖励:2453.5, 与前车进行交互的惩罚:-900.399999999966
Episode:32/100, Reward:-3900.564394928083
Episode:32/100, avg speed:12.94914126976715
Episode:32/100, avg halt num:0.02540106951871658
Episode:32/100, avg elec cons:1.704807042067373
 Retrying in 1 seconds
Warning: Unused states in tlLogic 'J10', program '0' in phase 0 after tl-index 10
Simulation......
交通灯最大奖励:0.5, 交通灯最小奖励:-2.0
总奖励:-2905.983795996004, 速度奖励:-2639.1894121500322, 加速度奖励:-1358.494383846002, 交通灯奖励:1576.5, 与前车进行交互的惩罚:-484.79999999998955
Episode:33/100, Reward:-2905.983795996004
Episode:33/100, avg speed:14.50855708282978
Episode:33/100, avg halt num:0.015833919774806474
Episode:33/100, avg elec cons:2.2286528042200784
 Retrying in 1 seconds
Warning: Unused states in tlLogic 'J10', program '0' in phase 0 after tl-index 10
Simulation......
交通灯最大奖励:0.5, 交通灯最小奖励:-2.0
总奖励:-9893.487427594844, 速度奖励:-2879.972378500122, 加速度奖励:-1337.1150490949556, 交通灯奖励:-4590.0, 与前车进行交互的惩罚:-1086.399999999973
Episode:34/100, Reward:-9893.487427594844
Episode:34/100, avg speed:15.55294587550678
Episode:34/100, avg halt num:0.25604626708727657
Episode:34/100, avg elec cons:2.245441361317641
 Retrying in 1 seconds
Warning: Unused states in tlLogic 'J10', program '0' in phase 0 after tl-index 10
Simulation......
交通灯最大奖励:0.5, 交通灯最小奖励:-2.0
总奖励:-4994.957662533432, 速度奖励:-2686.3477790500833, 加速度奖励:-1204.3098834835114, 交通灯奖励:-287.5, 与前车进行交互的惩罚:-816.7999999999707
Episode:35/100, Reward:-4994.957662533432
Episode:35/100, avg speed:15.098181571259515
Episode:35/100, avg halt num:0.15693362995921395
Episode:35/100, avg elec cons:2.2707453207000396
 Retrying in 1 seconds
Warning: Unused states in tlLogic 'J10', program '0' in phase 0 after tl-index 10
Simulation......
交通灯最大奖励:0.5, 交通灯最小奖励:-2.0
总奖励:-3180.6556477886234, 速度奖励:-3777.55721790008, 加速度奖励:-1225.198429888539, 交通灯奖励:2506.5, 与前车进行交互的惩罚:-684.3999999999783
Episode:36/100, Reward:-3180.6556477886234
Episode:36/100, avg speed:13.695062417238756
Episode:36/100, avg halt num:0.11478847556528082
Episode:36/100, avg elec cons:1.8763227355467043
 Retrying in 1 seconds
Warning: Unused states in tlLogic 'J10', program '0' in phase 0 after tl-index 10
Simulation......
交通灯最大奖励:0.5, 交通灯最小奖励:-2.0
总奖励:-1759.0763653722715, 速度奖励:-3111.207689750042, 加速度奖励:-1236.2686756222465, 交通灯奖励:3056.0, 与前车进行交互的惩罚:-467.59999999999053
Episode:37/100, Reward:-1759.0763653722715
Episode:37/100, avg speed:13.5264130268731
Episode:37/100, avg halt num:0.03949579831932773
Episode:37/100, avg elec cons:2.7023666990160518
 Retrying in 1 seconds
Warning: Unused states in tlLogic 'J10', program '0' in phase 0 after tl-index 10
Simulation......
交通灯最大奖励:0.5, 交通灯最小奖励:-2.0
总奖励:-1537.1147589107507, 速度奖励:-2440.999478750034, 加速度奖励:-1131.8152801607273, 交通灯奖励:2488.5, 与前车进行交互的惩罚:-452.79999999999137
Episode:38/100, Reward:-1537.1147589107507
Episode:38/100, avg speed:14.854244754062481
Episode:38/100, avg halt num:0.031467181467181464
Episode:38/100, avg elec cons:2.627768309995763
 Retrying in 1 seconds
Warning: Unused states in tlLogic 'J10', program '0' in phase 0 after tl-index 10
Simulation......
交通灯最大奖励:0.5, 交通灯最小奖励:-2.0
总奖励:-2682.2214884859377, 速度奖励:-2767.575744750057, 加速度奖励:-1178.8457437359052, 交通灯奖励:1731.0, 与前车进行交互的惩罚:-466.7999999999906
Episode:39/100, Reward:-2682.2214884859377
Episode:39/100, avg speed:14.840111176711828
Episode:39/100, avg halt num:0.06513476157567381
Episode:39/100, avg elec cons:2.0970677782533267
 Retrying in 1 seconds
Warning: Unused states in tlLogic 'J10', program '0' in phase 0 after tl-index 10
Simulation......
交通灯最大奖励:0.5, 交通灯最小奖励:-2.0
总奖励:-9496.5159519889, 速度奖励:-2891.802617750113, 加速度奖励:-1357.81333423903, 交通灯奖励:-4220.5, 与前车进行交互的惩罚:-1026.3999999999594
Episode:40/100, Reward:-9496.5159519889
Episode:40/100, avg speed:15.27945966779468
Episode:40/100, avg halt num:0.2425345957756737
Episode:40/100, avg elec cons:2.279311179435818
 Retrying in 1 seconds
Warning: Unused states in tlLogic 'J10', program '0' in phase 0 after tl-index 10
Simulation......
交通灯最大奖励:0.5, 交通灯最小奖励:-2.0
总奖励:-3567.9926525451992, 速度奖励:-3021.615683800049, 加速度奖励:-1277.8769687451356, 交通灯奖励:1377.5, 与前车进行交互的惩罚:-645.9999999999804
Episode:41/100, Reward:-3567.9926525451992
Episode:41/100, avg speed:14.362446812355822
Episode:41/100, avg halt num:0.09764789736279401
Episode:41/100, avg elec cons:2.2776014379364855
 Retrying in 1 seconds
Warning: Unused states in tlLogic 'J10', program '0' in phase 0 after tl-index 10
Simulation......
交通灯最大奖励:0.5, 交通灯最小奖励:-2.0
总奖励:-2557.604489366164, 速度奖励:-4447.375007450021, 加速度奖励:-1356.3294819161476, 交通灯奖励:4102.5, 与前车进行交互的惩罚:-856.3999999999685
Episode:42/100, Reward:-2557.604489366164
Episode:42/100, avg speed:12.573286078708222
Episode:42/100, avg halt num:0.016396396396396395
Episode:42/100, avg elec cons:1.4530104179338885
 Retrying in 1 seconds
Warning: Unused states in tlLogic 'J10', program '0' in phase 0 after tl-index 10
Simulation......
交通灯最大奖励:0.5, 交通灯最小奖励:-2.0
总奖励:-3955.351390997407, 速度奖励:-5335.524240349993, 加速度奖励:-1343.9271506473751, 交通灯奖励:3866.5, 与前车进行交互的惩罚:-1142.3999999999858
Episode:43/100, Reward:-3955.351390997407
Episode:43/100, avg speed:11.657339555592584
Episode:43/100, avg halt num:0.04299730665640631
Episode:43/100, avg elec cons:1.2487842988478965
 Retrying in 1 seconds
Warning: Unused states in tlLogic 'J10', program '0' in phase 0 after tl-index 10
Simulation......
交通灯最大奖励:0.5, 交通灯最小奖励:-2.0
总奖励:-9276.847247387512, 速度奖励:-7608.943319699656, 加速度奖励:-2123.0039276876655, 交通灯奖励:1831.5, 与前车进行交互的惩罚:-1376.400000000039
Episode:44/100, Reward:-9276.847247387512
Episode:44/100, avg speed:11.116343319971744
Episode:44/100, avg halt num:0.22201291711517762
Episode:44/100, avg elec cons:0.9314571114606648
 Retrying in 1 seconds
Warning: Unused states in tlLogic 'J10', program '0' in phase 0 after tl-index 10
Simulation......
交通灯最大奖励:0.5, 交通灯最小奖励:-2.0
总奖励:-22954.56815087962, 速度奖励:-11868.786175050196, 加速度奖励:-2512.9819758302983, 交通灯奖励:-5862.0, 与前车进行交互的惩罚:-2710.800000000342
Episode:45/100, Reward:-22954.56815087962
Episode:45/100, avg speed:9.428020423357026
Episode:45/100, avg halt num:0.3332464372610358
Episode:45/100, avg elec cons:0.9016714177699778
 Retrying in 1 seconds
Warning: Unused states in tlLogic 'J10', program '0' in phase 0 after tl-index 10
Simulation......
交通灯最大奖励:0.5, 交通灯最小奖励:-2.0
总奖励:-6477.637415827712, 速度奖励:-5525.57667564983, 加速度奖励:-1566.360740177858, 交通灯奖励:1745.5, 与前车进行交互的惩罚:-1131.1999999999832
Episode:46/100, Reward:-6477.637415827712
Episode:46/100, avg speed:12.763822450683652
Episode:46/100, avg halt num:0.07181728232189974
Episode:46/100, avg elec cons:1.1513421912146014
 Retrying in 1 seconds
Warning: Unused states in tlLogic 'J10', program '0' in phase 0 after tl-index 10
Simulation......
交通灯最大奖励:0.5, 交通灯最小奖励:-2.0
总奖励:-11330.009182733584, 速度奖励:-3225.5514862501373, 加速度奖励:-1393.8576964834456, 交通灯奖励:-5551.0, 与前车进行交互的惩罚:-1159.5999999999897
Episode:47/100, Reward:-11330.009182733584
Episode:47/100, avg speed:14.791717788080975
Episode:47/100, avg halt num:0.3000183891136447
Episode:47/100, avg elec cons:2.2661276833569626
 Retrying in 1 seconds
Warning: Unused states in tlLogic 'J10', program '0' in phase 0 after tl-index 10
Simulation......
交通灯最大奖励:0.5, 交通灯最小奖励:-2.0
总奖励:-30353.80592012881, 速度奖励:-13248.333628150353, 加速度奖励:-3268.6722919806243, 交通灯奖励:-11888.0, 与前车进行交互的惩罚:-1948.8000000001691
Episode:48/100, Reward:-30353.80592012881
Episode:48/100, avg speed:8.798292804893864
Episode:48/100, avg halt num:0.4125235404896422
Episode:48/100, avg elec cons:0.6221580325227675
 Retrying in 1 seconds
Warning: Unused states in tlLogic 'J10', program '0' in phase 0 after tl-index 10
Simulation......
交通灯最大奖励:0.5, 交通灯最小奖励:-2.0
总奖励:-4900.589803494358, 速度奖励:-5115.253684649966, 加速度奖励:-1674.83611884435, 交通灯奖励:2803.5, 与前车进行交互的惩罚:-913.9999999999652
Episode:49/100, Reward:-4900.589803494358
Episode:49/100, avg speed:12.917344377999216
Episode:49/100, avg halt num:0.02486951182069389
Episode:49/100, avg elec cons:1.6245029230555066
 Retrying in 1 seconds
Warning: Unused states in tlLogic 'J10', program '0' in phase 0 after tl-index 10
Simulation......
交通灯最大奖励:0.5, 交通灯最小奖励:-2.0
总奖励:-3050.2273253759286, 速度奖励:-3851.6663103500155, 加速度奖励:-1511.2610150259027, 交通灯奖励:3249.5, 与前车进行交互的惩罚:-936.7999999999639
Episode:50/100, Reward:-3050.2273253759286
Episode:50/100, avg speed:13.008728467447876
Episode:50/100, avg halt num:0.010308385308385308
Episode:50/100, avg elec cons:1.540313433587907
 Retrying in 1 seconds
Warning: Unused states in tlLogic 'J10', program '0' in phase 0 after tl-index 10
Simulation......
交通灯最大奖励:0.5, 交通灯最小奖励:-2.0
总奖励:-2566.77749186939, 速度奖励:-4096.363131500046, 加速度奖励:-1456.614360369372, 交通灯奖励:3633.0, 与前车进行交互的惩罚:-646.7999999999804
Episode:51/100, Reward:-2566.77749186939
Episode:51/100, avg speed:13.58678748521836
Episode:51/100, avg halt num:0.03846782097353806
Episode:51/100, avg elec cons:1.2995935492929678
 Retrying in 1 seconds
Warning: Unused states in tlLogic 'J10', program '0' in phase 0 after tl-index 10
Simulation......
交通灯最大奖励:0.5, 交通灯最小奖励:-2.0
总奖励:-4992.735497071785, 速度奖励:-5021.479033999969, 加速度奖励:-1725.5564630717734, 交通灯奖励:2627.5, 与前车进行交互的惩罚:-873.1999999999675
Episode:52/100, Reward:-4992.735497071785
Episode:52/100, avg speed:12.206867600726735
Episode:52/100, avg halt num:0.03398058252427184
Episode:52/100, avg elec cons:1.251096930604816
 Retrying in 1 seconds
Warning: Unused states in tlLogic 'J10', program '0' in phase 0 after tl-index 10
Simulation......
交通灯最大奖励:0.5, 交通灯最小奖励:-2.0
总奖励:-2340.8447149830295, 速度奖励:-3327.035030250028, 加速度奖励:-1281.8096847330137, 交通灯奖励:2944.0, 与前车进行交互的惩罚:-675.9999999999787
Episode:53/100, Reward:-2340.8447149830295
Episode:53/100, avg speed:13.782280311376466
Episode:53/100, avg halt num:0.022466216216216216
Episode:53/100, avg elec cons:1.7008671968449571
 Retrying in 1 seconds
Warning: Unused states in tlLogic 'J10', program '0' in phase 0 after tl-index 10
Simulation......
交通灯最大奖励:0.5, 交通灯最小奖励:-2.0
总奖励:-1596.3572175796864, 速度奖励:-3029.3516561000256, 加速度奖励:-1143.1055614796671, 交通灯奖励:2968.5, 与前车进行交互的惩罚:-392.3999999999948
Episode:54/100, Reward:-1596.3572175796864
Episode:54/100, avg speed:14.048297130652639
Episode:54/100, avg halt num:0.013328656611715188
Episode:54/100, avg elec cons:1.6770312976854667
 Retrying in 1 seconds
Warning: Unused states in tlLogic 'J10', program '0' in phase 0 after tl-index 10
Simulation......
交通灯最大奖励:0.5, 交通灯最小奖励:-2.0
总奖励:-2942.4032445207986, 速度奖励:-3373.064731350052, 加速度奖励:-1223.338513170748, 交通灯奖励:2188.0, 与前车进行交互的惩罚:-533.9999999999868
Episode:55/100, Reward:-2942.4032445207986
Episode:55/100, avg speed:13.464891051336675
Episode:55/100, avg halt num:0.07431430689399555
Episode:55/100, avg elec cons:1.6762330003578976
 Retrying in 1 seconds
Warning: Unused states in tlLogic 'J10', program '0' in phase 0 after tl-index 10
Simulation......
交通灯最大奖励:0.5, 交通灯最小奖励:-2.0
总奖励:-17064.51133008702, 速度奖励:-7680.660788949567, 加速度奖励:-2341.650541136769, 交通灯奖励:-5339.0, 与前车进行交互的惩罚:-1703.2000000001133
Episode:56/100, Reward:-17064.51133008702
Episode:56/100, avg speed:10.26893415011989
Episode:56/100, avg halt num:0.2748239436619718
Episode:56/100, avg elec cons:1.037444490102299
 Retrying in 1 seconds
Warning: Unused states in tlLogic 'J10', program '0' in phase 0 after tl-index 10
Simulation......
交通灯最大奖励:0.5, 交通灯最小奖励:-2.0
总奖励:-2612.2675934498534, 速度奖励:-4181.798860300021, 加速度奖励:-1189.668733149842, 交通灯奖励:3682.0, 与前车进行交互的惩罚:-922.7999999999647
Episode:57/100, Reward:-2612.2675934498534
Episode:57/100, avg speed:12.70031966909423
Episode:57/100, avg halt num:0.016992266992266993
Episode:57/100, avg elec cons:1.8530738789680072
 Retrying in 1 seconds
Warning: Unused states in tlLogic 'J10', program '0' in phase 0 after tl-index 10
Simulation......
交通灯最大奖励:0.5, 交通灯最小奖励:-2.0
总奖励:-4265.6578654173545, 速度奖励:-2607.423117850066, 加速度奖励:-1234.5347475673154, 交通灯奖励:289.5, 与前车进行交互的惩罚:-713.1999999999766
Episode:58/100, Reward:-4265.6578654173545
Episode:58/100, avg speed:14.926020798822938
Episode:58/100, avg halt num:0.09671968190854871
Episode:58/100, avg elec cons:2.3304429768207187
 Retrying in 1 seconds
Warning: Unused states in tlLogic 'J10', program '0' in phase 0 after tl-index 10
Simulation......
交通灯最大奖励:0.5, 交通灯最小奖励:-2.0
总奖励:-4350.1694332862735, 速度奖励:-2877.1475740000924, 加速度奖励:-1151.7218592862387, 交通灯奖励:293.5, 与前车进行交互的惩罚:-614.7999999999822
Episode:59/100, Reward:-4350.1694332862735
Episode:59/100, avg speed:14.980025370813552
Episode:59/100, avg halt num:0.1743295019157088
Episode:59/100, avg elec cons:2.163237030127406
 Retrying in 1 seconds
Warning: Unused states in tlLogic 'J10', program '0' in phase 0 after tl-index 10
Simulation......
交通灯最大奖励:0.5, 交通灯最小奖励:-2.0
总奖励:-4224.829688774353, 速度奖励:-2739.4379615000944, 加速度奖励:-1124.8917272742826, 交通灯奖励:223.5, 与前车进行交互的惩罚:-583.999999999984
Episode:60/100, Reward:-4224.829688774353
Episode:60/100, avg speed:15.141317917572122
Episode:60/100, avg halt num:0.14848686398403724
Episode:60/100, avg elec cons:1.89926149459479
 Retrying in 1 seconds
Warning: Unused states in tlLogic 'J10', program '0' in phase 0 after tl-index 10
Simulation......
交通灯最大奖励:0.5, 交通灯最小奖励:-2.0
总奖励:-3406.7553035042956, 速度奖励:-3052.866728050081, 加速度奖励:-1108.2885754542256, 交通灯奖励:1454.0, 与前车进行交互的惩罚:-699.5999999999774
Episode:61/100, Reward:-3406.7553035042956
Episode:61/100, avg speed:13.985921053779629
Episode:61/100, avg halt num:0.13958009331259721
Episode:61/100, avg elec cons:1.8821355435153586
 Retrying in 1 seconds
Warning: Unused states in tlLogic 'J10', program '0' in phase 0 after tl-index 10
Simulation......
交通灯最大奖励:0.5, 交通灯最小奖励:-2.0
总奖励:-1781.077868311723, 速度奖励:-2934.67200205003, 加速度奖励:-1023.2058662616997, 交通灯奖励:2728.0, 与前车进行交互的惩罚:-551.1999999999858
Episode:62/100, Reward:-1781.077868311723
Episode:62/100, avg speed:14.24169883352231
Episode:62/100, avg halt num:0.03671875
Episode:62/100, avg elec cons:1.720915107033116
 Retrying in 1 seconds
Warning: Unused states in tlLogic 'J10', program '0' in phase 0 after tl-index 10
Simulation......
交通灯最大奖励:0.5, 交通灯最小奖励:-2.0
总奖励:-2933.5429865021174, 速度奖励:-2785.2941751500557, 加速度奖励:-1113.9488113520663, 交通灯奖励:1536.5, 与前车进行交互的惩罚:-570.7999999999847
Episode:63/100, Reward:-2933.5429865021174
Episode:63/100, avg speed:14.688683033844883
Episode:63/100, avg halt num:0.06256366723259763
Episode:63/100, avg elec cons:1.8418761609535188
 Retrying in 1 seconds
Warning: Unused states in tlLogic 'J10', program '0' in phase 0 after tl-index 10
Simulation......
交通灯最大奖励:0.5, 交通灯最小奖励:-2.0
总奖励:-10402.997920715716, 速度奖励:-2955.887091300129, 加速度奖励:-1329.0108294157556, 交通灯奖励:-5012.5, 与前车进行交互的惩罚:-1105.5999999999774
Episode:64/100, Reward:-10402.997920715716
Episode:64/100, avg speed:15.191245842095856
Episode:64/100, avg halt num:0.28448925744440257
Episode:64/100, avg elec cons:2.4456992666152138
 Retrying in 1 seconds
Warning: Unused states in tlLogic 'J10', program '0' in phase 0 after tl-index 10
Simulation......
交通灯最大奖励:0.5, 交通灯最小奖励:-2.0
总奖励:-9969.774967949625, 速度奖励:-2750.6598040501117, 加速度奖励:-1342.0151638997388, 交通灯奖励:-4843.5, 与前车进行交互的惩罚:-1033.599999999961
Episode:65/100, Reward:-9969.774967949625
Episode:65/100, avg speed:15.598337662790266
Episode:65/100, avg halt num:0.2417989417989418
Episode:65/100, avg elec cons:2.2752601407928155
 Retrying in 1 seconds
Warning: Unused states in tlLogic 'J10', program '0' in phase 0 after tl-index 10
Simulation......
交通灯最大奖励:0.5, 交通灯最小奖励:-2.0
总奖励:-4385.160447298009, 速度奖励:-2894.4371037001, 加速度奖励:-1177.6233435979825, 交通灯奖励:274.5, 与前车进行交互的惩罚:-587.5999999999838
Episode:66/100, Reward:-4385.160447298009
Episode:66/100, avg speed:15.282962656944592
Episode:66/100, avg halt num:0.16315277327278624
Episode:66/100, avg elec cons:2.1121935182682168
 Retrying in 1 seconds
Warning: Unused states in tlLogic 'J10', program '0' in phase 0 after tl-index 10
Simulation......
交通灯最大奖励:0.5, 交通灯最小奖励:-2.0
总奖励:-1854.3810493298126, 速度奖励:-2559.1328335000417, 加速度奖励:-1101.1482158297804, 交通灯奖励:2257.5, 与前车进行交互的惩罚:-451.59999999999144
Episode:67/100, Reward:-1854.3810493298126
Episode:67/100, avg speed:15.29205897752648
Episode:67/100, avg halt num:0.06431431431431431
Episode:67/100, avg elec cons:2.228420134561528
 Retrying in 1 seconds
Warning: Unused states in tlLogic 'J10', program '0' in phase 0 after tl-index 10
Simulation......
交通灯最大奖励:0.5, 交通灯最小奖励:-2.0
总奖励:-1661.219563387141, 速度奖励:-2448.466141600048, 加速度奖励:-1070.7534217871078, 交通灯奖励:2262.0, 与前车进行交互的惩罚:-403.99999999999415
Episode:68/100, Reward:-1661.219563387141
Episode:68/100, avg speed:15.267274473759112
Episode:68/100, avg halt num:0.0603625170998632
Episode:68/100, avg elec cons:2.3335002219948535
 Retrying in 1 seconds
Warning: Unused states in tlLogic 'J10', program '0' in phase 0 after tl-index 10
Simulation......
交通灯最大奖励:0.5, 交通灯最小奖励:-2.0
总奖励:-2450.7820331067182, 速度奖励:-2986.9201880000614, 加速度奖励:-1085.3618451066793, 交通灯奖励:2123.5, 与前车进行交互的惩罚:-501.9999999999886
Episode:69/100, Reward:-2450.7820331067182
Episode:69/100, avg speed:14.785471596969428
Episode:69/100, avg halt num:0.0744945567651633
Episode:69/100, avg elec cons:1.953345518044538
 Retrying in 1 seconds
Warning: Unused states in tlLogic 'J10', program '0' in phase 0 after tl-index 10
Simulation......
交通灯最大奖励:0.5, 交通灯最小奖励:-2.0
总奖励:-2233.3884716737857, 速度奖励:-3323.8005653500622, 加速度奖励:-1236.4879063237413, 交通灯奖励:2906.5, 与前车进行交互的惩罚:-579.5999999999842
Episode:70/100, Reward:-2233.3884716737857
Episode:70/100, avg speed:13.901339864091357
Episode:70/100, avg halt num:0.058823529411764705
Episode:70/100, avg elec cons:1.5090970551804854
 Retrying in 1 seconds
Warning: Unused states in tlLogic 'J10', program '0' in phase 0 after tl-index 10
Simulation......
交通灯最大奖励:0.5, 交通灯最小奖励:-2.0
总奖励:-1676.4106099895694, 速度奖励:-2591.305258200035, 加速度奖励:-1076.6053517895546, 交通灯奖励:2577.5, 与前车进行交互的惩罚:-585.9999999999839
Episode:71/100, Reward:-1676.4106099895694
Episode:71/100, avg speed:15.077054320125685
Episode:71/100, avg halt num:0.03157981530343008
Episode:71/100, avg elec cons:1.8143108476302567
 Retrying in 1 seconds
Warning: Unused states in tlLogic 'J10', program '0' in phase 0 after tl-index 10
Simulation......
交通灯最大奖励:0.5, 交通灯最小奖励:-2.0
总奖励:-4014.124312752198, 速度奖励:-3930.894838300023, 加速度奖励:-1568.3294744521913, 交通灯奖励:2549.5, 与前车进行交互的惩罚:-1064.399999999968
Episode:72/100, Reward:-4014.124312752198
Episode:72/100, avg speed:13.032203933202103
Episode:72/100, avg halt num:0.05305039787798409
Episode:72/100, avg elec cons:2.592224968161474
 Retrying in 1 seconds
Warning: Unused states in tlLogic 'J10', program '0' in phase 0 after tl-index 10
Simulation......
交通灯最大奖励:0.5, 交通灯最小奖励:-2.0
总奖励:-2417.243481509832, 速度奖励:-2445.3912036000606, 加速度奖励:-1030.852277909777, 交通灯奖励:1541.0, 与前车进行交互的惩罚:-481.9999999999897
Episode:73/100, Reward:-2417.243481509832
Episode:73/100, avg speed:15.278999882889519
Episode:73/100, avg halt num:0.06744115872057936
Episode:73/100, avg elec cons:1.941320429645369
 Retrying in 1 seconds
Warning: Unused states in tlLogic 'J10', program '0' in phase 0 after tl-index 10
Simulation......
交通灯最大奖励:0.5, 交通灯最小奖励:-2.0
总奖励:-1964.4717444451978, 速度奖励:-2862.5747122500557, 加速度奖励:-1013.5970321951553, 交通灯奖励:2278.5, 与前车进行交互的惩罚:-366.79999999999626
Episode:74/100, Reward:-1964.4717444451978
Episode:74/100, avg speed:14.729166395621878
Episode:74/100, avg halt num:0.07862407862407862
Episode:74/100, avg elec cons:2.0175023439916986
 Retrying in 1 seconds
Warning: Unused states in tlLogic 'J10', program '0' in phase 0 after tl-index 10
Simulation......
交通灯最大奖励:0.5, 交通灯最小奖励:-2.0
总奖励:-1736.581634385603, 速度奖励:-3654.734849200028, 加速度奖励:-1260.0467851855751, 交通灯奖励:3659.0, 与前车进行交互的惩罚:-480.7999999999898
Episode:75/100, Reward:-1736.581634385603
Episode:75/100, avg speed:13.70584796903393
Episode:75/100, avg halt num:0.027069021916912007
Episode:75/100, avg elec cons:1.3767988548036785
 Retrying in 1 seconds
Warning: Unused states in tlLogic 'J10', program '0' in phase 0 after tl-index 10
Simulation......
交通灯最大奖励:0.5, 交通灯最小奖励:-2.0
总奖励:-1701.5506360077359, 速度奖励:-3481.9773397500076, 加速度奖励:-1166.0732962577179, 交通灯奖励:3546.5, 与前车进行交互的惩罚:-599.9999999999831
Episode:76/100, Reward:-1701.5506360077359
Episode:76/100, avg speed:13.318916672209467
Episode:76/100, avg halt num:0.010445682451253482
Episode:76/100, avg elec cons:1.7157824728566862
 Retrying in 1 seconds
Warning: Unused states in tlLogic 'J10', program '0' in phase 0 after tl-index 10
Simulation......
交通灯最大奖励:0.5, 交通灯最小奖励:-2.0
总奖励:-9946.723561692483, 速度奖励:-8299.15839394952, 加速度奖励:-1999.6651677425677, 交通灯奖励:1634.5, 与前车进行交互的惩罚:-1282.4000000000176
Episode:77/100, Reward:-9946.723561692483
Episode:77/100, avg speed:10.661116496652458
Episode:77/100, avg halt num:0.24585537918871253
Episode:77/100, avg elec cons:1.196796244758434
 Retrying in 1 seconds
Warning: Unused states in tlLogic 'J10', program '0' in phase 0 after tl-index 10
Simulation......
交通灯最大奖励:0.5, 交通灯最小奖励:-2.0
总奖励:-21300.313113969547, 速度奖励:-12192.544550950133, 加速度奖励:-3635.668563019423, 交通灯奖励:-4016.5, 与前车进行交互的惩罚:-1455.600000000057
Episode:78/100, Reward:-21300.313113969547
Episode:78/100, avg speed:8.324990100983257
Episode:78/100, avg halt num:0.34870880054366293
Episode:78/100, avg elec cons:0.703680543152211
 Retrying in 1 seconds
Warning: Unused states in tlLogic 'J10', program '0' in phase 0 after tl-index 10
Simulation......
交通灯最大奖励:0.5, 交通灯最小奖励:-2.0
总奖励:-12394.05322617059, 速度奖励:-4303.598720650077, 加速度奖励:-1570.5545055205027, 交通灯奖励:-5283.5, 与前车进行交互的惩罚:-1236.4000000000071
Episode:79/100, Reward:-12394.05322617059
Episode:79/100, avg speed:13.50706760308669
Episode:79/100, avg halt num:0.3395348837209302
Episode:79/100, avg elec cons:2.1993278558684497
 Retrying in 1 seconds
Warning: Unused states in tlLogic 'J10', program '0' in phase 0 after tl-index 10
Simulation......
交通灯最大奖励:0.5, 交通灯最小奖励:-2.0
总奖励:-5849.596463507687, 速度奖励:-2830.2579961501106, 加速度奖励:-1148.0384673578988, 交通灯奖励:-1210.5, 与前车进行交互的惩罚:-660.7999999999796
Episode:80/100, Reward:-5849.596463507687
Episode:80/100, avg speed:14.86726552428372
Episode:80/100, avg halt num:0.1947819871336669
Episode:80/100, avg elec cons:2.269374786704901
 Retrying in 1 seconds
Warning: Unused states in tlLogic 'J10', program '0' in phase 0 after tl-index 10
Simulation......
交通灯最大奖励:0.5, 交通灯最小奖励:-2.0
总奖励:-4990.0116044903325, 速度奖励:-2803.5799321501086, 加速度奖励:-1082.2316723404147, 交通灯奖励:-529.0, 与前车进行交互的惩罚:-575.1999999999845
Episode:81/100, Reward:-4990.0116044903325
Episode:81/100, avg speed:14.722480174557816
Episode:81/100, avg halt num:0.19716117216117215
Episode:81/100, avg elec cons:2.127868644151184
 Retrying in 1 seconds
Warning: Unused states in tlLogic 'J10', program '0' in phase 0 after tl-index 10
Simulation......
交通灯最大奖励:0.5, 交通灯最小奖励:-2.0
总奖励:-3226.015393346779, 速度奖励:-3603.3991632000534, 加速度奖励:-1136.8162301467273, 交通灯奖励:2085.0, 与前车进行交互的惩罚:-570.7999999999847
Episode:82/100, Reward:-3226.015393346779
Episode:82/100, avg speed:13.528922131070482
Episode:82/100, avg halt num:0.11285828025477707
Episode:82/100, avg elec cons:1.8188766355040191
 Retrying in 1 seconds
Warning: Unused states in tlLogic 'J10', program '0' in phase 0 after tl-index 10
Simulation......
交通灯最大奖励:0.5, 交通灯最小奖励:-2.0
总奖励:-21482.98938422106, 速度奖励:-10731.37196764987, 加速度奖励:-2961.1174165714665, 交通灯奖励:-5160.5, 与前车进行交互的惩罚:-2630.000000000324
Episode:83/100, Reward:-21482.98938422106
Episode:83/100, avg speed:10.364344225327594
Episode:83/100, avg halt num:0.31836195508586523
Episode:83/100, avg elec cons:1.1588726698315435
 Retrying in 1 seconds
Warning: Unused states in tlLogic 'J10', program '0' in phase 0 after tl-index 10
Simulation......
交通灯最大奖励:0.5, 交通灯最小奖励:-2.0
总奖励:-1250.5317916216704, 速度奖励:-2894.8824220500132, 加速度奖励:-1135.0493695716566, 交通灯奖励:3447.0, 与前车进行交互的惩罚:-667.5999999999792
Episode:84/100, Reward:-1250.5317916216704
Episode:84/100, avg speed:13.981419193001253
Episode:84/100, avg halt num:0.0008985623003194888
Episode:84/100, avg elec cons:2.515367741055761
 Retrying in 1 seconds
Warning: Unused states in tlLogic 'J10', program '0' in phase 0 after tl-index 10
Simulation......
交通灯最大奖励:0.5, 交通灯最小奖励:-2.0
总奖励:-1850.0096600916322, 速度奖励:-3090.1791120000385, 加速度奖励:-1029.630548091598, 交通灯奖励:2919.0, 与前车进行交互的惩罚:-649.1999999999803
Episode:85/100, Reward:-1850.0096600916322
Episode:85/100, avg speed:14.474597145429867
Episode:85/100, avg halt num:0.03324468085106383
Episode:85/100, avg elec cons:1.625942485774242
 Retrying in 1 seconds
Warning: Unused states in tlLogic 'J10', program '0' in phase 0 after tl-index 10
Simulation......
交通灯最大奖励:0.5, 交通灯最小奖励:-2.0
总奖励:-1955.1454298481242, 速度奖励:-3971.3702688500316, 加速度奖励:-1063.375160998109, 交通灯奖励:3748.0, 与前车进行交互的惩罚:-668.3999999999792
Episode:86/100, Reward:-1955.1454298481242
Episode:86/100, avg speed:13.525577201181472
Episode:86/100, avg halt num:0.012420478642835504
Episode:86/100, avg elec cons:1.263087205062369
 Retrying in 1 seconds
Warning: Unused states in tlLogic 'J10', program '0' in phase 0 after tl-index 10
Simulation......
交通灯最大奖励:0.5, 交通灯最小奖励:-2.0
总奖励:-4134.624914572641, 速度奖励:-6114.353712399913, 加速度奖励:-1423.971202172636, 交通灯奖励:4304.5, 与前车进行交互的惩罚:-900.799999999966
Episode:87/100, Reward:-4134.624914572641
Episode:87/100, avg speed:11.355213634418096
Episode:87/100, avg halt num:0.08330078125
Episode:87/100, avg elec cons:1.1302471886405678
 Retrying in 1 seconds
Warning: Unused states in tlLogic 'J10', program '0' in phase 0 after tl-index 10
Simulation......
交通灯最大奖励:0.5, 交通灯最小奖励:-2.0
总奖励:-70544.89524572357, 速度奖励:-27095.164675998105, 加速度奖励:-13329.830569720521, 交通灯奖励:-27145.5, 与前车进行交互的惩罚:-2974.400000000402
Episode:88/100, Reward:-70544.89524572357
Episode:88/100, avg speed:6.724709447895869
Episode:88/100, avg halt num:0.39251276233692567
Episode:88/100, avg elec cons:0.6008564819639334
 Retrying in 1 seconds
Warning: Unused states in tlLogic 'J10', program '0' in phase 0 after tl-index 10
Simulation......
交通灯最大奖励:0.5, 交通灯最小奖励:-2.0
总奖励:-21626.792053641613, 速度奖励:-10081.927111150066, 加速度奖励:-5106.764942491894, 交通灯奖励:-5036.5, 与前车进行交互的惩罚:-1401.6000000000447
Episode:89/100, Reward:-21626.792053641613
Episode:89/100, avg speed:10.230073533252481
Episode:89/100, avg halt num:0.0877447425670776
Episode:89/100, avg elec cons:1.6903573795727314
 Retrying in 1 seconds
Warning: Unused states in tlLogic 'J10', program '0' in phase 0 after tl-index 10
Simulation......
交通灯最大奖励:0.5, 交通灯最小奖励:-2.0
总奖励:-25021.6934177563, 速度奖励:-14829.805793250704, 加速度奖励:-3103.087624508286, 交通灯奖励:-4768.0, 与前车进行交互的惩罚:-2320.8000000002535
Episode:90/100, Reward:-25021.6934177563
Episode:90/100, avg speed:8.135742794883752
Episode:90/100, avg halt num:0.6319773805180591
Episode:90/100, avg elec cons:0.6784503708795342
 Retrying in 1 seconds
Warning: Unused states in tlLogic 'J10', program '0' in phase 0 after tl-index 10
Simulation......
交通灯最大奖励:0.5, 交通灯最小奖励:-2.0
总奖励:-41999.64956273344, 速度奖励:-19949.581497249223, 加速度奖励:-4751.86806548143, 交通灯奖励:-13713.0, 与前车进行交互的惩罚:-3585.200000000541
Episode:91/100, Reward:-41999.64956273344
Episode:91/100, avg speed:6.77695388660046
Episode:91/100, avg halt num:0.6761800219538968
Episode:91/100, avg elec cons:0.5413896110422085
 Retrying in 1 seconds
Warning: Unused states in tlLogic 'J10', program '0' in phase 0 after tl-index 10
Simulation......
交通灯最大奖励:0.5, 交通灯最小奖励:-2.0
总奖励:-17245.343163330763, 速度奖励:-10974.253166199751, 加速度奖励:-2841.98999713043, 交通灯奖励:-1951.5, 与前车进行交互的惩罚:-1477.600000000062
Episode:92/100, Reward:-17245.343163330763
Episode:92/100, avg speed:9.136998214499654
Episode:92/100, avg halt num:0.28794793779580796
Episode:92/100, avg elec cons:0.7461702118455309
 Retrying in 1 seconds
Warning: Unused states in tlLogic 'J10', program '0' in phase 0 after tl-index 10
Simulation......
交通灯最大奖励:0.5, 交通灯最小奖励:-2.0
总奖励:-55941.46141633175, 速度奖励:-21844.332670349464, 加速度奖励:-10928.028745980835, 交通灯奖励:-19731.5, 与前车进行交互的惩罚:-3437.6000000005074
Episode:93/100, Reward:-55941.46141633175
Episode:93/100, avg speed:6.9346979983206865
Episode:93/100, avg halt num:0.2623245463882232
Episode:93/100, avg elec cons:0.8760639134688648
 Retrying in 1 seconds
Warning: Unused states in tlLogic 'J10', program '0' in phase 0 after tl-index 10
Simulation......
交通灯最大奖励:0.5, 交通灯最小奖励:-2.0
总奖励:-29755.88991982117, 速度奖励:-12469.140317000052, 加速度奖励:-4793.849602821424, 交通灯奖励:-9070.5, 与前车进行交互的惩罚:-3422.400000000504
Episode:94/100, Reward:-29755.88991982117
Episode:94/100, avg speed:8.947000895755554
Episode:94/100, avg halt num:0.09644754316069057
Episode:94/100, avg elec cons:1.2661743259324327
 Retrying in 1 seconds
Warning: Unused states in tlLogic 'J10', program '0' in phase 0 after tl-index 10
Simulation......
交通灯最大奖励:0.5, 交通灯最小奖励:-2.0
总奖励:-3710.262624204165, 速度奖励:-4173.109262600024, 加速度奖励:-1583.8533616041518, 交通灯奖励:2739.5, 与前车进行交互的惩罚:-692.7999999999778
Episode:95/100, Reward:-3710.262624204165
Episode:95/100, avg speed:12.518039296590398
Episode:95/100, avg halt num:0.003962118283726324
Episode:95/100, avg elec cons:2.4931656432590237
 Retrying in 1 seconds
Warning: Unused states in tlLogic 'J10', program '0' in phase 0 after tl-index 10
Simulation......
交通灯最大奖励:0.5, 交通灯最小奖励:-2.0
总奖励:-3192.1772672901852, 速度奖励:-2987.6605822000274, 加速度奖励:-1455.3166850901641, 交通灯奖励:1826.0, 与前车进行交互的惩罚:-575.1999999999845
Episode:96/100, Reward:-3192.1772672901852
Episode:96/100, avg speed:14.202475279217651
Episode:96/100, avg halt num:0.022470817120622568
Episode:96/100, avg elec cons:2.458599033505984
 Retrying in 1 seconds
Warning: Unused states in tlLogic 'J10', program '0' in phase 0 after tl-index 10
Simulation......
交通灯最大奖励:0.5, 交通灯最小奖励:-2.0
总奖励:-5221.451247156267, 速度奖励:-2731.2033980001056, 加速度奖励:-1135.4478491563525, 交通灯奖励:-610.0, 与前车进行交互的惩罚:-744.7999999999748
Episode:97/100, Reward:-5221.451247156267
Episode:97/100, avg speed:15.076488827174941
Episode:97/100, avg halt num:0.18949044585987262
Episode:97/100, avg elec cons:2.301569865745854
 Retrying in 1 seconds
Warning: Unused states in tlLogic 'J10', program '0' in phase 0 after tl-index 10
Simulation......
交通灯最大奖励:0.5, 交通灯最小奖励:-2.0
总奖励:-5308.70607450053, 速度奖励:-2395.430142850085, 加速度奖励:-1239.8759316505882, 交通灯奖励:-1107.0, 与前车进行交互的惩罚:-566.399999999985
Episode:98/100, Reward:-5308.70607450053
Episode:98/100, avg speed:15.169810198605646
Episode:98/100, avg halt num:0.1799719887955182
Episode:98/100, avg elec cons:2.567743785886684
 Retrying in 1 seconds
Warning: Unused states in tlLogic 'J10', program '0' in phase 0 after tl-index 10
Simulation......
交通灯最大奖励:0.5, 交通灯最小奖励:-2.0
总奖励:-5016.316976494476, 速度奖励:-2705.83583075009, 加速度奖励:-1313.5811457445323, 交通灯奖励:-402.5, 与前车进行交互的惩罚:-594.3999999999834
Episode:99/100, Reward:-5016.316976494476
Episode:99/100, avg speed:15.66025090842702
Episode:99/100, avg halt num:0.1510398308071907
Episode:99/100, avg elec cons:2.2668278834408855
 Retrying in 1 seconds
Warning: Unused states in tlLogic 'J10', program '0' in phase 0 after tl-index 10
Simulation......
交通灯最大奖励:0.5, 交通灯最小奖励:-2.0
总奖励:-4888.211373471297, 速度奖励:-2493.0314433500894, 加速度奖励:-1231.1799301213641, 交通灯奖励:-622.0, 与前车进行交互的惩罚:-541.9999999999864
Episode:100/100, Reward:-4888.211373471297
Episode:100/100, avg speed:15.684506821066044
Episode:100/100, avg halt num:0.15035799522673032
Episode:100/100, avg elec cons:2.116314671364325
model saved successfully!
Complete training!
final reward list:[-11914.529103670044, -6862.9414047784685, -7009.411541496916, -6753.862694372902, -6033.7434062863795, -6800.827797475961, -6216.552571088774, -7401.081308559234, -7127.0605553721925, -7915.642914071154, -6320.109857149868, -8870.503969604402, -6753.765572969974, -6331.1595923692, -9080.888212053262, -6029.01838042126, -7170.186513675614, -6969.96641544087, -7214.339821522022, -16944.24839091171, -9338.984484512415, -4461.444373661026, -8230.465480054761, -27345.72951967057, -6363.888751324942, -14208.435295308016, -5835.612801971239, -2456.3714800954563, -3470.2676786612533, -4731.604238408365, -5991.012819872907, -3900.564394928083, -2905.983795996004, -9893.487427594844, -4994.957662533432, -3180.6556477886234, -1759.0763653722715, -1537.1147589107507, -2682.2214884859377, -9496.5159519889, -3567.9926525451992, -2557.604489366164, -3955.351390997407, -9276.847247387512, -22954.56815087962, -6477.637415827712, -11330.009182733584, -30353.80592012881, -4900.589803494358, -3050.2273253759286, -2566.77749186939, -4992.735497071785, -2340.8447149830295, -1596.3572175796864, -2942.4032445207986, -17064.51133008702, -2612.2675934498534, -4265.6578654173545, -4350.1694332862735, -4224.829688774353, -3406.7553035042956, -1781.077868311723, -2933.5429865021174, -10402.997920715716, -9969.774967949625, -4385.160447298009, -1854.3810493298126, -1661.219563387141, -2450.7820331067182, -2233.3884716737857, -1676.4106099895694, -4014.124312752198, -2417.243481509832, -1964.4717444451978, -1736.581634385603, -1701.5506360077359, -9946.723561692483, -21300.313113969547, -12394.05322617059, -5849.596463507687, -4990.0116044903325, -3226.015393346779, -21482.98938422106, -1250.5317916216704, -1850.0096600916322, -1955.1454298481242, -4134.624914572641, -70544.89524572357, -21626.792053641613, -25021.6934177563, -41999.64956273344, -17245.343163330763, -55941.46141633175, -29755.88991982117, -3710.262624204165, -3192.1772672901852, -5221.451247156267, -5308.70607450053, -5016.316976494476, -4888.211373471297]
final speed list:[14.886181153875459, 15.699786495708416, 15.43757183078196, 14.830557002410506, 15.188995364196987, 15.157974162952515, 15.306468027453615, 15.53900665161265, 15.060097537591066, 15.150114809813838, 15.80036418725652, 15.65028570713733, 15.766303127564981, 15.175956716991875, 14.631144432124252, 14.832108962594454, 14.56971157154599, 13.353220700924837, 13.149903258089976, 9.542933495955646, 11.390325953332148, 13.344527964120836, 11.525600043027554, 9.79046817769824, 12.0259633777295, 9.05509141461371, 12.492454659301881, 13.96652967270663, 13.043250218785602, 13.07010350360391, 11.85096923429326, 12.94914126976715, 14.50855708282978, 15.55294587550678, 15.098181571259515, 13.695062417238756, 13.5264130268731, 14.854244754062481, 14.840111176711828, 15.27945966779468, 14.362446812355822, 12.573286078708222, 11.657339555592584, 11.116343319971744, 9.428020423357026, 12.763822450683652, 14.791717788080975, 8.798292804893864, 12.917344377999216, 13.008728467447876, 13.58678748521836, 12.206867600726735, 13.782280311376466, 14.048297130652639, 13.464891051336675, 10.26893415011989, 12.70031966909423, 14.926020798822938, 14.980025370813552, 15.141317917572122, 13.985921053779629, 14.24169883352231, 14.688683033844883, 15.191245842095856, 15.598337662790266, 15.282962656944592, 15.29205897752648, 15.267274473759112, 14.785471596969428, 13.901339864091357, 15.077054320125685, 13.032203933202103, 15.278999882889519, 14.729166395621878, 13.70584796903393, 13.318916672209467, 10.661116496652458, 8.324990100983257, 13.50706760308669, 14.86726552428372, 14.722480174557816, 13.528922131070482, 10.364344225327594, 13.981419193001253, 14.474597145429867, 13.525577201181472, 11.355213634418096, 6.724709447895869, 10.230073533252481, 8.135742794883752, 6.77695388660046, 9.136998214499654, 6.9346979983206865, 8.947000895755554, 12.518039296590398, 14.202475279217651, 15.076488827174941, 15.169810198605646, 15.66025090842702, 15.684506821066044]
final elec cons list:[1.920861663115031, 2.2510783111546315, 1.846549595840422, 2.299194326274825, 2.3518023179048893, 2.1982415071129324, 2.2340179602998878, 1.9678282363338249, 1.8192136622143111, 2.0880028673445303, 1.9871862113193015, 2.192989341245405, 1.969136052592954, 2.1643534045098884, 2.268712349964671, 2.167650802763843, 1.7195536263131725, 1.8303760663581492, 1.2289816513436114, 0.6490025170911882, 1.0585388501443949, 2.3050234426944427, 0.8928019771327924, 0.9392107220689028, 0.8506412325342114, 0.7510920652897501, 1.7865154702871378, 2.356843196293037, 1.7676494336414423, 1.3296066695861475, 1.5054109660035682, 1.704807042067373, 2.2286528042200784, 2.245441361317641, 2.2707453207000396, 1.8763227355467043, 2.7023666990160518, 2.627768309995763, 2.0970677782533267, 2.279311179435818, 2.2776014379364855, 1.4530104179338885, 1.2487842988478965, 0.9314571114606648, 0.9016714177699778, 1.1513421912146014, 2.2661276833569626, 0.6221580325227675, 1.6245029230555066, 1.540313433587907, 1.2995935492929678, 1.251096930604816, 1.7008671968449571, 1.6770312976854667, 1.6762330003578976, 1.037444490102299, 1.8530738789680072, 2.3304429768207187, 2.163237030127406, 1.89926149459479, 1.8821355435153586, 1.720915107033116, 1.8418761609535188, 2.4456992666152138, 2.2752601407928155, 2.1121935182682168, 2.228420134561528, 2.3335002219948535, 1.953345518044538, 1.5090970551804854, 1.8143108476302567, 2.592224968161474, 1.941320429645369, 2.0175023439916986, 1.3767988548036785, 1.7157824728566862, 1.196796244758434, 0.703680543152211, 2.1993278558684497, 2.269374786704901, 2.127868644151184, 1.8188766355040191, 1.1588726698315435, 2.515367741055761, 1.625942485774242, 1.263087205062369, 1.1302471886405678, 0.6008564819639334, 1.6903573795727314, 0.6784503708795342, 0.5413896110422085, 0.7461702118455309, 0.8760639134688648, 1.2661743259324327, 2.4931656432590237, 2.458599033505984, 2.301569865745854, 2.567743785886684, 2.2668278834408855, 2.116314671364325]
final halt list:[0.23873148744365744, 0.18327464788732395, 0.1896439072198628, 0.21033422973492125, 0.1996975806451613, 0.22297538351765964, 0.19460666437650292, 0.19193192562243933, 0.19858444516758866, 0.23776839141147482, 0.1748916305435145, 0.22783718523628838, 0.17722819216182048, 0.1901791988756149, 0.18025631500742942, 0.15491088357982555, 0.18038079470198676, 0.2198989898989899, 0.1759131633356306, 0.4426531921719602, 0.14922928709055877, 0.04932609509546986, 0.1210201429499675, 0.24083148909263358, 0.05225225225225225, 0.2575009147457007, 0.012683694891532541, 0.034874122988031366, 0.07046714172604909, 0.06377111340916926, 0.04796355841371919, 0.02540106951871658, 0.015833919774806474, 0.25604626708727657, 0.15693362995921395, 0.11478847556528082, 0.03949579831932773, 0.031467181467181464, 0.06513476157567381, 0.2425345957756737, 0.09764789736279401, 0.016396396396396395, 0.04299730665640631, 0.22201291711517762, 0.3332464372610358, 0.07181728232189974, 0.3000183891136447, 0.4125235404896422, 0.02486951182069389, 0.010308385308385308, 0.03846782097353806, 0.03398058252427184, 0.022466216216216216, 0.013328656611715188, 0.07431430689399555, 0.2748239436619718, 0.016992266992266993, 0.09671968190854871, 0.1743295019157088, 0.14848686398403724, 0.13958009331259721, 0.03671875, 0.06256366723259763, 0.28448925744440257, 0.2417989417989418, 0.16315277327278624, 0.06431431431431431, 0.0603625170998632, 0.0744945567651633, 0.058823529411764705, 0.03157981530343008, 0.05305039787798409, 0.06744115872057936, 0.07862407862407862, 0.027069021916912007, 0.010445682451253482, 0.24585537918871253, 0.34870880054366293, 0.3395348837209302, 0.1947819871336669, 0.19716117216117215, 0.11285828025477707, 0.31836195508586523, 0.0008985623003194888, 0.03324468085106383, 0.012420478642835504, 0.08330078125, 0.39251276233692567, 0.0877447425670776, 0.6319773805180591, 0.6761800219538968, 0.28794793779580796, 0.2623245463882232, 0.09644754316069057, 0.003962118283726324, 0.022470817120622568, 0.18949044585987262, 0.1799719887955182, 0.1510398308071907, 0.15035799522673032]
speed reward list:[-3702.5457860001266, -2708.254721800105, -3081.924910450121, -2689.0863371001183, -2685.5478305500906, -2892.5955540001237, -3033.233840250115, -2663.2306493001083, -3050.5944649001135, -2888.379864700114, -2692.185092300109, -2724.057496700094, -2566.6895374000997, -2858.8973283001064, -3892.528464900092, -2830.77582330008, -3392.069768350114, -3395.9555748001308, -4330.28595095004, -10872.451406449969, -6762.333579549829, -3751.6950575500473, -7028.612518599814, -12402.41396190023, -6349.979127699966, -10116.319668149821, -5329.57385024995, -2638.5571369000327, -3716.724501150051, -4465.193123749969, -4896.139804599921, -3923.574954650014, -2639.1894121500322, -2879.972378500122, -2686.3477790500833, -3777.55721790008, -3111.207689750042, -2440.999478750034, -2767.575744750057, -2891.802617750113, -3021.615683800049, -4447.375007450021, -5335.524240349993, -7608.943319699656, -11868.786175050196, -5525.57667564983, -3225.5514862501373, -13248.333628150353, -5115.253684649966, -3851.6663103500155, -4096.363131500046, -5021.479033999969, -3327.035030250028, -3029.3516561000256, -3373.064731350052, -7680.660788949567, -4181.798860300021, -2607.423117850066, -2877.1475740000924, -2739.4379615000944, -3052.866728050081, -2934.67200205003, -2785.2941751500557, -2955.887091300129, -2750.6598040501117, -2894.4371037001, -2559.1328335000417, -2448.466141600048, -2986.9201880000614, -3323.8005653500622, -2591.305258200035, -3930.894838300023, -2445.3912036000606, -2862.5747122500557, -3654.734849200028, -3481.9773397500076, -8299.15839394952, -12192.544550950133, -4303.598720650077, -2830.2579961501106, -2803.5799321501086, -3603.3991632000534, -10731.37196764987, -2894.8824220500132, -3090.1791120000385, -3971.3702688500316, -6114.353712399913, -27095.164675998105, -10081.927111150066, -14829.805793250704, -19949.581497249223, -10974.253166199751, -21844.332670349464, -12469.140317000052, -4173.109262600024, -2987.6605822000274, -2731.2033980001056, -2395.430142850085, -2705.83583075009, -2493.0314433500894]
accel reward list:[-1504.7833176699935, -1155.7866829787868, -1249.5866310472006, -1188.7763572731885, -1125.295575736546, -1182.732243476296, -1211.9187308389799, -1273.8506592596036, -1252.0660904724693, -1274.4630493715488, -1214.8247648500603, -1299.446472904611, -1186.2760355702512, -1229.9622640693908, -1817.659747153407, -1273.5425571214355, -1430.7167453259121, -1410.3108406412218, -1509.7538705722961, -2192.296984461063, -1643.8509049626018, -1476.5493161110223, -1555.1529614550088, -3337.6155577716136, -1548.8096236249316, -2325.615627157954, -1478.5389517212798, -1167.5143431954461, -1445.043177511201, -1520.4111146583753, -1904.9730152729783, -1530.0894402780425, -1358.494383846002, -1337.1150490949556, -1204.3098834835114, -1225.198429888539, -1236.2686756222465, -1131.8152801607273, -1178.8457437359052, -1357.81333423903, -1277.8769687451356, -1356.3294819161476, -1343.9271506473751, -2123.0039276876655, -2512.9819758302983, -1566.360740177858, -1393.8576964834456, -3268.6722919806243, -1674.83611884435, -1511.2610150259027, -1456.614360369372, -1725.5564630717734, -1281.8096847330137, -1143.1055614796671, -1223.338513170748, -2341.650541136769, -1189.668733149842, -1234.5347475673154, -1151.7218592862387, -1124.8917272742826, -1108.2885754542256, -1023.2058662616997, -1113.9488113520663, -1329.0108294157556, -1342.0151638997388, -1177.6233435979825, -1101.1482158297804, -1070.7534217871078, -1085.3618451066793, -1236.4879063237413, -1076.6053517895546, -1568.3294744521913, -1030.852277909777, -1013.5970321951553, -1260.0467851855751, -1166.0732962577179, -1999.6651677425677, -3635.668563019423, -1570.5545055205027, -1148.0384673578988, -1082.2316723404147, -1136.8162301467273, -2961.1174165714665, -1135.0493695716566, -1029.630548091598, -1063.375160998109, -1423.971202172636, -13329.830569720521, -5106.764942491894, -3103.087624508286, -4751.86806548143, -2841.98999713043, -10928.028745980835, -4793.849602821424, -1583.8533616041518, -1455.3166850901641, -1135.4478491563525, -1239.8759316505882, -1313.5811457445323, -1231.1799301213641]
tls reward list:[-5436.0, -2284.5, -1981.5, -2146.0, -1436.5, -2071.5, -1475.0, -2818.0, -2108.0, -2886.0, -1671.5, -3889.0, -2356.0, -1631.5, -2779.5, -1313.5, -1665.0, -1380.5, -527.5, -1745.5, 348.0, 1682.0, 1820.5, -8676.5, 2826.5, -186.5, 1906.5, 1914.5, 2575.5, 1970.0, 1724.5, 2453.5, 1576.5, -4590.0, -287.5, 2506.5, 3056.0, 2488.5, 1731.0, -4220.5, 1377.5, 4102.5, 3866.5, 1831.5, -5862.0, 1745.5, -5551.0, -11888.0, 2803.5, 3249.5, 3633.0, 2627.5, 2944.0, 2968.5, 2188.0, -5339.0, 3682.0, 289.5, 293.5, 223.5, 1454.0, 2728.0, 1536.5, -5012.5, -4843.5, 274.5, 2257.5, 2262.0, 2123.5, 2906.5, 2577.5, 2549.5, 1541.0, 2278.5, 3659.0, 3546.5, 1634.5, -4016.5, -5283.5, -1210.5, -529.0, 2085.0, -5160.5, 3447.0, 2919.0, 3748.0, 4304.5, -27145.5, -5036.5, -4768.0, -13713.0, -1951.5, -19731.5, -9070.5, 2739.5, 1826.0, -610.0, -1107.0, -402.5, -622.0]
extra reward list:[-1271.200000000015, -714.3999999999766, -696.3999999999776, -729.9999999999757, -786.3999999999725, -653.99999999998, -496.3999999999889, -645.9999999999804, -716.3999999999764, -866.7999999999679, -741.599999999975, -957.9999999999627, -644.7999999999805, -610.7999999999824, -591.1999999999836, -611.1999999999824, -682.3999999999784, -783.1999999999726, -846.799999999969, -2134.000000000211, -1280.8000000000172, -915.1999999999651, -1467.2000000000596, -2929.200000000392, -1291.6000000000197, -1580.0000000000853, -933.9999999999641, -564.7999999999851, -883.9999999999669, -715.9999999999765, -914.3999999999652, -900.399999999966, -484.79999999998955, -1086.399999999973, -816.7999999999707, -684.3999999999783, -467.59999999999053, -452.79999999999137, -466.7999999999906, -1026.3999999999594, -645.9999999999804, -856.3999999999685, -1142.3999999999858, -1376.400000000039, -2710.800000000342, -1131.1999999999832, -1159.5999999999897, -1948.8000000001691, -913.9999999999652, -936.7999999999639, -646.7999999999804, -873.1999999999675, -675.9999999999787, -392.3999999999948, -533.9999999999868, -1703.2000000001133, -922.7999999999647, -713.1999999999766, -614.7999999999822, -583.999999999984, -699.5999999999774, -551.1999999999858, -570.7999999999847, -1105.5999999999774, -1033.599999999961, -587.5999999999838, -451.59999999999144, -403.99999999999415, -501.9999999999886, -579.5999999999842, -585.9999999999839, -1064.399999999968, -481.9999999999897, -366.79999999999626, -480.7999999999898, -599.9999999999831, -1282.4000000000176, -1455.600000000057, -1236.4000000000071, -660.7999999999796, -575.1999999999845, -570.7999999999847, -2630.000000000324, -667.5999999999792, -649.1999999999803, -668.3999999999792, -900.799999999966, -2974.400000000402, -1401.6000000000447, -2320.8000000002535, -3585.200000000541, -1477.600000000062, -3437.6000000005074, -3422.400000000504, -692.7999999999778, -575.1999999999845, -744.7999999999748, -566.399999999985, -594.3999999999834, -541.9999999999864]
