nohup: 忽略输入
Env:SUMO, Algorithm:DDPG, Device:cuda
-----------------------------------------
models/reward_s0.05_a7e-2_t(-2_1.8).pth
-----------------------------------------
 Retrying in 1 seconds
Warning: Unused states in tlLogic 'J10', program '0' in phase 0 after tl-index 10
Simulation......
交通灯最大奖励:1.8, 交通灯最小奖励:-2.0
总奖励:-1736.4815329242922, 速度奖励:-3329.39306870013, 加速度奖励:-1277.488464224162, 交通灯奖励:2870.4000000000674, 与前车进行交互的惩罚:0.0
Episode:1/100, Reward:-1736.4815329242922
Episode:1/100, avg speed:15.352665609047204
Episode:1/100, avg halt num:0.2462915188648823
Episode:1/100, avg elec cons:1.9479136087569648
 Retrying in 1 seconds
Warning: Unused states in tlLogic 'J10', program '0' in phase 0 after tl-index 10
Simulation......
交通灯最大奖励:1.8, 交通灯最小奖励:-2.0
总奖励:1485.2104736193978, 速度奖励:-3895.4171151501378, 加速度奖励:-1627.1724112305446, 交通灯奖励:7007.800000000989, 与前车进行交互的惩罚:0.0
Episode:2/100, Reward:1485.2104736193978
Episode:2/100, avg speed:14.972930557778202
Episode:2/100, avg halt num:0.2289167254763585
Episode:2/100, avg elec cons:2.094321019431492
 Retrying in 1 seconds
Warning: Unused states in tlLogic 'J10', program '0' in phase 0 after tl-index 10
Simulation......
交通灯最大奖励:1.8, 交通灯最小奖励:-2.0
总奖励:4125.389436154989, 速度奖励:-3311.5561002501277, 加速度奖励:-1263.8544635951707, 交通灯奖励:8700.800000000558, 与前车进行交互的惩罚:0.0
Episode:3/100, Reward:4125.389436154989
Episode:3/100, avg speed:15.200824701169223
Episode:3/100, avg halt num:0.19900294213795358
Episode:3/100, avg elec cons:1.8339311264437101
 Retrying in 1 seconds
Warning: Unused states in tlLogic 'J10', program '0' in phase 0 after tl-index 10
Simulation......
交通灯最大奖励:1.8, 交通灯最小奖励:-2.0
总奖励:-928.6844424021546, 速度奖励:-6265.198412899568, 加速度奖励:-2844.4860295021126, 交通灯奖励:8181.000000001418, 与前车进行交互的惩罚:0.0
Episode:4/100, Reward:-928.6844424021546
Episode:4/100, avg speed:13.154117982570867
Episode:4/100, avg halt num:0.24395625479662317
Episode:4/100, avg elec cons:1.9990603884654767
 Retrying in 1 seconds
Warning: Unused states in tlLogic 'J10', program '0' in phase 0 after tl-index 10
Simulation......
交通灯最大奖励:1.8, 交通灯最小奖励:-2.0
总奖励:3930.555121165604, 速度奖励:-2897.22030075009, 加速度奖励:-1304.4245780845863, 交通灯奖励:8132.200000001019, 与前车进行交互的惩罚:0.0
Episode:5/100, Reward:3930.555121165604
Episode:5/100, avg speed:14.954650311270813
Episode:5/100, avg halt num:0.18896051571313457
Episode:5/100, avg elec cons:2.2986908737306817
 Retrying in 1 seconds
Warning: Unused states in tlLogic 'J10', program '0' in phase 0 after tl-index 10
Simulation......
交通灯最大奖励:1.8, 交通灯最小奖励:-2.0
总奖励:4609.1021009872475, 速度奖励:-3074.6956720001144, 加速度奖励:-1314.0022270127376, 交通灯奖励:8997.800000000147, 与前车进行交互的惩罚:0.0
Episode:6/100, Reward:4609.1021009872475
Episode:6/100, avg speed:14.942205485351593
Episode:6/100, avg halt num:0.20377627360171002
Episode:6/100, avg elec cons:2.0152206048450947
 Retrying in 1 seconds
Warning: Unused states in tlLogic 'J10', program '0' in phase 0 after tl-index 10
Simulation......
交通灯最大奖励:1.8, 交通灯最小奖励:-2.0
总奖励:5328.717803807697, 速度奖励:-3296.1268794501343, 加速度奖励:-1302.1553167422628, 交通灯奖励:9926.999999999654, 与前车进行交互的惩罚:0.0
Episode:7/100, Reward:5328.717803807697
Episode:7/100, avg speed:14.934761210245155
Episode:7/100, avg halt num:0.20171526586620928
Episode:7/100, avg elec cons:1.8242198339301097
 Retrying in 1 seconds
Warning: Unused states in tlLogic 'J10', program '0' in phase 0 after tl-index 10
Simulation......
交通灯最大奖励:1.8, 交通灯最小奖励:-2.0
总奖励:2991.9297247546697, 速度奖励:-2884.044588150115, 加速度奖励:-1262.8256870953999, 交通灯奖励:7138.800000000878, 与前车进行交互的惩罚:0.0
Episode:8/100, Reward:2991.9297247546697
Episode:8/100, avg speed:15.369490832163024
Episode:8/100, avg halt num:0.19454059156702327
Episode:8/100, avg elec cons:1.8776811546340004
 Retrying in 1 seconds
Warning: Unused states in tlLogic 'J10', program '0' in phase 0 after tl-index 10
Simulation......
交通灯最大奖励:1.8, 交通灯最小奖励:-2.0
总奖励:3057.593196448978, 速度奖励:-3027.474404800127, 加速度奖励:-1265.532398751244, 交通灯奖励:7350.600000000969, 与前车进行交互的惩罚:0.0
Episode:9/100, Reward:3057.593196448978
Episode:9/100, avg speed:15.148355186205023
Episode:9/100, avg halt num:0.20719401041666666
Episode:9/100, avg elec cons:1.8889262881617148
 Retrying in 1 seconds
Warning: Unused states in tlLogic 'J10', program '0' in phase 0 after tl-index 10
Simulation......
交通灯最大奖励:1.8, 交通灯最小奖励:-2.0
总奖励:5006.646900973735, 速度奖励:-3069.043670800104, 加速度奖励:-1345.9094282262126, 交通灯奖励:9421.59999999985, 与前车进行交互的惩罚:0.0
Episode:10/100, Reward:5006.646900973735
Episode:10/100, avg speed:14.866707788618175
Episode:10/100, avg halt num:0.1871700105596621
Episode:10/100, avg elec cons:2.0219154017920706
 Retrying in 1 seconds
Warning: Unused states in tlLogic 'J10', program '0' in phase 0 after tl-index 10
Simulation......
交通灯最大奖励:1.8, 交通灯最小奖励:-2.0
总奖励:6290.339495860054, 速度奖励:-3945.0921115500764, 加速度奖励:-1459.9683925898921, 交通灯奖励:11695.39999999866, 与前车进行交互的惩罚:0.0
Episode:11/100, Reward:6290.339495860054
Episode:11/100, avg speed:14.409775373197702
Episode:11/100, avg halt num:0.12034574468085106
Episode:11/100, avg elec cons:1.4079081448817137
 Retrying in 1 seconds
Warning: Unused states in tlLogic 'J10', program '0' in phase 0 after tl-index 10
Simulation......
交通灯最大奖励:1.8, 交通灯最小奖励:-2.0
总奖励:-7287.991159703514, 速度奖励:-14656.14734665096, 加速度奖励:-4842.44381305289, 交通灯奖励:12210.599999998114, 与前车进行交互的惩罚:0.0
Episode:12/100, Reward:-7287.991159703514
Episode:12/100, avg speed:10.287802695307732
Episode:12/100, avg halt num:0.39185692541856926
Episode:12/100, avg elec cons:0.7777773399125925
 Retrying in 1 seconds
Warning: Unused states in tlLogic 'J10', program '0' in phase 0 after tl-index 10
Simulation......
交通灯最大奖励:1.8, 交通灯最小奖励:-2.0
总奖励:6096.902746240981, 速度奖励:-3724.4817379000965, 加速度奖励:-1257.4155158590115, 交通灯奖励:11078.79999999921, 与前车进行交互的惩罚:0.0
Episode:13/100, Reward:6096.902746240981
Episode:13/100, avg speed:14.272148267117336
Episode:13/100, avg halt num:0.1584119496855346
Episode:13/100, avg elec cons:1.8101124761774987
 Retrying in 1 seconds
Warning: Unused states in tlLogic 'J10', program '0' in phase 0 after tl-index 10
Simulation......
交通灯最大奖励:1.8, 交通灯最小奖励:-2.0
总奖励:8704.99161907815, 速度奖励:-3135.109131350097, 加速度奖励:-1187.8992495719294, 交通灯奖励:13027.99999999816, 与前车进行交互的惩罚:0.0
Episode:14/100, Reward:8704.99161907815
Episode:14/100, avg speed:14.497611337965514
Episode:14/100, avg halt num:0.14157552973342447
Episode:14/100, avg elec cons:2.0236852472561786
 Retrying in 1 seconds
Warning: Unused states in tlLogic 'J10', program '0' in phase 0 after tl-index 10
Simulation......
交通灯最大奖励:1.8, 交通灯最小奖励:-2.0
总奖励:8686.919158913472, 速度奖励:-6853.751160449658, 加速度奖励:-1711.1296806362168, 交通灯奖励:17251.799999995907, 与前车进行交互的惩罚:0.0
Episode:15/100, Reward:8686.919158913472
Episode:15/100, avg speed:11.672235834872911
Episode:15/100, avg halt num:0.2648214285714286
Episode:15/100, avg elec cons:0.8384104714048134
 Retrying in 1 seconds
Warning: Unused states in tlLogic 'J10', program '0' in phase 0 after tl-index 10
Simulation......
交通灯最大奖励:1.8, 交通灯最小奖励:-2.0
总奖励:4888.956676615896, 速度奖励:-8499.634378049843, 加速度奖励:-2501.408945333825, 交通灯奖励:15889.999999994146, 与前车进行交互的惩罚:0.0
Episode:16/100, Reward:4888.956676615896
Episode:16/100, avg speed:9.25324689696413
Episode:16/100, avg halt num:0.17544471573072898
Episode:16/100, avg elec cons:0.8484378628652821
 Retrying in 1 seconds
Warning: Unused states in tlLogic 'J10', program '0' in phase 0 after tl-index 10
Simulation......
交通灯最大奖励:1.8, 交通灯最小奖励:-2.0
总奖励:12477.402101953823, 速度奖励:-6655.772457599837, 加速度奖励:-1585.6254404460615, 交通灯奖励:20718.799999994593, 与前车进行交互的惩罚:0.0
Episode:17/100, Reward:12477.402101953823
Episode:17/100, avg speed:11.75280287080959
Episode:17/100, avg halt num:0.14873206539873207
Episode:17/100, avg elec cons:0.7670867299506066
 Retrying in 1 seconds
Warning: Unused states in tlLogic 'J10', program '0' in phase 0 after tl-index 10
Simulation......
交通灯最大奖励:1.8, 交通灯最小奖励:-2.0
总奖励:14302.773562356648, 速度奖励:-6442.528863099885, 加速度奖励:-1550.8975745433645, 交通灯奖励:22296.199999994173, 与前车进行交互的惩罚:0.0
Episode:18/100, Reward:14302.773562356648
Episode:18/100, avg speed:10.601634621964024
Episode:18/100, avg halt num:0.09889459139360442
Episode:18/100, avg elec cons:0.9904245953023011
 Retrying in 1 seconds
Warning: Unused states in tlLogic 'J10', program '0' in phase 0 after tl-index 10
Simulation......
交通灯最大奖励:1.8, 交通灯最小奖励:-2.0
总奖励:7952.454655679997, 速度奖励:-9681.250331199775, 加速度奖励:-2279.895013120245, 交通灯奖励:19913.59999999272, 与前车进行交互的惩罚:0.0
Episode:19/100, Reward:7952.454655679997
Episode:19/100, avg speed:10.150443956340187
Episode:19/100, avg halt num:0.175540496934495
Episode:19/100, avg elec cons:0.75819982679422
 Retrying in 1 seconds
Warning: Unused states in tlLogic 'J10', program '0' in phase 0 after tl-index 10
Simulation......
交通灯最大奖励:1.8, 交通灯最小奖励:-2.0
总奖励:12849.793706932274, 速度奖励:-6026.474694849952, 加速度奖励:-1624.9315982177038, 交通灯奖励:20501.1999999951, 与前车进行交互的惩罚:0.0
Episode:20/100, Reward:12849.793706932274
Episode:20/100, avg speed:12.060049308544471
Episode:20/100, avg halt num:0.051929260450160775
Episode:20/100, avg elec cons:0.7245165146171676
 Retrying in 1 seconds
Warning: Unused states in tlLogic 'J10', program '0' in phase 0 after tl-index 10
Simulation......
交通灯最大奖励:1.8, 交通灯最小奖励:-2.0
总奖励:3184.814659196346, 速度奖励:-12432.306101050175, 加速度奖励:-4305.679239753567, 交通灯奖励:19922.79999999132, 与前车进行交互的惩罚:0.0
Episode:21/100, Reward:3184.814659196346
Episode:21/100, avg speed:9.37502101721619
Episode:21/100, avg halt num:0.30869565217391304
Episode:21/100, avg elec cons:0.8031443911496193
 Retrying in 1 seconds
Warning: Unused states in tlLogic 'J10', program '0' in phase 0 after tl-index 10
Simulation......
交通灯最大奖励:1.8, 交通灯最小奖励:-2.0
总奖励:12112.766174428896, 速度奖励:-10208.440252549735, 加速度奖励:-2013.1935730210728, 交通灯奖励:24334.399999992835, 与前车进行交互的惩罚:0.0
Episode:22/100, Reward:12112.766174428896
Episode:22/100, avg speed:10.144080631287249
Episode:22/100, avg halt num:0.2712045616535994
Episode:22/100, avg elec cons:0.6897043920625326
 Retrying in 1 seconds
Warning: Unused states in tlLogic 'J10', program '0' in phase 0 after tl-index 10
Simulation......
交通灯最大奖励:1.8, 交通灯最小奖励:-2.0
总奖励:13550.180657042336, 速度奖励:-8911.99890809972, 加速度奖励:-2223.620434857963, 交通灯奖励:24685.79999999235, 与前车进行交互的惩罚:0.0
Episode:23/100, Reward:13550.180657042336
Episode:23/100, avg speed:10.920940862000164
Episode:23/100, avg halt num:0.16271745650869826
Episode:23/100, avg elec cons:0.5535481579677171
 Retrying in 1 seconds
Warning: Unused states in tlLogic 'J10', program '0' in phase 0 after tl-index 10
Simulation......
交通灯最大奖励:1.8, 交通灯最小奖励:-2.0
总奖励:4287.652084091973, 速度奖励:-12301.736106600149, 加速度奖励:-3159.4118093081115, 交通灯奖励:19748.799999994197, 与前车进行交互的惩罚:0.0
Episode:24/100, Reward:4287.652084091973
Episode:24/100, avg speed:9.391481412583964
Episode:24/100, avg halt num:0.306192319142602
Episode:24/100, avg elec cons:0.6309602377502417
 Retrying in 1 seconds
Warning: Unused states in tlLogic 'J10', program '0' in phase 0 after tl-index 10
Simulation......
交通灯最大奖励:1.8, 交通灯最小奖励:-2.0
总奖励:5176.776003072385, 速度奖励:-9425.823766649713, 加速度奖励:-2136.0002302775843, 交通灯奖励:16738.5999999968, 与前车进行交互的惩罚:0.0
Episode:25/100, Reward:5176.776003072385
Episode:25/100, avg speed:10.38528265295016
Episode:25/100, avg halt num:0.20214146658014276
Episode:25/100, avg elec cons:0.7590920784713399
 Retrying in 1 seconds
Warning: Unused states in tlLogic 'J10', program '0' in phase 0 after tl-index 10
Simulation......
交通灯最大奖励:1.8, 交通灯最小奖励:-2.0
总奖励:-560.0082012733965, 速度奖励:-14249.466731700251, 加速度奖励:-3665.341469573489, 交通灯奖励:17354.799999994597, 与前车进行交互的惩罚:0.0
Episode:26/100, Reward:-560.0082012733965
Episode:26/100, avg speed:8.743662197874949
Episode:26/100, avg halt num:0.3044022906227631
Episode:26/100, avg elec cons:0.6216673481811221
 Retrying in 1 seconds
Warning: Unused states in tlLogic 'J10', program '0' in phase 0 after tl-index 10
Simulation......
交通灯最大奖励:1.8, 交通灯最小奖励:-2.0
总奖励:14119.087281071505, 速度奖励:-6350.410379799871, 加速度奖励:-1541.9023391285384, 交通灯奖励:22011.399999994046, 与前车进行交互的惩罚:0.0
Episode:27/100, Reward:14119.087281071505
Episode:27/100, avg speed:11.377674446620041
Episode:27/100, avg halt num:0.09116856950973808
Episode:27/100, avg elec cons:0.8265604675555797
 Retrying in 1 seconds
Warning: Unused states in tlLogic 'J10', program '0' in phase 0 after tl-index 10
Simulation......
交通灯最大奖励:1.8, 交通灯最小奖励:-2.0
总奖励:-18348.71637513332, 速度奖励:-21138.601544899368, 加速度奖励:-9799.11483023404, 交通灯奖励:12588.999999991238, 与前车进行交互的惩罚:0.0
Episode:28/100, Reward:-18348.71637513332
Episode:28/100, avg speed:6.314944715245238
Episode:28/100, avg halt num:0.4074475777295734
Episode:28/100, avg elec cons:0.797416389798141
 Retrying in 1 seconds
Warning: Unused states in tlLogic 'J10', program '0' in phase 0 after tl-index 10
Simulation......
交通灯最大奖励:1.8, 交通灯最小奖励:-2.0
总奖励:3484.1330562936832, 速度奖励:-9264.177309999948, 加速度奖励:-2326.889633706252, 交通灯奖励:15075.199999997843, 与前车进行交互的惩罚:0.0
Episode:29/100, Reward:3484.1330562936832
Episode:29/100, avg speed:10.097118143040525
Episode:29/100, avg halt num:0.2574790586358197
Episode:29/100, avg elec cons:1.2395465381162951
 Retrying in 1 seconds
Warning: Unused states in tlLogic 'J10', program '0' in phase 0 after tl-index 10
Simulation......
交通灯最大奖励:1.8, 交通灯最小奖励:-2.0
总奖励:6479.625401922148, 速度奖励:-2940.686808450065, 加速度奖励:-1247.6877896277877, 交通灯奖励:10667.999999998641, 与前车进行交互的惩罚:0.0
Episode:30/100, Reward:6479.625401922148
Episode:30/100, avg speed:14.813392706373882
Episode:30/100, avg halt num:0.0983942603348138
Episode:30/100, avg elec cons:2.1228788774242227
 Retrying in 1 seconds
Warning: Unused states in tlLogic 'J10', program '0' in phase 0 after tl-index 10
Simulation......
交通灯最大奖励:1.8, 交通灯最小奖励:-2.0
总奖励:10453.039525977452, 速度奖励:-4648.643831650037, 加速度奖励:-1535.3166423724117, 交通灯奖励:16636.999999996697, 与前车进行交互的惩罚:0.0
Episode:31/100, Reward:10453.039525977452
Episode:31/100, avg speed:13.002153078492501
Episode:31/100, avg halt num:0.08202833706189411
Episode:31/100, avg elec cons:1.807853242812647
 Retrying in 1 seconds
Warning: Unused states in tlLogic 'J10', program '0' in phase 0 after tl-index 10
Simulation......
交通灯最大奖励:1.8, 交通灯最小奖励:-2.0
总奖励:12105.13422570594, 速度奖励:-3405.293925000027, 加速度奖励:-1248.1718492939472, 交通灯奖励:16758.59999999669, 与前车进行交互的惩罚:0.0
Episode:32/100, Reward:12105.13422570594
Episode:32/100, avg speed:13.708468974031653
Episode:32/100, avg halt num:0.009505703422053232
Episode:32/100, avg elec cons:2.383637057359065
 Retrying in 1 seconds
Warning: Unused states in tlLogic 'J10', program '0' in phase 0 after tl-index 10
Simulation......
交通灯最大奖励:1.8, 交通灯最小奖励:-2.0
总奖励:12565.481249815597, 速度奖励:-3910.6455298500296, 加速度奖励:-1302.4732203343756, 交通灯奖励:17778.599999996255, 与前车进行交互的惩罚:0.0
Episode:33/100, Reward:12565.481249815597
Episode:33/100, avg speed:13.271264456713073
Episode:33/100, avg halt num:0.019373315363881403
Episode:33/100, avg elec cons:1.7743261496168328
 Retrying in 1 seconds
Warning: Unused states in tlLogic 'J10', program '0' in phase 0 after tl-index 10
Simulation......
交通灯最大奖励:1.8, 交通灯最小奖励:-2.0
总奖励:14050.388054023664, 速度奖励:-6885.142091699793, 加速度奖励:-1853.269854276385, 交通灯奖励:22788.799999993626, 与前车进行交互的惩罚:0.0
Episode:34/100, Reward:14050.388054023664
Episode:34/100, avg speed:11.535150110771601
Episode:34/100, avg halt num:0.1524122807017544
Episode:34/100, avg elec cons:0.8542564489444683
 Retrying in 1 seconds
Warning: Unused states in tlLogic 'J10', program '0' in phase 0 after tl-index 10
Simulation......
交通灯最大奖励:1.8, 交通灯最小奖励:-2.0
总奖励:835.4713911409151, 速度奖励:-8980.778356099789, 加速度奖励:-3199.9502527591026, 交通灯奖励:13016.199999994315, 与前车进行交互的惩罚:0.0
Episode:35/100, Reward:835.4713911409151
Episode:35/100, avg speed:11.38402474793414
Episode:35/100, avg halt num:0.22054597701149425
Episode:35/100, avg elec cons:1.0562350870001511
 Retrying in 1 seconds
Warning: Unused states in tlLogic 'J10', program '0' in phase 0 after tl-index 10
Simulation......
交通灯最大奖励:1.8, 交通灯最小奖励:-2.0
总奖励:8743.51976394527, 速度奖励:-3974.349588600083, 加速度奖励:-1373.730647454649, 交通灯奖励:14091.599999997794, 与前车进行交互的惩罚:0.0
Episode:36/100, Reward:8743.51976394527
Episode:36/100, avg speed:13.473049246313826
Episode:36/100, avg halt num:0.14016272189349113
Episode:36/100, avg elec cons:1.9243868957789427
 Retrying in 1 seconds
Warning: Unused states in tlLogic 'J10', program '0' in phase 0 after tl-index 10
Simulation......
交通灯最大奖励:1.8, 交通灯最小奖励:-2.0
总奖励:11359.632388810229, 速度奖励:-3917.859634050044, 加速度奖励:-1515.9079771398228, 交通灯奖励:16793.39999999663, 与前车进行交互的惩罚:0.0
Episode:37/100, Reward:11359.632388810229
Episode:37/100, avg speed:12.750247386606146
Episode:37/100, avg halt num:0.061050189793336145
Episode:37/100, avg elec cons:1.806449952524236
 Retrying in 1 seconds
Warning: Unused states in tlLogic 'J10', program '0' in phase 0 after tl-index 10
Simulation......
交通灯最大奖励:1.8, 交通灯最小奖励:-2.0
总奖励:10560.812130277041, 速度奖励:-2504.2492937000247, 加速度奖励:-1251.9385760229516, 交通灯奖励:14316.999999997815, 与前车进行交互的惩罚:0.0
Episode:38/100, Reward:10560.812130277041
Episode:38/100, avg speed:14.625134490585108
Episode:38/100, avg halt num:0.027970011534025375
Episode:38/100, avg elec cons:2.276342369408639
 Retrying in 1 seconds
Warning: Unused states in tlLogic 'J10', program '0' in phase 0 after tl-index 10
Simulation......
交通灯最大奖励:1.8, 交通灯最小奖励:-2.0
总奖励:10979.57805173005, 速度奖励:-3850.254853600047, 加速度奖励:-1360.767094670089, 交通灯奖励:16190.59999999684, 与前车进行交互的惩罚:0.0
Episode:39/100, Reward:10979.57805173005
Episode:39/100, avg speed:13.316250721461307
Episode:39/100, avg halt num:0.06626506024096386
Episode:39/100, avg elec cons:1.4055278186641589
 Retrying in 1 seconds
Warning: Unused states in tlLogic 'J10', program '0' in phase 0 after tl-index 10
Simulation......
交通灯最大奖励:1.8, 交通灯最小奖励:-2.0
总奖励:1318.6334434894522, 速度奖励:-5103.626160749937, 加速度奖励:-1903.1403957605114, 交通灯奖励:8325.400000000876, 与前车进行交互的惩罚:0.0
Episode:40/100, Reward:1318.6334434894522
Episode:40/100, avg speed:13.477540059795214
Episode:40/100, avg halt num:0.24829136690647483
Episode:40/100, avg elec cons:1.6293596237311492
 Retrying in 1 seconds
Warning: Unused states in tlLogic 'J10', program '0' in phase 0 after tl-index 10
Simulation......
交通灯最大奖励:1.8, 交通灯最小奖励:-2.0
总奖励:10296.945769259522, 速度奖励:-3197.1552439500265, 加速度奖励:-1458.698986790548, 交通灯奖励:14952.799999997498, 与前车进行交互的惩罚:0.0
Episode:41/100, Reward:10296.945769259522
Episode:41/100, avg speed:13.8834235384563
Episode:41/100, avg halt num:0.032095203750450774
Episode:41/100, avg elec cons:1.3894980915821071
 Retrying in 1 seconds
Warning: Unused states in tlLogic 'J10', program '0' in phase 0 after tl-index 10
Simulation......
交通灯最大奖励:1.8, 交通灯最小奖励:-2.0
总奖励:13344.959521640138, 速度奖励:-4125.358301700046, 加速度奖励:-1627.2821766598752, 交通灯奖励:19097.59999999583, 与前车进行交互的惩罚:0.0
Episode:42/100, Reward:13344.959521640138
Episode:42/100, avg speed:12.87271786862398
Episode:42/100, avg halt num:0.035595105672969966
Episode:42/100, avg elec cons:1.2965379465641762
 Retrying in 1 seconds
Warning: Unused states in tlLogic 'J10', program '0' in phase 0 after tl-index 10
Simulation......
交通灯最大奖励:1.8, 交通灯最小奖励:-2.0
总奖励:9369.113450539277, 速度奖励:-10532.23706484996, 加速度奖励:-2735.249484610394, 交通灯奖励:22636.599999992526, 与前车进行交互的惩罚:0.0
Episode:43/100, Reward:9369.113450539277
Episode:43/100, avg speed:9.556456758006371
Episode:43/100, avg halt num:0.35086206896551725
Episode:43/100, avg elec cons:0.7746263814244378
 Retrying in 1 seconds
Warning: Unused states in tlLogic 'J10', program '0' in phase 0 after tl-index 10
Simulation......
交通灯最大奖励:1.8, 交通灯最小奖励:-2.0
总奖励:10726.804511188966, 速度奖励:-7836.939530599577, 加速度奖励:-2339.455958210968, 交通灯奖励:20903.19999999426, 与前车进行交互的惩罚:0.0
Episode:44/100, Reward:10726.804511188966
Episode:44/100, avg speed:10.911720647800031
Episode:44/100, avg halt num:0.22054464616524638
Episode:44/100, avg elec cons:0.9807351006533198
 Retrying in 1 seconds
Warning: Unused states in tlLogic 'J10', program '0' in phase 0 after tl-index 10
Simulation......
交通灯最大奖励:1.8, 交通灯最小奖励:-2.0
总奖励:14035.780551704309, 速度奖励:-4781.78398420001, 加速度奖励:-1772.6354640956968, 交通灯奖励:20590.19999999516, 与前车进行交互的惩罚:0.0
Episode:45/100, Reward:14035.780551704309
Episode:45/100, avg speed:12.101585939679156
Episode:45/100, avg halt num:0.06949844479004666
Episode:45/100, avg elec cons:1.317185948931772
 Retrying in 1 seconds
Warning: Unused states in tlLogic 'J10', program '0' in phase 0 after tl-index 10
Simulation......
交通灯最大奖励:1.8, 交通灯最小奖励:-2.0
总奖励:12362.201410903548, 速度奖励:-2926.194099800023, 加速度奖励:-1218.004489296383, 交通灯奖励:16506.39999999685, 与前车进行交互的惩罚:0.0
Episode:46/100, Reward:12362.201410903548
Episode:46/100, avg speed:14.515909734249046
Episode:46/100, avg halt num:0.008580858085808581
Episode:46/100, avg elec cons:1.6456106256458525
 Retrying in 1 seconds
Warning: Unused states in tlLogic 'J10', program '0' in phase 0 after tl-index 10
Simulation......
交通灯最大奖励:1.8, 交通灯最小奖励:-2.0
总奖励:10818.71183569975, 速度奖励:-3119.2250617000527, 加速度奖励:-1310.2631026002593, 交通灯奖励:15248.199999997112, 与前车进行交互的惩罚:0.0
Episode:47/100, Reward:10818.71183569975
Episode:47/100, avg speed:13.954223386186495
Episode:47/100, avg halt num:0.0711443728685108
Episode:47/100, avg elec cons:1.9005053559811116
 Retrying in 1 seconds
Warning: Unused states in tlLogic 'J10', program '0' in phase 0 after tl-index 10
Simulation......
交通灯最大奖励:1.8, 交通灯最小奖励:-2.0
总奖励:10792.852709037992, 速度奖励:-2859.6619107500587, 加速度奖励:-1175.885380212069, 交通灯奖励:14828.399999997588, 与前车进行交互的惩罚:0.0
Episode:48/100, Reward:10792.852709037992
Episode:48/100, avg speed:14.119999122428107
Episode:48/100, avg halt num:0.0851756810106593
Episode:48/100, avg elec cons:2.0745569730379665
 Retrying in 1 seconds
Warning: Unused states in tlLogic 'J10', program '0' in phase 0 after tl-index 10
Simulation......
交通灯最大奖励:1.8, 交通灯最小奖励:-2.0
总奖励:9794.417429419529, 速度奖励:-2539.566813600052, 加速度奖励:-1200.8157569805376, 交通灯奖励:13534.799999998075, 与前车进行交互的惩罚:0.0
Episode:49/100, Reward:9794.417429419529
Episode:49/100, avg speed:15.028194689377372
Episode:49/100, avg halt num:0.06165673046752432
Episode:49/100, avg elec cons:1.727345432176701
 Retrying in 1 seconds
Warning: Unused states in tlLogic 'J10', program '0' in phase 0 after tl-index 10
Simulation......
交通灯最大奖励:1.8, 交通灯最小奖励:-2.0
总奖励:7751.962020081504, 速度奖励:-2908.3453495501, 加速度奖励:-1182.4926303682864, 交通灯奖励:11842.799999998691, 与前车进行交互的惩罚:0.0
Episode:50/100, Reward:7751.962020081504
Episode:50/100, avg speed:14.467802849201853
Episode:50/100, avg halt num:0.176056338028169
Episode:50/100, avg elec cons:1.7707788640557311
 Retrying in 1 seconds
Warning: Unused states in tlLogic 'J10', program '0' in phase 0 after tl-index 10
Simulation......
交通灯最大奖励:1.8, 交通灯最小奖励:-2.0
总奖励:9690.773509147632, 速度奖励:-3144.8355694500583, 加速度奖励:-1347.3909214022635, 交通灯奖励:14182.99999999783, 与前车进行交互的惩罚:0.0
Episode:51/100, Reward:9690.773509147632
Episode:51/100, avg speed:14.553914845561057
Episode:51/100, avg halt num:0.0900489396411093
Episode:51/100, avg elec cons:1.5486761629973875
 Retrying in 1 seconds
Warning: Unused states in tlLogic 'J10', program '0' in phase 0 after tl-index 10
Simulation......
交通灯最大奖励:1.8, 交通灯最小奖励:-2.0
总奖励:-12257.61635697376, 速度奖励:-17163.006397700206, 加速度奖励:-8034.409959273864, 交通灯奖励:12939.799999993409, 与前车进行交互的惩罚:0.0
Episode:52/100, Reward:-12257.61635697376
Episode:52/100, avg speed:8.024396003445338
Episode:52/100, avg halt num:0.27950928381962864
Episode:52/100, avg elec cons:0.9661152598393443
 Retrying in 1 seconds
Warning: Unused states in tlLogic 'J10', program '0' in phase 0 after tl-index 10
Simulation......
交通灯最大奖励:1.8, 交通灯最小奖励:-2.0
总奖励:2168.21301078931, 速度奖励:-5526.094209499765, 加速度奖励:-2246.892779710694, 交通灯奖励:9941.199999999562, 与前车进行交互的惩罚:0.0
Episode:53/100, Reward:2168.21301078931
Episode:53/100, avg speed:13.143012295597446
Episode:53/100, avg halt num:0.148555592878737
Episode:53/100, avg elec cons:2.00453777900777
 Retrying in 1 seconds
Warning: Unused states in tlLogic 'J10', program '0' in phase 0 after tl-index 10
Simulation......
交通灯最大奖励:1.8, 交通灯最小奖励:-2.0
总奖励:10414.861242657324, 速度奖励:-2915.699306600017, 加速度奖励:-1092.8394507426835, 交通灯奖励:14423.39999999779, 与前车进行交互的惩罚:0.0
Episode:54/100, Reward:10414.861242657324
Episode:54/100, avg speed:14.456661511926843
Episode:54/100, avg halt num:0.04523563811489508
Episode:54/100, avg elec cons:1.8106565928826088
 Retrying in 1 seconds
Warning: Unused states in tlLogic 'J10', program '0' in phase 0 after tl-index 10
Simulation......
交通灯最大奖励:1.8, 交通灯最小奖励:-2.0
总奖励:12729.287252745133, 速度奖励:-4308.2332168499815, 加速度奖励:-1413.2795304048086, 交通灯奖励:18450.799999995885, 与前车进行交互的惩罚:0.0
Episode:55/100, Reward:12729.287252745133
Episode:55/100, avg speed:12.345864689279374
Episode:55/100, avg halt num:0.020084974893781384
Episode:55/100, avg elec cons:1.583259419329478
 Retrying in 1 seconds
Warning: Unused states in tlLogic 'J10', program '0' in phase 0 after tl-index 10
Simulation......
交通灯最大奖励:1.8, 交通灯最小奖励:-2.0
总奖励:919.5458281120182, 速度奖励:-3239.2019660501073, 加速度奖励:-1443.652205837956, 交通灯奖励:5602.400000000423, 与前车进行交互的惩罚:0.0
Episode:56/100, Reward:919.5458281120182
Episode:56/100, avg speed:14.736820735284065
Episode:56/100, avg halt num:0.24582577132486388
Episode:56/100, avg elec cons:2.312469325027013
 Retrying in 1 seconds
Warning: Unused states in tlLogic 'J10', program '0' in phase 0 after tl-index 10
Simulation......
交通灯最大奖励:1.8, 交通灯最小奖励:-2.0
总奖励:10790.314668495801, 速度奖励:-2793.880559650042, 加速度奖励:-1218.6047718540801, 交通灯奖励:14802.799999997615, 与前车进行交互的惩罚:0.0
Episode:57/100, Reward:10790.314668495801
Episode:57/100, avg speed:14.290845762096701
Episode:57/100, avg halt num:0.07177814029363784
Episode:57/100, avg elec cons:2.615268823457695
 Retrying in 1 seconds
Warning: Unused states in tlLogic 'J10', program '0' in phase 0 after tl-index 10
Simulation......
交通灯最大奖励:1.8, 交通灯最小奖励:-2.0
总奖励:9698.341159264044, 速度奖励:-2613.370339900054, 加速度奖励:-1193.288500835919, 交通灯奖励:13504.999999998061, 与前车进行交互的惩罚:0.0
Episode:58/100, Reward:9698.341159264044
Episode:58/100, avg speed:14.791486182654689
Episode:58/100, avg halt num:0.08640873015873016
Episode:58/100, avg elec cons:2.53438908863574
 Retrying in 1 seconds
Warning: Unused states in tlLogic 'J10', program '0' in phase 0 after tl-index 10
Simulation......
交通灯最大奖励:1.8, 交通灯最小奖励:-2.0
总奖励:8472.80931401636, 速度奖励:-2860.4050792500925, 加速度奖励:-1124.3856067334848, 交通灯奖励:12457.599999998383, 与前车进行交互的惩罚:0.0
Episode:59/100, Reward:8472.80931401636
Episode:59/100, avg speed:14.916392226420879
Episode:59/100, avg halt num:0.15593869731800766
Episode:59/100, avg elec cons:2.2462093788761988
 Retrying in 1 seconds
Warning: Unused states in tlLogic 'J10', program '0' in phase 0 after tl-index 10
Simulation......
交通灯最大奖励:1.8, 交通灯最小奖励:-2.0
总奖励:9284.586719917876, 速度奖励:-3347.9001541000903, 加速度奖励:-1353.313125982057, 交通灯奖励:13985.799999997935, 与前车进行交互的惩罚:0.0
Episode:60/100, Reward:9284.586719917876
Episode:60/100, avg speed:14.407956201673983
Episode:60/100, avg halt num:0.12598039215686274
Episode:60/100, avg elec cons:1.7365115997382283
 Retrying in 1 seconds
Warning: Unused states in tlLogic 'J10', program '0' in phase 0 after tl-index 10
Simulation......
交通灯最大奖励:1.8, 交通灯最小奖励:-2.0
总奖励:9960.942043388948, 速度奖励:-6048.159968349896, 加速度奖励:-2130.097988261102, 交通灯奖励:18139.199999995315, 与前车进行交互的惩罚:0.0
Episode:61/100, Reward:9960.942043388948
Episode:61/100, avg speed:11.199587935828571
Episode:61/100, avg halt num:0.18052649930264994
Episode:61/100, avg elec cons:1.229735128916933
 Retrying in 1 seconds
Warning: Unused states in tlLogic 'J10', program '0' in phase 0 after tl-index 10
Simulation......
交通灯最大奖励:1.8, 交通灯最小奖励:-2.0
总奖励:10616.166228315189, 速度奖励:-5415.700352699966, 加速度奖励:-1822.7334189846956, 交通灯奖励:17854.599999996164, 与前车进行交互的惩罚:0.0
Episode:62/100, Reward:10616.166228315189
Episode:62/100, avg speed:12.098895267602686
Episode:62/100, avg halt num:0.032612456747404844
Episode:62/100, avg elec cons:1.1754473766068019
 Retrying in 1 seconds
Warning: Unused states in tlLogic 'J10', program '0' in phase 0 after tl-index 10
Simulation......
交通灯最大奖励:1.8, 交通灯最小奖励:-2.0
总奖励:13540.930165470845, 速度奖励:-3943.375644950036, 加速度奖励:-1539.4941895791349, 交通灯奖励:19023.799999995776, 与前车进行交互的惩罚:0.0
Episode:63/100, Reward:13540.930165470845
Episode:63/100, avg speed:13.361357980747512
Episode:63/100, avg halt num:0.02335299901671583
Episode:63/100, avg elec cons:1.143732427166317
 Retrying in 1 seconds
Warning: Unused states in tlLogic 'J10', program '0' in phase 0 after tl-index 10
Simulation......
交通灯最大奖励:1.8, 交通灯最小奖励:-2.0
总奖励:13835.848072765442, 速度奖励:-4714.531680750022, 加速度奖励:-1523.420246484506, 交通灯奖励:20073.799999995288, 与前车进行交互的惩罚:0.0
Episode:64/100, Reward:13835.848072765442
Episode:64/100, avg speed:12.294590056849946
Episode:64/100, avg halt num:0.0375367107195301
Episode:64/100, avg elec cons:1.202065907663343
 Retrying in 1 seconds
Warning: Unused states in tlLogic 'J10', program '0' in phase 0 after tl-index 10
Simulation......
交通灯最大奖励:1.8, 交通灯最小奖励:-2.0
总奖励:12418.433629730336, 速度奖励:-7204.12506039989, 加速度奖励:-2119.441309869564, 交通灯奖励:21741.99999999411, 与前车进行交互的惩罚:0.0
Episode:65/100, Reward:12418.433629730336
Episode:65/100, avg speed:11.423960183538684
Episode:65/100, avg halt num:0.11684975194897236
Episode:65/100, avg elec cons:0.9720167882685328
 Retrying in 1 seconds
Warning: Unused states in tlLogic 'J10', program '0' in phase 0 after tl-index 10
Simulation......
交通灯最大奖励:1.8, 交通灯最小奖励:-2.0
总奖励:13504.821007164897, 速度奖励:-3928.657813350023, 加速度奖励:-1631.3211794850406, 交通灯奖励:19064.79999999578, 与前车进行交互的惩罚:0.0
Episode:66/100, Reward:13504.821007164897
Episode:66/100, avg speed:13.860274723374411
Episode:66/100, avg halt num:0.0009569377990430622
Episode:66/100, avg elec cons:1.3650804185581904
 Retrying in 1 seconds
Warning: Unused states in tlLogic 'J10', program '0' in phase 0 after tl-index 10
Simulation......
交通灯最大奖励:1.8, 交通灯最小奖励:-2.0
总奖励:12570.829037294605, 速度奖励:-3031.4429208500164, 加速度奖励:-1432.9280418553772, 交通灯奖励:17035.199999996737, 与前车进行交互的惩罚:0.0
Episode:67/100, Reward:12570.829037294605
Episode:67/100, avg speed:14.466123286534135
Episode:67/100, avg halt num:0.003436988543371522
Episode:67/100, avg elec cons:1.608150014416611
 Retrying in 1 seconds
Warning: Unused states in tlLogic 'J10', program '0' in phase 0 after tl-index 10
Simulation......
交通灯最大奖励:1.8, 交通灯最小奖励:-2.0
总奖励:13134.654317080793, 速度奖励:-3608.7284585500383, 加速度奖励:-1371.4172243693135, 交通灯奖励:18114.79999999622, 与前车进行交互的惩罚:0.0
Episode:68/100, Reward:13134.654317080793
Episode:68/100, avg speed:13.837815976601757
Episode:68/100, avg halt num:0.023937963587322995
Episode:68/100, avg elec cons:1.3407452237987865
 Retrying in 1 seconds
Warning: Unused states in tlLogic 'J10', program '0' in phase 0 after tl-index 10
Simulation......
交通灯最大奖励:1.8, 交通灯最小奖励:-2.0
总奖励:12429.930523422958, 速度奖励:-3519.0724163500367, 加速度奖励:-1386.99706022705, 交通灯奖励:17335.999999996555, 与前车进行交互的惩罚:0.0
Episode:69/100, Reward:12429.930523422958
Episode:69/100, avg speed:13.919720224428755
Episode:69/100, avg halt num:0.04793556459180482
Episode:69/100, avg elec cons:1.3907179657482127
 Retrying in 1 seconds
Warning: Unused states in tlLogic 'J10', program '0' in phase 0 after tl-index 10
Simulation......
交通灯最大奖励:1.8, 交通灯最小奖励:-2.0
总奖励:9641.574387450783, 速度奖励:-4790.110633799973, 加速度奖励:-1777.5149787494092, 交通灯奖励:16209.199999996074, 与前车进行交互的惩罚:0.0
Episode:70/100, Reward:9641.574387450783
Episode:70/100, avg speed:12.35845655571162
Episode:70/100, avg halt num:0.08169934640522876
Episode:70/100, avg elec cons:1.334466839062073
 Retrying in 1 seconds
Warning: Unused states in tlLogic 'J10', program '0' in phase 0 after tl-index 10
Simulation......
交通灯最大奖励:1.8, 交通灯最小奖励:-2.0
总奖励:12829.822896092606, 速度奖励:-7757.1782143495675, 加速度奖励:-1863.998889557283, 交通灯奖励:22450.99999999354, 与前车进行交互的惩罚:0.0
Episode:71/100, Reward:12829.822896092606
Episode:71/100, avg speed:11.98510432028657
Episode:71/100, avg halt num:0.23126407204889032
Episode:71/100, avg elec cons:0.7833873689612978
 Retrying in 1 seconds
Warning: Unused states in tlLogic 'J10', program '0' in phase 0 after tl-index 10
Simulation......
交通灯最大奖励:1.8, 交通灯最小奖励:-2.0
总奖励:-342.539535252452, 速度奖励:-9420.587554949892, 加速度奖励:-2600.751980302375, 交通灯奖励:11678.799999998586, 与前车进行交互的惩罚:0.0
Episode:72/100, Reward:-342.539535252452
Episode:72/100, avg speed:9.538933753614048
Episode:72/100, avg halt num:0.2738450074515648
Episode:72/100, avg elec cons:0.8808217727174836
 Retrying in 1 seconds
Warning: Unused states in tlLogic 'J10', program '0' in phase 0 after tl-index 10
Simulation......
交通灯最大奖励:1.8, 交通灯最小奖励:-2.0
总奖励:12035.467865809649, 速度奖励:-3177.8385546500276, 加速度奖励:-1263.0935795402747, 交通灯奖励:16476.39999999683, 与前车进行交互的惩罚:0.0
Episode:73/100, Reward:12035.467865809649
Episode:73/100, avg speed:14.23573230161175
Episode:73/100, avg halt num:0.014205386208937555
Episode:73/100, avg elec cons:1.394541801221664
 Retrying in 1 seconds
Warning: Unused states in tlLogic 'J10', program '0' in phase 0 after tl-index 10
Simulation......
交通灯最大奖励:1.8, 交通灯最小奖励:-2.0
总奖励:3647.889854441045, 速度奖励:-5391.877247799661, 加速度奖励:-1924.8328977592548, 交通灯奖励:10964.599999998929, 与前车进行交互的惩罚:0.0
Episode:74/100, Reward:3647.889854441045
Episode:74/100, avg speed:13.384549041984064
Episode:74/100, avg halt num:0.2400282386163078
Episode:74/100, avg elec cons:1.4673391151744284
 Retrying in 1 seconds
Warning: Unused states in tlLogic 'J10', program '0' in phase 0 after tl-index 10
Simulation......
交通灯最大奖励:1.8, 交通灯最小奖励:-2.0
总奖励:-1614.4879992451497, 速度奖励:-3426.16622085015, 加速度奖励:-1522.72177839505, 交通灯奖励:3334.4000000003234, 与前车进行交互的惩罚:0.0
Episode:75/100, Reward:-1614.4879992451497
Episode:75/100, avg speed:15.081127383992028
Episode:75/100, avg halt num:0.28303130148270184
Episode:75/100, avg elec cons:1.74091497976525
 Retrying in 1 seconds
Warning: Unused states in tlLogic 'J10', program '0' in phase 0 after tl-index 10
Simulation......
交通灯最大奖励:1.8, 交通灯最小奖励:-2.0
总奖励:9911.781371552153, 速度奖励:-3940.927545550078, 加速度奖励:-1260.0910828977464, 交通灯奖励:15112.79999999733, 与前车进行交互的惩罚:0.0
Episode:76/100, Reward:9911.781371552153
Episode:76/100, avg speed:13.408652760173101
Episode:76/100, avg halt num:0.172210953346856
Episode:76/100, avg elec cons:1.6649807289843388
 Retrying in 1 seconds
Warning: Unused states in tlLogic 'J10', program '0' in phase 0 after tl-index 10
Simulation......
交通灯最大奖励:1.8, 交通灯最小奖励:-2.0
总奖励:10987.407648521326, 速度奖励:-3299.5407536000703, 加速度奖励:-1162.0515978785456, 交通灯奖励:15448.999999997168, 与前车进行交互的惩罚:0.0
Episode:77/100, Reward:10987.407648521326
Episode:77/100, avg speed:13.971977727173316
Episode:77/100, avg halt num:0.1024132429198245
Episode:77/100, avg elec cons:2.131634245726989
 Retrying in 1 seconds
Warning: Unused states in tlLogic 'J10', program '0' in phase 0 after tl-index 10
Simulation......
交通灯最大奖励:1.8, 交通灯最小奖励:-2.0
总奖励:331.1369207647787, 速度奖励:-2685.5225441000994, 加速度奖励:-1270.5405351352367, 交通灯奖励:4287.2000000005355, 与前车进行交互的惩罚:0.0
Episode:78/100, Reward:331.1369207647787
Episode:78/100, avg speed:15.172922286063532
Episode:78/100, avg halt num:0.2693752471332542
Episode:78/100, avg elec cons:2.6176861006839656
 Retrying in 1 seconds
Warning: Unused states in tlLogic 'J10', program '0' in phase 0 after tl-index 10
Simulation......
交通灯最大奖励:1.8, 交通灯最小奖励:-2.0
总奖励:3005.5701328954783, 速度奖励:-3828.3024867001263, 加速度奖励:-1386.5273804045437, 交通灯奖励:8220.400000000867, 与前车进行交互的惩罚:0.0
Episode:79/100, Reward:3005.5701328954783
Episode:79/100, avg speed:13.841811892651554
Episode:79/100, avg halt num:0.3046055188495919
Episode:79/100, avg elec cons:1.7661837366941484
 Retrying in 1 seconds
Warning: Unused states in tlLogic 'J10', program '0' in phase 0 after tl-index 10
Simulation......
交通灯最大奖励:1.8, 交通灯最小奖励:-2.0
总奖励:9897.428597495082, 速度奖励:-4098.4567210501, 加速度奖励:-1316.9146814549513, 交通灯奖励:15312.799999997298, 与前车进行交互的惩罚:0.0
Episode:80/100, Reward:9897.428597495082
Episode:80/100, avg speed:13.28648663246705
Episode:80/100, avg halt num:0.15021008403361344
Episode:80/100, avg elec cons:1.509805851919797
 Retrying in 1 seconds
Warning: Unused states in tlLogic 'J10', program '0' in phase 0 after tl-index 10
Simulation......
交通灯最大奖励:1.8, 交通灯最小奖励:-2.0
总奖励:10659.83528809602, 速度奖励:-4784.285498649987, 加速度奖励:-1744.8792132540061, 交通灯奖励:17188.99999999594, 与前车进行交互的惩罚:0.0
Episode:81/100, Reward:10659.83528809602
Episode:81/100, avg speed:12.2165843042376
Episode:81/100, avg halt num:0.05583965687891785
Episode:81/100, avg elec cons:1.4141574604197957
 Retrying in 1 seconds
Warning: Unused states in tlLogic 'J10', program '0' in phase 0 after tl-index 10
Simulation......
交通灯最大奖励:1.8, 交通灯最小奖励:-2.0
总奖励:-26336.00666567989, 速度奖励:-22474.181899398853, 加速度奖励:-10699.02476628107, 交通灯奖励:6837.200000002612, 与前车进行交互的惩罚:0.0
Episode:82/100, Reward:-26336.00666567989
Episode:82/100, avg speed:8.36619868693673
Episode:82/100, avg halt num:0.5105915267785771
Episode:82/100, avg elec cons:1.0797127902468229
 Retrying in 1 seconds
Warning: Unused states in tlLogic 'J10', program '0' in phase 0 after tl-index 10
Simulation......
交通灯最大奖励:1.8, 交通灯最小奖励:-2.0
总奖励:4893.407302532318, 速度奖励:-3195.2425455000694, 加速度奖励:-1280.1501519677151, 交通灯奖励:9368.800000000005, 与前车进行交互的惩罚:0.0
Episode:83/100, Reward:4893.407302532318
Episode:83/100, avg speed:14.438577780485993
Episode:83/100, avg halt num:0.1406629642485248
Episode:83/100, avg elec cons:1.6456265680223296
 Retrying in 1 seconds
Warning: Unused states in tlLogic 'J10', program '0' in phase 0 after tl-index 10
Simulation......
交通灯最大奖励:1.8, 交通灯最小奖励:-2.0
总奖励:8051.509865072518, 速度奖励:-2898.519631700042, 加速度奖励:-1144.5705032274323, 交通灯奖励:12094.599999997976, 与前车进行交互的惩罚:0.0
Episode:84/100, Reward:8051.509865072518
Episode:84/100, avg speed:14.011029195887051
Episode:84/100, avg halt num:0.07259332023575639
Episode:84/100, avg elec cons:2.2707471985906724
 Retrying in 1 seconds
Warning: Unused states in tlLogic 'J10', program '0' in phase 0 after tl-index 10
Simulation......
交通灯最大奖励:1.8, 交通灯最小奖励:-2.0
总奖励:10164.095922254004, 速度奖励:-3487.2169653000406, 加速度奖励:-1217.487112445954, 交通灯奖励:14868.7999999974, 与前车进行交互的惩罚:0.0
Episode:85/100, Reward:10164.095922254004
Episode:85/100, avg speed:14.247865926432674
Episode:85/100, avg halt num:0.054892400806993945
Episode:85/100, avg elec cons:1.5164763878459744
 Retrying in 1 seconds
Warning: Unused states in tlLogic 'J10', program '0' in phase 0 after tl-index 10
Simulation......
交通灯最大奖励:1.8, 交通灯最小奖励:-2.0
总奖励:6622.174533836962, 速度奖励:-2813.5159089500485, 加速度奖励:-1375.7095572130477, 交通灯奖励:10811.399999998908, 与前车进行交互的惩罚:0.0
Episode:86/100, Reward:6622.174533836962
Episode:86/100, avg speed:15.075391086607985
Episode:86/100, avg halt num:0.04098613251155624
Episode:86/100, avg elec cons:1.911189852302247
 Retrying in 1 seconds
Warning: Unused states in tlLogic 'J10', program '0' in phase 0 after tl-index 10
Simulation......
交通灯最大奖励:1.8, 交通灯最小奖励:-2.0
总奖励:6485.553231613046, 速度奖励:-3460.1531098001083, 加速度奖励:-1319.0936585868913, 交通灯奖励:11264.79999999914, 与前车进行交互的惩罚:0.0
Episode:87/100, Reward:6485.553231613046
Episode:87/100, avg speed:14.036216385650189
Episode:87/100, avg halt num:0.2357142857142857
Episode:87/100, avg elec cons:1.9157742480948092
 Retrying in 1 seconds
Warning: Unused states in tlLogic 'J10', program '0' in phase 0 after tl-index 10
Simulation......
交通灯最大奖励:1.8, 交通灯最小奖励:-2.0
总奖励:9766.370897697101, 速度奖励:-3456.1709387000856, 加速度奖励:-1169.4581636027553, 交通灯奖励:14391.999999997799, 与前车进行交互的惩罚:0.0
Episode:88/100, Reward:9766.370897697101
Episode:88/100, avg speed:14.248820175084159
Episode:88/100, avg halt num:0.14278420694349897
Episode:88/100, avg elec cons:1.7090140221853776
 Retrying in 1 seconds
Warning: Unused states in tlLogic 'J10', program '0' in phase 0 after tl-index 10
Simulation......
交通灯最大奖励:1.8, 交通灯最小奖励:-2.0
总奖励:12278.13119242803, 速度奖励:-3354.061856400043, 加速度奖励:-1225.6069511719156, 交通灯奖励:16857.79999999672, 与前车进行交互的惩罚:0.0
Episode:89/100, Reward:12278.13119242803
Episode:89/100, avg speed:13.491047337626604
Episode:89/100, avg halt num:0.03459821428571429
Episode:89/100, avg elec cons:1.8400611487089795
 Retrying in 1 seconds
Warning: Unused states in tlLogic 'J10', program '0' in phase 0 after tl-index 10
Simulation......
交通灯最大奖励:1.8, 交通灯最小奖励:-2.0
总奖励:14032.402342962627, 速度奖励:-3767.825332000027, 加速度奖励:-1217.1723250372947, 交通灯奖励:19017.399999995887, 与前车进行交互的惩罚:0.0
Episode:90/100, Reward:14032.402342962627
Episode:90/100, avg speed:12.719786484858433
Episode:90/100, avg halt num:0.010480769230769231
Episode:90/100, avg elec cons:1.419639096684806
 Retrying in 1 seconds
Warning: Unused states in tlLogic 'J10', program '0' in phase 0 after tl-index 10
Simulation......
交通灯最大奖励:1.8, 交通灯最小奖励:-2.0
总奖励:13772.390906248796, 速度奖励:-6086.061884899723, 加速度奖励:-1830.5472088516115, 交通灯奖励:21688.99999999419, 与前车进行交互的惩罚:0.0
Episode:91/100, Reward:13772.390906248796
Episode:91/100, avg speed:10.432929864340895
Episode:91/100, avg halt num:0.0879847770931497
Episode:91/100, avg elec cons:1.1744127270853435
 Retrying in 1 seconds
Warning: Unused states in tlLogic 'J10', program '0' in phase 0 after tl-index 10
Simulation......
交通灯最大奖励:1.8, 交通灯最小奖励:-2.0
总奖励:14936.364049098083, 速度奖励:-8973.043925749616, 加速度奖励:-2190.392025152121, 交通灯奖励:26099.799999992, 与前车进行交互的惩罚:0.0
Episode:92/100, Reward:14936.364049098083
Episode:92/100, avg speed:10.189558476212099
Episode:92/100, avg halt num:0.28259668508287294
Episode:92/100, avg elec cons:0.8020734119043295
 Retrying in 1 seconds
Warning: Unused states in tlLogic 'J10', program '0' in phase 0 after tl-index 10
Simulation......
交通灯最大奖励:1.8, 交通灯最小奖励:-2.0
总奖励:14559.995897631692, 速度奖励:-4769.808164850008, 加速度奖励:-1691.9959375182739, 交通灯奖励:21021.799999995004, 与前车进行交互的惩罚:0.0
Episode:93/100, Reward:14559.995897631692
Episode:93/100, avg speed:12.161751810532413
Episode:93/100, avg halt num:0.0121033360455655
Episode:93/100, avg elec cons:1.3710852701535774
 Retrying in 1 seconds
Warning: Unused states in tlLogic 'J10', program '0' in phase 0 after tl-index 10
Simulation......
交通灯最大奖励:1.8, 交通灯最小奖励:-2.0
总奖励:14511.480753237625, 速度奖励:-4475.130816350006, 加速度奖励:-1629.5884304122908, 交通灯奖励:20616.19999999515, 与前车进行交互的惩罚:0.0
Episode:94/100, Reward:14511.480753237625
Episode:94/100, avg speed:12.862875344503689
Episode:94/100, avg halt num:0.0014915478952601923
Episode:94/100, avg elec cons:1.178765925470642
 Retrying in 1 seconds
Warning: Unused states in tlLogic 'J10', program '0' in phase 0 after tl-index 10
Simulation......
交通灯最大奖励:1.8, 交通灯最小奖励:-2.0
总奖励:13261.183592398762, 速度奖励:-4469.3994211000045, 加速度奖励:-1695.8169865011307, 交通灯奖励:19426.399999995516, 与前车进行交互的惩罚:0.0
Episode:95/100, Reward:13261.183592398762
Episode:95/100, avg speed:12.101593215623785
Episode:95/100, avg halt num:0.010086726998491705
Episode:95/100, avg elec cons:1.4271134050403809
 Retrying in 1 seconds
Warning: Unused states in tlLogic 'J10', program '0' in phase 0 after tl-index 10
Simulation......
交通灯最大奖励:1.8, 交通灯最小奖励:-2.0
总奖励:9334.732519551282, 速度奖励:-7471.011482849598, 加速度奖励:-2011.6559975983027, 交通灯奖励:18817.399999994133, 与前车进行交互的惩罚:0.0
Episode:96/100, Reward:9334.732519551282
Episode:96/100, avg speed:11.069947029566288
Episode:96/100, avg halt num:0.21492395437262357
Episode:96/100, avg elec cons:1.3367412333914623
 Retrying in 1 seconds
Warning: Unused states in tlLogic 'J10', program '0' in phase 0 after tl-index 10
Simulation......
交通灯最大奖励:1.8, 交通灯最小奖励:-2.0
总奖励:14336.38910232607, 速度奖励:-4931.659259949989, 加速度奖励:-1696.5516377239421, 交通灯奖励:20964.599999995018, 与前车进行交互的惩罚:0.0
Episode:97/100, Reward:14336.38910232607
Episode:97/100, avg speed:12.072016340917429
Episode:97/100, avg halt num:0.010050741608118658
Episode:97/100, avg elec cons:1.4077979834084353
 Retrying in 1 seconds
Warning: Unused states in tlLogic 'J10', program '0' in phase 0 after tl-index 10
Simulation......
交通灯最大奖励:1.8, 交通灯最小奖励:-2.0
总奖励:14110.677781580203, 速度奖励:-4461.069418500015, 加速度奖励:-1721.8527999197013, 交通灯奖励:20293.59999999527, 与前车进行交互的惩罚:0.0
Episode:98/100, Reward:14110.677781580203
Episode:98/100, avg speed:11.820753033195038
Episode:98/100, avg halt num:0.017394665635871664
Episode:98/100, avg elec cons:1.4408481015980097
 Retrying in 1 seconds
Warning: Unused states in tlLogic 'J10', program '0' in phase 0 after tl-index 10
Simulation......
交通灯最大奖励:1.8, 交通灯最小奖励:-2.0
总奖励:15308.998117889187, 速度奖励:-5163.550582749928, 加速度奖励:-1709.4512993608985, 交通灯奖励:22181.999999994365, 与前车进行交互的惩罚:0.0
Episode:99/100, Reward:15308.998117889187
Episode:99/100, avg speed:12.379153908417852
Episode:99/100, avg halt num:0.022848122299767366
Episode:99/100, avg elec cons:1.084683025048095
 Retrying in 1 seconds
Warning: Unused states in tlLogic 'J10', program '0' in phase 0 after tl-index 10
Simulation......
交通灯最大奖励:1.8, 交通灯最小奖励:-2.0
总奖励:14755.852735282317, 速度奖励:-5325.353708749976, 加速度奖励:-1620.5935559675752, 交通灯奖励:21701.799999994673, 与前车进行交互的惩罚:0.0
Episode:100/100, Reward:14755.852735282317
Episode:100/100, avg speed:12.35867880672428
Episode:100/100, avg halt num:0.0317157999337529
Episode:100/100, avg elec cons:1.1029560991200593
model saved successfully!
Complete training!
final reward list:[-1736.4815329242922, 1485.2104736193978, 4125.389436154989, -928.6844424021546, 3930.555121165604, 4609.1021009872475, 5328.717803807697, 2991.9297247546697, 3057.593196448978, 5006.646900973735, 6290.339495860054, -7287.991159703514, 6096.902746240981, 8704.99161907815, 8686.919158913472, 4888.956676615896, 12477.402101953823, 14302.773562356648, 7952.454655679997, 12849.793706932274, 3184.814659196346, 12112.766174428896, 13550.180657042336, 4287.652084091973, 5176.776003072385, -560.0082012733965, 14119.087281071505, -18348.71637513332, 3484.1330562936832, 6479.625401922148, 10453.039525977452, 12105.13422570594, 12565.481249815597, 14050.388054023664, 835.4713911409151, 8743.51976394527, 11359.632388810229, 10560.812130277041, 10979.57805173005, 1318.6334434894522, 10296.945769259522, 13344.959521640138, 9369.113450539277, 10726.804511188966, 14035.780551704309, 12362.201410903548, 10818.71183569975, 10792.852709037992, 9794.417429419529, 7751.962020081504, 9690.773509147632, -12257.61635697376, 2168.21301078931, 10414.861242657324, 12729.287252745133, 919.5458281120182, 10790.314668495801, 9698.341159264044, 8472.80931401636, 9284.586719917876, 9960.942043388948, 10616.166228315189, 13540.930165470845, 13835.848072765442, 12418.433629730336, 13504.821007164897, 12570.829037294605, 13134.654317080793, 12429.930523422958, 9641.574387450783, 12829.822896092606, -342.539535252452, 12035.467865809649, 3647.889854441045, -1614.4879992451497, 9911.781371552153, 10987.407648521326, 331.1369207647787, 3005.5701328954783, 9897.428597495082, 10659.83528809602, -26336.00666567989, 4893.407302532318, 8051.509865072518, 10164.095922254004, 6622.174533836962, 6485.553231613046, 9766.370897697101, 12278.13119242803, 14032.402342962627, 13772.390906248796, 14936.364049098083, 14559.995897631692, 14511.480753237625, 13261.183592398762, 9334.732519551282, 14336.38910232607, 14110.677781580203, 15308.998117889187, 14755.852735282317]
final speed list:[15.352665609047204, 14.972930557778202, 15.200824701169223, 13.154117982570867, 14.954650311270813, 14.942205485351593, 14.934761210245155, 15.369490832163024, 15.148355186205023, 14.866707788618175, 14.409775373197702, 10.287802695307732, 14.272148267117336, 14.497611337965514, 11.672235834872911, 9.25324689696413, 11.75280287080959, 10.601634621964024, 10.150443956340187, 12.060049308544471, 9.37502101721619, 10.144080631287249, 10.920940862000164, 9.391481412583964, 10.38528265295016, 8.743662197874949, 11.377674446620041, 6.314944715245238, 10.097118143040525, 14.813392706373882, 13.002153078492501, 13.708468974031653, 13.271264456713073, 11.535150110771601, 11.38402474793414, 13.473049246313826, 12.750247386606146, 14.625134490585108, 13.316250721461307, 13.477540059795214, 13.8834235384563, 12.87271786862398, 9.556456758006371, 10.911720647800031, 12.101585939679156, 14.515909734249046, 13.954223386186495, 14.119999122428107, 15.028194689377372, 14.467802849201853, 14.553914845561057, 8.024396003445338, 13.143012295597446, 14.456661511926843, 12.345864689279374, 14.736820735284065, 14.290845762096701, 14.791486182654689, 14.916392226420879, 14.407956201673983, 11.199587935828571, 12.098895267602686, 13.361357980747512, 12.294590056849946, 11.423960183538684, 13.860274723374411, 14.466123286534135, 13.837815976601757, 13.919720224428755, 12.35845655571162, 11.98510432028657, 9.538933753614048, 14.23573230161175, 13.384549041984064, 15.081127383992028, 13.408652760173101, 13.971977727173316, 15.172922286063532, 13.841811892651554, 13.28648663246705, 12.2165843042376, 8.36619868693673, 14.438577780485993, 14.011029195887051, 14.247865926432674, 15.075391086607985, 14.036216385650189, 14.248820175084159, 13.491047337626604, 12.719786484858433, 10.432929864340895, 10.189558476212099, 12.161751810532413, 12.862875344503689, 12.101593215623785, 11.069947029566288, 12.072016340917429, 11.820753033195038, 12.379153908417852, 12.35867880672428]
final elec cons list:[1.9479136087569648, 2.094321019431492, 1.8339311264437101, 1.9990603884654767, 2.2986908737306817, 2.0152206048450947, 1.8242198339301097, 1.8776811546340004, 1.8889262881617148, 2.0219154017920706, 1.4079081448817137, 0.7777773399125925, 1.8101124761774987, 2.0236852472561786, 0.8384104714048134, 0.8484378628652821, 0.7670867299506066, 0.9904245953023011, 0.75819982679422, 0.7245165146171676, 0.8031443911496193, 0.6897043920625326, 0.5535481579677171, 0.6309602377502417, 0.7590920784713399, 0.6216673481811221, 0.8265604675555797, 0.797416389798141, 1.2395465381162951, 2.1228788774242227, 1.807853242812647, 2.383637057359065, 1.7743261496168328, 0.8542564489444683, 1.0562350870001511, 1.9243868957789427, 1.806449952524236, 2.276342369408639, 1.4055278186641589, 1.6293596237311492, 1.3894980915821071, 1.2965379465641762, 0.7746263814244378, 0.9807351006533198, 1.317185948931772, 1.6456106256458525, 1.9005053559811116, 2.0745569730379665, 1.727345432176701, 1.7707788640557311, 1.5486761629973875, 0.9661152598393443, 2.00453777900777, 1.8106565928826088, 1.583259419329478, 2.312469325027013, 2.615268823457695, 2.53438908863574, 2.2462093788761988, 1.7365115997382283, 1.229735128916933, 1.1754473766068019, 1.143732427166317, 1.202065907663343, 0.9720167882685328, 1.3650804185581904, 1.608150014416611, 1.3407452237987865, 1.3907179657482127, 1.334466839062073, 0.7833873689612978, 0.8808217727174836, 1.394541801221664, 1.4673391151744284, 1.74091497976525, 1.6649807289843388, 2.131634245726989, 2.6176861006839656, 1.7661837366941484, 1.509805851919797, 1.4141574604197957, 1.0797127902468229, 1.6456265680223296, 2.2707471985906724, 1.5164763878459744, 1.911189852302247, 1.9157742480948092, 1.7090140221853776, 1.8400611487089795, 1.419639096684806, 1.1744127270853435, 0.8020734119043295, 1.3710852701535774, 1.178765925470642, 1.4271134050403809, 1.3367412333914623, 1.4077979834084353, 1.4408481015980097, 1.084683025048095, 1.1029560991200593]
final halt list:[0.2462915188648823, 0.2289167254763585, 0.19900294213795358, 0.24395625479662317, 0.18896051571313457, 0.20377627360171002, 0.20171526586620928, 0.19454059156702327, 0.20719401041666666, 0.1871700105596621, 0.12034574468085106, 0.39185692541856926, 0.1584119496855346, 0.14157552973342447, 0.2648214285714286, 0.17544471573072898, 0.14873206539873207, 0.09889459139360442, 0.175540496934495, 0.051929260450160775, 0.30869565217391304, 0.2712045616535994, 0.16271745650869826, 0.306192319142602, 0.20214146658014276, 0.3044022906227631, 0.09116856950973808, 0.4074475777295734, 0.2574790586358197, 0.0983942603348138, 0.08202833706189411, 0.009505703422053232, 0.019373315363881403, 0.1524122807017544, 0.22054597701149425, 0.14016272189349113, 0.061050189793336145, 0.027970011534025375, 0.06626506024096386, 0.24829136690647483, 0.032095203750450774, 0.035595105672969966, 0.35086206896551725, 0.22054464616524638, 0.06949844479004666, 0.008580858085808581, 0.0711443728685108, 0.0851756810106593, 0.06165673046752432, 0.176056338028169, 0.0900489396411093, 0.27950928381962864, 0.148555592878737, 0.04523563811489508, 0.020084974893781384, 0.24582577132486388, 0.07177814029363784, 0.08640873015873016, 0.15593869731800766, 0.12598039215686274, 0.18052649930264994, 0.032612456747404844, 0.02335299901671583, 0.0375367107195301, 0.11684975194897236, 0.0009569377990430622, 0.003436988543371522, 0.023937963587322995, 0.04793556459180482, 0.08169934640522876, 0.23126407204889032, 0.2738450074515648, 0.014205386208937555, 0.2400282386163078, 0.28303130148270184, 0.172210953346856, 0.1024132429198245, 0.2693752471332542, 0.3046055188495919, 0.15021008403361344, 0.05583965687891785, 0.5105915267785771, 0.1406629642485248, 0.07259332023575639, 0.054892400806993945, 0.04098613251155624, 0.2357142857142857, 0.14278420694349897, 0.03459821428571429, 0.010480769230769231, 0.0879847770931497, 0.28259668508287294, 0.0121033360455655, 0.0014915478952601923, 0.010086726998491705, 0.21492395437262357, 0.010050741608118658, 0.017394665635871664, 0.022848122299767366, 0.0317157999337529]
speed reward list:[-3329.39306870013, -3895.4171151501378, -3311.5561002501277, -6265.198412899568, -2897.22030075009, -3074.6956720001144, -3296.1268794501343, -2884.044588150115, -3027.474404800127, -3069.043670800104, -3945.0921115500764, -14656.14734665096, -3724.4817379000965, -3135.109131350097, -6853.751160449658, -8499.634378049843, -6655.772457599837, -6442.528863099885, -9681.250331199775, -6026.474694849952, -12432.306101050175, -10208.440252549735, -8911.99890809972, -12301.736106600149, -9425.823766649713, -14249.466731700251, -6350.410379799871, -21138.601544899368, -9264.177309999948, -2940.686808450065, -4648.643831650037, -3405.293925000027, -3910.6455298500296, -6885.142091699793, -8980.778356099789, -3974.349588600083, -3917.859634050044, -2504.2492937000247, -3850.254853600047, -5103.626160749937, -3197.1552439500265, -4125.358301700046, -10532.23706484996, -7836.939530599577, -4781.78398420001, -2926.194099800023, -3119.2250617000527, -2859.6619107500587, -2539.566813600052, -2908.3453495501, -3144.8355694500583, -17163.006397700206, -5526.094209499765, -2915.699306600017, -4308.2332168499815, -3239.2019660501073, -2793.880559650042, -2613.370339900054, -2860.4050792500925, -3347.9001541000903, -6048.159968349896, -5415.700352699966, -3943.375644950036, -4714.531680750022, -7204.12506039989, -3928.657813350023, -3031.4429208500164, -3608.7284585500383, -3519.0724163500367, -4790.110633799973, -7757.1782143495675, -9420.587554949892, -3177.8385546500276, -5391.877247799661, -3426.16622085015, -3940.927545550078, -3299.5407536000703, -2685.5225441000994, -3828.3024867001263, -4098.4567210501, -4784.285498649987, -22474.181899398853, -3195.2425455000694, -2898.519631700042, -3487.2169653000406, -2813.5159089500485, -3460.1531098001083, -3456.1709387000856, -3354.061856400043, -3767.825332000027, -6086.061884899723, -8973.043925749616, -4769.808164850008, -4475.130816350006, -4469.3994211000045, -7471.011482849598, -4931.659259949989, -4461.069418500015, -5163.550582749928, -5325.353708749976]
accel reward list:[-1277.488464224162, -1627.1724112305446, -1263.8544635951707, -2844.4860295021126, -1304.4245780845863, -1314.0022270127376, -1302.1553167422628, -1262.8256870953999, -1265.532398751244, -1345.9094282262126, -1459.9683925898921, -4842.44381305289, -1257.4155158590115, -1187.8992495719294, -1711.1296806362168, -2501.408945333825, -1585.6254404460615, -1550.8975745433645, -2279.895013120245, -1624.9315982177038, -4305.679239753567, -2013.1935730210728, -2223.620434857963, -3159.4118093081115, -2136.0002302775843, -3665.341469573489, -1541.9023391285384, -9799.11483023404, -2326.889633706252, -1247.6877896277877, -1535.3166423724117, -1248.1718492939472, -1302.4732203343756, -1853.269854276385, -3199.9502527591026, -1373.730647454649, -1515.9079771398228, -1251.9385760229516, -1360.767094670089, -1903.1403957605114, -1458.698986790548, -1627.2821766598752, -2735.249484610394, -2339.455958210968, -1772.6354640956968, -1218.004489296383, -1310.2631026002593, -1175.885380212069, -1200.8157569805376, -1182.4926303682864, -1347.3909214022635, -8034.409959273864, -2246.892779710694, -1092.8394507426835, -1413.2795304048086, -1443.652205837956, -1218.6047718540801, -1193.288500835919, -1124.3856067334848, -1353.313125982057, -2130.097988261102, -1822.7334189846956, -1539.4941895791349, -1523.420246484506, -2119.441309869564, -1631.3211794850406, -1432.9280418553772, -1371.4172243693135, -1386.99706022705, -1777.5149787494092, -1863.998889557283, -2600.751980302375, -1263.0935795402747, -1924.8328977592548, -1522.72177839505, -1260.0910828977464, -1162.0515978785456, -1270.5405351352367, -1386.5273804045437, -1316.9146814549513, -1744.8792132540061, -10699.02476628107, -1280.1501519677151, -1144.5705032274323, -1217.487112445954, -1375.7095572130477, -1319.0936585868913, -1169.4581636027553, -1225.6069511719156, -1217.1723250372947, -1830.5472088516115, -2190.392025152121, -1691.9959375182739, -1629.5884304122908, -1695.8169865011307, -2011.6559975983027, -1696.5516377239421, -1721.8527999197013, -1709.4512993608985, -1620.5935559675752]
tls reward list:[2870.4000000000674, 7007.800000000989, 8700.800000000558, 8181.000000001418, 8132.200000001019, 8997.800000000147, 9926.999999999654, 7138.800000000878, 7350.600000000969, 9421.59999999985, 11695.39999999866, 12210.599999998114, 11078.79999999921, 13027.99999999816, 17251.799999995907, 15889.999999994146, 20718.799999994593, 22296.199999994173, 19913.59999999272, 20501.1999999951, 19922.79999999132, 24334.399999992835, 24685.79999999235, 19748.799999994197, 16738.5999999968, 17354.799999994597, 22011.399999994046, 12588.999999991238, 15075.199999997843, 10667.999999998641, 16636.999999996697, 16758.59999999669, 17778.599999996255, 22788.799999993626, 13016.199999994315, 14091.599999997794, 16793.39999999663, 14316.999999997815, 16190.59999999684, 8325.400000000876, 14952.799999997498, 19097.59999999583, 22636.599999992526, 20903.19999999426, 20590.19999999516, 16506.39999999685, 15248.199999997112, 14828.399999997588, 13534.799999998075, 11842.799999998691, 14182.99999999783, 12939.799999993409, 9941.199999999562, 14423.39999999779, 18450.799999995885, 5602.400000000423, 14802.799999997615, 13504.999999998061, 12457.599999998383, 13985.799999997935, 18139.199999995315, 17854.599999996164, 19023.799999995776, 20073.799999995288, 21741.99999999411, 19064.79999999578, 17035.199999996737, 18114.79999999622, 17335.999999996555, 16209.199999996074, 22450.99999999354, 11678.799999998586, 16476.39999999683, 10964.599999998929, 3334.4000000003234, 15112.79999999733, 15448.999999997168, 4287.2000000005355, 8220.400000000867, 15312.799999997298, 17188.99999999594, 6837.200000002612, 9368.800000000005, 12094.599999997976, 14868.7999999974, 10811.399999998908, 11264.79999999914, 14391.999999997799, 16857.79999999672, 19017.399999995887, 21688.99999999419, 26099.799999992, 21021.799999995004, 20616.19999999515, 19426.399999995516, 18817.399999994133, 20964.599999995018, 20293.59999999527, 22181.999999994365, 21701.799999994673]
extra reward list:[0.0, 0.0, 0.0, 0.0, 0.0, 0.0, 0.0, 0.0, 0.0, 0.0, 0.0, 0.0, 0.0, 0.0, 0.0, 0.0, 0.0, 0.0, 0.0, 0.0, 0.0, 0.0, 0.0, 0.0, 0.0, 0.0, 0.0, 0.0, 0.0, 0.0, 0.0, 0.0, 0.0, 0.0, 0.0, 0.0, 0.0, 0.0, 0.0, 0.0, 0.0, 0.0, 0.0, 0.0, 0.0, 0.0, 0.0, 0.0, 0.0, 0.0, 0.0, 0.0, 0.0, 0.0, 0.0, 0.0, 0.0, 0.0, 0.0, 0.0, 0.0, 0.0, 0.0, 0.0, 0.0, 0.0, 0.0, 0.0, 0.0, 0.0, 0.0, 0.0, 0.0, 0.0, 0.0, 0.0, 0.0, 0.0, 0.0, 0.0, 0.0, 0.0, 0.0, 0.0, 0.0, 0.0, 0.0, 0.0, 0.0, 0.0, 0.0, 0.0, 0.0, 0.0, 0.0, 0.0, 0.0, 0.0, 0.0, 0.0]
