nohup: 忽略输入
Env:SUMO, Algorithm:DDPG, Device:cuda
-----------------------------------------
models/reward_s0.05_a7e-2_t(-2_2)_safe(3,-1).pth
-----------------------------------------
 Retrying in 1 seconds
Warning: Unused states in tlLogic 'J10', program '0' in phase 0 after tl-index 10
Simulation......
交通灯最大奖励:0.5, 交通灯最小奖励:-2.0
总奖励:-13174.11216628892, 速度奖励:-3587.530965350134, 加速度奖励:-1419.581200938669, 交通灯奖励:-5568.0, 与前车进行交互的惩罚:-2599.0
Episode:1/100, Reward:-13174.11216628892
Episode:1/100, avg speed:15.083061861775494
Episode:1/100, avg halt num:0.2290738383195417
Episode:1/100, avg elec cons:1.916496945085852
 Retrying in 1 seconds
Warning: Unused states in tlLogic 'J10', program '0' in phase 0 after tl-index 10
Simulation......
交通灯最大奖励:0.5, 交通灯最小奖励:-2.0
总奖励:-7715.442687838815, 速度奖励:-2835.688350750114, 加速度奖励:-1216.254337089188, 交通灯奖励:-2332.5, 与前车进行交互的惩罚:-1331.0
Episode:2/100, Reward:-7715.442687838815
Episode:2/100, avg speed:15.610850045065815
Episode:2/100, avg halt num:0.1861140443505808
Episode:2/100, avg elec cons:2.3316291955745228
 Retrying in 1 seconds
Warning: Unused states in tlLogic 'J10', program '0' in phase 0 after tl-index 10
Simulation......
交通灯最大奖励:0.5, 交通灯最小奖励:-2.0
总奖励:-20130.280659735956, 速度奖励:-8076.551291749376, 加速度奖励:-2467.7293679867375, 交通灯奖励:-7514.0, 与前车进行交互的惩罚:-2072.0
Episode:3/100, Reward:-20130.280659735956
Episode:3/100, avg speed:11.89244804385612
Episode:3/100, avg halt num:0.26676829268292684
Episode:3/100, avg elec cons:1.0861474609919308
 Retrying in 1 seconds
Warning: Unused states in tlLogic 'J10', program '0' in phase 0 after tl-index 10
Simulation......
交通灯最大奖励:0.5, 交通灯最小奖励:-2.0
总奖励:-13626.913393114868, 速度奖励:-6234.204267099712, 加速度奖励:-1623.2091260145514, 交通灯奖励:-3903.5, 与前车进行交互的惩罚:-1866.0
Episode:4/100, Reward:-13626.913393114868
Episode:4/100, avg speed:11.611055671875683
Episode:4/100, avg halt num:0.28812453392990306
Episode:4/100, avg elec cons:1.1003071429965634
 Retrying in 1 seconds
Warning: Unused states in tlLogic 'J10', program '0' in phase 0 after tl-index 10
Simulation......
交通灯最大奖励:0.5, 交通灯最小奖励:-2.0
总奖励:-12695.013710625633, 速度奖励:-5903.104230399693, 加速度奖励:-1586.4094802255358, 交通灯奖励:-2683.5, 与前车进行交互的惩罚:-2522.0
Episode:5/100, Reward:-12695.013710625633
Episode:5/100, avg speed:12.500214411446914
Episode:5/100, avg halt num:0.2634481424148607
Episode:5/100, avg elec cons:1.396851772622954
 Retrying in 1 seconds
Warning: Unused states in tlLogic 'J10', program '0' in phase 0 after tl-index 10
Simulation......
交通灯最大奖励:0.5, 交通灯最小奖励:-2.0
总奖励:-15345.612154498405, 速度奖励:-7263.449094849482, 加速度奖励:-1959.6630596479508, 交通灯奖励:-3151.5, 与前车进行交互的惩罚:-2971.0
Episode:6/100, Reward:-15345.612154498405
Episode:6/100, avg speed:12.13217502040312
Episode:6/100, avg halt num:0.3065686968838527
Episode:6/100, avg elec cons:1.2746247970243418
 Retrying in 1 seconds
Warning: Unused states in tlLogic 'J10', program '0' in phase 0 after tl-index 10
Simulation......
交通灯最大奖励:0.5, 交通灯最小奖励:-2.0
总奖励:-15677.661411813982, 速度奖励:-7529.394582249516, 加速度奖励:-2137.7668295635654, 交通灯奖励:-3841.5, 与前车进行交互的惩罚:-2169.0
Episode:7/100, Reward:-15677.661411813982
Episode:7/100, avg speed:12.066571290497539
Episode:7/100, avg halt num:0.25661284781861904
Episode:7/100, avg elec cons:1.2752799034845632
 Retrying in 1 seconds
Warning: Unused states in tlLogic 'J10', program '0' in phase 0 after tl-index 10
Simulation......
交通灯最大奖励:0.5, 交通灯最小奖励:-2.0
总奖励:-15591.40257309384, 速度奖励:-8299.56647244933, 加速度奖励:-2147.8361006433706, 交通灯奖励:-3288.0, 与前车进行交互的惩罚:-1856.0
Episode:8/100, Reward:-15591.40257309384
Episode:8/100, avg speed:12.511261977926173
Episode:8/100, avg halt num:0.28653786226238703
Episode:8/100, avg elec cons:1.1867789364001895
 Retrying in 1 seconds
Warning: Unused states in tlLogic 'J10', program '0' in phase 0 after tl-index 10
Simulation......
交通灯最大奖励:0.5, 交通灯最小奖励:-2.0
总奖励:-9199.316099216841, 速度奖励:-5829.652320399757, 加速度奖励:-1822.6637788171033, 交通灯奖励:-687.0, 与前车进行交互的惩罚:-860.0
Episode:9/100, Reward:-9199.316099216841
Episode:9/100, avg speed:12.787155310725844
Episode:9/100, avg halt num:0.17530784186649384
Episode:9/100, avg elec cons:1.3009353960021675
 Retrying in 1 seconds
Warning: Unused states in tlLogic 'J10', program '0' in phase 0 after tl-index 10
Simulation......
交通灯最大奖励:0.5, 交通灯最小奖励:-2.0
总奖励:-9252.997410394393, 速度奖励:-6070.172752949708, 加速度奖励:-1827.324657444556, 交通灯奖励:-177.5, 与前车进行交互的惩罚:-1178.0
Episode:10/100, Reward:-9252.997410394393
Episode:10/100, avg speed:12.357620975909404
Episode:10/100, avg halt num:0.2278976679429168
Episode:10/100, avg elec cons:1.4102511729251255
 Retrying in 1 seconds
Warning: Unused states in tlLogic 'J10', program '0' in phase 0 after tl-index 10
Simulation......
交通灯最大奖励:0.5, 交通灯最小奖励:-2.0
总奖励:-14285.21570397242, 速度奖励:-7607.135107349565, 加速度奖励:-2347.5805966222547, 交通灯奖励:-2487.5, 与前车进行交互的惩罚:-1843.0
Episode:11/100, Reward:-14285.21570397242
Episode:11/100, avg speed:12.754140592159834
Episode:11/100, avg halt num:0.228881469115192
Episode:11/100, avg elec cons:1.2784828386250153
 Retrying in 1 seconds
Warning: Unused states in tlLogic 'J10', program '0' in phase 0 after tl-index 10
Simulation......
交通灯最大奖励:0.5, 交通灯最小奖励:-2.0
总奖励:-11384.400806906062, 速度奖励:-7015.394999399482, 加速度奖励:-2024.5058075058332, 交通灯奖励:-1193.5, 与前车进行交互的惩罚:-1151.0
Episode:12/100, Reward:-11384.400806906062
Episode:12/100, avg speed:12.25009903892587
Episode:12/100, avg halt num:0.19518716577540107
Episode:12/100, avg elec cons:1.1268468315689717
 Retrying in 1 seconds
Warning: Unused states in tlLogic 'J10', program '0' in phase 0 after tl-index 10
Simulation......
交通灯最大奖励:0.5, 交通灯最小奖励:-2.0
总奖励:-16486.044750549365, 速度奖励:-9663.512546949858, 加速度奖励:-2335.532203598988, 交通灯奖励:-2831.0, 与前车进行交互的惩罚:-1656.0
Episode:13/100, Reward:-16486.044750549365
Episode:13/100, avg speed:11.090996382308829
Episode:13/100, avg halt num:0.22297910990009082
Episode:13/100, avg elec cons:0.7036337673476659
 Retrying in 1 seconds
Warning: Unused states in tlLogic 'J10', program '0' in phase 0 after tl-index 10
Simulation......
交通灯最大奖励:0.5, 交通灯最小奖励:-2.0
总奖励:-10060.02882581555, 速度奖励:-7363.973604649732, 加速度奖励:-2008.0552211656025, 交通灯奖励:515.0, 与前车进行交互的惩罚:-1203.0
Episode:14/100, Reward:-10060.02882581555
Episode:14/100, avg speed:11.39123357319107
Episode:14/100, avg halt num:0.14576936199249402
Episode:14/100, avg elec cons:0.8856053506063957
 Retrying in 1 seconds
Warning: Unused states in tlLogic 'J10', program '0' in phase 0 after tl-index 10
Simulation......
交通灯最大奖励:0.5, 交通灯最小奖励:-2.0
总奖励:-13149.570590130666, 速度奖励:-8567.811350799635, 加速度奖励:-2361.2592393304208, 交通灯奖励:-489.5, 与前车进行交互的惩罚:-1731.0
Episode:15/100, Reward:-13149.570590130666
Episode:15/100, avg speed:11.273730823989151
Episode:15/100, avg halt num:0.20027726432532347
Episode:15/100, avg elec cons:0.9373585300447279
 Retrying in 1 seconds
Warning: Unused states in tlLogic 'J10', program '0' in phase 0 after tl-index 10
Simulation......
交通灯最大奖励:0.5, 交通灯最小奖励:-2.0
总奖励:-23170.488049974523, 速度奖励:-11847.324305800223, 加速度奖励:-4227.163744175453, 交通灯奖励:-4724.0, 与前车进行交互的惩罚:-2372.0
Episode:16/100, Reward:-23170.488049974523
Episode:16/100, avg speed:8.146291294814311
Episode:16/100, avg halt num:0.2173163159710245
Episode:16/100, avg elec cons:0.780552023868686
 Retrying in 1 seconds
Warning: Unused states in tlLogic 'J10', program '0' in phase 0 after tl-index 10
Simulation......
交通灯最大奖励:0.5, 交通灯最小奖励:-2.0
总奖励:-64321.5616072937, 速度奖励:-24199.081085599148, 加速度奖励:-11084.980521691019, 交通灯奖励:-22939.5, 与前车进行交互的惩罚:-6098.0
Episode:17/100, Reward:-64321.5616072937
Episode:17/100, avg speed:7.141697993954309
Episode:17/100, avg halt num:0.3939180737961226
Episode:17/100, avg elec cons:0.631896136425294
 Retrying in 1 seconds
Warning: Unused states in tlLogic 'J10', program '0' in phase 0 after tl-index 10
Simulation......
交通灯最大奖励:0.5, 交通灯最小奖励:-2.0
总奖励:-25005.741678048686, 速度奖励:-12024.412932050234, 加速度奖励:-4236.828745999323, 交通灯奖励:-6159.5, 与前车进行交互的惩罚:-2585.0
Episode:18/100, Reward:-25005.741678048686
Episode:18/100, avg speed:8.079920211974862
Episode:18/100, avg halt num:0.24265569917743832
Episode:18/100, avg elec cons:1.021345496948567
 Retrying in 1 seconds
Warning: Unused states in tlLogic 'J10', program '0' in phase 0 after tl-index 10
Simulation......
交通灯最大奖励:0.5, 交通灯最小奖励:-2.0
总奖励:-9262.209301945612, 速度奖励:-5579.3509074499225, 加速度奖励:-1829.3583944956513, 交通灯奖励:-219.5, 与前车进行交互的惩罚:-1634.0
Episode:19/100, Reward:-9262.209301945612
Episode:19/100, avg speed:12.660571378503192
Episode:19/100, avg halt num:0.05816034359341446
Episode:19/100, avg elec cons:1.8223327822265967
 Retrying in 1 seconds
Warning: Unused states in tlLogic 'J10', program '0' in phase 0 after tl-index 10
Simulation......
交通灯最大奖励:0.5, 交通灯最小奖励:-2.0
总奖励:-2897.6569759824206, 速度奖励:-2960.6622936500653, 加速度奖励:-1271.4946823323635, 交通灯奖励:1896.5, 与前车进行交互的惩罚:-562.0
Episode:20/100, Reward:-2897.6569759824206
Episode:20/100, avg speed:14.899633910442965
Episode:20/100, avg halt num:0.08254317643074839
Episode:20/100, avg elec cons:2.2996733578030204
 Retrying in 1 seconds
Warning: Unused states in tlLogic 'J10', program '0' in phase 0 after tl-index 10
Simulation......
交通灯最大奖励:0.5, 交通灯最小奖励:-2.0
总奖励:-3438.761069944673, 速度奖励:-3192.846512150083, 加速度奖励:-1318.414557794601, 交通灯奖励:1625.5, 与前车进行交互的惩罚:-553.0
Episode:21/100, Reward:-3438.761069944673
Episode:21/100, avg speed:14.43314622608927
Episode:21/100, avg halt num:0.12859922178988326
Episode:21/100, avg elec cons:2.6894770399592347
 Retrying in 1 seconds
Warning: Unused states in tlLogic 'J10', program '0' in phase 0 after tl-index 10
Simulation......
交通灯最大奖励:0.5, 交通灯最小奖励:-2.0
总奖励:-8416.602702164215, 速度奖励:-2885.6014488001124, 加速度奖励:-1297.001253364483, 交通灯奖励:-2523.0, 与前车进行交互的惩罚:-1711.0
Episode:22/100, Reward:-8416.602702164215
Episode:22/100, avg speed:15.021446726343742
Episode:22/100, avg halt num:0.21481411229135053
Episode:22/100, avg elec cons:2.5341709331228452
 Retrying in 1 seconds
Warning: Unused states in tlLogic 'J10', program '0' in phase 0 after tl-index 10
Simulation......
交通灯最大奖励:0.5, 交通灯最小奖励:-2.0
总奖励:-6321.8679461804795, 速度奖励:-3055.756984450064, 加速度奖励:-1348.6109617305647, 交通灯奖励:-465.5, 与前车进行交互的惩罚:-1452.0
Episode:23/100, Reward:-6321.8679461804795
Episode:23/100, avg speed:14.676581797213556
Episode:23/100, avg halt num:0.08617200674536256
Episode:23/100, avg elec cons:1.9150760963561737
 Retrying in 1 seconds
Warning: Unused states in tlLogic 'J10', program '0' in phase 0 after tl-index 10
Simulation......
交通灯最大奖励:0.5, 交通灯最小奖励:-2.0
总奖励:-6389.171032751535, 速度奖励:-5673.582676199895, 加速度奖励:-1831.5883565516733, 交通灯奖励:2178.0, 与前车进行交互的惩罚:-1062.0
Episode:24/100, Reward:-6389.171032751535
Episode:24/100, avg speed:12.1624893095273
Episode:24/100, avg halt num:0.12664738026358086
Episode:24/100, avg elec cons:1.049019094486413
 Retrying in 1 seconds
Warning: Unused states in tlLogic 'J10', program '0' in phase 0 after tl-index 10
Simulation......
交通灯最大奖励:0.5, 交通灯最小奖励:-2.0
总奖励:-3429.7283416587616, 速度奖励:-3349.235245800021, 加速度奖励:-1512.9930958587518, 交通灯奖励:2518.5, 与前车进行交互的惩罚:-1086.0
Episode:25/100, Reward:-3429.7283416587616
Episode:25/100, avg speed:14.153615204479388
Episode:25/100, avg halt num:0.01325565687267815
Episode:25/100, avg elec cons:1.6994456134498948
 Retrying in 1 seconds
Warning: Unused states in tlLogic 'J10', program '0' in phase 0 after tl-index 10
Simulation......
交通灯最大奖励:0.5, 交通灯最小奖励:-2.0
总奖励:-5655.15027736273, 速度奖励:-4918.130904899945, 加速度奖励:-1726.0193724628227, 交通灯奖励:2392.0, 与前车进行交互的惩罚:-1403.0
Episode:26/100, Reward:-5655.15027736273
Episode:26/100, avg speed:12.497897307403449
Episode:26/100, avg halt num:0.09264330047462578
Episode:26/100, avg elec cons:1.4494740793988925
 Retrying in 1 seconds
Warning: Unused states in tlLogic 'J10', program '0' in phase 0 after tl-index 10
Simulation......
交通灯最大奖励:0.5, 交通灯最小奖励:-2.0
总奖励:-13672.488400231214, 速度奖励:-9163.907446149708, 加速度奖励:-2510.5809540811497, 交通灯奖励:-132.0, 与前车进行交互的惩罚:-1866.0
Episode:27/100, Reward:-13672.488400231214
Episode:27/100, avg speed:9.912493871046097
Episode:27/100, avg halt num:0.18388851121685929
Episode:27/100, avg elec cons:0.7646180544105052
 Retrying in 1 seconds
Warning: Unused states in tlLogic 'J10', program '0' in phase 0 after tl-index 10
Simulation......
交通灯最大奖励:0.5, 交通灯最小奖励:-2.0
总奖励:-7473.863296148219, 速度奖励:-5569.809158799968, 加速度奖励:-2273.554137348249, 交通灯奖励:2130.5, 与前车进行交互的惩罚:-1761.0
Episode:28/100, Reward:-7473.863296148219
Episode:28/100, avg speed:10.867613239533473
Episode:28/100, avg halt num:0.025432050274941085
Episode:28/100, avg elec cons:1.6543207752531548
 Retrying in 1 seconds
Warning: Unused states in tlLogic 'J10', program '0' in phase 0 after tl-index 10
Simulation......
交通灯最大奖励:0.5, 交通灯最小奖励:-2.0
总奖励:-2573.3514417170913, 速度奖励:-4029.9431614500227, 加速度奖励:-1747.4082802670755, 交通灯奖励:4066.0, 与前车进行交互的惩罚:-862.0
Episode:29/100, Reward:-2573.3514417170913
Episode:29/100, avg speed:12.474116103512918
Episode:29/100, avg halt num:0.006717289719626168
Episode:29/100, avg elec cons:1.5738742311298188
 Retrying in 1 seconds
Warning: Unused states in tlLogic 'J10', program '0' in phase 0 after tl-index 10
Simulation......
交通灯最大奖励:0.5, 交通灯最小奖励:-2.0
总奖励:-4223.519977731535, 速度奖励:-4766.079591799993, 加速度奖励:-1964.440385931517, 交通灯奖励:3437.0, 与前车进行交互的惩罚:-930.0
Episode:30/100, Reward:-4223.519977731535
Episode:30/100, avg speed:12.465998182835452
Episode:30/100, avg halt num:0.007167235494880546
Episode:30/100, avg elec cons:1.1682245929072625
 Retrying in 1 seconds
Warning: Unused states in tlLogic 'J10', program '0' in phase 0 after tl-index 10
Simulation......
交通灯最大奖励:0.5, 交通灯最小奖励:-2.0
总奖励:-2715.6951354118323, 速度奖励:-3769.0757861000025, 加速度奖励:-1700.6193493118096, 交通灯奖励:3504.0, 与前车进行交互的惩罚:-750.0
Episode:31/100, Reward:-2715.6951354118323
Episode:31/100, avg speed:13.398898706767527
Episode:31/100, avg halt num:0.009070095103909827
Episode:31/100, avg elec cons:1.5932209385033713
 Retrying in 1 seconds
Warning: Unused states in tlLogic 'J10', program '0' in phase 0 after tl-index 10
Simulation......
交通灯最大奖励:0.5, 交通灯最小奖励:-2.0
总奖励:-25968.608308489984, 速度奖励:-14901.733926650615, 加速度奖励:-3469.8743818417647, 交通灯奖励:-3717.0, 与前车进行交互的惩罚:-3880.0
Episode:32/100, Reward:-25968.608308489984
Episode:32/100, avg speed:8.390260498134715
Episode:32/100, avg halt num:0.563641245972073
Episode:32/100, avg elec cons:0.6211175725382855
 Retrying in 1 seconds
Warning: Unused states in tlLogic 'J10', program '0' in phase 0 after tl-index 10
Simulation......
交通灯最大奖励:0.5, 交通灯最小奖励:-2.0
总奖励:-40591.10341763028, 速度奖励:-17464.109137350242, 加速度奖励:-6679.994280279129, 交通灯奖励:-12603.0, 与前车进行交互的惩罚:-3844.0
Episode:33/100, Reward:-40591.10341763028
Episode:33/100, avg speed:8.00808375680685
Episode:33/100, avg halt num:0.33538338658146966
Episode:33/100, avg elec cons:0.6099554579660713
 Retrying in 1 seconds
Warning: Unused states in tlLogic 'J10', program '0' in phase 0 after tl-index 10
Simulation......
交通灯最大奖励:0.5, 交通灯最小奖励:-2.0
总奖励:-4360.792129980678, 速度奖励:-5201.228095449928, 加速度奖励:-1781.0640345306617, 交通灯奖励:3718.5, 与前车进行交互的惩罚:-1097.0
Episode:34/100, Reward:-4360.792129980678
Episode:34/100, avg speed:12.233934634076551
Episode:34/100, avg halt num:0.04779411764705882
Episode:34/100, avg elec cons:0.9313030028229382
 Retrying in 1 seconds
Warning: Unused states in tlLogic 'J10', program '0' in phase 0 after tl-index 10
Simulation......
交通灯最大奖励:0.5, 交通灯最小奖励:-2.0
总奖励:-12492.572662412767, 速度奖励:-8726.238050199738, 加速度奖励:-2332.834612212537, 交通灯奖励:689.5, 与前车进行交互的惩罚:-2123.0
Episode:35/100, Reward:-12492.572662412767
Episode:35/100, avg speed:11.195496267045618
Episode:35/100, avg halt num:0.1987561317449194
Episode:35/100, avg elec cons:0.7443182248773577
 Retrying in 1 seconds
Warning: Unused states in tlLogic 'J10', program '0' in phase 0 after tl-index 10
Simulation......
交通灯最大奖励:0.5, 交通灯最小奖励:-2.0
总奖励:-12590.689740876693, 速度奖励:-8660.844649349683, 加速度奖励:-2455.8450915265075, 交通灯奖励:148.0, 与前车进行交互的惩罚:-1622.0
Episode:36/100, Reward:-12590.689740876693
Episode:36/100, avg speed:10.272309051242697
Episode:36/100, avg halt num:0.130859375
Episode:36/100, avg elec cons:0.8667244354205696
 Retrying in 1 seconds
Warning: Unused states in tlLogic 'J10', program '0' in phase 0 after tl-index 10
Simulation......
交通灯最大奖励:0.5, 交通灯最小奖励:-2.0
总奖励:-6684.7158503673645, 速度奖励:-6167.507416549947, 加速度奖励:-1885.7084338173504, 交通灯奖励:2461.5, 与前车进行交互的惩罚:-1093.0
Episode:37/100, Reward:-6684.7158503673645
Episode:37/100, avg speed:11.011439491799239
Episode:37/100, avg halt num:0.024700289375775113
Episode:37/100, avg elec cons:1.3860497480601266
 Retrying in 1 seconds
Warning: Unused states in tlLogic 'J10', program '0' in phase 0 after tl-index 10
Simulation......
交通灯最大奖励:0.5, 交通灯最小奖励:-2.0
总奖励:-2832.7444301184905, 速度奖励:-4233.087749000015, 加速度奖励:-1507.1566811184587, 交通灯奖励:3656.5, 与前车进行交互的惩罚:-749.0
Episode:38/100, Reward:-2832.7444301184905
Episode:38/100, avg speed:12.76303751866858
Episode:38/100, avg halt num:0.01274065685164213
Episode:38/100, avg elec cons:1.4651614155792334
 Retrying in 1 seconds
Warning: Unused states in tlLogic 'J10', program '0' in phase 0 after tl-index 10
Simulation......
交通灯最大奖励:0.5, 交通灯最小奖励:-2.0
总奖励:-6364.531168688697, 速度奖励:-5839.0220919997555, 加速度奖励:-2127.009076688911, 交通灯奖励:3016.5, 与前车进行交互的惩罚:-1415.0
Episode:39/100, Reward:-6364.531168688697
Episode:39/100, avg speed:11.962125421095081
Episode:39/100, avg halt num:0.09727427597955707
Episode:39/100, avg elec cons:1.0860776430584573
 Retrying in 1 seconds
Warning: Unused states in tlLogic 'J10', program '0' in phase 0 after tl-index 10
Simulation......
交通灯最大奖励:0.5, 交通灯最小奖励:-2.0
总奖励:-16778.693237283635, 速度奖励:-6709.772481749848, 加速度奖励:-2333.9207555334065, 交通灯奖励:-4504.0, 与前车进行交互的惩罚:-3231.0
Episode:40/100, Reward:-16778.693237283635
Episode:40/100, avg speed:11.95036915652692
Episode:40/100, avg halt num:0.20853242320819113
Episode:40/100, avg elec cons:1.4921497414122864
 Retrying in 1 seconds
Warning: Unused states in tlLogic 'J10', program '0' in phase 0 after tl-index 10
Simulation......
交通灯最大奖励:0.5, 交通灯最小奖励:-2.0
总奖励:-29380.97313171611, 速度奖励:-12462.437217500144, 加速度奖励:-4047.535914217216, 交通灯奖励:-10064.0, 与前车进行交互的惩罚:-2807.0
Episode:41/100, Reward:-29380.97313171611
Episode:41/100, avg speed:9.44461658850536
Episode:41/100, avg halt num:0.22997138769670958
Episode:41/100, avg elec cons:0.7985750363421075
 Retrying in 1 seconds
Warning: Unused states in tlLogic 'J10', program '0' in phase 0 after tl-index 10
Simulation......
交通灯最大奖励:0.5, 交通灯最小奖励:-2.0
总奖励:-2534.9085020140787, 速度奖励:-3301.9749177000076, 加速度奖励:-1595.433584314049, 交通灯奖励:2932.5, 与前车进行交互的惩罚:-570.0
Episode:42/100, Reward:-2534.9085020140787
Episode:42/100, avg speed:13.781942107101145
Episode:42/100, avg halt num:0.01493680582152432
Episode:42/100, avg elec cons:2.4133288029685405
 Retrying in 1 seconds
Warning: Unused states in tlLogic 'J10', program '0' in phase 0 after tl-index 10
Simulation......
交通灯最大奖励:0.5, 交通灯最小奖励:-2.0
总奖励:-3185.711716481143, 速度奖励:-2832.7902232500437, 加速度奖励:-1447.4214932310974, 交通灯奖励:2165.5, 与前车进行交互的惩罚:-1071.0
Episode:43/100, Reward:-3185.711716481143
Episode:43/100, avg speed:14.114784366996872
Episode:43/100, avg halt num:0.044440093970242754
Episode:43/100, avg elec cons:2.2376677075737113
 Retrying in 1 seconds
Warning: Unused states in tlLogic 'J10', program '0' in phase 0 after tl-index 10
Simulation......
交通灯最大奖励:0.5, 交通灯最小奖励:-2.0
总奖励:-3325.6025153180644, 速度奖励:-3045.277869950047, 加速度奖励:-1415.324645368018, 交通灯奖励:1934.0, 与前车进行交互的惩罚:-799.0
Episode:44/100, Reward:-3325.6025153180644
Episode:44/100, avg speed:14.304389805459019
Episode:44/100, avg halt num:0.061047583917373666
Episode:44/100, avg elec cons:2.011854528777327
 Retrying in 1 seconds
Warning: Unused states in tlLogic 'J10', program '0' in phase 0 after tl-index 10
Simulation......
交通灯最大奖励:0.5, 交通灯最小奖励:-2.0
总奖励:-3796.0530447874867, 速度奖励:-4288.487572700027, 加速度奖励:-1646.065472087427, 交通灯奖励:3040.5, 与前车进行交互的惩罚:-902.0
Episode:45/100, Reward:-3796.0530447874867
Episode:45/100, avg speed:12.641609934173811
Episode:45/100, avg halt num:0.05347644376899696
Episode:45/100, avg elec cons:1.4084237237484944
 Retrying in 1 seconds
Warning: Unused states in tlLogic 'J10', program '0' in phase 0 after tl-index 10
Simulation......
交通灯最大奖励:0.5, 交通灯最小奖励:-2.0
总奖励:-7303.645837079749, 速度奖励:-6355.57620749991, 加速度奖励:-2075.069629579784, 交通灯奖励:2378.0, 与前车进行交互的惩罚:-1251.0
Episode:46/100, Reward:-7303.645837079749
Episode:46/100, avg speed:12.342760642160112
Episode:46/100, avg halt num:0.07249190938511327
Episode:46/100, avg elec cons:0.9135368733348982
 Retrying in 1 seconds
Warning: Unused states in tlLogic 'J10', program '0' in phase 0 after tl-index 10
Simulation......
交通灯最大奖励:0.5, 交通灯最小奖励:-2.0
总奖励:-8469.573157768227, 速度奖励:-7101.70727609982, 加速度奖励:-2530.365881668516, 交通灯奖励:2519.5, 与前车进行交互的惩罚:-1357.0
Episode:47/100, Reward:-8469.573157768227
Episode:47/100, avg speed:11.332820697721491
Episode:47/100, avg halt num:0.13608072425499812
Episode:47/100, avg elec cons:1.0319762894247306
 Retrying in 1 seconds
Warning: Unused states in tlLogic 'J10', program '0' in phase 0 after tl-index 10
Simulation......
交通灯最大奖励:0.5, 交通灯最小奖励:-2.0
总奖励:-4180.51454125827, 速度奖励:-4247.932831450008, 加速度奖励:-1899.0817098082532, 交通灯奖励:2572.5, 与前车进行交互的惩罚:-606.0
Episode:48/100, Reward:-4180.51454125827
Episode:48/100, avg speed:12.889408185684287
Episode:48/100, avg halt num:0.02417519908987486
Episode:48/100, avg elec cons:1.4804521949663871
 Retrying in 1 seconds
Warning: Unused states in tlLogic 'J10', program '0' in phase 0 after tl-index 10
Simulation......
交通灯最大奖励:0.5, 交通灯最小奖励:-2.0
总奖励:-2810.18889188315, 速度奖励:-3599.698275500012, 加速度奖励:-1659.9906163831363, 交通灯奖励:2858.5, 与前车进行交互的惩罚:-409.0
Episode:49/100, Reward:-2810.18889188315
Episode:49/100, avg speed:14.032325807352741
Episode:49/100, avg halt num:0.010853066180935034
Episode:49/100, avg elec cons:1.312773075350475
 Retrying in 1 seconds
Warning: Unused states in tlLogic 'J10', program '0' in phase 0 after tl-index 10
Simulation......
交通灯最大奖励:0.5, 交通灯最小奖励:-2.0
总奖励:-13172.395032642655, 速度奖励:-6999.074175899708, 加速度奖励:-2534.820856742488, 交通灯奖励:-1142.5, 与前车进行交互的惩罚:-2496.0
Episode:50/100, Reward:-13172.395032642655
Episode:50/100, avg speed:11.1751821113857
Episode:50/100, avg halt num:0.11811546118115461
Episode:50/100, avg elec cons:1.0656613213534603
 Retrying in 1 seconds
Warning: Unused states in tlLogic 'J10', program '0' in phase 0 after tl-index 10
Simulation......
交通灯最大奖励:0.5, 交通灯最小奖励:-2.0
总奖励:-12493.391981402337, 速度奖励:-7995.9637611996895, 加速度奖励:-2247.9282202022646, 交通灯奖励:-352.5, 与前车进行交互的惩罚:-1897.0
Episode:51/100, Reward:-12493.391981402337
Episode:51/100, avg speed:11.3191559396117
Episode:51/100, avg halt num:0.16422955974842768
Episode:51/100, avg elec cons:0.6344737041875329
 Retrying in 1 seconds
Warning: Unused states in tlLogic 'J10', program '0' in phase 0 after tl-index 10
Simulation......
交通灯最大奖励:0.5, 交通灯最小奖励:-2.0
总奖励:-14282.562964803412, 速度奖励:-9425.23811669973, 加速度奖励:-2752.824848103223, 交通灯奖励:118.5, 与前车进行交互的惩罚:-2223.0
Episode:52/100, Reward:-14282.562964803412
Episode:52/100, avg speed:10.073826444289942
Episode:52/100, avg halt num:0.23917287894923678
Episode:52/100, avg elec cons:0.79762582047486
 Retrying in 1 seconds
Warning: Unused states in tlLogic 'J10', program '0' in phase 0 after tl-index 10
Simulation......
交通灯最大奖励:0.5, 交通灯最小奖励:-2.0
总奖励:-30018.785871808297, 速度奖励:-10298.260560050183, 加速度奖励:-4282.025311759858, 交通灯奖励:-11611.5, 与前车进行交互的惩罚:-3827.0
Episode:53/100, Reward:-30018.785871808297
Episode:53/100, avg speed:10.648075428075222
Episode:53/100, avg halt num:0.2460649698593436
Episode:53/100, avg elec cons:1.444629891663069
 Retrying in 1 seconds
Warning: Unused states in tlLogic 'J10', program '0' in phase 0 after tl-index 10
Simulation......
交通灯最大奖励:0.5, 交通灯最小奖励:-2.0
总奖励:-7131.888173025299, 速度奖励:-3143.565488300098, 加速度奖励:-1380.8226847255553, 交通灯奖励:-1703.5, 与前车进行交互的惩罚:-904.0
Episode:54/100, Reward:-7131.888173025299
Episode:54/100, avg speed:14.480886740136825
Episode:54/100, avg halt num:0.1599083215796897
Episode:54/100, avg elec cons:2.03231992503781
 Retrying in 1 seconds
Warning: Unused states in tlLogic 'J10', program '0' in phase 0 after tl-index 10
Simulation......
交通灯最大奖励:0.5, 交通灯最小奖励:-2.0
总奖励:-4136.95593717739, 速度奖励:-2997.8710611000815, 加速度奖励:-1397.5848760773258, 交通灯奖励:818.5, 与前车进行交互的惩罚:-560.0
Episode:55/100, Reward:-4136.95593717739
Episode:55/100, avg speed:13.86829438452039
Episode:55/100, avg halt num:0.1369360902255639
Episode:55/100, avg elec cons:2.312008537479374
 Retrying in 1 seconds
Warning: Unused states in tlLogic 'J10', program '0' in phase 0 after tl-index 10
Simulation......
交通灯最大奖励:0.5, 交通灯最小奖励:-2.0
总奖励:-27416.349846923356, 速度奖励:-15173.82964815099, 加速度奖励:-2986.020198776225, 交通灯奖励:-5034.5, 与前车进行交互的惩罚:-4222.0
Episode:56/100, Reward:-27416.349846923356
Episode:56/100, avg speed:8.813923025915193
Episode:56/100, avg halt num:0.6608999641448547
Episode:56/100, avg elec cons:0.7146377924242113
 Retrying in 1 seconds
Warning: Unused states in tlLogic 'J10', program '0' in phase 0 after tl-index 10
Simulation......
交通灯最大奖励:0.5, 交通灯最小奖励:-2.0
总奖励:-12984.782955653893, 速度奖励:-9447.779629449626, 加速度奖励:-2354.0033262037423, 交通灯奖励:1040.0, 与前车进行交互的惩罚:-2223.0
Episode:57/100, Reward:-12984.782955653893
Episode:57/100, avg speed:9.427326286522202
Episode:57/100, avg halt num:0.32753419147224455
Episode:57/100, avg elec cons:0.8882239379545359
 Retrying in 1 seconds
Warning: Unused states in tlLogic 'J10', program '0' in phase 0 after tl-index 10
Simulation......
交通灯最大奖励:0.5, 交通灯最小奖励:-2.0
总奖励:-3895.643978323519, 速度奖励:-4949.030068399952, 加速度奖励:-1710.1139099234936, 交通灯奖励:4108.5, 与前车进行交互的惩罚:-1345.0
Episode:58/100, Reward:-3895.643978323519
Episode:58/100, avg speed:11.828908447121103
Episode:58/100, avg halt num:0.05331893165750196
Episode:58/100, avg elec cons:1.3041723766891586
 Retrying in 1 seconds
Warning: Unused states in tlLogic 'J10', program '0' in phase 0 after tl-index 10
Simulation......
交通灯最大奖励:0.5, 交通灯最小奖励:-2.0
总奖励:-6566.856677607255, 速度奖励:-6137.12827934991, 加速度奖励:-1880.2283982573258, 交通灯奖励:3271.5, 与前车进行交互的惩罚:-1821.0
Episode:59/100, Reward:-6566.856677607255
Episode:59/100, avg speed:11.79452277544023
Episode:59/100, avg halt num:0.10588569265707796
Episode:59/100, avg elec cons:1.1174052926476583
 Retrying in 1 seconds
Warning: Unused states in tlLogic 'J10', program '0' in phase 0 after tl-index 10
Simulation......
交通灯最大奖励:0.5, 交通灯最小奖励:-2.0
总奖励:-2005.9438787971235, 速度奖励:-2920.44747995003, 加速度奖励:-1219.9963988471081, 交通灯奖励:2614.5, 与前车进行交互的惩罚:-480.0
Episode:60/100, Reward:-2005.9438787971235
Episode:60/100, avg speed:14.532606351192698
Episode:60/100, avg halt num:0.017373872368860673
Episode:60/100, avg elec cons:2.2136084155539613
 Retrying in 1 seconds
Warning: Unused states in tlLogic 'J10', program '0' in phase 0 after tl-index 10
Simulation......
交通灯最大奖励:0.5, 交通灯最小奖励:-2.0
总奖励:-5551.300154676538, 速度奖励:-2993.2064186500943, 加速度奖励:-1145.0937360267194, 交通灯奖励:-149.0, 与前车进行交互的惩罚:-1264.0
Episode:61/100, Reward:-5551.300154676538
Episode:61/100, avg speed:14.489163075774233
Episode:61/100, avg halt num:0.20541338582677166
Episode:61/100, avg elec cons:2.5121978505099536
 Retrying in 1 seconds
Warning: Unused states in tlLogic 'J10', program '0' in phase 0 after tl-index 10
Simulation......
交通灯最大奖励:0.5, 交通灯最小奖励:-2.0
总奖励:-3064.9109384889125, 速度奖励:-2790.9547445000426, 加速度奖励:-1235.4561939888554, 交通灯奖励:1610.5, 与前车进行交互的惩罚:-649.0
Episode:62/100, Reward:-3064.9109384889125
Episode:62/100, avg speed:14.64346842997001
Episode:62/100, avg halt num:0.08852173913043478
Episode:62/100, avg elec cons:2.269291009068608
 Retrying in 1 seconds
Warning: Unused states in tlLogic 'J10', program '0' in phase 0 after tl-index 10
Simulation......
交通灯最大奖励:0.5, 交通灯最小奖励:-2.0
总奖励:-13274.83633220261, 速度奖励:-7420.944637099747, 加速度奖励:-2590.891695102413, 交通灯奖励:-641.0, 与前车进行交互的惩罚:-2622.0
Episode:63/100, Reward:-13274.83633220261
Episode:63/100, avg speed:11.610975623517074
Episode:63/100, avg halt num:0.10968475788105297
Episode:63/100, avg elec cons:1.4340899437599135
 Retrying in 1 seconds
Warning: Unused states in tlLogic 'J10', program '0' in phase 0 after tl-index 10
Simulation......
交通灯最大奖励:0.5, 交通灯最小奖励:-2.0
总奖励:-4226.407964263681, 速度奖励:-4022.261237150022, 加速度奖励:-1789.646727113641, 交通灯奖励:3037.5, 与前车进行交互的惩罚:-1452.0
Episode:64/100, Reward:-4226.407964263681
Episode:64/100, avg speed:13.088908465408629
Episode:64/100, avg halt num:0.0029728725380899295
Episode:64/100, avg elec cons:2.438858721670387
 Retrying in 1 seconds
Warning: Unused states in tlLogic 'J10', program '0' in phase 0 after tl-index 10
Simulation......
交通灯最大奖励:0.5, 交通灯最小奖励:-2.0
总奖励:-1767.3869794449915, 速度奖励:-3033.2369677000174, 加速度奖励:-1529.6500117449636, 交通灯奖励:3213.5, 与前车进行交互的惩罚:-418.0
Episode:65/100, Reward:-1767.3869794449915
Episode:65/100, avg speed:14.296869863943032
Episode:65/100, avg halt num:0.014183123877917415
Episode:65/100, avg elec cons:2.343509370478232
 Retrying in 1 seconds
Warning: Unused states in tlLogic 'J10', program '0' in phase 0 after tl-index 10
Simulation......
交通灯最大奖励:0.5, 交通灯最小奖励:-2.0
总奖励:-4108.538297127588, 速度奖励:-3193.837013700058, 加速度奖励:-1375.2012834275356, 交通灯奖励:824.5, 与前车进行交互的惩罚:-364.0
Episode:66/100, Reward:-4108.538297127588
Episode:66/100, avg speed:14.849811897430794
Episode:66/100, avg halt num:0.05792287751134154
Episode:66/100, avg elec cons:1.9924487408186644
 Retrying in 1 seconds
Warning: Unused states in tlLogic 'J10', program '0' in phase 0 after tl-index 10
Simulation......
交通灯最大奖励:0.5, 交通灯最小奖励:-2.0
总奖励:-8768.388304669432, 速度奖励:-3196.7994004501074, 加速度奖励:-1405.588904219714, 交通灯奖励:-2884.0, 与前车进行交互的惩罚:-1282.0
Episode:67/100, Reward:-8768.388304669432
Episode:67/100, avg speed:15.2458573372771
Episode:67/100, avg halt num:0.1759656652360515
Episode:67/100, avg elec cons:2.1346840219373933
 Retrying in 1 seconds
Warning: Unused states in tlLogic 'J10', program '0' in phase 0 after tl-index 10
Simulation......
交通灯最大奖励:0.5, 交通灯最小奖励:-2.0
总奖励:-5443.436513701756, 速度奖励:-2952.7097090501043, 加速度奖励:-1225.7268046518604, 交通灯奖励:-780.0, 与前车进行交互的惩罚:-485.0
Episode:68/100, Reward:-5443.436513701756
Episode:68/100, avg speed:15.346740024169153
Episode:68/100, avg halt num:0.16437074829931972
Episode:68/100, avg elec cons:2.285193026070403
 Retrying in 1 seconds
Warning: Unused states in tlLogic 'J10', program '0' in phase 0 after tl-index 10
Simulation......
交通灯最大奖励:0.5, 交通灯最小奖励:-2.0
总奖励:-10033.788977921293, 速度奖励:-3036.327176400097, 加速度奖励:-1420.9618015213014, 交通灯奖励:-3524.5, 与前车进行交互的惩罚:-2052.0
Episode:69/100, Reward:-10033.788977921293
Episode:69/100, avg speed:15.192292753349362
Episode:69/100, avg halt num:0.18702889447236182
Episode:69/100, avg elec cons:2.023735464476235
 Retrying in 1 seconds
Warning: Unused states in tlLogic 'J10', program '0' in phase 0 after tl-index 10
Simulation......
交通灯最大奖励:0.5, 交通灯最小奖励:-2.0
总奖励:-8037.385391851294, 速度奖励:-2896.742312900121, 加速度奖励:-1371.6430789515703, 交通灯奖励:-2280.0, 与前车进行交互的惩罚:-1489.0
Episode:70/100, Reward:-8037.385391851294
Episode:70/100, avg speed:15.069382730580752
Episode:70/100, avg halt num:0.19264419961114712
Episode:70/100, avg elec cons:2.1029526590801804
 Retrying in 1 seconds
Warning: Unused states in tlLogic 'J10', program '0' in phase 0 after tl-index 10
Simulation......
交通灯最大奖励:0.5, 交通灯最小奖励:-2.0
总奖励:-6839.439230733311, 速度奖励:-2726.3487698501012, 加速度奖励:-1324.0904608836038, 交通灯奖励:-1687.0, 与前车进行交互的惩罚:-1102.0
Episode:71/100, Reward:-6839.439230733311
Episode:71/100, avg speed:15.75308525901994
Episode:71/100, avg halt num:0.1646990355836382
Episode:71/100, avg elec cons:2.166182599926723
 Retrying in 1 seconds
Warning: Unused states in tlLogic 'J10', program '0' in phase 0 after tl-index 10
Simulation......
交通灯最大奖励:0.5, 交通灯最小奖励:-2.0
总奖励:-4893.697997272558, 速度奖励:-3103.4994663501056, 加速度奖励:-1434.1985309226873, 交通灯奖励:389.0, 与前车进行交互的惩罚:-745.0
Episode:72/100, Reward:-4893.697997272558
Episode:72/100, avg speed:14.067268811824572
Episode:72/100, avg halt num:0.17455509276789094
Episode:72/100, avg elec cons:2.582298473677989
 Retrying in 1 seconds
Warning: Unused states in tlLogic 'J10', program '0' in phase 0 after tl-index 10
Simulation......
交通灯最大奖励:0.5, 交通灯最小奖励:-2.0
总奖励:-3571.0057400581773, 速度奖励:-2940.0083042500914, 加速度奖励:-1317.9974358080972, 交通灯奖励:1207.0, 与前车进行交互的惩罚:-520.0
Episode:73/100, Reward:-3571.0057400581773
Episode:73/100, avg speed:14.989034638613926
Episode:73/100, avg halt num:0.11853577871316898
Episode:73/100, avg elec cons:2.048368090809489
 Retrying in 1 seconds
Warning: Unused states in tlLogic 'J10', program '0' in phase 0 after tl-index 10
Simulation......
交通灯最大奖励:0.5, 交通灯最小奖励:-2.0
总奖励:-3302.785369096914, 速度奖励:-3033.4255092000794, 加速度奖励:-1385.3598598968365, 交通灯奖励:1794.0, 与前车进行交互的惩罚:-678.0
Episode:74/100, Reward:-3302.785369096914
Episode:74/100, avg speed:14.813550252715267
Episode:74/100, avg halt num:0.10875355113636363
Episode:74/100, avg elec cons:2.3858181479275213
 Retrying in 1 seconds
Warning: Unused states in tlLogic 'J10', program '0' in phase 0 after tl-index 10
Simulation......
交通灯最大奖励:0.5, 交通灯最小奖励:-2.0
总奖励:-5452.7683394029345, 速度奖励:-2986.6612089500845, 加速度奖励:-1360.1071304530394, 交通灯奖励:222.0, 与前车进行交互的惩罚:-1328.0
Episode:75/100, Reward:-5452.7683394029345
Episode:75/100, avg speed:15.136443982475942
Episode:75/100, avg halt num:0.13818424566088117
Episode:75/100, avg elec cons:1.854783207463341
 Retrying in 1 seconds
Warning: Unused states in tlLogic 'J10', program '0' in phase 0 after tl-index 10
Simulation......
交通灯最大奖励:0.5, 交通灯最小奖励:-2.0
总奖励:-4923.094397796617, 速度奖励:-2437.6144309500855, 加速度奖励:-1129.9799668466715, 交通灯奖励:-182.5, 与前车进行交互的惩罚:-1173.0
Episode:76/100, Reward:-4923.094397796617
Episode:76/100, avg speed:15.28099326221267
Episode:76/100, avg halt num:0.1613295500608026
Episode:76/100, avg elec cons:2.5236313495793814
 Retrying in 1 seconds
Warning: Unused states in tlLogic 'J10', program '0' in phase 0 after tl-index 10
Simulation......
交通灯最大奖励:0.5, 交通灯最小奖励:-2.0
总奖励:-8589.149132558143, 速度奖励:-3345.984505200085, 加速度奖励:-1390.1646273583463, 交通灯奖励:-1818.0, 与前车进行交互的惩罚:-2035.0
Episode:77/100, Reward:-8589.149132558143
Episode:77/100, avg speed:14.589050059343888
Episode:77/100, avg halt num:0.2312797147385103
Episode:77/100, avg elec cons:2.6451734273652328
 Retrying in 1 seconds
Warning: Unused states in tlLogic 'J10', program '0' in phase 0 after tl-index 10
Simulation......
交通灯最大奖励:0.5, 交通灯最小奖励:-2.0
总奖励:-2179.3068035198835, 速度奖励:-2861.14472770005, 加速度奖励:-1292.1620758198287, 交通灯奖励:2380.0, 与前车进行交互的惩罚:-406.0
Episode:78/100, Reward:-2179.3068035198835
Episode:78/100, avg speed:14.122194179097463
Episode:78/100, avg halt num:0.08950980392156863
Episode:78/100, avg elec cons:2.796307920367075
 Retrying in 1 seconds
Warning: Unused states in tlLogic 'J10', program '0' in phase 0 after tl-index 10
Simulation......
交通灯最大奖励:0.5, 交通灯最小奖励:-2.0
总奖励:-4387.298196057199, 速度奖励:-3519.9292700000574, 加速度奖励:-1496.3689260572228, 交通灯奖励:1475.0, 与前车进行交互的惩罚:-846.0
Episode:79/100, Reward:-4387.298196057199
Episode:79/100, avg speed:13.311886207947742
Episode:79/100, avg halt num:0.08047417116422513
Episode:79/100, avg elec cons:2.3870403371379862
 Retrying in 1 seconds
Warning: Unused states in tlLogic 'J10', program '0' in phase 0 after tl-index 10
Simulation......
交通灯最大奖励:0.5, 交通灯最小奖励:-2.0
总奖励:-1917.5965316250388, 速度奖励:-2771.776035250023, 加速度奖励:-1156.3204963750115, 交通灯奖励:2666.5, 与前车进行交互的惩罚:-656.0
Episode:80/100, Reward:-1917.5965316250388
Episode:80/100, avg speed:14.170482864256561
Episode:80/100, avg halt num:0.028688524590163935
Episode:80/100, avg elec cons:1.7379136775529884
 Retrying in 1 seconds
Warning: Unused states in tlLogic 'J10', program '0' in phase 0 after tl-index 10
Simulation......
交通灯最大奖励:0.5, 交通灯最小奖励:-2.0
总奖励:-4290.42805347892, 速度奖励:-4893.92065809994, 加速度奖励:-1722.0073953789122, 交通灯奖励:3535.5, 与前车进行交互的惩罚:-1210.0
Episode:81/100, Reward:-4290.42805347892
Episode:81/100, avg speed:11.956001761745345
Episode:81/100, avg halt num:0.016043723554301833
Episode:81/100, avg elec cons:1.0744823376562822
 Retrying in 1 seconds
Warning: Unused states in tlLogic 'J10', program '0' in phase 0 after tl-index 10
Simulation......
交通灯最大奖励:0.5, 交通灯最小奖励:-2.0
总奖励:-22429.226221584926, 速度奖励:-13711.915484150582, 加速度奖励:-3228.310737436077, 交通灯奖励:-2730.0, 与前车进行交互的惩罚:-2759.0
Episode:82/100, Reward:-22429.226221584926
Episode:82/100, avg speed:8.275061325783252
Episode:82/100, avg halt num:0.47794655929721813
Episode:82/100, avg elec cons:0.5944465922088863
 Retrying in 1 seconds
Warning: Unused states in tlLogic 'J10', program '0' in phase 0 after tl-index 10
Simulation......
交通灯最大奖励:0.5, 交通灯最小奖励:-2.0
总奖励:-15889.789242660454, 速度奖励:-11118.230087149957, 加速度奖励:-2735.5591555102583, 交通灯奖励:40.0, 与前车进行交互的惩罚:-2076.0
Episode:83/100, Reward:-15889.789242660454
Episode:83/100, avg speed:9.697538657753514
Episode:83/100, avg halt num:0.28899235118057864
Episode:83/100, avg elec cons:0.6321172341035363
 Retrying in 1 seconds
Warning: Unused states in tlLogic 'J10', program '0' in phase 0 after tl-index 10
Simulation......
交通灯最大奖励:0.5, 交通灯最小奖励:-2.0
总奖励:-6934.543832653813, 速度奖励:-6383.720566549883, 加速度奖励:-2048.8232661039046, 交通灯奖励:2844.0, 与前车进行交互的惩罚:-1346.0
Episode:84/100, Reward:-6934.543832653813
Episode:84/100, avg speed:10.864432811974668
Episode:84/100, avg halt num:0.07867335133050521
Episode:84/100, avg elec cons:1.1654859735649195
 Retrying in 1 seconds
Warning: Unused states in tlLogic 'J10', program '0' in phase 0 after tl-index 10
Simulation......
交通灯最大奖励:0.5, 交通灯最小奖励:-2.0
总奖励:-9906.07998667855, 速度奖励:-8494.943090249639, 加速度奖励:-2583.636896428667, 交通灯奖励:2978.5, 与前车进行交互的惩罚:-1806.0
Episode:85/100, Reward:-9906.07998667855
Episode:85/100, avg speed:10.685305439822999
Episode:85/100, avg halt num:0.18462783171521036
Episode:85/100, avg elec cons:0.7221503079014728
 Retrying in 1 seconds
Warning: Unused states in tlLogic 'J10', program '0' in phase 0 after tl-index 10
Simulation......
交通灯最大奖励:0.5, 交通灯最小奖励:-2.0
总奖励:-22130.333896848766, 速度奖励:-11753.216337749973, 加速度奖励:-3893.617559099201, 交通灯奖励:-4032.5, 与前车进行交互的惩罚:-2451.0
Episode:86/100, Reward:-22130.333896848766
Episode:86/100, avg speed:9.38395401549273
Episode:86/100, avg halt num:0.2769055095632315
Episode:86/100, avg elec cons:0.843334783012278
 Retrying in 1 seconds
Warning: Unused states in tlLogic 'J10', program '0' in phase 0 after tl-index 10
Simulation......
交通灯最大奖励:0.5, 交通灯最小奖励:-2.0
总奖励:-52635.250536063984, 速度奖励:-19709.319783150106, 加速度奖励:-7808.430752913708, 交通灯奖励:-19963.5, 与前车进行交互的惩罚:-5154.0
Episode:87/100, Reward:-52635.250536063984
Episode:87/100, avg speed:6.811566768589289
Episode:87/100, avg halt num:0.374846876276031
Episode:87/100, avg elec cons:1.150540830733719
 Retrying in 1 seconds
Warning: Unused states in tlLogic 'J10', program '0' in phase 0 after tl-index 10
Simulation......
交通灯最大奖励:0.5, 交通灯最小奖励:-2.0
总奖励:-3785.365387922318, 速度奖励:-3496.439824500013, 加速度奖励:-1618.9255634222986, 交通灯奖励:2331.0, 与前车进行交互的惩罚:-1001.0
Episode:88/100, Reward:-3785.365387922318
Episode:88/100, avg speed:13.801816532932047
Episode:88/100, avg halt num:0.010741859684457872
Episode:88/100, avg elec cons:1.6887461849601468
 Retrying in 1 seconds
Warning: Unused states in tlLogic 'J10', program '0' in phase 0 after tl-index 10
Simulation......
交通灯最大奖励:0.5, 交通灯最小奖励:-2.0
总奖励:-29435.67253872735, 速度奖励:-13645.21855765042, 加速度奖励:-3897.9539810789424, 交通灯奖励:-8342.5, 与前车进行交互的惩罚:-3550.0
Episode:89/100, Reward:-29435.67253872735
Episode:89/100, avg speed:9.13999162297755
Episode:89/100, avg halt num:0.31012323943661974
Episode:89/100, avg elec cons:0.7498105671254152
 Retrying in 1 seconds
Warning: Unused states in tlLogic 'J10', program '0' in phase 0 after tl-index 10
Simulation......
交通灯最大奖励:0.5, 交通灯最小奖励:-2.0
总奖励:-27337.798773416518, 速度奖励:-12449.20609755014, 加速度奖励:-4377.092675867348, 交通灯奖励:-7506.5, 与前车进行交互的惩罚:-3005.0
Episode:90/100, Reward:-27337.798773416518
Episode:90/100, avg speed:7.217722685634756
Episode:90/100, avg halt num:0.24899963623135685
Episode:90/100, avg elec cons:0.8338152679183806
 Retrying in 1 seconds
Warning: Unused states in tlLogic 'J10', program '0' in phase 0 after tl-index 10
Simulation......
交通灯最大奖励:0.5, 交通灯最小奖励:-2.0
总奖励:-13673.215769793092, 速度奖励:-7286.89948824991, 加速度奖励:-3159.316281543171, 交通灯奖励:-330.0, 与前车进行交互的惩罚:-2897.0
Episode:91/100, Reward:-13673.215769793092
Episode:91/100, avg speed:10.656619520048984
Episode:91/100, avg halt num:0.0689522342064715
Episode:91/100, avg elec cons:1.7831484578484567
 Retrying in 1 seconds
Warning: Unused states in tlLogic 'J10', program '0' in phase 0 after tl-index 10
Simulation......
交通灯最大奖励:0.5, 交通灯最小奖励:-2.0
总奖励:-2512.662061694566, 速度奖励:-3746.824186050004, 加速度奖励:-1369.8378756445588, 交通灯奖励:3678.0, 与前车进行交互的惩罚:-1074.0
Episode:92/100, Reward:-2512.662061694566
Episode:92/100, avg speed:13.00994483487391
Episode:92/100, avg halt num:0.0022304832713754648
Episode:92/100, avg elec cons:1.8653240037088092
 Retrying in 1 seconds
Warning: Unused states in tlLogic 'J10', program '0' in phase 0 after tl-index 10
Simulation......
交通灯最大奖励:0.5, 交通灯最小奖励:-2.0
总奖励:-18275.21344247018, 速度奖励:-7469.44027004979, 加速度奖励:-2389.273172420383, 交通灯奖励:-3958.5, 与前车进行交互的惩罚:-4458.0
Episode:93/100, Reward:-18275.21344247018
Episode:93/100, avg speed:11.690228972166393
Episode:93/100, avg halt num:0.15762925598991173
Episode:93/100, avg elec cons:1.6340193250538775
 Retrying in 1 seconds
Warning: Unused states in tlLogic 'J10', program '0' in phase 0 after tl-index 10
Simulation......
交通灯最大奖励:0.5, 交通灯最小奖励:-2.0
总奖励:-6693.854395872547, 速度奖励:-3424.120976500017, 加速度奖励:-1663.7334193726153, 交通灯奖励:-353.0, 与前车进行交互的惩罚:-1253.0
Episode:94/100, Reward:-6693.854395872547
Episode:94/100, avg speed:13.9643759614699
Episode:94/100, avg halt num:0.03519134775374376
Episode:94/100, avg elec cons:1.7612772195611344
 Retrying in 1 seconds
Warning: Unused states in tlLogic 'J10', program '0' in phase 0 after tl-index 10
Simulation......
交通灯最大奖励:0.5, 交通灯最小奖励:-2.0
总奖励:-3019.7768569042955, 速度奖励:-3968.1826827500217, 加速度奖励:-1574.594174154257, 交通灯奖励:3066.0, 与前车进行交互的惩罚:-543.0
Episode:95/100, Reward:-3019.7768569042955
Episode:95/100, avg speed:12.543834120217777
Episode:95/100, avg halt num:0.014384349827387802
Episode:95/100, avg elec cons:1.960665882200411
 Retrying in 1 seconds
Warning: Unused states in tlLogic 'J10', program '0' in phase 0 after tl-index 10
Simulation......
交通灯最大奖励:0.5, 交通灯最小奖励:-2.0
总奖励:-2447.896040505699, 速度奖励:-3725.7475175500253, 加速度奖励:-1476.1485229556756, 交通灯奖励:3468.0, 与前车进行交互的惩罚:-714.0
Episode:96/100, Reward:-2447.896040505699
Episode:96/100, avg speed:12.932596623365734
Episode:96/100, avg halt num:0.013287775246772968
Episode:96/100, avg elec cons:1.7623425419171834
 Retrying in 1 seconds
Warning: Unused states in tlLogic 'J10', program '0' in phase 0 after tl-index 10
Simulation......
交通灯最大奖励:0.5, 交通灯最小奖励:-2.0
总奖励:-10252.065781714571, 速度奖励:-7477.046554199826, 加速度奖励:-2050.01922751457, 交通灯奖励:1218.0, 与前车进行交互的惩罚:-1943.0
Episode:97/100, Reward:-10252.065781714571
Episode:97/100, avg speed:11.137731571309375
Episode:97/100, avg halt num:0.0926525741561541
Episode:97/100, avg elec cons:0.7469904726088467
 Retrying in 1 seconds
Warning: Unused states in tlLogic 'J10', program '0' in phase 0 after tl-index 10
Simulation......
交通灯最大奖励:0.5, 交通灯最小奖励:-2.0
总奖励:-10480.058189659125, 速度奖励:-7297.3514848496825, 加速度奖励:-1815.7067048090948, 交通灯奖励:442.0, 与前车进行交互的惩罚:-1809.0
Episode:98/100, Reward:-10480.058189659125
Episode:98/100, avg speed:10.227538764286779
Episode:98/100, avg halt num:0.19946503630110815
Episode:98/100, avg elec cons:0.9118591061862666
 Retrying in 1 seconds
Warning: Unused states in tlLogic 'J10', program '0' in phase 0 after tl-index 10
Simulation......
交通灯最大奖励:0.5, 交通灯最小奖励:-2.0
总奖励:-5577.106130437748, 速度奖励:-4574.338051599996, 加速度奖励:-1761.7680788377968, 交通灯奖励:2335.0, 与前车进行交互的惩罚:-1576.0
Episode:99/100, Reward:-5577.106130437748
Episode:99/100, avg speed:13.025696304982727
Episode:99/100, avg halt num:0.03788659793814433
Episode:99/100, avg elec cons:1.1964036685008488
 Retrying in 1 seconds
Warning: Unused states in tlLogic 'J10', program '0' in phase 0 after tl-index 10
Simulation......
交通灯最大奖励:0.5, 交通灯最小奖励:-2.0
总奖励:-3633.9963142195807, 速度奖励:-4120.532349350034, 加速度奖励:-1460.9639648695618, 交通灯奖励:3401.5, 与前车进行交互的惩罚:-1454.0
Episode:100/100, Reward:-3633.9963142195807
Episode:100/100, avg speed:13.326867165189924
Episode:100/100, avg halt num:0.0212248322147651
Episode:100/100, avg elec cons:1.3572930741739244
model saved successfully!
Complete training!
final reward list:[-13174.11216628892, -7715.442687838815, -20130.280659735956, -13626.913393114868, -12695.013710625633, -15345.612154498405, -15677.661411813982, -15591.40257309384, -9199.316099216841, -9252.997410394393, -14285.21570397242, -11384.400806906062, -16486.044750549365, -10060.02882581555, -13149.570590130666, -23170.488049974523, -64321.5616072937, -25005.741678048686, -9262.209301945612, -2897.6569759824206, -3438.761069944673, -8416.602702164215, -6321.8679461804795, -6389.171032751535, -3429.7283416587616, -5655.15027736273, -13672.488400231214, -7473.863296148219, -2573.3514417170913, -4223.519977731535, -2715.6951354118323, -25968.608308489984, -40591.10341763028, -4360.792129980678, -12492.572662412767, -12590.689740876693, -6684.7158503673645, -2832.7444301184905, -6364.531168688697, -16778.693237283635, -29380.97313171611, -2534.9085020140787, -3185.711716481143, -3325.6025153180644, -3796.0530447874867, -7303.645837079749, -8469.573157768227, -4180.51454125827, -2810.18889188315, -13172.395032642655, -12493.391981402337, -14282.562964803412, -30018.785871808297, -7131.888173025299, -4136.95593717739, -27416.349846923356, -12984.782955653893, -3895.643978323519, -6566.856677607255, -2005.9438787971235, -5551.300154676538, -3064.9109384889125, -13274.83633220261, -4226.407964263681, -1767.3869794449915, -4108.538297127588, -8768.388304669432, -5443.436513701756, -10033.788977921293, -8037.385391851294, -6839.439230733311, -4893.697997272558, -3571.0057400581773, -3302.785369096914, -5452.7683394029345, -4923.094397796617, -8589.149132558143, -2179.3068035198835, -4387.298196057199, -1917.5965316250388, -4290.42805347892, -22429.226221584926, -15889.789242660454, -6934.543832653813, -9906.07998667855, -22130.333896848766, -52635.250536063984, -3785.365387922318, -29435.67253872735, -27337.798773416518, -13673.215769793092, -2512.662061694566, -18275.21344247018, -6693.854395872547, -3019.7768569042955, -2447.896040505699, -10252.065781714571, -10480.058189659125, -5577.106130437748, -3633.9963142195807]
final speed list:[15.083061861775494, 15.610850045065815, 11.89244804385612, 11.611055671875683, 12.500214411446914, 12.13217502040312, 12.066571290497539, 12.511261977926173, 12.787155310725844, 12.357620975909404, 12.754140592159834, 12.25009903892587, 11.090996382308829, 11.39123357319107, 11.273730823989151, 8.146291294814311, 7.141697993954309, 8.079920211974862, 12.660571378503192, 14.899633910442965, 14.43314622608927, 15.021446726343742, 14.676581797213556, 12.1624893095273, 14.153615204479388, 12.497897307403449, 9.912493871046097, 10.867613239533473, 12.474116103512918, 12.465998182835452, 13.398898706767527, 8.390260498134715, 8.00808375680685, 12.233934634076551, 11.195496267045618, 10.272309051242697, 11.011439491799239, 12.76303751866858, 11.962125421095081, 11.95036915652692, 9.44461658850536, 13.781942107101145, 14.114784366996872, 14.304389805459019, 12.641609934173811, 12.342760642160112, 11.332820697721491, 12.889408185684287, 14.032325807352741, 11.1751821113857, 11.3191559396117, 10.073826444289942, 10.648075428075222, 14.480886740136825, 13.86829438452039, 8.813923025915193, 9.427326286522202, 11.828908447121103, 11.79452277544023, 14.532606351192698, 14.489163075774233, 14.64346842997001, 11.610975623517074, 13.088908465408629, 14.296869863943032, 14.849811897430794, 15.2458573372771, 15.346740024169153, 15.192292753349362, 15.069382730580752, 15.75308525901994, 14.067268811824572, 14.989034638613926, 14.813550252715267, 15.136443982475942, 15.28099326221267, 14.589050059343888, 14.122194179097463, 13.311886207947742, 14.170482864256561, 11.956001761745345, 8.275061325783252, 9.697538657753514, 10.864432811974668, 10.685305439822999, 9.38395401549273, 6.811566768589289, 13.801816532932047, 9.13999162297755, 7.217722685634756, 10.656619520048984, 13.00994483487391, 11.690228972166393, 13.9643759614699, 12.543834120217777, 12.932596623365734, 11.137731571309375, 10.227538764286779, 13.025696304982727, 13.326867165189924]
final elec cons list:[1.916496945085852, 2.3316291955745228, 1.0861474609919308, 1.1003071429965634, 1.396851772622954, 1.2746247970243418, 1.2752799034845632, 1.1867789364001895, 1.3009353960021675, 1.4102511729251255, 1.2784828386250153, 1.1268468315689717, 0.7036337673476659, 0.8856053506063957, 0.9373585300447279, 0.780552023868686, 0.631896136425294, 1.021345496948567, 1.8223327822265967, 2.2996733578030204, 2.6894770399592347, 2.5341709331228452, 1.9150760963561737, 1.049019094486413, 1.6994456134498948, 1.4494740793988925, 0.7646180544105052, 1.6543207752531548, 1.5738742311298188, 1.1682245929072625, 1.5932209385033713, 0.6211175725382855, 0.6099554579660713, 0.9313030028229382, 0.7443182248773577, 0.8667244354205696, 1.3860497480601266, 1.4651614155792334, 1.0860776430584573, 1.4921497414122864, 0.7985750363421075, 2.4133288029685405, 2.2376677075737113, 2.011854528777327, 1.4084237237484944, 0.9135368733348982, 1.0319762894247306, 1.4804521949663871, 1.312773075350475, 1.0656613213534603, 0.6344737041875329, 0.79762582047486, 1.444629891663069, 2.03231992503781, 2.312008537479374, 0.7146377924242113, 0.8882239379545359, 1.3041723766891586, 1.1174052926476583, 2.2136084155539613, 2.5121978505099536, 2.269291009068608, 1.4340899437599135, 2.438858721670387, 2.343509370478232, 1.9924487408186644, 2.1346840219373933, 2.285193026070403, 2.023735464476235, 2.1029526590801804, 2.166182599926723, 2.582298473677989, 2.048368090809489, 2.3858181479275213, 1.854783207463341, 2.5236313495793814, 2.6451734273652328, 2.796307920367075, 2.3870403371379862, 1.7379136775529884, 1.0744823376562822, 0.5944465922088863, 0.6321172341035363, 1.1654859735649195, 0.7221503079014728, 0.843334783012278, 1.150540830733719, 1.6887461849601468, 0.7498105671254152, 0.8338152679183806, 1.7831484578484567, 1.8653240037088092, 1.6340193250538775, 1.7612772195611344, 1.960665882200411, 1.7623425419171834, 0.7469904726088467, 0.9118591061862666, 1.1964036685008488, 1.3572930741739244]
final halt list:[0.2290738383195417, 0.1861140443505808, 0.26676829268292684, 0.28812453392990306, 0.2634481424148607, 0.3065686968838527, 0.25661284781861904, 0.28653786226238703, 0.17530784186649384, 0.2278976679429168, 0.228881469115192, 0.19518716577540107, 0.22297910990009082, 0.14576936199249402, 0.20027726432532347, 0.2173163159710245, 0.3939180737961226, 0.24265569917743832, 0.05816034359341446, 0.08254317643074839, 0.12859922178988326, 0.21481411229135053, 0.08617200674536256, 0.12664738026358086, 0.01325565687267815, 0.09264330047462578, 0.18388851121685929, 0.025432050274941085, 0.006717289719626168, 0.007167235494880546, 0.009070095103909827, 0.563641245972073, 0.33538338658146966, 0.04779411764705882, 0.1987561317449194, 0.130859375, 0.024700289375775113, 0.01274065685164213, 0.09727427597955707, 0.20853242320819113, 0.22997138769670958, 0.01493680582152432, 0.044440093970242754, 0.061047583917373666, 0.05347644376899696, 0.07249190938511327, 0.13608072425499812, 0.02417519908987486, 0.010853066180935034, 0.11811546118115461, 0.16422955974842768, 0.23917287894923678, 0.2460649698593436, 0.1599083215796897, 0.1369360902255639, 0.6608999641448547, 0.32753419147224455, 0.05331893165750196, 0.10588569265707796, 0.017373872368860673, 0.20541338582677166, 0.08852173913043478, 0.10968475788105297, 0.0029728725380899295, 0.014183123877917415, 0.05792287751134154, 0.1759656652360515, 0.16437074829931972, 0.18702889447236182, 0.19264419961114712, 0.1646990355836382, 0.17455509276789094, 0.11853577871316898, 0.10875355113636363, 0.13818424566088117, 0.1613295500608026, 0.2312797147385103, 0.08950980392156863, 0.08047417116422513, 0.028688524590163935, 0.016043723554301833, 0.47794655929721813, 0.28899235118057864, 0.07867335133050521, 0.18462783171521036, 0.2769055095632315, 0.374846876276031, 0.010741859684457872, 0.31012323943661974, 0.24899963623135685, 0.0689522342064715, 0.0022304832713754648, 0.15762925598991173, 0.03519134775374376, 0.014384349827387802, 0.013287775246772968, 0.0926525741561541, 0.19946503630110815, 0.03788659793814433, 0.0212248322147651]
speed reward list:[-3587.530965350134, -2835.688350750114, -8076.551291749376, -6234.204267099712, -5903.104230399693, -7263.449094849482, -7529.394582249516, -8299.56647244933, -5829.652320399757, -6070.172752949708, -7607.135107349565, -7015.394999399482, -9663.512546949858, -7363.973604649732, -8567.811350799635, -11847.324305800223, -24199.081085599148, -12024.412932050234, -5579.3509074499225, -2960.6622936500653, -3192.846512150083, -2885.6014488001124, -3055.756984450064, -5673.582676199895, -3349.235245800021, -4918.130904899945, -9163.907446149708, -5569.809158799968, -4029.9431614500227, -4766.079591799993, -3769.0757861000025, -14901.733926650615, -17464.109137350242, -5201.228095449928, -8726.238050199738, -8660.844649349683, -6167.507416549947, -4233.087749000015, -5839.0220919997555, -6709.772481749848, -12462.437217500144, -3301.9749177000076, -2832.7902232500437, -3045.277869950047, -4288.487572700027, -6355.57620749991, -7101.70727609982, -4247.932831450008, -3599.698275500012, -6999.074175899708, -7995.9637611996895, -9425.23811669973, -10298.260560050183, -3143.565488300098, -2997.8710611000815, -15173.82964815099, -9447.779629449626, -4949.030068399952, -6137.12827934991, -2920.44747995003, -2993.2064186500943, -2790.9547445000426, -7420.944637099747, -4022.261237150022, -3033.2369677000174, -3193.837013700058, -3196.7994004501074, -2952.7097090501043, -3036.327176400097, -2896.742312900121, -2726.3487698501012, -3103.4994663501056, -2940.0083042500914, -3033.4255092000794, -2986.6612089500845, -2437.6144309500855, -3345.984505200085, -2861.14472770005, -3519.9292700000574, -2771.776035250023, -4893.92065809994, -13711.915484150582, -11118.230087149957, -6383.720566549883, -8494.943090249639, -11753.216337749973, -19709.319783150106, -3496.439824500013, -13645.21855765042, -12449.20609755014, -7286.89948824991, -3746.824186050004, -7469.44027004979, -3424.120976500017, -3968.1826827500217, -3725.7475175500253, -7477.046554199826, -7297.3514848496825, -4574.338051599996, -4120.532349350034]
accel reward list:[-1419.581200938669, -1216.254337089188, -2467.7293679867375, -1623.2091260145514, -1586.4094802255358, -1959.6630596479508, -2137.7668295635654, -2147.8361006433706, -1822.6637788171033, -1827.324657444556, -2347.5805966222547, -2024.5058075058332, -2335.532203598988, -2008.0552211656025, -2361.2592393304208, -4227.163744175453, -11084.980521691019, -4236.828745999323, -1829.3583944956513, -1271.4946823323635, -1318.414557794601, -1297.001253364483, -1348.6109617305647, -1831.5883565516733, -1512.9930958587518, -1726.0193724628227, -2510.5809540811497, -2273.554137348249, -1747.4082802670755, -1964.440385931517, -1700.6193493118096, -3469.8743818417647, -6679.994280279129, -1781.0640345306617, -2332.834612212537, -2455.8450915265075, -1885.7084338173504, -1507.1566811184587, -2127.009076688911, -2333.9207555334065, -4047.535914217216, -1595.433584314049, -1447.4214932310974, -1415.324645368018, -1646.065472087427, -2075.069629579784, -2530.365881668516, -1899.0817098082532, -1659.9906163831363, -2534.820856742488, -2247.9282202022646, -2752.824848103223, -4282.025311759858, -1380.8226847255553, -1397.5848760773258, -2986.020198776225, -2354.0033262037423, -1710.1139099234936, -1880.2283982573258, -1219.9963988471081, -1145.0937360267194, -1235.4561939888554, -2590.891695102413, -1789.646727113641, -1529.6500117449636, -1375.2012834275356, -1405.588904219714, -1225.7268046518604, -1420.9618015213014, -1371.6430789515703, -1324.0904608836038, -1434.1985309226873, -1317.9974358080972, -1385.3598598968365, -1360.1071304530394, -1129.9799668466715, -1390.1646273583463, -1292.1620758198287, -1496.3689260572228, -1156.3204963750115, -1722.0073953789122, -3228.310737436077, -2735.5591555102583, -2048.8232661039046, -2583.636896428667, -3893.617559099201, -7808.430752913708, -1618.9255634222986, -3897.9539810789424, -4377.092675867348, -3159.316281543171, -1369.8378756445588, -2389.273172420383, -1663.7334193726153, -1574.594174154257, -1476.1485229556756, -2050.01922751457, -1815.7067048090948, -1761.7680788377968, -1460.9639648695618]
tls reward list:[-5568.0, -2332.5, -7514.0, -3903.5, -2683.5, -3151.5, -3841.5, -3288.0, -687.0, -177.5, -2487.5, -1193.5, -2831.0, 515.0, -489.5, -4724.0, -22939.5, -6159.5, -219.5, 1896.5, 1625.5, -2523.0, -465.5, 2178.0, 2518.5, 2392.0, -132.0, 2130.5, 4066.0, 3437.0, 3504.0, -3717.0, -12603.0, 3718.5, 689.5, 148.0, 2461.5, 3656.5, 3016.5, -4504.0, -10064.0, 2932.5, 2165.5, 1934.0, 3040.5, 2378.0, 2519.5, 2572.5, 2858.5, -1142.5, -352.5, 118.5, -11611.5, -1703.5, 818.5, -5034.5, 1040.0, 4108.5, 3271.5, 2614.5, -149.0, 1610.5, -641.0, 3037.5, 3213.5, 824.5, -2884.0, -780.0, -3524.5, -2280.0, -1687.0, 389.0, 1207.0, 1794.0, 222.0, -182.5, -1818.0, 2380.0, 1475.0, 2666.5, 3535.5, -2730.0, 40.0, 2844.0, 2978.5, -4032.5, -19963.5, 2331.0, -8342.5, -7506.5, -330.0, 3678.0, -3958.5, -353.0, 3066.0, 3468.0, 1218.0, 442.0, 2335.0, 3401.5]
extra reward list:[-2599.0, -1331.0, -2072.0, -1866.0, -2522.0, -2971.0, -2169.0, -1856.0, -860.0, -1178.0, -1843.0, -1151.0, -1656.0, -1203.0, -1731.0, -2372.0, -6098.0, -2585.0, -1634.0, -562.0, -553.0, -1711.0, -1452.0, -1062.0, -1086.0, -1403.0, -1866.0, -1761.0, -862.0, -930.0, -750.0, -3880.0, -3844.0, -1097.0, -2123.0, -1622.0, -1093.0, -749.0, -1415.0, -3231.0, -2807.0, -570.0, -1071.0, -799.0, -902.0, -1251.0, -1357.0, -606.0, -409.0, -2496.0, -1897.0, -2223.0, -3827.0, -904.0, -560.0, -4222.0, -2223.0, -1345.0, -1821.0, -480.0, -1264.0, -649.0, -2622.0, -1452.0, -418.0, -364.0, -1282.0, -485.0, -2052.0, -1489.0, -1102.0, -745.0, -520.0, -678.0, -1328.0, -1173.0, -2035.0, -406.0, -846.0, -656.0, -1210.0, -2759.0, -2076.0, -1346.0, -1806.0, -2451.0, -5154.0, -1001.0, -3550.0, -3005.0, -2897.0, -1074.0, -4458.0, -1253.0, -543.0, -714.0, -1943.0, -1809.0, -1576.0, -1454.0]
