nohup: 忽略输入
Env:SUMO, Algorithm:DDPG, Device:cuda
-----------------------------------------
models/reward_s0.08_a3e-2_t(-2_0.1).pth
-----------------------------------------
 Retrying in 1 seconds
Warning: Unused states in tlLogic 'J10', program '0' in phase 0 after tl-index 10
Simulation......
交通灯最大奖励:0.1, 交通灯最小奖励:-2.0
总奖励:-13986.381475650624, 速度奖励:-5183.428798160056, 加速度奖励:-573.7526774900896, 交通灯奖励:-8229.199999999031, 与前车进行交互的惩罚:0.0
Episode:1/100, Reward:-13986.381475650624
Episode:1/100, avg speed:15.410016654793695
Episode:1/100, avg halt num:0.23918657198192383
Episode:1/100, avg elec cons:1.98910509294745
 Retrying in 1 seconds
Warning: Unused states in tlLogic 'J10', program '0' in phase 0 after tl-index 10
Simulation......
交通灯最大奖励:0.1, 交通灯最小奖励:-2.0
总奖励:-10520.8295510823, 速度奖励:-4438.522441279921, 加速度奖励:-502.50710980209254, 交通灯奖励:-5579.799999999532, 与前车进行交互的惩罚:0.0
Episode:2/100, Reward:-10520.8295510823
Episode:2/100, avg speed:15.652701530543357
Episode:2/100, avg halt num:0.19619584360690384
Episode:2/100, avg elec cons:2.262933417163079
 Retrying in 1 seconds
Warning: Unused states in tlLogic 'J10', program '0' in phase 0 after tl-index 10
Simulation......
交通灯最大奖励:0.1, 交通灯最小奖励:-2.0
总奖励:-11054.410689739241, 速度奖励:-5226.709338240075, 加速度奖励:-595.1013514989822, 交通灯奖励:-5232.599999999909, 与前车进行交互的惩罚:0.0
Episode:3/100, Reward:-11054.410689739241
Episode:3/100, avg speed:15.23752026231189
Episode:3/100, avg halt num:0.19666775563541328
Episode:3/100, avg elec cons:1.8861466585774949
 Retrying in 1 seconds
Warning: Unused states in tlLogic 'J10', program '0' in phase 0 after tl-index 10
Simulation......
交通灯最大奖励:0.1, 交通灯最小奖励:-2.0
总奖励:-9451.118423692287, 速度奖励:-4275.452376799896, 加速度奖励:-540.366046892227, 交通灯奖励:-4635.300000000284, 与前车进行交互的惩罚:0.0
Episode:4/100, Reward:-9451.118423692287
Episode:4/100, avg speed:14.851603382435643
Episode:4/100, avg halt num:0.1999616564417178
Episode:4/100, avg elec cons:2.2971296426365444
 Retrying in 1 seconds
Warning: Unused states in tlLogic 'J10', program '0' in phase 0 after tl-index 10
Simulation......
交通灯最大奖励:0.1, 交通灯最小奖励:-2.0
总奖励:-12662.86510999041, 速度奖励:-5934.102973120167, 加速度奖励:-676.7621368697777, 交通灯奖励:-6051.999999999271, 与前车进行交互的惩罚:0.0
Episode:5/100, Reward:-12662.86510999041
Episode:5/100, avg speed:14.457096372252453
Episode:5/100, avg halt num:0.21937953263497179
Episode:5/100, avg elec cons:2.4068426519048827
 Retrying in 1 seconds
Warning: Unused states in tlLogic 'J10', program '0' in phase 0 after tl-index 10
Simulation......
交通灯最大奖励:0.1, 交通灯最小奖励:-2.0
总奖励:-10153.411232297809, 速度奖励:-4658.491653519933, 加速度奖励:-520.0195787776904, 交通灯奖励:-4974.900000000143, 与前车进行交互的惩罚:0.0
Episode:6/100, Reward:-10153.411232297809
Episode:6/100, avg speed:15.019795848901502
Episode:6/100, avg halt num:0.21873883529832083
Episode:6/100, avg elec cons:2.056218717416555
 Retrying in 1 seconds
Warning: Unused states in tlLogic 'J10', program '0' in phase 0 after tl-index 10
Simulation......
交通灯最大奖励:0.1, 交通灯最小奖励:-2.0
总奖励:-9580.515894620336, 速度奖励:-4416.3825955999155, 加速度奖励:-518.8332990202756, 交通灯奖励:-4645.300000000237, 与前车进行交互的惩罚:0.0
Episode:7/100, Reward:-9580.515894620336
Episode:7/100, avg speed:15.492536391578861
Episode:7/100, avg halt num:0.1890849897189856
Episode:7/100, avg elec cons:2.058907434836597
 Retrying in 1 seconds
Warning: Unused states in tlLogic 'J10', program '0' in phase 0 after tl-index 10
Simulation......
交通灯最大奖励:0.1, 交通灯最小奖励:-2.0
总奖励:-9890.169761627254, 速度奖励:-4189.949084319833, 加速度奖励:-517.9206773071725, 交通灯奖励:-5182.299999999997, 与前车进行交互的惩罚:0.0
Episode:8/100, Reward:-9890.169761627254
Episode:8/100, avg speed:15.613442654439481
Episode:8/100, avg halt num:0.19224110796348756
Episode:8/100, avg elec cons:1.94279060873922
 Retrying in 1 seconds
Warning: Unused states in tlLogic 'J10', program '0' in phase 0 after tl-index 10
Simulation......
交通灯最大奖励:0.1, 交通灯最小奖励:-2.0
总奖励:-9838.122141482107, 速度奖励:-4352.24354335989, 加速度奖励:-513.8785981219903, 交通灯奖励:-4972.000000000053, 与前车进行交互的惩罚:0.0
Episode:9/100, Reward:-9838.122141482107
Episode:9/100, avg speed:15.444878495070686
Episode:9/100, avg halt num:0.1944354051415555
Episode:9/100, avg elec cons:1.990517006919122
 Retrying in 1 seconds
Warning: Unused states in tlLogic 'J10', program '0' in phase 0 after tl-index 10
Simulation......
交通灯最大奖励:0.1, 交通灯最小奖励:-2.0
总奖励:-10354.700797064199, 速度奖励:-4724.7210411199785, 加速度奖励:-547.8797559440327, 交通灯奖励:-5082.100000000085, 与前车进行交互的惩罚:0.0
Episode:10/100, Reward:-10354.700797064199
Episode:10/100, avg speed:15.119030304077699
Episode:10/100, avg halt num:0.22128259337561662
Episode:10/100, avg elec cons:2.1634571041440536
 Retrying in 1 seconds
Warning: Unused states in tlLogic 'J10', program '0' in phase 0 after tl-index 10
Simulation......
交通灯最大奖励:0.1, 交通灯最小奖励:-2.0
总奖励:-12033.518637094421, 速度奖励:-4570.582322319933, 加速度奖励:-562.4363147739471, 交通灯奖励:-6900.499999999153, 与前车进行交互的惩罚:0.0
Episode:11/100, Reward:-12033.518637094421
Episode:11/100, avg speed:15.763345434837076
Episode:11/100, avg halt num:0.23157104736490994
Episode:11/100, avg elec cons:2.1296677029075126
 Retrying in 1 seconds
Warning: Unused states in tlLogic 'J10', program '0' in phase 0 after tl-index 10
Simulation......
交通灯最大奖励:0.1, 交通灯最小奖励:-2.0
总奖励:-9195.513612221328, 速度奖励:-4332.256533759882, 加速度奖励:-511.1570784613398, 交通灯奖励:-4352.100000000404, 与前车进行交互的惩罚:0.0
Episode:12/100, Reward:-9195.513612221328
Episode:12/100, avg speed:15.415851675877565
Episode:12/100, avg halt num:0.1915774939592682
Episode:12/100, avg elec cons:2.038508524992526
 Retrying in 1 seconds
Warning: Unused states in tlLogic 'J10', program '0' in phase 0 after tl-index 10
Simulation......
交通灯最大奖励:0.1, 交通灯最小奖励:-2.0
总奖励:-11232.128403337067, 速度奖励:-4480.022920479939, 加速度奖励:-574.0054828569029, 交通灯奖励:-6178.099999999459, 与前车进行交互的惩罚:0.0
Episode:13/100, Reward:-11232.128403337067
Episode:13/100, avg speed:15.544938739075715
Episode:13/100, avg halt num:0.18234922639722134
Episode:13/100, avg elec cons:1.9563884796981152
 Retrying in 1 seconds
Warning: Unused states in tlLogic 'J10', program '0' in phase 0 after tl-index 10
Simulation......
交通灯最大奖励:0.1, 交通灯最小奖励:-2.0
总奖励:-9420.88407351881, 速度奖励:-4412.437380479901, 加速度奖励:-501.8466930388354, 交通灯奖励:-4506.600000000279, 与前车进行交互的惩罚:0.0
Episode:14/100, Reward:-9420.88407351881
Episode:14/100, avg speed:15.339297233139195
Episode:14/100, avg halt num:0.20220326936744848
Episode:14/100, avg elec cons:2.133300952498029
 Retrying in 1 seconds
Warning: Unused states in tlLogic 'J10', program '0' in phase 0 after tl-index 10
Simulation......
交通灯最大奖励:0.1, 交通灯最小奖励:-2.0
总奖励:-12304.372109417553, 速度奖励:-4839.978159839997, 加速度奖励:-565.4939495772413, 交通灯奖励:-6898.899999999299, 与前车进行交互的惩罚:0.0
Episode:15/100, Reward:-12304.372109417553
Episode:15/100, avg speed:15.438438997150794
Episode:15/100, avg halt num:0.2700519866320089
Episode:15/100, avg elec cons:2.276290915860725
 Retrying in 1 seconds
Warning: Unused states in tlLogic 'J10', program '0' in phase 0 after tl-index 10
Simulation......
交通灯最大奖励:0.1, 交通灯最小奖励:-2.0
总奖励:-9389.805736630675, 速度奖励:-4475.788088159958, 加速度奖励:-565.0176484706398, 交通灯奖励:-4349.00000000044, 与前车进行交互的惩罚:0.0
Episode:16/100, Reward:-9389.805736630675
Episode:16/100, avg speed:14.970792092759304
Episode:16/100, avg halt num:0.14562737642585552
Episode:16/100, avg elec cons:2.1768735289699594
 Retrying in 1 seconds
Warning: Unused states in tlLogic 'J10', program '0' in phase 0 after tl-index 10
Simulation......
交通灯最大奖励:0.1, 交通灯最小奖励:-2.0
总奖励:-9574.79678421924, 速度奖励:-4551.342169359977, 加速度奖励:-587.3546148592238, 交通灯奖励:-4436.100000000322, 与前车进行交互的惩罚:0.0
Episode:17/100, Reward:-9574.79678421924
Episode:17/100, avg speed:15.359303629457736
Episode:17/100, avg halt num:0.1786333680194242
Episode:17/100, avg elec cons:2.0919109760753902
 Retrying in 1 seconds
Warning: Unused states in tlLogic 'J10', program '0' in phase 0 after tl-index 10
Simulation......
交通灯最大奖励:0.1, 交通灯最小奖励:-2.0
总奖励:-10726.140770258291, 速度奖励:-4460.959540639936, 加速度奖励:-542.5812296180159, 交通灯奖励:-5722.599999999773, 与前车进行交互的惩罚:0.0
Episode:18/100, Reward:-10726.140770258291
Episode:18/100, avg speed:14.699951152526648
Episode:18/100, avg halt num:0.2544606650446066
Episode:18/100, avg elec cons:2.5206703947019906
 Retrying in 1 seconds
Warning: Unused states in tlLogic 'J10', program '0' in phase 0 after tl-index 10
Simulation......
交通灯最大奖励:0.1, 交通灯最小奖励:-2.0
总奖励:-10596.802117877742, 速度奖励:-4902.396116799997, 加速度奖励:-576.4060010775025, 交通灯奖励:-5117.999999999929, 与前车进行交互的惩罚:0.0
Episode:19/100, Reward:-10596.802117877742
Episode:19/100, avg speed:15.124598101534275
Episode:19/100, avg halt num:0.2318657524359437
Episode:19/100, avg elec cons:2.2198096298701233
 Retrying in 1 seconds
Warning: Unused states in tlLogic 'J10', program '0' in phase 0 after tl-index 10
Simulation......
交通灯最大奖励:0.1, 交通灯最小奖励:-2.0
总奖励:-8768.549715328205, 速度奖励:-4451.778367359931, 加速度奖励:-551.9713479683372, 交通灯奖励:-3764.800000000552, 与前车进行交互的惩罚:0.0
Episode:20/100, Reward:-8768.549715328205
Episode:20/100, avg speed:15.255794330148252
Episode:20/100, avg halt num:0.1623299319727891
Episode:20/100, avg elec cons:2.177802248561022
 Retrying in 1 seconds
Warning: Unused states in tlLogic 'J10', program '0' in phase 0 after tl-index 10
Simulation......
交通灯最大奖励:0.1, 交通灯最小奖励:-2.0
总奖励:-8779.006705835924, 速度奖励:-4531.9887715199575, 加速度奖励:-541.1179343160114, 交通灯奖励:-3705.9000000004485, 与前车进行交互的惩罚:0.0
Episode:21/100, Reward:-8779.006705835924
Episode:21/100, avg speed:15.050599042648006
Episode:21/100, avg halt num:0.1906944986344128
Episode:21/100, avg elec cons:2.2989270261925476
 Retrying in 1 seconds
Warning: Unused states in tlLogic 'J10', program '0' in phase 0 after tl-index 10
Simulation......
交通灯最大奖励:0.1, 交通灯最小奖励:-2.0
总奖励:-8922.160194844415, 速度奖励:-4128.389526239836, 加速度奖励:-490.17066860446755, 交通灯奖励:-4303.600000000368, 与前车进行交互的惩罚:0.0
Episode:22/100, Reward:-8922.160194844415
Episode:22/100, avg speed:15.321804787577882
Episode:22/100, avg halt num:0.20191578148710168
Episode:22/100, avg elec cons:2.3189218563091654
 Retrying in 1 seconds
Warning: Unused states in tlLogic 'J10', program '0' in phase 0 after tl-index 10
Simulation......
交通灯最大奖励:0.1, 交通灯最小奖励:-2.0
总奖励:-9548.290175754735, 速度奖励:-4585.612997039935, 加速度奖励:-553.6771787147425, 交通灯奖励:-4409.000000000399, 与前车进行交互的惩罚:0.0
Episode:23/100, Reward:-9548.290175754735
Episode:23/100, avg speed:15.547213950603831
Episode:23/100, avg halt num:0.19115657761244503
Episode:23/100, avg elec cons:2.172405580359328
 Retrying in 1 seconds
Warning: Unused states in tlLogic 'J10', program '0' in phase 0 after tl-index 10
Simulation......
交通灯最大奖励:0.1, 交通灯最小奖励:-2.0
总奖励:-10813.405340145784, 速度奖励:-5277.83806920004, 加速度奖励:-618.8672709455814, 交通灯奖励:-4916.69999999995, 与前车进行交互的惩罚:0.0
Episode:24/100, Reward:-10813.405340145784
Episode:24/100, avg speed:14.904450133003317
Episode:24/100, avg halt num:0.19573835480673935
Episode:24/100, avg elec cons:2.0701797779592757
 Retrying in 1 seconds
Warning: Unused states in tlLogic 'J10', program '0' in phase 0 after tl-index 10
Simulation......
交通灯最大奖励:0.1, 交通灯最小奖励:-2.0
总奖励:-9089.12800565353, 速度奖励:-4371.857525999897, 加速度奖励:-539.4704796536125, 交通灯奖励:-4177.800000000456, 与前车进行交互的惩罚:0.0
Episode:25/100, Reward:-9089.12800565353
Episode:25/100, avg speed:15.509909771475865
Episode:25/100, avg halt num:0.16570751523358157
Episode:25/100, avg elec cons:2.086538650674453
 Retrying in 1 seconds
Warning: Unused states in tlLogic 'J10', program '0' in phase 0 after tl-index 10
Simulation......
交通灯最大奖励:0.1, 交通灯最小奖励:-2.0
总奖励:-9492.856903424736, 速度奖励:-4871.651866800019, 加速度奖励:-549.905036624684, 交通灯奖励:-4071.3000000005927, 与前车进行交互的惩罚:0.0
Episode:26/100, Reward:-9492.856903424736
Episode:26/100, avg speed:14.876929948939448
Episode:26/100, avg halt num:0.19455140546784752
Episode:26/100, avg elec cons:2.1380376762100544
 Retrying in 1 seconds
Warning: Unused states in tlLogic 'J10', program '0' in phase 0 after tl-index 10
Simulation......
交通灯最大奖励:0.1, 交通灯最小奖励:-2.0
总奖励:-9139.254121567139, 速度奖励:-4395.053324719913, 加速度奖励:-536.9007968471757, 交通灯奖励:-4207.300000000438, 与前车进行交互的惩罚:0.0
Episode:27/100, Reward:-9139.254121567139
Episode:27/100, avg speed:15.287580923230363
Episode:27/100, avg halt num:0.18567662565905096
Episode:27/100, avg elec cons:2.046847479454102
 Retrying in 1 seconds
Warning: Unused states in tlLogic 'J10', program '0' in phase 0 after tl-index 10
Simulation......
交通灯最大奖励:0.1, 交通灯最小奖励:-2.0
总奖励:-9514.706323410172, 速度奖励:-4592.95104143994, 加速度奖励:-510.1552819701139, 交通灯奖励:-4411.60000000036, 与前车进行交互的惩罚:0.0
Episode:28/100, Reward:-9514.706323410172
Episode:28/100, avg speed:14.6365134117828
Episode:28/100, avg halt num:0.24402834008097166
Episode:28/100, avg elec cons:2.321888267688689
 Retrying in 1 seconds
Warning: Unused states in tlLogic 'J10', program '0' in phase 0 after tl-index 10
Simulation......
交通灯最大奖励:0.1, 交通灯最小奖励:-2.0
总奖励:-9925.214779702745, 速度奖励:-4738.768591440002, 加速度奖励:-553.2461882626345, 交通灯奖励:-4633.200000000319, 与前车进行交互的惩罚:0.0
Episode:29/100, Reward:-9925.214779702745
Episode:29/100, avg speed:14.94417398116219
Episode:29/100, avg halt num:0.2306841046277666
Episode:29/100, avg elec cons:2.213220419151764
 Retrying in 1 seconds
Warning: Unused states in tlLogic 'J10', program '0' in phase 0 after tl-index 10
Simulation......
交通灯最大奖励:0.1, 交通灯最小奖励:-2.0
总奖励:-9070.828789832438, 速度奖励:-4226.042237359865, 加速度奖励:-497.9865524725433, 交通灯奖励:-4346.8000000004085, 与前车进行交互的惩罚:0.0
Episode:30/100, Reward:-9070.828789832438
Episode:30/100, avg speed:15.515334235055168
Episode:30/100, avg halt num:0.19739145658263305
Episode:30/100, avg elec cons:2.165512656784311
 Retrying in 1 seconds
Warning: Unused states in tlLogic 'J10', program '0' in phase 0 after tl-index 10
Simulation......
交通灯最大奖励:0.1, 交通灯最小奖励:-2.0
总奖励:-9502.19483825523, 速度奖励:-4169.797989599867, 加速度奖励:-507.2968486551904, 交通灯奖励:-4825.100000000264, 与前车进行交互的惩罚:0.0
Episode:31/100, Reward:-9502.19483825523
Episode:31/100, avg speed:15.393295482027902
Episode:31/100, avg halt num:0.20503191888847164
Episode:31/100, avg elec cons:2.2584799107058107
 Retrying in 1 seconds
Warning: Unused states in tlLogic 'J10', program '0' in phase 0 after tl-index 10
Simulation......
交通灯最大奖励:0.1, 交通灯最小奖励:-2.0
总奖励:-9394.093229225591, 速度奖励:-4650.596686479952, 加速度奖励:-545.9965427456225, 交通灯奖励:-4197.500000000441, 与前车进行交互的惩罚:0.0
Episode:32/100, Reward:-9394.093229225591
Episode:32/100, avg speed:14.970048623104786
Episode:32/100, avg halt num:0.22008384146341464
Episode:32/100, avg elec cons:2.193468335345926
 Retrying in 1 seconds
Warning: Unused states in tlLogic 'J10', program '0' in phase 0 after tl-index 10
Simulation......
交通灯最大奖励:0.1, 交通灯最小奖励:-2.0
总奖励:-9342.510426593712, 速度奖励:-4230.865594719875, 加速度奖励:-538.8448318737817, 交通灯奖励:-4572.800000000303, 与前车进行交互的惩罚:0.0
Episode:33/100, Reward:-9342.510426593712
Episode:33/100, avg speed:15.302642423417138
Episode:33/100, avg halt num:0.19898316970546984
Episode:33/100, avg elec cons:2.1658820438432644
 Retrying in 1 seconds
Warning: Unused states in tlLogic 'J10', program '0' in phase 0 after tl-index 10
Simulation......
交通灯最大奖励:0.1, 交通灯最小奖励:-2.0
总奖励:-9795.474471399353, 速度奖励:-4377.146111759879, 加速度奖励:-547.6283596393451, 交通灯奖励:-4870.700000000088, 与前车进行交互的惩罚:0.0
Episode:34/100, Reward:-9795.474471399353
Episode:34/100, avg speed:15.476877790867162
Episode:34/100, avg halt num:0.2047126839523476
Episode:34/100, avg elec cons:2.1141832187971947
 Retrying in 1 seconds
Warning: Unused states in tlLogic 'J10', program '0' in phase 0 after tl-index 10
Simulation......
交通灯最大奖励:0.1, 交通灯最小奖励:-2.0
总奖励:-8261.708146272467, 速度奖励:-4046.9388915998784, 加速度奖励:-517.6692546726598, 交通灯奖励:-3697.1000000004065, 与前车进行交互的惩罚:0.0
Episode:35/100, Reward:-8261.708146272467
Episode:35/100, avg speed:15.380244238708608
Episode:35/100, avg halt num:0.15787518573551262
Episode:35/100, avg elec cons:2.201418053684087
 Retrying in 1 seconds
Warning: Unused states in tlLogic 'J10', program '0' in phase 0 after tl-index 10
Simulation......
交通灯最大奖励:0.1, 交通灯最小奖励:-2.0
总奖励:-9751.307726407163, 速度奖励:-4494.752248479897, 加速度奖励:-550.9554779271527, 交通灯奖励:-4705.600000000173, 与前车进行交互的惩罚:0.0
Episode:36/100, Reward:-9751.307726407163
Episode:36/100, avg speed:15.181864408558935
Episode:36/100, avg halt num:0.22863805970149254
Episode:36/100, avg elec cons:2.2141209705090894
 Retrying in 1 seconds
Warning: Unused states in tlLogic 'J10', program '0' in phase 0 after tl-index 10
Simulation......
交通灯最大奖励:0.1, 交通灯最小奖励:-2.0
总奖励:-9099.57163967954, 速度奖励:-4604.529952479954, 加速度奖励:-529.1416871995717, 交通灯奖励:-3965.900000000537, 与前车进行交互的惩罚:0.0
Episode:37/100, Reward:-9099.57163967954
Episode:37/100, avg speed:14.785985622212028
Episode:37/100, avg halt num:0.22363981442429354
Episode:37/100, avg elec cons:2.3873581292121315
 Retrying in 1 seconds
Warning: Unused states in tlLogic 'J10', program '0' in phase 0 after tl-index 10
Simulation......
交通灯最大奖励:0.1, 交通灯最小奖励:-2.0
总奖励:-8157.286566324161, 速度奖励:-3965.153671199867, 加速度奖励:-523.0328951243714, 交通灯奖励:-3669.1000000005024, 与前车进行交互的惩罚:0.0
Episode:38/100, Reward:-8157.286566324161
Episode:38/100, avg speed:15.517991141109418
Episode:38/100, avg halt num:0.16280417149478563
Episode:38/100, avg elec cons:2.346459241759295
 Retrying in 1 seconds
Warning: Unused states in tlLogic 'J10', program '0' in phase 0 after tl-index 10
Simulation......
交通灯最大奖励:0.1, 交通灯最小奖励:-2.0
总奖励:-10067.412098423909, 速度奖励:-4915.9758583200355, 加速度奖励:-586.6362401037446, 交通灯奖励:-4564.800000000336, 与前车进行交互的惩罚:0.0
Episode:39/100, Reward:-10067.412098423909
Episode:39/100, avg speed:15.113036801911006
Episode:39/100, avg halt num:0.1811656866136285
Episode:39/100, avg elec cons:2.0366908995099045
 Retrying in 1 seconds
Warning: Unused states in tlLogic 'J10', program '0' in phase 0 after tl-index 10
Simulation......
交通灯最大奖励:0.1, 交通灯最小奖励:-2.0
总奖励:-8851.418721661606, 速度奖励:-4240.001759279878, 加速度奖励:-549.8169623816759, 交通灯奖励:-4061.6000000005147, 与前车进行交互的惩罚:0.0
Episode:40/100, Reward:-8851.418721661606
Episode:40/100, avg speed:15.3141976111827
Episode:40/100, avg halt num:0.17459016393442622
Episode:40/100, avg elec cons:2.0769283980023365
 Retrying in 1 seconds
Warning: Unused states in tlLogic 'J10', program '0' in phase 0 after tl-index 10
Simulation......
交通灯最大奖励:0.1, 交通灯最小奖励:-2.0
总奖励:-8722.804963470391, 速度奖励:-4204.831717839869, 加速度奖励:-548.4732456305426, 交通灯奖励:-3969.5000000004707, 与前车进行交互的惩罚:0.0
Episode:41/100, Reward:-8722.804963470391
Episode:41/100, avg speed:15.276211075928238
Episode:41/100, avg halt num:0.17885808099233858
Episode:41/100, avg elec cons:2.1849150820771968
 Retrying in 1 seconds
Warning: Unused states in tlLogic 'J10', program '0' in phase 0 after tl-index 10
Simulation......
交通灯最大奖励:0.1, 交通灯最小奖励:-2.0
总奖励:-8954.053033676244, 速度奖励:-4323.424961119898, 加速度奖励:-544.3280725563125, 交通灯奖励:-4086.300000000546, 与前车进行交互的惩罚:0.0
Episode:42/100, Reward:-8954.053033676244
Episode:42/100, avg speed:15.148496560471862
Episode:42/100, avg halt num:0.18388825105243015
Episode:42/100, avg elec cons:2.1865100916847573
 Retrying in 1 seconds
Warning: Unused states in tlLogic 'J10', program '0' in phase 0 after tl-index 10
Simulation......
交通灯最大奖励:0.1, 交通灯最小奖励:-2.0
总奖励:-11346.075808137222, 速度奖励:-4547.5588299999745, 加速度奖励:-562.1169781368623, 交通灯奖励:-6236.399999999349, 与前车进行交互的惩罚:0.0
Episode:43/100, Reward:-11346.075808137222
Episode:43/100, avg speed:14.988665541682249
Episode:43/100, avg halt num:0.23783836798744606
Episode:43/100, avg elec cons:2.4831413266916393
 Retrying in 1 seconds
Warning: Unused states in tlLogic 'J10', program '0' in phase 0 after tl-index 10
Simulation......
交通灯最大奖励:0.1, 交通灯最小奖励:-2.0
总奖励:-11469.895980602387, 速度奖励:-4583.645112719924, 加速度奖励:-553.6508678819627, 交通灯奖励:-6332.599999998978, 与前车进行交互的惩罚:0.0
Episode:44/100, Reward:-11469.895980602387
Episode:44/100, avg speed:15.260146683661231
Episode:44/100, avg halt num:0.2462602842183994
Episode:44/100, avg elec cons:2.352566989664103
 Retrying in 1 seconds
Warning: Unused states in tlLogic 'J10', program '0' in phase 0 after tl-index 10
Simulation......
交通灯最大奖励:0.1, 交通灯最小奖励:-2.0
总奖励:-13180.629039106194, 速度奖励:-4976.637961119997, 加速度奖励:-577.1910779855978, 交通灯奖励:-7626.799999999112, 与前车进行交互的惩罚:0.0
Episode:45/100, Reward:-13180.629039106194
Episode:45/100, avg speed:14.79119653440653
Episode:45/100, avg halt num:0.3107632093933464
Episode:45/100, avg elec cons:2.4671583913625095
 Retrying in 1 seconds
Warning: Unused states in tlLogic 'J10', program '0' in phase 0 after tl-index 10
Simulation......
交通灯最大奖励:0.1, 交通灯最小奖励:-2.0
总奖励:-12095.182635037052, 速度奖励:-4340.641476239892, 加速度奖励:-564.1411587967131, 交通灯奖励:-7190.3999999992375, 与前车进行交互的惩罚:0.0
Episode:46/100, Reward:-12095.182635037052
Episode:46/100, avg speed:15.861155932857043
Episode:46/100, avg halt num:0.22787318361955086
Episode:46/100, avg elec cons:2.150416226823722
 Retrying in 1 seconds
Warning: Unused states in tlLogic 'J10', program '0' in phase 0 after tl-index 10
Simulation......
交通灯最大奖励:0.1, 交通灯最小奖励:-2.0
总奖励:-12620.275212092925, 速度奖励:-5632.568372080161, 加速度奖励:-684.6068400121634, 交通灯奖励:-6303.099999999178, 与前车进行交互的惩罚:0.0
Episode:47/100, Reward:-12620.275212092925
Episode:47/100, avg speed:14.68368168016671
Episode:47/100, avg halt num:0.2516165842525675
Episode:47/100, avg elec cons:2.355829457501236
 Retrying in 1 seconds
Warning: Unused states in tlLogic 'J10', program '0' in phase 0 after tl-index 10
Simulation......
交通灯最大奖励:0.1, 交通灯最小奖励:-2.0
总奖励:-9154.270926568866, 速度奖励:-4485.810173599909, 加速度奖励:-527.460752968944, 交通灯奖励:-4141.000000000461, 与前车进行交互的惩罚:0.0
Episode:48/100, Reward:-9154.270926568866
Episode:48/100, avg speed:14.96329116863843
Episode:48/100, avg halt num:0.21757981868348444
Episode:48/100, avg elec cons:2.323766140726536
 Retrying in 1 seconds
Warning: Unused states in tlLogic 'J10', program '0' in phase 0 after tl-index 10
Simulation......
交通灯最大奖励:0.1, 交通灯最小奖励:-2.0
总奖励:-9385.240763031838, 速度奖励:-4192.756088799856, 加速度奖励:-520.9846742318715, 交通灯奖励:-4671.500000000189, 与前车进行交互的惩罚:0.0
Episode:49/100, Reward:-9385.240763031838
Episode:49/100, avg speed:15.680907742784079
Episode:49/100, avg halt num:0.17479611041405269
Episode:49/100, avg elec cons:1.9383692670406552
 Retrying in 1 seconds
Warning: Unused states in tlLogic 'J10', program '0' in phase 0 after tl-index 10
Simulation......
交通灯最大奖励:0.1, 交通灯最小奖励:-2.0
总奖励:-9171.39225264562, 速度奖励:-4422.888424319897, 加速度奖励:-531.3038283256883, 交通灯奖励:-4217.200000000447, 与前车进行交互的惩罚:0.0
Episode:50/100, Reward:-9171.39225264562
Episode:50/100, avg speed:15.097317647180738
Episode:50/100, avg halt num:0.21161825726141079
Episode:50/100, avg elec cons:2.0615214605413605
 Retrying in 1 seconds
Warning: Unused states in tlLogic 'J10', program '0' in phase 0 after tl-index 10
Simulation......
交通灯最大奖励:0.1, 交通灯最小奖励:-2.0
总奖励:-9714.54694692858, 速度奖励:-4236.967965359867, 加速度奖励:-521.9789815686238, 交通灯奖励:-4955.599999999989, 与前车进行交互的惩罚:0.0
Episode:51/100, Reward:-9714.54694692858
Episode:51/100, avg speed:15.785030839929346
Episode:51/100, avg halt num:0.18471710746568462
Episode:51/100, avg elec cons:2.061732539874492
 Retrying in 1 seconds
Warning: Unused states in tlLogic 'J10', program '0' in phase 0 after tl-index 10
Simulation......
交通灯最大奖励:0.1, 交通灯最小奖励:-2.0
总奖励:-9036.447227256194, 速度奖励:-4319.577314799909, 加速度奖励:-504.1699124562374, 交通灯奖励:-4212.700000000445, 与前车进行交互的惩罚:0.0
Episode:52/100, Reward:-9036.447227256194
Episode:52/100, avg speed:15.271065892658205
Episode:52/100, avg halt num:0.2065458579881657
Episode:52/100, avg elec cons:2.1833591677988644
 Retrying in 1 seconds
Warning: Unused states in tlLogic 'J10', program '0' in phase 0 after tl-index 10
Simulation......
交通灯最大奖励:0.1, 交通灯最小奖励:-2.0
总奖励:-9389.15550464666, 速度奖励:-4242.1463064798645, 加速度奖励:-537.4091981666423, 交通灯奖励:-4609.60000000014, 与前车进行交互的惩罚:0.0
Episode:53/100, Reward:-9389.15550464666
Episode:53/100, avg speed:15.35648776791167
Episode:53/100, avg halt num:0.19153430212909767
Episode:53/100, avg elec cons:2.0334394058610172
 Retrying in 1 seconds
Warning: Unused states in tlLogic 'J10', program '0' in phase 0 after tl-index 10
Simulation......
交通灯最大奖励:0.1, 交通灯最小奖励:-2.0
总奖励:-9558.028056747173, 速度奖励:-4494.884804959933, 加速度奖励:-564.4432517871687, 交通灯奖励:-4498.700000000283, 与前车进行交互的惩罚:0.0
Episode:54/100, Reward:-9558.028056747173
Episode:54/100, avg speed:15.244576345881827
Episode:54/100, avg halt num:0.19360239689813183
Episode:54/100, avg elec cons:2.044222195662162
 Retrying in 1 seconds
Warning: Unused states in tlLogic 'J10', program '0' in phase 0 after tl-index 10
Simulation......
交通灯最大奖励:0.1, 交通灯最小奖励:-2.0
总奖励:-8877.285475805305, 速度奖励:-4110.570450879853, 加速度奖励:-509.4150249254983, 交通灯奖励:-4257.300000000399, 与前车进行交互的惩罚:0.0
Episode:55/100, Reward:-8877.285475805305
Episode:55/100, avg speed:14.999446408317477
Episode:55/100, avg halt num:0.20309477756286268
Episode:55/100, avg elec cons:2.3924175654692403
 Retrying in 1 seconds
Warning: Unused states in tlLogic 'J10', program '0' in phase 0 after tl-index 10
Simulation......
交通灯最大奖励:0.1, 交通灯最小奖励:-2.0
总奖励:-12346.48738989683, 速度奖励:-4926.064865119977, 加速度奖励:-594.1225247764517, 交通灯奖励:-6826.299999998948, 与前车进行交互的惩罚:0.0
Episode:56/100, Reward:-12346.48738989683
Episode:56/100, avg speed:14.923834627841448
Episode:56/100, avg halt num:0.25573561544064094
Episode:56/100, avg elec cons:2.276943389801152
 Retrying in 1 seconds
Warning: Unused states in tlLogic 'J10', program '0' in phase 0 after tl-index 10
Simulation......
交通灯最大奖励:0.1, 交通灯最小奖励:-2.0
总奖励:-8431.369430209827, 速度奖励:-4560.34157031994, 加速度奖励:-563.627859889991, 交通灯奖励:-3307.4000000004175, 与前车进行交互的惩罚:0.0
Episode:57/100, Reward:-8431.369430209827
Episode:57/100, avg speed:14.576833191919633
Episode:57/100, avg halt num:0.16987829614604463
Episode:57/100, avg elec cons:2.4074783203513075
 Retrying in 1 seconds
Warning: Unused states in tlLogic 'J10', program '0' in phase 0 after tl-index 10
Simulation......
交通灯最大奖励:0.1, 交通灯最小奖励:-2.0
总奖励:-7273.289321469741, 速度奖励:-4299.614287199931, 加速度奖励:-550.9750342699126, 交通灯奖励:-2422.7000000003536, 与前车进行交互的惩罚:0.0
Episode:58/100, Reward:-7273.289321469741
Episode:58/100, avg speed:14.750855128863758
Episode:58/100, avg halt num:0.12997215592680986
Episode:58/100, avg elec cons:2.585303389468797
 Retrying in 1 seconds
Warning: Unused states in tlLogic 'J10', program '0' in phase 0 after tl-index 10
Simulation......
交通灯最大奖励:0.1, 交通灯最小奖励:-2.0
总奖励:-7700.720249659421, 速度奖励:-4323.350009359926, 加速度奖励:-529.9702402996351, 交通灯奖励:-2847.4000000004175, 与前车进行交互的惩罚:0.0
Episode:59/100, Reward:-7700.720249659421
Episode:59/100, avg speed:15.092412815295825
Episode:59/100, avg halt num:0.1481800766283525
Episode:59/100, avg elec cons:2.2452309722714077
 Retrying in 1 seconds
Warning: Unused states in tlLogic 'J10', program '0' in phase 0 after tl-index 10
Simulation......
交通灯最大奖励:0.1, 交通灯最小奖励:-2.0
总奖励:-8000.184496214562, 速度奖励:-4076.704407679858, 加速度奖励:-532.880088534824, 交通灯奖励:-3390.600000000446, 与前车进行交互的惩罚:0.0
Episode:60/100, Reward:-8000.184496214562
Episode:60/100, avg speed:15.36568581133427
Episode:60/100, avg halt num:0.14724540901502503
Episode:60/100, avg elec cons:2.0707341476743095
 Retrying in 1 seconds
Warning: Unused states in tlLogic 'J10', program '0' in phase 0 after tl-index 10
Simulation......
交通灯最大奖励:0.1, 交通灯最小奖励:-2.0
总奖励:-9330.199921467269, 速度奖励:-4589.689732239961, 加速度奖励:-557.3101892272856, 交通灯奖励:-4183.200000000443, 与前车进行交互的惩罚:0.0
Episode:61/100, Reward:-9330.199921467269
Episode:61/100, avg speed:14.809604855355623
Episode:61/100, avg halt num:0.22043752463539615
Episode:61/100, avg elec cons:2.345932347915947
 Retrying in 1 seconds
Warning: Unused states in tlLogic 'J10', program '0' in phase 0 after tl-index 10
Simulation......
交通灯最大奖励:0.1, 交通灯最小奖励:-2.0
总奖励:-9516.965745356354, 速度奖励:-4393.355505439891, 加速度奖励:-512.1102399163159, 交通灯奖励:-4611.500000000283, 与前车进行交互的惩罚:0.0
Episode:62/100, Reward:-9516.965745356354
Episode:62/100, avg speed:15.156297336164583
Episode:62/100, avg halt num:0.20196658545074836
Episode:62/100, avg elec cons:2.03455586101971
 Retrying in 1 seconds
Warning: Unused states in tlLogic 'J10', program '0' in phase 0 after tl-index 10
Simulation......
交通灯最大奖励:0.1, 交通灯最小奖励:-2.0
总奖励:-9227.725943856793, 速度奖励:-4410.98921095988, 加速度奖励:-523.136732896876, 交通灯奖励:-4293.600000000379, 与前车进行交互的惩罚:0.0
Episode:63/100, Reward:-9227.725943856793
Episode:63/100, avg speed:15.398872024448162
Episode:63/100, avg halt num:0.20377294357579878
Episode:63/100, avg elec cons:2.005476861741188
 Retrying in 1 seconds
Warning: Unused states in tlLogic 'J10', program '0' in phase 0 after tl-index 10
Simulation......
交通灯最大奖励:0.1, 交通灯最小奖励:-2.0
总奖励:-9105.4333812008, 速度奖励:-4393.180065599902, 加速度奖励:-495.2533156008655, 交通灯奖励:-4217.000000000406, 与前车进行交互的惩罚:0.0
Episode:64/100, Reward:-9105.4333812008
Episode:64/100, avg speed:15.21449626498016
Episode:64/100, avg halt num:0.2131549189596683
Episode:64/100, avg elec cons:2.250057408222389
 Retrying in 1 seconds
Warning: Unused states in tlLogic 'J10', program '0' in phase 0 after tl-index 10
Simulation......
交通灯最大奖励:0.1, 交通灯最小奖励:-2.0
总奖励:-8648.87546206788, 速度奖励:-4017.5390218398406, 加速度奖励:-486.5364402280453, 交通灯奖励:-4144.800000000453, 与前车进行交互的惩罚:0.0
Episode:65/100, Reward:-8648.87546206788
Episode:65/100, avg speed:15.577275973227403
Episode:65/100, avg halt num:0.18071740713765477
Episode:65/100, avg elec cons:2.1568766149931857
 Retrying in 1 seconds
Warning: Unused states in tlLogic 'J10', program '0' in phase 0 after tl-index 10
Simulation......
交通灯最大奖励:0.1, 交通灯最小奖励:-2.0
总奖励:-9609.587248211204, 速度奖励:-4494.572966159928, 加速度奖励:-529.4142820511573, 交通灯奖励:-4585.600000000264, 与前车进行交互的惩罚:0.0
Episode:66/100, Reward:-9609.587248211204
Episode:66/100, avg speed:15.699799162033734
Episode:66/100, avg halt num:0.18235580038885288
Episode:66/100, avg elec cons:1.932030214143943
 Retrying in 1 seconds
Warning: Unused states in tlLogic 'J10', program '0' in phase 0 after tl-index 10
Simulation......
交通灯最大奖励:0.1, 交通灯最小奖励:-2.0
总奖励:-9147.521322626999, 速度奖励:-4203.831662159876, 加速度奖励:-523.6896604670501, 交通灯奖励:-4420.000000000298, 与前车进行交互的惩罚:0.0
Episode:67/100, Reward:-9147.521322626999
Episode:67/100, avg speed:15.835525399490667
Episode:67/100, avg halt num:0.17539787798408488
Episode:67/100, avg elec cons:1.9421902340764106
 Retrying in 1 seconds
Warning: Unused states in tlLogic 'J10', program '0' in phase 0 after tl-index 10
Simulation......
交通灯最大奖励:0.1, 交通灯最小奖励:-2.0
总奖励:-8683.136875245495, 速度奖励:-3984.3803527998366, 加速度奖励:-489.75652244572643, 交通灯奖励:-4209.000000000464, 与前车进行交互的惩罚:0.0
Episode:68/100, Reward:-8683.136875245495
Episode:68/100, avg speed:15.760147432841883
Episode:68/100, avg halt num:0.17192294578929423
Episode:68/100, avg elec cons:2.012339005690391
 Retrying in 1 seconds
Warning: Unused states in tlLogic 'J10', program '0' in phase 0 after tl-index 10
Simulation......
交通灯最大奖励:0.1, 交通灯最小奖励:-2.0
总奖励:-9389.788391843842, 速度奖励:-4485.859008639923, 加速度奖励:-519.1293832038497, 交通灯奖励:-4384.800000000356, 与前车进行交互的惩罚:0.0
Episode:69/100, Reward:-9389.788391843842
Episode:69/100, avg speed:15.507458690795536
Episode:69/100, avg halt num:0.18086614173228346
Episode:69/100, avg elec cons:1.9175905277371925
 Retrying in 1 seconds
Warning: Unused states in tlLogic 'J10', program '0' in phase 0 after tl-index 10
Simulation......
交通灯最大奖励:0.1, 交通灯最小奖励:-2.0
总奖励:-9565.590723244703, 速度奖励:-4373.181310959896, 加速度奖励:-550.8094122846916, 交通灯奖励:-4641.600000000144, 与前车进行交互的惩罚:0.0
Episode:70/100, Reward:-9565.590723244703
Episode:70/100, avg speed:15.42065057705022
Episode:70/100, avg halt num:0.1874797800064704
Episode:70/100, avg elec cons:2.041100426347883
 Retrying in 1 seconds
Warning: Unused states in tlLogic 'J10', program '0' in phase 0 after tl-index 10
Simulation......
交通灯最大奖励:0.1, 交通灯最小奖励:-2.0
总奖励:-8766.120787715941, 速度奖励:-3938.497363999841, 加速度奖励:-520.4234237160746, 交通灯奖励:-4307.200000000389, 与前车进行交互的惩罚:0.0
Episode:71/100, Reward:-8766.120787715941
Episode:71/100, avg speed:15.898687444928795
Episode:71/100, avg halt num:0.16117764471057885
Episode:71/100, avg elec cons:1.993787154758378
 Retrying in 1 seconds
Warning: Unused states in tlLogic 'J10', program '0' in phase 0 after tl-index 10
Simulation......
交通灯最大奖励:0.1, 交通灯最小奖励:-2.0
总奖励:-9499.432249328793, 速度奖励:-4381.437195679902, 加速度奖励:-539.1950536487377, 交通灯奖励:-4578.800000000303, 与前车进行交互的惩罚:0.0
Episode:72/100, Reward:-9499.432249328793
Episode:72/100, avg speed:14.696689818008405
Episode:72/100, avg halt num:0.22551984877126655
Episode:72/100, avg elec cons:2.233066472596429
 Retrying in 1 seconds
Warning: Unused states in tlLogic 'J10', program '0' in phase 0 after tl-index 10
Simulation......
交通灯最大奖励:0.1, 交通灯最小奖励:-2.0
总奖励:-9708.611710681425, 速度奖励:-4115.621923599812, 加速度奖励:-516.3897870813718, 交通灯奖励:-5076.599999999996, 与前车进行交互的惩罚:0.0
Episode:73/100, Reward:-9708.611710681425
Episode:73/100, avg speed:15.611684586420655
Episode:73/100, avg halt num:0.18627598674299486
Episode:73/100, avg elec cons:1.8713142704220485
 Retrying in 1 seconds
Warning: Unused states in tlLogic 'J10', program '0' in phase 0 after tl-index 10
Simulation......
交通灯最大奖励:0.1, 交通灯最小奖励:-2.0
总奖励:-9479.999182654989, 速度奖励:-4620.561978479964, 加速度奖励:-544.2372041749705, 交通灯奖励:-4315.200000000363, 与前车进行交互的惩罚:0.0
Episode:74/100, Reward:-9479.999182654989
Episode:74/100, avg speed:15.283475383473107
Episode:74/100, avg halt num:0.21050301098122565
Episode:74/100, avg elec cons:2.041669280483717
 Retrying in 1 seconds
Warning: Unused states in tlLogic 'J10', program '0' in phase 0 after tl-index 10
Simulation......
交通灯最大奖励:0.1, 交通灯最小奖励:-2.0
总奖励:-10538.201663271577, 速度奖励:-4928.934044639984, 加速度奖励:-584.1676186313508, 交通灯奖励:-5025.100000000115, 与前车进行交互的惩罚:0.0
Episode:75/100, Reward:-10538.201663271577
Episode:75/100, avg speed:15.320857912500028
Episode:75/100, avg halt num:0.22488317757009346
Episode:75/100, avg elec cons:1.94611345418881
 Retrying in 1 seconds
Warning: Unused states in tlLogic 'J10', program '0' in phase 0 after tl-index 10
Simulation......
交通灯最大奖励:0.1, 交通灯最小奖励:-2.0
总奖励:-7986.244295219636, 速度奖励:-3732.170999999874, 加速度奖励:-509.47329521988866, 交通灯奖励:-3744.60000000044, 与前车进行交互的惩罚:0.0
Episode:76/100, Reward:-7986.244295219636
Episode:76/100, avg speed:15.502149820869128
Episode:76/100, avg halt num:0.17989417989417988
Episode:76/100, avg elec cons:2.4708523084937544
 Retrying in 1 seconds
Warning: Unused states in tlLogic 'J10', program '0' in phase 0 after tl-index 10
Simulation......
交通灯最大奖励:0.1, 交通灯最小奖励:-2.0
总奖励:-9402.916988454068, 速度奖励:-4608.186406719986, 加速度奖励:-570.6305817340289, 交通灯奖励:-4224.100000000415, 与前车进行交互的惩罚:0.0
Episode:77/100, Reward:-9402.916988454068
Episode:77/100, avg speed:15.116811360320726
Episode:77/100, avg halt num:0.22365785256410256
Episode:77/100, avg elec cons:2.275935419540322
 Retrying in 1 seconds
Warning: Unused states in tlLogic 'J10', program '0' in phase 0 after tl-index 10
Simulation......
交通灯最大奖励:0.1, 交通灯最小奖励:-2.0
总奖励:-8413.861481613349, 速度奖励:-3914.405198479859, 加速度奖励:-510.25628313357345, 交通灯奖励:-3989.2000000004687, 与前车进行交互的惩罚:0.0
Episode:78/100, Reward:-8413.861481613349
Episode:78/100, avg speed:15.177371443428811
Episode:78/100, avg halt num:0.21001184834123224
Episode:78/100, avg elec cons:2.4641198735999925
 Retrying in 1 seconds
Warning: Unused states in tlLogic 'J10', program '0' in phase 0 after tl-index 10
Simulation......
交通灯最大奖励:0.1, 交通灯最小奖励:-2.0
总奖励:-10004.782282780028, 速度奖励:-4610.824636799958, 加速度奖励:-557.8576459799062, 交通灯奖励:-4836.100000000087, 与前车进行交互的惩罚:0.0
Episode:79/100, Reward:-10004.782282780028
Episode:79/100, avg speed:14.977979499094296
Episode:79/100, avg halt num:0.24107835531419705
Episode:79/100, avg elec cons:2.3177775644354432
 Retrying in 1 seconds
Warning: Unused states in tlLogic 'J10', program '0' in phase 0 after tl-index 10
Simulation......
交通灯最大奖励:0.1, 交通灯最小奖励:-2.0
总奖励:-11800.494078429832, 速度奖励:-4540.84031287993, 加速度奖励:-552.9537655493697, 交通灯奖励:-6706.699999999153, 与前车进行交互的惩罚:0.0
Episode:80/100, Reward:-11800.494078429832
Episode:80/100, avg speed:15.229031363624857
Episode:80/100, avg halt num:0.25813371469431534
Episode:80/100, avg elec cons:2.363950367002117
 Retrying in 1 seconds
Warning: Unused states in tlLogic 'J10', program '0' in phase 0 after tl-index 10
Simulation......
交通灯最大奖励:0.1, 交通灯最小奖励:-2.0
总奖励:-9204.588358783538, 速度奖励:-4139.505051439846, 加速度奖励:-538.1833073436751, 交通灯奖励:-4526.900000000423, 与前车进行交互的惩罚:0.0
Episode:81/100, Reward:-9204.588358783538
Episode:81/100, avg speed:15.41028335248622
Episode:81/100, avg halt num:0.20955201777119586
Episode:81/100, avg elec cons:2.2740309947179247
 Retrying in 1 seconds
Warning: Unused states in tlLogic 'J10', program '0' in phase 0 after tl-index 10
Simulation......
交通灯最大奖励:0.1, 交通灯最小奖励:-2.0
总奖励:-9579.364548314063, 速度奖励:-4373.247030399936, 加速度奖励:-530.8175179140896, 交通灯奖励:-4675.300000000327, 与前车进行交互的惩罚:0.0
Episode:82/100, Reward:-9579.364548314063
Episode:82/100, avg speed:15.104850451613585
Episode:82/100, avg halt num:0.2290491539081386
Episode:82/100, avg elec cons:2.407927210279961
 Retrying in 1 seconds
Warning: Unused states in tlLogic 'J10', program '0' in phase 0 after tl-index 10
Simulation......
交通灯最大奖励:0.1, 交通灯最小奖励:-2.0
总奖励:-9583.940669192267, 速度奖励:-4420.874975279928, 加速度奖励:-537.0656939122414, 交通灯奖励:-4626.000000000221, 与前车进行交互的惩罚:0.0
Episode:83/100, Reward:-9583.940669192267
Episode:83/100, avg speed:15.36554512325365
Episode:83/100, avg halt num:0.21197552447552448
Episode:83/100, avg elec cons:2.076092827481114
 Retrying in 1 seconds
Warning: Unused states in tlLogic 'J10', program '0' in phase 0 after tl-index 10
Simulation......
交通灯最大奖励:0.1, 交通灯最小奖励:-2.0
总奖励:-8768.484749738687, 速度奖励:-4095.32027575984, 加速度奖励:-532.0644739788111, 交通灯奖励:-4141.100000000494, 与前车进行交互的惩罚:0.0
Episode:84/100, Reward:-8768.484749738687
Episode:84/100, avg speed:15.14731402433984
Episode:84/100, avg halt num:0.20575309628445865
Episode:84/100, avg elec cons:2.2883190368982125
 Retrying in 1 seconds
Warning: Unused states in tlLogic 'J10', program '0' in phase 0 after tl-index 10
Simulation......
交通灯最大奖励:0.1, 交通灯最小奖励:-2.0
总奖励:-10018.716424206403, 速度奖励:-4421.124875839922, 加速度奖励:-563.7915483663862, 交通灯奖励:-5033.800000000068, 与前车进行交互的惩罚:0.0
Episode:85/100, Reward:-10018.716424206403
Episode:85/100, avg speed:15.58148441991341
Episode:85/100, avg halt num:0.1992704445198507
Episode:85/100, avg elec cons:1.978620660753171
 Retrying in 1 seconds
Warning: Unused states in tlLogic 'J10', program '0' in phase 0 after tl-index 10
Simulation......
交通灯最大奖励:0.1, 交通灯最小奖励:-2.0
总奖励:-9435.976474692838, 速度奖励:-4104.620071359815, 加速度奖励:-537.7564033328415, 交通灯奖励:-4793.600000000105, 与前车进行交互的惩罚:0.0
Episode:86/100, Reward:-9435.976474692838
Episode:86/100, avg speed:15.81622800351313
Episode:86/100, avg halt num:0.1706619239096814
Episode:86/100, avg elec cons:1.911027340956048
 Retrying in 1 seconds
Warning: Unused states in tlLogic 'J10', program '0' in phase 0 after tl-index 10
Simulation......
交通灯最大奖励:0.1, 交通灯最小奖励:-2.0
总奖励:-10276.147876125404, 速度奖励:-4904.284420000042, 加速度奖励:-570.7634561252495, 交通灯奖励:-4801.100000000295, 与前车进行交互的惩罚:0.0
Episode:87/100, Reward:-10276.147876125404
Episode:87/100, avg speed:14.88122699450274
Episode:87/100, avg halt num:0.26164725457570714
Episode:87/100, avg elec cons:2.3299049749720693
 Retrying in 1 seconds
Warning: Unused states in tlLogic 'J10', program '0' in phase 0 after tl-index 10
Simulation......
交通灯最大奖励:0.1, 交通灯最小奖励:-2.0
总奖励:-10011.601583204669, 速度奖励:-4739.352891119986, 加速度奖励:-553.4486920845842, 交通灯奖励:-4718.800000000281, 与前车进行交互的惩罚:0.0
Episode:88/100, Reward:-10011.601583204669
Episode:88/100, avg speed:15.269747059078712
Episode:88/100, avg halt num:0.2281936813186813
Episode:88/100, avg elec cons:1.9957006343411272
 Retrying in 1 seconds
Warning: Unused states in tlLogic 'J10', program '0' in phase 0 after tl-index 10
Simulation......
交通灯最大奖励:0.1, 交通灯最小奖励:-2.0
总奖励:-9847.561459497167, 速度奖励:-4637.641045999956, 加速度奖励:-576.7204134971373, 交通灯奖励:-4633.200000000257, 与前车进行交互的惩罚:0.0
Episode:89/100, Reward:-9847.561459497167
Episode:89/100, avg speed:14.958228497198578
Episode:89/100, avg halt num:0.2288199697428139
Episode:89/100, avg elec cons:2.24614772672307
 Retrying in 1 seconds
Warning: Unused states in tlLogic 'J10', program '0' in phase 0 after tl-index 10
Simulation......
交通灯最大奖励:0.1, 交通灯最小奖励:-2.0
总奖励:-8817.1132898611, 速度奖励:-4008.7648987198477, 加速度奖励:-538.4483911412785, 交通灯奖励:-4269.900000000414, 与前车进行交互的惩罚:0.0
Episode:90/100, Reward:-8817.1132898611
Episode:90/100, avg speed:15.232080487172666
Episode:90/100, avg halt num:0.2069640062597809
Episode:90/100, avg elec cons:2.3869152892008176
 Retrying in 1 seconds
Warning: Unused states in tlLogic 'J10', program '0' in phase 0 after tl-index 10
Simulation......
交通灯最大奖励:0.1, 交通灯最小奖励:-2.0
总奖励:-9551.371183029427, 速度奖励:-4483.6204818399165, 加速度奖励:-550.3507011894094, 交通灯奖励:-4517.400000000354, 与前车进行交互的惩罚:0.0
Episode:91/100, Reward:-9551.371183029427
Episode:91/100, avg speed:14.831549155690102
Episode:91/100, avg halt num:0.23283640643389564
Episode:91/100, avg elec cons:2.315562877878525
 Retrying in 1 seconds
Warning: Unused states in tlLogic 'J10', program '0' in phase 0 after tl-index 10
Simulation......
交通灯最大奖励:0.1, 交通灯最小奖励:-2.0
总奖励:-9448.000101954307, 速度奖励:-4498.256340159934, 加速度奖励:-534.0437617943696, 交通灯奖励:-4415.700000000425, 与前车进行交互的惩罚:0.0
Episode:92/100, Reward:-9448.000101954307
Episode:92/100, avg speed:14.979822646067326
Episode:92/100, avg halt num:0.22772089495638984
Episode:92/100, avg elec cons:2.2280677606670367
 Retrying in 1 seconds
Warning: Unused states in tlLogic 'J10', program '0' in phase 0 after tl-index 10
Simulation......
交通灯最大奖励:0.1, 交通灯最小奖励:-2.0
总奖励:-9339.450919507992, 速度奖励:-4520.232002639925, 加速度奖励:-528.0189168680669, 交通灯奖励:-4291.200000000394, 与前车进行交互的惩罚:0.0
Episode:93/100, Reward:-9339.450919507992
Episode:93/100, avg speed:14.866140315735555
Episode:93/100, avg halt num:0.24577702702702703
Episode:93/100, avg elec cons:2.449846832806458
 Retrying in 1 seconds
Warning: Unused states in tlLogic 'J10', program '0' in phase 0 after tl-index 10
Simulation......
交通灯最大奖励:0.1, 交通灯最小奖励:-2.0
总奖励:-9366.327392118046, 速度奖励:-4244.274525919864, 加速度奖励:-497.05286619807003, 交通灯奖励:-4625.000000000189, 与前车进行交互的惩罚:0.0
Episode:94/100, Reward:-9366.327392118046
Episode:94/100, avg speed:15.495949126724629
Episode:94/100, avg halt num:0.19803323160393355
Episode:94/100, avg elec cons:2.0680806491813333
 Retrying in 1 seconds
Warning: Unused states in tlLogic 'J10', program '0' in phase 0 after tl-index 10
Simulation......
交通灯最大奖励:0.1, 交通灯最小奖励:-2.0
总奖励:-9838.075103150057, 速度奖励:-4584.789032399964, 加速度奖励:-487.8860707499596, 交通灯奖励:-4765.400000000265, 与前车进行交互的惩罚:0.0
Episode:95/100, Reward:-9838.075103150057
Episode:95/100, avg speed:14.696026284219068
Episode:95/100, avg halt num:0.253750493485985
Episode:95/100, avg elec cons:2.356912278953202
 Retrying in 1 seconds
Warning: Unused states in tlLogic 'J10', program '0' in phase 0 after tl-index 10
Simulation......
交通灯最大奖励:0.1, 交通灯最小奖励:-2.0
总奖励:-9141.930249215042, 速度奖励:-4080.6120955198458, 加速度奖励:-493.1181536950982, 交通灯奖励:-4568.200000000217, 与前车进行交互的惩罚:0.0
Episode:96/100, Reward:-9141.930249215042
Episode:96/100, avg speed:15.231708902331047
Episode:96/100, avg halt num:0.21906614785992218
Episode:96/100, avg elec cons:2.424044929220938
 Retrying in 1 seconds
Warning: Unused states in tlLogic 'J10', program '0' in phase 0 after tl-index 10
Simulation......
交通灯最大奖励:0.1, 交通灯最小奖励:-2.0
总奖励:-9345.686239584216, 速度奖励:-4539.266534879954, 加速度奖励:-502.2197047042512, 交通灯奖励:-4304.200000000474, 与前车进行交互的惩罚:0.0
Episode:97/100, Reward:-9345.686239584216
Episode:97/100, avg speed:15.020375630099258
Episode:97/100, avg halt num:0.23335326953748006
Episode:97/100, avg elec cons:2.3196987697011586
 Retrying in 1 seconds
Warning: Unused states in tlLogic 'J10', program '0' in phase 0 after tl-index 10
Simulation......
交通灯最大奖励:0.1, 交通灯最小奖励:-2.0
总奖励:-8584.011089969696, 速度奖励:-3763.048283839865, 加速度奖励:-511.3628061298829, 交通灯奖励:-4309.600000000366, 与前车进行交互的惩罚:0.0
Episode:98/100, Reward:-8584.011089969696
Episode:98/100, avg speed:15.251091887414747
Episode:98/100, avg halt num:0.1962570056044836
Episode:98/100, avg elec cons:2.4566016514147457
 Retrying in 1 seconds
Warning: Unused states in tlLogic 'J10', program '0' in phase 0 after tl-index 10
Simulation......
交通灯最大奖励:0.1, 交通灯最小奖励:-2.0
总奖励:-8871.399330998445, 速度奖励:-4165.695630799869, 加速度奖励:-492.7037001985845, 交通灯奖励:-4213.000000000461, 与前车进行交互的惩罚:0.0
Episode:99/100, Reward:-8871.399330998445
Episode:99/100, avg speed:15.822469197582437
Episode:99/100, avg halt num:0.18041871921182265
Episode:99/100, avg elec cons:2.072315025699776
 Retrying in 1 seconds
Warning: Unused states in tlLogic 'J10', program '0' in phase 0 after tl-index 10
Simulation......
交通灯最大奖励:0.1, 交通灯最小奖励:-2.0
总奖励:-8637.642736256035, 速度奖励:-4013.263675679848, 加速度奖励:-498.4790605761737, 交通灯奖励:-4125.900000000531, 与前车进行交互的惩罚:0.0
Episode:100/100, Reward:-8637.642736256035
Episode:100/100, avg speed:15.8035404712026
Episode:100/100, avg halt num:0.17233424470266576
Episode:100/100, avg elec cons:2.0274901870692514
model saved successfully!
Complete training!
final reward list:[-13986.381475650624, -10520.8295510823, -11054.410689739241, -9451.118423692287, -12662.86510999041, -10153.411232297809, -9580.515894620336, -9890.169761627254, -9838.122141482107, -10354.700797064199, -12033.518637094421, -9195.513612221328, -11232.128403337067, -9420.88407351881, -12304.372109417553, -9389.805736630675, -9574.79678421924, -10726.140770258291, -10596.802117877742, -8768.549715328205, -8779.006705835924, -8922.160194844415, -9548.290175754735, -10813.405340145784, -9089.12800565353, -9492.856903424736, -9139.254121567139, -9514.706323410172, -9925.214779702745, -9070.828789832438, -9502.19483825523, -9394.093229225591, -9342.510426593712, -9795.474471399353, -8261.708146272467, -9751.307726407163, -9099.57163967954, -8157.286566324161, -10067.412098423909, -8851.418721661606, -8722.804963470391, -8954.053033676244, -11346.075808137222, -11469.895980602387, -13180.629039106194, -12095.182635037052, -12620.275212092925, -9154.270926568866, -9385.240763031838, -9171.39225264562, -9714.54694692858, -9036.447227256194, -9389.15550464666, -9558.028056747173, -8877.285475805305, -12346.48738989683, -8431.369430209827, -7273.289321469741, -7700.720249659421, -8000.184496214562, -9330.199921467269, -9516.965745356354, -9227.725943856793, -9105.4333812008, -8648.87546206788, -9609.587248211204, -9147.521322626999, -8683.136875245495, -9389.788391843842, -9565.590723244703, -8766.120787715941, -9499.432249328793, -9708.611710681425, -9479.999182654989, -10538.201663271577, -7986.244295219636, -9402.916988454068, -8413.861481613349, -10004.782282780028, -11800.494078429832, -9204.588358783538, -9579.364548314063, -9583.940669192267, -8768.484749738687, -10018.716424206403, -9435.976474692838, -10276.147876125404, -10011.601583204669, -9847.561459497167, -8817.1132898611, -9551.371183029427, -9448.000101954307, -9339.450919507992, -9366.327392118046, -9838.075103150057, -9141.930249215042, -9345.686239584216, -8584.011089969696, -8871.399330998445, -8637.642736256035]
final speed list:[15.410016654793695, 15.652701530543357, 15.23752026231189, 14.851603382435643, 14.457096372252453, 15.019795848901502, 15.492536391578861, 15.613442654439481, 15.444878495070686, 15.119030304077699, 15.763345434837076, 15.415851675877565, 15.544938739075715, 15.339297233139195, 15.438438997150794, 14.970792092759304, 15.359303629457736, 14.699951152526648, 15.124598101534275, 15.255794330148252, 15.050599042648006, 15.321804787577882, 15.547213950603831, 14.904450133003317, 15.509909771475865, 14.876929948939448, 15.287580923230363, 14.6365134117828, 14.94417398116219, 15.515334235055168, 15.393295482027902, 14.970048623104786, 15.302642423417138, 15.476877790867162, 15.380244238708608, 15.181864408558935, 14.785985622212028, 15.517991141109418, 15.113036801911006, 15.3141976111827, 15.276211075928238, 15.148496560471862, 14.988665541682249, 15.260146683661231, 14.79119653440653, 15.861155932857043, 14.68368168016671, 14.96329116863843, 15.680907742784079, 15.097317647180738, 15.785030839929346, 15.271065892658205, 15.35648776791167, 15.244576345881827, 14.999446408317477, 14.923834627841448, 14.576833191919633, 14.750855128863758, 15.092412815295825, 15.36568581133427, 14.809604855355623, 15.156297336164583, 15.398872024448162, 15.21449626498016, 15.577275973227403, 15.699799162033734, 15.835525399490667, 15.760147432841883, 15.507458690795536, 15.42065057705022, 15.898687444928795, 14.696689818008405, 15.611684586420655, 15.283475383473107, 15.320857912500028, 15.502149820869128, 15.116811360320726, 15.177371443428811, 14.977979499094296, 15.229031363624857, 15.41028335248622, 15.104850451613585, 15.36554512325365, 15.14731402433984, 15.58148441991341, 15.81622800351313, 14.88122699450274, 15.269747059078712, 14.958228497198578, 15.232080487172666, 14.831549155690102, 14.979822646067326, 14.866140315735555, 15.495949126724629, 14.696026284219068, 15.231708902331047, 15.020375630099258, 15.251091887414747, 15.822469197582437, 15.8035404712026]
final elec cons list:[1.98910509294745, 2.262933417163079, 1.8861466585774949, 2.2971296426365444, 2.4068426519048827, 2.056218717416555, 2.058907434836597, 1.94279060873922, 1.990517006919122, 2.1634571041440536, 2.1296677029075126, 2.038508524992526, 1.9563884796981152, 2.133300952498029, 2.276290915860725, 2.1768735289699594, 2.0919109760753902, 2.5206703947019906, 2.2198096298701233, 2.177802248561022, 2.2989270261925476, 2.3189218563091654, 2.172405580359328, 2.0701797779592757, 2.086538650674453, 2.1380376762100544, 2.046847479454102, 2.321888267688689, 2.213220419151764, 2.165512656784311, 2.2584799107058107, 2.193468335345926, 2.1658820438432644, 2.1141832187971947, 2.201418053684087, 2.2141209705090894, 2.3873581292121315, 2.346459241759295, 2.0366908995099045, 2.0769283980023365, 2.1849150820771968, 2.1865100916847573, 2.4831413266916393, 2.352566989664103, 2.4671583913625095, 2.150416226823722, 2.355829457501236, 2.323766140726536, 1.9383692670406552, 2.0615214605413605, 2.061732539874492, 2.1833591677988644, 2.0334394058610172, 2.044222195662162, 2.3924175654692403, 2.276943389801152, 2.4074783203513075, 2.585303389468797, 2.2452309722714077, 2.0707341476743095, 2.345932347915947, 2.03455586101971, 2.005476861741188, 2.250057408222389, 2.1568766149931857, 1.932030214143943, 1.9421902340764106, 2.012339005690391, 1.9175905277371925, 2.041100426347883, 1.993787154758378, 2.233066472596429, 1.8713142704220485, 2.041669280483717, 1.94611345418881, 2.4708523084937544, 2.275935419540322, 2.4641198735999925, 2.3177775644354432, 2.363950367002117, 2.2740309947179247, 2.407927210279961, 2.076092827481114, 2.2883190368982125, 1.978620660753171, 1.911027340956048, 2.3299049749720693, 1.9957006343411272, 2.24614772672307, 2.3869152892008176, 2.315562877878525, 2.2280677606670367, 2.449846832806458, 2.0680806491813333, 2.356912278953202, 2.424044929220938, 2.3196987697011586, 2.4566016514147457, 2.072315025699776, 2.0274901870692514]
final halt list:[0.23918657198192383, 0.19619584360690384, 0.19666775563541328, 0.1999616564417178, 0.21937953263497179, 0.21873883529832083, 0.1890849897189856, 0.19224110796348756, 0.1944354051415555, 0.22128259337561662, 0.23157104736490994, 0.1915774939592682, 0.18234922639722134, 0.20220326936744848, 0.2700519866320089, 0.14562737642585552, 0.1786333680194242, 0.2544606650446066, 0.2318657524359437, 0.1623299319727891, 0.1906944986344128, 0.20191578148710168, 0.19115657761244503, 0.19573835480673935, 0.16570751523358157, 0.19455140546784752, 0.18567662565905096, 0.24402834008097166, 0.2306841046277666, 0.19739145658263305, 0.20503191888847164, 0.22008384146341464, 0.19898316970546984, 0.2047126839523476, 0.15787518573551262, 0.22863805970149254, 0.22363981442429354, 0.16280417149478563, 0.1811656866136285, 0.17459016393442622, 0.17885808099233858, 0.18388825105243015, 0.23783836798744606, 0.2462602842183994, 0.3107632093933464, 0.22787318361955086, 0.2516165842525675, 0.21757981868348444, 0.17479611041405269, 0.21161825726141079, 0.18471710746568462, 0.2065458579881657, 0.19153430212909767, 0.19360239689813183, 0.20309477756286268, 0.25573561544064094, 0.16987829614604463, 0.12997215592680986, 0.1481800766283525, 0.14724540901502503, 0.22043752463539615, 0.20196658545074836, 0.20377294357579878, 0.2131549189596683, 0.18071740713765477, 0.18235580038885288, 0.17539787798408488, 0.17192294578929423, 0.18086614173228346, 0.1874797800064704, 0.16117764471057885, 0.22551984877126655, 0.18627598674299486, 0.21050301098122565, 0.22488317757009346, 0.17989417989417988, 0.22365785256410256, 0.21001184834123224, 0.24107835531419705, 0.25813371469431534, 0.20955201777119586, 0.2290491539081386, 0.21197552447552448, 0.20575309628445865, 0.1992704445198507, 0.1706619239096814, 0.26164725457570714, 0.2281936813186813, 0.2288199697428139, 0.2069640062597809, 0.23283640643389564, 0.22772089495638984, 0.24577702702702703, 0.19803323160393355, 0.253750493485985, 0.21906614785992218, 0.23335326953748006, 0.1962570056044836, 0.18041871921182265, 0.17233424470266576]
speed reward list:[-5183.428798160056, -4438.522441279921, -5226.709338240075, -4275.452376799896, -5934.102973120167, -4658.491653519933, -4416.3825955999155, -4189.949084319833, -4352.24354335989, -4724.7210411199785, -4570.582322319933, -4332.256533759882, -4480.022920479939, -4412.437380479901, -4839.978159839997, -4475.788088159958, -4551.342169359977, -4460.959540639936, -4902.396116799997, -4451.778367359931, -4531.9887715199575, -4128.389526239836, -4585.612997039935, -5277.83806920004, -4371.857525999897, -4871.651866800019, -4395.053324719913, -4592.95104143994, -4738.768591440002, -4226.042237359865, -4169.797989599867, -4650.596686479952, -4230.865594719875, -4377.146111759879, -4046.9388915998784, -4494.752248479897, -4604.529952479954, -3965.153671199867, -4915.9758583200355, -4240.001759279878, -4204.831717839869, -4323.424961119898, -4547.5588299999745, -4583.645112719924, -4976.637961119997, -4340.641476239892, -5632.568372080161, -4485.810173599909, -4192.756088799856, -4422.888424319897, -4236.967965359867, -4319.577314799909, -4242.1463064798645, -4494.884804959933, -4110.570450879853, -4926.064865119977, -4560.34157031994, -4299.614287199931, -4323.350009359926, -4076.704407679858, -4589.689732239961, -4393.355505439891, -4410.98921095988, -4393.180065599902, -4017.5390218398406, -4494.572966159928, -4203.831662159876, -3984.3803527998366, -4485.859008639923, -4373.181310959896, -3938.497363999841, -4381.437195679902, -4115.621923599812, -4620.561978479964, -4928.934044639984, -3732.170999999874, -4608.186406719986, -3914.405198479859, -4610.824636799958, -4540.84031287993, -4139.505051439846, -4373.247030399936, -4420.874975279928, -4095.32027575984, -4421.124875839922, -4104.620071359815, -4904.284420000042, -4739.352891119986, -4637.641045999956, -4008.7648987198477, -4483.6204818399165, -4498.256340159934, -4520.232002639925, -4244.274525919864, -4584.789032399964, -4080.6120955198458, -4539.266534879954, -3763.048283839865, -4165.695630799869, -4013.263675679848]
accel reward list:[-573.7526774900896, -502.50710980209254, -595.1013514989822, -540.366046892227, -676.7621368697777, -520.0195787776904, -518.8332990202756, -517.9206773071725, -513.8785981219903, -547.8797559440327, -562.4363147739471, -511.1570784613398, -574.0054828569029, -501.8466930388354, -565.4939495772413, -565.0176484706398, -587.3546148592238, -542.5812296180159, -576.4060010775025, -551.9713479683372, -541.1179343160114, -490.17066860446755, -553.6771787147425, -618.8672709455814, -539.4704796536125, -549.905036624684, -536.9007968471757, -510.1552819701139, -553.2461882626345, -497.9865524725433, -507.2968486551904, -545.9965427456225, -538.8448318737817, -547.6283596393451, -517.6692546726598, -550.9554779271527, -529.1416871995717, -523.0328951243714, -586.6362401037446, -549.8169623816759, -548.4732456305426, -544.3280725563125, -562.1169781368623, -553.6508678819627, -577.1910779855978, -564.1411587967131, -684.6068400121634, -527.460752968944, -520.9846742318715, -531.3038283256883, -521.9789815686238, -504.1699124562374, -537.4091981666423, -564.4432517871687, -509.4150249254983, -594.1225247764517, -563.627859889991, -550.9750342699126, -529.9702402996351, -532.880088534824, -557.3101892272856, -512.1102399163159, -523.136732896876, -495.2533156008655, -486.5364402280453, -529.4142820511573, -523.6896604670501, -489.75652244572643, -519.1293832038497, -550.8094122846916, -520.4234237160746, -539.1950536487377, -516.3897870813718, -544.2372041749705, -584.1676186313508, -509.47329521988866, -570.6305817340289, -510.25628313357345, -557.8576459799062, -552.9537655493697, -538.1833073436751, -530.8175179140896, -537.0656939122414, -532.0644739788111, -563.7915483663862, -537.7564033328415, -570.7634561252495, -553.4486920845842, -576.7204134971373, -538.4483911412785, -550.3507011894094, -534.0437617943696, -528.0189168680669, -497.05286619807003, -487.8860707499596, -493.1181536950982, -502.2197047042512, -511.3628061298829, -492.7037001985845, -498.4790605761737]
tls reward list:[-8229.199999999031, -5579.799999999532, -5232.599999999909, -4635.300000000284, -6051.999999999271, -4974.900000000143, -4645.300000000237, -5182.299999999997, -4972.000000000053, -5082.100000000085, -6900.499999999153, -4352.100000000404, -6178.099999999459, -4506.600000000279, -6898.899999999299, -4349.00000000044, -4436.100000000322, -5722.599999999773, -5117.999999999929, -3764.800000000552, -3705.9000000004485, -4303.600000000368, -4409.000000000399, -4916.69999999995, -4177.800000000456, -4071.3000000005927, -4207.300000000438, -4411.60000000036, -4633.200000000319, -4346.8000000004085, -4825.100000000264, -4197.500000000441, -4572.800000000303, -4870.700000000088, -3697.1000000004065, -4705.600000000173, -3965.900000000537, -3669.1000000005024, -4564.800000000336, -4061.6000000005147, -3969.5000000004707, -4086.300000000546, -6236.399999999349, -6332.599999998978, -7626.799999999112, -7190.3999999992375, -6303.099999999178, -4141.000000000461, -4671.500000000189, -4217.200000000447, -4955.599999999989, -4212.700000000445, -4609.60000000014, -4498.700000000283, -4257.300000000399, -6826.299999998948, -3307.4000000004175, -2422.7000000003536, -2847.4000000004175, -3390.600000000446, -4183.200000000443, -4611.500000000283, -4293.600000000379, -4217.000000000406, -4144.800000000453, -4585.600000000264, -4420.000000000298, -4209.000000000464, -4384.800000000356, -4641.600000000144, -4307.200000000389, -4578.800000000303, -5076.599999999996, -4315.200000000363, -5025.100000000115, -3744.60000000044, -4224.100000000415, -3989.2000000004687, -4836.100000000087, -6706.699999999153, -4526.900000000423, -4675.300000000327, -4626.000000000221, -4141.100000000494, -5033.800000000068, -4793.600000000105, -4801.100000000295, -4718.800000000281, -4633.200000000257, -4269.900000000414, -4517.400000000354, -4415.700000000425, -4291.200000000394, -4625.000000000189, -4765.400000000265, -4568.200000000217, -4304.200000000474, -4309.600000000366, -4213.000000000461, -4125.900000000531]
extra reward list:[0.0, 0.0, 0.0, 0.0, 0.0, 0.0, 0.0, 0.0, 0.0, 0.0, 0.0, 0.0, 0.0, 0.0, 0.0, 0.0, 0.0, 0.0, 0.0, 0.0, 0.0, 0.0, 0.0, 0.0, 0.0, 0.0, 0.0, 0.0, 0.0, 0.0, 0.0, 0.0, 0.0, 0.0, 0.0, 0.0, 0.0, 0.0, 0.0, 0.0, 0.0, 0.0, 0.0, 0.0, 0.0, 0.0, 0.0, 0.0, 0.0, 0.0, 0.0, 0.0, 0.0, 0.0, 0.0, 0.0, 0.0, 0.0, 0.0, 0.0, 0.0, 0.0, 0.0, 0.0, 0.0, 0.0, 0.0, 0.0, 0.0, 0.0, 0.0, 0.0, 0.0, 0.0, 0.0, 0.0, 0.0, 0.0, 0.0, 0.0, 0.0, 0.0, 0.0, 0.0, 0.0, 0.0, 0.0, 0.0, 0.0, 0.0, 0.0, 0.0, 0.0, 0.0, 0.0, 0.0, 0.0, 0.0, 0.0, 0.0]
