nohup: 忽略输入
Env:SUMO, Algorithm:DDPG, Device:cuda
-----------------------------------------
models/reward_s0.07_a8e-2_t(-2_0.1).pth
-----------------------------------------
 Retrying in 1 seconds
Warning: Unused states in tlLogic 'J10', program '0' in phase 0 after tl-index 10
Simulation......
交通灯最大奖励:0.1, 交通灯最小奖励:-2.0
总奖励:-14890.526742686967, 速度奖励:-4887.862460390019, 加速度奖励:-1559.0642822972718, 交通灯奖励:-8443.599999998936, 与前车进行交互的惩罚:0.0
Episode:1/100, Reward:-14890.526742686967
Episode:1/100, avg speed:15.218084123293895
Episode:1/100, avg halt num:0.2442741935483871
Episode:1/100, avg elec cons:1.9050635087819732
 Retrying in 1 seconds
Warning: Unused states in tlLogic 'J10', program '0' in phase 0 after tl-index 10
Simulation......
交通灯最大奖励:0.1, 交通灯最小奖励:-2.0
总奖励:-10718.20501312979, 速度奖励:-3781.943682719882, 加速度奖励:-1353.8613304100656, 交通灯奖励:-5582.399999999634, 与前车进行交互的惩罚:0.0
Episode:2/100, Reward:-10718.20501312979
Episode:2/100, avg speed:15.641357774496196
Episode:2/100, avg halt num:0.19711369236184442
Episode:2/100, avg elec cons:2.203113711031827
 Retrying in 1 seconds
Warning: Unused states in tlLogic 'J10', program '0' in phase 0 after tl-index 10
Simulation......
交通灯最大奖励:0.1, 交通灯最小奖励:-2.0
总奖励:-12626.448640709645, 速度奖励:-4552.974511049974, 加速度奖励:-1598.7741296600125, 交通灯奖励:-6474.699999999617, 与前车进行交互的惩罚:0.0
Episode:3/100, Reward:-12626.448640709645
Episode:3/100, avg speed:15.368124917739143
Episode:3/100, avg halt num:0.21716101694915255
Episode:3/100, avg elec cons:1.9176191103570048
 Retrying in 1 seconds
Warning: Unused states in tlLogic 'J10', program '0' in phase 0 after tl-index 10
Simulation......
交通灯最大奖励:0.1, 交通灯最小奖励:-2.0
总奖励:-10395.726980576737, 速度奖励:-3911.055797879876, 加速度奖励:-1483.5711826970585, 交通灯奖励:-5001.100000000026, 与前车进行交互的惩罚:0.0
Episode:4/100, Reward:-10395.726980576737
Episode:4/100, avg speed:14.780430453911448
Episode:4/100, avg halt num:0.206367472190257
Episode:4/100, avg elec cons:2.3209903529383045
 Retrying in 1 seconds
Warning: Unused states in tlLogic 'J10', program '0' in phase 0 after tl-index 10
Simulation......
交通灯最大奖励:0.1, 交通灯最小奖励:-2.0
总奖励:-9939.498245195551, 速度奖励:-3809.518106379885, 加速度奖励:-1392.8801388158056, 交通灯奖励:-4737.10000000023, 与前车进行交互的惩罚:0.0
Episode:5/100, Reward:-9939.498245195551
Episode:5/100, avg speed:15.210471774660244
Episode:5/100, avg halt num:0.21267605633802816
Episode:5/100, avg elec cons:2.46641970800033
 Retrying in 1 seconds
Warning: Unused states in tlLogic 'J10', program '0' in phase 0 after tl-index 10
Simulation......
交通灯最大奖励:0.1, 交通灯最小奖励:-2.0
总奖励:-10723.461383183992, 速度奖励:-4092.306394959868, 加速度奖励:-1397.4549882243311, 交通灯奖励:-5233.699999999944, 与前车进行交互的惩罚:0.0
Episode:6/100, Reward:-10723.461383183992
Episode:6/100, avg speed:15.030855437928492
Episode:6/100, avg halt num:0.21107142857142858
Episode:6/100, avg elec cons:2.169341198340028
 Retrying in 1 seconds
Warning: Unused states in tlLogic 'J10', program '0' in phase 0 after tl-index 10
Simulation......
交通灯最大奖励:0.1, 交通灯最小奖励:-2.0
总奖励:-13189.564507922476, 速度奖励:-5770.433799480157, 加速度奖励:-1901.0307084426847, 交通灯奖励:-5518.099999999593, 与前车进行交互的惩罚:0.0
Episode:7/100, Reward:-13189.564507922476
Episode:7/100, avg speed:14.177015565771672
Episode:7/100, avg halt num:0.2203462461432979
Episode:7/100, avg elec cons:1.7911403876656957
 Retrying in 1 seconds
Warning: Unused states in tlLogic 'J10', program '0' in phase 0 after tl-index 10
Simulation......
交通灯最大奖励:0.1, 交通灯最小奖励:-2.0
总奖励:-10210.535567301167, 速度奖励:-4001.574640909879, 加速度奖励:-1628.6609263913874, 交通灯奖励:-4580.3000000002585, 与前车进行交互的惩罚:0.0
Episode:8/100, Reward:-10210.535567301167
Episode:8/100, avg speed:15.159231405388903
Episode:8/100, avg halt num:0.16163046899590808
Episode:8/100, avg elec cons:1.845850783205289
 Retrying in 1 seconds
Warning: Unused states in tlLogic 'J10', program '0' in phase 0 after tl-index 10
Simulation......
交通灯最大奖励:0.1, 交通灯最小奖励:-2.0
总奖励:-10009.872754655464, 速度奖励:-3738.5438851598738, 加速度奖励:-1357.0288694957937, 交通灯奖励:-4914.3000000001375, 与前车进行交互的惩罚:0.0
Episode:9/100, Reward:-10009.872754655464
Episode:9/100, avg speed:15.460502530402039
Episode:9/100, avg halt num:0.18505541069100392
Episode:9/100, avg elec cons:1.9818104714123332
 Retrying in 1 seconds
Warning: Unused states in tlLogic 'J10', program '0' in phase 0 after tl-index 10
Simulation......
交通灯最大奖励:0.1, 交通灯最小奖励:-2.0
总奖励:-9629.094715743715, 速度奖励:-3977.3982007198647, 加速度奖励:-1345.5965150240067, 交通灯奖励:-4306.10000000041, 与前车进行交互的惩罚:0.0
Episode:10/100, Reward:-9629.094715743715
Episode:10/100, avg speed:15.174142464325676
Episode:10/100, avg halt num:0.20255281690140844
Episode:10/100, avg elec cons:2.052463145874915
 Retrying in 1 seconds
Warning: Unused states in tlLogic 'J10', program '0' in phase 0 after tl-index 10
Simulation......
交通灯最大奖励:0.1, 交通灯最小奖励:-2.0
总奖励:-10797.947295025004, 速度奖励:-3860.5640887798827, 加速度奖励:-1382.1832062452743, 交通灯奖励:-5555.199999999677, 与前车进行交互的惩罚:0.0
Episode:11/100, Reward:-10797.947295025004
Episode:11/100, avg speed:15.8112168503349
Episode:11/100, avg halt num:0.19913275517011342
Episode:11/100, avg elec cons:2.0319262493357826
 Retrying in 1 seconds
Warning: Unused states in tlLogic 'J10', program '0' in phase 0 after tl-index 10
Simulation......
交通灯最大奖励:0.1, 交通灯最小奖励:-2.0
总奖励:-8375.991230818549, 速度奖励:-3778.328814819913, 加速度奖励:-1430.262415998695, 交通灯奖励:-3167.4000000005494, 与前车进行交互的惩罚:0.0
Episode:12/100, Reward:-8375.991230818549
Episode:12/100, avg speed:15.20318725070232
Episode:12/100, avg halt num:0.12787504291108823
Episode:12/100, avg elec cons:2.1219417822827777
 Retrying in 1 seconds
Warning: Unused states in tlLogic 'J10', program '0' in phase 0 after tl-index 10
Simulation......
交通灯最大奖励:0.1, 交通灯最小奖励:-2.0
总奖励:-10501.635320073981, 速度奖励:-4435.958518599946, 加速度奖励:-1733.1768014742197, 交通灯奖励:-4332.500000000142, 与前车进行交互的惩罚:0.0
Episode:13/100, Reward:-10501.635320073981
Episode:13/100, avg speed:15.080769234826382
Episode:13/100, avg halt num:0.11637658227848101
Episode:13/100, avg elec cons:2.0405074472274034
 Retrying in 1 seconds
Warning: Unused states in tlLogic 'J10', program '0' in phase 0 after tl-index 10
Simulation......
交通灯最大奖励:0.1, 交通灯最小奖励:-2.0
总奖励:-8082.103284012984, 速度奖励:-3697.1409470099243, 加速度奖励:-1383.962337003153, 交通灯奖励:-3001.000000000463, 与前车进行交互的惩罚:0.0
Episode:14/100, Reward:-8082.103284012984
Episode:14/100, avg speed:15.177301033954556
Episode:14/100, avg halt num:0.1370166725789287
Episode:14/100, avg elec cons:2.150099666668096
 Retrying in 1 seconds
Warning: Unused states in tlLogic 'J10', program '0' in phase 0 after tl-index 10
Simulation......
交通灯最大奖励:0.1, 交通灯最小奖励:-2.0
总奖励:-9803.386733376725, 速度奖励:-3994.0529846698955, 加速度奖励:-1313.0337487069692, 交通灯奖励:-4496.300000000454, 与前车进行交互的惩罚:0.0
Episode:15/100, Reward:-9803.386733376725
Episode:15/100, avg speed:15.392878511613498
Episode:15/100, avg halt num:0.19540550595238096
Episode:15/100, avg elec cons:2.1110549062445525
 Retrying in 1 seconds
Warning: Unused states in tlLogic 'J10', program '0' in phase 0 after tl-index 10
Simulation......
交通灯最大奖励:0.1, 交通灯最小奖励:-2.0
总奖励:-9467.71419938007, 速度奖励:-3887.2347765998884, 加速度奖励:-1260.7794227803197, 交通灯奖励:-4319.700000000395, 与前车进行交互的惩罚:0.0
Episode:16/100, Reward:-9467.71419938007
Episode:16/100, avg speed:15.26036705530091
Episode:16/100, avg halt num:0.19374762447738503
Episode:16/100, avg elec cons:2.197580401667081
 Retrying in 1 seconds
Warning: Unused states in tlLogic 'J10', program '0' in phase 0 after tl-index 10
Simulation......
交通灯最大奖励:0.1, 交通灯最小奖励:-2.0
总奖励:-10477.084112453651, 速度奖励:-3993.18662175986, 加速度奖励:-1308.5974906940035, 交通灯奖励:-5175.299999999972, 与前车进行交互的惩罚:0.0
Episode:17/100, Reward:-10477.084112453651
Episode:17/100, avg speed:15.490683330821534
Episode:17/100, avg halt num:0.22351510941299063
Episode:17/100, avg elec cons:2.0995797856615006
 Retrying in 1 seconds
Warning: Unused states in tlLogic 'J10', program '0' in phase 0 after tl-index 10
Simulation......
交通灯最大奖励:0.1, 交通灯最小奖励:-2.0
总奖励:-10029.139273220773, 速度奖励:-3783.5017401298583, 加速度奖励:-1285.9375330910332, 交通灯奖励:-4959.700000000044, 与前车进行交互的惩罚:0.0
Episode:18/100, Reward:-10029.139273220773
Episode:18/100, avg speed:14.697538174940746
Episode:18/100, avg halt num:0.24402107823267127
Episode:18/100, avg elec cons:2.4470926266824184
 Retrying in 1 seconds
Warning: Unused states in tlLogic 'J10', program '0' in phase 0 after tl-index 10
Simulation......
交通灯最大奖励:0.1, 交通灯最小奖励:-2.0
总奖励:-12827.935823650228, 速度奖励:-4317.01059887992, 加速度奖励:-1484.0252247705423, 交通灯奖励:-7026.899999999327, 与前车进行交互的惩罚:0.0
Episode:19/100, Reward:-12827.935823650228
Episode:19/100, avg speed:15.25756563979703
Episode:19/100, avg halt num:0.26435018050541514
Episode:19/100, avg elec cons:2.2241932855680884
 Retrying in 1 seconds
Warning: Unused states in tlLogic 'J10', program '0' in phase 0 after tl-index 10
Simulation......
交通灯最大奖励:0.1, 交通灯最小奖励:-2.0
总奖励:-10159.27423626075, 速度奖励:-3952.621110549865, 加速度奖励:-1361.7531257110325, 交通灯奖励:-4844.900000000194, 与前车进行交互的惩罚:0.0
Episode:20/100, Reward:-10159.27423626075
Episode:20/100, avg speed:15.436220675479861
Episode:20/100, avg halt num:0.20261105459477788
Episode:20/100, avg elec cons:2.025780411161846
 Retrying in 1 seconds
Warning: Unused states in tlLogic 'J10', program '0' in phase 0 after tl-index 10
Simulation......
交通灯最大奖励:0.1, 交通灯最小奖励:-2.0
总奖励:-11870.851138471438, 速度奖励:-6127.093520310165, 加速度奖励:-1752.057618161622, 交通灯奖励:-3991.7000000006487, 与前车进行交互的惩罚:0.0
Episode:21/100, Reward:-11870.851138471438
Episode:21/100, avg speed:13.291402852312633
Episode:21/100, avg halt num:0.23441153546375681
Episode:21/100, avg elec cons:1.71308535972922
 Retrying in 1 seconds
Warning: Unused states in tlLogic 'J10', program '0' in phase 0 after tl-index 10
Simulation......
交通灯最大奖励:0.1, 交通灯最小奖励:-2.0
总奖励:-12789.386993521857, 速度奖励:-6343.8654811702, 加速度奖励:-1763.021512351974, 交通灯奖励:-4682.500000000104, 与前车进行交互的惩罚:0.0
Episode:22/100, Reward:-12789.386993521857
Episode:22/100, avg speed:13.190797945966926
Episode:22/100, avg halt num:0.2270311313591496
Episode:22/100, avg elec cons:1.551584326272632
 Retrying in 1 seconds
Warning: Unused states in tlLogic 'J10', program '0' in phase 0 after tl-index 10
Simulation......
交通灯最大奖励:0.1, 交通灯最小奖励:-2.0
总奖励:-7833.500600454205, 速度奖励:-3639.574227869921, 加速度奖励:-1327.5263725843265, 交通灯奖励:-2866.4000000004207, 与前车进行交互的惩罚:0.0
Episode:23/100, Reward:-7833.500600454205
Episode:23/100, avg speed:15.239226649442749
Episode:23/100, avg halt num:0.12440758293838862
Episode:23/100, avg elec cons:1.8788097222609028
 Retrying in 1 seconds
Warning: Unused states in tlLogic 'J10', program '0' in phase 0 after tl-index 10
Simulation......
交通灯最大奖励:0.1, 交通灯最小奖励:-2.0
总奖励:-12463.039948064074, 速度奖励:-4077.2197713098517, 加速度奖励:-1506.4201767545633, 交通灯奖励:-6879.39999999925, 与前车进行交互的惩罚:0.0
Episode:24/100, Reward:-12463.039948064074
Episode:24/100, avg speed:15.542512839325738
Episode:24/100, avg halt num:0.24653579676674364
Episode:24/100, avg elec cons:2.135289209661183
 Retrying in 1 seconds
Warning: Unused states in tlLogic 'J10', program '0' in phase 0 after tl-index 10
Simulation......
交通灯最大奖励:0.1, 交通灯最小奖励:-2.0
总奖励:-12465.200973557465, 速度奖励:-3949.4503862798565, 加速度奖励:-1479.750587277885, 交通灯奖励:-7035.999999999264, 与前车进行交互的惩罚:0.0
Episode:25/100, Reward:-12465.200973557465
Episode:25/100, avg speed:15.69221544834325
Episode:25/100, avg halt num:0.2489844278943805
Episode:25/100, avg elec cons:2.2044785902703707
 Retrying in 1 seconds
Warning: Unused states in tlLogic 'J10', program '0' in phase 0 after tl-index 10
Simulation......
交通灯最大奖励:0.1, 交通灯最小奖励:-2.0
总奖励:-13685.614171342462, 速度奖励:-4620.694643389997, 加速度奖励:-1568.419527952797, 交通灯奖励:-7496.499999998902, 与前车进行交互的惩罚:0.0
Episode:26/100, Reward:-13685.614171342462
Episode:26/100, avg speed:14.875914451823077
Episode:26/100, avg halt num:0.3149075500770416
Episode:26/100, avg elec cons:2.4091057166000365
 Retrying in 1 seconds
Warning: Unused states in tlLogic 'J10', program '0' in phase 0 after tl-index 10
Simulation......
交通灯最大奖励:0.1, 交通灯最小奖励:-2.0
总奖励:-8743.513662574947, 速度奖励:-3846.3709725699077, 加速度奖励:-1397.542690005118, 交通灯奖励:-3499.600000000552, 与前车进行交互的惩罚:0.0
Episode:27/100, Reward:-8743.513662574947
Episode:27/100, avg speed:15.082057588743941
Episode:27/100, avg halt num:0.18232092696629212
Episode:27/100, avg elec cons:2.0599403687446154
 Retrying in 1 seconds
Warning: Unused states in tlLogic 'J10', program '0' in phase 0 after tl-index 10
Simulation......
交通灯最大奖励:0.1, 交通灯最小奖励:-2.0
总奖励:-8916.091498935475, 速度奖励:-3948.886917919886, 加速度奖励:-1265.7045810156712, 交通灯奖励:-3701.5000000005352, 与前车进行交互的惩罚:0.0
Episode:28/100, Reward:-8916.091498935475
Episode:28/100, avg speed:14.467302563801384
Episode:28/100, avg halt num:0.21621347402597402
Episode:28/100, avg elec cons:2.3356023345722323
 Retrying in 1 seconds
Warning: Unused states in tlLogic 'J10', program '0' in phase 0 after tl-index 10
Simulation......
交通灯最大奖励:0.1, 交通灯最小奖励:-2.0
总奖励:-8754.160958325054, 速度奖励:-4275.367767929946, 加速度奖励:-1496.693190395168, 交通灯奖励:-2982.1000000003846, 与前车进行交互的惩罚:0.0
Episode:29/100, Reward:-8754.160958325054
Episode:29/100, avg speed:14.316378952193903
Episode:29/100, avg halt num:0.15001935733643051
Episode:29/100, avg elec cons:2.1859610931559765
 Retrying in 1 seconds
Warning: Unused states in tlLogic 'J10', program '0' in phase 0 after tl-index 10
Simulation......
交通灯最大奖励:0.1, 交通灯最小奖励:-2.0
总奖励:-8517.898548123689, 速度奖励:-3844.6718819599073, 加速度奖励:-1308.2266661639678, 交通灯奖励:-3365.0000000004793, 与前车进行交互的惩罚:0.0
Episode:30/100, Reward:-8517.898548123689
Episode:30/100, avg speed:15.083679652087119
Episode:30/100, avg halt num:0.1457748948106592
Episode:30/100, avg elec cons:2.3076779695105007
 Retrying in 1 seconds
Warning: Unused states in tlLogic 'J10', program '0' in phase 0 after tl-index 10
Simulation......
交通灯最大奖励:0.1, 交通灯最小奖励:-2.0
总奖励:-8019.7896668507765, 速度奖励:-3578.3976085199174, 加速度奖励:-1336.6920583309254, 交通灯奖励:-3104.7000000003572, 与前车进行交互的惩罚:0.0
Episode:31/100, Reward:-8019.7896668507765
Episode:31/100, avg speed:15.144757757032739
Episode:31/100, avg halt num:0.13198113207547169
Episode:31/100, avg elec cons:2.3645408222695274
 Retrying in 1 seconds
Warning: Unused states in tlLogic 'J10', program '0' in phase 0 after tl-index 10
Simulation......
交通灯最大奖励:0.1, 交通灯最小奖励:-2.0
总奖励:-8760.042152564441, 速度奖励:-4120.3062166699, 加速度奖励:-1244.6359358946931, 交通灯奖励:-3395.1000000005197, 与前车进行交互的惩罚:0.0
Episode:32/100, Reward:-8760.042152564441
Episode:32/100, avg speed:14.745584732255871
Episode:32/100, avg halt num:0.16821279818250662
Episode:32/100, avg elec cons:2.2327032781780125
 Retrying in 1 seconds
Warning: Unused states in tlLogic 'J10', program '0' in phase 0 after tl-index 10
Simulation......
交通灯最大奖励:0.1, 交通灯最小奖励:-2.0
总奖励:-7202.187606248215, 速度奖励:-3703.8712202099355, 加速度奖励:-1132.7163860383434, 交通灯奖励:-2365.6000000003273, 与前车进行交互的惩罚:0.0
Episode:33/100, Reward:-7202.187606248215
Episode:33/100, avg speed:14.850966669118083
Episode:33/100, avg halt num:0.12100456621004566
Episode:33/100, avg elec cons:2.2552119885228663
 Retrying in 1 seconds
Warning: Unused states in tlLogic 'J10', program '0' in phase 0 after tl-index 10
Simulation......
交通灯最大奖励:0.1, 交通灯最小奖励:-2.0
总奖励:-9255.591248681563, 速度奖励:-4417.058781309982, 加速度奖励:-1633.3324673717564, 交通灯奖励:-3205.2000000005805, 与前车进行交互的惩罚:0.0
Episode:34/100, Reward:-9255.591248681563
Episode:34/100, avg speed:14.921711012458514
Episode:34/100, avg halt num:0.1258342114506498
Episode:34/100, avg elec cons:2.1172222566993466
 Retrying in 1 seconds
Warning: Unused states in tlLogic 'J10', program '0' in phase 0 after tl-index 10
Simulation......
交通灯最大奖励:0.1, 交通灯最小奖励:-2.0
总奖励:-6806.04680881306, 速度奖励:-3442.214896609947, 加速度奖励:-1190.7319122031688, 交通灯奖励:-2173.100000000434, 与前车进行交互的惩罚:0.0
Episode:35/100, Reward:-6806.04680881306
Episode:35/100, avg speed:15.307107794736577
Episode:35/100, avg halt num:0.11306860551826994
Episode:35/100, avg elec cons:2.273889120144672
 Retrying in 1 seconds
Warning: Unused states in tlLogic 'J10', program '0' in phase 0 after tl-index 10
Simulation......
交通灯最大奖励:0.1, 交通灯最小奖励:-2.0
总奖励:-7141.414447488461, 速度奖励:-3861.73587834995, 加速度奖励:-1200.7785691386157, 交通灯奖励:-2078.900000000268, 与前车进行交互的惩罚:0.0
Episode:36/100, Reward:-7141.414447488461
Episode:36/100, avg speed:14.759946659622612
Episode:36/100, avg halt num:0.11300992282249173
Episode:36/100, avg elec cons:2.1030134668237865
 Retrying in 1 seconds
Warning: Unused states in tlLogic 'J10', program '0' in phase 0 after tl-index 10
Simulation......
交通灯最大奖励:0.1, 交通灯最小奖励:-2.0
总奖励:-6880.7169013331395, 速度奖励:-3761.953817719934, 加速度奖励:-1159.563083613326, 交通灯奖励:-1959.2000000002033, 与前车进行交互的惩罚:0.0
Episode:37/100, Reward:-6880.7169013331395
Episode:37/100, avg speed:14.497807546720274
Episode:37/100, avg halt num:0.10822784810126582
Episode:37/100, avg elec cons:2.390545735575385
 Retrying in 1 seconds
Warning: Unused states in tlLogic 'J10', program '0' in phase 0 after tl-index 10
Simulation......
交通灯最大奖励:0.1, 交通灯最小奖励:-2.0
总奖励:-6623.50864849613, 速度奖励:-3332.1057393399474, 加速度奖励:-1244.4029091562043, 交通灯奖励:-2047.000000000266, 与前车进行交互的惩罚:0.0
Episode:38/100, Reward:-6623.50864849613
Episode:38/100, avg speed:15.09572672284527
Episode:38/100, avg halt num:0.10489780177400694
Episode:38/100, avg elec cons:2.119867790851263
 Retrying in 1 seconds
Warning: Unused states in tlLogic 'J10', program '0' in phase 0 after tl-index 10
Simulation......
交通灯最大奖励:0.1, 交通灯最小奖励:-2.0
总奖励:-7985.409319884511, 速度奖励:-3953.6057754199423, 加速度奖励:-1353.2035444645865, 交通灯奖励:-2678.6000000004688, 与前车进行交互的惩罚:0.0
Episode:39/100, Reward:-7985.409319884511
Episode:39/100, avg speed:14.755597253673129
Episode:39/100, avg halt num:0.1006728778467909
Episode:39/100, avg elec cons:1.7421941251223338
 Retrying in 1 seconds
Warning: Unused states in tlLogic 'J10', program '0' in phase 0 after tl-index 10
Simulation......
交通灯最大奖励:0.1, 交通灯最小奖励:-2.0
总奖励:-8332.234010677152, 速度奖励:-3710.5934389999243, 加速度奖励:-1327.0405716772725, 交通灯奖励:-3294.6000000001677, 与前车进行交互的惩罚:0.0
Episode:40/100, Reward:-8332.234010677152
Episode:40/100, avg speed:14.894411333697851
Episode:40/100, avg halt num:0.12990196078431374
Episode:40/100, avg elec cons:1.900797006142297
 Retrying in 1 seconds
Warning: Unused states in tlLogic 'J10', program '0' in phase 0 after tl-index 10
Simulation......
交通灯最大奖励:0.1, 交通灯最小奖励:-2.0
总奖励:-8109.899232866561, 速度奖励:-3710.8457073799163, 加速度奖励:-1298.5535254867164, 交通灯奖励:-3100.500000000549, 与前车进行交互的惩罚:0.0
Episode:41/100, Reward:-8109.899232866561
Episode:41/100, avg speed:14.82663035432941
Episode:41/100, avg halt num:0.1539301310043668
Episode:41/100, avg elec cons:2.1286555535219005
 Retrying in 1 seconds
Warning: Unused states in tlLogic 'J10', program '0' in phase 0 after tl-index 10
Simulation......
交通灯最大奖励:0.1, 交通灯最小奖励:-2.0
总奖励:-7726.639473073057, 速度奖励:-3741.57377600991, 加速度奖励:-1273.1656970632234, 交通灯奖励:-2711.9000000005076, 与前车进行交互的惩罚:0.0
Episode:42/100, Reward:-7726.639473073057
Episode:42/100, avg speed:14.877292178561287
Episode:42/100, avg halt num:0.16257197696737044
Episode:42/100, avg elec cons:2.299503586473015
 Retrying in 1 seconds
Warning: Unused states in tlLogic 'J10', program '0' in phase 0 after tl-index 10
Simulation......
交通灯最大奖励:0.1, 交通灯最小奖励:-2.0
总奖励:-8034.486968178616, 速度奖励:-3649.8569195899167, 加速度奖励:-1231.7300485887793, 交通灯奖励:-3152.9000000003734, 与前车进行交互的惩罚:0.0
Episode:43/100, Reward:-8034.486968178616
Episode:43/100, avg speed:14.785041166061367
Episode:43/100, avg halt num:0.18592767295597484
Episode:43/100, avg elec cons:2.4151067891611415
 Retrying in 1 seconds
Warning: Unused states in tlLogic 'J10', program '0' in phase 0 after tl-index 10
Simulation......
交通灯最大奖励:0.1, 交通灯最小奖励:-2.0
总奖励:-7908.05269634322, 速度奖励:-3669.034703039915, 加速度奖励:-1244.617993303436, 交通灯奖励:-2994.40000000044, 与前车进行交互的惩罚:0.0
Episode:44/100, Reward:-7908.05269634322
Episode:44/100, avg speed:15.079307258868733
Episode:44/100, avg halt num:0.15989134507306108
Episode:44/100, avg elec cons:2.267235559260511
 Retrying in 1 seconds
Warning: Unused states in tlLogic 'J10', program '0' in phase 0 after tl-index 10
Simulation......
交通灯最大奖励:0.1, 交通灯最小奖励:-2.0
总奖励:-9464.86125180052, 速度奖励:-4376.070430829972, 加速度奖励:-1508.1908209706776, 交通灯奖励:-3580.600000000584, 与前车进行交互的惩罚:0.0
Episode:45/100, Reward:-9464.86125180052
Episode:45/100, avg speed:14.170850608311644
Episode:45/100, avg halt num:0.15796649785742112
Episode:45/100, avg elec cons:2.1488169284479395
 Retrying in 1 seconds
Warning: Unused states in tlLogic 'J10', program '0' in phase 0 after tl-index 10
Simulation......
交通灯最大奖励:0.1, 交通灯最小奖励:-2.0
总奖励:-7020.244993596854, 速度奖励:-3429.7197064899415, 加速度奖励:-1281.8252871070576, 交通灯奖励:-2308.7000000002245, 与前车进行交互的惩罚:0.0
Episode:46/100, Reward:-7020.244993596854
Episode:46/100, avg speed:15.433471153149759
Episode:46/100, avg halt num:0.09560039695666557
Episode:46/100, avg elec cons:1.9855268402935802
 Retrying in 1 seconds
Warning: Unused states in tlLogic 'J10', program '0' in phase 0 after tl-index 10
Simulation......
交通灯最大奖励:0.1, 交通灯最小奖励:-2.0
总奖励:-7572.240719018873, 速度奖励:-3864.948649169921, 加速度奖励:-1279.9920698490662, 交通灯奖励:-2427.3000000002876, 与前车进行交互的惩罚:0.0
Episode:47/100, Reward:-7572.240719018873
Episode:47/100, avg speed:14.71400635720055
Episode:47/100, avg halt num:0.13581776591688907
Episode:47/100, avg elec cons:2.14717731296423
 Retrying in 1 seconds
Warning: Unused states in tlLogic 'J10', program '0' in phase 0 after tl-index 10
Simulation......
交通灯最大奖励:0.1, 交通灯最小奖励:-2.0
总奖励:-7065.316143679359, 速度奖励:-3642.7551043799235, 加速度奖励:-1217.8610392994783, 交通灯奖励:-2204.7000000003136, 与前车进行交互的惩罚:0.0
Episode:48/100, Reward:-7065.316143679359
Episode:48/100, avg speed:14.762249421496731
Episode:48/100, avg halt num:0.1298932384341637
Episode:48/100, avg elec cons:2.2492432329375536
 Retrying in 1 seconds
Warning: Unused states in tlLogic 'J10', program '0' in phase 0 after tl-index 10
Simulation......
交通灯最大奖励:0.1, 交通灯最小奖励:-2.0
总奖励:-7044.412716858761, 速度奖励:-3293.104863369937, 加速度奖励:-1241.4078534889004, 交通灯奖励:-2509.900000000295, 与前车进行交互的惩罚:0.0
Episode:49/100, Reward:-7044.412716858761
Episode:49/100, avg speed:15.579293438160382
Episode:49/100, avg halt num:0.09129478315524828
Episode:49/100, avg elec cons:1.889945192604798
 Retrying in 1 seconds
Warning: Unused states in tlLogic 'J10', program '0' in phase 0 after tl-index 10
Simulation......
交通灯最大奖励:0.1, 交通灯最小奖励:-2.0
总奖励:-8652.78727366909, 速度奖励:-3693.30580975988, 加速度奖励:-1286.881463909343, 交通灯奖励:-3672.6000000003933, 与前车进行交互的惩罚:0.0
Episode:50/100, Reward:-8652.78727366909
Episode:50/100, avg speed:15.109722319479982
Episode:50/100, avg halt num:0.18214038727524204
Episode:50/100, avg elec cons:2.0737944790560157
 Retrying in 1 seconds
Warning: Unused states in tlLogic 'J10', program '0' in phase 0 after tl-index 10
Simulation......
交通灯最大奖励:0.1, 交通灯最小奖励:-2.0
总奖励:-12623.506208781164, 速度奖励:-3921.146513899883, 加速度奖励:-1483.959694881536, 交通灯奖励:-7218.399999999159, 与前车进行交互的惩罚:0.0
Episode:51/100, Reward:-12623.506208781164
Episode:51/100, avg speed:15.820855132724576
Episode:51/100, avg halt num:0.23586010709504684
Episode:51/100, avg elec cons:2.193849674718427
 Retrying in 1 seconds
Warning: Unused states in tlLogic 'J10', program '0' in phase 0 after tl-index 10
Simulation......
交通灯最大奖励:0.1, 交通灯最小奖励:-2.0
总奖励:-13317.33685791621, 速度奖励:-4144.0928973499, 加速度奖励:-1545.1439605665917, 交通灯奖励:-7628.099999999238, 与前车进行交互的惩罚:0.0
Episode:52/100, Reward:-13317.33685791621
Episode:52/100, avg speed:15.292418401550167
Episode:52/100, avg halt num:0.2723825379208287
Episode:52/100, avg elec cons:2.3567356093251624
 Retrying in 1 seconds
Warning: Unused states in tlLogic 'J10', program '0' in phase 0 after tl-index 10
Simulation......
交通灯最大奖励:0.1, 交通灯最小奖励:-2.0
总奖励:-13001.876136025125, 速度奖励:-3942.813671789874, 加速度奖励:-1508.3624642355255, 交通灯奖励:-7550.699999999211, 与前车进行交互的惩罚:0.0
Episode:53/100, Reward:-13001.876136025125
Episode:53/100, avg speed:15.470548202679645
Episode:53/100, avg halt num:0.24341216216216216
Episode:53/100, avg elec cons:2.1800953820396214
 Retrying in 1 seconds
Warning: Unused states in tlLogic 'J10', program '0' in phase 0 after tl-index 10
Simulation......
交通灯最大奖励:0.1, 交通灯最小奖励:-2.0
总奖励:-10968.820383786726, 速度奖励:-4096.161350539863, 加速度奖励:-1339.7590332471075, 交通灯奖励:-5532.899999999581, 与前车进行交互的惩罚:0.0
Episode:54/100, Reward:-10968.820383786726
Episode:54/100, avg speed:15.227619695913278
Episode:54/100, avg halt num:0.24374779852060585
Episode:54/100, avg elec cons:2.1324985174818805
 Retrying in 1 seconds
Warning: Unused states in tlLogic 'J10', program '0' in phase 0 after tl-index 10
Simulation......
交通灯最大奖励:0.1, 交通灯最小奖励:-2.0
总奖励:-8225.520643561822, 速度奖励:-3656.868510609893, 加速度奖励:-1203.152132952074, 交通灯奖励:-3365.5000000004834, 与前车进行交互的惩罚:0.0
Episode:55/100, Reward:-8225.520643561822
Episode:55/100, avg speed:14.689042207872046
Episode:55/100, avg halt num:0.20197139543873213
Episode:55/100, avg elec cons:2.480594014176011
 Retrying in 1 seconds
Warning: Unused states in tlLogic 'J10', program '0' in phase 0 after tl-index 10
Simulation......
交通灯最大奖励:0.1, 交通灯最小奖励:-2.0
总奖励:-8013.975656965956, 速度奖励:-3900.1786555898966, 加速度奖励:-1258.8970013761798, 交通灯奖励:-2854.9000000004744, 与前车进行交互的惩罚:0.0
Episode:56/100, Reward:-8013.975656965956
Episode:56/100, avg speed:14.846429200075864
Episode:56/100, avg halt num:0.17441648431801604
Episode:56/100, avg elec cons:2.11122915044618
 Retrying in 1 seconds
Warning: Unused states in tlLogic 'J10', program '0' in phase 0 after tl-index 10
Simulation......
交通灯最大奖励:0.1, 交通灯最小奖励:-2.0
总奖励:-7598.690840089331, 速度奖励:-3793.5468094299254, 加速度奖励:-1226.6440306595337, 交通灯奖励:-2578.500000000384, 与前车进行交互的惩罚:0.0
Episode:57/100, Reward:-7598.690840089331
Episode:57/100, avg speed:14.743579692417267
Episode:57/100, avg halt num:0.17098287112561175
Episode:57/100, avg elec cons:2.422392135261975
 Retrying in 1 seconds
Warning: Unused states in tlLogic 'J10', program '0' in phase 0 after tl-index 10
Simulation......
交通灯最大奖励:0.1, 交通灯最小奖励:-2.0
总奖励:-8002.940167188963, 速度奖励:-3822.897944669938, 加速度奖励:-1297.5422225191671, 交通灯奖励:-2882.500000000494, 与前车进行交互的惩罚:0.0
Episode:58/100, Reward:-8002.940167188963
Episode:58/100, avg speed:14.847611520492384
Episode:58/100, avg halt num:0.13883359872611464
Episode:58/100, avg elec cons:2.359375762128996
 Retrying in 1 seconds
Warning: Unused states in tlLogic 'J10', program '0' in phase 0 after tl-index 10
Simulation......
交通灯最大奖励:0.1, 交通灯最小奖励:-2.0
总奖励:-7815.125471585517, 速度奖励:-3821.244691319918, 加速度奖励:-1192.3807802656647, 交通灯奖励:-2801.500000000425, 与前车进行交互的惩罚:0.0
Episode:59/100, Reward:-7815.125471585517
Episode:59/100, avg speed:15.027670686046504
Episode:59/100, avg halt num:0.1623750960799385
Episode:59/100, avg elec cons:2.1699461782803002
 Retrying in 1 seconds
Warning: Unused states in tlLogic 'J10', program '0' in phase 0 after tl-index 10
Simulation......
交通灯最大奖励:0.1, 交通灯最小奖励:-2.0
总奖励:-7394.94295161729, 速度奖励:-3814.907615469909, 加速度奖励:-1070.6353361473991, 交通灯奖励:-2509.400000000389, 与前车进行交互的惩罚:0.0
Episode:60/100, Reward:-7394.94295161729
Episode:60/100, avg speed:15.030116791626114
Episode:60/100, avg halt num:0.13196994991652755
Episode:60/100, avg elec cons:2.02619574947415
 Retrying in 1 seconds
Warning: Unused states in tlLogic 'J10', program '0' in phase 0 after tl-index 10
Simulation......
交通灯最大奖励:0.1, 交通灯最小奖励:-2.0
总奖励:-8592.074826486822, 速度奖励:-4434.880844169953, 加速度奖励:-1197.2939823169309, 交通灯奖励:-2959.9000000005094, 与前车进行交互的惩罚:0.0
Episode:61/100, Reward:-8592.074826486822
Episode:61/100, avg speed:14.286563574174018
Episode:61/100, avg halt num:0.14998078401229822
Episode:61/100, avg elec cons:2.256016178416954
 Retrying in 1 seconds
Warning: Unused states in tlLogic 'J10', program '0' in phase 0 after tl-index 10
Simulation......
交通灯最大奖励:0.1, 交通灯最小奖励:-2.0
总奖励:-7605.890340195624, 速度奖励:-3673.7206347799033, 加速度奖励:-1131.2697054158016, 交通灯奖励:-2800.9000000003903, 与前车进行交互的惩罚:0.0
Episode:62/100, Reward:-7605.890340195624
Episode:62/100, avg speed:15.056128307779701
Episode:62/100, avg halt num:0.14394993045897078
Episode:62/100, avg elec cons:2.091072333882022
 Retrying in 1 seconds
Warning: Unused states in tlLogic 'J10', program '0' in phase 0 after tl-index 10
Simulation......
交通灯最大奖励:0.1, 交通灯最小奖励:-2.0
总奖励:-6469.484897957527, 速度奖励:-3601.510126829941, 加速度奖励:-1144.4747711276432, 交通灯奖励:-1723.5000000002092, 与前车进行交互的惩罚:0.0
Episode:63/100, Reward:-6469.484897957527
Episode:63/100, avg speed:15.179508676169734
Episode:63/100, avg halt num:0.091396933560477
Episode:63/100, avg elec cons:2.1119669360940865
 Retrying in 1 seconds
Warning: Unused states in tlLogic 'J10', program '0' in phase 0 after tl-index 10
Simulation......
交通灯最大奖励:0.1, 交通灯最小奖励:-2.0
总奖励:-6276.488923046727, 速度奖励:-3595.2626133199624, 加速度奖励:-1148.22630972691, 交通灯奖励:-1533.0000000002028, 与前车进行交互的惩罚:0.0
Episode:64/100, Reward:-6276.488923046727
Episode:64/100, avg speed:14.855293351737842
Episode:64/100, avg halt num:0.0873015873015873
Episode:64/100, avg elec cons:2.321167495437234
 Retrying in 1 seconds
Warning: Unused states in tlLogic 'J10', program '0' in phase 0 after tl-index 10
Simulation......
交通灯最大奖励:0.1, 交通灯最小奖励:-2.0
总奖励:-5625.463326681712, 速度奖励:-3288.157284719981, 加速度奖励:-1048.9060419618218, 交通灯奖励:-1288.4, 与前车进行交互的惩罚:0.0
Episode:65/100, Reward:-5625.463326681712
Episode:65/100, avg speed:15.123419211554745
Episode:65/100, avg halt num:0.0500364564345607
Episode:65/100, avg elec cons:2.2428133825174283
 Retrying in 1 seconds
Warning: Unused states in tlLogic 'J10', program '0' in phase 0 after tl-index 10
Simulation......
交通灯最大奖励:0.1, 交通灯最小奖励:-2.0
总奖励:-6428.699496197926, 速度奖励:-3530.4446333099445, 加速度奖励:-1184.6548628880494, 交通灯奖励:-1713.6000000002132, 与前车进行交互的惩罚:0.0
Episode:66/100, Reward:-6428.699496197926
Episode:66/100, avg speed:15.487168327601516
Episode:66/100, avg halt num:0.07361065973350667
Episode:66/100, avg elec cons:2.004328113590531
 Retrying in 1 seconds
Warning: Unused states in tlLogic 'J10', program '0' in phase 0 after tl-index 10
Simulation......
交通灯最大奖励:0.1, 交通灯最小奖励:-2.0
总奖励:-8370.683240360217, 速度奖励:-3651.1970526498994, 加速度奖励:-1267.886187710396, 交通灯奖励:-3451.6000000003623, 与前车进行交互的惩罚:0.0
Episode:67/100, Reward:-8370.683240360217
Episode:67/100, avg speed:15.625182943398073
Episode:67/100, avg halt num:0.13717181787969426
Episode:67/100, avg elec cons:1.9292628472349862
 Retrying in 1 seconds
Warning: Unused states in tlLogic 'J10', program '0' in phase 0 after tl-index 10
Simulation......
交通灯最大奖励:0.1, 交通灯最小奖励:-2.0
总奖励:-6829.596099034249, 速度奖励:-3253.165836339955, 加速度奖励:-1202.2302626943722, 交通灯奖励:-2374.200000000313, 与前车进行交互的惩罚:0.0
Episode:68/100, Reward:-6829.596099034249
Episode:68/100, avg speed:15.493436327966535
Episode:68/100, avg halt num:0.08398703956343792
Episode:68/100, avg elec cons:1.994528691620909
 Retrying in 1 seconds
Warning: Unused states in tlLogic 'J10', program '0' in phase 0 after tl-index 10
Simulation......
交通灯最大奖励:0.1, 交通灯最小奖励:-2.0
总奖励:-9631.706192648599, 速度奖励:-3834.1722157898726, 加速度奖励:-1323.33397685894, 交通灯奖励:-4474.2000000002945, 与前车进行交互的惩罚:0.0
Episode:69/100, Reward:-9631.706192648599
Episode:69/100, avg speed:15.537257580009875
Episode:69/100, avg halt num:0.1866898514068922
Episode:69/100, avg elec cons:1.927012885081769
 Retrying in 1 seconds
Warning: Unused states in tlLogic 'J10', program '0' in phase 0 after tl-index 10
Simulation......
交通灯最大奖励:0.1, 交通灯最小奖励:-2.0
总奖励:-7500.906316121526, 速度奖励:-3611.970640179909, 加速度奖励:-1237.2356759417112, 交通灯奖励:-2651.700000000503, 与前车进行交互的惩罚:0.0
Episode:70/100, Reward:-7500.906316121526
Episode:70/100, avg speed:15.224408537549568
Episode:70/100, avg halt num:0.14095315024232632
Episode:70/100, avg elec cons:1.9940119172395738
 Retrying in 1 seconds
Warning: Unused states in tlLogic 'J10', program '0' in phase 0 after tl-index 10
Simulation......
交通灯最大奖励:0.1, 交通灯最小奖励:-2.0
总奖励:-6538.597331409208, 速度奖励:-3602.934674429964, 加速度奖励:-1173.7626569792862, 交通灯奖励:-1761.900000000197, 与前车进行交互的惩罚:0.0
Episode:71/100, Reward:-6538.597331409208
Episode:71/100, avg speed:15.232724890285077
Episode:71/100, avg halt num:0.07126207126207126
Episode:71/100, avg elec cons:2.1652344369333782
 Retrying in 1 seconds
Warning: Unused states in tlLogic 'J10', program '0' in phase 0 after tl-index 10
Simulation......
交通灯最大奖励:0.1, 交通灯最小奖励:-2.0
总奖励:-6743.491329180109, 速度奖励:-3615.78028972997, 加速度奖励:-1290.911039450213, 交通灯奖励:-1836.8000000001796, 与前车进行交互的惩罚:0.0
Episode:72/100, Reward:-6743.491329180109
Episode:72/100, avg speed:14.14373740996029
Episode:72/100, avg halt num:0.05162940507768094
Episode:72/100, avg elec cons:2.1724548180562913
 Retrying in 1 seconds
Warning: Unused states in tlLogic 'J10', program '0' in phase 0 after tl-index 10
Simulation......
交通灯最大奖励:0.1, 交通灯最小奖励:-2.0
总奖励:-5933.193370439005, 速度奖励:-3278.0401340399835, 加速度奖励:-1061.8532363990741, 交通灯奖励:-1593.3000000001944, 与前车进行交互的惩罚:0.0
Episode:73/100, Reward:-5933.193370439005
Episode:73/100, avg speed:15.174296355564872
Episode:73/100, avg halt num:0.05141310883944678
Episode:73/100, avg elec cons:1.7226842270987985
 Retrying in 1 seconds
Warning: Unused states in tlLogic 'J10', program '0' in phase 0 after tl-index 10
Simulation......
交通灯最大奖励:0.1, 交通灯最小奖励:-2.0
总奖励:-6215.486241424735, 速度奖励:-3621.386932449955, 加速度奖励:-1103.2993089748059, 交通灯奖励:-1490.8000000002012, 与前车进行交互的惩罚:0.0
Episode:74/100, Reward:-6215.486241424735
Episode:74/100, avg speed:14.865839402416187
Episode:74/100, avg halt num:0.07659574468085106
Episode:74/100, avg elec cons:1.9415428491153537
 Retrying in 1 seconds
Warning: Unused states in tlLogic 'J10', program '0' in phase 0 after tl-index 10
Simulation......
交通灯最大奖励:0.1, 交通灯最小奖励:-2.0
总奖励:-6070.833644980408, 速度奖励:-3744.4072962799855, 加速度奖励:-1062.7263487005068, 交通灯奖励:-1263.699999999974, 与前车进行交互的惩罚:0.0
Episode:75/100, Reward:-6070.833644980408
Episode:75/100, avg speed:14.863239308228735
Episode:75/100, avg halt num:0.050567423230974635
Episode:75/100, avg elec cons:1.7954091538347654
 Retrying in 1 seconds
Warning: Unused states in tlLogic 'J10', program '0' in phase 0 after tl-index 10
Simulation......
交通灯最大奖励:0.1, 交通灯最小奖励:-2.0
总奖励:-5788.655117591979, 速度奖励:-3011.08721633997, 加速度奖励:-1063.9679012520508, 交通灯奖励:-1713.600000000045, 与前车进行交互的惩罚:0.0
Episode:76/100, Reward:-5788.655117591979
Episode:76/100, avg speed:14.988110089605298
Episode:76/100, avg halt num:0.05585106382978723
Episode:76/100, avg elec cons:2.381651212360983
 Retrying in 1 seconds
Warning: Unused states in tlLogic 'J10', program '0' in phase 0 after tl-index 10
Simulation......
交通灯最大奖励:0.1, 交通灯最小奖励:-2.0
总奖励:-6074.539014309402, 速度奖励:-3524.912595539963, 加速度奖励:-1080.4264187694785, 交通灯奖励:-1469.2000000000542, 与前车进行交互的惩罚:0.0
Episode:77/100, Reward:-6074.539014309402
Episode:77/100, avg speed:14.69867614083984
Episode:77/100, avg halt num:0.06869233854793422
Episode:77/100, avg elec cons:2.288011502334623
 Retrying in 1 seconds
Warning: Unused states in tlLogic 'J10', program '0' in phase 0 after tl-index 10
Simulation......
交通灯最大奖励:0.1, 交通灯最小奖励:-2.0
总奖励:-5563.728593719181, 速度奖励:-3083.689808709964, 加速度奖励:-1018.6387850092459, 交通灯奖励:-1461.400000000078, 与前车进行交互的惩罚:0.0
Episode:78/100, Reward:-5563.728593719181
Episode:78/100, avg speed:14.773709546379825
Episode:78/100, avg halt num:0.07644382911392406
Episode:78/100, avg elec cons:2.389483225193238
 Retrying in 1 seconds
Warning: Unused states in tlLogic 'J10', program '0' in phase 0 after tl-index 10
Simulation......
交通灯最大奖励:0.1, 交通灯最小奖励:-2.0
总奖励:-7235.866005118067, 速度奖励:-3694.4556368999474, 加速度奖励:-1127.6103682182531, 交通灯奖励:-2413.8000000003653, 与前车进行交互的惩罚:0.0
Episode:79/100, Reward:-7235.866005118067
Episode:79/100, avg speed:14.724395122360253
Episode:79/100, avg halt num:0.09466946885747038
Episode:79/100, avg elec cons:2.1257845792439354
 Retrying in 1 seconds
Warning: Unused states in tlLogic 'J10', program '0' in phase 0 after tl-index 10
Simulation......
交通灯最大奖励:0.1, 交通灯最小奖励:-2.0
总奖励:-7827.32961302006, 速度奖励:-3979.233495509915, 加速度奖励:-1090.5961175103034, 交通灯奖励:-2757.500000000539, 与前车进行交互的惩罚:0.0
Episode:80/100, Reward:-7827.32961302006
Episode:80/100, avg speed:14.537059124263141
Episode:80/100, avg halt num:0.1488713722680043
Episode:80/100, avg elec cons:2.112281385666707
 Retrying in 1 seconds
Warning: Unused states in tlLogic 'J10', program '0' in phase 0 after tl-index 10
Simulation......
交通灯最大奖励:0.1, 交通灯最小奖励:-2.0
总奖励:-7125.696406305624, 速度奖励:-3499.3956739699393, 加速度奖励:-1039.600732335819, 交通灯奖励:-2586.70000000031, 与前车进行交互的惩罚:0.0
Episode:81/100, Reward:-7125.696406305624
Episode:81/100, avg speed:15.119393486717895
Episode:81/100, avg halt num:0.13023730070448647
Episode:81/100, avg elec cons:2.2158681459875265
 Retrying in 1 seconds
Warning: Unused states in tlLogic 'J10', program '0' in phase 0 after tl-index 10
Simulation......
交通灯最大奖励:0.1, 交通灯最小奖励:-2.0
总奖励:-8682.288326852022, 速度奖励:-4942.262271029983, 加速度奖励:-1230.826055822087, 交通灯奖励:-2509.2000000005323, 与前车进行交互的惩罚:0.0
Episode:82/100, Reward:-8682.288326852022
Episode:82/100, avg speed:13.541723783936705
Episode:82/100, avg halt num:0.176063207179087
Episode:82/100, avg elec cons:1.9361389545096612
 Retrying in 1 seconds
Warning: Unused states in tlLogic 'J10', program '0' in phase 0 after tl-index 10
Simulation......
交通灯最大奖励:0.1, 交通灯最小奖励:-2.0
总奖励:-9731.905270577237, 速度奖励:-5883.615883809936, 加速度奖励:-1287.5893867673976, 交通灯奖励:-2560.7000000006415, 与前车进行交互的惩罚:0.0
Episode:83/100, Reward:-9731.905270577237
Episode:83/100, avg speed:13.071628361876943
Episode:83/100, avg halt num:0.018508953168044077
Episode:83/100, avg elec cons:1.414537367882053
 Retrying in 1 seconds
Warning: Unused states in tlLogic 'J10', program '0' in phase 0 after tl-index 10
Simulation......
交通灯最大奖励:0.1, 交通灯最小奖励:-2.0
总奖励:-8057.752816137434, 速度奖励:-5085.079806170031, 加速度奖励:-1539.973009967548, 交通灯奖励:-1432.7000000001976, 与前车进行交互的惩罚:0.0
Episode:84/100, Reward:-8057.752816137434
Episode:84/100, avg speed:13.184841672908025
Episode:84/100, avg halt num:0.015741833923652106
Episode:84/100, avg elec cons:2.6842749589983264
 Retrying in 1 seconds
Warning: Unused states in tlLogic 'J10', program '0' in phase 0 after tl-index 10
Simulation......
交通灯最大奖励:0.1, 交通灯最小奖励:-2.0
总奖励:-6820.033948074655, 速度奖励:-3935.2655326599797, 加速度奖励:-1383.3684154148082, 交通灯奖励:-1501.400000000025, 与前车进行交互的惩罚:0.0
Episode:85/100, Reward:-6820.033948074655
Episode:85/100, avg speed:14.844421669828861
Episode:85/100, avg halt num:0.05790816326530612
Episode:85/100, avg elec cons:2.288300231361969
 Retrying in 1 seconds
Warning: Unused states in tlLogic 'J10', program '0' in phase 0 after tl-index 10
Simulation......
交通灯最大奖励:0.1, 交通灯最小奖励:-2.0
总奖励:-7992.852833108863, 速度奖励:-3435.3525156299092, 加速度奖励:-1184.0003174790247, 交通灯奖励:-3373.5000000003215, 与前车进行交互的惩罚:0.0
Episode:86/100, Reward:-7992.852833108863
Episode:86/100, avg speed:15.659222216262478
Episode:86/100, avg halt num:0.12442040185471406
Episode:86/100, avg elec cons:1.9079616037367413
 Retrying in 1 seconds
Warning: Unused states in tlLogic 'J10', program '0' in phase 0 after tl-index 10
Simulation......
交通灯最大奖励:0.1, 交通灯最小奖励:-2.0
总奖励:-14364.474104283654, 速度奖励:-4663.857114279985, 加速度奖励:-1588.6169900039945, 交通灯奖励:-8111.999999998958, 与前车进行交互的惩罚:0.0
Episode:87/100, Reward:-14364.474104283654
Episode:87/100, avg speed:14.858928728438014
Episode:87/100, avg halt num:0.34571369121930917
Episode:87/100, avg elec cons:2.5740507858781085
 Retrying in 1 seconds
Warning: Unused states in tlLogic 'J10', program '0' in phase 0 after tl-index 10
Simulation......
交通灯最大奖励:0.1, 交通灯最小奖励:-2.0
总奖励:-10691.760185377638, 速度奖励:-4248.501585509904, 加速度奖励:-1295.158599867992, 交通灯奖励:-5148.099999999662, 与前车进行交互的惩罚:0.0
Episode:88/100, Reward:-10691.760185377638
Episode:88/100, avg speed:15.184784680377035
Episode:88/100, avg halt num:0.25
Episode:88/100, avg elec cons:2.0424913568816523
 Retrying in 1 seconds
Warning: Unused states in tlLogic 'J10', program '0' in phase 0 after tl-index 10
Simulation......
交通灯最大奖励:0.1, 交通灯最小奖励:-2.0
总奖励:-8701.129340309146, 速度奖励:-4007.390755549923, 加速度奖励:-1197.638584759433, 交通灯奖励:-3496.1000000005483, 与前车进行交互的惩罚:0.0
Episode:89/100, Reward:-8701.129340309146
Episode:89/100, avg speed:14.775825601455427
Episode:89/100, avg halt num:0.1841012084592145
Episode:89/100, avg elec cons:2.2272575688581635
 Retrying in 1 seconds
Warning: Unused states in tlLogic 'J10', program '0' in phase 0 after tl-index 10
Simulation......
交通灯最大奖励:0.1, 交通灯最小奖励:-2.0
总奖励:-5922.280315002097, 速度奖励:-3211.376793589978, 加速度奖励:-1134.5035214122738, 交通灯奖励:-1576.4000000002811, 与前车进行交互的惩罚:0.0
Episode:90/100, Reward:-5922.280315002097
Episode:90/100, avg speed:14.885384105121457
Episode:90/100, avg halt num:0.08523397561934723
Episode:90/100, avg elec cons:2.419068343886132
 Retrying in 1 seconds
Warning: Unused states in tlLogic 'J10', program '0' in phase 0 after tl-index 10
Simulation......
交通灯最大奖励:0.1, 交通灯最小奖励:-2.0
总奖励:-6343.642514668532, 速度奖励:-3549.950152349957, 加速度奖励:-1086.192362318634, 交通灯奖励:-1707.5000000001999, 与前车进行交互的惩罚:0.0
Episode:91/100, Reward:-6343.642514668532
Episode:91/100, avg speed:14.41946565201646
Episode:91/100, avg halt num:0.09160756501182032
Episode:91/100, avg elec cons:2.3273628376877213
 Retrying in 1 seconds
Warning: Unused states in tlLogic 'J10', program '0' in phase 0 after tl-index 10
Simulation......
交通灯最大奖励:0.1, 交通灯最小奖励:-2.0
总奖励:-6235.802587780793, 速度奖励:-3628.921737769963, 加速度奖励:-1074.880850010922, 交通灯奖励:-1532.0000000001005, 与前车进行交互的惩罚:0.0
Episode:92/100, Reward:-6235.802587780793
Episode:92/100, avg speed:14.560268777400966
Episode:92/100, avg halt num:0.08085430968726164
Episode:92/100, avg elec cons:2.1811270131596445
 Retrying in 1 seconds
Warning: Unused states in tlLogic 'J10', program '0' in phase 0 after tl-index 10
Simulation......
交通灯最大奖励:0.1, 交通灯最小奖励:-2.0
总奖励:-6051.228203106352, 速度奖励:-3590.548224409962, 加速度奖励:-1053.4799786964898, 交通灯奖励:-1407.200000000065, 与前车进行交互的惩罚:0.0
Episode:93/100, Reward:-6051.228203106352
Episode:93/100, avg speed:14.435806127767773
Episode:93/100, avg halt num:0.07177692960135708
Episode:93/100, avg elec cons:2.432962445728716
 Retrying in 1 seconds
Warning: Unused states in tlLogic 'J10', program '0' in phase 0 after tl-index 10
Simulation......
交通灯最大奖励:0.1, 交通灯最小奖励:-2.0
总奖励:-6331.279072268328, 速度奖励:-3338.960103009986, 加速度奖励:-1065.418969258441, 交通灯奖励:-1926.9000000001856, 与前车进行交互的惩罚:0.0
Episode:94/100, Reward:-6331.279072268328
Episode:94/100, avg speed:15.088558340198256
Episode:94/100, avg halt num:0.04824264954376479
Episode:94/100, avg elec cons:1.9957419333542743
 Retrying in 1 seconds
Warning: Unused states in tlLogic 'J10', program '0' in phase 0 after tl-index 10
Simulation......
交通灯最大奖励:0.1, 交通灯最小奖励:-2.0
总奖励:-7071.766139139867, 速度奖励:-3612.7152543999264, 加速度奖励:-1194.850884740053, 交通灯奖励:-2264.2000000004195, 与前车进行交互的惩罚:0.0
Episode:95/100, Reward:-7071.766139139867
Episode:95/100, avg speed:14.356936380780818
Episode:95/100, avg halt num:0.11198428290766209
Episode:95/100, avg elec cons:2.257447442336122
 Retrying in 1 seconds
Warning: Unused states in tlLogic 'J10', program '0' in phase 0 after tl-index 10
Simulation......
交通灯最大奖励:0.1, 交通灯最小奖励:-2.0
总奖励:-6644.023083276809, 速度奖励:-3303.515504729937, 加速度奖励:-1065.1075785470136, 交通灯奖励:-2275.4000000003716, 与前车进行交互的惩罚:0.0
Episode:96/100, Reward:-6644.023083276809
Episode:96/100, avg speed:15.02387210307177
Episode:96/100, avg halt num:0.13515625
Episode:96/100, avg elec cons:2.4204380719267284
 Retrying in 1 seconds
Warning: Unused states in tlLogic 'J10', program '0' in phase 0 after tl-index 10
Simulation......
交通灯最大奖励:0.1, 交通灯最小奖励:-2.0
总奖励:-9709.456685286723, 速度奖励:-4024.939644459902, 加速度奖励:-1235.517040827018, 交通灯奖励:-4449.00000000011, 与前车进行交互的惩罚:0.0
Episode:97/100, Reward:-9709.456685286723
Episode:97/100, avg speed:14.937612293666037
Episode:97/100, avg halt num:0.22126895450917797
Episode:97/100, avg elec cons:2.391761670689086
 Retrying in 1 seconds
Warning: Unused states in tlLogic 'J10', program '0' in phase 0 after tl-index 10
Simulation......
交通灯最大奖励:0.1, 交通灯最小奖励:-2.0
总奖励:-6089.783815829757, 速度奖励:-3104.4848712499565, 加速度奖励:-967.6989445798803, 交通灯奖励:-2017.6000000003705, 与前车进行交互的惩罚:0.0
Episode:98/100, Reward:-6089.783815829757
Episode:98/100, avg speed:14.998797905038062
Episode:98/100, avg halt num:0.11659327461969575
Episode:98/100, avg elec cons:2.4202771972982537
 Retrying in 1 seconds
Warning: Unused states in tlLogic 'J10', program '0' in phase 0 after tl-index 10
Simulation......
交通灯最大奖励:0.1, 交通灯最小奖励:-2.0
总奖励:-5953.924159581905, 速度奖励:-3227.863863069951, 加速度奖励:-1012.3602965119774, 交通灯奖励:-1713.7000000002247, 与前车进行交互的惩罚:0.0
Episode:99/100, Reward:-5953.924159581905
Episode:99/100, avg speed:15.627515737776601
Episode:99/100, avg halt num:0.08353982300884956
Episode:99/100, avg elec cons:2.026794019953067
 Retrying in 1 seconds
Warning: Unused states in tlLogic 'J10', program '0' in phase 0 after tl-index 10
Simulation......
交通灯最大奖励:0.1, 交通灯最小奖励:-2.0
总奖励:-5945.398791389931, 速度奖励:-3206.01495850996, 加速度奖励:-953.5838328800185, 交通灯奖励:-1785.8000000002112, 与前车进行交互的惩罚:0.0
Episode:100/100, Reward:-5945.398791389931
Episode:100/100, avg speed:15.621685710843177
Episode:100/100, avg halt num:0.08151059466848941
Episode:100/100, avg elec cons:1.9699939685727184
model saved successfully!
Complete training!
final reward list:[-14890.526742686967, -10718.20501312979, -12626.448640709645, -10395.726980576737, -9939.498245195551, -10723.461383183992, -13189.564507922476, -10210.535567301167, -10009.872754655464, -9629.094715743715, -10797.947295025004, -8375.991230818549, -10501.635320073981, -8082.103284012984, -9803.386733376725, -9467.71419938007, -10477.084112453651, -10029.139273220773, -12827.935823650228, -10159.27423626075, -11870.851138471438, -12789.386993521857, -7833.500600454205, -12463.039948064074, -12465.200973557465, -13685.614171342462, -8743.513662574947, -8916.091498935475, -8754.160958325054, -8517.898548123689, -8019.7896668507765, -8760.042152564441, -7202.187606248215, -9255.591248681563, -6806.04680881306, -7141.414447488461, -6880.7169013331395, -6623.50864849613, -7985.409319884511, -8332.234010677152, -8109.899232866561, -7726.639473073057, -8034.486968178616, -7908.05269634322, -9464.86125180052, -7020.244993596854, -7572.240719018873, -7065.316143679359, -7044.412716858761, -8652.78727366909, -12623.506208781164, -13317.33685791621, -13001.876136025125, -10968.820383786726, -8225.520643561822, -8013.975656965956, -7598.690840089331, -8002.940167188963, -7815.125471585517, -7394.94295161729, -8592.074826486822, -7605.890340195624, -6469.484897957527, -6276.488923046727, -5625.463326681712, -6428.699496197926, -8370.683240360217, -6829.596099034249, -9631.706192648599, -7500.906316121526, -6538.597331409208, -6743.491329180109, -5933.193370439005, -6215.486241424735, -6070.833644980408, -5788.655117591979, -6074.539014309402, -5563.728593719181, -7235.866005118067, -7827.32961302006, -7125.696406305624, -8682.288326852022, -9731.905270577237, -8057.752816137434, -6820.033948074655, -7992.852833108863, -14364.474104283654, -10691.760185377638, -8701.129340309146, -5922.280315002097, -6343.642514668532, -6235.802587780793, -6051.228203106352, -6331.279072268328, -7071.766139139867, -6644.023083276809, -9709.456685286723, -6089.783815829757, -5953.924159581905, -5945.398791389931]
final speed list:[15.218084123293895, 15.641357774496196, 15.368124917739143, 14.780430453911448, 15.210471774660244, 15.030855437928492, 14.177015565771672, 15.159231405388903, 15.460502530402039, 15.174142464325676, 15.8112168503349, 15.20318725070232, 15.080769234826382, 15.177301033954556, 15.392878511613498, 15.26036705530091, 15.490683330821534, 14.697538174940746, 15.25756563979703, 15.436220675479861, 13.291402852312633, 13.190797945966926, 15.239226649442749, 15.542512839325738, 15.69221544834325, 14.875914451823077, 15.082057588743941, 14.467302563801384, 14.316378952193903, 15.083679652087119, 15.144757757032739, 14.745584732255871, 14.850966669118083, 14.921711012458514, 15.307107794736577, 14.759946659622612, 14.497807546720274, 15.09572672284527, 14.755597253673129, 14.894411333697851, 14.82663035432941, 14.877292178561287, 14.785041166061367, 15.079307258868733, 14.170850608311644, 15.433471153149759, 14.71400635720055, 14.762249421496731, 15.579293438160382, 15.109722319479982, 15.820855132724576, 15.292418401550167, 15.470548202679645, 15.227619695913278, 14.689042207872046, 14.846429200075864, 14.743579692417267, 14.847611520492384, 15.027670686046504, 15.030116791626114, 14.286563574174018, 15.056128307779701, 15.179508676169734, 14.855293351737842, 15.123419211554745, 15.487168327601516, 15.625182943398073, 15.493436327966535, 15.537257580009875, 15.224408537549568, 15.232724890285077, 14.14373740996029, 15.174296355564872, 14.865839402416187, 14.863239308228735, 14.988110089605298, 14.69867614083984, 14.773709546379825, 14.724395122360253, 14.537059124263141, 15.119393486717895, 13.541723783936705, 13.071628361876943, 13.184841672908025, 14.844421669828861, 15.659222216262478, 14.858928728438014, 15.184784680377035, 14.775825601455427, 14.885384105121457, 14.41946565201646, 14.560268777400966, 14.435806127767773, 15.088558340198256, 14.356936380780818, 15.02387210307177, 14.937612293666037, 14.998797905038062, 15.627515737776601, 15.621685710843177]
final elec cons list:[1.9050635087819732, 2.203113711031827, 1.9176191103570048, 2.3209903529383045, 2.46641970800033, 2.169341198340028, 1.7911403876656957, 1.845850783205289, 1.9818104714123332, 2.052463145874915, 2.0319262493357826, 2.1219417822827777, 2.0405074472274034, 2.150099666668096, 2.1110549062445525, 2.197580401667081, 2.0995797856615006, 2.4470926266824184, 2.2241932855680884, 2.025780411161846, 1.71308535972922, 1.551584326272632, 1.8788097222609028, 2.135289209661183, 2.2044785902703707, 2.4091057166000365, 2.0599403687446154, 2.3356023345722323, 2.1859610931559765, 2.3076779695105007, 2.3645408222695274, 2.2327032781780125, 2.2552119885228663, 2.1172222566993466, 2.273889120144672, 2.1030134668237865, 2.390545735575385, 2.119867790851263, 1.7421941251223338, 1.900797006142297, 2.1286555535219005, 2.299503586473015, 2.4151067891611415, 2.267235559260511, 2.1488169284479395, 1.9855268402935802, 2.14717731296423, 2.2492432329375536, 1.889945192604798, 2.0737944790560157, 2.193849674718427, 2.3567356093251624, 2.1800953820396214, 2.1324985174818805, 2.480594014176011, 2.11122915044618, 2.422392135261975, 2.359375762128996, 2.1699461782803002, 2.02619574947415, 2.256016178416954, 2.091072333882022, 2.1119669360940865, 2.321167495437234, 2.2428133825174283, 2.004328113590531, 1.9292628472349862, 1.994528691620909, 1.927012885081769, 1.9940119172395738, 2.1652344369333782, 2.1724548180562913, 1.7226842270987985, 1.9415428491153537, 1.7954091538347654, 2.381651212360983, 2.288011502334623, 2.389483225193238, 2.1257845792439354, 2.112281385666707, 2.2158681459875265, 1.9361389545096612, 1.414537367882053, 2.6842749589983264, 2.288300231361969, 1.9079616037367413, 2.5740507858781085, 2.0424913568816523, 2.2272575688581635, 2.419068343886132, 2.3273628376877213, 2.1811270131596445, 2.432962445728716, 1.9957419333542743, 2.257447442336122, 2.4204380719267284, 2.391761670689086, 2.4202771972982537, 2.026794019953067, 1.9699939685727184]
final halt list:[0.2442741935483871, 0.19711369236184442, 0.21716101694915255, 0.206367472190257, 0.21267605633802816, 0.21107142857142858, 0.2203462461432979, 0.16163046899590808, 0.18505541069100392, 0.20255281690140844, 0.19913275517011342, 0.12787504291108823, 0.11637658227848101, 0.1370166725789287, 0.19540550595238096, 0.19374762447738503, 0.22351510941299063, 0.24402107823267127, 0.26435018050541514, 0.20261105459477788, 0.23441153546375681, 0.2270311313591496, 0.12440758293838862, 0.24653579676674364, 0.2489844278943805, 0.3149075500770416, 0.18232092696629212, 0.21621347402597402, 0.15001935733643051, 0.1457748948106592, 0.13198113207547169, 0.16821279818250662, 0.12100456621004566, 0.1258342114506498, 0.11306860551826994, 0.11300992282249173, 0.10822784810126582, 0.10489780177400694, 0.1006728778467909, 0.12990196078431374, 0.1539301310043668, 0.16257197696737044, 0.18592767295597484, 0.15989134507306108, 0.15796649785742112, 0.09560039695666557, 0.13581776591688907, 0.1298932384341637, 0.09129478315524828, 0.18214038727524204, 0.23586010709504684, 0.2723825379208287, 0.24341216216216216, 0.24374779852060585, 0.20197139543873213, 0.17441648431801604, 0.17098287112561175, 0.13883359872611464, 0.1623750960799385, 0.13196994991652755, 0.14998078401229822, 0.14394993045897078, 0.091396933560477, 0.0873015873015873, 0.0500364564345607, 0.07361065973350667, 0.13717181787969426, 0.08398703956343792, 0.1866898514068922, 0.14095315024232632, 0.07126207126207126, 0.05162940507768094, 0.05141310883944678, 0.07659574468085106, 0.050567423230974635, 0.05585106382978723, 0.06869233854793422, 0.07644382911392406, 0.09466946885747038, 0.1488713722680043, 0.13023730070448647, 0.176063207179087, 0.018508953168044077, 0.015741833923652106, 0.05790816326530612, 0.12442040185471406, 0.34571369121930917, 0.25, 0.1841012084592145, 0.08523397561934723, 0.09160756501182032, 0.08085430968726164, 0.07177692960135708, 0.04824264954376479, 0.11198428290766209, 0.13515625, 0.22126895450917797, 0.11659327461969575, 0.08353982300884956, 0.08151059466848941]
speed reward list:[-4887.862460390019, -3781.943682719882, -4552.974511049974, -3911.055797879876, -3809.518106379885, -4092.306394959868, -5770.433799480157, -4001.574640909879, -3738.5438851598738, -3977.3982007198647, -3860.5640887798827, -3778.328814819913, -4435.958518599946, -3697.1409470099243, -3994.0529846698955, -3887.2347765998884, -3993.18662175986, -3783.5017401298583, -4317.01059887992, -3952.621110549865, -6127.093520310165, -6343.8654811702, -3639.574227869921, -4077.2197713098517, -3949.4503862798565, -4620.694643389997, -3846.3709725699077, -3948.886917919886, -4275.367767929946, -3844.6718819599073, -3578.3976085199174, -4120.3062166699, -3703.8712202099355, -4417.058781309982, -3442.214896609947, -3861.73587834995, -3761.953817719934, -3332.1057393399474, -3953.6057754199423, -3710.5934389999243, -3710.8457073799163, -3741.57377600991, -3649.8569195899167, -3669.034703039915, -4376.070430829972, -3429.7197064899415, -3864.948649169921, -3642.7551043799235, -3293.104863369937, -3693.30580975988, -3921.146513899883, -4144.0928973499, -3942.813671789874, -4096.161350539863, -3656.868510609893, -3900.1786555898966, -3793.5468094299254, -3822.897944669938, -3821.244691319918, -3814.907615469909, -4434.880844169953, -3673.7206347799033, -3601.510126829941, -3595.2626133199624, -3288.157284719981, -3530.4446333099445, -3651.1970526498994, -3253.165836339955, -3834.1722157898726, -3611.970640179909, -3602.934674429964, -3615.78028972997, -3278.0401340399835, -3621.386932449955, -3744.4072962799855, -3011.08721633997, -3524.912595539963, -3083.689808709964, -3694.4556368999474, -3979.233495509915, -3499.3956739699393, -4942.262271029983, -5883.615883809936, -5085.079806170031, -3935.2655326599797, -3435.3525156299092, -4663.857114279985, -4248.501585509904, -4007.390755549923, -3211.376793589978, -3549.950152349957, -3628.921737769963, -3590.548224409962, -3338.960103009986, -3612.7152543999264, -3303.515504729937, -4024.939644459902, -3104.4848712499565, -3227.863863069951, -3206.01495850996]
accel reward list:[-1559.0642822972718, -1353.8613304100656, -1598.7741296600125, -1483.5711826970585, -1392.8801388158056, -1397.4549882243311, -1901.0307084426847, -1628.6609263913874, -1357.0288694957937, -1345.5965150240067, -1382.1832062452743, -1430.262415998695, -1733.1768014742197, -1383.962337003153, -1313.0337487069692, -1260.7794227803197, -1308.5974906940035, -1285.9375330910332, -1484.0252247705423, -1361.7531257110325, -1752.057618161622, -1763.021512351974, -1327.5263725843265, -1506.4201767545633, -1479.750587277885, -1568.419527952797, -1397.542690005118, -1265.7045810156712, -1496.693190395168, -1308.2266661639678, -1336.6920583309254, -1244.6359358946931, -1132.7163860383434, -1633.3324673717564, -1190.7319122031688, -1200.7785691386157, -1159.563083613326, -1244.4029091562043, -1353.2035444645865, -1327.0405716772725, -1298.5535254867164, -1273.1656970632234, -1231.7300485887793, -1244.617993303436, -1508.1908209706776, -1281.8252871070576, -1279.9920698490662, -1217.8610392994783, -1241.4078534889004, -1286.881463909343, -1483.959694881536, -1545.1439605665917, -1508.3624642355255, -1339.7590332471075, -1203.152132952074, -1258.8970013761798, -1226.6440306595337, -1297.5422225191671, -1192.3807802656647, -1070.6353361473991, -1197.2939823169309, -1131.2697054158016, -1144.4747711276432, -1148.22630972691, -1048.9060419618218, -1184.6548628880494, -1267.886187710396, -1202.2302626943722, -1323.33397685894, -1237.2356759417112, -1173.7626569792862, -1290.911039450213, -1061.8532363990741, -1103.2993089748059, -1062.7263487005068, -1063.9679012520508, -1080.4264187694785, -1018.6387850092459, -1127.6103682182531, -1090.5961175103034, -1039.600732335819, -1230.826055822087, -1287.5893867673976, -1539.973009967548, -1383.3684154148082, -1184.0003174790247, -1588.6169900039945, -1295.158599867992, -1197.638584759433, -1134.5035214122738, -1086.192362318634, -1074.880850010922, -1053.4799786964898, -1065.418969258441, -1194.850884740053, -1065.1075785470136, -1235.517040827018, -967.6989445798803, -1012.3602965119774, -953.5838328800185]
tls reward list:[-8443.599999998936, -5582.399999999634, -6474.699999999617, -5001.100000000026, -4737.10000000023, -5233.699999999944, -5518.099999999593, -4580.3000000002585, -4914.3000000001375, -4306.10000000041, -5555.199999999677, -3167.4000000005494, -4332.500000000142, -3001.000000000463, -4496.300000000454, -4319.700000000395, -5175.299999999972, -4959.700000000044, -7026.899999999327, -4844.900000000194, -3991.7000000006487, -4682.500000000104, -2866.4000000004207, -6879.39999999925, -7035.999999999264, -7496.499999998902, -3499.600000000552, -3701.5000000005352, -2982.1000000003846, -3365.0000000004793, -3104.7000000003572, -3395.1000000005197, -2365.6000000003273, -3205.2000000005805, -2173.100000000434, -2078.900000000268, -1959.2000000002033, -2047.000000000266, -2678.6000000004688, -3294.6000000001677, -3100.500000000549, -2711.9000000005076, -3152.9000000003734, -2994.40000000044, -3580.600000000584, -2308.7000000002245, -2427.3000000002876, -2204.7000000003136, -2509.900000000295, -3672.6000000003933, -7218.399999999159, -7628.099999999238, -7550.699999999211, -5532.899999999581, -3365.5000000004834, -2854.9000000004744, -2578.500000000384, -2882.500000000494, -2801.500000000425, -2509.400000000389, -2959.9000000005094, -2800.9000000003903, -1723.5000000002092, -1533.0000000002028, -1288.4, -1713.6000000002132, -3451.6000000003623, -2374.200000000313, -4474.2000000002945, -2651.700000000503, -1761.900000000197, -1836.8000000001796, -1593.3000000001944, -1490.8000000002012, -1263.699999999974, -1713.600000000045, -1469.2000000000542, -1461.400000000078, -2413.8000000003653, -2757.500000000539, -2586.70000000031, -2509.2000000005323, -2560.7000000006415, -1432.7000000001976, -1501.400000000025, -3373.5000000003215, -8111.999999998958, -5148.099999999662, -3496.1000000005483, -1576.4000000002811, -1707.5000000001999, -1532.0000000001005, -1407.200000000065, -1926.9000000001856, -2264.2000000004195, -2275.4000000003716, -4449.00000000011, -2017.6000000003705, -1713.7000000002247, -1785.8000000002112]
extra reward list:[0.0, 0.0, 0.0, 0.0, 0.0, 0.0, 0.0, 0.0, 0.0, 0.0, 0.0, 0.0, 0.0, 0.0, 0.0, 0.0, 0.0, 0.0, 0.0, 0.0, 0.0, 0.0, 0.0, 0.0, 0.0, 0.0, 0.0, 0.0, 0.0, 0.0, 0.0, 0.0, 0.0, 0.0, 0.0, 0.0, 0.0, 0.0, 0.0, 0.0, 0.0, 0.0, 0.0, 0.0, 0.0, 0.0, 0.0, 0.0, 0.0, 0.0, 0.0, 0.0, 0.0, 0.0, 0.0, 0.0, 0.0, 0.0, 0.0, 0.0, 0.0, 0.0, 0.0, 0.0, 0.0, 0.0, 0.0, 0.0, 0.0, 0.0, 0.0, 0.0, 0.0, 0.0, 0.0, 0.0, 0.0, 0.0, 0.0, 0.0, 0.0, 0.0, 0.0, 0.0, 0.0, 0.0, 0.0, 0.0, 0.0, 0.0, 0.0, 0.0, 0.0, 0.0, 0.0, 0.0, 0.0, 0.0, 0.0, 0.0]
